Generating orthogonality equations...
Generating normalisation equations...
Generating MUB equations...
equations available:
{  111: 1,  010: 1, } 
{  3 9: 1,  2 8: 1, } 
{  515: 1,  414: 1, } 
{  713: 1,  612: 1, } 
{  1 9: 1,  0 8: 1, : -1, } 
{  311: 1,  210: 1, : -1, } 
{  513: 1,  412: 1, : -1, } 
{  715: 1,  614: 1, : -1, } 
{  1 5 913: 2,  0 5 912: 2,  1 4 813: 2,  0 4 812: 2, : -1, } 
{  1 5 913: 2,  1 4 813: 2,  0 5 912: 2,  0 4 812: 2, : -1, } 
{  1 7 915: 2,  0 7 914: 2,  1 6 815: 2,  0 6 814: 2, : -1, } 
{  1 6 815: 2,  1 7 915: 2,  0 7 914: 2,  0 6 814: 2, : -1, } 
{  3 51113: 2,  2 51112: 2,  2 41012: 2,  3 41013: 2, : -1, } 
{  3 51113: 2,  2 51112: 2,  2 41012: 2,  3 41013: 2, : -1, } 
{  3 71115: 2,  2 71114: 2,  3 61015: 2,  2 61014: 2, : -1, } 
{  3 71115: 2,  3 61015: 2,  2 71114: 2,  2 61014: 2, : -1, } 
main equation:
{  3 51113: -2,  2 51112: -2,  2 41012: -2,  3 41013: -2, : 1, } 
checking for terms of order 0
checking for terms of order 1
checking for terms of order 2
checking for terms of order 3
trying to remove  3 51113 (order 3)
new main equation:
{  513: -2,  2 51112: -2,  2 41012: -2,  2 51013: 2,  3 41013: -2, : 1, } 
trying to remove  513 (order 1)
new main equation:
{  2 51112: 2,  2 41012: 2,  412: -2,  2 51013: -2,  3 41013: 2, : 1, } 
trying to remove  2 51112 (order 3)
new main equation:
{  1 2 5 91112: 2,  0 2 5 81112: 2,  2 41012: 2,  412: -2,  2 51013: -2,  3 41013: 2, : 1, } 
trying to remove  2 41012 (order 3)
new main equation:
{  1 2 5 91112: 2,  0 2 5 81112: 2,  3 41112: -2,  2 51013: -2,  3 41013: 2, : 1, } 
trying to remove  3 41112 (order 3)
new main equation:
{  311: -0.666667,  1 2 5 91112: 0.666667,  0 2 5 81112: 0.666667,  412: -0.666667,  2 51013: -1.33333,  3 41013: 0.666667, : 1, } 
trying to remove  311 (order 1)
new main equation:
{  210: 2,  1 2 5 91112: 2,  0 2 5 81112: 2,  412: -2,  2 51013: -4,  3 41013: 2, : 1, } 
trying to remove  210 (order 1)
new main equation:
{  0 2 810: 2,  1 2 5 91112: 2,  0 2 5 81112: 2,  1 2 910: 2,  412: -2,  2 51013: -4,  3 41013: 2, : 1, } 
trying to remove  0 2 810 (order 3)
new main equation:
{  1 2 811: -2,  1 2 5 91112: 2,  0 2 5 81112: 2,  1 2 910: 2,  412: -2,  2 51013: -4,  3 41013: 2, : 1, } 
trying to remove  1 2 811 (order 3)
new main equation:
{  1 2 5 91112: 2,  1 3 911: 2,  0 2 5 81112: 2,  1 2 910: 2,  412: -2,  2 51013: -4,  3 41013: 2, : 1, } 
trying to remove  1 3 911 (order 3)
new main equation:
{  0 3 811: -0.5,  1 2 5 91112: 1,  0 2 5 81112: 1,  1 2 910: 0.5,  412: -1,  2 51013: -2,  3 41013: 1, : 1, } 
trying to remove  0 3 811 (order 3)
new main equation:
{  0 8: -0.666667,  1 2 5 91112: 0.666667,  0 2 5 81112: 0.666667,  412: -0.666667,  2 51013: -1.33333,  3 41013: 0.666667, : 1, } 
trying to remove  0 8 (order 1)
new main equation:
{  1 9: 2,  1 2 5 91112: 2,  0 2 5 81112: 2,  412: -2,  2 51013: -4,  3 41013: 2, : 1, } 
trying to remove  1 9 (order 1)
new main equation:
{  0 1 8 9: 2,  1 2 5 91112: 2,  1 1 9 9: 2,  0 2 5 81112: 2,  412: -2,  2 51013: -4,  3 41013: 2, : 1, } 
trying to remove  0 1 8 9 (order 3)
new main equation:
{  0 0 8 8: -0.5,  1 2 5 91112: 1,  1 1 9 9: 0.5,  0 2 5 81112: 1,  412: -1,  2 51013: -2,  3 41013: 1, : 1, } 
trying to remove  0 0 8 8 (order 3)
new main equation:
{  0 0 1 8 8 9: -0.5,  0 0 0 8 8 8: -0.5,  1 2 5 91112: 1,  1 1 9 9: 0.5,  0 2 5 81112: 1,  412: -1,  2 51013: -2,  3 41013: 1, : 1, } 
trying to remove  1 1 9 9 (order 3)
new main equation:
{  1 1 1 9 9 9: 0.5,  0 1 1 8 9 9: 0.5,  0 0 1 8 8 9: -0.5,  0 0 0 8 8 8: -0.5,  1 2 5 91112: 1,  0 2 5 81112: 1,  412: -1,  2 51013: -2,  3 41013: 1, : 1, } 
trying to remove  412 (order 1)
new main equation:
{  1 4 912: -1,  0 4 812: -1,  1 1 1 9 9 9: 0.5,  0 1 1 8 9 9: 0.5,  0 0 1 8 8 9: -0.5,  0 0 0 8 8 8: -0.5,  1 2 5 91112: 1,  0 2 5 81112: 1,  2 51013: -2,  3 41013: 1, : 1, } 
trying to remove  1 4 912 (order 3)
new main equation:
{  1 5 913: 2,  0 4 812: -2,  1 2 5 91112: 2,  0 2 5 81112: 2,  2 51013: -4,  3 41013: 2, : 1, } 
trying to remove  1 5 913 (order 3)
new main equation:
{  0 5 912: -0.999999,  1 4 813: -0.999999,  0 4 812: -2,  1 2 5 91112: 1,  0 2 5 81112: 1,  2 51013: -2,  3 41013: 1, : 1, } 
trying to remove  0 5 912 (order 3)
new main equation:
{  0 0 5 8 912: -0.999999,  1 4 813: -0.999999,  0 4 812: -2,  1 2 5 91112: 1,  0 1 5 9 912: -0.999999,  0 2 5 81112: 1,  2 51013: -2,  3 41013: 1, : 1, } 
trying to remove  1 4 813 (order 3)
new main equation:
{  1 1 4 8 913: -0.999999,  0 1 4 8 813: -0.999999,  0 0 5 8 912: -0.999999,  0 4 812: -2,  1 2 5 91112: 1,  0 1 5 9 912: -0.999999,  0 2 5 81112: 1,  2 51013: -2,  3 41013: 1, : 1, } 
trying to remove  0 4 812 (order 3)
new main equation:
{  0 1 4 8 912: -2,  0 0 4 8 812: -2,  1 1 4 8 913: -0.999999,  0 1 4 8 813: -0.999999,  0 0 5 8 912: -0.999999,  1 2 5 91112: 1,  0 1 5 9 912: -0.999999,  0 2 5 81112: 1,  2 51013: -2,  3 41013: 1, : 1, } 
trying to remove  2 51013 (order 3)
new main equation:
{  1 2 5 91013: -2,  0 1 4 8 912: -2,  0 0 4 8 812: -2,  1 1 4 8 913: -0.999999,  0 1 4 8 813: -0.999999,  0 0 5 8 912: -0.999999,  1 2 5 91112: 1,  0 1 5 9 912: -0.999999,  0 2 5 81112: 1,  0 2 5 81013: -2,  3 41013: 1, : 1, } 
trying to remove  3 41013 (order 3)
new main equation:
{  1 3 4 91013: 1, : 1,  0 2 5 81013: -2,  0 3 4 81013: 1,  0 1 5 9 912: -0.999999,  0 2 5 81112: 1,  1 2 5 91112: 1,  0 0 5 8 912: -0.999999,  0 1 4 8 813: -0.999999,  1 1 4 8 913: -0.999999,  0 0 4 8 812: -2,  0 1 4 8 912: -2,  1 2 5 91013: -2, } 
checking for terms of order 4
checking for terms of order 5
trying to remove  1 3 4 91013 (order 5)
new main equation:
{  0 0 1 8 8 9: -0.2,  1 2 4 91012: -0.8,  0 0 0 8 8 8: -0.2,  0 1 1 8 9 9: 0.2,  1 1 1 9 9 9: 0.2, : 1,  1 3 5 91113: -0.8,  0 2 5 81013: -1.6,  0 3 4 81013: 0.8,  0 1 5 9 912: -0.799999,  0 2 5 81112: 0.8,  0 0 5 8 912: -0.799999,  0 1 4 8 813: -0.799999,  1 1 4 8 913: -0.799999,  0 0 4 8 812: -1.6,  0 1 4 8 912: -1.6,  1 2 5 91013: -1.6, } 
trying to remove  0 0 1 8 8 9 (order 5)
new main equation:
{  1 2 4 91012: -0.857143,  0 0 0 8 8 8: -0.142857,  0 1 1 8 9 9: 0.428571,  1 1 1 9 9 9: 0.285714, : 1,  1 3 5 91113: -0.857143,  0 2 5 81013: -1.71429,  0 3 4 81013: 0.857143,  0 1 5 9 912: -0.857142,  0 2 5 81112: 0.857143,  0 0 5 8 912: -0.857142,  0 1 4 8 813: -0.857142,  1 1 4 8 913: -0.857142,  0 0 4 8 812: -1.71428,  0 1 4 8 912: -1.71428,  1 2 5 91013: -1.71429, } 
trying to remove  1 2 4 91012 (order 5)
new main equation:
{  0 2 4 81012: 1.2,  0 0 0 8 8 8: 0.2,  0 1 1 8 9 9: -0.600001,  1 1 1 9 9 9: -0.4, : 1,  1 3 5 91113: -1.2,  0 2 5 81013: -1.2,  0 3 4 81013: 1.2,  0 1 5 9 912: -1.2,  0 2 5 81112: 1.2,  0 0 5 8 912: -1.2,  0 1 4 8 813: -1.2,  1 1 4 8 913: -1.2,  0 0 4 8 812: -2.4,  0 1 4 8 912: -2.4,  1 2 5 91013: -1.2, } 
trying to remove  0 2 4 81012 (order 5)
new main equation:
{  0 2 5 91012: -1, : 1,  1 3 5 91113: -1,  0 2 5 81013: -1,  0 3 4 81013: 1,  0 1 5 9 912: -1,  0 2 5 81112: 1,  0 0 5 8 912: -1,  0 1 4 8 813: -1,  1 1 4 8 913: -1,  0 0 4 8 812: -2,  1 2 4 81013: -1,  0 1 4 8 912: -2,  1 2 5 91013: -2, } 
trying to remove  0 2 5 91012 (order 5)
new main equation:
{ : 1,  1 3 5 91113: -1,  0 2 5 81013: -1,  0 3 4 81013: 1,  0 1 5 9 912: -1,  1 2 5 91112: 1,  0 2 5 81112: 1,  0 0 5 8 912: -1,  0 1 4 8 813: -1,  1 1 4 8 913: -1,  0 0 4 8 812: -2,  1 2 4 81013: -1,  0 1 4 8 912: -2,  1 2 5 91013: -2, } 
trying to remove  1 3 5 91113 (order 5)
new main equation:
{  0 1 1 8 9 9: 0.750001,  1 1 1 9 9 9: 0.500001,  0 0 0 8 8 8: -0.250001,  0 3 5 91112: 1.5,  1 3 4 81113: 1.5, : 1,  0 2 5 81013: -1.5,  0 3 4 81013: 1.5,  0 1 5 9 912: -1.5,  1 2 5 91112: 1.5,  0 2 5 81112: 1.5,  0 3 4 81112: 1.5,  0 0 5 8 912: -1.5,  0 1 4 8 813: -1.5,  1 1 4 8 913: -1.5,  0 0 4 8 812: -3,  1 2 4 81013: -1.5,  0 1 4 8 912: -3,  1 2 5 91013: -3, } 
trying to remove  0 1 1 8 9 9 (order 5)
new main equation:
{  0 1 1 1 8 9 9 9: 0.750001,  1 1 1 9 9 9: 0.500001,  0 0 1 1 8 8 9 9: 0.750001,  0 0 0 8 8 8: -0.250001,  0 3 5 91112: 1.5,  1 3 4 81113: 1.5, : 1,  0 2 5 81013: -1.5,  0 3 4 81013: 1.5,  0 1 5 9 912: -1.5,  1 2 5 91112: 1.5,  0 2 5 81112: 1.5,  0 3 4 81112: 1.5,  0 0 5 8 912: -1.5,  0 1 4 8 813: -1.5,  1 1 4 8 913: -1.5,  0 0 4 8 812: -3,  1 2 4 81013: -1.5,  0 1 4 8 912: -3,  1 2 5 91013: -3, } 
trying to remove  1 1 1 9 9 9 (order 5)
new main equation:
{  0 1 1 1 8 9 9 9: 1.25,  1 1 1 1 9 9 9 9: 0.500001,  0 0 1 1 8 8 9 9: 0.750001,  0 0 0 8 8 8: -0.250001,  0 3 5 91112: 1.5,  1 3 4 81113: 1.5, : 1,  0 2 5 81013: -1.5,  0 3 4 81013: 1.5,  0 1 5 9 912: -1.5,  1 2 5 91112: 1.5,  0 2 5 81112: 1.5,  0 3 4 81112: 1.5,  0 0 5 8 912: -1.5,  0 1 4 8 813: -1.5,  1 1 4 8 913: -1.5,  0 0 4 8 812: -3,  1 2 4 81013: -1.5,  0 1 4 8 912: -3,  1 2 5 91013: -3, } 
trying to remove  0 0 0 8 8 8 (order 5)
new main equation:
{  0 0 0 1 8 8 8 9: -0.250001,  0 0 0 0 8 8 8 8: -0.250001,  0 1 1 1 8 9 9 9: 1.25,  1 1 1 1 9 9 9 9: 0.500001,  0 0 1 1 8 8 9 9: 0.750001,  0 3 5 91112: 1.5,  1 3 4 81113: 1.5, : 1,  0 2 5 81013: -1.5,  0 3 4 81013: 1.5,  0 1 5 9 912: -1.5,  1 2 5 91112: 1.5,  0 2 5 81112: 1.5,  0 3 4 81112: 1.5,  0 0 5 8 912: -1.5,  0 1 4 8 813: -1.5,  1 1 4 8 913: -1.5,  0 0 4 8 812: -3,  1 2 4 81013: -1.5,  0 1 4 8 912: -3,  1 2 5 91013: -3, } 
trying to remove  0 3 5 91112 (order 5)
new main equation:
{  0 0 0 1 8 8 8 9: -0.250001,  0 0 0 0 8 8 8 8: -0.250001,  0 1 1 1 8 9 9 9: 1.25,  1 1 1 1 9 9 9 9: 0.500001,  0 0 1 1 8 8 9 9: 0.750001,  1 3 4 81113: 1.5, : 1,  0 2 5 81013: -1.5,  0 3 4 81013: 1.5,  0 1 5 9 912: -1.5,  1 2 5 91112: 1.5,  0 3 4 81112: 1.5,  0 0 5 8 912: -1.5,  0 1 4 8 813: -1.5,  1 1 4 8 913: -1.5,  0 0 4 8 812: -3,  1 2 4 81013: -1.5,  0 1 4 8 912: -3,  1 2 5 91013: -3, } 
trying to remove  1 3 4 81113 (order 5)
new main equation:
{  0 0 0 1 8 8 8 9: -0.250001,  0 0 0 0 8 8 8 8: -0.250001,  0 1 1 1 8 9 9 9: 1.25,  1 1 1 1 9 9 9 9: 0.500001,  0 0 1 1 8 8 9 9: 0.750001, : 1,  0 2 5 81013: -1.5,  0 1 5 9 912: -1.5,  1 2 5 91112: 1.5,  0 3 4 81112: 1.5,  0 0 5 8 912: -1.5,  0 1 4 8 813: -1.5,  1 1 4 8 913: -1.5,  0 0 4 8 812: -3,  1 2 4 81013: -1.5,  0 1 4 8 912: -3,  1 2 5 91013: -3, } 
trying to remove  0 2 5 81013 (order 5)
new main equation:
{  1 2 5 81113: 1.5,  0 0 0 1 8 8 8 9: -0.250001,  0 0 0 0 8 8 8 8: -0.250001,  0 1 1 1 8 9 9 9: 1.25,  1 1 1 1 9 9 9 9: 0.500001,  0 0 1 1 8 8 9 9: 0.750001, : 1,  0 1 5 9 912: -1.5,  1 2 5 91112: 1.5,  0 3 4 81112: 1.5,  0 0 5 8 912: -1.5,  0 1 4 8 813: -1.5,  1 1 4 8 913: -1.5,  0 0 4 8 812: -3,  1 2 4 81013: -1.5,  0 1 4 8 912: -3,  1 2 5 91013: -3, } 
trying to remove  1 2 5 81113 (order 5)
new main equation:
{  0 3 4 81013: -3,  0 0 0 1 8 8 8 9: -1,  0 0 0 0 8 8 8 8: -1,  0 1 1 1 8 9 9 9: 5.00001,  1 1 1 1 9 9 9 9: 2,  0 0 1 1 8 8 9 9: 3.00001, : 1,  0 1 5 9 912: -3,  0 2 5 81112: -3,  1 2 5 91112: 3,  0 3 4 81112: 6.00001,  0 0 5 8 912: -3,  0 1 4 8 813: -3,  1 1 4 8 913: -3,  0 0 4 8 812: -6,  1 2 4 81013: -3.00001,  0 1 4 8 912: -6,  1 2 5 91013: -6.00001, } 
trying to remove  0 3 4 81013 (order 5)
new main equation:
{  0 0 0 1 8 8 8 9: -4.00002,  0 0 0 0 8 8 8 8: -4.00002,  0 1 1 1 8 9 9 9: 20.0001,  1 1 1 1 9 9 9 9: 8.00004,  0 0 1 1 8 8 9 9: 12.0001, : 1,  0 1 5 9 912: -6.00002,  1 2 5 91112: 12,  0 3 4 81112: 12,  0 0 5 8 912: -6.00002,  0 1 4 8 813: -6.00002,  1 1 4 8 913: -6.00002,  0 0 4 8 812: -12,  0 3 5 81113: 6.00002,  1 2 4 81013: -12,  0 1 4 8 912: -12,  1 2 5 91013: -18.0001, } 
trying to remove  0 1 5 9 912 (order 5)
new main equation:
{  0 1 1 5 9 9 912: -6.00002,  0 0 1 5 8 9 912: -6.00002,  0 0 0 1 8 8 8 9: -4.00002,  0 0 0 0 8 8 8 8: -4.00002,  0 1 1 1 8 9 9 9: 20.0001,  1 1 1 1 9 9 9 9: 8.00004,  0 0 1 1 8 8 9 9: 12.0001, : 1,  1 2 5 91112: 12,  0 3 4 81112: 12,  0 0 5 8 912: -6.00002,  0 1 4 8 813: -6.00002,  1 1 4 8 913: -6.00002,  0 0 4 8 812: -12,  0 3 5 81113: 6.00002,  1 2 4 81013: -12,  0 1 4 8 912: -12,  1 2 5 91013: -18.0001, } 
trying to remove  1 2 5 91112 (order 5)
new main equation:
{  0 1 2 5 8 91112: 12,  0 1 1 5 9 9 912: -6.00002,  0 0 1 5 8 9 912: -6.00002,  0 0 0 1 8 8 8 9: -4.00002,  0 0 0 0 8 8 8 8: -4.00002,  0 1 1 1 8 9 9 9: 20.0001,  1 1 1 1 9 9 9 9: 8.00004,  0 0 1 1 8 8 9 9: 12.0001, : 1,  0 3 4 81112: 12,  0 0 5 8 912: -6.00002,  0 1 4 8 813: -6.00002,  1 1 2 5 9 91112: 12,  1 1 4 8 913: -6.00002,  0 0 4 8 812: -12,  0 3 5 81113: 6.00002,  1 2 4 81013: -12,  0 1 4 8 912: -12,  1 2 5 91013: -18.0001, } 
trying to remove  0 3 4 81112 (order 5)
new main equation:
{  1 3 4 91112: -6,  0 1 2 5 8 91112: 5.99999,  0 0 0 1 8 8 8 9: -0.999996,  0 0 0 0 8 8 8 8: -0.999996,  0 1 1 1 8 9 9 9: 4.99998,  1 1 1 1 9 9 9 9: 1.99999,  0 0 1 1 8 8 9 9: 2.99999, : 1,  1 1 2 5 9 91112: 5.99999,  1 2 4 81013: -6,  1 2 5 91013: -6, } 
trying to remove  1 3 4 91112 (order 5)
new main equation:
{  0 3 4 91012: 6,  0 1 2 5 8 91112: 5.99999,  0 0 0 1 8 8 8 9: -0.999996,  0 0 0 0 8 8 8 8: -0.999996,  0 1 1 1 8 9 9 9: 4.99998,  1 1 1 1 9 9 9 9: 1.99999,  0 0 1 1 8 8 9 9: 2.99999, : 1,  1 1 2 5 9 91112: 5.99999,  1 2 4 81013: -6,  1 2 5 91013: -6, } 
trying to remove  0 3 4 91012 (order 5)
new main equation:
{  0 3 5 91013: -6,  0 3 910: 6,  0 1 2 5 8 91112: 5.99999,  0 0 0 1 8 8 8 9: -0.999996,  0 0 0 0 8 8 8 8: -0.999996,  0 1 1 1 8 9 9 9: 4.99998,  1 1 1 1 9 9 9 9: 1.99999,  0 0 1 1 8 8 9 9: 2.99999, : 1,  1 1 2 5 9 91112: 5.99999,  1 2 4 81013: -6,  1 2 5 91013: -6, } 
trying to remove  0 3 5 91013 (order 5)
new main equation:
{  0 1 1 5 9 9 912: -0.666664,  0 1 4 8 813: -0.666667,  0 0 4 8 812: -1.33333,  0 0 5 8 912: -0.66666,  0 0 1 5 8 9 912: -0.666664,  0 3 910: 1.33333,  0 1 2 5 8 91112: 1.33333, : 1,  1 1 4 8 913: -0.666667,  1 1 2 5 9 91112: 1.33333,  0 3 5 81113: -0.666662,  0 1 4 8 912: -1.33333,  1 2 4 81013: -1.33333,  1 2 5 91013: -2, } 
trying to remove  0 1 4 8 813 (order 5)
new main equation:
{  0 1 5 8 913: 0.857142,  0 0 0 1 8 8 8 9: -0.142857,  0 0 1 1 8 8 9 9: 0.42857,  1 1 1 1 9 9 9 9: 0.285714,  0 1 1 1 8 9 9 9: 0.714282,  0 0 0 0 8 8 8 8: -0.142857,  0 1 1 5 9 9 912: -0.85714,  0 0 4 8 812: -0.85714,  0 0 1 5 8 9 912: -0.85714,  0 3 910: 1.71429,  0 1 2 5 8 91112: 1.71428, : 1,  1 1 4 8 913: -0.857142,  1 1 2 5 9 91112: 1.71428,  0 3 5 81113: -0.857139,  0 1 4 8 912: -1.71428,  1 2 4 81013: -1.71428,  1 2 5 91013: -2.57143, } 
trying to remove  0 1 5 8 913 (order 5)
new main equation:
{  0 0 0 1 8 8 8 9: -0.999996,  0 0 1 1 8 8 9 9: 2.99998,  1 1 1 1 9 9 9 9: 1.99999,  0 1 1 1 8 9 9 9: 4.99997,  0 0 0 0 8 8 8 8: -0.999996,  0 1 1 5 9 9 912: -5.99996,  1 1 5 9 913: -5.99996,  0 0 1 5 8 9 912: -5.99996, : 1,  1 1 4 8 913: -5.99997,  0 1 4 8 912: -5.99996, } 
trying to remove  1 1 5 9 913 (order 5)
new main equation:
{  0 0 0 1 8 8 8 9: -0.999996,  0 0 1 1 8 8 9 9: 2.99998,  1 1 1 1 9 9 9 9: 1.99999,  0 1 1 1 8 9 9 9: -1.06425,  0 0 0 0 8 8 8 8: -0.999996,  0 1 1 5 9 9 912: 0.393445,  0 0 1 5 8 9 912: 0.393445, : 1,  1 1 4 8 913: 0.453724,  0 1 4 8 912: 0.329987, } 
trying to remove  1 1 4 8 913 (order 5)
new main equation:
{  1 1 1 4 8 9 913: 0.453724,  0 0 0 1 8 8 8 9: -0.999996,  0 0 1 1 8 8 9 9: 2.99998,  1 1 1 1 9 9 9 9: 1.99999,  0 1 1 4 8 8 913: 0.453724,  0 1 1 1 8 9 9 9: -1.06425,  0 0 0 0 8 8 8 8: -0.999996,  0 1 1 5 9 9 912: 0.393445,  0 0 1 5 8 9 912: 0.393445, : 1,  0 1 4 8 912: 0.329987, } 
trying to remove  0 1 4 8 912 (order 5)
new main equation:
{  1 1 4 9 912: -0.135242,  1 1 2 5 9 91112: 0.270482,  0 3 910: 0.270482,  0 1 2 5 8 91112: 0.270482,  0 0 4 8 812: -0.135243,  1 1 1 4 8 9 913: 0.371908,  0 0 0 1 8 8 8 9: -0.864755,  0 0 1 1 8 8 9 9: 2.59426,  1 1 1 1 9 9 9 9: 1.72951,  0 1 1 4 8 8 913: 0.371908,  0 1 1 1 8 9 9 9: -0.646937,  0 0 0 0 8 8 8 8: -0.864755,  0 1 1 5 9 9 912: 0.322498,  0 0 1 5 8 9 912: 0.322498, : 1,  1 2 5 91013: -0.405724,  0 3 5 81113: -0.13524,  1 2 4 81013: -0.270482, } 
trying to remove  1 1 4 9 912 (order 5)
new main equation:
{  1 1 2 5 9 91112: 0.188834,  0 3 910: 0.188834,  0 1 2 5 8 91112: 0.188834,  0 0 4 8 812: -0.0944181,  1 1 1 4 8 9 913: 0.295048,  0 0 0 1 8 8 8 9: -0.905579,  0 0 1 1 8 8 9 9: 2.62231,  1 1 1 1 9 9 9 9: 1.71674,  0 1 1 4 8 8 913: 0.295048,  0 1 1 1 8 9 9 9: -0.866314,  0 0 0 0 8 8 8 8: -0.905579,  0 1 1 5 9 9 912: 0.243305,  0 0 1 5 8 9 912: 0.243305, : 1,  1 2 5 91013: -0.283252,  0 3 5 81113: -0.0944166,  1 2 4 81013: -0.188834, } 
trying to remove  0 3 910 (order 3)
new main equation:
{  1 2 910: 0.201518,  1 1 2 5 9 91112: 0.201518,  0 1 2 5 8 91112: 0.201518,  0 0 4 8 812: -0.10076,  1 1 1 4 8 9 913: 0.314867,  0 0 0 1 8 8 8 9: -0.899237,  0 0 1 1 8 8 9 9: 2.59694,  1 1 1 1 9 9 9 9: 1.69771,  0 1 1 4 8 8 913: 0.314867,  0 1 1 1 8 9 9 9: -1.26037,  0 0 0 0 8 8 8 8: -0.899237,  0 1 1 5 9 9 912: 0.259648,  0 0 1 5 8 9 912: 0.259648, : 1,  1 2 5 91013: -0.302279,  0 3 5 81113: -0.100759,  1 2 4 81013: -0.201518, } 
trying to remove  1 2 910 (order 3)
new main equation:
{  1 1 2 9 910: 0.201518,  1 1 2 5 9 91112: 0.201518,  0 1 2 5 8 91112: 0.201518,  0 1 2 8 910: 0.201518,  0 0 4 8 812: -0.10076,  1 1 1 4 8 9 913: 0.314867,  0 0 0 1 8 8 8 9: -0.899237,  0 0 1 1 8 8 9 9: 2.59694,  1 1 1 1 9 9 9 9: 1.69771,  0 1 1 4 8 8 913: 0.314867,  0 1 1 1 8 9 9 9: -1.26037,  0 0 0 0 8 8 8 8: -0.899237,  0 1 1 5 9 9 912: 0.259648,  0 0 1 5 8 9 912: 0.259648, : 1,  1 2 5 91013: -0.302279,  0 3 5 81113: -0.100759,  1 2 4 81013: -0.201518, } 
trying to remove  1 1 2 9 910 (order 5)
new main equation:
{  1 1 3 9 911: -0.201518,  1 1 2 5 9 91112: 0.201518,  0 1 2 5 8 91112: 0.201518,  0 1 2 8 910: 0.201518,  0 0 4 8 812: -0.10076,  1 1 1 4 8 9 913: 0.314867,  0 0 0 1 8 8 8 9: -0.899237,  0 0 1 1 8 8 9 9: 2.79846,  1 1 1 1 9 9 9 9: 1.89923,  0 1 1 4 8 8 913: 0.314867,  0 1 1 1 8 9 9 9: -0.857335,  0 0 0 0 8 8 8 8: -0.899237,  0 1 1 5 9 9 912: 0.259648,  0 0 1 5 8 9 912: 0.259648, : 1,  1 2 5 91013: -0.302279,  0 3 5 81113: -0.100759,  1 2 4 81013: -0.201518, } 
trying to remove  1 1 3 9 911 (order 5)
new main equation:
{  0 1 2 8 910: -2.99997,  0 0 0 1 8 8 8 9: -0.999995,  0 0 1 1 8 8 9 9: 1.62125e-05,  1 1 1 1 9 9 9 9: -0.999984,  0 1 1 1 8 9 9 9: -0.999992,  0 0 0 0 8 8 8 8: -0.999995, : 1,  0 1 3 8 911: -2.99997,  1 2 5 91013: -1.64211e-05, } 
trying to remove  0 1 2 8 910 (order 5)
new main equation:
{  1 1 2 8 911: 2.99997,  0 0 0 1 8 8 8 9: -0.999995,  0 0 1 1 8 8 9 9: 1.62125e-05,  1 1 1 1 9 9 9 9: -0.999984,  0 1 1 1 8 9 9 9: -0.999992,  0 0 0 0 8 8 8 8: -0.999995, : 1,  0 1 3 8 911: -2.99997,  1 2 5 91013: -1.64211e-05, } 
trying to remove  1 1 2 8 911 (order 5)
new main equation:
{  0 0 1 5 8 9 912: 0.259645,  0 1 2 5 8 91112: 0.201517,  0 1 1 5 9 9 912: 0.259645,  1 1 2 5 9 91112: 0.201517,  1 1 1 4 8 9 913: 0.314869,  0 0 4 8 812: -0.100755,  0 0 0 1 8 8 8 9: -0.899237,  0 0 1 1 8 8 9 9: 2.79847,  1 1 1 1 9 9 9 9: 1.89924,  0 1 1 4 8 8 913: 0.314869,  0 1 1 1 8 9 9 9: -0.857334,  0 0 0 0 8 8 8 8: -0.899237, : 1,  0 3 5 81113: -0.100765,  0 1 2 8 811: 0.201518,  1 2 4 81013: -0.201519,  0 1 3 8 911: 0.201519,  1 2 5 91013: -0.302278, } 
trying to remove  0 0 4 8 812 (order 5)
new main equation:
{  0 0 5 8 813: 0.104256,  0 0 1 5 8 9 912: 0.268669,  0 1 2 5 8 91112: 0.20852,  0 1 1 5 9 9 912: 0.268669,  1 1 2 5 9 91112: 0.20852,  1 1 1 4 8 9 913: 0.325812,  0 0 0 1 8 8 8 9: -0.999991,  0 0 1 1 8 8 9 9: 2.99998,  1 1 1 1 9 9 9 9: 1.99999,  0 1 1 4 8 8 913: 0.325812,  0 1 1 1 8 9 9 9: -0.748121,  0 0 0 0 8 8 8 8: -0.999991, : 1,  0 3 5 81113: -0.104267,  0 1 2 8 811: 0.208521,  1 2 4 81013: -0.208523,  0 1 3 8 911: 0.208522,  1 2 5 91013: -0.312783, } 
trying to remove  0 0 5 8 813 (order 5)
new main equation:
{  0 0 1 5 8 9 912: 0.222335,  0 1 2 5 8 91112: 0.321146,  0 1 1 5 9 9 912: 0.222335,  1 1 2 5 9 91112: 0.321146,  1 1 1 4 8 9 913: 0.281008,  0 0 0 1 8 8 8 9: -0.999991,  0 0 1 1 8 8 9 9: 3.16055,  1 1 1 1 9 9 9 9: 2.16056,  0 5 813: 0.160569,  0 1 1 4 8 8 913: 0.281008,  0 1 1 1 8 9 9 9: -0.580812,  0 0 0 0 8 8 8 8: -0.999991, : 1,  0 3 5 81113: -0.16058,  0 1 2 8 811: 0.321147,  1 2 4 81013: -0.321149,  0 1 3 8 911: 0.321148,  1 2 5 91013: -0.481722, } 
trying to remove  0 5 813 (order 3)
new main equation:
{  0 0 1 5 8 9 912: -0.0186943,  0 1 2 5 8 91112: -0.163026,  0 1 1 5 9 9 912: -0.0186943,  1 1 2 5 9 91112: -0.163026,  1 1 1 4 8 9 913: 0.281008,  0 0 0 1 8 8 8 9: -0.999991,  0 0 1 1 8 8 9 9: 0.647078,  1 1 1 1 9 9 9 9: 0.79819,  0 1 1 4 8 8 913: 0.281008,  0 1 1 1 8 9 9 9: -0.878358,  0 0 0 0 8 8 8 8: -0.999991, : 1,  0 3 5 81113: -0.00102329,  0 1 2 8 811: 0.0802055,  1 2 4 81013: -0.182235,  0 1 3 8 911: 0.614645,  1 2 5 91013: -0.34721, } 
trying to remove  0 3 5 81113 (order 5)
new main equation:
{  0 0 1 5 8 9 912: -0.0190124,  0 1 2 5 8 91112: -0.163265,  0 1 1 5 9 9 912: -0.0190124,  1 1 2 5 9 91112: -0.163265,  1 1 1 4 8 9 913: 0.27944,  0 0 0 1 8 8 8 9: -1.00038,  0 0 1 1 8 8 9 9: 0.6319,  1 1 1 1 9 9 9 9: 0.789249,  0 1 1 4 8 8 913: 0.27944,  0 1 1 1 8 9 9 9: -0.878766,  0 0 0 0 8 8 8 8: -1.00038, : 1,  0 1 2 8 811: 0.0791682,  1 2 4 81013: -0.18187,  0 1 3 8 911: 0.609151,  1 2 5 91013: -0.344946, } 
trying to remove  0 1 2 8 811 (order 5)
new main equation:
{  0 0 1 5 8 9 912: -0.0190124,  0 1 2 5 8 91112: -0.163265,  0 1 1 5 9 9 912: -0.0190124,  1 1 2 5 9 91112: -0.163265,  1 1 1 4 8 9 913: 0.27944,  0 0 0 1 8 8 8 9: -1.00038,  0 0 1 1 8 8 9 9: 0.6319,  1 1 1 1 9 9 9 9: 0.789249,  0 0 2 8 810: -0.0791682,  0 1 1 4 8 8 913: 0.27944,  0 1 1 1 8 9 9 9: -0.878766,  0 0 0 0 8 8 8 8: -1.00038, : 1,  1 2 4 81013: -0.18187,  0 1 3 8 911: 0.609151,  1 2 5 91013: -0.344946, } 
trying to remove  0 0 2 8 810 (order 5)
new main equation:
{  0 0 3 8 910: 0.0791682,  0 0 1 5 8 9 912: -0.0190124,  0 1 2 5 8 91112: -0.163265,  0 1 1 5 9 9 912: -0.0190124,  1 1 2 5 9 91112: -0.163265,  1 1 1 4 8 9 913: 0.27944,  0 0 0 1 8 8 8 9: -1.00038,  0 0 1 1 8 8 9 9: 0.6319,  1 1 1 1 9 9 9 9: 0.789249,  0 1 1 4 8 8 913: 0.27944,  0 1 1 1 8 9 9 9: -0.878766,  0 0 0 0 8 8 8 8: -1.00038, : 1,  1 2 4 81013: -0.18187,  0 1 3 8 911: 0.609151,  1 2 5 91013: -0.344946, } 
trying to remove  0 0 3 8 910 (order 5)
new main equation:
{  0 1 2 5 8 91112: 1.6585e-05,  1 1 2 5 9 91112: 1.6585e-05,  0 1 3 9 910: 3.00019,  1 1 1 4 8 9 913: -3.04282e-05,  0 0 0 1 8 8 8 9: -0.99999,  0 0 1 1 8 8 9 9: -0.000180542,  1 1 1 1 9 9 9 9: -1.00023,  0 1 1 4 8 8 913: -3.04282e-05,  0 1 1 1 8 9 9 9: -0.999997,  0 0 0 0 8 8 8 8: -0.99999, : 1,  1 2 4 81013: 1.055e-05,  0 1 3 8 911: -3.00028,  1 2 5 91013: 2.51532e-05, } 
trying to remove  0 1 3 9 910 (order 5)
new main equation:
{  0 0 1 5 8 9 912: -0.0190208,  0 1 1 5 9 9 912: -0.0190208,  0 1 2 5 8 91112: -0.163265,  1 1 2 5 9 91112: -0.163265,  1 1 1 4 8 9 913: 0.27944,  0 0 0 1 8 8 8 9: -1.00038,  0 0 1 1 8 8 9 9: 0.631902,  1 1 1 1 9 9 9 9: 0.78925,  0 1 1 4 8 8 913: 0.27944,  0 1 1 1 8 9 9 9: -0.878766,  0 0 0 0 8 8 8 8: -1.00038, : 1,  1 2 4 81013: -0.18187,  0 1 3 8 911: 0.529984,  1 2 5 91013: -0.344947, } 
trying to remove  1 2 4 81013 (order 5)
new main equation:
{  0 0 1 5 8 9 912: -0.0190208,  0 1 1 5 9 9 912: -0.0190208,  0 1 2 5 8 91112: 0.000775293,  1 1 2 5 9 91112: 0.000775293,  1 1 1 4 8 9 913: 0.27944,  0 0 0 1 8 8 8 9: -1.00038,  0 0 1 1 8 8 9 9: 2.3036,  1 1 1 1 9 9 9 9: 2.1179,  0 1 1 4 8 8 913: 0.27944,  0 1 1 1 8 9 9 9: -0.878766,  0 0 0 0 8 8 8 8: -1.00038, : 1,  0 1 3 8 911: 1.28494,  1 2 5 91013: -0.344947, } 
trying to remove  0 1 3 8 911 (order 5)
new main equation:
{  0 0 1 5 8 9 912: 0.0383515,  0 1 1 5 9 9 912: 0.0383515,  0 1 2 5 8 91112: 0.0935129,  1 1 2 5 9 91112: 0.0935129,  1 1 1 4 8 9 913: 0.344742,  0 0 0 1 8 8 8 9: -1.00038,  0 0 1 1 8 8 9 9: 0.911339,  1 1 1 1 9 9 9 9: 1.66542,  0 1 1 4 8 8 913: 0.344742,  0 1 1 1 8 9 9 9: -1.05747,  0 0 0 0 8 8 8 8: -1.00038, : 1,  1 2 5 91013: -0.133631, } 
trying to remove  1 2 5 91013 (order 5)
new main equation:
{  0 0 1 5 8 9 912: 0.131724,  0 1 1 5 9 9 912: 0.131724,  0 1 2 5 8 91112: -0.00517267,  1 1 2 5 9 91112: -0.00517267,  1 1 1 4 8 9 913: 0.43825,  0 0 0 1 8 8 8 9: -1.00038,  0 0 1 1 8 8 9 9: -0.351711,  1 1 1 1 9 9 9 9: 1.56729,  0 1 1 4 8 8 913: 0.43825,  0 1 1 1 8 9 9 9: -1.05747,  0 0 0 0 8 8 8 8: -1.00038, : 1, } 
checking for terms of order 6
checking for terms of order 7
trying to remove  0 0 1 5 8 9 912 (order 7)
new main equation:
{  0 0 1 4 8 8 912: -0.1289,  0 1 1 5 8 9 913: -0.1289,  0 1 1 5 9 9 912: 0.1289,  0 1 2 5 8 91112: -0.00508002,  1 1 2 5 9 91112: -0.00508002,  1 1 1 4 8 9 913: 0.428848,  0 0 0 1 8 8 8 9: -1.00038,  0 0 1 1 8 8 9 9: -0.344461,  1 1 1 1 9 9 9 9: 1.51212,  0 1 1 4 8 8 913: 0.299948,  0 1 1 1 8 9 9 9: -1.05624,  0 0 0 0 8 8 8 8: -1.00038, : 1, } 
trying to remove  0 0 1 4 8 8 912 (order 7)
new main equation:
{  0 1 1 5 9 9 912: -0.0248532,  0 1 2 5 8 91112: 0.314346,  1 1 2 5 9 91112: 0.314346,  1 1 1 4 8 9 913: 0.382063,  0 0 0 1 8 8 8 9: -1.05076,  0 0 1 1 8 8 9 9: -9.73172,  1 1 1 1 9 9 9 9: 1.53384,  0 1 1 4 8 8 913: 0.616823,  0 1 1 1 8 9 9 9: -1.53719,  0 0 0 0 8 8 8 8: -1.05076, : 1, } 
trying to remove  0 1 1 5 9 9 912 (order 7)
new main equation:
{  1 1 1 5 9 9 913: 0.0248532,  0 1 1 4 8 9 912: 0.0248532,  0 1 2 5 8 91112: 0.314346,  1 1 2 5 9 91112: 0.314346,  1 1 1 4 8 9 913: 0.406916,  0 0 0 1 8 8 8 9: -1.05076,  0 0 1 1 8 8 9 9: -9.74415,  1 1 1 1 9 9 9 9: 1.52141,  0 1 1 4 8 8 913: 0.616823,  0 1 1 1 8 9 9 9: -1.56205,  0 0 0 0 8 8 8 8: -1.05076, : 1, } 
trying to remove  1 1 1 5 9 9 913 (order 7)
new main equation:
{  0 1 1 5 8 9 913: -0.0238244,  0 1 1 4 8 9 912: 0.0238244,  0 1 2 5 8 91112: 0.301514,  1 1 2 5 9 91112: 0.301514,  1 1 1 4 8 9 913: 0.383764,  0 0 0 1 8 8 8 9: -1.04865,  0 0 1 1 8 8 9 9: -9.10003,  1 1 1 1 9 9 9 9: 1.55627,  0 1 1 4 8 8 913: 0.584981,  0 1 1 1 8 9 9 9: -1.5176,  0 0 0 0 8 8 8 8: -1.04865, : 1, } 
trying to remove  0 1 1 5 8 9 913 (order 7)
new main equation:
{  0 1 1 4 8 9 912: 0.00457481,  0 1 2 5 8 91112: 0.366839,  1 1 2 5 9 91112: 0.366839,  1 1 1 4 8 9 913: 0.218798,  0 0 0 1 8 8 8 9: -1.01613,  0 0 1 1 8 8 9 9: -2.44607,  1 1 1 1 9 9 9 9: 1.74427,  0 1 1 4 8 8 913: 0.367046,  0 1 1 1 8 9 9 9: -1.35437,  0 0 0 0 8 8 8 8: -1.01613, : 1, } 
trying to remove  0 1 1 4 8 9 912 (order 7)
new main equation:
{  1 1 1 4 9 9 912: -0.00461147,  0 1 2 5 8 91112: 0.369743,  1 1 2 5 9 91112: 0.369743,  1 1 1 4 8 9 913: 0.221772,  0 0 0 1 8 8 8 9: -1.01626,  0 0 1 1 8 8 9 9: -2.50766,  1 1 1 1 9 9 9 9: 1.74392,  0 1 1 4 8 8 913: 0.371208,  0 1 1 1 8 9 9 9: -1.35208,  0 0 0 0 8 8 8 8: -1.01626, : 1, } 
trying to remove  1 1 1 4 9 9 912 (order 7)
new main equation:
{  0 1 2 5 8 91112: 0.373777,  1 1 2 5 9 91112: 0.373777,  1 1 1 4 8 9 913: 0.201277,  0 0 0 1 8 8 8 9: -1.01268,  0 0 1 1 8 8 9 9: -1.73683,  1 1 1 1 9 9 9 9: 1.76424,  0 1 1 4 8 8 913: 0.3439,  0 1 1 1 8 9 9 9: -1.3345,  0 0 0 0 8 8 8 8: -1.01268, : 1, } 
trying to remove  0 1 2 5 8 91112 (order 7)
new main equation:
{  0 1 2 4 8 81112: -0.398644,  1 1 2 4 8 81113: -0.398644,  1 1 2 5 9 91112: 0.398644,  1 1 1 4 8 9 913: 0.21466,  0 0 0 1 8 8 8 9: -1.01349,  1 1 2 5 8 91113: -0.398644,  0 0 1 1 8 8 9 9: -1.8513,  1 1 1 1 9 9 9 9: 1.94749,  0 1 1 4 8 8 913: 0.366368,  0 1 1 1 8 9 9 9: -1.35716,  0 0 0 0 8 8 8 8: -1.01349, : 1, } 
trying to remove  0 1 2 4 8 81112 (order 7)
new main equation:
{  1 1 2 5 9 91112: 0.0643421,  1 1 1 4 8 9 913: 0.21466,  0 0 0 1 8 8 8 9: -1.39123,  0 0 1 1 8 8 9 9: 12.385,  1 1 1 1 9 9 9 9: 7.26218,  0 1 1 4 8 8 913: 6.42788,  0 1 1 1 8 9 9 9: 5.34919,  0 0 0 0 8 8 8 8: -1.39123, : 1, } 
trying to remove  1 1 2 5 9 91112 (order 7)
new main equation:
{  1 1 3 5 9 91113: -0.0643421,  1 1 2 4 9 91012: -0.0643421,  1 1 3 4 9 91013: -0.0643421,  1 1 1 4 8 9 913: 0.21466,  0 0 0 1 8 8 8 9: -1.39123,  0 0 1 1 8 8 9 9: 12.4172,  1 1 1 1 9 9 9 9: 7.29435,  0 1 1 4 8 8 913: 6.42788,  0 1 1 1 8 9 9 9: 5.41354,  0 0 0 0 8 8 8 8: -1.39123, : 1, } 
trying to remove  1 1 3 5 9 91113 (order 7)
new main equation:
{  1 1 3 4 8 91113: 0.0650697,  1 1 2 4 9 91012: -0.0650697,  1 1 3 4 9 91013: -0.0650697,  0 1 3 5 9 91112: 0.0650697,  1 1 1 4 8 9 913: 0.217181,  0 0 0 1 8 8 8 9: -1.39544,  0 1 3 4 8 91112: 0.0650697,  0 0 1 1 8 8 9 9: 12.5441,  1 1 1 1 9 9 9 9: 7.38344,  0 1 1 4 8 8 913: 6.4975,  0 1 1 1 8 9 9 9: 5.48264,  0 0 0 0 8 8 8 8: -1.39544, : 1, } 
trying to remove  1 1 3 4 8 91113 (order 7)
new main equation:
{  1 1 2 4 9 91012: -0.0678804,  1 1 3 4 9 91013: -0.0678804,  1 1 1 4 8 9 913: 1.50056,  0 0 0 1 8 8 8 9: -1.16127,  0 0 1 1 8 8 9 9: -34.7925,  1 1 1 1 9 9 9 9: 3.77784,  0 1 1 4 8 8 913: 6.14962,  0 1 1 1 8 9 9 9: 2.31534,  0 0 0 0 8 8 8 8: -1.16127, : 1, } 
trying to remove  1 1 2 4 9 91012 (order 7)
new main equation:
{  0 1 2 4 8 91012: 0.0551416,  1 1 3 4 9 91013: -0.0551416,  1 1 1 4 8 9 913: 1.2879,  0 0 0 1 8 8 8 9: -1.12968,  0 0 1 1 8 8 9 9: -27.7093,  1 1 1 1 9 9 9 9: 3.32887,  0 1 1 4 8 8 913: 5.05061,  0 1 1 1 8 9 9 9: 1.60346,  0 0 0 0 8 8 8 8: -1.12968, : 1, } 
trying to remove  0 1 2 4 8 91012 (order 7)
new main equation:
{  1 1 2 5 9 91013: -0.0551415,  0 1 2 5 9 91012: -0.0551415,  1 1 2 4 8 91013: -0.0551415,  1 1 3 4 9 91013: -0.0551416,  1 1 1 4 8 9 913: 1.2879,  0 0 0 1 8 8 8 9: -1.12968,  0 0 1 1 8 8 9 9: -27.6817,  1 1 1 1 9 9 9 9: 3.35645,  0 1 1 4 8 8 913: 5.05062,  0 1 1 1 8 9 9 9: 1.65861,  0 0 0 0 8 8 8 8: -1.12968, : 1, } 
trying to remove  1 1 2 5 9 91013 (order 7)
new main equation:
{  0 1 2 5 8 91013: 0.0678749,  0 1 2 5 9 91012: -0.0678749,  1 1 2 4 8 91013: -0.0678749,  1 1 3 4 9 91013: -0.067875,  1 1 1 4 8 9 913: 1.501,  0 0 0 1 8 8 8 9: -1.16112,  0 0 1 1 8 8 9 9: -34.8131,  1 1 1 1 9 9 9 9: 3.74519,  0 1 1 4 8 8 913: 6.15103,  0 1 1 1 8 9 9 9: 2.25005,  0 0 0 0 8 8 8 8: -1.16112, : 1, } 
trying to remove  0 1 2 5 8 91013 (order 7)
new main equation:
{  0 0 2 4 8 81012: -0.0671295,  0 0 2 5 8 91012: -0.0671295,  0 1 2 4 8 81013: -0.0671295,  0 1 2 5 9 91012: -0.0671326,  1 1 2 4 8 91013: -0.0671326,  1 1 3 4 9 91013: -0.0671858,  1 1 1 4 8 9 913: 1.48526,  0 0 0 1 8 8 8 9: -1.15925,  0 0 1 1 8 8 9 9: -34.4557,  1 1 1 1 9 9 9 9: 3.68675,  0 1 1 4 8 8 913: 6.08201,  0 1 1 1 8 9 9 9: 2.21133,  0 0 0 0 8 8 8 8: -1.15925, : 1, } 
trying to remove  0 0 2 4 8 81012 (order 7)
new main equation:
{  0 1 2 5 9 91012: -0.00978966,  1 1 2 4 8 91013: -0.00978966,  1 1 3 4 9 91013: 0.104889,  1 1 1 4 8 9 913: -1.14546,  0 0 0 1 8 8 8 9: -1.30348,  0 0 1 1 8 8 9 9: 46.7645,  1 1 1 1 9 9 9 9: 17.0569,  0 1 1 4 8 8 913: 6.08201,  0 1 1 1 8 9 9 9: 7.15383,  0 0 0 0 8 8 8 8: -1.30348, : 1, } 
trying to remove  0 1 2 5 9 91012 (order 7)
new main equation:
{  1 1 2 4 8 91013: -0.0115465,  1 1 3 4 9 91013: 0.123711,  1 1 1 4 8 9 913: -1.38954,  0 0 0 1 8 8 8 9: -1.28773,  0 0 1 1 8 8 9 9: 52.9341,  1 1 1 1 9 9 9 9: 18.8146,  0 1 1 4 8 8 913: 6.01994,  0 1 1 1 8 9 9 9: 7.47769,  0 0 0 0 8 8 8 8: -1.28773, : 1, } 
trying to remove  1 1 2 4 8 91013 (order 7)
new main equation:
{  0 1 2 4 8 81013: 0.0118641,  1 1 3 4 9 91013: 0.127115,  1 1 1 4 8 9 913: -1.43024,  0 0 0 1 8 8 8 9: -1.29497,  0 0 1 1 8 8 9 9: 54.6066,  1 1 1 1 9 9 9 9: 19.3537,  0 1 1 4 8 8 913: 6.17539,  0 1 1 1 8 9 9 9: 7.72052,  0 0 0 0 8 8 8 8: -1.29497, : 1, } 
trying to remove  0 1 2 4 8 81013 (order 7)
new main equation:
{  1 1 3 4 9 91013: -0.00765364,  1 1 1 4 8 9 913: 0.656558,  0 0 0 1 8 8 8 9: -1.44586,  0 0 1 1 8 8 9 9: -21.699,  1 1 1 1 9 9 9 9: 4.25965,  0 1 1 4 8 8 913: 7.47602,  0 1 1 1 8 9 9 9: 7.17701,  0 0 0 0 8 8 8 8: -1.44586, : 1, } 
trying to remove  1 1 3 4 9 91013 (order 7)
new main equation:
{  0 1 3 4 8 91013: 0.00765998,  1 1 1 4 8 9 913: 0.646452,  0 0 0 1 8 8 8 9: -1.43851,  0 0 1 1 8 8 9 9: -21.5594,  1 1 1 1 9 9 9 9: 4.1552,  0 1 1 4 8 8 913: 7.35021,  0 1 1 1 8 9 9 9: 7.02445,  0 0 0 0 8 8 8 8: -1.43851, : 1, } 
trying to remove  0 1 3 4 8 91013 (order 7)
new main equation:
{  0 0 3 4 8 91012: -0.00767051,  0 1 3 5 9 91013: -0.00767051,  0 0 3 5 9 91012: -0.00767051,  1 1 1 4 8 9 913: 0.647299,  0 0 0 1 8 8 8 9: -1.43907,  0 0 1 1 8 8 9 9: -21.5875,  1 1 1 1 9 9 9 9: 4.1617,  0 1 1 4 8 8 913: 7.35961,  0 1 1 1 8 9 9 9: 7.0347,  0 0 0 0 8 8 8 8: -1.43907, : 1, } 
trying to remove  0 0 3 4 8 91012 (order 7)
new main equation:
{  1 1 1 4 8 9 913: -0.0937933,  0 0 0 1 8 8 8 9: -1.49455,  0 0 1 1 8 8 9 9: -25.4756,  1 1 1 1 9 9 9 9: 10.2121,  0 1 1 4 8 8 913: 9.44368,  0 1 1 1 8 9 9 9: 8.39285,  0 0 0 0 8 8 8 8: -1.49455, : 1, } 
trying to remove  1 1 1 4 8 9 913 (order 7)
new main equation:
{  0 0 0 1 8 8 8 9: -1.4868,  0 0 1 1 8 8 9 9: -25.5916,  1 1 1 1 9 9 9 9: 9.92411,  0 1 1 4 8 8 913: 9.35626,  0 1 1 1 8 9 9 9: 8.38674,  0 0 0 0 8 8 8 8: -1.4868, : 1, } 
trying to remove  0 0 0 1 8 8 8 9 (order 7)
new main equation:
{  0 0 1 1 8 8 9 9: -40.2029,  1 1 1 1 9 9 9 9: 16.4992,  0 1 1 4 8 8 913: 14.6163,  0 1 1 1 8 9 9 9: 16.284,  0 0 0 0 8 8 8 8: -1.76584, : 1, } 
trying to remove  0 0 1 1 8 8 9 9 (order 7)
new main equation:
{  1 1 1 1 9 9 9 9: -125.78,  0 1 1 4 8 8 913: -10.7174,  0 1 1 1 8 9 9 9: -7.79805,  0 0 0 0 8 8 8 8: -2.05509, : 1, } 
trying to remove  1 1 1 1 9 9 9 9 (order 7)
new main equation:
{  1 1 1 1 1 9 9 9 9 9: -125.78,  0 1 1 1 1 8 9 9 9 9: -125.78,  0 1 1 4 8 8 913: -10.7174,  0 1 1 1 8 9 9 9: -7.79805,  0 0 0 0 8 8 8 8: -2.05509, : 1, } 
trying to remove  0 1 1 4 8 8 913 (order 7)
new main equation:
{  1 1 1 1 1 9 9 9 9 9: -117.775,  0 1 1 1 1 8 9 9 9 9: -117.775,  0 1 1 1 8 9 9 9: -11.8003,  0 0 0 0 8 8 8 8: -2.38311, : 1, } 
trying to remove  0 1 1 1 8 9 9 9 (order 7)
new main equation:
{  0 0 1 1 1 8 8 9 9 9: -11.8003,  1 1 1 1 1 9 9 9 9 9: -117.775,  0 1 1 1 1 8 9 9 9 9: -129.575,  0 0 0 0 8 8 8 8: -2.38311, : 1, } 
trying to remove  0 0 0 0 8 8 8 8 (order 7)
new main equation:
{  0 0 0 0 1 8 8 8 8 9: -2.38311,  0 0 0 0 0 8 8 8 8 8: -2.38311,  0 0 1 1 1 8 8 9 9 9: -11.8003,  1 1 1 1 1 9 9 9 9 9: -117.775,  0 1 1 1 1 8 9 9 9 9: -129.575, : 1, } 
checking for terms of order 8
checking for terms of order 9
trying to remove  0 0 0 0 1 8 8 8 8 9 (order 9)
new main equation:
{  0 0 0 1 1 8 8 8 9 9: 3.60882,  0 0 0 0 0 8 8 8 8 8: -3.60882,  0 0 1 1 1 8 8 9 9 9: -17.4538,  1 1 1 1 1 9 9 9 9 9: -220.172,  0 1 1 1 1 8 9 9 9 9: -237.626, : 1, } 
trying to remove  0 0 0 1 1 8 8 8 9 9 (order 9)
new main equation:
{  0 0 0 0 0 8 8 8 8 8: -3.46968,  0 0 1 1 1 8 8 9 9 9: -17.8106,  1 1 1 1 1 9 9 9 9 9: -205.578,  0 1 1 1 1 8 9 9 9 9: -219.919, : 1, } 
trying to remove  0 0 0 0 0 8 8 8 8 8 (order 9)
new main equation:
{  0 0 0 0 0 1 8 8 8 8 8 9: -3.46968,  0 0 0 0 0 0 8 8 8 8 8 8: -3.46968,  0 0 1 1 1 8 8 9 9 9: -17.8106,  1 1 1 1 1 9 9 9 9 9: -205.578,  0 1 1 1 1 8 9 9 9 9: -219.919, : 1, } 
trying to remove  0 0 1 1 1 8 8 9 9 9 (order 9)
new main equation:
{  0 0 1 1 1 1 8 8 9 9 9 9: -17.8106,  0 0 0 1 1 1 8 8 8 9 9 9: -17.8106,  0 0 0 0 0 1 8 8 8 8 8 9: -3.46968,  0 0 0 0 0 0 8 8 8 8 8 8: -3.46968,  1 1 1 1 1 9 9 9 9 9: -205.578,  0 1 1 1 1 8 9 9 9 9: -219.919, : 1, } 
trying to remove  1 1 1 1 1 9 9 9 9 9 (order 9)
new main equation:
{  0 1 1 1 1 1 8 9 9 9 9 9: -205.578,  0 0 1 1 1 1 8 8 9 9 9 9: -17.8106,  0 0 0 1 1 1 8 8 8 9 9 9: -17.8106,  0 0 0 0 0 1 8 8 8 8 8 9: -3.46968,  0 0 0 0 0 0 8 8 8 8 8 8: -3.46968,  0 1 1 1 1 8 9 9 9 9: -219.919,  1 1 1 1 1 1 9 9 9 9 9 9: -205.578, : 1, } 
trying to remove  0 1 1 1 1 8 9 9 9 9 (order 9)
new main equation:
{  0 1 1 1 1 1 8 9 9 9 9 9: -425.497,  0 0 1 1 1 1 8 8 9 9 9 9: -237.73,  0 0 0 1 1 1 8 8 8 9 9 9: -17.8106,  0 0 0 0 0 1 8 8 8 8 8 9: -3.46968,  0 0 0 0 0 0 8 8 8 8 8 8: -3.46968,  1 1 1 1 1 1 9 9 9 9 9 9: -205.578, : 1, } 
checking for terms of order 10
checking for terms of order 11
trying to remove  0 1 1 1 1 1 8 9 9 9 9 9 (order 11)
new main equation:
{  0 1 1 1 1 1 1 8 9 9 9 9 9 9: -425.497,  0 0 1 1 1 1 1 8 8 9 9 9 9 9: -425.497,  0 0 1 1 1 1 8 8 9 9 9 9: -237.73,  0 0 0 1 1 1 8 8 8 9 9 9: -17.8106,  0 0 0 0 0 1 8 8 8 8 8 9: -3.46968,  0 0 0 0 0 0 8 8 8 8 8 8: -3.46968,  1 1 1 1 1 1 9 9 9 9 9 9: -205.578, : 1, } 
trying to remove  0 0 1 1 1 1 8 8 9 9 9 9 (order 11)
new main equation:
{  0 0 0 1 1 1 1 8 8 8 9 9 9 9: -237.73,  0 1 1 1 1 1 1 8 9 9 9 9 9 9: -425.497,  0 0 1 1 1 1 1 8 8 9 9 9 9 9: -663.227,  0 0 0 1 1 1 8 8 8 9 9 9: -17.8106,  0 0 0 0 0 1 8 8 8 8 8 9: -3.46968,  0 0 0 0 0 0 8 8 8 8 8 8: -3.46968,  1 1 1 1 1 1 9 9 9 9 9 9: -205.578, : 1, } 
trying to remove  0 0 0 1 1 1 8 8 8 9 9 9 (order 11)
new main equation:
{  0 0 0 0 1 1 8 8 8 8 9 9: 16.2079,  0 0 0 1 1 1 1 8 8 8 9 9 9 9: -315.653,  0 1 1 1 1 1 1 8 9 9 9 9 9 9: -570.569,  0 0 1 1 1 1 1 8 8 9 9 9 9 9: -886.221,  0 0 0 0 0 1 8 8 8 8 8 9: -4.09458,  0 0 0 0 0 0 8 8 8 8 8 8: -4.09458,  1 1 1 1 1 1 9 9 9 9 9 9: -271.124, : 1, } 
trying to remove  0 0 0 0 1 1 8 8 8 8 9 9 (order 11)
new main equation:
{  0 0 0 1 1 1 1 8 8 8 9 9 9 9: -62.501,  0 1 1 1 1 1 1 8 9 9 9 9 9 9: -101.825,  0 0 1 1 1 1 1 8 8 9 9 9 9 9: -164.326,  0 0 0 0 0 1 8 8 8 8 8 9: -6.3354,  0 0 0 0 0 0 8 8 8 8 8 8: -1.41661,  1 1 1 1 1 1 9 9 9 9 9 9: -44.2425, : 1, } 
trying to remove  0 0 0 0 0 1 8 8 8 8 8 9 (order 11)
new main equation:
{  0 0 0 0 0 1 1 8 8 8 8 8 9 9: -6.3354,  0 0 0 0 0 0 1 8 8 8 8 8 8 9: -6.3354,  0 0 0 1 1 1 1 8 8 8 9 9 9 9: -62.501,  0 1 1 1 1 1 1 8 9 9 9 9 9 9: -101.825,  0 0 1 1 1 1 1 8 8 9 9 9 9 9: -164.326,  0 0 0 0 0 0 8 8 8 8 8 8: -1.41661,  1 1 1 1 1 1 9 9 9 9 9 9: -44.2425, : 1, } 
trying to remove  0 0 0 0 0 0 8 8 8 8 8 8 (order 11)
new main equation:
{  0 0 0 0 0 0 0 8 8 8 8 8 8 8: -1.41661,  0 0 0 0 0 1 1 8 8 8 8 8 9 9: -6.3354,  0 0 0 0 0 0 1 8 8 8 8 8 8 9: -7.75202,  0 0 0 1 1 1 1 8 8 8 9 9 9 9: -62.501,  0 1 1 1 1 1 1 8 9 9 9 9 9 9: -101.825,  0 0 1 1 1 1 1 8 8 9 9 9 9 9: -164.326,  1 1 1 1 1 1 9 9 9 9 9 9: -44.2425, : 1, } 
trying to remove  1 1 1 1 1 1 9 9 9 9 9 9 (order 11)
new main equation:
{  1 1 1 1 1 1 1 9 9 9 9 9 9 9: -44.2425,  0 0 0 0 0 0 0 8 8 8 8 8 8 8: -1.41661,  0 0 0 0 0 1 1 8 8 8 8 8 9 9: -6.3354,  0 0 0 0 0 0 1 8 8 8 8 8 8 9: -7.75202,  0 0 0 1 1 1 1 8 8 8 9 9 9 9: -62.501,  0 1 1 1 1 1 1 8 9 9 9 9 9 9: -146.067,  0 0 1 1 1 1 1 8 8 9 9 9 9 9: -164.326, : 1, } 
checking for terms of order 12
checking for terms of order 13
trying to remove  1 1 1 1 1 1 1 9 9 9 9 9 9 9 (order 13)
new main equation:
{  1 1 1 1 1 1 1 1 9 9 9 9 9 9 9 9: -44.2425,  0 1 1 1 1 1 1 1 8 9 9 9 9 9 9 9: -44.2425,  0 0 0 0 0 0 0 8 8 8 8 8 8 8: -1.41661,  0 0 0 0 0 1 1 8 8 8 8 8 9 9: -6.3354,  0 0 0 0 0 0 1 8 8 8 8 8 8 9: -7.75202,  0 0 0 1 1 1 1 8 8 8 9 9 9 9: -62.501,  0 1 1 1 1 1 1 8 9 9 9 9 9 9: -146.067,  0 0 1 1 1 1 1 8 8 9 9 9 9 9: -164.326, : 1, } 
trying to remove  0 0 0 0 0 0 0 8 8 8 8 8 8 8 (order 13)
new main equation:
{  0 0 0 0 0 0 0 1 8 8 8 8 8 8 8 9: -1.41661,  1 1 1 1 1 1 1 1 9 9 9 9 9 9 9 9: -44.2425,  0 1 1 1 1 1 1 1 8 9 9 9 9 9 9 9: -44.2425,  0 0 0 0 0 1 1 8 8 8 8 8 9 9: -6.3354,  0 0 0 0 0 0 1 8 8 8 8 8 8 9: -7.75202,  0 0 0 1 1 1 1 8 8 8 9 9 9 9: -62.501,  0 1 1 1 1 1 1 8 9 9 9 9 9 9: -146.067,  0 0 1 1 1 1 1 8 8 9 9 9 9 9: -164.326,  0 0 0 0 0 0 0 0 8 8 8 8 8 8 8 8: -1.41661, : 1, } 
trying to remove  0 0 0 0 0 1 1 8 8 8 8 8 9 9 (order 13)
new main equation:
{  0 0 0 0 0 0 0 1 8 8 8 8 8 8 8 9: -2.33624,  1 1 1 1 1 1 1 1 9 9 9 9 9 9 9 9: -122.155,  0 1 1 1 1 1 1 1 8 9 9 9 9 9 9 9: -122.155,  0 0 0 0 0 0 1 8 8 8 8 8 8 9: -7.90214,  0 0 0 0 1 1 1 8 8 8 8 9 9 9: 5.56589,  0 0 0 1 1 1 1 8 8 8 9 9 9 9: -149.435,  0 1 1 1 1 1 1 8 9 9 9 9 9 9: -384.949,  0 0 1 1 1 1 1 8 8 9 9 9 9 9: -412.229,  0 0 0 0 0 0 0 0 8 8 8 8 8 8 8 8: -2.33624, : 1, } 
trying to remove  0 0 0 0 0 0 1 8 8 8 8 8 8 9 (order 13)
new main equation:
{  0 0 0 0 0 0 1 1 8 8 8 8 8 8 9 9: -7.90214,  0 0 0 0 0 0 0 1 8 8 8 8 8 8 8 9: -10.2384,  1 1 1 1 1 1 1 1 9 9 9 9 9 9 9 9: -122.155,  0 1 1 1 1 1 1 1 8 9 9 9 9 9 9 9: -122.155,  0 0 0 0 1 1 1 8 8 8 8 9 9 9: 5.56589,  0 0 0 1 1 1 1 8 8 8 9 9 9 9: -149.435,  0 1 1 1 1 1 1 8 9 9 9 9 9 9: -384.949,  0 0 1 1 1 1 1 8 8 9 9 9 9 9: -412.229,  0 0 0 0 0 0 0 0 8 8 8 8 8 8 8 8: -2.33624, : 1, } 
trying to remove  0 0 0 0 1 1 1 8 8 8 8 9 9 9 (order 13)
new main equation:
{  0 0 0 0 0 0 1 1 8 8 8 8 8 8 9 9: -7.66104,  0 0 0 0 0 0 0 1 8 8 8 8 8 8 8 9: -10.4455,  1 1 1 1 1 1 1 1 9 9 9 9 9 9 9 9: -156.679,  0 1 1 1 1 1 1 1 8 9 9 9 9 9 9 9: -156.679,  0 0 0 1 1 1 1 8 8 8 9 9 9 9: -191.522,  0 1 1 1 1 1 1 8 9 9 9 9 9 9: -488.159,  0 0 1 1 1 1 1 8 8 9 9 9 9 9: -518.126,  0 0 0 0 0 0 0 0 8 8 8 8 8 8 8 8: -2.78448, : 1, } 
trying to remove  0 0 0 1 1 1 1 8 8 8 9 9 9 9 (order 13)
new main equation:
{  0 0 0 1 1 1 1 1 8 8 8 9 9 9 9 9: -191.522,  0 0 0 0 1 1 1 1 8 8 8 8 9 9 9 9: -191.522,  0 0 0 0 0 0 1 1 8 8 8 8 8 8 9 9: -7.66104,  0 0 0 0 0 0 0 1 8 8 8 8 8 8 8 9: -10.4455,  1 1 1 1 1 1 1 1 9 9 9 9 9 9 9 9: -156.679,  0 1 1 1 1 1 1 1 8 9 9 9 9 9 9 9: -156.679,  0 1 1 1 1 1 1 8 9 9 9 9 9 9: -488.159,  0 0 1 1 1 1 1 8 8 9 9 9 9 9: -518.126,  0 0 0 0 0 0 0 0 8 8 8 8 8 8 8 8: -2.78448, : 1, } 
trying to remove  0 1 1 1 1 1 1 8 9 9 9 9 9 9 (order 13)
new main equation:
{  0 0 1 1 1 1 1 1 8 8 9 9 9 9 9 9: -488.159,  0 0 0 1 1 1 1 1 8 8 8 9 9 9 9 9: -191.522,  0 0 0 0 1 1 1 1 8 8 8 8 9 9 9 9: -191.522,  0 0 0 0 0 0 1 1 8 8 8 8 8 8 9 9: -7.66104,  0 0 0 0 0 0 0 1 8 8 8 8 8 8 8 9: -10.4455,  1 1 1 1 1 1 1 1 9 9 9 9 9 9 9 9: -156.679,  0 1 1 1 1 1 1 1 8 9 9 9 9 9 9 9: -644.838,  0 0 1 1 1 1 1 8 8 9 9 9 9 9: -518.126,  0 0 0 0 0 0 0 0 8 8 8 8 8 8 8 8: -2.78448, : 1, } 
trying to remove  0 0 1 1 1 1 1 8 8 9 9 9 9 9 (order 13)
new main equation:
{  0 0 1 1 1 1 1 1 8 8 9 9 9 9 9 9: -1006.28,  0 0 0 1 1 1 1 1 8 8 8 9 9 9 9 9: -709.648,  0 0 0 0 1 1 1 1 8 8 8 8 9 9 9 9: -191.522,  0 0 0 0 0 0 1 1 8 8 8 8 8 8 9 9: -7.66104,  0 0 0 0 0 0 0 1 8 8 8 8 8 8 8 9: -10.4455,  1 1 1 1 1 1 1 1 9 9 9 9 9 9 9 9: -156.679,  0 1 1 1 1 1 1 1 8 9 9 9 9 9 9 9: -644.838,  0 0 0 0 0 0 0 0 8 8 8 8 8 8 8 8: -2.78448, : 1, } 
checking for terms of order 14
checking for terms of order 15
trying to remove  0 0 1 1 1 1 1 1 8 8 9 9 9 9 9 9 (order 15)
new main equation:
{  0 0 0 1 1 1 1 1 8 8 8 9 9 9 9 9: -709.648,  0 0 0 0 1 1 1 1 8 8 8 8 9 9 9 9: -191.522,  0 0 0 0 0 0 1 1 8 8 8 8 8 8 9 9: -7.66104,  0 0 0 0 0 0 0 1 8 8 8 8 8 8 8 9: -10.4455,  1 1 1 1 1 1 1 1 9 9 9 9 9 9 9 9: -156.679,  0 1 1 1 1 1 1 1 8 9 9 9 9 9 9 9: -644.838,  0 0 1 1 1 1 1 1 1 8 8 9 9 9 9 9 9 9: -1006.28,  0 0 0 1 1 1 1 1 1 8 8 8 9 9 9 9 9 9: -1006.28,  0 0 0 0 0 0 0 0 8 8 8 8 8 8 8 8: -2.78448, : 1, } 
trying to remove  0 0 0 1 1 1 1 1 8 8 8 9 9 9 9 9 (order 15)
new main equation:
{  0 0 0 0 1 1 1 1 1 8 8 8 8 9 9 9 9 9: -709.648,  0 0 0 0 1 1 1 1 8 8 8 8 9 9 9 9: -191.522,  0 0 0 0 0 0 1 1 8 8 8 8 8 8 9 9: -7.66104,  0 0 0 0 0 0 0 1 8 8 8 8 8 8 8 9: -10.4455,  1 1 1 1 1 1 1 1 9 9 9 9 9 9 9 9: -156.679,  0 1 1 1 1 1 1 1 8 9 9 9 9 9 9 9: -644.838,  0 0 1 1 1 1 1 1 1 8 8 9 9 9 9 9 9 9: -1006.28,  0 0 0 1 1 1 1 1 1 8 8 8 9 9 9 9 9 9: -1715.93,  0 0 0 0 0 0 0 0 8 8 8 8 8 8 8 8: -2.78448, : 1, } 
trying to remove  0 0 0 0 1 1 1 1 8 8 8 8 9 9 9 9 (order 15)
new main equation:
{  0 0 0 0 1 1 1 1 1 8 8 8 8 9 9 9 9 9: -114.889,  0 0 0 0 0 0 1 1 8 8 8 8 8 8 9 9: -8.63002,  0 0 0 0 0 0 0 1 8 8 8 8 8 8 8 9: -9.613,  1 1 1 1 1 1 1 1 9 9 9 9 9 9 9 9: -17.9233,  0 0 0 0 0 1 1 1 8 8 8 8 8 9 9 9: 22.3697,  0 1 1 1 1 1 1 1 8 9 9 9 9 9 9 9: -91.2739,  0 0 1 1 1 1 1 1 1 8 8 9 9 9 9 9 9 9: -165.87,  0 0 0 1 1 1 1 1 1 8 8 8 9 9 9 9 9 9: -280.76,  0 0 0 0 0 0 0 0 8 8 8 8 8 8 8 8: -0.982985, : 1, } 
trying to remove  0 0 0 0 0 0 1 1 8 8 8 8 8 8 9 9 (order 15)
new main equation:
{  0 0 0 0 1 1 1 1 1 8 8 8 8 9 9 9 9 9: -237.689,  0 0 0 0 0 0 0 1 8 8 8 8 8 8 8 9: -10.6833,  1 1 1 1 1 1 1 1 9 9 9 9 9 9 9 9: -46.2667,  0 0 0 0 0 1 1 1 8 8 8 8 8 9 9 9: 54.3645,  0 1 1 1 1 1 1 1 8 9 9 9 9 9 9 9: -213.264,  0 0 1 1 1 1 1 1 1 8 8 9 9 9 9 9 9 9: -359.792,  0 0 0 1 1 1 1 1 1 8 8 8 9 9 9 9 9 9: -597.481,  0 0 0 0 0 0 0 0 8 8 8 8 8 8 8 8: -1.21358, : 1, } 
trying to remove  0 0 0 0 0 0 0 1 8 8 8 8 8 8 8 9 (order 15)
new main equation:
{  0 0 0 0 0 0 0 1 1 8 8 8 8 8 8 8 9 9: -10.6833,  0 0 0 0 1 1 1 1 1 8 8 8 8 9 9 9 9 9: -237.689,  1 1 1 1 1 1 1 1 9 9 9 9 9 9 9 9: -46.2667,  0 0 0 0 0 0 0 0 1 8 8 8 8 8 8 8 8 9: -10.6833,  0 0 0 0 0 1 1 1 8 8 8 8 8 9 9 9: 54.3645,  0 1 1 1 1 1 1 1 8 9 9 9 9 9 9 9: -213.264,  0 0 1 1 1 1 1 1 1 8 8 9 9 9 9 9 9 9: -359.792,  0 0 0 1 1 1 1 1 1 8 8 8 9 9 9 9 9 9: -597.481,  0 0 0 0 0 0 0 0 8 8 8 8 8 8 8 8: -1.21358, : 1, } 
trying to remove  1 1 1 1 1 1 1 1 9 9 9 9 9 9 9 9 (order 15)
new main equation:
{  1 1 1 1 1 1 1 1 1 9 9 9 9 9 9 9 9 9: -46.2667,  0 1 1 1 1 1 1 1 1 8 9 9 9 9 9 9 9 9: -46.2667,  0 0 0 0 0 0 0 1 1 8 8 8 8 8 8 8 9 9: -10.6833,  0 0 0 0 1 1 1 1 1 8 8 8 8 9 9 9 9 9: -237.689,  0 0 0 0 0 0 0 0 1 8 8 8 8 8 8 8 8 9: -10.6833,  0 0 0 0 0 1 1 1 8 8 8 8 8 9 9 9: 54.3645,  0 1 1 1 1 1 1 1 8 9 9 9 9 9 9 9: -213.264,  0 0 1 1 1 1 1 1 1 8 8 9 9 9 9 9 9 9: -359.792,  0 0 0 1 1 1 1 1 1 8 8 8 9 9 9 9 9 9: -597.481,  0 0 0 0 0 0 0 0 8 8 8 8 8 8 8 8: -1.21358, : 1, } 
trying to remove  0 0 0 0 0 1 1 1 8 8 8 8 8 9 9 9 (order 15)
new main equation:
{  0 0 0 0 0 1 1 1 1 8 8 8 8 8 9 9 9 9: 54.3645,  0 0 0 0 0 0 1 1 1 8 8 8 8 8 8 9 9 9: 54.3645,  1 1 1 1 1 1 1 1 1 9 9 9 9 9 9 9 9 9: -46.2667,  0 1 1 1 1 1 1 1 1 8 9 9 9 9 9 9 9 9: -46.2667,  0 0 0 0 0 0 0 1 1 8 8 8 8 8 8 8 9 9: -10.6833,  0 0 0 0 1 1 1 1 1 8 8 8 8 9 9 9 9 9: -237.689,  0 0 0 0 0 0 0 0 1 8 8 8 8 8 8 8 8 9: -10.6833,  0 1 1 1 1 1 1 1 8 9 9 9 9 9 9 9: -213.264,  0 0 1 1 1 1 1 1 1 8 8 9 9 9 9 9 9 9: -359.792,  0 0 0 1 1 1 1 1 1 8 8 8 9 9 9 9 9 9: -597.481,  0 0 0 0 0 0 0 0 8 8 8 8 8 8 8 8: -1.21358, : 1, } 
trying to remove  0 1 1 1 1 1 1 1 8 9 9 9 9 9 9 9 (order 15)
new main equation:
{  0 0 0 0 0 1 1 1 1 8 8 8 8 8 9 9 9 9: 54.3645,  0 0 0 0 0 0 1 1 1 8 8 8 8 8 8 9 9 9: 54.3645,  1 1 1 1 1 1 1 1 1 9 9 9 9 9 9 9 9 9: -46.2667,  0 1 1 1 1 1 1 1 1 8 9 9 9 9 9 9 9 9: -259.531,  0 0 0 0 0 0 0 1 1 8 8 8 8 8 8 8 9 9: -10.6833,  0 0 0 0 1 1 1 1 1 8 8 8 8 9 9 9 9 9: -237.689,  0 0 0 0 0 0 0 0 1 8 8 8 8 8 8 8 8 9: -10.6833,  0 0 1 1 1 1 1 1 1 8 8 9 9 9 9 9 9 9: -573.056,  0 0 0 1 1 1 1 1 1 8 8 8 9 9 9 9 9 9: -597.481,  0 0 0 0 0 0 0 0 8 8 8 8 8 8 8 8: -1.21358, : 1, } 
trying to remove  0 0 0 0 0 0 0 0 8 8 8 8 8 8 8 8 (order 15)
new main equation:
{  0 0 0 0 0 0 0 0 0 8 8 8 8 8 8 8 8 8: -1.21358,  0 0 0 0 0 1 1 1 1 8 8 8 8 8 9 9 9 9: 54.3645,  0 0 0 0 0 0 1 1 1 8 8 8 8 8 8 9 9 9: 54.3645,  1 1 1 1 1 1 1 1 1 9 9 9 9 9 9 9 9 9: -46.2667,  0 1 1 1 1 1 1 1 1 8 9 9 9 9 9 9 9 9: -259.531,  0 0 0 0 0 0 0 1 1 8 8 8 8 8 8 8 9 9: -10.6833,  0 0 0 0 1 1 1 1 1 8 8 8 8 9 9 9 9 9: -237.689,  0 0 0 0 0 0 0 0 1 8 8 8 8 8 8 8 8 9: -11.8969,  0 0 1 1 1 1 1 1 1 8 8 9 9 9 9 9 9 9: -573.056,  0 0 0 1 1 1 1 1 1 8 8 8 9 9 9 9 9 9: -597.481, : 1, } 
checking for terms of order 16
checking for terms of order 17
trying to remove  0 0 0 0 0 0 0 0 0 8 8 8 8 8 8 8 8 8 (order 17)
new main equation:
{  0 0 0 0 0 0 0 0 0 1 8 8 8 8 8 8 8 8 8 9: -1.21358,  0 0 0 0 0 0 0 0 0 0 8 8 8 8 8 8 8 8 8 8: -1.21358,  0 0 0 0 0 1 1 1 1 8 8 8 8 8 9 9 9 9: 54.3645,  0 0 0 0 0 0 1 1 1 8 8 8 8 8 8 9 9 9: 54.3645,  1 1 1 1 1 1 1 1 1 9 9 9 9 9 9 9 9 9: -46.2667,  0 1 1 1 1 1 1 1 1 8 9 9 9 9 9 9 9 9: -259.531,  0 0 0 0 0 0 0 1 1 8 8 8 8 8 8 8 9 9: -10.6833,  0 0 0 0 1 1 1 1 1 8 8 8 8 9 9 9 9 9: -237.689,  0 0 0 0 0 0 0 0 1 8 8 8 8 8 8 8 8 9: -11.8969,  0 0 1 1 1 1 1 1 1 8 8 9 9 9 9 9 9 9: -573.056,  0 0 0 1 1 1 1 1 1 8 8 8 9 9 9 9 9 9: -597.481, : 1, } 
trying to remove  0 0 0 0 0 1 1 1 1 8 8 8 8 8 9 9 9 9 (order 17)
new main equation:
{  0 0 0 0 0 0 0 0 0 1 8 8 8 8 8 8 8 8 8 9: -1.65742,  0 0 0 0 0 0 0 0 0 0 8 8 8 8 8 8 8 8 8 8: -1.65742,  0 0 0 0 0 0 1 1 1 8 8 8 8 8 8 9 9 9: 47.8747,  1 1 1 1 1 1 1 1 1 9 9 9 9 9 9 9 9 9: -80.1559,  0 1 1 1 1 1 1 1 1 8 9 9 9 9 9 9 9 9: -428.37,  0 0 0 0 0 0 0 1 1 8 8 8 8 8 8 8 9 9: -10.8614,  0 0 0 0 1 1 1 1 1 8 8 8 8 9 9 9 9 9: -430.789,  0 0 0 0 0 0 0 0 1 8 8 8 8 8 8 8 8 9: -12.5188,  0 0 1 1 1 1 1 1 1 8 8 9 9 9 9 9 9 9: -912.641,  0 0 0 1 1 1 1 1 1 8 8 8 9 9 9 9 9 9: -947.341, : 1, } 
trying to remove  0 0 0 0 0 0 1 1 1 8 8 8 8 8 8 9 9 9 (order 17)
new main equation:
{  0 0 0 0 0 0 0 0 0 1 8 8 8 8 8 8 8 8 8 9: -1.01771,  0 0 0 0 0 0 0 0 0 0 8 8 8 8 8 8 8 8 8 8: -1.01771,  1 1 1 1 1 1 1 1 1 9 9 9 9 9 9 9 9 9: -17.3452,  0 1 1 1 1 1 1 1 1 8 9 9 9 9 9 9 9 9: -103.573,  0 0 0 0 0 0 0 1 1 8 8 8 8 8 8 8 9 9: -20.5584,  0 0 0 0 1 1 1 1 1 8 8 8 8 9 9 9 9 9: -123.234,  0 0 0 0 0 0 0 0 1 8 8 8 8 8 8 8 8 9: -10.3506,  0 0 1 1 1 1 1 1 1 8 8 9 9 9 9 9 9 9: -241.758,  0 0 0 1 1 1 1 1 1 8 8 8 9 9 9 9 9 9: -267.539, : 1, } 
trying to remove  1 1 1 1 1 1 1 1 1 9 9 9 9 9 9 9 9 9 (order 17)
new main equation:
{  1 1 1 1 1 1 1 1 1 1 9 9 9 9 9 9 9 9 9 9: -17.3452,  0 0 0 0 0 0 0 0 0 1 8 8 8 8 8 8 8 8 8 9: -1.01771,  0 0 0 0 0 0 0 0 0 0 8 8 8 8 8 8 8 8 8 8: -1.01771,  0 1 1 1 1 1 1 1 1 8 9 9 9 9 9 9 9 9: -103.573,  0 1 1 1 1 1 1 1 1 1 8 9 9 9 9 9 9 9 9 9: -17.3452,  0 0 0 0 0 0 0 1 1 8 8 8 8 8 8 8 9 9: -20.5584,  0 0 0 0 1 1 1 1 1 8 8 8 8 9 9 9 9 9: -123.234,  0 0 0 0 0 0 0 0 1 8 8 8 8 8 8 8 8 9: -10.3506,  0 0 1 1 1 1 1 1 1 8 8 9 9 9 9 9 9 9: -241.758,  0 0 0 1 1 1 1 1 1 8 8 8 9 9 9 9 9 9: -267.539, : 1, } 
trying to remove  0 1 1 1 1 1 1 1 1 8 9 9 9 9 9 9 9 9 (order 17)
new main equation:
{  0 0 1 1 1 1 1 1 1 1 8 8 9 9 9 9 9 9 9 9: -103.573,  1 1 1 1 1 1 1 1 1 1 9 9 9 9 9 9 9 9 9 9: -17.3452,  0 0 0 0 0 0 0 0 0 1 8 8 8 8 8 8 8 8 8 9: -1.01771,  0 0 0 0 0 0 0 0 0 0 8 8 8 8 8 8 8 8 8 8: -1.01771,  0 1 1 1 1 1 1 1 1 1 8 9 9 9 9 9 9 9 9 9: -120.918,  0 0 0 0 0 0 0 1 1 8 8 8 8 8 8 8 9 9: -20.5584,  0 0 0 0 1 1 1 1 1 8 8 8 8 9 9 9 9 9: -123.234,  0 0 0 0 0 0 0 0 1 8 8 8 8 8 8 8 8 9: -10.3506,  0 0 1 1 1 1 1 1 1 8 8 9 9 9 9 9 9 9: -241.758,  0 0 0 1 1 1 1 1 1 8 8 8 9 9 9 9 9 9: -267.539, : 1, } 
trying to remove  0 0 0 0 0 0 0 1 1 8 8 8 8 8 8 8 9 9 (order 17)
new main equation:
{  0 0 0 0 0 0 0 1 1 1 8 8 8 8 8 8 8 9 9 9: -20.5584,  0 0 1 1 1 1 1 1 1 1 8 8 9 9 9 9 9 9 9 9: -103.573,  1 1 1 1 1 1 1 1 1 1 9 9 9 9 9 9 9 9 9 9: -17.3452,  0 0 0 0 0 0 0 0 0 1 8 8 8 8 8 8 8 8 8 9: -1.01771,  0 0 0 0 0 0 0 0 0 0 8 8 8 8 8 8 8 8 8 8: -1.01771,  0 0 0 0 0 0 0 0 1 1 8 8 8 8 8 8 8 8 9 9: -20.5584,  0 1 1 1 1 1 1 1 1 1 8 9 9 9 9 9 9 9 9 9: -120.918,  0 0 0 0 1 1 1 1 1 8 8 8 8 9 9 9 9 9: -123.234,  0 0 0 0 0 0 0 0 1 8 8 8 8 8 8 8 8 9: -10.3506,  0 0 1 1 1 1 1 1 1 8 8 9 9 9 9 9 9 9: -241.758,  0 0 0 1 1 1 1 1 1 8 8 8 9 9 9 9 9 9: -267.539, : 1, } 
trying to remove  0 0 0 0 1 1 1 1 1 8 8 8 8 9 9 9 9 9 (order 17)
new main equation:
{  0 0 0 0 1 1 1 1 1 1 8 8 8 8 9 9 9 9 9 9: -123.234,  0 0 0 0 0 1 1 1 1 1 8 8 8 8 8 9 9 9 9 9: -123.234,  0 0 0 0 0 0 0 1 1 1 8 8 8 8 8 8 8 9 9 9: -20.5584,  0 0 1 1 1 1 1 1 1 1 8 8 9 9 9 9 9 9 9 9: -103.573,  1 1 1 1 1 1 1 1 1 1 9 9 9 9 9 9 9 9 9 9: -17.3452,  0 0 0 0 0 0 0 0 0 1 8 8 8 8 8 8 8 8 8 9: -1.01771,  0 0 0 0 0 0 0 0 0 0 8 8 8 8 8 8 8 8 8 8: -1.01771,  0 0 0 0 0 0 0 0 1 1 8 8 8 8 8 8 8 8 9 9: -20.5584,  0 1 1 1 1 1 1 1 1 1 8 9 9 9 9 9 9 9 9 9: -120.918,  0 0 0 0 0 0 0 0 1 8 8 8 8 8 8 8 8 9: -10.3506,  0 0 1 1 1 1 1 1 1 8 8 9 9 9 9 9 9 9: -241.758,  0 0 0 1 1 1 1 1 1 8 8 8 9 9 9 9 9 9: -267.539, : 1, } 
trying to remove  0 0 0 0 0 0 0 0 1 8 8 8 8 8 8 8 8 9 (order 17)
new main equation:
{  0 0 0 0 1 1 1 1 1 1 8 8 8 8 9 9 9 9 9 9: -123.234,  0 0 0 0 0 1 1 1 1 1 8 8 8 8 8 9 9 9 9 9: -123.234,  0 0 0 0 0 0 0 1 1 1 8 8 8 8 8 8 8 9 9 9: -20.5584,  0 0 1 1 1 1 1 1 1 1 8 8 9 9 9 9 9 9 9 9: -103.573,  1 1 1 1 1 1 1 1 1 1 9 9 9 9 9 9 9 9 9 9: -17.3452,  0 0 0 0 0 0 0 0 0 1 8 8 8 8 8 8 8 8 8 9: -11.3683,  0 0 0 0 0 0 0 0 0 0 8 8 8 8 8 8 8 8 8 8: -1.01771,  0 0 0 0 0 0 0 0 1 1 8 8 8 8 8 8 8 8 9 9: -30.9089,  0 1 1 1 1 1 1 1 1 1 8 9 9 9 9 9 9 9 9 9: -120.918,  0 0 1 1 1 1 1 1 1 8 8 9 9 9 9 9 9 9: -241.758,  0 0 0 1 1 1 1 1 1 8 8 8 9 9 9 9 9 9: -267.539, : 1, } 
trying to remove  0 0 1 1 1 1 1 1 1 8 8 9 9 9 9 9 9 9 (order 17)
new main equation:
{  0 0 0 0 1 1 1 1 1 1 8 8 8 8 9 9 9 9 9 9: -123.234,  0 0 0 0 0 1 1 1 1 1 8 8 8 8 8 9 9 9 9 9: -123.234,  0 0 0 0 0 0 0 1 1 1 8 8 8 8 8 8 8 9 9 9: -20.5584,  0 0 1 1 1 1 1 1 1 1 8 8 9 9 9 9 9 9 9 9: -345.331,  1 1 1 1 1 1 1 1 1 1 9 9 9 9 9 9 9 9 9 9: -17.3452,  0 0 0 0 0 0 0 0 0 1 8 8 8 8 8 8 8 8 8 9: -11.3683,  0 0 0 1 1 1 1 1 1 1 8 8 8 9 9 9 9 9 9 9: -241.758,  0 0 0 0 0 0 0 0 0 0 8 8 8 8 8 8 8 8 8 8: -1.01771,  0 0 0 0 0 0 0 0 1 1 8 8 8 8 8 8 8 8 9 9: -30.9089,  0 1 1 1 1 1 1 1 1 1 8 9 9 9 9 9 9 9 9 9: -120.918,  0 0 0 1 1 1 1 1 1 8 8 8 9 9 9 9 9 9: -267.539, : 1, } 
trying to remove  0 0 0 1 1 1 1 1 1 8 8 8 9 9 9 9 9 9 (order 17)
new main equation:
{  0 0 0 0 1 1 1 1 1 1 8 8 8 8 9 9 9 9 9 9: -390.774,  0 0 0 0 0 1 1 1 1 1 8 8 8 8 8 9 9 9 9 9: -123.234,  0 0 0 0 0 0 0 1 1 1 8 8 8 8 8 8 8 9 9 9: -20.5584,  0 0 1 1 1 1 1 1 1 1 8 8 9 9 9 9 9 9 9 9: -345.331,  1 1 1 1 1 1 1 1 1 1 9 9 9 9 9 9 9 9 9 9: -17.3452,  0 0 0 0 0 0 0 0 0 1 8 8 8 8 8 8 8 8 8 9: -11.3683,  0 0 0 1 1 1 1 1 1 1 8 8 8 9 9 9 9 9 9 9: -509.297,  0 0 0 0 0 0 0 0 0 0 8 8 8 8 8 8 8 8 8 8: -1.01771,  0 0 0 0 0 0 0 0 1 1 8 8 8 8 8 8 8 8 9 9: -30.9089,  0 1 1 1 1 1 1 1 1 1 8 9 9 9 9 9 9 9 9 9: -120.918, : 1, } 
checking for terms of order 18
checking for terms of order 19
trying to remove  0 0 0 0 1 1 1 1 1 1 8 8 8 8 9 9 9 9 9 9 (order 19)
new main equation:
{  0 0 0 0 1 1 1 1 1 1 1 8 8 8 8 9 9 9 9 9 9 9: -390.774,  0 0 0 0 0 1 1 1 1 1 1 8 8 8 8 8 9 9 9 9 9 9: -390.774,  0 0 0 0 0 1 1 1 1 1 8 8 8 8 8 9 9 9 9 9: -123.234,  0 0 0 0 0 0 0 1 1 1 8 8 8 8 8 8 8 9 9 9: -20.5584,  0 0 1 1 1 1 1 1 1 1 8 8 9 9 9 9 9 9 9 9: -345.331,  1 1 1 1 1 1 1 1 1 1 9 9 9 9 9 9 9 9 9 9: -17.3452,  0 0 0 0 0 0 0 0 0 1 8 8 8 8 8 8 8 8 8 9: -11.3683,  0 0 0 1 1 1 1 1 1 1 8 8 8 9 9 9 9 9 9 9: -509.297,  0 0 0 0 0 0 0 0 0 0 8 8 8 8 8 8 8 8 8 8: -1.01771,  0 0 0 0 0 0 0 0 1 1 8 8 8 8 8 8 8 8 9 9: -30.9089,  0 1 1 1 1 1 1 1 1 1 8 9 9 9 9 9 9 9 9 9: -120.918, : 1, } 
trying to remove  0 0 0 0 0 1 1 1 1 1 8 8 8 8 8 9 9 9 9 9 (order 19)
new main equation:
{  0 0 0 0 0 0 1 1 1 1 8 8 8 8 8 8 9 9 9 9: 23.1695,  0 0 0 0 1 1 1 1 1 1 1 8 8 8 8 9 9 9 9 9 9 9: -102.329,  0 0 0 0 0 1 1 1 1 1 1 8 8 8 8 8 9 9 9 9 9 9: -102.329,  0 0 0 0 0 0 0 1 1 1 8 8 8 8 8 8 8 9 9 9: -21.0427,  0 0 1 1 1 1 1 1 1 1 8 8 9 9 9 9 9 9 9 9: -71.1233,  1 1 1 1 1 1 1 1 1 1 9 9 9 9 9 9 9 9 9 9: 0.726686,  0 0 0 0 0 0 0 0 0 1 8 8 8 8 8 8 8 8 8 9: -10.7518,  0 0 0 1 1 1 1 1 1 1 8 8 8 9 9 9 9 9 9 9: -137.431,  0 0 0 0 0 0 0 0 0 0 8 8 8 8 8 8 8 8 8 8: -0.791586,  0 0 0 0 0 0 0 0 1 1 8 8 8 8 8 8 8 8 9 9: -31.0029,  0 1 1 1 1 1 1 1 1 1 8 9 9 9 9 9 9 9 9 9: -12.1246, : 1, } 
trying to remove  0 0 0 0 0 0 1 1 1 1 8 8 8 8 8 8 9 9 9 9 (order 19)
new main equation:
{  0 0 0 0 1 1 1 1 1 1 1 8 8 8 8 9 9 9 9 9 9 9: -43.6941,  0 0 0 0 0 1 1 1 1 1 1 8 8 8 8 8 9 9 9 9 9 9: -43.6941,  0 0 0 0 0 0 0 1 1 1 8 8 8 8 8 8 8 9 9 9: -33.3977,  0 0 1 1 1 1 1 1 1 1 8 8 9 9 9 9 9 9 9 9: -2.87527,  1 1 1 1 1 1 1 1 1 1 9 9 9 9 9 9 9 9 9 9: 4.60855,  0 0 0 0 0 0 0 0 0 1 8 8 8 8 8 8 8 8 8 9: -10.4735,  0 0 0 1 1 1 1 1 1 1 8 8 8 9 9 9 9 9 9 9: -44.7901,  0 0 0 0 0 0 0 0 0 0 8 8 8 8 8 8 8 8 8 8: -0.775059,  0 0 0 0 0 0 0 0 1 1 8 8 8 8 8 8 8 8 9 9: -32.6018,  0 1 1 1 1 1 1 1 1 1 8 9 9 9 9 9 9 9 9 9: 13.3235, : 1, } 
trying to remove  0 0 0 0 0 0 0 1 1 1 8 8 8 8 8 8 8 9 9 9 (order 19)
new main equation:
{  0 0 0 0 0 0 0 0 1 1 1 8 8 8 8 8 8 8 8 9 9 9: -33.3977,  0 0 0 0 1 1 1 1 1 1 1 8 8 8 8 9 9 9 9 9 9 9: -43.6941,  0 0 0 0 0 1 1 1 1 1 1 8 8 8 8 8 9 9 9 9 9 9: -43.6941,  0 0 1 1 1 1 1 1 1 1 8 8 9 9 9 9 9 9 9 9: -2.87527,  1 1 1 1 1 1 1 1 1 1 9 9 9 9 9 9 9 9 9 9: 4.60855,  0 0 0 0 0 0 0 0 0 1 8 8 8 8 8 8 8 8 8 9: -10.4735,  0 0 0 1 1 1 1 1 1 1 8 8 8 9 9 9 9 9 9 9: -44.7901,  0 0 0 0 0 0 0 0 0 0 8 8 8 8 8 8 8 8 8 8: -0.775059,  0 0 0 0 0 0 0 0 1 1 8 8 8 8 8 8 8 8 9 9: -32.6018,  0 1 1 1 1 1 1 1 1 1 8 9 9 9 9 9 9 9 9 9: 13.3235,  0 0 0 0 0 0 0 1 1 1 1 8 8 8 8 8 8 8 9 9 9 9: -33.3977, : 1, } 
trying to remove  0 0 1 1 1 1 1 1 1 1 8 8 9 9 9 9 9 9 9 9 (order 19)
new main equation:
{  0 0 1 1 1 1 1 1 1 1 1 8 8 9 9 9 9 9 9 9 9 9: -2.87527,  0 0 0 1 1 1 1 1 1 1 1 8 8 8 9 9 9 9 9 9 9 9: -2.87527,  0 0 0 0 0 0 0 0 1 1 1 8 8 8 8 8 8 8 8 9 9 9: -33.3977,  0 0 0 0 1 1 1 1 1 1 1 8 8 8 8 9 9 9 9 9 9 9: -43.6941,  0 0 0 0 0 1 1 1 1 1 1 8 8 8 8 8 9 9 9 9 9 9: -43.6941,  1 1 1 1 1 1 1 1 1 1 9 9 9 9 9 9 9 9 9 9: 4.60855,  0 0 0 0 0 0 0 0 0 1 8 8 8 8 8 8 8 8 8 9: -10.4735,  0 0 0 1 1 1 1 1 1 1 8 8 8 9 9 9 9 9 9 9: -44.7901,  0 0 0 0 0 0 0 0 0 0 8 8 8 8 8 8 8 8 8 8: -0.775059,  0 0 0 0 0 0 0 0 1 1 8 8 8 8 8 8 8 8 9 9: -32.6018,  0 1 1 1 1 1 1 1 1 1 8 9 9 9 9 9 9 9 9 9: 13.3235,  0 0 0 0 0 0 0 1 1 1 1 8 8 8 8 8 8 8 9 9 9 9: -33.3977, : 1, } 
trying to remove  1 1 1 1 1 1 1 1 1 1 9 9 9 9 9 9 9 9 9 9 (order 19)
new main equation:
{  1 1 1 1 1 1 1 1 1 1 1 9 9 9 9 9 9 9 9 9 9 9: 4.60855,  0 0 1 1 1 1 1 1 1 1 1 8 8 9 9 9 9 9 9 9 9 9: -2.87527,  0 0 0 1 1 1 1 1 1 1 1 8 8 8 9 9 9 9 9 9 9 9: -2.87527,  0 0 0 0 0 0 0 0 1 1 1 8 8 8 8 8 8 8 8 9 9 9: -33.3977,  0 1 1 1 1 1 1 1 1 1 1 8 9 9 9 9 9 9 9 9 9 9: 4.60855,  0 0 0 0 1 1 1 1 1 1 1 8 8 8 8 9 9 9 9 9 9 9: -43.6941,  0 0 0 0 0 1 1 1 1 1 1 8 8 8 8 8 9 9 9 9 9 9: -43.6941,  0 0 0 0 0 0 0 0 0 1 8 8 8 8 8 8 8 8 8 9: -10.4735,  0 0 0 1 1 1 1 1 1 1 8 8 8 9 9 9 9 9 9 9: -44.7901,  0 0 0 0 0 0 0 0 0 0 8 8 8 8 8 8 8 8 8 8: -0.775059,  0 0 0 0 0 0 0 0 1 1 8 8 8 8 8 8 8 8 9 9: -32.6018,  0 1 1 1 1 1 1 1 1 1 8 9 9 9 9 9 9 9 9 9: 13.3235,  0 0 0 0 0 0 0 1 1 1 1 8 8 8 8 8 8 8 9 9 9 9: -33.3977, : 1, } 
trying to remove  0 0 0 0 0 0 0 0 0 1 8 8 8 8 8 8 8 8 8 9 (order 19)
new main equation:
{  0 0 0 0 0 0 0 0 0 1 1 8 8 8 8 8 8 8 8 8 9 9: -10.4735,  0 0 0 0 0 0 0 0 0 0 1 8 8 8 8 8 8 8 8 8 8 9: -10.4735,  1 1 1 1 1 1 1 1 1 1 1 9 9 9 9 9 9 9 9 9 9 9: 4.60855,  0 0 1 1 1 1 1 1 1 1 1 8 8 9 9 9 9 9 9 9 9 9: -2.87527,  0 0 0 1 1 1 1 1 1 1 1 8 8 8 9 9 9 9 9 9 9 9: -2.87527,  0 0 0 0 0 0 0 0 1 1 1 8 8 8 8 8 8 8 8 9 9 9: -33.3977,  0 1 1 1 1 1 1 1 1 1 1 8 9 9 9 9 9 9 9 9 9 9: 4.60855,  0 0 0 0 1 1 1 1 1 1 1 8 8 8 8 9 9 9 9 9 9 9: -43.6941,  0 0 0 0 0 1 1 1 1 1 1 8 8 8 8 8 9 9 9 9 9 9: -43.6941,  0 0 0 1 1 1 1 1 1 1 8 8 8 9 9 9 9 9 9 9: -44.7901,  0 0 0 0 0 0 0 0 0 0 8 8 8 8 8 8 8 8 8 8: -0.775059,  0 0 0 0 0 0 0 0 1 1 8 8 8 8 8 8 8 8 9 9: -32.6018,  0 1 1 1 1 1 1 1 1 1 8 9 9 9 9 9 9 9 9 9: 13.3235,  0 0 0 0 0 0 0 1 1 1 1 8 8 8 8 8 8 8 9 9 9 9: -33.3977, : 1, } 
trying to remove  0 0 0 1 1 1 1 1 1 1 8 8 8 9 9 9 9 9 9 9 (order 19)
new main equation:
{  0 0 0 0 0 0 0 0 0 1 1 8 8 8 8 8 8 8 8 8 9 9: -10.4735,  0 0 0 0 0 0 0 0 0 0 1 8 8 8 8 8 8 8 8 8 8 9: -10.4735,  1 1 1 1 1 1 1 1 1 1 1 9 9 9 9 9 9 9 9 9 9 9: 4.60855,  0 0 1 1 1 1 1 1 1 1 1 8 8 9 9 9 9 9 9 9 9 9: -2.87527,  0 0 0 1 1 1 1 1 1 1 1 8 8 8 9 9 9 9 9 9 9 9: -47.6653,  0 0 0 0 0 0 0 0 1 1 1 8 8 8 8 8 8 8 8 9 9 9: -33.3977,  0 1 1 1 1 1 1 1 1 1 1 8 9 9 9 9 9 9 9 9 9 9: 4.60855,  0 0 0 0 1 1 1 1 1 1 1 8 8 8 8 9 9 9 9 9 9 9: -88.4842,  0 0 0 0 0 1 1 1 1 1 1 8 8 8 8 8 9 9 9 9 9 9: -43.6941,  0 0 0 0 0 0 0 0 0 0 8 8 8 8 8 8 8 8 8 8: -0.775059,  0 0 0 0 0 0 0 0 1 1 8 8 8 8 8 8 8 8 9 9: -32.6018,  0 1 1 1 1 1 1 1 1 1 8 9 9 9 9 9 9 9 9 9: 13.3235,  0 0 0 0 0 0 0 1 1 1 1 8 8 8 8 8 8 8 9 9 9 9: -33.3977, : 1, } 
trying to remove  0 0 0 0 0 0 0 0 0 0 8 8 8 8 8 8 8 8 8 8 (order 19)
new main equation:
{  0 0 0 0 0 0 0 0 0 0 0 8 8 8 8 8 8 8 8 8 8 8: -0.775059,  0 0 0 0 0 0 0 0 0 1 1 8 8 8 8 8 8 8 8 8 9 9: -10.4735,  0 0 0 0 0 0 0 0 0 0 1 8 8 8 8 8 8 8 8 8 8 9: -11.2486,  1 1 1 1 1 1 1 1 1 1 1 9 9 9 9 9 9 9 9 9 9 9: 4.60855,  0 0 1 1 1 1 1 1 1 1 1 8 8 9 9 9 9 9 9 9 9 9: -2.87527,  0 0 0 1 1 1 1 1 1 1 1 8 8 8 9 9 9 9 9 9 9 9: -47.6653,  0 0 0 0 0 0 0 0 1 1 1 8 8 8 8 8 8 8 8 9 9 9: -33.3977,  0 1 1 1 1 1 1 1 1 1 1 8 9 9 9 9 9 9 9 9 9 9: 4.60855,  0 0 0 0 1 1 1 1 1 1 1 8 8 8 8 9 9 9 9 9 9 9: -88.4842,  0 0 0 0 0 1 1 1 1 1 1 8 8 8 8 8 9 9 9 9 9 9: -43.6941,  0 0 0 0 0 0 0 0 1 1 8 8 8 8 8 8 8 8 9 9: -32.6018,  0 1 1 1 1 1 1 1 1 1 8 9 9 9 9 9 9 9 9 9: 13.3235,  0 0 0 0 0 0 0 1 1 1 1 8 8 8 8 8 8 8 9 9 9 9: -33.3977, : 1, } 
trying to remove  0 0 0 0 0 0 0 0 1 1 8 8 8 8 8 8 8 8 9 9 (order 19)
new main equation:
{  0 0 0 0 0 0 0 0 0 0 0 8 8 8 8 8 8 8 8 8 8 8: -0.775059,  0 0 0 0 0 0 0 0 0 1 1 8 8 8 8 8 8 8 8 8 9 9: -43.0754,  0 0 0 0 0 0 0 0 0 0 1 8 8 8 8 8 8 8 8 8 8 9: -11.2486,  1 1 1 1 1 1 1 1 1 1 1 9 9 9 9 9 9 9 9 9 9 9: 4.60855,  0 0 1 1 1 1 1 1 1 1 1 8 8 9 9 9 9 9 9 9 9 9: -2.87527,  0 0 0 1 1 1 1 1 1 1 1 8 8 8 9 9 9 9 9 9 9 9: -47.6653,  0 0 0 0 0 0 0 0 1 1 1 8 8 8 8 8 8 8 8 9 9 9: -65.9995,  0 1 1 1 1 1 1 1 1 1 1 8 9 9 9 9 9 9 9 9 9 9: 4.60855,  0 0 0 0 1 1 1 1 1 1 1 8 8 8 8 9 9 9 9 9 9 9: -88.4842,  0 0 0 0 0 1 1 1 1 1 1 8 8 8 8 8 9 9 9 9 9 9: -43.6941,  0 1 1 1 1 1 1 1 1 1 8 9 9 9 9 9 9 9 9 9: 13.3235,  0 0 0 0 0 0 0 1 1 1 1 8 8 8 8 8 8 8 9 9 9 9: -33.3977, : 1, } 
trying to remove  0 1 1 1 1 1 1 1 1 1 8 9 9 9 9 9 9 9 9 9 (order 19)
new main equation:
{  0 0 0 0 0 0 0 0 0 0 0 8 8 8 8 8 8 8 8 8 8 8: -0.775059,  0 0 0 0 0 0 0 0 0 1 1 8 8 8 8 8 8 8 8 8 9 9: -43.0754,  0 0 0 0 0 0 0 0 0 0 1 8 8 8 8 8 8 8 8 8 8 9: -11.2486,  1 1 1 1 1 1 1 1 1 1 1 9 9 9 9 9 9 9 9 9 9 9: 4.60855,  0 0 1 1 1 1 1 1 1 1 1 8 8 9 9 9 9 9 9 9 9 9: 10.4483,  0 0 0 1 1 1 1 1 1 1 1 8 8 8 9 9 9 9 9 9 9 9: -47.6653,  0 0 0 0 0 0 0 0 1 1 1 8 8 8 8 8 8 8 8 9 9 9: -65.9995,  0 1 1 1 1 1 1 1 1 1 1 8 9 9 9 9 9 9 9 9 9 9: 17.9321,  0 0 0 0 1 1 1 1 1 1 1 8 8 8 8 9 9 9 9 9 9 9: -88.4842,  0 0 0 0 0 1 1 1 1 1 1 8 8 8 8 8 9 9 9 9 9 9: -43.6941,  0 0 0 0 0 0 0 1 1 1 1 8 8 8 8 8 8 8 9 9 9 9: -33.3977, : 1, } 
checking for terms of order 20
checking for terms of order 21
trying to remove  0 0 0 0 0 0 0 0 0 0 0 8 8 8 8 8 8 8 8 8 8 8 (order 21)
new main equation:
{  0 0 0 0 0 0 0 0 0 0 0 1 8 8 8 8 8 8 8 8 8 8 8 9: -0.775059,  0 0 0 0 0 0 0 0 0 1 1 8 8 8 8 8 8 8 8 8 9 9: -43.0754,  0 0 0 0 0 0 0 0 0 0 1 8 8 8 8 8 8 8 8 8 8 9: -11.2486,  1 1 1 1 1 1 1 1 1 1 1 9 9 9 9 9 9 9 9 9 9 9: 4.60855,  0 0 1 1 1 1 1 1 1 1 1 8 8 9 9 9 9 9 9 9 9 9: 10.4483,  0 0 0 0 0 0 0 0 0 0 0 0 8 8 8 8 8 8 8 8 8 8 8 8: -0.775059,  0 0 0 1 1 1 1 1 1 1 1 8 8 8 9 9 9 9 9 9 9 9: -47.6653,  0 0 0 0 0 0 0 0 1 1 1 8 8 8 8 8 8 8 8 9 9 9: -65.9995,  0 1 1 1 1 1 1 1 1 1 1 8 9 9 9 9 9 9 9 9 9 9: 17.9321,  0 0 0 0 1 1 1 1 1 1 1 8 8 8 8 9 9 9 9 9 9 9: -88.4842,  0 0 0 0 0 1 1 1 1 1 1 8 8 8 8 8 9 9 9 9 9 9: -43.6941,  0 0 0 0 0 0 0 1 1 1 1 8 8 8 8 8 8 8 9 9 9 9: -33.3977, : 1, } 
trying to remove  0 0 0 0 0 0 0 0 0 1 1 8 8 8 8 8 8 8 8 8 9 9 (order 21)
new main equation:
{  0 0 0 0 0 0 0 0 0 1 1 1 8 8 8 8 8 8 8 8 8 9 9 9: -43.0754,  0 0 0 0 0 0 0 0 0 0 1 1 8 8 8 8 8 8 8 8 8 8 9 9: -43.0754,  0 0 0 0 0 0 0 0 0 0 0 1 8 8 8 8 8 8 8 8 8 8 8 9: -0.775059,  0 0 0 0 0 0 0 0 0 0 1 8 8 8 8 8 8 8 8 8 8 9: -11.2486,  1 1 1 1 1 1 1 1 1 1 1 9 9 9 9 9 9 9 9 9 9 9: 4.60855,  0 0 1 1 1 1 1 1 1 1 1 8 8 9 9 9 9 9 9 9 9 9: 10.4483,  0 0 0 0 0 0 0 0 0 0 0 0 8 8 8 8 8 8 8 8 8 8 8 8: -0.775059,  0 0 0 1 1 1 1 1 1 1 1 8 8 8 9 9 9 9 9 9 9 9: -47.6653,  0 0 0 0 0 0 0 0 1 1 1 8 8 8 8 8 8 8 8 9 9 9: -65.9995,  0 1 1 1 1 1 1 1 1 1 1 8 9 9 9 9 9 9 9 9 9 9: 17.9321,  0 0 0 0 1 1 1 1 1 1 1 8 8 8 8 9 9 9 9 9 9 9: -88.4842,  0 0 0 0 0 1 1 1 1 1 1 8 8 8 8 8 9 9 9 9 9 9: -43.6941,  0 0 0 0 0 0 0 1 1 1 1 8 8 8 8 8 8 8 9 9 9 9: -33.3977, : 1, } 
trying to remove  0 0 0 0 0 0 0 0 0 0 1 8 8 8 8 8 8 8 8 8 8 9 (order 21)
new main equation:
{  0 0 0 0 0 0 0 0 0 1 1 1 8 8 8 8 8 8 8 8 8 9 9 9: -43.0754,  0 0 0 0 0 0 0 0 0 0 1 1 8 8 8 8 8 8 8 8 8 8 9 9: -54.324,  0 0 0 0 0 0 0 0 0 0 0 1 8 8 8 8 8 8 8 8 8 8 8 9: -12.0237,  1 1 1 1 1 1 1 1 1 1 1 9 9 9 9 9 9 9 9 9 9 9: 4.60855,  0 0 1 1 1 1 1 1 1 1 1 8 8 9 9 9 9 9 9 9 9 9: 10.4483,  0 0 0 0 0 0 0 0 0 0 0 0 8 8 8 8 8 8 8 8 8 8 8 8: -0.775059,  0 0 0 1 1 1 1 1 1 1 1 8 8 8 9 9 9 9 9 9 9 9: -47.6653,  0 0 0 0 0 0 0 0 1 1 1 8 8 8 8 8 8 8 8 9 9 9: -65.9995,  0 1 1 1 1 1 1 1 1 1 1 8 9 9 9 9 9 9 9 9 9 9: 17.9321,  0 0 0 0 1 1 1 1 1 1 1 8 8 8 8 9 9 9 9 9 9 9: -88.4842,  0 0 0 0 0 1 1 1 1 1 1 8 8 8 8 8 9 9 9 9 9 9: -43.6941,  0 0 0 0 0 0 0 1 1 1 1 8 8 8 8 8 8 8 9 9 9 9: -33.3977, : 1, } 
trying to remove  1 1 1 1 1 1 1 1 1 1 1 9 9 9 9 9 9 9 9 9 9 9 (order 21)
new main equation:
{  1 1 1 1 1 1 1 1 1 1 1 1 9 9 9 9 9 9 9 9 9 9 9 9: 4.60855,  0 1 1 1 1 1 1 1 1 1 1 1 8 9 9 9 9 9 9 9 9 9 9 9: 4.60855,  0 0 0 0 0 0 0 0 0 1 1 1 8 8 8 8 8 8 8 8 8 9 9 9: -43.0754,  0 0 0 0 0 0 0 0 0 0 1 1 8 8 8 8 8 8 8 8 8 8 9 9: -54.324,  0 0 0 0 0 0 0 0 0 0 0 1 8 8 8 8 8 8 8 8 8 8 8 9: -12.0237,  0 0 1 1 1 1 1 1 1 1 1 8 8 9 9 9 9 9 9 9 9 9: 10.4483,  0 0 0 0 0 0 0 0 0 0 0 0 8 8 8 8 8 8 8 8 8 8 8 8: -0.775059,  0 0 0 1 1 1 1 1 1 1 1 8 8 8 9 9 9 9 9 9 9 9: -47.6653,  0 0 0 0 0 0 0 0 1 1 1 8 8 8 8 8 8 8 8 9 9 9: -65.9995,  0 1 1 1 1 1 1 1 1 1 1 8 9 9 9 9 9 9 9 9 9 9: 17.9321,  0 0 0 0 1 1 1 1 1 1 1 8 8 8 8 9 9 9 9 9 9 9: -88.4842,  0 0 0 0 0 1 1 1 1 1 1 8 8 8 8 8 9 9 9 9 9 9: -43.6941,  0 0 0 0 0 0 0 1 1 1 1 8 8 8 8 8 8 8 9 9 9 9: -33.3977, : 1, } 
trying to remove  0 0 1 1 1 1 1 1 1 1 1 8 8 9 9 9 9 9 9 9 9 9 (order 21)
new main equation:
{  0 0 0 1 1 1 1 1 1 1 1 1 8 8 8 9 9 9 9 9 9 9 9 9: 10.4483,  1 1 1 1 1 1 1 1 1 1 1 1 9 9 9 9 9 9 9 9 9 9 9 9: 4.60855,  0 1 1 1 1 1 1 1 1 1 1 1 8 9 9 9 9 9 9 9 9 9 9 9: 4.60855,  0 0 0 0 0 0 0 0 0 1 1 1 8 8 8 8 8 8 8 8 8 9 9 9: -43.0754,  0 0 0 0 0 0 0 0 0 0 1 1 8 8 8 8 8 8 8 8 8 8 9 9: -54.324,  0 0 0 0 0 0 0 0 0 0 0 1 8 8 8 8 8 8 8 8 8 8 8 9: -12.0237,  0 0 0 0 0 0 0 0 0 0 0 0 8 8 8 8 8 8 8 8 8 8 8 8: -0.775059,  0 0 0 1 1 1 1 1 1 1 1 8 8 8 9 9 9 9 9 9 9 9: -47.6653,  0 0 0 0 0 0 0 0 1 1 1 8 8 8 8 8 8 8 8 9 9 9: -65.9995,  0 1 1 1 1 1 1 1 1 1 1 8 9 9 9 9 9 9 9 9 9 9: 17.9321,  0 0 0 0 1 1 1 1 1 1 1 8 8 8 8 9 9 9 9 9 9 9: -88.4842,  0 0 0 0 0 1 1 1 1 1 1 8 8 8 8 8 9 9 9 9 9 9: -43.6941,  0 0 1 1 1 1 1 1 1 1 1 1 8 8 9 9 9 9 9 9 9 9 9 9: 10.4483,  0 0 0 0 0 0 0 1 1 1 1 8 8 8 8 8 8 8 9 9 9 9: -33.3977, : 1, } 
trying to remove  0 0 0 1 1 1 1 1 1 1 1 8 8 8 9 9 9 9 9 9 9 9 (order 21)
new main equation:
{  0 0 0 0 1 1 1 1 1 1 1 1 8 8 8 8 9 9 9 9 9 9 9 9: -47.6653,  0 0 0 1 1 1 1 1 1 1 1 1 8 8 8 9 9 9 9 9 9 9 9 9: -37.2171,  1 1 1 1 1 1 1 1 1 1 1 1 9 9 9 9 9 9 9 9 9 9 9 9: 4.60855,  0 1 1 1 1 1 1 1 1 1 1 1 8 9 9 9 9 9 9 9 9 9 9 9: 4.60855,  0 0 0 0 0 0 0 0 0 1 1 1 8 8 8 8 8 8 8 8 8 9 9 9: -43.0754,  0 0 0 0 0 0 0 0 0 0 1 1 8 8 8 8 8 8 8 8 8 8 9 9: -54.324,  0 0 0 0 0 0 0 0 0 0 0 1 8 8 8 8 8 8 8 8 8 8 8 9: -12.0237,  0 0 0 0 0 0 0 0 0 0 0 0 8 8 8 8 8 8 8 8 8 8 8 8: -0.775059,  0 0 0 0 0 0 0 0 1 1 1 8 8 8 8 8 8 8 8 9 9 9: -65.9995,  0 1 1 1 1 1 1 1 1 1 1 8 9 9 9 9 9 9 9 9 9 9: 17.9321,  0 0 0 0 1 1 1 1 1 1 1 8 8 8 8 9 9 9 9 9 9 9: -88.4842,  0 0 0 0 0 1 1 1 1 1 1 8 8 8 8 8 9 9 9 9 9 9: -43.6941,  0 0 1 1 1 1 1 1 1 1 1 1 8 8 9 9 9 9 9 9 9 9 9 9: 10.4483,  0 0 0 0 0 0 0 1 1 1 1 8 8 8 8 8 8 8 9 9 9 9: -33.3977, : 1, } 
trying to remove  0 0 0 0 0 0 0 0 1 1 1 8 8 8 8 8 8 8 8 9 9 9 (order 21)
new main equation:
{  0 0 0 0 1 1 1 1 1 1 1 1 8 8 8 8 9 9 9 9 9 9 9 9: -47.6653,  0 0 0 1 1 1 1 1 1 1 1 1 8 8 8 9 9 9 9 9 9 9 9 9: -37.2171,  1 1 1 1 1 1 1 1 1 1 1 1 9 9 9 9 9 9 9 9 9 9 9 9: 4.60855,  0 1 1 1 1 1 1 1 1 1 1 1 8 9 9 9 9 9 9 9 9 9 9 9: 4.60855,  0 0 0 0 0 0 0 0 0 1 1 1 8 8 8 8 8 8 8 8 8 9 9 9: -109.075,  0 0 0 0 0 0 0 0 0 0 1 1 8 8 8 8 8 8 8 8 8 8 9 9: -54.324,  0 0 0 0 0 0 0 0 0 0 0 1 8 8 8 8 8 8 8 8 8 8 8 9: -12.0237,  0 0 0 0 0 0 0 0 1 1 1 1 8 8 8 8 8 8 8 8 9 9 9 9: -65.9995,  0 0 0 0 0 0 0 0 0 0 0 0 8 8 8 8 8 8 8 8 8 8 8 8: -0.775059,  0 1 1 1 1 1 1 1 1 1 1 8 9 9 9 9 9 9 9 9 9 9: 17.9321,  0 0 0 0 1 1 1 1 1 1 1 8 8 8 8 9 9 9 9 9 9 9: -88.4842,  0 0 0 0 0 1 1 1 1 1 1 8 8 8 8 8 9 9 9 9 9 9: -43.6941,  0 0 1 1 1 1 1 1 1 1 1 1 8 8 9 9 9 9 9 9 9 9 9 9: 10.4483,  0 0 0 0 0 0 0 1 1 1 1 8 8 8 8 8 8 8 9 9 9 9: -33.3977, : 1, } 
trying to remove  0 1 1 1 1 1 1 1 1 1 1 8 9 9 9 9 9 9 9 9 9 9 (order 21)
new main equation:
{  0 0 0 0 1 1 1 1 1 1 1 1 8 8 8 8 9 9 9 9 9 9 9 9: -47.6653,  0 0 0 1 1 1 1 1 1 1 1 1 8 8 8 9 9 9 9 9 9 9 9 9: -37.2171,  1 1 1 1 1 1 1 1 1 1 1 1 9 9 9 9 9 9 9 9 9 9 9 9: 4.60855,  0 1 1 1 1 1 1 1 1 1 1 1 8 9 9 9 9 9 9 9 9 9 9 9: 22.5406,  0 0 0 0 0 0 0 0 0 1 1 1 8 8 8 8 8 8 8 8 8 9 9 9: -109.075,  0 0 0 0 0 0 0 0 0 0 1 1 8 8 8 8 8 8 8 8 8 8 9 9: -54.324,  0 0 0 0 0 0 0 0 0 0 0 1 8 8 8 8 8 8 8 8 8 8 8 9: -12.0237,  0 0 0 0 0 0 0 0 1 1 1 1 8 8 8 8 8 8 8 8 9 9 9 9: -65.9995,  0 0 0 0 0 0 0 0 0 0 0 0 8 8 8 8 8 8 8 8 8 8 8 8: -0.775059,  0 0 0 0 1 1 1 1 1 1 1 8 8 8 8 9 9 9 9 9 9 9: -88.4842,  0 0 0 0 0 1 1 1 1 1 1 8 8 8 8 8 9 9 9 9 9 9: -43.6941,  0 0 1 1 1 1 1 1 1 1 1 1 8 8 9 9 9 9 9 9 9 9 9 9: 28.3803,  0 0 0 0 0 0 0 1 1 1 1 8 8 8 8 8 8 8 9 9 9 9: -33.3977, : 1, } 
trying to remove  0 0 0 0 1 1 1 1 1 1 1 8 8 8 8 9 9 9 9 9 9 9 (order 21)
new main equation:
{  0 0 0 0 0 1 1 1 1 1 1 1 8 8 8 8 8 9 9 9 9 9 9 9: -88.4842,  0 0 0 0 1 1 1 1 1 1 1 1 8 8 8 8 9 9 9 9 9 9 9 9: -136.15,  0 0 0 1 1 1 1 1 1 1 1 1 8 8 8 9 9 9 9 9 9 9 9 9: -37.2171,  1 1 1 1 1 1 1 1 1 1 1 1 9 9 9 9 9 9 9 9 9 9 9 9: 4.60855,  0 1 1 1 1 1 1 1 1 1 1 1 8 9 9 9 9 9 9 9 9 9 9 9: 22.5406,  0 0 0 0 0 0 0 0 0 1 1 1 8 8 8 8 8 8 8 8 8 9 9 9: -109.075,  0 0 0 0 0 0 0 0 0 0 1 1 8 8 8 8 8 8 8 8 8 8 9 9: -54.324,  0 0 0 0 0 0 0 0 0 0 0 1 8 8 8 8 8 8 8 8 8 8 8 9: -12.0237,  0 0 0 0 0 0 0 0 1 1 1 1 8 8 8 8 8 8 8 8 9 9 9 9: -65.9995,  0 0 0 0 0 0 0 0 0 0 0 0 8 8 8 8 8 8 8 8 8 8 8 8: -0.775059,  0 0 0 0 0 1 1 1 1 1 1 8 8 8 8 8 9 9 9 9 9 9: -43.6941,  0 0 1 1 1 1 1 1 1 1 1 1 8 8 9 9 9 9 9 9 9 9 9 9: 28.3803,  0 0 0 0 0 0 0 1 1 1 1 8 8 8 8 8 8 8 9 9 9 9: -33.3977, : 1, } 
trying to remove  0 0 0 0 0 1 1 1 1 1 1 8 8 8 8 8 9 9 9 9 9 9 (order 21)
new main equation:
{  0 0 0 0 0 0 1 1 1 1 1 8 8 8 8 8 8 9 9 9 9 9: 11.449,  0 0 0 0 0 1 1 1 1 1 1 1 8 8 8 8 8 9 9 9 9 9 9 9: -13.0844,  0 0 0 0 1 1 1 1 1 1 1 1 8 8 8 8 9 9 9 9 9 9 9 9: 14.2205,  0 0 0 1 1 1 1 1 1 1 1 1 8 8 8 9 9 9 9 9 9 9 9 9: 82.0403,  1 1 1 1 1 1 1 1 1 1 1 1 9 9 9 9 9 9 9 9 9 9 9 9: 6.64815,  0 1 1 1 1 1 1 1 1 1 1 1 8 9 9 9 9 9 9 9 9 9 9 9: 39.0914,  0 0 0 0 0 0 0 0 0 1 1 1 8 8 8 8 8 8 8 8 8 9 9 9: -110.499,  0 0 0 0 0 0 0 0 0 0 1 1 8 8 8 8 8 8 8 8 8 8 9 9: -54.2925,  0 0 0 0 0 0 0 0 0 0 0 1 8 8 8 8 8 8 8 8 8 8 8 9: -11.8955,  0 0 0 0 0 0 0 0 1 1 1 1 8 8 8 8 8 8 8 8 9 9 9 9: -67.3496,  0 0 0 0 0 0 0 0 0 0 0 0 8 8 8 8 8 8 8 8 8 8 8 8: -0.752516,  0 0 1 1 1 1 1 1 1 1 1 1 8 8 9 9 9 9 9 9 9 9 9 9: 87.1787,  0 0 0 0 0 0 0 1 1 1 1 8 8 8 8 8 8 8 9 9 9 9: -34.5905, : 1, } 
trying to remove  0 0 0 0 0 0 1 1 1 1 1 8 8 8 8 8 8 9 9 9 9 9 (order 21)
new main equation:
{  0 0 0 0 0 1 1 1 1 1 1 1 8 8 8 8 8 9 9 9 9 9 9 9: 1.79959,  0 0 0 0 1 1 1 1 1 1 1 1 8 8 8 8 9 9 9 9 9 9 9 9: 47.0161,  0 0 0 1 1 1 1 1 1 1 1 1 8 8 8 9 9 9 9 9 9 9 9 9: 110.133,  1 1 1 1 1 1 1 1 1 1 1 1 9 9 9 9 9 9 9 9 9 9 9 9: 6.98831,  0 1 1 1 1 1 1 1 1 1 1 1 8 9 9 9 9 9 9 9 9 9 9 9: 42.3603,  0 0 0 0 0 0 0 0 0 1 1 1 8 8 8 8 8 8 8 8 8 9 9 9: -114.47,  0 0 0 0 0 0 0 0 0 0 1 1 8 8 8 8 8 8 8 8 8 8 9 9: -54.6098,  0 0 0 0 0 0 0 0 0 0 0 1 8 8 8 8 8 8 8 8 8 8 8 9: -11.8541,  0 0 0 0 0 0 0 0 1 1 1 1 8 8 8 8 8 8 8 8 9 9 9 9: -70.9573,  0 0 0 0 0 0 0 0 0 0 0 0 8 8 8 8 8 8 8 8 8 8 8 8: -0.756594,  0 0 1 1 1 1 1 1 1 1 1 1 8 8 9 9 9 9 9 9 9 9 9 9: 100.288,  0 0 0 0 0 0 0 1 1 1 1 8 8 8 8 8 8 8 9 9 9 9: -44.6699, : 1, } 
trying to remove  0 0 0 0 0 0 0 1 1 1 1 8 8 8 8 8 8 8 9 9 9 9 (order 21)
new main equation:
{  0 0 0 0 0 1 1 1 1 1 1 1 8 8 8 8 8 9 9 9 9 9 9 9: 1.79959,  0 0 0 0 1 1 1 1 1 1 1 1 8 8 8 8 9 9 9 9 9 9 9 9: 47.0161,  0 0 0 1 1 1 1 1 1 1 1 1 8 8 8 9 9 9 9 9 9 9 9 9: 110.133,  1 1 1 1 1 1 1 1 1 1 1 1 9 9 9 9 9 9 9 9 9 9 9 9: 6.98831,  0 1 1 1 1 1 1 1 1 1 1 1 8 9 9 9 9 9 9 9 9 9 9 9: 42.3603,  0 0 0 0 0 0 0 1 1 1 1 1 8 8 8 8 8 8 8 9 9 9 9 9: -44.6699,  0 0 0 0 0 0 0 0 0 1 1 1 8 8 8 8 8 8 8 8 8 9 9 9: -114.47,  0 0 0 0 0 0 0 0 0 0 1 1 8 8 8 8 8 8 8 8 8 8 9 9: -54.6098,  0 0 0 0 0 0 0 0 0 0 0 1 8 8 8 8 8 8 8 8 8 8 8 9: -11.8541,  0 0 0 0 0 0 0 0 1 1 1 1 8 8 8 8 8 8 8 8 9 9 9 9: -115.627,  0 0 0 0 0 0 0 0 0 0 0 0 8 8 8 8 8 8 8 8 8 8 8 8: -0.756594,  0 0 1 1 1 1 1 1 1 1 1 1 8 8 9 9 9 9 9 9 9 9 9 9: 100.288, : 1, } 
checking for terms of order 22
checking for terms of order 23
trying to remove  0 0 0 0 0 1 1 1 1 1 1 1 8 8 8 8 8 9 9 9 9 9 9 9 (order 23)
new main equation:
{  0 0 0 0 1 1 1 1 1 1 1 1 8 8 8 8 9 9 9 9 9 9 9 9: 44.5558,  0 0 0 1 1 1 1 1 1 1 1 1 8 8 8 9 9 9 9 9 9 9 9 9: 108.154,  1 1 1 1 1 1 1 1 1 1 1 1 9 9 9 9 9 9 9 9 9 9 9 9: 6.95634,  0 1 1 1 1 1 1 1 1 1 1 1 8 9 9 9 9 9 9 9 9 9 9 9: 42.0941,  0 0 0 0 0 0 0 1 1 1 1 1 8 8 8 8 8 8 8 9 9 9 9 9: -44.5185,  0 0 0 0 0 0 0 0 0 1 1 1 8 8 8 8 8 8 8 8 8 9 9 9: -114.397,  0 0 0 0 0 0 0 0 0 0 1 1 8 8 8 8 8 8 8 8 8 8 9 9: -54.606,  0 0 0 0 0 0 0 0 0 0 0 1 8 8 8 8 8 8 8 8 8 8 8 9: -11.8563,  0 0 0 0 0 0 0 0 1 1 1 1 8 8 8 8 8 8 8 8 9 9 9 9: -115.409,  0 0 0 0 0 0 0 0 0 0 0 0 8 8 8 8 8 8 8 8 8 8 8 8: -0.756842,  0 0 0 0 0 0 1 1 1 1 1 1 8 8 8 8 8 8 9 9 9 9 9 9: -0.586899,  0 0 1 1 1 1 1 1 1 1 1 1 8 8 9 9 9 9 9 9 9 9 9 9: 99.3226, : 1, } 
trying to remove  0 0 0 0 1 1 1 1 1 1 1 1 8 8 8 8 9 9 9 9 9 9 9 9 (order 23)
new main equation:
{  0 0 0 0 0 1 1 1 1 1 1 1 1 8 8 8 8 8 9 9 9 9 9 9 9 9: 44.5558,  0 0 0 1 1 1 1 1 1 1 1 1 8 8 8 9 9 9 9 9 9 9 9 9: 108.154,  1 1 1 1 1 1 1 1 1 1 1 1 9 9 9 9 9 9 9 9 9 9 9 9: 6.95634,  0 1 1 1 1 1 1 1 1 1 1 1 8 9 9 9 9 9 9 9 9 9 9 9: 42.0941,  0 0 0 0 0 0 0 1 1 1 1 1 8 8 8 8 8 8 8 9 9 9 9 9: -44.5185,  0 0 0 0 0 0 0 0 0 1 1 1 8 8 8 8 8 8 8 8 8 9 9 9: -114.397,  0 0 0 0 1 1 1 1 1 1 1 1 1 8 8 8 8 9 9 9 9 9 9 9 9 9: 44.5558,  0 0 0 0 0 0 0 0 0 0 1 1 8 8 8 8 8 8 8 8 8 8 9 9: -54.606,  0 0 0 0 0 0 0 0 0 0 0 1 8 8 8 8 8 8 8 8 8 8 8 9: -11.8563,  0 0 0 0 0 0 0 0 1 1 1 1 8 8 8 8 8 8 8 8 9 9 9 9: -115.409,  0 0 0 0 0 0 0 0 0 0 0 0 8 8 8 8 8 8 8 8 8 8 8 8: -0.756842,  0 0 0 0 0 0 1 1 1 1 1 1 8 8 8 8 8 8 9 9 9 9 9 9: -0.586899,  0 0 1 1 1 1 1 1 1 1 1 1 8 8 9 9 9 9 9 9 9 9 9 9: 99.3226, : 1, } 
trying to remove  0 0 0 1 1 1 1 1 1 1 1 1 8 8 8 9 9 9 9 9 9 9 9 9 (order 23)
new main equation:
{  0 0 0 1 1 1 1 1 1 1 1 1 1 8 8 8 9 9 9 9 9 9 9 9 9 9: 108.154,  0 0 0 0 0 1 1 1 1 1 1 1 1 8 8 8 8 8 9 9 9 9 9 9 9 9: 44.5558,  1 1 1 1 1 1 1 1 1 1 1 1 9 9 9 9 9 9 9 9 9 9 9 9: 6.95634,  0 1 1 1 1 1 1 1 1 1 1 1 8 9 9 9 9 9 9 9 9 9 9 9: 42.0941,  0 0 0 0 0 0 0 1 1 1 1 1 8 8 8 8 8 8 8 9 9 9 9 9: -44.5185,  0 0 0 0 0 0 0 0 0 1 1 1 8 8 8 8 8 8 8 8 8 9 9 9: -114.397,  0 0 0 0 1 1 1 1 1 1 1 1 1 8 8 8 8 9 9 9 9 9 9 9 9 9: 152.71,  0 0 0 0 0 0 0 0 0 0 1 1 8 8 8 8 8 8 8 8 8 8 9 9: -54.606,  0 0 0 0 0 0 0 0 0 0 0 1 8 8 8 8 8 8 8 8 8 8 8 9: -11.8563,  0 0 0 0 0 0 0 0 1 1 1 1 8 8 8 8 8 8 8 8 9 9 9 9: -115.409,  0 0 0 0 0 0 0 0 0 0 0 0 8 8 8 8 8 8 8 8 8 8 8 8: -0.756842,  0 0 0 0 0 0 1 1 1 1 1 1 8 8 8 8 8 8 9 9 9 9 9 9: -0.586899,  0 0 1 1 1 1 1 1 1 1 1 1 8 8 9 9 9 9 9 9 9 9 9 9: 99.3226, : 1, } 
trying to remove  1 1 1 1 1 1 1 1 1 1 1 1 9 9 9 9 9 9 9 9 9 9 9 9 (order 23)
new main equation:
{  1 1 1 1 1 1 1 1 1 1 1 1 1 9 9 9 9 9 9 9 9 9 9 9 9 9: 6.95634,  0 1 1 1 1 1 1 1 1 1 1 1 1 8 9 9 9 9 9 9 9 9 9 9 9 9: 6.95634,  0 0 0 1 1 1 1 1 1 1 1 1 1 8 8 8 9 9 9 9 9 9 9 9 9 9: 108.154,  0 0 0 0 0 1 1 1 1 1 1 1 1 8 8 8 8 8 9 9 9 9 9 9 9 9: 44.5558,  0 1 1 1 1 1 1 1 1 1 1 1 8 9 9 9 9 9 9 9 9 9 9 9: 42.0941,  0 0 0 0 0 0 0 1 1 1 1 1 8 8 8 8 8 8 8 9 9 9 9 9: -44.5185,  0 0 0 0 0 0 0 0 0 1 1 1 8 8 8 8 8 8 8 8 8 9 9 9: -114.397,  0 0 0 0 1 1 1 1 1 1 1 1 1 8 8 8 8 9 9 9 9 9 9 9 9 9: 152.71,  0 0 0 0 0 0 0 0 0 0 1 1 8 8 8 8 8 8 8 8 8 8 9 9: -54.606,  0 0 0 0 0 0 0 0 0 0 0 1 8 8 8 8 8 8 8 8 8 8 8 9: -11.8563,  0 0 0 0 0 0 0 0 1 1 1 1 8 8 8 8 8 8 8 8 9 9 9 9: -115.409,  0 0 0 0 0 0 0 0 0 0 0 0 8 8 8 8 8 8 8 8 8 8 8 8: -0.756842,  0 0 0 0 0 0 1 1 1 1 1 1 8 8 8 8 8 8 9 9 9 9 9 9: -0.586899,  0 0 1 1 1 1 1 1 1 1 1 1 8 8 9 9 9 9 9 9 9 9 9 9: 99.3226, : 1, } 
trying to remove  0 1 1 1 1 1 1 1 1 1 1 1 8 9 9 9 9 9 9 9 9 9 9 9 (order 23)
new main equation:
{  0 0 1 1 1 1 1 1 1 1 1 1 1 8 8 9 9 9 9 9 9 9 9 9 9 9: 42.0941,  1 1 1 1 1 1 1 1 1 1 1 1 1 9 9 9 9 9 9 9 9 9 9 9 9 9: 6.95634,  0 1 1 1 1 1 1 1 1 1 1 1 1 8 9 9 9 9 9 9 9 9 9 9 9 9: 49.0504,  0 0 0 1 1 1 1 1 1 1 1 1 1 8 8 8 9 9 9 9 9 9 9 9 9 9: 108.154,  0 0 0 0 0 1 1 1 1 1 1 1 1 8 8 8 8 8 9 9 9 9 9 9 9 9: 44.5558,  0 0 0 0 0 0 0 1 1 1 1 1 8 8 8 8 8 8 8 9 9 9 9 9: -44.5185,  0 0 0 0 0 0 0 0 0 1 1 1 8 8 8 8 8 8 8 8 8 9 9 9: -114.397,  0 0 0 0 1 1 1 1 1 1 1 1 1 8 8 8 8 9 9 9 9 9 9 9 9 9: 152.71,  0 0 0 0 0 0 0 0 0 0 1 1 8 8 8 8 8 8 8 8 8 8 9 9: -54.606,  0 0 0 0 0 0 0 0 0 0 0 1 8 8 8 8 8 8 8 8 8 8 8 9: -11.8563,  0 0 0 0 0 0 0 0 1 1 1 1 8 8 8 8 8 8 8 8 9 9 9 9: -115.409,  0 0 0 0 0 0 0 0 0 0 0 0 8 8 8 8 8 8 8 8 8 8 8 8: -0.756842,  0 0 0 0 0 0 1 1 1 1 1 1 8 8 8 8 8 8 9 9 9 9 9 9: -0.586899,  0 0 1 1 1 1 1 1 1 1 1 1 8 8 9 9 9 9 9 9 9 9 9 9: 99.3226, : 1, } 
trying to remove  0 0 0 0 0 0 0 1 1 1 1 1 8 8 8 8 8 8 8 9 9 9 9 9 (order 23)
new main equation:
{  0 0 1 1 1 1 1 1 1 1 1 1 1 8 8 9 9 9 9 9 9 9 9 9 9 9: 39.7513,  1 1 1 1 1 1 1 1 1 1 1 1 1 9 9 9 9 9 9 9 9 9 9 9 9 9: 6.78994,  0 1 1 1 1 1 1 1 1 1 1 1 1 8 9 9 9 9 9 9 9 9 9 9 9 9: 46.5412,  0 0 0 1 1 1 1 1 1 1 1 1 1 8 8 8 9 9 9 9 9 9 9 9 9 9: 82.4143,  0 0 0 0 0 1 1 1 1 1 1 1 1 8 8 8 8 8 9 9 9 9 9 9 9 9: 17.2266,  0 0 0 0 0 0 0 0 0 1 1 1 8 8 8 8 8 8 8 8 8 9 9 9: -106.995,  0 0 0 0 1 1 1 1 1 1 1 1 1 8 8 8 8 9 9 9 9 9 9 9 9 9: 99.6409,  0 0 0 0 0 0 0 0 0 0 1 1 8 8 8 8 8 8 8 8 8 8 9 9: -53.9789,  0 0 0 0 0 0 0 0 0 0 0 1 8 8 8 8 8 8 8 8 8 8 8 9: -11.9058,  0 0 0 0 0 0 0 0 1 1 1 1 8 8 8 8 8 8 8 8 9 9 9 9: -89.3165,  0 0 0 0 0 0 0 0 0 0 0 0 8 8 8 8 8 8 8 8 8 8 8 8: -0.743385,  0 0 0 0 0 0 1 1 1 1 1 1 8 8 8 8 8 8 9 9 9 9 9 9: 35.2084,  0 0 1 1 1 1 1 1 1 1 1 1 8 8 9 9 9 9 9 9 9 9 9 9: 88.0783, : 1, } 
trying to remove  0 0 0 0 0 0 0 0 0 1 1 1 8 8 8 8 8 8 8 8 8 9 9 9 (order 23)
new main equation:
{  0 0 1 1 1 1 1 1 1 1 1 1 1 8 8 9 9 9 9 9 9 9 9 9 9 9: 39.7513,  1 1 1 1 1 1 1 1 1 1 1 1 1 9 9 9 9 9 9 9 9 9 9 9 9 9: 6.78994,  0 1 1 1 1 1 1 1 1 1 1 1 1 8 9 9 9 9 9 9 9 9 9 9 9 9: 46.5412,  0 0 0 1 1 1 1 1 1 1 1 1 1 8 8 8 9 9 9 9 9 9 9 9 9 9: 82.4143,  0 0 0 0 0 0 0 0 0 0 1 1 1 8 8 8 8 8 8 8 8 8 8 9 9 9: -106.995,  0 0 0 0 0 1 1 1 1 1 1 1 1 8 8 8 8 8 9 9 9 9 9 9 9 9: 17.2266,  0 0 0 0 1 1 1 1 1 1 1 1 1 8 8 8 8 9 9 9 9 9 9 9 9 9: 99.6409,  0 0 0 0 0 0 0 0 0 0 1 1 8 8 8 8 8 8 8 8 8 8 9 9: -53.9789,  0 0 0 0 0 0 0 0 0 0 0 1 8 8 8 8 8 8 8 8 8 8 8 9: -11.9058,  0 0 0 0 0 0 0 0 0 1 1 1 1 8 8 8 8 8 8 8 8 8 9 9 9 9: -106.995,  0 0 0 0 0 0 0 0 1 1 1 1 8 8 8 8 8 8 8 8 9 9 9 9: -89.3165,  0 0 0 0 0 0 0 0 0 0 0 0 8 8 8 8 8 8 8 8 8 8 8 8: -0.743385,  0 0 0 0 0 0 1 1 1 1 1 1 8 8 8 8 8 8 9 9 9 9 9 9: 35.2084,  0 0 1 1 1 1 1 1 1 1 1 1 8 8 9 9 9 9 9 9 9 9 9 9: 88.0783, : 1, } 
trying to remove  0 0 0 0 0 0 0 0 0 0 1 1 8 8 8 8 8 8 8 8 8 8 9 9 (order 23)
new main equation:
{  0 0 0 0 0 0 0 0 0 0 0 1 1 8 8 8 8 8 8 8 8 8 8 8 9 9: -53.9789,  0 0 1 1 1 1 1 1 1 1 1 1 1 8 8 9 9 9 9 9 9 9 9 9 9 9: 39.7513,  1 1 1 1 1 1 1 1 1 1 1 1 1 9 9 9 9 9 9 9 9 9 9 9 9 9: 6.78994,  0 1 1 1 1 1 1 1 1 1 1 1 1 8 9 9 9 9 9 9 9 9 9 9 9 9: 46.5412,  0 0 0 1 1 1 1 1 1 1 1 1 1 8 8 8 9 9 9 9 9 9 9 9 9 9: 82.4143,  0 0 0 0 0 0 0 0 0 0 1 1 1 8 8 8 8 8 8 8 8 8 8 9 9 9: -160.974,  0 0 0 0 0 1 1 1 1 1 1 1 1 8 8 8 8 8 9 9 9 9 9 9 9 9: 17.2266,  0 0 0 0 1 1 1 1 1 1 1 1 1 8 8 8 8 9 9 9 9 9 9 9 9 9: 99.6409,  0 0 0 0 0 0 0 0 0 0 0 1 8 8 8 8 8 8 8 8 8 8 8 9: -11.9058,  0 0 0 0 0 0 0 0 0 1 1 1 1 8 8 8 8 8 8 8 8 8 9 9 9 9: -106.995,  0 0 0 0 0 0 0 0 1 1 1 1 8 8 8 8 8 8 8 8 9 9 9 9: -89.3165,  0 0 0 0 0 0 0 0 0 0 0 0 8 8 8 8 8 8 8 8 8 8 8 8: -0.743385,  0 0 0 0 0 0 1 1 1 1 1 1 8 8 8 8 8 8 9 9 9 9 9 9: 35.2084,  0 0 1 1 1 1 1 1 1 1 1 1 8 8 9 9 9 9 9 9 9 9 9 9: 88.0783, : 1, } 
trying to remove  0 0 0 0 0 0 0 0 0 0 0 1 8 8 8 8 8 8 8 8 8 8 8 9 (order 23)
new main equation:
{  0 0 0 0 0 0 0 0 0 0 0 0 1 8 8 8 8 8 8 8 8 8 8 8 8 9: -11.9058,  0 0 0 0 0 0 0 0 0 0 0 1 1 8 8 8 8 8 8 8 8 8 8 8 9 9: -65.8848,  0 0 1 1 1 1 1 1 1 1 1 1 1 8 8 9 9 9 9 9 9 9 9 9 9 9: 39.7513,  1 1 1 1 1 1 1 1 1 1 1 1 1 9 9 9 9 9 9 9 9 9 9 9 9 9: 6.78994,  0 1 1 1 1 1 1 1 1 1 1 1 1 8 9 9 9 9 9 9 9 9 9 9 9 9: 46.5412,  0 0 0 1 1 1 1 1 1 1 1 1 1 8 8 8 9 9 9 9 9 9 9 9 9 9: 82.4143,  0 0 0 0 0 0 0 0 0 0 1 1 1 8 8 8 8 8 8 8 8 8 8 9 9 9: -160.974,  0 0 0 0 0 1 1 1 1 1 1 1 1 8 8 8 8 8 9 9 9 9 9 9 9 9: 17.2266,  0 0 0 0 1 1 1 1 1 1 1 1 1 8 8 8 8 9 9 9 9 9 9 9 9 9: 99.6409,  0 0 0 0 0 0 0 0 0 1 1 1 1 8 8 8 8 8 8 8 8 8 9 9 9 9: -106.995,  0 0 0 0 0 0 0 0 1 1 1 1 8 8 8 8 8 8 8 8 9 9 9 9: -89.3165,  0 0 0 0 0 0 0 0 0 0 0 0 8 8 8 8 8 8 8 8 8 8 8 8: -0.743385,  0 0 0 0 0 0 1 1 1 1 1 1 8 8 8 8 8 8 9 9 9 9 9 9: 35.2084,  0 0 1 1 1 1 1 1 1 1 1 1 8 8 9 9 9 9 9 9 9 9 9 9: 88.0783, : 1, } 
trying to remove  0 0 0 0 0 0 0 0 1 1 1 1 8 8 8 8 8 8 8 8 9 9 9 9 (order 23)
new main equation:
{  0 0 0 0 0 0 0 0 0 0 0 0 1 8 8 8 8 8 8 8 8 8 8 8 8 9: -11.9058,  0 0 0 0 0 0 0 0 0 0 0 1 1 8 8 8 8 8 8 8 8 8 8 8 9 9: -65.8848,  0 0 1 1 1 1 1 1 1 1 1 1 1 8 8 9 9 9 9 9 9 9 9 9 9 9: 39.7513,  1 1 1 1 1 1 1 1 1 1 1 1 1 9 9 9 9 9 9 9 9 9 9 9 9 9: 6.78994,  0 1 1 1 1 1 1 1 1 1 1 1 1 8 9 9 9 9 9 9 9 9 9 9 9 9: 46.5412,  0 0 0 1 1 1 1 1 1 1 1 1 1 8 8 8 9 9 9 9 9 9 9 9 9 9: 82.4143,  0 0 0 0 0 0 0 0 1 1 1 1 1 8 8 8 8 8 8 8 8 9 9 9 9 9: -89.3165,  0 0 0 0 0 0 0 0 0 0 1 1 1 8 8 8 8 8 8 8 8 8 8 9 9 9: -160.974,  0 0 0 0 0 1 1 1 1 1 1 1 1 8 8 8 8 8 9 9 9 9 9 9 9 9: 17.2266,  0 0 0 0 1 1 1 1 1 1 1 1 1 8 8 8 8 9 9 9 9 9 9 9 9 9: 99.6409,  0 0 0 0 0 0 0 0 0 1 1 1 1 8 8 8 8 8 8 8 8 8 9 9 9 9: -196.312,  0 0 0 0 0 0 0 0 0 0 0 0 8 8 8 8 8 8 8 8 8 8 8 8: -0.743385,  0 0 0 0 0 0 1 1 1 1 1 1 8 8 8 8 8 8 9 9 9 9 9 9: 35.2084,  0 0 1 1 1 1 1 1 1 1 1 1 8 8 9 9 9 9 9 9 9 9 9 9: 88.0783, : 1, } 
trying to remove  0 0 0 0 0 0 0 0 0 0 0 0 8 8 8 8 8 8 8 8 8 8 8 8 (order 23)
new main equation:
{  0 0 0 0 0 0 0 0 0 0 0 0 0 8 8 8 8 8 8 8 8 8 8 8 8 8: -0.743385,  0 0 0 0 0 0 0 0 0 0 0 0 1 8 8 8 8 8 8 8 8 8 8 8 8 9: -12.6492,  0 0 0 0 0 0 0 0 0 0 0 1 1 8 8 8 8 8 8 8 8 8 8 8 9 9: -65.8848,  0 0 1 1 1 1 1 1 1 1 1 1 1 8 8 9 9 9 9 9 9 9 9 9 9 9: 39.7513,  1 1 1 1 1 1 1 1 1 1 1 1 1 9 9 9 9 9 9 9 9 9 9 9 9 9: 6.78994,  0 1 1 1 1 1 1 1 1 1 1 1 1 8 9 9 9 9 9 9 9 9 9 9 9 9: 46.5412,  0 0 0 1 1 1 1 1 1 1 1 1 1 8 8 8 9 9 9 9 9 9 9 9 9 9: 82.4143,  0 0 0 0 0 0 0 0 1 1 1 1 1 8 8 8 8 8 8 8 8 9 9 9 9 9: -89.3165,  0 0 0 0 0 0 0 0 0 0 1 1 1 8 8 8 8 8 8 8 8 8 8 9 9 9: -160.974,  0 0 0 0 0 1 1 1 1 1 1 1 1 8 8 8 8 8 9 9 9 9 9 9 9 9: 17.2266,  0 0 0 0 1 1 1 1 1 1 1 1 1 8 8 8 8 9 9 9 9 9 9 9 9 9: 99.6409,  0 0 0 0 0 0 0 0 0 1 1 1 1 8 8 8 8 8 8 8 8 8 9 9 9 9: -196.312,  0 0 0 0 0 0 1 1 1 1 1 1 8 8 8 8 8 8 9 9 9 9 9 9: 35.2084,  0 0 1 1 1 1 1 1 1 1 1 1 8 8 9 9 9 9 9 9 9 9 9 9: 88.0783, : 1, } 
trying to remove  0 0 0 0 0 0 1 1 1 1 1 1 8 8 8 8 8 8 9 9 9 9 9 9 (order 23)
new main equation:
{  0 0 0 0 0 0 1 1 1 1 1 1 1 8 8 8 8 8 8 9 9 9 9 9 9 9: 35.2084,  0 0 0 0 0 0 0 0 0 0 0 0 0 8 8 8 8 8 8 8 8 8 8 8 8 8: -0.743385,  0 0 0 0 0 0 0 0 0 0 0 0 1 8 8 8 8 8 8 8 8 8 8 8 8 9: -12.6492,  0 0 0 0 0 0 0 1 1 1 1 1 1 8 8 8 8 8 8 8 9 9 9 9 9 9: 35.2084,  0 0 0 0 0 0 0 0 0 0 0 1 1 8 8 8 8 8 8 8 8 8 8 8 9 9: -65.8848,  0 0 1 1 1 1 1 1 1 1 1 1 1 8 8 9 9 9 9 9 9 9 9 9 9 9: 39.7513,  1 1 1 1 1 1 1 1 1 1 1 1 1 9 9 9 9 9 9 9 9 9 9 9 9 9: 6.78994,  0 1 1 1 1 1 1 1 1 1 1 1 1 8 9 9 9 9 9 9 9 9 9 9 9 9: 46.5412,  0 0 0 1 1 1 1 1 1 1 1 1 1 8 8 8 9 9 9 9 9 9 9 9 9 9: 82.4143,  0 0 0 0 0 0 0 0 1 1 1 1 1 8 8 8 8 8 8 8 8 9 9 9 9 9: -89.3165,  0 0 0 0 0 0 0 0 0 0 1 1 1 8 8 8 8 8 8 8 8 8 8 9 9 9: -160.974,  0 0 0 0 0 1 1 1 1 1 1 1 1 8 8 8 8 8 9 9 9 9 9 9 9 9: 17.2266,  0 0 0 0 1 1 1 1 1 1 1 1 1 8 8 8 8 9 9 9 9 9 9 9 9 9: 99.6409,  0 0 0 0 0 0 0 0 0 1 1 1 1 8 8 8 8 8 8 8 8 8 9 9 9 9: -196.312,  0 0 1 1 1 1 1 1 1 1 1 1 8 8 9 9 9 9 9 9 9 9 9 9: 88.0783, : 1, } 
trying to remove  0 0 1 1 1 1 1 1 1 1 1 1 8 8 9 9 9 9 9 9 9 9 9 9 (order 23)
new main equation:
{  0 0 0 0 0 0 1 1 1 1 1 1 1 8 8 8 8 8 8 9 9 9 9 9 9 9: 35.2084,  0 0 0 0 0 0 0 0 0 0 0 0 0 8 8 8 8 8 8 8 8 8 8 8 8 8: -0.743385,  0 0 0 0 0 0 0 0 0 0 0 0 1 8 8 8 8 8 8 8 8 8 8 8 8 9: -12.6492,  0 0 0 0 0 0 0 1 1 1 1 1 1 8 8 8 8 8 8 8 9 9 9 9 9 9: 35.2084,  0 0 0 0 0 0 0 0 0 0 0 1 1 8 8 8 8 8 8 8 8 8 8 8 9 9: -65.8848,  0 0 1 1 1 1 1 1 1 1 1 1 1 8 8 9 9 9 9 9 9 9 9 9 9 9: 127.83,  1 1 1 1 1 1 1 1 1 1 1 1 1 9 9 9 9 9 9 9 9 9 9 9 9 9: 6.78994,  0 1 1 1 1 1 1 1 1 1 1 1 1 8 9 9 9 9 9 9 9 9 9 9 9 9: 46.5412,  0 0 0 1 1 1 1 1 1 1 1 1 1 8 8 8 9 9 9 9 9 9 9 9 9 9: 170.493,  0 0 0 0 0 0 0 0 1 1 1 1 1 8 8 8 8 8 8 8 8 9 9 9 9 9: -89.3165,  0 0 0 0 0 0 0 0 0 0 1 1 1 8 8 8 8 8 8 8 8 8 8 9 9 9: -160.974,  0 0 0 0 0 1 1 1 1 1 1 1 1 8 8 8 8 8 9 9 9 9 9 9 9 9: 17.2266,  0 0 0 0 1 1 1 1 1 1 1 1 1 8 8 8 8 9 9 9 9 9 9 9 9 9: 99.6409,  0 0 0 0 0 0 0 0 0 1 1 1 1 8 8 8 8 8 8 8 8 8 9 9 9 9: -196.312, : 1, } 
checking for terms of order 24
checking for terms of order 25
trying to remove  0 0 0 0 0 0 1 1 1 1 1 1 1 8 8 8 8 8 8 9 9 9 9 9 9 9 (order 25)
new main equation:
{  0 0 0 0 0 0 0 0 0 0 0 0 0 8 8 8 8 8 8 8 8 8 8 8 8 8: -0.747509,  0 0 0 0 0 0 0 0 0 0 0 0 1 8 8 8 8 8 8 8 8 8 8 8 8 9: -12.683,  0 0 0 0 0 0 0 1 1 1 1 1 1 8 8 8 8 8 8 8 9 9 9 9 9 9: 25.2611,  0 0 0 0 0 0 0 0 0 0 0 1 1 8 8 8 8 8 8 8 8 8 8 8 9 9: -65.8904,  0 0 1 1 1 1 1 1 1 1 1 1 1 8 8 9 9 9 9 9 9 9 9 9 9 9: 111.183,  1 1 1 1 1 1 1 1 1 1 1 1 1 9 9 9 9 9 9 9 9 9 9 9 9 9: 6.34919,  0 1 1 1 1 1 1 1 1 1 1 1 1 8 9 9 9 9 9 9 9 9 9 9 9 9: 42.4754,  0 0 0 1 1 1 1 1 1 1 1 1 1 8 8 8 9 9 9 9 9 9 9 9 9 9: 130.918,  0 0 0 0 0 0 0 0 1 1 1 1 1 8 8 8 8 8 8 8 8 9 9 9 9 9: -87.5021,  0 0 0 0 0 0 0 0 0 0 1 1 1 8 8 8 8 8 8 8 8 8 8 9 9 9: -160.287,  0 0 0 0 0 1 1 1 1 1 1 1 1 8 8 8 8 8 9 9 9 9 9 9 9 9: -41.2651,  0 0 0 0 1 1 1 1 1 1 1 1 1 8 8 8 8 9 9 9 9 9 9 9 9 9: 39.8568,  0 0 0 0 0 0 0 0 0 1 1 1 1 8 8 8 8 8 8 8 8 8 9 9 9 9: -193.834, : 1, } 
trying to remove  0 0 0 0 0 0 0 0 0 0 0 0 0 8 8 8 8 8 8 8 8 8 8 8 8 8 (order 25)
new main equation:
{  0 0 0 0 0 0 0 0 0 0 0 0 0 1 8 8 8 8 8 8 8 8 8 8 8 8 8 9: -0.747509,  0 0 0 0 0 0 0 0 0 0 0 0 0 0 8 8 8 8 8 8 8 8 8 8 8 8 8 8: -0.747509,  0 0 0 0 0 0 0 0 0 0 0 0 1 8 8 8 8 8 8 8 8 8 8 8 8 9: -12.683,  0 0 0 0 0 0 0 1 1 1 1 1 1 8 8 8 8 8 8 8 9 9 9 9 9 9: 25.2611,  0 0 0 0 0 0 0 0 0 0 0 1 1 8 8 8 8 8 8 8 8 8 8 8 9 9: -65.8904,  0 0 1 1 1 1 1 1 1 1 1 1 1 8 8 9 9 9 9 9 9 9 9 9 9 9: 111.183,  1 1 1 1 1 1 1 1 1 1 1 1 1 9 9 9 9 9 9 9 9 9 9 9 9 9: 6.34919,  0 1 1 1 1 1 1 1 1 1 1 1 1 8 9 9 9 9 9 9 9 9 9 9 9 9: 42.4754,  0 0 0 1 1 1 1 1 1 1 1 1 1 8 8 8 9 9 9 9 9 9 9 9 9 9: 130.918,  0 0 0 0 0 0 0 0 1 1 1 1 1 8 8 8 8 8 8 8 8 9 9 9 9 9: -87.5021,  0 0 0 0 0 0 0 0 0 0 1 1 1 8 8 8 8 8 8 8 8 8 8 9 9 9: -160.287,  0 0 0 0 0 1 1 1 1 1 1 1 1 8 8 8 8 8 9 9 9 9 9 9 9 9: -41.2651,  0 0 0 0 1 1 1 1 1 1 1 1 1 8 8 8 8 9 9 9 9 9 9 9 9 9: 39.8568,  0 0 0 0 0 0 0 0 0 1 1 1 1 8 8 8 8 8 8 8 8 8 9 9 9 9: -193.834, : 1, } 
trying to remove  0 0 0 0 0 0 0 0 0 0 0 0 1 8 8 8 8 8 8 8 8 8 8 8 8 9 (order 25)
new main equation:
{  0 0 0 0 0 0 0 0 0 0 0 0 1 1 8 8 8 8 8 8 8 8 8 8 8 8 9 9: -12.683,  0 0 0 0 0 0 0 0 0 0 0 0 0 1 8 8 8 8 8 8 8 8 8 8 8 8 8 9: -13.4305,  0 0 0 0 0 0 0 0 0 0 0 0 0 0 8 8 8 8 8 8 8 8 8 8 8 8 8 8: -0.747509,  0 0 0 0 0 0 0 1 1 1 1 1 1 8 8 8 8 8 8 8 9 9 9 9 9 9: 25.2611,  0 0 0 0 0 0 0 0 0 0 0 1 1 8 8 8 8 8 8 8 8 8 8 8 9 9: -65.8904,  0 0 1 1 1 1 1 1 1 1 1 1 1 8 8 9 9 9 9 9 9 9 9 9 9 9: 111.183,  1 1 1 1 1 1 1 1 1 1 1 1 1 9 9 9 9 9 9 9 9 9 9 9 9 9: 6.34919,  0 1 1 1 1 1 1 1 1 1 1 1 1 8 9 9 9 9 9 9 9 9 9 9 9 9: 42.4754,  0 0 0 1 1 1 1 1 1 1 1 1 1 8 8 8 9 9 9 9 9 9 9 9 9 9: 130.918,  0 0 0 0 0 0 0 0 1 1 1 1 1 8 8 8 8 8 8 8 8 9 9 9 9 9: -87.5021,  0 0 0 0 0 0 0 0 0 0 1 1 1 8 8 8 8 8 8 8 8 8 8 9 9 9: -160.287,  0 0 0 0 0 1 1 1 1 1 1 1 1 8 8 8 8 8 9 9 9 9 9 9 9 9: -41.2651,  0 0 0 0 1 1 1 1 1 1 1 1 1 8 8 8 8 9 9 9 9 9 9 9 9 9: 39.8568,  0 0 0 0 0 0 0 0 0 1 1 1 1 8 8 8 8 8 8 8 8 8 9 9 9 9: -193.834, : 1, } 
trying to remove  0 0 0 0 0 0 0 1 1 1 1 1 1 8 8 8 8 8 8 8 9 9 9 9 9 9 (order 25)
new main equation:
{  0 0 0 0 0 0 0 0 0 0 0 0 1 1 8 8 8 8 8 8 8 8 8 8 8 8 9 9: -12.6577,  0 0 0 0 0 0 0 0 0 0 0 0 0 1 8 8 8 8 8 8 8 8 8 8 8 8 8 9: -13.4085,  0 0 0 0 0 0 0 0 0 0 0 0 0 0 8 8 8 8 8 8 8 8 8 8 8 8 8 8: -0.750842,  0 0 0 0 0 0 0 0 0 0 0 1 1 8 8 8 8 8 8 8 8 8 8 8 9 9: -66.0962,  0 0 1 1 1 1 1 1 1 1 1 1 1 8 8 9 9 9 9 9 9 9 9 9 9 9: 122.162,  1 1 1 1 1 1 1 1 1 1 1 1 1 9 9 9 9 9 9 9 9 9 9 9 9 9: 6.57031,  0 1 1 1 1 1 1 1 1 1 1 1 1 8 9 9 9 9 9 9 9 9 9 9 9 9: 44.8657,  0 0 0 1 1 1 1 1 1 1 1 1 1 8 8 8 9 9 9 9 9 9 9 9 9 9: 158.704,  0 0 0 0 0 0 0 0 1 1 1 1 1 8 8 8 8 8 8 8 8 9 9 9 9 9: -113.575,  0 0 0 0 0 0 0 0 0 0 1 1 1 8 8 8 8 8 8 8 8 8 8 9 9 9: -163.427,  0 0 0 0 0 1 1 1 1 1 1 1 1 8 8 8 8 8 9 9 9 9 9 9 9 9: -10.0323,  0 0 0 0 1 1 1 1 1 1 1 1 1 8 8 8 8 9 9 9 9 9 9 9 9 9: 80.8245,  0 0 0 0 0 0 0 0 0 1 1 1 1 8 8 8 8 8 8 8 8 8 9 9 9 9: -206.793, : 1, } 
trying to remove  0 0 0 0 0 0 0 0 0 0 0 1 1 8 8 8 8 8 8 8 8 8 8 8 9 9 (order 25)
new main equation:
{  0 0 0 0 0 0 0 0 0 0 0 1 1 1 8 8 8 8 8 8 8 8 8 8 8 9 9 9: -66.0962,  0 0 0 0 0 0 0 0 0 0 0 0 1 1 8 8 8 8 8 8 8 8 8 8 8 8 9 9: -78.7539,  0 0 0 0 0 0 0 0 0 0 0 0 0 1 8 8 8 8 8 8 8 8 8 8 8 8 8 9: -13.4085,  0 0 0 0 0 0 0 0 0 0 0 0 0 0 8 8 8 8 8 8 8 8 8 8 8 8 8 8: -0.750842,  0 0 1 1 1 1 1 1 1 1 1 1 1 8 8 9 9 9 9 9 9 9 9 9 9 9: 122.162,  1 1 1 1 1 1 1 1 1 1 1 1 1 9 9 9 9 9 9 9 9 9 9 9 9 9: 6.57031,  0 1 1 1 1 1 1 1 1 1 1 1 1 8 9 9 9 9 9 9 9 9 9 9 9 9: 44.8657,  0 0 0 1 1 1 1 1 1 1 1 1 1 8 8 8 9 9 9 9 9 9 9 9 9 9: 158.704,  0 0 0 0 0 0 0 0 1 1 1 1 1 8 8 8 8 8 8 8 8 9 9 9 9 9: -113.575,  0 0 0 0 0 0 0 0 0 0 1 1 1 8 8 8 8 8 8 8 8 8 8 9 9 9: -163.427,  0 0 0 0 0 1 1 1 1 1 1 1 1 8 8 8 8 8 9 9 9 9 9 9 9 9: -10.0323,  0 0 0 0 1 1 1 1 1 1 1 1 1 8 8 8 8 9 9 9 9 9 9 9 9 9: 80.8245,  0 0 0 0 0 0 0 0 0 1 1 1 1 8 8 8 8 8 8 8 8 8 9 9 9 9: -206.793, : 1, } 
trying to remove  0 0 1 1 1 1 1 1 1 1 1 1 1 8 8 9 9 9 9 9 9 9 9 9 9 9 (order 25)
new main equation:
{  0 0 1 1 1 1 1 1 1 1 1 1 1 1 8 8 9 9 9 9 9 9 9 9 9 9 9 9: 122.162,  0 0 0 0 0 0 0 0 0 0 0 1 1 1 8 8 8 8 8 8 8 8 8 8 8 9 9 9: -66.0962,  0 0 0 0 0 0 0 0 0 0 0 0 1 1 8 8 8 8 8 8 8 8 8 8 8 8 9 9: -78.7539,  0 0 0 0 0 0 0 0 0 0 0 0 0 1 8 8 8 8 8 8 8 8 8 8 8 8 8 9: -13.4085,  0 0 0 0 0 0 0 0 0 0 0 0 0 0 8 8 8 8 8 8 8 8 8 8 8 8 8 8: -0.750842,  1 1 1 1 1 1 1 1 1 1 1 1 1 9 9 9 9 9 9 9 9 9 9 9 9 9: 6.57031,  0 1 1 1 1 1 1 1 1 1 1 1 1 8 9 9 9 9 9 9 9 9 9 9 9 9: 44.8657,  0 0 0 1 1 1 1 1 1 1 1 1 1 8 8 8 9 9 9 9 9 9 9 9 9 9: 158.704,  0 0 0 1 1 1 1 1 1 1 1 1 1 1 8 8 8 9 9 9 9 9 9 9 9 9 9 9: 122.162,  0 0 0 0 0 0 0 0 1 1 1 1 1 8 8 8 8 8 8 8 8 9 9 9 9 9: -113.575,  0 0 0 0 0 0 0 0 0 0 1 1 1 8 8 8 8 8 8 8 8 8 8 9 9 9: -163.427,  0 0 0 0 0 1 1 1 1 1 1 1 1 8 8 8 8 8 9 9 9 9 9 9 9 9: -10.0323,  0 0 0 0 1 1 1 1 1 1 1 1 1 8 8 8 8 9 9 9 9 9 9 9 9 9: 80.8245,  0 0 0 0 0 0 0 0 0 1 1 1 1 8 8 8 8 8 8 8 8 8 9 9 9 9: -206.793, : 1, } 
trying to remove  1 1 1 1 1 1 1 1 1 1 1 1 1 9 9 9 9 9 9 9 9 9 9 9 9 9 (order 25)
new main equation:
{  1 1 1 1 1 1 1 1 1 1 1 1 1 1 9 9 9 9 9 9 9 9 9 9 9 9 9 9: 6.57031,  0 1 1 1 1 1 1 1 1 1 1 1 1 1 8 9 9 9 9 9 9 9 9 9 9 9 9 9: 6.57031,  0 0 1 1 1 1 1 1 1 1 1 1 1 1 8 8 9 9 9 9 9 9 9 9 9 9 9 9: 122.162,  0 0 0 0 0 0 0 0 0 0 0 1 1 1 8 8 8 8 8 8 8 8 8 8 8 9 9 9: -66.0962,  0 0 0 0 0 0 0 0 0 0 0 0 1 1 8 8 8 8 8 8 8 8 8 8 8 8 9 9: -78.7539,  0 0 0 0 0 0 0 0 0 0 0 0 0 1 8 8 8 8 8 8 8 8 8 8 8 8 8 9: -13.4085,  0 0 0 0 0 0 0 0 0 0 0 0 0 0 8 8 8 8 8 8 8 8 8 8 8 8 8 8: -0.750842,  0 1 1 1 1 1 1 1 1 1 1 1 1 8 9 9 9 9 9 9 9 9 9 9 9 9: 44.8657,  0 0 0 1 1 1 1 1 1 1 1 1 1 8 8 8 9 9 9 9 9 9 9 9 9 9: 158.704,  0 0 0 1 1 1 1 1 1 1 1 1 1 1 8 8 8 9 9 9 9 9 9 9 9 9 9 9: 122.162,  0 0 0 0 0 0 0 0 1 1 1 1 1 8 8 8 8 8 8 8 8 9 9 9 9 9: -113.575,  0 0 0 0 0 0 0 0 0 0 1 1 1 8 8 8 8 8 8 8 8 8 8 9 9 9: -163.427,  0 0 0 0 0 1 1 1 1 1 1 1 1 8 8 8 8 8 9 9 9 9 9 9 9 9: -10.0323,  0 0 0 0 1 1 1 1 1 1 1 1 1 8 8 8 8 9 9 9 9 9 9 9 9 9: 80.8245,  0 0 0 0 0 0 0 0 0 1 1 1 1 8 8 8 8 8 8 8 8 8 9 9 9 9: -206.793, : 1, } 
trying to remove  0 1 1 1 1 1 1 1 1 1 1 1 1 8 9 9 9 9 9 9 9 9 9 9 9 9 (order 25)
new main equation:
{  1 1 1 1 1 1 1 1 1 1 1 1 1 1 9 9 9 9 9 9 9 9 9 9 9 9 9 9: 6.57031,  0 1 1 1 1 1 1 1 1 1 1 1 1 1 8 9 9 9 9 9 9 9 9 9 9 9 9 9: 51.4361,  0 0 1 1 1 1 1 1 1 1 1 1 1 1 8 8 9 9 9 9 9 9 9 9 9 9 9 9: 167.028,  0 0 0 0 0 0 0 0 0 0 0 1 1 1 8 8 8 8 8 8 8 8 8 8 8 9 9 9: -66.0962,  0 0 0 0 0 0 0 0 0 0 0 0 1 1 8 8 8 8 8 8 8 8 8 8 8 8 9 9: -78.7539,  0 0 0 0 0 0 0 0 0 0 0 0 0 1 8 8 8 8 8 8 8 8 8 8 8 8 8 9: -13.4085,  0 0 0 0 0 0 0 0 0 0 0 0 0 0 8 8 8 8 8 8 8 8 8 8 8 8 8 8: -0.750842,  0 0 0 1 1 1 1 1 1 1 1 1 1 8 8 8 9 9 9 9 9 9 9 9 9 9: 158.704,  0 0 0 1 1 1 1 1 1 1 1 1 1 1 8 8 8 9 9 9 9 9 9 9 9 9 9 9: 122.162,  0 0 0 0 0 0 0 0 1 1 1 1 1 8 8 8 8 8 8 8 8 9 9 9 9 9: -113.575,  0 0 0 0 0 0 0 0 0 0 1 1 1 8 8 8 8 8 8 8 8 8 8 9 9 9: -163.427,  0 0 0 0 0 1 1 1 1 1 1 1 1 8 8 8 8 8 9 9 9 9 9 9 9 9: -10.0323,  0 0 0 0 1 1 1 1 1 1 1 1 1 8 8 8 8 9 9 9 9 9 9 9 9 9: 80.8245,  0 0 0 0 0 0 0 0 0 1 1 1 1 8 8 8 8 8 8 8 8 8 9 9 9 9: -206.793, : 1, } 
trying to remove  0 0 0 1 1 1 1 1 1 1 1 1 1 8 8 8 9 9 9 9 9 9 9 9 9 9 (order 25)
new main equation:
{  0 0 0 0 1 1 1 1 1 1 1 1 1 1 8 8 8 8 9 9 9 9 9 9 9 9 9 9: 158.704,  1 1 1 1 1 1 1 1 1 1 1 1 1 1 9 9 9 9 9 9 9 9 9 9 9 9 9 9: 6.57031,  0 1 1 1 1 1 1 1 1 1 1 1 1 1 8 9 9 9 9 9 9 9 9 9 9 9 9 9: 51.4361,  0 0 1 1 1 1 1 1 1 1 1 1 1 1 8 8 9 9 9 9 9 9 9 9 9 9 9 9: 167.028,  0 0 0 0 0 0 0 0 0 0 0 1 1 1 8 8 8 8 8 8 8 8 8 8 8 9 9 9: -66.0962,  0 0 0 0 0 0 0 0 0 0 0 0 1 1 8 8 8 8 8 8 8 8 8 8 8 8 9 9: -78.7539,  0 0 0 0 0 0 0 0 0 0 0 0 0 1 8 8 8 8 8 8 8 8 8 8 8 8 8 9: -13.4085,  0 0 0 0 0 0 0 0 0 0 0 0 0 0 8 8 8 8 8 8 8 8 8 8 8 8 8 8: -0.750842,  0 0 0 1 1 1 1 1 1 1 1 1 1 1 8 8 8 9 9 9 9 9 9 9 9 9 9 9: 280.867,  0 0 0 0 0 0 0 0 1 1 1 1 1 8 8 8 8 8 8 8 8 9 9 9 9 9: -113.575,  0 0 0 0 0 0 0 0 0 0 1 1 1 8 8 8 8 8 8 8 8 8 8 9 9 9: -163.427,  0 0 0 0 0 1 1 1 1 1 1 1 1 8 8 8 8 8 9 9 9 9 9 9 9 9: -10.0323,  0 0 0 0 1 1 1 1 1 1 1 1 1 8 8 8 8 9 9 9 9 9 9 9 9 9: 80.8245,  0 0 0 0 0 0 0 0 0 1 1 1 1 8 8 8 8 8 8 8 8 8 9 9 9 9: -206.793, : 1, } 
trying to remove  0 0 0 0 0 0 0 0 1 1 1 1 1 8 8 8 8 8 8 8 8 9 9 9 9 9 (order 25)
new main equation:
{  0 0 0 0 0 0 0 0 1 1 1 1 1 1 8 8 8 8 8 8 8 8 9 9 9 9 9 9: -113.575,  0 0 0 0 0 0 0 0 0 1 1 1 1 1 8 8 8 8 8 8 8 8 8 9 9 9 9 9: -113.575,  0 0 0 0 1 1 1 1 1 1 1 1 1 1 8 8 8 8 9 9 9 9 9 9 9 9 9 9: 158.704,  1 1 1 1 1 1 1 1 1 1 1 1 1 1 9 9 9 9 9 9 9 9 9 9 9 9 9 9: 6.57031,  0 1 1 1 1 1 1 1 1 1 1 1 1 1 8 9 9 9 9 9 9 9 9 9 9 9 9 9: 51.4361,  0 0 1 1 1 1 1 1 1 1 1 1 1 1 8 8 9 9 9 9 9 9 9 9 9 9 9 9: 167.028,  0 0 0 0 0 0 0 0 0 0 0 1 1 1 8 8 8 8 8 8 8 8 8 8 8 9 9 9: -66.0962,  0 0 0 0 0 0 0 0 0 0 0 0 1 1 8 8 8 8 8 8 8 8 8 8 8 8 9 9: -78.7539,  0 0 0 0 0 0 0 0 0 0 0 0 0 1 8 8 8 8 8 8 8 8 8 8 8 8 8 9: -13.4085,  0 0 0 0 0 0 0 0 0 0 0 0 0 0 8 8 8 8 8 8 8 8 8 8 8 8 8 8: -0.750842,  0 0 0 1 1 1 1 1 1 1 1 1 1 1 8 8 8 9 9 9 9 9 9 9 9 9 9 9: 280.867,  0 0 0 0 0 0 0 0 0 0 1 1 1 8 8 8 8 8 8 8 8 8 8 9 9 9: -163.427,  0 0 0 0 0 1 1 1 1 1 1 1 1 8 8 8 8 8 9 9 9 9 9 9 9 9: -10.0323,  0 0 0 0 1 1 1 1 1 1 1 1 1 8 8 8 8 9 9 9 9 9 9 9 9 9: 80.8245,  0 0 0 0 0 0 0 0 0 1 1 1 1 8 8 8 8 8 8 8 8 8 9 9 9 9: -206.793, : 1, } 
trying to remove  0 0 0 0 0 0 0 0 0 0 1 1 1 8 8 8 8 8 8 8 8 8 8 9 9 9 (order 25)
new main equation:
{  0 0 0 0 0 0 0 0 0 0 1 1 1 1 8 8 8 8 8 8 8 8 8 8 9 9 9 9: -163.427,  0 0 0 0 0 0 0 0 1 1 1 1 1 1 8 8 8 8 8 8 8 8 9 9 9 9 9 9: -113.575,  0 0 0 0 0 0 0 0 0 1 1 1 1 1 8 8 8 8 8 8 8 8 8 9 9 9 9 9: -113.575,  0 0 0 0 1 1 1 1 1 1 1 1 1 1 8 8 8 8 9 9 9 9 9 9 9 9 9 9: 158.704,  1 1 1 1 1 1 1 1 1 1 1 1 1 1 9 9 9 9 9 9 9 9 9 9 9 9 9 9: 6.57031,  0 1 1 1 1 1 1 1 1 1 1 1 1 1 8 9 9 9 9 9 9 9 9 9 9 9 9 9: 51.4361,  0 0 1 1 1 1 1 1 1 1 1 1 1 1 8 8 9 9 9 9 9 9 9 9 9 9 9 9: 167.028,  0 0 0 0 0 0 0 0 0 0 0 1 1 1 8 8 8 8 8 8 8 8 8 8 8 9 9 9: -229.523,  0 0 0 0 0 0 0 0 0 0 0 0 1 1 8 8 8 8 8 8 8 8 8 8 8 8 9 9: -78.7539,  0 0 0 0 0 0 0 0 0 0 0 0 0 1 8 8 8 8 8 8 8 8 8 8 8 8 8 9: -13.4085,  0 0 0 0 0 0 0 0 0 0 0 0 0 0 8 8 8 8 8 8 8 8 8 8 8 8 8 8: -0.750842,  0 0 0 1 1 1 1 1 1 1 1 1 1 1 8 8 8 9 9 9 9 9 9 9 9 9 9 9: 280.867,  0 0 0 0 0 1 1 1 1 1 1 1 1 8 8 8 8 8 9 9 9 9 9 9 9 9: -10.0323,  0 0 0 0 1 1 1 1 1 1 1 1 1 8 8 8 8 9 9 9 9 9 9 9 9 9: 80.8245,  0 0 0 0 0 0 0 0 0 1 1 1 1 8 8 8 8 8 8 8 8 8 9 9 9 9: -206.793, : 1, } 
trying to remove  0 0 0 0 0 1 1 1 1 1 1 1 1 8 8 8 8 8 9 9 9 9 9 9 9 9 (order 25)
new main equation:
{  0 0 0 0 0 0 1 1 1 1 1 1 1 1 8 8 8 8 8 8 9 9 9 9 9 9 9 9: -10.0323,  0 0 0 0 0 0 0 0 0 0 1 1 1 1 8 8 8 8 8 8 8 8 8 8 9 9 9 9: -163.427,  0 0 0 0 0 0 0 0 1 1 1 1 1 1 8 8 8 8 8 8 8 8 9 9 9 9 9 9: -113.575,  0 0 0 0 0 0 0 0 0 1 1 1 1 1 8 8 8 8 8 8 8 8 8 9 9 9 9 9: -113.575,  0 0 0 0 1 1 1 1 1 1 1 1 1 1 8 8 8 8 9 9 9 9 9 9 9 9 9 9: 158.704,  1 1 1 1 1 1 1 1 1 1 1 1 1 1 9 9 9 9 9 9 9 9 9 9 9 9 9 9: 6.57031,  0 1 1 1 1 1 1 1 1 1 1 1 1 1 8 9 9 9 9 9 9 9 9 9 9 9 9 9: 51.4361,  0 0 0 0 0 1 1 1 1 1 1 1 1 1 8 8 8 8 8 9 9 9 9 9 9 9 9 9: -10.0323,  0 0 1 1 1 1 1 1 1 1 1 1 1 1 8 8 9 9 9 9 9 9 9 9 9 9 9 9: 167.028,  0 0 0 0 0 0 0 0 0 0 0 1 1 1 8 8 8 8 8 8 8 8 8 8 8 9 9 9: -229.523,  0 0 0 0 0 0 0 0 0 0 0 0 1 1 8 8 8 8 8 8 8 8 8 8 8 8 9 9: -78.7539,  0 0 0 0 0 0 0 0 0 0 0 0 0 1 8 8 8 8 8 8 8 8 8 8 8 8 8 9: -13.4085,  0 0 0 0 0 0 0 0 0 0 0 0 0 0 8 8 8 8 8 8 8 8 8 8 8 8 8 8: -0.750842,  0 0 0 1 1 1 1 1 1 1 1 1 1 1 8 8 8 9 9 9 9 9 9 9 9 9 9 9: 280.867,  0 0 0 0 1 1 1 1 1 1 1 1 1 8 8 8 8 9 9 9 9 9 9 9 9 9: 80.8245,  0 0 0 0 0 0 0 0 0 1 1 1 1 8 8 8 8 8 8 8 8 8 9 9 9 9: -206.793, : 1, } 
trying to remove  0 0 0 0 1 1 1 1 1 1 1 1 1 8 8 8 8 9 9 9 9 9 9 9 9 9 (order 25)
new main equation:
{  0 0 0 0 0 0 1 1 1 1 1 1 1 1 8 8 8 8 8 8 9 9 9 9 9 9 9 9: -10.0323,  0 0 0 0 0 0 0 0 0 0 1 1 1 1 8 8 8 8 8 8 8 8 8 8 9 9 9 9: -163.427,  0 0 0 0 0 0 0 0 1 1 1 1 1 1 8 8 8 8 8 8 8 8 9 9 9 9 9 9: -113.575,  0 0 0 0 0 0 0 0 0 1 1 1 1 1 8 8 8 8 8 8 8 8 8 9 9 9 9 9: -113.575,  0 0 0 0 1 1 1 1 1 1 1 1 1 1 8 8 8 8 9 9 9 9 9 9 9 9 9 9: 239.529,  1 1 1 1 1 1 1 1 1 1 1 1 1 1 9 9 9 9 9 9 9 9 9 9 9 9 9 9: 6.57031,  0 1 1 1 1 1 1 1 1 1 1 1 1 1 8 9 9 9 9 9 9 9 9 9 9 9 9 9: 51.4361,  0 0 0 0 0 1 1 1 1 1 1 1 1 1 8 8 8 8 8 9 9 9 9 9 9 9 9 9: 70.7922,  0 0 1 1 1 1 1 1 1 1 1 1 1 1 8 8 9 9 9 9 9 9 9 9 9 9 9 9: 167.028,  0 0 0 0 0 0 0 0 0 0 0 1 1 1 8 8 8 8 8 8 8 8 8 8 8 9 9 9: -229.523,  0 0 0 0 0 0 0 0 0 0 0 0 1 1 8 8 8 8 8 8 8 8 8 8 8 8 9 9: -78.7539,  0 0 0 0 0 0 0 0 0 0 0 0 0 1 8 8 8 8 8 8 8 8 8 8 8 8 8 9: -13.4085,  0 0 0 0 0 0 0 0 0 0 0 0 0 0 8 8 8 8 8 8 8 8 8 8 8 8 8 8: -0.750842,  0 0 0 1 1 1 1 1 1 1 1 1 1 1 8 8 8 9 9 9 9 9 9 9 9 9 9 9: 280.867,  0 0 0 0 0 0 0 0 0 1 1 1 1 8 8 8 8 8 8 8 8 8 9 9 9 9: -206.793, : 1, } 
trying to remove  0 0 0 0 0 0 0 0 0 1 1 1 1 8 8 8 8 8 8 8 8 8 9 9 9 9 (order 25)
new main equation:
{  0 0 0 0 0 0 1 1 1 1 1 1 1 1 8 8 8 8 8 8 9 9 9 9 9 9 9 9: -10.0323,  0 0 0 0 0 0 0 0 0 0 1 1 1 1 8 8 8 8 8 8 8 8 8 8 9 9 9 9: -370.22,  0 0 0 0 0 0 0 0 1 1 1 1 1 1 8 8 8 8 8 8 8 8 9 9 9 9 9 9: -113.575,  0 0 0 0 0 0 0 0 0 1 1 1 1 1 8 8 8 8 8 8 8 8 8 9 9 9 9 9: -320.368,  0 0 0 0 1 1 1 1 1 1 1 1 1 1 8 8 8 8 9 9 9 9 9 9 9 9 9 9: 239.529,  1 1 1 1 1 1 1 1 1 1 1 1 1 1 9 9 9 9 9 9 9 9 9 9 9 9 9 9: 6.57031,  0 1 1 1 1 1 1 1 1 1 1 1 1 1 8 9 9 9 9 9 9 9 9 9 9 9 9 9: 51.4361,  0 0 0 0 0 1 1 1 1 1 1 1 1 1 8 8 8 8 8 9 9 9 9 9 9 9 9 9: 70.7922,  0 0 1 1 1 1 1 1 1 1 1 1 1 1 8 8 9 9 9 9 9 9 9 9 9 9 9 9: 167.028,  0 0 0 0 0 0 0 0 0 0 0 1 1 1 8 8 8 8 8 8 8 8 8 8 8 9 9 9: -229.523,  0 0 0 0 0 0 0 0 0 0 0 0 1 1 8 8 8 8 8 8 8 8 8 8 8 8 9 9: -78.7539,  0 0 0 0 0 0 0 0 0 0 0 0 0 1 8 8 8 8 8 8 8 8 8 8 8 8 8 9: -13.4085,  0 0 0 0 0 0 0 0 0 0 0 0 0 0 8 8 8 8 8 8 8 8 8 8 8 8 8 8: -0.750842,  0 0 0 1 1 1 1 1 1 1 1 1 1 1 8 8 8 9 9 9 9 9 9 9 9 9 9 9: 280.867, : 1, } 
{ : 1, 
 0 0 0 0 0 0 0 0 0 0 0 0 0 0 8 8 8 8 8 8 8 8 8 8 8 8 8 8: -0.750842, 
 0 0 0 0 0 0 0 0 0 0 0 0 0 1 8 8 8 8 8 8 8 8 8 8 8 8 8 9: -13.4085, 
 0 0 0 0 0 0 0 0 0 0 0 0 1 1 8 8 8 8 8 8 8 8 8 8 8 8 9 9: -78.7539, 
 0 0 0 0 0 0 0 0 0 0 0 1 1 1 8 8 8 8 8 8 8 8 8 8 8 9 9 9: -229.523, 
 0 0 0 0 0 0 0 0 0 0 1 1 1 1 8 8 8 8 8 8 8 8 8 8 9 9 9 9: -370.22, 
 0 0 0 0 0 0 0 0 0 1 1 1 1 1 8 8 8 8 8 8 8 8 8 9 9 9 9 9: -320.368, 
 0 0 0 0 0 0 0 0 1 1 1 1 1 1 8 8 8 8 8 8 8 8 9 9 9 9 9 9: -113.575, 
 0 0 0 0 0 0 1 1 1 1 1 1 1 1 8 8 8 8 8 8 9 9 9 9 9 9 9 9: -10.0323, 
 0 0 0 0 0 1 1 1 1 1 1 1 1 1 8 8 8 8 8 9 9 9 9 9 9 9 9 9: 70.7922, 
 0 0 0 0 1 1 1 1 1 1 1 1 1 1 8 8 8 8 9 9 9 9 9 9 9 9 9 9: 239.529, 
 0 0 0 1 1 1 1 1 1 1 1 1 1 1 8 8 8 9 9 9 9 9 9 9 9 9 9 9: 280.867, 
 0 0 1 1 1 1 1 1 1 1 1 1 1 1 8 8 9 9 9 9 9 9 9 9 9 9 9 9: 167.028, 
 0 1 1 1 1 1 1 1 1 1 1 1 1 1 8 9 9 9 9 9 9 9 9 9 9 9 9 9: 51.4361, 
 1 1 1 1 1 1 1 1 1 1 1 1 1 1 9 9 9 9 9 9 9 9 9 9 9 9 9 9: 6.57031, 
} 
