Generating orthogonality equations...
Generating normalisation equations...
Generating MUB equations...
equations available:
{   1 15: 1,   0 14: 1, } 
{   3 13: 1,   2 12: 1, } 
{   5 19: 1,   4 18: 1, } 
{   7 17: 1,   6 16: 1, } 
{   9 23: 1,   8 22: 1, } 
{  11 21: 1,  10 20: 1, } 
{   1 13: 1,   0 12: 1, : -1, } 
{   3 15: 1,   2 14: 1, : -1, } 
{   4 16: 1,   5 17: 1, : -1, } 
{   7 19: 1,   6 18: 1, : -1, } 
{   9 21: 1,   8 20: 1, : -1, } 
{  11 23: 1,  10 22: 1, : -1, } 
{   1  5 13 17: 2,   0  5 13 16: 2,   1  4 12 17: 2,   0  4 12 16: 2, : -1, } 
{   1  4 12 17: 2,   1  5 13 17: 2,   0  5 13 16: 2,   0  4 12 16: 2, : -1, } 
{   1  7 13 19: 2,   0  7 13 18: 2,   1  6 12 19: 2,   0  6 12 18: 2, : -1, } 
{   1  7 13 19: 2,   0  7 13 18: 2,   1  6 12 19: 2,   0  6 12 18: 2, : -1, } 
{   3  5 15 17: 2,   2  5 15 16: 2,   3  4 14 17: 2,   2  4 14 16: 2, : -1, } 
{   3  5 15 17: 2,   3  4 14 17: 2,   2  5 15 16: 2,   2  4 14 16: 2, : -1, } 
{   3  7 15 19: 2,   2  7 15 18: 2,   3  6 14 19: 2,   2  6 14 18: 2, : -1, } 
{   3  6 14 19: 2,   3  7 15 19: 2,   2  7 15 18: 2,   2  6 14 18: 2, : -1, } 
{   1  9 13 21: 2,   0  9 13 20: 2,   1  8 12 21: 2,   0  8 12 20: 2, : -1, } 
{   1  9 13 21: 2,   1  8 12 21: 2,   0  9 13 20: 2,   0  8 12 20: 2, : -1, } 
{   1 11 13 23: 2,   0 11 13 22: 2,   1 10 12 23: 2,   0 10 12 22: 2, : -1, } 
{   1 11 13 23: 2,   1 10 12 23: 2,   0 11 13 22: 2,   0 10 12 22: 2, : -1, } 
{   3  9 15 21: 2,   2  9 15 20: 2,   3  8 14 21: 2,   2  8 14 20: 2, : -1, } 
{   3  9 15 21: 2,   3  8 14 21: 2,   2  9 15 20: 2,   2  8 14 20: 2, : -1, } 
{   3 11 15 23: 2,   2 11 15 22: 2,   3 10 14 23: 2,   2 10 14 22: 2, : -1, } 
{   3 11 15 23: 2,   3 10 14 23: 2,   2 11 15 22: 2,   2 10 14 22: 2, : -1, } 
{   5  9 17 21: 2,   4  9 17 20: 2,   5  8 16 21: 2,   4  8 16 20: 2, : -1, } 
{   5  9 17 21: 2,   5  8 16 21: 2,   4  9 17 20: 2,   4  8 16 20: 2, : -1, } 
{   4 11 17 22: 2,   5 10 16 23: 2,   4 10 16 22: 2,   5 11 17 23: 2, : -1, } 
{   5 10 16 23: 2,   4 11 17 22: 2,   4 10 16 22: 2,   5 11 17 23: 2, : -1, } 
{   7  9 19 21: 2,   7  8 18 21: 2,   6  8 18 20: 2,   6  9 19 20: 2, : -1, } 
{   7  9 19 21: 2,   7  8 18 21: 2,   6  8 18 20: 2,   6  9 19 20: 2, : -1, } 
{   7 11 19 23: 2,   6 11 19 22: 2,   7 10 18 23: 2,   6 10 18 22: 2, : -1, } 
{   7 11 19 23: 2,   7 10 18 23: 2,   6 11 19 22: 2,   6 10 18 22: 2, : -1, } 
main equation:
{   7  9 19 21: -2,   7  8 18 21: -2,   6  8 18 20: -2,   6  9 19 20: -2, : 1, } 
checking for terms of order 0
checking for terms of order 1
checking for terms of order 2
checking for terms of order 3
trying to remove   7  9 19 21 (order 3)
new main equation:
{   6  9 18 21: 2,   9 21: -2,   7  8 18 21: -2,   6  8 18 20: -2,   6  9 19 20: -2, : 1, } 
trying to remove   6  9 18 21 (order 3)
new main equation:
{   6 18: 2,   9 21: -2,   7  8 18 21: -2,   6  8 18 20: -4,   6  9 19 20: -2, : 1, } 
trying to remove   6 18 (order 1)
new main equation:
{   7 19: -0.666667,   9 21: -0.666667,   7  8 18 21: -0.666667,   6  8 18 20: -1.33333,   6  9 19 20: -0.666667, : 1, } 
trying to remove   7 19 (order 1)
new main equation:
{   1  7 13 19: -0.666667,   0  7 12 19: -0.666667,   9 21: -0.666667,   7  8 18 21: -0.666667,   6  8 18 20: -1.33333,   6  9 19 20: -0.666667, : 1, } 
trying to remove   1  7 13 19 (order 3)
new main equation:
{   0  6 12 18: 1,   1  6 12 19: 1,   0  7 12 19: -1,   9 21: -1,   0  7 13 18: 1,   7  8 18 21: -1,   6  8 18 20: -2,   6  9 19 20: -1, : 1, } 
trying to remove   0  6 12 18 (order 3)
new main equation:
{   1  6 13 18: -2,   1  6 12 19: 2,   0  7 12 19: -2,   0  7 13 18: 2, : 1, } 
trying to remove   1  6 13 18 (order 3)
new main equation:
{   1 13: -0.5,   6  8 18 20: -1,   9 21: -0.5,   1  6 12 19: 0.5,   0  7 12 19: -1,   7  8 18 21: -0.5,   0  7 13 18: 0.5,   6  9 19 20: -0.5, : 1, } 
trying to remove   1 13 (order 1)
new main equation:
{   0 12: 1,   6  8 18 20: -2,   9 21: -1,   1  6 12 19: 1,   0  7 12 19: -2,   7  8 18 21: -1,   0  7 13 18: 1,   6  9 19 20: -1, : 1, } 
trying to remove   0 12 (order 1)
new main equation:
{   0  1 12 13: 1,   0  0 12 12: 1,   6  8 18 20: -2,   9 21: -1,   1  6 12 19: 1,   0  7 12 19: -2,   7  8 18 21: -1,   0  7 13 18: 1,   6  9 19 20: -1, : 1, } 
trying to remove   0  1 12 13 (order 3)
new main equation:
{   1  1 13 13: -0.333333,   0  0 12 12: 0.333333,   6  8 18 20: -1.33333,   9 21: -0.666667,   1  6 12 19: 0.666667,   0  7 12 19: -1.33333,   7  8 18 21: -0.666667,   0  7 13 18: 0.666667,   6  9 19 20: -0.666667, : 1, } 
trying to remove   1  1 13 13 (order 3)
new main equation:
{   1  1  1 13 13 13: -0.333333,   0  0 12 12: 0.333333,   6  8 18 20: -1.33333,   9 21: -0.666667,   1  6 12 19: 0.666667,   0  1  1 12 13 13: -0.333333,   0  7 12 19: -1.33333,   7  8 18 21: -0.666667,   0  7 13 18: 0.666667,   6  9 19 20: -0.666667, : 1, } 
trying to remove   0  0 12 12 (order 3)
new main equation:
{   0  0  1 12 12 13: 0.333333,   1  1  1 13 13 13: -0.333333,   6  8 18 20: -1.33333,   9 21: -0.666667,   1  6 12 19: 0.666667,   0  1  1 12 13 13: -0.333333,   0  7 12 19: -1.33333,   0  0  0 12 12 12: 0.333333,   7  8 18 21: -0.666667,   0  7 13 18: 0.666667,   6  9 19 20: -0.666667, : 1, } 
trying to remove   6  8 18 20 (order 3)
new main equation:
{   7  8 19 20: 1.33333, : 1,   6  9 19 20: -0.666667,   0  1  1 12 13 13: -0.333333,   1  6 12 19: 0.666667,   9 21: -0.666667,   0  0  0 12 12 12: 0.333333,   7  8 18 21: -0.666667,   1  1  1 13 13 13: -0.333333,   0  7 13 18: 0.666667,   0  7 12 19: -1.33333,   0  0  1 12 12 13: 0.333333,   8 20: -1.33333, } 
trying to remove   7  8 19 20 (order 3)
new main equation:
{ : 1,   9 21: -1,   8 20: -1, } 
trying to remove   9 21 (order 1)
new main equation:
{   1  9 13 21: -1,   0  9 12 21: -1, : 1,   8 20: -1, } 
trying to remove   1  9 13 21 (order 3)
new main equation:
{   0  9 13 20: 2,   1  8 12 21: 2,   0  8 12 20: 2,   0  9 12 21: -2, : 1,   8 20: -2, } 
trying to remove   0  9 13 20 (order 3)
new main equation:
{   0  0  9 12 13 20: 2,   1  8 12 21: 2,   0  8 12 20: 2,   0  9 12 21: -2,   0  1  9 13 13 20: 2, : 1,   8 20: -2, } 
trying to remove   1  8 12 21 (order 3)
new main equation:
{   1  1  8 12 13 21: 2,   0  1  8 12 12 21: 2,   0  0  9 12 13 20: 2,   0  8 12 20: 2,   0  9 12 21: -2,   0  1  9 13 13 20: 2, : 1,   8 20: -2, } 
trying to remove   0  8 12 20 (order 3)
new main equation:
{   1  8 13 20: -2,   1  1  8 12 13 21: 2,   0  1  8 12 12 21: 2,   0  0  9 12 13 20: 2,   0  9 12 21: -2,   0  1  9 13 13 20: 2, : 1, } 
trying to remove   1  8 13 20 (order 3)
new main equation:
{   0  0  0 12 12 12: 0.5,   8 20: -1,   0  1  1 12 13 13: -0.5,   0  0  1 12 12 13: 0.5,   1  1  8 12 13 21: 1,   1  1  1 13 13 13: -0.5,   0  1  8 12 12 21: 1,   0  0  9 12 13 20: 1,   0  9 12 21: -2,   0  1  9 13 13 20: 1, : 1, } 
trying to remove   8 20 (order 1)
new main equation:
{   0  0  0 12 12 12: 0.5,   0  1  1 12 13 13: -0.5,   3  8 15 20: -1,   0  0  1 12 12 13: 0.5,   1  1  8 12 13 21: 1,   1  1  1 13 13 13: -0.5,   0  1  8 12 12 21: 1,   0  0  9 12 13 20: 1,   2  8 14 20: -1,   0  9 12 21: -2,   0  1  9 13 13 20: 1, : 1, } 
trying to remove   3  8 15 20 (order 3)
new main equation:
{   3 15: -1,   0  0  0 12 12 12: 0.5,   0  1  1 12 13 13: -0.5,   0  0  1 12 12 13: 0.5,   1  1  8 12 13 21: 1,   1  1  1 13 13 13: -0.5,   0  1  8 12 12 21: 1,   0  0  9 12 13 20: 1,   3  9 15 21: 1,   2  8 14 20: -1,   0  9 12 21: -2,   0  1  9 13 13 20: 1, : 1, } 
trying to remove   3 15 (order 1)
new main equation:
{   1  3 13 15: -1,   0  0  0 12 12 12: 0.5,   0  1  1 12 13 13: -0.5,   0  0  1 12 12 13: 0.5,   1  1  8 12 13 21: 1,   0  3 12 15: -1,   1  1  1 13 13 13: -0.5,   0  1  8 12 12 21: 1,   0  0  9 12 13 20: 1,   3  9 15 21: 1,   2  8 14 20: -1,   0  9 12 21: -2,   0  1  9 13 13 20: 1, : 1, } 
trying to remove   1  3 13 15 (order 3)
new main equation:
{   0  3 13 14: 1,   0  0  0 12 12 12: 0.5,   0  1  1 12 13 13: -0.5,   0  0  1 12 12 13: 0.5,   1  1  8 12 13 21: 1,   0  3 12 15: -1,   1  1  1 13 13 13: -0.5,   0  1  8 12 12 21: 1,   0  0  9 12 13 20: 1,   3  9 15 21: 1,   2  8 14 20: -1,   0  9 12 21: -2,   0  1  9 13 13 20: 1, : 1, } 
trying to remove   0  3 13 14 (order 3)
new main equation:
{   0  0  0 12 12 12: 0.5,   0  1  1 12 13 13: -0.5,   0  0  1 12 12 13: 0.5,   1  1  8 12 13 21: 1,   0  3 12 15: -1,   1  1  1 13 13 13: -0.5,   0  1  8 12 12 21: 1,   0  0  9 12 13 20: 1,   0  2 12 14: -1,   3  9 15 21: 1,   2  8 14 20: -1,   0  9 12 21: -2,   0  1  9 13 13 20: 1, : 1, } 
trying to remove   0  3 12 15 (order 3)
new main equation:
{   1  1  8 12 13 21: 2,   0  1  8 12 12 21: 2,   0  0  9 12 13 20: 2,   3  9 15 21: 2,   2  8 14 20: -2,   0  9 12 21: -4,   0  1  9 13 13 20: 2, : 1, } 
trying to remove   3  9 15 21 (order 3)
new main equation:
{   2  9 15 20: -1,   1  1  8 12 13 21: 1,   3  8 14 21: -1,   0  1  8 12 12 21: 1,   0  0  9 12 13 20: 1,   2  8 14 20: -2,   0  9 12 21: -2,   0  1  9 13 13 20: 1, : 1, } 
trying to remove   2  9 15 20 (order 3)
new main equation:
{   1  2  9 13 15 20: -1,   1  1  8 12 13 21: 1,   3  8 14 21: -1,   0  1  8 12 12 21: 1,   0  0  9 12 13 20: 1,   2  8 14 20: -2,   0  9 12 21: -2,   0  2  9 12 15 20: -1,   0  1  9 13 13 20: 1, : 1, } 
trying to remove   3  8 14 21 (order 3)
new main equation:
{   0  3  8 12 14 21: -1,   1  2  9 13 15 20: -1,   1  1  8 12 13 21: 1,   0  1  8 12 12 21: 1,   1  3  8 13 14 21: -1,   0  0  9 12 13 20: 1,   2  8 14 20: -2,   0  9 12 21: -2,   0  2  9 12 15 20: -1,   0  1  9 13 13 20: 1, : 1, } 
trying to remove   2  8 14 20 (order 3)
new main equation:
{   2  9 14 21: 2,   2 14: -2,   0  3  8 12 14 21: -1,   1  2  9 13 15 20: -1,   1  1  8 12 13 21: 1,   0  1  8 12 12 21: 1,   1  3  8 13 14 21: -1,   0  0  9 12 13 20: 1,   0  9 12 21: -2,   0  2  9 12 15 20: -1,   0  1  9 13 13 20: 1, : 1, } 
trying to remove   2  9 14 21 (order 3)
new main equation:
{   0  0  0 12 12 12: -1,   0  1  1 12 13 13: 1,   0  0  1 12 12 13: -1,   2 14: -2,   1  1  1 13 13 13: 1, : 1, } 
trying to remove   2 14 (order 1)
new main equation:
{   1  2 13 14: -2,   0  2 12 14: -2,   0  0  0 12 12 12: -1,   0  1  1 12 13 13: 1,   0  0  1 12 12 13: -1,   1  1  1 13 13 13: 1, : 1, } 
trying to remove   1  2 13 14 (order 3)
new main equation:
{   1  1  2 13 13 14: -2,   0  1  2 12 13 14: -2,   0  2 12 14: -2,   0  0  0 12 12 12: -1,   0  1  1 12 13 13: 1,   0  0  1 12 12 13: -1,   1  1  1 13 13 13: 1, : 1, } 
trying to remove   0  2 12 14 (order 3)
new main equation:
{   1  2 12 15: 2,   1  1  2 13 13 14: -2,   0  1  2 12 13 14: -2,   0  0  0 12 12 12: -1,   0  1  1 12 13 13: 1,   0  0  1 12 12 13: -1,   1  1  1 13 13 13: 1, : 1, } 
trying to remove   1  2 12 15 (order 3)
new main equation:
{   1  1  2 12 13 15: 2,   0  1  2 12 12 15: 2,   1  1  2 13 13 14: -2,   0  1  2 12 13 14: -2,   0  0  0 12 12 12: -1,   0  1  1 12 13 13: 1,   0  0  1 12 12 13: -1,   1  1  1 13 13 13: 1, : 1, } 
checking for terms of order 4
checking for terms of order 5
trying to remove   1  1  2 12 13 15 (order 5)
new main equation:
{   0  1  2 12 12 15: 2,   1  1  2 13 13 14: -2,   0  1  2 12 13 14: -4,   0  0  0 12 12 12: -1,   0  1  1 12 13 13: 1,   0  0  1 12 12 13: -1,   1  1  1 13 13 13: 1, : 1, } 
trying to remove   0  1  2 12 12 15 (order 5)
new main equation:
{   0  0  2 12 12 14: -2,   1  1  2 13 13 14: -2,   0  1  2 12 13 14: -4,   0  0  0 12 12 12: -1,   0  1  1 12 13 13: 1,   0  0  1 12 12 13: -1,   1  1  1 13 13 13: 1, : 1, } 
trying to remove   0  0  2 12 12 14 (order 5)
new main equation:
{   1  1  2 13 13 14: -2,   0  1  2 12 13 14: -4,   0  0  0 12 12 12: -1,   0  1  1 12 13 13: 1,   0  0  1 12 12 13: -1,   0  0  3 12 13 14: 2,   1  1  1 13 13 13: 1, : 1, } 
trying to remove   1  1  2 13 13 14 (order 5)
new main equation:
{   1  1  3 13 13 15: 2,   0  1  2 12 13 14: -4,   0  0  0 12 12 12: -1,   0  1  1 12 13 13: -1,   0  0  1 12 12 13: -1,   0  0  3 12 13 14: 2,   1  1  1 13 13 13: -1, : 1, } 
trying to remove   1  1  3 13 13 15 (order 5)
new main equation:
{   0  1  3 12 13 15: -2,   0  1  2 12 13 14: -2,   0  0  0 12 12 12: -1,   0  1  1 12 13 13: -1,   0  0  1 12 12 13: -1,   1  1  1 13 13 13: -1, : 1, } 
trying to remove   0  1  3 12 13 15 (order 5)
new main equation:
{   0  1  2 12 13 14: -2,   0  0  0 12 12 12: -1,   0  1  1 12 13 13: -1,   0  0  1 12 12 13: -1,   0  0  3 12 13 14: 2,   1  1  1 13 13 13: -1, : 1, } 
trying to remove   0  1  2 12 13 14 (order 5)
new main equation:
{   0  0  0 12 12 12: -1,   0  1  1 12 13 13: -1,   0  0  1 12 12 13: -1,   0  1  3 13 13 14: 2,   0  0  3 12 13 14: 2,   1  1  1 13 13 13: -1, : 1, } 
trying to remove   0  0  0 12 12 12 (order 5)
new main equation:
{   0  0  0  1 12 12 12 13: -1,   0  0  0  0 12 12 12 12: -1,   0  1  1 12 13 13: -1,   0  0  1 12 12 13: -1,   0  1  3 13 13 14: 2,   0  0  3 12 13 14: 2,   1  1  1 13 13 13: -1, : 1, } 
trying to remove   0  1  1 12 13 13 (order 5)
new main equation:
{   0  0  0  1 12 12 12 13: -1,   0  0  0  0 12 12 12 12: -1,   0  1  3 13 13 14: 3,   0  0  3 12 13 14: 3,   1  1  1 13 13 13: -1, : 1, } 
trying to remove   0  1  3 13 13 14 (order 5)
new main equation:
{   0  1  1  3 13 13 13 14: 3,   0  0  1  3 12 13 13 14: 3,   0  0  0  1 12 12 12 13: -1,   0  0  0  0 12 12 12 12: -1,   0  0  3 12 13 14: 3,   1  1  1 13 13 13: -1, : 1, } 
trying to remove   0  0  3 12 13 14 (order 5)
new main equation:
{   0  0  0  3 12 12 13 14: 3,   0  1  1  3 13 13 13 14: 3,   0  0  1  3 12 13 13 14: 6.00001,   0  0  0  1 12 12 12 13: -1,   0  0  0  0 12 12 12 12: -1,   1  1  1 13 13 13: -1, : 1, } 
trying to remove   1  1  1 13 13 13 (order 5)
new main equation:
{   0  1  1  1 12 13 13 13: -1,   0  0  0  3 12 12 13 14: 3,   0  1  1  3 13 13 13 14: 3,   0  0  1  3 12 13 13 14: 6.00001,   1  1  1  1 13 13 13 13: -1,   0  0  0  1 12 12 12 13: -1,   0  0  0  0 12 12 12 12: -1, : 1, } 
checking for terms of order 6
checking for terms of order 7
trying to remove   0  1  1  1 12 13 13 13 (order 7)
new main equation:
{   0  0  1  1 12 12 13 13: 1,   0  0  1 12 12 13: 1,   0  0  0  3 12 12 13 14: 4,   0  1  1  3 13 13 13 14: 4,   0  0  1  3 12 13 13 14: 8.00001,   1  1  1  1 13 13 13 13: -1,   0  0  0  1 12 12 12 13: -1,   0  0  0  0 12 12 12 12: -1, : 1, } 
trying to remove   0  0  1  1 12 12 13 13 (order 7)
new main equation:
{   0  0  1 12 12 13: 2,   0  0  0  3 12 12 13 14: 4,   0  1  1  3 13 13 13 14: 4,   0  0  1  3 12 13 13 14: 8.00001,   1  1  1  1 13 13 13 13: -1,   0  0  0  1 12 12 12 13: -2,   0  0  0  0 12 12 12 12: -1, : 1, } 
trying to remove   0  0  1 12 12 13 (order 5)
new main equation:
{   0  0  1  3 12 12 13 15: 2,   0  0  1  2 12 12 13 14: 2,   0  0  0  3 12 12 13 14: 4,   0  1  1  3 13 13 13 14: 4,   0  0  1  3 12 13 13 14: 8.00001,   1  1  1  1 13 13 13 13: -1,   0  0  0  1 12 12 12 13: -2,   0  0  0  0 12 12 12 12: -1, : 1, } 
trying to remove   0  0  1  3 12 12 13 15 (order 7)
new main equation:
{   0  1  1  3 12 13 13 15: -2,   0  0  1  2 12 12 13 14: 2,   0  0  0  3 12 12 13 14: 2,   0  1  1  3 13 13 13 14: 4,   0  0  1  3 12 13 13 14: 6.00001,   1  1  1  1 13 13 13 13: -1,   0  0  0  1 12 12 12 13: -2,   0  0  0  0 12 12 12 12: -1, : 1, } 
trying to remove   0  1  1  3 12 13 13 15 (order 7)
new main equation:
{   0  0  1  2 12 12 13 14: 2,   0  0  0  3 12 12 13 14: 2,   1  1  1  3 13 13 13 15: 2,   0  1  1  3 13 13 13 14: 6.00001,   0  0  1  3 12 13 13 14: 8.00001,   1  1  1  1 13 13 13 13: -1,   0  0  0  1 12 12 12 13: -2,   0  0  0  0 12 12 12 12: -1, : 1, } 
trying to remove   0  0  1  2 12 12 13 14 (order 7)
new main equation:
{   0  1  1  2 12 13 13 14: -2,   0  0  0  3 12 12 13 14: 2,   1  1  1  3 13 13 13 15: 2,   0  1  1  3 13 13 13 14: 4,   0  0  1  3 12 13 13 14: 6.00001,   1  1  1  1 13 13 13 13: -1,   0  0  0  1 12 12 12 13: -2,   0  0  0  0 12 12 12 12: -1, : 1, } 
trying to remove   0  1  1  2 12 13 13 14 (order 7)
new main equation:
{   1  1  1  2 13 13 13 14: -1,   0  0  0  3 12 12 13 14: 3,   1  1  1  3 13 13 13 15: -1,   0  1  1  3 13 13 13 14: 3,   0  0  1  3 12 13 13 14: 6.00001,   0  0  0  1 12 12 12 13: -1,   0  0  0  0 12 12 12 12: -1, : 1, } 
trying to remove   1  1  1  2 13 13 13 14 (order 7)
new main equation:
{   1  1  1  1  2 13 13 13 13 14: -1,   0  1  1  1  2 12 13 13 13 14: -1,   0  0  0  3 12 12 13 14: 3,   1  1  1  3 13 13 13 15: -1,   0  1  1  3 13 13 13 14: 3,   0  0  1  3 12 13 13 14: 6.00001,   0  0  0  1 12 12 12 13: -1,   0  0  0  0 12 12 12 12: -1, : 1, } 
trying to remove   0  0  0  3 12 12 13 14 (order 7)
new main equation:
{   1  1  1  1  2 13 13 13 13 14: -1,   0  0  0  2 12 12 12 14: -3,   0  1  1  1  2 12 13 13 13 14: -1,   1  1  1  3 13 13 13 15: -1,   0  1  1  3 13 13 13 14: 3,   0  0  1  3 12 13 13 14: 6.00001,   0  0  0  1 12 12 12 13: -1,   0  0  0  0 12 12 12 12: -1, : 1, } 
trying to remove   0  0  0  2 12 12 12 14 (order 7)
new main equation:
{   1  1  1  1  2 13 13 13 13 14: 2,   0  1  1  1  2 12 13 13 13 14: 2,   1  1  1  3 13 13 13 15: 8.00001,   0  1  1  3 13 13 13 14: 12,   0  0  1  3 12 13 13 14: 6.00001,   1  1  1  1 13 13 13 13: -3,   0  0  0  1 12 12 12 13: -4,   0  0  0  0 12 12 12 12: -1, : 1, } 
trying to remove   1  1  1  3 13 13 13 15 (order 7)
new main equation:
{   1  1  1  1  2 13 13 13 13 14: 2,   0  1  1  1  2 12 13 13 13 14: 2,   0  1  1  3 13 13 13 14: 4.00001,   0  0  1  3 12 13 13 14: 6.00001,   1  1  1  1 13 13 13 13: -3,   0  0  0  1 12 12 12 13: -4,   0  0  0  0 12 12 12 12: -1, : 1, } 
trying to remove   0  1  1  3 13 13 13 14 (order 7)
new main equation:
{   0  1  1  1  3 13 13 13 13 14: 4.00001,   0  0  1  1  3 12 13 13 13 14: 4.00001,   1  1  1  1  2 13 13 13 13 14: 2,   0  1  1  1  2 12 13 13 13 14: 2,   0  0  1  3 12 13 13 14: 6.00001,   1  1  1  1 13 13 13 13: -3,   0  0  0  1 12 12 12 13: -4,   0  0  0  0 12 12 12 12: -1, : 1, } 
trying to remove   0  0  1  3 12 13 13 14 (order 7)
new main equation:
{   0  1  1  1  3 13 13 13 13 14: 4.00001,   0  0  1  1  3 12 13 13 13 14: 10,   1  1  1  1  2 13 13 13 13 14: 2,   0  1  1  1  2 12 13 13 13 14: 2,   1  1  1  1 13 13 13 13: -3,   0  0  0  1 12 12 12 13: -4,   0  0  0  0 12 12 12 12: -1,   0  0  0  1  3 12 12 13 13 14: 6.00001, : 1, } 
trying to remove   1  1  1  1 13 13 13 13 (order 7)
new main equation:
{   1  1  1  1  1 13 13 13 13 13: -3,   0  1  1  1  1 12 13 13 13 13: -3,   0  1  1  1  3 13 13 13 13 14: 4.00001,   0  0  1  1  3 12 13 13 13 14: 10,   1  1  1  1  2 13 13 13 13 14: 2,   0  1  1  1  2 12 13 13 13 14: 2,   0  0  0  1 12 12 12 13: -4,   0  0  0  0 12 12 12 12: -1,   0  0  0  1  3 12 12 13 13 14: 6.00001, : 1, } 
trying to remove   0  0  0  1 12 12 12 13 (order 7)
new main equation:
{   0  0  0  1  1 12 12 12 13 13: -4,   0  0  0  0  1 12 12 12 12 13: -4,   1  1  1  1  1 13 13 13 13 13: -3,   0  1  1  1  1 12 13 13 13 13: -3,   0  1  1  1  3 13 13 13 13 14: 4.00001,   0  0  1  1  3 12 13 13 13 14: 10,   1  1  1  1  2 13 13 13 13 14: 2,   0  1  1  1  2 12 13 13 13 14: 2,   0  0  0  0 12 12 12 12: -1,   0  0  0  1  3 12 12 13 13 14: 6.00001, : 1, } 
trying to remove   0  0  0  0 12 12 12 12 (order 7)
new main equation:
{   0  0  0  0  0 12 12 12 12 12: -1,   0  0  0  1  1 12 12 12 13 13: -4,   0  0  0  0  1 12 12 12 12 13: -5,   1  1  1  1  1 13 13 13 13 13: -3,   0  1  1  1  1 12 13 13 13 13: -3,   0  1  1  1  3 13 13 13 13 14: 4.00001,   0  0  1  1  3 12 13 13 13 14: 10,   1  1  1  1  2 13 13 13 13 14: 2,   0  1  1  1  2 12 13 13 13 14: 2,   0  0  0  1  3 12 12 13 13 14: 6.00001, : 1, } 
checking for terms of order 8
checking for terms of order 9
trying to remove   0  0  0  0  0 12 12 12 12 12 (order 9)
new main equation:
{   0  0  0  0  0  0 12 12 12 12 12 12: -1,   0  0  0  1  1 12 12 12 13 13: -4,   0  0  0  0  1 12 12 12 12 13: -5,   1  1  1  1  1 13 13 13 13 13: -3,   0  1  1  1  1 12 13 13 13 13: -3,   0  1  1  1  3 13 13 13 13 14: 4.00001,   0  0  0  0  0  1 12 12 12 12 12 13: -1,   0  0  1  1  3 12 13 13 13 14: 10,   1  1  1  1  2 13 13 13 13 14: 2,   0  1  1  1  2 12 13 13 13 14: 2,   0  0  0  1  3 12 12 13 13 14: 6.00001, : 1, } 
trying to remove   0  0  0  1  1 12 12 12 13 13 (order 9)
new main equation:
{   0  0  1  1  1 12 12 13 13 13: 4,   0  0  0  0  0  0 12 12 12 12 12 12: -1,   0  0  0  0  1 12 12 12 12 13: -5,   1  1  1  1  1 13 13 13 13 13: -7,   0  1  1  1  1 12 13 13 13 13: -7,   0  1  1  1  3 13 13 13 13 14: 4.00001,   0  0  0  0  0  1 12 12 12 12 12 13: -1,   0  0  1  1  3 12 13 13 13 14: 14,   1  1  1  1  2 13 13 13 13 14: 6,   0  1  1  1  2 12 13 13 13 14: 6,   0  0  0  1  3 12 12 13 13 14: 10, : 1, } 
trying to remove   0  0  1  1  1 12 12 13 13 13 (order 9)
new main equation:
{   0  0  0  0  0  0 12 12 12 12 12 12: -1,   0  0  0  0  1 12 12 12 12 13: -5,   1  1  1  1  1 13 13 13 13 13: -11,   0  1  1  1  1 12 13 13 13 13: -15,   0  0  0  0  0  1 12 12 12 12 12 13: -1,   0  0  1  1  3 12 13 13 13 14: 10,   1  1  1  1  2 13 13 13 13 14: 10,   0  1  1  1  2 12 13 13 13 14: 10,   0  0  0  1  3 12 12 13 13 14: 10, : 1, } 
trying to remove   0  0  0  0  1 12 12 12 12 13 (order 9)
new main equation:
{   0  0  0  0  1  1 12 12 12 12 13 13: -5,   0  0  0  0  0  0 12 12 12 12 12 12: -1,   1  1  1  1  1 13 13 13 13 13: -11,   0  1  1  1  1 12 13 13 13 13: -15,   0  0  0  0  0  1 12 12 12 12 12 13: -6,   0  0  1  1  3 12 13 13 13 14: 10,   1  1  1  1  2 13 13 13 13 14: 10,   0  1  1  1  2 12 13 13 13 14: 10,   0  0  0  1  3 12 12 13 13 14: 10, : 1, } 
trying to remove   1  1  1  1  1 13 13 13 13 13 (order 9)
new main equation:
{   1  1  1  1  1  1 13 13 13 13 13 13: -11,   0  1  1  1  1  1 12 13 13 13 13 13: -11,   0  0  0  0  1  1 12 12 12 12 13 13: -5,   0  0  0  0  0  0 12 12 12 12 12 12: -1,   0  1  1  1  1 12 13 13 13 13: -15,   0  0  0  0  0  1 12 12 12 12 12 13: -6,   0  0  1  1  3 12 13 13 13 14: 10,   1  1  1  1  2 13 13 13 13 14: 10,   0  1  1  1  2 12 13 13 13 14: 10,   0  0  0  1  3 12 12 13 13 14: 10, : 1, } 
trying to remove   0  1  1  1  1 12 13 13 13 13 (order 9)
new main equation:
{   0  0  1  1  1  1 12 12 13 13 13 13: -15,   1  1  1  1  1  1 13 13 13 13 13 13: -11,   0  1  1  1  1  1 12 13 13 13 13 13: -26,   0  0  0  0  1  1 12 12 12 12 13 13: -5,   0  0  0  0  0  0 12 12 12 12 12 12: -1,   0  0  0  0  0  1 12 12 12 12 12 13: -6,   0  0  1  1  3 12 13 13 13 14: 10,   1  1  1  1  2 13 13 13 13 14: 10,   0  1  1  1  2 12 13 13 13 14: 10,   0  0  0  1  3 12 12 13 13 14: 10, : 1, } 
trying to remove   0  0  1  1  3 12 13 13 13 14 (order 9)
new main equation:
{   0  1  1  1  3 12 13 13 13 15: -10,   0  0  1  1  1  1 12 12 13 13 13 13: -15,   1  1  1  1  1  1 13 13 13 13 13 13: -11,   0  1  1  1  1  1 12 13 13 13 13 13: -26,   0  0  0  0  1  1 12 12 12 12 13 13: -5,   0  0  0  0  0  0 12 12 12 12 12 12: -1,   0  0  0  0  0  1 12 12 12 12 12 13: -6,   1  1  1  1  2 13 13 13 13 14: 10,   0  1  1  1  2 12 13 13 13 14: 10,   0  0  0  1  3 12 12 13 13 14: 10, : 1, } 
trying to remove   0  1  1  1  3 12 13 13 13 15 (order 9)
new main equation:
{   0  1  1  1  2 12 12 13 13 15: 10,   0  0  1  1  1  1 12 12 13 13 13 13: -15,   1  1  1  1  1  1 13 13 13 13 13 13: -11,   0  1  1  1  1  1 12 13 13 13 13 13: -26,   0  0  0  0  1  1 12 12 12 12 13 13: -5,   0  0  0  0  0  0 12 12 12 12 12 12: -1,   0  0  0  0  0  1 12 12 12 12 12 13: -6,   1  1  1  1  2 13 13 13 13 14: 10,   0  1  1  1  2 12 13 13 13 14: 10,   0  0  0  1  3 12 12 13 13 14: 10, : 1, } 
trying to remove   0  1  1  1  2 12 12 13 13 15 (order 9)
new main equation:
{   1  1  1  1  2 12 13 13 13 15: -10,   1  1  1  2 12 13 13 15: 10,   0  0  1  1  1  1 12 12 13 13 13 13: -15,   1  1  1  1  1  1 13 13 13 13 13 13: -11,   0  1  1  1  1  1 12 13 13 13 13 13: -26,   0  0  0  0  1  1 12 12 12 12 13 13: -5,   0  0  0  0  0  0 12 12 12 12 12 12: -1,   0  0  0  0  0  1 12 12 12 12 12 13: -6,   1  1  1  1  2 13 13 13 13 14: 10,   0  1  1  1  2 12 13 13 13 14: 10,   0  0  0  1  3 12 12 13 13 14: 10, : 1, } 
trying to remove   1  1  1  1  2 12 13 13 13 15 (order 9)
new main equation:
{   1  1  1  2 12 13 13 15: 10,   0  0  1  1  1  1 12 12 13 13 13 13: -15,   1  1  1  1  1  1 13 13 13 13 13 13: -11,   0  1  1  1  1  1 12 13 13 13 13 13: -26,   0  0  0  0  1  1 12 12 12 12 13 13: -5,   0  0  0  0  0  0 12 12 12 12 12 12: -1,   0  0  0  0  0  1 12 12 12 12 12 13: -6,   1  1  1  1  2 13 13 13 13 14: 10,   0  1  1  1  2 12 13 13 13 14: 20,   0  0  0  1  3 12 12 13 13 14: 10, : 1, } 
trying to remove   1  1  1  2 12 13 13 15 (order 7)
new main equation:
{   0  1  1  1  3 13 13 13 13 14: -10,   0  1  1  2 12 12 13 15: 10,   0  0  1  1  1  1 12 12 13 13 13 13: -15,   1  1  1  1  1  1 13 13 13 13 13 13: -11,   0  1  1  1  1  1 12 13 13 13 13 13: -26,   0  0  0  0  1  1 12 12 12 12 13 13: -5,   0  0  0  0  0  0 12 12 12 12 12 12: -1,   0  0  0  0  0  1 12 12 12 12 12 13: -6,   1  1  1  1  2 13 13 13 13 14: 10, : 1, } 
trying to remove   0  1  1  1  3 13 13 13 13 14 (order 9)
new main equation:
{   1  1  1  1  3 13 13 13 13 15: 10,   0  1  1  2 12 12 13 15: 10,   0  0  1  1  1  1 12 12 13 13 13 13: -15,   1  1  1  1  1  1 13 13 13 13 13 13: -11,   0  1  1  1  1  1 12 13 13 13 13 13: -26,   0  0  0  0  1  1 12 12 12 12 13 13: -5,   0  0  0  0  0  0 12 12 12 12 12 12: -1,   0  0  0  0  0  1 12 12 12 12 12 13: -6,   1  1  1  1  2 13 13 13 13 14: 10, : 1, } 
trying to remove   1  1  1  1  3 13 13 13 13 15 (order 9)
new main equation:
{   0  1  1  1  2 12 13 13 13 14: 10,   0  1  1  2 12 12 13 15: 10,   0  0  1  1  1  1 12 12 13 13 13 13: -15,   1  1  1  1  1  1 13 13 13 13 13 13: -11,   0  1  1  1  1  1 12 13 13 13 13 13: -26,   0  0  0  0  1  1 12 12 12 12 13 13: -5,   0  0  0  0  0  0 12 12 12 12 12 12: -1,   0  0  0  0  0  1 12 12 12 12 12 13: -6,   1  1  1  1  2 13 13 13 13 14: 10, : 1, } 
trying to remove   0  1  1  1  2 12 13 13 13 14 (order 9)
new main equation:
{   0  1  1  2 12 12 13 15: 10,   0  0  1  1  1  1 12 12 13 13 13 13: -5,   1  1  1  1  1  1 13 13 13 13 13 13: -0.999999,   0  1  1  1  1  1 12 13 13 13 13 13: -6,   0  0  0  0  1  1 12 12 12 12 13 13: -5,   0  0  0  0  0  0 12 12 12 12 12 12: -1,   0  0  0  0  0  1 12 12 12 12 12 13: -6, : 1, } 
trying to remove   0  1  1  2 12 12 13 15 (order 7)
new main equation:
{   0  1  1  2  2 12 12 13 14 15: 10,   0  0  1  1  1  1 12 12 13 13 13 13: -5,   1  1  1  1  1  1 13 13 13 13 13 13: -0.999999,   0  1  1  1  1  1 12 13 13 13 13 13: -6,   0  0  0  0  1  1 12 12 12 12 13 13: -5,   0  0  0  0  0  0 12 12 12 12 12 12: -1,   0  0  0  0  0  1 12 12 12 12 12 13: -6,   0  1  1  2  3 12 12 13 15 15: 10, : 1, } 
trying to remove   0  1  1  2  2 12 12 13 14 15 (order 9)
new main equation:
{   0  0  1  1  1  1 12 12 13 13 13 13: -5,   1  1  1  1  1  1 13 13 13 13 13 13: -0.999999,   1  1  2  2 12 13 14 15: 10,   0  1  1  1  1  1 12 13 13 13 13 13: -6,   1  1  1  2  2 12 13 13 14 15: -10,   0  0  0  0  1  1 12 12 12 12 13 13: -5,   0  0  0  0  0  0 12 12 12 12 12 12: -1,   0  0  0  0  0  1 12 12 12 12 12 13: -6,   0  1  1  2  3 12 12 13 15 15: 10, : 1, } 
trying to remove   1  1  2  2 12 13 14 15 (order 7)
new main equation:
{   0  1  2  2 12 12 14 15: -10,   1  2  2 12 14 15: 10,   0  0  1  1  1  1 12 12 13 13 13 13: -5,   1  1  1  1  1  1 13 13 13 13 13 13: -0.999999,   0  1  1  1  1  1 12 13 13 13 13 13: -6,   1  1  1  2  2 12 13 13 14 15: -10,   0  0  0  0  1  1 12 12 12 12 13 13: -5,   0  0  0  0  0  0 12 12 12 12 12 12: -1,   0  0  0  0  0  1 12 12 12 12 12 13: -6,   0  1  1  2  3 12 12 13 15 15: 10, : 1, } 
trying to remove   0  1  2  2 12 12 14 15 (order 7)
new main equation:
{   1  1  2  2 12 12 15 15: 10,   1  2  2 12 14 15: 10,   0  0  1  1  1  1 12 12 13 13 13 13: -5,   1  1  1  1  1  1 13 13 13 13 13 13: -0.999999,   0  1  1  1  1  1 12 13 13 13 13 13: -6,   1  1  1  2  2 12 13 13 14 15: -10,   0  0  0  0  1  1 12 12 12 12 13 13: -5,   0  0  0  0  0  0 12 12 12 12 12 12: -1,   0  0  0  0  0  1 12 12 12 12 12 13: -6,   0  1  1  2  3 12 12 13 15 15: 10, : 1, } 
trying to remove   1  1  2  2 12 12 15 15 (order 7)
new main equation:
{   1  2  2 12 14 15: 10,   0  0  1  1  1  1 12 12 13 13 13 13: -5,   1  1  2  3 12 13 15 15: -10,   1  1  1  1  1  1 13 13 13 13 13 13: -0.999999,   0  1  1  1  1  1 12 13 13 13 13 13: -6,   1  1  1  2  2 12 13 13 14 15: -10,   0  0  0  0  1  1 12 12 12 12 13 13: -5,   0  0  0  0  0  0 12 12 12 12 12 12: -1,   0  0  0  0  0  1 12 12 12 12 12 13: -6,   0  1  1  2  3 12 12 13 15 15: 10, : 1, } 
trying to remove   1  2  2 12 14 15 (order 5)
new main equation:
{   0  0  1  1  1  1 12 12 13 13 13 13: -5,   1  1  2  3 12 13 15 15: -10,   1  1  1  1  1  1 13 13 13 13 13 13: -0.999999,   0  1  1  1  1  1 12 13 13 13 13 13: -6,   1  1  1  2  2 12 13 13 14 15: -10,   0  0  0  0  1  1 12 12 12 12 13 13: -5,   0  2  2 12 14 14: -10,   0  0  0  0  0  0 12 12 12 12 12 12: -1,   0  0  0  0  0  1 12 12 12 12 12 13: -6,   0  1  1  2  3 12 12 13 15 15: 10, : 1, } 
trying to remove   1  1  2  3 12 13 15 15 (order 7)
new main equation:
{   1  2  3 12 15 15: -10,   0  0  1  1  1  1 12 12 13 13 13 13: -5,   0  1  2  3 12 12 15 15: 10,   1  1  1  1  1  1 13 13 13 13 13 13: -0.999999,   0  1  1  1  1  1 12 13 13 13 13 13: -6,   1  1  1  2  2 12 13 13 14 15: -10,   0  0  0  0  1  1 12 12 12 12 13 13: -5,   0  2  2 12 14 14: -10,   0  0  0  0  0  0 12 12 12 12 12 12: -1,   0  0  0  0  0  1 12 12 12 12 12 13: -6,   0  1  1  2  3 12 12 13 15 15: 10, : 1, } 
trying to remove   1  2  3 12 15 15 (order 5)
new main equation:
{   0  0  1  1  1  1 12 12 13 13 13 13: -5,   0  1  2  3 12 12 15 15: 10,   1  1  1  1  1  1 13 13 13 13 13 13: -0.999999,   0  1  1  1  1  1 12 13 13 13 13 13: -6,   1  1  1  2  2 12 13 13 14 15: -10,   0  0  0  0  1  1 12 12 12 12 13 13: -5,   0  2  2 12 14 14: -10,   0  0  0  0  0  0 12 12 12 12 12 12: -1,   0  0  0  0  0  1 12 12 12 12 12 13: -6,   0  2  3 12 14 15: 10,   0  1  1  2  3 12 12 13 15 15: 10, : 1, } 
trying to remove   0  1  2  3 12 12 15 15 (order 7)
new main equation:
{   0  0  2  3 12 12 14 15: -10,   0  0  1  1  1  1 12 12 13 13 13 13: -5,   1  1  1  1  1  1 13 13 13 13 13 13: -0.999999,   0  1  1  1  1  1 12 13 13 13 13 13: -6,   1  1  1  2  2 12 13 13 14 15: -10,   0  0  0  0  1  1 12 12 12 12 13 13: -5,   0  2  2 12 14 14: -10,   0  0  0  0  0  0 12 12 12 12 12 12: -1,   0  0  0  0  0  1 12 12 12 12 12 13: -6,   0  2  3 12 14 15: 10,   0  1  1  2  3 12 12 13 15 15: 10, : 1, } 
trying to remove   0  0  2  3 12 12 14 15 (order 7)
new main equation:
{   0  0  1  1  1  1 12 12 13 13 13 13: -5,   1  1  1  1  1  1 13 13 13 13 13 13: -0.999999,   0  1  1  1  1  1 12 13 13 13 13 13: -6,   0  1  2  3 12 13 14 15: 10,   1  1  1  2  2 12 13 13 14 15: -10,   0  0  0  0  1  1 12 12 12 12 13 13: -5,   0  2  2 12 14 14: -10,   0  0  0  0  0  0 12 12 12 12 12 12: -1,   0  0  0  0  0  1 12 12 12 12 12 13: -6,   0  1  1  2  3 12 12 13 15 15: 10, : 1, } 
trying to remove   0  1  2  3 12 13 14 15 (order 7)
new main equation:
{   1  1  2  3 13 13 14 15: -10,   1  2  3 13 14 15: 10,   0  0  1  1  1  1 12 12 13 13 13 13: -5,   1  1  1  1  1  1 13 13 13 13 13 13: -0.999999,   0  1  1  1  1  1 12 13 13 13 13 13: -6,   1  1  1  2  2 12 13 13 14 15: -10,   0  0  0  0  1  1 12 12 12 12 13 13: -5,   0  2  2 12 14 14: -10,   0  0  0  0  0  0 12 12 12 12 12 12: -1,   0  0  0  0  0  1 12 12 12 12 12 13: -6,   0  1  1  2  3 12 12 13 15 15: 10, : 1, } 
trying to remove   1  1  2  3 13 13 14 15 (order 7)
new main equation:
{   0  1  2  3 13 13 14 14: 10,   1  2  3 13 14 15: 10,   0  0  1  1  1  1 12 12 13 13 13 13: -5,   1  1  1  1  1  1 13 13 13 13 13 13: -0.999999,   0  1  1  1  1  1 12 13 13 13 13 13: -6,   1  1  1  2  2 12 13 13 14 15: -10,   0  0  0  0  1  1 12 12 12 12 13 13: -5,   0  2  2 12 14 14: -10,   0  0  0  0  0  0 12 12 12 12 12 12: -1,   0  0  0  0  0  1 12 12 12 12 12 13: -6,   0  1  1  2  3 12 12 13 15 15: 10, : 1, } 
trying to remove   0  1  2  3 13 13 14 14 (order 7)
new main equation:
{   0  0  2  3 12 13 14 14: -10,   0  2  3 13 14 14: 10,   1  2  3 13 14 15: 10,   0  0  1  1  1  1 12 12 13 13 13 13: -5,   1  1  1  1  1  1 13 13 13 13 13 13: -0.999999,   0  1  1  1  1  1 12 13 13 13 13 13: -6,   1  1  1  2  2 12 13 13 14 15: -10,   0  0  0  0  1  1 12 12 12 12 13 13: -5,   0  2  2 12 14 14: -10,   0  0  0  0  0  0 12 12 12 12 12 12: -1,   0  0  0  0  0  1 12 12 12 12 12 13: -6,   0  1  1  2  3 12 12 13 15 15: 10, : 1, } 
trying to remove   0  0  2  3 12 13 14 14 (order 7)
new main equation:
{   0  0  3  3 13 13 14 14: 10,   0  2  3 13 14 14: 10,   1  2  3 13 14 15: 10,   0  0  1  1  1  1 12 12 13 13 13 13: -5,   1  1  1  1  1  1 13 13 13 13 13 13: -0.999999,   0  1  1  1  1  1 12 13 13 13 13 13: -6,   1  1  1  2  2 12 13 13 14 15: -10,   0  0  0  0  1  1 12 12 12 12 13 13: -5,   0  2  2 12 14 14: -10,   0  0  0  0  0  0 12 12 12 12 12 12: -1,   0  0  0  0  0  1 12 12 12 12 12 13: -6,   0  1  1  2  3 12 12 13 15 15: 10, : 1, } 
trying to remove   0  0  3  3 13 13 14 14 (order 7)
new main equation:
{   0  2  3 13 14 14: 10,   1  2  3 13 14 15: 10,   0  0  1  1  1  1 12 12 13 13 13 13: -5,   1  1  1  1  1  1 13 13 13 13 13 13: -0.999999,   0  1  1  1  1  1 12 13 13 13 13 13: -6,   1  1  1  2  2 12 13 13 14 15: -10,   0  0  0  0  1  1 12 12 12 12 13 13: -5,   0  1  3  3 13 13 14 15: -10,   0  2  2 12 14 14: -10,   0  0  0  0  0  0 12 12 12 12 12 12: -1,   0  0  0  0  0  1 12 12 12 12 12 13: -6,   0  1  1  2  3 12 12 13 15 15: 10, : 1, } 
trying to remove   0  2  3 13 14 14 (order 5)
new main equation:
{   0  0  1  1  1  1 12 12 13 13 13 13: -5,   1  1  1  1  1  1 13 13 13 13 13 13: -0.999999,   0  1  1  1  1  1 12 13 13 13 13 13: -6,   1  1  1  2  2 12 13 13 14 15: -10,   0  0  0  0  1  1 12 12 12 12 13 13: -5,   0  1  3  3 13 13 14 15: -10,   0  2  2 12 14 14: -10,   0  0  0  0  0  0 12 12 12 12 12 12: -1,   0  0  0  0  0  1 12 12 12 12 12 13: -6,   0  1  1  2  3 12 12 13 15 15: 10, : 1, } 
trying to remove   1  1  1  2  2 12 13 13 14 15 (order 9)
new main equation:
{   0  1  1  2  2 12 13 13 14 14: 10,   0  0  1  1  1  1 12 12 13 13 13 13: -5,   1  1  1  1  1  1 13 13 13 13 13 13: -0.999999,   0  1  1  1  1  1 12 13 13 13 13 13: -6,   0  0  0  0  1  1 12 12 12 12 13 13: -5,   0  1  3  3 13 13 14 15: -10,   0  2  2 12 14 14: -10,   0  0  0  0  0  0 12 12 12 12 12 12: -1,   0  0  0  0  0  1 12 12 12 12 12 13: -6,   0  1  1  2  3 12 12 13 15 15: 10, : 1, } 
trying to remove   0  1  1  2  2 12 13 13 14 14 (order 9)
new main equation:
{   1  1  1  2  2 13 13 13 14 14: -10,   1  1  2  2 13 13 14 14: 10,   0  0  1  1  1  1 12 12 13 13 13 13: -5,   1  1  1  1  1  1 13 13 13 13 13 13: -0.999999,   0  1  1  1  1  1 12 13 13 13 13 13: -6,   0  0  0  0  1  1 12 12 12 12 13 13: -5,   0  1  3  3 13 13 14 15: -10,   0  2  2 12 14 14: -10,   0  0  0  0  0  0 12 12 12 12 12 12: -1,   0  0  0  0  0  1 12 12 12 12 12 13: -6,   0  1  1  2  3 12 12 13 15 15: 10, : 1, } 
trying to remove   1  1  1  2  2 13 13 13 14 14 (order 9)
new main equation:
{   1  1  1  2  3 13 13 13 14 15: 10,   1  1  2  2 13 13 14 14: 10,   0  0  1  1  1  1 12 12 13 13 13 13: -15,   1  1  1  1  1  1 13 13 13 13 13 13: -11,   0  1  1  1  1  1 12 13 13 13 13 13: -26,   0  0  0  0  1  1 12 12 12 12 13 13: -5,   0  1  3  3 13 13 14 15: -10,   0  2  2 12 14 14: -10,   0  0  0  0  0  0 12 12 12 12 12 12: -1,   0  0  0  0  0  1 12 12 12 12 12 13: -6,   0  1  1  2  3 12 12 13 15 15: 10, : 1, } 
trying to remove   1  1  1  2  3 13 13 13 14 15 (order 9)
new main equation:
{   1  2  3 13 14 15: 10,   1  1  2  2 13 13 14 14: 10,   0  0  1  1  1  1 12 12 13 13 13 13: -15,   0  1  1  2  3 12 13 13 14 15: -10,   1  1  1  1  1  1 13 13 13 13 13 13: -11,   0  1  1  1  1  1 12 13 13 13 13 13: -26,   0  0  0  0  1  1 12 12 12 12 13 13: -5,   0  2  2 12 14 14: -10,   0  0  0  0  0  0 12 12 12 12 12 12: -1,   0  0  0  0  0  1 12 12 12 12 12 13: -6,   0  1  1  2  3 12 12 13 15 15: 10, : 1, } 
trying to remove   1  2  3 13 14 15 (order 5)
new main equation:
{   1  1  2  2 13 13 14 14: 10,   2  3 14 15: 10,   0  0  1  1  1  1 12 12 13 13 13 13: -15,   0  1  1  2  3 12 13 13 14 15: -10,   1  1  1  1  1  1 13 13 13 13 13 13: -11,   0  1  1  1  1  1 12 13 13 13 13 13: -26,   0  0  0  0  1  1 12 12 12 12 13 13: -5,   0  2  2 12 14 14: -10,   0  0  0  0  0  0 12 12 12 12 12 12: -1,   0  0  0  0  0  1 12 12 12 12 12 13: -6,   0  2  3 12 14 15: -10,   0  1  1  2  3 12 12 13 15 15: 10, : 1, } 
trying to remove   1  1  2  2 13 13 14 14 (order 7)
new main equation:
{   0  1  2  2 12 13 14 14: -10,   1  2  2 13 14 14: 10,   2  3 14 15: 10,   0  0  1  1  1  1 12 12 13 13 13 13: -15,   0  1  1  2  3 12 13 13 14 15: -10,   1  1  1  1  1  1 13 13 13 13 13 13: -11,   0  1  1  1  1  1 12 13 13 13 13 13: -26,   0  0  0  0  1  1 12 12 12 12 13 13: -5,   0  2  2 12 14 14: -10,   0  0  0  0  0  0 12 12 12 12 12 12: -1,   0  0  0  0  0  1 12 12 12 12 12 13: -6,   0  2  3 12 14 15: -10,   0  1  1  2  3 12 12 13 15 15: 10, : 1, } 
trying to remove   0  1  2  2 12 13 14 14 (order 7)
new main equation:
{   1  2  2 13 14 14: 10,   2  3 14 15: 10,   0  0  1  1  1  1 12 12 13 13 13 13: -15,   0  1  1  2  3 12 13 13 14 15: -10,   1  1  1  1  1  1 13 13 13 13 13 13: -11,   0  1  1  1  1  1 12 13 13 13 13 13: -26,   0  0  0  0  1  1 12 12 12 12 13 13: -5,   0  1  3  3 13 13 14 15: -10,   0  2  2 12 14 14: -20,   0  0  0  0  0  0 12 12 12 12 12 12: -1,   0  0  0  0  0  1 12 12 12 12 12 13: -6,   0  2  3 12 14 15: -10,   0  1  1  2  3 12 12 13 15 15: 10, : 1, } 
trying to remove   1  2  2 13 14 14 (order 5)
new main equation:
{   2  2 14 14: 10,   2  3 14 15: 10,   0  0  1  1  1  1 12 12 13 13 13 13: -15,   0  1  1  2  3 12 13 13 14 15: -10,   1  1  1  1  1  1 13 13 13 13 13 13: -11,   0  1  1  1  1  1 12 13 13 13 13 13: -26,   0  0  0  0  1  1 12 12 12 12 13 13: -5,   0  1  3  3 13 13 14 15: -10,   0  2  2 12 14 14: -30,   0  0  0  0  0  0 12 12 12 12 12 12: -1,   0  0  0  0  0  1 12 12 12 12 12 13: -6,   0  2  3 12 14 15: -10,   0  1  1  2  3 12 12 13 15 15: 10, : 1, } 
trying to remove   2  2 14 14 (order 3)
new main equation:
{   1  1  1  1  2 13 13 13 13 14: -2.85714,   0  0  1  1  1  1 12 12 13 13 13 13: -0.714284,   0  1  1  2  3 12 13 13 14 15: -1.42857,   1  1  1  1  1  1 13 13 13 13 13 13: 1.85715,   0  1  1  1  1  1 12 13 13 13 13 13: 1.14286,   0  0  0  0  1  1 12 12 12 12 13 13: -3.57143,   0  1  3  3 13 13 14 15: -1.42857,   0  2  2 12 14 14: -4.28572,   0  0  0  0  0  0 12 12 12 12 12 12: -1,   0  0  0  0  0  1 12 12 12 12 12 13: -4.57143,   0  0  0  1  3 12 12 13 13 14: 2.85714,   0  2  3 12 14 15: -1.42857,   0  1  1  2  3 12 12 13 15 15: 1.42857, : 1, } 
trying to remove   1  1  1  1  2 13 13 13 13 14 (order 9)
new main equation:
{   1  1  1  1  1  2 13 13 13 13 13 14: -2.85714,   0  1  1  1  1  2 12 13 13 13 13 14: -2.85714,   0  0  1  1  1  1 12 12 13 13 13 13: -0.714284,   0  1  1  2  3 12 13 13 14 15: -1.42857,   1  1  1  1  1  1 13 13 13 13 13 13: 1.85715,   0  1  1  1  1  1 12 13 13 13 13 13: 1.14286,   0  0  0  0  1  1 12 12 12 12 13 13: -3.57143,   0  1  3  3 13 13 14 15: -1.42857,   0  2  2 12 14 14: -4.28572,   0  0  0  0  0  0 12 12 12 12 12 12: -1,   0  0  0  0  0  1 12 12 12 12 12 13: -4.57143,   0  0  0  1  3 12 12 13 13 14: 2.85714,   0  2  3 12 14 15: -1.42857,   0  1  1  2  3 12 12 13 15 15: 1.42857, : 1, } 
trying to remove   0  1  1  2  3 12 13 13 14 15 (order 9)
new main equation:
{   1  1  1  2  3 12 13 13 15 15: 1.42857,   1  1  1  1  1  2 13 13 13 13 13 14: -2.85714,   0  1  1  1  1  2 12 13 13 13 13 14: -2.85714,   0  0  1  1  1  1 12 12 13 13 13 13: -0.714284,   1  1  1  1  1  1 13 13 13 13 13 13: 1.85715,   0  1  1  1  1  1 12 13 13 13 13 13: 1.14286,   0  0  0  0  1  1 12 12 12 12 13 13: -3.57143,   0  1  3  3 13 13 14 15: -1.42857,   0  2  2 12 14 14: -4.28572,   0  0  0  0  0  0 12 12 12 12 12 12: -1,   0  0  0  0  0  1 12 12 12 12 12 13: -4.57143,   0  0  0  1  3 12 12 13 13 14: 2.85714,   0  2  3 12 14 15: -1.42857,   0  1  1  2  3 12 12 13 15 15: 1.42857, : 1, } 
trying to remove   1  1  1  2  3 12 13 13 15 15 (order 9)
new main equation:
{   1  1  1  1  1  2 13 13 13 13 13 14: -2.85714,   0  1  1  1  1  2 12 13 13 13 13 14: -2.85714,   0  0  1  1  1  1 12 12 13 13 13 13: -0.714284,   1  1  1  1  1  1 13 13 13 13 13 13: 1.85715,   0  1  1  1  1  1 12 13 13 13 13 13: 1.14286,   0  0  0  0  1  1 12 12 12 12 13 13: -3.57143,   0  2  2 12 14 14: -4.28572,   0  0  0  0  0  0 12 12 12 12 12 12: -1,   0  0  0  0  0  1 12 12 12 12 12 13: -4.57143,   0  0  0  1  3 12 12 13 13 14: 2.85714,   0  2  3 12 14 15: -1.42857, : 1, } 
trying to remove   0  2  2 12 14 14 (order 5)
new main equation:
{   1  1  1  1  1  2 13 13 13 13 13 14: -2.85714,   0  1  1  1  1  2 12 13 13 13 13 14: -2.85714,   2  3 14 15: -4.28572,   0  0  1  1  1  1 12 12 13 13 13 13: -0.714284,   1  1  1  1  1  1 13 13 13 13 13 13: 1.85715,   0  1  1  1  1  1 12 13 13 13 13 13: 1.14286,   0  0  0  0  1  1 12 12 12 12 13 13: -3.57143,   0  0  0  0  0  0 12 12 12 12 12 12: -1,   0  0  0  0  0  1 12 12 12 12 12 13: -4.57143,   0  0  0  1  3 12 12 13 13 14: 2.85714,   0  2  3 12 14 15: 2.85714, : 1, } 
trying to remove   2  3 14 15 (order 3)
new main equation:
{   3  3 15 15: -6,   1  1  1  1  1  2 13 13 13 13 13 14: 16,   0  1  1  1  1  2 12 13 13 13 13 14: 16,   0  0  1  1  1  1 12 12 13 13 13 13: -5.00001,   1  1  1  1  1  1 13 13 13 13 13 13: -17,   0  1  1  1  1  1 12 13 13 13 13 13: -22,   0  0  0  0  1  1 12 12 12 12 13 13: 17,   0  0  0  0  0  0 12 12 12 12 12 12: 5,   0  0  0  0  0  1 12 12 12 12 12 13: 22,   0  0  0  1  3 12 12 13 13 14: -16,   0  2  3 12 14 15: -4, : 1, } 
trying to remove   3  3 15 15 (order 3)
new main equation:
{   0  3  3 12 15 15: -6,   1  1  1  1  1  2 13 13 13 13 13 14: 16,   0  1  1  1  1  2 12 13 13 13 13 14: 16,   0  0  1  1  1  1 12 12 13 13 13 13: -5.00001,   1  3  3 13 15 15: -6,   1  1  1  1  1  1 13 13 13 13 13 13: -17,   0  1  1  1  1  1 12 13 13 13 13 13: -22,   0  0  0  0  1  1 12 12 12 12 13 13: 17,   0  0  0  0  0  0 12 12 12 12 12 12: 5,   0  0  0  0  0  1 12 12 12 12 12 13: 22,   0  0  0  1  3 12 12 13 13 14: -16,   0  2  3 12 14 15: -4, : 1, } 
trying to remove   0  3  3 12 15 15 (order 5)
new main equation:
{   1  1  1  1  1  2 13 13 13 13 13 14: 9.99967,   0  1  1  1  1  2 12 13 13 13 13 14: 9.99967,   0  0  1  1  1  1 12 12 13 13 13 13: -5.00001,   1  3  3 13 15 15: -14.9997,   1  1  1  1  1  1 13 13 13 13 13 13: -10.9998,   0  1  1  1  1  1 12 13 13 13 13 13: -16,   0  0  0  0  1  1 12 12 12 12 13 13: 5.00004,   0  0  0  0  0  0 12 12 12 12 12 12: -0.99993,   0  0  0  0  0  1 12 12 12 12 12 13: 3.99991,   0  0  0  1  3 12 12 13 13 14: -10.0001,   0  2  3 12 14 15: 4.99991, : 1, } 
trying to remove   1  3  3 13 15 15 (order 5)
new main equation:
{   0  3  3 13 14 15: 14.9997,   1  1  1  1  1  2 13 13 13 13 13 14: 9.99967,   0  1  1  1  1  2 12 13 13 13 13 14: 9.99967,   0  0  1  1  1  1 12 12 13 13 13 13: -5.00001,   1  1  1  1  1  1 13 13 13 13 13 13: -10.9998,   0  1  1  1  1  1 12 13 13 13 13 13: -16,   0  0  0  0  1  1 12 12 12 12 13 13: 5.00004,   0  0  0  0  0  0 12 12 12 12 12 12: -0.99993,   0  0  0  0  0  1 12 12 12 12 12 13: 3.99991,   0  0  0  1  3 12 12 13 13 14: -10.0001,   0  2  3 12 14 15: 4.99991, : 1, } 
trying to remove   0  3  3 13 14 15 (order 5)
new main equation:
{   1  1  1  1  1  2 13 13 13 13 13 14: 9.99967,   0  1  1  1  1  2 12 13 13 13 13 14: 9.99967,   0  0  1  1  1  1 12 12 13 13 13 13: -5.00001,   1  1  1  1  1  1 13 13 13 13 13 13: -10.9998,   0  1  1  1  1  1 12 13 13 13 13 13: -16,   0  0  0  0  1  1 12 12 12 12 13 13: 5.00004,   0  0  0  0  0  0 12 12 12 12 12 12: -0.99993,   0  0  0  0  0  1 12 12 12 12 12 13: 3.99991,   0  0  0  1  3 12 12 13 13 14: -10.0001,   0  2  3 12 14 15: -9.99984, : 1, } 
trying to remove   0  0  0  1  3 12 12 13 13 14 (order 9)
new main equation:
{   0  0  1  1  3 12 12 13 13 15: 10.0001,   1  1  1  1  1  2 13 13 13 13 13 14: 9.99967,   0  1  1  1  1  2 12 13 13 13 13 14: 9.99967,   0  0  1  1  1  1 12 12 13 13 13 13: -5.00001,   1  1  1  1  1  1 13 13 13 13 13 13: -10.9998,   0  1  1  1  1  1 12 13 13 13 13 13: -16,   0  0  0  0  1  1 12 12 12 12 13 13: 5.00004,   0  0  0  0  0  0 12 12 12 12 12 12: -0.99993,   0  0  0  0  0  1 12 12 12 12 12 13: 3.99991,   0  2  3 12 14 15: -9.99984, : 1, } 
trying to remove   0  0  1  1  3 12 12 13 13 15 (order 9)
new main equation:
{   1  1  1  1  1  2 13 13 13 13 13 14: 9.99967,   0  1  1  1  1  2 12 13 13 13 13 14: 9.99967,   0  0  1  1  1  1 12 12 13 13 13 13: -5.00001,   0  0  1  1  2 12 12 12 13 15: -10.0001,   1  1  1  1  1  1 13 13 13 13 13 13: -10.9998,   0  1  1  1  1  1 12 13 13 13 13 13: -16,   0  0  0  0  1  1 12 12 12 12 13 13: 5.00004,   0  0  0  0  0  0 12 12 12 12 12 12: -0.99993,   0  0  0  0  0  1 12 12 12 12 12 13: 3.99991,   0  2  3 12 14 15: -9.99984, : 1, } 
trying to remove   0  0  1  1  2 12 12 12 13 15 (order 9)
new main equation:
{   0  0  0  1  2 12 12 12 12 15: 10.0001,   0  0  1  2 12 12 12 15: -10.0001,   1  1  1  1  1  2 13 13 13 13 13 14: 9.99967,   0  1  1  1  1  2 12 13 13 13 13 14: 9.99967,   0  0  1  1  1  1 12 12 13 13 13 13: -5.00001,   1  1  1  1  1  1 13 13 13 13 13 13: -10.9998,   0  1  1  1  1  1 12 13 13 13 13 13: -16,   0  0  0  0  1  1 12 12 12 12 13 13: 5.00004,   0  0  0  0  0  0 12 12 12 12 12 12: -0.99993,   0  0  0  0  0  1 12 12 12 12 12 13: 3.99991,   0  2  3 12 14 15: -9.99984, : 1, } 
trying to remove   0  0  0  1  2 12 12 12 12 15 (order 9)
new main equation:
{   0  0  0  0  2 12 12 12 12 14: -10.0001,   0  0  1  2 12 12 12 15: -10.0001,   1  1  1  1  1  2 13 13 13 13 13 14: 9.99967,   0  1  1  1  1  2 12 13 13 13 13 14: 9.99967,   0  0  1  1  1  1 12 12 13 13 13 13: -5.00001,   1  1  1  1  1  1 13 13 13 13 13 13: -10.9998,   0  1  1  1  1  1 12 13 13 13 13 13: -16,   0  0  0  0  1  1 12 12 12 12 13 13: 5.00004,   0  0  0  0  0  0 12 12 12 12 12 12: -0.99993,   0  0  0  0  0  1 12 12 12 12 12 13: 3.99991,   0  2  3 12 14 15: -9.99984, : 1, } 
trying to remove   0  0  0  0  2 12 12 12 12 14 (order 9)
new main equation:
{   0  0  1  2 12 12 12 15: -5.00009,   1  1  1  1  1  2 13 13 13 13 13 14: 4.99957,   0  0  0  1  2 12 12 12 13 14: 5.00009,   0  1  1  1  1  2 12 13 13 13 13 14: 4.99957,   0  0  1  1  1  1 12 12 13 13 13 13: -5.00001,   1  1  1  1  1  1 13 13 13 13 13 13: -5.99971,   0  1  1  1  1  1 12 13 13 13 13 13: -10.9999,   0  0  0  0  0  0 12 12 12 12 12 12: -0.99993,   0  0  0  0  0  1 12 12 12 12 12 13: -1.00022,   0  2  3 12 14 15: -9.99984, : 1, } 
trying to remove   0  0  1  2 12 12 12 15 (order 7)
new main equation:
{   0  0  0  0  1  1 12 12 12 12 13 13: 5.00018,   1  1  1  1  1  2 13 13 13 13 13 14: 9.99968,   0  0  0  1  2 12 12 12 13 14: 10.0002,   0  1  1  1  1  2 12 13 13 13 13 14: 9.99968,   0  0  1  1  1  1 12 12 13 13 13 13: -5.00001,   1  1  1  1  1  1 13 13 13 13 13 13: -10.9998,   0  1  1  1  1  1 12 13 13 13 13 13: -16.0001,   0  0  0  0  0  0 12 12 12 12 12 12: -0.99993,   0  0  0  0  0  1 12 12 12 12 12 13: 3.99985,   0  2  3 12 14 15: -9.99984, : 1, } 
trying to remove   0  0  0  1  2 12 12 12 13 14 (order 9)
new main equation:
{   0  0  1  1  2 12 12 13 13 14: -5.00007,   1  1  1  1  1  2 13 13 13 13 13 14: 4.99975,   0  1  1  1  1  2 12 13 13 13 13 14: 4.99975,   0  0  1  1  1  1 12 12 13 13 13 13: -5.00001,   1  1  1  1  1  1 13 13 13 13 13 13: -5.99984,   0  1  1  1  1  1 12 13 13 13 13 13: -11,   0  0  0  0  0  0 12 12 12 12 12 12: -0.99993,   0  0  0  0  0  1 12 12 12 12 12 13: -1.00016,   0  2  3 12 14 15: -4.99987, : 1, } 
trying to remove   0  0  1  1  2 12 12 13 13 14 (order 9)
new main equation:
{   1  1  1  1  1  2 13 13 13 13 13 14: 11.5516,   0  1  1  1  1  2 12 13 13 13 13 14: 11.5516,   0  0  1  1  1  1 12 12 13 13 13 13: -5.00001,   1  1  1  1  1  1 13 13 13 13 13 13: -5.99984,   0  1  1  1  1  1 12 13 13 13 13 13: -11,   0  0  0  0  0  0 12 12 12 12 12 12: -0.99993,   0  0  0  0  0  1 12 12 12 12 12 13: 6.75856,   0  2  3 12 14 15: -4.99987, : 1, } 
trying to remove   0  2  3 12 14 15 (order 5)
new main equation:
{   1  1  1  1  1  2 13 13 13 13 13 14: 3.39988,   0  1  1  1  1  2 12 13 13 13 13 14: 3.39988,   0  0  1  1  1  1 12 12 13 13 13 13: -5.00001,   1  1  1  1  1  1 13 13 13 13 13 13: -0.101265,   0  1  1  1  1  1 12 13 13 13 13 13: -11,   0  0  0  0  0  0 12 12 12 12 12 12: -0.99993,   0  0  0  0  0  1 12 12 12 12 12 13: 6.75856, : 1, } 
checking for terms of order 10
checking for terms of order 11
trying to remove   1  1  1  1  1  2 13 13 13 13 13 14 (order 11)
new main equation:
{   1  1  1  1  1  3 13 13 13 13 13 15: -3.39988,   0  1  1  1  1  2 12 13 13 13 13 14: 3.39988,   0  0  1  1  1  1 12 12 13 13 13 13: -5.00001,   1  1  1  1  1  1 13 13 13 13 13 13: 3.29862,   0  1  1  1  1  1 12 13 13 13 13 13: -7.60008,   0  0  0  0  0  0 12 12 12 12 12 12: -0.99993,   0  0  0  0  0  1 12 12 12 12 12 13: 6.75856, : 1, } 
trying to remove   1  1  1  1  1  3 13 13 13 13 13 15 (order 11)
new main equation:
{   0  1  1  1  1  3 13 13 13 13 13 14: 3.39988,   0  1  1  1  1  2 12 13 13 13 13 14: 3.39988,   0  0  1  1  1  1 12 12 13 13 13 13: -5.00001,   1  1  1  1  1  1 13 13 13 13 13 13: 3.29862,   0  1  1  1  1  1 12 13 13 13 13 13: -7.60008,   0  0  0  0  0  0 12 12 12 12 12 12: -0.99993,   0  0  0  0  0  1 12 12 12 12 12 13: 6.75856, : 1, } 
trying to remove   0  1  1  1  1  3 13 13 13 13 13 14 (order 11)
new main equation:
{   0  0  1  1  1  1 12 12 13 13 13 13: -5.00001,   1  1  1  1  1  1 13 13 13 13 13 13: 3.29862,   0  1  1  1  1  1 12 13 13 13 13 13: -7.60008,   0  0  0  0  0  0 12 12 12 12 12 12: -0.99993,   0  0  0  0  0  1 12 12 12 12 12 13: 6.75856, : 1, } 
trying to remove   0  0  1  1  1  1 12 12 13 13 13 13 (order 11)
new main equation:
{   0  0  0  1  1  1 12 12 12 13 13 13: 5.00001,   1  1  1  1  1  1 13 13 13 13 13 13: 9.8504,   0  1  1  1  1  1 12 13 13 13 13 13: -1.04833,   0  0  0  0  0  0 12 12 12 12 12 12: -0.99993,   0  0  0  0  0  1 12 12 12 12 12 13: 14.5172, : 1, } 
trying to remove   0  0  0  1  1  1 12 12 12 13 13 13 (order 11)
new main equation:
{   0  0  0  0  1  1 12 12 12 12 13 13: -7.50001,   1  1  1  1  1  1 13 13 13 13 13 13: 14.2529,   0  1  1  1  1  1 12 13 13 13 13 13: 6.30349,   0  0  0  0  0  0 12 12 12 12 12 12: -0.99993,   0  0  0  0  0  1 12 12 12 12 12 13: 15.8965, : 1, } 
trying to remove   0  0  0  0  1  1 12 12 12 12 13 13 (order 11)
new main equation:
{   0  0  0  0  1  1  1 12 12 12 12 13 13 13: -7.50001,   0  0  0  0  0  1  1 12 12 12 12 12 13 13: -7.50001,   1  1  1  1  1  1 13 13 13 13 13 13: 14.2529,   0  1  1  1  1  1 12 13 13 13 13 13: 6.30349,   0  0  0  0  0  0 12 12 12 12 12 12: -0.99993,   0  0  0  0  0  1 12 12 12 12 12 13: 15.8965, : 1, } 
trying to remove   1  1  1  1  1  1 13 13 13 13 13 13 (order 11)
new main equation:
{   1  1  1  1  1  1  1 13 13 13 13 13 13 13: 14.2529,   0  1  1  1  1  1  1 12 13 13 13 13 13 13: 14.2529,   0  0  0  0  1  1  1 12 12 12 12 13 13 13: -7.50001,   0  0  0  0  0  1  1 12 12 12 12 12 13 13: -7.50001,   0  1  1  1  1  1 12 13 13 13 13 13: 6.30349,   0  0  0  0  0  0 12 12 12 12 12 12: -0.99993,   0  0  0  0  0  1 12 12 12 12 12 13: 15.8965, : 1, } 
trying to remove   0  1  1  1  1  1 12 13 13 13 13 13 (order 11)
new main equation:
{   0  0  1  1  1  1  1 12 12 13 13 13 13 13: 6.30349,   1  1  1  1  1  1  1 13 13 13 13 13 13 13: 14.2529,   0  1  1  1  1  1  1 12 13 13 13 13 13 13: 20.5563,   0  0  0  0  1  1  1 12 12 12 12 13 13 13: -7.50001,   0  0  0  0  0  1  1 12 12 12 12 12 13 13: -7.50001,   0  0  0  0  0  0 12 12 12 12 12 12: -0.99993,   0  0  0  0  0  1 12 12 12 12 12 13: 15.8965, : 1, } 
trying to remove   0  0  0  0  0  0 12 12 12 12 12 12 (order 11)
new main equation:
{   0  0  0  0  0  0  1 12 12 12 12 12 12 13: -0.99993,   0  0  0  0  0  0  0 12 12 12 12 12 12 12: -0.99993,   0  0  1  1  1  1  1 12 12 13 13 13 13 13: 6.30349,   1  1  1  1  1  1  1 13 13 13 13 13 13 13: 14.2529,   0  1  1  1  1  1  1 12 13 13 13 13 13 13: 20.5563,   0  0  0  0  1  1  1 12 12 12 12 13 13 13: -7.50001,   0  0  0  0  0  1  1 12 12 12 12 12 13 13: -7.50001,   0  0  0  0  0  1 12 12 12 12 12 13: 15.8965, : 1, } 
trying to remove   0  0  0  0  0  1 12 12 12 12 12 13 (order 11)
new main equation:
{   0  0  0  0  0  0  1 12 12 12 12 12 12 13: 14.8966,   0  0  0  0  0  0  0 12 12 12 12 12 12 12: -0.99993,   0  0  1  1  1  1  1 12 12 13 13 13 13 13: 6.30349,   1  1  1  1  1  1  1 13 13 13 13 13 13 13: 14.2529,   0  1  1  1  1  1  1 12 13 13 13 13 13 13: 20.5563,   0  0  0  0  1  1  1 12 12 12 12 13 13 13: -7.50001,   0  0  0  0  0  1  1 12 12 12 12 12 13 13: 8.39649, : 1, } 
checking for terms of order 12
checking for terms of order 13
trying to remove   0  0  0  0  0  0  1 12 12 12 12 12 12 13 (order 13)
new main equation:
{   0  0  0  0  0  0  1  1 12 12 12 12 12 12 13 13: 14.8966,   0  0  0  0  0  0  0  1 12 12 12 12 12 12 12 13: 14.8966,   0  0  0  0  0  0  0 12 12 12 12 12 12 12: -0.99993,   0  0  1  1  1  1  1 12 12 13 13 13 13 13: 6.30349,   1  1  1  1  1  1  1 13 13 13 13 13 13 13: 14.2529,   0  1  1  1  1  1  1 12 13 13 13 13 13 13: 20.5563,   0  0  0  0  1  1  1 12 12 12 12 13 13 13: -7.50001,   0  0  0  0  0  1  1 12 12 12 12 12 13 13: 8.39649, : 1, } 
trying to remove   0  0  0  0  0  0  0 12 12 12 12 12 12 12 (order 13)
new main equation:
{   0  0  0  0  0  0  1  1 12 12 12 12 12 12 13 13: 14.8966,   0  0  0  0  0  0  0  1 12 12 12 12 12 12 12 13: 13.8966,   0  0  0  0  0  0  0  0 12 12 12 12 12 12 12 12: -0.99993,   0  0  1  1  1  1  1 12 12 13 13 13 13 13: 6.30349,   1  1  1  1  1  1  1 13 13 13 13 13 13 13: 14.2529,   0  1  1  1  1  1  1 12 13 13 13 13 13 13: 20.5563,   0  0  0  0  1  1  1 12 12 12 12 13 13 13: -7.50001,   0  0  0  0  0  1  1 12 12 12 12 12 13 13: 8.39649, : 1, } 
trying to remove   0  0  1  1  1  1  1 12 12 13 13 13 13 13 (order 13)
new main equation:
{   0  0  0  1  1  1  1 12 12 12 13 13 13 13: -1.66728,   0  0  0  0  0  0  1  1 12 12 12 12 12 12 13 13: 11.8495,   0  0  0  0  0  0  0  1 12 12 12 12 12 12 12 13: 10.8496,   0  0  0  0  0  0  0  0 12 12 12 12 12 12 12 12: -0.99993,   1  1  1  1  1  1  1 13 13 13 13 13 13 13: 10.6001,   0  1  1  1  1  1  1 12 13 13 13 13 13 13: 12.2674,   0  0  0  0  1  1  1 12 12 12 12 13 13 13: -4.9991,   0  0  0  0  0  1  1 12 12 12 12 12 13 13: 7.85031, : 1, } 
trying to remove   0  0  0  1  1  1  1 12 12 12 13 13 13 13 (order 13)
new main equation:
{   0  0  0  0  0  0  1  1 12 12 12 12 12 12 13 13: 12.3716,   0  0  0  0  0  0  0  1 12 12 12 12 12 12 12 13: 11.3716,   0  0  0  0  0  0  0  0 12 12 12 12 12 12 12 12: -0.99993,   1  1  1  1  1  1  1 13 13 13 13 13 13 13: 10.566,   0  1  1  1  1  1  1 12 13 13 13 13 13 13: 11.7664,   0  0  0  0  1  1  1 12 12 12 12 13 13 13: -2.69834,   0  0  0  0  0  1  1 12 12 12 12 12 13 13: 9.47273, : 1, } 
trying to remove   1  1  1  1  1  1  1 13 13 13 13 13 13 13 (order 13)
new main equation:
{   1  1  1  1  1  1  1  1 13 13 13 13 13 13 13 13: 10.566,   0  1  1  1  1  1  1  1 12 13 13 13 13 13 13 13: 10.566,   0  0  0  0  0  0  1  1 12 12 12 12 12 12 13 13: 12.3716,   0  0  0  0  0  0  0  1 12 12 12 12 12 12 12 13: 11.3716,   0  0  0  0  0  0  0  0 12 12 12 12 12 12 12 12: -0.99993,   0  1  1  1  1  1  1 12 13 13 13 13 13 13: 11.7664,   0  0  0  0  1  1  1 12 12 12 12 13 13 13: -2.69834,   0  0  0  0  0  1  1 12 12 12 12 12 13 13: 9.47273, : 1, } 
trying to remove   0  1  1  1  1  1  1 12 13 13 13 13 13 13 (order 13)
new main equation:
{   0  0  1  1  1  1  1  1 12 12 13 13 13 13 13 13: 11.7664,   1  1  1  1  1  1  1  1 13 13 13 13 13 13 13 13: 10.566,   0  1  1  1  1  1  1  1 12 13 13 13 13 13 13 13: 22.3324,   0  0  0  0  0  0  1  1 12 12 12 12 12 12 13 13: 12.3716,   0  0  0  0  0  0  0  1 12 12 12 12 12 12 12 13: 11.3716,   0  0  0  0  0  0  0  0 12 12 12 12 12 12 12 12: -0.99993,   0  0  0  0  1  1  1 12 12 12 12 13 13 13: -2.69834,   0  0  0  0  0  1  1 12 12 12 12 12 13 13: 9.47273, : 1, } 
trying to remove   0  0  0  0  1  1  1 12 12 12 12 13 13 13 (order 13)
new main equation:
{   0  0  0  0  1  1  1  1 12 12 12 12 13 13 13 13: -2.69834,   0  0  0  0  0  1  1  1 12 12 12 12 12 13 13 13: -2.69834,   0  0  1  1  1  1  1  1 12 12 13 13 13 13 13 13: 11.7664,   1  1  1  1  1  1  1  1 13 13 13 13 13 13 13 13: 10.566,   0  1  1  1  1  1  1  1 12 13 13 13 13 13 13 13: 22.3324,   0  0  0  0  0  0  1  1 12 12 12 12 12 12 13 13: 12.3716,   0  0  0  0  0  0  0  1 12 12 12 12 12 12 12 13: 11.3716,   0  0  0  0  0  0  0  0 12 12 12 12 12 12 12 12: -0.99993,   0  0  0  0  0  1  1 12 12 12 12 12 13 13: 9.47273, : 1, } 
trying to remove   0  0  0  0  0  1  1 12 12 12 12 12 13 13 (order 13)
new main equation:
{   0  0  0  0  1  1  1  1 12 12 12 12 13 13 13 13: -2.69834,   0  0  0  0  0  1  1  1 12 12 12 12 12 13 13 13: 6.77439,   0  0  1  1  1  1  1  1 12 12 13 13 13 13 13 13: 11.7664,   1  1  1  1  1  1  1  1 13 13 13 13 13 13 13 13: 10.566,   0  1  1  1  1  1  1  1 12 13 13 13 13 13 13 13: 22.3324,   0  0  0  0  0  0  1  1 12 12 12 12 12 12 13 13: 21.8443,   0  0  0  0  0  0  0  1 12 12 12 12 12 12 12 13: 11.3716,   0  0  0  0  0  0  0  0 12 12 12 12 12 12 12 12: -0.99993, : 1, } 
checking for terms of order 14
checking for terms of order 15
trying to remove   0  0  0  0  1  1  1  1 12 12 12 12 13 13 13 13 (order 15)
new main equation:
{   0  0  0  1  1  1  1  1 12 12 12 13 13 13 13 13: 1.13378,   0  0  0  0  0  1  1  1 12 12 12 12 12 13 13 13: 9.44222,   0  0  1  1  1  1  1  1 12 12 13 13 13 13 13 13: 11.4257,   1  1  1  1  1  1  1  1 13 13 13 13 13 13 13 13: 10.5427,   0  1  1  1  1  1  1  1 12 13 13 13 13 13 13 13: 21.9684,   0  0  0  0  0  0  1  1 12 12 12 12 12 12 13 13: 23.3026,   0  0  0  0  0  0  0  1 12 12 12 12 12 12 12 13: 11.7266,   0  0  0  0  0  0  0  0 12 12 12 12 12 12 12 12: -0.99993, : 1, } 
trying to remove   0  0  0  1  1  1  1  1 12 12 12 13 13 13 13 13 (order 15)
new main equation:
{   0  0  0  0  0  1  1  1 12 12 12 12 12 13 13 13: 9.59626,   0  0  1  1  1  1  1  1 12 12 13 13 13 13 13 13: 9.45176,   1  1  1  1  1  1  1  1 13 13 13 13 13 13 13 13: 10.046,   0  1  1  1  1  1  1  1 12 13 13 13 13 13 13 13: 20.3567,   0  0  0  0  0  0  1  1 12 12 12 12 12 12 13 13: 22.7516,   0  0  0  0  0  0  0  1 12 12 12 12 12 12 12 13: 11.2965,   0  0  0  0  0  0  0  0 12 12 12 12 12 12 12 12: -0.99993, : 1, } 
trying to remove   0  0  0  0  0  1  1  1 12 12 12 12 12 13 13 13 (order 15)
new main equation:
{   0  0  0  0  0  0  1  1  1 12 12 12 12 12 12 13 13 13: 9.59626,   0  0  1  1  1  1  1  1 12 12 13 13 13 13 13 13: 9.45176,   0  0  0  0  0  1  1  1  1 12 12 12 12 12 13 13 13 13: 9.59626,   1  1  1  1  1  1  1  1 13 13 13 13 13 13 13 13: 10.046,   0  1  1  1  1  1  1  1 12 13 13 13 13 13 13 13: 20.3567,   0  0  0  0  0  0  1  1 12 12 12 12 12 12 13 13: 22.7516,   0  0  0  0  0  0  0  1 12 12 12 12 12 12 12 13: 11.2965,   0  0  0  0  0  0  0  0 12 12 12 12 12 12 12 12: -0.99993, : 1, } 
trying to remove   0  0  1  1  1  1  1  1 12 12 13 13 13 13 13 13 (order 15)
new main equation:
{   0  0  0  1  1  1  1  1  1 12 12 12 13 13 13 13 13 13: 9.45176,   0  0  1  1  1  1  1  1  1 12 12 13 13 13 13 13 13 13: 9.45176,   0  0  0  0  0  0  1  1  1 12 12 12 12 12 12 13 13 13: 9.59626,   0  0  0  0  0  1  1  1  1 12 12 12 12 12 13 13 13 13: 9.59626,   1  1  1  1  1  1  1  1 13 13 13 13 13 13 13 13: 10.046,   0  1  1  1  1  1  1  1 12 13 13 13 13 13 13 13: 20.3567,   0  0  0  0  0  0  1  1 12 12 12 12 12 12 13 13: 22.7516,   0  0  0  0  0  0  0  1 12 12 12 12 12 12 12 13: 11.2965,   0  0  0  0  0  0  0  0 12 12 12 12 12 12 12 12: -0.99993, : 1, } 
trying to remove   1  1  1  1  1  1  1  1 13 13 13 13 13 13 13 13 (order 15)
new main equation:
{   1  1  1  1  1  1  1  1  1 13 13 13 13 13 13 13 13 13: 10.046,   0  1  1  1  1  1  1  1  1 12 13 13 13 13 13 13 13 13: 10.046,   0  0  0  1  1  1  1  1  1 12 12 12 13 13 13 13 13 13: 9.45176,   0  0  1  1  1  1  1  1  1 12 12 13 13 13 13 13 13 13: 9.45176,   0  0  0  0  0  0  1  1  1 12 12 12 12 12 12 13 13 13: 9.59626,   0  0  0  0  0  1  1  1  1 12 12 12 12 12 13 13 13 13: 9.59626,   0  1  1  1  1  1  1  1 12 13 13 13 13 13 13 13: 20.3567,   0  0  0  0  0  0  1  1 12 12 12 12 12 12 13 13: 22.7516,   0  0  0  0  0  0  0  1 12 12 12 12 12 12 12 13: 11.2965,   0  0  0  0  0  0  0  0 12 12 12 12 12 12 12 12: -0.99993, : 1, } 
trying to remove   0  1  1  1  1  1  1  1 12 13 13 13 13 13 13 13 (order 15)
new main equation:
{   1  1  1  1  1  1  1  1  1 13 13 13 13 13 13 13 13 13: 10.046,   0  1  1  1  1  1  1  1  1 12 13 13 13 13 13 13 13 13: 30.4027,   0  0  0  1  1  1  1  1  1 12 12 12 13 13 13 13 13 13: 9.45176,   0  0  1  1  1  1  1  1  1 12 12 13 13 13 13 13 13 13: 29.8084,   0  0  0  0  0  0  1  1  1 12 12 12 12 12 12 13 13 13: 9.59626,   0  0  0  0  0  1  1  1  1 12 12 12 12 12 13 13 13 13: 9.59626,   0  0  0  0  0  0  1  1 12 12 12 12 12 12 13 13: 22.7516,   0  0  0  0  0  0  0  1 12 12 12 12 12 12 12 13: 11.2965,   0  0  0  0  0  0  0  0 12 12 12 12 12 12 12 12: -0.99993, : 1, } 
trying to remove   0  0  0  0  0  0  1  1 12 12 12 12 12 12 13 13 (order 15)
new main equation:
{   0  0  0  0  0  0  0  1  1 12 12 12 12 12 12 12 13 13: 22.7516,   1  1  1  1  1  1  1  1  1 13 13 13 13 13 13 13 13 13: 10.046,   0  1  1  1  1  1  1  1  1 12 13 13 13 13 13 13 13 13: 30.4027,   0  0  0  1  1  1  1  1  1 12 12 12 13 13 13 13 13 13: 9.45176,   0  0  1  1  1  1  1  1  1 12 12 13 13 13 13 13 13 13: 29.8084,   0  0  0  0  0  0  1  1  1 12 12 12 12 12 12 13 13 13: 32.3478,   0  0  0  0  0  1  1  1  1 12 12 12 12 12 13 13 13 13: 9.59626,   0  0  0  0  0  0  0  1 12 12 12 12 12 12 12 13: 11.2965,   0  0  0  0  0  0  0  0 12 12 12 12 12 12 12 12: -0.99993, : 1, } 
trying to remove   0  0  0  0  0  0  0  1 12 12 12 12 12 12 12 13 (order 15)
new main equation:
{   0  0  0  0  0  0  0  1  1 12 12 12 12 12 12 12 13 13: 34.0481,   1  1  1  1  1  1  1  1  1 13 13 13 13 13 13 13 13 13: 10.046,   0  0  0  0  0  0  0  0  1 12 12 12 12 12 12 12 12 13: 11.2965,   0  1  1  1  1  1  1  1  1 12 13 13 13 13 13 13 13 13: 30.4027,   0  0  0  1  1  1  1  1  1 12 12 12 13 13 13 13 13 13: 9.45176,   0  0  1  1  1  1  1  1  1 12 12 13 13 13 13 13 13 13: 29.8084,   0  0  0  0  0  0  1  1  1 12 12 12 12 12 12 13 13 13: 32.3478,   0  0  0  0  0  1  1  1  1 12 12 12 12 12 13 13 13 13: 9.59626,   0  0  0  0  0  0  0  0 12 12 12 12 12 12 12 12: -0.99993, : 1, } 
trying to remove   0  0  0  0  0  0  0  0 12 12 12 12 12 12 12 12 (order 15)
new main equation:
{   0  0  0  0  0  0  0  0  0 12 12 12 12 12 12 12 12 12: -0.99993,   0  0  0  0  0  0  0  1  1 12 12 12 12 12 12 12 13 13: 34.0481,   1  1  1  1  1  1  1  1  1 13 13 13 13 13 13 13 13 13: 10.046,   0  0  0  0  0  0  0  0  1 12 12 12 12 12 12 12 12 13: 10.2966,   0  1  1  1  1  1  1  1  1 12 13 13 13 13 13 13 13 13: 30.4027,   0  0  0  1  1  1  1  1  1 12 12 12 13 13 13 13 13 13: 9.45176,   0  0  1  1  1  1  1  1  1 12 12 13 13 13 13 13 13 13: 29.8084,   0  0  0  0  0  0  1  1  1 12 12 12 12 12 12 13 13 13: 32.3478,   0  0  0  0  0  1  1  1  1 12 12 12 12 12 13 13 13 13: 9.59626, : 1, } 
checking for terms of order 16
checking for terms of order 17
trying to remove   0  0  0  0  0  0  0  0  0 12 12 12 12 12 12 12 12 12 (order 17)
new main equation:
{   0  0  0  0  0  0  0  0  0  1 12 12 12 12 12 12 12 12 12 13: -0.99993,   0  0  0  0  0  0  0  0  0  0 12 12 12 12 12 12 12 12 12 12: -0.99993,   0  0  0  0  0  0  0  1  1 12 12 12 12 12 12 12 13 13: 34.0481,   1  1  1  1  1  1  1  1  1 13 13 13 13 13 13 13 13 13: 10.046,   0  0  0  0  0  0  0  0  1 12 12 12 12 12 12 12 12 13: 10.2966,   0  1  1  1  1  1  1  1  1 12 13 13 13 13 13 13 13 13: 30.4027,   0  0  0  1  1  1  1  1  1 12 12 12 13 13 13 13 13 13: 9.45176,   0  0  1  1  1  1  1  1  1 12 12 13 13 13 13 13 13 13: 29.8084,   0  0  0  0  0  0  1  1  1 12 12 12 12 12 12 13 13 13: 32.3478,   0  0  0  0  0  1  1  1  1 12 12 12 12 12 13 13 13 13: 9.59626, : 1, } 
trying to remove   0  0  0  0  0  0  0  1  1 12 12 12 12 12 12 12 13 13 (order 17)
new main equation:
{   0  0  0  0  0  0  0  0  1  1 12 12 12 12 12 12 12 12 13 13: 34.0481,   0  0  0  0  0  0  0  0  0  1 12 12 12 12 12 12 12 12 12 13: -0.99993,   0  0  0  0  0  0  0  0  0  0 12 12 12 12 12 12 12 12 12 12: -0.99993,   1  1  1  1  1  1  1  1  1 13 13 13 13 13 13 13 13 13: 10.046,   0  0  0  0  0  0  0  0  1 12 12 12 12 12 12 12 12 13: 10.2966,   0  1  1  1  1  1  1  1  1 12 13 13 13 13 13 13 13 13: 30.4027,   0  0  0  1  1  1  1  1  1 12 12 12 13 13 13 13 13 13: 9.45176,   0  0  1  1  1  1  1  1  1 12 12 13 13 13 13 13 13 13: 29.8084,   0  0  0  0  0  0  1  1  1 12 12 12 12 12 12 13 13 13: 32.3478,   0  0  0  0  0  1  1  1  1 12 12 12 12 12 13 13 13 13: 9.59626,   0  0  0  0  0  0  0  1  1  1 12 12 12 12 12 12 12 13 13 13: 34.0481, : 1, } 
trying to remove   1  1  1  1  1  1  1  1  1 13 13 13 13 13 13 13 13 13 (order 17)
new main equation:
{   1  1  1  1  1  1  1  1  1  1 13 13 13 13 13 13 13 13 13 13: 10.046,   0  1  1  1  1  1  1  1  1  1 12 13 13 13 13 13 13 13 13 13: 10.046,   0  0  0  0  0  0  0  0  1  1 12 12 12 12 12 12 12 12 13 13: 34.0481,   0  0  0  0  0  0  0  0  0  1 12 12 12 12 12 12 12 12 12 13: -0.99993,   0  0  0  0  0  0  0  0  0  0 12 12 12 12 12 12 12 12 12 12: -0.99993,   0  0  0  0  0  0  0  0  1 12 12 12 12 12 12 12 12 13: 10.2966,   0  1  1  1  1  1  1  1  1 12 13 13 13 13 13 13 13 13: 30.4027,   0  0  0  1  1  1  1  1  1 12 12 12 13 13 13 13 13 13: 9.45176,   0  0  1  1  1  1  1  1  1 12 12 13 13 13 13 13 13 13: 29.8084,   0  0  0  0  0  0  1  1  1 12 12 12 12 12 12 13 13 13: 32.3478,   0  0  0  0  0  1  1  1  1 12 12 12 12 12 13 13 13 13: 9.59626,   0  0  0  0  0  0  0  1  1  1 12 12 12 12 12 12 12 13 13 13: 34.0481, : 1, } 
trying to remove   0  0  0  0  0  0  0  0  1 12 12 12 12 12 12 12 12 13 (order 17)
new main equation:
{   1  1  1  1  1  1  1  1  1  1 13 13 13 13 13 13 13 13 13 13: 10.046,   0  1  1  1  1  1  1  1  1  1 12 13 13 13 13 13 13 13 13 13: 10.046,   0  0  0  0  0  0  0  0  1  1 12 12 12 12 12 12 12 12 13 13: 44.3447,   0  0  0  0  0  0  0  0  0  1 12 12 12 12 12 12 12 12 12 13: 9.29665,   0  0  0  0  0  0  0  0  0  0 12 12 12 12 12 12 12 12 12 12: -0.99993,   0  1  1  1  1  1  1  1  1 12 13 13 13 13 13 13 13 13: 30.4027,   0  0  0  1  1  1  1  1  1 12 12 12 13 13 13 13 13 13: 9.45176,   0  0  1  1  1  1  1  1  1 12 12 13 13 13 13 13 13 13: 29.8084,   0  0  0  0  0  0  1  1  1 12 12 12 12 12 12 13 13 13: 32.3478,   0  0  0  0  0  1  1  1  1 12 12 12 12 12 13 13 13 13: 9.59626,   0  0  0  0  0  0  0  1  1  1 12 12 12 12 12 12 12 13 13 13: 34.0481, : 1, } 
trying to remove   0  1  1  1  1  1  1  1  1 12 13 13 13 13 13 13 13 13 (order 17)
new main equation:
{   0  0  1  1  1  1  1  1  1  1 12 12 13 13 13 13 13 13 13 13: 30.4027,   1  1  1  1  1  1  1  1  1  1 13 13 13 13 13 13 13 13 13 13: 10.046,   0  1  1  1  1  1  1  1  1  1 12 13 13 13 13 13 13 13 13 13: 40.4487,   0  0  0  0  0  0  0  0  1  1 12 12 12 12 12 12 12 12 13 13: 44.3447,   0  0  0  0  0  0  0  0  0  1 12 12 12 12 12 12 12 12 12 13: 9.29665,   0  0  0  0  0  0  0  0  0  0 12 12 12 12 12 12 12 12 12 12: -0.99993,   0  0  0  1  1  1  1  1  1 12 12 12 13 13 13 13 13 13: 9.45176,   0  0  1  1  1  1  1  1  1 12 12 13 13 13 13 13 13 13: 29.8084,   0  0  0  0  0  0  1  1  1 12 12 12 12 12 12 13 13 13: 32.3478,   0  0  0  0  0  1  1  1  1 12 12 12 12 12 13 13 13 13: 9.59626,   0  0  0  0  0  0  0  1  1  1 12 12 12 12 12 12 12 13 13 13: 34.0481, : 1, } 
trying to remove   0  0  0  1  1  1  1  1  1 12 12 12 13 13 13 13 13 13 (order 17)
new main equation:
{   0  0  0  0  1  1  1  1  1 12 12 12 12 13 13 13 13 13: -3.44825,   0  0  1  1  1  1  1  1  1  1 12 12 13 13 13 13 13 13 13 13: 23.9899,   1  1  1  1  1  1  1  1  1  1 13 13 13 13 13 13 13 13 13 13: 8.5353,   0  1  1  1  1  1  1  1  1  1 12 13 13 13 13 13 13 13 13 13: 32.5252,   0  0  0  0  0  0  0  0  1  1 12 12 12 12 12 12 12 12 13 13: 40.0526,   0  0  0  0  0  0  0  0  0  1 12 12 12 12 12 12 12 12 12 13: 7.98848,   0  0  0  0  0  0  0  0  0  0 12 12 12 12 12 12 12 12 12 12: -0.99993,   0  0  1  1  1  1  1  1  1 12 12 13 13 13 13 13 13 13: 18.9028,   0  0  0  0  0  0  1  1  1 12 12 12 12 12 12 13 13 13: 31.1406,   0  0  0  0  0  1  1  1  1 12 12 12 12 12 13 13 13 13: 10.0647,   0  0  0  0  0  0  0  1  1  1 12 12 12 12 12 12 12 13 13 13: 31.0642, : 1, } 
trying to remove   0  0  0  0  1  1  1  1  1 12 12 12 12 13 13 13 13 13 (order 17)
new main equation:
{   0  0  1  1  1  1  1  1  1  1 12 12 13 13 13 13 13 13 13 13: 23.0894,   1  1  1  1  1  1  1  1  1  1 13 13 13 13 13 13 13 13 13 13: 8.38931,   0  1  1  1  1  1  1  1  1  1 12 13 13 13 13 13 13 13 13 13: 31.4787,   0  0  0  0  0  0  0  0  1  1 12 12 12 12 12 12 12 12 13 13: 41.8125,   0  0  0  0  0  0  0  0  0  1 12 12 12 12 12 12 12 12 12 13: 8.22719,   0  0  0  0  0  0  0  0  0  0 12 12 12 12 12 12 12 12 12 12: -0.99993,   0  0  1  1  1  1  1  1  1 12 12 13 13 13 13 13 13 13: 17.3264,   0  0  0  0  0  0  1  1  1 12 12 12 12 12 12 13 13 13: 35.058,   0  0  0  0  0  1  1  1  1 12 12 12 12 12 13 13 13 13: 15.326,   0  0  0  0  0  0  0  1  1  1 12 12 12 12 12 12 12 13 13 13: 32.5854, : 1, } 
trying to remove   0  0  1  1  1  1  1  1  1 12 12 13 13 13 13 13 13 13 (order 17)
new main equation:
{   0  0  1  1  1  1  1  1  1  1 12 12 13 13 13 13 13 13 13 13: 40.4157,   1  1  1  1  1  1  1  1  1  1 13 13 13 13 13 13 13 13 13 13: 8.38931,   0  0  0  1  1  1  1  1  1  1 12 12 12 13 13 13 13 13 13 13: 17.3264,   0  1  1  1  1  1  1  1  1  1 12 13 13 13 13 13 13 13 13 13: 31.4787,   0  0  0  0  0  0  0  0  1  1 12 12 12 12 12 12 12 12 13 13: 41.8125,   0  0  0  0  0  0  0  0  0  1 12 12 12 12 12 12 12 12 12 13: 8.22719,   0  0  0  0  0  0  0  0  0  0 12 12 12 12 12 12 12 12 12 12: -0.99993,   0  0  0  0  0  0  1  1  1 12 12 12 12 12 12 13 13 13: 35.058,   0  0  0  0  0  1  1  1  1 12 12 12 12 12 13 13 13 13: 15.326,   0  0  0  0  0  0  0  1  1  1 12 12 12 12 12 12 12 13 13 13: 32.5854, : 1, } 
trying to remove   0  0  0  0  0  0  1  1  1 12 12 12 12 12 12 13 13 13 (order 17)
new main equation:
{   0  0  1  1  1  1  1  1  1  1 12 12 13 13 13 13 13 13 13 13: 40.4157,   1  1  1  1  1  1  1  1  1  1 13 13 13 13 13 13 13 13 13 13: 8.38931,   0  0  0  0  0  0  1  1  1  1 12 12 12 12 12 12 13 13 13 13: 35.058,   0  0  0  1  1  1  1  1  1  1 12 12 12 13 13 13 13 13 13 13: 17.3264,   0  1  1  1  1  1  1  1  1  1 12 13 13 13 13 13 13 13 13 13: 31.4787,   0  0  0  0  0  0  0  0  1  1 12 12 12 12 12 12 12 12 13 13: 41.8125,   0  0  0  0  0  0  0  0  0  1 12 12 12 12 12 12 12 12 12 13: 8.22719,   0  0  0  0  0  0  0  0  0  0 12 12 12 12 12 12 12 12 12 12: -0.99993,   0  0  0  0  0  1  1  1  1 12 12 12 12 12 13 13 13 13: 15.326,   0  0  0  0  0  0  0  1  1  1 12 12 12 12 12 12 12 13 13 13: 67.6434, : 1, } 
trying to remove   0  0  0  0  0  1  1  1  1 12 12 12 12 12 13 13 13 13 (order 17)
new main equation:
{   0  0  1  1  1  1  1  1  1  1 12 12 13 13 13 13 13 13 13 13: 40.4157,   0  0  0  0  0  1  1  1  1  1 12 12 12 12 12 13 13 13 13 13: 15.326,   1  1  1  1  1  1  1  1  1  1 13 13 13 13 13 13 13 13 13 13: 8.38931,   0  0  0  0  0  0  1  1  1  1 12 12 12 12 12 12 13 13 13 13: 50.384,   0  0  0  1  1  1  1  1  1  1 12 12 12 13 13 13 13 13 13 13: 17.3264,   0  1  1  1  1  1  1  1  1  1 12 13 13 13 13 13 13 13 13 13: 31.4787,   0  0  0  0  0  0  0  0  1  1 12 12 12 12 12 12 12 12 13 13: 41.8125,   0  0  0  0  0  0  0  0  0  1 12 12 12 12 12 12 12 12 12 13: 8.22719,   0  0  0  0  0  0  0  0  0  0 12 12 12 12 12 12 12 12 12 12: -0.99993,   0  0  0  0  0  0  0  1  1  1 12 12 12 12 12 12 12 13 13 13: 67.6434, : 1, } 
checking for terms of order 18
checking for terms of order 19
trying to remove   0  0  1  1  1  1  1  1  1  1 12 12 13 13 13 13 13 13 13 13 (order 19)
new main equation:
{   0  0  0  1  1  1  1  1  1  1  1 12 12 12 13 13 13 13 13 13 13 13: 40.4157,   0  0  0  0  0  1  1  1  1  1 12 12 12 12 12 13 13 13 13 13: 15.326,   1  1  1  1  1  1  1  1  1  1 13 13 13 13 13 13 13 13 13 13: 8.38931,   0  0  0  0  0  0  1  1  1  1 12 12 12 12 12 12 13 13 13 13: 50.384,   0  0  0  1  1  1  1  1  1  1 12 12 12 13 13 13 13 13 13 13: 17.3264,   0  1  1  1  1  1  1  1  1  1 12 13 13 13 13 13 13 13 13 13: 31.4787,   0  0  0  0  0  0  0  0  1  1 12 12 12 12 12 12 12 12 13 13: 41.8125,   0  0  0  0  0  0  0  0  0  1 12 12 12 12 12 12 12 12 12 13: 8.22719,   0  0  1  1  1  1  1  1  1  1  1 12 12 13 13 13 13 13 13 13 13 13: 40.4157,   0  0  0  0  0  0  0  0  0  0 12 12 12 12 12 12 12 12 12 12: -0.99993,   0  0  0  0  0  0  0  1  1  1 12 12 12 12 12 12 12 13 13 13: 67.6434, : 1, } 
trying to remove   0  0  0  0  0  1  1  1  1  1 12 12 12 12 12 13 13 13 13 13 (order 19)
new main equation:
{   0  0  0  0  1  1  1  1  1  1 12 12 12 12 13 13 13 13 13 13: -6.06784,   0  0  0  1  1  1  1  1  1  1  1 12 12 12 13 13 13 13 13 13 13 13: 44.7745,   1  1  1  1  1  1  1  1  1  1 13 13 13 13 13 13 13 13 13 13: 8.6462,   0  0  0  0  0  0  1  1  1  1 12 12 12 12 12 12 13 13 13 13: 34.2324,   0  0  0  1  1  1  1  1  1  1 12 12 12 13 13 13 13 13 13 13: 20.1005,   0  1  1  1  1  1  1  1  1  1 12 13 13 13 13 13 13 13 13 13: 33.3202,   0  0  0  0  0  0  0  0  1  1 12 12 12 12 12 12 12 12 13 13: 38.7156,   0  0  0  0  0  0  0  0  0  1 12 12 12 12 12 12 12 12 12 13: 7.80714,   0  0  1  1  1  1  1  1  1  1  1 12 12 13 13 13 13 13 13 13 13 13: 44.7745,   0  0  0  0  0  0  0  0  0  0 12 12 12 12 12 12 12 12 12 12: -0.99993,   0  0  0  0  0  0  0  1  1  1 12 12 12 12 12 12 12 13 13 13: 58.0731, : 1, } 
trying to remove   0  0  0  0  1  1  1  1  1  1 12 12 12 12 13 13 13 13 13 13 (order 19)
new main equation:
{   0  0  0  1  1  1  1  1  1  1  1 12 12 12 13 13 13 13 13 13 13 13: 54.1793,   1  1  1  1  1  1  1  1  1  1 13 13 13 13 13 13 13 13 13 13: 9.45419,   0  0  0  0  0  0  1  1  1  1 12 12 12 12 12 12 13 13 13 13: 32.9891,   0  0  0  1  1  1  1  1  1  1 12 12 12 13 13 13 13 13 13 13: 30.9191,   0  1  1  1  1  1  1  1  1  1 12 13 13 13 13 13 13 13 13 13: 37.6078,   0  0  0  0  0  0  0  0  1  1 12 12 12 12 12 12 12 12 13 13: 40.626,   0  0  0  0  0  0  0  0  0  1 12 12 12 12 12 12 12 12 12 13: 8.44213,   0  0  1  1  1  1  1  1  1  1  1 12 12 13 13 13 13 13 13 13 13 13: 54.1793,   0  0  0  0  0  0  0  0  0  0 12 12 12 12 12 12 12 12 12 12: -0.99993,   0  0  0  0  0  0  0  1  1  1 12 12 12 12 12 12 12 13 13 13: 59.2796, : 1, } 
trying to remove   1  1  1  1  1  1  1  1  1  1 13 13 13 13 13 13 13 13 13 13 (order 19)
new main equation:
{   0  1  1  1  1  1  1  1  1  1  1 12 13 13 13 13 13 13 13 13 13 13: 9.45419,   0  0  0  1  1  1  1  1  1  1  1 12 12 12 13 13 13 13 13 13 13 13: 54.1793,   0  0  0  0  0  0  1  1  1  1 12 12 12 12 12 12 13 13 13 13: 32.9891,   0  0  0  1  1  1  1  1  1  1 12 12 12 13 13 13 13 13 13 13: 30.9191,   0  1  1  1  1  1  1  1  1  1 12 13 13 13 13 13 13 13 13 13: 37.6078,   0  0  0  0  0  0  0  0  1  1 12 12 12 12 12 12 12 12 13 13: 40.626,   0  0  0  0  0  0  0  0  0  1 12 12 12 12 12 12 12 12 12 13: 8.44213,   0  0  1  1  1  1  1  1  1  1  1 12 12 13 13 13 13 13 13 13 13 13: 54.1793,   0  0  0  0  0  0  0  0  0  0 12 12 12 12 12 12 12 12 12 12: -0.99993,   1  1  1  1  1  1  1  1  1  1  1 13 13 13 13 13 13 13 13 13 13 13: 9.45419,   0  0  0  0  0  0  0  1  1  1 12 12 12 12 12 12 12 13 13 13: 59.2796, : 1, } 
trying to remove   0  0  0  0  0  0  1  1  1  1 12 12 12 12 12 12 13 13 13 13 (order 19)
new main equation:
{   0  0  0  0  0  0  1  1  1  1  1 12 12 12 12 12 12 13 13 13 13 13: 32.9891,   0  0  0  0  0  0  0  1  1  1  1 12 12 12 12 12 12 12 13 13 13 13: 32.9891,   0  1  1  1  1  1  1  1  1  1  1 12 13 13 13 13 13 13 13 13 13 13: 9.45419,   0  0  0  1  1  1  1  1  1  1  1 12 12 12 13 13 13 13 13 13 13 13: 54.1793,   0  0  0  1  1  1  1  1  1  1 12 12 12 13 13 13 13 13 13 13: 30.9191,   0  1  1  1  1  1  1  1  1  1 12 13 13 13 13 13 13 13 13 13: 37.6078,   0  0  0  0  0  0  0  0  1  1 12 12 12 12 12 12 12 12 13 13: 40.626,   0  0  0  0  0  0  0  0  0  1 12 12 12 12 12 12 12 12 12 13: 8.44213,   0  0  1  1  1  1  1  1  1  1  1 12 12 13 13 13 13 13 13 13 13 13: 54.1793,   0  0  0  0  0  0  0  0  0  0 12 12 12 12 12 12 12 12 12 12: -0.99993,   1  1  1  1  1  1  1  1  1  1  1 13 13 13 13 13 13 13 13 13 13 13: 9.45419,   0  0  0  0  0  0  0  1  1  1 12 12 12 12 12 12 12 13 13 13: 59.2796, : 1, } 
trying to remove   0  0  0  1  1  1  1  1  1  1 12 12 12 13 13 13 13 13 13 13 (order 19)
new main equation:
{   0  0  0  0  1  1  1  1  1  1  1 12 12 12 12 13 13 13 13 13 13 13: 30.9191,   0  0  0  0  0  0  1  1  1  1  1 12 12 12 12 12 12 13 13 13 13 13: 32.9891,   0  0  0  0  0  0  0  1  1  1  1 12 12 12 12 12 12 12 13 13 13 13: 32.9891,   0  1  1  1  1  1  1  1  1  1  1 12 13 13 13 13 13 13 13 13 13 13: 9.45419,   0  0  0  1  1  1  1  1  1  1  1 12 12 12 13 13 13 13 13 13 13 13: 85.0985,   0  1  1  1  1  1  1  1  1  1 12 13 13 13 13 13 13 13 13 13: 37.6078,   0  0  0  0  0  0  0  0  1  1 12 12 12 12 12 12 12 12 13 13: 40.626,   0  0  0  0  0  0  0  0  0  1 12 12 12 12 12 12 12 12 12 13: 8.44213,   0  0  1  1  1  1  1  1  1  1  1 12 12 13 13 13 13 13 13 13 13 13: 54.1793,   0  0  0  0  0  0  0  0  0  0 12 12 12 12 12 12 12 12 12 12: -0.99993,   1  1  1  1  1  1  1  1  1  1  1 13 13 13 13 13 13 13 13 13 13 13: 9.45419,   0  0  0  0  0  0  0  1  1  1 12 12 12 12 12 12 12 13 13 13: 59.2796, : 1, } 
trying to remove   0  1  1  1  1  1  1  1  1  1 12 13 13 13 13 13 13 13 13 13 (order 19)
new main equation:
{   0  0  0  0  1  1  1  1  1  1  1 12 12 12 12 13 13 13 13 13 13 13: 30.9191,   0  0  0  0  0  0  1  1  1  1  1 12 12 12 12 12 12 13 13 13 13 13: 32.9891,   0  0  0  0  0  0  0  1  1  1  1 12 12 12 12 12 12 12 13 13 13 13: 32.9891,   0  1  1  1  1  1  1  1  1  1  1 12 13 13 13 13 13 13 13 13 13 13: 47.062,   0  0  0  1  1  1  1  1  1  1  1 12 12 12 13 13 13 13 13 13 13 13: 85.0985,   0  0  0  0  0  0  0  0  1  1 12 12 12 12 12 12 12 12 13 13: 40.626,   0  0  0  0  0  0  0  0  0  1 12 12 12 12 12 12 12 12 12 13: 8.44213,   0  0  1  1  1  1  1  1  1  1  1 12 12 13 13 13 13 13 13 13 13 13: 91.7871,   0  0  0  0  0  0  0  0  0  0 12 12 12 12 12 12 12 12 12 12: -0.99993,   1  1  1  1  1  1  1  1  1  1  1 13 13 13 13 13 13 13 13 13 13 13: 9.45419,   0  0  0  0  0  0  0  1  1  1 12 12 12 12 12 12 12 13 13 13: 59.2796, : 1, } 
trying to remove   0  0  0  0  0  0  0  0  1  1 12 12 12 12 12 12 12 12 13 13 (order 19)
new main equation:
{   0  0  0  0  0  0  0  0  1  1  1 12 12 12 12 12 12 12 12 13 13 13: 40.626,   0  0  0  0  0  0  0  0  0  1  1 12 12 12 12 12 12 12 12 12 13 13: 40.626,   0  0  0  0  1  1  1  1  1  1  1 12 12 12 12 13 13 13 13 13 13 13: 30.9191,   0  0  0  0  0  0  1  1  1  1  1 12 12 12 12 12 12 13 13 13 13 13: 32.9891,   0  0  0  0  0  0  0  1  1  1  1 12 12 12 12 12 12 12 13 13 13 13: 32.9891,   0  1  1  1  1  1  1  1  1  1  1 12 13 13 13 13 13 13 13 13 13 13: 47.062,   0  0  0  1  1  1  1  1  1  1  1 12 12 12 13 13 13 13 13 13 13 13: 85.0985,   0  0  0  0  0  0  0  0  0  1 12 12 12 12 12 12 12 12 12 13: 8.44213,   0  0  1  1  1  1  1  1  1  1  1 12 12 13 13 13 13 13 13 13 13 13: 91.7871,   0  0  0  0  0  0  0  0  0  0 12 12 12 12 12 12 12 12 12 12: -0.99993,   1  1  1  1  1  1  1  1  1  1  1 13 13 13 13 13 13 13 13 13 13 13: 9.45419,   0  0  0  0  0  0  0  1  1  1 12 12 12 12 12 12 12 13 13 13: 59.2796, : 1, } 
trying to remove   0  0  0  0  0  0  0  0  0  1 12 12 12 12 12 12 12 12 12 13 (order 19)
new main equation:
{   0  0  0  0  0  0  0  0  0  0  1 12 12 12 12 12 12 12 12 12 12 13: 8.44213,   0  0  0  0  0  0  0  0  1  1  1 12 12 12 12 12 12 12 12 13 13 13: 40.626,   0  0  0  0  0  0  0  0  0  1  1 12 12 12 12 12 12 12 12 12 13 13: 49.0681,   0  0  0  0  1  1  1  1  1  1  1 12 12 12 12 13 13 13 13 13 13 13: 30.9191,   0  0  0  0  0  0  1  1  1  1  1 12 12 12 12 12 12 13 13 13 13 13: 32.9891,   0  0  0  0  0  0  0  1  1  1  1 12 12 12 12 12 12 12 13 13 13 13: 32.9891,   0  1  1  1  1  1  1  1  1  1  1 12 13 13 13 13 13 13 13 13 13 13: 47.062,   0  0  0  1  1  1  1  1  1  1  1 12 12 12 13 13 13 13 13 13 13 13: 85.0985,   0  0  1  1  1  1  1  1  1  1  1 12 12 13 13 13 13 13 13 13 13 13: 91.7871,   0  0  0  0  0  0  0  0  0  0 12 12 12 12 12 12 12 12 12 12: -0.99993,   1  1  1  1  1  1  1  1  1  1  1 13 13 13 13 13 13 13 13 13 13 13: 9.45419,   0  0  0  0  0  0  0  1  1  1 12 12 12 12 12 12 12 13 13 13: 59.2796, : 1, } 
trying to remove   0  0  0  0  0  0  0  0  0  0 12 12 12 12 12 12 12 12 12 12 (order 19)
new main equation:
{   0  0  0  0  0  0  0  0  0  0  0 12 12 12 12 12 12 12 12 12 12 12: -0.99993,   0  0  0  0  0  0  0  0  0  0  1 12 12 12 12 12 12 12 12 12 12 13: 7.4422,   0  0  0  0  0  0  0  0  1  1  1 12 12 12 12 12 12 12 12 13 13 13: 40.626,   0  0  0  0  0  0  0  0  0  1  1 12 12 12 12 12 12 12 12 12 13 13: 49.0681,   0  0  0  0  1  1  1  1  1  1  1 12 12 12 12 13 13 13 13 13 13 13: 30.9191,   0  0  0  0  0  0  1  1  1  1  1 12 12 12 12 12 12 13 13 13 13 13: 32.9891,   0  0  0  0  0  0  0  1  1  1  1 12 12 12 12 12 12 12 13 13 13 13: 32.9891,   0  1  1  1  1  1  1  1  1  1  1 12 13 13 13 13 13 13 13 13 13 13: 47.062,   0  0  0  1  1  1  1  1  1  1  1 12 12 12 13 13 13 13 13 13 13 13: 85.0985,   0  0  1  1  1  1  1  1  1  1  1 12 12 13 13 13 13 13 13 13 13 13: 91.7871,   1  1  1  1  1  1  1  1  1  1  1 13 13 13 13 13 13 13 13 13 13 13: 9.45419,   0  0  0  0  0  0  0  1  1  1 12 12 12 12 12 12 12 13 13 13: 59.2796, : 1, } 
trying to remove   0  0  0  0  0  0  0  1  1  1 12 12 12 12 12 12 12 13 13 13 (order 19)
new main equation:
{   0  0  0  0  0  0  0  0  0  0  0 12 12 12 12 12 12 12 12 12 12 12: -0.99993,   0  0  0  0  0  0  0  0  0  0  1 12 12 12 12 12 12 12 12 12 12 13: 7.4422,   0  0  0  0  0  0  0  0  1  1  1 12 12 12 12 12 12 12 12 13 13 13: 99.9056,   0  0  0  0  0  0  0  0  0  1  1 12 12 12 12 12 12 12 12 12 13 13: 49.0681,   0  0  0  0  1  1  1  1  1  1  1 12 12 12 12 13 13 13 13 13 13 13: 30.9191,   0  0  0  0  0  0  1  1  1  1  1 12 12 12 12 12 12 13 13 13 13 13: 32.9891,   0  0  0  0  0  0  0  1  1  1  1 12 12 12 12 12 12 12 13 13 13 13: 92.2687,   0  1  1  1  1  1  1  1  1  1  1 12 13 13 13 13 13 13 13 13 13 13: 47.062,   0  0  0  1  1  1  1  1  1  1  1 12 12 12 13 13 13 13 13 13 13 13: 85.0985,   0  0  1  1  1  1  1  1  1  1  1 12 12 13 13 13 13 13 13 13 13 13: 91.7871,   1  1  1  1  1  1  1  1  1  1  1 13 13 13 13 13 13 13 13 13 13 13: 9.45419, : 1, } 
{ : 1, 
  0  0  0  0  0  0  0  0  0  0  0 12 12 12 12 12 12 12 12 12 12 12: -0.99993, 
  0  0  0  0  0  0  0  0  0  0  1 12 12 12 12 12 12 12 12 12 12 13: 7.4422, 
  0  0  0  0  0  0  0  0  0  1  1 12 12 12 12 12 12 12 12 12 13 13: 49.0681, 
  0  0  0  0  0  0  0  0  1  1  1 12 12 12 12 12 12 12 12 13 13 13: 99.9056, 
  0  0  0  0  0  0  0  1  1  1  1 12 12 12 12 12 12 12 13 13 13 13: 92.2687, 
  0  0  0  0  0  0  1  1  1  1  1 12 12 12 12 12 12 13 13 13 13 13: 32.9891, 
  0  0  0  0  1  1  1  1  1  1  1 12 12 12 12 13 13 13 13 13 13 13: 30.9191, 
  0  0  0  1  1  1  1  1  1  1  1 12 12 12 13 13 13 13 13 13 13 13: 85.0985, 
  0  0  1  1  1  1  1  1  1  1  1 12 12 13 13 13 13 13 13 13 13 13: 91.7871, 
  0  1  1  1  1  1  1  1  1  1  1 12 13 13 13 13 13 13 13 13 13 13: 47.062, 
  1  1  1  1  1  1  1  1  1  1  1 13 13 13 13 13 13 13 13 13 13 13: 9.45419, 
} 
