Generating orthogonality equations...
Generating normalisation equations...
Generating MUB equations...
equations available:
{  111: 1,  010: 1, } 
{  3 9: 1,  2 8: 1, } 
{  515: 1,  414: 1, } 
{  713: 1,  612: 1, } 
{  1 9: 1,  0 8: 1, : -1, } 
{  311: 1,  210: 1, : -1, } 
{  513: 1,  412: 1, : -1, } 
{  715: 1,  614: 1, : -1, } 
{  1 5 913: 2,  0 5 912: 2,  1 4 813: 2,  0 4 812: 2, : -1, } 
{  1 5 913: 2,  1 4 813: 2,  0 5 912: 2,  0 4 812: 2, : -1, } 
{  1 7 915: 2,  0 7 914: 2,  1 6 815: 2,  0 6 814: 2, : -1, } 
{  1 6 815: 2,  1 7 915: 2,  0 7 914: 2,  0 6 814: 2, : -1, } 
{  3 51113: 2,  2 51112: 2,  2 41012: 2,  3 41013: 2, : -1, } 
{  3 51113: 2,  2 51112: 2,  2 41012: 2,  3 41013: 2, : -1, } 
{  3 71115: 2,  2 71114: 2,  3 61015: 2,  2 61014: 2, : -1, } 
{  3 71115: 2,  3 61015: 2,  2 71114: 2,  2 61014: 2, : -1, } 
main equation:
{ : 1, } 

trying to remove '' (order -1)
found with '' (multiply by '')
new main equation:
{ 
 0 8: 1, 
 1 9: 1, 
} 

trying to remove ' 1 9' (order 1)
