---------------------
Basis Indices:
---------------------

{-, -, -, -, -, -, -, -, -, -}, {-, -, -, -, -, -, -, -, -, -}, {-, -, -, -, -, -, -, -, -, -}, {-, -, -, -, -, -, -, -, -, -}, {-, -, -, -, -, -, -, -, -, -}, {-, -, -, -, -, -, -, -, -, -}, {-, -, -, -, -, -, -, -, -, -}, {-, -, -, -, -, -, -, -, -, -}, {-, -, -, -, -, -, -, -, -, -}, {-, -, -, -, -, -, -, -, -, -}


{-, -, -, -, -, -, -, -, -, -}, {-, 111+i411, 112+i412, 113+i413, 114+i414, 115+i415, 116+i416, 117+i417, 118+i418, 119+i419}, {-, 121+i421, 122+i422, 123+i423, 124+i424, 125+i425, 126+i426, 127+i427, 128+i428, 129+i429}, {-, 131+i431, 132+i432, 133+i433, 134+i434, 135+i435, 136+i436, 137+i437, 138+i438, 139+i439}, {-, 141+i441, 142+i442, 143+i443, 144+i444, 145+i445, 146+i446, 147+i447, 148+i448, 149+i449}, {}, {}, {}, {}, {}


{-, 201+i501, 202+i502, 203+i503, 204+i504, 205+i505, 206+i506, 207+i507, 208+i508, 209+i509}, {-, 211+i511, 212+i512, 213+i513, 214+i514, 215+i515, 216+i516, 217+i517, 218+i518, 219+i519}, {-, 221+i521, 222+i522, 223+i523, 224+i524, 225+i525, 226+i526, 227+i527, 228+i528, 229+i529}, {-, 231+i531, 232+i532, 233+i533, 234+i534, 235+i535, 236+i536, 237+i537, 238+i538, 239+i539}, {-, 241+i541, 242+i542, 243+i543, 244+i544, 245+i545, 246+i546, 247+i547, 248+i548, 249+i549}, {}, {}, {}, {}, {}

---------------------
Index Mapping: 
---------------------

{634: 196, 624: 186, 623: 185, 622: 184, 621: 183, 620: 182, 619: 181, 618: 180, 617: 179, 616: 178, 615: 177, 614: 176, 613: 175, 612: 174, 611: 173, 610: 172, 609: 171, 608: 170, 607: 169, 606: 168, 605: 167, 604: 166, 603: 165, 602: 164, 601: 163, 600: 162, 549: 161, 548: 160, 547: 159, 546: 158, 545: 157, 544: 156, 543: 155, 542: 154, 541: 153, 539: 152, 538: 151, 537: 150, 536: 149, 535: 148, 534: 147, 533: 146, 532: 145, 531: 144, 529: 143, 528: 142, 527: 141, 526: 140, 525: 139, 524: 138, 523: 137, 522: 136, 521: 135, 519: 134, 518: 133, 517: 132, 516: 131, 515: 130, 514: 129, 513: 128, 512: 127, 225: 58, 224: 57, 223: 56, 222: 55, 221: 54, 219: 53, 218: 52, 217: 51, 216: 50, 215: 49, 214: 48, 213: 47, 212: 46, 211: 45, 209: 44, 208: 43, 149: 35, 207: 42, 148: 34, 206: 41, 147: 33, 205: 40, 146: 32, 204: 39, 145: 31, 203: 38, 144: 30, 202: 37, 143: 29, 637: 199, 123: 11, 636: 198, 122: 10, 635: 197, 121: 9, 633: 195, 119: 8, 503: 119, 246: 77, 632: 194, 118: 7, 502: 118, 245: 76, 631: 193, 117: 6, 630: 192, 116: 5, 243: 74, 629: 191, 115: 4, 242: 73, 628: 190, 114: 3, 241: 72, 627: 189, 113: 2, 201: 36, 142: 28, 626: 188, 112: 1, 239: 71, 141: 27, 638: 200, 124: 12, 248: 79, 505: 121, 625: 187, 111: 0, 238: 70, 639: 201, 125: 13, 249: 80, 506: 122, 126: 14, 507: 123, 127: 15, 508: 124, 128: 16, 509: 125, 129: 17, 131: 18, 132: 19, 133: 20, 134: 21, 135: 22, 136: 23, 137: 24, 138: 25, 139: 26, 226: 59, 227: 60, 228: 61, 229: 62, 231: 63, 232: 64, 233: 65, 234: 66, 235: 67, 236: 68, 237: 69, 504: 120, 247: 78, 244: 75, 501: 117, 411: 81, 412: 82, 413: 83, 414: 84, 415: 85, 416: 86, 417: 87, 418: 88, 419: 89, 421: 90, 422: 91, 423: 92, 424: 93, 425: 94, 426: 95, 427: 96, 428: 97, 429: 98, 431: 99, 432: 100, 433: 101, 434: 102, 435: 103, 436: 104, 437: 105, 438: 106, 439: 107, 441: 108, 442: 109, 443: 110, 444: 111, 445: 112, 446: 113, 447: 114, 448: 115, 449: 116, 511: 126}

---------------------
Final Problem: 
---------------------
Find a point satisfying:

1*{  1 10} + 1*{ 88 97} + 1*{  3 12} + 1*{ 82 91} + 1*{  6 15} + 1*{ 81 90} + 1*{  7 16} + 1*{ 86 95} + 1*{ 85 94} + 1*{  5 14} + 1*{  0  9} + 1*{  2 11} + 1*{ 87 96} + 1*{ 89 98} + 1*{ 83 92} + 1*{  4 13} + 0.1*{} + 1*{ 84 93} + 1*{  8 17} = 0 

1*{  2 92} + 1*{  5 95} + -1*{ 17 89} + 1*{  3 93} + -1*{ 12 84} + -1*{ 15 87} + 1*{  0 90} + 1*{  4 94} + -1*{  9 81} + -1*{ 16 88} + -1*{ 14 86} + -1*{ 10 82} + -1*{ 11 83} + 1*{  1 91} + 1*{  8 98} + -1*{ 13 85} + 1*{  6 96} + 1*{  7 97} = 0 

1*{ 82100} + 1*{  6 24} + 1*{  3 21} + 1*{ 87105} + 1*{ 83101} + 1*{ 88106} + 1*{ 89107} + 0.1*{} + 1*{  1 19} + 1*{  4 22} + 1*{ 84102} + 1*{ 85103} + 1*{ 86104} + 1*{  0 18} + 1*{  5 23} + 1*{ 81 99} + 1*{  7 25} + 1*{  2 20} + 1*{  8 26} = 0 

-1*{ 21 84} + -1*{ 23 86} + 1*{  4103} + 1*{  2101} + -1*{ 22 85} + 1*{  6105} + -1*{ 26 89} + -1*{ 24 87} + 1*{  7106} + -1*{ 25 88} + -1*{ 19 82} + 1*{  8107} + -1*{ 18 81} + -1*{ 20 83} + 1*{  0 99} + 1*{  1100} + 1*{  3102} + 1*{  5104} = 0 

1*{  3 30} + 1*{ 82109} + 1*{  1 28} + 1*{  2 29} + 1*{ 88115} + 1*{ 89116} + 1*{ 85112} + 1*{ 83110} + 1*{  7 34} + 1*{ 87114} + 1*{  8 35} + 1*{ 86113} + 1*{  5 32} + 1*{ 84111} + 1*{ 81108} + 1*{  6 33} + 1*{  4 31} + 1*{  0 27} + 0.1*{} = 0 

1*{  6114} + 1*{  0108} + -1*{ 35 89} + 1*{  7115} + -1*{ 34 88} + -1*{ 33 87} + -1*{ 32 86} + 1*{  2110} + 1*{  1109} + -1*{ 28 82} + -1*{ 31 85} + -1*{ 27 81} + 1*{  5113} + -1*{ 29 83} + 1*{  3111} + 1*{  8116} + -1*{ 30 84} + 1*{  4112} = 0 

-0.1*{} + 1*{163163} + 1*{162162} = 0 

-1*{162} + 1*{ 89125} + 1*{  3 39} + 1*{ 84120} + 1*{  4 40} + 1*{  7 43} + 1*{ 83119} + 1*{  1 37} + 1*{  2 38} + 1*{  0 36} + 0.1*{} + 1*{ 88124} + 1*{ 81117} + 1*{  6 42} + 1*{  5 41} + 1*{ 87123} + 1*{ 85121} + 1*{ 86122} + 1*{  8 44} + 1*{ 82118} = 0 

-1*{163} + -1*{ 39 84} + 1*{  8125} + 1*{  6123} + -1*{ 36 81} + 1*{  4121} + -1*{ 37 82} + -1*{ 44 89} + 1*{  0117} + -1*{ 40 85} + -1*{ 38 83} + 1*{  5122} + -1*{ 42 87} + -1*{ 41 86} + -1*{ 43 88} + 1*{  2119} + 1*{  7124} + 1*{  3120} + 1*{  1118} = 0 

-0.1*{} + 1*{165165} + 1*{164164} = 0 

1*{  8 53} + 1*{ 81126} + 1*{  3 48} + -1*{164} + 1*{ 85130} + 1*{  6 51} + 1*{  1 46} + 1*{  0 45} + 1*{ 87132} + 1*{ 84129} + 1*{  4 49} + 1*{ 82127} + 1*{ 88133} + 1*{ 83128} + 1*{ 86131} + 1*{ 89134} + 1*{  7 52} + 1*{  5 50} + 0.1*{} + 1*{  2 47} = 0 

-1*{ 52 88} + -1*{ 49 85} + -1*{ 51 87} + 1*{  8134} + 1*{  6132} + 1*{  4130} + -1*{ 53 89} + -1*{ 47 83} + -1*{165} + 1*{  0126} + -1*{ 45 81} + 1*{  1127} + -1*{ 46 82} + 1*{  3129} + 1*{  5131} + 1*{  2128} + -1*{ 50 86} + -1*{ 48 84} + 1*{  7133} = 0 

-0.1*{} + 1*{167167} + 1*{166166} = 0 

1*{ 84138} + 1*{ 89143} + 1*{ 83137} + 1*{  8 62} + 1*{  1 55} + 1*{  6 60} + 1*{  4 58} + 1*{ 87141} + 1*{  2 56} + 1*{ 85139} + 1*{  7 61} + 1*{ 81135} + 1*{ 82136} + 1*{ 86140} + 0.1*{} + -1*{166} + 1*{  3 57} + 1*{  5 59} + 1*{  0 54} + 1*{ 88142} = 0 

-1*{ 62 89} + 1*{  7142} + 1*{  6141} + -1*{ 55 82} + -1*{ 56 83} + -1*{ 61 88} + 1*{  1136} + -1*{ 54 81} + 1*{  0135} + 1*{  2137} + -1*{ 60 87} + 1*{  8143} + 1*{  5140} + -1*{ 59 86} + 1*{  4139} + -1*{ 58 85} + 1*{  3138} + -1*{ 57 84} + -1*{167} = 0 

-0.1*{} + 1*{168168} + 1*{169169} = 0 

1*{  3 66} + 1*{  8 71} + 1*{  0 63} + 1*{  6 69} + 1*{ 89152} + 1*{ 81144} + 1*{  5 68} + 1*{  1 64} + 1*{ 88151} + 1*{ 83146} + 1*{  4 67} + 1*{ 86149} + 1*{  7 70} + -1*{168} + 1*{ 85148} + 0.1*{} + 1*{ 87150} + 1*{  2 65} + 1*{ 82145} + 1*{ 84147} = 0 

1*{  0144} + -1*{ 69 87} + 1*{  1145} + 1*{  7151} + 1*{  8152} + 1*{  2146} + -1*{ 66 84} + -1*{ 65 83} + -1*{ 67 85} + -1*{ 64 82} + -1*{ 68 86} + -1*{ 70 88} + -1*{ 71 89} + 1*{  6150} + 1*{  5149} + 1*{  4148} + 1*{  3147} + -1*{ 63 81} + -1*{169} = 0 

-0.1*{} + 1*{171171} + 1*{170170} = 0 

1*{  1 73} + 1*{ 87159} + 1*{  7 79} + 1*{ 86158} + 1*{  8 80} + 1*{ 81153} + -1*{170} + 1*{  5 77} + 1*{  2 74} + 1*{ 88160} + 1*{  3 75} + 1*{  4 76} + 1*{ 83155} + 1*{  6 78} + 1*{ 82154} + 1*{ 85157} + 1*{  0 72} + 1*{ 89161} + 1*{ 84156} + 0.1*{} = 0 

-1*{ 78 87} + 1*{  6159} + 1*{  7160} + 1*{  1154} + -1*{ 73 82} + -1*{ 79 88} + -1*{ 74 83} + 1*{  2155} + -1*{ 77 86} + -1*{ 75 84} + -1*{ 76 85} + 1*{  0153} + -1*{ 72 81} + -1*{ 80 89} + 1*{  3156} + 1*{  4157} + 1*{  5158} + -1*{171} + 1*{  8161} = 0 

-0.1*{} + 1*{ 81 81} + 1*{  0  0} = 0 

-0.1*{} + 1*{  1  1} + 1*{ 82 82} = 0 

-0.1*{} + 1*{ 83 83} + 1*{  2  2} = 0 

-0.1*{} + 1*{ 84 84} + 1*{  3  3} = 0 

-0.1*{} + 1*{ 85 85} + 1*{  4  4} = 0 

-0.1*{} + 1*{ 86 86} + 1*{  5  5} = 0 

-0.1*{} + 1*{ 87 87} + 1*{  6  6} = 0 

-0.1*{} + 1*{  7  7} + 1*{ 88 88} = 0 

-0.1*{} + 1*{ 89 89} + 1*{  8  8} = 0 

0.2*{ 82 87} + 0.2*{  3  5} + 0.2*{  2  7} + 0.2*{ 86 88} + 0.2*{ 81 88} + 0.2*{  2  3} + 0.2*{  3  8} + 0.2*{ 81 82} + 0.0632456*{  2} + 0.2*{  5  8} + 0.2*{ 86 87} + 0.2*{ 85 87} + 0.2*{ 81 85} + 0.0632456*{  6} + 0.2*{  0  2} + 0.2*{  7  8} + 0.2*{ 83 88} + 0.2*{ 82 83} + 0.2*{  5  7} + 0.2*{  2  4} + 0.2*{  3  7} + 0.2*{ 87 88} + 0.2*{ 83 89} + 0.2*{  1  5} + 0.2*{  1  6} + 0.0632456*{  4} + 0.2*{  1  8} + 0.2*{ 85 89} + 0.2*{  0  3} + 0.2*{ 84 87} + 0.2*{ 86 89} + 0.2*{  0  1} + 0.2*{ 81 89} + 0.2*{ 82 84} + 0.2*{ 82 86} + 0.2*{  2  5} + 0.2*{ 85 88} + 0.2*{  4  5} + 0.2*{  6  7} + 0.2*{  0  4} + 0.2*{ 84 86} + 0.2*{  3  6} + 0.0632456*{  1} + 0.2*{  4  6} + 0.2*{ 82 85} + 0.2*{ 83 84} + 0.2*{  2  6} + 0.0632456*{  0} + 0.2*{ 83 87} + 0.2*{  1  2} + 0.2*{ 83 85} + 0.2*{  5  6} + 0.2*{  0  5} + 0.0632456*{  5} + 0.2*{ 87 89} + 0.2*{  0  8} + 0.2*{ 81 83} + 0.2*{ 84 89} + 0.0632456*{  3} + 0.2*{  4  8} + 0.2*{ 88 89} + 0.2*{ 82 88} + 0.2*{  0  7} + 0.0632456*{  7} + 0.2*{ 82 89} + 0.2*{  1  7} + 0.2*{  6  8} + 0.2*{ 84 85} + 0.0632456*{  8} + 0.2*{ 84 88} + 0.2*{  0  6} + 0.2*{  1  3} + 0.2*{ 85 86} + 0.2*{  2  8} + 0.2*{  1  4} + 0.2*{ 81 86} + 0.2*{ 83 86} + 0.2*{  3  4} + 0.2*{  4  7} + 0.2*{ 81 87} + 0.2*{ 81 84} = 0 

1*{ 14 23} + 1*{ 17 26} + 1*{ 96105} + 1*{ 15 24} + 1*{ 97106} + 1*{ 90 99} + 1*{  9 18} + 1*{ 98107} + 1*{ 95104} + 1*{ 13 22} + 1*{ 11 20} + 1*{ 91100} + 1*{ 94103} + 1*{ 93102} + 1*{ 92101} + 1*{ 10 19} + 1*{ 12 21} + 1*{ 16 25} + 0.1*{} = 0 

-1*{ 21 93} + -1*{ 19 91} + 1*{ 11101} + 1*{ 13103} + 1*{ 17107} + -1*{ 18 90} + 1*{ 16106} + 1*{ 15105} + -1*{ 20 92} + 1*{ 14104} + -1*{ 26 98} + 1*{  9 99} + 1*{ 12102} + -1*{ 23 95} + -1*{ 22 94} + -1*{ 24 96} + -1*{ 25 97} + 1*{ 10100} = 0 

1*{ 14 32} + 1*{ 97115} + 1*{ 95113} + 1*{ 17 35} + 1*{ 92110} + 0.1*{} + 1*{ 11 29} + 1*{ 98116} + 1*{ 12 30} + 1*{ 94112} + 1*{ 16 34} + 1*{ 10 28} + 1*{ 96114} + 1*{ 93111} + 1*{ 91109} + 1*{ 90108} + 1*{  9 27} + 1*{ 13 31} + 1*{ 15 33} = 0 

1*{ 17116} + 1*{ 15114} + -1*{ 33 96} + -1*{ 35 98} + -1*{ 27 90} + 1*{ 12111} + 1*{ 11110} + 1*{ 16115} + -1*{ 28 91} + 1*{ 10109} + 1*{ 14113} + -1*{ 32 95} + -1*{ 30 93} + 1*{  9108} + -1*{ 31 94} + -1*{ 29 92} + -1*{ 34 97} + 1*{ 13112} = 0 

-0.1*{} + 1*{173173} + 1*{172172} = 0 

1*{ 95122} + 1*{ 93120} + 1*{ 90117} + 1*{ 11 38} + 0.1*{} + 1*{ 97124} + 1*{ 91118} + 1*{ 98125} + 1*{ 16 43} + 1*{  9 36} + 1*{ 12 39} + 1*{ 17 44} + 1*{ 92119} + 1*{ 96123} + 1*{ 13 40} + -1*{172} + 1*{ 10 37} + 1*{ 94121} + 1*{ 15 42} + 1*{ 14 41} = 0 

1*{ 17125} + 1*{ 11119} + 1*{ 14122} + -1*{ 38 92} + -1*{173} + 1*{ 12120} + -1*{ 37 91} + 1*{ 16124} + 1*{ 15123} + -1*{ 43 97} + -1*{ 41 95} + -1*{ 44 98} + 1*{  9117} + -1*{ 36 90} + -1*{ 40 94} + 1*{ 13121} + -1*{ 39 93} + 1*{ 10118} + -1*{ 42 96} = 0 

-0.1*{} + 1*{175175} + 1*{174174} = 0 

1*{ 98134} + 1*{  9 45} + 1*{ 94130} + 1*{ 97133} + -1*{174} + 1*{ 91127} + 1*{ 13 49} + 1*{ 11 47} + 1*{ 17 53} + 1*{ 96132} + 1*{ 14 50} + 1*{ 10 46} + 1*{ 12 48} + 1*{ 90126} + 1*{ 93129} + 1*{ 15 51} + 1*{ 95131} + 1*{ 92128} + 1*{ 16 52} + 0.1*{} = 0 

-1*{ 48 93} + 1*{ 10127} + 1*{ 15132} + 1*{ 14131} + -1*{ 45 90} + 1*{ 12129} + -1*{ 49 94} + 1*{ 17134} + -1*{ 52 97} + -1*{ 51 96} + -1*{ 50 95} + 1*{ 16133} + -1*{ 46 91} + -1*{ 53 98} + 1*{  9126} + -1*{ 47 92} + 1*{ 11128} + 1*{ 13130} + -1*{175} = 0 

-0.1*{} + 1*{177177} + 1*{176176} = 0 

1*{ 94139} + 1*{ 15 60} + 1*{ 92137} + 1*{ 97142} + 1*{ 11 56} + 1*{ 91136} + 1*{ 16 61} + 1*{ 12 57} + 0.1*{} + 1*{ 17 62} + 1*{  9 54} + 1*{ 90135} + 1*{ 14 59} + 1*{ 95140} + -1*{176} + 1*{ 96141} + 1*{ 13 58} + 1*{ 93138} + 1*{ 98143} + 1*{ 10 55} = 0 

-1*{177} + -1*{ 54 90} + -1*{ 62 98} + 1*{ 15141} + -1*{ 61 97} + -1*{ 55 91} + -1*{ 60 96} + 1*{ 13139} + 1*{ 11137} + 1*{  9135} + -1*{ 56 92} + -1*{ 59 95} + -1*{ 58 94} + 1*{ 14140} + 1*{ 17143} + 1*{ 16142} + 1*{ 12138} + 1*{ 10136} + -1*{ 57 93} = 0 

-0.1*{} + 1*{179179} + 1*{178178} = 0 

1*{ 11 65} + 1*{ 10 64} + 1*{ 97151} + -1*{178} + 1*{ 95149} + 1*{  9 63} + 1*{ 91145} + 1*{ 98152} + 1*{ 94148} + 1*{ 13 67} + 1*{ 17 71} + 1*{ 16 70} + 1*{ 90144} + 1*{ 14 68} + 0.1*{} + 1*{ 96150} + 1*{ 15 69} + 1*{ 93147} + 1*{ 92146} + 1*{ 12 66} = 0 

1*{ 17152} + 1*{ 13148} + 1*{ 11146} + 1*{  9144} + -1*{ 69 96} + 1*{ 15150} + -1*{ 63 90} + -1*{ 70 97} + 1*{ 16151} + 1*{ 12147} + -1*{ 66 93} + 1*{ 10145} + -1*{ 68 95} + 1*{ 14149} + -1*{ 67 94} + -1*{179} + -1*{ 71 98} + -1*{ 64 91} + -1*{ 65 92} = 0 

-0.1*{} + 1*{181181} + 1*{180180} = 0 

1*{ 12 75} + 1*{ 14 77} + 1*{ 16 79} + 0.1*{} + 1*{ 10 73} + 1*{ 98161} + 1*{ 91154} + 1*{ 96159} + 1*{ 11 74} + 1*{  9 72} + 1*{ 92155} + 1*{ 94157} + 1*{ 93156} + 1*{ 90153} + 1*{ 95158} + 1*{ 17 80} + 1*{ 13 76} + -1*{180} + 1*{ 15 78} + 1*{ 97160} = 0 

-1*{ 73 91} + -1*{ 80 98} + -1*{ 79 97} + -1*{ 76 94} + 1*{ 12156} + -1*{ 74 92} + 1*{ 10154} + 1*{ 13157} + 1*{ 14158} + 1*{ 11155} + 1*{  9153} + -1*{ 75 93} + -1*{181} + 1*{ 17161} + 1*{ 16160} + -1*{ 72 90} + -1*{ 77 95} + -1*{ 78 96} + 1*{ 15159} = 0 

-0.1*{} + 1*{ 90 90} + 1*{  9  9} = 0 

1*{ 91 91} + -0.1*{} + 1*{ 10 10} = 0 

-0.1*{} + 1*{ 92 92} + 1*{ 11 11} = 0 

-0.1*{} + 1*{ 93 93} + 1*{ 12 12} = 0 

-0.1*{} + 1*{ 94 94} + 1*{ 13 13} = 0 

-0.1*{} + 1*{ 95 95} + 1*{ 14 14} = 0 

-0.1*{} + 1*{ 96 96} + 1*{ 15 15} = 0 

-0.1*{} + 1*{ 97 97} + 1*{ 16 16} = 0 

-0.1*{} + 1*{ 98 98} + 1*{ 17 17} = 0 

0.2*{ 91 95} + 0.2*{ 10 14} + 0.2*{ 10 17} + 0.0632456*{ 17} + 0.2*{ 95 96} + 0.2*{ 92 98} + 0.2*{ 90 97} + 0.2*{ 90 91} + 0.2*{ 91 93} + 0.2*{ 90 95} + 0.2*{ 13 15} + 0.2*{ 93 94} + 0.2*{ 92 93} + 0.2*{ 93 98} + 0.2*{ 11 15} + 0.0632456*{ 10} + 0.2*{ 15 17} + 0.2*{  9 15} + 0.2*{ 10 15} + 0.2*{ 10 12} + 0.2*{ 92 97} + 0.2*{ 90 93} + 0.2*{ 96 97} + 0.2*{  9 13} + 0.2*{ 93 96} + 0.2*{ 10 13} + 0.2*{ 96 98} + 0.2*{ 91 96} + 0.2*{ 11 13} + 0.2*{ 13 16} + 0.0632456*{ 13} + 0.2*{ 16 17} + 0.2*{ 95 98} + 0.2*{ 95 97} + 0.2*{ 13 17} + 0.0632456*{ 14} + 0.2*{ 94 95} + 0.2*{ 91 94} + 0.2*{ 94 98} + 0.2*{ 11 17} + 0.2*{ 91 92} + 0.2*{ 97 98} + 0.2*{ 94 96} + 0.0632456*{ 11} + 0.2*{ 10 16} + 0.2*{ 90 92} + 0.2*{ 12 13} + 0.0632456*{  9} + 0.2*{ 11 16} + 0.2*{ 12 16} + 0.2*{ 92 96} + 0.2*{ 14 17} + 0.0632456*{ 15} + 0.2*{ 92 94} + 0.2*{  9 16} + 0.0632456*{ 16} + 0.2*{ 91 97} + 0.2*{ 94 97} + 0.2*{ 93 95} + 0.2*{  9 11} + 0.0632456*{ 12} + 0.2*{ 14 15} + 0.2*{ 10 11} + 0.2*{ 90 98} + 0.2*{ 14 16} + 0.2*{ 92 95} + 0.2*{ 12 15} + 0.2*{  9 12} + 0.2*{ 91 98} + 0.2*{ 90 96} + 0.2*{ 15 16} + 0.2*{ 13 14} + 0.2*{  9 14} + 0.2*{ 90 94} + 0.2*{ 93 97} + 0.2*{ 11 12} + 0.2*{ 12 14} + 0.2*{  9 17} + 0.2*{ 12 17} + 0.2*{ 11 14} + 0.2*{  9 10} = 0 

1*{105114} + 1*{ 21 30} + 1*{107116} + 1*{ 19 28} + 1*{ 18 27} + 1*{ 99108} + 1*{ 22 31} + 1*{ 23 32} + 1*{ 20 29} + 1*{100109} + 1*{101110} + 1*{104113} + 1*{ 25 34} + 1*{ 24 33} + 1*{ 26 35} + 1*{106115} + 1*{102111} + 1*{103112} + 0.1*{} = 0 

-1*{ 27 99} + -1*{ 29101} + -1*{ 30102} + 1*{ 25115} + -1*{ 33105} + -1*{ 31103} + 1*{ 22112} + 1*{ 18108} + 1*{ 21111} + 1*{ 19109} + -1*{ 34106} + 1*{ 20110} + 1*{ 23113} + -1*{ 35107} + 1*{ 24114} + 1*{ 26116} + -1*{ 32104} + -1*{ 28100} = 0 

-0.1*{} + 1*{183183} + 1*{182182} = 0 

1*{ 22 40} + 1*{ 25 43} + -1*{182} + 1*{102120} + 1*{ 23 41} + 1*{ 18 36} + 1*{106124} + 1*{ 21 39} + 1*{ 99117} + 1*{107125} + 1*{104122} + 1*{ 26 44} + 0.1*{} + 1*{ 19 37} + 1*{105123} + 1*{100118} + 1*{ 20 38} + 1*{101119} + 1*{103121} + 1*{ 24 42} = 0 

-1*{ 44107} + -1*{ 36 99} + 1*{ 25124} + -1*{ 40103} + 1*{ 20119} + -1*{183} + 1*{ 18117} + -1*{ 37100} + -1*{ 43106} + -1*{ 39102} + 1*{ 24123} + 1*{ 22121} + 1*{ 23122} + 1*{ 26125} + -1*{ 42105} + 1*{ 21120} + 1*{ 19118} + -1*{ 41104} + -1*{ 38101} = 0 

-0.1*{} + 1*{185185} + 1*{184184} = 0 

1*{ 22 49} + 1*{107134} + 1*{ 19 46} + 0.1*{} + 1*{ 20 47} + 1*{104131} + 1*{102129} + 1*{100127} + 1*{ 24 51} + 1*{105132} + 1*{ 99126} + 1*{106133} + 1*{ 23 50} + 1*{ 18 45} + 1*{ 26 53} + 1*{101128} + -1*{184} + 1*{ 21 48} + 1*{103130} + 1*{ 25 52} = 0 

-1*{ 50104} + 1*{ 25133} + -1*{ 45 99} + -1*{185} + 1*{ 19127} + 1*{ 18126} + 1*{ 26134} + -1*{ 48102} + 1*{ 24132} + 1*{ 22130} + -1*{ 51105} + 1*{ 21129} + 1*{ 20128} + -1*{ 47101} + -1*{ 49103} + 1*{ 23131} + -1*{ 46100} + -1*{ 53107} + -1*{ 52106} = 0 

1*{187187} + -0.1*{} + 1*{186186} = 0 

1*{107143} + 1*{101137} + -1*{186} + 1*{100136} + 0.1*{} + 1*{ 99135} + 1*{ 24 60} + 1*{105141} + 1*{ 19 55} + 1*{104140} + 1*{102138} + 1*{103139} + 1*{106142} + 1*{ 23 59} + 1*{ 25 61} + 1*{ 18 54} + 1*{ 20 56} + 1*{ 21 57} + 1*{ 22 58} + 1*{ 26 62} = 0 

-1*{ 56101} + 1*{ 22139} + 1*{ 19136} + -1*{ 57102} + 1*{ 26143} + -1*{ 58103} + 1*{ 20137} + -1*{ 55100} + 1*{ 21138} + -1*{187} + 1*{ 24141} + -1*{ 59104} + -1*{ 62107} + -1*{ 61106} + -1*{ 54 99} + -1*{ 60105} + 1*{ 25142} + 1*{ 23140} + 1*{ 18135} = 0 

-0.1*{} + 1*{189189} + 1*{188188} = 0 

1*{ 18 63} + 1*{ 22 67} + 1*{106151} + 1*{ 26 71} + 1*{ 21 66} + 1*{103148} + 1*{ 24 69} + 1*{ 19 64} + -1*{188} + 1*{101146} + 1*{107152} + 1*{ 25 70} + 1*{100145} + 1*{ 20 65} + 1*{104149} + 1*{ 23 68} + 1*{ 99144} + 1*{105150} + 1*{102147} + 0.1*{} = 0 

-1*{ 64100} + -1*{ 70106} + -1*{ 71107} + 1*{ 19145} + 1*{ 23149} + 1*{ 18144} + 1*{ 24150} + 1*{ 21147} + -1*{ 66102} + -1*{ 65101} + -1*{ 63 99} + 1*{ 26152} + 1*{ 20146} + 1*{ 22148} + 1*{ 25151} + -1*{189} + -1*{ 69105} + -1*{ 68104} + -1*{ 67103} = 0 

-0.1*{} + 1*{191191} + 1*{190190} = 0 

1*{103157} + 1*{107161} + 1*{101155} + 1*{106160} + 1*{ 23 77} + 1*{105159} + 1*{ 22 76} + 1*{102156} + 1*{ 99153} + 0.1*{} + 1*{ 25 79} + 1*{104158} + 1*{100154} + 1*{ 26 80} + -1*{190} + 1*{ 19 73} + 1*{ 18 72} + 1*{ 20 74} + 1*{ 24 78} + 1*{ 21 75} = 0 

-1*{ 75102} + 1*{ 25160} + 1*{ 20155} + 1*{ 23158} + -1*{ 78105} + 1*{ 24159} + -1*{ 73100} + -1*{ 74101} + 1*{ 19154} + -1*{ 77104} + 1*{ 26161} + 1*{ 18153} + -1*{ 76103} + -1*{ 79106} + -1*{ 72 99} + 1*{ 22157} + 1*{ 21156} + -1*{191} + -1*{ 80107} = 0 

-0.1*{} + 1*{ 99 99} + 1*{ 18 18} = 0 

-0.1*{} + 1*{100100} + 1*{ 19 19} = 0 

-0.1*{} + 1*{101101} + 1*{ 20 20} = 0 

-0.1*{} + 1*{102102} + 1*{ 21 21} = 0 

-0.1*{} + 1*{103103} + 1*{ 22 22} = 0 

-0.1*{} + 1*{104104} + 1*{ 23 23} = 0 

-0.1*{} + 1*{105105} + 1*{ 24 24} = 0 

1*{106106} + -0.1*{} + 1*{ 25 25} = 0 

-0.1*{} + 1*{107107} + 1*{ 26 26} = 0 

0.2*{ 21 24} + 0.2*{ 99104} + 0.0632456*{ 26} + 0.2*{ 18 19} + 0.2*{ 20 25} + 0.2*{ 18 21} + 0.2*{ 19 22} + 0.2*{102103} + 0.2*{ 22 24} + 0.2*{ 22 25} + 0.2*{ 99100} + 0.2*{102106} + 0.2*{100107} + 0.2*{ 22 23} + 0.2*{101104} + 0.2*{ 21 23} + 0.2*{104107} + 0.2*{101107} + 0.0632456*{ 25} + 0.2*{ 22 26} + 0.2*{100103} + 0.0632456*{ 21} + 0.2*{ 99101} + 0.2*{103106} + 0.2*{ 19 25} + 0.2*{104106} + 0.0632456*{ 20} + 0.2*{ 99106} + 0.2*{ 23 25} + 0.2*{ 19 23} + 0.0632456*{ 24} + 0.2*{ 18 23} + 0.2*{102104} + 0.2*{106107} + 0.2*{103105} + 0.2*{103107} + 0.2*{102107} + 0.0632456*{ 22} + 0.2*{ 18 22} + 0.2*{100102} + 0.2*{ 25 26} + 0.2*{ 18 20} + 0.2*{ 19 26} + 0.2*{ 20 24} + 0.2*{ 18 25} + 0.0632456*{ 23} + 0.2*{ 24 26} + 0.2*{ 21 22} + 0.2*{105106} + 0.0632456*{ 19} + 0.2*{104105} + 0.2*{ 23 26} + 0.2*{105107} + 0.2*{ 23 24} + 0.2*{103104} + 0.2*{101105} + 0.2*{100106} + 0.2*{100105} + 0.2*{ 99103} + 0.2*{ 20 26} + 0.2*{100101} + 0.2*{100104} + 0.2*{ 99107} + 0.2*{ 19 21} + 0.2*{ 20 21} + 0.2*{101106} + 0.2*{102105} + 0.2*{ 21 25} + 0.2*{ 24 25} + 0.2*{ 18 26} + 0.2*{ 20 22} + 0.2*{ 20 23} + 0.2*{ 99102} + 0.2*{ 21 26} + 0.2*{101103} + 0.2*{ 19 20} + 0.0632456*{ 18} + 0.2*{ 99105} + 0.2*{ 18 24} + 0.2*{ 19 24} + 0.2*{101102} = 0 

-0.1*{} + 1*{193193} + 1*{192192} = 0 

1*{109118} + 1*{ 32 41} + 1*{114123} + 1*{108117} + 1*{ 34 43} + 1*{110119} + 1*{ 30 39} + 0.1*{} + 1*{116125} + 1*{111120} + 1*{ 28 37} + 1*{113122} + 1*{ 31 40} + -1*{192} + 1*{112121} + 1*{ 29 38} + 1*{ 35 44} + 1*{ 27 36} + 1*{115124} + 1*{ 33 42} = 0 

1*{ 32122} + 1*{ 31121} + 1*{ 29119} + -1*{ 44116} + -1*{ 39111} + -1*{ 42114} + -1*{ 41113} + 1*{ 35125} + -1*{ 43115} + -1*{ 38110} + -1*{ 37109} + -1*{ 36108} + 1*{ 27117} + 1*{ 28118} + 1*{ 33123} + -1*{ 40112} + -1*{193} + 1*{ 34124} + 1*{ 30120} = 0 

-0.1*{} + 1*{195195} + 1*{194194} = 0 

1*{109127} + 1*{ 35 53} + 1*{114132} + 1*{ 30 48} + 1*{113131} + 1*{115133} + 1*{110128} + 1*{111129} + 1*{ 27 45} + 1*{ 28 46} + 1*{ 29 47} + 0.1*{} + 1*{ 31 49} + 1*{ 32 50} + 1*{ 34 52} + -1*{194} + 1*{108126} + 1*{112130} + 1*{ 33 51} + 1*{116134} = 0 

-1*{ 46109} + -1*{195} + -1*{ 45108} + 1*{ 29128} + -1*{ 51114} + 1*{ 31130} + 1*{ 33132} + 1*{ 34133} + -1*{ 53116} + -1*{ 47110} + 1*{ 35134} + 1*{ 30129} + 1*{ 27126} + -1*{ 50113} + -1*{ 48111} + -1*{ 52115} + 1*{ 32131} + -1*{ 49112} + 1*{ 28127} = 0 

-0.1*{} + 1*{197197} + 1*{196196} = 0 

1*{ 35 62} + 1*{ 31 58} + 1*{115142} + 1*{ 29 56} + 1*{108135} + -1*{196} + 1*{ 28 55} + 1*{114141} + 1*{110137} + 1*{116143} + 1*{ 27 54} + 1*{109136} + 1*{ 33 60} + 0.1*{} + 1*{ 34 61} + 1*{111138} + 1*{113140} + 1*{112139} + 1*{ 30 57} + 1*{ 32 59} = 0 

1*{ 29137} + -1*{ 56110} + -1*{ 58112} + -1*{ 55109} + 1*{ 27135} + -1*{ 60114} + 1*{ 31139} + 1*{ 35143} + -1*{ 57111} + -1*{197} + 1*{ 28136} + 1*{ 33141} + -1*{ 59113} + -1*{ 61115} + -1*{ 54108} + -1*{ 62116} + 1*{ 34142} + 1*{ 32140} + 1*{ 30138} = 0 

1*{199199} + -0.1*{} + 1*{198198} = 0 

1*{ 27 63} + 1*{ 31 67} + 1*{108144} + 1*{110146} + 1*{113149} + 1*{ 30 66} + 1*{114150} + -1*{198} + 1*{ 34 70} + 1*{ 32 68} + 1*{ 29 65} + 1*{111147} + 1*{116152} + 0.1*{} + 1*{ 35 71} + 1*{ 33 69} + 1*{ 28 64} + 1*{115151} + 1*{109145} + 1*{112148} = 0 

1*{ 34151} + -1*{ 65110} + -1*{ 66111} + -1*{ 69114} + 1*{ 31148} + 1*{ 29146} + 1*{ 30147} + -1*{ 64109} + -1*{ 71116} + 1*{ 28145} + -1*{ 68113} + -1*{199} + -1*{ 63108} + 1*{ 32149} + 1*{ 27144} + 1*{ 33150} + -1*{ 67112} + -1*{ 70115} + 1*{ 35152} = 0 

-0.1*{} + 1*{201201} + 1*{200200} = 0 

1*{116161} + 1*{112157} + 1*{ 30 75} + 1*{ 29 74} + 1*{110155} + 1*{ 27 72} + -1*{200} + 1*{111156} + 1*{ 35 80} + 1*{114159} + 1*{ 28 73} + 1*{ 32 77} + 1*{108153} + 1*{109154} + 1*{115160} + 1*{ 31 76} + 0.1*{} + 1*{ 34 79} + 1*{113158} + 1*{ 33 78} = 0 

1*{ 29155} + 1*{ 30156} + 1*{ 33159} + 1*{ 34160} + -1*{ 79115} + 1*{ 35161} + -1*{201} + 1*{ 31157} + -1*{ 75111} + 1*{ 28154} + -1*{ 78114} + -1*{ 76112} + -1*{ 74110} + 1*{ 27153} + -1*{ 77113} + -1*{ 72108} + -1*{ 80116} + 1*{ 32158} + -1*{ 73109} = 0 

-0.1*{} + 1*{108108} + 1*{ 27 27} = 0 

-0.1*{} + 1*{109109} + 1*{ 28 28} = 0 

-0.1*{} + 1*{110110} + 1*{ 29 29} = 0 

-0.1*{} + 1*{111111} + 1*{ 30 30} = 0 

1*{112112} + -0.1*{} + 1*{ 31 31} = 0 

-0.1*{} + 1*{113113} + 1*{ 32 32} = 0 

-0.1*{} + 1*{ 33 33} + 1*{114114} = 0 

-0.1*{} + 1*{115115} + 1*{ 34 34} = 0 

-0.1*{} + 1*{116116} + 1*{ 35 35} = 0 

0.2*{ 27 28} + 0.2*{ 32 35} + 0.2*{ 31 33} + 0.0632456*{ 32} + 0.2*{108112} + 0.0632456*{ 27} + 0.2*{115116} + 0.2*{ 28 30} + 0.2*{ 29 35} + 0.2*{ 27 30} + 0.2*{108111} + 0.2*{112115} + 0.2*{ 29 32} + 0.2*{ 34 35} + 0.2*{ 28 34} + 0.2*{ 31 32} + 0.2*{ 29 30} + 0.0632456*{ 28} + 0.2*{ 32 34} + 0.2*{112113} + 0.2*{ 27 29} + 0.2*{ 27 35} + 0.2*{111112} + 0.2*{ 28 29} + 0.2*{ 30 31} + 0.2*{114115} + 0.2*{ 33 35} + 0.2*{108109} + 0.2*{ 27 32} + 0.2*{111114} + 0.2*{109114} + 0.0632456*{ 35} + 0.2*{108110} + 0.2*{ 29 31} + 0.2*{112116} + 0.2*{110111} + 0.0632456*{ 29} + 0.2*{111115} + 0.2*{112114} + 0.2*{ 32 33} + 0.2*{ 28 33} + 0.2*{ 27 33} + 0.0632456*{ 33} + 0.2*{113115} + 0.2*{108114} + 0.2*{ 31 34} + 0.2*{ 28 31} + 0.2*{ 30 34} + 0.2*{109112} + 0.2*{108113} + 0.2*{ 28 32} + 0.2*{ 28 35} + 0.2*{111116} + 0.2*{ 30 35} + 0.2*{109110} + 0.2*{111113} + 0.2*{110115} + 0.2*{110112} + 0.2*{ 29 34} + 0.2*{ 31 35} + 0.2*{109111} + 0.2*{110116} + 0.0632456*{ 31} + 0.2*{109113} + 0.2*{109115} + 0.2*{110113} + 0.2*{ 30 32} + 0.2*{ 30 33} + 0.2*{109116} + 0.2*{114116} + 0.2*{ 27 34} + 0.0632456*{ 30} + 0.2*{110114} + 0.2*{108116} + 0.2*{108115} + 0.0632456*{ 34} + 0.2*{ 27 31} + 0.2*{ 33 34} + 0.2*{ 29 33} + 0.2*{113114} + 0.2*{113116} = 0 

1*{120129} + 1*{121130} + 0.1*{} + 1*{ 44 53} + 1*{123132} + 1*{ 37 46} + 1*{ 38 47} + 1*{117126} + 1*{ 36 45} + 1*{119128} + 1*{ 39 48} + 1*{118127} + 1*{124133} + 1*{ 42 51} + 1*{ 43 52} + 1*{122131} + 1*{125134} + 1*{ 41 50} + 1*{ 40 49} = 0 

-1*{ 46118} + 1*{ 36126} + -1*{ 52124} + 1*{ 42132} + 1*{ 41131} + 1*{ 39129} + -1*{ 47119} + 1*{ 43133} + 1*{ 40130} + -1*{ 49121} + -1*{ 48120} + -1*{ 45117} + -1*{ 53125} + 1*{ 37127} + 1*{ 38128} + -1*{ 50122} + -1*{ 51123} + 1*{ 44134} = 0 

1*{ 39 57} + 1*{117135} + 1*{ 42 60} + 1*{ 44 62} + 1*{123141} + 1*{ 38 56} + 1*{119137} + 1*{122140} + 1*{118136} + 1*{ 37 55} + 1*{ 40 58} + 1*{120138} + 1*{124142} + 1*{121139} + 1*{ 43 61} + 1*{ 36 54} + 1*{125143} + 0.1*{} + 1*{ 41 59} = 0 

-1*{ 55118} + -1*{ 59122} + -1*{ 57120} + -1*{ 62125} + 1*{ 44143} + 1*{ 36135} + 1*{ 40139} + 1*{ 42141} + -1*{ 58121} + 1*{ 43142} + -1*{ 60123} + 1*{ 39138} + -1*{ 56119} + -1*{ 54117} + 1*{ 37136} + 1*{ 41140} + -1*{ 61124} + 1*{ 38137} = 0 

1*{ 38 65} + 1*{124151} + 1*{ 39 66} + 0.1*{} + 1*{ 37 64} + 1*{118145} + 1*{117144} + 1*{ 44 71} + 1*{ 41 68} + 1*{ 40 67} + 1*{ 36 63} + 1*{123150} + 1*{122149} + 1*{125152} + 1*{ 43 70} + 1*{121148} + 1*{119146} + 1*{120147} + 1*{ 42 69} = 0 

-1*{ 65119} + -1*{ 69123} + -1*{ 67121} + 1*{ 40148} + -1*{ 63117} + 1*{ 39147} + -1*{ 66120} + 1*{ 44152} + 1*{ 37145} + 1*{ 38146} + -1*{ 64118} + 1*{ 41149} + -1*{ 70124} + -1*{ 71125} + 1*{ 42150} + 1*{ 36144} + -1*{ 68122} + 1*{ 43151} = 0 

1*{ 38 74} + 1*{ 43 79} + 1*{119155} + 1*{ 39 75} + 1*{125161} + 1*{120156} + 1*{117153} + 1*{121157} + 1*{ 42 78} + 1*{118154} + 1*{ 41 77} + 1*{122158} + 1*{123159} + 1*{ 40 76} + 1*{ 37 73} + 0.1*{} + 1*{ 44 80} + 1*{124160} + 1*{ 36 72} = 0 

-1*{ 74119} + -1*{ 72117} + 1*{ 42159} + -1*{ 79124} + -1*{ 73118} + 1*{ 38155} + 1*{ 37154} + 1*{ 40157} + 1*{ 39156} + 1*{ 36153} + -1*{ 80125} + -1*{ 78123} + 1*{ 44161} + -1*{ 75120} + 1*{ 41158} + -1*{ 76121} + -1*{ 77122} + 1*{ 43160} = 0 

-0.1*{} + 1*{117117} + 1*{ 36 36} = 0 

-0.1*{} + 1*{118118} + 1*{ 37 37} = 0 

-0.1*{} + 1*{ 38 38} + 1*{119119} = 0 

-0.1*{} + 1*{120120} + 1*{ 39 39} = 0 

-0.1*{} + 1*{121121} + 1*{ 40 40} = 0 

-0.1*{} + 1*{122122} + 1*{ 41 41} = 0 

-0.1*{} + 1*{123123} + 1*{ 42 42} = 0 

1*{124124} + -0.1*{} + 1*{ 43 43} = 0 

-0.1*{} + 1*{125125} + 1*{ 44 44} = 0 

0.2*{ 37 41} + 0.2*{ 41 42} + 0.2*{120123} + 0.2*{121122} + 0.2*{ 38 42} + 0.2*{ 39 40} + 0.2*{ 41 43} + 0.2*{ 39 43} + 0.2*{119124} + 0.2*{117120} + 0.2*{ 38 40} + 0.2*{ 37 40} + 0.2*{ 39 41} + 0.2*{121125} + 0.2*{118124} + 0.0632456*{ 37} + 0.2*{ 36 39} + 0.2*{118122} + 0.2*{ 40 42} + 0.2*{118123} + 0.2*{121123} + 0.2*{ 36 43} + 0.2*{ 42 43} + 0.2*{120124} + 0.0632456*{ 41} + 0.2*{ 36 41} + 0.2*{122123} + 0.2*{ 36 44} + 0.0632456*{ 36} + 0.2*{ 40 41} + 0.0632456*{ 39} + 0.2*{ 36 38} + 0.2*{119121} + 0.2*{118120} + 0.2*{122124} + 0.2*{122125} + 0.2*{124125} + 0.2*{120125} + 0.2*{123125} + 0.2*{123124} + 0.2*{ 40 44} + 0.2*{117121} + 0.0632456*{ 42} + 0.0632456*{ 40} + 0.2*{ 38 43} + 0.0632456*{ 44} + 0.2*{118121} + 0.2*{117125} + 0.2*{ 37 42} + 0.2*{118125} + 0.2*{ 40 43} + 0.2*{ 39 42} + 0.2*{119125} + 0.2*{117122} + 0.2*{118119} + 0.2*{121124} + 0.2*{117123} + 0.2*{ 38 44} + 0.0632456*{ 43} + 0.2*{ 38 39} + 0.2*{ 41 44} + 0.2*{ 42 44} + 0.2*{120121} + 0.2*{ 43 44} + 0.2*{117124} + 0.2*{117119} + 0.2*{ 36 37} + 0.2*{ 36 40} + 0.2*{117118} + 0.2*{119123} + 0.2*{ 37 43} + 0.0632456*{ 38} + 0.2*{ 39 44} + 0.2*{ 38 41} + 0.2*{120122} + 0.2*{119120} + 0.2*{119122} + 0.2*{ 37 44} + 0.2*{ 36 42} + 0.2*{ 37 38} + 0.2*{ 37 39} = 0 

1*{131140} + 1*{ 51 60} + 1*{129138} + 1*{ 47 56} + 1*{127136} + 1*{ 45 54} + 1*{134143} + 1*{126135} + 1*{ 52 61} + 0.1*{} + 1*{130139} + 1*{ 49 58} + 1*{132141} + 1*{ 50 59} + 1*{133142} + 1*{ 46 55} + 1*{128137} + 1*{ 53 62} + 1*{ 48 57} = 0 

-1*{ 54126} + 1*{ 52142} + -1*{ 56128} + -1*{ 57129} + -1*{ 59131} + 1*{ 46136} + 1*{ 49139} + -1*{ 55127} + -1*{ 60132} + -1*{ 62134} + 1*{ 48138} + 1*{ 47137} + 1*{ 45135} + 1*{ 53143} + 1*{ 51141} + 1*{ 50140} + -1*{ 58130} + -1*{ 61133} = 0 

1*{ 46 64} + 1*{ 47 65} + 0.1*{} + 1*{130148} + 1*{ 52 70} + 1*{131149} + 1*{129147} + 1*{ 51 69} + 1*{126144} + 1*{127145} + 1*{134152} + 1*{132150} + 1*{ 53 71} + 1*{128146} + 1*{133151} + 1*{ 45 63} + 1*{ 49 67} + 1*{ 48 66} + 1*{ 50 68} = 0 

-1*{ 64127} + -1*{ 63126} + 1*{ 52151} + -1*{ 65128} + -1*{ 67130} + 1*{ 50149} + 1*{ 53152} + 1*{ 48147} + 1*{ 51150} + -1*{ 70133} + -1*{ 69132} + -1*{ 66129} + 1*{ 46145} + 1*{ 49148} + -1*{ 68131} + 1*{ 45144} + 1*{ 47146} + -1*{ 71134} = 0 

1*{132159} + 1*{ 45 72} + 1*{127154} + 1*{ 47 74} + 1*{ 48 75} + 1*{134161} + 1*{129156} + 1*{ 46 73} + 1*{130157} + 1*{ 53 80} + 1*{ 52 79} + 1*{131158} + 1*{126153} + 1*{128155} + 1*{ 51 78} + 1*{133160} + 1*{ 49 76} + 0.1*{} + 1*{ 50 77} = 0 

-1*{ 80134} + -1*{ 76130} + 1*{ 51159} + 1*{ 50158} + 1*{ 49157} + -1*{ 73127} + 1*{ 47155} + 1*{ 53161} + -1*{ 78132} + 1*{ 48156} + 1*{ 52160} + -1*{ 74128} + -1*{ 77131} + -1*{ 72126} + -1*{ 75129} + 1*{ 45153} + 1*{ 46154} + -1*{ 79133} = 0 

-0.1*{} + 1*{126126} + 1*{ 45 45} = 0 

-0.1*{} + 1*{127127} + 1*{ 46 46} = 0 

-0.1*{} + 1*{128128} + 1*{ 47 47} = 0 

-0.1*{} + 1*{ 48 48} + 1*{129129} = 0 

-0.1*{} + 1*{130130} + 1*{ 49 49} = 0 

-0.1*{} + 1*{131131} + 1*{ 50 50} = 0 

-0.1*{} + 1*{132132} + 1*{ 51 51} = 0 

-0.1*{} + 1*{133133} + 1*{ 52 52} = 0 

1*{134134} + -0.1*{} + 1*{ 53 53} = 0 

0.2*{128130} + 0.2*{127129} + 0.2*{126134} + 0.2*{129133} + 0.2*{128132} + 0.2*{133134} + 0.2*{129131} + 0.2*{126131} + 0.2*{ 49 50} + 0.2*{ 46 53} + 0.2*{ 47 50} + 0.2*{131134} + 0.2*{127131} + 0.2*{ 47 51} + 0.2*{ 47 53} + 0.0632456*{ 50} + 0.2*{ 48 52} + 0.2*{131133} + 0.2*{ 45 50} + 0.2*{130131} + 0.2*{127132} + 0.0632456*{ 49} + 0.2*{ 50 53} + 0.2*{ 48 53} + 0.2*{126127} + 0.2*{ 51 52} + 0.2*{127133} + 0.2*{ 45 47} + 0.2*{130132} + 0.2*{ 48 51} + 0.2*{127134} + 0.0632456*{ 51} + 0.2*{ 48 49} + 0.2*{ 45 49} + 0.2*{126133} + 0.2*{ 46 49} + 0.0632456*{ 47} + 0.2*{ 45 53} + 0.2*{ 47 48} + 0.2*{ 46 50} + 0.0632456*{ 52} + 0.2*{132133} + 0.2*{128134} + 0.2*{ 45 52} + 0.2*{ 45 48} + 0.2*{129134} + 0.2*{129132} + 0.0632456*{ 48} + 0.2*{ 47 52} + 0.2*{ 46 51} + 0.2*{ 45 51} + 0.2*{128129} + 0.2*{131132} + 0.0632456*{ 45} + 0.2*{ 47 49} + 0.2*{130134} + 0.2*{ 51 53} + 0.2*{ 46 48} + 0.2*{126129} + 0.2*{ 49 52} + 0.2*{126130} + 0.2*{127128} + 0.2*{126128} + 0.2*{126132} + 0.2*{132134} + 0.2*{129130} + 0.0632456*{ 53} + 0.2*{128133} + 0.2*{ 50 52} + 0.2*{ 49 51} + 0.2*{ 48 50} + 0.2*{ 50 51} + 0.2*{ 46 52} + 0.2*{ 45 46} + 0.2*{ 52 53} + 0.2*{128131} + 0.2*{130133} + 0.0632456*{ 46} + 0.2*{ 49 53} + 0.2*{ 46 47} + 0.2*{127130} = 0 

1*{142151} + 1*{137146} + 1*{ 55 64} + 1*{ 58 67} + 1*{136145} + 1*{141150} + 1*{ 54 63} + 1*{ 61 70} + 1*{ 60 69} + 1*{135144} + 1*{ 57 66} + 1*{143152} + 1*{138147} + 1*{ 56 65} + 1*{139148} + 0.1*{} + 1*{ 59 68} + 1*{ 62 71} + 1*{140149} = 0 

1*{ 56146} + -1*{ 69141} + -1*{ 71143} + 1*{ 57147} + -1*{ 66138} + -1*{ 68140} + 1*{ 55145} + 1*{ 62152} + 1*{ 61151} + 1*{ 60150} + -1*{ 67139} + -1*{ 64136} + -1*{ 63135} + 1*{ 58148} + -1*{ 65137} + -1*{ 70142} + 1*{ 59149} + 1*{ 54144} = 0 

1*{ 62 80} + 1*{140158} + 1*{143161} + 1*{141159} + 1*{137155} + 0.1*{} + 1*{135153} + 1*{142160} + 1*{ 57 75} + 1*{ 61 79} + 1*{ 59 77} + 1*{ 58 76} + 1*{ 60 78} + 1*{ 56 74} + 1*{136154} + 1*{ 55 73} + 1*{139157} + 1*{ 54 72} + 1*{138156} = 0 

-1*{ 78141} + -1*{ 74137} + -1*{ 73136} + -1*{ 80143} + -1*{ 75138} + 1*{ 54153} + -1*{ 72135} + -1*{ 77140} + 1*{ 55154} + 1*{ 60159} + -1*{ 76139} + 1*{ 56155} + -1*{ 79142} + 1*{ 57156} + 1*{ 61160} + 1*{ 62161} + 1*{ 58157} + 1*{ 59158} = 0 

-0.1*{} + 1*{135135} + 1*{ 54 54} = 0 

-0.1*{} + 1*{136136} + 1*{ 55 55} = 0 

-0.1*{} + 1*{137137} + 1*{ 56 56} = 0 

1*{138138} + -0.1*{} + 1*{ 57 57} = 0 

-0.1*{} + 1*{ 58 58} + 1*{139139} = 0 

-0.1*{} + 1*{140140} + 1*{ 59 59} = 0 

-0.1*{} + 1*{141141} + 1*{ 60 60} = 0 

-0.1*{} + 1*{142142} + 1*{ 61 61} = 0 

-0.1*{} + 1*{143143} + 1*{ 62 62} = 0 

0.2*{135143} + 0.2*{137143} + 0.2*{ 56 59} + 0.2*{140143} + 0.0632456*{ 54} + 0.0632456*{ 61} + 0.2*{ 59 62} + 0.2*{ 58 60} + 0.2*{ 55 58} + 0.2*{ 57 62} + 0.2*{ 60 61} + 0.2*{137140} + 0.2*{ 55 57} + 0.2*{140142} + 0.2*{ 54 59} + 0.0632456*{ 55} + 0.2*{137142} + 0.2*{139141} + 0.2*{141142} + 0.2*{135139} + 0.2*{135137} + 0.2*{139140} + 0.2*{ 56 62} + 0.2*{ 56 58} + 0.0632456*{ 62} + 0.2*{ 59 61} + 0.2*{ 56 60} + 0.2*{135136} + 0.2*{138139} + 0.2*{138142} + 0.2*{136139} + 0.2*{ 55 61} + 0.2*{ 55 56} + 0.2*{ 55 60} + 0.2*{ 54 58} + 0.0632456*{ 58} + 0.2*{ 54 55} + 0.2*{141143} + 0.2*{139143} + 0.2*{138140} + 0.2*{ 55 59} + 0.2*{ 57 60} + 0.2*{135141} + 0.2*{ 57 61} + 0.2*{ 55 62} + 0.2*{ 59 60} + 0.2*{142143} + 0.2*{140141} + 0.2*{ 54 56} + 0.2*{ 54 60} + 0.2*{136140} + 0.2*{138143} + 0.2*{ 54 57} + 0.2*{139142} + 0.2*{137141} + 0.2*{138141} + 0.0632456*{ 60} + 0.2*{ 60 62} + 0.2*{ 56 57} + 0.2*{ 58 61} + 0.2*{137139} + 0.2*{ 61 62} + 0.2*{136138} + 0.2*{136142} + 0.0632456*{ 59} + 0.2*{136137} + 0.2*{135140} + 0.2*{ 57 59} + 0.2*{ 56 61} + 0.2*{136143} + 0.2*{ 58 62} + 0.2*{ 57 58} + 0.0632456*{ 57} + 0.2*{137138} + 0.2*{136141} + 0.2*{ 54 61} + 0.2*{135138} + 0.2*{135142} + 0.0632456*{ 56} + 0.2*{ 58 59} + 0.2*{ 54 62} = 0 

1*{ 64 73} + 1*{ 67 76} + 1*{148157} + 1*{145154} + 1*{149158} + 1*{ 71 80} + 1*{150159} + 1*{ 69 78} + 1*{144153} + 1*{151160} + 1*{ 66 75} + 1*{ 63 72} + 1*{146155} + 1*{ 70 79} + 1*{147156} + 1*{152161} + 1*{ 68 77} + 0.1*{} + 1*{ 65 74} = 0 

1*{ 64154} + 1*{ 66156} + -1*{ 80152} + -1*{ 74146} + -1*{ 79151} + 1*{ 71161} + -1*{ 73145} + 1*{ 65155} + 1*{ 69159} + -1*{ 75147} + -1*{ 78150} + -1*{ 77149} + 1*{ 67157} + 1*{ 68158} + -1*{ 76148} + 1*{ 63153} + 1*{ 70160} + -1*{ 72144} = 0 

-0.1*{} + 1*{144144} + 1*{ 63 63} = 0 

-0.1*{} + 1*{145145} + 1*{ 64 64} = 0 

-0.1*{} + 1*{146146} + 1*{ 65 65} = 0 

-0.1*{} + 1*{147147} + 1*{ 66 66} = 0 

-0.1*{} + 1*{148148} + 1*{ 67 67} = 0 

-0.1*{} + 1*{149149} + 1*{ 68 68} = 0 

-0.1*{} + 1*{150150} + 1*{ 69 69} = 0 

-0.1*{} + 1*{151151} + 1*{ 70 70} = 0 

-0.1*{} + 1*{152152} + 1*{ 71 71} = 0 

0.2*{ 70 71} + 0.2*{149150} + 0.2*{ 63 67} + 0.2*{ 65 69} + 0.0632456*{ 71} + 0.2*{144149} + 0.2*{144152} + 0.2*{144146} + 0.2*{ 63 69} + 0.2*{144150} + 0.2*{145151} + 0.2*{ 68 69} + 0.2*{ 69 71} + 0.2*{146147} + 0.2*{ 64 65} + 0.2*{ 66 70} + 0.2*{ 63 71} + 0.2*{ 64 66} + 0.0632456*{ 64} + 0.0632456*{ 69} + 0.0632456*{ 66} + 0.2*{145147} + 0.2*{ 67 68} + 0.2*{147148} + 0.2*{150151} + 0.2*{147151} + 0.2*{ 65 68} + 0.2*{ 65 66} + 0.2*{148150} + 0.2*{145149} + 0.2*{ 63 64} + 0.0632456*{ 65} + 0.2*{ 68 70} + 0.2*{ 67 71} + 0.2*{145146} + 0.2*{145152} + 0.2*{151152} + 0.2*{ 63 70} + 0.2*{150152} + 0.2*{148151} + 0.2*{144147} + 0.2*{ 67 70} + 0.2*{ 64 70} + 0.2*{144151} + 0.2*{144145} + 0.2*{147152} + 0.2*{ 63 68} + 0.2*{145148} + 0.2*{146150} + 0.2*{ 64 68} + 0.2*{ 68 71} + 0.2*{ 65 70} + 0.2*{147149} + 0.2*{ 66 69} + 0.2*{ 65 67} + 0.2*{ 67 69} + 0.2*{146152} + 0.2*{ 69 70} + 0.2*{148152} + 0.2*{146151} + 0.2*{144148} + 0.2*{ 66 71} + 0.2*{ 66 67} + 0.2*{149152} + 0.2*{ 64 67} + 0.0632456*{ 63} + 0.0632456*{ 67} + 0.2*{ 63 65} + 0.2*{147150} + 0.2*{ 64 71} + 0.2*{149151} + 0.0632456*{ 68} + 0.2*{ 64 69} + 0.2*{145150} + 0.2*{146149} + 0.2*{148149} + 0.2*{ 65 71} + 0.2*{ 66 68} + 0.2*{146148} + 0.2*{ 63 66} + 0.0632456*{ 70} = 0 

-0.1*{} + 1*{153153} + 1*{ 72 72} = 0 

1*{154154} + -0.1*{} + 1*{ 73 73} = 0 

-0.1*{} + 1*{155155} + 1*{ 74 74} = 0 

-0.1*{} + 1*{156156} + 1*{ 75 75} = 0 

-0.1*{} + 1*{157157} + 1*{ 76 76} = 0 

-0.1*{} + 1*{158158} + 1*{ 77 77} = 0 

-0.1*{} + 1*{159159} + 1*{ 78 78} = 0 

-0.1*{} + 1*{160160} + 1*{ 79 79} = 0 

-0.1*{} + 1*{161161} + 1*{ 80 80} = 0 

0.2*{ 76 80} + 0.2*{155161} + 0.2*{ 72 76} + 0.2*{153156} + 0.2*{158159} + 0.2*{ 73 78} + 0.2*{160161} + 0.2*{ 79 80} + 0.2*{155157} + 0.2*{ 74 76} + 0.2*{ 77 78} + 0.2*{ 72 77} + 0.2*{ 75 77} + 0.2*{ 74 75} + 0.2*{154157} + 0.2*{153158} + 0.2*{155159} + 0.2*{159160} + 0.0632456*{ 72} + 0.2*{ 74 78} + 0.2*{154156} + 0.2*{ 78 79} + 0.0632456*{ 73} + 0.2*{ 72 80} + 0.2*{156160} + 0.0632456*{ 77} + 0.0632456*{ 79} + 0.2*{153157} + 0.2*{154160} + 0.2*{ 73 76} + 0.2*{156159} + 0.2*{153155} + 0.2*{ 73 79} + 0.2*{ 76 77} + 0.2*{ 73 77} + 0.2*{155160} + 0.2*{ 78 80} + 0.2*{158160} + 0.2*{ 73 75} + 0.2*{ 77 80} + 0.0632456*{ 76} + 0.2*{ 73 74} + 0.2*{156161} + 0.2*{156157} + 0.2*{153160} + 0.2*{157160} + 0.2*{ 73 80} + 0.2*{154158} + 0.2*{ 76 79} + 0.2*{157158} + 0.2*{ 74 80} + 0.2*{ 77 79} + 0.2*{157161} + 0.2*{ 75 76} + 0.2*{154161} + 0.2*{154155} + 0.2*{ 72 78} + 0.2*{ 74 77} + 0.2*{ 72 79} + 0.2*{ 75 80} + 0.0632456*{ 78} + 0.2*{ 74 79} + 0.0632456*{ 74} + 0.2*{ 75 78} + 0.2*{156158} + 0.0632456*{ 80} + 0.2*{ 72 74} + 0.2*{154159} + 0.2*{155156} + 0.2*{155158} + 0.2*{157159} + 0.2*{ 76 78} + 0.2*{ 75 79} + 0.2*{158161} + 0.0632456*{ 75} + 0.2*{153159} + 0.2*{159161} + 0.2*{ 72 75} + 0.2*{153154} + 0.2*{ 72 73} + 0.2*{153161} = 0 

2048*{  3} + -1024*{ 92} + -64*{ 90} + -256*{ 91} + -128*{ 10} + 8*{  7} + 16*{ 87} + 32*{  0} + 8192*{  4} + 4096*{ 84} + 64*{ 81} + -8192*{ 13} + -4096*{ 93} + 32768*{  5} + -16*{ 96} + -32768*{ 14} + 4*{ 88} + 16384*{ 85} + 128*{  1} + -4*{ 97} + -512*{ 11} + 65536*{ 86} + 2*{  8} + -32*{  9} + 256*{ 82} + 512*{  2} + -2048*{ 12} + -131072*{ 15} + -16384*{ 94} + -1*{ 98} + 1024*{ 83} + 1*{ 89} + 131072*{  6} + -2*{ 17} + -8*{ 16} + -65536*{ 95} > 0 

2*{ 17} + -64*{ 99} + 16*{ 96} + 4*{ 97} + -32*{ 18} + 8192*{ 13} + -65536*{104} + -32768*{ 23} + -2048*{ 21} + -128*{ 19} + -16*{105} + 2048*{ 12} + 32*{  9} + 131072*{ 15} + 8*{ 16} + -131072*{ 24} + 65536*{ 95} + -4*{106} + -1*{107} + 64*{ 90} + 16384*{ 94} + 1*{ 98} + -8192*{ 22} + -2*{ 26} + -16384*{103} + 4096*{ 93} + 1024*{ 92} + 128*{ 10} + 256*{ 91} + -4096*{102} + -256*{100} + -1024*{101} + -512*{ 20} + 512*{ 11} + 32768*{ 14} + -8*{ 25} > 0 

-512*{ 29} + 16384*{103} + -1024*{110} + 4096*{102} + 32*{ 18} + 64*{ 99} + -32768*{ 32} + 65536*{104} + -4*{115} + -65536*{113} + -4096*{111} + 128*{ 19} + 16*{105} + -1*{116} + -16384*{112} + -32*{ 27} + -256*{109} + -128*{ 28} + 131072*{ 24} + -2048*{ 30} + 256*{100} + 1024*{101} + -8192*{ 31} + 8192*{ 22} + 2048*{ 21} + -131072*{ 33} + 32768*{ 23} + -64*{108} + -16*{114} + 512*{ 20} + -2*{ 35} + 2*{ 26} + -8*{ 34} + 8*{ 25} + 4*{106} + 1*{107} > 0 

256*{118} + -1*{134} + -32768*{ 50} + 16384*{121} + 1024*{119} + 1*{125} + 128*{ 37} + 512*{ 38} + -16*{132} + -32*{ 45} + -8*{ 52} + -1024*{128} + 2*{ 44} + 16*{123} + -2048*{ 48} + 65536*{122} + 4096*{120} + 8192*{ 40} + -65536*{131} + 2048*{ 39} + 32*{ 36} + -16384*{130} + -8192*{ 49} + -128*{ 46} + 131072*{ 42} + -131072*{ 51} + -2*{ 53} + 32768*{ 41} + -64*{126} + -512*{ 47} + 64*{117} + -4096*{129} + -4*{133} + -256*{127} + 4*{124} + 8*{ 43} > 0 

-1*{143} + -32*{ 54} + -16*{141} + 32*{ 45} + 128*{ 46} + -4*{142} + 16*{132} + -16384*{139} + 64*{126} + -8*{ 61} + -256*{136} + -512*{ 56} + 1*{134} + -8192*{ 58} + -65536*{140} + 2048*{ 48} + 1024*{128} + -64*{135} + -131072*{ 60} + 32768*{ 50} + 256*{127} + -2048*{ 57} + 16384*{130} + 8192*{ 49} + 131072*{ 51} + 2*{ 53} + -32768*{ 59} + 512*{ 47} + -1024*{137} + 8*{ 52} + -4096*{138} + 65536*{131} + -128*{ 55} + 4096*{129} + 4*{133} + -2*{ 62} > 0 

-8192*{ 67} + -4*{151} + -128*{ 64} + 8*{ 61} + -64*{144} + 1*{143} + -1024*{146} + 16384*{139} + 256*{136} + 512*{ 56} + 8192*{ 58} + -2*{ 71} + -131072*{ 69} + 4096*{138} + -16*{150} + 2*{ 62} + -2048*{ 66} + -512*{ 65} + -4096*{147} + -8*{ 70} + -32*{ 63} + -1*{152} + 64*{135} + 131072*{ 60} + 32768*{ 59} + -256*{145} + 2048*{ 57} + 1024*{137} + -32768*{ 68} + 32*{ 54} + 128*{ 55} + 65536*{140} + -16384*{148} + 4*{142} + -65536*{149} + 16*{141} > 0 

-4096*{156} + -65536*{158} + 16384*{148} + -256*{154} + -4*{160} + -2048*{ 75} + 4*{151} + 64*{144} + 32768*{ 68} + -128*{ 73} + 256*{145} + -64*{153} + 2048*{ 66} + -512*{ 74} + 8*{ 70} + 512*{ 65} + -1*{161} + 32*{ 63} + 1*{152} + -16384*{157} + 1024*{146} + -8*{ 79} + 8192*{ 67} + 2*{ 71} + -1024*{155} + 16*{150} + -32768*{ 77} + 65536*{149} + -32*{ 72} + 131072*{ 69} + -131072*{ 78} + -2*{ 80} + 4096*{147} + -16*{159} + 128*{ 64} + -8192*{ 76} > 0 

-8*{ 43} + 4096*{ 84} + 1024*{ 83} + 512*{  2} + 65536*{ 86} + 64*{ 81} + 8*{  7} + -4096*{120} + 128*{  1} + 8192*{  4} + -131072*{ 42} + 16*{ 87} + -16*{123} + -2*{ 44} + 32*{  0} + 32768*{  5} + -16384*{121} + -1*{125} + -1024*{119} + 4*{ 88} + -64*{117} + -32*{ 36} + -2048*{ 39} + -4*{124} + 16384*{ 85} + 1*{ 89} + 131072*{  6} + -128*{ 37} + -256*{118} + -32768*{ 41} + -65536*{122} + -512*{ 38} + 2048*{  3} + -8192*{ 40} + 2*{  8} + 256*{ 82} > 0 

-16384*{118} + 128*{  9} + -1*{154} + -16*{136} + -512*{ 19} + 1024*{ 99} + -131072*{ 55} + 1*{153} + -32*{  1} + -128*{ 10} + -256*{ 91} + -8192*{ 37} + -8*{ 64} + 256*{ 90} + 8*{ 63} + -4096*{109} + 2048*{ 27} + 16384*{117} + -2048*{ 28} + 4096*{108} + 64*{ 81} + -65536*{127} + 32*{  0} + -32768*{ 46} + 32768*{ 45} + 8192*{ 36} + 2*{ 72} + 65536*{126} + -1024*{100} + 16*{135} + 512*{ 18} + -64*{ 82} + 131072*{ 54} + 4*{144} + -2*{ 73} + -4*{145} > 0 

256*{ 91} + 128*{ 10} + 1*{154} + -16*{137} + 131072*{ 55} + -4*{146} + 16*{136} + 16384*{118} + 64*{ 82} + 512*{ 19} + -2*{ 74} + -512*{ 20} + -32*{  2} + 32*{  1} + -16384*{119} + -128*{ 11} + -4096*{110} + -64*{ 83} + 65536*{127} + -8*{ 65} + -65536*{128} + -256*{ 92} + -131072*{ 56} + -2048*{ 29} + 4096*{109} + 4*{145} + 2*{ 73} + -32768*{ 47} + 8192*{ 37} + 8*{ 64} + -1*{155} + 2048*{ 28} + -1024*{101} + 1024*{100} + 32768*{ 46} + -8192*{ 38} > 0 

1*{155} + 2*{ 74} + 16384*{119} + 128*{ 11} + 512*{ 20} + -2*{ 75} + -1*{156} + -256*{ 93} + -2048*{ 30} + -4096*{111} + 8*{ 65} + 65536*{128} + -4*{147} + -32*{  3} + 8192*{ 38} + -32768*{ 48} + 1024*{101} + -65536*{129} + -1024*{102} + -64*{ 84} + -128*{ 12} + 32*{  2} + -131072*{ 57} + 4096*{110} + -16*{138} + 4*{146} + -512*{ 21} + -16384*{120} + 131072*{ 56} + 2048*{ 29} + 32768*{ 47} + 16*{137} + -8*{ 66} + 256*{ 92} + 64*{ 83} + -8192*{ 39} > 0 

-8*{ 67} + 1024*{102} + -4096*{112} + 16384*{120} + -128*{ 13} + -512*{ 22} + -32768*{ 49} + 131072*{ 57} + 128*{ 12} + 8192*{ 39} + -65536*{130} + -4*{148} + 32*{  3} + 4*{147} + 32768*{ 48} + 2048*{ 30} + -16*{139} + -256*{ 94} + -1*{157} + 16*{138} + 512*{ 21} + -32*{  4} + -1024*{103} + -2*{ 76} + -64*{ 85} + 1*{156} + 64*{ 84} + 8*{ 66} + 65536*{129} + -8192*{ 40} + -2048*{ 31} + 256*{ 93} + -16384*{121} + 2*{ 75} + -131072*{ 58} + 4096*{111} > 0 

16*{139} + -64*{ 86} + 64*{ 85} + -16*{140} + 8*{ 67} + -65536*{131} + -4*{149} + -131072*{ 59} + 4*{148} + 32768*{ 49} + 65536*{130} + -256*{ 95} + -2*{ 77} + 128*{ 13} + -512*{ 23} + -128*{ 14} + -2048*{ 32} + -32*{  5} + 16384*{121} + -8192*{ 41} + 32*{  4} + 2*{ 76} + 1024*{103} + 4096*{112} + -16384*{122} + 1*{157} + 256*{ 94} + -4096*{113} + 131072*{ 58} + -8*{ 68} + 2048*{ 31} + -1*{158} + 8192*{ 40} + -1024*{104} + 512*{ 22} + -32768*{ 50} > 0 

131072*{ 59} + 32768*{ 50} + 1*{158} + 16384*{122} + 1024*{104} + -1*{159} + -65536*{132} + -128*{ 15} + 4096*{113} + -8*{ 69} + 64*{ 86} + -131072*{ 60} + 8*{ 68} + -4*{150} + -256*{ 96} + -16*{141} + 4*{149} + 256*{ 95} + -512*{ 24} + 8192*{ 41} + -1024*{105} + -8192*{ 42} + -32*{  6} + -4096*{114} + 2*{ 77} + -2*{ 78} + -32768*{ 51} + 32*{  5} + 2048*{ 32} + 65536*{131} + -16384*{123} + 16*{140} + 128*{ 14} + 512*{ 23} + -2048*{ 33} + -64*{ 87} > 0 

-16384*{124} + 4096*{114} + 2*{ 78} + -8192*{ 43} + -131072*{ 61} + -2048*{ 34} + -16*{142} + 65536*{132} + 256*{ 96} + 131072*{ 60} + -8*{ 70} + -512*{ 25} + 32768*{ 51} + 1*{159} + -4096*{115} + 4*{150} + -1024*{106} + 8*{ 69} + -32768*{ 52} + -32*{  7} + -4*{151} + -256*{ 97} + 16384*{123} + -1*{160} + 32*{  6} + 1024*{105} + -2*{ 79} + 8192*{ 42} + -128*{ 16} + 512*{ 24} + -64*{ 88} + 128*{ 15} + 16*{141} + 64*{ 87} + 2048*{ 33} + -65536*{133} > 0 

512*{ 25} + -128*{ 17} + 128*{ 16} + -1*{161} + 16384*{124} + 8192*{ 43} + 131072*{ 61} + 2*{ 79} + -4*{152} + -16384*{125} + 64*{ 88} + 32*{  7} + 4096*{115} + -65536*{134} + -8*{ 71} + -2048*{ 35} + -32*{  8} + -16*{143} + -4096*{116} + 2048*{ 34} + -512*{ 26} + 65536*{133} + -131072*{ 62} + -1024*{107} + 1024*{106} + 32768*{ 52} + -64*{ 89} + 16*{142} + -32768*{ 53} + 8*{ 70} + -256*{ 98} + -2*{ 80} + 1*{160} + -8192*{ 44} + 256*{ 97} + 4*{151} > 0 

1*{159} > 0 

{10, 5, 5, 5} vars: 202, vectors: 20
1 5.199014e+00 5.199014e+00 -2.139871e-01 6.653875e-15
2 8.432719e+01 5.199014e+00 -1.599126e-01 5.313149e-14
3 1.508152e+02 5.199014e+00 -1.192076e-01 3.461238e-14
4 5.534431e+02 5.199014e+00 -7.296118e-02 8.580284e-13
5 1.842902e+07 5.199014e+00 -5.651725e-02 2.075661e-10
6 6.660098e+06 5.199014e+00 -4.379417e-02 9.363984e-10
7 2.402733e+06 5.199014e+00 -3.391102e-02 2.474006e-11
8 2.637240e+06 5.199014e+00 -2.625527e-02 4.660607e-10
9 9.518054e+05 5.199014e+00 -2.032890e-02 3.492917e-10
10 3.432412e+05 5.199014e+00 -1.573839e-02 5.822518e-11
11 1.237634e+05 5.199014e+00 -1.217981e-02 8.691840e-13
12 4.461615e+04 5.199014e+00 -9.510204e-03 1.455362e-11
13 4.443785e+05 5.199014e+00 -7.338475e-03 8.125989e-13
14 2.804919e+05 5.199014e+00 -5.668986e-03 4.963250e-13
15 1.462872e+05 5.199014e+00 -4.389668e-03 3.517323e-13
16 5.275254e+04 5.199014e+00 -3.413344e-03 1.135629e-13
17 4.496853e+05 5.199014e+00 -2.635303e-03 3.975113e-13
18 1.658697e+05 5.199014e+00 -2.014686e-03 5.820776e-11
19 2.918028e+06 5.199014e+00 -1.560359e-03 4.656675e-10
20 1.058787e+06 5.199014e+00 -1.210406e-03 4.656621e-10
21 1.382601e+07 5.199014e+00 -9.373571e-04 7.608892e-12
22 4.987517e+06 5.199014e+00 -7.257659e-04 1.521164e-12
23 1.799277e+06 5.199014e+00 -5.620004e-04 2.328438e-10
24 6.488130e+05 5.199014e+00 -4.350799e-04 6.996571e-13
25 2.339028e+05 5.199014e+00 -3.367015e-04 5.821519e-11
26 8.436801e+04 5.199014e+00 -2.603890e-04 1.455258e-11
27 3.123516e+04 5.199014e+00 -2.014066e-04 3.639533e-12
28 1.126372e+04 5.199014e+00 -1.552338e-04 1.819640e-12
29 9.766505e+03 5.199014e+00 -1.197759e-04 3.637979e-12
30 3.520133e+03 5.199014e+00 -9.208783e-05 4.547474e-13
31 1.267245e+03 5.199014e+00 -7.128995e-05 7.753016e-17
32 5.082827e+02 5.199014e+00 -5.460315e-05 5.684343e-14
33 1.839784e+02 5.199014e+00 -4.148576e-05 2.110589e-17
34 6.673278e+01 5.199014e+00 -3.174392e-05 1.421086e-14
35 3.180126e+01 5.199014e+00 -2.456830e-05 3.552716e-15
36 8.593092e+01 5.199014e+00 -4.312621e-06 1.165573e-12
37 1.134494e+11 5.199014e+00 -2.744777e-06 1.525879e-05
38 5.681479e+10 5.199014e+00 -2.038029e-06 1.843649e-10
39 1.710159e+12 5.199014e+00 -1.492285e-06 7.324219e-04
40 2.060242e+15 5.199014e+00 -1.153510e-06 2.351574e-09
41 7.433373e+14 5.199014e+00 -8.891781e-07 1.250000e-01
42 2.689960e+14 5.199014e+00 -6.799367e-07 3.125000e-02
43 9.736628e+13 5.199014e+00 -5.093135e-07 1.525706e-10
44 4.533423e+13 5.199014e+00 -3.702717e-07 5.033579e-11
45 2.310470e+13 5.199014e+00 -2.368888e-07 3.906250e-03
46 1.044954e+13 5.199014e+00 6.255336e-08 1.953125e-03
47 5.631938e+15 5.199014e+00 4.874388e-08 1.000000e+00
48 2.705276e+18 5.199014e+00 3.785456e-08 5.120000e+02
49 9.759685e+17 5.199014e+00 2.947132e-08 1.280000e+02
50 3.519683e+17 5.199014e+00 2.310144e-08 6.400000e+01
51 2.188233e+17 5.199014e+00 1.832119e-08 3.200000e+01
52 8.853160e+16 5.199014e+00 1.517669e-08 1.600000e+01
53 6.945831e+16 5.199014e+00 1.276852e-08 8.000000e+00
54 2.510285e+16 5.199014e+00 1.168697e-08 4.000000e+00
55 9.154931e+15 5.199014e+00 1.226278e-08 2.000000e+00
56 3.381319e+15 5.199014e+00 1.544357e-08 1.000000e+00
57 1.259105e+15 5.199014e+00 2.308913e-08 3.902918e-11
58 4.651165e+14 5.199014e+00 3.784944e-08 6.250000e-02
59 1.696775e+14 5.199014e+00 6.376208e-08 6.250000e-02
60 6.157171e+13 5.199014e+00 1.078898e-07 7.812500e-03
61 2.229555e+13 5.199014e+00 1.822460e-07 3.906250e-03
62 8.063936e+12 5.199014e+00 3.069612e-07 1.953125e-03
63 2.914625e+12 5.199014e+00 5.157396e-07 4.882813e-04
64 1.053115e+12 5.199014e+00 8.651088e-07 1.220703e-04
65 3.804841e+11 5.199014e+00 1.450047e-06 4.761646e-12
66 1.374791e+11 5.199014e+00 2.430349e-06 5.923829e-12
67 4.968431e+10 5.199014e+00 4.075212e-06 2.279723e-12
68 1.796031e+10 5.199014e+00 6.838881e-06 1.144409e-05
69 6.494387e+09 5.199014e+00 5.300114e-06 2.861023e-06
70 2.342848e+09 5.199014e+00 4.107564e-06 4.391824e-13
71 8.451803e+08 5.199014e+00 3.183330e-06 1.192093e-07
72 3.048974e+08 5.199014e+00 2.467040e-06 6.591085e-14
73 1.099908e+08 5.199014e+00 1.911906e-06 2.639586e-14
74 3.967863e+07 5.199014e+00 1.481663e-06 7.450581e-09
75 1.431373e+07 5.199014e+00 1.148208e-06 3.725290e-09
76 5.163472e+06 5.199014e+00 8.897574e-07 9.313226e-10
77 1.862599e+06 5.199014e+00 6.894291e-07 2.328306e-10
78 6.718582e+05 5.199014e+00 5.341371e-07 2.328306e-10
79 2.423283e+05 5.199014e+00 4.137378e-07 5.820766e-11
80 8.739332e+04 5.199014e+00 3.203669e-07 2.910383e-11
81 3.151124e+04 5.199014e+00 2.479262e-07 3.637979e-12
82 1.135820e+04 5.199014e+00 1.916855e-07 2.583952e-18
83 4.091830e+03 5.199014e+00 1.479747e-07 4.547474e-13
84 1.472788e+03 5.199014e+00 1.139454e-07 4.547474e-13
85 5.293422e+02 5.199014e+00 8.738744e-08 1.136868e-13
86 1.898133e+02 5.199014e+00 6.659198e-08 3.989367e-20
87 6.781728e+01 5.199014e+00 5.025150e-08 2.842171e-14
88 2.409833e+01 5.199014e+00 3.739166e-08 7.105427e-15
89 8.498371e+00 5.199014e+00 2.732018e-08 2.992590e-21
90 2.969195e+00 2.969195e+00 1.955545e-08 8.881784e-16
91 1.028971e+00 1.028971e+00 1.380563e-08 1.624917e-22
92 3.550438e-01 3.550438e-01 9.889311e-09 2.220446e-16
93 1.245574e-01 1.245574e-01 7.507845e-09 2.775558e-17
94 4.621215e-02 4.621215e-02 5.682766e-09 6.938894e-18
95 2.198307e-01 4.621215e-02 4.195177e-09 5.551115e-17
96 1.330709e+00 4.621215e-02 3.144290e-09 2.037399e-22
97 5.779816e+00 4.621215e-02 2.268807e-09 8.239037e-23
98 4.855243e+00 4.621215e-02 1.599577e-09 2.336751e-22
99 3.251438e+00 4.621215e-02 1.516528e-09 7.722117e-23
100 2.090234e+04 4.621215e-02 1.160335e-09 3.637979e-12
101 3.332439e+05 4.621215e-02 8.993443e-10 5.820766e-11
102 1.205572e+05 4.621215e-02 6.969694e-10 1.135929e-19
103 4.351082e+04 4.621215e-02 5.422040e-10 4.932750e-20
104 6.965108e+06 4.621215e-02 4.081648e-10 9.067417e-19
105 6.987169e+11 4.621215e-02 6.764584e-08 1.220703e-04
106 2.521168e+11 4.621215e-02 1.646609e-07 6.103516e-05
107 9.100401e+10 4.621215e-02 3.151036e-07 1.293292e-10
108 3.287988e+10 4.621215e-02 5.591330e-07 3.814697e-06
109 1.190758e+10 4.621215e-02 9.693882e-07 1.907349e-06
110 4.336151e+09 4.621215e-02 7.512692e-07 3.709490e-13
111 1.564386e+09 4.621215e-02 5.822278e-07 2.384186e-07
112 5.643711e+08 4.621215e-02 4.512229e-07 5.390207e-14
113 2.035988e+08 4.621215e-02 3.496957e-07 1.919919e-14
114 7.344867e+07 4.621215e-02 2.710107e-07 6.638742e-15
115 2.650566e+07 4.621215e-02 2.100217e-07 3.725290e-09
116 9.563172e+06 4.621215e-02 1.627529e-07 9.549674e-16
117 3.452355e+06 4.621215e-02 1.261275e-07 3.823496e-16
118 1.245409e+06 4.621215e-02 9.775260e-08 2.328306e-10
119 4.495378e+05 4.621215e-02 7.571176e-08 5.820766e-11
120 1.968219e+05 4.621215e-02 5.863330e-08 2.910383e-11
121 7.130343e+04 4.621215e-02 4.538544e-08 3.878878e-18
122 2.578845e+04 4.621215e-02 3.515453e-08 9.444429e-19
123 9.324008e+03 4.621215e-02 2.720377e-08 3.338209e-19
124 3.369874e+03 4.621215e-02 2.101900e-08 4.547474e-13
125 1.231159e+03 4.621215e-02 1.624663e-08 2.273737e-13
126 4.455870e+02 4.621215e-02 1.253518e-08 5.684342e-14
127 1.622660e+02 4.621215e-02 9.569695e-09 2.842171e-14
128 7.596624e+01 4.621215e-02 7.318949e-09 2.966839e-21
129 2.871836e+01 4.621215e-02 5.441022e-09 1.223675e-21
130 7.576962e+01 4.621215e-02 4.052396e-09 1.421085e-14
131 3.378798e+01 4.621215e-02 3.096212e-09 7.105427e-15
132 1.677805e+01 4.621215e-02 2.305746e-09 1.970960e-22
133 2.994530e+02 4.621215e-02 1.737645e-09 5.684342e-14
134 1.276184e+02 4.621215e-02 1.371704e-09 2.842171e-14
135 7.836169e+03 4.621215e-02 1.059468e-09 9.094947e-13
136 3.860815e+03 4.621215e-02 8.175642e-10 4.547474e-13
137 1.417758e+03 4.621215e-02 6.302546e-10 1.176215e-21
138 5.125790e+02 4.621215e-02 4.824324e-10 5.828063e-22
139 2.074219e+02 4.621215e-02 3.689868e-10 2.842171e-14
140 7.448537e+01 4.621215e-02 2.808590e-10 1.421085e-14
141 5.147798e+01 4.621215e-02 2.102297e-10 7.105427e-15
142 4.506004e+01 4.621215e-02 1.532195e-10 1.421085e-14
143 5.265921e+03 4.621215e-02 1.158349e-10 9.094947e-13
144 7.107608e+03 4.621215e-02 9.210756e-11 2.728484e-12
145 6.782343e+06 4.621215e-02 7.130094e-11 1.424002e-19
146 2.715367e+06 4.621215e-02 5.524836e-11 5.936853e-20
147 9.796332e+05 4.621215e-02 4.280940e-11 1.640876e-20
148 3.534181e+05 4.621215e-02 3.316385e-11 6.675970e-21
149 1.274697e+05 4.621215e-02 2.568863e-11 2.910383e-11
150 4.602762e+04 4.621215e-02 1.988946e-11 9.338219e-22
151 1.659709e+04 4.621215e-02 1.539761e-11 2.678979e-22
152 5.984722e+03 4.621215e-02 1.191065e-11 9.094947e-13
153 2.189603e+03 4.621215e-02 9.192320e-12 4.547474e-13
154 8.287426e+02 4.621215e-02 7.092147e-12 1.754719e-23
155 2.993289e+02 4.621215e-02 5.475667e-12 4.290484e-24
156 1.131740e+02 4.621215e-02 4.201469e-12 1.421085e-14
157 4.067143e+01 4.621215e-02 3.224448e-12 1.112786e-24
158 1.481257e+01 4.621215e-02 2.463968e-12 5.217563e-25
159 5.385321e+00 4.621215e-02 1.888570e-12 1.487737e-25
160 3.108863e+00 4.621215e-02 1.426483e-12 8.881784e-16
161 1.491132e+04 4.621215e-02 1.088540e-12 3.637979e-12
162 2.022625e+04 4.621215e-02 8.423747e-13 1.839928e-23
163 7.295832e+03 4.621215e-02 6.564738e-13 7.462028e-24
164 2.663491e+04 4.621215e-02 5.069620e-13 1.455192e-11
165 9.676362e+03 4.621215e-02 3.932152e-13 1.818989e-12
166 7.106707e+03 4.621215e-02 3.030667e-13 9.094947e-13
167 2.579646e+03 4.621215e-02 2.339670e-13 9.094947e-13
168 9.452764e+02 4.621215e-02 1.809139e-13 1.136868e-13
169 3.454354e+02 4.621215e-02 1.403205e-13 6.016461e-26
170 1.237051e+02 4.621215e-02 1.099902e-13 1.421085e-14
171 4.418527e+01 4.621215e-02 8.822449e-14 7.105427e-15
172 1.573724e+01 4.621215e-02 7.030309e-14 7.105427e-15
173 3.320666e+03 4.621215e-02 5.683765e-14 9.094947e-13
174 1.878224e+07 4.621215e-02 4.404400e-14 8.031944e-23
175 6.775338e+06 4.621215e-02 3.412712e-14 4.810130e-23
176 2.444127e+06 4.621215e-02 2.646050e-14 9.376030e-24
177 9.077059e+05 4.621215e-02 2.056686e-14 6.090977e-24
178 5.547772e+06 4.621215e-02 1.592942e-14 9.313226e-10
179 2.005320e+06 4.621215e-02 1.234511e-14 6.984919e-10
180 7.230638e+05 4.621215e-02 9.579851e-15 1.164153e-10
181 2.746179e+05 4.621215e-02 7.458085e-15 5.732148e-25
182 1.035985e+05 4.621215e-02 5.860463e-15 1.245432e-25
183 3.736100e+04 4.621215e-02 4.681422e-15 4.338811e-26
184 1.346136e+04 4.621215e-02 3.873108e-15 2.015222e-26
185 4.849317e+03 4.621215e-02 3.414514e-15 9.094947e-13
186 1.744668e+03 4.621215e-02 3.365935e-15 2.273737e-13
187 6.120044e+02 4.621215e-02 4.013187e-15 2.273854e-27
188 2.254317e+02 4.621215e-02 5.685648e-15 2.842171e-14
189 8.278414e+01 4.621215e-02 8.969968e-15 2.231811e-27
190 2.996769e+01 4.621215e-02 1.456708e-14 7.105427e-15
191 1.070926e+01 4.621215e-02 2.343969e-14 3.552714e-15
192 3.793335e+00 4.621215e-02 3.712387e-14 4.440892e-16
193 1.340767e+00 4.621215e-02 5.916628e-14 2.220446e-16
194 4.829453e-01 4.621215e-02 1.031431e-13 1.110223e-16
195 1.879344e-01 4.621215e-02 2.461903e-13 6.451226e-28
196 8.757653e-02 4.621215e-02 7.387703e-13 2.791335e-27
197 5.909105e-02 4.621215e-02 9.603172e-13 1.981743e-27
198 2.884390e-02 2.884390e-02 2.590520e-12 6.938894e-18
199 2.101677e-02 2.101677e-02 1.726247e-12 3.469447e-18
200 2.546012e-01 2.101677e-02 1.130866e-12 9.337529e-27
201 3.761905e-01 2.101677e-02 7.365491e-13 1.110223e-16
202 1.589355e-01 2.101677e-02 5.027263e-13 2.775558e-17
203 5.284757e-02 2.101677e-02 3.967504e-13 3.205467e-26
204 1.871536e-02 1.871536e-02 4.310305e-13 6.357424e-27
205 7.672595e-03 7.672595e-03 9.522778e-13 8.673617e-19
206 3.763108e-03 3.763108e-03 2.283992e-12 8.673617e-19
207 1.912770e-03 1.912770e-03 3.317787e-12 2.168404e-19
208 8.263654e-04 8.263654e-04 5.015973e-12 1.084202e-19
209 2.952056e-04 2.952056e-04 6.321464e-12 5.421011e-20
210 1.053092e-04 1.053092e-04 7.751914e-12 1.355253e-20
211 3.366801e-05 3.366801e-05 8.903357e-12 1.355253e-20
212 1.069477e-05 1.069477e-05 1.001632e-11 2.422310e-27
213 3.356985e-06 3.356985e-06 1.131527e-11 1.270549e-21
214 1.054787e-06 1.054787e-06 1.300634e-11 4.235165e-22
215 3.319471e-07 3.319471e-07 1.514808e-11 4.942615e-28
216 1.040463e-07 1.040463e-07 1.752896e-11 2.646978e-23
217 3.228317e-08 3.228317e-08 1.975924e-11 3.622560e-28
218 9.914736e-09 9.914736e-09 2.156765e-11 3.308722e-24
219 3.024630e-09 3.024630e-09 2.290195e-11 8.271806e-25
220 9.192496e-10 9.192496e-10 2.383205e-11 4.917278e-29
221 2.788165e-10 2.788165e-10 2.445854e-11 1.550964e-25
222 8.446931e-11 8.446931e-11 2.487058e-11 2.584941e-26
223 2.558400e-11 2.558400e-11 2.514482e-11 3.231192e-27
224 7.738091e-12 7.738091e-12 2.531475e-11 1.615594e-27
225 2.341555e-12 2.341555e-12 2.542374e-11 4.039447e-28
226 7.089704e-13 7.089704e-13 2.551026e-11 1.009950e-28
x: -1.298961e-01 -2.882114e-01 -2.133000e-01  7.411665e-02 -3.107087e-01 -2.930241e-01  1.029848e-02  1.931067e-01 -2.929409e-01  2.841328e-01 -2.869464e-01  9.024454e-02  1.169284e-01 -3.161706e-01  7.432311e-02  1.785413e-01 -1.703887e-01  1.143058e-01  1.062619e-01 -7.106253e-02 -2.001219e-01 -9.776910e-02  2.388217e-01  1.209507e-01 -2.448955e-02  2.655544e-01  1.609513e-01 -2.561027e-01 -1.726900e-01  2.936948e-01 -1.344215e-02  1.554528e-01  1.992800e-01 -7.995206e-02  6.280990e-02 -2.298149e-01  8.301981e-02 -3.098681e-01  2.877685e-02 -2.900596e-01 -3.153278e-01  9.861773e-02 -2.955350e-01  1.952383e-01 -1.652928e-01  5.463358e-02 -1.005542e-01  2.961350e-01  2.040862e-01  3.108140e-01  2.823781e-01 -2.084994e-01  2.606188e-02 -2.168852e-01  1.292615e-01  2.046499e-01  2.464212e-01  1.518671e-01 -2.673147e-01 -2.065902e-01  1.782355e-01  2.058234e-01 -4.442293e-02 -2.318463e-01  2.245656e-01 -2.233550e-01  2.659110e-01 -8.729095e-02  2.958153e-01  2.712960e-01  1.307575e-01 -1.043312e-01 -2.838893e-01 -5.890403e-02 -3.104042e-01  4.180938e-02 -1.585190e-01 -1.273246e-01 -2.275581e-01  1.888300e-01 -1.911574e-01 -2.883176e-01  1.301314e-01  2.334591e-01 -3.074195e-01 -5.882260e-02 -1.188984e-01 -3.160601e-01  2.504192e-01  1.191033e-01 -1.388114e-01 -1.328977e-01  3.030774e-01  2.938158e-01 -6.013715e-03  3.073696e-01  2.610038e-01 -2.663978e-01  2.948460e-01 -2.978396e-01  3.081398e-01 -2.448494e-01 -3.007345e-01 -2.072781e-01  2.921830e-01  3.152780e-01 -1.717001e-01 -2.722034e-01  1.855032e-01  2.649115e-01 -1.172320e-01  3.159420e-01 -2.753805e-01 -2.455351e-01  3.059537e-01  3.099273e-01  2.172214e-01  3.051355e-01 -6.310122e-02 -3.149158e-01 -1.259583e-01  2.383930e-02  3.004572e-01  1.125126e-01  2.487610e-01  2.695891e-01 -3.114725e-01  2.998147e-01  1.109239e-01 -2.415551e-01  5.826320e-02  1.423467e-01 -2.377563e-01 -3.151521e-01  2.301321e-01 -2.886026e-01  2.410777e-01 -1.981834e-01 -2.773741e-01  1.689463e-01 -2.394170e-01  2.612126e-01  2.400765e-01 -3.130921e-01 -2.150517e-01 -2.226439e-01  2.238583e-01  1.711472e-01 -3.039412e-01  1.117734e-01  1.624762e-01  2.879280e-01  2.985214e-01  1.393082e-01  3.106935e-01 -6.040894e-02  3.134518e-01 -2.736269e-01 -2.894624e-01 -2.195844e-01 -2.536598e-01 -2.519105e-01  1.937755e-01 -2.499021e-01  1.932045e-01 -2.503438e-01  2.934914e-01  1.177404e-01  2.253639e-01  2.218358e-01  3.160331e-01  1.109436e-02  1.516559e-01  2.774896e-01  1.504180e-01 -2.781625e-01 -1.174001e-01 -2.936276e-01  3.119171e-01  5.203659e-02 -1.790597e-01  2.606484e-01  1.294285e-01  2.885277e-01  2.958987e-01  1.115522e-01  3.029149e-01  9.078851e-02  9.676903e-03 -3.160797e-01  9.354881e-02 -3.020738e-01  3.158667e-01  1.510664e-02  1.212437e-01  2.920616e-01  7.255090e-02 -3.077928e-01  2.963061e-01 -1.104656e-01  2.752888e-01 -1.556151e-01  2.551026e-11
grad:  1.536877e-19  6.094975e-20 -3.546855e-20 -9.737409e-20  1.368713e-20  5.269685e-20 -1.164841e-19 -1.473229e-19  7.002434e-20 -7.914292e-20  1.768560e-20  4.403191e-20  3.404530e-19 -1.711025e-20  2.982047e-19 -1.544433e-19  6.907636e-20 -1.306100e-19  1.490733e-19 -6.475370e-20  9.382427e-20 -1.548616e-19 -8.901679e-20 -5.944274e-22 -3.501985e-20  7.405750e-20  1.809139e-21  9.807353e-20 -1.009530e-19  1.296737e-20 -2.589182e-19 -1.302416e-20  4.438712e-20 -3.561559e-20 -1.221437e-19 -4.029262e-20 -1.638626e-19  2.957270e-20 -3.156014e-19  2.330804e-21  2.962436e-20  9.627489e-20 -8.480546e-20 -1.747179e-21  7.505162e-21 -1.028928e-19  2.725223e-19 -2.312947e-20 -5.276225e-19  5.143462e-20  1.539890e-19 -1.799021e-19 -1.827542e-19  3.556195e-19  4.001444e-19 -1.775516e-19 -9.812482e-20 -5.910998e-20  1.017836e-19  2.130899e-19  5.507247e-20 -1.207284e-19 -2.870935e-19  1.533933e-20  9.330793e-21  1.444354e-20  1.384941e-19 -1.193344e-19  1.122901e-19 -5.315336e-20  7.345621e-20  1.505296e-20 -1.427623e-21 -1.618241e-19  2.634129e-20  2.892246e-19  9.822812e-20 -1.033422e-20  1.218872e-19 -2.994112e-20  1.542890e-20 -7.217277e-20  1.329098e-19 -2.522918e-20 -2.552570e-20 -7.311494e-20 -1.171925e-19 -8.726781e-21  1.095552e-19  1.654726e-19 -1.922771e-19 -7.203944e-20 -1.617358e-20 -1.384539e-19  3.848828e-19 -7.988427e-20  9.375625e-20 -7.029269e-20  3.853960e-20  4.403431e-20 -1.577902e-20 -8.758683e-20  3.752971e-20 -1.052438e-19 -3.445811e-21 -1.497515e-20  9.182268e-20 -6.454712e-21  1.506937e-19 -7.797832e-20  4.081629e-20  4.772766e-21 -9.394710e-21  3.382726e-20 -1.389097e-20  3.024893e-20 -3.039929e-20  2.770182e-20 -1.194801e-19 -5.485092e-20 -7.058128e-20  1.321303e-19 -2.965964e-20 -2.180748e-19  7.538385e-24  2.429842e-21  3.518822e-22  9.312040e-20  1.002562e-19 -4.811090e-19 -3.569780e-19 -3.338821e-19  1.407260e-19 -2.853645e-20  3.265730e-19  1.842096e-19  1.526845e-19 -1.395134e-19 -4.036579e-20  1.455541e-19 -1.837668e-19 -5.382029e-20  9.681511e-20  2.714601e-20  5.654039e-21  3.692868e-21  2.902534e-20 -1.915511e-19  5.261725e-20 -3.130867e-19  1.186443e-19 -1.953883e-20  7.768876e-21 -6.213663e-20  2.707549e-22 -1.630554e-19 -3.017030e-20 -3.849515e-20  1.025463e-21 -1.162572e-19 -4.269506e-20 -3.674361e-20  1.213242e-19  9.499303e-20 -2.840865e-20 -2.198864e-20 -2.368410e-20  7.164812e-20  5.477321e-20 -6.051400e-20 -1.130036e-20  2.063810e-19 -2.282952e-19  1.179745e-19  9.251355e-20  6.266122e-20  8.987529e-20 -2.532215e-20  1.161313e-20  4.373579e-20 -1.288672e-19 -9.480893e-20  1.362606e-19 -6.338960e-20  8.143223e-20 -2.530695e-19 -2.016277e-21 -1.338575e-20 -9.014210e-20 -6.989277e-21  4.201140e-20  2.969827e-20 -2.538767e-21  4.545972e-20 -3.111636e-21  3.930743e-21 -3.450938e-20 -1.384722e-20 -7.907243e-20 -1.612403e-19 -6.880010e-20 -9.750297e-20  7.089704e-13
finished in 226 iterations (1.54 seconds total)
max viol = 1.08336e-07
