---------------------
Basis Indices:
---------------------

{-, -, -, -, -, -, -, -, -, -}, {-, -, -, -, -, -, -, -, -, -}, {-, -, -, -, -, -, -, -, -, -}, {-, -, -, -, -, -, -, -, -, -}, {-, -, -, -, -, -, -, -, -, -}, {-, -, -, -, -, -, -, -, -, -}, {-, -, -, -, -, -, -, -, -, -}, {-, -, -, -, -, -, -, -, -, -}, {-, -, -, -, -, -, -, -, -, -}, {-, -, -, -, -, -, -, -, -, -}


{-, -, -, -, -, -, -, -, -, -}, {-, 111+i311, 112+i312, 113+i313, 114+i314, 115+i315, 116+i316, 117+i317, 118+i318, 119+i319}, {-, 121+i321, 122+i322, 123+i323, 124+i324, 125+i325, 126+i326, 127+i327, 128+i328, 129+i329}, {-, 131+i331, 132+i332, 133+i333, 134+i334, 135+i335, 136+i336, 137+i337, 138+i338, 139+i339}, {-, 141+i341, 142+i342, 143+i343, 144+i344, 145+i345, 146+i346, 147+i347, 148+i348, 149+i349}, {}, {}, {}, {}, {}

---------------------
Index Mapping: 
---------------------

{349: 71, 348: 70, 347: 69, 346: 68, 345: 67, 344: 66, 343: 65, 342: 64, 341: 63, 339: 62, 338: 61, 337: 60, 336: 59, 139: 26, 316: 41, 138: 25, 315: 40, 137: 24, 314: 39, 136: 23, 313: 38, 135: 22, 312: 37, 134: 21, 311: 36, 133: 20, 132: 19, 131: 18, 129: 17, 128: 16, 127: 15, 126: 14, 125: 13, 111: 0, 124: 12, 141: 27, 318: 43, 112: 1, 142: 28, 319: 44, 113: 2, 114: 3, 115: 4, 116: 5, 117: 6, 118: 7, 119: 8, 121: 9, 122: 10, 123: 11, 143: 29, 144: 30, 321: 45, 145: 31, 322: 46, 146: 32, 323: 47, 147: 33, 324: 48, 148: 34, 325: 49, 149: 35, 326: 50, 317: 42, 327: 51, 328: 52, 329: 53, 331: 54, 332: 55, 333: 56, 334: 57, 335: 58}

---------------------
Final Problem: 
---------------------
Find a point satisfying:

0.1*{} + 1*{4453} + 1*{4049} + 1*{ 312} + 1*{ 211} + 1*{ 817} + 1*{ 413} + 1*{ 0 9} + 1*{3746} + 1*{3948} + 1*{ 110} + 1*{ 514} + 1*{ 615} + 1*{3645} + 1*{3847} + 1*{4352} + 1*{ 716} + 1*{4251} + 1*{4150} = 0 

1*{ 449} + -1*{1643} + -1*{1037} + -1*{1138} + -1*{1441} + 1*{ 146} + -1*{1239} + -1*{ 936} + 1*{ 651} + -1*{1340} + 1*{ 752} + 1*{ 550} + 1*{ 045} + 1*{ 348} + 1*{ 247} + -1*{1744} + 1*{ 853} + -1*{1542} = 0 

1*{ 523} + 1*{ 119} + 1*{3654} + 0.1*{} + 1*{3755} + 1*{ 018} + 1*{4361} + 1*{ 422} + 1*{4058} + 1*{ 624} + 1*{4159} + 1*{3856} + 1*{4260} + 1*{ 220} + 1*{ 321} + 1*{4462} + 1*{3957} + 1*{ 725} + 1*{ 826} = 0 

1*{ 155} + 1*{ 862} + -1*{2139} + -1*{1937} + 1*{ 054} + -1*{2341} + 1*{ 559} + -1*{2240} + -1*{2442} + 1*{ 357} + -1*{1836} + 1*{ 458} + -1*{2038} + 1*{ 761} + -1*{2644} + -1*{2543} + 1*{ 660} + 1*{ 256} = 0 

0.1*{} + 1*{4067} + 1*{4168} + 1*{4269} + 1*{4471} + 1*{ 431} + 1*{3764} + 1*{ 128} + 1*{ 633} + 1*{ 532} + 1*{ 229} + 1*{ 835} + 1*{3865} + 1*{4370} + 1*{3663} + 1*{ 330} + 1*{ 734} + 1*{ 027} + 1*{3966} = 0 

1*{ 366} + -1*{2837} + -1*{3039} + 1*{ 568} + -1*{3140} + -1*{3241} + 1*{ 265} + -1*{3443} + -1*{2736} + 1*{ 669} + -1*{2938} + 1*{ 467} + 1*{ 164} + -1*{3342} + -1*{3544} + 1*{ 770} + 1*{ 871} + 1*{ 063} = 0 

1*{3636} + -0.1*{} + 1*{ 0 0} = 0 

1*{ 1 1} + -0.1*{} + 1*{3737} = 0 

-0.1*{} + 1*{3838} + 1*{ 2 2} = 0 

-0.1*{} + 1*{3939} + 1*{ 3 3} = 0 

-0.1*{} + 1*{4040} + 1*{ 4 4} = 0 

-0.1*{} + 1*{4141} + 1*{ 5 5} = 0 

-0.1*{} + 1*{4242} + 1*{ 6 6} = 0 

-0.1*{} + 1*{ 7 7} + 1*{4343} = 0 

-0.1*{} + 1*{4444} + 1*{ 8 8} = 0 

0.0632456*{ 3} + 0.0632456*{ 2} + 0.2*{3640} + 0.2*{3743} + 0.2*{3638} + 0.2*{3642} + 0.2*{3744} + 0.2*{4344} + 0.2*{3843} + 0.0632456*{ 0} + 0.2*{3641} + 0.2*{ 4 8} + 0.2*{4144} + 0.2*{ 4 7} + 0.2*{ 1 6} + 0.2*{ 0 7} + 0.2*{ 4 6} + 0.2*{ 0 3} + 0.2*{3739} + 0.2*{3643} + 0.0632456*{ 6} + 0.2*{ 6 7} + 0.2*{3842} + 0.2*{3742} + 0.2*{3840} + 0.2*{3740} + 0.0632456*{ 7} + 0.2*{ 0 6} + 0.2*{ 3 4} + 0.2*{3940} + 0.2*{4142} + 0.2*{ 0 1} + 0.2*{3941} + 0.2*{ 3 6} + 0.2*{ 1 3} + 0.2*{3639} + 0.2*{ 2 4} + 0.2*{ 0 4} + 0.2*{ 5 6} + 0.2*{ 0 8} + 0.2*{ 5 7} + 0.2*{ 3 7} + 0.2*{3741} + 0.2*{4043} + 0.2*{ 1 5} + 0.2*{ 0 2} + 0.2*{ 2 7} + 0.2*{ 2 8} + 0.2*{ 2 3} + 0.2*{ 2 6} + 0.2*{4244} + 0.2*{ 0 5} + 0.2*{3944} + 0.2*{3738} + 0.2*{3942} + 0.2*{ 2 5} + 0.2*{ 1 7} + 0.2*{4143} + 0.2*{ 3 8} + 0.2*{4243} + 0.2*{ 1 8} + 0.2*{4041} + 0.2*{ 6 8} + 0.2*{ 4 5} + 0.2*{3841} + 0.2*{3844} + 0.0632456*{ 8} + 0.2*{ 3 5} + 0.2*{ 1 4} + 0.2*{3644} + 0.2*{4044} + 0.2*{ 7 8} + 0.2*{3943} + 0.0632456*{ 5} + 0.0632456*{ 1} + 0.2*{ 5 8} + 0.2*{3637} + 0.2*{3839} + 0.0632456*{ 4} + 0.2*{4042} + 0.2*{ 1 2} = 0 

1*{5261} + 1*{ 918} + 1*{1019} + 1*{4655} + 1*{1423} + 1*{4958} + 1*{5362} + 1*{1524} + 1*{4756} + 1*{4554} + 0.1*{} + 1*{5160} + 1*{1322} + 1*{1625} + 1*{1221} + 1*{5059} + 1*{1726} + 1*{1120} + 1*{4857} = 0 

-1*{2047} + -1*{2552} + 1*{1762} + 1*{1257} + 1*{1661} + -1*{2350} + -1*{2249} + -1*{1946} + -1*{1845} + 1*{ 954} + -1*{2451} + 1*{1055} + 1*{1156} + 1*{1459} + -1*{2653} + 1*{1358} + -1*{2148} + 1*{1560} = 0 

1*{1634} + 1*{1432} + 1*{4765} + 1*{4866} + 1*{5169} + 1*{1533} + 1*{ 927} + 1*{1028} + 1*{1331} + 1*{4563} + 1*{4664} + 1*{4967} + 1*{5371} + 1*{5270} + 0.1*{} + 1*{1735} + 1*{1230} + 1*{5068} + 1*{1129} = 0 

-1*{3149} + 1*{1670} + -1*{3351} + -1*{2846} + 1*{1367} + 1*{1266} + 1*{1569} + -1*{3553} + 1*{ 963} + 1*{1468} + -1*{3452} + -1*{2745} + 1*{1771} + 1*{1064} + -1*{3250} + -1*{2947} + -1*{3048} + 1*{1165} = 0 

-0.1*{} + 1*{4545} + 1*{ 9 9} = 0 

1*{4646} + -0.1*{} + 1*{1010} = 0 

-0.1*{} + 1*{4747} + 1*{1111} = 0 

-0.1*{} + 1*{4848} + 1*{1212} = 0 

-0.1*{} + 1*{4949} + 1*{1313} = 0 

-0.1*{} + 1*{5050} + 1*{1414} = 0 

-0.1*{} + 1*{5151} + 1*{1515} = 0 

-0.1*{} + 1*{5252} + 1*{1616} = 0 

-0.1*{} + 1*{5353} + 1*{1717} = 0 

0.2*{4546} + 0.2*{ 915} + 0.2*{1517} + 0.2*{1014} + 0.2*{ 911} + 0.2*{4651} + 0.2*{1217} + 0.2*{4551} + 0.2*{1017} + 0.2*{4649} + 0.2*{4750} + 0.2*{4852} + 0.2*{4547} + 0.2*{5052} + 0.2*{4950} + 0.2*{5153} + 0.2*{1016} + 0.2*{1516} + 0.2*{1317} + 0.2*{5053} + 0.2*{4853} + 0.2*{ 912} + 0.2*{4952} + 0.2*{4648} + 0.2*{4751} + 0.2*{1013} + 0.2*{4851} + 0.2*{1116} + 0.2*{4951} + 0.0632456*{14} + 0.2*{1112} + 0.2*{1012} + 0.0632456*{15} + 0.2*{4553} + 0.2*{1315} + 0.2*{ 910} + 0.2*{5152} + 0.2*{1213} + 0.2*{1416} + 0.2*{4752} + 0.0632456*{17} + 0.2*{ 917} + 0.2*{4849} + 0.2*{1115} + 0.2*{1117} + 0.0632456*{11} + 0.2*{1011} + 0.2*{4647} + 0.2*{4749} + 0.0632456*{ 9} + 0.0632456*{16} + 0.2*{5253} + 0.2*{ 913} + 0.2*{4550} + 0.2*{1216} + 0.2*{1314} + 0.2*{1415} + 0.2*{4748} + 0.2*{5051} + 0.2*{4953} + 0.0632456*{10} + 0.2*{1214} + 0.2*{1417} + 0.2*{4753} + 0.2*{4652} + 0.2*{4548} + 0.2*{4552} + 0.2*{1316} + 0.2*{4650} + 0.2*{1617} + 0.2*{ 914} + 0.2*{4653} + 0.2*{1114} + 0.0632456*{13} + 0.2*{4850} + 0.2*{ 916} + 0.0632456*{12} + 0.2*{1113} + 0.2*{1015} + 0.2*{4549} + 0.2*{1215} = 0 

1*{5463} + 1*{5564} + 1*{5867} + 1*{5968} + 1*{5766} + 1*{2029} + 1*{2635} + 1*{2534} + 1*{2332} + 1*{6069} + 1*{1928} + 1*{2231} + 1*{6170} + 1*{1827} + 1*{2433} + 1*{6271} + 1*{2130} + 0.1*{} + 1*{5665} = 0 

-1*{2956} + -1*{3562} + 1*{2166} + -1*{3158} + -1*{3360} + 1*{2065} + 1*{1964} + 1*{2368} + 1*{2570} + 1*{2469} + 1*{1863} + -1*{3461} + 1*{2671} + -1*{3259} + -1*{3057} + -1*{2754} + 1*{2267} + -1*{2855} = 0 

-0.1*{} + 1*{5454} + 1*{1818} = 0 

-0.1*{} + 1*{5555} + 1*{1919} = 0 

-0.1*{} + 1*{5656} + 1*{2020} = 0 

-0.1*{} + 1*{5757} + 1*{2121} = 0 

-0.1*{} + 1*{5858} + 1*{2222} = 0 

-0.1*{} + 1*{5959} + 1*{2323} = 0 

-0.1*{} + 1*{6060} + 1*{2424} = 0 

1*{6161} + -0.1*{} + 1*{2525} = 0 

-0.1*{} + 1*{6262} + 1*{2626} = 0 

0.2*{5658} + 0.2*{5561} + 0.2*{1922} + 0.2*{2426} + 0.2*{5960} + 0.2*{1821} + 0.0632456*{24} + 0.2*{1824} + 0.2*{5559} + 0.2*{2124} + 0.2*{1823} + 0.2*{5662} + 0.2*{1822} + 0.2*{6061} + 0.2*{2425} + 0.2*{5759} + 0.2*{5659} + 0.2*{5562} + 0.2*{1921} + 0.2*{1926} + 0.2*{5558} + 0.2*{1924} + 0.2*{5461} + 0.2*{1923} + 0.2*{2225} + 0.0632456*{19} + 0.2*{5460} + 0.2*{2122} + 0.2*{6162} + 0.2*{2325} + 0.2*{2022} + 0.2*{5861} + 0.2*{1820} + 0.2*{5860} + 0.2*{5455} + 0.2*{5762} + 0.2*{2021} + 0.2*{5457} + 0.2*{2226} + 0.2*{5859} + 0.2*{5556} + 0.2*{5961} + 0.2*{1825} + 0.0632456*{20} + 0.2*{5657} + 0.2*{5462} + 0.2*{1819} + 0.2*{5557} + 0.2*{2126} + 0.2*{5760} + 0.2*{1920} + 0.2*{5456} + 0.2*{2025} + 0.2*{5459} + 0.2*{2123} + 0.2*{2024} + 0.2*{2023} + 0.2*{6062} + 0.2*{5458} + 0.2*{2224} + 0.2*{5661} + 0.0632456*{25} + 0.0632456*{23} + 0.2*{2026} + 0.2*{5962} + 0.2*{5660} + 0.2*{1925} + 0.2*{2324} + 0.2*{2223} + 0.0632456*{21} + 0.0632456*{26} + 0.2*{1826} + 0.2*{5560} + 0.2*{2326} + 0.2*{5761} + 0.2*{5758} + 0.0632456*{18} + 0.2*{2526} + 0.2*{5862} + 0.0632456*{22} + 0.2*{2125} = 0 

1*{6363} + -0.1*{} + 1*{2727} = 0 

-0.1*{} + 1*{6464} + 1*{2828} = 0 

-0.1*{} + 1*{6565} + 1*{2929} = 0 

-0.1*{} + 1*{6666} + 1*{3030} = 0 

-0.1*{} + 1*{6767} + 1*{3131} = 0 

-0.1*{} + 1*{6868} + 1*{3232} = 0 

-0.1*{} + 1*{3333} + 1*{6969} = 0 

-0.1*{} + 1*{7070} + 1*{3434} = 0 

-0.1*{} + 1*{7171} + 1*{3535} = 0 

0.2*{2933} + 0.2*{6769} + 0.2*{6870} + 0.2*{3334} + 0.2*{6871} + 0.0632456*{29} + 0.2*{2735} + 0.2*{6670} + 0.2*{6465} + 0.2*{2831} + 0.0632456*{31} + 0.2*{2729} + 0.2*{7071} + 0.0632456*{32} + 0.2*{3035} + 0.2*{6567} + 0.2*{3031} + 0.2*{3134} + 0.2*{2835} + 0.2*{2833} + 0.2*{6669} + 0.2*{2829} + 0.2*{6569} + 0.2*{3034} + 0.2*{6469} + 0.2*{2834} + 0.2*{6768} + 0.2*{3133} + 0.2*{6971} + 0.2*{6470} + 0.2*{6970} + 0.2*{6570} + 0.2*{2733} + 0.0632456*{35} + 0.0632456*{27} + 0.2*{6668} + 0.0632456*{33} + 0.2*{2732} + 0.2*{2932} + 0.2*{3234} + 0.0632456*{34} + 0.2*{6371} + 0.2*{6367} + 0.0632456*{28} + 0.2*{3132} + 0.2*{6667} + 0.2*{6365} + 0.2*{6771} + 0.2*{6364} + 0.2*{6671} + 0.2*{6370} + 0.2*{2728} + 0.2*{6467} + 0.2*{6770} + 0.2*{2734} + 0.2*{3435} + 0.2*{2731} + 0.2*{2935} + 0.2*{6466} + 0.2*{3233} + 0.2*{6369} + 0.2*{6869} + 0.2*{2930} + 0.2*{3032} + 0.2*{6366} + 0.2*{6566} + 0.2*{6568} + 0.2*{2931} + 0.2*{3033} + 0.2*{3335} + 0.2*{6368} + 0.2*{6468} + 0.0632456*{30} + 0.2*{2830} + 0.2*{2730} + 0.2*{6571} + 0.2*{2934} + 0.2*{6471} + 0.2*{2832} + 0.2*{3235} + 0.2*{3135} = 0 

1024*{ 0} + -256*{51} + 256*{42} + -32768*{49} + -2048*{48} + 64*{ 6} + -16*{14} + 2*{ 7} + 8*{44} + -512*{12} + 16384*{ 1} + 32*{37} + 16*{ 5} + 4*{36} + 4096*{43} + -64*{15} + -8192*{13} + 8192*{ 4} + -4096*{52} + 65536*{ 2} + -8*{53} + 128*{38} + -16384*{10} + 131072*{41} + -131072*{50} + 2048*{39} + -65536*{11} + -128*{47} + -2*{16} + 512*{ 3} + -32*{46} + 1*{ 8} + 32768*{40} + -1*{17} + -1024*{ 9} + -4*{45} > 0 

-64*{24} + 512*{12} + -1*{26} + -256*{60} + 8*{53} + -8*{62} + -32768*{58} + 16384*{10} + 131072*{50} + 64*{15} + 8192*{13} + 16*{14} + -131072*{59} + 4*{45} + 256*{51} + -16384*{19} + -4*{54} + -2*{25} + -8192*{22} + 4096*{52} + 32768*{49} + -1024*{18} + -2048*{57} + 65536*{11} + -4096*{61} + 2048*{48} + 128*{47} + 2*{16} + -128*{56} + -32*{55} + 32*{46} + -65536*{20} + -16*{23} + -512*{21} + 1*{17} + 1024*{ 9} > 0 

1*{26} + -16*{32} + 8192*{22} + 8*{62} + -32*{64} + 4096*{61} + -2*{34} + 2*{25} + -512*{30} + 128*{56} + -65536*{29} + -4096*{70} + -4*{63} + 131072*{59} + -8*{71} + 1024*{18} + -128*{65} + 16*{23} + 512*{21} + 65536*{20} + 2048*{57} + -256*{69} + 256*{60} + -16384*{28} + -8192*{31} + 32*{55} + -32768*{67} + 64*{24} + 32768*{58} + -131072*{68} + -64*{33} + -1*{35} + -1024*{27} + -2048*{66} + 16384*{19} + 4*{54} > 0 

-128*{ 1} + 64*{36} + 128*{ 0} + 8*{18} + -64*{37} + -4*{55} + -16*{46} + -2*{28} + 4*{54} + 32*{ 9} + 16*{45} + -8*{19} + -1*{64} + 2*{27} + -32*{10} + 1*{63} > 0 

-8*{20} + -16*{47} + 1*{64} + 8*{19} + -128*{ 2} + -64*{38} + 64*{37} + -32*{11} + -1*{65} + 32*{10} + -4*{56} + -2*{29} + 4*{55} + 16*{46} + 2*{28} + 128*{ 1} > 0 

-32*{12} + 16*{47} + -2*{30} + -4*{57} + -64*{39} + -8*{21} + 8*{20} + 2*{29} + 4*{56} + 1*{65} + -1*{66} + -128*{ 3} + -16*{48} + 32*{11} + 64*{38} + 128*{ 2} > 0 

64*{39} + 32*{12} + 4*{57} + -16*{49} + -4*{58} + -128*{ 4} + 1*{66} + -8*{22} + 2*{30} + -1*{67} + -2*{31} + 16*{48} + 128*{ 3} + 8*{21} + -64*{40} + -32*{13} > 0 

1*{67} + -1*{68} + -64*{41} + -16*{50} + -2*{32} + -128*{ 5} + -32*{14} + 16*{49} + 128*{ 4} + 4*{58} + 2*{31} + -4*{59} + 64*{40} + 32*{13} + 8*{22} + -8*{23} > 0 

-16*{51} + -4*{60} + -8*{24} + 4*{59} + 2*{32} + 16*{50} + 64*{41} + -64*{42} + 128*{ 5} + -128*{ 6} + 32*{14} + -32*{15} + 1*{68} + -2*{33} + 8*{23} + -1*{69} > 0 

-16*{52} + 8*{24} + 64*{42} + -64*{43} + 2*{33} + -32*{16} + -4*{61} + -1*{70} + 32*{15} + -2*{34} + 16*{51} + 4*{60} + -8*{25} + 1*{69} + 128*{ 6} + -128*{ 7} > 0 

-32*{17} + 16*{52} + 128*{ 7} + -8*{26} + -2*{35} + 8*{25} + -128*{ 8} + -64*{44} + 32*{16} + 64*{43} + 4*{61} + 1*{70} + 2*{34} + -16*{53} + -4*{62} + -1*{71} > 0 

1*{71} > 0 

{10, 5, 5, 5} vars: 72, vectors: 15
1 1.460079e+00 1.460079e+00 -2.518586e-01 6.237768e-16
2 1.028530e+00 1.028530e+00 -2.437518e-01 3.764233e-16
3 1.340093e+00 1.028530e+00 -2.275257e-01 9.996798e-16
4 3.645372e+00 1.028530e+00 -1.839004e-01 8.766677e-16
5 1.350170e+00 1.028530e+00 -1.542037e-01 4.640168e-16
6 1.168144e+01 1.028530e+00 -1.187511e-01 3.980624e-15
7 4.236073e+00 1.028530e+00 -9.253656e-02 8.791979e-16
8 1.537555e+00 1.028530e+00 -7.582720e-02 3.797483e-16
9 7.533945e-01 7.533945e-01 -6.341408e-02 2.397726e-16
10 3.115030e-01 3.115030e-01 -5.044514e-02 1.261595e-16
11 6.641433e+01 3.115030e-01 -3.902284e-02 1.518009e-14
12 2.392595e+01 3.115030e-01 -3.029331e-02 1.982560e-15
13 8.652274e+00 3.115030e-01 -2.398218e-02 8.785317e-16
14 3.935585e+00 3.115030e-01 -1.935158e-02 2.415247e-16
15 1.463200e+00 3.115030e-01 -1.714547e-02 8.977568e-16
16 5.950505e-01 3.115030e-01 -2.229943e-02 3.348611e-16
17 4.194047e+00 3.115030e-01 -1.782309e-02 1.158699e-16
18 1.528192e+00 3.115030e-01 -1.568205e-02 8.892531e-16
19 8.008507e-01 3.115030e-01 -1.580066e-02 2.248175e-16
20 3.634152e-01 3.115030e-01 -2.279472e-02 2.713808e-17
21 4.225855e+00 3.115030e-01 -1.836800e-02 2.670691e-15
22 6.990325e+00 3.115030e-01 -1.411513e-02 1.780043e-15
23 2.698220e+00 3.115030e-01 -1.109841e-02 6.183663e-17
24 1.006346e+00 3.115030e-01 -8.279213e-03 2.241948e-16
25 4.189985e-01 3.115030e-01 -7.331656e-03 1.667551e-16
26 2.549214e-01 2.549214e-01 -5.574907e-03 1.183779e-16
27 1.979404e-01 1.979404e-01 -3.530298e-03 1.304431e-17
28 7.075428e-01 1.979404e-01 -2.627628e-03 1.721360e-17
29 2.631887e-01 1.979404e-01 -1.737251e-03 1.112506e-16
30 3.738569e+00 1.979404e-01 -1.280374e-03 8.882216e-16
31 1.457978e+00 1.979404e-01 -1.018929e-03 4.441075e-16
32 3.978107e+00 1.979404e-01 -7.451227e-04 4.446645e-16
33 4.463599e+00 1.979404e-01 -5.588821e-04 8.882229e-16
34 1.584017e+00 1.979404e-01 -4.169960e-04 2.220567e-16
35 6.522429e-01 1.979404e-01 -3.215340e-04 1.302213e-18
36 5.388849e-01 1.979404e-01 -2.427336e-04 4.886036e-19
37 2.753003e-01 1.979404e-01 -1.701919e-04 5.551195e-17
38 3.426773e-01 1.979404e-01 -1.253039e-04 5.551135e-17
39 1.335837e-01 1.335837e-01 -8.837694e-05 6.871877e-20
40 7.503680e-02 7.503680e-02 -6.910832e-05 1.387823e-17
41 7.548935e-01 7.503680e-02 -4.987241e-05 1.110226e-16
42 4.280639e-01 7.503680e-02 -3.745973e-05 5.551145e-17
43 2.051325e-01 7.503680e-02 -5.980318e-05 5.551129e-17
44 2.375858e+02 7.503680e-02 -4.636707e-05 1.135950e-17
45 4.413443e+02 7.503680e-02 -3.584711e-05 5.684342e-14
46 1.590505e+02 7.503680e-02 -2.768916e-05 2.842171e-14
47 5.727408e+01 7.503680e-02 -2.136472e-05 7.105428e-15
48 2.061659e+01 7.503680e-02 -1.649234e-05 5.062413e-19
49 7.427814e+00 7.503680e-02 -1.280563e-05 4.440892e-15
50 2.689128e+00 7.503680e-02 -9.703414e-06 8.881784e-16
51 1.562290e+01 7.503680e-02 -4.927397e-06 2.486900e-14
52 1.665057e+07 7.503680e-02 -3.818670e-06 1.862645e-09
53 6.006640e+06 7.503680e-02 -2.959387e-06 1.862645e-09
54 2.166863e+06 7.503680e-02 -2.293420e-06 4.656613e-10
55 7.816760e+05 7.503680e-02 -1.777266e-06 1.131671e-16
56 2.819775e+05 7.503680e-02 -1.377208e-06 5.820766e-11
57 1.017161e+05 7.503680e-02 -1.067114e-06 1.346571e-17
58 3.668971e+04 7.503680e-02 -8.267316e-07 7.275958e-12
59 1.323323e+04 7.503680e-02 -6.403573e-07 5.456968e-12
60 4.772348e+03 7.503680e-02 -4.958241e-07 9.094947e-13
61 1.720725e+03 7.503680e-02 -3.837027e-07 4.547474e-13
62 6.202371e+02 7.503680e-02 -2.966963e-07 9.452817e-20
63 2.234677e+02 7.503680e-02 -2.291803e-07 8.526513e-14
64 8.047277e+01 7.503680e-02 -1.768697e-07 1.421085e-14
65 2.897135e+01 7.503680e-02 -1.366189e-07 3.552714e-15
66 1.044319e+01 7.503680e-02 -1.064364e-07 3.552714e-15
67 3.792640e+00 7.503680e-02 -8.537677e-08 8.881784e-16
68 1.429079e+00 7.503680e-02 -7.554568e-08 2.220446e-16
69 6.219535e-01 7.503680e-02 -7.289005e-08 3.330669e-16
70 6.213757e+00 7.503680e-02 -5.695668e-08 1.776357e-15
71 2.272202e+00 7.503680e-02 -4.700988e-08 8.881784e-16
72 8.899748e-01 7.503680e-02 -4.854074e-08 9.052903e-23
73 5.782942e+00 7.503680e-02 -3.837108e-08 2.664535e-15
74 2.138286e+00 7.503680e-02 -3.145178e-08 1.332268e-15
75 1.582389e+00 7.503680e-02 -2.403789e-08 4.440892e-16
76 4.616178e+02 7.503680e-02 -1.863590e-08 5.684342e-14
77 1.665788e+02 7.503680e-02 -1.446414e-08 1.248997e-21
78 6.016081e+01 7.503680e-02 -1.126443e-08 7.105427e-15
79 2.177992e+01 7.503680e-02 -8.857806e-09 3.552714e-15
80 7.938363e+00 7.503680e-02 -7.189568e-09 8.078716e-23
81 3.312300e+00 7.503680e-02 -6.109532e-09 1.332268e-15
82 1.270438e+00 7.503680e-02 -6.106079e-09 6.661338e-16
83 5.480644e-01 7.503680e-02 -9.817989e-09 1.110223e-16
84 3.617523e-01 7.503680e-02 -3.765209e-08 5.551115e-17
85 2.459311e+03 7.503680e-02 -2.916997e-08 4.547474e-13
86 8.873690e+02 7.503680e-02 -2.258575e-08 1.285273e-20
87 3.199730e+02 7.503680e-02 -1.748406e-08 4.504818e-21
88 1.153188e+02 7.503680e-02 -1.346414e-08 1.421085e-14
89 1.486065e+04 7.503680e-02 -1.042969e-08 1.818989e-12
90 5.359509e+03 7.503680e-02 -8.076651e-09 1.124721e-20
91 1.932570e+03 7.503680e-02 -6.251553e-09 2.273737e-13
92 6.966734e+02 7.503680e-02 -4.835586e-09 1.136868e-13
93 2.510568e+02 7.503680e-02 -3.736932e-09 8.526513e-14
94 9.042958e+01 7.503680e-02 -2.885289e-09 1.421085e-14
95 3.256047e+01 7.503680e-02 -2.227170e-09 7.105427e-15
96 1.172691e+01 7.503680e-02 -1.727266e-09 2.615326e-23
97 4.379943e+00 7.503680e-02 -1.365439e-09 1.086502e-23
98 1.668911e+00 7.503680e-02 -1.051502e-09 2.220446e-16
99 9.748511e+02 7.503680e-02 -8.138208e-10 2.273737e-13
100 3.514236e+02 7.503680e-02 -6.295563e-10 5.684342e-14
101 1.269312e+02 7.503680e-02 -4.867782e-10 1.421085e-14
102 5.142645e+01 7.503680e-02 -3.750931e-10 7.105427e-15
103 1.853134e+01 7.503680e-02 -2.890715e-10 7.105427e-15
104 6.678381e+00 7.503680e-02 -2.248593e-10 6.505016e-24
105 3.298392e+00 7.503680e-02 -1.763465e-10 1.332268e-15
106 1.856363e+00 7.503680e-02 -1.513528e-10 4.440892e-16
107 9.747194e-01 7.503680e-02 -1.296160e-10 4.324277e-25
108 4.121497e-01 7.503680e-02 -1.202969e-10 1.110223e-16
109 1.741785e-01 7.503680e-02 -1.387364e-10 1.808541e-25
110 4.746231e+00 7.503680e-02 -1.089509e-10 8.881784e-16
111 2.681595e+00 7.503680e-02 -8.694336e-11 8.881784e-16
112 1.051280e+00 7.503680e-02 -7.608605e-11 2.220446e-16
113 4.185077e-01 7.503680e-02 -8.187898e-11 5.551115e-17
114 1.469576e+00 7.503680e-02 -7.487593e-11 4.735136e-25
115 1.666849e+01 7.503680e-02 -5.820614e-11 1.065814e-14
116 6.172989e+00 7.503680e-02 -4.649083e-11 8.881784e-16
117 1.144622e+01 7.503680e-02 -3.613207e-11 3.552714e-15
118 1.632747e+01 7.503680e-02 -2.758521e-11 6.216458e-25
119 1.787183e+01 7.503680e-02 -2.103124e-11 3.552714e-15
120 7.169256e+00 7.503680e-02 -1.610917e-11 2.664535e-15
121 2.808570e+00 7.503680e-02 -1.212892e-11 1.776357e-15
122 1.019568e+00 7.503680e-02 -9.244924e-12 2.220446e-16
123 3.686031e-01 7.503680e-02 -6.781803e-12 1.110223e-16
124 8.747402e-01 7.503680e-02 -5.045209e-12 1.110223e-16
125 3.657034e-01 7.503680e-02 -3.691221e-12 9.003053e-27
126 2.214071e+00 7.503680e-02 -2.804872e-12 3.604922e-26
127 5.784428e+00 7.503680e-02 -2.106748e-12 3.369669e-26
128 3.340576e+00 7.503680e-02 -1.567150e-12 8.881784e-16
129 1.193393e+00 7.503680e-02 -1.179643e-12 2.220446e-16
130 4.319620e-01 7.503680e-02 -9.239335e-13 8.195625e-27
131 2.113758e-01 7.503680e-02 -7.848203e-13 8.326673e-17
132 1.021953e+00 7.503680e-02 -5.880517e-13 2.482010e-27
133 3.918302e-01 7.503680e-02 -4.348096e-13 1.110223e-16
134 3.554562e-01 7.503680e-02 -3.192040e-13 1.110223e-16
135 5.887813e-01 7.503680e-02 -2.510208e-13 2.220446e-16
136 2.109034e+00 7.503680e-02 -1.680181e-13 1.332268e-15
137 1.613397e+01 7.503680e-02 -1.233059e-13 3.552714e-15
138 5.804005e+00 7.503680e-02 -8.598671e-14 8.881784e-16
139 2.100553e+00 7.503680e-02 -5.282891e-14 4.440892e-16
140 9.791454e-01 7.503680e-02 -2.464362e-14 1.110223e-16
141 9.504579e-01 7.503680e-02 -2.782710e-15 3.330669e-16
142 1.969380e+00 7.503680e-02 4.489043e-15 2.220446e-16
143 7.839073e-01 7.503680e-02 1.965509e-14 4.770745e-29
144 3.250035e-01 7.503680e-02 6.776066e-14 5.551115e-17
145 1.574997e-01 7.503680e-02 2.440801e-13 5.551115e-17
146 8.417436e-02 7.503680e-02 -4.908614e-15 1.387779e-17
147 3.477020e+01 7.503680e-02 -2.388337e-15 2.803205e-28
148 1.502273e+01 7.503680e-02 -4.300881e-17 3.552714e-15
149 5.484835e+00 7.503680e-02 2.980688e-15 8.881784e-16
150 2.000239e+00 7.503680e-02 7.622603e-15 4.440892e-16
151 7.442904e-01 7.503680e-02 1.624181e-14 2.220446e-16
152 2.786001e-01 7.503680e-02 3.213604e-14 1.110223e-16
153 1.009124e-01 7.503680e-02 5.797667e-14 1.387779e-17
154 3.607091e-02 3.607091e-02 1.024821e-13 1.797424e-28
155 1.320866e-02 1.320866e-02 1.933422e-13 1.734723e-18
156 4.813621e-03 4.813621e-03 3.347926e-13 8.673617e-19
157 1.555931e-03 1.555931e-03 4.663463e-13 4.336809e-19
158 4.827382e-04 4.827382e-04 5.669597e-13 5.421011e-20
159 1.472819e-04 1.472819e-04 6.379645e-13 2.710505e-20
160 4.474424e-05 4.474424e-05 6.882374e-13 3.237343e-28
161 1.358257e-05 1.358257e-05 7.250344e-13 5.082198e-21
162 4.122871e-06 4.122871e-06 7.533061e-13 8.470329e-22
163 1.251680e-06 1.251680e-06 7.765140e-13 2.117582e-22
164 3.801436e-07 3.801436e-07 7.972665e-13 1.058791e-22
165 1.155220e-07 1.155220e-07 8.177056e-13 2.646978e-23
166 3.513663e-08 3.513663e-08 8.397302e-13 1.323489e-23
167 1.069916e-08 1.069916e-08 8.650924e-13 1.654361e-24
168 3.262280e-09 3.262280e-09 8.953499e-13 8.271806e-25
169 9.960748e-10 9.960748e-10 9.316409e-13 2.067952e-25
170 3.044801e-10 3.044801e-10 9.742806e-13 1.033976e-25
171 9.312338e-11 9.312338e-11 1.022290e-12 1.292470e-26
172 2.847420e-11 2.847420e-11 1.073289e-12 9.693523e-27
173 8.695898e-12 8.695898e-12 1.123821e-12 1.615587e-27
174 2.650615e-12 2.650615e-12 1.170272e-12 1.533406e-32
175 8.073273e-13 8.073273e-13 1.211189e-12 2.019484e-28
x: -2.930049e-01 -1.985149e-02 -2.906184e-01 -2.706667e-01  2.443733e-01  3.162261e-01 -1.048557e-01 -3.031733e-01 -3.851094e-02  5.714485e-03 -3.122112e-01 -2.546973e-01  1.624874e-01 -1.615257e-01 -1.054145e-01  3.137294e-01  3.009534e-01 -2.306220e-01  2.831716e-01  8.430431e-02 -2.287165e-01 -2.666471e-01  1.131763e-01  1.079243e-01  1.112597e-01 -4.317604e-02  2.607622e-01  3.156945e-01  2.752226e-01  2.590583e-01 -2.255099e-01 -7.151248e-03  1.993350e-02  2.115653e-01 -2.961195e-01 -2.940007e-01 -1.189457e-01 -3.156040e-01 -1.246635e-01  1.635218e-01  2.007033e-01  1.023228e-03 -2.983377e-01 -8.992246e-02 -3.138738e-01  3.161761e-01 -5.024043e-02 -1.874281e-01  2.712892e-01  2.718631e-01  2.981407e-01 -3.967243e-02 -9.709309e-02  2.163641e-01  1.407617e-01 -3.047832e-01  2.183776e-01 -1.699979e-01 -2.952815e-01  2.972412e-01  2.960089e-01  3.132665e-01  1.788941e-01  1.835728e-02  1.557325e-01  1.813528e-01  2.216872e-01  3.161470e-01 -3.155988e-01  2.350322e-01 -1.109649e-01  1.164626e-01  1.211189e-12
grad: -1.250167e-20 -6.401365e-20 -1.597728e-20 -9.171809e-21 -1.753049e-20 -2.961953e-21 -5.200158e-20 -4.559799e-20 -1.284924e-20  3.572412e-20  3.238291e-20 -7.111206e-20 -1.100821e-20 -5.490486e-20 -1.099364e-19  7.524463e-21  1.262065e-20 -1.121073e-19  2.895442e-20  7.132139e-20 -4.915599e-20 -3.265885e-21 -3.167865e-20  8.210154e-21  9.305718e-20 -1.262630e-20  3.398114e-20  7.426426e-21  3.090719e-20 -3.375089e-20 -1.569534e-20 -7.880288e-20 -7.240041e-20  1.114264e-20  1.873209e-20 -3.207932e-20  5.557070e-20  2.250791e-20  1.909127e-21 -8.545714e-20  8.352436e-20 -6.170432e-20 -1.349777e-20  8.149790e-20  3.390220e-20 -8.011052e-21 -4.683047e-20  8.236538e-20 -1.468320e-20 -9.121076e-21 -4.501229e-22  1.812678e-20  2.611134e-20 -1.414203e-19 -4.158596e-20  3.104092e-20 -3.252158e-20  3.028688e-20 -2.746935e-20 -1.159237e-20 -3.924385e-20  5.884958e-21 -4.598853e-20  2.241896e-21  2.551581e-21  7.715863e-20 -3.031199e-20  9.861167e-21  1.689688e-20  4.420900e-21 -1.195058e-20 -1.455962e-19  8.073273e-13
finished in 175 iterations (0.286 seconds total)
max viol = 1.94627e-07
