---------------------
Basis Indices:
---------------------

{-, -, -, -, -, -, -, -, -, -, -}, {-, -, -, -, -, -, -, -, -, -, -}, {-, -, -, -, -, -, -, -, -, -, -}, {}, {}, {}, {}, {}, {}, {}, {}


{-, -, -, -, -, -, -, -, -, -, -}, {-, 133+i375, 134+i376, 135+i377, 136+i378, 137+i379, 138+i380, 139+i381, 140+i382, 141+i383, 142+i384}, {-, 144+i386, 145+i387, 146+i388, 147+i389, 148+i390, 149+i391, 150+i392, 151+i393, 152+i394, 153+i395}, {}, {}, {}, {}, {}, {}, {}, {}

---------------------
Index Mapping: 
---------------------

{395: 39, 394: 38, 393: 37, 392: 36, 391: 35, 390: 34, 377: 22, 141: 8, 376: 21, 140: 7, 138: 5, 137: 4, 136: 3, 135: 2, 134: 1, 142: 9, 378: 23, 133: 0, 379: 24, 384: 29, 148: 14, 144: 10, 380: 25, 149: 15, 145: 11, 381: 26, 386: 30, 150: 16, 146: 12, 382: 27, 387: 31, 151: 17, 147: 13, 383: 28, 388: 32, 152: 18, 389: 33, 153: 19, 139: 6, 375: 20}

---------------------
Final Problem: 
---------------------
Find a point satisfying:

1*{2737} + 1*{2030} + 1*{ 313} + 1*{ 717} + 1*{ 010} + 1*{2333} + 1*{ 414} + 1*{2434} + 1*{ 818} + 1*{ 212} + 1*{2535} + 1*{ 919} + 1*{ 111} + 1*{2232} + 1*{ 515} + 1*{2838} + 1*{2636} + 1*{2939} + 0.0909091*{} + 1*{2131} + 1*{ 616} = 0 

-1*{1222} + 1*{ 737} + -1*{1727} + -1*{1626} + -1*{1525} + 1*{ 535} + -1*{1020} + -1*{1121} + 1*{ 636} + 1*{ 939} + -1*{1929} + -1*{1424} + 1*{ 333} + 1*{ 232} + 1*{ 838} + 1*{ 434} + -1*{1323} + -1*{1828} + 1*{ 030} + 1*{ 131} = 0 

1*{2020} + -0.0909091*{} + 1*{ 0 0} = 0 

-0.0909091*{} + 1*{ 1 1} + 1*{2121} = 0 

0.181818*{ 0 8} + 0.0909091*{ 3 3} + 0.181818*{ 6 7} + 0.181818*{ 6 8} + 0.0548202*{ 6} + 0.0909091*{2828} + 0.0909091*{2424} + 0.0909091*{ 6 6} + 0.181818*{2429} + 0.181818*{2224} + 0.0548202*{ 7} + 0.181818*{2627} + 0.0909091*{ 5 5} + 0.0548202*{ 9} + 0.181818*{ 4 6} + 0.181818*{2026} + 0.181818*{ 2 4} + 0.181818*{2128} + 0.0909091*{ 0 0} + 0.181818*{2527} + 0.0548202*{ 0} + 0.181818*{ 4 9} + 0.181818*{2022} + 0.181818*{2229} + 0.0909091*{2929} + 0.181818*{2223} + 0.181818*{2324} + 0.181818*{2628} + 0.181818*{ 3 7} + 0.181818*{ 5 7} + 0.181818*{2728} + 0.181818*{ 2 9} + 0.0548202*{ 3} + 0.181818*{2226} + 0.181818*{2125} + 0.181818*{2829} + 0.181818*{ 1 6} + 0.181818*{2329} + 0.181818*{ 0 5} + 0.181818*{2225} + 0.181818*{ 2 3} + 0.181818*{ 2 6} + 0.0909091*{2020} + 0.181818*{ 6 9} + 0.181818*{2325} + 0.0909091*{ 9 9} + 0.0909091*{2121} + 0.181818*{2729} + 0.181818*{ 0 7} + 0.181818*{2029} + 0.0909091*{2626} + 0.181818*{ 0 3} + 0.181818*{2426} + 0.181818*{ 4 8} + 0.181818*{ 1 8} + 0.181818*{ 4 5} + 0.0909091*{ 7 7} + 0.0909091*{2222} + 0.181818*{ 1 5} + 0.181818*{ 0 2} + 0.0909091*{ 1 1} + 0.181818*{ 0 4} + 0.181818*{ 2 8} + 0.181818*{ 2 7} + 0.181818*{ 3 4} + 0.181818*{2129} + 0.181818*{2126} + 0.181818*{ 7 9} + 0.181818*{ 0 1} + 0.181818*{2526} + 0.0909091*{2525} + 0.181818*{ 3 6} + 0.181818*{2529} + 0.181818*{ 1 3} + 0.0909091*{ 4 4} + 0.181818*{2027} + 0.181818*{ 5 8} + 0.181818*{2428} + 0.181818*{ 7 8} + 0.0548202*{ 1} + 0.0548202*{ 5} + 0.181818*{ 1 2} + 0.0909091*{2727} + 0.181818*{ 0 6} + 0.181818*{2122} + 0.181818*{2021} + 0.181818*{2127} + 0.181818*{2328} + 0.181818*{2227} + 0.181818*{2629} + 0.0548202*{ 4} + 0.181818*{ 4 7} + 0.181818*{2427} + 0.181818*{ 1 4} + 0.181818*{2326} + 0.181818*{2528} + 0.181818*{ 8 9} + 0.0548202*{ 2} + 0.181818*{ 3 9} + 0.181818*{2028} + 0.181818*{2327} + 0.181818*{ 2 5} + 0.181818*{ 1 7} + 0.0909091*{2323} + 0.181818*{ 1 9} + 0.0909091*{ 2 2} + 0.181818*{2228} + 0.181818*{2425} + 0.181818*{ 0 9} + 0.181818*{2123} + 0.181818*{2025} + 0.181818*{2023} + 0.181818*{2024} + 0.0909091*{ 8 8} + 0.181818*{2124} + 0.181818*{ 5 6} + 0.181818*{ 3 8} + 0.00826446*{} + 0.181818*{ 5 9} + 0.181818*{ 3 5} + 0.0548202*{ 8} = 0 

-0.0909091*{} + 1*{3030} + 1*{1010} = 0 

-0.0909091*{} + 1*{3131} + 1*{1111} = 0 

0.0909091*{3333} + 0.181818*{3639} + 0.0909091*{3939} + 0.181818*{1417} + 0.0909091*{1414} + 0.0909091*{3131} + 0.181818*{3739} + 0.181818*{3339} + 0.0909091*{3434} + 0.0548202*{17} + 0.181818*{3031} + 0.0548202*{14} + 0.181818*{3839} + 0.181818*{3539} + 0.181818*{3438} + 0.181818*{3338} + 0.181818*{1617} + 0.181818*{3034} + 0.0548202*{16} + 0.181818*{3238} + 0.0909091*{1515} + 0.181818*{3538} + 0.0909091*{1616} + 0.181818*{3132} + 0.181818*{3537} + 0.0548202*{11} + 0.181818*{3435} + 0.181818*{3337} + 0.181818*{1819} + 0.181818*{1718} + 0.0909091*{3232} + 0.181818*{3738} + 0.181818*{3033} + 0.181818*{1115} + 0.181818*{1117} + 0.181818*{3039} + 0.181818*{1415} + 0.0548202*{10} + 0.181818*{1014} + 0.181818*{3334} + 0.181818*{3235} + 0.181818*{3135} + 0.0909091*{3838} + 0.181818*{3234} + 0.0909091*{3030} + 0.181818*{1416} + 0.181818*{1315} + 0.0548202*{15} + 0.0909091*{1313} + 0.0909091*{1111} + 0.181818*{1017} + 0.181818*{3236} + 0.181818*{3233} + 0.181818*{1116} + 0.181818*{1418} + 0.181818*{3536} + 0.0909091*{1212} + 0.181818*{3138} + 0.181818*{3134} + 0.181818*{3237} + 0.0909091*{1919} + 0.181818*{3637} + 0.181818*{3136} + 0.181818*{1218} + 0.181818*{1317} + 0.0909091*{1010} + 0.181818*{1018} + 0.0548202*{12} + 0.181818*{3038} + 0.181818*{1519} + 0.181818*{3139} + 0.0909091*{3636} + 0.181818*{1114} + 0.181818*{3035} + 0.0548202*{13} + 0.181818*{3335} + 0.181818*{1517} + 0.181818*{3036} + 0.181818*{1618} + 0.181818*{3336} + 0.181818*{1516} + 0.00826446*{} + 0.181818*{1016} + 0.181818*{1011} + 0.181818*{1214} + 0.181818*{3436} + 0.181818*{1013} + 0.181818*{1215} + 0.181818*{1316} + 0.181818*{1219} + 0.0909091*{1717} + 0.181818*{1217} + 0.181818*{3032} + 0.0548202*{18} + 0.181818*{1118} + 0.181818*{3239} + 0.181818*{1216} + 0.181818*{3437} + 0.181818*{1314} + 0.181818*{1119} + 0.181818*{3439} + 0.181818*{3137} + 0.181818*{1112} + 0.0548202*{19} + 0.181818*{1619} + 0.181818*{1012} + 0.181818*{1719} + 0.0909091*{3535} + 0.181818*{3638} + 0.181818*{1518} + 0.0909091*{3737} + 0.181818*{3133} + 0.181818*{1213} + 0.181818*{1319} + 0.0909091*{1818} + 0.181818*{1015} + 0.181818*{1113} + 0.181818*{1318} + 0.181818*{3037} + 0.181818*{1019} + 0.181818*{1419} = 0 

256*{25} + -256*{35} + 16*{27} + 4*{28} + 1*{29} + 8*{ 8} + -512*{30} + -4*{38} + 1024*{ 1} + -128*{10} + -262144*{15} + -16384*{13} + 32*{ 7} + -131072*{34} + -65536*{14} + -32768*{33} + 524288*{ 6} + -64*{36} + 128*{ 0} + -16*{37} + 262144*{ 5} + -2048*{31} + 512*{20} + 32768*{23} + 2048*{21} + 4096*{ 2} + 16384*{ 3} + -8*{18} + 131072*{24} + 65536*{ 4} + 8192*{22} + 64*{26} + -8192*{32} + -4096*{12} + 2*{ 9} + -32*{17} + -524288*{16} + -1024*{11} + -1*{39} + -2*{19} > 0 

8*{ 0} + 4*{20} + -8*{ 1} + -1*{31} + -4*{21} + -2*{11} + 2*{10} + 1*{30} > 0 

-8*{ 2} + -4*{22} + -2*{12} + 8*{ 1} + 1*{31} + -1*{32} + 2*{11} + 4*{21} > 0 

-4*{23} + 4*{22} + -1*{33} + 8*{ 2} + -2*{13} + 2*{12} + -8*{ 3} + 1*{32} > 0 

4*{23} + 1*{33} + 2*{13} + -8*{ 4} + -2*{14} + -1*{34} + -4*{24} + 8*{ 3} > 0 

-8*{ 5} + -2*{15} + -4*{25} + 4*{24} + -1*{35} + 8*{ 4} + 2*{14} + 1*{34} > 0 

-8*{ 6} + 8*{ 5} + 2*{15} + 4*{25} + -1*{36} + -2*{16} + -4*{26} + 1*{35} > 0 

-1*{37} + -4*{27} + -2*{17} + 4*{26} + -8*{ 7} + 1*{36} + 2*{16} + 8*{ 6} > 0 

-8*{ 8} + 8*{ 7} + -1*{38} + 1*{37} + -2*{18} + 4*{27} + 2*{17} + -4*{28} > 0 

-4*{29} + 4*{28} + 8*{ 8} + -2*{19} + 2*{18} + -8*{ 9} + -1*{39} + 1*{38} > 0 

1*{39} > 0 

{3, 3, 3, 3, 3, 2, 2, 2, 2, 2, 2, 2, 2} vars: 40, vectors: 6
1 4.841357e-02 4.841357e-02 2.483217e-14 9.000000e-01
2 1.723501e-02 1.723501e-02 6.273165e-14 9.000000e-01
3 6.956794e-03 6.956794e-03 1.582937e-13 9.000000e-01
4 2.425239e-03 2.425239e-03 2.710874e-13 9.000000e-01
5 8.581371e-04 8.581371e-04 4.651967e-13 9.000000e-01
6 3.086570e-04 3.086570e-04 7.986655e-13 9.000000e-01
7 1.121047e-04 1.121047e-04 1.370345e-12 9.000000e-01
8 4.096879e-05 4.096879e-05 2.369591e-12 9.000000e-01
9 1.501162e-05 1.501162e-05 4.119811e-12 9.000000e-01
10 5.500887e-06 5.500887e-06 7.143185e-12 9.000000e-01
11 2.007807e-06 2.007807e-06 1.224683e-11 9.000000e-01
12 7.321085e-07 7.321085e-07 2.079060e-11 9.000000e-01
13 2.660479e-07 2.660479e-07 3.494992e-11 9.000000e-01
14 9.680774e-08 9.680774e-08 5.850664e-11 9.000000e-01
15 3.513024e-08 3.513024e-08 9.749213e-11 9.000000e-01
16 1.277271e-08 1.277271e-08 1.623776e-10 9.000000e-01
17 4.632166e-09 4.632166e-09 2.698509e-10 9.000000e-01
18 1.683186e-09 1.683186e-09 4.488113e-10 9.000000e-01
19 6.101684e-10 6.101684e-10 7.454162e-10 9.000000e-01
20 2.216060e-10 2.216060e-10 1.239398e-09 9.000000e-01
21 8.030764e-11 8.030764e-11 2.058442e-09 9.000000e-01
22 2.915455e-11 2.915455e-11 3.422582e-09 9.000000e-01
23 1.056275e-11 1.056275e-11 5.685183e-09 9.000000e-01
24 3.833141e-12 3.833141e-12 9.453414e-09 9.000000e-01
25 1.388453e-12 1.388453e-12 1.570475e-08 9.000000e-01
26 5.038717e-13 5.038717e-13 2.612234e-08 9.000000e-01
x:  2.513396e-01 -2.444060e-01 -2.215120e-01 -2.341021e-01 -5.021856e-02  1.168446e-01 -1.035802e-01  1.914064e-01  6.406468e-03 -1.390884e-02  2.496221e-01 -1.117738e-01  6.294974e-02 -7.056792e-02  2.487784e-01 -1.256297e-01 -4.373140e-02 -1.594898e-01 -1.778428e-01 -1.722278e-01 -1.665458e-01 -1.765639e-01 -1.915090e-01 -9.808348e-02  3.551203e-01 -1.891917e-01  2.956035e-01  1.600373e-01 -9.478030e-02  1.041369e-01  1.691092e-01  2.800280e-01 -1.093819e-02 -2.212627e-01 -1.303006e-02  1.718415e-01 -7.101765e-02 -6.523936e-02 -7.840220e-02 -1.601536e-01  2.612234e-08
grad: -1.039275e-16  5.930394e-17 -3.657467e-17  6.712261e-18 -1.377222e-16  9.115721e-17  1.300854e-17  7.664098e-17  8.477034e-17  7.038146e-17 -1.464936e-16  1.290371e-16  1.529506e-16  1.468246e-16 -1.590167e-17 -3.104221e-17  2.132825e-17 -1.199803e-16  1.580956e-17 -7.693022e-19 -1.387074e-16 -1.712749e-16 -9.144292e-18  1.235557e-16 -3.380911e-17 -8.219673e-17  3.826861e-17  5.119116e-17  6.089037e-17  1.044868e-16  1.022201e-16  1.513341e-16  7.678708e-17  2.432375e-17 -1.961549e-16  1.224850e-16 -1.712622e-16 -5.673462e-17  5.590821e-17 -5.488725e-17  5.038713e-13
finished in 26 iterations (0.107 seconds total)
max viol = 3.11719e-07
