---------------------
Basis Indices:
---------------------

{-, -, -, -, -, -, -, -, -, -, -}, {-, -, -, -, -, -, -, -, -, -, -}, {-, -, -, -, -, -, -, -, -, -, -}, {}, {}, {}, {}, {}, {}, {}, {}


{-, -, -, -, -, -, -, -, -, -, -}, {-, 133+i496, 134+i497, 135+i498, 136+i499, 137+i500, 138+i501, 139+i502, 140+i503, 141+i504, 142+i505}, {-, 144+i507, 145+i508, 146+i509, 147+i510, 148+i511, 149+i512, 150+i513, 151+i514, 152+i515, 153+i516}, {}, {}, {}, {}, {}, {}, {}, {}


{-, 243+i606, 244+i607, 245+i608, 246+i609, 247+i610, 248+i611, 249+i612, 250+i613, 251+i614, 252+i615}, {-, 254+i617, 255+i618, 256+i619, 257+i620, 258+i621, 259+i622, 260+i623, 261+i624, 262+i625, 263+i626}, {-, 265+i628, 266+i629, 267+i630, 268+i631, 269+i632, 270+i633, 271+i634, 272+i635, 273+i636, 274+i637}, {}, {}, {}, {}, {}, {}, {}, {}

---------------------
Index Mapping: 
---------------------

{732: 106, 731: 105, 730: 104, 729: 103, 728: 102, 727: 101, 726: 100, 622: 85, 621: 84, 620: 83, 619: 82, 618: 81, 617: 80, 615: 79, 614: 78, 613: 77, 612: 76, 611: 75, 737: 111, 610: 74, 736: 110, 609: 73, 735: 109, 608: 72, 734: 108, 607: 71, 733: 107, 606: 70, 634: 96, 507: 60, 153: 19, 152: 18, 270: 45, 151: 17, 150: 16, 149: 15, 148: 14, 629: 91, 248: 25, 502: 56, 628: 90, 247: 24, 501: 55, 630: 92, 503: 57, 249: 26, 632: 94, 505: 59, 251: 28, 246: 23, 500: 54, 631: 93, 504: 58, 250: 27, 633: 95, 252: 29, 635: 97, 508: 61, 254: 30, 137: 4, 636: 98, 509: 62, 255: 31, 265: 40, 138: 5, 637: 99, 510: 63, 256: 32, 266: 41, 139: 6, 511: 64, 257: 33, 267: 42, 140: 7, 512: 65, 258: 34, 268: 43, 141: 8, 513: 66, 259: 35, 269: 44, 142: 9, 514: 67, 133: 0, 260: 36, 623: 86, 496: 50, 271: 46, 144: 10, 516: 69, 135: 2, 262: 38, 625: 88, 244: 21, 498: 52, 136: 3, 263: 39, 626: 89, 245: 22, 499: 53, 515: 68, 134: 1, 261: 37, 624: 87, 243: 20, 497: 51, 145: 11, 272: 47, 146: 12, 273: 48, 147: 13, 274: 49}

---------------------
Final Problem: 
---------------------
Find a point satisfying:

1*{ 52 62} + 1*{ 57 67} + 1*{  7 17} + 1*{ 56 66} + 1*{  2 12} + 1*{ 58 68} + 0.0909091*{} + 1*{  9 19} + 1*{ 55 65} + 1*{ 50 60} + 1*{  8 18} + 1*{ 59 69} + 1*{  4 14} + 1*{  5 15} + 1*{ 53 63} + 1*{  3 13} + 1*{ 54 64} + 1*{  1 11} + 1*{  0 10} + 1*{ 51 61} + 1*{  6 16} = 0 

-1*{ 12 52} + 1*{  4 64} + -1*{ 18 58} + 1*{  7 67} + 1*{  6 66} + 1*{  8 68} + -1*{ 10 50} + -1*{ 13 53} + 1*{  5 65} + 1*{  3 63} + -1*{ 19 59} + -1*{ 11 51} + 1*{  2 62} + 1*{  1 61} + 1*{  0 60} + -1*{ 14 54} + -1*{ 16 56} + 1*{  9 69} + -1*{ 15 55} + -1*{ 17 57} = 0 

-0.0909091*{} + 1*{101101} + 1*{100100} = 0 

1*{  7 27} + 1*{ 52 72} + 1*{  6 26} + 1*{ 57 77} + -1*{100} + 1*{  0 20} + 1*{ 50 70} + 1*{ 55 75} + 1*{ 51 71} + 1*{  1 21} + 0.0909091*{} + 1*{  2 22} + 1*{ 56 76} + 1*{  5 25} + 1*{  9 29} + 1*{ 58 78} + 1*{ 54 74} + 1*{  3 23} + 1*{ 53 73} + 1*{  4 24} + 1*{  8 28} + 1*{ 59 79} = 0 

1*{  6 76} + 1*{  0 70} + 1*{  7 77} + 1*{  4 74} + -1*{101} + -1*{ 20 50} + -1*{ 24 54} + 1*{  8 78} + 1*{  5 75} + -1*{ 29 59} + -1*{ 27 57} + 1*{  1 71} + -1*{ 26 56} + -1*{ 28 58} + 1*{  2 72} + 1*{  3 73} + -1*{ 22 52} + -1*{ 25 55} + -1*{ 21 51} + 1*{  9 79} + -1*{ 23 53} = 0 

1*{103103} + -0.0909091*{} + 1*{102102} = 0 

1*{  7 37} + 1*{ 53 83} + 1*{ 58 88} + 1*{  3 33} + 1*{  5 35} + 0.0909091*{} + 1*{  6 36} + 1*{ 51 81} + 1*{  4 34} + 1*{  8 38} + 1*{ 56 86} + 1*{ 57 87} + 1*{ 52 82} + -1*{102} + 1*{  1 31} + 1*{ 55 85} + 1*{  0 30} + 1*{  9 39} + 1*{ 50 80} + 1*{ 54 84} + 1*{ 59 89} + 1*{  2 32} = 0 

1*{  2 82} + -1*{ 35 55} + 1*{  3 83} + 1*{  7 87} + -1*{ 31 51} + -1*{ 39 59} + 1*{  5 85} + -1*{ 30 50} + 1*{  8 88} + 1*{  9 89} + 1*{  4 84} + -1*{ 36 56} + 1*{  6 86} + -1*{ 38 58} + -1*{ 33 53} + 1*{  1 81} + -1*{ 32 52} + -1*{103} + -1*{ 34 54} + -1*{ 37 57} + 1*{  0 80} = 0 

-0.0909091*{} + 1*{105105} + 1*{104104} = 0 

1*{ 58 98} + 1*{ 50 90} + 0.0909091*{} + 1*{  9 49} + 1*{  0 40} + 1*{ 53 93} + 1*{ 59 99} + 1*{ 55 95} + -1*{104} + 1*{  6 46} + 1*{  3 43} + 1*{ 52 92} + 1*{  4 44} + 1*{ 57 97} + 1*{  2 42} + 1*{  7 47} + 1*{ 54 94} + 1*{ 51 91} + 1*{  1 41} + 1*{  5 45} + 1*{ 56 96} + 1*{  8 48} = 0 

-1*{105} + -1*{ 42 52} + 1*{  2 92} + 1*{  0 90} + 1*{  4 94} + -1*{ 45 55} + -1*{ 49 59} + -1*{ 40 50} + -1*{ 43 53} + -1*{ 46 56} + 1*{  1 91} + -1*{ 48 58} + 1*{  8 98} + -1*{ 47 57} + -1*{ 41 51} + 1*{  7 97} + 1*{  3 93} + 1*{  9 99} + -1*{ 44 54} + 1*{  5 95} + 1*{  6 96} = 0 

-0.0909091*{} + 1*{ 50 50} + 1*{  0  0} = 0 

-0.0909091*{} + 1*{  1  1} + 1*{ 51 51} = 0 

0.181818*{  1  2} + 0.0909091*{ 59 59} + 0.181818*{ 54 58} + 0.181818*{ 54 56} + 0.0909091*{  2  2} + 0.181818*{ 50 55} + 0.181818*{ 53 57} + 0.0909091*{ 51 51} + 0.0548202*{  9} + 0.181818*{ 58 59} + 0.181818*{  2  9} + 0.181818*{ 51 56} + 0.181818*{  5  9} + 0.181818*{ 50 57} + 0.181818*{ 57 59} + 0.181818*{ 51 55} + 0.00826446*{} + 0.0548202*{  1} + 0.181818*{  3  9} + 0.181818*{ 50 53} + 0.181818*{ 52 57} + 0.181818*{  6  8} + 0.0548202*{  6} + 0.181818*{ 57 58} + 0.181818*{  5  8} + 0.181818*{  0  8} + 0.181818*{  7  9} + 0.181818*{ 55 57} + 0.0548202*{  8} + 0.181818*{  0  6} + 0.181818*{  4  8} + 0.0548202*{  3} + 0.181818*{ 55 56} + 0.0548202*{  4} + 0.181818*{  1  8} + 0.181818*{ 52 56} + 0.181818*{  0  1} + 0.181818*{ 53 59} + 0.0909091*{  3  3} + 0.181818*{ 54 59} + 0.181818*{ 50 58} + 0.181818*{  7  8} + 0.181818*{ 56 57} + 0.181818*{  1  7} + 0.181818*{  3  8} + 0.181818*{ 52 59} + 0.181818*{  1  3} + 0.181818*{ 50 51} + 0.0909091*{  7  7} + 0.181818*{  1  5} + 0.181818*{  1  6} + 0.181818*{ 51 58} + 0.0909091*{ 55 55} + 0.181818*{ 54 57} + 0.181818*{ 53 56} + 0.181818*{  3  4} + 0.181818*{  1  4} + 0.181818*{ 51 53} + 0.181818*{ 53 54} + 0.181818*{ 53 55} + 0.181818*{ 55 58} + 0.0909091*{ 56 56} + 0.181818*{  1  9} + 0.181818*{  3  6} + 0.181818*{ 56 59} + 0.181818*{  2  8} + 0.0909091*{ 58 58} + 0.0909091*{  1  1} + 0.181818*{ 50 54} + 0.181818*{  0  4} + 0.181818*{  2  3} + 0.181818*{  0  9} + 0.181818*{  5  6} + 0.181818*{ 50 52} + 0.181818*{ 50 59} + 0.0909091*{  8  8} + 0.0548202*{  7} + 0.181818*{  0  7} + 0.181818*{  8  9} + 0.181818*{  3  5} + 0.181818*{  2  7} + 0.181818*{ 51 52} + 0.181818*{  0  5} + 0.0548202*{  5} + 0.0909091*{  9  9} + 0.0909091*{ 54 54} + 0.0909091*{ 53 53} + 0.181818*{  2  6} + 0.0548202*{  0} + 0.181818*{ 51 57} + 0.0909091*{  5  5} + 0.0909091*{  6  6} + 0.181818*{  2  5} + 0.181818*{ 55 59} + 0.181818*{  4  7} + 0.181818*{  4  9} + 0.181818*{ 50 56} + 0.181818*{ 53 58} + 0.0909091*{ 50 50} + 0.181818*{ 52 58} + 0.0909091*{  4  4} + 0.181818*{  4  5} + 0.181818*{  6  7} + 0.181818*{ 52 53} + 0.181818*{  4  6} + 0.181818*{  3  7} + 0.181818*{  0  2} + 0.181818*{ 52 55} + 0.181818*{ 56 58} + 0.0548202*{  2} + 0.181818*{  0  3} + 0.181818*{ 52 54} + 0.181818*{ 51 59} + 0.0909091*{  0  0} + 0.181818*{  6  9} + 0.181818*{  5  7} + 0.181818*{  2  4} + 0.0909091*{ 57 57} + 0.181818*{ 54 55} + 0.0909091*{ 52 52} + 0.181818*{ 51 54} = 0 

-0.0909091*{} + 1*{106106} + 1*{107107} = 0 

1*{ 69 79} + 1*{ 62 72} + 1*{ 63 73} + 1*{ 66 76} + 0.0909091*{} + 1*{ 17 27} + 1*{ 16 26} + 1*{ 14 24} + 1*{ 60 70} + 1*{ 10 20} + 1*{ 12 22} + 1*{ 15 25} + 1*{ 18 28} + 1*{ 68 78} + 1*{ 65 75} + 1*{ 19 29} + 1*{ 64 74} + 1*{ 11 21} + 1*{ 61 71} + 1*{ 67 77} + -1*{106} + 1*{ 13 23} = 0 

-1*{ 28 68} + -1*{ 27 67} + 1*{ 19 79} + -1*{ 20 60} + 1*{ 11 71} + -1*{107} + -1*{ 24 64} + 1*{ 15 75} + 1*{ 13 73} + 1*{ 12 72} + -1*{ 22 62} + -1*{ 25 65} + -1*{ 21 61} + 1*{ 16 76} + 1*{ 14 74} + 1*{ 17 77} + -1*{ 29 69} + 1*{ 10 70} + 1*{ 18 78} + -1*{ 26 66} + -1*{ 23 63} = 0 

-0.0909091*{} + 1*{109109} + 1*{108108} = 0 

1*{ 16 36} + 1*{ 10 30} + 1*{ 12 32} + 1*{ 69 89} + 1*{ 13 33} + 1*{ 65 85} + 1*{ 68 88} + 1*{ 61 81} + 1*{ 19 39} + 1*{ 62 82} + 1*{ 64 84} + 1*{ 18 38} + 0.0909091*{} + 1*{ 67 87} + 1*{ 11 31} + -1*{108} + 1*{ 15 35} + 1*{ 14 34} + 1*{ 17 37} + 1*{ 60 80} + 1*{ 66 86} + 1*{ 63 83} = 0 

-1*{ 37 67} + 1*{ 17 87} + -1*{109} + 1*{ 19 89} + -1*{ 39 69} + -1*{ 38 68} + -1*{ 30 60} + -1*{ 31 61} + 1*{ 12 82} + -1*{ 36 66} + -1*{ 33 63} + -1*{ 35 65} + 1*{ 14 84} + 1*{ 15 85} + 1*{ 11 81} + 1*{ 16 86} + 1*{ 18 88} + 1*{ 10 80} + 1*{ 13 83} + -1*{ 34 64} + -1*{ 32 62} = 0 

-0.0909091*{} + 1*{111111} + 1*{110110} = 0 

1*{ 68 98} + 1*{ 19 49} + 1*{ 64 94} + 1*{ 63 93} + 1*{ 16 46} + 1*{ 67 97} + 1*{ 11 41} + 1*{ 12 42} + 0.0909091*{} + -1*{110} + 1*{ 15 45} + 1*{ 10 40} + 1*{ 69 99} + 1*{ 18 48} + 1*{ 66 96} + 1*{ 65 95} + 1*{ 60 90} + 1*{ 14 44} + 1*{ 62 92} + 1*{ 61 91} + 1*{ 17 47} + 1*{ 13 43} = 0 

1*{ 10 90} + 1*{ 13 93} + -1*{ 48 68} + 1*{ 14 94} + -1*{ 43 63} + 1*{ 17 97} + 1*{ 19 99} + 1*{ 18 98} + 1*{ 11 91} + -1*{ 49 69} + -1*{ 46 66} + -1*{ 42 62} + -1*{ 41 61} + -1*{111} + -1*{ 47 67} + -1*{ 44 64} + 1*{ 16 96} + -1*{ 45 65} + 1*{ 12 92} + 1*{ 15 95} + -1*{ 40 60} = 0 

-0.0909091*{} + 1*{ 60 60} + 1*{ 10 10} = 0 

-0.0909091*{} + 1*{ 61 61} + 1*{ 11 11} = 0 

0.181818*{ 60 61} + 0.181818*{ 14 17} + 0.0909091*{ 14 14} + 0.181818*{ 18 19} + 0.181818*{ 63 65} + 0.0909091*{ 10 10} + 0.181818*{ 64 68} + 0.181818*{ 63 68} + 0.181818*{ 12 15} + 0.181818*{ 68 69} + 0.181818*{ 64 66} + 0.0909091*{ 64 64} + 0.181818*{ 62 68} + 0.0548202*{ 16} + 0.181818*{ 60 64} + 0.181818*{ 61 68} + 0.0548202*{ 14} + 0.181818*{ 10 16} + 0.181818*{ 61 63} + 0.181818*{ 65 69} + 0.0548202*{ 10} + 0.181818*{ 60 63} + 0.0909091*{ 17 17} + 0.181818*{ 14 16} + 0.181818*{ 11 12} + 0.181818*{ 12 14} + 0.181818*{ 14 19} + 0.181818*{ 12 13} + 0.181818*{ 11 15} + 0.0909091*{ 63 63} + 0.181818*{ 60 68} + 0.0909091*{ 61 61} + 0.0909091*{ 18 18} + 0.0909091*{ 13 13} + 0.181818*{ 61 67} + 0.181818*{ 13 14} + 0.0909091*{ 66 66} + 0.181818*{ 13 18} + 0.181818*{ 10 11} + 0.181818*{ 60 62} + 0.181818*{ 16 17} + 0.0909091*{ 19 19} + 0.0909091*{ 67 67} + 0.0909091*{ 62 62} + 0.181818*{ 11 16} + 0.181818*{ 66 69} + 0.0909091*{ 65 65} + 0.181818*{ 63 66} + 0.181818*{ 66 68} + 0.181818*{ 61 64} + 0.0548202*{ 12} + 0.181818*{ 10 19} + 0.181818*{ 64 65} + 0.181818*{ 14 15} + 0.0909091*{ 68 68} + 0.181818*{ 60 65} + 0.181818*{ 17 18} + 0.181818*{ 13 19} + 0.0548202*{ 11} + 0.181818*{ 62 66} + 0.181818*{ 64 67} + 0.181818*{ 61 66} + 0.181818*{ 60 66} + 0.181818*{ 62 63} + 0.181818*{ 10 13} + 0.181818*{ 12 19} + 0.181818*{ 14 18} + 0.0909091*{ 11 11} + 0.181818*{ 10 12} + 0.0909091*{ 60 60} + 0.181818*{ 63 67} + 0.181818*{ 11 18} + 0.181818*{ 63 64} + 0.181818*{ 12 18} + 0.181818*{ 10 15} + 0.00826446*{} + 0.181818*{ 61 69} + 0.181818*{ 13 17} + 0.181818*{ 66 67} + 0.181818*{ 15 19} + 0.181818*{ 13 15} + 0.181818*{ 62 69} + 0.181818*{ 13 16} + 0.181818*{ 65 66} + 0.181818*{ 62 65} + 0.0909091*{ 12 12} + 0.181818*{ 11 17} + 0.0909091*{ 69 69} + 0.181818*{ 12 16} + 0.0548202*{ 19} + 0.181818*{ 62 67} + 0.0548202*{ 18} + 0.181818*{ 60 67} + 0.181818*{ 10 18} + 0.181818*{ 15 16} + 0.0909091*{ 15 15} + 0.0909091*{ 16 16} + 0.181818*{ 11 13} + 0.181818*{ 15 18} + 0.0548202*{ 17} + 0.181818*{ 67 69} + 0.181818*{ 65 67} + 0.181818*{ 62 64} + 0.181818*{ 64 69} + 0.181818*{ 16 19} + 0.181818*{ 11 19} + 0.0548202*{ 13} + 0.181818*{ 67 68} + 0.181818*{ 12 17} + 0.181818*{ 16 18} + 0.181818*{ 11 14} + 0.181818*{ 10 14} + 0.181818*{ 65 68} + 0.181818*{ 60 69} + 0.181818*{ 15 17} + 0.181818*{ 17 19} + 0.181818*{ 63 69} + 0.0548202*{ 15} + 0.181818*{ 61 65} + 0.181818*{ 10 17} + 0.181818*{ 61 62} = 0 

0.0909091*{} + 1*{ 21 31} + 1*{ 76 86} + 1*{ 70 80} + 1*{ 78 88} + 1*{ 27 37} + 1*{ 79 89} + 1*{ 22 32} + 1*{ 29 39} + 1*{ 28 38} + 1*{ 77 87} + 1*{ 25 35} + 1*{ 75 85} + 1*{ 71 81} + 1*{ 20 30} + 1*{ 23 33} + 1*{ 72 82} + 1*{ 24 34} + 1*{ 74 84} + 1*{ 73 83} + 1*{ 26 36} = 0 

1*{ 27 87} + -1*{ 33 73} + -1*{ 36 76} + 1*{ 21 81} + 1*{ 28 88} + -1*{ 30 70} + 1*{ 25 85} + 1*{ 23 83} + 1*{ 22 82} + -1*{ 39 79} + -1*{ 31 71} + 1*{ 29 89} + -1*{ 37 77} + 1*{ 26 86} + -1*{ 38 78} + 1*{ 24 84} + -1*{ 35 75} + 1*{ 20 80} + -1*{ 32 72} + -1*{ 34 74} = 0 

1*{ 72 92} + 1*{ 78 98} + 1*{ 79 99} + 1*{ 77 97} + 1*{ 21 41} + 1*{ 29 49} + 1*{ 71 91} + 1*{ 28 48} + 1*{ 25 45} + 1*{ 20 40} + 1*{ 26 46} + 1*{ 22 42} + 1*{ 27 47} + 1*{ 70 90} + 1*{ 76 96} + 1*{ 73 93} + 1*{ 24 44} + 1*{ 23 43} + 1*{ 74 94} + 0.0909091*{} + 1*{ 75 95} = 0 

1*{ 26 96} + -1*{ 40 70} + 1*{ 23 93} + 1*{ 20 90} + 1*{ 29 99} + 1*{ 22 92} + -1*{ 46 76} + 1*{ 21 91} + -1*{ 45 75} + 1*{ 27 97} + 1*{ 24 94} + -1*{ 48 78} + -1*{ 41 71} + -1*{ 44 74} + 1*{ 25 95} + -1*{ 47 77} + -1*{ 49 79} + 1*{ 28 98} + -1*{ 42 72} + -1*{ 43 73} = 0 

-0.0909091*{} + 1*{ 70 70} + 1*{ 20 20} = 0 

-0.0909091*{} + 1*{ 71 71} + 1*{ 21 21} = 0 

0.181818*{ 20 25} + 0.181818*{ 22 26} + 0.181818*{ 76 77} + 0.181818*{ 23 26} + 0.0548202*{ 26} + 0.0909091*{ 28 28} + 0.181818*{ 22 23} + 0.0909091*{ 70 70} + 0.181818*{ 21 26} + 0.181818*{ 70 78} + 0.181818*{ 72 73} + 0.0909091*{ 71 71} + 0.181818*{ 20 27} + 0.181818*{ 24 25} + 0.0909091*{ 72 72} + 0.181818*{ 24 27} + 0.0548202*{ 29} + 0.181818*{ 70 76} + 0.0909091*{ 21 21} + 0.181818*{ 23 24} + 0.0909091*{ 77 77} + 0.181818*{ 78 79} + 0.181818*{ 71 79} + 0.181818*{ 20 23} + 0.181818*{ 72 74} + 0.181818*{ 20 22} + 0.0548202*{ 21} + 0.0909091*{ 75 75} + 0.181818*{ 75 76} + 0.181818*{ 25 27} + 0.181818*{ 20 24} + 0.181818*{ 23 28} + 0.181818*{ 73 77} + 0.181818*{ 21 29} + 0.181818*{ 22 28} + 0.181818*{ 20 26} + 0.181818*{ 22 25} + 0.181818*{ 22 24} + 0.181818*{ 20 21} + 0.0909091*{ 74 74} + 0.181818*{ 26 28} + 0.181818*{ 72 75} + 0.181818*{ 21 22} + 0.0548202*{ 23} + 0.181818*{ 24 26} + 0.181818*{ 70 75} + 0.181818*{ 72 79} + 0.0909091*{ 22 22} + 0.0909091*{ 24 24} + 0.181818*{ 71 76} + 0.181818*{ 28 29} + 0.181818*{ 76 79} + 0.181818*{ 70 71} + 0.181818*{ 21 24} + 0.181818*{ 27 28} + 0.181818*{ 77 79} + 0.181818*{ 73 75} + 0.0548202*{ 20} + 0.181818*{ 75 79} + 0.0909091*{ 79 79} + 0.0909091*{ 76 76} + 0.181818*{ 21 25} + 0.0909091*{ 26 26} + 0.0548202*{ 22} + 0.181818*{ 71 78} + 0.181818*{ 25 28} + 0.181818*{ 25 26} + 0.181818*{ 75 78} + 0.181818*{ 70 74} + 0.181818*{ 73 74} + 0.181818*{ 21 27} + 0.181818*{ 26 29} + 0.181818*{ 23 27} + 0.0548202*{ 27} + 0.181818*{ 71 72} + 0.181818*{ 76 78} + 0.181818*{ 70 72} + 0.181818*{ 74 79} + 0.0909091*{ 23 23} + 0.181818*{ 21 23} + 0.181818*{ 20 28} + 0.181818*{ 20 29} + 0.181818*{ 71 73} + 0.181818*{ 74 76} + 0.181818*{ 24 29} + 0.181818*{ 70 73} + 0.0909091*{ 27 27} + 0.0909091*{ 73 73} + 0.181818*{ 72 76} + 0.0909091*{ 78 78} + 0.181818*{ 21 28} + 0.0548202*{ 24} + 0.181818*{ 23 25} + 0.181818*{ 77 78} + 0.181818*{ 72 77} + 0.181818*{ 75 77} + 0.0548202*{ 25} + 0.181818*{ 23 29} + 0.181818*{ 71 77} + 0.181818*{ 70 79} + 0.181818*{ 73 79} + 0.0909091*{ 20 20} + 0.181818*{ 26 27} + 0.181818*{ 74 77} + 0.181818*{ 71 75} + 0.181818*{ 72 78} + 0.00826446*{} + 0.181818*{ 73 78} + 0.0909091*{ 25 25} + 0.181818*{ 24 28} + 0.181818*{ 70 77} + 0.181818*{ 25 29} + 0.181818*{ 74 78} + 0.0548202*{ 28} + 0.181818*{ 71 74} + 0.181818*{ 22 29} + 0.181818*{ 74 75} + 0.181818*{ 22 27} + 0.181818*{ 27 29} + 0.181818*{ 73 76} + 0.0909091*{ 29 29} = 0 

1*{ 85 95} + 1*{ 39 49} + 1*{ 34 44} + 0.0909091*{} + 1*{ 80 90} + 1*{ 30 40} + 1*{ 37 47} + 1*{ 86 96} + 1*{ 38 48} + 1*{ 35 45} + 1*{ 31 41} + 1*{ 81 91} + 1*{ 33 43} + 1*{ 36 46} + 1*{ 87 97} + 1*{ 82 92} + 1*{ 84 94} + 1*{ 83 93} + 1*{ 88 98} + 1*{ 32 42} + 1*{ 89 99} = 0 

-1*{ 42 82} + -1*{ 46 86} + -1*{ 41 81} + -1*{ 40 80} + -1*{ 44 84} + 1*{ 33 93} + -1*{ 43 83} + -1*{ 48 88} + 1*{ 35 95} + -1*{ 47 87} + 1*{ 30 90} + 1*{ 38 98} + 1*{ 31 91} + 1*{ 34 94} + 1*{ 37 97} + 1*{ 32 92} + 1*{ 36 96} + -1*{ 49 89} + -1*{ 45 85} + 1*{ 39 99} = 0 

-0.0909091*{} + 1*{ 80 80} + 1*{ 30 30} = 0 

1*{ 81 81} + -0.0909091*{} + 1*{ 31 31} = 0 

0.181818*{ 30 38} + 0.181818*{ 33 38} + 0.181818*{ 30 34} + 0.0909091*{ 35 35} + 0.181818*{ 81 82} + 0.181818*{ 30 35} + 0.181818*{ 34 35} + 0.181818*{ 36 39} + 0.0909091*{ 32 32} + 0.181818*{ 81 84} + 0.181818*{ 82 89} + 0.0909091*{ 82 82} + 0.181818*{ 34 36} + 0.181818*{ 30 39} + 0.0909091*{ 89 89} + 0.181818*{ 35 36} + 0.181818*{ 37 39} + 0.0909091*{ 88 88} + 0.181818*{ 31 35} + 0.181818*{ 31 36} + 0.181818*{ 31 39} + 0.0909091*{ 83 83} + 0.181818*{ 83 88} + 0.181818*{ 34 39} + 0.181818*{ 31 37} + 0.181818*{ 34 38} + 0.0548202*{ 30} + 0.181818*{ 88 89} + 0.181818*{ 32 35} + 0.181818*{ 82 88} + 0.181818*{ 84 85} + 0.181818*{ 33 35} + 0.181818*{ 35 39} + 0.0909091*{ 84 84} + 0.181818*{ 82 87} + 0.181818*{ 32 38} + 0.181818*{ 85 86} + 0.181818*{ 30 36} + 0.181818*{ 81 88} + 0.181818*{ 30 33} + 0.181818*{ 30 32} + 0.00826446*{} + 0.181818*{ 84 89} + 0.181818*{ 80 83} + 0.181818*{ 38 39} + 0.181818*{ 87 88} + 0.0909091*{ 30 30} + 0.181818*{ 32 34} + 0.181818*{ 82 83} + 0.181818*{ 85 88} + 0.0909091*{ 33 33} + 0.181818*{ 31 32} + 0.181818*{ 36 38} + 0.181818*{ 84 87} + 0.181818*{ 81 85} + 0.181818*{ 83 85} + 0.181818*{ 31 34} + 0.181818*{ 80 86} + 0.181818*{ 85 87} + 0.181818*{ 86 89} + 0.0548202*{ 39} + 0.181818*{ 83 89} + 0.0548202*{ 34} + 0.181818*{ 87 89} + 0.181818*{ 81 83} + 0.0909091*{ 39 39} + 0.181818*{ 80 85} + 0.181818*{ 30 37} + 0.0909091*{ 37 37} + 0.0909091*{ 31 31} + 0.181818*{ 31 33} + 0.0909091*{ 86 86} + 0.0909091*{ 34 34} + 0.0909091*{ 81 81} + 0.181818*{ 82 86} + 0.181818*{ 81 89} + 0.181818*{ 82 84} + 0.181818*{ 82 85} + 0.181818*{ 31 38} + 0.181818*{ 83 84} + 0.0548202*{ 31} + 0.181818*{ 80 84} + 0.181818*{ 86 87} + 0.181818*{ 80 89} + 0.181818*{ 33 39} + 0.181818*{ 35 37} + 0.0548202*{ 35} + 0.181818*{ 37 38} + 0.0909091*{ 85 85} + 0.181818*{ 81 86} + 0.181818*{ 83 86} + 0.0909091*{ 38 38} + 0.181818*{ 85 89} + 0.181818*{ 36 37} + 0.181818*{ 80 81} + 0.181818*{ 81 87} + 0.181818*{ 32 36} + 0.0548202*{ 36} + 0.181818*{ 86 88} + 0.181818*{ 32 37} + 0.181818*{ 33 34} + 0.181818*{ 83 87} + 0.181818*{ 32 39} + 0.0548202*{ 33} + 0.181818*{ 32 33} + 0.181818*{ 34 37} + 0.0909091*{ 80 80} + 0.181818*{ 80 88} + 0.0548202*{ 38} + 0.181818*{ 80 82} + 0.181818*{ 84 88} + 0.0548202*{ 32} + 0.0909091*{ 36 36} + 0.181818*{ 30 31} + 0.181818*{ 33 37} + 0.181818*{ 80 87} + 0.0909091*{ 87 87} + 0.181818*{ 35 38} + 0.181818*{ 84 86} + 0.0548202*{ 37} + 0.181818*{ 33 36} = 0 

-0.0909091*{} + 1*{ 90 90} + 1*{ 40 40} = 0 

-0.0909091*{} + 1*{ 91 91} + 1*{ 41 41} = 0 

0.181818*{ 90 91} + 0.0909091*{ 91 91} + 0.181818*{ 45 48} + 0.181818*{ 46 48} + 0.181818*{ 40 42} + 0.181818*{ 90 93} + 0.181818*{ 46 47} + 0.0909091*{ 47 47} + 0.181818*{ 98 99} + 0.181818*{ 92 95} + 0.181818*{ 92 98} + 0.0909091*{ 93 93} + 0.181818*{ 92 93} + 0.181818*{ 93 98} + 0.0909091*{ 97 97} + 0.181818*{ 40 47} + 0.181818*{ 97 99} + 0.181818*{ 93 97} + 0.181818*{ 90 94} + 0.181818*{ 43 49} + 0.181818*{ 47 48} + 0.181818*{ 90 96} + 0.181818*{ 91 96} + 0.181818*{ 94 98} + 0.181818*{ 44 47} + 0.181818*{ 90 97} + 0.181818*{ 96 97} + 0.181818*{ 41 47} + 0.181818*{ 40 41} + 0.181818*{ 92 99} + 0.0909091*{ 92 92} + 0.181818*{ 95 96} + 0.181818*{ 48 49} + 0.181818*{ 45 49} + 0.181818*{ 42 48} + 0.0909091*{ 48 48} + 0.181818*{ 43 46} + 0.181818*{ 93 94} + 0.181818*{ 41 44} + 0.0909091*{ 98 98} + 0.181818*{ 94 95} + 0.181818*{ 42 44} + 0.0548202*{ 47} + 0.181818*{ 90 95} + 0.0909091*{ 90 90} + 0.181818*{ 45 47} + 0.181818*{ 91 93} + 0.181818*{ 41 45} + 0.181818*{ 42 47} + 0.181818*{ 93 96} + 0.0909091*{ 44 44} + 0.181818*{ 93 99} + 0.181818*{ 96 98} + 0.181818*{ 44 46} + 0.181818*{ 40 45} + 0.181818*{ 90 92} + 0.0548202*{ 44} + 0.0548202*{ 48} + 0.181818*{ 42 43} + 0.0548202*{ 40} + 0.181818*{ 92 97} + 0.181818*{ 46 49} + 0.181818*{ 91 92} + 0.181818*{ 97 98} + 0.0548202*{ 46} + 0.181818*{ 40 43} + 0.0548202*{ 49} + 0.181818*{ 41 49} + 0.0909091*{ 42 42} + 0.0909091*{ 95 95} + 0.181818*{ 91 95} + 0.181818*{ 41 42} + 0.181818*{ 43 48} + 0.0909091*{ 41 41} + 0.181818*{ 41 48} + 0.181818*{ 42 46} + 0.0909091*{ 43 43} + 0.181818*{ 95 99} + 0.0909091*{ 40 40} + 0.181818*{ 90 98} + 0.181818*{ 43 45} + 0.181818*{ 93 95} + 0.0909091*{ 46 46} + 0.181818*{ 94 97} + 0.181818*{ 91 97} + 0.181818*{ 40 46} + 0.181818*{ 94 96} + 0.181818*{ 90 99} + 0.181818*{ 91 99} + 0.181818*{ 45 46} + 0.181818*{ 92 94} + 0.181818*{ 47 49} + 0.181818*{ 43 47} + 0.181818*{ 42 45} + 0.0909091*{ 94 94} + 0.00826446*{} + 0.181818*{ 40 44} + 0.181818*{ 95 98} + 0.181818*{ 92 96} + 0.181818*{ 43 44} + 0.181818*{ 91 94} + 0.181818*{ 42 49} + 0.181818*{ 91 98} + 0.181818*{ 40 49} + 0.0909091*{ 49 49} + 0.181818*{ 44 45} + 0.181818*{ 95 97} + 0.181818*{ 40 48} + 0.0909091*{ 45 45} + 0.0548202*{ 41} + 0.181818*{ 96 99} + 0.0548202*{ 45} + 0.0909091*{ 96 96} + 0.181818*{ 41 46} + 0.0909091*{ 99 99} + 0.0548202*{ 42} + 0.0548202*{ 43} + 0.181818*{ 94 99} + 0.181818*{ 41 43} + 0.181818*{ 44 48} + 0.181818*{ 44 49} = 0 

-2048*{ 62} + 4*{ 58} + 128*{  0} + -16*{ 67} + -8*{ 18} + 256*{ 51} + 65536*{  4} + -1*{ 69} + 2048*{ 52} + -256*{ 61} + 8*{  8} + 64*{ 56} + 32*{  7} + 1*{ 59} + -128*{ 10} + -512*{ 60} + -2*{ 19} + 2*{  9} + -262144*{ 15} + -16384*{ 13} + -4*{ 68} + 32768*{ 54} + -1024*{ 11} + -8192*{ 63} + -64*{ 66} + 16384*{  3} + -65536*{ 14} + 262144*{  5} + 1024*{  1} + 512*{ 50} + -131072*{ 65} + 131072*{ 55} + 4096*{  2} + -4096*{ 12} + 16*{ 57} + -524288*{ 16} + -32*{ 17} + -32768*{ 64} + 524288*{  6} + 8192*{ 53} > 0 

-131072*{ 85} + 16*{ 77} + 4096*{ 22} + -8*{ 38} + 4*{ 78} + -32768*{ 84} + -8192*{ 83} + 32*{ 27} + -256*{ 81} + -512*{ 80} + 512*{ 70} + 1024*{ 21} + 32768*{ 74} + -2048*{ 82} + -64*{ 86} + 2*{ 29} + 2048*{ 72} + -1024*{ 31} + -16*{ 87} + 16384*{ 23} + -16384*{ 33} + -4*{ 88} + 131072*{ 75} + 256*{ 71} + -4096*{ 32} + -128*{ 30} + 8*{ 28} + 65536*{ 24} + -32*{ 37} + -1*{ 89} + 64*{ 76} + 262144*{ 25} + -2*{ 39} + -524288*{ 36} + 524288*{ 26} + -65536*{ 34} + -262144*{ 35} + 128*{ 20} + 8192*{ 73} + 1*{ 79} > 0 

-64*{ 96} + -1*{ 99} + -16384*{ 43} + 8*{ 38} + 32768*{ 84} + 1024*{ 31} + 262144*{ 35} + -128*{ 40} + -16*{ 97} + 4*{ 88} + -256*{ 91} + 128*{ 30} + -131072*{ 95} + -512*{ 90} + -32*{ 47} + -524288*{ 46} + -4096*{ 42} + 256*{ 81} + 512*{ 80} + -2048*{ 92} + -1024*{ 41} + -8192*{ 93} + 4096*{ 32} + -262144*{ 45} + 64*{ 86} + -2*{ 49} + 2048*{ 82} + -4*{ 98} + -32768*{ 94} + 8192*{ 83} + 131072*{ 85} + 2*{ 39} + 524288*{ 36} + 65536*{ 34} + -8*{ 48} + -65536*{ 44} + 16*{ 87} + 16384*{ 33} + 32*{ 37} + 1*{ 89} > 0 

-1*{ 79} + -128*{ 20} + 8*{  8} + -32768*{ 74} + 2*{  9} + -131072*{ 75} + 4*{ 58} + -512*{ 70} + 128*{  0} + -32*{ 27} + -8192*{ 73} + 1*{ 59} + 32*{  7} + 16*{ 57} + 4096*{  2} + 131072*{ 55} + -2*{ 29} + -2048*{ 72} + 8192*{ 53} + -262144*{ 25} + 256*{ 51} + 16384*{  3} + -8*{ 28} + -65536*{ 24} + 65536*{  4} + -524288*{ 26} + 2048*{ 52} + 32768*{ 54} + -256*{ 71} + 262144*{  5} + -16*{ 77} + 64*{ 56} + -4*{ 78} + -1024*{ 21} + 512*{ 50} + 1024*{  1} + -4096*{ 22} + -16384*{ 23} + -64*{ 76} + 524288*{  6} > 0 

512*{  0} + -32*{ 21} + -2*{ 41} + -16*{ 71} + -256*{ 51} + 16*{ 70} + 2*{ 40} + -8*{ 31} + 8*{ 30} + 64*{ 60} + 256*{ 50} + 1*{ 90} + -128*{ 11} + 32*{ 20} + -512*{  1} + -4*{ 81} + 4*{ 80} + -1*{ 91} + -64*{ 61} + 128*{ 10} > 0 

16*{ 71} + -2*{ 42} + -64*{ 62} + -1*{ 92} + -32*{ 22} + 2*{ 41} + -8*{ 32} + -4*{ 82} + -128*{ 12} + -16*{ 72} + 32*{ 21} + 8*{ 31} + 256*{ 51} + 512*{  1} + -512*{  2} + 128*{ 11} + 4*{ 81} + -256*{ 52} + 64*{ 61} + 1*{ 91} > 0 

-32*{ 23} + 128*{ 12} + 4*{ 82} + 512*{  2} + 16*{ 72} + 32*{ 22} + 64*{ 62} + -1*{ 93} + -8*{ 33} + -4*{ 83} + 256*{ 52} + -128*{ 13} + -512*{  3} + -2*{ 43} + -16*{ 73} + -256*{ 53} + 8*{ 32} + -64*{ 63} + 2*{ 42} + 1*{ 92} > 0 

4*{ 83} + -64*{ 64} + 32*{ 23} + 64*{ 63} + -16*{ 74} + 2*{ 43} + 16*{ 73} + 512*{  3} + -1*{ 94} + -2*{ 44} + 8*{ 33} + -4*{ 84} + -8*{ 34} + -128*{ 14} + -32*{ 24} + -256*{ 54} + 128*{ 13} + 256*{ 53} + 1*{ 93} + -512*{  4} > 0 

64*{ 64} + 4*{ 84} + -16*{ 75} + -4*{ 85} + 8*{ 34} + 128*{ 14} + 32*{ 24} + -128*{ 15} + 16*{ 74} + 2*{ 44} + -32*{ 25} + -256*{ 55} + -8*{ 35} + -1*{ 95} + -64*{ 65} + 1*{ 94} + 512*{  4} + -512*{  5} + 256*{ 54} + -2*{ 45} > 0 

1*{ 95} + -128*{ 16} + -32*{ 26} + 512*{  5} + 64*{ 65} + -1*{ 96} + 32*{ 25} + -256*{ 56} + -512*{  6} + 16*{ 75} + -16*{ 76} + 4*{ 85} + -64*{ 66} + -2*{ 46} + -4*{ 86} + 2*{ 45} + -8*{ 36} + 128*{ 15} + 8*{ 35} + 256*{ 55} > 0 

-8*{ 37} + 512*{  6} + -2*{ 47} + -512*{  7} + -1*{ 97} + 32*{ 26} + -256*{ 57} + 128*{ 16} + -16*{ 77} + 64*{ 66} + -4*{ 87} + 1*{ 96} + -32*{ 27} + 256*{ 56} + 16*{ 76} + 8*{ 36} + 2*{ 46} + 4*{ 86} + -128*{ 17} + -64*{ 67} > 0 

16*{ 77} + 4*{ 87} + -2*{ 48} + 2*{ 47} + -1*{ 98} + -16*{ 78} + -512*{  8} + 64*{ 67} + -256*{ 58} + -8*{ 38} + 256*{ 57} + -128*{ 18} + -4*{ 88} + 8*{ 37} + 512*{  7} + 1*{ 97} + -32*{ 28} + 32*{ 27} + -64*{ 68} + 128*{ 17} > 0 

-64*{ 69} + 8*{ 38} + -256*{ 59} + -32*{ 29} + 32*{ 28} + 4*{ 88} + 16*{ 78} + 512*{  8} + 64*{ 68} + 128*{ 18} + -2*{ 49} + -512*{  9} + -128*{ 19} + 1*{ 98} + -8*{ 39} + -4*{ 89} + 256*{ 58} + 2*{ 48} + -1*{ 99} + -16*{ 79} > 0 

1*{ 99} > 0 

{3, 3, 3, 3, 3, 2, 2, 2, 2, 2, 2, 2, 2} vars: 112, vectors: 9
1 4.890403e-01 4.890403e-01 1.487301e-14 9.000000e-01
2 1.778639e-01 1.778639e-01 3.877380e-14 9.000000e-01
3 7.547199e-02 7.547199e-02 1.376462e-13 9.000000e-01
4 3.922083e-02 3.922083e-02 3.506850e-13 9.000000e-01
5 2.039804e-02 2.039804e-02 4.556904e-13 9.000000e-01
6 6.442097e-03 6.442097e-03 5.166239e-13 9.000000e-01
7 1.849760e-03 1.849760e-03 5.942113e-13 9.000000e-01
8 5.900565e-04 5.900565e-04 7.777575e-13 9.000000e-01
9 2.084247e-04 2.084247e-04 1.333756e-12 9.000000e-01
10 8.116029e-05 8.116029e-05 2.591526e-12 9.000000e-01
11 2.960172e-05 2.960172e-05 4.618970e-12 9.000000e-01
12 1.081652e-05 1.081652e-05 7.964648e-12 9.000000e-01
13 3.955868e-06 3.955868e-06 1.354885e-11 9.000000e-01
14 1.450082e-06 1.450082e-06 2.296758e-11 9.000000e-01
15 5.314572e-07 5.314572e-07 3.883193e-11 9.000000e-01
16 1.950444e-07 1.950444e-07 6.556298e-11 9.000000e-01
17 7.146284e-08 7.146284e-08 1.102311e-10 9.000000e-01
18 2.620938e-08 2.620938e-08 1.848856e-10 9.000000e-01
19 9.594847e-09 9.594847e-09 3.088811e-10 9.000000e-01
20 3.517657e-09 3.517657e-09 5.155359e-10 9.000000e-01
21 1.287421e-09 1.287421e-09 8.583724e-10 9.000000e-01
22 4.720143e-10 4.720143e-10 1.429808e-09 9.000000e-01
23 1.727517e-10 1.727517e-10 2.378003e-09 9.000000e-01
24 6.334565e-11 6.334565e-11 3.959252e-09 9.000000e-01
25 2.318605e-11 2.318605e-11 6.583767e-09 9.000000e-01
26 8.502293e-12 8.502293e-12 1.096093e-08 9.000000e-01
27 3.112881e-12 3.112881e-12 1.822671e-08 9.000000e-01
28 1.142903e-12 1.142903e-12 3.037501e-08 9.000000e-01
29 4.175890e-13 4.175890e-13 5.049419e-08 9.000000e-01
x:  2.968090e-01  1.801866e-01 -3.080031e-01  1.886551e-01 -7.036155e-02 -2.364232e-01 -3.887857e-01  9.572988e-02 -2.252765e-01  1.666154e-01 -2.764253e-01 -2.681504e-01  3.485134e-01  6.088374e-02  4.524968e-02 -6.988817e-02 -1.155966e-01 -3.117657e-01  6.242500e-03  2.806231e-01  2.327053e-01 -1.853886e-01 -6.531449e-02  9.406946e-02 -4.819950e-01  6.728014e-02  1.051316e-01  1.520823e-01 -1.054190e-01 -1.144256e-01 -5.456709e-02  2.793745e-01  1.362529e-01  3.496080e-02  9.479447e-02 -3.174697e-01  1.009967e-01  1.224372e-01 -3.523252e-01 -3.447537e-01  2.994973e-01 -1.691895e-01 -7.479838e-02 -3.464394e-02  1.408616e-01 -1.266740e-01 -2.311823e-01 -2.437486e-01  1.873403e-01 -4.855889e-02  5.304233e-02  2.417476e-01 -1.031791e-01 -5.759331e-02 -9.007593e-02  2.715605e-01 -1.650172e-01 -2.863054e-01 -1.318096e-01  2.688472e-01 -1.204082e-01  1.378566e-01 -2.328401e-01  1.415551e-01  2.271980e-01  9.477722e-02 -6.879980e-02 -1.147420e-01  3.396609e-02 -9.777622e-02 -1.917220e-01  2.377817e-01  1.418787e-01  2.659042e-01 -2.155903e-01 -3.448665e-01 -1.185989e-01  3.768450e-02 -5.445677e-02  2.406002e-01  2.965325e-01 -1.133974e-01  8.968594e-02 -1.518927e-01  1.258817e-01 -3.035674e-01  4.335696e-02  5.026218e-01 -2.657386e-01 -2.241403e-01  3.479145e-02 -2.495676e-01  4.190482e-01 -8.216133e-02  2.250642e-01  1.092609e-01 -1.106901e-01 -1.906889e-01 -3.547255e-01  1.984106e-01  1.845853e-01  2.384058e-01 -1.298036e-01  2.721399e-01  2.874745e-01 -9.092588e-02 -1.023244e-01  2.836174e-01 -1.832798e-01 -2.394109e-01  4.253857e-02  2.984955e-01  5.049419e-08
grad: -8.101258e-16  1.542528e-16  1.545743e-16  6.852572e-17  1.635426e-17  3.312552e-16  8.763131e-17 -6.036853e-16  4.457908e-16  4.947449e-16 -1.846746e-16  6.831359e-16 -7.632454e-16  1.586364e-16  7.536141e-19  2.335080e-16 -2.281068e-16 -3.489088e-16  1.953285e-16  9.556242e-17  3.575635e-16 -9.209742e-18  4.632538e-17 -2.760100e-16  4.950733e-16 -6.678324e-17  1.322237e-16  1.464065e-16 -1.628053e-16 -5.871787e-16  2.079221e-16  9.919318e-17 -6.891189e-16 -4.285953e-17  5.846308e-17  5.347309e-16 -1.913794e-16 -5.260352e-16  2.856281e-16 -1.137376e-16  2.801135e-16  4.519736e-17 -8.215711e-17 -1.821906e-16  9.533671e-18  2.089753e-16  4.200917e-16  3.289200e-16 -3.398271e-16 -7.022942e-16  9.697264e-17  1.515943e-16 -4.275138e-16  6.816797e-17  2.473783e-16 -1.384799e-16  8.387330e-17 -8.963579e-17  7.366899e-17 -7.485832e-16  5.013315e-16  6.596624e-17 -1.158166e-16 -2.568074e-16 -7.168132e-17  1.645474e-17  1.303933e-16 -2.786671e-17 -2.328356e-16 -5.985954e-16  2.090951e-16 -5.939499e-16  3.557012e-16 -2.958711e-16  3.826303e-17  1.264141e-16  2.907240e-16  4.980031e-16 -3.485746e-18 -3.905856e-17  3.525689e-16 -2.161585e-16  7.675008e-17 -9.272433e-17 -1.326206e-16  2.454563e-16  3.110139e-16  1.025717e-17  7.434662e-17 -4.326377e-16  1.982830e-16 -2.831429e-16  8.161494e-17 -3.762484e-17 -3.331078e-16 -2.642733e-16  3.672233e-16  7.690460e-16  2.505683e-16 -2.435220e-16  8.544567e-16  3.878766e-16  2.270834e-17  1.084402e-15  8.561954e-16  5.735040e-16  5.916037e-16  6.849469e-16 -4.254410e-16  1.001297e-15  3.522165e-16  8.963550e-16  4.175692e-13
finished in 29 iterations (0.36 seconds total)
max viol = 1.86624e-07
