---------------------
Basis Indices:
---------------------

{-, -, -, -, -, -, -, -, -, -, -}, {-, -, -, -, -, -, -, -, -, -, -}, {-, -, -, -, -, -, -, -, -, -, -}, {-, -, -, -, -, -, -, -, -, -, -}, {-, -, -, -, -, -, -, -, -, -, -}, {-, -, -, -, -, -, -, -, -, -, -}, {-, -, -, -, -, -, -, -, -, -, -}, {-, -, -, -, -, -, -, -, -, -, -}, {-, -, -, -, -, -, -, -, -, -, -}, {-, -, -, -, -, -, -, -, -, -, -}, {-, -, -, -, -, -, -, -, -, -, -}


{-, -, -, -, -, -, -, -, -, -, -}, {-, 133+i738, 134+i739, 135+i740, 136+i741, 137+i742, 138+i743, 139+i744, 140+i745, 141+i746, 142+i747}, {-, 144+i749, 145+i750, 146+i751, 147+i752, 148+i753, 149+i754, 150+i755, 151+i756, 152+i757, 153+i758}, {-, 155+i760, 156+i761, 157+i762, 158+i763, 159+i764, 160+i765, 161+i766, 162+i767, 163+i768, 164+i769}, {-, 166+i771, 167+i772, 168+i773, 169+i774, 170+i775, 171+i776, 172+i777, 173+i778, 174+i779, 175+i780}, {-, 177+i782, 178+i783, 179+i784, 180+i785, 181+i786, 182+i787, 183+i788, 184+i789, 185+i790, 186+i791}, {-, 188+i793, 189+i794, 190+i795, 191+i796, 192+i797, 193+i798, 194+i799, 195+i800, 196+i801, 197+i802}, {-, 199+i804, 200+i805, 201+i806, 202+i807, 203+i808, 204+i809, 205+i810, 206+i811, 207+i812, 208+i813}, {-, 210+i815, 211+i816, 212+i817, 213+i818, 214+i819, 215+i820, 216+i821, 217+i822, 218+i823, 219+i824}, {}, {}


{-, 243+i848, 244+i849, 245+i850, 246+i851, 247+i852, 248+i853, 249+i854, 250+i855, 251+i856, 252+i857}, {}, {}, {}, {}, {}, {}, {}, {}, {}, {}


{-, 364+i969, 365+i970, 366+i971, 367+i972, 368+i973, 369+i974, 370+i975, 371+i976, 372+i977, 373+i978}, {}, {}, {}, {}, {}, {}, {}, {}, {}, {}


{-, 485+i1090, 486+i1091, 487+i1092, 488+i1093, 489+i1094, 490+i1095, 491+i1096, 492+i1097, 493+i1098, 494+i1099}, {}, {}, {}, {}, {}, {}, {}, {}, {}, {}

---------------------
Index Mapping: 
---------------------

{1258: 268, 1247: 257, 487: 102, 490: 105, 486: 101, 489: 104, 485: 100, 488: 103, 739: 111, 750: 121, 493: 108, 369: 95, 492: 107, 368: 94, 494: 109, 367: 93, 366: 92, 365: 91, 491: 106, 364: 90, 766: 136, 251: 88, 765: 135, 764: 134, 763: 133, 762: 132, 761: 131, 373: 99, 372: 98, 371: 97, 370: 96, 760: 130, 219: 79, 218: 78, 758: 129, 217: 77, 757: 128, 216: 76, 755: 126, 214: 74, 754: 125, 213: 73, 753: 124, 212: 72, 752: 123, 211: 71, 751: 122, 210: 70, 749: 120, 208: 69, 1236: 246, 207: 68, 978: 209, 747: 119, 206: 67, 977: 208, 746: 118, 205: 66, 976: 207, 745: 117, 204: 65, 975: 206, 744: 116, 203: 64, 974: 205, 743: 115, 202: 63, 973: 204, 742: 114, 201: 62, 972: 203, 741: 113, 200: 61, 971: 202, 740: 112, 199: 60, 970: 201, 738: 110, 197: 59, 1225: 235, 1243: 253, 161: 26, 1242: 252, 160: 25, 1241: 251, 159: 24, 1240: 250, 158: 23, 1239: 249, 157: 22, 1238: 248, 156: 21, 1235: 245, 153: 19, 1234: 244, 152: 18, 1233: 243, 151: 17, 1232: 242, 150: 16, 1231: 241, 149: 15, 1230: 240, 148: 14, 1229: 239, 147: 13, 1244: 254, 162: 27, 192: 54, 1228: 238, 146: 12, 1245: 255, 163: 28, 193: 55, 194: 56, 195: 57, 196: 58, 1220: 230, 138: 5, 1221: 231, 139: 6, 1222: 232, 140: 7, 1223: 233, 141: 8, 1224: 234, 142: 9, 1227: 237, 145: 11, 1246: 256, 164: 29, 1248: 258, 166: 30, 1249: 259, 167: 31, 1250: 260, 168: 32, 1251: 261, 169: 33, 1252: 262, 170: 34, 1253: 263, 171: 35, 1254: 264, 172: 36, 1255: 265, 173: 37, 1256: 266, 174: 38, 1257: 267, 175: 39, 1259: 269, 177: 40, 1260: 270, 178: 41, 1261: 271, 179: 42, 1262: 272, 180: 43, 1263: 273, 181: 44, 182: 45, 1210: 220, 183: 46, 1211: 221, 184: 47, 1212: 222, 185: 48, 1213: 223, 186: 49, 1214: 224, 188: 50, 134: 1, 1216: 226, 189: 51, 135: 2, 1217: 227, 190: 52, 136: 3, 1218: 228, 191: 53, 137: 4, 1219: 229, 215: 75, 756: 127, 767: 137, 768: 138, 769: 139, 771: 140, 772: 141, 773: 142, 774: 143, 775: 144, 776: 145, 777: 146, 778: 147, 779: 148, 780: 149, 782: 150, 783: 151, 243: 80, 784: 152, 244: 81, 785: 153, 245: 82, 786: 154, 246: 83, 787: 155, 247: 84, 788: 156, 248: 85, 789: 157, 249: 86, 790: 158, 250: 87, 791: 159, 252: 89, 793: 160, 794: 161, 795: 162, 796: 163, 797: 164, 798: 165, 799: 166, 800: 167, 801: 168, 802: 169, 804: 170, 805: 171, 806: 172, 807: 173, 808: 174, 809: 175, 810: 176, 811: 177, 812: 178, 813: 179, 815: 180, 816: 181, 817: 182, 818: 183, 819: 184, 820: 185, 821: 186, 822: 187, 823: 188, 824: 189, 848: 190, 849: 191, 850: 192, 851: 193, 852: 194, 853: 195, 854: 196, 855: 197, 856: 198, 857: 199, 969: 200, 144: 10, 1226: 236, 1090: 210, 1091: 211, 1092: 212, 1093: 213, 1094: 214, 1095: 215, 1096: 216, 1097: 217, 1098: 218, 1099: 219, 133: 0, 1215: 225, 155: 20, 1237: 247}

---------------------
Final Problem: 
---------------------
Find a point satisfying:

1*{119129} + 1*{  9 19} + 1*{  4 14} + 1*{117127} + 1*{115125} + 1*{  8 18} + 1*{113123} + 0.0909091*{} + 1*{112122} + 1*{  7 17} + 1*{  1 11} + 1*{  3 13} + 1*{  0 10} + 1*{  6 16} + 1*{118128} + 1*{  2 12} + 1*{116126} + 1*{110120} + 1*{114124} + 1*{  5 15} + 1*{111121} = 0 

1*{  4124} + 1*{  7127} + 1*{  3123} + 1*{  1121} + -1*{ 10110} + -1*{ 18118} + 1*{  9129} + -1*{ 17117} + 1*{  2122} + -1*{ 11111} + -1*{ 16116} + 1*{  8128} + -1*{ 12112} + 1*{  5125} + 1*{  0120} + -1*{ 19119} + -1*{ 14114} + 1*{  6126} + -1*{ 15115} + -1*{ 13113} = 0 

1*{116136} + 1*{110130} + 1*{113133} + 1*{118138} + 1*{  9 29} + 1*{  5 25} + 1*{111131} + 1*{114134} + 1*{  8 28} + 1*{112132} + 0.0909091*{} + 1*{  1 21} + 1*{  2 22} + 1*{  6 26} + 1*{  4 24} + 1*{117137} + 1*{119139} + 1*{  0 20} + 1*{  7 27} + 1*{115135} + 1*{  3 23} = 0 

-1*{ 25115} + 1*{  4134} + -1*{ 26116} + -1*{ 28118} + -1*{ 29119} + -1*{ 27117} + -1*{ 24114} + -1*{ 20110} + -1*{ 23113} + -1*{ 21111} + 1*{  6136} + 1*{  5135} + 1*{  2132} + 1*{  8138} + 1*{  0130} + 1*{  3133} + 1*{  7137} + 1*{  1131} + -1*{ 22112} + 1*{  9139} = 0 

1*{  3 33} + 1*{  5 35} + 1*{  0 30} + 1*{  1 31} + 0.0909091*{} + 1*{118148} + 1*{115145} + 1*{110140} + 1*{116146} + 1*{119149} + 1*{  6 36} + 1*{111141} + 1*{117147} + 1*{113143} + 1*{  7 37} + 1*{  2 32} + 1*{112142} + 1*{  9 39} + 1*{114144} + 1*{  4 34} + 1*{  8 38} = 0 

-1*{ 39119} + -1*{ 37117} + -1*{ 35115} + 1*{  8148} + 1*{  6146} + 1*{  9149} + -1*{ 32112} + -1*{ 31111} + 1*{  7147} + 1*{  0140} + 1*{  1141} + 1*{  2142} + 1*{  3143} + -1*{ 30110} + -1*{ 38118} + -1*{ 36116} + -1*{ 34114} + -1*{ 33113} + 1*{  5145} + 1*{  4144} = 0 

1*{118158} + 1*{  8 48} + 1*{  4 44} + 1*{  9 49} + 1*{119159} + 1*{  5 45} + 1*{  1 41} + 1*{114154} + 1*{112152} + 1*{  2 42} + 1*{  7 47} + 1*{115155} + 0.0909091*{} + 1*{110150} + 1*{111151} + 1*{117157} + 1*{  3 43} + 1*{116156} + 1*{  0 40} + 1*{  6 46} + 1*{113153} = 0 

-1*{ 46116} + -1*{ 41111} + 1*{  3153} + -1*{ 44114} + -1*{ 40110} + 1*{  0150} + 1*{  9159} + 1*{  4154} + 1*{  1151} + 1*{  8158} + 1*{  6156} + -1*{ 43113} + 1*{  2152} + -1*{ 48118} + -1*{ 42112} + -1*{ 45115} + 1*{  5155} + -1*{ 47117} + 1*{  7157} + -1*{ 49119} = 0 

1*{117167} + 1*{113163} + 0.0909091*{} + 1*{116166} + 1*{118168} + 1*{  3 53} + 1*{  4 54} + 1*{  8 58} + 1*{110160} + 1*{111161} + 1*{119169} + 1*{  2 52} + 1*{  6 56} + 1*{  7 57} + 1*{  0 50} + 1*{  1 51} + 1*{112162} + 1*{  9 59} + 1*{115165} + 1*{114164} + 1*{  5 55} = 0 

1*{  7167} + -1*{ 50110} + -1*{ 52112} + 1*{  8168} + -1*{ 56116} + 1*{  1161} + -1*{ 51111} + -1*{ 57117} + 1*{  9169} + -1*{ 59119} + -1*{ 54114} + 1*{  6166} + 1*{  4164} + -1*{ 53113} + 1*{  5165} + 1*{  3163} + 1*{  0160} + -1*{ 58118} + 1*{  2162} + -1*{ 55115} = 0 

1*{112172} + 1*{  8 68} + 1*{  3 63} + 1*{114174} + 1*{118178} + 0.0909091*{} + 1*{  2 62} + 1*{110170} + 1*{  6 66} + 1*{116176} + 1*{  9 69} + 1*{  4 64} + 1*{117177} + 1*{119179} + 1*{  7 67} + 1*{  1 61} + 1*{  0 60} + 1*{111171} + 1*{115175} + 1*{  5 65} + 1*{113173} = 0 

-1*{ 68118} + 1*{  6176} + 1*{  3173} + -1*{ 62112} + 1*{  1171} + 1*{  4174} + 1*{  5175} + 1*{  2172} + 1*{  9179} + -1*{ 63113} + -1*{ 69119} + -1*{ 65115} + -1*{ 61111} + 1*{  0170} + -1*{ 64114} + 1*{  8178} + -1*{ 66116} + -1*{ 67117} + -1*{ 60110} + 1*{  7177} = 0 

1*{117187} + 1*{  7 77} + 1*{  0 70} + 1*{  4 74} + 1*{111181} + 1*{  6 76} + 1*{  9 79} + 1*{116186} + 1*{  3 73} + 1*{  8 78} + 0.0909091*{} + 1*{113183} + 1*{  2 72} + 1*{  1 71} + 1*{112182} + 1*{118188} + 1*{119189} + 1*{115185} + 1*{110180} + 1*{  5 75} + 1*{114184} = 0 

1*{  9189} + 1*{  7187} + -1*{ 75115} + -1*{ 78118} + 1*{  4184} + 1*{  2182} + 1*{  1181} + -1*{ 70110} + -1*{ 72112} + -1*{ 77117} + -1*{ 71111} + -1*{ 76116} + 1*{  0180} + 1*{  3183} + -1*{ 74114} + -1*{ 73113} + 1*{  5185} + -1*{ 79119} + 1*{  8188} + 1*{  6186} = 0 

-0.0909091*{} + 1*{221221} + 1*{220220} = 0 

-1*{220} + 1*{117197} + 1*{114194} + 0.0909091*{} + 1*{  9 89} + 1*{  4 84} + 1*{119199} + 1*{  1 81} + 1*{118198} + 1*{110190} + 1*{  6 86} + 1*{  7 87} + 1*{112192} + 1*{  2 82} + 1*{115195} + 1*{116196} + 1*{113193} + 1*{  8 88} + 1*{111191} + 1*{  0 80} + 1*{  5 85} + 1*{  3 83} = 0 

-1*{ 82112} + -1*{ 87117} + 1*{  0190} + 1*{  7197} + 1*{  1191} + -1*{ 83113} + -1*{ 81111} + -1*{ 80110} + 1*{  8198} + 1*{  2192} + -1*{ 85115} + 1*{  5195} + -1*{ 86116} + 1*{  3193} + -1*{ 88118} + 1*{  6196} + -1*{221} + -1*{ 84114} + 1*{  4194} + 1*{  9199} + -1*{ 89119} = 0 

1*{223223} + -0.0909091*{} + 1*{222222} = 0 

1*{  1 91} + 1*{  6 96} + 1*{117207} + 1*{  4 94} + 1*{  0 90} + 1*{113203} + 1*{  2 92} + 1*{119209} + 1*{110200} + 1*{114204} + 1*{  3 93} + 1*{  7 97} + 0.0909091*{} + 1*{116206} + 1*{111201} + -1*{222} + 1*{115205} + 1*{  5 95} + 1*{  9 99} + 1*{  8 98} + 1*{112202} + 1*{118208} = 0 

1*{  9209} + -1*{ 97117} + -1*{223} + -1*{ 99119} + 1*{  8208} + -1*{ 94114} + -1*{ 98118} + 1*{  5205} + 1*{  2202} + -1*{ 91111} + -1*{ 95115} + 1*{  6206} + 1*{  0200} + -1*{ 92112} + 1*{  4204} + 1*{  1201} + -1*{ 90110} + -1*{ 96116} + -1*{ 93113} + 1*{  3203} + 1*{  7207} = 0 

-0.0909091*{} + 1*{225225} + 1*{224224} = 0 

1*{  6106} + 1*{  5105} + 1*{113213} + 1*{118218} + 1*{112212} + 1*{119219} + 1*{  4104} + 0.0909091*{} + 1*{114214} + 1*{  2102} + 1*{116216} + 1*{  3103} + 1*{  8108} + 1*{111211} + 1*{  9109} + 1*{  7107} + 1*{115215} + 1*{  0100} + 1*{  1101} + -1*{224} + 1*{117217} + 1*{110210} = 0 

-1*{102112} + -1*{109119} + 1*{  2212} + -1*{107117} + -1*{103113} + -1*{104114} + 1*{  1211} + -1*{101111} + 1*{  4214} + 1*{  5215} + -1*{225} + -1*{100110} + 1*{  6216} + 1*{  9219} + -1*{106116} + 1*{  7217} + 1*{  3213} + 1*{  0210} + -1*{108118} + -1*{105115} + 1*{  8218} = 0 

-0.0909091*{} + 1*{110110} + 1*{  0  0} = 0 

1*{  1  1} + -0.0909091*{} + 1*{111111} = 0 

-0.0909091*{} + 1*{112112} + 1*{  2  2} = 0 

-0.0909091*{} + 1*{113113} + 1*{  3  3} = 0 

-0.0909091*{} + 1*{114114} + 1*{  4  4} = 0 

1*{115115} + -0.0909091*{} + 1*{  5  5} = 0 

-0.0909091*{} + 1*{116116} + 1*{  6  6} = 0 

-0.0909091*{} + 1*{  7  7} + 1*{117117} = 0 

-0.0909091*{} + 1*{118118} + 1*{  8  8} = 0 

-0.0909091*{} + 1*{119119} + 1*{  9  9} = 0 

0.181818*{115117} + 0.181818*{118119} + 0.181818*{113115} + 0.181818*{  5  8} + 0.181818*{  6  8} + 0.0548202*{  6} + 0.181818*{110112} + 0.181818*{  2  6} + 0.0548202*{  0} + 0.181818*{117119} + 0.181818*{  6  9} + 0.181818*{112118} + 0.181818*{  5  6} + 0.181818*{116119} + 0.181818*{115116} + 0.181818*{114117} + 0.181818*{110118} + 0.181818*{113118} + 0.181818*{  0  8} + 0.181818*{  0  2} + 0.181818*{113116} + 0.181818*{113114} + 0.0548202*{  5} + 0.181818*{  0  5} + 0.181818*{  0  6} + 0.181818*{117118} + 0.181818*{  1  2} + 0.181818*{  0  9} + 0.181818*{  2  3} + 0.0548202*{  9} + 0.181818*{114116} + 0.181818*{  0  4} + 0.181818*{  2  8} + 0.181818*{115119} + 0.181818*{111118} + 0.181818*{  2  9} + 0.181818*{110114} + 0.181818*{  1  3} + 0.181818*{  1  6} + 0.181818*{  1  5} + 0.181818*{111119} + 0.0548202*{  8} + 0.181818*{  8  9} + 0.181818*{111114} + 0.181818*{116117} + 0.0548202*{  4} + 0.181818*{  1  8} + 0.181818*{112117} + 0.181818*{  0  3} + 0.181818*{  3  9} + 0.181818*{115118} + 0.181818*{  4  7} + 0.181818*{  4  9} + 0.181818*{114118} + 0.181818*{  6  7} + 0.181818*{  4  5} + 0.181818*{110119} + 0.181818*{111112} + 0.181818*{  3  8} + 0.181818*{112115} + 0.0548202*{  2} + 0.0548202*{  3} + 0.181818*{  4  8} + 0.181818*{114115} + 0.181818*{111117} + 0.181818*{  2  5} + 0.181818*{113119} + 0.181818*{  0  1} + 0.181818*{112114} + 0.181818*{  1  7} + 0.181818*{112113} + 0.181818*{  7  9} + 0.181818*{112119} + 0.181818*{  7  8} + 0.181818*{110111} + 0.181818*{112116} + 0.181818*{  1  9} + 0.181818*{  3  6} + 0.181818*{116118} + 0.0548202*{  1} + 0.181818*{111116} + 0.181818*{110117} + 0.181818*{111113} + 0.181818*{110115} + 0.181818*{114119} + 0.181818*{  4  6} + 0.181818*{  5  7} + 0.181818*{113117} + 0.181818*{  2  4} + 0.181818*{  3  7} + 0.181818*{  3  4} + 0.181818*{  1  4} + 0.181818*{  2  7} + 0.181818*{  3  5} + 0.181818*{110113} + 0.181818*{  0  7} + 0.0548202*{  7} + 0.181818*{111115} + 0.181818*{110116} + 0.181818*{  5  9} = 0 

1*{122132} + 1*{ 11 21} + 1*{ 19 29} + 1*{120130} + 1*{127137} + 1*{ 13 23} + 1*{ 12 22} + 1*{124134} + 1*{121131} + 1*{125135} + 1*{ 10 20} + 1*{ 17 27} + 1*{ 16 26} + 0.0909091*{} + 1*{ 18 28} + 1*{123133} + 1*{129139} + 1*{ 15 25} + 1*{126136} + 1*{128138} + 1*{ 14 24} = 0 

1*{ 11131} + 1*{ 14134} + -1*{ 26126} + 1*{ 18138} + -1*{ 21121} + 1*{ 13133} + 1*{ 12132} + -1*{ 24124} + 1*{ 16136} + 1*{ 19139} + -1*{ 23123} + -1*{ 25125} + 1*{ 10130} + -1*{ 28128} + -1*{ 20120} + -1*{ 27127} + -1*{ 22122} + 1*{ 17137} + 1*{ 15135} + -1*{ 29129} = 0 

1*{124144} + 1*{121141} + 1*{127147} + 1*{123143} + 1*{125145} + 1*{ 19 39} + 1*{120140} + 1*{ 15 35} + 1*{ 17 37} + 1*{ 14 34} + 1*{ 18 38} + 1*{122142} + 1*{ 12 32} + 1*{126146} + 1*{ 10 30} + 1*{128148} + 0.0909091*{} + 1*{ 16 36} + 1*{ 11 31} + 1*{ 13 33} + 1*{129149} = 0 

-1*{ 35125} + -1*{ 31121} + -1*{ 37127} + -1*{ 38128} + 1*{ 12142} + 1*{ 19149} + 1*{ 16146} + 1*{ 13143} + -1*{ 36126} + 1*{ 10140} + -1*{ 34124} + 1*{ 14144} + -1*{ 30120} + 1*{ 15145} + -1*{ 39129} + 1*{ 17147} + 1*{ 18148} + -1*{ 33123} + 1*{ 11141} + -1*{ 32122} = 0 

1*{ 18 48} + 0.0909091*{} + 1*{ 19 49} + 1*{121151} + 1*{ 10 40} + 1*{ 14 44} + 1*{125155} + 1*{124154} + 1*{123153} + 1*{ 11 41} + 1*{122152} + 1*{ 12 42} + 1*{128158} + 1*{ 16 46} + 1*{120150} + 1*{ 17 47} + 1*{127157} + 1*{126156} + 1*{ 13 43} + 1*{ 15 45} + 1*{129159} = 0 

1*{ 12152} + -1*{ 46126} + -1*{ 43123} + 1*{ 10150} + 1*{ 16156} + 1*{ 14154} + 1*{ 15155} + -1*{ 40120} + -1*{ 49129} + 1*{ 13153} + 1*{ 17157} + 1*{ 11151} + -1*{ 47127} + -1*{ 48128} + 1*{ 19159} + -1*{ 41121} + -1*{ 42122} + -1*{ 45125} + -1*{ 44124} + 1*{ 18158} = 0 

1*{127167} + 1*{ 17 57} + 1*{ 15 55} + 1*{123163} + 1*{128168} + 1*{ 13 53} + 1*{ 10 50} + 1*{ 18 58} + 1*{ 12 52} + 1*{129169} + 1*{125165} + 1*{126166} + 0.0909091*{} + 1*{ 19 59} + 1*{ 11 51} + 1*{120160} + 1*{124164} + 1*{ 16 56} + 1*{ 14 54} + 1*{121161} + 1*{122162} = 0 

1*{ 18168} + 1*{ 13163} + -1*{ 58128} + 1*{ 11161} + 1*{ 19169} + -1*{ 50120} + -1*{ 51121} + 1*{ 16166} + 1*{ 17167} + 1*{ 12162} + -1*{ 55125} + -1*{ 56126} + -1*{ 52122} + -1*{ 59129} + -1*{ 57127} + -1*{ 54124} + 1*{ 14164} + -1*{ 53123} + 1*{ 10160} + 1*{ 15165} = 0 

0.0909091*{} + 1*{128178} + 1*{ 17 67} + 1*{ 12 62} + 1*{ 10 60} + 1*{ 14 64} + 1*{125175} + 1*{120170} + 1*{127177} + 1*{123173} + 1*{ 18 68} + 1*{ 16 66} + 1*{ 11 61} + 1*{ 19 69} + 1*{124174} + 1*{129179} + 1*{126176} + 1*{ 13 63} + 1*{121171} + 1*{ 15 65} + 1*{122172} = 0 

1*{ 11171} + 1*{ 18178} + 1*{ 19179} + -1*{ 64124} + -1*{ 66126} + 1*{ 15175} + -1*{ 61121} + -1*{ 63123} + -1*{ 62122} + 1*{ 12172} + -1*{ 65125} + -1*{ 60120} + 1*{ 10170} + 1*{ 13173} + 1*{ 16176} + -1*{ 68128} + -1*{ 69129} + 1*{ 14174} + 1*{ 17177} + -1*{ 67127} = 0 

1*{120180} + 1*{ 14 74} + 1*{124184} + 1*{125185} + 1*{129189} + 1*{122182} + 0.0909091*{} + 1*{ 11 71} + 1*{121181} + 1*{ 18 78} + 1*{ 15 75} + 1*{ 10 70} + 1*{ 17 77} + 1*{123183} + 1*{ 19 79} + 1*{127187} + 1*{ 12 72} + 1*{ 13 73} + 1*{126186} + 1*{128188} + 1*{ 16 76} = 0 

-1*{ 75125} + 1*{ 18188} + -1*{ 76126} + 1*{ 12182} + -1*{ 71121} + -1*{ 70120} + 1*{ 11181} + 1*{ 19189} + 1*{ 13183} + 1*{ 17187} + -1*{ 79129} + 1*{ 10180} + -1*{ 74124} + 1*{ 15185} + 1*{ 16186} + -1*{ 77127} + -1*{ 72122} + -1*{ 73123} + -1*{ 78128} + 1*{ 14184} = 0 

-0.0909091*{} + 1*{227227} + 1*{226226} = 0 

1*{121191} + 1*{124194} + 1*{129199} + 1*{ 12 82} + 1*{ 18 88} + 1*{122192} + -1*{226} + 1*{126196} + 1*{ 16 86} + 1*{ 11 81} + 1*{ 19 89} + 1*{128198} + 1*{125195} + 1*{120190} + 0.0909091*{} + 1*{ 15 85} + 1*{123193} + 1*{ 14 84} + 1*{ 10 80} + 1*{ 13 83} + 1*{127197} + 1*{ 17 87} = 0 

-1*{ 87127} + 1*{ 19199} + -1*{ 88128} + 1*{ 13193} + 1*{ 18198} + 1*{ 15195} + -1*{ 80120} + 1*{ 12192} + 1*{ 17197} + -1*{ 89129} + 1*{ 10190} + -1*{ 85125} + 1*{ 16196} + -1*{227} + -1*{ 86126} + -1*{ 81121} + -1*{ 84124} + 1*{ 14194} + -1*{ 83123} + 1*{ 11191} + -1*{ 82122} = 0 

-0.0909091*{} + 1*{229229} + 1*{228228} = 0 

1*{ 13 93} + 0.0909091*{} + 1*{123203} + 1*{ 18 98} + 1*{128208} + 1*{ 14 94} + 1*{120200} + 1*{ 10 90} + 1*{ 16 96} + 1*{126206} + 1*{127207} + 1*{125205} + 1*{122202} + 1*{124204} + -1*{228} + 1*{ 11 91} + 1*{ 17 97} + 1*{ 19 99} + 1*{ 12 92} + 1*{121201} + 1*{129209} + 1*{ 15 95} = 0 

-1*{ 98128} + 1*{ 11201} + 1*{ 15205} + 1*{ 13203} + 1*{ 19209} + -1*{ 99129} + -1*{ 93123} + 1*{ 12202} + 1*{ 10200} + -1*{229} + -1*{ 91121} + 1*{ 17207} + -1*{ 92122} + -1*{ 90120} + -1*{ 97127} + 1*{ 18208} + -1*{ 94124} + 1*{ 14204} + -1*{ 95125} + 1*{ 16206} + -1*{ 96126} = 0 

-0.0909091*{} + 1*{230230} + 1*{231231} = 0 

1*{ 19109} + 1*{ 14104} + 1*{120210} + 1*{ 10100} + 1*{128218} + 1*{127217} + 1*{ 12102} + 1*{ 16106} + 0.0909091*{} + 1*{123213} + -1*{230} + 1*{129219} + 1*{122212} + 1*{125215} + 1*{121211} + 1*{ 17107} + 1*{ 13103} + 1*{ 11101} + 1*{126216} + 1*{124214} + 1*{ 18108} + 1*{ 15105} = 0 

1*{ 13213} + 1*{ 18218} + 1*{ 17217} + 1*{ 12212} + -1*{107127} + -1*{103123} + -1*{108128} + 1*{ 16216} + -1*{102122} + -1*{100120} + 1*{ 14214} + 1*{ 10210} + -1*{101121} + -1*{104124} + -1*{106126} + -1*{231} + 1*{ 15215} + -1*{109129} + 1*{ 11211} + -1*{105125} + 1*{ 19219} = 0 

-0.0909091*{} + 1*{120120} + 1*{ 10 10} = 0 

-0.0909091*{} + 1*{121121} + 1*{ 11 11} = 0 

-0.0909091*{} + 1*{122122} + 1*{ 12 12} = 0 

-0.0909091*{} + 1*{123123} + 1*{ 13 13} = 0 

-0.0909091*{} + 1*{124124} + 1*{ 14 14} = 0 

-0.0909091*{} + 1*{125125} + 1*{ 15 15} = 0 

-0.0909091*{} + 1*{126126} + 1*{ 16 16} = 0 

-0.0909091*{} + 1*{127127} + 1*{ 17 17} = 0 

-0.0909091*{} + 1*{128128} + 1*{ 18 18} = 0 

-0.0909091*{} + 1*{129129} + 1*{ 19 19} = 0 

0.181818*{ 11 15} + 0.181818*{ 11 16} + 0.181818*{ 10 13} + 0.181818*{ 17 18} + 0.181818*{ 13 16} + 0.181818*{ 12 15} + 0.181818*{ 14 17} + 0.181818*{ 10 15} + 0.181818*{124129} + 0.181818*{ 10 16} + 0.0548202*{ 15} + 0.181818*{121122} + 0.181818*{ 14 19} + 0.181818*{ 12 13} + 0.181818*{120129} + 0.181818*{120127} + 0.0548202*{ 18} + 0.181818*{124128} + 0.181818*{123129} + 0.181818*{122127} + 0.181818*{ 12 17} + 0.181818*{ 11 14} + 0.181818*{ 16 18} + 0.181818*{ 14 16} + 0.181818*{121129} + 0.181818*{125129} + 0.181818*{124127} + 0.181818*{126129} + 0.0548202*{ 10} + 0.181818*{123128} + 0.181818*{122129} + 0.181818*{123126} + 0.181818*{127129} + 0.181818*{ 11 17} + 0.181818*{122128} + 0.181818*{122125} + 0.181818*{123127} + 0.181818*{ 10 12} + 0.181818*{122124} + 0.181818*{ 16 17} + 0.0548202*{ 12} + 0.181818*{ 14 15} + 0.181818*{ 10 19} + 0.181818*{ 17 19} + 0.181818*{ 15 17} + 0.181818*{128129} + 0.181818*{ 13 17} + 0.181818*{120122} + 0.181818*{ 15 19} + 0.181818*{123124} + 0.181818*{121128} + 0.181818*{ 10 17} + 0.181818*{ 11 13} + 0.181818*{ 15 18} + 0.181818*{124126} + 0.181818*{120126} + 0.181818*{ 13 15} + 0.181818*{121124} + 0.181818*{125126} + 0.181818*{ 13 14} + 0.181818*{127128} + 0.181818*{120128} + 0.181818*{126128} + 0.181818*{120123} + 0.181818*{121123} + 0.181818*{ 12 18} + 0.181818*{ 18 19} + 0.181818*{ 12 16} + 0.181818*{122123} + 0.0548202*{ 19} + 0.0548202*{ 17} + 0.181818*{126127} + 0.181818*{ 11 19} + 0.0548202*{ 13} + 0.181818*{ 15 16} + 0.181818*{ 10 18} + 0.0548202*{ 16} + 0.181818*{ 13 18} + 0.181818*{ 16 19} + 0.181818*{125127} + 0.181818*{ 14 18} + 0.181818*{ 12 19} + 0.181818*{121125} + 0.181818*{ 11 12} + 0.181818*{ 12 14} + 0.0548202*{ 14} + 0.181818*{122126} + 0.181818*{121127} + 0.181818*{ 10 11} + 0.181818*{125128} + 0.181818*{123125} + 0.181818*{121126} + 0.181818*{124125} + 0.181818*{120125} + 0.181818*{ 10 14} + 0.181818*{120124} + 0.181818*{ 11 18} + 0.181818*{120121} + 0.181818*{ 13 19} + 0.0548202*{ 11} = 0 

1*{ 27 37} + 1*{134144} + 1*{ 28 38} + 1*{ 25 35} + 1*{133143} + 0.0909091*{} + 1*{135145} + 1*{ 26 36} + 1*{137147} + 1*{ 23 33} + 1*{138148} + 1*{132142} + 1*{139149} + 1*{ 20 30} + 1*{ 24 34} + 1*{136146} + 1*{ 29 39} + 1*{130140} + 1*{ 22 32} + 1*{131141} + 1*{ 21 31} = 0 

1*{ 21141} + 1*{ 29149} + 1*{ 23143} + 1*{ 22142} + 1*{ 25145} + -1*{ 33133} + 1*{ 28148} + 1*{ 26146} + -1*{ 37137} + -1*{ 39139} + -1*{ 32132} + -1*{ 30130} + 1*{ 20140} + -1*{ 35135} + -1*{ 36136} + 1*{ 27147} + -1*{ 34134} + 1*{ 24144} + -1*{ 38138} + -1*{ 31131} = 0 

1*{137157} + 1*{139159} + 1*{ 28 48} + 1*{ 21 41} + 1*{131151} + 0.0909091*{} + 1*{134154} + 1*{ 25 45} + 1*{136156} + 1*{132152} + 1*{133153} + 1*{ 26 46} + 1*{135155} + 1*{ 20 40} + 1*{ 23 43} + 1*{ 24 44} + 1*{ 22 42} + 1*{130150} + 1*{138158} + 1*{ 27 47} + 1*{ 29 49} = 0 

-1*{ 41131} + 1*{ 28158} + 1*{ 25155} + 1*{ 23153} + -1*{ 43133} + 1*{ 22152} + 1*{ 29159} + -1*{ 48138} + -1*{ 47137} + -1*{ 40130} + -1*{ 45135} + -1*{ 46136} + 1*{ 21151} + -1*{ 44134} + -1*{ 42132} + 1*{ 26156} + 1*{ 20150} + 1*{ 24154} + -1*{ 49139} + 1*{ 27157} = 0 

1*{137167} + 1*{ 29 59} + 1*{ 23 53} + 1*{130160} + 1*{131161} + 1*{136166} + 1*{ 22 52} + 1*{ 27 57} + 1*{ 26 56} + 1*{ 28 58} + 1*{138168} + 1*{133163} + 1*{132162} + 1*{134164} + 1*{139169} + 1*{ 20 50} + 1*{ 24 54} + 0.0909091*{} + 1*{ 21 51} + 1*{ 25 55} + 1*{135165} = 0 

-1*{ 56136} + 1*{ 22162} + -1*{ 58138} + 1*{ 27167} + -1*{ 59139} + 1*{ 28168} + -1*{ 50130} + 1*{ 23163} + -1*{ 52132} + 1*{ 21161} + -1*{ 53133} + -1*{ 51131} + -1*{ 55135} + 1*{ 24164} + 1*{ 20160} + -1*{ 57137} + 1*{ 29169} + 1*{ 25165} + 1*{ 26166} + -1*{ 54134} = 0 

1*{ 25 65} + 1*{134174} + 1*{135175} + 1*{130170} + 1*{136176} + 1*{ 28 68} + 1*{ 21 61} + 1*{133173} + 1*{137177} + 1*{ 26 66} + 1*{ 23 63} + 1*{ 27 67} + 0.0909091*{} + 1*{139179} + 1*{132172} + 1*{131171} + 1*{138178} + 1*{ 24 64} + 1*{ 29 69} + 1*{ 20 60} + 1*{ 22 62} = 0 

1*{ 21171} + 1*{ 20170} + 1*{ 29179} + -1*{ 60130} + -1*{ 63133} + -1*{ 62132} + -1*{ 64134} + -1*{ 69139} + 1*{ 23173} + 1*{ 22172} + 1*{ 26176} + 1*{ 24174} + -1*{ 66136} + -1*{ 65135} + 1*{ 27177} + -1*{ 67137} + 1*{ 28178} + -1*{ 61131} + -1*{ 68138} + 1*{ 25175} = 0 

1*{ 28 78} + 1*{137187} + 1*{131181} + 1*{130180} + 1*{139189} + 1*{ 25 75} + 1*{ 22 72} + 1*{ 23 73} + 1*{ 26 76} + 1*{ 24 74} + 1*{ 27 77} + 1*{136186} + 0.0909091*{} + 1*{ 21 71} + 1*{133183} + 1*{134184} + 1*{ 20 70} + 1*{135185} + 1*{ 29 79} + 1*{138188} + 1*{132182} = 0 

1*{ 27187} + -1*{ 70130} + -1*{ 79139} + -1*{ 78138} + -1*{ 72132} + 1*{ 22182} + -1*{ 77137} + 1*{ 28188} + -1*{ 76136} + -1*{ 75135} + -1*{ 73133} + 1*{ 24184} + 1*{ 29189} + -1*{ 74134} + 1*{ 26186} + 1*{ 21181} + 1*{ 25185} + 1*{ 20180} + -1*{ 71131} + 1*{ 23183} = 0 

-0.0909091*{} + 1*{233233} + 1*{232232} = 0 

1*{138198} + -1*{232} + 1*{ 20 80} + 1*{ 21 81} + 1*{130190} + 1*{139199} + 1*{133193} + 1*{132192} + 1*{134194} + 1*{ 22 82} + 1*{ 27 87} + 1*{ 28 88} + 1*{ 29 89} + 1*{137197} + 1*{131191} + 1*{136196} + 0.0909091*{} + 1*{ 26 86} + 1*{ 24 84} + 1*{ 25 85} + 1*{135195} + 1*{ 23 83} = 0 

-1*{ 88138} + -1*{233} + 1*{ 24194} + 1*{ 22192} + 1*{ 20190} + -1*{ 89139} + 1*{ 21191} + -1*{ 81131} + 1*{ 25195} + 1*{ 26196} + -1*{ 83133} + -1*{ 87137} + -1*{ 80130} + 1*{ 27197} + 1*{ 23193} + 1*{ 29199} + 1*{ 28198} + -1*{ 84134} + -1*{ 82132} + -1*{ 86136} + -1*{ 85135} = 0 

-0.0909091*{} + 1*{235235} + 1*{234234} = 0 

1*{ 28 98} + 1*{138208} + 1*{ 26 96} + 0.0909091*{} + -1*{234} + 1*{ 20 90} + 1*{ 25 95} + 1*{131201} + 1*{ 21 91} + 1*{ 29 99} + 1*{ 22 92} + 1*{ 23 93} + 1*{137207} + 1*{136206} + 1*{133203} + 1*{139209} + 1*{130200} + 1*{ 24 94} + 1*{ 27 97} + 1*{135205} + 1*{132202} + 1*{134204} = 0 

-1*{ 95135} + 1*{ 26206} + 1*{ 27207} + -1*{ 92132} + 1*{ 23203} + -1*{ 91131} + -1*{235} + -1*{ 97137} + 1*{ 21201} + 1*{ 22202} + -1*{ 94134} + -1*{ 99139} + -1*{ 93133} + 1*{ 20200} + -1*{ 96136} + -1*{ 98138} + 1*{ 25205} + 1*{ 28208} + 1*{ 24204} + 1*{ 29209} + -1*{ 90130} = 0 

-0.0909091*{} + 1*{237237} + 1*{236236} = 0 

1*{ 21101} + 1*{ 29109} + 1*{134214} + 1*{135215} + 1*{ 23103} + 1*{132212} + 1*{ 25105} + 1*{ 24104} + 1*{ 22102} + 1*{ 20100} + 1*{131211} + 1*{138218} + 1*{ 28108} + 1*{130210} + 0.0909091*{} + 1*{137217} + 1*{ 27107} + 1*{133213} + -1*{236} + 1*{139219} + 1*{ 26106} + 1*{136216} = 0 

1*{ 28218} + 1*{ 29219} + -1*{108138} + 1*{ 24214} + -1*{100130} + 1*{ 20210} + 1*{ 26216} + -1*{105135} + 1*{ 27217} + -1*{104134} + 1*{ 21211} + -1*{101131} + 1*{ 23213} + 1*{ 25215} + -1*{102132} + -1*{103133} + -1*{237} + 1*{ 22212} + -1*{107137} + -1*{109139} + -1*{106136} = 0 

-0.0909091*{} + 1*{130130} + 1*{ 20 20} = 0 

-0.0909091*{} + 1*{131131} + 1*{ 21 21} = 0 

-0.0909091*{} + 1*{132132} + 1*{ 22 22} = 0 

-0.0909091*{} + 1*{133133} + 1*{ 23 23} = 0 

-0.0909091*{} + 1*{134134} + 1*{ 24 24} = 0 

-0.0909091*{} + 1*{135135} + 1*{ 25 25} = 0 

-0.0909091*{} + 1*{136136} + 1*{ 26 26} = 0 

-0.0909091*{} + 1*{137137} + 1*{ 27 27} = 0 

1*{138138} + -0.0909091*{} + 1*{ 28 28} = 0 

-0.0909091*{} + 1*{139139} + 1*{ 29 29} = 0 

0.181818*{ 20 29} + 0.181818*{130136} + 0.181818*{ 21 26} + 0.181818*{ 28 29} + 0.181818*{ 25 29} + 0.181818*{137138} + 0.181818*{ 22 29} + 0.181818*{131139} + 0.181818*{ 25 26} + 0.181818*{ 21 29} + 0.181818*{ 23 27} + 0.181818*{ 27 28} + 0.181818*{135137} + 0.181818*{ 20 25} + 0.181818*{ 20 21} + 0.181818*{ 22 24} + 0.181818*{ 22 23} + 0.181818*{134136} + 0.181818*{ 20 27} + 0.181818*{ 22 28} + 0.181818*{130134} + 0.181818*{131136} + 0.181818*{ 23 24} + 0.0548202*{ 21} + 0.181818*{132136} + 0.181818*{131133} + 0.181818*{131132} + 0.181818*{ 21 25} + 0.181818*{137139} + 0.181818*{131134} + 0.181818*{135138} + 0.181818*{132135} + 0.0548202*{ 29} + 0.181818*{134135} + 0.181818*{136139} + 0.181818*{ 21 23} + 0.181818*{ 20 28} + 0.181818*{130131} + 0.181818*{ 26 27} + 0.181818*{134138} + 0.181818*{ 20 23} + 0.181818*{ 20 22} + 0.181818*{133134} + 0.181818*{ 20 26} + 0.181818*{ 24 25} + 0.181818*{132134} + 0.181818*{130135} + 0.181818*{136137} + 0.0548202*{ 22} + 0.181818*{130132} + 0.0548202*{ 26} + 0.181818*{133139} + 0.181818*{ 24 26} + 0.0548202*{ 23} + 0.181818*{ 21 22} + 0.181818*{ 27 29} + 0.181818*{130138} + 0.181818*{ 22 27} + 0.181818*{ 21 24} + 0.181818*{ 21 28} + 0.0548202*{ 24} + 0.181818*{ 23 25} + 0.181818*{135139} + 0.0548202*{ 28} + 0.181818*{131138} + 0.181818*{131137} + 0.181818*{130133} + 0.181818*{ 25 27} + 0.181818*{132133} + 0.181818*{133136} + 0.181818*{131135} + 0.181818*{ 25 28} + 0.181818*{132138} + 0.181818*{136138} + 0.181818*{ 24 28} + 0.181818*{ 21 27} + 0.181818*{ 23 28} + 0.181818*{ 20 24} + 0.181818*{134139} + 0.181818*{ 23 29} + 0.0548202*{ 25} + 0.181818*{ 23 26} + 0.181818*{ 22 25} + 0.181818*{133138} + 0.181818*{138139} + 0.181818*{135136} + 0.181818*{132137} + 0.0548202*{ 20} + 0.181818*{ 22 26} + 0.181818*{133137} + 0.181818*{133135} + 0.181818*{134137} + 0.181818*{ 24 27} + 0.181818*{130137} + 0.181818*{132139} + 0.181818*{ 24 29} + 0.181818*{ 26 29} + 0.0548202*{ 27} + 0.181818*{ 26 28} + 0.181818*{130139} = 0 

1*{ 35 45} + 1*{140150} + 1*{ 34 44} + 1*{149159} + 0.0909091*{} + 1*{142152} + 1*{148158} + 1*{ 39 49} + 1*{ 32 42} + 1*{ 30 40} + 1*{ 33 43} + 1*{145155} + 1*{143153} + 1*{141151} + 1*{ 31 41} + 1*{ 36 46} + 1*{ 37 47} + 1*{ 38 48} + 1*{147157} + 1*{146156} + 1*{144154} = 0 

-1*{ 41141} + -1*{ 48148} + -1*{ 43143} + -1*{ 45145} + -1*{ 42142} + 1*{ 35155} + -1*{ 40140} + 1*{ 33153} + 1*{ 37157} + 1*{ 34154} + 1*{ 30150} + -1*{ 49149} + 1*{ 31151} + -1*{ 47147} + -1*{ 44144} + 1*{ 38158} + -1*{ 46146} + 1*{ 36156} + 1*{ 39159} + 1*{ 32152} = 0 

1*{ 33 53} + 1*{142162} + 1*{ 32 52} + 1*{147167} + 1*{146166} + 1*{149169} + 1*{ 38 58} + 1*{148168} + 1*{ 31 51} + 1*{ 35 55} + 0.0909091*{} + 1*{140160} + 1*{141161} + 1*{143163} + 1*{145165} + 1*{ 34 54} + 1*{ 37 57} + 1*{ 36 56} + 1*{ 39 59} + 1*{144164} + 1*{ 30 50} = 0 

1*{ 33163} + 1*{ 32162} + -1*{ 58148} + -1*{ 53143} + -1*{ 57147} + 1*{ 30160} + -1*{ 52142} + -1*{ 54144} + -1*{ 50140} + -1*{ 59149} + 1*{ 39169} + 1*{ 36166} + 1*{ 38168} + -1*{ 51141} + -1*{ 56146} + 1*{ 34164} + 1*{ 37167} + 1*{ 31161} + 1*{ 35165} + -1*{ 55145} = 0 

1*{143173} + 0.0909091*{} + 1*{ 36 66} + 1*{141171} + 1*{149179} + 1*{140170} + 1*{ 37 67} + 1*{144174} + 1*{ 38 68} + 1*{ 30 60} + 1*{145175} + 1*{148178} + 1*{142172} + 1*{147177} + 1*{ 31 61} + 1*{ 34 64} + 1*{146176} + 1*{ 32 62} + 1*{ 39 69} + 1*{ 35 65} + 1*{ 33 63} = 0 

1*{ 34174} + 1*{ 31171} + -1*{ 60140} + -1*{ 69149} + 1*{ 32172} + -1*{ 62142} + -1*{ 68148} + -1*{ 66146} + -1*{ 67147} + -1*{ 63143} + -1*{ 61141} + -1*{ 64144} + 1*{ 36176} + 1*{ 38178} + -1*{ 65145} + 1*{ 39179} + 1*{ 30170} + 1*{ 33173} + 1*{ 35175} + 1*{ 37177} = 0 

1*{ 39 79} + 0.0909091*{} + 1*{ 38 78} + 1*{ 36 76} + 1*{ 33 73} + 1*{145185} + 1*{143183} + 1*{ 31 71} + 1*{148188} + 1*{141181} + 1*{ 30 70} + 1*{142182} + 1*{144184} + 1*{ 37 77} + 1*{146186} + 1*{149189} + 1*{147187} + 1*{140180} + 1*{ 34 74} + 1*{ 32 72} + 1*{ 35 75} = 0 

-1*{ 75145} + 1*{ 33183} + -1*{ 74144} + 1*{ 32182} + -1*{ 72142} + -1*{ 70140} + -1*{ 78148} + 1*{ 36186} + -1*{ 71141} + 1*{ 30180} + 1*{ 31181} + -1*{ 76146} + 1*{ 39189} + -1*{ 73143} + 1*{ 37187} + 1*{ 34184} + -1*{ 79149} + 1*{ 38188} + -1*{ 77147} + 1*{ 35185} = 0 

1*{239239} + -0.0909091*{} + 1*{238238} = 0 

1*{ 30 80} + 1*{140190} + 1*{ 35 85} + -1*{238} + 1*{147197} + 1*{ 38 88} + 1*{146196} + 0.0909091*{} + 1*{ 33 83} + 1*{ 36 86} + 1*{145195} + 1*{ 31 81} + 1*{142192} + 1*{ 37 87} + 1*{ 39 89} + 1*{141191} + 1*{149199} + 1*{143193} + 1*{148198} + 1*{ 32 82} + 1*{ 34 84} + 1*{144194} = 0 

1*{ 38198} + 1*{ 36196} + 1*{ 39199} + 1*{ 31191} + -1*{ 82142} + 1*{ 32192} + -1*{ 85145} + -1*{ 80140} + -1*{ 88148} + -1*{ 89149} + 1*{ 33193} + 1*{ 30190} + 1*{ 35195} + 1*{ 37197} + -1*{ 81141} + -1*{ 83143} + -1*{ 87147} + -1*{ 84144} + -1*{239} + -1*{ 86146} + 1*{ 34194} = 0 

-0.0909091*{} + 1*{241241} + 1*{240240} = 0 

1*{148208} + 1*{142202} + 1*{ 34 94} + 1*{ 37 97} + 1*{141201} + 1*{ 32 92} + 1*{ 36 96} + 1*{ 30 90} + 1*{ 38 98} + 1*{143203} + 1*{ 31 91} + -1*{240} + 1*{ 35 95} + 1*{147207} + 1*{149209} + 1*{ 39 99} + 1*{144204} + 1*{145205} + 0.0909091*{} + 1*{140200} + 1*{146206} + 1*{ 33 93} = 0 

-1*{ 99149} + 1*{ 36206} + -1*{ 97147} + 1*{ 33203} + 1*{ 39209} + 1*{ 30200} + 1*{ 32202} + -1*{ 98148} + -1*{241} + -1*{ 96146} + 1*{ 38208} + 1*{ 34204} + 1*{ 37207} + -1*{ 90140} + -1*{ 94144} + 1*{ 35205} + -1*{ 95145} + -1*{ 91141} + 1*{ 31201} + -1*{ 93143} + -1*{ 92142} = 0 

-0.0909091*{} + 1*{243243} + 1*{242242} = 0 

1*{149219} + 1*{145215} + 1*{ 38108} + 1*{ 32102} + 1*{ 35105} + 1*{ 34104} + 1*{141211} + 1*{ 36106} + 1*{ 31101} + 1*{140210} + 1*{ 33103} + 1*{143213} + 1*{147217} + 1*{146216} + 1*{ 39109} + 1*{144214} + 1*{ 37107} + -1*{242} + 0.0909091*{} + 1*{142212} + 1*{148218} + 1*{ 30100} = 0 

-1*{107147} + 1*{ 39219} + 1*{ 32212} + -1*{109149} + 1*{ 37217} + -1*{102142} + 1*{ 36216} + 1*{ 31211} + -1*{100140} + -1*{108148} + 1*{ 34214} + -1*{105145} + 1*{ 33213} + 1*{ 38218} + -1*{101141} + -1*{103143} + 1*{ 35215} + 1*{ 30210} + -1*{106146} + -1*{104144} + -1*{243} = 0 

-0.0909091*{} + 1*{140140} + 1*{ 30 30} = 0 

1*{141141} + -0.0909091*{} + 1*{ 31 31} = 0 

-0.0909091*{} + 1*{142142} + 1*{ 32 32} = 0 

-0.0909091*{} + 1*{ 33 33} + 1*{143143} = 0 

-0.0909091*{} + 1*{144144} + 1*{ 34 34} = 0 

-0.0909091*{} + 1*{145145} + 1*{ 35 35} = 0 

-0.0909091*{} + 1*{146146} + 1*{ 36 36} = 0 

-0.0909091*{} + 1*{147147} + 1*{ 37 37} = 0 

-0.0909091*{} + 1*{ 38 38} + 1*{148148} = 0 

-0.0909091*{} + 1*{149149} + 1*{ 39 39} = 0 

0.181818*{ 33 36} + 0.181818*{147149} + 0.181818*{ 34 39} + 0.181818*{ 30 32} + 0.181818*{145148} + 0.181818*{141146} + 0.181818*{ 33 38} + 0.181818*{142144} + 0.181818*{142146} + 0.181818*{ 30 38} + 0.181818*{ 32 33} + 0.181818*{ 34 37} + 0.181818*{141143} + 0.0548202*{ 33} + 0.181818*{ 32 39} + 0.0548202*{ 37} + 0.181818*{ 31 39} + 0.0548202*{ 34} + 0.181818*{143149} + 0.181818*{140144} + 0.181818*{ 32 34} + 0.0548202*{ 31} + 0.0548202*{ 39} + 0.181818*{146148} + 0.181818*{140148} + 0.181818*{143145} + 0.181818*{145146} + 0.181818*{141144} + 0.181818*{145147} + 0.181818*{147148} + 0.181818*{141149} + 0.181818*{144148} + 0.181818*{142147} + 0.181818*{140147} + 0.181818*{ 32 36} + 0.0548202*{ 36} + 0.181818*{140141} + 0.181818*{142143} + 0.181818*{ 30 35} + 0.181818*{ 37 39} + 0.181818*{143147} + 0.181818*{ 32 38} + 0.181818*{142145} + 0.181818*{ 31 36} + 0.181818*{ 36 37} + 0.181818*{ 35 38} + 0.181818*{141145} + 0.181818*{144146} + 0.181818*{ 38 39} + 0.181818*{ 34 36} + 0.181818*{144147} + 0.0548202*{ 35} + 0.181818*{ 31 32} + 0.181818*{ 36 38} + 0.181818*{ 35 39} + 0.181818*{ 33 35} + 0.181818*{ 32 35} + 0.181818*{ 33 34} + 0.181818*{ 32 37} + 0.181818*{143146} + 0.181818*{144145} + 0.181818*{ 30 36} + 0.0548202*{ 38} + 0.181818*{140145} + 0.181818*{ 31 38} + 0.181818*{ 31 34} + 0.181818*{140146} + 0.181818*{141147} + 0.181818*{ 31 35} + 0.181818*{144149} + 0.181818*{ 34 35} + 0.181818*{ 30 33} + 0.181818*{140142} + 0.181818*{ 30 34} + 0.0548202*{ 32} + 0.181818*{145149} + 0.181818*{ 34 38} + 0.181818*{146149} + 0.181818*{148149} + 0.0548202*{ 30} + 0.181818*{140143} + 0.181818*{142148} + 0.181818*{143148} + 0.181818*{143144} + 0.181818*{ 30 37} + 0.181818*{141142} + 0.181818*{141148} + 0.181818*{ 37 38} + 0.181818*{140149} + 0.181818*{146147} + 0.181818*{ 33 37} + 0.181818*{ 31 33} + 0.181818*{ 30 31} + 0.181818*{ 35 36} + 0.181818*{ 30 39} + 0.181818*{ 31 37} + 0.181818*{142149} + 0.181818*{ 36 39} + 0.181818*{ 35 37} + 0.181818*{ 33 39} = 0 

1*{ 48 58} + 1*{150160} + 1*{ 44 54} + 1*{151161} + 1*{159169} + 1*{157167} + 1*{ 43 53} + 1*{152162} + 1*{ 49 59} + 1*{ 40 50} + 1*{158168} + 1*{ 45 55} + 1*{ 41 51} + 1*{154164} + 1*{ 42 52} + 1*{156166} + 1*{ 47 57} + 1*{155165} + 0.0909091*{} + 1*{153163} + 1*{ 46 56} = 0 

-1*{ 54154} + 1*{ 48168} + 1*{ 40160} + -1*{ 53153} + -1*{ 58158} + 1*{ 45165} + -1*{ 57157} + -1*{ 50150} + 1*{ 43163} + 1*{ 42162} + -1*{ 56156} + 1*{ 47167} + 1*{ 44164} + -1*{ 52152} + 1*{ 46166} + -1*{ 51151} + -1*{ 59159} + -1*{ 55155} + 1*{ 49169} + 1*{ 41161} = 0 

1*{157177} + 1*{159179} + 1*{ 48 68} + 1*{ 40 60} + 1*{153173} + 1*{ 45 65} + 1*{ 43 63} + 1*{151171} + 1*{ 42 62} + 1*{152172} + 0.0909091*{} + 1*{150170} + 1*{158178} + 1*{ 44 64} + 1*{ 41 61} + 1*{156176} + 1*{ 46 66} + 1*{154174} + 1*{ 49 69} + 1*{155175} + 1*{ 47 67} = 0 

-1*{ 62152} + -1*{ 67157} + 1*{ 48178} + 1*{ 41171} + -1*{ 69159} + -1*{ 66156} + 1*{ 47177} + 1*{ 43173} + 1*{ 44174} + -1*{ 63153} + -1*{ 60150} + -1*{ 61151} + -1*{ 64154} + 1*{ 46176} + 1*{ 40170} + -1*{ 65155} + 1*{ 42172} + -1*{ 68158} + 1*{ 49179} + 1*{ 45175} = 0 

1*{ 43 73} + 1*{154184} + 0.0909091*{} + 1*{ 41 71} + 1*{ 48 78} + 1*{150180} + 1*{ 40 70} + 1*{155185} + 1*{151181} + 1*{157187} + 1*{ 42 72} + 1*{156186} + 1*{ 49 79} + 1*{159189} + 1*{158188} + 1*{152182} + 1*{ 45 75} + 1*{ 47 77} + 1*{153183} + 1*{ 44 74} + 1*{ 46 76} = 0 

1*{ 47187} + 1*{ 44184} + -1*{ 72152} + -1*{ 79159} + -1*{ 77157} + 1*{ 49189} + -1*{ 70150} + -1*{ 76156} + 1*{ 41181} + -1*{ 73153} + 1*{ 48188} + 1*{ 46186} + 1*{ 43183} + 1*{ 40180} + 1*{ 42182} + -1*{ 71151} + -1*{ 78158} + -1*{ 75155} + -1*{ 74154} + 1*{ 45185} = 0 

1*{245245} + -0.0909091*{} + 1*{244244} = 0 

1*{159199} + 1*{ 46 86} + -1*{244} + 0.0909091*{} + 1*{ 44 84} + 1*{158198} + 1*{151191} + 1*{ 45 85} + 1*{ 49 89} + 1*{157197} + 1*{ 41 81} + 1*{152192} + 1*{155195} + 1*{ 42 82} + 1*{150190} + 1*{156196} + 1*{153193} + 1*{ 47 87} + 1*{ 48 88} + 1*{ 43 83} + 1*{154194} + 1*{ 40 80} = 0 

1*{ 47197} + -1*{ 80150} + -1*{245} + -1*{ 88158} + -1*{ 87157} + 1*{ 48198} + 1*{ 45195} + -1*{ 89159} + -1*{ 84154} + 1*{ 49199} + -1*{ 82152} + -1*{ 81151} + 1*{ 42192} + 1*{ 44194} + 1*{ 41191} + 1*{ 43193} + -1*{ 86156} + 1*{ 40190} + -1*{ 83153} + 1*{ 46196} + -1*{ 85155} = 0 

-0.0909091*{} + 1*{247247} + 1*{246246} = 0 

1*{159209} + 1*{155205} + 1*{153203} + 1*{150200} + 1*{151201} + 1*{154204} + 1*{ 47 97} + 1*{ 43 93} + 1*{ 48 98} + -1*{246} + 1*{152202} + 1*{ 44 94} + 1*{156206} + 1*{157207} + 1*{ 41 91} + 1*{158208} + 1*{ 49 99} + 1*{ 46 96} + 1*{ 40 90} + 1*{ 42 92} + 0.0909091*{} + 1*{ 45 95} = 0 

1*{ 48208} + 1*{ 42202} + 1*{ 47207} + -1*{ 92152} + 1*{ 46206} + -1*{ 98158} + -1*{ 90150} + -1*{247} + -1*{ 95155} + 1*{ 41201} + 1*{ 43203} + -1*{ 96156} + -1*{ 99159} + -1*{ 93153} + -1*{ 91151} + -1*{ 94154} + -1*{ 97157} + 1*{ 40200} + 1*{ 49209} + 1*{ 45205} + 1*{ 44204} = 0 

-0.0909091*{} + 1*{249249} + 1*{248248} = 0 

1*{ 41101} + 1*{150210} + 1*{ 42102} + -1*{248} + 1*{ 40100} + 1*{157217} + 1*{152212} + 1*{ 49109} + 1*{158218} + 1*{ 43103} + 1*{ 44104} + 1*{151211} + 1*{154214} + 1*{ 45105} + 1*{ 47107} + 1*{153213} + 1*{156216} + 1*{ 46106} + 1*{159219} + 0.0909091*{} + 1*{ 48108} + 1*{155215} = 0 

-1*{108158} + 1*{ 44214} + 1*{ 46216} + -1*{101151} + -1*{104154} + -1*{107157} + -1*{100150} + -1*{109159} + 1*{ 47217} + 1*{ 41211} + 1*{ 43213} + 1*{ 42212} + 1*{ 40210} + 1*{ 49219} + -1*{102152} + 1*{ 45215} + -1*{106156} + -1*{249} + -1*{105155} + 1*{ 48218} + -1*{103153} = 0 

-0.0909091*{} + 1*{150150} + 1*{ 40 40} = 0 

-0.0909091*{} + 1*{151151} + 1*{ 41 41} = 0 

-0.0909091*{} + 1*{152152} + 1*{ 42 42} = 0 

-0.0909091*{} + 1*{153153} + 1*{ 43 43} = 0 

-0.0909091*{} + 1*{154154} + 1*{ 44 44} = 0 

-0.0909091*{} + 1*{155155} + 1*{ 45 45} = 0 

1*{156156} + -0.0909091*{} + 1*{ 46 46} = 0 

-0.0909091*{} + 1*{157157} + 1*{ 47 47} = 0 

1*{158158} + -0.0909091*{} + 1*{ 48 48} = 0 

-0.0909091*{} + 1*{159159} + 1*{ 49 49} = 0 

0.181818*{150152} + 0.181818*{151153} + 0.181818*{153157} + 0.181818*{ 44 49} + 0.181818*{153154} + 0.181818*{151156} + 0.181818*{ 44 46} + 0.181818*{155156} + 0.181818*{154157} + 0.181818*{156158} + 0.181818*{ 40 44} + 0.181818*{151155} + 0.181818*{150158} + 0.181818*{151157} + 0.0548202*{ 44} + 0.181818*{ 43 49} + 0.181818*{154158} + 0.181818*{157159} + 0.181818*{ 47 48} + 0.0548202*{ 40} + 0.181818*{150151} + 0.181818*{157158} + 0.181818*{ 41 45} + 0.181818*{ 45 46} + 0.181818*{ 41 46} + 0.0548202*{ 48} + 0.181818*{154159} + 0.181818*{150154} + 0.181818*{ 47 49} + 0.181818*{ 43 47} + 0.181818*{ 43 46} + 0.181818*{151159} + 0.181818*{158159} + 0.181818*{ 42 45} + 0.181818*{ 40 48} + 0.0548202*{ 41} + 0.181818*{151158} + 0.181818*{ 40 49} + 0.181818*{153159} + 0.181818*{150159} + 0.0548202*{ 42} + 0.181818*{150155} + 0.181818*{ 40 43} + 0.0548202*{ 46} + 0.181818*{152158} + 0.181818*{155158} + 0.181818*{ 45 48} + 0.181818*{152159} + 0.181818*{ 42 49} + 0.181818*{151152} + 0.181818*{154156} + 0.181818*{ 42 43} + 0.181818*{155159} + 0.181818*{ 43 48} + 0.181818*{ 41 48} + 0.181818*{ 41 49} + 0.181818*{152154} + 0.181818*{ 41 42} + 0.181818*{ 40 46} + 0.181818*{152155} + 0.181818*{ 40 42} + 0.0548202*{ 49} + 0.181818*{156157} + 0.181818*{ 43 44} + 0.181818*{ 46 49} + 0.181818*{ 45 47} + 0.181818*{ 48 49} + 0.181818*{ 45 49} + 0.181818*{ 41 47} + 0.181818*{ 40 41} + 0.181818*{150156} + 0.0548202*{ 47} + 0.181818*{ 46 48} + 0.181818*{152153} + 0.181818*{155157} + 0.181818*{150157} + 0.181818*{151154} + 0.181818*{ 42 48} + 0.181818*{ 40 47} + 0.181818*{153158} + 0.181818*{ 44 48} + 0.181818*{ 41 43} + 0.181818*{153156} + 0.181818*{ 42 44} + 0.181818*{ 41 44} + 0.0548202*{ 43} + 0.181818*{154155} + 0.181818*{ 46 47} + 0.181818*{152156} + 0.181818*{ 44 47} + 0.181818*{ 42 47} + 0.181818*{156159} + 0.181818*{153155} + 0.181818*{ 44 45} + 0.181818*{152157} + 0.181818*{ 40 45} + 0.181818*{ 42 46} + 0.181818*{150153} + 0.181818*{ 43 45} + 0.0548202*{ 45} = 0 

1*{ 59 69} + 1*{163173} + 1*{169179} + 1*{162172} + 1*{ 54 64} + 1*{ 51 61} + 1*{166176} + 1*{164174} + 1*{ 55 65} + 1*{ 50 60} + 1*{ 53 63} + 1*{ 52 62} + 1*{168178} + 1*{ 57 67} + 1*{ 56 66} + 1*{167177} + 1*{160170} + 1*{161171} + 1*{165175} + 0.0909091*{} + 1*{ 58 68} = 0 

-1*{ 67167} + 1*{ 57177} + -1*{ 64164} + 1*{ 54174} + 1*{ 53173} + 1*{ 59179} + 1*{ 58178} + 1*{ 55175} + -1*{ 65165} + -1*{ 60160} + -1*{ 62162} + 1*{ 56176} + -1*{ 68168} + 1*{ 50170} + -1*{ 61161} + -1*{ 66166} + 1*{ 52172} + -1*{ 69169} + -1*{ 63163} + 1*{ 51171} = 0 

1*{164184} + 1*{161181} + 1*{160180} + 1*{ 51 71} + 1*{ 57 77} + 1*{166186} + 1*{ 56 76} + 1*{163183} + 1*{ 55 75} + 1*{ 50 70} + 1*{ 53 73} + 0.0909091*{} + 1*{ 59 79} + 1*{165185} + 1*{ 58 78} + 1*{ 54 74} + 1*{168188} + 1*{ 52 72} + 1*{162182} + 1*{169189} + 1*{167187} = 0 

-1*{ 71161} + 1*{ 59189} + 1*{ 55185} + 1*{ 53183} + -1*{ 73163} + -1*{ 72162} + 1*{ 50180} + -1*{ 78168} + 1*{ 52182} + -1*{ 75165} + -1*{ 79169} + 1*{ 56186} + 1*{ 58188} + 1*{ 57187} + -1*{ 70160} + 1*{ 54184} + 1*{ 51181} + -1*{ 74164} + -1*{ 77167} + -1*{ 76166} = 0 

-0.0909091*{} + 1*{251251} + 1*{250250} = 0 

1*{168198} + 0.0909091*{} + 1*{164194} + 1*{ 59 89} + 1*{160190} + 1*{ 53 83} + 1*{ 58 88} + -1*{250} + 1*{161191} + 1*{ 55 85} + 1*{ 56 86} + 1*{ 57 87} + 1*{ 54 84} + 1*{ 50 80} + 1*{166196} + 1*{ 52 82} + 1*{167197} + 1*{ 51 81} + 1*{162192} + 1*{165195} + 1*{169199} + 1*{163193} = 0 

1*{ 55195} + -1*{251} + -1*{ 84164} + -1*{ 86166} + -1*{ 85165} + -1*{ 89169} + 1*{ 57197} + -1*{ 81161} + 1*{ 52192} + 1*{ 53193} + -1*{ 83163} + 1*{ 51191} + -1*{ 82162} + 1*{ 59199} + 1*{ 58198} + -1*{ 80160} + 1*{ 56196} + -1*{ 88168} + -1*{ 87167} + 1*{ 54194} + 1*{ 50190} = 0 

-0.0909091*{} + 1*{253253} + 1*{252252} = 0 

1*{ 52 92} + -1*{252} + 1*{164204} + 1*{161201} + 1*{ 53 93} + 0.0909091*{} + 1*{ 55 95} + 1*{162202} + 1*{ 54 94} + 1*{165205} + 1*{ 59 99} + 1*{ 58 98} + 1*{ 50 90} + 1*{ 51 91} + 1*{ 57 97} + 1*{166206} + 1*{168208} + 1*{160200} + 1*{167207} + 1*{163203} + 1*{169209} + 1*{ 56 96} = 0 

1*{ 59209} + -1*{ 98168} + 1*{ 50200} + 1*{ 54204} + 1*{ 51201} + 1*{ 53203} + 1*{ 55205} + -1*{ 94164} + -1*{ 90160} + -1*{ 95165} + 1*{ 57207} + 1*{ 58208} + -1*{253} + -1*{ 93163} + -1*{ 97167} + 1*{ 52202} + 1*{ 56206} + -1*{ 99169} + -1*{ 92162} + -1*{ 91161} + -1*{ 96166} = 0 

-0.0909091*{} + 1*{255255} + 1*{254254} = 0 

1*{164214} + 1*{ 57107} + 1*{ 59109} + 0.0909091*{} + 1*{162212} + 1*{ 58108} + 1*{163213} + 1*{ 50100} + 1*{ 52102} + 1*{ 54104} + 1*{ 53103} + 1*{161211} + 1*{165215} + 1*{169219} + 1*{167217} + 1*{ 56106} + -1*{254} + 1*{166216} + 1*{ 55105} + 1*{160210} + 1*{168218} + 1*{ 51101} = 0 

-1*{102162} + -1*{105165} + 1*{ 54214} + -1*{108168} + -1*{109169} + -1*{107167} + 1*{ 52212} + 1*{ 59219} + -1*{255} + 1*{ 58218} + -1*{103163} + 1*{ 53213} + 1*{ 51211} + 1*{ 57217} + -1*{106166} + -1*{104164} + 1*{ 56216} + -1*{101161} + -1*{100160} + 1*{ 55215} + 1*{ 50210} = 0 

-0.0909091*{} + 1*{160160} + 1*{ 50 50} = 0 

-0.0909091*{} + 1*{161161} + 1*{ 51 51} = 0 

-0.0909091*{} + 1*{162162} + 1*{ 52 52} = 0 

-0.0909091*{} + 1*{163163} + 1*{ 53 53} = 0 

-0.0909091*{} + 1*{164164} + 1*{ 54 54} = 0 

-0.0909091*{} + 1*{165165} + 1*{ 55 55} = 0 

-0.0909091*{} + 1*{166166} + 1*{ 56 56} = 0 

1*{167167} + -0.0909091*{} + 1*{ 57 57} = 0 

-0.0909091*{} + 1*{168168} + 1*{ 58 58} = 0 

-0.0909091*{} + 1*{169169} + 1*{ 59 59} = 0 

0.181818*{161164} + 0.181818*{ 51 53} + 0.181818*{ 52 53} + 0.181818*{160167} + 0.181818*{163166} + 0.181818*{165166} + 0.181818*{160169} + 0.181818*{160168} + 0.0548202*{ 50} + 0.0548202*{ 52} + 0.181818*{ 58 59} + 0.0548202*{ 56} + 0.181818*{ 50 59} + 0.181818*{161165} + 0.181818*{ 51 56} + 0.181818*{160163} + 0.181818*{ 50 54} + 0.181818*{ 52 59} + 0.181818*{161167} + 0.181818*{ 56 58} + 0.181818*{161163} + 0.181818*{ 50 51} + 0.181818*{ 54 58} + 0.181818*{ 52 57} + 0.181818*{162166} + 0.181818*{162163} + 0.181818*{ 50 53} + 0.181818*{ 53 56} + 0.181818*{ 51 55} + 0.0548202*{ 58} + 0.181818*{ 54 55} + 0.181818*{ 55 56} + 0.181818*{ 50 52} + 0.181818*{160164} + 0.181818*{ 51 59} + 0.181818*{ 52 54} + 0.181818*{168169} + 0.181818*{ 51 58} + 0.181818*{ 54 57} + 0.181818*{ 53 57} + 0.181818*{ 50 55} + 0.181818*{163167} + 0.181818*{ 55 59} + 0.181818*{161166} + 0.181818*{ 55 57} + 0.181818*{ 57 58} + 0.0548202*{ 57} + 0.0548202*{ 55} + 0.181818*{160161} + 0.181818*{ 54 56} + 0.181818*{160166} + 0.181818*{164165} + 0.181818*{166168} + 0.181818*{ 51 54} + 0.181818*{160165} + 0.0548202*{ 51} + 0.181818*{164166} + 0.181818*{161162} + 0.0548202*{ 53} + 0.181818*{162167} + 0.181818*{164167} + 0.181818*{162169} + 0.181818*{ 52 58} + 0.181818*{ 51 52} + 0.181818*{165169} + 0.181818*{ 50 58} + 0.181818*{163168} + 0.181818*{165168} + 0.181818*{167169} + 0.181818*{162164} + 0.181818*{ 51 57} + 0.181818*{163169} + 0.181818*{164168} + 0.181818*{ 53 58} + 0.181818*{ 50 57} + 0.0548202*{ 54} + 0.181818*{ 52 56} + 0.181818*{163164} + 0.181818*{165167} + 0.181818*{163165} + 0.181818*{167168} + 0.181818*{166169} + 0.181818*{ 55 58} + 0.181818*{ 53 55} + 0.181818*{161169} + 0.181818*{ 53 54} + 0.181818*{164169} + 0.181818*{ 50 56} + 0.181818*{162168} + 0.181818*{ 52 55} + 0.181818*{ 54 59} + 0.181818*{ 53 59} + 0.181818*{166167} + 0.181818*{ 56 59} + 0.0548202*{ 59} + 0.181818*{ 56 57} + 0.181818*{161168} + 0.181818*{ 57 59} + 0.181818*{162165} + 0.181818*{160162} = 0 

1*{ 65 75} + 0.0909091*{} + 1*{ 62 72} + 1*{ 69 79} + 1*{173183} + 1*{170180} + 1*{171181} + 1*{172182} + 1*{ 63 73} + 1*{179189} + 1*{ 61 71} + 1*{ 67 77} + 1*{175185} + 1*{ 68 78} + 1*{176186} + 1*{174184} + 1*{ 64 74} + 1*{178188} + 1*{ 66 76} + 1*{ 60 70} + 1*{177187} = 0 

1*{ 68188} + -1*{ 71171} + 1*{ 63183} + 1*{ 60180} + -1*{ 78178} + -1*{ 79179} + -1*{ 70170} + 1*{ 67187} + -1*{ 72172} + 1*{ 69189} + -1*{ 76176} + -1*{ 74174} + -1*{ 75175} + 1*{ 62182} + 1*{ 64184} + -1*{ 77177} + 1*{ 65185} + 1*{ 66186} + -1*{ 73173} + 1*{ 61181} = 0 

-0.0909091*{} + 1*{257257} + 1*{256256} = 0 

1*{ 62 82} + 1*{ 60 80} + 1*{177197} + 1*{178198} + 1*{ 63 83} + 1*{ 66 86} + 1*{171191} + 1*{ 65 85} + 1*{172192} + 1*{ 64 84} + 1*{174194} + 1*{179199} + -1*{256} + 1*{173193} + 1*{170190} + 1*{ 69 89} + 1*{ 61 81} + 1*{ 68 88} + 1*{ 67 87} + 0.0909091*{} + 1*{176196} + 1*{175195} = 0 

1*{ 68198} + -1*{ 88178} + 1*{ 60190} + -1*{ 82172} + 1*{ 69199} + 1*{ 62192} + 1*{ 67197} + -1*{ 81171} + 1*{ 63193} + -1*{ 89179} + 1*{ 65195} + -1*{ 86176} + -1*{ 80170} + 1*{ 66196} + -1*{ 83173} + -1*{ 87177} + 1*{ 64194} + -1*{ 84174} + -1*{257} + 1*{ 61191} + -1*{ 85175} = 0 

-0.0909091*{} + 1*{259259} + 1*{258258} = 0 

1*{ 68 98} + 1*{170200} + 1*{175205} + 1*{ 64 94} + 1*{ 63 93} + 1*{172202} + 1*{ 67 97} + 1*{179209} + -1*{258} + 1*{ 62 92} + 0.0909091*{} + 1*{174204} + 1*{177207} + 1*{176206} + 1*{ 65 95} + 1*{ 60 90} + 1*{ 61 91} + 1*{171201} + 1*{173203} + 1*{178208} + 1*{ 69 99} + 1*{ 66 96} = 0 

-1*{ 96176} + -1*{ 91171} + 1*{ 69209} + -1*{259} + -1*{ 92172} + 1*{ 61201} + 1*{ 60200} + 1*{ 63203} + -1*{ 98178} + -1*{ 94174} + -1*{ 90170} + 1*{ 68208} + 1*{ 67207} + -1*{ 99179} + 1*{ 65205} + 1*{ 62202} + -1*{ 95175} + 1*{ 66206} + -1*{ 97177} + -1*{ 93173} + 1*{ 64204} = 0 

-0.0909091*{} + 1*{261261} + 1*{260260} = 0 

1*{ 69109} + 1*{ 67107} + 1*{ 65105} + 1*{172212} + 1*{ 62102} + 1*{175215} + 0.0909091*{} + 1*{179219} + 1*{ 64104} + 1*{ 63103} + 1*{171211} + 1*{174214} + 1*{173213} + -1*{260} + 1*{ 66106} + 1*{ 68108} + 1*{176216} + 1*{177217} + 1*{ 61101} + 1*{ 60100} + 1*{170210} + 1*{178218} = 0 

1*{ 69219} + -1*{261} + -1*{100170} + 1*{ 61211} + 1*{ 64214} + -1*{106176} + 1*{ 66216} + 1*{ 68218} + -1*{101171} + -1*{105175} + -1*{104174} + -1*{107177} + -1*{102172} + -1*{109179} + 1*{ 65215} + 1*{ 67217} + -1*{108178} + -1*{103173} + 1*{ 63213} + 1*{ 60210} + 1*{ 62212} = 0 

-0.0909091*{} + 1*{170170} + 1*{ 60 60} = 0 

-0.0909091*{} + 1*{171171} + 1*{ 61 61} = 0 

-0.0909091*{} + 1*{172172} + 1*{ 62 62} = 0 

-0.0909091*{} + 1*{173173} + 1*{ 63 63} = 0 

-0.0909091*{} + 1*{174174} + 1*{ 64 64} = 0 

-0.0909091*{} + 1*{175175} + 1*{ 65 65} = 0 

-0.0909091*{} + 1*{176176} + 1*{ 66 66} = 0 

-0.0909091*{} + 1*{177177} + 1*{ 67 67} = 0 

-0.0909091*{} + 1*{178178} + 1*{ 68 68} = 0 

1*{179179} + -0.0909091*{} + 1*{ 69 69} = 0 

0.181818*{171175} + 0.0548202*{ 61} + 0.181818*{ 61 69} + 0.0548202*{ 64} + 0.181818*{170171} + 0.181818*{172179} + 0.181818*{170172} + 0.181818*{ 62 66} + 0.181818*{172177} + 0.181818*{ 61 62} + 0.181818*{171179} + 0.181818*{ 60 61} + 0.181818*{173179} + 0.181818*{175179} + 0.181818*{177178} + 0.181818*{ 62 67} + 0.181818*{175176} + 0.181818*{172175} + 0.181818*{174177} + 0.181818*{ 61 68} + 0.181818*{174178} + 0.181818*{ 64 68} + 0.181818*{173174} + 0.0548202*{ 67} + 0.181818*{ 60 64} + 0.181818*{ 66 69} + 0.181818*{173176} + 0.0548202*{ 63} + 0.181818*{ 64 65} + 0.181818*{ 63 65} + 0.181818*{174176} + 0.181818*{ 62 63} + 0.181818*{176178} + 0.181818*{171174} + 0.181818*{170178} + 0.181818*{ 63 68} + 0.181818*{ 64 66} + 0.181818*{172174} + 0.0548202*{ 60} + 0.181818*{ 63 67} + 0.181818*{ 65 68} + 0.181818*{ 60 69} + 0.181818*{ 60 63} + 0.181818*{ 68 69} + 0.181818*{172178} + 0.181818*{172173} + 0.0548202*{ 69} + 0.181818*{ 60 68} + 0.181818*{ 61 66} + 0.181818*{176179} + 0.181818*{ 60 66} + 0.181818*{ 63 66} + 0.181818*{ 61 64} + 0.181818*{ 66 68} + 0.0548202*{ 62} + 0.181818*{ 64 67} + 0.0548202*{ 65} + 0.181818*{178179} + 0.181818*{174179} + 0.181818*{171176} + 0.181818*{ 63 64} + 0.181818*{ 65 67} + 0.181818*{ 67 69} + 0.181818*{ 63 69} + 0.181818*{ 60 62} + 0.181818*{177179} + 0.181818*{ 61 63} + 0.181818*{171173} + 0.181818*{ 65 66} + 0.181818*{ 62 65} + 0.181818*{171178} + 0.181818*{ 62 64} + 0.181818*{ 64 69} + 0.181818*{ 62 69} + 0.181818*{171172} + 0.181818*{ 60 67} + 0.181818*{170173} + 0.181818*{ 62 68} + 0.0548202*{ 66} + 0.181818*{176177} + 0.181818*{ 66 67} + 0.181818*{170176} + 0.181818*{170179} + 0.0548202*{ 68} + 0.181818*{170174} + 0.181818*{173178} + 0.181818*{175178} + 0.181818*{172176} + 0.181818*{173175} + 0.181818*{ 61 65} + 0.181818*{175177} + 0.181818*{170177} + 0.181818*{171177} + 0.181818*{170175} + 0.181818*{ 61 67} + 0.181818*{ 67 68} + 0.181818*{ 60 65} + 0.181818*{174175} + 0.181818*{173177} + 0.181818*{ 65 69} = 0 

-0.0909091*{} + 1*{263263} + 1*{262262} = 0 

1*{188198} + 1*{186196} + 1*{ 70 80} + 1*{ 78 88} + 1*{187197} + -1*{262} + 0.0909091*{} + 1*{180190} + 1*{ 72 82} + 1*{182192} + 1*{ 71 81} + 1*{185195} + 1*{183193} + 1*{ 73 83} + 1*{ 74 84} + 1*{ 79 89} + 1*{ 77 87} + 1*{181191} + 1*{ 76 86} + 1*{189199} + 1*{ 75 85} + 1*{184194} = 0 

1*{ 77197} + 1*{ 74194} + 1*{ 75195} + -1*{ 83183} + -1*{ 87187} + 1*{ 70190} + 1*{ 72192} + -1*{ 85185} + -1*{ 89189} + 1*{ 76196} + 1*{ 71191} + -1*{ 86186} + -1*{ 81181} + -1*{263} + -1*{ 82182} + -1*{ 88188} + -1*{ 80180} + 1*{ 73193} + 1*{ 78198} + -1*{ 84184} + 1*{ 79199} = 0 

-0.0909091*{} + 1*{265265} + 1*{264264} = 0 

1*{ 70 90} + 1*{ 78 98} + 1*{ 79 99} + 1*{ 77 97} + 1*{181201} + 1*{185205} + 1*{187207} + 1*{184204} + 1*{183203} + 1*{ 71 91} + -1*{264} + 1*{180200} + 1*{186206} + 1*{188208} + 1*{182202} + 1*{ 74 94} + 1*{ 75 95} + 0.0909091*{} + 1*{ 72 92} + 1*{189209} + 1*{ 76 96} + 1*{ 73 93} = 0 

-1*{ 96186} + 1*{ 74204} + 1*{ 78208} + -1*{ 98188} + 1*{ 75205} + 1*{ 70200} + -1*{ 91181} + -1*{ 97187} + 1*{ 73203} + -1*{ 90180} + -1*{265} + 1*{ 79209} + -1*{ 95185} + 1*{ 71201} + -1*{ 94184} + 1*{ 72202} + -1*{ 99189} + 1*{ 77207} + 1*{ 76206} + -1*{ 93183} + -1*{ 92182} = 0 

-0.0909091*{} + 1*{267267} + 1*{266266} = 0 

1*{ 78108} + 1*{189219} + 1*{184214} + 1*{183213} + 1*{ 73103} + 1*{180210} + 1*{185215} + 1*{ 76106} + 1*{ 77107} + 1*{ 70100} + 1*{186216} + 1*{188218} + 1*{182212} + 1*{ 79109} + 1*{187217} + 1*{ 75105} + 1*{181211} + -1*{266} + 1*{ 74104} + 1*{ 72102} + 1*{ 71101} + 0.0909091*{} = 0 

1*{ 77217} + 1*{ 76216} + -1*{102182} + 1*{ 73213} + -1*{267} + -1*{103183} + 1*{ 78218} + -1*{100180} + -1*{104184} + 1*{ 72212} + -1*{105185} + -1*{108188} + 1*{ 71211} + 1*{ 79219} + 1*{ 74214} + -1*{109189} + -1*{107187} + -1*{106186} + -1*{101181} + 1*{ 75215} + 1*{ 70210} = 0 

-0.0909091*{} + 1*{180180} + 1*{ 70 70} = 0 

-0.0909091*{} + 1*{181181} + 1*{ 71 71} = 0 

-0.0909091*{} + 1*{182182} + 1*{ 72 72} = 0 

1*{183183} + -0.0909091*{} + 1*{ 73 73} = 0 

-0.0909091*{} + 1*{184184} + 1*{ 74 74} = 0 

-0.0909091*{} + 1*{185185} + 1*{ 75 75} = 0 

-0.0909091*{} + 1*{186186} + 1*{ 76 76} = 0 

-0.0909091*{} + 1*{187187} + 1*{ 77 77} = 0 

-0.0909091*{} + 1*{188188} + 1*{ 78 78} = 0 

1*{189189} + -0.0909091*{} + 1*{ 79 79} = 0 

0.181818*{184186} + 0.181818*{183189} + 0.0548202*{ 79} + 0.181818*{183187} + 0.181818*{181183} + 0.181818*{ 72 76} + 0.181818*{ 77 79} + 0.181818*{181182} + 0.0548202*{ 70} + 0.181818*{180188} + 0.181818*{ 71 76} + 0.181818*{ 72 79} + 0.181818*{ 70 71} + 0.181818*{ 76 79} + 0.181818*{185188} + 0.181818*{ 74 77} + 0.181818*{182187} + 0.181818*{ 71 79} + 0.0548202*{ 78} + 0.181818*{180182} + 0.181818*{ 72 74} + 0.181818*{ 72 75} + 0.181818*{182186} + 0.181818*{188189} + 0.181818*{ 72 73} + 0.181818*{181187} + 0.181818*{ 78 79} + 0.0548202*{ 73} + 0.181818*{ 71 77} + 0.181818*{182184} + 0.181818*{ 73 76} + 0.181818*{180181} + 0.0548202*{ 72} + 0.181818*{ 74 78} + 0.181818*{183186} + 0.181818*{182183} + 0.181818*{ 73 78} + 0.181818*{186187} + 0.181818*{ 76 77} + 0.181818*{ 70 78} + 0.181818*{185189} + 0.181818*{187188} + 0.181818*{ 77 78} + 0.181818*{184187} + 0.181818*{183185} + 0.181818*{ 72 77} + 0.181818*{ 75 77} + 0.181818*{180184} + 0.0548202*{ 77} + 0.181818*{ 70 75} + 0.181818*{ 73 77} + 0.181818*{180185} + 0.181818*{ 73 75} + 0.181818*{ 70 77} + 0.181818*{180186} + 0.0548202*{ 76} + 0.181818*{185187} + 0.0548202*{ 75} + 0.181818*{180183} + 0.0548202*{ 71} + 0.181818*{ 70 73} + 0.181818*{184189} + 0.181818*{ 70 76} + 0.181818*{181185} + 0.181818*{183188} + 0.181818*{186188} + 0.181818*{ 75 76} + 0.181818*{180187} + 0.181818*{187189} + 0.181818*{ 70 72} + 0.181818*{ 71 72} + 0.181818*{ 76 78} + 0.181818*{ 73 74} + 0.181818*{182185} + 0.181818*{ 70 74} + 0.181818*{ 71 74} + 0.181818*{186189} + 0.181818*{181188} + 0.181818*{ 74 79} + 0.181818*{ 74 76} + 0.181818*{184185} + 0.181818*{ 71 73} + 0.181818*{ 72 78} + 0.181818*{ 71 75} + 0.181818*{185186} + 0.181818*{182189} + 0.181818*{ 74 75} + 0.181818*{181186} + 0.181818*{181189} + 0.181818*{ 71 78} + 0.181818*{183184} + 0.0548202*{ 74} + 0.181818*{ 75 78} + 0.181818*{184188} + 0.181818*{181184} + 0.181818*{182188} + 0.181818*{180189} + 0.181818*{ 70 79} + 0.181818*{ 73 79} + 0.181818*{ 75 79} = 0 

-0.0909091*{} + 1*{269269} + 1*{268268} = 0 

1*{ 89 99} + 1*{ 85 95} + 0.0909091*{} + 1*{199209} + 1*{194204} + 1*{192202} + 1*{ 80 90} + 1*{ 81 91} + 1*{ 87 97} + 1*{ 88 98} + 1*{197207} + 1*{190200} + 1*{196206} + 1*{198208} + 1*{193203} + -1*{268} + 1*{ 86 96} + 1*{191201} + 1*{ 82 92} + 1*{ 83 93} + 1*{ 84 94} + 1*{195205} = 0 

1*{ 81201} + -1*{ 95195} + -1*{ 99199} + 1*{ 80200} + 1*{ 82202} + -1*{ 93193} + -1*{ 94194} + -1*{ 97197} + 1*{ 86206} + 1*{ 84204} + -1*{ 90190} + 1*{ 87207} + 1*{ 89209} + -1*{ 92192} + -1*{ 91191} + 1*{ 88208} + -1*{ 96196} + -1*{ 98198} + 1*{ 85205} + 1*{ 83203} + -1*{269} = 0 

-0.0909091*{} + 1*{271271} + 1*{270270} = 0 

0.0909091*{} + 1*{ 89109} + 1*{ 88108} + 1*{196216} + 1*{ 80100} + 1*{199219} + 1*{190210} + 1*{ 87107} + 1*{191211} + 1*{ 82102} + 1*{198218} + -1*{270} + 1*{197217} + 1*{ 86106} + 1*{194214} + 1*{ 84104} + 1*{195215} + 1*{ 81101} + 1*{192212} + 1*{193213} + 1*{ 85105} + 1*{ 83103} = 0 

1*{ 80210} + -1*{102192} + -1*{106196} + -1*{107197} + 1*{ 82212} + 1*{ 86216} + 1*{ 84214} + 1*{ 81211} + 1*{ 87217} + -1*{271} + 1*{ 88218} + -1*{109199} + 1*{ 83213} + -1*{104194} + 1*{ 89219} + -1*{101191} + -1*{108198} + -1*{103193} + -1*{100190} + 1*{ 85215} + -1*{105195} = 0 

-0.0909091*{} + 1*{190190} + 1*{ 80 80} = 0 

-0.0909091*{} + 1*{191191} + 1*{ 81 81} = 0 

-0.0909091*{} + 1*{192192} + 1*{ 82 82} = 0 

-0.0909091*{} + 1*{ 83 83} + 1*{193193} = 0 

-0.0909091*{} + 1*{194194} + 1*{ 84 84} = 0 

-0.0909091*{} + 1*{195195} + 1*{ 85 85} = 0 

-0.0909091*{} + 1*{196196} + 1*{ 86 86} = 0 

-0.0909091*{} + 1*{197197} + 1*{ 87 87} = 0 

-0.0909091*{} + 1*{198198} + 1*{ 88 88} = 0 

1*{ 89 89} + -0.0909091*{} + 1*{199199} = 0 

0.0548202*{ 81} + 0.181818*{ 82 86} + 0.181818*{192196} + 0.181818*{190196} + 0.181818*{ 84 85} + 0.181818*{196197} + 0.181818*{193197} + 0.181818*{ 80 89} + 0.181818*{ 86 87} + 0.181818*{ 80 84} + 0.181818*{198199} + 0.181818*{ 87 88} + 0.181818*{192197} + 0.181818*{ 85 86} + 0.181818*{ 82 83} + 0.181818*{191193} + 0.181818*{190199} + 0.0548202*{ 84} + 0.181818*{ 82 87} + 0.181818*{191197} + 0.181818*{195198} + 0.0548202*{ 86} + 0.181818*{196198} + 0.181818*{194197} + 0.181818*{195196} + 0.0548202*{ 82} + 0.181818*{ 83 85} + 0.181818*{ 80 87} + 0.0548202*{ 88} + 0.181818*{ 84 86} + 0.181818*{192194} + 0.0548202*{ 87} + 0.181818*{191194} + 0.181818*{193199} + 0.181818*{194198} + 0.181818*{ 86 88} + 0.181818*{ 86 89} + 0.181818*{ 80 86} + 0.181818*{ 85 87} + 0.181818*{196199} + 0.181818*{192199} + 0.181818*{ 82 88} + 0.181818*{ 88 89} + 0.181818*{195197} + 0.181818*{191195} + 0.181818*{ 82 85} + 0.181818*{ 83 84} + 0.181818*{ 80 82} + 0.181818*{193195} + 0.181818*{ 80 88} + 0.181818*{ 87 89} + 0.181818*{ 81 83} + 0.181818*{ 80 85} + 0.181818*{190194} + 0.181818*{191196} + 0.181818*{ 85 88} + 0.181818*{ 83 89} + 0.181818*{197198} + 0.181818*{192198} + 0.181818*{190195} + 0.181818*{190198} + 0.181818*{ 84 89} + 0.181818*{ 80 83} + 0.181818*{194196} + 0.181818*{ 83 86} + 0.181818*{ 81 86} + 0.181818*{ 82 89} + 0.0548202*{ 85} + 0.181818*{190197} + 0.181818*{ 84 88} + 0.181818*{ 81 87} + 0.181818*{193198} + 0.181818*{ 84 87} + 0.181818*{ 81 84} + 0.181818*{192193} + 0.181818*{192195} + 0.0548202*{ 80} + 0.181818*{ 85 89} + 0.181818*{191198} + 0.181818*{ 83 88} + 0.181818*{195199} + 0.181818*{190191} + 0.181818*{ 81 82} + 0.181818*{ 80 81} + 0.181818*{194199} + 0.181818*{190193} + 0.181818*{193194} + 0.181818*{ 83 87} + 0.0548202*{ 83} + 0.181818*{ 81 85} + 0.181818*{191192} + 0.181818*{191199} + 0.181818*{ 82 84} + 0.181818*{190192} + 0.181818*{ 81 89} + 0.181818*{ 81 88} + 0.181818*{193196} + 0.0548202*{ 89} + 0.181818*{197199} + 0.181818*{194195} = 0 

-0.0909091*{} + 1*{273273} + 1*{272272} = 0 

1*{200210} + 1*{ 90100} + 1*{ 96106} + 1*{201211} + 1*{ 92102} + 1*{203213} + 1*{ 99109} + 1*{ 91101} + 1*{207217} + 1*{ 98108} + 0.0909091*{} + 1*{ 93103} + 1*{208218} + 1*{209219} + 1*{204214} + 1*{ 95105} + 1*{ 94104} + 1*{202212} + 1*{ 97107} + -1*{272} + 1*{205215} + 1*{206216} = 0 

-1*{104204} + 1*{ 91211} + 1*{ 96216} + 1*{ 97217} + -1*{108208} + -1*{273} + 1*{ 99219} + 1*{ 93213} + -1*{102202} + -1*{109209} + -1*{106206} + -1*{100200} + 1*{ 98218} + 1*{ 95215} + 1*{ 92212} + 1*{ 94214} + -1*{103203} + 1*{ 90210} + -1*{101201} + -1*{107207} + -1*{105205} = 0 

-0.0909091*{} + 1*{200200} + 1*{ 90 90} = 0 

-0.0909091*{} + 1*{201201} + 1*{ 91 91} = 0 

-0.0909091*{} + 1*{202202} + 1*{ 92 92} = 0 

1*{203203} + -0.0909091*{} + 1*{ 93 93} = 0 

-0.0909091*{} + 1*{204204} + 1*{ 94 94} = 0 

-0.0909091*{} + 1*{205205} + 1*{ 95 95} = 0 

-0.0909091*{} + 1*{206206} + 1*{ 96 96} = 0 

-0.0909091*{} + 1*{207207} + 1*{ 97 97} = 0 

-0.0909091*{} + 1*{208208} + 1*{ 98 98} = 0 

-0.0909091*{} + 1*{209209} + 1*{ 99 99} = 0 

0.181818*{202207} + 0.181818*{201205} + 0.181818*{ 90 95} + 0.181818*{ 91 93} + 0.181818*{ 92 97} + 0.181818*{ 93 97} + 0.181818*{ 90 94} + 0.181818*{207209} + 0.181818*{ 92 98} + 0.181818*{ 95 96} + 0.181818*{ 97 99} + 0.181818*{201209} + 0.181818*{200205} + 0.181818*{201207} + 0.181818*{ 91 99} + 0.181818*{205209} + 0.181818*{ 96 99} + 0.181818*{203208} + 0.181818*{203205} + 0.181818*{ 92 99} + 0.181818*{203209} + 0.181818*{205206} + 0.181818*{ 91 98} + 0.181818*{203206} + 0.181818*{ 94 95} + 0.181818*{ 94 98} + 0.181818*{202206} + 0.181818*{206207} + 0.181818*{200203} + 0.181818*{201202} + 0.181818*{203207} + 0.181818*{204207} + 0.0548202*{ 90} + 0.181818*{206208} + 0.0548202*{ 92} + 0.181818*{200202} + 0.181818*{208209} + 0.181818*{ 95 99} + 0.181818*{ 95 98} + 0.181818*{204208} + 0.181818*{200206} + 0.181818*{ 93 95} + 0.181818*{ 94 97} + 0.181818*{ 91 97} + 0.0548202*{ 91} + 0.181818*{ 96 97} + 0.181818*{204209} + 0.181818*{202209} + 0.181818*{204206} + 0.181818*{ 90 93} + 0.181818*{ 92 94} + 0.0548202*{ 96} + 0.181818*{ 90 92} + 0.0548202*{ 97} + 0.181818*{200204} + 0.181818*{ 94 99} + 0.181818*{202204} + 0.181818*{202205} + 0.181818*{201203} + 0.181818*{ 94 96} + 0.181818*{ 90 99} + 0.181818*{ 92 95} + 0.181818*{ 90 97} + 0.181818*{206209} + 0.181818*{ 91 94} + 0.181818*{201206} + 0.181818*{ 90 98} + 0.181818*{ 97 98} + 0.181818*{ 91 92} + 0.181818*{ 90 91} + 0.181818*{ 91 96} + 0.181818*{200209} + 0.181818*{ 98 99} + 0.181818*{ 93 94} + 0.181818*{ 96 98} + 0.181818*{ 93 96} + 0.181818*{ 93 99} + 0.181818*{205208} + 0.181818*{202208} + 0.181818*{201208} + 0.181818*{200208} + 0.181818*{ 93 98} + 0.181818*{ 92 93} + 0.181818*{204205} + 0.0548202*{ 98} + 0.0548202*{ 94} + 0.181818*{ 95 97} + 0.181818*{200201} + 0.181818*{201204} + 0.181818*{ 90 96} + 0.0548202*{ 95} + 0.181818*{207208} + 0.181818*{200207} + 0.181818*{ 91 95} + 0.181818*{202203} + 0.181818*{205207} + 0.0548202*{ 93} + 0.181818*{ 92 96} + 0.181818*{203204} + 0.0548202*{ 99} = 0 

-0.0909091*{} + 1*{210210} + 1*{100100} = 0 

-0.0909091*{} + 1*{211211} + 1*{101101} = 0 

1*{212212} + -0.0909091*{} + 1*{102102} = 0 

-0.0909091*{} + 1*{213213} + 1*{103103} = 0 

-0.0909091*{} + 1*{214214} + 1*{104104} = 0 

-0.0909091*{} + 1*{215215} + 1*{105105} = 0 

1*{216216} + -0.0909091*{} + 1*{106106} = 0 

-0.0909091*{} + 1*{217217} + 1*{107107} = 0 

-0.0909091*{} + 1*{218218} + 1*{108108} = 0 

-0.0909091*{} + 1*{219219} + 1*{109109} = 0 

0.0548202*{102} + 0.181818*{102107} + 0.181818*{214219} + 0.0548202*{109} + 0.181818*{216218} + 0.181818*{212219} + 0.181818*{213219} + 0.181818*{102106} + 0.181818*{100109} + 0.181818*{102103} + 0.181818*{217218} + 0.181818*{101108} + 0.181818*{216217} + 0.181818*{100108} + 0.181818*{107109} + 0.181818*{215219} + 0.181818*{210211} + 0.181818*{210218} + 0.181818*{100102} + 0.181818*{103109} + 0.0548202*{108} + 0.181818*{103106} + 0.181818*{105108} + 0.181818*{218219} + 0.181818*{215217} + 0.181818*{214215} + 0.181818*{100101} + 0.181818*{215216} + 0.181818*{213215} + 0.181818*{101109} + 0.181818*{210217} + 0.181818*{214217} + 0.181818*{101105} + 0.181818*{100106} + 0.181818*{103107} + 0.181818*{212216} + 0.181818*{210215} + 0.181818*{105107} + 0.0548202*{103} + 0.181818*{213218} + 0.181818*{100103} + 0.0548202*{106} + 0.181818*{210213} + 0.181818*{105109} + 0.181818*{104109} + 0.181818*{106108} + 0.181818*{210214} + 0.181818*{211217} + 0.181818*{105106} + 0.181818*{104106} + 0.181818*{101106} + 0.181818*{211213} + 0.181818*{102105} + 0.181818*{100105} + 0.181818*{213214} + 0.181818*{104108} + 0.0548202*{105} + 0.181818*{214218} + 0.181818*{211216} + 0.181818*{214216} + 0.181818*{101107} + 0.181818*{100104} + 0.181818*{211214} + 0.181818*{106107} + 0.181818*{102104} + 0.181818*{103108} + 0.0548202*{100} + 0.0548202*{101} + 0.181818*{210212} + 0.181818*{103105} + 0.181818*{108109} + 0.181818*{101104} + 0.181818*{104107} + 0.181818*{212218} + 0.181818*{104105} + 0.181818*{210216} + 0.181818*{212217} + 0.0548202*{107} + 0.181818*{102108} + 0.181818*{216219} + 0.181818*{101103} + 0.181818*{101102} + 0.181818*{100107} + 0.181818*{215218} + 0.181818*{217219} + 0.181818*{212215} + 0.181818*{106109} + 0.181818*{211212} + 0.181818*{211215} + 0.181818*{102109} + 0.181818*{103104} + 0.181818*{210219} + 0.181818*{213217} + 0.181818*{212213} + 0.181818*{212214} + 0.181818*{211218} + 0.181818*{211219} + 0.181818*{213216} + 0.0548202*{104} + 0.181818*{107108} = 0 

-2*{ 18} + 524288*{  6} + 1*{  9} + 2*{  8} + -4*{ 17} + -4096*{ 14} + -262144*{125} + -131072*{ 11} + 32768*{119} + 131072*{  1} + -8*{120} + -64*{ 12} + 64*{  2} + 4*{  7} + -524288*{ 16} + 256*{117} + -2048*{128} + 8*{110} + 16384*{114} + 4096*{  4} + -512*{ 13} + 16*{111} + -256*{127} + 1024*{113} + 2048*{118} + 262144*{115} + -1024*{123} + 8192*{  0} + -16*{121} + 65536*{  5} + -16384*{124} + -32768*{129} + -65536*{ 15} + 32*{116} + -8192*{ 10} + -1*{ 19} + 512*{  3} + 128*{112} + -128*{122} + -32*{126} > 0 

262144*{125} + 131072*{ 11} + -1*{ 29} + -64*{ 22} + 4096*{ 14} + 2*{ 18} + -32768*{139} + 64*{ 12} + -8192*{ 20} + -16*{131} + 8*{120} + -256*{137} + 512*{ 13} + -2048*{138} + -131072*{ 21} + -262144*{135} + -512*{ 23} + -32*{136} + -128*{132} + 16384*{124} + -16384*{134} + 65536*{ 15} + -524288*{ 26} + -8*{130} + 8192*{ 10} + 1*{ 19} + 256*{127} + -2*{ 28} + -4096*{ 24} + 524288*{ 16} + 16*{121} + -1024*{133} + 32768*{129} + -65536*{ 25} + -4*{ 27} + 128*{122} + 1024*{123} + 2048*{128} + 4*{ 17} + 32*{126} > 0 

1024*{133} + 1*{ 29} + -64*{ 32} + 64*{ 22} + 32768*{139} + 131072*{ 21} + -32*{146} + 32*{136} + -4*{ 37} + 65536*{ 25} + -262144*{145} + 262144*{135} + 4*{ 27} + -1024*{143} + -2*{ 38} + 128*{132} + -2048*{148} + -128*{142} + -16384*{144} + 256*{137} + -256*{147} + 16384*{134} + 512*{ 23} + -512*{ 33} + -8*{140} + 16*{131} + -32768*{149} + -16*{141} + 524288*{ 26} + -524288*{ 36} + -1*{ 39} + -4096*{ 34} + 8*{130} + 8192*{ 20} + -65536*{ 35} + -131072*{ 31} + 2048*{138} + 2*{ 28} + 4096*{ 24} + -8192*{ 30} > 0 

512*{ 33} + 1024*{143} + 8192*{ 30} + -512*{ 43} + -256*{157} + 16*{141} + 32768*{149} + -16384*{154} + -8*{150} + 64*{ 32} + 131072*{ 31} + 4*{ 37} + 32*{146} + -1024*{153} + -524288*{ 46} + -64*{ 42} + -1*{ 49} + 65536*{ 35} + -8192*{ 40} + -2048*{158} + -32*{156} + -65536*{ 45} + 16384*{144} + -16*{151} + -2*{ 48} + 8*{140} + -4096*{ 44} + -128*{152} + -131072*{ 41} + 524288*{ 36} + 4096*{ 34} + 1*{ 39} + -4*{ 47} + 262144*{145} + -262144*{155} + 256*{147} + -32768*{159} + 2*{ 38} + 2048*{148} + 128*{142} > 0 

-512*{ 53} + 16384*{154} + -128*{162} + -4*{ 57} + -64*{ 52} + -4096*{ 54} + 128*{152} + 32*{156} + -2*{ 58} + 1024*{153} + 4096*{ 44} + -8*{160} + 2*{ 48} + -2048*{168} + -16384*{164} + 262144*{155} + -8192*{ 50} + -131072*{ 51} + 256*{157} + -32*{166} + -65536*{ 55} + 2048*{158} + 8192*{ 40} + 1*{ 49} + 65536*{ 45} + 64*{ 42} + 524288*{ 46} + 16*{151} + -1*{ 59} + 4*{ 47} + -262144*{165} + -16*{161} + -1024*{163} + 131072*{ 41} + -32768*{169} + 32768*{159} + 512*{ 43} + -256*{167} + 8*{150} + -524288*{ 56} > 0 

512*{ 53} + -512*{ 63} + -16*{171} + -8*{170} + 256*{167} + 2*{ 58} + -262144*{175} + 65536*{ 55} + -128*{172} + -8192*{ 60} + 8192*{ 50} + -2048*{178} + -64*{ 62} + 4096*{ 54} + -2*{ 68} + 8*{160} + 32*{166} + -32*{176} + 64*{ 52} + -32768*{179} + -1*{ 69} + 32768*{169} + 2048*{168} + 16384*{164} + 128*{162} + 4*{ 57} + 131072*{ 51} + -16384*{174} + 1*{ 59} + -256*{177} + 262144*{165} + -4096*{ 64} + -4*{ 67} + -131072*{ 61} + 524288*{ 56} + 1024*{163} + -65536*{ 65} + 16*{161} + -1024*{173} + -524288*{ 66} > 0 

512*{ 63} + -1*{ 79} + -2048*{188} + -64*{ 72} + 128*{172} + -2*{ 78} + -65536*{ 75} + 8*{170} + 16*{171} + -8192*{ 70} + -512*{ 73} + 16384*{174} + 256*{177} + 8192*{ 60} + -4096*{ 74} + 524288*{ 66} + -1024*{183} + -4*{ 77} + -128*{182} + -32768*{189} + -131072*{ 71} + 4*{ 67} + -16*{181} + 32*{176} + 1*{ 69} + 32768*{179} + 65536*{ 65} + 1024*{173} + -32*{186} + -256*{187} + 131072*{ 61} + -262144*{185} + -16384*{184} + 64*{ 62} + 2048*{178} + 262144*{175} + 2*{ 68} + -8*{180} + 4096*{ 64} + -524288*{ 76} > 0 

-1024*{193} + 131072*{  1} + -524288*{ 86} + -128*{192} + -65536*{ 85} + -256*{197} + 1*{  9} + 2*{  8} + 4*{  7} + -16*{191} + 8192*{  0} + -32*{196} + -8*{190} + 16*{111} + -4*{ 87} + -2048*{198} + 256*{117} + -2*{ 88} + 2048*{118} + 262144*{115} + -4096*{ 84} + -131072*{ 81} + 8*{110} + -8192*{ 80} + 4096*{  4} + 16384*{114} + 64*{  2} + -16384*{194} + -64*{ 82} + 32*{116} + 512*{  3} + 32768*{119} + 128*{112} + -32768*{199} + -1*{ 89} + 524288*{  6} + 65536*{  5} + 1024*{113} + -512*{ 83} + -262144*{195} > 0 

16384*{194} + 256*{197} + -262144*{205} + -524288*{ 96} + -1*{ 99} + 8192*{ 80} + 524288*{ 86} + 128*{192} + 65536*{ 85} + 2048*{198} + 4*{ 87} + -8192*{ 90} + 131072*{ 81} + -256*{207} + -4*{ 97} + 32*{196} + -512*{ 93} + 8*{190} + 4096*{ 84} + -1024*{203} + 64*{ 82} + 16*{191} + -131072*{ 91} + -65536*{ 95} + -8*{200} + -4096*{ 94} + -2*{ 98} + 262144*{195} + 512*{ 83} + -128*{202} + 1*{ 89} + -16384*{204} + 2*{ 88} + -32*{206} + -64*{ 92} + -32768*{209} + 1024*{193} + -16*{201} + 32768*{199} + -2048*{208} > 0 

-2048*{218} + -4096*{104} + 1024*{203} + -262144*{215} + 16384*{204} + -128*{212} + -2*{108} + 64*{ 92} + 32*{206} + -256*{217} + 32768*{209} + 65536*{ 95} + 8*{200} + -64*{102} + 131072*{ 91} + -8*{210} + 8192*{ 90} + 2*{ 98} + 4096*{ 94} + 1*{ 99} + -16*{211} + 2048*{208} + -65536*{105} + -32768*{219} + 262144*{205} + -131072*{101} + -8192*{100} + 524288*{ 96} + -32*{216} + 256*{207} + 4*{ 97} + 512*{ 93} + -1*{109} + 16*{201} + -4*{107} + -1024*{213} + -524288*{106} + -512*{103} + -16384*{214} + 128*{202} > 0 

-256*{ 31} + 4*{ 80} + -2*{ 91} + 262144*{ 10} + -1*{201} + 512*{120} + -16384*{211} + 2*{ 90} + 1024*{180} + -512*{121} + -16*{ 71} + -4*{ 81} + -65536*{141} + 4096*{130} + 256*{ 30} + -32768*{  1} + 8192*{ 50} + 131072*{ 60} + -262144*{ 11} + 2048*{ 40} + 1.04858e+06*{ 20} + -8192*{ 51} + 8*{190} + -32*{111} + -2.09715e+06*{161} + 16384*{210} + -524288*{151} + -2048*{ 41} + -131072*{ 61} + 1*{200} + -1.04858e+06*{ 21} + 524288*{150} + 32*{110} + 32768*{  0} + -128*{171} + 128*{170} + 16*{ 70} + -8*{191} + -4096*{131} + -1024*{181} + -64*{101} + 65536*{140} + 64*{100} + 2.09715e+06*{160} > 0 

64*{101} + -8192*{ 52} + -131072*{ 62} + -1*{202} + -2048*{ 42} + -16*{ 72} + 8192*{ 51} + 262144*{ 11} + -524288*{152} + 8*{191} + 128*{171} + -256*{ 32} + 16*{ 71} + 512*{121} + -262144*{ 12} + -2.09715e+06*{162} + -32768*{  2} + -1.04858e+06*{ 22} + 32768*{  1} + -512*{122} + -32*{112} + 1*{201} + -2*{ 92} + 256*{ 31} + 2.09715e+06*{161} + 32*{111} + 2048*{ 41} + 131072*{ 61} + -65536*{142} + -4096*{132} + -64*{102} + 2*{ 91} + 16384*{211} + -4*{ 82} + 1.04858e+06*{ 21} + -8*{192} + 4096*{131} + 1024*{181} + 524288*{151} + -128*{172} + -1024*{182} + -16384*{212} + 65536*{141} + 4*{ 81} > 0 

-262144*{ 13} + -2048*{ 43} + 131072*{ 62} + -4096*{133} + 1.04858e+06*{ 22} + -1*{203} + 8192*{ 52} + -65536*{143} + 4*{ 82} + 16*{ 72} + -4*{ 83} + -32*{113} + 8*{192} + 128*{172} + 1024*{182} + 16384*{212} + 2048*{ 42} + 2*{ 92} + -524288*{153} + -8192*{ 53} + -512*{123} + -1024*{183} + 524288*{152} + -131072*{ 63} + -8*{193} + 4096*{132} + -32768*{  3} + 65536*{142} + 512*{122} + 32*{112} + 1*{202} + -64*{103} + -16*{ 73} + 64*{102} + -16384*{213} + -2*{ 93} + 256*{ 32} + 32768*{  2} + 2.09715e+06*{162} + 262144*{ 12} + -256*{ 33} + -1.04858e+06*{ 23} + -2.09715e+06*{163} + -128*{173} > 0 

-4096*{134} + -16*{ 74} + -8*{194} + -8192*{ 54} + 65536*{143} + -256*{ 34} + 2*{ 93} + 131072*{ 63} + -65536*{144} + 1*{203} + -4*{ 84} + 2048*{ 43} + -512*{124} + -1.04858e+06*{ 24} + 8*{193} + -1024*{184} + -64*{104} + 1024*{183} + 262144*{ 13} + -32768*{  4} + -32*{114} + 16*{ 73} + -128*{174} + 16384*{213} + 128*{173} + 2.09715e+06*{163} + 512*{123} + -2048*{ 44} + 8192*{ 53} + 32768*{  3} + 4096*{133} + 256*{ 33} + 1.04858e+06*{ 23} + -2.09715e+06*{164} + -2*{ 94} + 4*{ 83} + 32*{113} + 64*{103} + -131072*{ 64} + -16384*{214} + -524288*{154} + -1*{204} + -262144*{ 14} + 524288*{153} > 0 

16*{ 74} + 4*{ 84} + 4096*{134} + -16*{ 75} + 64*{104} + -256*{ 35} + 512*{124} + -4*{ 85} + -8192*{ 55} + -64*{105} + 8*{194} + -262144*{ 15} + -512*{125} + -1024*{185} + 1024*{184} + 32*{114} + 32768*{  4} + -32*{115} + -16384*{215} + -1*{205} + 2048*{ 44} + 8192*{ 54} + 65536*{144} + -2048*{ 45} + -8*{195} + 2*{ 94} + -131072*{ 65} + -128*{175} + -4096*{135} + 128*{174} + -65536*{145} + -2*{ 95} + 1.04858e+06*{ 24} + -524288*{155} + 2.09715e+06*{164} + 16384*{214} + 131072*{ 64} + 256*{ 34} + -1.04858e+06*{ 25} + 262144*{ 14} + 524288*{154} + 1*{204} + -2.09715e+06*{165} + -32768*{  5} > 0 

-64*{106} + -128*{176} + -2.09715e+06*{166} + 65536*{145} + -1024*{186} + 1*{205} + -8*{196} + 2.09715e+06*{165} + 32768*{  5} + -262144*{ 16} + 2*{ 95} + -65536*{146} + -4096*{136} + 512*{125} + 1024*{185} + 8*{195} + 256*{ 35} + 2048*{ 45} + -4*{ 86} + -524288*{156} + 8192*{ 55} + 4*{ 85} + 128*{175} + 4096*{135} + 262144*{ 15} + -2048*{ 46} + 64*{105} + -2*{ 96} + -32*{116} + -8192*{ 56} + -512*{126} + 32*{115} + 16384*{215} + -256*{ 36} + -1.04858e+06*{ 26} + 1.04858e+06*{ 25} + -16384*{216} + -16*{ 76} + -32768*{  6} + 16*{ 75} + 131072*{ 65} + -1*{206} + -131072*{ 66} + 524288*{155} > 0 

1024*{186} + -1.04858e+06*{ 27} + -8*{197} + -262144*{ 17} + 4*{ 86} + 2.09715e+06*{166} + 128*{176} + -8192*{ 57} + 16384*{216} + 64*{106} + -64*{107} + 4096*{136} + 65536*{146} + -512*{127} + -524288*{157} + 2048*{ 46} + -2*{ 97} + -1*{207} + 2*{ 96} + 32*{116} + -32768*{  7} + 524288*{156} + -131072*{ 67} + -2.09715e+06*{167} + -16384*{217} + -128*{177} + -2048*{ 47} + 8*{196} + -4096*{137} + 262144*{ 16} + -32*{117} + -65536*{147} + -16*{ 77} + -4*{ 87} + 1*{206} + 131072*{ 66} + 512*{126} + -1024*{187} + 8192*{ 56} + -256*{ 37} + 16*{ 76} + 32768*{  6} + 256*{ 36} + 1.04858e+06*{ 26} > 0 

64*{107} + -2048*{ 48} + -64*{108} + -4096*{138} + 32*{117} + -1.04858e+06*{ 28} + -128*{178} + 512*{127} + 524288*{157} + -2*{ 98} + -524288*{158} + -32768*{  8} + 4096*{137} + 2048*{ 47} + 128*{177} + 32768*{  7} + 1*{207} + -1024*{188} + -4*{ 88} + 256*{ 37} + -32*{118} + -16*{ 78} + -1*{208} + 16384*{217} + 2.09715e+06*{167} + -8192*{ 58} + -8*{198} + 16*{ 77} + -65536*{148} + -256*{ 38} + -16384*{218} + 8*{197} + 8192*{ 57} + 131072*{ 67} + 262144*{ 17} + 1024*{187} + 2*{ 97} + -512*{128} + 4*{ 87} + -2.09715e+06*{168} + 65536*{147} + -262144*{ 18} + -131072*{ 68} + 1.04858e+06*{ 27} > 0 

-1*{209} + -2*{ 99} + 2.09715e+06*{168} + 16384*{218} + 2048*{ 48} + 64*{108} + 4*{ 88} + 8192*{ 58} + 32*{118} + -32768*{  9} + -1.04858e+06*{ 29} + 8*{198} + 65536*{148} + 256*{ 38} + -8192*{ 59} + -65536*{149} + 16*{ 78} + -2048*{ 49} + -262144*{ 19} + 1*{208} + -32*{119} + -256*{ 39} + 128*{178} + 2*{ 98} + 1.04858e+06*{ 28} + -512*{129} + -16*{ 79} + -16384*{219} + 131072*{ 68} + 1024*{188} + -4*{ 89} + 4096*{138} + -128*{179} + -131072*{ 69} + -524288*{159} + -1024*{189} + -2.09715e+06*{169} + 32768*{  8} + 524288*{158} + -4096*{139} + 262144*{ 18} + -64*{109} + -8*{199} + 512*{128} > 0 

1*{215} > 0 

{11, 9, 1, 1, 1, 1, 1, 1, 1, 1, 1, 1, 1} vars: 274, vectors: 23
1 6.021083e+00 6.021083e+00 -2.538406e-01 1.143923e-14
2 1.841356e+02 6.021083e+00 -1.810299e-01 1.779933e-13
3 2.589195e+02 6.021083e+00 -1.388631e-01 1.043818e-13
4 1.101381e+02 6.021083e+00 -1.068654e-01 3.630104e-14
5 3.102812e+02 6.021083e+00 -8.434557e-02 1.871735e-13
6 1.063300e+07 6.021083e+00 -6.484786e-02 1.461819e-10
7 1.372246e+10 6.021083e+00 -5.025702e-02 1.921252e-06
8 4.950402e+09 6.021083e+00 -3.894918e-02 9.578635e-07
9 1.785862e+09 6.021083e+00 -3.018562e-02 3.497888e-08
10 6.442571e+08 6.021083e+00 -2.339379e-02 2.388149e-07
11 2.324219e+08 6.021083e+00 -1.813002e-02 4.094597e-09
12 8.423497e+07 6.021083e+00 -1.405097e-02 1.493024e-08
13 3.053945e+07 6.021083e+00 -1.088918e-02 5.433290e-10
14 1.101833e+07 6.021083e+00 -8.439062e-03 2.947303e-10
15 3.994694e+06 6.021083e+00 -6.539994e-03 3.376506e-11
16 1.441154e+06 6.021083e+00 -5.068151e-03 2.329947e-10
17 5.200112e+05 6.021083e+00 -3.927512e-03 5.844951e-11
18 1.875896e+05 6.021083e+00 -3.038327e-03 2.913470e-11
19 2.984365e+06 6.021083e+00 -2.349273e-03 9.313228e-10
20 1.078834e+06 6.021083e+00 -1.779737e-03 2.328311e-10
21 2.223408e+08 6.021083e+00 -1.379246e-03 5.960548e-08
22 8.021204e+07 6.021083e+00 -1.068875e-03 2.980238e-08
23 2.921445e+07 6.021083e+00 -8.283381e-04 3.725333e-09
24 1.053914e+07 6.021083e+00 -6.419217e-04 1.862652e-09
25 3.802025e+06 6.021083e+00 -4.973105e-04 4.656639e-10
26 1.572800e+06 6.021083e+00 -3.852258e-04 4.558586e-13
27 5.673455e+05 6.021083e+00 -2.984277e-04 1.164155e-10
28 2.047576e+05 6.021083e+00 -2.305165e-04 4.490092e-14
29 3.912257e+06 6.021083e+00 -1.782686e-04 4.656613e-10
30 1.869862e+06 6.021083e+00 -1.379845e-04 6.984919e-10
31 7.020868e+05 6.021083e+00 -1.068257e-04 2.351333e-14
32 2.888325e+05 6.021083e+00 -8.271860e-05 1.421136e-14
33 1.041942e+05 6.021083e+00 -6.404567e-05 2.971358e-15
34 3.759217e+04 6.021083e+00 -4.954779e-05 1.064761e-15
35 1.499254e+04 6.021083e+00 -3.831683e-05 7.275958e-12
36 5.402786e+03 6.021083e+00 -2.955905e-05 9.094947e-13
37 3.892949e+05 6.021083e+00 -2.284796e-05 1.746230e-10
38 1.403142e+05 6.021083e+00 -1.760337e-05 5.820766e-11
39 1.316692e+05 6.021083e+00 -1.361933e-05 2.910383e-11
40 4.750980e+04 6.021083e+00 -1.054098e-05 6.677923e-16
41 1.715386e+04 6.021083e+00 -8.161144e-06 2.143976e-16
42 6.823212e+03 6.021083e+00 -6.309117e-06 9.094947e-13
43 2.856790e+03 6.021083e+00 -4.872795e-06 4.547474e-13
44 1.035035e+03 6.021083e+00 -3.756237e-06 2.273737e-13
45 3.741174e+02 6.021083e+00 -2.881448e-06 9.187328e-18
46 1.820419e+02 6.021083e+00 -2.203131e-06 8.242929e-19
47 6.785821e+01 6.021083e+00 -1.667144e-06 1.421085e-14
48 2.481610e+01 6.021083e+00 -1.256167e-06 1.065814e-14
49 1.022122e+01 6.021083e+00 -9.056300e-07 1.776357e-15
50 3.184946e+02 6.021083e+00 -7.374091e-07 1.136868e-13
51 6.236316e+05 6.021083e+00 -5.697877e-07 1.164153e-10
52 2.373192e+05 6.021083e+00 -4.413169e-07 2.910383e-11
53 8.581531e+04 6.021083e+00 -3.418128e-07 1.455192e-11
54 3.108375e+04 6.021083e+00 -2.645728e-07 3.637979e-12
55 1.146365e+04 6.021083e+00 -2.049384e-07 1.818989e-12
56 4.169851e+03 6.021083e+00 -1.599128e-07 1.502531e-18
57 1.102717e+04 6.021083e+00 -1.233659e-07 1.424918e-18
58 2.271141e+04 6.021083e+00 -9.531201e-08 3.637979e-12
59 2.978905e+04 6.021083e+00 -7.351544e-08 1.690476e-18
60 1.076631e+04 6.021083e+00 -5.634934e-08 1.818989e-12
61 4.327030e+03 6.021083e+00 -4.368254e-08 9.094947e-13
62 1.988437e+03 6.021083e+00 -3.368115e-08 4.547474e-13
63 7.166338e+02 6.021083e+00 -2.579047e-08 2.243973e-19
64 2.585167e+02 6.021083e+00 -1.966471e-08 1.707033e-19
65 2.001876e+02 6.021083e+00 -1.483555e-08 7.227969e-21
66 8.361118e+01 6.021083e+00 -1.133256e-08 1.421085e-14
67 6.336100e+01 6.021083e+00 -8.548790e-09 1.421085e-14
68 6.007731e+01 6.021083e+00 -6.075004e-09 1.421085e-14
69 1.828381e+03 6.021083e+00 -4.531617e-09 9.662962e-21
70 1.199648e+04 6.021083e+00 -3.503827e-09 5.905138e-20
71 4.340754e+03 6.021083e+00 -2.710884e-09 2.717026e-20
72 2.101747e+03 6.021083e+00 -2.098438e-09 7.989342e-21
73 7.631946e+02 6.021083e+00 -1.592227e-09 1.136868e-13
74 2.312709e+04 6.021083e+00 -1.214111e-09 3.637979e-12
75 4.422827e+04 6.021083e+00 -9.397520e-10 7.275958e-12
76 1.597819e+04 6.021083e+00 -7.259318e-10 2.041450e-20
77 9.539734e+03 6.021083e+00 -5.611662e-10 2.909190e-20
78 3.439787e+03 6.021083e+00 -4.325997e-10 3.256843e-21
79 1.253659e+03 6.021083e+00 -3.336034e-10 4.547474e-13
80 4.548676e+02 6.021083e+00 -2.580686e-10 5.684342e-14
81 1.754457e+02 6.021083e+00 -1.966478e-10 2.842171e-14
82 7.008841e+01 6.021083e+00 -1.489186e-10 1.690720e-22
83 2.780965e+01 6.021083e+00 -1.130262e-10 3.026985e-23
84 1.023145e+01 6.021083e+00 -8.478169e-11 3.552714e-15
85 3.635904e+00 3.635904e+00 -6.338325e-11 3.915537e-24
86 1.289326e+00 1.289326e+00 -4.547978e-11 1.700437e-24
87 3.819728e+01 1.289326e+00 -3.622712e-11 9.862814e-23
88 2.600998e+05 1.289326e+00 -2.794637e-11 3.087073e-21
89 1.870728e+05 1.289326e+00 -2.163180e-11 2.910383e-11
90 6.763591e+04 1.289326e+00 -1.673894e-11 8.304564e-22
91 2.440371e+04 1.289326e+00 -1.292769e-11 3.637979e-12
92 1.437745e+04 1.289326e+00 -9.953676e-12 1.906446e-22
93 8.579412e+03 1.289326e+00 -7.697570e-12 1.818989e-12
94 3.951689e+03 1.289326e+00 -5.970200e-12 4.547474e-13
95 2.161591e+03 1.289326e+00 -4.579967e-12 2.580046e-23
96 7.842839e+02 1.289326e+00 -3.542624e-12 2.273737e-13
97 7.976492e+02 1.289326e+00 -2.681797e-12 2.273737e-13
98 3.150788e+02 1.289326e+00 -2.035481e-12 5.684342e-14
99 5.101489e+02 1.289326e+00 -1.563312e-12 5.684342e-14
100 1.835960e+02 1.289326e+00 -1.195775e-12 2.842171e-14
101 6.733084e+01 1.289326e+00 -8.781537e-13 3.824243e-25
102 5.245145e+03 1.289326e+00 -6.738892e-13 9.094947e-13
103 2.417878e+04 1.289326e+00 -5.195047e-13 3.637979e-12
104 8.830002e+04 1.289326e+00 -4.011104e-13 1.455192e-11
105 3.205820e+04 1.289326e+00 -3.098092e-13 3.637979e-12
106 1.155875e+04 1.289326e+00 -2.390596e-13 1.818989e-12
107 4.165382e+03 1.289326e+00 -1.842255e-13 7.302576e-25
108 1.535201e+03 1.289326e+00 -1.412669e-13 4.547474e-13
109 5.558029e+02 1.289326e+00 -1.082399e-13 1.067979e-25
110 2.612129e+02 1.289326e+00 -8.070693e-14 5.684342e-14
111 1.027127e+02 1.289326e+00 -5.713939e-14 4.263256e-14
112 5.095808e+01 1.289326e+00 -3.795402e-14 1.421085e-14
113 7.850673e+01 1.289326e+00 -2.604800e-14 1.421085e-14
114 1.233007e+02 1.289326e+00 -1.761573e-14 1.421085e-14
115 6.098560e+02 1.289326e+00 -1.375705e-14 1.136868e-13
116 7.992448e+04 1.289326e+00 -1.058797e-14 1.455192e-11
117 9.749921e+04 1.289326e+00 -8.104363e-15 6.319930e-25
118 3.530172e+04 1.289326e+00 -6.113511e-15 7.275958e-12
119 1.455459e+04 1.289326e+00 -4.370745e-15 1.818989e-12
120 2.702320e+05 1.289326e+00 -3.336793e-15 4.357144e-25
121 3.415514e+05 1.289326e+00 -2.542838e-15 4.582392e-25
122 1.240929e+05 1.289326e+00 -1.893354e-15 1.455192e-11
123 4.789090e+04 1.289326e+00 -1.336235e-15 6.917879e-26
124 4.159075e+04 1.289326e+00 -8.949332e-16 5.222868e-26
125 5.393529e+06 1.289326e+00 -6.727996e-16 9.313226e-10
126 6.268500e+10 1.289326e+00 2.815202e-08 7.629395e-06
127 2.414226e+10 1.289326e+00 8.378446e-08 1.833799e-13
128 9.443005e+09 1.289326e+00 6.492873e-08 3.069823e-14
129 3.407568e+09 1.289326e+00 5.031696e-08 8.647758e-15
130 1.229285e+09 1.289326e+00 3.899424e-08 2.384186e-07
131 4.434567e+08 1.289326e+00 3.021914e-08 9.557718e-16
132 1.599733e+08 1.289326e+00 2.341846e-08 2.980232e-08
133 5.770925e+07 1.289326e+00 1.814774e-08 7.450581e-09
134 2.081767e+07 1.289326e+00 1.406286e-08 3.725290e-09
135 7.509519e+06 1.289326e+00 1.089678e-08 9.313226e-10
136 2.708735e+06 1.289326e+00 8.442442e-09 4.656613e-10
137 9.770844e+05 1.289326e+00 6.540924e-09 1.164153e-10
138 3.664028e+05 1.289326e+00 5.066262e-09 8.262263e-19
139 1.321370e+05 1.289326e+00 3.899643e-09 2.910383e-11
140 1.306554e+06 1.289326e+00 3.013864e-09 2.328306e-10
141 5.107708e+05 1.289326e+00 2.333160e-09 5.820766e-11
142 1.842060e+05 1.289326e+00 1.805390e-09 2.910383e-11
143 6.645901e+04 1.289326e+00 1.398692e-09 1.455192e-11
144 2.712420e+05 1.289326e+00 1.079238e-09 5.861558e-20
145 9.679733e+05 1.289326e+00 8.349460e-10 2.328306e-10
146 1.539578e+06 1.289326e+00 6.469975e-10 2.328306e-10
147 5.564158e+05 1.289326e+00 5.013158e-10 1.164153e-10
148 2.018795e+05 1.289326e+00 3.884551e-10 9.194303e-20
149 7.282283e+04 1.289326e+00 3.010115e-10 2.910383e-11
150 2.626981e+04 1.289326e+00 2.339418e-10 1.669479e-20
151 5.563415e+04 1.289326e+00 2.039267e-10 1.455192e-11
152 1.721776e+09 1.289326e+00 1.580433e-10 6.450828e-17
153 3.396552e+09 1.289326e+00 1.224836e-10 9.742311e-17
154 1.225312e+09 1.289326e+00 9.492784e-11 3.611938e-17
155 5.095324e+08 1.289326e+00 7.356715e-11 8.288860e-18
156 1.838111e+08 1.289326e+00 5.696417e-11 2.364155e-18
157 2.321137e+11 1.289326e+00 1.172906e-08 4.920407e-11
158 8.376241e+10 1.289326e+00 2.858032e-08 1.525879e-05
159 3.024370e+10 1.289326e+00 5.476315e-08 3.814697e-06
160 1.093529e+10 1.289326e+00 9.745585e-08 1.907349e-06
161 3.967508e+09 1.289326e+00 7.552719e-08 6.388207e-14
162 1.436017e+09 1.289326e+00 5.853299e-08 2.556699e-14
163 5.180424e+08 1.289326e+00 4.536266e-08 1.192093e-07
164 1.868864e+08 1.289326e+00 3.515565e-08 2.980232e-08
165 6.741891e+07 1.289326e+00 2.724518e-08 1.009195e-15
166 2.432123e+07 1.289326e+00 2.111455e-08 5.509181e-16
167 8.773824e+06 1.289326e+00 1.636319e-08 1.862645e-09
168 3.165142e+06 1.289326e+00 1.267747e-08 4.656613e-10
169 1.458409e+06 1.289326e+00 9.818755e-09 4.656613e-10
170 5.271285e+05 1.289326e+00 7.602435e-09 1.164153e-10
171 1.913917e+05 1.289326e+00 5.887935e-09 2.910383e-11
172 6.946676e+04 1.289326e+00 4.558130e-09 3.761839e-19
173 2.531850e+04 1.289326e+00 3.526408e-09 3.637979e-12
174 9.136524e+03 1.289326e+00 2.729377e-09 1.818989e-12
175 3.309944e+03 1.289326e+00 2.109663e-09 4.547474e-13
176 1.193347e+03 1.289326e+00 1.638373e-09 4.547474e-13
177 4.681815e+02 1.289326e+00 1.257887e-09 5.684342e-14
178 8.392279e+02 1.289326e+00 9.633160e-10 1.136868e-13
179 3.513990e+02 1.289326e+00 7.286396e-10 1.136868e-13
180 3.088749e+03 1.289326e+00 5.486874e-10 1.079375e-21
181 1.762602e+03 1.289326e+00 4.233739e-10 7.750880e-22
182 7.180620e+02 1.289326e+00 3.247274e-10 1.136868e-13
183 2.661097e+02 1.289326e+00 2.519913e-10 1.707179e-22
184 9.701554e+03 1.289326e+00 1.929007e-10 1.818989e-12
185 4.514791e+03 1.289326e+00 1.484281e-10 4.730649e-22
186 1.714500e+03 1.289326e+00 1.146893e-10 2.273737e-13
187 6.596922e+02 1.289326e+00 8.752670e-11 1.136868e-13
188 2.593999e+04 1.289326e+00 6.690160e-11 3.637979e-12
189 2.130390e+04 1.289326e+00 5.205862e-11 3.637979e-12
190 5.758492e+04 1.289326e+00 4.020561e-11 1.568669e-21
191 3.398636e+04 1.289326e+00 3.110196e-11 7.275958e-12
192 1.225096e+04 1.289326e+00 2.412032e-11 1.818989e-12
193 1.494295e+04 1.289326e+00 1.857666e-11 3.637979e-12
194 5.531462e+03 1.289326e+00 1.399560e-11 9.094947e-13
195 1.126683e+05 1.289326e+00 1.112865e-11 1.455192e-11
196 1.367511e+09 1.289326e+00 8.622077e-12 2.384186e-07
197 4.938491e+08 1.289326e+00 6.680885e-12 1.192093e-07
198 1.781702e+08 1.289326e+00 5.177035e-12 2.722065e-19
199 6.427074e+07 1.289326e+00 4.011553e-12 7.450581e-09
200 2.318367e+07 1.289326e+00 3.108267e-12 3.725290e-09
201 8.362509e+06 1.289326e+00 2.408156e-12 9.313226e-10
202 3.016256e+06 1.289326e+00 1.865475e-12 9.313226e-10
203 1.087840e+06 1.289326e+00 1.444893e-12 4.897354e-21
204 3.992164e+05 1.289326e+00 1.118712e-12 1.164153e-10
205 1.439366e+05 1.289326e+00 8.665607e-13 2.910383e-11
206 8.564865e+04 1.289326e+00 6.702598e-13 2.910383e-11
207 3.120570e+04 1.289326e+00 5.179585e-13 5.859811e-23
208 1.123903e+04 1.289326e+00 4.000713e-13 1.818989e-12
209 4.045861e+03 1.289326e+00 3.087627e-13 1.364242e-12
210 1.456768e+03 1.289326e+00 2.385974e-13 2.273737e-13
211 5.242149e+02 1.289326e+00 1.842178e-13 1.136868e-13
212 1.993760e+02 1.289326e+00 1.414883e-13 5.684342e-14
213 1.026780e+02 1.289326e+00 1.086041e-13 2.842171e-14
214 4.644391e+02 1.289326e+00 8.266532e-14 5.684342e-14
215 2.536808e+02 1.289326e+00 6.387292e-14 5.684342e-14
216 1.455136e+02 1.289326e+00 5.076539e-14 2.055958e-26
217 5.484129e+01 1.289326e+00 4.266278e-14 8.981525e-27
218 2.061481e+01 1.289326e+00 4.019941e-14 3.552714e-15
219 7.363068e+00 1.289326e+00 4.349093e-14 5.329071e-15
220 2.632681e+00 1.289326e+00 5.481571e-14 2.193442e-27
221 9.422698e-01 9.422698e-01 7.946409e-14 1.110223e-16
222 3.458201e-01 3.458201e-01 1.414483e-13 1.110223e-16
223 1.428634e-01 1.428634e-01 4.215259e-13 2.816205e-27
224 7.288831e-02 7.288831e-02 8.509957e-13 1.387779e-17
225 4.572047e-02 4.572047e-02 1.157599e-12 9.340475e-27
226 2.238927e-02 2.238927e-02 2.285108e-12 3.469447e-18
227 1.985340e-02 1.985340e-02 2.107503e-12 3.255512e-27
228 8.182266e-03 8.182266e-03 4.165257e-12 1.734723e-18
229 4.333171e-03 4.333171e-03 7.331841e-12 8.673617e-19
230 3.309835e-03 3.309835e-03 6.980816e-12 4.336809e-19
231 1.428614e-03 1.428614e-03 1.283647e-11 1.571909e-26
232 7.340972e-04 7.340972e-04 1.592742e-11 3.816895e-27
233 3.789425e-04 3.789425e-04 1.696230e-11 3.737800e-26
234 2.229026e-04 2.229026e-04 1.549134e-11 1.125811e-26
235 8.969243e-05 8.969243e-05 2.488540e-11 2.710505e-20
236 3.683122e-05 3.683122e-05 4.211492e-11 2.785371e-27
237 1.514647e-05 1.514647e-05 5.759961e-11 1.694066e-21
238 5.645454e-06 5.645454e-06 6.697397e-11 8.470329e-22
239 1.872397e-06 1.872397e-06 7.078770e-11 2.117582e-22
240 6.091127e-07 6.091127e-07 7.239135e-11 1.058791e-22
241 1.898416e-07 1.898416e-07 7.293053e-11 7.940934e-23
242 5.833553e-08 5.833553e-08 7.340355e-11 6.617445e-24
243 1.778281e-08 1.778281e-08 7.405997e-11 3.308724e-24
244 5.404382e-09 5.404382e-09 7.493603e-11 1.857259e-27
245 1.641418e-09 1.641418e-09 7.604755e-11 6.204095e-25
246 4.986981e-10 4.986981e-10 7.742032e-11 1.034562e-25
247 1.516151e-10 1.516151e-10 7.907994e-11 1.323795e-26
248 4.612639e-11 4.612639e-11 8.103606e-11 6.992496e-27
249 1.403993e-11 1.403993e-11 8.326028e-11 4.908939e-27
250 4.269023e-12 4.269023e-12 8.557152e-11 1.093854e-28
251 1.301983e-12 1.301983e-12 8.792459e-11 2.045739e-28
252 4.004436e-13 4.004436e-13 9.069427e-11 1.795669e-28
x:  2.922063e-01 -2.388597e-01 -8.147331e-02  2.312528e-01 -9.551977e-02 -7.445983e-02  3.014775e-01 -2.281845e-01  2.828725e-01  1.371554e-01 -8.365033e-02 -3.011164e-01 -2.155143e-01  2.590853e-01  2.848136e-01  2.132126e-01 -3.007919e-01 -5.290791e-02  1.950160e-01  2.047371e-01 -2.515409e-01 -2.925734e-01 -5.522179e-02  2.254397e-01 -2.758270e-01  2.127563e-02 -2.217959e-01  2.530221e-01 -1.363409e-01 -2.080627e-01  2.578138e-01 -8.372132e-02 -9.570980e-02 -2.972804e-01 -1.233419e-01  2.283801e-01  2.822139e-01  4.806809e-02  2.278645e-01 -2.850463e-01  2.504941e-02 -7.374103e-02  2.231306e-01 -1.843293e-02  2.751871e-01 -2.124427e-01  1.068493e-01  2.619305e-02 -2.650957e-01  2.411961e-01  7.938699e-02  1.153997e-01  2.185216e-01 -2.470236e-01 -8.691642e-02 -1.582026e-01  6.262494e-02 -3.068072e-02  2.607674e-01  3.010665e-01 -2.706049e-01  2.748969e-01 -1.228582e-01  2.321716e-01  1.524104e-01 -5.064539e-02  9.728830e-02  9.912263e-02  2.660917e-01 -2.797849e-01 -9.747872e-02  3.006700e-01 -1.766279e-01 -2.997992e-01  6.925567e-02 -2.998064e-01  1.608895e-02 -2.139953e-01 -2.879333e-01 -3.001171e-01  7.193120e-02  1.728986e-01  6.864946e-02  1.713490e-01 -1.144248e-01  7.502931e-02  2.876507e-01  2.688764e-01 -2.721703e-01 -1.290702e-01 -2.728842e-01  2.772611e-01  2.735595e-02 -1.346506e-01 -9.127338e-02  1.484703e-01 -1.337147e-01 -1.925683e-01 -2.761102e-01  3.002300e-01  2.448659e-01  2.745254e-01 -1.625597e-02 -1.602648e-01 -1.595584e-01  1.410961e-01  1.887881e-01  2.189026e-01 -5.231151e-02 -5.874525e-02 -7.432778e-02  1.839976e-01 -2.902949e-01 -1.934714e-01  2.859809e-01  2.921726e-01 -4.522822e-03  1.970811e-01 -1.043658e-01  2.685098e-01  2.896752e-01 -1.542792e-02 -2.108618e-01  1.542203e-01 -9.894605e-02 -2.131888e-01 -2.081777e-02 -2.968331e-01 -2.299518e-01 -2.213411e-01  1.662416e-01  7.286877e-02  2.964113e-01 -2.002149e-01  1.217726e-01  3.007597e-01 -2.042443e-01  1.639784e-01  2.689243e-01 -2.182177e-01 -1.563366e-01 -2.896547e-01  2.859173e-01  5.033302e-02 -2.751288e-01  1.968543e-01 -1.061339e-01 -2.976551e-01 -1.974509e-01 -9.827351e-02 -3.004690e-01  2.923549e-01  2.027851e-01  3.009473e-01  1.232120e-01  2.139560e-01  2.819438e-01 -3.003714e-01  1.436433e-01 -1.809241e-01  2.908725e-01  2.785534e-01  2.077435e-01  1.728826e-01 -2.887120e-01 -2.566729e-01 -2.949359e-01  2.999463e-01  1.513588e-01  1.637240e-02 -1.329740e-01 -1.238581e-01  2.753452e-01  1.923678e-01  2.601540e-01 -2.972274e-01  2.853841e-01  2.847522e-01 -1.417897e-01  1.123811e-01  2.853191e-01  2.250793e-02 -2.443597e-01  3.208619e-02  2.934497e-01  3.201897e-02 -3.010817e-01 -2.124033e-01 -8.946224e-02  2.896309e-02 -2.928055e-01  2.470125e-01  2.935922e-01  2.480899e-01 -2.789553e-01 -2.920269e-01 -9.036713e-02  1.364351e-01 -1.297399e-01 -2.724885e-01 -1.282314e-01  1.184711e-01 -3.002677e-01  2.697746e-01 -2.873644e-01 -2.624227e-01 -2.702396e-01 -2.320054e-01  1.211292e-01 -2.776792e-02 -1.759254e-01 -1.246791e-01 -3.010728e-01  2.553904e-01  2.558325e-01 -2.664600e-01 -2.350918e-01  2.073423e-01 -2.969386e-01  2.957331e-01 -2.227605e-01 -2.031916e-01 -2.812070e-01 -1.087735e-01  2.257551e-01 -1.998593e-01 -1.053040e-01 -2.825245e-01  2.562680e-01  1.588579e-01 -1.247166e-01  2.745083e-01  1.086979e-01  2.812362e-01 -1.828230e-01  2.397599e-01 -2.964190e-01  5.518070e-02  2.488906e-01 -1.701838e-01 -9.815581e-02 -2.850869e-01  1.611367e-01 -2.548413e-01  2.852354e-01 -9.772304e-02  1.596622e-01 -2.557677e-01 -1.901477e-01  2.339935e-01  2.737443e-01 -1.263850e-01  2.991270e-01  3.784337e-02  1.250535e-01 -2.743551e-01  2.993745e-01  3.583292e-02 -1.932943e-01  2.314010e-01  2.941273e-01  6.631933e-02 -1.248705e-01  2.744384e-01  2.884127e-01  8.790477e-02  2.932115e-01  7.025779e-02  2.527630e-01 -1.643774e-01  3.008407e-01 -2.009842e-02  2.210039e-01  2.051010e-01  9.069427e-11
grad:  2.405747e-20 -1.554000e-19  3.041781e-20 -4.163225e-21 -1.953671e-19 -1.023099e-19  1.476237e-20 -2.660791e-20  1.161611e-19  2.114401e-20  1.456002e-19 -8.689548e-22 -1.377904e-19  4.172261e-20  8.855908e-20 -1.192320e-19 -1.491638e-22 -2.097829e-19 -1.365807e-21 -5.333838e-20 -1.164254e-19 -6.168623e-20 -1.259923e-19  3.421318e-21 -5.938463e-20  1.060461e-19 -2.833381e-20 -5.245099e-20 -4.564222e-21 -5.488826e-20 -4.764563e-20 -1.771901e-19  3.516764e-19  2.934564e-20  4.509820e-20  1.444670e-19 -3.521414e-20 -2.427845e-19 -1.309212e-19 -9.754762e-20 -1.663489e-19 -5.379309e-20  5.602940e-20  8.760814e-20  1.313555e-20  1.467572e-19 -6.913137e-20 -1.924135e-20  3.749172e-20 -6.680171e-20  1.077105e-19  1.986589e-20  1.664239e-19  6.580641e-20 -9.063153e-20 -2.580649e-19 -1.233034e-19  2.804792e-19  6.159951e-20  2.078086e-20 -2.014295e-20  6.684322e-22  8.807513e-20 -9.938020e-20 -5.130730e-20 -9.295290e-20  4.986476e-20 -7.655439e-20 -4.562829e-20  3.756052e-20 -3.899142e-20 -3.524954e-20 -7.734656e-20 -2.102482e-20 -1.976227e-19  4.042223e-21  2.705594e-19  8.725298e-20 -8.196989e-21  6.533521e-21 -2.217434e-19  9.242729e-21  5.099221e-19  1.497300e-19  7.636672e-20  7.865183e-20 -3.032687e-20 -1.253321e-19 -1.214870e-19 -2.797226e-19 -4.340823e-21 -7.766303e-20 -2.413137e-19 -3.466496e-19  1.936456e-19  3.571443e-19  5.256762e-19  1.695558e-19 -1.873123e-20  2.060093e-20  1.953369e-19  1.879675e-19  2.475663e-19 -3.791736e-19 -2.007328e-19  1.783744e-19  3.155195e-19 -1.636191e-19  1.832206e-19 -2.044193e-19  2.985151e-20 -1.942028e-19  8.079767e-21  1.609850e-20 -6.767395e-20 -2.155149e-20  2.842317e-19 -2.007340e-20  3.172379e-19  2.036400e-21  4.852778e-20 -1.217995e-19  1.344877e-19 -8.415610e-20  2.167936e-19 -1.237626e-19 -1.345289e-19  2.682453e-20  4.783824e-21 -6.709573e-20 -1.673275e-19 -2.477066e-19 -1.850436e-20  1.389470e-20 -1.259486e-19 -9.867650e-21  1.974584e-20  9.404022e-20  8.585319e-21  5.780385e-20 -7.882869e-20  4.558905e-20  1.163186e-19  9.014361e-20 -2.604446e-20 -1.739037e-19 -1.058638e-19 -3.970278e-20 -1.572697e-19  2.669091e-19 -1.017209e-20 -2.452662e-21 -7.009367e-20 -3.535787e-21 -1.892728e-20  1.510841e-19  2.497684e-20  2.250156e-21  8.614794e-20 -1.020304e-19 -2.699201e-20 -3.321880e-21 -1.770645e-19  7.330115e-20  3.494664e-20  1.663478e-19 -2.185347e-20  3.744392e-20 -8.772286e-20 -3.588138e-19  4.889914e-20 -1.899927e-20  4.135028e-20  1.063551e-19  2.138699e-20  7.967612e-21 -1.661432e-20  3.343997e-20 -9.850985e-20  9.799273e-20 -1.475675e-20  3.505228e-19  5.357918e-20 -1.880695e-19  4.230990e-20  6.490189e-20  1.845795e-20 -1.074615e-19  6.931128e-21  8.370262e-20 -7.456385e-20 -3.665258e-21 -1.067174e-19 -1.011340e-19 -4.596895e-20  2.002476e-20 -1.447069e-19  2.337223e-19  2.108571e-19  1.233978e-19  4.076662e-21  1.962771e-19 -1.862145e-20 -1.650193e-19 -6.403961e-20  1.981273e-19 -2.672626e-19 -1.348581e-19 -2.745575e-20  2.132880e-19  2.760390e-19  3.923085e-19 -1.430292e-20 -2.342617e-19 -1.181985e-19  1.015629e-19  2.482864e-19  1.962769e-19 -2.191234e-20 -4.067806e-20 -1.769199e-19  1.975804e-19  8.204667e-20 -1.832282e-19  7.743567e-21  1.252253e-20 -3.115515e-19  1.414184e-19 -2.302532e-19  3.736806e-19 -3.442868e-19 -1.744666e-19  1.552799e-19 -7.632403e-20 -4.514647e-20 -4.368148e-20 -7.190572e-20 -3.496415e-19 -1.550528e-19 -1.958035e-19  4.919036e-19 -1.755352e-19  2.454460e-19  1.356373e-19 -1.322641e-19 -3.467677e-19 -1.612661e-20 -1.817595e-20 -2.811007e-19 -2.271043e-19  9.451732e-20  1.914485e-19 -6.609549e-20  5.734654e-19  3.272877e-19  1.489973e-19  1.502760e-20 -1.098040e-19 -2.005476e-19 -1.689015e-19 -3.112987e-20  1.370496e-19  8.369710e-20  3.576779e-20  2.932128e-20 -9.280544e-20 -2.018426e-20  9.241380e-20  1.051468e-19  1.753285e-19 -3.870402e-21  9.536967e-20 -2.621923e-20  3.017145e-20  4.004436e-13
finished in 252 iterations (1.984 seconds total)
max viol = 7.53889e-08
