---------------------
Basis Indices:
---------------------

{-, -, -, -, -, -, -, -, -, -, -}, {-, -, -, -, -, -, -, -, -, -, -}, {-, -, -, -, -, -, -, -, -, -, -}, {-, -, -, -, -, -, -, -, -, -, -}, {-, -, -, -, -, -, -, -, -, -, -}, {-, -, -, -, -, -, -, -, -, -, -}, {-, -, -, -, -, -, -, -, -, -, -}, {-, -, -, -, -, -, -, -, -, -, -}, {-, -, -, -, -, -, -, -, -, -, -}, {-, -, -, -, -, -, -, -, -, -, -}, {-, -, -, -, -, -, -, -, -, -, -}


{-, -, -, -, -, -, -, -, -, -, -}, {-, 133+i617, 134+i618, 135+i619, 136+i620, 137+i621, 138+i622, 139+i623, 140+i624, 141+i625, 142+i626}, {-, 144+i628, 145+i629, 146+i630, 147+i631, 148+i632, 149+i633, 150+i634, 151+i635, 152+i636, 153+i637}, {-, 155+i639, 156+i640, 157+i641, 158+i642, 159+i643, 160+i644, 161+i645, 162+i646, 163+i647, 164+i648}, {-, 166+i650, 167+i651, 168+i652, 169+i653, 170+i654, 171+i655, 172+i656, 173+i657, 174+i658, 175+i659}, {-, 177+i661, 178+i662, 179+i663, 180+i664, 181+i665, 182+i666, 183+i667, 184+i668, 185+i669, 186+i670}, {-, 188+i672, 189+i673, 190+i674, 191+i675, 192+i676, 193+i677, 194+i678, 195+i679, 196+i680, 197+i681}, {-, 199+i683, 200+i684, 201+i685, 202+i686, 203+i687, 204+i688, 205+i689, 206+i690, 207+i691, 208+i692}, {-, 210+i694, 211+i695, 212+i696, 213+i697, 214+i698, 215+i699, 216+i700, 217+i701, 218+i702, 219+i703}, {}, {}


{-, 243+i727, 244+i728, 245+i729, 246+i730, 247+i731, 248+i732, 249+i733, 250+i734, 251+i735, 252+i736}, {}, {}, {}, {}, {}, {}, {}, {}, {}, {}


{-, 364+i848, 365+i849, 366+i850, 367+i851, 368+i852, 369+i853, 370+i854, 371+i855, 372+i856, 373+i857}, {}, {}, {}, {}, {}, {}, {}, {}, {}, {}

---------------------
Index Mapping: 
---------------------

{1001: 233, 1000: 232, 999: 231, 998: 230, 997: 229, 996: 228, 995: 227, 994: 226, 980: 212, 969: 201, 857: 199, 856: 198, 855: 197, 854: 196, 853: 195, 852: 194, 851: 193, 850: 192, 849: 191, 848: 190, 993: 225, 736: 189, 992: 224, 735: 188, 991: 223, 734: 187, 701: 177, 690: 167, 679: 157, 668: 147, 657: 137, 646: 127, 191: 53, 190: 52, 703: 179, 189: 51, 702: 178, 188: 50, 700: 176, 186: 49, 699: 175, 185: 48, 698: 174, 184: 47, 697: 173, 183: 46, 696: 172, 182: 45, 695: 171, 181: 44, 694: 170, 180: 43, 179: 42, 692: 169, 178: 41, 691: 168, 177: 40, 689: 166, 175: 39, 688: 165, 174: 38, 687: 164, 173: 37, 686: 163, 172: 36, 685: 162, 171: 35, 684: 161, 170: 34, 683: 160, 169: 33, 168: 32, 681: 159, 167: 31, 680: 158, 166: 30, 678: 156, 164: 29, 659: 139, 145: 11, 658: 138, 144: 10, 656: 136, 142: 9, 655: 135, 141: 8, 654: 134, 140: 7, 653: 133, 139: 6, 652: 132, 138: 5, 196: 58, 651: 131, 137: 4, 645: 126, 195: 57, 650: 130, 136: 3, 644: 125, 194: 56, 135: 2, 643: 124, 193: 55, 648: 129, 134: 1, 642: 123, 677: 155, 163: 28, 146: 12, 192: 54, 647: 128, 133: 0, 641: 122, 676: 154, 162: 27, 661: 140, 147: 13, 662: 141, 148: 14, 663: 142, 149: 15, 664: 143, 150: 16, 665: 144, 151: 17, 666: 145, 152: 18, 667: 146, 153: 19, 669: 148, 155: 20, 670: 149, 156: 21, 157: 22, 672: 150, 158: 23, 673: 151, 159: 24, 674: 152, 160: 25, 675: 153, 161: 26, 968: 200, 197: 59, 970: 202, 199: 60, 971: 203, 200: 61, 972: 204, 201: 62, 973: 205, 202: 63, 974: 206, 203: 64, 975: 207, 204: 65, 976: 208, 205: 66, 977: 209, 206: 67, 978: 210, 207: 68, 979: 211, 208: 69, 981: 213, 210: 70, 982: 214, 211: 71, 983: 215, 212: 72, 984: 216, 727: 180, 213: 73, 985: 217, 728: 181, 214: 74, 986: 218, 729: 182, 215: 75, 987: 219, 730: 183, 216: 76, 988: 220, 731: 184, 217: 77, 989: 221, 732: 185, 218: 78, 990: 222, 733: 186, 219: 79, 243: 80, 370: 96, 244: 81, 245: 82, 246: 83, 247: 84, 371: 97, 628: 110, 248: 85, 372: 98, 629: 111, 249: 86, 373: 99, 630: 112, 250: 87, 631: 113, 251: 88, 632: 114, 252: 89, 633: 115, 618: 101, 619: 102, 620: 103, 624: 107, 367: 93, 364: 90, 621: 104, 625: 108, 368: 94, 365: 91, 622: 105, 626: 109, 369: 95, 366: 92, 623: 106, 617: 100, 634: 116, 635: 117, 636: 118, 637: 119, 639: 120, 640: 121}

---------------------
Final Problem: 
---------------------
Find a point satisfying:

1*{101111} + 1*{  8 18} + 1*{102112} + 1*{104114} + 1*{103113} + 1*{100110} + 1*{  5 15} + 1*{105115} + 1*{108118} + 1*{  4 14} + 1*{  2 12} + 1*{  1 11} + 1*{109119} + 0.0909091*{} + 1*{107117} + 1*{  0 10} + 1*{  6 16} + 1*{  3 13} + 1*{  7 17} + 1*{  9 19} + 1*{106116} = 0 

1*{  6116} + -1*{ 10100} + 1*{  9119} + -1*{ 14104} + 1*{  3113} + 1*{  0110} + -1*{ 11101} + -1*{ 12102} + -1*{ 19109} + 1*{  2112} + 1*{  7117} + 1*{  8118} + 1*{  1111} + -1*{ 16106} + -1*{ 18108} + -1*{ 15105} + 1*{  4114} + 1*{  5115} + -1*{ 17107} + -1*{ 13103} = 0 

1*{  0 20} + 1*{108128} + 1*{104124} + 1*{  7 27} + 1*{107127} + 1*{100120} + 1*{  3 23} + 1*{106126} + 1*{101121} + 1*{  2 22} + 0.0909091*{} + 1*{  1 21} + 1*{  8 28} + 1*{105125} + 1*{  9 29} + 1*{  5 25} + 1*{109129} + 1*{102122} + 1*{  4 24} + 1*{  6 26} + 1*{103123} = 0 

1*{  2122} + -1*{ 27107} + 1*{  6126} + 1*{  0120} + 1*{  4124} + -1*{ 23103} + 1*{  3123} + -1*{ 21101} + -1*{ 20100} + 1*{  8128} + -1*{ 25105} + 1*{  5125} + -1*{ 28108} + -1*{ 26106} + -1*{ 24104} + -1*{ 22102} + -1*{ 29109} + 1*{  7127} + 1*{  9129} + 1*{  1121} = 0 

1*{  2 32} + 1*{108138} + 1*{106136} + 0.0909091*{} + 1*{105135} + 1*{100130} + 1*{  8 38} + 1*{  4 34} + 1*{109139} + 1*{107137} + 1*{103133} + 1*{  0 30} + 1*{  1 31} + 1*{  6 36} + 1*{101131} + 1*{  5 35} + 1*{102132} + 1*{  3 33} + 1*{  9 39} + 1*{  7 37} + 1*{104134} = 0 

-1*{ 32102} + 1*{  0130} + 1*{  8138} + -1*{ 38108} + -1*{ 33103} + 1*{  4134} + -1*{ 31101} + 1*{  2132} + -1*{ 39109} + -1*{ 37107} + 1*{  7137} + 1*{  1131} + -1*{ 35105} + -1*{ 30100} + 1*{  6136} + 1*{  5135} + 1*{  3133} + -1*{ 34104} + 1*{  9139} + -1*{ 36106} = 0 

1*{107147} + 1*{  5 45} + 1*{  9 49} + 1*{  6 46} + 1*{106146} + 1*{104144} + 1*{108148} + 0.0909091*{} + 1*{105145} + 1*{  0 40} + 1*{103143} + 1*{101141} + 1*{  2 42} + 1*{100140} + 1*{  7 47} + 1*{  3 43} + 1*{  1 41} + 1*{102142} + 1*{109149} + 1*{  4 44} + 1*{  8 48} = 0 

-1*{ 40100} + -1*{ 48108} + 1*{  6146} + -1*{ 42102} + 1*{  7147} + 1*{  0140} + 1*{  9149} + -1*{ 41101} + 1*{  1141} + 1*{  3143} + 1*{  2142} + -1*{ 46106} + -1*{ 44104} + -1*{ 43103} + -1*{ 47107} + 1*{  4144} + -1*{ 49109} + 1*{  5145} + -1*{ 45105} + 1*{  8148} = 0 

1*{  8 58} + 1*{  3 53} + 1*{104154} + 1*{107157} + 1*{  9 59} + 1*{101151} + 1*{102152} + 1*{  5 55} + 1*{108158} + 1*{103153} + 0.0909091*{} + 1*{  4 54} + 1*{105155} + 1*{  1 51} + 1*{  0 50} + 1*{106156} + 1*{109159} + 1*{  6 56} + 1*{  2 52} + 1*{100150} + 1*{  7 57} = 0 

-1*{ 51101} + -1*{ 57107} + 1*{  7157} + -1*{ 56106} + 1*{  2152} + -1*{ 59109} + -1*{ 55105} + 1*{  0150} + -1*{ 54104} + -1*{ 53103} + -1*{ 52102} + 1*{  8158} + 1*{  1151} + 1*{  6156} + -1*{ 50100} + -1*{ 58108} + 1*{  3153} + 1*{  4154} + 1*{  9159} + 1*{  5155} = 0 

1*{  8 68} + 1*{  4 64} + 1*{107167} + 1*{  6 66} + 1*{  3 63} + 1*{106166} + 1*{102162} + 1*{  7 67} + 1*{104164} + 1*{103163} + 1*{  9 69} + 1*{  5 65} + 1*{101161} + 1*{100160} + 1*{105165} + 0.0909091*{} + 1*{  2 62} + 1*{  1 61} + 1*{  0 60} + 1*{108168} + 1*{109169} = 0 

-1*{ 65105} + -1*{ 69109} + 1*{  3163} + 1*{  2162} + -1*{ 61101} + 1*{  0160} + -1*{ 60100} + 1*{  5165} + 1*{  7167} + -1*{ 62102} + 1*{  9169} + 1*{  1161} + -1*{ 66106} + -1*{ 68108} + -1*{ 64104} + 1*{  6166} + -1*{ 67107} + 1*{  8168} + -1*{ 63103} + 1*{  4164} = 0 

1*{  6 76} + 1*{  5 75} + 1*{108178} + 1*{103173} + 1*{102172} + 1*{105175} + 1*{101171} + 1*{100170} + 1*{  0 70} + 1*{106176} + 1*{  4 74} + 1*{  3 73} + 0.0909091*{} + 1*{  8 78} + 1*{107177} + 1*{104174} + 1*{  7 77} + 1*{  1 71} + 1*{109179} + 1*{  2 72} + 1*{  9 79} = 0 

-1*{ 77107} + 1*{  8178} + 1*{  5175} + -1*{ 79109} + 1*{  3173} + -1*{ 70100} + -1*{ 72102} + -1*{ 74104} + 1*{  1171} + 1*{  6176} + -1*{ 78108} + -1*{ 73103} + 1*{  0170} + 1*{  7177} + -1*{ 75105} + 1*{  2172} + 1*{  9179} + -1*{ 71101} + 1*{  4174} + -1*{ 76106} = 0 

-0.0909091*{} + 1*{201201} + 1*{200200} = 0 

1*{  6 86} + 1*{  5 85} + 1*{102182} + 1*{  3 83} + 1*{  0 80} + 1*{108188} + -1*{200} + 1*{  1 81} + 1*{  7 87} + 1*{  4 84} + 0.0909091*{} + 1*{  9 89} + 1*{105185} + 1*{103183} + 1*{  2 82} + 1*{109189} + 1*{101181} + 1*{107187} + 1*{  8 88} + 1*{100180} + 1*{104184} + 1*{106186} = 0 

-1*{ 87107} + -1*{ 82102} + 1*{  9189} + -1*{ 89109} + -1*{ 88108} + -1*{ 84104} + -1*{201} + -1*{ 86106} + 1*{  5185} + -1*{ 80100} + 1*{  3183} + 1*{  0180} + -1*{ 85105} + -1*{ 81101} + 1*{  6186} + 1*{  8188} + 1*{  4184} + 1*{  7187} + -1*{ 83103} + 1*{  1181} + 1*{  2182} = 0 

-0.0909091*{} + 1*{203203} + 1*{202202} = 0 

1*{  5 95} + 1*{  6 96} + 1*{109199} + 1*{  1 91} + 1*{  9 99} + 1*{  3 93} + 1*{  8 98} + 1*{  2 92} + 1*{101191} + 1*{100190} + 1*{107197} + 0.0909091*{} + 1*{106196} + -1*{202} + 1*{105195} + 1*{104194} + 1*{103193} + 1*{108198} + 1*{  7 97} + 1*{  4 94} + 1*{102192} + 1*{  0 90} = 0 

1*{  7197} + -1*{ 92102} + -1*{ 99109} + -1*{ 94104} + -1*{ 95105} + -1*{203} + -1*{ 93103} + 1*{  0190} + 1*{  3193} + -1*{ 98108} + -1*{ 91101} + 1*{  1191} + -1*{ 90100} + 1*{  4194} + -1*{ 97107} + 1*{  8198} + 1*{  2192} + 1*{  5195} + 1*{  9199} + -1*{ 96106} + 1*{  6196} = 0 

-0.0909091*{} + 1*{100100} + 1*{  0  0} = 0 

-0.0909091*{} + 1*{  1  1} + 1*{101101} = 0 

-0.0909091*{} + 1*{102102} + 1*{  2  2} = 0 

-0.0909091*{} + 1*{103103} + 1*{  3  3} = 0 

-0.0909091*{} + 1*{104104} + 1*{  4  4} = 0 

1*{105105} + 1*{  5  5} + -0.0909091*{} = 0 

-0.0909091*{} + 1*{106106} + 1*{  6  6} = 0 

-0.0909091*{} + 1*{  7  7} + 1*{107107} = 0 

-0.0909091*{} + 1*{108108} + 1*{  8  8} = 0 

-0.0909091*{} + 1*{109109} + 1*{  9  9} = 0 

0.181818*{  2  8} + 0.181818*{100103} + 0.181818*{103108} + 0.181818*{  1  3} + 0.181818*{  4  6} + 0.181818*{101102} + 0.181818*{105108} + 0.181818*{100109} + 0.181818*{  0  3} + 0.181818*{102106} + 0.181818*{100101} + 0.181818*{100105} + 0.181818*{  1  2} + 0.181818*{  6  9} + 0.181818*{  3  9} + 0.181818*{  0  4} + 0.181818*{  0  2} + 0.181818*{  0  8} + 0.181818*{  2  9} + 0.181818*{101107} + 0.181818*{104105} + 0.181818*{106108} + 0.181818*{105106} + 0.181818*{107108} + 0.181818*{  1  7} + 0.181818*{100104} + 0.181818*{  5  6} + 0.181818*{100106} + 0.181818*{102103} + 0.181818*{  2  7} + 0.181818*{  3  5} + 0.181818*{100108} + 0.181818*{104106} + 0.181818*{105107} + 0.0548202*{  8} + 0.181818*{101109} + 0.181818*{  8  9} + 0.181818*{  0  5} + 0.0548202*{  5} + 0.181818*{101108} + 0.181818*{  7  9} + 0.181818*{104108} + 0.181818*{101103} + 0.181818*{104109} + 0.0548202*{  0} + 0.181818*{  2  6} + 0.0548202*{  2} + 0.181818*{100107} + 0.181818*{107109} + 0.181818*{  2  5} + 0.181818*{100102} + 0.181818*{  7  8} + 0.181818*{  0  7} + 0.0548202*{  7} + 0.0548202*{  1} + 0.181818*{  1  9} + 0.181818*{  3  6} + 0.181818*{103109} + 0.181818*{  0  6} + 0.181818*{106109} + 0.181818*{102105} + 0.181818*{101106} + 0.181818*{105109} + 0.0548202*{  4} + 0.181818*{  1  8} + 0.181818*{102104} + 0.181818*{  3  8} + 0.181818*{106107} + 0.181818*{102107} + 0.181818*{102108} + 0.0548202*{  9} + 0.181818*{108109} + 0.181818*{  0  9} + 0.181818*{103105} + 0.181818*{  2  3} + 0.181818*{  5  9} + 0.181818*{104107} + 0.181818*{103104} + 0.181818*{  0  1} + 0.181818*{103106} + 0.181818*{101104} + 0.181818*{  3  7} + 0.181818*{  5  7} + 0.181818*{  2  4} + 0.181818*{  1  6} + 0.181818*{  1  5} + 0.181818*{  6  7} + 0.181818*{  4  5} + 0.181818*{  5  8} + 0.181818*{102109} + 0.0548202*{  6} + 0.181818*{101105} + 0.181818*{  6  8} + 0.181818*{  4  9} + 0.181818*{103107} + 0.181818*{  4  7} + 0.181818*{  1  4} + 0.181818*{  3  4} + 0.0548202*{  3} + 0.181818*{  4  8} = 0 

1*{ 13 23} + 1*{ 19 29} + 1*{ 11 21} + 1*{112122} + 1*{110120} + 1*{116126} + 1*{111121} + 1*{117127} + 1*{118128} + 1*{113123} + 1*{ 17 27} + 1*{ 16 26} + 0.0909091*{} + 1*{114124} + 1*{119129} + 1*{ 10 20} + 1*{ 14 24} + 1*{115125} + 1*{ 12 22} + 1*{ 15 25} + 1*{ 18 28} = 0 

-1*{ 24114} + -1*{ 26116} + -1*{ 22112} + -1*{ 27117} + 1*{ 11121} + 1*{ 18128} + 1*{ 17127} + 1*{ 14124} + 1*{ 16126} + -1*{ 28118} + 1*{ 19129} + -1*{ 25115} + -1*{ 23113} + -1*{ 20110} + 1*{ 13123} + -1*{ 21111} + 1*{ 15125} + 1*{ 10120} + -1*{ 29119} + 1*{ 12122} = 0 

1*{ 12 32} + 1*{ 17 37} + 1*{ 14 34} + 1*{113133} + 1*{ 13 33} + 1*{116136} + 1*{110130} + 1*{ 11 31} + 1*{114134} + 1*{111131} + 1*{ 10 30} + 1*{ 19 39} + 1*{119139} + 1*{117137} + 1*{ 16 36} + 1*{112132} + 0.0909091*{} + 1*{115135} + 1*{118138} + 1*{ 15 35} + 1*{ 18 38} = 0 

-1*{ 32112} + 1*{ 17137} + -1*{ 39119} + 1*{ 15135} + 1*{ 18138} + -1*{ 35115} + -1*{ 31111} + -1*{ 30110} + -1*{ 38118} + -1*{ 36116} + 1*{ 12132} + -1*{ 33113} + 1*{ 14134} + -1*{ 34114} + 1*{ 10130} + 1*{ 13133} + 1*{ 16136} + 1*{ 19139} + -1*{ 37117} + 1*{ 11131} = 0 

0.0909091*{} + 1*{114144} + 1*{ 11 41} + 1*{116146} + 1*{ 18 48} + 1*{112142} + 1*{ 15 45} + 1*{115145} + 1*{ 16 46} + 1*{110140} + 1*{118148} + 1*{111141} + 1*{ 14 44} + 1*{ 19 49} + 1*{117147} + 1*{119149} + 1*{ 17 47} + 1*{ 13 43} + 1*{ 12 42} + 1*{113143} + 1*{ 10 40} = 0 

1*{ 11141} + -1*{ 43113} + -1*{ 42112} + -1*{ 41111} + -1*{ 44114} + -1*{ 47117} + 1*{ 15145} + -1*{ 49119} + 1*{ 12142} + 1*{ 14144} + -1*{ 45115} + 1*{ 17147} + 1*{ 18148} + -1*{ 46116} + 1*{ 13143} + -1*{ 40110} + 1*{ 16146} + 1*{ 19149} + -1*{ 48118} + 1*{ 10140} = 0 

1*{ 15 55} + 1*{119159} + 1*{ 18 58} + 1*{ 13 53} + 1*{ 10 50} + 1*{117157} + 1*{111151} + 1*{113153} + 1*{ 19 59} + 1*{118158} + 1*{ 11 51} + 1*{ 12 52} + 1*{112152} + 1*{ 14 54} + 1*{ 16 56} + 0.0909091*{} + 1*{115155} + 1*{114154} + 1*{110150} + 1*{ 17 57} + 1*{116156} = 0 

-1*{ 51111} + 1*{ 18158} + 1*{ 14154} + 1*{ 12152} + 1*{ 15155} + -1*{ 52112} + -1*{ 56116} + -1*{ 50110} + -1*{ 55115} + 1*{ 11151} + -1*{ 58118} + 1*{ 13153} + 1*{ 17157} + -1*{ 53113} + 1*{ 19159} + 1*{ 10150} + 1*{ 16156} + -1*{ 59119} + -1*{ 54114} + -1*{ 57117} = 0 

1*{112162} + 1*{ 10 60} + 1*{115165} + 1*{ 12 62} + 1*{ 17 67} + 1*{118168} + 0.0909091*{} + 1*{116166} + 1*{ 13 63} + 1*{117167} + 1*{113163} + 1*{ 15 65} + 1*{119169} + 1*{ 18 68} + 1*{ 16 66} + 1*{110160} + 1*{ 14 64} + 1*{111161} + 1*{ 11 61} + 1*{ 19 69} + 1*{114164} = 0 

1*{ 17167} + 1*{ 11161} + 1*{ 14164} + -1*{ 63113} + 1*{ 18168} + -1*{ 62112} + 1*{ 12162} + 1*{ 19169} + -1*{ 65115} + -1*{ 60110} + -1*{ 67117} + -1*{ 66116} + 1*{ 16166} + -1*{ 69119} + -1*{ 61111} + -1*{ 64114} + -1*{ 68118} + 1*{ 13163} + 1*{ 10160} + 1*{ 15165} = 0 

1*{116176} + 1*{ 12 72} + 1*{ 13 73} + 0.0909091*{} + 1*{ 15 75} + 1*{112172} + 1*{114174} + 1*{ 18 78} + 1*{ 11 71} + 1*{111171} + 1*{ 10 70} + 1*{115175} + 1*{ 17 77} + 1*{110170} + 1*{ 14 74} + 1*{119179} + 1*{113173} + 1*{117177} + 1*{ 16 76} + 1*{ 19 79} + 1*{118178} = 0 

-1*{ 77117} + 1*{ 14174} + 1*{ 11171} + 1*{ 18178} + 1*{ 17177} + 1*{ 16176} + 1*{ 13173} + -1*{ 78118} + -1*{ 76116} + -1*{ 71111} + 1*{ 12172} + -1*{ 73113} + -1*{ 74114} + -1*{ 70110} + -1*{ 72112} + -1*{ 75115} + 1*{ 10170} + 1*{ 19179} + 1*{ 15175} + -1*{ 79119} = 0 

-0.0909091*{} + 1*{205205} + 1*{204204} = 0 

1*{ 18 88} + 1*{ 12 82} + 1*{117187} + 1*{118188} + 1*{112182} + 1*{110180} + 1*{114184} + 0.0909091*{} + 1*{ 13 83} + 1*{ 10 80} + 1*{113183} + 1*{ 16 86} + 1*{ 11 81} + 1*{ 17 87} + 1*{ 19 89} + 1*{116186} + -1*{204} + 1*{119189} + 1*{115185} + 1*{ 15 85} + 1*{ 14 84} + 1*{111181} = 0 

1*{ 12182} + 1*{ 14184} + 1*{ 11181} + -1*{ 88118} + -1*{ 85115} + 1*{ 19189} + 1*{ 15185} + -1*{ 80110} + -1*{205} + -1*{ 82112} + 1*{ 16186} + -1*{ 81111} + -1*{ 84114} + 1*{ 10180} + 1*{ 17187} + -1*{ 86116} + 1*{ 13183} + -1*{ 87117} + -1*{ 89119} + -1*{ 83113} + 1*{ 18188} = 0 

-0.0909091*{} + 1*{207207} + 1*{206206} = 0 

1*{112192} + 1*{111191} + 1*{ 10 90} + 0.0909091*{} + 1*{114194} + 1*{ 14 94} + 1*{ 16 96} + -1*{206} + 1*{ 11 91} + 1*{115195} + 1*{ 18 98} + 1*{110190} + 1*{ 19 99} + 1*{113193} + 1*{ 17 97} + 1*{116196} + 1*{117197} + 1*{119199} + 1*{118198} + 1*{ 13 93} + 1*{ 12 92} + 1*{ 15 95} = 0 

-1*{ 91111} + 1*{ 14194} + -1*{ 90110} + 1*{ 15195} + 1*{ 11191} + 1*{ 13193} + 1*{ 16196} + -1*{ 99119} + -1*{207} + -1*{ 94114} + -1*{ 95115} + 1*{ 18198} + -1*{ 93113} + -1*{ 96116} + 1*{ 12192} + 1*{ 19199} + -1*{ 97117} + -1*{ 92112} + 1*{ 17197} + 1*{ 10190} + -1*{ 98118} = 0 

-0.0909091*{} + 1*{110110} + 1*{ 10 10} = 0 

-0.0909091*{} + 1*{111111} + 1*{ 11 11} = 0 

-0.0909091*{} + 1*{112112} + 1*{ 12 12} = 0 

-0.0909091*{} + 1*{113113} + 1*{ 13 13} = 0 

-0.0909091*{} + 1*{114114} + 1*{ 14 14} = 0 

-0.0909091*{} + 1*{115115} + 1*{ 15 15} = 0 

-0.0909091*{} + 1*{116116} + 1*{ 16 16} = 0 

-0.0909091*{} + 1*{117117} + 1*{ 17 17} = 0 

-0.0909091*{} + 1*{118118} + 1*{ 18 18} = 0 

-0.0909091*{} + 1*{119119} + 1*{ 19 19} = 0 

0.181818*{ 11 15} + 0.181818*{ 10 13} + 0.181818*{113119} + 0.0548202*{ 15} + 0.181818*{ 10 12} + 0.181818*{112115} + 0.181818*{ 13 18} + 0.181818*{110113} + 0.181818*{110119} + 0.181818*{115119} + 0.0548202*{ 18} + 0.181818*{115118} + 0.181818*{ 16 17} + 0.181818*{ 11 16} + 0.181818*{111115} + 0.181818*{114115} + 0.181818*{113116} + 0.181818*{113114} + 0.181818*{115116} + 0.181818*{111114} + 0.181818*{118119} + 0.181818*{ 10 15} + 0.181818*{ 12 15} + 0.181818*{112117} + 0.181818*{116119} + 0.181818*{117119} + 0.181818*{ 10 18} + 0.181818*{ 15 16} + 0.181818*{ 11 13} + 0.181818*{ 15 18} + 0.181818*{ 12 18} + 0.181818*{110111} + 0.181818*{ 13 16} + 0.181818*{112116} + 0.181818*{112114} + 0.181818*{ 12 16} + 0.0548202*{ 19} + 0.181818*{111117} + 0.181818*{ 14 16} + 0.181818*{111112} + 0.181818*{ 11 17} + 0.181818*{114118} + 0.181818*{ 13 17} + 0.0548202*{ 17} + 0.0548202*{ 14} + 0.181818*{ 15 19} + 0.181818*{116118} + 0.181818*{111119} + 0.181818*{111118} + 0.181818*{ 17 18} + 0.181818*{110117} + 0.181818*{111113} + 0.181818*{110115} + 0.181818*{ 16 19} + 0.181818*{ 11 14} + 0.181818*{ 12 17} + 0.181818*{ 16 18} + 0.0548202*{ 16} + 0.181818*{ 11 19} + 0.0548202*{ 13} + 0.181818*{115117} + 0.181818*{116117} + 0.181818*{ 13 15} + 0.181818*{112119} + 0.181818*{110114} + 0.181818*{ 10 17} + 0.181818*{113118} + 0.181818*{114116} + 0.181818*{ 10 14} + 0.181818*{110112} + 0.181818*{117118} + 0.0548202*{ 10} + 0.181818*{ 12 14} + 0.181818*{ 11 12} + 0.181818*{ 11 18} + 0.181818*{113117} + 0.181818*{ 14 18} + 0.181818*{ 12 19} + 0.181818*{ 14 17} + 0.181818*{112113} + 0.181818*{ 18 19} + 0.181818*{ 12 13} + 0.181818*{110116} + 0.181818*{ 14 19} + 0.181818*{ 10 16} + 0.181818*{ 10 11} + 0.181818*{113115} + 0.181818*{ 14 15} + 0.181818*{ 10 19} + 0.0548202*{ 12} + 0.181818*{ 13 19} + 0.181818*{111116} + 0.0548202*{ 11} + 0.181818*{ 13 14} + 0.181818*{110118} + 0.181818*{114117} + 0.181818*{112118} + 0.181818*{ 17 19} + 0.181818*{ 15 17} + 0.181818*{114119} = 0 

1*{ 24 34} + 1*{126136} + 1*{ 27 37} + 1*{123133} + 1*{129139} + 1*{ 20 30} + 1*{120130} + 1*{128138} + 0.0909091*{} + 1*{ 28 38} + 1*{ 25 35} + 1*{121131} + 1*{124134} + 1*{ 21 31} + 1*{ 22 32} + 1*{127137} + 1*{ 26 36} + 1*{ 29 39} + 1*{125135} + 1*{122132} + 1*{ 23 33} = 0 

-1*{ 32122} + 1*{ 26136} + -1*{ 37127} + -1*{ 38128} + -1*{ 35125} + 1*{ 22132} + -1*{ 31121} + 1*{ 21131} + -1*{ 36126} + -1*{ 34124} + 1*{ 25135} + 1*{ 29139} + 1*{ 24134} + 1*{ 27137} + 1*{ 23133} + -1*{ 33123} + 1*{ 20130} + -1*{ 30120} + 1*{ 28138} + -1*{ 39129} = 0 

1*{ 22 42} + 1*{ 23 43} + 1*{ 24 44} + 1*{129149} + 1*{ 21 41} + 1*{120140} + 1*{122142} + 1*{126146} + 1*{ 25 45} + 1*{125145} + 1*{ 28 48} + 0.0909091*{} + 1*{128148} + 1*{127147} + 1*{ 27 47} + 1*{123143} + 1*{124144} + 1*{121141} + 1*{ 20 40} + 1*{ 26 46} + 1*{ 29 49} = 0 

1*{ 21141} + -1*{ 45125} + 1*{ 29149} + -1*{ 43123} + -1*{ 40120} + 1*{ 20140} + -1*{ 46126} + 1*{ 25145} + -1*{ 44124} + 1*{ 23143} + 1*{ 22142} + 1*{ 26146} + 1*{ 28148} + -1*{ 48128} + -1*{ 41121} + -1*{ 42122} + 1*{ 24144} + -1*{ 47127} + -1*{ 49129} + 1*{ 27147} = 0 

1*{121151} + 1*{128158} + 1*{ 29 59} + 1*{124154} + 1*{123153} + 1*{122152} + 1*{ 24 54} + 1*{ 20 50} + 0.0909091*{} + 1*{ 22 52} + 1*{127157} + 1*{ 26 56} + 1*{ 28 58} + 1*{ 21 51} + 1*{ 25 55} + 1*{120150} + 1*{ 27 57} + 1*{125155} + 1*{129159} + 1*{126156} + 1*{ 23 53} = 0 

-1*{ 54124} + -1*{ 50120} + -1*{ 52122} + 1*{ 23153} + -1*{ 53123} + 1*{ 26156} + 1*{ 29159} + -1*{ 51121} + 1*{ 22152} + 1*{ 27157} + 1*{ 28158} + -1*{ 56126} + 1*{ 25155} + 1*{ 21151} + -1*{ 55125} + -1*{ 57127} + -1*{ 59129} + 1*{ 20150} + 1*{ 24154} + -1*{ 58128} = 0 

1*{ 25 65} + 1*{ 28 68} + 1*{129169} + 1*{121161} + 1*{ 22 62} + 1*{123163} + 1*{ 27 67} + 1*{ 21 61} + 1*{125165} + 1*{120160} + 1*{124164} + 0.0909091*{} + 1*{126166} + 1*{122162} + 1*{ 23 63} + 1*{ 26 66} + 1*{ 29 69} + 1*{127167} + 1*{ 24 64} + 1*{128168} + 1*{ 20 60} = 0 

-1*{ 66126} + -1*{ 69129} + 1*{ 27167} + -1*{ 67127} + 1*{ 20160} + 1*{ 24164} + 1*{ 28168} + 1*{ 23163} + -1*{ 61121} + 1*{ 26166} + 1*{ 25165} + -1*{ 64124} + 1*{ 22162} + -1*{ 68128} + -1*{ 60120} + 1*{ 21161} + -1*{ 63123} + -1*{ 62122} + 1*{ 29169} + -1*{ 65125} = 0 

1*{124174} + 1*{127177} + 1*{128178} + 1*{ 29 79} + 1*{122172} + 1*{ 25 75} + 1*{ 26 76} + 1*{129179} + 1*{126176} + 1*{ 24 74} + 1*{ 27 77} + 1*{ 20 70} + 1*{ 21 71} + 0.0909091*{} + 1*{121171} + 1*{ 28 78} + 1*{123173} + 1*{125175} + 1*{ 22 72} + 1*{ 23 73} + 1*{120170} = 0 

1*{ 25175} + -1*{ 75125} + -1*{ 72122} + 1*{ 26176} + 1*{ 29179} + -1*{ 73123} + -1*{ 70120} + 1*{ 22172} + 1*{ 23173} + -1*{ 74124} + 1*{ 21171} + -1*{ 76126} + 1*{ 20170} + 1*{ 28178} + -1*{ 77127} + 1*{ 24174} + -1*{ 71121} + -1*{ 78128} + 1*{ 27177} + -1*{ 79129} = 0 

-0.0909091*{} + 1*{208208} + 1*{209209} = 0 

1*{ 24 84} + 1*{ 29 89} + 1*{126186} + 1*{127187} + 1*{ 21 81} + 1*{ 23 83} + 1*{ 25 85} + 1*{121181} + 1*{ 28 88} + 1*{120180} + 1*{ 20 80} + -1*{208} + 0.0909091*{} + 1*{122182} + 1*{129189} + 1*{125185} + 1*{ 27 87} + 1*{124184} + 1*{128188} + 1*{ 22 82} + 1*{123183} + 1*{ 26 86} = 0 

-1*{ 80120} + 1*{ 27187} + -1*{ 83123} + 1*{ 26186} + -1*{ 82122} + 1*{ 24184} + -1*{ 86126} + -1*{ 87127} + -1*{ 81121} + -1*{ 84124} + 1*{ 20180} + 1*{ 23183} + -1*{ 89129} + -1*{ 88128} + -1*{209} + 1*{ 22182} + -1*{ 85125} + 1*{ 28188} + 1*{ 29189} + 1*{ 21181} + 1*{ 25185} = 0 

-0.0909091*{} + 1*{211211} + 1*{210210} = 0 

1*{ 25 95} + 0.0909091*{} + 1*{ 26 96} + 1*{ 28 98} + 1*{ 20 90} + 1*{126196} + 1*{ 24 94} + 1*{122192} + 1*{ 27 97} + 1*{124194} + 1*{127197} + 1*{ 23 93} + -1*{210} + 1*{121191} + 1*{ 22 92} + 1*{ 29 99} + 1*{129199} + 1*{123193} + 1*{120190} + 1*{ 21 91} + 1*{125195} + 1*{128198} = 0 

1*{ 27197} + 1*{ 28198} + -1*{ 99129} + 1*{ 22192} + -1*{211} + 1*{ 20190} + -1*{ 94124} + -1*{ 98128} + -1*{ 96126} + -1*{ 93123} + 1*{ 21191} + 1*{ 24194} + -1*{ 95125} + -1*{ 92122} + -1*{ 90120} + -1*{ 97127} + -1*{ 91121} + 1*{ 26196} + 1*{ 25195} + 1*{ 29199} + 1*{ 23193} = 0 

-0.0909091*{} + 1*{120120} + 1*{ 20 20} = 0 

-0.0909091*{} + 1*{121121} + 1*{ 21 21} = 0 

-0.0909091*{} + 1*{122122} + 1*{ 22 22} = 0 

-0.0909091*{} + 1*{123123} + 1*{ 23 23} = 0 

-0.0909091*{} + 1*{124124} + 1*{ 24 24} = 0 

-0.0909091*{} + 1*{125125} + 1*{ 25 25} = 0 

-0.0909091*{} + 1*{126126} + 1*{ 26 26} = 0 

-0.0909091*{} + 1*{127127} + 1*{ 27 27} = 0 

1*{128128} + -0.0909091*{} + 1*{ 28 28} = 0 

-0.0909091*{} + 1*{129129} + 1*{ 29 29} = 0 

0.181818*{123126} + 0.181818*{ 26 27} + 0.181818*{ 22 28} + 0.0548202*{ 20} + 0.181818*{ 22 26} + 0.181818*{126129} + 0.181818*{123129} + 0.181818*{ 20 21} + 0.181818*{ 22 24} + 0.181818*{121123} + 0.181818*{ 20 29} + 0.181818*{127129} + 0.181818*{ 24 27} + 0.0548202*{ 29} + 0.181818*{120123} + 0.181818*{ 23 26} + 0.181818*{ 20 26} + 0.181818*{122127} + 0.181818*{ 28 29} + 0.181818*{ 26 28} + 0.181818*{ 23 24} + 0.181818*{ 25 28} + 0.181818*{125129} + 0.181818*{128129} + 0.181818*{ 22 25} + 0.181818*{120127} + 0.181818*{120129} + 0.181818*{ 20 27} + 0.181818*{ 21 27} + 0.181818*{124127} + 0.181818*{ 21 29} + 0.181818*{122124} + 0.0548202*{ 26} + 0.181818*{121122} + 0.181818*{ 21 26} + 0.181818*{ 27 28} + 0.181818*{123125} + 0.181818*{124125} + 0.181818*{121126} + 0.181818*{120125} + 0.181818*{122125} + 0.181818*{ 25 26} + 0.181818*{ 27 29} + 0.181818*{ 22 27} + 0.181818*{121127} + 0.181818*{ 24 25} + 0.181818*{124129} + 0.181818*{ 20 24} + 0.181818*{ 23 28} + 0.181818*{120124} + 0.181818*{ 21 28} + 0.181818*{122126} + 0.181818*{ 24 28} + 0.181818*{125128} + 0.181818*{ 21 24} + 0.181818*{121129} + 0.181818*{122128} + 0.181818*{ 24 29} + 0.181818*{ 25 29} + 0.181818*{121128} + 0.181818*{123124} + 0.181818*{ 26 29} + 0.181818*{ 20 25} + 0.181818*{120121} + 0.0548202*{ 27} + 0.181818*{ 25 27} + 0.181818*{122129} + 0.181818*{ 22 23} + 0.181818*{124126} + 0.181818*{120126} + 0.181818*{124128} + 0.181818*{ 20 23} + 0.181818*{123128} + 0.181818*{ 20 22} + 0.0548202*{ 22} + 0.181818*{ 20 28} + 0.181818*{ 21 23} + 0.181818*{120122} + 0.181818*{ 23 27} + 0.181818*{ 21 25} + 0.0548202*{ 25} + 0.181818*{ 23 29} + 0.181818*{125127} + 0.181818*{125126} + 0.181818*{121124} + 0.181818*{123127} + 0.0548202*{ 21} + 0.181818*{120128} + 0.181818*{126128} + 0.181818*{127128} + 0.181818*{ 23 25} + 0.181818*{126127} + 0.0548202*{ 24} + 0.0548202*{ 28} + 0.181818*{ 24 26} + 0.0548202*{ 23} + 0.181818*{ 21 22} + 0.181818*{122123} + 0.181818*{121125} + 0.181818*{ 22 29} = 0 

1*{131141} + 1*{130140} + 1*{ 33 43} + 1*{139149} + 1*{ 30 40} + 1*{ 32 42} + 0.0909091*{} + 1*{134144} + 1*{ 31 41} + 1*{ 36 46} + 1*{ 35 45} + 1*{135145} + 1*{ 38 48} + 1*{ 37 47} + 1*{ 39 49} + 1*{ 34 44} + 1*{138148} + 1*{137147} + 1*{133143} + 1*{132142} + 1*{136146} = 0 

-1*{ 41131} + -1*{ 47137} + 1*{ 31141} + 1*{ 34144} + 1*{ 33143} + 1*{ 39149} + -1*{ 48138} + -1*{ 45135} + -1*{ 43133} + 1*{ 38148} + -1*{ 40130} + 1*{ 36146} + -1*{ 42132} + 1*{ 32142} + -1*{ 44134} + 1*{ 30140} + 1*{ 37147} + -1*{ 49139} + -1*{ 46136} + 1*{ 35145} = 0 

1*{ 34 54} + 1*{ 32 52} + 1*{ 33 53} + 1*{ 38 58} + 1*{134154} + 1*{138158} + 0.0909091*{} + 1*{132152} + 1*{136156} + 1*{133153} + 1*{135155} + 1*{ 31 51} + 1*{131151} + 1*{ 35 55} + 1*{137157} + 1*{ 37 57} + 1*{ 36 56} + 1*{139159} + 1*{ 30 50} + 1*{ 39 59} + 1*{130150} = 0 

-1*{ 50130} + -1*{ 54134} + -1*{ 52132} + -1*{ 59139} + -1*{ 51131} + 1*{ 34154} + -1*{ 53133} + -1*{ 57137} + 1*{ 32152} + 1*{ 37157} + 1*{ 33153} + 1*{ 38158} + -1*{ 55135} + -1*{ 58138} + 1*{ 35155} + 1*{ 39159} + 1*{ 36156} + 1*{ 31151} + 1*{ 30150} + -1*{ 56136} = 0 

1*{ 39 69} + 1*{139169} + 1*{ 37 67} + 1*{137167} + 1*{130160} + 1*{138168} + 1*{133163} + 1*{ 31 61} + 1*{ 32 62} + 1*{ 34 64} + 0.0909091*{} + 1*{ 36 66} + 1*{131161} + 1*{ 35 65} + 1*{ 33 63} + 1*{132162} + 1*{134164} + 1*{135165} + 1*{136166} + 1*{ 38 68} + 1*{ 30 60} = 0 

1*{ 32162} + 1*{ 35165} + 1*{ 38168} + 1*{ 30160} + 1*{ 36166} + -1*{ 65135} + 1*{ 39169} + -1*{ 66136} + -1*{ 68138} + -1*{ 61131} + 1*{ 37167} + -1*{ 69139} + 1*{ 34164} + -1*{ 60130} + -1*{ 63133} + 1*{ 31161} + -1*{ 64134} + -1*{ 62132} + -1*{ 67137} + 1*{ 33163} = 0 

1*{ 34 74} + 1*{ 32 72} + 1*{132172} + 1*{139179} + 0.0909091*{} + 1*{ 30 70} + 1*{ 37 77} + 1*{131171} + 1*{138178} + 1*{134174} + 1*{ 31 71} + 1*{ 39 79} + 1*{136176} + 1*{ 35 75} + 1*{ 33 73} + 1*{ 36 76} + 1*{130170} + 1*{133173} + 1*{137177} + 1*{ 38 78} + 1*{135175} = 0 

-1*{ 71131} + -1*{ 74134} + -1*{ 77137} + 1*{ 38178} + 1*{ 36176} + 1*{ 32172} + -1*{ 78138} + -1*{ 72132} + -1*{ 79139} + -1*{ 73133} + -1*{ 70130} + 1*{ 31171} + 1*{ 37177} + -1*{ 76136} + -1*{ 75135} + 1*{ 35175} + 1*{ 30170} + 1*{ 39179} + 1*{ 33173} + 1*{ 34174} = 0 

-0.0909091*{} + 1*{213213} + 1*{212212} = 0 

1*{136186} + 1*{ 39 89} + 1*{ 30 80} + 1*{ 38 88} + 1*{ 33 83} + 1*{130180} + -1*{212} + 0.0909091*{} + 1*{ 32 82} + 1*{ 34 84} + 1*{ 31 81} + 1*{ 37 87} + 1*{138188} + 1*{135185} + 1*{139189} + 1*{ 35 85} + 1*{ 36 86} + 1*{132182} + 1*{131181} + 1*{137187} + 1*{133183} + 1*{134184} = 0 

1*{ 38188} + 1*{ 32182} + -1*{ 84134} + -1*{ 89139} + 1*{ 39189} + -1*{ 80130} + 1*{ 36186} + -1*{ 88138} + 1*{ 30180} + 1*{ 31181} + -1*{ 83133} + -1*{ 87137} + 1*{ 37187} + 1*{ 34184} + -1*{ 86136} + -1*{ 85135} + -1*{ 82132} + 1*{ 35185} + 1*{ 33183} + -1*{ 81131} + -1*{213} = 0 

-0.0909091*{} + 1*{215215} + 1*{214214} = 0 

1*{ 39 99} + 1*{130190} + 1*{134194} + -1*{214} + 1*{138198} + 1*{ 36 96} + 1*{ 31 91} + 1*{135195} + 1*{ 38 98} + 1*{ 35 95} + 1*{137197} + 1*{ 30 90} + 1*{133193} + 1*{132192} + 1*{ 37 97} + 1*{ 34 94} + 1*{ 33 93} + 1*{139199} + 1*{ 32 92} + 1*{131191} + 1*{136196} + 0.0909091*{} = 0 

-1*{ 97137} + -1*{215} + 1*{ 38198} + -1*{ 92132} + 1*{ 37197} + 1*{ 30190} + 1*{ 35195} + 1*{ 31191} + 1*{ 34194} + 1*{ 32192} + -1*{ 95135} + -1*{ 90130} + 1*{ 39199} + -1*{ 94134} + -1*{ 99139} + -1*{ 93133} + -1*{ 96136} + -1*{ 98138} + 1*{ 36196} + -1*{ 91131} + 1*{ 33193} = 0 

-0.0909091*{} + 1*{130130} + 1*{ 30 30} = 0 

1*{131131} + -0.0909091*{} + 1*{ 31 31} = 0 

1*{132132} + -0.0909091*{} + 1*{ 32 32} = 0 

-0.0909091*{} + 1*{ 33 33} + 1*{133133} = 0 

-0.0909091*{} + 1*{134134} + 1*{ 34 34} = 0 

-0.0909091*{} + 1*{135135} + 1*{ 35 35} = 0 

-0.0909091*{} + 1*{136136} + 1*{ 36 36} = 0 

-0.0909091*{} + 1*{137137} + 1*{ 37 37} = 0 

-0.0909091*{} + 1*{138138} + 1*{ 38 38} = 0 

-0.0909091*{} + 1*{139139} + 1*{ 39 39} = 0 

0.181818*{ 30 35} + 0.181818*{ 34 36} + 0.0548202*{ 35} + 0.181818*{131136} + 0.181818*{ 37 38} + 0.181818*{ 36 38} + 0.0548202*{ 32} + 0.181818*{ 31 33} + 0.0548202*{ 30} + 0.181818*{ 34 38} + 0.181818*{ 30 31} + 0.181818*{137138} + 0.181818*{ 30 39} + 0.181818*{ 35 36} + 0.181818*{131132} + 0.181818*{ 38 39} + 0.181818*{ 31 35} + 0.181818*{ 31 36} + 0.181818*{ 33 37} + 0.181818*{131135} + 0.181818*{ 30 33} + 0.181818*{136139} + 0.181818*{135137} + 0.181818*{ 30 34} + 0.181818*{130134} + 0.181818*{131134} + 0.181818*{132136} + 0.181818*{131133} + 0.181818*{ 34 35} + 0.181818*{134136} + 0.181818*{ 34 39} + 0.181818*{ 31 39} + 0.181818*{130136} + 0.181818*{131137} + 0.181818*{ 30 37} + 0.181818*{131139} + 0.0548202*{ 37} + 0.181818*{ 36 37} + 0.181818*{134139} + 0.181818*{ 32 38} + 0.181818*{133139} + 0.181818*{ 33 38} + 0.181818*{130138} + 0.181818*{ 31 34} + 0.181818*{134138} + 0.181818*{ 35 38} + 0.181818*{135139} + 0.181818*{ 31 38} + 0.181818*{138139} + 0.181818*{135136} + 0.181818*{132137} + 0.181818*{131138} + 0.181818*{ 32 34} + 0.181818*{130132} + 0.181818*{ 30 38} + 0.181818*{ 35 37} + 0.181818*{ 33 39} + 0.181818*{132133} + 0.181818*{130133} + 0.181818*{133136} + 0.181818*{130135} + 0.0548202*{ 38} + 0.181818*{136138} + 0.181818*{132138} + 0.181818*{134135} + 0.181818*{ 30 32} + 0.181818*{ 36 39} + 0.181818*{ 33 34} + 0.181818*{ 32 37} + 0.181818*{ 33 36} + 0.0548202*{ 34} + 0.181818*{133138} + 0.181818*{133134} + 0.181818*{ 31 37} + 0.181818*{132134} + 0.181818*{ 32 35} + 0.181818*{137139} + 0.181818*{ 30 36} + 0.181818*{ 33 35} + 0.181818*{ 35 39} + 0.181818*{ 37 39} + 0.181818*{ 31 32} + 0.181818*{130131} + 0.181818*{132135} + 0.181818*{ 32 36} + 0.181818*{135138} + 0.0548202*{ 36} + 0.0548202*{ 33} + 0.181818*{ 32 39} + 0.181818*{ 34 37} + 0.181818*{ 32 33} + 0.181818*{133135} + 0.181818*{133137} + 0.181818*{136137} + 0.181818*{134137} + 0.181818*{130137} + 0.181818*{132139} + 0.0548202*{ 31} + 0.0548202*{ 39} + 0.181818*{130139} = 0 

1*{148158} + 1*{ 44 54} + 1*{ 48 58} + 1*{142152} + 1*{145155} + 1*{ 45 55} + 0.0909091*{} + 1*{ 46 56} + 1*{149159} + 1*{ 47 57} + 1*{ 49 59} + 1*{ 40 50} + 1*{ 43 53} + 1*{ 42 52} + 1*{141151} + 1*{143153} + 1*{140150} + 1*{144154} + 1*{146156} + 1*{ 41 51} + 1*{147157} = 0 

-1*{ 57147} + -1*{ 58148} + -1*{ 59149} + 1*{ 49159} + -1*{ 52142} + 1*{ 43153} + -1*{ 53143} + -1*{ 54144} + -1*{ 50140} + 1*{ 46156} + 1*{ 47157} + 1*{ 44154} + -1*{ 55145} + 1*{ 48158} + 1*{ 45155} + 1*{ 42152} + 1*{ 41151} + 1*{ 40150} + -1*{ 56146} + -1*{ 51141} = 0 

1*{ 48 68} + 0.0909091*{} + 1*{142162} + 1*{ 44 64} + 1*{148168} + 1*{ 49 69} + 1*{149169} + 1*{ 42 62} + 1*{147167} + 1*{146166} + 1*{140160} + 1*{ 41 61} + 1*{141161} + 1*{144164} + 1*{ 43 63} + 1*{ 45 65} + 1*{145165} + 1*{ 46 66} + 1*{143163} + 1*{ 40 60} + 1*{ 47 67} = 0 

1*{ 45165} + -1*{ 69149} + 1*{ 40160} + -1*{ 62142} + -1*{ 67147} + 1*{ 41161} + 1*{ 42162} + 1*{ 43163} + 1*{ 46166} + 1*{ 44164} + 1*{ 47167} + -1*{ 65145} + -1*{ 60140} + 1*{ 48168} + 1*{ 49169} + -1*{ 68148} + -1*{ 66146} + -1*{ 61141} + -1*{ 64144} + -1*{ 63143} = 0 

1*{141171} + 1*{ 43 73} + 1*{144174} + 1*{ 49 79} + 1*{146176} + 1*{140170} + 1*{149179} + 1*{147177} + 1*{ 42 72} + 1*{ 40 70} + 1*{142172} + 1*{ 46 76} + 1*{148178} + 1*{145175} + 0.0909091*{} + 1*{ 48 78} + 1*{ 41 71} + 1*{ 45 75} + 1*{143173} + 1*{ 47 77} + 1*{ 44 74} = 0 

1*{ 41171} + 1*{ 48178} + 1*{ 43173} + -1*{ 79149} + 1*{ 42172} + -1*{ 77147} + 1*{ 40170} + 1*{ 46176} + -1*{ 75145} + 1*{ 49179} + -1*{ 70140} + -1*{ 74144} + -1*{ 72142} + 1*{ 45175} + -1*{ 78148} + -1*{ 71141} + -1*{ 76146} + 1*{ 47177} + -1*{ 73143} + 1*{ 44174} = 0 

1*{217217} + -0.0909091*{} + 1*{216216} = 0 

1*{141181} + 1*{147187} + 1*{140180} + 1*{ 41 81} + -1*{216} + 1*{ 42 82} + 1*{ 48 88} + 1*{ 43 83} + 0.0909091*{} + 1*{ 45 85} + 1*{148188} + 1*{ 49 89} + 1*{ 46 86} + 1*{ 40 80} + 1*{144184} + 1*{142182} + 1*{ 44 84} + 1*{ 47 87} + 1*{149189} + 1*{146186} + 1*{143183} + 1*{145185} = 0 

1*{ 44184} + 1*{ 47187} + -1*{ 80140} + -1*{ 85145} + -1*{ 81141} + 1*{ 48188} + 1*{ 42182} + -1*{ 84144} + -1*{217} + -1*{ 86146} + 1*{ 46186} + 1*{ 43183} + 1*{ 49189} + -1*{ 87147} + -1*{ 83143} + 1*{ 40180} + -1*{ 82142} + 1*{ 45185} + -1*{ 88148} + -1*{ 89149} + 1*{ 41181} = 0 

1*{219219} + -0.0909091*{} + 1*{218218} = 0 

1*{148198} + 1*{ 45 95} + 0.0909091*{} + 1*{144194} + 1*{145195} + 1*{ 44 94} + 1*{ 46 96} + 1*{143193} + 1*{142192} + 1*{ 42 92} + 1*{ 40 90} + 1*{146196} + 1*{140190} + 1*{141191} + 1*{149199} + 1*{ 41 91} + -1*{218} + 1*{ 43 93} + 1*{ 47 97} + 1*{147197} + 1*{ 49 99} + 1*{ 48 98} = 0 

1*{ 48198} + -1*{ 98148} + 1*{ 43193} + 1*{ 47197} + 1*{ 42192} + 1*{ 44194} + 1*{ 46196} + -1*{ 95145} + -1*{ 94144} + -1*{ 90140} + 1*{ 41191} + -1*{ 93143} + -1*{ 91141} + 1*{ 40190} + 1*{ 45195} + -1*{ 92142} + -1*{ 99149} + 1*{ 49199} + -1*{219} + -1*{ 97147} + -1*{ 96146} = 0 

-0.0909091*{} + 1*{140140} + 1*{ 40 40} = 0 

-0.0909091*{} + 1*{141141} + 1*{ 41 41} = 0 

-0.0909091*{} + 1*{142142} + 1*{ 42 42} = 0 

-0.0909091*{} + 1*{143143} + 1*{ 43 43} = 0 

-0.0909091*{} + 1*{144144} + 1*{ 44 44} = 0 

-0.0909091*{} + 1*{145145} + 1*{ 45 45} = 0 

1*{146146} + -0.0909091*{} + 1*{ 46 46} = 0 

-0.0909091*{} + 1*{147147} + 1*{ 47 47} = 0 

1*{148148} + -0.0909091*{} + 1*{ 48 48} = 0 

-0.0909091*{} + 1*{149149} + 1*{ 49 49} = 0 

0.181818*{141149} + 0.181818*{143147} + 0.181818*{140142} + 0.181818*{ 40 49} + 0.181818*{144149} + 0.181818*{ 41 47} + 0.181818*{ 41 46} + 0.0548202*{ 40} + 0.181818*{ 43 49} + 0.181818*{ 41 49} + 0.0548202*{ 47} + 0.181818*{140147} + 0.181818*{ 44 45} + 0.181818*{142147} + 0.0548202*{ 49} + 0.181818*{142146} + 0.181818*{144147} + 0.181818*{ 42 43} + 0.181818*{141142} + 0.181818*{ 44 48} + 0.181818*{140144} + 0.181818*{ 41 43} + 0.181818*{ 47 48} + 0.181818*{141146} + 0.181818*{ 40 45} + 0.181818*{ 40 46} + 0.181818*{ 44 46} + 0.181818*{ 46 47} + 0.181818*{145147} + 0.181818*{147148} + 0.181818*{145146} + 0.181818*{ 44 47} + 0.181818*{143145} + 0.181818*{ 40 44} + 0.0548202*{ 48} + 0.181818*{144148} + 0.181818*{142144} + 0.181818*{142149} + 0.181818*{ 43 44} + 0.0548202*{ 43} + 0.181818*{141147} + 0.181818*{ 41 44} + 0.181818*{ 42 44} + 0.181818*{ 40 41} + 0.181818*{144146} + 0.181818*{141145} + 0.181818*{ 43 46} + 0.181818*{ 46 49} + 0.181818*{142145} + 0.181818*{ 45 47} + 0.181818*{140141} + 0.181818*{142143} + 0.181818*{143149} + 0.181818*{ 48 49} + 0.181818*{ 45 49} + 0.181818*{ 40 42} + 0.181818*{145149} + 0.181818*{148149} + 0.181818*{140143} + 0.181818*{146149} + 0.181818*{ 42 49} + 0.181818*{140145} + 0.0548202*{ 44} + 0.181818*{ 42 46} + 0.181818*{ 42 48} + 0.0548202*{ 45} + 0.181818*{147149} + 0.181818*{ 47 49} + 0.181818*{ 43 47} + 0.181818*{144145} + 0.181818*{ 40 43} + 0.0548202*{ 46} + 0.0548202*{ 42} + 0.181818*{146148} + 0.181818*{140148} + 0.181818*{ 40 47} + 0.181818*{141143} + 0.181818*{ 45 46} + 0.181818*{143146} + 0.181818*{ 43 45} + 0.181818*{ 45 48} + 0.181818*{ 41 42} + 0.181818*{141148} + 0.181818*{ 42 45} + 0.181818*{140146} + 0.181818*{ 41 45} + 0.181818*{ 46 48} + 0.181818*{143144} + 0.181818*{143148} + 0.181818*{146147} + 0.181818*{140149} + 0.181818*{ 44 49} + 0.181818*{ 40 48} + 0.0548202*{ 41} + 0.181818*{ 42 47} + 0.181818*{142148} + 0.181818*{141144} + 0.181818*{ 41 48} + 0.181818*{ 43 48} + 0.181818*{145148} = 0 

1*{ 59 69} + 1*{155165} + 1*{ 52 62} + 1*{ 53 63} + 1*{ 54 64} + 1*{ 58 68} + 1*{ 56 66} + 1*{159169} + 1*{157167} + 1*{151161} + 1*{ 51 61} + 1*{150160} + 1*{152162} + 1*{ 50 60} + 1*{ 55 65} + 1*{ 57 67} + 1*{158168} + 1*{153163} + 0.0909091*{} + 1*{156166} + 1*{154164} = 0 

-1*{ 66156} + -1*{ 67157} + 1*{ 58168} + -1*{ 68158} + -1*{ 69159} + 1*{ 59169} + 1*{ 51161} + -1*{ 63153} + -1*{ 64154} + 1*{ 52162} + -1*{ 60150} + -1*{ 61151} + 1*{ 50160} + 1*{ 54164} + -1*{ 65155} + 1*{ 56166} + 1*{ 55165} + 1*{ 57167} + -1*{ 62152} + 1*{ 53163} = 0 

1*{156176} + 1*{ 52 72} + 1*{159179} + 1*{153173} + 1*{154174} + 1*{ 51 71} + 1*{158178} + 1*{ 57 77} + 1*{157177} + 1*{ 56 76} + 1*{ 53 73} + 1*{ 59 79} + 1*{155175} + 1*{152172} + 1*{ 50 70} + 1*{ 55 75} + 1*{150170} + 0.0909091*{} + 1*{151171} + 1*{ 54 74} + 1*{ 58 78} = 0 

1*{ 59179} + -1*{ 79159} + 1*{ 51171} + 1*{ 50170} + 1*{ 57177} + 1*{ 53173} + -1*{ 70150} + -1*{ 76156} + 1*{ 54174} + -1*{ 72152} + -1*{ 73153} + 1*{ 52172} + 1*{ 58178} + -1*{ 71151} + 1*{ 56176} + -1*{ 78158} + -1*{ 75155} + -1*{ 74154} + 1*{ 55175} + -1*{ 77157} = 0 

-0.0909091*{} + 1*{221221} + 1*{220220} = 0 

0.0909091*{} + 1*{ 52 82} + 1*{150180} + 1*{159189} + 1*{ 58 88} + 1*{156186} + 1*{ 53 83} + 1*{ 51 81} + 1*{152182} + 1*{158188} + 1*{ 56 86} + 1*{ 55 85} + 1*{157187} + -1*{220} + 1*{155185} + 1*{ 59 89} + 1*{151181} + 1*{ 57 87} + 1*{154184} + 1*{153183} + 1*{ 54 84} + 1*{ 50 80} = 0 

-1*{ 81151} + -1*{ 88158} + -1*{221} + 1*{ 59189} + -1*{ 85155} + 1*{ 55185} + -1*{ 89159} + 1*{ 52182} + -1*{ 80150} + 1*{ 51181} + -1*{ 83153} + 1*{ 58188} + 1*{ 57187} + 1*{ 56186} + 1*{ 50180} + -1*{ 87157} + -1*{ 84154} + -1*{ 82152} + 1*{ 53183} + -1*{ 86156} + 1*{ 54184} = 0 

-0.0909091*{} + 1*{223223} + 1*{222222} = 0 

1*{153193} + 1*{ 55 95} + 1*{ 54 94} + 1*{159199} + -1*{222} + 1*{ 59 99} + 1*{155195} + 1*{ 51 91} + 1*{157197} + 1*{ 53 93} + 1*{150190} + 1*{152192} + 1*{ 52 92} + 1*{151191} + 1*{ 50 90} + 1*{ 58 98} + 1*{ 57 97} + 1*{ 56 96} + 1*{158198} + 1*{156196} + 1*{154194} + 0.0909091*{} = 0 

1*{ 57197} + -1*{ 98158} + 1*{ 52192} + 1*{ 50190} + -1*{ 95155} + -1*{ 92152} + -1*{223} + -1*{ 96156} + 1*{ 55195} + -1*{ 93153} + -1*{ 99159} + 1*{ 51191} + 1*{ 53193} + -1*{ 90150} + -1*{ 94154} + -1*{ 91151} + 1*{ 54194} + -1*{ 97157} + 1*{ 56196} + 1*{ 58198} + 1*{ 59199} = 0 

-0.0909091*{} + 1*{150150} + 1*{ 50 50} = 0 

-0.0909091*{} + 1*{151151} + 1*{ 51 51} = 0 

-0.0909091*{} + 1*{152152} + 1*{ 52 52} = 0 

-0.0909091*{} + 1*{ 53 53} + 1*{153153} = 0 

-0.0909091*{} + 1*{154154} + 1*{ 54 54} = 0 

-0.0909091*{} + 1*{155155} + 1*{ 55 55} = 0 

-0.0909091*{} + 1*{156156} + 1*{ 56 56} = 0 

1*{157157} + -0.0909091*{} + 1*{ 57 57} = 0 

-0.0909091*{} + 1*{ 58 58} + 1*{158158} = 0 

-0.0909091*{} + 1*{159159} + 1*{ 59 59} = 0 

0.181818*{152159} + 0.181818*{152154} + 0.181818*{ 52 59} + 0.181818*{150159} + 0.181818*{150157} + 0.0548202*{ 52} + 0.181818*{ 58 59} + 0.181818*{150154} + 0.181818*{ 53 56} + 0.181818*{ 50 51} + 0.181818*{ 54 58} + 0.181818*{155159} + 0.181818*{153159} + 0.181818*{ 54 56} + 0.181818*{156158} + 0.181818*{ 55 56} + 0.181818*{151153} + 0.181818*{153157} + 0.181818*{ 51 56} + 0.181818*{157158} + 0.181818*{150151} + 0.181818*{152155} + 0.181818*{ 53 58} + 0.181818*{151154} + 0.181818*{157159} + 0.181818*{152158} + 0.181818*{ 52 56} + 0.0548202*{ 54} + 0.181818*{ 57 59} + 0.181818*{150156} + 0.181818*{ 56 57} + 0.181818*{ 50 54} + 0.181818*{ 50 52} + 0.181818*{ 50 58} + 0.181818*{155157} + 0.0548202*{ 55} + 0.181818*{ 52 58} + 0.181818*{ 53 55} + 0.181818*{ 55 58} + 0.181818*{ 53 54} + 0.181818*{153156} + 0.181818*{ 51 52} + 0.0548202*{ 59} + 0.181818*{151159} + 0.0548202*{ 56} + 0.181818*{158159} + 0.181818*{152157} + 0.181818*{156159} + 0.181818*{153155} + 0.181818*{151157} + 0.181818*{150155} + 0.181818*{ 56 58} + 0.181818*{153154} + 0.181818*{ 51 55} + 0.181818*{151156} + 0.181818*{ 51 58} + 0.181818*{ 54 57} + 0.181818*{150152} + 0.181818*{ 56 59} + 0.181818*{ 55 59} + 0.0548202*{ 51} + 0.0548202*{ 50} + 0.181818*{153158} + 0.181818*{ 50 57} + 0.181818*{154155} + 0.181818*{ 52 57} + 0.0548202*{ 57} + 0.181818*{154157} + 0.181818*{ 57 58} + 0.0548202*{ 53} + 0.181818*{152156} + 0.181818*{ 50 56} + 0.181818*{156157} + 0.181818*{ 50 53} + 0.181818*{ 50 55} + 0.181818*{ 53 57} + 0.181818*{ 54 59} + 0.181818*{ 53 59} + 0.181818*{ 51 54} + 0.181818*{154159} + 0.181818*{154158} + 0.181818*{ 52 55} + 0.181818*{ 50 59} + 0.181818*{150153} + 0.181818*{151155} + 0.181818*{ 51 59} + 0.181818*{ 52 54} + 0.181818*{150158} + 0.181818*{ 55 57} + 0.181818*{155156} + 0.181818*{ 54 55} + 0.0548202*{ 58} + 0.181818*{152153} + 0.181818*{ 51 53} + 0.181818*{151152} + 0.181818*{154156} + 0.181818*{155158} + 0.181818*{ 51 57} + 0.181818*{151158} + 0.181818*{ 52 53} = 0 

1*{ 66 76} + 1*{ 64 74} + 1*{164174} + 1*{ 69 79} + 1*{ 62 72} + 1*{ 63 73} + 1*{166176} + 1*{ 65 75} + 1*{ 61 71} + 1*{ 67 77} + 1*{168178} + 1*{ 60 70} + 1*{162172} + 1*{160170} + 1*{161171} + 0.0909091*{} + 1*{165175} + 1*{167177} + 1*{ 68 78} + 1*{169179} + 1*{163173} = 0 

1*{ 65175} + 1*{ 66176} + -1*{ 78168} + -1*{ 70160} + -1*{ 71161} + -1*{ 73163} + 1*{ 69179} + -1*{ 72162} + -1*{ 74164} + -1*{ 77167} + 1*{ 68178} + 1*{ 63173} + 1*{ 62172} + 1*{ 64174} + -1*{ 76166} + 1*{ 67177} + -1*{ 75165} + 1*{ 60170} + -1*{ 79169} + 1*{ 61171} = 0 

-0.0909091*{} + 1*{225225} + 1*{224224} = 0 

1*{ 60 80} + 1*{ 66 86} + 1*{ 63 83} + 1*{163183} + 1*{ 65 85} + 1*{169189} + 1*{ 64 84} + 1*{165185} + 1*{168188} + 1*{161181} + 1*{162182} + -1*{224} + 1*{166186} + 1*{ 62 82} + 1*{164184} + 1*{160180} + 1*{167187} + 1*{ 69 89} + 1*{ 68 88} + 1*{ 61 81} + 1*{ 67 87} + 0.0909091*{} = 0 

1*{ 68188} + -1*{ 88168} + 1*{ 60180} + -1*{ 82162} + -1*{ 86166} + -1*{ 83163} + -1*{ 80160} + 1*{ 69189} + 1*{ 67187} + -1*{225} + -1*{ 84164} + -1*{ 81161} + 1*{ 61181} + -1*{ 89169} + -1*{ 85165} + 1*{ 63183} + 1*{ 64184} + 1*{ 62182} + 1*{ 65185} + 1*{ 66186} + -1*{ 87167} = 0 

-0.0909091*{} + 1*{227227} + 1*{226226} = 0 

1*{ 62 92} + 1*{164194} + 1*{ 69 99} + 1*{160190} + 1*{ 68 98} + -1*{226} + 1*{166196} + 1*{ 61 91} + 1*{169199} + 1*{163193} + 1*{ 66 96} + 1*{ 64 94} + 1*{162192} + 1*{167197} + 0.0909091*{} + 1*{168198} + 1*{ 60 90} + 1*{ 65 95} + 1*{ 63 93} + 1*{ 67 97} + 1*{161191} + 1*{165195} = 0 

-1*{ 95165} + -1*{ 92162} + -1*{ 97167} + 1*{ 69199} + 1*{ 64194} + 1*{ 67197} + -1*{ 90160} + -1*{ 94164} + 1*{ 60190} + -1*{ 98168} + 1*{ 61191} + 1*{ 68198} + -1*{ 99169} + 1*{ 62192} + -1*{ 93163} + -1*{227} + 1*{ 65195} + 1*{ 63193} + -1*{ 96166} + 1*{ 66196} + -1*{ 91161} = 0 

-0.0909091*{} + 1*{160160} + 1*{ 60 60} = 0 

-0.0909091*{} + 1*{161161} + 1*{ 61 61} = 0 

-0.0909091*{} + 1*{162162} + 1*{ 62 62} = 0 

-0.0909091*{} + 1*{163163} + 1*{ 63 63} = 0 

-0.0909091*{} + 1*{164164} + 1*{ 64 64} = 0 

-0.0909091*{} + 1*{165165} + 1*{ 65 65} = 0 

-0.0909091*{} + 1*{166166} + 1*{ 66 66} = 0 

-0.0909091*{} + 1*{167167} + 1*{ 67 67} = 0 

-0.0909091*{} + 1*{168168} + 1*{ 68 68} = 0 

-0.0909091*{} + 1*{169169} + 1*{ 69 69} = 0 

0.181818*{162169} + 0.0548202*{ 66} + 0.181818*{165166} + 0.181818*{162163} + 0.181818*{162166} + 0.0548202*{ 68} + 0.181818*{ 62 63} + 0.181818*{164166} + 0.181818*{ 66 67} + 0.181818*{160164} + 0.181818*{ 65 66} + 0.181818*{ 62 69} + 0.181818*{165169} + 0.181818*{ 60 65} + 0.181818*{ 67 68} + 0.181818*{ 60 61} + 0.181818*{166169} + 0.181818*{162164} + 0.181818*{167169} + 0.181818*{168169} + 0.181818*{ 64 65} + 0.181818*{163165} + 0.0548202*{ 64} + 0.181818*{161168} + 0.0548202*{ 69} + 0.181818*{161166} + 0.181818*{ 60 68} + 0.181818*{163167} + 0.181818*{162168} + 0.181818*{ 62 65} + 0.181818*{ 60 63} + 0.0548202*{ 63} + 0.181818*{161165} + 0.0548202*{ 60} + 0.181818*{ 63 67} + 0.181818*{ 63 68} + 0.181818*{163164} + 0.181818*{ 66 69} + 0.181818*{165167} + 0.181818*{ 61 67} + 0.181818*{ 64 67} + 0.181818*{161164} + 0.181818*{ 62 66} + 0.181818*{160161} + 0.181818*{160165} + 0.181818*{ 65 67} + 0.181818*{ 67 69} + 0.181818*{ 64 68} + 0.181818*{161167} + 0.181818*{ 65 69} + 0.181818*{161163} + 0.181818*{ 62 68} + 0.181818*{164168} + 0.181818*{163169} + 0.181818*{161169} + 0.181818*{164169} + 0.181818*{ 61 68} + 0.181818*{ 60 62} + 0.181818*{ 64 66} + 0.181818*{160168} + 0.181818*{ 62 67} + 0.181818*{160169} + 0.181818*{166168} + 0.181818*{ 63 65} + 0.181818*{161162} + 0.181818*{165168} + 0.181818*{163168} + 0.181818*{ 61 69} + 0.181818*{ 68 69} + 0.181818*{ 64 69} + 0.181818*{ 62 64} + 0.181818*{ 60 67} + 0.181818*{167168} + 0.181818*{ 61 65} + 0.181818*{163166} + 0.181818*{ 61 62} + 0.181818*{ 60 64} + 0.181818*{164167} + 0.181818*{162167} + 0.0548202*{ 67} + 0.0548202*{ 65} + 0.181818*{164165} + 0.181818*{160166} + 0.181818*{ 60 69} + 0.181818*{ 65 68} + 0.181818*{ 61 63} + 0.181818*{160163} + 0.181818*{ 63 64} + 0.181818*{162165} + 0.181818*{160162} + 0.0548202*{ 61} + 0.181818*{166167} + 0.181818*{ 63 69} + 0.181818*{ 61 66} + 0.181818*{ 60 66} + 0.181818*{160167} + 0.181818*{ 61 64} + 0.181818*{ 66 68} + 0.181818*{ 63 66} + 0.0548202*{ 62} = 0 

1*{229229} + -0.0909091*{} + 1*{228228} = 0 

1*{172182} + 1*{ 72 82} + 1*{ 71 81} + 1*{177187} + 1*{176186} + 1*{ 78 88} + 1*{179189} + 1*{ 70 80} + 1*{173183} + 1*{178188} + 0.0909091*{} + -1*{228} + 1*{174184} + 1*{170180} + 1*{ 75 85} + 1*{ 73 83} + 1*{171181} + 1*{ 74 84} + 1*{ 77 87} + 1*{175185} + 1*{ 79 89} + 1*{ 76 86} = 0 

-1*{ 84174} + -1*{ 86176} + 1*{ 71181} + 1*{ 77187} + 1*{ 70180} + -1*{ 88178} + 1*{ 72182} + 1*{ 74184} + 1*{ 78188} + -1*{ 81171} + -1*{ 87177} + -1*{ 83173} + -1*{ 82172} + 1*{ 79189} + 1*{ 73183} + -1*{ 80170} + 1*{ 76186} + -1*{ 89179} + 1*{ 75185} + -1*{229} + -1*{ 85175} = 0 

-0.0909091*{} + 1*{230230} + 1*{231231} = 0 

1*{179199} + 1*{ 72 92} + 1*{ 71 91} + 1*{174194} + 1*{ 76 96} + 1*{ 73 93} + 1*{177197} + 1*{ 79 99} + 1*{172192} + 1*{ 70 90} + 1*{178198} + 1*{ 74 94} + 1*{171191} + -1*{230} + 1*{175195} + 1*{ 77 97} + 1*{ 75 95} + 0.0909091*{} + 1*{176196} + 1*{170190} + 1*{173193} + 1*{ 78 98} = 0 

-1*{ 98178} + 1*{ 73193} + -1*{ 94174} + 1*{ 70190} + 1*{ 77197} + 1*{ 74194} + -1*{ 91171} + -1*{ 90170} + -1*{ 92172} + -1*{231} + -1*{ 95175} + -1*{ 96176} + -1*{ 93173} + -1*{ 97177} + 1*{ 72192} + 1*{ 79199} + 1*{ 78198} + -1*{ 99179} + 1*{ 76196} + 1*{ 71191} + 1*{ 75195} = 0 

-0.0909091*{} + 1*{170170} + 1*{ 70 70} = 0 

-0.0909091*{} + 1*{171171} + 1*{ 71 71} = 0 

-0.0909091*{} + 1*{172172} + 1*{ 72 72} = 0 

1*{173173} + -0.0909091*{} + 1*{ 73 73} = 0 

-0.0909091*{} + 1*{174174} + 1*{ 74 74} = 0 

-0.0909091*{} + 1*{175175} + 1*{ 75 75} = 0 

-0.0909091*{} + 1*{176176} + 1*{ 76 76} = 0 

-0.0909091*{} + 1*{177177} + 1*{ 77 77} = 0 

-0.0909091*{} + 1*{178178} + 1*{ 78 78} = 0 

-0.0909091*{} + 1*{179179} + 1*{ 79 79} = 0 

0.181818*{ 70 76} + 0.181818*{172175} + 0.181818*{177178} + 0.0548202*{ 72} + 0.181818*{ 70 78} + 0.181818*{170173} + 0.181818*{177179} + 0.181818*{ 73 78} + 0.181818*{176178} + 0.181818*{ 74 75} + 0.181818*{ 70 77} + 0.181818*{170171} + 0.181818*{176177} + 0.181818*{ 75 79} + 0.181818*{170176} + 0.181818*{175177} + 0.181818*{ 72 73} + 0.181818*{174178} + 0.181818*{173174} + 0.181818*{173177} + 0.181818*{ 71 77} + 0.181818*{ 74 78} + 0.181818*{ 73 77} + 0.181818*{174177} + 0.181818*{ 70 71} + 0.181818*{ 76 79} + 0.181818*{171177} + 0.181818*{170177} + 0.181818*{ 72 74} + 0.181818*{176179} + 0.181818*{172173} + 0.181818*{175179} + 0.181818*{173179} + 0.181818*{ 70 73} + 0.181818*{ 71 76} + 0.181818*{174175} + 0.0548202*{ 74} + 0.181818*{ 75 78} + 0.0548202*{ 79} + 0.181818*{175178} + 0.181818*{173178} + 0.181818*{171178} + 0.0548202*{ 76} + 0.181818*{ 73 75} + 0.181818*{ 74 77} + 0.181818*{ 73 74} + 0.181818*{ 70 74} + 0.181818*{171175} + 0.181818*{ 76 77} + 0.181818*{ 72 75} + 0.181818*{ 71 72} + 0.181818*{ 70 72} + 0.181818*{ 76 78} + 0.181818*{172176} + 0.181818*{173175} + 0.181818*{ 73 79} + 0.181818*{171179} + 0.181818*{ 70 79} + 0.0548202*{ 71} + 0.181818*{170175} + 0.181818*{174179} + 0.181818*{ 72 76} + 0.181818*{171176} + 0.181818*{ 77 78} + 0.181818*{178179} + 0.181818*{170172} + 0.181818*{ 72 79} + 0.181818*{172179} + 0.181818*{171174} + 0.181818*{ 71 75} + 0.181818*{ 72 78} + 0.181818*{172178} + 0.181818*{175176} + 0.181818*{ 71 74} + 0.181818*{ 73 76} + 0.181818*{174176} + 0.0548202*{ 75} + 0.181818*{173176} + 0.181818*{ 71 78} + 0.181818*{171172} + 0.181818*{ 74 76} + 0.181818*{ 71 73} + 0.181818*{ 71 79} + 0.0548202*{ 78} + 0.181818*{ 74 79} + 0.181818*{170174} + 0.181818*{170179} + 0.181818*{ 75 76} + 0.181818*{ 78 79} + 0.0548202*{ 73} + 0.181818*{172177} + 0.181818*{ 77 79} + 0.0548202*{ 70} + 0.181818*{172174} + 0.181818*{ 75 77} + 0.181818*{ 72 77} + 0.181818*{171173} + 0.0548202*{ 77} + 0.181818*{ 70 75} + 0.181818*{170178} = 0 

-0.0909091*{} + 1*{233233} + 1*{232232} = 0 

-1*{232} + 0.0909091*{} + 1*{183193} + 1*{189199} + 1*{ 86 96} + 1*{180190} + 1*{ 81 91} + 1*{ 85 95} + 1*{ 80 90} + 1*{184194} + 1*{ 87 97} + 1*{181191} + 1*{187197} + 1*{ 89 99} + 1*{188198} + 1*{ 83 93} + 1*{185195} + 1*{ 84 94} + 1*{ 82 92} + 1*{ 88 98} + 1*{186196} + 1*{182192} = 0 

1*{ 89199} + 1*{ 84194} + -1*{ 91181} + -1*{233} + 1*{ 81191} + 1*{ 83193} + -1*{ 94184} + -1*{ 95185} + -1*{ 97187} + -1*{ 90180} + 1*{ 80190} + 1*{ 86196} + 1*{ 85195} + -1*{ 96186} + -1*{ 92182} + -1*{ 93183} + -1*{ 98188} + 1*{ 82192} + 1*{ 88198} + -1*{ 99189} + 1*{ 87197} = 0 

-0.0909091*{} + 1*{180180} + 1*{ 80 80} = 0 

-0.0909091*{} + 1*{181181} + 1*{ 81 81} = 0 

-0.0909091*{} + 1*{182182} + 1*{ 82 82} = 0 

-0.0909091*{} + 1*{183183} + 1*{ 83 83} = 0 

-0.0909091*{} + 1*{184184} + 1*{ 84 84} = 0 

-0.0909091*{} + 1*{185185} + 1*{ 85 85} = 0 

1*{186186} + -0.0909091*{} + 1*{ 86 86} = 0 

-0.0909091*{} + 1*{187187} + 1*{ 87 87} = 0 

-0.0909091*{} + 1*{188188} + 1*{ 88 88} = 0 

1*{ 89 89} + -0.0909091*{} + 1*{189189} = 0 

0.181818*{ 80 84} + 0.181818*{186187} + 0.0548202*{ 85} + 0.181818*{181184} + 0.181818*{180181} + 0.181818*{ 81 85} + 0.181818*{180184} + 0.181818*{ 83 89} + 0.181818*{180182} + 0.181818*{ 82 83} + 0.181818*{ 81 88} + 0.181818*{ 83 87} + 0.181818*{ 86 88} + 0.0548202*{ 87} + 0.181818*{ 84 86} + 0.181818*{183189} + 0.181818*{ 82 89} + 0.181818*{ 84 85} + 0.181818*{185186} + 0.181818*{ 86 87} + 0.181818*{ 80 89} + 0.181818*{180183} + 0.181818*{184188} + 0.181818*{183184} + 0.181818*{ 87 88} + 0.181818*{182188} + 0.181818*{188189} + 0.181818*{ 85 86} + 0.181818*{181185} + 0.181818*{180186} + 0.0548202*{ 89} + 0.181818*{183188} + 0.181818*{ 86 89} + 0.181818*{183187} + 0.181818*{181183} + 0.181818*{180189} + 0.181818*{186188} + 0.181818*{186189} + 0.181818*{ 85 87} + 0.181818*{ 80 86} + 0.181818*{181188} + 0.181818*{ 83 86} + 0.181818*{ 81 86} + 0.181818*{181186} + 0.181818*{182189} + 0.181818*{ 83 85} + 0.181818*{ 80 87} + 0.181818*{183186} + 0.0548202*{ 86} + 0.181818*{ 80 82} + 0.181818*{ 80 88} + 0.181818*{ 82 85} + 0.181818*{ 83 84} + 0.0548202*{ 88} + 0.181818*{184186} + 0.181818*{ 80 83} + 0.181818*{ 84 89} + 0.181818*{184187} + 0.181818*{183185} + 0.181818*{181187} + 0.181818*{ 82 86} + 0.181818*{182185} + 0.181818*{ 81 89} + 0.181818*{ 82 84} + 0.181818*{ 81 84} + 0.0548202*{ 83} + 0.181818*{185187} + 0.181818*{187188} + 0.181818*{185189} + 0.181818*{ 85 89} + 0.0548202*{ 80} + 0.181818*{180188} + 0.0548202*{ 81} + 0.181818*{181189} + 0.181818*{ 82 87} + 0.0548202*{ 84} + 0.181818*{ 87 89} + 0.181818*{ 81 83} + 0.181818*{ 80 85} + 0.181818*{ 84 88} + 0.181818*{182186} + 0.0548202*{ 82} + 0.181818*{182187} + 0.181818*{ 85 88} + 0.181818*{185188} + 0.181818*{ 81 82} + 0.181818*{184189} + 0.181818*{ 82 88} + 0.181818*{ 88 89} + 0.181818*{ 81 87} + 0.181818*{182184} + 0.181818*{ 80 81} + 0.181818*{180187} + 0.181818*{187189} + 0.181818*{184185} + 0.181818*{ 84 87} + 0.181818*{180185} + 0.181818*{182183} + 0.181818*{181182} + 0.181818*{ 83 88} = 0 

-0.0909091*{} + 1*{190190} + 1*{ 90 90} = 0 

-0.0909091*{} + 1*{191191} + 1*{ 91 91} = 0 

-0.0909091*{} + 1*{192192} + 1*{ 92 92} = 0 

1*{193193} + -0.0909091*{} + 1*{ 93 93} = 0 

-0.0909091*{} + 1*{194194} + 1*{ 94 94} = 0 

-0.0909091*{} + 1*{195195} + 1*{ 95 95} = 0 

-0.0909091*{} + 1*{196196} + 1*{ 96 96} = 0 

-0.0909091*{} + 1*{197197} + 1*{ 97 97} = 0 

-0.0909091*{} + 1*{198198} + 1*{ 98 98} = 0 

-0.0909091*{} + 1*{199199} + 1*{ 99 99} = 0 

0.181818*{191198} + 0.0548202*{ 92} + 0.181818*{ 92 95} + 0.181818*{ 94 95} + 0.181818*{194196} + 0.0548202*{ 97} + 0.181818*{191192} + 0.181818*{ 91 95} + 0.181818*{ 95 99} + 0.181818*{ 91 93} + 0.181818*{192194} + 0.0548202*{ 96} + 0.181818*{ 90 92} + 0.181818*{ 92 99} + 0.181818*{ 91 99} + 0.181818*{194199} + 0.181818*{ 90 95} + 0.181818*{195197} + 0.181818*{ 92 98} + 0.181818*{192193} + 0.181818*{193199} + 0.181818*{191194} + 0.181818*{193194} + 0.181818*{ 94 98} + 0.181818*{ 97 98} + 0.181818*{ 91 92} + 0.181818*{ 95 98} + 0.181818*{196197} + 0.181818*{197198} + 0.181818*{ 92 96} + 0.181818*{192196} + 0.181818*{ 92 97} + 0.181818*{ 90 93} + 0.181818*{193195} + 0.181818*{ 91 98} + 0.181818*{ 90 91} + 0.181818*{193198} + 0.181818*{ 90 94} + 0.181818*{192198} + 0.181818*{190195} + 0.181818*{191197} + 0.181818*{ 90 97} + 0.181818*{ 91 96} + 0.181818*{190192} + 0.181818*{191199} + 0.181818*{190194} + 0.181818*{191196} + 0.181818*{ 93 94} + 0.181818*{190193} + 0.181818*{ 96 99} + 0.181818*{ 90 98} + 0.181818*{190198} + 0.181818*{ 97 99} + 0.181818*{196199} + 0.181818*{ 95 96} + 0.181818*{192199} + 0.181818*{190191} + 0.181818*{195199} + 0.181818*{ 92 94} + 0.181818*{192197} + 0.181818*{ 98 99} + 0.181818*{193197} + 0.0548202*{ 98} + 0.181818*{190197} + 0.0548202*{ 95} + 0.181818*{192195} + 0.181818*{191195} + 0.181818*{194198} + 0.181818*{ 93 97} + 0.181818*{ 90 96} + 0.181818*{ 91 94} + 0.181818*{197199} + 0.181818*{193196} + 0.181818*{194195} + 0.181818*{190199} + 0.181818*{ 93 95} + 0.181818*{ 94 97} + 0.181818*{ 91 97} + 0.181818*{191193} + 0.181818*{ 96 97} + 0.0548202*{ 91} + 0.181818*{198199} + 0.181818*{ 96 98} + 0.181818*{ 93 99} + 0.181818*{ 93 96} + 0.181818*{ 92 93} + 0.181818*{ 93 98} + 0.0548202*{ 94} + 0.0548202*{ 93} + 0.181818*{195198} + 0.181818*{ 95 97} + 0.0548202*{ 90} + 0.181818*{196198} + 0.181818*{195196} + 0.181818*{194197} + 0.181818*{190196} + 0.181818*{ 94 99} + 0.0548202*{ 99} + 0.181818*{ 94 96} + 0.181818*{ 90 99} = 0 

16*{  7} + 128*{  0} + 1*{  9} + 4*{  8} + -16384*{112} + 64*{109} + 512*{  3} + -32*{116} + -32768*{ 15} + 524288*{105} + -1*{ 19} + 262144*{104} + -65536*{113} + -2*{118} + -524288*{115} + -2048*{111} + 1024*{  1} + -8192*{ 12} + 8192*{  2} + -64*{119} + -1024*{ 11} + 256*{100} + 2048*{101} + -128*{ 10} + 16384*{102} + -4096*{ 14} + 65536*{103} + 131072*{  6} + 32768*{  5} + -262144*{114} + 4096*{  4} + 2*{108} + 8*{107} + 32*{106} + -256*{110} + -8*{117} + -131072*{ 16} + -512*{ 13} + -16*{ 17} + -4*{ 18} > 0 

-1024*{ 21} + -512*{ 23} + 2048*{111} + -256*{120} + -64*{129} + 512*{ 13} + -65536*{123} + -1*{ 29} + 262144*{114} + -128*{ 20} + 256*{110} + -2*{128} + 4096*{ 14} + -2048*{121} + -8192*{ 22} + 16*{ 17} + -8*{127} + 65536*{113} + -262144*{124} + 128*{ 10} + 1*{ 19} + 8192*{ 12} + 32*{116} + 32768*{ 15} + -16*{ 27} + -16384*{122} + 16384*{112} + 4*{ 18} + 524288*{115} + 2*{118} + 64*{119} + 1024*{ 11} + -524288*{125} + -32768*{ 25} + -131072*{ 26} + -32*{126} + 131072*{ 16} + -4*{ 28} + -4096*{ 24} + 8*{117} > 0 

1*{ 29} + 32*{126} + -32768*{ 35} + 128*{ 20} + 524288*{125} + -64*{139} + 8*{127} + 8192*{ 22} + -8*{137} + 256*{120} + 16*{ 27} + 16384*{122} + 1024*{ 21} + -2*{138} + -32*{136} + -16*{ 37} + -512*{ 33} + 512*{ 23} + -1024*{ 31} + -65536*{133} + 64*{129} + 2048*{121} + -8192*{ 32} + 2*{128} + -256*{130} + -131072*{ 36} + -1*{ 39} + -4096*{ 34} + 131072*{ 26} + -2048*{131} + 65536*{123} + 262144*{124} + -262144*{134} + 32768*{ 25} + -16384*{132} + -4*{ 38} + -524288*{135} + 4*{ 28} + 4096*{ 24} + -128*{ 30} > 0 

1024*{ 31} + 65536*{133} + -512*{ 43} + 128*{ 30} + -32*{146} + 64*{139} + 16*{ 37} + 32*{136} + 8192*{ 32} + -8*{147} + -1024*{ 41} + -256*{140} + -4*{ 48} + -4096*{ 44} + 512*{ 33} + 2048*{131} + -131072*{ 46} + -8192*{ 42} + -32768*{ 45} + 262144*{134} + -262144*{144} + 8*{137} + -16384*{142} + 4*{ 38} + 16384*{132} + -2*{148} + 524288*{135} + -16*{ 47} + -524288*{145} + 256*{130} + 131072*{ 36} + 4096*{ 34} + 1*{ 39} + -64*{149} + -2048*{141} + -1*{ 49} + -65536*{143} + -128*{ 40} + 32768*{ 35} + 2*{138} > 0 

-8*{157} + 262144*{144} + -4*{ 58} + -524288*{155} + -32*{156} + -128*{ 50} + 65536*{143} + -16384*{152} + -512*{ 53} + -1024*{ 51} + 16384*{142} + 2*{148} + -65536*{153} + -32768*{ 55} + 32*{146} + -256*{150} + -2048*{151} + -4096*{ 54} + 256*{140} + 4*{ 48} + 4096*{ 44} + 1024*{ 41} + -131072*{ 56} + 8*{147} + -64*{159} + -16*{ 57} + -262144*{154} + 512*{ 43} + 8192*{ 42} + 131072*{ 46} + 32768*{ 45} + -1*{ 59} + 16*{ 47} + 524288*{145} + -2*{158} + 128*{ 40} + 1*{ 49} + 64*{149} + 2048*{141} + -8192*{ 52} > 0 

32768*{ 55} + 128*{ 50} + 1*{ 59} + 32*{156} + -524288*{165} + 4*{ 58} + 524288*{155} + -16*{ 67} + 131072*{ 56} + 512*{ 53} + 1024*{ 51} + -32768*{ 65} + -65536*{163} + -2048*{161} + -256*{160} + -131072*{ 66} + 65536*{153} + 2*{158} + -4096*{ 64} + -64*{169} + 64*{159} + 2048*{151} + -8192*{ 62} + 256*{150} + -128*{ 60} + 8192*{ 52} + -1*{ 69} + 262144*{154} + -16384*{162} + 16*{ 57} + 4096*{ 54} + -4*{ 68} + 8*{157} + -1024*{ 61} + -32*{166} + -2*{168} + -262144*{164} + -8*{167} + 16384*{152} + -512*{ 63} > 0 

131072*{ 66} + -1*{ 79} + 16*{ 67} + -2*{178} + 64*{169} + -4*{ 78} + 256*{160} + -32768*{ 75} + 1024*{ 61} + 8*{167} + -131072*{ 76} + 4096*{ 64} + -32*{176} + 32*{166} + -524288*{175} + 16384*{162} + -2048*{171} + -128*{ 70} + -256*{170} + 262144*{164} + 2*{168} + -1024*{ 71} + 524288*{165} + 8192*{ 62} + 512*{ 63} + -16*{ 77} + 4*{ 68} + -16384*{172} + -512*{ 73} + -8*{177} + -262144*{174} + -4096*{ 74} + 128*{ 60} + -8192*{ 72} + -64*{179} + 1*{ 69} + 2048*{161} + 32768*{ 65} + 65536*{163} + -65536*{173} > 0 

128*{  0} + -1024*{ 81} + 512*{  3} + -524288*{185} + 524288*{105} + 1024*{  1} + -262144*{184} + 8192*{  2} + 16*{  7} + -64*{189} + -16384*{182} + 32768*{  5} + 16384*{102} + -16*{ 87} + 64*{109} + 8*{107} + 32*{106} + -512*{ 83} + 256*{100} + 2048*{101} + -32*{186} + 2*{108} + 4096*{  4} + -2048*{181} + -131072*{ 86} + -32768*{ 85} + -2*{188} + -4096*{ 84} + -128*{ 80} + -65536*{183} + 262144*{104} + -8192*{ 82} + 1*{  9} + -8*{187} + 4*{  8} + -256*{180} + 65536*{103} + -1*{ 89} + 131072*{  6} + -4*{ 88} > 0 

-256*{190} + -512*{ 93} + 128*{ 80} + 4*{ 88} + 8*{187} + 131072*{ 86} + -16384*{192} + 32768*{ 85} + -262144*{194} + 32*{186} + 524288*{185} + -1024*{ 91} + -32768*{ 95} + -2048*{191} + -32*{196} + 1024*{ 81} + 4096*{ 84} + 2*{188} + -16*{ 97} + -8*{197} + -131072*{ 96} + -128*{ 90} + 65536*{183} + -2*{198} + 16*{ 87} + -524288*{195} + 512*{ 83} + -4096*{ 94} + -4*{ 98} + -1*{ 99} + 2048*{181} + 64*{189} + 16384*{182} + 8192*{ 82} + -64*{199} + 256*{180} + 1*{ 89} + 262144*{184} + -65536*{193} + -8192*{ 92} > 0 

2*{ 80} + 1*{180} + -1024*{ 11} + 32768*{ 30} + 1024*{ 10} + -32*{ 91} + -32768*{ 31} + -8192*{ 21} + 16384*{120} + 131072*{ 40} + 8192*{ 20} + 4096*{ 60} + -128*{  1} + 512*{ 50} + -16384*{121} + -16*{ 71} + 262144*{140} + -256*{101} + 64*{160} + 256*{100} + -512*{ 51} + 32*{ 90} + -524288*{151} + 65536*{130} + -262144*{141} + -2*{ 81} + 2048*{110} + -4096*{ 61} + -131072*{ 41} + 4*{170} + -4*{171} + 16*{ 70} + 128*{  0} + -8*{191} + -65536*{131} + -1*{181} + -64*{161} + -2048*{111} + 8*{190} + 524288*{150} > 0 

-512*{ 52} + -4096*{ 62} + -2*{ 82} + 131072*{ 41} + 4096*{ 61} + -4*{172} + -1*{182} + 1024*{ 11} + -524288*{152} + 512*{ 51} + -16384*{122} + -2048*{112} + 256*{101} + 32768*{ 31} + 64*{161} + 2048*{111} + -65536*{132} + -262144*{142} + 65536*{131} + 1*{181} + -8*{192} + -32*{ 92} + -1024*{ 12} + -64*{162} + -128*{  2} + -8192*{ 22} + 128*{  1} + -32768*{ 32} + 16*{ 71} + 16384*{121} + -16*{ 72} + 4*{171} + 8*{191} + 524288*{151} + 262144*{141} + 2*{ 81} + -256*{102} + 32*{ 91} + 8192*{ 21} + -131072*{ 42} > 0 

1*{182} + 512*{ 52} + -262144*{143} + -1024*{ 13} + -131072*{ 43} + 2*{ 82} + 256*{102} + 16*{ 72} + 4*{172} + -1*{183} + 524288*{152} + -4096*{ 63} + -16384*{123} + -2048*{113} + -2*{ 83} + 8192*{ 22} + 8*{192} + -256*{103} + 131072*{ 42} + -32768*{ 33} + -8192*{ 23} + 4096*{ 62} + -65536*{133} + -16*{ 73} + -524288*{153} + 32*{ 92} + -8*{193} + 65536*{132} + -128*{  3} + 262144*{142} + -32*{ 93} + 32768*{ 32} + -4*{173} + -64*{163} + 16384*{122} + 2048*{112} + -512*{ 53} + 128*{  2} + 1024*{ 12} + 64*{162} > 0 

128*{  3} + -8*{194} + 131072*{ 43} + -2*{ 84} + 1024*{ 13} + -32768*{ 34} + -16*{ 74} + 32*{ 93} + -1*{184} + 8*{193} + -8192*{ 24} + 262144*{143} + -128*{  4} + -2048*{114} + 1*{183} + -256*{104} + 512*{ 53} + -524288*{154} + -1024*{ 14} + 4096*{ 63} + 256*{103} + -4096*{ 64} + 65536*{133} + -65536*{134} + -4*{174} + 16*{ 73} + -16384*{124} + 4*{173} + 64*{163} + 16384*{123} + -131072*{ 44} + -64*{164} + 8192*{ 23} + 32768*{ 33} + -262144*{144} + -512*{ 54} + 524288*{153} + 2*{ 83} + 2048*{113} + -32*{ 94} > 0 

1*{184} + -1*{185} + 2*{ 84} + -2048*{115} + -4096*{ 65} + 4*{174} + -262144*{145} + -524288*{155} + 64*{164} + -16384*{125} + 4096*{ 64} + -8192*{ 25} + 256*{104} + -32*{ 95} + 8192*{ 24} + -2*{ 85} + 16384*{124} + -512*{ 55} + -32768*{ 35} + -128*{  5} + -64*{165} + 131072*{ 44} + 32768*{ 34} + 262144*{144} + 512*{ 54} + -1024*{ 15} + -256*{105} + 8*{194} + 16*{ 74} + -8*{195} + 32*{ 94} + -4*{175} + -65536*{135} + 1024*{ 14} + 524288*{154} + -131072*{ 45} + -16*{ 75} + 65536*{134} + 128*{  4} + 2048*{114} > 0 

-1*{186} + -16384*{126} + -2*{ 86} + 16*{ 75} + 128*{  5} + 64*{165} + 4096*{ 65} + 8*{195} + -262144*{146} + 16384*{125} + -65536*{136} + 1*{185} + 2048*{115} + 131072*{ 45} + 256*{105} + -131072*{ 46} + -8*{196} + -524288*{156} + 2*{ 85} + 512*{ 55} + 32768*{ 35} + -512*{ 56} + -64*{166} + -4*{176} + -4096*{ 66} + 32*{ 95} + -1024*{ 16} + 262144*{145} + -256*{106} + -32768*{ 36} + -8192*{ 26} + -16*{ 76} + -128*{  6} + 1024*{ 15} + -32*{ 96} + -2048*{116} + 4*{175} + 65536*{135} + 8192*{ 25} + 524288*{155} > 0 

512*{ 56} + -32*{ 97} + -8192*{ 27} + 1*{186} + 256*{106} + -256*{107} + 4096*{ 66} + 524288*{156} + -128*{  7} + 65536*{136} + 262144*{146} + -512*{ 57} + -524288*{157} + -16384*{127} + 32*{ 96} + 2048*{116} + -4096*{ 67} + 2*{ 86} + 131072*{ 46} + 8192*{ 26} + 32768*{ 36} + -32768*{ 37} + 128*{  6} + 16*{ 76} + 64*{166} + 4*{176} + -64*{167} + -1024*{ 17} + -8*{197} + 1024*{ 16} + -2048*{117} + 8*{196} + -65536*{137} + -1*{187} + 16384*{126} + -262144*{147} + -2*{ 87} + -16*{ 77} + -131072*{ 47} + -4*{177} > 0 

256*{107} + 1*{187} + -2048*{118} + -1024*{ 18} + 8192*{ 27} + -256*{108} + -131072*{ 48} + -1*{188} + 128*{  7} + -8*{198} + -64*{168} + 2*{ 87} + 4096*{ 67} + -128*{  8} + -524288*{158} + 8*{197} + -32768*{ 38} + -262144*{148} + 1024*{ 17} + 16*{ 77} + 512*{ 57} + 32768*{ 37} + -4096*{ 68} + 262144*{147} + 32*{ 97} + -16384*{128} + -512*{ 58} + -2*{ 88} + -8192*{ 28} + 2048*{117} + 65536*{137} + 4*{177} + 131072*{ 47} + -65536*{138} + -16*{ 78} + -4*{178} + 16384*{127} + 524288*{157} + -32*{ 98} + 64*{167} > 0 

-16384*{129} + 8192*{ 28} + 16384*{128} + -16*{ 79} + 2*{ 88} + 512*{ 58} + 8*{198} + -128*{  9} + -32*{ 99} + 64*{168} + 131072*{ 48} + 128*{  8} + 524288*{158} + -256*{109} + -8*{199} + 4096*{ 68} + -4*{179} + -4096*{ 69} + 65536*{138} + 16*{ 78} + -2048*{119} + 1*{188} + -1024*{ 19} + -131072*{ 49} + -512*{ 59} + 32768*{ 38} + 262144*{148} + -262144*{149} + -8192*{ 29} + -2*{ 89} + 1024*{ 18} + -65536*{139} + 2048*{118} + -64*{169} + -1*{189} + -524288*{159} + 256*{108} + 4*{178} + 32*{ 98} + -32768*{ 39} > 0 

1*{195} > 0 

{11, 9, 1, 1, 1, 1, 1, 1, 1, 1, 1, 1, 1} vars: 234, vectors: 22
1 4.597643e+00 4.597643e+00 -2.108887e-01 6.284315e-15
2 1.042701e+02 4.597643e+00 -1.489012e-01 4.204618e-14
3 1.594394e+03 4.597643e+00 -1.125237e-01 3.877418e-13
4 4.321446e+05 4.597643e+00 -8.686735e-02 6.047752e-11
5 1.837629e+05 4.597643e+00 -6.728712e-02 3.003198e-11
6 6.636132e+04 4.597643e+00 -5.209989e-02 1.484928e-11
7 2.393015e+04 4.597643e+00 -4.031518e-02 7.477259e-12
8 8.625662e+03 4.597643e+00 -3.123802e-02 1.846409e-12
9 6.754264e+03 4.597643e+00 -2.405272e-02 3.502182e-13
10 2.429530e+03 4.597643e+00 -1.845057e-02 4.582756e-13
11 9.041358e+02 4.597643e+00 -1.415738e-02 2.230454e-13
12 3.268718e+02 4.597643e+00 -1.097195e-02 6.298034e-14
13 1.436409e+04 4.597643e+00 -8.382698e-03 1.821203e-12
14 6.816020e+03 4.597643e+00 -6.467063e-03 1.819428e-12
15 2.478583e+03 4.597643e+00 -4.978679e-03 4.551730e-13
16 9.174863e+02 4.597643e+00 -3.838751e-03 2.274614e-13
17 3.338458e+02 4.597643e+00 -2.951787e-03 5.690741e-14
18 1.247094e+02 4.597643e+00 -2.265632e-03 9.519797e-16
19 4.529492e+01 4.597643e+00 -1.698823e-03 3.104703e-16
20 2.435998e+02 4.597643e+00 -1.300610e-03 5.684635e-14
21 8.780728e+01 4.597643e+00 -9.953621e-04 1.421188e-14
22 1.557514e+02 4.597643e+00 -7.565899e-04 2.842586e-14
23 5.269935e+02 4.597643e+00 -5.807838e-04 1.681512e-15
24 3.486314e+02 4.597643e+00 -5.464693e-04 8.526592e-13
25 5.473666e+08 4.597643e+00 -4.226084e-04 1.192093e-07
26 3.623881e+11 4.597643e+00 -3.275104e-04 6.103516e-05
27 1.313198e+11 4.597643e+00 -2.537970e-04 1.525879e-05
28 4.737371e+10 4.597643e+00 -1.966532e-04 1.380107e-08
29 1.709026e+10 4.597643e+00 -1.523421e-04 1.907349e-06
30 6.176974e+09 4.597643e+00 -1.180650e-04 9.536743e-07
31 2.229279e+09 4.597643e+00 -9.150025e-05 7.476602e-11
32 8.042127e+08 4.597643e+00 -7.091254e-05 1.192093e-07
33 2.901197e+08 4.597643e+00 -5.495703e-05 3.588117e-11
34 1.046606e+08 4.597643e+00 -4.259147e-05 7.771124e-12
35 3.775627e+07 4.597643e+00 -3.300792e-05 7.450581e-09
36 1.362739e+07 4.597643e+00 -2.558229e-05 1.862645e-09
37 5.010345e+06 4.597643e+00 -1.982540e-05 7.175431e-14
38 1.807675e+06 4.597643e+00 -1.536351e-05 4.656613e-10
39 6.521039e+05 4.597643e+00 -1.190492e-05 8.394294e-15
40 2.362546e+05 4.597643e+00 -9.224994e-06 2.910383e-11
41 8.522435e+04 4.597643e+00 -7.148203e-06 1.455192e-11
42 3.076221e+04 4.597643e+00 -5.538398e-06 7.275958e-12
43 1.122668e+04 4.597643e+00 -4.285226e-06 1.818989e-12
44 5.779801e+03 4.597643e+00 -3.302404e-06 4.374470e-17
45 2.982414e+03 4.597643e+00 -2.564119e-06 4.547474e-13
46 2.222991e+03 4.597643e+00 -1.974362e-06 4.547474e-13
47 8.027422e+02 4.597643e+00 -1.515750e-06 1.136868e-13
48 2.901729e+02 4.597643e+00 -1.160215e-06 1.136868e-13
49 1.047705e+02 4.597643e+00 -8.993655e-07 2.842171e-14
50 2.125566e+03 4.597643e+00 -6.727313e-07 1.178934e-18
51 5.901732e+03 4.597643e+00 -5.206314e-07 9.094947e-13
52 2.137708e+03 4.597643e+00 -4.032834e-07 1.790359e-18
53 7.928759e+02 4.597643e+00 -3.118867e-07 2.273737e-13
54 5.155290e+02 4.597643e+00 -2.427636e-07 1.136868e-13
55 1.076757e+04 4.597643e+00 -1.839839e-07 1.818989e-12
56 1.675719e+05 4.597643e+00 -1.425232e-07 2.910383e-11
57 6.244181e+04 4.597643e+00 -1.105733e-07 7.275958e-12
58 1.143066e+06 4.597643e+00 -8.550550e-08 1.504132e-17
59 4.123811e+05 4.597643e+00 -6.600732e-08 1.164153e-10
60 1.874083e+05 4.597643e+00 -5.198246e-08 4.352707e-18
61 5.043470e+07 4.597643e+00 -4.019268e-08 7.450581e-09
62 1.122509e+08 4.597643e+00 -3.112290e-08 4.341979e-15
63 1.702371e+09 4.597643e+00 -2.412023e-08 2.384186e-07
64 6.142103e+08 4.597643e+00 -1.869318e-08 1.192093e-07
65 2.215866e+08 4.597643e+00 -1.448722e-08 1.718416e-15
66 8.001118e+07 4.597643e+00 -1.122757e-08 1.490116e-08
67 2.893705e+07 4.597643e+00 -8.701285e-09 3.725290e-09
68 1.043926e+07 4.597643e+00 -6.743387e-09 7.348153e-17
69 3.765947e+06 4.597643e+00 -5.225985e-09 2.231345e-17
70 1.358548e+06 4.597643e+00 -4.049915e-09 2.328306e-10
71 4.902214e+05 4.597643e+00 -3.138618e-09 3.074077e-18
72 1.768922e+05 4.597643e+00 -2.432185e-09 2.910383e-11
73 6.381936e+04 4.597643e+00 -1.884588e-09 7.275958e-12
74 2.302967e+04 4.597643e+00 -1.460030e-09 7.275958e-12
75 6.253060e+05 4.597643e+00 -1.117683e-09 1.813024e-19
76 3.822461e+06 4.597643e+00 -8.660857e-10 1.312538e-18
77 1.379077e+06 4.597643e+00 -6.711598e-10 6.334273e-19
78 4.975826e+05 4.597643e+00 -5.201309e-10 5.820766e-11
79 1.796041e+05 4.597643e+00 -4.030226e-10 2.910383e-11
80 6.478699e+04 4.597643e+00 -3.122353e-10 7.275958e-12
81 2.340051e+04 4.597643e+00 -2.420671e-10 7.758941e-21
82 8.459879e+03 4.597643e+00 -1.873333e-10 4.168205e-21
83 3.062012e+03 4.597643e+00 -1.452318e-10 1.091280e-21
84 1.106225e+03 4.597643e+00 -1.120374e-10 2.273737e-13
85 4.004079e+02 4.597643e+00 -8.659079e-11 9.637756e-23
86 1.458922e+02 4.597643e+00 -6.666963e-11 4.370625e-23
87 5.250122e+01 4.597643e+00 -5.117661e-11 1.942456e-23
88 1.884472e+01 4.597643e+00 -3.910630e-11 3.552714e-15
89 6.770292e+00 4.597643e+00 -2.930590e-11 8.881784e-16
90 4.448137e+00 4.448137e+00 -2.041744e-11 1.663407e-24
91 1.579199e+01 4.448137e+00 -1.472028e-11 1.020387e-24
92 1.334408e+01 4.448137e+00 -1.107801e-11 1.834223e-24
93 6.639800e+00 4.448137e+00 -8.159750e-12 4.864944e-25
94 4.547881e+00 4.448137e+00 -5.842341e-12 8.881784e-16
95 1.987310e+00 1.987310e+00 -4.631875e-12 4.440892e-16
96 6.265449e+02 1.987310e+00 -3.709942e-12 2.273737e-13
97 2.164536e+05 1.987310e+00 -2.864289e-12 2.910383e-11
98 9.112965e+04 1.987310e+00 -2.218773e-12 1.301377e-22
99 3.339458e+04 1.987310e+00 -1.714421e-12 7.275958e-12
100 1.225157e+04 1.987310e+00 -1.325586e-12 1.277048e-23
101 4.428019e+03 1.987310e+00 -1.026384e-12 4.010660e-24
102 2.233472e+03 1.987310e+00 -7.919662e-13 4.547474e-13
103 8.151233e+02 1.987310e+00 -6.062003e-13 3.977797e-24
104 3.480322e+02 1.987310e+00 -4.630688e-13 1.136868e-13
105 1.275791e+02 1.987310e+00 -3.492067e-13 1.421085e-14
106 4.586800e+01 1.987310e+00 -2.642330e-13 7.105427e-15
107 7.482943e+02 1.987310e+00 -2.053831e-13 1.136868e-13
108 1.006944e+05 1.987310e+00 -1.590485e-13 2.910383e-11
109 3.643324e+04 1.987310e+00 -1.231150e-13 7.734780e-24
110 1.625948e+04 1.987310e+00 -9.516253e-14 1.791931e-24
111 5.867097e+03 1.987310e+00 -7.341990e-14 1.068541e-24
112 2.245528e+03 1.987310e+00 -5.624617e-14 3.138808e-25
113 9.004873e+02 1.987310e+00 -4.240596e-14 1.136868e-13
114 3.514331e+02 1.987310e+00 -3.128046e-14 5.684342e-14
115 6.430159e+02 1.987310e+00 -2.294774e-14 2.228141e-25
116 2.531853e+02 1.987310e+00 -1.515222e-14 2.842171e-14
117 1.163637e+03 1.987310e+00 -1.116013e-14 2.273737e-13
118 9.587957e+04 1.987310e+00 -8.537158e-15 1.455192e-11
119 5.845915e+05 1.987310e+00 -6.582422e-15 1.164153e-10
120 2.163522e+05 1.987310e+00 -5.046686e-15 9.083061e-25
121 8.036489e+04 1.987310e+00 -3.816769e-15 2.826782e-25
122 3.020016e+04 1.987310e+00 -2.753398e-15 3.637979e-12
123 1.349208e+07 1.987310e+00 -2.128433e-15 1.862645e-09
124 4.881464e+06 1.987310e+00 -1.641797e-15 5.712067e-24
125 4.485935e+06 1.987310e+00 -1.260253e-15 1.862645e-09
126 1.649038e+06 1.987310e+00 -9.557699e-16 1.825592e-25
127 6.121379e+05 1.987310e+00 -6.997117e-16 8.822617e-26
128 6.158387e+05 1.987310e+00 -4.776244e-16 2.328306e-10
129 7.566197e+08 1.987310e+00 -3.693316e-16 1.018216e-23
130 2.730148e+08 1.987310e+00 -2.847913e-16 3.368649e-24
131 1.010633e+08 1.987310e+00 -2.183475e-16 2.980232e-08
132 3.970412e+07 1.987310e+00 -1.649883e-16 1.490116e-08
133 1.461015e+07 1.987310e+00 -1.212291e-16 3.725290e-09
134 5.379780e+06 1.987310e+00 -9.333309e-17 9.313226e-10
135 1.346656e+10 1.987310e+00 4.950144e-08 5.575797e-11
136 4.896774e+09 1.987310e+00 3.836073e-08 1.114262e-13
137 3.957405e+09 1.987310e+00 2.972937e-08 4.768372e-07
138 1.427652e+09 1.987310e+00 2.304020e-08 4.436890e-15
139 5.150260e+08 1.987310e+00 1.785593e-08 1.483709e-15
140 1.857946e+08 1.987310e+00 1.383811e-08 4.540392e-16
141 6.703195e+07 1.987310e+00 1.072408e-08 7.450581e-09
142 2.418125e+07 1.987310e+00 8.309323e-09 3.725290e-09
143 9.037080e+06 1.987310e+00 6.439685e-09 2.342188e-17
144 3.261378e+06 1.987310e+00 4.985387e-09 4.656613e-10
145 8.585166e+06 1.987310e+00 3.861801e-09 1.862645e-09
146 3.098217e+06 1.987310e+00 2.990616e-09 1.220173e-18
147 1.117800e+06 1.987310e+00 2.316239e-09 2.328306e-10
148 4.031955e+05 1.987310e+00 1.794089e-09 1.854066e-19
149 1.454154e+05 1.987310e+00 1.389084e-09 2.910383e-11
150 5.252539e+04 1.987310e+00 1.070878e-09 7.275958e-12
151 6.386971e+05 1.987310e+00 8.277068e-10 2.126606e-19
152 2.346324e+05 1.987310e+00 6.372409e-10 5.820766e-11
153 3.590446e+05 1.987310e+00 4.938124e-10 1.141531e-19
154 1.318584e+05 1.987310e+00 3.824427e-10 2.910383e-11
155 4.755528e+04 1.987310e+00 2.958986e-10 1.455192e-11
156 1.805951e+04 1.987310e+00 2.290051e-10 5.883730e-21
157 6.525045e+03 1.987310e+00 1.771283e-10 3.350526e-21
158 2.357585e+03 1.987310e+00 1.363017e-10 4.547474e-13
159 9.085628e+02 1.987310e+00 1.053705e-10 2.273737e-13
160 3.275120e+02 1.987310e+00 8.061812e-11 2.505928e-22
161 1.199073e+02 1.987310e+00 6.187601e-11 2.842171e-14
162 4.305407e+01 1.987310e+00 4.730512e-11 1.383801e-23
163 1.542237e+01 1.987310e+00 3.595259e-11 5.244724e-24
164 5.507638e+00 1.987310e+00 2.721348e-11 1.776357e-15
165 1.965407e+00 1.965407e+00 2.070223e-11 4.440892e-16
166 1.079503e+00 1.079503e+00 1.494493e-11 1.902349e-25
167 4.902421e-01 4.902421e-01 1.171761e-11 1.665335e-16
168 6.926622e+03 4.902421e-01 8.983671e-12 2.728484e-12
169 3.165869e+03 4.902421e-01 6.934718e-12 4.547474e-13
170 1.430010e+03 4.902421e-01 5.408246e-12 2.273737e-13
171 1.879979e+03 4.902421e-01 4.166894e-12 8.169456e-24
172 6.796933e+02 4.902421e-01 3.169417e-12 1.136868e-13
173 5.421111e+02 4.902421e-01 2.405887e-12 1.519832e-24
174 5.000589e+03 4.902421e-01 1.823743e-12 1.818989e-12
175 2.049878e+03 4.902421e-01 1.426851e-12 4.101507e-24
176 1.351442e+04 4.902421e-01 1.087365e-12 3.637979e-12
177 4.226862e+05 4.902421e-01 8.413169e-13 5.820766e-11
178 1.528209e+05 4.902421e-01 6.514340e-13 5.820766e-11
179 5.510905e+04 4.902421e-01 5.047969e-13 1.500235e-23
180 2.028774e+04 4.902421e-01 3.903042e-13 3.067826e-24
181 8.144916e+03 4.902421e-01 3.023116e-13 1.265283e-24
182 2.971286e+03 4.902421e-01 2.342002e-13 4.547474e-13
183 1.070346e+03 4.902421e-01 1.892790e-13 2.273737e-13
184 4.053562e+06 4.902421e-01 1.464538e-13 4.656613e-10
185 1.480118e+06 4.902421e-01 1.133791e-13 2.328306e-10
186 5.716349e+05 4.902421e-01 8.785230e-14 1.164153e-10
187 2.061643e+05 4.902421e-01 6.808036e-14 8.731149e-11
188 7.435136e+04 4.902421e-01 5.278776e-14 1.455192e-11
189 2.680846e+04 4.902421e-01 4.098349e-14 3.637979e-12
190 9.664837e+03 4.902421e-01 3.188090e-14 3.637979e-12
191 9.204313e+03 4.902421e-01 2.491878e-14 3.637979e-12
192 3.312559e+03 4.902421e-01 1.968438e-14 4.547474e-13
193 1.186969e+03 4.902421e-01 1.591815e-14 1.700490e-26
194 4.988809e+02 4.902421e-01 1.369611e-14 5.684342e-14
195 1.784719e+02 4.902421e-01 1.291974e-14 2.842171e-14
196 6.350709e+01 4.902421e-01 1.408898e-14 7.105427e-15
197 2.305859e+01 4.902421e-01 1.814531e-14 7.105427e-15
198 8.368976e+00 4.902421e-01 2.655405e-14 1.776357e-15
199 3.005589e+00 4.902421e-01 4.127972e-14 1.220048e-27
200 1.075068e+00 4.902421e-01 6.711580e-14 2.220446e-16
201 3.936148e-01 3.936148e-01 1.226424e-13 1.665335e-16
202 1.547056e-01 1.547056e-01 2.872686e-13 2.775558e-17
203 6.836076e-02 6.836076e-02 6.918640e-13 1.387779e-17
204 3.702148e-02 3.702148e-02 1.038792e-12 1.387779e-17
205 1.817200e-02 1.817200e-02 1.619799e-12 3.469447e-18
206 9.051985e-03 9.051985e-03 2.445042e-12 2.735615e-27
207 4.948184e-03 4.948184e-03 4.240461e-12 8.673617e-19
208 2.696179e-03 2.696179e-03 4.564425e-12 8.673617e-19
209 1.720854e-03 1.720854e-03 4.008081e-12 6.123090e-28
210 6.677008e-04 6.677008e-04 6.945228e-12 1.084202e-19
211 2.943869e-04 2.943869e-04 1.160331e-11 5.421011e-20
212 1.315381e-04 1.315381e-04 1.469373e-11 9.757738e-28
213 5.354243e-05 5.354243e-05 2.153625e-11 6.776264e-21
214 1.957067e-05 1.957067e-05 2.876271e-11 3.388132e-21
215 7.045306e-06 7.045306e-06 3.690820e-11 8.470329e-22
216 2.360824e-06 2.360824e-06 4.520679e-11 4.235165e-22
217 7.765324e-07 7.765324e-07 5.403969e-11 1.058791e-22
218 2.471404e-07 2.471404e-07 6.252501e-11 5.293956e-23
219 7.708875e-08 7.708875e-08 6.969357e-11 1.324594e-27
220 2.368435e-08 2.368435e-08 7.508127e-11 1.134309e-27
221 7.218894e-09 7.218894e-09 7.884075e-11 1.654361e-24
222 2.191850e-09 2.191850e-09 8.135174e-11 4.135933e-25
223 6.642915e-10 6.642915e-10 8.298453e-11 2.068002e-25
224 2.011646e-10 2.011646e-10 8.403229e-11 1.034037e-25
225 6.087751e-11 6.087751e-11 8.468702e-11 1.741031e-28
226 1.842680e-11 1.842680e-11 8.511128e-11 3.239823e-27
227 5.574874e-12 5.574874e-12 8.538261e-11 8.175952e-28
228 1.684044e-12 1.684044e-12 8.545678e-11 4.845457e-29
229 5.174269e-13 5.174269e-13 8.657992e-11 1.068379e-28
x:  2.235961e-01 -2.988623e-01 -2.633122e-01 -2.560921e-01  3.013433e-01 -2.245526e-01  1.853920e-02  3.795919e-02  3.005792e-01  3.014834e-01 -2.880688e-01  2.639926e-01  2.809243e-01  2.506112e-01  2.826316e-01 -3.234520e-03 -2.667415e-01  2.675903e-01 -1.627810e-01  4.713357e-02  7.765546e-03 -2.356020e-01 -2.570292e-01  1.763235e-01  2.200238e-01  2.056434e-01  2.691254e-01  2.859040e-01 -2.126413e-01 -2.927272e-01  2.120277e-01  1.509105e-01 -3.403394e-02 -2.906383e-01  1.725327e-01 -2.842792e-01 -1.296793e-01  2.086800e-01 -2.940043e-01 -2.590986e-01 -2.892803e-01 -3.014230e-01  1.537832e-01 -2.193911e-01 -9.470429e-02  2.458373e-01 -2.990010e-01 -2.729902e-01  4.993373e-02 -1.744399e-01 -2.339750e-01  2.623349e-01 -2.062474e-01 -2.510496e-01 -2.915686e-01 -2.638501e-01  2.987661e-01 -2.986056e-01  4.606388e-02 -2.839717e-01 -5.781868e-02  2.962999e-01 -1.790664e-01  7.809622e-02  4.346109e-02  2.848509e-01  3.011435e-01 -2.536188e-01 -8.768368e-02  2.506177e-01 -2.821245e-01 -1.640243e-01  7.808962e-02  2.199487e-01 -2.908167e-01 -7.019149e-02  6.351157e-02  2.721082e-01  2.980090e-01  2.372941e-01  2.514497e-01  2.254070e-01 -1.627487e-01  7.487548e-02  2.994138e-01 -5.296190e-03  3.422658e-02  2.431685e-01 -1.873471e-01 -1.857888e-01  3.001385e-01  1.580762e-01  2.966647e-01  2.939402e-01  8.307509e-02 -1.534739e-02 -2.169409e-01 -1.265418e-01 -1.934522e-01  1.015543e-01  2.022719e-01 -3.987997e-02  1.468867e-01  1.591412e-01  1.006661e-02 -2.012095e-01  3.009409e-01  2.991124e-01  2.368903e-02 -4.099183e-03  8.902532e-02 -1.456605e-01  1.095015e-01  1.676397e-01 -1.050164e-01 -3.014941e-01  1.405633e-01 -1.389407e-01  2.537941e-01 -2.978045e-01  3.014114e-01  1.881510e-01  1.576230e-01 -2.445796e-01  2.061519e-01  2.204991e-01 -1.359435e-01 -9.574961e-02  2.137586e-01  7.224866e-02 -2.143674e-01 -2.610270e-01 -2.995843e-01 -8.024033e-02 -2.472683e-01  1.004711e-01 -2.721991e-01  2.176276e-01 -6.686209e-02  1.541978e-01  8.500627e-02 -7.294582e-03  2.593449e-01 -2.068251e-01 -2.862519e-01  1.745656e-01 -3.882721e-02  1.280054e-01 -2.973478e-01 -2.459264e-01 -1.901704e-01  1.486252e-01  2.199343e-01  1.669826e-01  7.679080e-02 -1.459187e-01 -4.059426e-02 -4.175820e-02  2.979719e-01 -1.013369e-01  2.959157e-01 -5.581636e-02 -2.425784e-01  2.912217e-01 -2.983626e-01  9.883858e-02 -1.488835e-02 -1.630539e-01 -2.884799e-01  1.676303e-01 -1.063715e-01  2.529924e-01 -2.912234e-01 -2.062321e-01 -7.959110e-02 -2.932272e-01 -2.947464e-01  1.298700e-01 -4.582276e-02  1.860123e-01 -1.663796e-01  2.002518e-01 -2.538147e-01  2.920664e-01 -3.550273e-02  3.014649e-01  2.995624e-01 -1.782643e-01  2.362417e-01 -2.374692e-01 -2.874035e-02 -2.567508e-01  5.384371e-02  6.714325e-02 -2.898407e-01  3.011205e-01  2.093936e-01  2.736718e-01 -2.312690e-01 -2.838940e-01  4.234321e-02 -2.985232e-01  4.958190e-02 -2.974066e-01  3.009233e-01 -1.882204e-02  2.958993e-01 -5.790329e-02  2.774644e-01  1.179942e-01 -2.193349e-01  2.068848e-01  2.670227e-01 -1.400285e-01  2.616935e-01  1.497517e-01 -2.997924e-01 -3.214990e-02  2.984914e-01  4.256759e-02  9.919413e-02  2.847274e-01 -2.936851e-01 -6.825068e-02  1.514057e-01  2.607401e-01  1.985870e-01 -2.268750e-01 -3.014941e-01 -3.225834e-03 -2.617645e-01  1.496275e-01  2.669711e-01  1.401269e-01  8.657992e-11
grad: -9.489925e-20 -1.778406e-20  2.265167e-20 -1.749390e-19  6.726708e-21 -4.350843e-20 -9.150540e-20  2.968028e-20 -2.262476e-20 -1.503808e-20  3.232281e-20 -6.577302e-22 -8.379759e-20 -1.199086e-19 -1.575136e-19  2.416004e-19 -1.806374e-19 -1.030226e-20 -2.422726e-19  4.029925e-19 -4.739344e-20 -3.364877e-20 -1.559912e-19  5.465129e-19  2.432050e-20 -6.220149e-20  1.114097e-19 -1.195139e-19 -8.055709e-20  8.944273e-21  2.558916e-19  1.183794e-19  1.517168e-19  1.010987e-19  1.223747e-19 -6.446488e-20  2.736754e-19 -1.290940e-19  1.765945e-21 -7.235298e-20  6.559478e-22 -6.222797e-21 -9.686207e-20  1.341476e-19 -1.497130e-19 -1.329921e-19 -2.497482e-20  1.175791e-19 -5.021630e-20 -3.282299e-19  4.034918e-20 -4.167941e-20 -1.506147e-19 -9.323167e-20  1.167546e-20  1.525759e-19  3.838881e-21  3.633923e-20 -4.235845e-19  1.047919e-19  2.257207e-19 -1.198686e-19  3.038327e-22 -2.655711e-19 -5.401586e-19  5.949552e-22 -1.243835e-20  2.732555e-20  5.499011e-19 -1.299223e-20  5.204042e-20 -1.474000e-19  2.233030e-19  1.336323e-19 -1.382757e-20 -4.073491e-20  2.709097e-19 -1.173047e-20  5.165729e-21 -1.342729e-19 -5.309588e-19  5.833841e-19 -4.088348e-20  4.479219e-20 -5.540265e-21  2.105407e-19  3.968274e-19 -1.417774e-19  2.001437e-19  2.057351e-19 -3.605236e-21 -4.933732e-20 -5.640344e-21 -1.260194e-20 -1.939898e-19  1.246149e-19 -2.818577e-20  2.060656e-20  9.121458e-20  1.091950e-20  1.279123e-19  1.997301e-19  2.945184e-21 -2.583807e-19 -4.079284e-20  2.404068e-20  7.799936e-21  8.515324e-21  1.800112e-19 -5.970349e-20  1.537426e-19  1.177585e-20  1.747564e-19  1.468834e-19 -3.724232e-19 -2.364433e-20 -3.465766e-19 -5.044423e-21 -1.562537e-19  5.836582e-20  1.082550e-20 -3.713516e-20 -2.736507e-19  3.695252e-19 -2.974968e-20  4.526978e-20  2.045864e-19 -3.325857e-19 -9.845260e-20  3.386234e-20  2.353909e-19  7.926603e-20  2.702196e-23 -4.198074e-19  6.548989e-20 -1.523752e-19 -1.247487e-19  1.239317e-19  8.338248e-20 -1.339304e-19  6.715796e-20  3.383851e-19  4.486473e-20 -1.499030e-19  6.275453e-20  1.952788e-19  2.698670e-20  2.144311e-19 -4.284965e-21  2.513100e-19 -5.288945e-20  4.449286e-20 -1.559629e-19 -1.423033e-19  3.779574e-20 -3.222246e-19  1.008130e-19 -1.538491e-19  8.420337e-20 -2.901861e-19  4.394745e-20 -6.498122e-19  2.910154e-21  8.423257e-20 -8.698582e-20  3.266976e-20 -7.633535e-20 -3.519425e-20 -1.727612e-19  3.685422e-20 -1.745986e-19 -9.605397e-20  7.568143e-20  1.354672e-19  6.168376e-20  2.206724e-20  3.869534e-20  2.055391e-20  3.657639e-20  1.640025e-19 -8.153054e-19 -6.412353e-19  3.744743e-20 -3.797999e-21 -4.160256e-20  1.746505e-20 -4.655254e-20 -1.842017e-19  1.394630e-19 -1.565430e-19 -2.191274e-19 -2.657549e-20 -2.206990e-20  4.659809e-20 -5.800512e-20  1.391274e-20 -4.588533e-20  1.456912e-20 -8.891186e-20  1.025486e-20 -4.325171e-19 -5.436083e-20 -2.165610e-19 -2.976785e-20  1.505671e-20  5.186917e-20 -7.427013e-21 -1.394840e-19 -1.253269e-19  3.083052e-19 -2.429704e-20 -1.484695e-20 -1.007015e-19 -2.156180e-19  5.043180e-20 -1.046261e-19 -8.230907e-20  6.966812e-19 -9.406964e-21  1.204531e-19  6.116087e-19 -1.873046e-19 -6.409660e-20  2.894350e-19 -2.035795e-19  1.091883e-19  7.721519e-21  2.173274e-20 -3.835170e-21  3.895638e-19  1.352748e-19  2.300149e-19 -7.152669e-20  1.284736e-19  5.174269e-13
finished in 229 iterations (1.604 seconds total)
max viol = 6.90991e-08
