---------------------
Basis Indices:
---------------------

{-, -, -, -, -, -, -, -, -, -, -, -}, {-, -, -, -, -, -, -, -, -, -, -, -}, {-, -, -, -, -, -, -, -, -, -, -, -}, {-, -, -, -, -, -, -, -, -, -, -, -}, {-, -, -, -, -, -, -, -, -, -, -, -}, {-, -, -, -, -, -, -, -, -, -, -, -}, {-, -, -, -, -, -, -, -, -, -, -, -}, {-, -, -, -, -, -, -, -, -, -, -, -}, {-, -, -, -, -, -, -, -, -, -, -, -}, {-, -, -, -, -, -, -, -, -, -, -, -}, {-, -, -, -, -, -, -, -, -, -, -, -}, {-, -, -, -, -, -, -, -, -, -, -, -}


{-, -, -, -, -, -, -, -, -, -, -, -}, {-, 157+i445, 158+i446, 159+i447, 160+i448, 161+i449, 162+i450, 163+i451, 164+i452, 165+i453, 166+i454, 167+i455}, {-, 169+i457, 170+i458, 171+i459, 172+i460, 173+i461, 174+i462, 175+i463, 176+i464, 177+i465, 178+i466, 179+i467}, {-, 181+i469, 182+i470, 183+i471, 184+i472, 185+i473, 186+i474, 187+i475, 188+i476, 189+i477, 190+i478, 191+i479}, {-, 193+i481, 194+i482, 195+i483, 196+i484, 197+i485, 198+i486, 199+i487, 200+i488, 201+i489, 202+i490, 203+i491}, {-, 205+i493, 206+i494, 207+i495, 208+i496, 209+i497, 210+i498, 211+i499, 212+i500, 213+i501, 214+i502, 215+i503}, {}, {}, {}, {}, {}, {}

---------------------
Index Mapping: 
---------------------

{503: 109, 502: 108, 501: 107, 500: 106, 499: 105, 498: 104, 497: 103, 496: 102, 495: 101, 494: 100, 493: 99, 491: 98, 490: 97, 489: 96, 488: 95, 487: 94, 486: 93, 485: 92, 484: 91, 483: 90, 482: 89, 481: 88, 479: 87, 478: 86, 477: 85, 476: 84, 475: 83, 474: 82, 473: 81, 472: 80, 471: 79, 470: 78, 458: 67, 185: 26, 184: 25, 183: 24, 182: 23, 181: 22, 179: 21, 178: 20, 177: 19, 176: 18, 175: 17, 174: 16, 173: 15, 172: 14, 171: 13, 186: 27, 157: 0, 170: 12, 187: 28, 158: 1, 159: 2, 160: 3, 161: 4, 162: 5, 163: 6, 164: 7, 165: 8, 166: 9, 167: 10, 169: 11, 188: 29, 189: 30, 190: 31, 449: 59, 195: 35, 450: 60, 196: 36, 451: 61, 197: 37, 452: 62, 198: 38, 453: 63, 199: 39, 454: 64, 200: 40, 455: 65, 201: 41, 202: 42, 457: 66, 203: 43, 459: 68, 205: 44, 460: 69, 206: 45, 461: 70, 207: 46, 462: 71, 208: 47, 463: 72, 209: 48, 191: 32, 445: 55, 464: 73, 210: 49, 446: 56, 465: 74, 211: 50, 193: 33, 447: 57, 466: 75, 212: 51, 194: 34, 448: 58, 467: 76, 213: 52, 214: 53, 469: 77, 215: 54}

---------------------
Final Problem: 
---------------------
Find a point satisfying:

1*{ 63 74} + 1*{ 64 75} + 1*{  7 18} + 1*{ 61 72} + 1*{ 10 21} + 1*{  9 20} + 1*{  2 13} + 1*{ 62 73} + 1*{  3 14} + 1*{  0 11} + 1*{  4 15} + 0.0833333*{} + 1*{ 59 70} + 1*{ 60 71} + 1*{  6 17} + 1*{  1 12} + 1*{ 58 69} + 1*{ 65 76} + 1*{  8 19} + 1*{ 55 66} + 1*{ 57 68} + 1*{ 56 67} + 1*{  5 16} = 0 

-1*{ 15 59} + -1*{ 13 57} + 1*{ 10 76} + 1*{  6 72} + -1*{ 16 60} + -1*{ 14 58} + 1*{  1 67} + 1*{  8 74} + -1*{ 20 64} + -1*{ 12 56} + 1*{  9 75} + -1*{ 11 55} + 1*{  0 66} + 1*{  3 69} + 1*{  7 73} + -1*{ 17 61} + 1*{  5 71} + 1*{  4 70} + -1*{ 19 63} + 1*{  2 68} + -1*{ 21 65} + -1*{ 18 62} = 0 

1*{  5 27} + 1*{  4 26} + 1*{ 58 80} + 1*{ 55 77} + 1*{  7 29} + 1*{  9 31} + 1*{ 59 81} + 1*{  3 25} + 1*{ 57 79} + 1*{ 60 82} + 1*{ 64 86} + 1*{  6 28} + 1*{  0 22} + 1*{  1 23} + 1*{ 10 32} + 1*{  2 24} + 1*{ 63 85} + 1*{  8 30} + 1*{ 61 83} + 1*{ 56 78} + 1*{ 62 84} + 1*{ 65 87} + 0.0833333*{} = 0 

-1*{ 32 65} + -1*{ 29 62} + -1*{ 22 55} + 1*{  7 84} + -1*{ 25 58} + 1*{  1 78} + -1*{ 27 60} + -1*{ 23 56} + 1*{  4 81} + 1*{  9 86} + -1*{ 31 64} + 1*{  2 79} + 1*{  5 82} + -1*{ 26 59} + 1*{  0 77} + -1*{ 28 61} + 1*{  6 83} + -1*{ 30 63} + 1*{ 10 87} + 1*{  3 80} + -1*{ 24 57} + 1*{  8 85} = 0 

1*{  2 35} + 1*{  8 41} + 1*{  6 39} + 1*{ 63 96} + 1*{  4 37} + 1*{ 59 92} + 1*{ 65 98} + 1*{  3 36} + 1*{ 62 95} + 1*{ 61 94} + 1*{ 56 89} + 1*{  7 40} + 1*{ 60 93} + 1*{  9 42} + 1*{ 57 90} + 1*{  0 33} + 0.0833333*{} + 1*{ 64 97} + 1*{ 10 43} + 1*{ 58 91} + 1*{ 55 88} + 1*{  1 34} + 1*{  5 38} = 0 

1*{  0 88} + -1*{ 41 63} + 1*{  7 95} + 1*{  5 93} + -1*{ 34 56} + -1*{ 38 60} + 1*{  9 97} + -1*{ 33 55} + 1*{  6 94} + 1*{  8 96} + 1*{ 10 98} + -1*{ 42 64} + -1*{ 39 61} + -1*{ 40 62} + -1*{ 43 65} + 1*{  2 90} + -1*{ 36 58} + 1*{  4 92} + 1*{  3 91} + 1*{  1 89} + -1*{ 35 57} + -1*{ 37 59} = 0 

1*{  8 52} + 1*{ 62106} + 1*{  9 53} + 1*{  3 47} + 1*{  2 46} + 1*{ 10 54} + 1*{  0 44} + 1*{ 59103} + 1*{ 63107} + 1*{ 56100} + 1*{ 58102} + 1*{ 60104} + 1*{ 57101} + 1*{  6 50} + 1*{  1 45} + 1*{  5 49} + 0.0833333*{} + 1*{  4 48} + 1*{ 61105} + 1*{  7 51} + 1*{ 55 99} + 1*{ 64108} + 1*{ 65109} = 0 

-1*{ 46 57} + 1*{ 10109} + -1*{ 52 63} + -1*{ 50 61} + -1*{ 45 56} + -1*{ 53 64} + 1*{  7106} + -1*{ 47 58} + 1*{  9108} + 1*{  1100} + 1*{  3102} + 1*{  0 99} + 1*{  5104} + -1*{ 48 59} + -1*{ 54 65} + 1*{  6105} + 1*{  2101} + -1*{ 49 60} + 1*{  4103} + 1*{  8107} + -1*{ 44 55} + -1*{ 51 62} = 0 

-0.0833333*{} + 1*{ 55 55} + 1*{  0  0} = 0 

-0.0833333*{} + 1*{  1  1} + 1*{ 56 56} = 0 

-0.0833333*{} + 1*{ 57 57} + 1*{  2  2} = 0 

-0.0833333*{} + 1*{ 58 58} + 1*{  3  3} = 0 

-0.0833333*{} + 1*{ 59 59} + 1*{  4  4} = 0 

-0.0833333*{} + 1*{ 60 60} + 1*{  5  5} = 0 

1*{ 61 61} + 1*{  6  6} + -0.0833333*{} = 0 

-0.0833333*{} + 1*{  7  7} + 1*{ 62 62} = 0 

-0.0833333*{} + 1*{ 63 63} + 1*{  8  8} = 0 

-0.0833333*{} + 1*{ 64 64} + 1*{  9  9} = 0 

-0.0833333*{} + 1*{ 65 65} + 1*{ 10 10} = 0 

0.166667*{  5  6} + 0.166667*{  2  6} + 0.0481125*{  0} + 0.166667*{ 57 62} + 0.166667*{  6  8} + 0.0481125*{  6} + 0.166667*{  4  6} + 0.166667*{  1  8} + 0.0481125*{  4} + 0.166667*{ 58 62} + 0.166667*{ 57 58} + 0.166667*{  5  8} + 0.166667*{  5  7} + 0.166667*{  2  4} + 0.166667*{ 57 60} + 0.0481125*{  8} + 0.166667*{ 55 57} + 0.166667*{  0  6} + 0.166667*{  2  8} + 0.166667*{ 55 63} + 0.166667*{  3  7} + 0.166667*{  2  5} + 0.166667*{ 61 65} + 0.166667*{  0  3} + 0.166667*{ 56 64} + 0.166667*{  0  7} + 0.0481125*{  7} + 0.166667*{ 60 65} + 0.166667*{ 56 59} + 0.166667*{ 58 65} + 0.166667*{  1  9} + 0.166667*{  3  6} + 0.166667*{ 56 61} + 0.166667*{ 57 59} + 0.166667*{ 61 63} + 0.166667*{ 61 64} + 0.166667*{ 55 65} + 0.166667*{  8 10} + 0.166667*{ 57 65} + 0.166667*{ 63 64} + 0.166667*{ 59 65} + 0.166667*{  9 10} + 0.166667*{ 59 63} + 0.166667*{  0  8} + 0.166667*{ 61 62} + 0.166667*{  2  9} + 0.166667*{  0  4} + 0.166667*{ 63 65} + 0.166667*{ 55 59} + 0.166667*{  7 10} + 0.166667*{ 56 62} + 0.166667*{  0 10} + 0.166667*{ 57 64} + 0.166667*{  6 10} + 0.166667*{  1  3} + 0.166667*{ 56 63} + 0.166667*{ 55 58} + 0.166667*{ 58 60} + 0.166667*{ 60 61} + 0.166667*{ 58 64} + 0.166667*{  4 10} + 0.166667*{  3 10} + 0.166667*{  7  9} + 0.166667*{ 55 61} + 0.166667*{  5  9} + 0.166667*{  0  5} + 0.166667*{ 64 65} + 0.0481125*{  5} + 0.0481125*{  1} + 0.166667*{ 59 64} + 0.166667*{  1 10} + 0.166667*{ 58 61} + 0.166667*{  1  7} + 0.166667*{ 60 62} + 0.166667*{ 56 57} + 0.166667*{ 56 65} + 0.0481125*{  3} + 0.166667*{ 55 60} + 0.166667*{ 55 56} + 0.166667*{ 58 63} + 0.166667*{  4  8} + 0.166667*{ 62 63} + 0.0481125*{  2} + 0.166667*{ 56 58} + 0.166667*{  0  2} + 0.166667*{  7  8} + 0.166667*{  3  9} + 0.166667*{ 60 64} + 0.166667*{ 59 62} + 0.166667*{  1  2} + 0.166667*{ 57 63} + 0.166667*{ 55 62} + 0.0481125*{  9} + 0.166667*{  0  9} + 0.166667*{  2  3} + 0.166667*{ 59 60} + 0.166667*{  6  9} + 0.166667*{ 57 61} + 0.166667*{  8  9} + 0.166667*{  0  1} + 0.166667*{  4  5} + 0.166667*{  6  7} + 0.166667*{ 62 65} + 0.166667*{  5 10} + 0.166667*{ 55 64} + 0.166667*{  1  5} + 0.166667*{  1  6} + 0.166667*{  4  9} + 0.166667*{ 59 61} + 0.166667*{ 56 60} + 0.166667*{  4  7} + 0.166667*{ 58 59} + 0.0481125*{ 10} + 0.166667*{ 60 63} + 0.166667*{  2 10} + 0.166667*{  3  8} + 0.166667*{  3  5} + 0.166667*{ 62 64} + 0.166667*{  2  7} + 0.166667*{  1  4} + 0.166667*{  3  4} = 0 

1*{ 20 31} + 1*{ 18 29} + 1*{ 11 22} + 1*{ 66 77} + 1*{ 16 27} + 1*{ 73 84} + 1*{ 71 82} + 1*{ 13 24} + 1*{ 19 30} + 1*{ 74 85} + 1*{ 14 25} + 1*{ 17 28} + 1*{ 75 86} + 1*{ 72 83} + 1*{ 68 79} + 0.0833333*{} + 1*{ 12 23} + 1*{ 76 87} + 1*{ 67 78} + 1*{ 70 81} + 1*{ 69 80} + 1*{ 21 32} + 1*{ 15 26} = 0 

-1*{ 31 75} + 1*{ 13 79} + -1*{ 32 76} + 1*{ 21 87} + 1*{ 14 80} + 1*{ 20 86} + -1*{ 22 66} + 1*{ 16 82} + -1*{ 28 72} + 1*{ 15 81} + 1*{ 11 77} + -1*{ 30 74} + -1*{ 23 67} + 1*{ 19 85} + -1*{ 27 71} + -1*{ 26 70} + -1*{ 29 73} + -1*{ 24 68} + -1*{ 25 69} + 1*{ 12 78} + 1*{ 18 84} + 1*{ 17 83} = 0 

1*{ 13 35} + 1*{ 69 91} + 0.0833333*{} + 1*{ 73 95} + 1*{ 68 90} + 1*{ 74 96} + 1*{ 11 33} + 1*{ 18 40} + 1*{ 71 93} + 1*{ 72 94} + 1*{ 21 43} + 1*{ 67 89} + 1*{ 70 92} + 1*{ 14 36} + 1*{ 75 97} + 1*{ 19 41} + 1*{ 76 98} + 1*{ 15 37} + 1*{ 17 39} + 1*{ 12 34} + 1*{ 20 42} + 1*{ 66 88} + 1*{ 16 38} = 0 

-1*{ 40 73} + 1*{ 19 96} + -1*{ 42 75} + -1*{ 35 68} + -1*{ 41 74} + 1*{ 12 89} + -1*{ 36 69} + 1*{ 20 97} + -1*{ 43 76} + -1*{ 39 72} + -1*{ 38 71} + 1*{ 15 92} + 1*{ 13 90} + -1*{ 34 67} + 1*{ 14 91} + 1*{ 11 88} + 1*{ 16 93} + 1*{ 18 95} + 1*{ 17 94} + -1*{ 33 66} + -1*{ 37 70} + 1*{ 21 98} = 0 

1*{ 73106} + 0.0833333*{} + 1*{ 75108} + 1*{ 72105} + 1*{ 12 45} + 1*{ 17 50} + 1*{ 13 46} + 1*{ 76109} + 1*{ 16 49} + 1*{ 68101} + 1*{ 70103} + 1*{ 21 54} + 1*{ 66 99} + 1*{ 74107} + 1*{ 14 47} + 1*{ 71104} + 1*{ 19 52} + 1*{ 15 48} + 1*{ 18 51} + 1*{ 67100} + 1*{ 11 44} + 1*{ 69102} + 1*{ 20 53} = 0 

-1*{ 53 75} + 1*{ 12100} + 1*{ 13101} + -1*{ 51 73} + -1*{ 48 70} + 1*{ 21109} + 1*{ 15103} + -1*{ 52 74} + 1*{ 16104} + 1*{ 19107} + 1*{ 11 99} + -1*{ 45 67} + -1*{ 54 76} + -1*{ 44 66} + 1*{ 18106} + -1*{ 49 71} + -1*{ 47 69} + 1*{ 20108} + 1*{ 14102} + -1*{ 46 68} + -1*{ 50 72} + 1*{ 17105} = 0 

-0.0833333*{} + 1*{ 66 66} + 1*{ 11 11} = 0 

-0.0833333*{} + 1*{ 67 67} + 1*{ 12 12} = 0 

-0.0833333*{} + 1*{ 68 68} + 1*{ 13 13} = 0 

-0.0833333*{} + 1*{ 69 69} + 1*{ 14 14} = 0 

-0.0833333*{} + 1*{ 70 70} + 1*{ 15 15} = 0 

-0.0833333*{} + 1*{ 71 71} + 1*{ 16 16} = 0 

-0.0833333*{} + 1*{ 72 72} + 1*{ 17 17} = 0 

-0.0833333*{} + 1*{ 73 73} + 1*{ 18 18} = 0 

-0.0833333*{} + 1*{ 74 74} + 1*{ 19 19} = 0 

-0.0833333*{} + 1*{ 75 75} + 1*{ 20 20} = 0 

-0.0833333*{} + 1*{ 76 76} + 1*{ 21 21} = 0 

0.166667*{ 15 21} + 0.166667*{ 71 74} + 0.166667*{ 18 19} + 0.166667*{ 13 21} + 0.166667*{ 12 20} + 0.166667*{ 67 76} + 0.166667*{ 68 70} + 0.166667*{ 66 71} + 0.166667*{ 11 21} + 0.166667*{ 68 71} + 0.166667*{ 67 73} + 0.166667*{ 69 71} + 0.0481125*{ 15} + 0.0481125*{ 16} + 0.166667*{ 18 20} + 0.166667*{ 72 73} + 0.166667*{ 13 20} + 0.166667*{ 75 76} + 0.166667*{ 11 16} + 0.166667*{ 16 19} + 0.166667*{ 14 15} + 0.0481125*{ 12} + 0.166667*{ 69 76} + 0.166667*{ 17 18} + 0.166667*{ 70 76} + 0.166667*{ 68 74} + 0.166667*{ 12 21} + 0.166667*{ 66 73} + 0.166667*{ 72 75} + 0.166667*{ 18 21} + 0.166667*{ 71 75} + 0.166667*{ 73 76} + 0.166667*{ 13 17} + 0.166667*{ 68 69} + 0.0481125*{ 21} + 0.166667*{ 11 17} + 0.166667*{ 16 20} + 0.166667*{ 69 72} + 0.166667*{ 69 74} + 0.166667*{ 68 76} + 0.166667*{ 14 17} + 0.166667*{ 11 18} + 0.166667*{ 66 75} + 0.0481125*{ 19} + 0.166667*{ 12 16} + 0.166667*{ 15 17} + 0.166667*{ 17 19} + 0.166667*{ 11 12} + 0.166667*{ 12 14} + 0.166667*{ 14 16} + 0.166667*{ 70 71} + 0.0481125*{ 14} + 0.166667*{ 16 17} + 0.166667*{ 67 71} + 0.166667*{ 17 21} + 0.166667*{ 73 75} + 0.166667*{ 66 72} + 0.166667*{ 67 75} + 0.166667*{ 14 19} + 0.166667*{ 12 13} + 0.166667*{ 67 72} + 0.166667*{ 70 74} + 0.166667*{ 73 74} + 0.166667*{ 71 73} + 0.166667*{ 12 18} + 0.166667*{ 74 76} + 0.166667*{ 11 19} + 0.0481125*{ 13} + 0.166667*{ 67 68} + 0.166667*{ 71 76} + 0.166667*{ 14 21} + 0.166667*{ 66 69} + 0.166667*{ 66 68} + 0.166667*{ 11 13} + 0.166667*{ 15 18} + 0.166667*{ 67 70} + 0.166667*{ 15 16} + 0.166667*{ 69 75} + 0.166667*{ 66 70} + 0.166667*{ 72 74} + 0.166667*{ 13 14} + 0.166667*{ 17 20} + 0.166667*{ 12 15} + 0.166667*{ 70 75} + 0.166667*{ 13 16} + 0.166667*{ 67 74} + 0.166667*{ 68 75} + 0.166667*{ 15 20} + 0.166667*{ 66 74} + 0.166667*{ 20 21} + 0.0481125*{ 20} + 0.166667*{ 66 67} + 0.166667*{ 69 73} + 0.166667*{ 15 19} + 0.166667*{ 11 15} + 0.166667*{ 70 73} + 0.166667*{ 13 19} + 0.0481125*{ 11} + 0.166667*{ 67 69} + 0.0481125*{ 17} + 0.166667*{ 69 70} + 0.166667*{ 11 20} + 0.166667*{ 68 72} + 0.166667*{ 74 75} + 0.166667*{ 16 21} + 0.166667*{ 12 19} + 0.166667*{ 14 18} + 0.166667*{ 13 15} + 0.166667*{ 68 73} + 0.166667*{ 14 20} + 0.166667*{ 19 21} + 0.166667*{ 72 76} + 0.166667*{ 13 18} + 0.166667*{ 12 17} + 0.166667*{ 11 14} + 0.166667*{ 16 18} + 0.166667*{ 71 72} + 0.166667*{ 66 76} + 0.166667*{ 70 72} + 0.166667*{ 19 20} + 0.0481125*{ 18} = 0 

1*{ 80 91} + 1*{ 78 89} + 0.0833333*{} + 1*{ 79 90} + 1*{ 86 97} + 1*{ 22 33} + 1*{ 87 98} + 1*{ 28 39} + 1*{ 81 92} + 1*{ 32 43} + 1*{ 26 37} + 1*{ 29 40} + 1*{ 84 95} + 1*{ 27 38} + 1*{ 83 94} + 1*{ 24 35} + 1*{ 85 96} + 1*{ 77 88} + 1*{ 25 36} + 1*{ 30 41} + 1*{ 23 34} + 1*{ 31 42} + 1*{ 82 93} = 0 

-1*{ 42 86} + 1*{ 31 97} + 1*{ 28 94} + 1*{ 24 90} + -1*{ 34 78} + -1*{ 36 80} + -1*{ 41 85} + -1*{ 43 87} + 1*{ 27 93} + 1*{ 30 96} + -1*{ 38 82} + 1*{ 25 91} + 1*{ 29 95} + -1*{ 33 77} + 1*{ 22 88} + 1*{ 26 92} + -1*{ 40 84} + 1*{ 23 89} + -1*{ 35 79} + -1*{ 37 81} + 1*{ 32 98} + -1*{ 39 83} = 0 

1*{ 26 48} + 1*{ 86108} + 1*{ 24 46} + 1*{ 32 54} + 1*{ 30 52} + 1*{ 81103} + 1*{ 31 53} + 1*{ 80102} + 1*{ 85107} + 1*{ 79101} + 1*{ 25 47} + 1*{ 77 99} + 1*{ 29 51} + 1*{ 27 49} + 1*{ 84106} + 1*{ 82104} + 1*{ 23 45} + 1*{ 83105} + 0.0833333*{} + 1*{ 78100} + 1*{ 22 44} + 1*{ 28 50} + 1*{ 87109} = 0 

-1*{ 47 80} + 1*{ 28105} + -1*{ 45 78} + 1*{ 29106} + 1*{ 32109} + 1*{ 22 99} + 1*{ 30107} + -1*{ 46 79} + -1*{ 44 77} + -1*{ 53 86} + 1*{ 27104} + 1*{ 26103} + 1*{ 25102} + -1*{ 49 82} + -1*{ 51 84} + -1*{ 52 85} + 1*{ 31108} + -1*{ 50 83} + 1*{ 23100} + -1*{ 48 81} + -1*{ 54 87} + 1*{ 24101} = 0 

-0.0833333*{} + 1*{ 77 77} + 1*{ 22 22} = 0 

-0.0833333*{} + 1*{ 78 78} + 1*{ 23 23} = 0 

1*{ 79 79} + -0.0833333*{} + 1*{ 24 24} = 0 

-0.0833333*{} + 1*{ 80 80} + 1*{ 25 25} = 0 

1*{ 81 81} + -0.0833333*{} + 1*{ 26 26} = 0 

-0.0833333*{} + 1*{ 82 82} + 1*{ 27 27} = 0 

-0.0833333*{} + 1*{ 83 83} + 1*{ 28 28} = 0 

-0.0833333*{} + 1*{ 84 84} + 1*{ 29 29} = 0 

-0.0833333*{} + 1*{ 85 85} + 1*{ 30 30} = 0 

1*{ 86 86} + -0.0833333*{} + 1*{ 31 31} = 0 

-0.0833333*{} + 1*{ 87 87} + 1*{ 32 32} = 0 

0.166667*{ 77 84} + 0.0481125*{ 26} + 0.166667*{ 78 87} + 0.166667*{ 78 79} + 0.166667*{ 85 86} + 0.166667*{ 30 32} + 0.166667*{ 78 80} + 0.166667*{ 80 83} + 0.166667*{ 83 87} + 0.0481125*{ 31} + 0.166667*{ 77 79} + 0.166667*{ 30 31} + 0.166667*{ 81 87} + 0.166667*{ 80 85} + 0.166667*{ 29 32} + 0.166667*{ 22 29} + 0.166667*{ 84 86} + 0.166667*{ 26 28} + 0.166667*{ 23 24} + 0.166667*{ 82 84} + 0.166667*{ 77 78} + 0.166667*{ 26 30} + 0.166667*{ 23 31} + 0.166667*{ 82 83} + 0.0481125*{ 28} + 0.166667*{ 77 83} + 0.166667*{ 27 31} + 0.166667*{ 26 27} + 0.166667*{ 83 85} + 0.0481125*{ 27} + 0.166667*{ 26 29} + 0.166667*{ 26 31} + 0.166667*{ 25 27} + 0.166667*{ 25 26} + 0.166667*{ 31 32} + 0.166667*{ 81 84} + 0.166667*{ 79 86} + 0.166667*{ 22 24} + 0.166667*{ 22 25} + 0.166667*{ 79 85} + 0.166667*{ 78 83} + 0.166667*{ 28 29} + 0.166667*{ 77 82} + 0.166667*{ 24 30} + 0.166667*{ 81 85} + 0.166667*{ 28 31} + 0.166667*{ 85 87} + 0.166667*{ 80 86} + 0.166667*{ 22 26} + 0.166667*{ 23 26} + 0.0481125*{ 32} + 0.166667*{ 86 87} + 0.0481125*{ 22} + 0.166667*{ 79 87} + 0.166667*{ 28 32} + 0.166667*{ 78 81} + 0.166667*{ 22 31} + 0.166667*{ 25 32} + 0.166667*{ 79 81} + 0.166667*{ 24 25} + 0.166667*{ 25 30} + 0.166667*{ 82 87} + 0.166667*{ 78 86} + 0.166667*{ 25 31} + 0.166667*{ 24 28} + 0.166667*{ 27 32} + 0.166667*{ 77 86} + 0.166667*{ 27 28} + 0.166667*{ 77 80} + 0.166667*{ 22 28} + 0.166667*{ 79 83} + 0.166667*{ 78 85} + 0.166667*{ 82 86} + 0.166667*{ 78 84} + 0.166667*{ 82 85} + 0.166667*{ 78 82} + 0.166667*{ 83 84} + 0.166667*{ 28 30} + 0.166667*{ 23 30} + 0.166667*{ 24 29} + 0.166667*{ 79 82} + 0.0481125*{ 30} + 0.166667*{ 23 25} + 0.0481125*{ 24} + 0.166667*{ 24 32} + 0.166667*{ 27 30} + 0.166667*{ 81 82} + 0.166667*{ 23 28} + 0.166667*{ 79 80} + 0.166667*{ 83 86} + 0.166667*{ 81 86} + 0.166667*{ 25 28} + 0.166667*{ 81 83} + 0.0481125*{ 29} + 0.166667*{ 24 27} + 0.166667*{ 23 32} + 0.166667*{ 25 29} + 0.166667*{ 29 31} + 0.166667*{ 27 29} + 0.166667*{ 22 27} + 0.166667*{ 22 23} + 0.166667*{ 80 87} + 0.166667*{ 77 81} + 0.0481125*{ 23} + 0.166667*{ 24 26} + 0.166667*{ 26 32} + 0.166667*{ 84 87} + 0.166667*{ 77 87} + 0.166667*{ 23 27} + 0.166667*{ 80 84} + 0.166667*{ 22 32} + 0.166667*{ 24 31} + 0.166667*{ 77 85} + 0.166667*{ 22 30} + 0.166667*{ 84 85} + 0.166667*{ 79 84} + 0.166667*{ 80 82} + 0.166667*{ 29 30} + 0.166667*{ 80 81} + 0.0481125*{ 25} + 0.166667*{ 23 29} = 0 

1*{ 41 52} + 1*{ 96107} + 1*{ 98109} + 1*{ 37 48} + 1*{ 38 49} + 1*{ 35 46} + 1*{ 33 44} + 1*{ 40 51} + 1*{ 42 53} + 1*{ 39 50} + 1*{ 88 99} + 1*{ 93104} + 1*{ 90101} + 1*{ 43 54} + 1*{ 95106} + 1*{ 36 47} + 1*{ 97108} + 1*{ 92103} + 1*{ 34 45} + 0.0833333*{} + 1*{ 89100} + 1*{ 94105} + 1*{ 91102} = 0 

-1*{ 53 97} + -1*{ 45 89} + 1*{ 38104} + 1*{ 33 99} + 1*{ 43109} + -1*{ 51 95} + -1*{ 44 88} + -1*{ 50 94} + -1*{ 54 98} + 1*{ 37103} + 1*{ 36102} + 1*{ 42108} + -1*{ 46 90} + 1*{ 35101} + -1*{ 48 92} + -1*{ 52 96} + 1*{ 39105} + -1*{ 47 91} + 1*{ 34100} + -1*{ 49 93} + 1*{ 40106} + 1*{ 41107} = 0 

-0.0833333*{} + 1*{ 33 33} + 1*{ 88 88} = 0 

-0.0833333*{} + 1*{ 89 89} + 1*{ 34 34} = 0 

1*{ 90 90} + -0.0833333*{} + 1*{ 35 35} = 0 

-0.0833333*{} + 1*{ 91 91} + 1*{ 36 36} = 0 

-0.0833333*{} + 1*{ 92 92} + 1*{ 37 37} = 0 

1*{ 38 38} + -0.0833333*{} + 1*{ 93 93} = 0 

-0.0833333*{} + 1*{ 94 94} + 1*{ 39 39} = 0 

-0.0833333*{} + 1*{ 95 95} + 1*{ 40 40} = 0 

-0.0833333*{} + 1*{ 96 96} + 1*{ 41 41} = 0 

-0.0833333*{} + 1*{ 97 97} + 1*{ 42 42} = 0 

-0.0833333*{} + 1*{ 98 98} + 1*{ 43 43} = 0 

0.0481125*{ 43} + 0.166667*{ 38 40} + 0.166667*{ 90 92} + 0.166667*{ 33 41} + 0.166667*{ 92 97} + 0.166667*{ 40 43} + 0.166667*{ 90 94} + 0.166667*{ 37 40} + 0.166667*{ 33 38} + 0.166667*{ 94 98} + 0.166667*{ 33 35} + 0.166667*{ 35 39} + 0.166667*{ 33 34} + 0.166667*{ 89 95} + 0.166667*{ 40 41} + 0.166667*{ 35 38} + 0.166667*{ 92 98} + 0.0481125*{ 34} + 0.166667*{ 95 96} + 0.166667*{ 34 39} + 0.166667*{ 35 41} + 0.0481125*{ 37} + 0.166667*{ 34 43} + 0.166667*{ 37 41} + 0.166667*{ 93 96} + 0.166667*{ 96 98} + 0.0481125*{ 41} + 0.166667*{ 89 94} + 0.166667*{ 93 94} + 0.166667*{ 34 38} + 0.166667*{ 89 91} + 0.166667*{ 34 36} + 0.166667*{ 37 43} + 0.166667*{ 88 91} + 0.166667*{ 90 93} + 0.166667*{ 40 42} + 0.166667*{ 36 42} + 0.166667*{ 94 95} + 0.166667*{ 36 43} + 0.166667*{ 90 98} + 0.166667*{ 89 93} + 0.0481125*{ 42} + 0.166667*{ 94 97} + 0.166667*{ 91 97} + 0.166667*{ 93 95} + 0.166667*{ 34 40} + 0.0481125*{ 38} + 0.0481125*{ 40} + 0.166667*{ 33 39} + 0.166667*{ 35 37} + 0.166667*{ 92 96} + 0.166667*{ 96 97} + 0.166667*{ 36 38} + 0.166667*{ 92 95} + 0.166667*{ 38 41} + 0.166667*{ 90 97} + 0.166667*{ 89 90} + 0.166667*{ 88 90} + 0.166667*{ 91 93} + 0.166667*{ 36 40} + 0.166667*{ 35 43} + 0.166667*{ 36 37} + 0.166667*{ 88 95} + 0.166667*{ 41 43} + 0.166667*{ 39 43} + 0.166667*{ 39 40} + 0.166667*{ 33 36} + 0.166667*{ 89 92} + 0.166667*{ 93 98} + 0.166667*{ 92 93} + 0.166667*{ 38 39} + 0.166667*{ 93 97} + 0.166667*{ 38 42} + 0.166667*{ 39 41} + 0.166667*{ 34 42} + 0.166667*{ 90 96} + 0.166667*{ 89 98} + 0.166667*{ 39 42} + 0.166667*{ 88 98} + 0.0481125*{ 33} + 0.166667*{ 34 37} + 0.166667*{ 95 97} + 0.0481125*{ 36} + 0.166667*{ 90 91} + 0.166667*{ 35 36} + 0.166667*{ 88 92} + 0.166667*{ 37 38} + 0.166667*{ 34 41} + 0.0481125*{ 39} + 0.166667*{ 91 96} + 0.166667*{ 36 39} + 0.166667*{ 88 93} + 0.166667*{ 88 97} + 0.166667*{ 33 40} + 0.166667*{ 91 94} + 0.166667*{ 89 97} + 0.166667*{ 91 98} + 0.166667*{ 35 42} + 0.166667*{ 90 95} + 0.166667*{ 38 43} + 0.166667*{ 89 96} + 0.166667*{ 34 35} + 0.166667*{ 41 42} + 0.166667*{ 91 95} + 0.166667*{ 33 37} + 0.166667*{ 33 42} + 0.166667*{ 36 41} + 0.166667*{ 91 92} + 0.166667*{ 88 89} + 0.166667*{ 97 98} + 0.0481125*{ 35} + 0.166667*{ 94 96} + 0.166667*{ 37 39} + 0.166667*{ 33 43} + 0.166667*{ 35 40} + 0.166667*{ 42 43} + 0.166667*{ 88 94} + 0.166667*{ 95 98} + 0.166667*{ 37 42} + 0.166667*{ 92 94} + 0.166667*{ 88 96} = 0 

-0.0833333*{} + 1*{ 99 99} + 1*{ 44 44} = 0 

-0.0833333*{} + 1*{100100} + 1*{ 45 45} = 0 

-0.0833333*{} + 1*{101101} + 1*{ 46 46} = 0 

1*{102102} + -0.0833333*{} + 1*{ 47 47} = 0 

-0.0833333*{} + 1*{ 48 48} + 1*{103103} = 0 

-0.0833333*{} + 1*{104104} + 1*{ 49 49} = 0 

-0.0833333*{} + 1*{105105} + 1*{ 50 50} = 0 

-0.0833333*{} + 1*{106106} + 1*{ 51 51} = 0 

-0.0833333*{} + 1*{107107} + 1*{ 52 52} = 0 

-0.0833333*{} + 1*{ 53 53} + 1*{108108} = 0 

-0.0833333*{} + 1*{109109} + 1*{ 54 54} = 0 

0.0481125*{ 45} + 0.166667*{104106} + 0.166667*{ 45 48} + 0.166667*{ 99109} + 0.166667*{103107} + 0.166667*{100105} + 0.166667*{ 99103} + 0.0481125*{ 52} + 0.166667*{ 44 52} + 0.0481125*{ 54} + 0.166667*{102108} + 0.166667*{ 47 49} + 0.0481125*{ 53} + 0.166667*{106109} + 0.166667*{ 49 54} + 0.166667*{103109} + 0.166667*{ 52 54} + 0.166667*{100107} + 0.0481125*{ 46} + 0.166667*{107108} + 0.166667*{ 52 53} + 0.166667*{102106} + 0.166667*{ 44 46} + 0.166667*{ 99100} + 0.166667*{106108} + 0.166667*{ 99108} + 0.166667*{105106} + 0.166667*{101108} + 0.166667*{103108} + 0.166667*{100106} + 0.166667*{ 46 51} + 0.166667*{100104} + 0.166667*{ 45 54} + 0.166667*{ 49 53} + 0.166667*{107109} + 0.166667*{ 99106} + 0.166667*{ 48 52} + 0.166667*{ 44 49} + 0.166667*{101109} + 0.166667*{ 44 51} + 0.166667*{ 46 52} + 0.166667*{ 48 50} + 0.0481125*{ 44} + 0.166667*{ 50 51} + 0.166667*{ 48 53} + 0.166667*{102107} + 0.166667*{102104} + 0.166667*{106107} + 0.166667*{ 48 51} + 0.166667*{100109} + 0.166667*{ 46 47} + 0.166667*{ 44 47} + 0.166667*{ 44 54} + 0.166667*{ 47 52} + 0.166667*{104108} + 0.166667*{ 46 50} + 0.166667*{ 47 48} + 0.166667*{105107} + 0.166667*{ 50 53} + 0.0481125*{ 49} + 0.166667*{ 46 54} + 0.166667*{102105} + 0.166667*{101106} + 0.166667*{103104} + 0.166667*{ 44 53} + 0.166667*{101102} + 0.166667*{ 46 53} + 0.166667*{ 47 51} + 0.166667*{ 47 53} + 0.0481125*{ 50} + 0.166667*{ 46 49} + 0.166667*{108109} + 0.166667*{103105} + 0.166667*{ 99104} + 0.166667*{105109} + 0.166667*{ 45 53} + 0.0481125*{ 47} + 0.166667*{ 45 51} + 0.0481125*{ 48} + 0.166667*{104105} + 0.166667*{ 50 54} + 0.166667*{101107} + 0.166667*{ 47 50} + 0.166667*{100108} + 0.166667*{ 48 54} + 0.166667*{ 44 50} + 0.166667*{105108} + 0.166667*{ 45 52} + 0.166667*{100101} + 0.166667*{ 45 50} + 0.166667*{ 51 52} + 0.166667*{ 99101} + 0.166667*{103106} + 0.166667*{102103} + 0.166667*{ 49 51} + 0.166667*{ 50 52} + 0.166667*{ 99107} + 0.166667*{100102} + 0.166667*{ 51 54} + 0.166667*{101105} + 0.166667*{ 51 53} + 0.166667*{ 46 48} + 0.166667*{104107} + 0.166667*{ 45 47} + 0.166667*{101104} + 0.166667*{100103} + 0.0481125*{ 51} + 0.166667*{104109} + 0.166667*{ 45 49} + 0.166667*{ 48 49} + 0.166667*{ 99105} + 0.166667*{ 45 46} + 0.166667*{ 49 50} + 0.166667*{ 53 54} + 0.166667*{ 99102} + 0.166667*{101103} + 0.166667*{ 44 48} + 0.166667*{ 47 54} + 0.166667*{ 49 52} + 0.166667*{102109} + 0.166667*{ 44 45} = 0 

1024*{ 61} + 1*{ 10} + 32*{  7} + -128*{ 67} + -131072*{ 70} + 256*{  0} + 1.04858e+06*{  3} + 4*{ 65} + -1.04858e+06*{ 14} + -2*{ 20} + 8*{  8} + -16384*{ 73} + 131072*{ 59} + -32768*{ 16} + -2048*{ 15} + 2*{  9} + 2.09715e+06*{ 60} + -8*{ 19} + -262144*{ 74} + 16384*{ 62} + 2048*{  4} + -512*{ 68} + 512*{ 57} + -4096*{ 12} + 65536*{  2} + 262144*{ 63} + -256*{ 11} + 4096*{  1} + -1*{ 21} + -1024*{ 72} + -8192*{ 69} + -32*{ 18} + 64*{ 55} + -65536*{ 13} + -16*{ 75} + 8192*{ 58} + 128*{ 56} + -524288*{ 17} + 16*{ 64} + 524288*{  6} + -4*{ 76} + -2.09715e+06*{ 71} + 32768*{  5} + -64*{ 66} > 0 

-256*{ 22} + 1.04858e+06*{ 14} + -64*{ 77} + -2048*{ 26} + 4096*{ 12} + 8192*{ 69} + 2*{ 20} + -512*{ 79} + 16384*{ 73} + -128*{ 78} + 65536*{ 13} + -16384*{ 84} + 128*{ 67} + -1*{ 32} + 2.09715e+06*{ 71} + -4*{ 87} + -4096*{ 23} + 16*{ 75} + 256*{ 11} + 2048*{ 15} + 8*{ 19} + 262144*{ 74} + 32*{ 18} + -2.09715e+06*{ 82} + 131072*{ 70} + 512*{ 68} + -2*{ 31} + -1024*{ 83} + -32768*{ 27} + -8192*{ 80} + -131072*{ 81} + 64*{ 66} + 524288*{ 17} + 4*{ 76} + -262144*{ 85} + -1.04858e+06*{ 25} + 1024*{ 72} + -32*{ 29} + -16*{ 86} + 1*{ 21} + -65536*{ 24} + -524288*{ 28} + 32768*{ 16} + -8*{ 30} > 0 

-64*{ 88} + -8192*{ 91} + 2*{ 31} + 256*{ 22} + -8*{ 41} + -512*{ 90} + 128*{ 78} + -32768*{ 38} + 64*{ 77} + -1*{ 43} + -16*{ 97} + 1.04858e+06*{ 25} + -262144*{ 96} + 2.09715e+06*{ 82} + 1*{ 32} + -2.09715e+06*{ 93} + -2*{ 42} + 512*{ 79} + -128*{ 89} + -2048*{ 37} + -4*{ 98} + 1024*{ 83} + -1024*{ 94} + 8192*{ 80} + 131072*{ 81} + 16384*{ 84} + -32*{ 40} + -65536*{ 35} + 32768*{ 27} + 65536*{ 24} + 8*{ 30} + -16384*{ 95} + 524288*{ 28} + -256*{ 33} + 4096*{ 23} + 4*{ 87} + -131072*{ 92} + 2048*{ 26} + -524288*{ 39} + -4096*{ 34} + -1.04858e+06*{ 36} + 32*{ 29} + 16*{ 86} + 262144*{ 85} > 0 

-2*{ 53} + -32*{ 51} + -32768*{ 49} + -64*{ 99} + 262144*{ 96} + -1*{ 54} + 256*{ 33} + -8*{ 52} + -4*{109} + -524288*{ 50} + 64*{ 88} + 16384*{ 95} + 65536*{ 35} + 32*{ 40} + 8192*{ 91} + -8192*{102} + 4*{ 98} + 1024*{ 94} + -128*{100} + -256*{ 44} + -512*{101} + -2048*{ 48} + 131072*{ 92} + 16*{ 97} + 2.09715e+06*{ 93} + 2048*{ 37} + 128*{ 89} + -131072*{103} + -4096*{ 45} + -262144*{107} + -16384*{106} + 512*{ 90} + -2.09715e+06*{104} + 4096*{ 34} + 1.04858e+06*{ 36} + 524288*{ 39} + 2*{ 42} + -65536*{ 46} + -1024*{105} + -16*{108} + 32768*{ 38} + 1*{ 43} + -1.04858e+06*{ 47} + 8*{ 41} > 0 

-64*{ 12} + -4*{100} + 16*{ 66} + 32*{ 88} + 128*{ 55} + 64*{ 11} + -512*{  1} + -128*{ 56} + 512*{  0} + -32*{ 89} + -2*{ 34} + -8*{ 23} + -16*{ 67} + -1*{ 45} + 1*{ 44} + 2*{ 33} + -256*{ 78} + 4*{ 99} + 256*{ 77} + 8*{ 22} > 0 

4*{100} + 2*{ 34} + -256*{ 79} + -32*{ 90} + -128*{ 57} + 64*{ 12} + 16*{ 67} + 8*{ 23} + -8*{ 24} + -512*{  2} + 512*{  1} + -1*{ 46} + 1*{ 45} + 256*{ 78} + 32*{ 89} + 128*{ 56} + -16*{ 68} + -4*{101} + -2*{ 35} + -64*{ 13} > 0 

512*{  2} + -8*{ 25} + 2*{ 35} + -512*{  3} + 32*{ 90} + 8*{ 24} + -4*{102} + 4*{101} + 16*{ 68} + -128*{ 58} + 64*{ 13} + -1*{ 47} + 128*{ 57} + -256*{ 80} + -64*{ 14} + -32*{ 91} + 256*{ 79} + -2*{ 36} + -16*{ 69} + 1*{ 46} > 0 

-64*{ 15} + 4*{102} + -32*{ 92} + -2*{ 37} + 32*{ 91} + 512*{  3} + 2*{ 36} + 16*{ 69} + -1*{ 48} + -16*{ 70} + 256*{ 80} + -256*{ 81} + 128*{ 58} + 1*{ 47} + 8*{ 25} + -128*{ 59} + -4*{103} + -8*{ 26} + -512*{  4} + 64*{ 14} > 0 

1*{ 48} + -2*{ 38} + 128*{ 59} + -16*{ 71} + -512*{  5} + -8*{ 27} + 2*{ 37} + 4*{103} + -32*{ 93} + 512*{  4} + 8*{ 26} + -64*{ 16} + 256*{ 81} + -4*{104} + 16*{ 70} + 32*{ 92} + -128*{ 60} + -1*{ 49} + 64*{ 15} + -256*{ 82} > 0 

-64*{ 17} + -128*{ 61} + -256*{ 83} + -512*{  6} + -32*{ 94} + 256*{ 82} + 1*{ 49} + -4*{105} + 16*{ 71} + 512*{  5} + 4*{104} + 8*{ 27} + -8*{ 28} + 2*{ 38} + 64*{ 16} + 32*{ 93} + -1*{ 50} + 128*{ 60} + -2*{ 39} + -16*{ 72} > 0 

8*{ 28} + 512*{  6} + -512*{  7} + -8*{ 29} + -32*{ 95} + 128*{ 61} + -16*{ 73} + 32*{ 94} + 4*{105} + 64*{ 17} + 256*{ 83} + -4*{106} + -128*{ 62} + 1*{ 50} + -256*{ 84} + -2*{ 40} + 16*{ 72} + -64*{ 18} + 2*{ 39} + -1*{ 51} > 0 

-8*{ 30} + -256*{ 85} + 256*{ 84} + 2*{ 40} + 64*{ 18} + 1*{ 51} + 128*{ 62} + -32*{ 96} + 16*{ 73} + -128*{ 63} + 8*{ 29} + -4*{107} + 32*{ 95} + 512*{  7} + -16*{ 74} + -64*{ 19} + -512*{  8} + 4*{106} + -1*{ 52} + -2*{ 41} > 0 

4*{107} + -4*{108} + 256*{ 85} + -2*{ 42} + -16*{ 75} + 32*{ 96} + -64*{ 20} + -32*{ 97} + 64*{ 19} + -512*{  9} + 16*{ 74} + 128*{ 63} + -8*{ 31} + -1*{ 53} + 8*{ 30} + 2*{ 41} + 1*{ 52} + 512*{  8} + -128*{ 64} + -256*{ 86} > 0 

2*{ 42} + 16*{ 75} + -64*{ 21} + 256*{ 86} + 32*{ 97} + 64*{ 20} + -32*{ 98} + -4*{109} + -256*{ 87} + 4*{108} + -16*{ 76} + 8*{ 31} + 1*{ 53} + 512*{  9} + -512*{ 10} + 128*{ 64} + -128*{ 65} + -8*{ 32} + -1*{ 54} + -2*{ 43} > 0 

1*{109} > 0 

{12, 6, 6, 6} vars: 110, vectors: 18
1 1.119130e+00 1.119130e+00 -2.876029e-01 1.332549e-15
2 5.184411e+01 1.119130e+00 -2.190266e-01 2.133213e-14
3 5.306183e+01 1.119130e+00 -1.685777e-01 1.917957e-14
4 1.985721e+01 1.119130e+00 -1.289329e-01 7.977106e-15
5 7.113786e+00 1.119130e+00 -9.851256e-02 2.101125e-15
6 2.561224e+00 1.119130e+00 -7.585983e-02 1.217643e-15
7 9.770417e-01 9.770417e-01 -6.045737e-02 2.644242e-16
8 3.842718e-01 3.842718e-01 -5.886036e-02 1.499905e-16
9 2.080404e-01 2.080404e-01 -7.754970e-02 1.526965e-16
10 7.011415e+00 2.080404e-01 -4.570050e-02 3.548967e-15
11 1.090940e+04 2.080404e-01 -3.539773e-02 1.825918e-12
12 3.934287e+03 2.080404e-01 -2.740801e-02 4.582283e-13
13 1.418549e+03 2.080404e-01 -2.121027e-02 2.283138e-13
14 5.113229e+02 2.080404e-01 -1.640195e-02 3.411051e-13
15 1.842382e+02 2.080404e-01 -1.267386e-02 2.850116e-14
16 6.640177e+01 2.080404e-01 -9.786651e-03 4.264857e-14
17 2.393262e+01 2.080404e-01 -7.571374e-03 3.573524e-15
18 8.638103e+00 2.080404e-01 -5.912866e-03 1.781838e-15
19 3.207061e+00 2.080404e-01 -4.750491e-03 2.221394e-15
20 1.769187e+00 2.080404e-01 -4.126454e-03 6.686031e-16
21 7.120965e-01 2.080404e-01 -4.591372e-03 1.139562e-16
22 3.497279e-01 2.080404e-01 -2.293321e-02 5.824148e-17
23 1.415699e+02 2.080404e-01 -1.776038e-02 3.181048e-15
24 5.114109e+01 2.080404e-01 -1.376815e-02 8.194917e-16
25 1.845895e+01 2.080404e-01 -1.070451e-02 3.564908e-15
26 6.716778e+00 2.080404e-01 -8.462567e-03 8.987583e-16
27 2.889714e+00 2.080404e-01 -6.782452e-03 4.492914e-16
28 1.124291e+00 2.080404e-01 -1.015877e-02 1.127427e-15
29 1.884368e+04 2.080404e-01 -7.869329e-03 5.709433e-14
30 6.796017e+03 2.080404e-01 -6.094080e-03 9.096574e-13
31 2.450598e+03 2.080404e-01 -4.717224e-03 4.548063e-13
32 8.834518e+02 2.080404e-01 -3.649121e-03 2.747081e-15
33 3.183802e+02 2.080404e-01 -2.820659e-03 8.497990e-16
34 1.146963e+02 2.080404e-01 -2.179230e-03 3.296047e-16
35 4.131920e+01 2.080404e-01 -1.693551e-03 7.107601e-15
36 1.802050e+01 2.080404e-01 -1.314905e-03 1.709711e-16
37 6.512469e+00 2.080404e-01 -1.020567e-03 1.785605e-15
38 2.425951e+00 2.080404e-01 -8.457234e-04 3.093232e-16
39 9.463440e-01 2.080404e-01 -8.193552e-04 3.331260e-16
40 4.245920e-01 2.080404e-01 -2.133349e-03 1.112608e-16
41 1.380475e+03 2.080404e-01 -1.651428e-03 4.547523e-13
42 4.976843e+02 2.080404e-01 -1.277610e-03 5.685610e-14
43 1.793959e+02 2.080404e-01 -1.001881e-03 2.842904e-14
44 5.946914e+06 2.080404e-01 -7.764401e-04 2.793968e-09
45 2.145323e+06 2.080404e-01 -6.017177e-04 9.313226e-10
46 7.739089e+05 2.080404e-01 -4.663012e-04 2.618151e-14
47 2.791775e+05 2.080404e-01 -3.613449e-04 2.328306e-10
48 1.007072e+05 2.080404e-01 -2.799929e-04 2.910383e-11
49 3.632645e+04 2.080404e-01 -2.169314e-04 7.275958e-12
50 1.310258e+04 2.080404e-01 -1.680420e-04 1.818990e-12
51 4.725472e+03 2.080404e-01 -1.301320e-04 2.728484e-12
52 1.723654e+03 2.080404e-01 -1.007141e-04 2.273737e-13
53 6.256901e+02 2.080404e-01 -7.789023e-05 1.136868e-13
54 2.254552e+02 2.080404e-01 -6.018124e-05 8.526513e-14
55 8.119936e+01 2.080404e-01 -4.645855e-05 5.684342e-14
56 2.923960e+01 2.080404e-01 -3.602769e-05 2.486900e-14
57 1.604206e+02 2.080404e-01 -2.779685e-05 4.011485e-18
58 6.330277e+01 2.080404e-01 -2.139685e-05 1.421086e-14
59 2.287220e+01 2.080404e-01 -1.651160e-05 3.552715e-15
60 8.403348e+00 2.080404e-01 -1.286610e-05 6.876567e-19
61 3.090303e+00 2.080404e-01 -1.047517e-05 1.332268e-15
62 1.200629e+00 2.080404e-01 -9.021543e-06 4.440892e-16
63 8.237950e-01 2.080404e-01 -9.904144e-06 6.670684e-20
64 5.243663e+02 2.080404e-01 -7.651828e-06 1.136868e-13
65 1.969159e+02 2.080404e-01 -5.893551e-06 2.842171e-14
66 7.323956e+01 2.080404e-01 -4.528957e-06 2.842171e-14
67 2.642911e+01 2.080404e-01 -3.455837e-06 1.668743e-19
68 1.093307e+01 2.080404e-01 -2.616353e-06 9.097327e-20
69 3.936464e+00 2.080404e-01 -1.959980e-06 8.881784e-16
70 2.636562e+01 2.080404e-01 -1.501477e-06 5.759032e-20
71 9.471238e+00 2.080404e-01 -1.147164e-06 2.531227e-20
72 3.438210e+00 2.080404e-01 -9.349156e-07 2.408445e-20
73 5.182377e+01 2.080404e-01 -7.196472e-07 2.842171e-14
74 1.866237e+01 2.080404e-01 -5.499518e-07 3.552714e-15
75 8.294187e+00 2.080404e-01 -4.201715e-07 1.776357e-15
76 2.981586e+00 2.080404e-01 -2.798399e-07 8.881784e-16
77 7.150096e+01 2.080404e-01 -2.163144e-07 1.421085e-14
78 2.743559e+01 2.080404e-01 -1.657177e-07 1.421085e-14
79 9.856244e+00 2.080404e-01 -1.272154e-07 3.552714e-15
80 3.579760e+00 2.080404e-01 -9.556208e-08 1.332268e-15
81 1.319942e+00 2.080404e-01 -7.694717e-08 2.220446e-16
82 8.211755e-01 2.080404e-01 -6.472583e-08 5.562945e-22
83 3.157708e+00 2.080404e-01 -5.663609e-08 8.881784e-16
84 1.359901e+04 2.080404e-01 -4.386752e-08 2.268533e-19
85 4.904246e+03 2.080404e-01 -3.396516e-08 2.728484e-12
86 1.768256e+03 2.080404e-01 -2.628594e-08 2.273737e-13
87 6.432361e+02 2.080404e-01 -2.032463e-08 2.273737e-13
88 2.317504e+02 2.080404e-01 -1.569981e-08 2.842171e-14
89 8.345912e+01 2.080404e-01 -1.212089e-08 1.421085e-14
90 3.005523e+01 2.080404e-01 -9.370423e-09 3.021544e-22
91 1.084220e+01 2.080404e-01 -7.313795e-09 1.134006e-22
92 3.939447e+00 2.080404e-01 -5.906351e-09 1.332268e-15
93 1.469079e+00 2.080404e-01 -5.355015e-09 1.971009e-23
94 5.965175e-01 2.080404e-01 -7.195202e-09 1.110223e-16
95 1.810856e+01 2.080404e-01 -5.518781e-09 7.105427e-15
96 9.515602e+00 2.080404e-01 -4.261374e-09 3.552714e-15
97 3.532149e+00 2.080404e-01 -3.387220e-09 4.440892e-16
98 1.310679e+00 2.080404e-01 -2.770450e-09 4.440892e-16
99 1.602761e+01 2.080404e-01 -2.162891e-09 3.552714e-15
100 5.937253e+00 2.080404e-01 -1.714058e-09 5.001921e-23
101 2.444127e+00 2.080404e-01 -1.412183e-09 1.332268e-15
102 9.384726e-01 2.080404e-01 -1.337529e-09 7.374589e-24
103 3.710668e+00 2.080404e-01 -1.059606e-09 4.440892e-16
104 1.393748e+00 2.080404e-01 -9.442419e-10 4.570613e-24
105 7.663924e-01 2.080404e-01 -1.032898e-09 3.330669e-16
106 5.432756e-01 2.080404e-01 -1.079983e-09 4.925016e-24
107 8.626944e+01 2.080404e-01 -8.345671e-10 1.421085e-14
108 5.900066e+01 2.080404e-01 -6.428080e-10 1.421085e-14
109 2.144976e+01 2.080404e-01 -4.962494e-10 7.105427e-15
110 7.721704e+00 2.080404e-01 -3.853439e-10 1.776357e-15
111 2.796841e+00 2.080404e-01 -3.136250e-10 4.440892e-16
112 2.036005e+00 2.080404e-01 -2.555560e-10 8.881784e-16
113 7.770404e-01 2.080404e-01 -2.438273e-10 5.787052e-25
114 4.710731e-01 2.080404e-01 -2.851762e-10 1.110223e-16
115 1.082150e+00 2.080404e-01 -2.597076e-10 8.881784e-16
116 4.479522e+00 2.080404e-01 -3.230447e-10 2.664535e-15
117 1.265466e+07 2.080404e-01 -2.503568e-10 3.725290e-09
118 4.565143e+06 2.080404e-01 -1.940228e-10 1.173265e-19
119 1.646859e+06 2.080404e-01 -1.503629e-10 2.328306e-10
120 5.940941e+05 2.080404e-01 -1.165251e-10 1.164153e-10
121 2.143131e+05 2.080404e-01 -9.029902e-11 5.820766e-11
122 7.730964e+04 2.080404e-01 -6.997164e-11 4.365575e-11
123 2.788717e+04 2.080404e-01 -5.421521e-11 3.637979e-12
124 1.005895e+04 2.080404e-01 -4.200075e-11 1.818989e-12
125 3.627986e+03 2.080404e-01 -3.253108e-11 4.547474e-13
126 1.308360e+03 2.080404e-01 -2.518832e-11 4.547474e-13
127 4.717534e+02 2.080404e-01 -1.949529e-11 5.684342e-14
128 1.700698e+02 2.080404e-01 -1.508530e-11 5.684342e-14
129 6.131096e+01 2.080404e-01 -1.167900e-11 3.049052e-24
130 2.213706e+01 2.080404e-01 -9.076204e-12 1.065814e-14
131 8.024086e+00 2.080404e-01 -7.160387e-12 1.776357e-15
132 2.936448e+00 2.080404e-01 -5.886860e-12 2.220446e-15
133 1.149917e+00 2.080404e-01 -5.421739e-12 2.220446e-16
134 5.142085e-01 2.080404e-01 -6.933134e-12 1.110223e-16
135 9.867480e-01 2.080404e-01 -6.514222e-12 1.110223e-16
136 1.140709e+00 2.080404e-01 -4.556690e-12 4.440892e-16
137 2.184320e+03 2.080404e-01 -3.526641e-12 5.238353e-24
138 7.874699e+02 2.080404e-01 -2.727547e-12 2.024065e-24
139 2.837934e+02 2.080404e-01 -2.107852e-12 1.705303e-13
140 1.022743e+02 2.080404e-01 -1.627347e-12 2.842171e-14
141 3.684719e+01 2.080404e-01 -1.256802e-12 8.550712e-26
142 1.329766e+01 2.080404e-01 -9.761315e-13 3.552714e-15
143 5.487768e+00 2.080404e-01 -7.696457e-13 2.664535e-15
144 2.021605e+00 2.080404e-01 -6.300390e-13 8.881784e-16
145 8.164248e-01 2.080404e-01 -6.665289e-13 2.069750e-27
146 7.403417e+00 2.080404e-01 -5.688516e-13 4.440892e-15
147 3.578145e+02 2.080404e-01 -4.418812e-13 1.136868e-13
148 2.217993e+04 2.080404e-01 -3.421040e-13 7.275958e-12
149 8.521128e+03 2.080404e-01 -2.646758e-13 1.818989e-12
150 3.072643e+03 2.080404e-01 -2.044281e-13 4.547474e-13
151 1.107390e+03 2.080404e-01 -1.575597e-13 4.547474e-13
152 4.050537e+02 2.080404e-01 -1.206324e-13 3.259654e-26
153 1.459419e+02 2.080404e-01 -9.120988e-14 1.228853e-26
154 5.827040e+01 2.080404e-01 -6.712760e-14 7.105427e-15
155 2.095322e+01 2.080404e-01 -4.679621e-14 3.552714e-15
156 8.556844e+00 2.080404e-01 -2.837543e-14 7.775377e-28
157 3.805480e+00 2.080404e-01 -1.260491e-14 8.881784e-16
158 1.151311e+01 2.080404e-01 -5.837288e-15 5.329071e-15
159 1.011165e+01 2.080404e-01 -1.066316e-15 3.552714e-15
160 5.540365e+00 2.080404e-01 3.507947e-15 1.776357e-15
161 2.189879e+00 2.080404e-01 1.248659e-14 8.881784e-16
162 8.464289e-01 2.080404e-01 3.051228e-14 3.854329e-29
163 3.215092e-01 2.080404e-01 6.360879e-14 3.330669e-16
164 1.188389e-01 1.188389e-01 1.876534e-13 1.387779e-17
165 6.368268e-02 6.368268e-02 2.402208e-13 1.387779e-17
166 2.115638e-02 2.115638e-02 3.219903e-13 3.469447e-18
167 5.447177e-03 5.447177e-03 3.908662e-13 1.436896e-28
168 1.753348e-03 1.753348e-03 5.742271e-13 2.168404e-19
169 5.752749e-04 5.752749e-04 8.051258e-13 2.168404e-19
170 1.839338e-04 1.839338e-04 1.059408e-12 5.421011e-20
171 5.844166e-05 5.844166e-05 1.334201e-12 6.776264e-21
172 1.836803e-05 1.836803e-05 1.604216e-12 3.388132e-21
173 5.696730e-06 5.696730e-06 1.839853e-12 8.470329e-22
174 1.749721e-06 1.749721e-06 2.028466e-12 2.325197e-29
175 5.343163e-07 5.343163e-07 2.171760e-12 1.586030e-29
176 1.626135e-07 1.626135e-07 2.277405e-12 1.058791e-22
177 4.938904e-08 4.938904e-08 2.354089e-12 1.985233e-23
178 1.498164e-08 1.498164e-08 2.409494e-12 3.308722e-24
179 4.540939e-09 4.540939e-09 2.449721e-12 1.257761e-30
180 1.375683e-09 1.375683e-09 2.479355e-12 8.271806e-25
181 4.166211e-10 4.166211e-10 2.501651e-12 1.550964e-25
182 1.261526e-10 1.261526e-10 2.519006e-12 1.149432e-31
183 3.819695e-11 3.819695e-11 2.533241e-12 1.292470e-26
184 1.156190e-11 1.156190e-11 2.545262e-12 1.615587e-27
185 3.498552e-12 3.498552e-12 2.555449e-12 8.077936e-28
186 1.060767e-12 1.060767e-12 2.568894e-12 4.038968e-28
187 3.178621e-13 3.178621e-13 2.563897e-12 2.524355e-28
x: -2.173327e-01  1.503586e-03 -2.792024e-01 -1.636733e-01  8.650532e-02  1.882650e-01 -2.867089e-01  4.892924e-02  2.383196e-01 -1.118518e-01 -2.190984e-01  2.790393e-01 -1.683525e-01  1.298917e-01  2.588444e-01 -7.820568e-02  2.818857e-01 -9.819964e-02 -1.155307e-01  2.777441e-01 -2.484057e-01 -4.153232e-02  2.781152e-01 -1.595550e-01  2.323124e-01  1.077514e-01  1.743135e-01 -2.711175e-01 -2.537408e-01  1.024294e-01  2.632381e-01  1.724587e-01 -1.627689e-01 -2.873590e-01  2.064358e-01  2.303542e-01  2.299132e-01  6.716265e-02  2.882606e-01 -2.435850e-01 -1.548844e-01 -2.624716e-01 -8.968444e-02  2.817443e-01 -2.356865e-01  1.533121e-01  2.527658e-01  1.878908e-01  2.584431e-01 -2.883431e-01  2.872028e-01 -6.062506e-02  2.836973e-01  1.602169e-01 -2.877859e-01  1.899997e-01  2.886713e-01  7.334425e-02  2.377908e-01 -2.754090e-01 -2.188368e-01  3.363516e-02  2.844983e-01 -1.629020e-01  2.661250e-01  1.879608e-01 -7.396243e-02 -2.345012e-01  2.578012e-01  1.278003e-01 -2.778798e-01  6.223957e-02  2.714592e-01 -2.645487e-01 -7.868655e-02 -1.470644e-01 -2.856719e-01 -7.736484e-02 -2.405734e-01  1.713602e-01 -2.678115e-01  2.301046e-01  9.913950e-02 -1.376550e-01  2.698917e-01  1.184865e-01  2.314981e-01  2.384106e-01  2.753425e-02  2.017861e-01  1.739836e-01 -1.745659e-01  2.807535e-01  1.546499e-02  1.549182e-01  2.436066e-01  1.201749e-01 -2.743903e-01  6.287692e-02  1.666889e-01  2.445992e-01 -1.394374e-01  2.191583e-01  1.286100e-01 -1.384030e-02 -2.911877e-02 -2.822373e-01 -5.337756e-02 -2.401331e-01 -2.264029e-02  2.563897e-12
grad: -7.639069e-20  2.509608e-20  1.074096e-21 -1.769567e-20 -5.007296e-21  1.388990e-20 -8.743966e-21  1.537843e-19 -3.836808e-20 -2.112773e-20 -7.696880e-20  2.501696e-20 -6.080284e-20 -3.281788e-21 -2.460992e-20  5.877853e-20  5.388054e-21 -6.569831e-20 -5.954491e-20 -1.131142e-20  1.657262e-20  3.647516e-20  7.335118e-21 -1.825197e-20 -2.682960e-20 -1.299677e-20  1.558360e-20 -1.134165e-20  1.194591e-20 -5.503248e-20  1.586639e-20  6.576851e-20 -4.796106e-21 -1.360929e-20 -2.673692e-22 -7.027535e-20 -2.145431e-21  3.341907e-20 -7.033107e-21 -5.708506e-21  3.723204e-20 -2.062696e-21 -5.880004e-20  7.185915e-21  1.548561e-20 -2.745707e-20  1.102961e-20 -2.032709e-20 -3.314686e-20  1.791100e-20  4.697561e-21 -4.628070e-20  4.124466e-21 -3.646186e-20  1.219036e-20 -6.075036e-20  1.597756e-20  2.339560e-20  5.107001e-21  1.666328e-20  4.376953e-20 -1.453797e-19 -2.167097e-20 -2.856585e-20  1.606333e-21 -6.477513e-20  3.664595e-20  2.715761e-20 -2.464877e-21  4.699662e-20 -1.701368e-20 -5.853226e-20 -3.856287e-20  1.952645e-20 -4.556717e-20 -1.637311e-20 -1.106777e-20 -1.674480e-20  7.133697e-21  4.283642e-20 -6.455296e-21 -1.349097e-20 -4.766923e-20  6.300231e-21  2.215862e-20 -2.514829e-20 -4.219678e-20 -1.050525e-20 -5.917301e-20  1.661980e-20  8.341797e-20 -1.969763e-21  1.279077e-21  7.006464e-22 -3.815277e-20  2.513752e-20  1.718553e-20  1.929799e-20 -3.167662e-20  2.193381e-20  3.057535e-20  1.556718e-20  1.977340e-20  8.212294e-20  3.973567e-20  1.677910e-20  1.796457e-20  9.875285e-22 -2.681539e-20 -9.173895e-21  3.178621e-13
finished in 187 iterations (0.781 seconds total)
max viol = 1.71698e-07
