---------------------
Basis Indices:
---------------------

{-, -}, {-, -}


{-, -}, {}


{-, 9+i21}, {}

---------------------
Index Mapping: 
---------------------

{21: 1, 9: 0}

---------------------
Final Problem: 
---------------------
Find a point satisfying:

0.707107*{0} = 0 

-0.5*{} + 1*{11} + 1*{00} = 0 

1*{1} > 0 

{2, 1, 1, 1} 2
1 5.295654e-02 5.295654e-02
2 2.328637e-01 5.295654e-02
3 2.912642e-01 5.295654e-02
4 6.197818e-01 5.295654e-02
5 4.596137e-01 5.295654e-02
6 3.194686e-01 5.295654e-02
7 2.053978e-01 5.295654e-02
8 1.290060e-01 5.295654e-02
9 7.998863e-02 5.295654e-02
10 4.918852e-02 4.918852e-02
11 3.007559e-02 3.007559e-02
12 1.831286e-02 1.831286e-02
13 1.111589e-02 1.111589e-02
14 6.731310e-03 6.731310e-03
15 4.068744e-03 4.068744e-03
16 2.455873e-03 2.455873e-03
17 1.480722e-03 1.480722e-03
18 8.920107e-04 8.920107e-04
19 5.370042e-04 5.370042e-04
20 3.231177e-04 3.231177e-04
21 1.943432e-04 1.943432e-04
22 1.168537e-04 1.168537e-04
23 7.024414e-05 7.024414e-05
24 4.221784e-05 4.221784e-05
25 2.536989e-05 2.536989e-05
26 1.524375e-05 1.524375e-05
27 9.158556e-06 9.158556e-06
28 5.502151e-06 5.502151e-06
29 3.305332e-06 3.305332e-06
30 1.985546e-06 1.985546e-06
31 1.192699e-06 1.192699e-06
32 7.164256e-07 7.164256e-07
33 4.303314e-07 4.303314e-07
34 2.584810e-07 2.584810e-07
35 1.552563e-07 1.552563e-07
36 9.325367e-08 9.325367e-08
37 5.601182e-08 5.601182e-08
38 3.364272e-08 3.364272e-08
39 2.020694e-08 2.020694e-08
40 1.213693e-08 1.213693e-08
41 7.289806e-09 7.289806e-09
42 4.378469e-09 4.378469e-09
43 2.629832e-09 2.629832e-09
44 1.579549e-09 1.579549e-09
45 9.487195e-10 9.487195e-10
46 5.698260e-10 5.698260e-10
47 3.422524e-10 3.422524e-10
48 2.055656e-10 2.055656e-10
49 1.234680e-10 1.234680e-10
50 7.415803e-11 7.415803e-11
51 4.454119e-11 4.454119e-11
52 2.675258e-11 2.675258e-11
53 1.606827e-11 1.606827e-11
54 9.651013e-12 9.651013e-12
55 5.796628e-12 5.796628e-12
56 3.481613e-12 3.481613e-12
57 2.091141e-12 2.091141e-12
58 1.255995e-12 1.255995e-12
59 7.543783e-13 7.543783e-13
finished in 59 iterations (0.001 seconds total)
max viol = 3.40401e-07
max viol of orig = 0.5
In a nicer form:
 { { (+1.0000000,+0.0000000), (+0.0000000,+0.0000000)}, 
   { (+0.0000000,+0.0000000), (+1.0000000,+0.0000000)} } 
 { { (+0.7071068,+0.0000000), (+0.7071068,+0.0000000)}, 
   { (+0.7071068,+0.0000000), (+0.0000000,+0.0000000)} } 
 { { (+0.7071068,+0.0000000), (-0.0000005,-0.7071068)}, 
   { (+0.7071068,+0.0000000), (+0.0000000,+0.0000000)} } 
