---------------------
Basis Indices:
---------------------

{1, 0, 0}, {}, {}


{0.577, 0.577, 0.577}, {}, {}


{0.577, x_19+i*x_64, x_20+i*x_65}, {}, {}


{0.577, x_28+i*x_73, x_29+i*x_74}, {}, {}


{0.577, x_37+i*x_82, x_38+i*x_83}, {}, {}

---------------------
Problem: 
---------------------
Find a point satisfying:

-0.333333*{} + 1*{  91  91} + 1*{  90  90} = 0 

0.333333*{} + 1*{  19  28} + 1*{  64  73} + 1*{  20  29} + 1*{  65  74} + -1*{  90} = 0 

1*{  19  73} + -1*{  28  64} + -1*{  91} + 1*{  20  74} + -1*{  29  65} = 0 

-0.333333*{} + 1*{  93  93} + 1*{  92  92} = 0 

0.333333*{} + 1*{  19  37} + -1*{  92} + 1*{  64  82} + 1*{  65  83} + 1*{  20  38} = 0 

1*{  20  83} + 1*{  19  82} + -1*{  37  64} + -1*{  38  65} + -1*{  93} = 0 

-0.666667*{} + 1*{  19  19} + 1*{  64  64} + 1*{  65  65} + 1*{  20  20} = 0 

0.666667*{  64  65} + 0.333333*{  20  20} + 0.666667*{  19  20} + -0.222222*{} + 0.3849*{  19} + 0.3849*{  20} + 0.333333*{  19  19} + 0.333333*{  64  64} + 0.333333*{  65  65} = 0 

-0.333333*{} + 1*{  95  95} + 1*{  94  94} = 0 

0.333333*{} + 1*{  28  37} + 1*{  73  82} + 1*{  29  38} + 1*{  74  83} + -1*{  94} = 0 

-1*{  38  74} + 1*{  28  82} + -1*{  95} + -1*{  37  73} + 1*{  29  83} = 0 

-0.666667*{} + 1*{  28  28} + 1*{  73  73} + 1*{  29  29} + 1*{  74  74} = 0 

0.333333*{  29  29} + 0.333333*{  28  28} + 0.666667*{  28  29} + -0.222222*{} + 0.3849*{  29} + 0.3849*{  28} + 0.666667*{  73  74} + 0.333333*{  73  73} + 0.333333*{  74  74} = 0 

-0.666667*{} + 1*{  38  38} + 1*{  83  83} + 1*{  37  37} + 1*{  82  82} = 0 

0.666667*{  82  83} + 0.666667*{  37  38} + 0.333333*{  37  37} + 0.333333*{  38  38} + -0.222222*{} + 0.333333*{  83  83} + 0.3849*{  37} + 0.3849*{  38} + 0.333333*{  82  82} = 0 

---------------------
Summary:
---------------------
set sizes: {1, 1, 1, 1, 1}, vars: 18, vectors: 5, equations: 15, indep eqn: 15

---------------------
Optimization:
---------------------
1 1.508e+00 1.508e+00
2 8.291e-01 8.291e-01
3 2.044e+01 8.291e-01
4 6.726e+00 8.291e-01
5 2.190e+00 8.291e-01
6 7.080e-01 7.080e-01
7 1.029e+06 7.080e-01
8 3.477e+05 7.080e-01
9 1.175e+05 7.080e-01
10 3.969e+04 7.080e-01
11 1.341e+04 7.080e-01
12 7.199e+03 7.080e-01
13 2.428e+03 7.080e-01
14 8.171e+02 7.080e-01
15 2.742e+02 7.080e-01
16 9.162e+01 7.080e-01
17 3.041e+01 7.080e-01
18 1.000e+01 7.080e-01
19 3.262e+00 7.080e-01
20 1.062e+00 7.080e-01
21 3.700e-01 3.700e-01
22 1.208e-01 1.208e-01
23 3.958e-02 3.958e-02
24 1.255e-02 1.255e-02
25 3.838e-03 3.838e-03
26 1.136e-03 1.136e-03
27 3.274e-04 3.274e-04
28 9.264e-05 9.264e-05
29 2.591e-05 2.591e-05
30 7.199e-06 7.199e-06
31 1.993e-06 1.993e-06
32 5.505e-07 5.505e-07
33 1.519e-07 1.519e-07
34 4.190e-08 4.190e-08
35 1.155e-08 1.155e-08
36 3.185e-09 3.185e-09
37 8.779e-10 8.779e-10
38 2.420e-10 2.420e-10
39 6.670e-11 6.670e-11
40 1.838e-11 1.838e-11
41 5.068e-12 5.068e-12
42 1.397e-12 1.397e-12
43 3.851e-13 3.851e-13
44 1.066e-13 1.066e-13
45 2.961e-14 2.961e-14
1 (precision) 8.451e-15 8.451e-15 (from 2.961e-14)
2 (precision) 2.112e-15 2.112e-15 (from 2.961e-14)
3 (precision) 2.242e-16 2.242e-16 (from 2.961e-14)
4 (precision) 2.003e-16 2.003e-16 (from 2.961e-14)
5 (precision) 2.223e-16 2.003e-16 (from 2.961e-14)
6 (precision) 1.626e-15 2.003e-16 (from 2.961e-14)
7 (precision) 8.923e-17 8.923e-17 (from 2.961e-14)
8 (precision) 1.548e-16 8.923e-17 (from 2.961e-14)
9 (precision) 9.173e-16 8.923e-17 (from 2.961e-14)
10 (precision) 6.950e-16 8.923e-17 (from 2.961e-14)
11 (precision) 2.270e-16 8.923e-17 (from 2.961e-14)
12 (precision) 1.238e-15 8.923e-17 (from 2.961e-14)
13 (precision) 4.905e-16 8.923e-17 (from 2.961e-14)
14 (precision) 7.192e-16 8.923e-17 (from 2.961e-14)
15 (precision) 7.679e-16 8.923e-17 (from 2.961e-14)
16 (precision) 1.498e-15 8.923e-17 (from 2.961e-14)
17 (precision) 5.329e-17 5.329e-17 (from 2.961e-14)
18 (precision) 1.260e-16 5.329e-17 (from 2.961e-14)
19 (precision) 7.618e-16 5.329e-17 (from 2.961e-14)
20 (precision) 1.358e-15 5.329e-17 (from 2.961e-14)
21 (precision) 1.144e-16 5.329e-17 (from 2.961e-14)
22 (precision) 6.862e-16 5.329e-17 (from 2.961e-14)
23 (precision) 8.956e-16 5.329e-17 (from 2.961e-14)
24 (precision) 1.948e-16 5.329e-17 (from 2.961e-14)
25 (precision) 6.278e-17 5.329e-17 (from 2.961e-14)
26 (precision) 2.841e-17 2.841e-17 (from 2.961e-14)
27 (precision) 9.975e-18 9.975e-18 (from 2.961e-14)
28 (precision) 9.975e-18 9.975e-18 (from 2.961e-14)
29 (precision) 1.765e-16 9.975e-18 (from 2.961e-14)
30 (precision) 6.549e-17 9.975e-18 (from 2.961e-14)
31 (precision) 7.117e-16 9.975e-18 (from 2.961e-14)
32 (precision) 2.536e-15 9.975e-18 (from 2.961e-14)
33 (precision) 6.484e-16 9.975e-18 (from 2.961e-14)
34 (precision) 3.708e-16 9.975e-18 (from 2.961e-14)
35 (precision) 7.329e-17 9.975e-18 (from 2.961e-14)
36 (precision) 1.010e-16 9.975e-18 (from 2.961e-14)
37 (precision) 4.554e-17 9.975e-18 (from 2.961e-14)
38 (precision) 6.549e-17 9.975e-18 (from 2.961e-14)
39 (precision) 3.153e-16 9.975e-18 (from 2.961e-14)
40 (precision) 5.174e-16 9.975e-18 (from 2.961e-14)
41 (precision) 7.039e-16 9.975e-18 (from 2.961e-14)
42 (precision) 9.975e-18 9.975e-18 (from 2.961e-14)
43 (precision) 3.986e-16 9.975e-18 (from 2.961e-14)
44 (precision) 9.975e-18 9.975e-18 (from 2.961e-14)
45 (precision) 4.554e-17 9.975e-18 (from 2.961e-14)
46 (precision) 6.549e-17 9.975e-18 (from 2.961e-14)
47 (precision) 1.778e-17 9.975e-18 (from 2.961e-14)
48 (precision) 1.778e-17 9.975e-18 (from 2.961e-14)
49 (precision) 2.398e-16 9.975e-18 (from 2.961e-14)
50 (precision) 1.765e-16 9.975e-18 (from 2.961e-14)
51 (precision) 1.288e-16 9.975e-18 (from 2.961e-14)
52 (precision) 2.320e-16 9.975e-18 (from 2.961e-14)
53 (precision) 9.975e-18 9.975e-18 (from 2.961e-14)
54 (precision) 7.329e-17 9.975e-18 (from 2.961e-14)
55 (precision) 1.010e-16 9.975e-18 (from 2.961e-14)
56 (precision) 1.566e-16 9.975e-18 (from 2.961e-14)
57 (precision) 2.320e-16 9.975e-18 (from 2.961e-14)
58 (precision) 1.778e-17 9.975e-18 (from 2.961e-14)
59 (precision) 2.320e-16 9.975e-18 (from 2.961e-14)
60 (precision) 4.554e-17 9.975e-18 (from 2.961e-14)
61 (precision) 3.786e-16 9.975e-18 (from 2.961e-14)
62 (precision) 2.320e-16 9.975e-18 (from 2.961e-14)
63 (precision) 2.043e-16 9.975e-18 (from 2.961e-14)
64 (precision) 1.765e-16 9.975e-18 (from 2.961e-14)
65 (precision) 1.488e-16 9.975e-18 (from 2.961e-14)
66 (precision) 1.288e-16 9.975e-18 (from 2.961e-14)
67 (precision) 4.554e-17 9.975e-18 (from 2.961e-14)
68 (precision) 4.341e-16 9.975e-18 (from 2.961e-14)
69 (precision) 2.875e-16 9.975e-18 (from 2.961e-14)
70 (precision) 9.324e-17 9.975e-18 (from 2.961e-14)
71 (precision) 6.549e-17 9.975e-18 (from 2.961e-14)
72 (precision) 9.975e-18 9.975e-18 (from 2.961e-14)
73 (precision) 4.554e-17 9.975e-18 (from 2.961e-14)
74 (precision) 3.430e-16 9.975e-18 (from 2.961e-14)
75 (precision) 1.288e-16 9.975e-18 (from 2.961e-14)
76 (precision) 1.488e-16 9.975e-18 (from 2.961e-14)
77 (precision) 3.773e-17 9.975e-18 (from 2.961e-14)
78 (precision) 1.210e-16 9.975e-18 (from 2.961e-14)
79 (precision) 1.843e-16 9.975e-18 (from 2.961e-14)
80 (precision) 4.554e-17 9.975e-18 (from 2.961e-14)
81 (precision) 1.778e-17 9.975e-18 (from 2.961e-14)
82 (precision) 3.986e-16 9.975e-18 (from 2.961e-14)
83 (precision) 4.341e-16 9.975e-18 (from 2.961e-14)
84 (precision) 4.541e-16 9.975e-18 (from 2.961e-14)
85 (precision) 2.043e-16 9.975e-18 (from 2.961e-14)
86 (precision) 6.549e-17 9.975e-18 (from 2.961e-14)
87 (precision) 2.598e-16 9.975e-18 (from 2.961e-14)
88 (precision) 4.064e-16 9.975e-18 (from 2.961e-14)
89 (precision) 6.206e-16 9.975e-18 (from 2.961e-14)
90 (precision) 9.324e-17 9.975e-18 (from 2.961e-14)
91 (precision) 7.329e-17 9.975e-18 (from 2.961e-14)
92 (precision) 1.210e-16 9.975e-18 (from 2.961e-14)
93 (precision) 2.398e-16 9.975e-18 (from 2.961e-14)
94 (precision) 3.708e-16 9.975e-18 (from 2.961e-14)
95 (precision) 1.210e-16 9.975e-18 (from 2.961e-14)
96 (precision) 3.231e-16 9.975e-18 (from 2.961e-14)
97 (precision) 2.043e-16 9.975e-18 (from 2.961e-14)
98 (precision) 3.773e-17 9.975e-18 (from 2.961e-14)
99 (precision) 6.549e-17 9.975e-18 (from 2.961e-14)
100 (precision) 1.488e-16 9.975e-18 (from 2.961e-14)

x:  1.665e-02  4.010e-01 -4.085e-01  8.723e-02 -1.507e-01  4.511e-01 -4.503e-01  5.503e-01 -5.951e-01 -3.716e-01  1.640e-01 -6.431e-01  4.249e-01 -3.909e-01  8.391e-02 -5.712e-01  5.756e-01 -4.513e-02 -3.030e-26

grad:  4.501e-95  5.781e-95  1.282e-95 -2.598e-95 -8.670e-95  2.456e-94 -7.968e-95  2.143e-94 -9.296e-95 -1.469e-94  1.272e-94 -4.550e-94  5.735e-95 -4.752e-95  7.863e-95  1.416e-95 -7.047e-95 -2.006e-95  1.488e-16

finished in 45 iterations (0.006 seconds total)
max viol = 1.09e-08

---------------------
Result:
---------------------

{(1,0), (0,0), (0,0)}, {}, {}


{(0.577,0), (0.577,0), (0.577,0)}, {}, {}


{(0.577,0), (0.0167,-0.45), (0.401,0.55)}, {}, {}


{(0.577,0), (-0.409,-0.595), (0.0872,-0.372)}, {}, {}


{(0.577,0), (-0.151,0.164), (0.451,-0.643)}, {}, {}

---------------------
Abs of Gram matrix:
---------------------

 { { +1.0000, +0.0000, +0.0000, +0.5774, +0.0000, +0.0000, +0.5774, +0.0000, +0.0000, +0.5774, +0.0000, +0.0000, +0.5774, +0.0000, +0.0000}, 
   { +0.0000, +0.0000, +0.0000, +0.0000, +0.0000, +0.0000, +0.0000, +0.0000, +0.0000, +0.0000, +0.0000, +0.0000, +0.0000, +0.0000, +0.0000}, 
   { +0.0000, +0.0000, +0.0000, +0.0000, +0.0000, +0.0000, +0.0000, +0.0000, +0.0000, +0.0000, +0.0000, +0.0000, +0.0000, +0.0000, +0.0000}, 
   { +0.5774, +0.0000, +0.0000, +1.0000, +0.0000, +0.0000, +0.5774, +0.0000, +0.0000, +0.5774, +0.0000, +0.0000, +0.5774, +0.0000, +0.0000}, 
   { +0.0000, +0.0000, +0.0000, +0.0000, +0.0000, +0.0000, +0.0000, +0.0000, +0.0000, +0.0000, +0.0000, +0.0000, +0.0000, +0.0000, +0.0000}, 
   { +0.0000, +0.0000, +0.0000, +0.0000, +0.0000, +0.0000, +0.0000, +0.0000, +0.0000, +0.0000, +0.0000, +0.0000, +0.0000, +0.0000, +0.0000}, 
   { +0.5774, +0.0000, +0.0000, +0.5774, +0.0000, +0.0000, +1.0000, +0.0000, +0.0000, +0.5774, +0.0000, +0.0000, +0.5774, +0.0000, +0.0000}, 
   { +0.0000, +0.0000, +0.0000, +0.0000, +0.0000, +0.0000, +0.0000, +0.0000, +0.0000, +0.0000, +0.0000, +0.0000, +0.0000, +0.0000, +0.0000}, 
   { +0.0000, +0.0000, +0.0000, +0.0000, +0.0000, +0.0000, +0.0000, +0.0000, +0.0000, +0.0000, +0.0000, +0.0000, +0.0000, +0.0000, +0.0000}, 
   { +0.5774, +0.0000, +0.0000, +0.5774, +0.0000, +0.0000, +0.5774, +0.0000, +0.0000, +1.0000, +0.0000, +0.0000, +0.5774, +0.0000, +0.0000}, 
   { +0.0000, +0.0000, +0.0000, +0.0000, +0.0000, +0.0000, +0.0000, +0.0000, +0.0000, +0.0000, +0.0000, +0.0000, +0.0000, +0.0000, +0.0000}, 
   { +0.0000, +0.0000, +0.0000, +0.0000, +0.0000, +0.0000, +0.0000, +0.0000, +0.0000, +0.0000, +0.0000, +0.0000, +0.0000, +0.0000, +0.0000}, 
   { +0.5774, +0.0000, +0.0000, +0.5774, +0.0000, +0.0000, +0.5774, +0.0000, +0.0000, +0.5774, +0.0000, +0.0000, +1.0000, +0.0000, +0.0000}, 
   { +0.0000, +0.0000, +0.0000, +0.0000, +0.0000, +0.0000, +0.0000, +0.0000, +0.0000, +0.0000, +0.0000, +0.0000, +0.0000, +0.0000, +0.0000}, 
   { +0.0000, +0.0000, +0.0000, +0.0000, +0.0000, +0.0000, +0.0000, +0.0000, +0.0000, +0.0000, +0.0000, +0.0000, +0.0000, +0.0000, +0.0000} } 
