---------------------
Basis Indices:
---------------------

{1, 0, 0}, {1, 0, 0}, {1, 0, 0}


{0.577, 0.577, 0.577}, {0.577, x_13+i*x_49, x_14+i*x_50}, {0.577, x_16+i*x_52, x_17+i*x_53}


{0.577, x_19+i*x_55, x_20+i*x_56}, {0.577, x_22+i*x_58, x_23+i*x_59}, {0.577, x_25+i*x_61, x_26+i*x_62}


{0.577, x_28+i*x_64, x_29+i*x_65}, {0.577, x_31+i*x_67, x_32+i*x_68}, {0.577, x_34+i*x_70, x_35+i*x_71}

---------------------
Problem: 
---------------------
Find a point satisfying:

0.333333*{} + 1*{  14  17} + 1*{  13  16} + 1*{  49  52} + 1*{  50  53} = 0 

1*{  13  52} + -1*{  16  49} + 1*{  14  53} + -1*{  17  50} = 0 

-0.333333*{} + 1*{  73  73} + 1*{  72  72} = 0 

0.333333*{} + 1*{  49  55} + 1*{  13  19} + 1*{  14  20} + 1*{  50  56} + -1*{  72} = 0 

-1*{  20  50} + 1*{  13  55} + -1*{  19  49} + -1*{  73} + 1*{  14  56} = 0 

-0.333333*{} + 1*{  75  75} + 1*{  74  74} = 0 

0.333333*{} + 1*{  13  22} + 1*{  49  58} + 1*{  14  23} + 1*{  50  59} + -1*{  74} = 0 

-1*{  22  49} + 1*{  13  58} + 1*{  14  59} + -1*{  23  50} + -1*{  75} = 0 

-0.333333*{} + 1*{  77  77} + 1*{  76  76} = 0 

0.333333*{} + 1*{  13  25} + 1*{  50  62} + 1*{  49  61} + 1*{  14  26} + -1*{  76} = 0 

1*{  13  61} + -1*{  25  49} + -1*{  77} + 1*{  14  62} + -1*{  26  50} = 0 

-0.333333*{} + 1*{  79  79} + 1*{  78  78} = 0 

0.333333*{} + 1*{  50  65} + 1*{  13  28} + 1*{  49  64} + 1*{  14  29} + -1*{  78} = 0 

1*{  14  65} + 1*{  13  64} + -1*{  28  49} + -1*{  29  50} + -1*{  79} = 0 

-0.333333*{} + 1*{  81  81} + 1*{  80  80} = 0 

0.333333*{} + 1*{  13  31} + 1*{  49  67} + 1*{  50  68} + 1*{  14  32} + -1*{  80} = 0 

-1*{  81} + 1*{  13  67} + -1*{  31  49} + 1*{  14  68} + -1*{  32  50} = 0 

-0.333333*{} + 1*{  83  83} + 1*{  82  82} = 0 

0.333333*{} + 1*{  50  71} + 1*{  13  34} + -1*{  82} + 1*{  49  70} + 1*{  14  35} = 0 

1*{  14  71} + -1*{  35  50} + 1*{  13  70} + -1*{  34  49} + -1*{  83} = 0 

-0.333333*{} + 1*{  49  49} + 1*{  13  13} = 0 

-0.333333*{} + 1*{  50  50} + 1*{  14  14} = 0 

0.333333*{  14  14} + 0.333333*{  49  49} + 0.333333*{  13  13} + 0.666667*{  13  14} + 0.666667*{  49  50} + 0.3849*{  14} + 0.111111*{} + 0.3849*{  13} + 0.333333*{  50  50} = 0 

-0.333333*{} + 1*{  85  85} + 1*{  84  84} = 0 

0.333333*{} + 1*{  16  19} + 1*{  52  55} + 1*{  17  20} + 1*{  53  56} + -1*{  84} = 0 

1*{  16  55} + -1*{  85} + -1*{  19  52} + 1*{  17  56} + -1*{  20  53} = 0 

-0.333333*{} + 1*{  87  87} + 1*{  86  86} = 0 

0.333333*{} + 1*{  16  22} + 1*{  52  58} + 1*{  17  23} + 1*{  53  59} + -1*{  86} = 0 

-1*{  23  53} + 1*{  16  58} + -1*{  22  52} + 1*{  17  59} + -1*{  87} = 0 

-0.333333*{} + 1*{  89  89} + 1*{  88  88} = 0 

0.333333*{} + 1*{  16  25} + 1*{  52  61} + -1*{  88} + 1*{  17  26} + 1*{  53  62} = 0 

1*{  16  61} + -1*{  25  52} + 1*{  17  62} + -1*{  26  53} + -1*{  89} = 0 

-0.333333*{} + 1*{  91  91} + 1*{  90  90} = 0 

0.333333*{} + 1*{  16  28} + -1*{  90} + 1*{  52  64} + 1*{  53  65} + 1*{  17  29} = 0 

1*{  17  65} + 1*{  16  64} + -1*{  28  52} + -1*{  29  53} + -1*{  91} = 0 

-0.333333*{} + 1*{  93  93} + 1*{  92  92} = 0 

0.333333*{} + 1*{  16  31} + 1*{  52  67} + 1*{  17  32} + 1*{  53  68} + -1*{  92} = 0 

1*{  16  67} + -1*{  31  52} + -1*{  93} + 1*{  17  68} + -1*{  32  53} = 0 

-0.333333*{} + 1*{  95  95} + 1*{  94  94} = 0 

0.333333*{} + 1*{  16  34} + 1*{  52  70} + 1*{  53  71} + 1*{  17  35} + -1*{  94} = 0 

-1*{  34  52} + 1*{  16  70} + 1*{  17  71} + -1*{  35  53} + -1*{  95} = 0 

-0.333333*{} + 1*{  52  52} + 1*{  16  16} = 0 

-0.333333*{} + 1*{  53  53} + 1*{  17  17} = 0 

0.333333*{  52  52} + 0.666667*{  16  17} + 0.333333*{  53  53} + 0.111111*{} + 0.333333*{  17  17} + 0.3849*{  16} + 0.666667*{  52  53} + 0.333333*{  16  16} + 0.3849*{  17} = 0 

0.333333*{} + 1*{  19  22} + 1*{  55  58} + 1*{  20  23} + 1*{  56  59} = 0 

-1*{  22  55} + 1*{  20  59} + 1*{  19  58} + -1*{  23  56} = 0 

0.333333*{} + 1*{  19  25} + 1*{  55  61} + 1*{  20  26} + 1*{  56  62} = 0 

1*{  20  62} + -1*{  25  55} + 1*{  19  61} + -1*{  26  56} = 0 

-0.333333*{} + 1*{  97  97} + 1*{  96  96} = 0 

0.333333*{} + 1*{  19  28} + 1*{  55  64} + -1*{  96} + 1*{  20  29} + 1*{  56  65} = 0 

1*{  19  64} + -1*{  28  55} + 1*{  20  65} + -1*{  29  56} + -1*{  97} = 0 

-0.333333*{} + 1*{  99  99} + 1*{  98  98} = 0 

0.333333*{} + -1*{  98} + 1*{  19  31} + 1*{  55  67} + 1*{  20  32} + 1*{  56  68} = 0 

-1*{  99} + 1*{  19  67} + -1*{  31  55} + -1*{  32  56} + 1*{  20  68} = 0 

-0.333333*{} + 1*{ 101 101} + 1*{ 100 100} = 0 

0.333333*{} + 1*{  56  71} + 1*{  19  34} + 1*{  55  70} + -1*{ 100} + 1*{  20  35} = 0 

1*{  19  70} + -1*{  34  55} + -1*{  35  56} + 1*{  20  71} + -1*{ 101} = 0 

-0.333333*{} + 1*{  55  55} + 1*{  19  19} = 0 

-0.333333*{} + 1*{  56  56} + 1*{  20  20} = 0 

0.666667*{  19  20} + 0.333333*{  19  19} + -0.222222*{} + 0.3849*{  20} + 0.3849*{  19} + 0.333333*{  20  20} + 0.333333*{  55  55} + 0.666667*{  55  56} + 0.333333*{  56  56} = 0 

0.333333*{} + 1*{  22  25} + 1*{  58  61} + 1*{  23  26} + 1*{  59  62} = 0 

1*{  22  61} + -1*{  25  58} + -1*{  26  59} + 1*{  23  62} = 0 

-0.333333*{} + 1*{ 103 103} + 1*{ 102 102} = 0 

0.333333*{} + 1*{  22  28} + 1*{  58  64} + 1*{  59  65} + 1*{  23  29} + -1*{ 102} = 0 

1*{  22  64} + -1*{  28  58} + 1*{  23  65} + -1*{ 103} + -1*{  29  59} = 0 

-0.333333*{} + 1*{ 105 105} + 1*{ 104 104} = 0 

0.333333*{} + 1*{  22  31} + 1*{  58  67} + 1*{  23  32} + 1*{  59  68} + -1*{ 104} = 0 

1*{  22  67} + -1*{  31  58} + 1*{  23  68} + -1*{  32  59} + -1*{ 105} = 0 

1*{ 107 107} + -0.333333*{} + 1*{ 106 106} = 0 

0.333333*{} + 1*{  22  34} + 1*{  23  35} + 1*{  58  70} + 1*{  59  71} + -1*{ 106} = 0 

1*{  22  70} + -1*{  34  58} + -1*{  35  59} + -1*{ 107} + 1*{  23  71} = 0 

-0.333333*{} + 1*{  58  58} + 1*{  22  22} = 0 

-0.333333*{} + 1*{  59  59} + 1*{  23  23} = 0 

0.333333*{  22  22} + 0.333333*{  59  59} + 0.333333*{  23  23} + 0.666667*{  58  59} + 0.3849*{  22} + 0.666667*{  22  23} + 0.3849*{  23} + -0.222222*{} + 0.333333*{  58  58} = 0 

-0.333333*{} + 1*{ 109 109} + 1*{ 108 108} = 0 

0.333333*{} + 1*{  25  28} + 1*{  61  64} + 1*{  26  29} + 1*{  62  65} + -1*{ 108} = 0 

-1*{  29  62} + 1*{  25  64} + -1*{  28  61} + 1*{  26  65} + -1*{ 109} = 0 

-0.333333*{} + 1*{ 111 111} + 1*{ 110 110} = 0 

0.333333*{} + 1*{  25  31} + 1*{  61  67} + 1*{  62  68} + 1*{  26  32} + -1*{ 110} = 0 

1*{  26  68} + 1*{  25  67} + -1*{  31  61} + -1*{  32  62} + -1*{ 111} = 0 

-0.333333*{} + 1*{ 113 113} + 1*{ 112 112} = 0 

0.333333*{} + 1*{  25  34} + 1*{  26  35} + 1*{  61  70} + 1*{  62  71} + -1*{ 112} = 0 

-1*{ 113} + 1*{  25  70} + -1*{  34  61} + 1*{  26  71} + -1*{  35  62} = 0 

-0.333333*{} + 1*{  61  61} + 1*{  25  25} = 0 

-0.333333*{} + 1*{  62  62} + 1*{  26  26} = 0 

0.333333*{  25  25} + 0.666667*{  25  26} + -0.222222*{} + 0.3849*{  26} + 0.333333*{  26  26} + 0.3849*{  25} + 0.333333*{  61  61} + 0.666667*{  61  62} + 0.333333*{  62  62} = 0 

0.333333*{} + 1*{  64  67} + 1*{  28  31} + 1*{  29  32} + 1*{  65  68} = 0 

1*{  28  67} + -1*{  31  64} + 1*{  29  68} + -1*{  32  65} = 0 

0.333333*{} + 1*{  28  34} + 1*{  64  70} + 1*{  29  35} + 1*{  65  71} = 0 

-1*{  34  64} + 1*{  28  70} + 1*{  29  71} + -1*{  35  65} = 0 

-0.333333*{} + 1*{  64  64} + 1*{  28  28} = 0 

-0.333333*{} + 1*{  65  65} + 1*{  29  29} = 0 

0.666667*{  64  65} + 0.333333*{  29  29} + 0.333333*{  28  28} + 0.666667*{  28  29} + -0.222222*{} + 0.3849*{  28} + 0.3849*{  29} + 0.333333*{  64  64} + 0.333333*{  65  65} = 0 

0.333333*{} + 1*{  31  34} + 1*{  67  70} + 1*{  32  35} + 1*{  68  71} = 0 

1*{  31  70} + -1*{  34  67} + 1*{  32  71} + -1*{  35  68} = 0 

-0.333333*{} + 1*{  67  67} + 1*{  31  31} = 0 

-0.333333*{} + 1*{  68  68} + 1*{  32  32} = 0 

-0.222222*{} + 0.333333*{  31  31} + 0.666667*{  31  32} + 0.666667*{  67  68} + 0.3849*{  31} + 0.333333*{  32  32} + 0.3849*{  32} + 0.333333*{  67  67} + 0.333333*{  68  68} = 0 

-0.333333*{} + 1*{  70  70} + 1*{  34  34} = 0 

-0.333333*{} + 1*{  71  71} + 1*{  35  35} = 0 

0.333333*{  34  34} + 0.3849*{  35} + 0.666667*{  70  71} + -0.222222*{} + 0.3849*{  34} + 0.333333*{  70  70} + 0.666667*{  34  35} + 0.333333*{  35  35} + 0.333333*{  71  71} = 0 

---------------------
Summary:
---------------------
set sizes: {3, 3, 3, 3}, vars: 74, vectors: 12, equations: 101, indep eqn: 101

---------------------
Optimization:
---------------------
1 1.383e+01 1.383e+01
2 1.509e+09 1.383e+01
3 5.102e+08 1.383e+01
4 1.725e+08 1.383e+01
5 5.830e+07 1.383e+01
6 1.971e+07 1.383e+01
7 6.661e+06 1.383e+01
8 2.251e+06 1.383e+01
9 7.609e+05 1.383e+01
10 2.571e+05 1.383e+01
11 8.687e+04 1.383e+01
12 2.934e+04 1.383e+01
13 9.904e+03 1.383e+01
14 3.340e+03 1.383e+01
15 1.125e+03 1.383e+01
16 3.785e+02 1.383e+01
17 1.271e+02 1.383e+01
18 4.279e+01 1.383e+01
19 1.470e+01 1.383e+01
20 5.349e+00 5.349e+00
21 1.575e+01 5.349e+00
22 1.384e+01 5.349e+00
23 4.634e+00 4.634e+00
24 1.639e+00 1.639e+00
25 6.775e-01 6.775e-01
26 1.390e+01 6.775e-01
27 4.535e+00 6.775e-01
28 1.218e+01 6.775e-01
29 3.998e+00 6.775e-01
30 1.302e+00 6.775e-01
31 4.168e-01 4.168e-01
32 1.304e-01 1.304e-01
33 3.983e-02 3.983e-02
34 1.185e-02 1.185e-02
35 3.438e-03 3.438e-03
36 9.780e-04 9.780e-04
37 2.745e-04 2.745e-04
38 7.640e-05 7.640e-05
39 2.117e-05 2.117e-05
40 5.852e-06 5.852e-06
41 1.615e-06 1.615e-06
42 4.456e-07 4.456e-07
43 1.229e-07 1.229e-07
44 3.387e-08 3.387e-08
45 9.336e-09 9.336e-09
46 2.574e-09 2.574e-09
47 7.093e-10 7.093e-10
48 1.955e-10 1.955e-10
49 5.389e-11 5.389e-11
50 1.485e-11 1.485e-11
51 4.093e-12 4.093e-12
52 1.124e-12 1.124e-12
53 3.068e-13 3.068e-13
54 8.507e-14 8.507e-14
1 (precision) 2.292e-14 2.292e-14 (from 8.507e-14)
2 (precision) 3.187e-15 3.187e-15 (from 8.507e-14)
3 (precision) 8.410e-15 3.187e-15 (from 8.507e-14)
4 (precision) 3.969e-15 3.187e-15 (from 8.507e-14)
5 (precision) 3.997e-15 3.187e-15 (from 8.507e-14)
6 (precision) 3.331e-16 3.331e-16 (from 8.507e-14)
7 (precision) 2.470e-15 3.331e-16 (from 8.507e-14)
8 (precision) 1.776e-15 3.331e-16 (from 8.507e-14)
9 (precision) 1.171e-14 3.331e-16 (from 8.507e-14)
10 (precision) 1.837e-14 3.331e-16 (from 8.507e-14)
11 (precision) 3.553e-15 3.331e-16 (from 8.507e-14)
12 (precision) 2.165e-15 3.331e-16 (from 8.507e-14)
13 (precision) 8.105e-15 3.331e-16 (from 8.507e-14)
14 (precision) 9.659e-15 3.331e-16 (from 8.507e-14)
15 (precision) 6.661e-15 3.331e-16 (from 8.507e-14)
16 (precision) 3.886e-15 3.331e-16 (from 8.507e-14)
17 (precision) 3.691e-15 3.331e-16 (from 8.507e-14)
18 (precision) 4.496e-15 3.331e-16 (from 8.507e-14)
19 (precision) 3.164e-15 3.331e-16 (from 8.507e-14)
20 (precision) 1.998e-15 3.331e-16 (from 8.507e-14)
21 (precision) 3.136e-15 3.331e-16 (from 8.507e-14)
22 (precision) 1.305e-15 3.331e-16 (from 8.507e-14)
23 (precision) 9.159e-16 3.331e-16 (from 8.507e-14)
24 (precision) 1.360e-15 3.331e-16 (from 8.507e-14)
25 (precision) 1.749e-15 3.331e-16 (from 8.507e-14)
26 (precision) 9.159e-16 3.331e-16 (from 8.507e-14)
27 (precision) 1.305e-15 3.331e-16 (from 8.507e-14)
28 (precision) 1.804e-15 3.331e-16 (from 8.507e-14)
29 (precision) 1.305e-15 3.331e-16 (from 8.507e-14)
30 (precision) 1.804e-15 3.331e-16 (from 8.507e-14)
31 (precision) 4.718e-16 3.331e-16 (from 8.507e-14)
32 (precision) 4.718e-16 3.331e-16 (from 8.507e-14)
33 (precision) 4.163e-16 3.331e-16 (from 8.507e-14)
34 (precision) 4.163e-16 3.331e-16 (from 8.507e-14)
35 (precision) 8.604e-16 3.331e-16 (from 8.507e-14)
36 (precision) 4.718e-16 3.331e-16 (from 8.507e-14)
37 (precision) 1.305e-15 3.331e-16 (from 8.507e-14)
38 (precision) 4.718e-16 3.331e-16 (from 8.507e-14)
39 (precision) 4.718e-16 3.331e-16 (from 8.507e-14)
40 (precision) 4.718e-16 3.331e-16 (from 8.507e-14)
41 (precision) 2.776e-17 2.776e-17 (from 8.507e-14)
42 (precision) 2.776e-17 2.776e-17 (from 8.507e-14)
43 (precision) 4.718e-16 2.776e-17 (from 8.507e-14)
44 (precision) 8.604e-16 2.776e-17 (from 8.507e-14)
45 (precision) 1.305e-15 2.776e-17 (from 8.507e-14)
46 (precision) 1.804e-15 2.776e-17 (from 8.507e-14)
47 (precision) 4.718e-16 2.776e-17 (from 8.507e-14)
48 (precision) 4.718e-16 2.776e-17 (from 8.507e-14)
49 (precision) 2.776e-17 2.776e-17 (from 8.507e-14)
50 (precision) 4.163e-16 2.776e-17 (from 8.507e-14)
51 (precision) 2.776e-17 2.776e-17 (from 8.507e-14)
52 (precision) 1.305e-15 2.776e-17 (from 8.507e-14)
53 (precision) 1.360e-15 2.776e-17 (from 8.507e-14)
54 (precision) 4.718e-16 2.776e-17 (from 8.507e-14)
55 (precision) 1.749e-15 2.776e-17 (from 8.507e-14)
56 (precision) 4.718e-16 2.776e-17 (from 8.507e-14)
57 (precision) 2.776e-17 2.776e-17 (from 8.507e-14)
58 (precision) 4.718e-16 2.776e-17 (from 8.507e-14)
59 (precision) 4.718e-16 2.776e-17 (from 8.507e-14)
60 (precision) 4.718e-16 2.776e-17 (from 8.507e-14)
61 (precision) 8.604e-16 2.776e-17 (from 8.507e-14)
62 (precision) 4.718e-16 2.776e-17 (from 8.507e-14)
63 (precision) 4.718e-16 2.776e-17 (from 8.507e-14)
64 (precision) 2.193e-15 2.776e-17 (from 8.507e-14)
65 (precision) 4.718e-16 2.776e-17 (from 8.507e-14)
66 (precision) 1.360e-15 2.776e-17 (from 8.507e-14)
67 (precision) 4.718e-16 2.776e-17 (from 8.507e-14)
68 (precision) 1.749e-15 2.776e-17 (from 8.507e-14)
69 (precision) 9.159e-16 2.776e-17 (from 8.507e-14)
70 (precision) 1.360e-15 2.776e-17 (from 8.507e-14)
71 (precision) 4.163e-16 2.776e-17 (from 8.507e-14)
72 (precision) 8.604e-16 2.776e-17 (from 8.507e-14)
73 (precision) 1.305e-15 2.776e-17 (from 8.507e-14)
74 (precision) 1.804e-15 2.776e-17 (from 8.507e-14)
75 (precision) 8.604e-16 2.776e-17 (from 8.507e-14)
76 (precision) 2.776e-17 2.776e-17 (from 8.507e-14)
77 (precision) 1.360e-15 2.776e-17 (from 8.507e-14)
78 (precision) 2.776e-17 2.776e-17 (from 8.507e-14)
79 (precision) 8.604e-16 2.776e-17 (from 8.507e-14)
80 (precision) 4.718e-16 2.776e-17 (from 8.507e-14)
81 (precision) 8.604e-16 2.776e-17 (from 8.507e-14)
82 (precision) 9.159e-16 2.776e-17 (from 8.507e-14)
83 (precision) 2.776e-17 2.776e-17 (from 8.507e-14)
84 (precision) 2.776e-17 2.776e-17 (from 8.507e-14)
85 (precision) 2.776e-17 2.776e-17 (from 8.507e-14)
86 (precision) 2.776e-17 2.776e-17 (from 8.507e-14)
87 (precision) 4.718e-16 2.776e-17 (from 8.507e-14)
88 (precision) 4.718e-16 2.776e-17 (from 8.507e-14)
89 (precision) 1.749e-15 2.776e-17 (from 8.507e-14)
90 (precision) 4.718e-16 2.776e-17 (from 8.507e-14)
91 (precision) 4.718e-16 2.776e-17 (from 8.507e-14)
92 (precision) 8.604e-16 2.776e-17 (from 8.507e-14)
93 (precision) 2.776e-17 2.776e-17 (from 8.507e-14)
94 (precision) 2.776e-17 2.776e-17 (from 8.507e-14)
95 (precision) 9.159e-16 2.776e-17 (from 8.507e-14)
96 (precision) 4.718e-16 2.776e-17 (from 8.507e-14)
97 (precision) 4.163e-16 2.776e-17 (from 8.507e-14)
98 (precision) 4.718e-16 2.776e-17 (from 8.507e-14)
99 (precision) 1.749e-15 2.776e-17 (from 8.507e-14)
100 (precision) 9.159e-16 2.776e-17 (from 8.507e-14)

x: -2.887e-01 -2.887e-01 -2.887e-01 -2.887e-01 -2.887e-01  5.774e-01 -2.887e-01 -2.887e-01  5.774e-01 -2.887e-01 -2.887e-01  5.774e-01  5.774e-01 -2.887e-01 -2.887e-01 -2.887e-01  5.000e-01 -5.000e-01 -5.000e-01  5.000e-01  5.000e-01  3.069e-08 -5.000e-01 -5.000e-01  3.592e-08  5.000e-01 -5.000e-01  2.689e-08  3.096e-08 -5.000e-01  5.000e-01  5.000e-01  5.000e-01  2.887e-01  5.000e-01  2.887e-01 -1.445e-08 -5.774e-01  4.393e-09  5.774e-01  5.000e-01 -2.887e-01  5.000e-01 -2.887e-01  1.507e-08 -5.774e-01  5.000e-01  2.887e-01  5.000e-01  2.887e-01  5.000e-01 -2.887e-01 -1.109e-08  5.774e-01  5.000e-01 -2.887e-01  5.000e-01  2.887e-01 -1.680e-08 -5.774e-01  5.000e-01  2.887e-01  5.000e-01  2.887e-01  5.000e-01  2.887e-01 -1.994e-08 -5.774e-01  1.716e-09 -5.774e-01  5.000e-01  2.887e-01  5.000e-01  2.887e-01  1.637e-50

grad: -6.493e-137 -2.751e-137  1.983e-137 -5.263e-137 -2.288e-136  6.337e-137  3.523e-137 -6.278e-138  1.902e-136 -1.243e-137 -5.464e-137  6.577e-137  1.672e-136 -2.343e-137 -5.229e-137  6.107e-138  9.040e-137 -6.549e-137  9.904e-138  7.415e-137  1.736e-136  6.290e-137 -2.956e-136  9.196e-138  4.499e-137  7.067e-137 -2.714e-136 -1.808e-137 -9.573e-138 -2.586e-137  1.117e-136  3.044e-137 -1.589e-137  1.198e-137  3.761e-137 -1.318e-137  1.692e-137  2.460e-137  1.040e-137 -2.353e-137  8.264e-138  6.841e-138 -4.100e-138  7.220e-138  1.703e-137 -2.802e-137  9.642e-136  1.327e-135  1.047e-137  8.223e-138  5.200e-138  3.177e-138  4.670e-137  5.200e-137  4.016e-137 -8.774e-137  1.244e-137 -5.023e-137 -2.604e-137 -5.140e-137 -1.589e-137  1.733e-137 -3.062e-137  2.436e-137  1.160e-137 -1.016e-137  3.467e-137 -1.168e-137  3.414e-137  1.940e-137 -1.935e-137 -3.955e-138 -1.236e-139 -1.477e-137   9.159e-16

finished in 54 iterations (0.04 seconds total)
max viol = 6.8e-08

---------------------
Result:
---------------------

{(1,0), (0,0), (0,0)}, {(0,0), (1,0), (0,0)}, {(0,0), (0,0), (1,0)}


{(0.577,0), (0.577,0), (0.577,0)}, {(0.577,0), (-0.289,0.5), (-0.289,-0.5)}, {(0.577,0), (-0.289,-0.5), (-0.289,0.5)}


{(0.577,0), (-0.289,0.5), (0.577,3.07e-08)}, {(0.577,0), (-0.289,-0.5), (-0.289,-0.5)}, {(0.577,0), (0.577,3.59e-08), (-0.289,0.5)}


{(0.577,0), (-0.289,-0.5), (0.577,2.69e-08)}, {(0.577,0), (0.577,3.1e-08), (-0.289,-0.5)}, {(0.577,0), (-0.289,0.5), (-0.289,0.5)}

---------------------
Abs of Gram matrix:
---------------------

 { { +1.0000, +0.0000, +0.0000, +0.5774, +0.5774, +0.5774, +0.5774, +0.5774, +0.5774, +0.5774, +0.5774, +0.5774}, 
   { +0.0000, +1.0000, +0.0000, +0.5774, +0.5774, +0.5774, +0.5774, +0.5774, +0.5774, +0.5774, +0.5774, +0.5774}, 
   { +0.0000, +0.0000, +1.0000, +0.5774, +0.5774, +0.5774, +0.5774, +0.5774, +0.5774, +0.5774, +0.5774, +0.5774}, 
   { +0.5774, +0.5774, +0.5774, +1.0000, +0.0000, +0.0000, +0.5774, +0.5774, +0.5774, +0.5774, +0.5774, +0.5774}, 
   { +0.5774, +0.5774, +0.5774, +0.0000, +1.0000, +0.0000, +0.5774, +0.5774, +0.5774, +0.5774, +0.5774, +0.5774}, 
   { +0.5774, +0.5774, +0.5774, +0.0000, +0.0000, +1.0000, +0.5774, +0.5774, +0.5774, +0.5774, +0.5774, +0.5774}, 
   { +0.5774, +0.5774, +0.5774, +0.5774, +0.5774, +0.5774, +1.0000, +0.0000, +0.0000, +0.5774, +0.5774, +0.5774}, 
   { +0.5774, +0.5774, +0.5774, +0.5774, +0.5774, +0.5774, +0.0000, +1.0000, +0.0000, +0.5774, +0.5774, +0.5774}, 
   { +0.5774, +0.5774, +0.5774, +0.5774, +0.5774, +0.5774, +0.0000, +0.0000, +1.0000, +0.5774, +0.5774, +0.5774}, 
   { +0.5774, +0.5774, +0.5774, +0.5774, +0.5774, +0.5774, +0.5774, +0.5774, +0.5774, +1.0000, +0.0000, +0.0000}, 
   { +0.5774, +0.5774, +0.5774, +0.5774, +0.5774, +0.5774, +0.5774, +0.5774, +0.5774, +0.0000, +1.0000, +0.0000}, 
   { +0.5774, +0.5774, +0.5774, +0.5774, +0.5774, +0.5774, +0.5774, +0.5774, +0.5774, +0.0000, +0.0000, +1.0000} } 
