---------------------
Basis Indices:
---------------------

{-, -, -}, {-, -, -}, {-, -, -}


{-, -, -}, {}, {}


{-, 19+i46, 20+i47}, {}, {}

---------------------
Index Mapping: 
---------------------

{47: 3, 46: 2, 20: 1, 19: 0}

---------------------
Final Problem: 
---------------------
Find a point satisfying:

0.3849*{1} + 0.3849*{0} + 0.666667*{23} + 0.666667*{01} = 0 

-0.333333*{} + 1*{22} + 1*{00} = 0 

-0.333333*{} + 1*{11} + 1*{33} = 0 

2*{0} + -2*{1} + -1*{3} + 1*{2} > 0 

1*{3} > 0 

{3, 1, 1, 1, 1} 4
1 1.952708e-01 1.952708e-01
2 1.092717e+01 1.952708e-01
3 1.559417e-01 1.559417e-01
4 9.321212e-02 9.321212e-02
5 7.822283e-02 7.822283e-02
6 4.240521e-02 4.240521e-02
7 2.574040e-02 2.574040e-02
8 1.559955e-02 1.559955e-02
9 9.439145e-03 9.439145e-03
10 5.703777e-03 5.703777e-03
11 3.442624e-03 3.442624e-03
12 2.075852e-03 2.075852e-03
13 1.250710e-03 1.250710e-03
14 7.530697e-04 7.530697e-04
15 4.531963e-04 4.531963e-04
16 2.726189e-04 2.726189e-04
17 1.639386e-04 1.639386e-04
18 9.855813e-05 9.855813e-05
19 5.923987e-05 5.923987e-05
20 3.560126e-05 3.560126e-05
21 2.139251e-05 2.139251e-05
22 1.285331e-05 1.285331e-05
23 7.722091e-06 7.722091e-06
24 4.639047e-06 4.639047e-06
25 2.786778e-06 2.786778e-06
26 1.674019e-06 1.674019e-06
27 1.005555e-06 1.005555e-06
28 6.040072e-07 6.040072e-07
29 3.628031e-07 3.628031e-07
30 2.179185e-07 2.179185e-07
31 1.308919e-07 1.308919e-07
32 7.861909e-08 7.861909e-08
33 4.722159e-08 4.722159e-08
34 2.836293e-08 2.836293e-08
35 1.703570e-08 1.703570e-08
36 1.023217e-08 1.023217e-08
37 6.145744e-09 6.145744e-09
38 3.691309e-09 3.691309e-09
39 2.217103e-09 2.217103e-09
40 1.331652e-09 1.331652e-09
41 7.998257e-10 7.998257e-10
42 4.803964e-10 4.803964e-10
43 2.885386e-10 2.885386e-10
44 1.733037e-10 1.733037e-10
45 1.040906e-10 1.040906e-10
46 6.251949e-11 6.251949e-11
47 3.755080e-11 3.755080e-11
48 2.255396e-11 2.255396e-11
49 1.354645e-11 1.354645e-11
50 8.136351e-12 8.136351e-12
51 4.886888e-12 4.886888e-12
52 2.935223e-12 2.935223e-12
53 1.762948e-12 1.762948e-12
54 1.058878e-12 1.058878e-12
55 6.359921e-13 6.359921e-13
finished in 55 iterations (0.001 seconds total)
max viol = 2.89467e-07
max viol of orig = 0.550187
In a nicer form:
 { { (+1.0000000,+0.0000000), (+0.0000000,+0.0000000), (+0.0000000,+0.0000000)}, 
   { (+0.0000000,+0.0000000), (+1.0000000,+0.0000000), (+0.0000000,+0.0000000)}, 
   { (+0.0000000,+0.0000000), (+0.0000000,+0.0000000), (+1.0000000,+0.0000000)} } 
 { { (+0.5773503,+0.0000000), (+0.5773503,+0.0000000), (+0.5773503,+0.0000000)}, 
   { (+0.5773503,+0.0000000), (+0.0000000,+0.0000000), (+0.0000000,+0.0000000)}, 
   { (+0.5773503,+0.0000000), (+0.0000000,+0.0000000), (+0.0000000,+0.0000000)} } 
 { { (+0.5773503,+0.0000000), (+0.5171944,+0.2566000), (-0.1415922,-0.5597187)}, 
   { (+0.5773503,+0.0000000), (+0.0000000,+0.0000000), (+0.0000000,+0.0000000)}, 
   { (+0.5773503,+0.0000000), (+0.0000000,+0.0000000), (+0.0000000,+0.0000000)} } 
