---------------------
Basis Indices:
---------------------

{-, -, -}, {-, -, -}, {-, -, -}


{-, -, -}, {}, {}


{-, 19+i55, 20+i56}, {}, {}


{-, 28+i64, 29+i65}, {}, {}

---------------------
Index Mapping: 
---------------------

{76: 8, 65: 7, 77: 9, 64: 6, 56: 5, 55: 4, 29: 3, 28: 2, 20: 1, 19: 0}

---------------------
Final Problem: 
---------------------
Find a point satisfying:

0.666667*{ 0 1} + 0.3849*{ 1} + 0.666667*{ 4 5} + 0.3849*{ 0} = 0 

0.3849*{ 2} + 0.3849*{ 3} + 0.666667*{ 6 7} + 0.666667*{ 2 3} = 0 

-0.333333*{} + 1*{ 9 9} + 1*{ 8 8} = 0 

-1*{ 8} + 1*{ 1 3} + 1*{ 0 2} + 1*{ 4 6} + 0.333333*{} + 1*{ 5 7} = 0 

-1*{ 3 5} + -1*{ 9} + 1*{ 1 7} + -1*{ 2 4} + 1*{ 0 6} = 0 

1*{ 4 4} + -0.333333*{} + 1*{ 0 0} = 0 

-0.333333*{} + 1*{ 1 1} + 1*{ 5 5} = 0 

-0.333333*{} + 1*{ 6 6} + 1*{ 2 2} = 0 

-0.333333*{} + 1*{ 7 7} + 1*{ 3 3} = 0 

-1*{ 7} + 4*{ 4} + -2*{ 3} + 1*{ 5} + -8*{ 2} + 8*{ 0} + -4*{ 6} + 2*{ 1} > 0 

-1*{ 7} + -4*{ 5} + -2*{ 3} + 8*{ 0} + 4*{ 4} + 2*{ 2} + -8*{ 1} + 1*{ 6} > 0 

1*{ 7} > 0 

{3, 1, 1, 1, 1} 10
1 1.043496e+00 1.043496e+00
2 5.253396e+07 1.043496e+00
3 1.428950e+05 1.043496e+00
4 5.150334e+04 1.043496e+00
5 1.855603e+04 1.043496e+00
6 6.682955e+03 1.043496e+00
7 2.405876e+03 1.043496e+00
8 8.665997e+02 1.043496e+00
9 3.111403e+02 1.043496e+00
10 1.113144e+02 1.043496e+00
11 3.995084e+01 1.043496e+00
12 1.422866e+01 1.043496e+00
13 5.544959e+00 1.043496e+00
14 2.003542e+00 1.043496e+00
15 7.508428e-01 7.508428e-01
16 4.753557e-01 4.753557e-01
17 3.046681e-01 3.046681e-01
18 1.999749e-01 1.999749e-01
19 1.468400e-01 1.468400e-01
20 1.044163e-01 1.044163e-01
21 8.514439e-02 8.514439e-02
22 6.086067e-02 6.086067e-02
23 7.290514e-02 6.086067e-02
24 4.991298e-02 4.991298e-02
25 5.865879e+00 4.991298e-02
26 1.100769e+05 4.991298e-02
27 3.969550e+04 4.991298e-02
28 1.431093e+04 4.991298e-02
29 5.156878e+03 4.991298e-02
30 1.857293e+03 4.991298e-02
31 6.683976e+02 4.991298e-02
32 2.401919e+02 4.991298e-02
33 8.610936e+01 4.991298e-02
34 3.074128e+01 4.991298e-02
35 1.088272e+01 4.991298e-02
36 3.777974e+00 4.991298e-02
37 1.193198e+00 4.991298e-02
38 9.845829e-01 4.991298e-02
39 1.213286e+02 4.991298e-02
40 7.609924e+00 4.991298e-02
41 2.824331e+00 4.991298e-02
42 3.383050e+00 4.991298e-02
43 3.559517e+01 4.991298e-02
44 1.258960e+01 4.991298e-02
45 4.426667e+00 4.991298e-02
46 1.536957e+00 4.991298e-02
47 5.230719e-01 4.991298e-02
48 3.197149e-01 4.991298e-02
49 1.950770e-01 4.991298e-02
50 1.188264e-01 4.991298e-02
51 7.226202e-02 4.991298e-02
52 4.387605e-02 4.387605e-02
53 2.660083e-02 2.660083e-02
54 1.610409e-02 1.610409e-02
55 9.735555e-03 9.735555e-03
56 5.877033e-03 5.877033e-03
57 3.542350e-03 3.542350e-03
58 2.131546e-03 2.131546e-03
59 1.280194e-03 1.280194e-03
60 7.672409e-04 7.672409e-04
61 4.587523e-04 4.587523e-04
62 2.736513e-04 2.736513e-04
63 1.628905e-04 1.628905e-04
64 9.681833e-05 9.681833e-05
65 5.752801e-05 5.752801e-05
66 3.422737e-05 3.422737e-05
67 2.043382e-05 2.043382e-05
68 1.227096e-05 1.227096e-05
69 7.432605e-06 7.432605e-06
70 4.553493e-06 4.553493e-06
71 2.828795e-06 2.828795e-06
72 1.785547e-06 1.785547e-06
73 1.146337e-06 1.146337e-06
74 7.485096e-07 7.485096e-07
75 4.965225e-07 4.965225e-07
76 3.339736e-07 3.339736e-07
77 2.272615e-07 2.272615e-07
78 1.560914e-07 1.560914e-07
79 1.079857e-07 1.079857e-07
80 7.511554e-08 7.511554e-08
81 5.246495e-08 5.246495e-08
82 3.675584e-08 3.675584e-08
83 2.580840e-08 2.580840e-08
84 1.815211e-08 1.815211e-08
85 1.278346e-08 1.278346e-08
86 9.011582e-09 9.011582e-09
87 6.357695e-09 6.357695e-09
88 4.488348e-09 4.488348e-09
89 3.170471e-09 3.170471e-09
90 2.240723e-09 2.240723e-09
91 1.584406e-09 1.584406e-09
92 1.120865e-09 1.120865e-09
93 7.933217e-10 7.933217e-10
94 5.617710e-10 5.617710e-10
95 3.980052e-10 3.980052e-10
96 2.821309e-10 2.821309e-10
97 2.001032e-10 2.001032e-10
98 1.420137e-10 1.420137e-10
99 1.008470e-10 1.008470e-10
100 7.166165e-11 7.166165e-11
101 5.096087e-11 5.096087e-11
102 3.626512e-11 3.626512e-11
103 2.582828e-11 2.582828e-11
104 1.840647e-11 1.840647e-11
105 1.313354e-11 1.313354e-11
106 9.377984e-12 9.377984e-12
107 6.705354e-12 6.705354e-12
108 4.794234e-12 4.794234e-12
109 3.432746e-12 3.432746e-12
110 2.462602e-12 2.462602e-12
111 1.774197e-12 1.774197e-12
112 1.282054e-12 1.282054e-12
113 9.162934e-13 9.162934e-13
finished in 113 iterations (0.004 seconds total)
max viol = 1.21085e-08
max viol of orig = 0.57735
In a nicer form:
 { { (+1.0000000,+0.0000000), (+0.0000000,+0.0000000), (+0.0000000,+0.0000000)}, 
   { (+0.0000000,+0.0000000), (+1.0000000,+0.0000000), (+0.0000000,+0.0000000)}, 
   { (+0.0000000,+0.0000000), (+0.0000000,+0.0000000), (+1.0000000,+0.0000000)} } 
 { { (+0.5773503,+0.0000000), (+0.5773503,+0.0000000), (+0.5773503,+0.0000000)}, 
   { (+0.5773503,+0.0000000), (+0.0000000,+0.0000000), (+0.0000000,+0.0000000)}, 
   { (+0.5773503,+0.0000000), (+0.0000000,+0.0000000), (+0.0000000,+0.0000000)} } 
 { { (+0.5773503,+0.0000000), (-0.2885259,+0.5000861), (-0.2888243,+0.4999139)}, 
   { (+0.5773503,+0.0000000), (+0.0000000,+0.0000000), (+0.0000000,+0.0000000)}, 
   { (+0.5773503,+0.0000000), (+0.0000000,+0.0000000), (+0.0000000,+0.0000000)} } 
 { { (+0.5773503,+0.0000000), (-0.2886634,-0.5000068), (-0.2886869,-0.4999932)}, 
   { (+0.5773503,+0.0000000), (+0.0000000,+0.0000000), (+0.0000000,+0.0000000)}, 
   { (+0.5773503,+0.0000000), (+0.0000000,+0.0000000), (+0.0000000,+0.0000000)} } 
