---------------------
Basis Indices:
---------------------

{1, 0, 0, 0}, {}, {}, {}


{0.5, 0.5, 0.5, 0.5}, {}, {}, {}


{0.5, x_33+i*x_129, x_34+i*x_130, x_35+i*x_131}, {}, {}, {}


{0.5, x_49+i*x_145, x_50+i*x_146, x_51+i*x_147}, {}, {}, {}


{0.5, x_65+i*x_161, x_66+i*x_162, x_67+i*x_163}, {}, {}, {}


{0.5, x_81+i*x_177, x_82+i*x_178, x_83+i*x_179}, {}, {}, {}

---------------------
Problem: 
---------------------
Find a point satisfying:

-0.25*{} + 1*{ 193 193} + 1*{ 192 192} = 0 

1*{ 131 147} + 0.25*{} + 1*{ 129 145} + 1*{ 130 146} + 1*{  34  50} + 1*{  35  51} + -1*{ 192} + 1*{  33  49} = 0 

1*{  35 147} + 1*{  33 145} + -1*{  51 131} + -1*{  50 130} + 1*{  34 146} + -1*{  49 129} + -1*{ 193} = 0 

-0.25*{} + 1*{ 195 195} + 1*{ 194 194} = 0 

1*{ 131 163} + 1*{ 129 161} + 1*{  35  67} + 1*{ 130 162} + 1*{  34  66} + 1*{  33  65} + 0.25*{} + -1*{ 194} = 0 

-1*{  67 131} + -1*{  66 130} + 1*{  34 162} + 1*{  35 163} + -1*{  65 129} + 1*{  33 161} + -1*{ 195} = 0 

-0.25*{} + 1*{ 197 197} + 1*{ 196 196} = 0 

1*{ 131 179} + 1*{ 130 178} + 1*{  34  82} + 1*{  35  83} + -1*{ 196} + 0.25*{} + 1*{ 129 177} + 1*{  33  81} = 0 

1*{  33 177} + 1*{  35 179} + -1*{  82 130} + 1*{  34 178} + -1*{  81 129} + -1*{  83 131} + -1*{ 197} = 0 

-0.75*{} + 1*{  33  33} + 1*{ 129 129} + 1*{ 130 130} + 1*{  35  35} + 1*{  34  34} + 1*{ 131 131} = 0 

0.25*{ 129 129} + 0.5*{ 129 131} + 0.25*{  35  35} + 0.25*{ 131 131} + 0.25*{  34} + 0.5*{ 130 131} + 0.25*{  33  33} + 0.5*{ 129 130} + 0.5*{  33  34} + -0.1875*{} + 0.25*{ 130 130} + 0.5*{  33  35} + 0.5*{  34  35} + 0.25*{  35} + 0.25*{  34  34} + 0.25*{  33} = 0 

-0.25*{} + 1*{ 199 199} + 1*{ 198 198} = 0 

1*{ 147 163} + 1*{ 146 162} + 1*{  51  67} + 1*{  50  66} + 1*{ 145 161} + 1*{  49  65} + 0.25*{} + -1*{ 198} = 0 

1*{  51 163} + -1*{  66 146} + -1*{ 199} + -1*{  67 147} + 1*{  50 162} + -1*{  65 145} + 1*{  49 161} = 0 

-0.25*{} + 1*{ 201 201} + 1*{ 200 200} = 0 

1*{  51  83} + 1*{ 146 178} + 1*{  50  82} + 1*{ 145 177} + 1*{  49  81} + 0.25*{} + 1*{ 147 179} + -1*{ 200} = 0 

-1*{  82 146} + 1*{  51 179} + 1*{  50 178} + -1*{  81 145} + -1*{  83 147} + 1*{  49 177} + -1*{ 201} = 0 

-0.75*{} + 1*{  49  49} + 1*{ 145 145} + 1*{  50  50} + 1*{ 146 146} + 1*{  51  51} + 1*{ 147 147} = 0 

0.25*{  49  49} + 0.5*{  49  51} + 0.25*{ 145 145} + 0.25*{ 146 146} + 0.25*{  50  50} + 0.5*{ 145 147} + 0.25*{ 147 147} + 0.5*{ 145 146} + 0.25*{  50} + 0.25*{  49} + 0.5*{ 146 147} + -0.1875*{} + 0.5*{  50  51} + 0.5*{  49  50} + 0.25*{  51  51} + 0.25*{  51} = 0 

-0.25*{} + 1*{ 203 203} + 1*{ 202 202} = 0 

0.25*{} + 1*{  66  82} + 1*{ 163 179} + 1*{ 161 177} + 1*{  67  83} + -1*{ 202} + 1*{ 162 178} + 1*{  65  81} = 0 

1*{  66 178} + 1*{  67 179} + -1*{  83 163} + -1*{ 203} + -1*{  82 162} + -1*{  81 161} + 1*{  65 177} = 0 

-0.75*{} + 1*{ 163 163} + 1*{  65  65} + 1*{ 162 162} + 1*{ 161 161} + 1*{  66  66} + 1*{  67  67} = 0 

0.25*{ 161 161} + 0.5*{ 162 163} + 0.25*{  67  67} + 0.25*{  65} + 0.5*{ 161 163} + 0.5*{  66  67} + 0.5*{  65  66} + 0.25*{  66  66} + 0.5*{  65  67} + -0.1875*{} + 0.5*{ 161 162} + 0.25*{  65  65} + 0.25*{ 163 163} + 0.25*{  67} + 0.25*{  66} + 0.25*{ 162 162} = 0 

-0.75*{} + 1*{  83  83} + 1*{  81  81} + 1*{ 177 177} + 1*{  82  82} + 1*{ 178 178} + 1*{ 179 179} = 0 

-0.1875*{} + 0.25*{  83  83} + 0.25*{  82  82} + 0.25*{ 179 179} + 0.25*{ 178 178} + 0.5*{ 177 178} + 0.25*{  81  81} + 0.5*{  82  83} + 0.5*{ 177 179} + 0.5*{ 178 179} + 0.5*{  81  83} + 0.25*{ 177 177} + 0.5*{  81  82} + 0.25*{  83} + 0.25*{  82} + 0.25*{  81} = 0 

---------------------
Summary:
---------------------
set sizes: {1, 1, 1, 1, 1, 1}, vars: 36, vectors: 6, equations: 26, indep eqn: 26

---------------------
Optimization:
---------------------
1 1.401e+00 1.401e+00
2 4.607e+02 1.401e+00
3 2.056e+05 1.401e+00
4 7.418e+04 1.401e+00
5 2.676e+04 1.401e+00
6 9.653e+03 1.401e+00
7 3.481e+03 1.401e+00
8 1.255e+03 1.401e+00
9 4.523e+02 1.401e+00
10 1.628e+02 1.401e+00
11 5.848e+01 1.401e+00
12 2.094e+01 1.401e+00
13 8.383e+00 1.401e+00
14 2.952e+00 1.401e+00
15 1.039e+00 1.039e+00
16 3.752e-01 3.752e-01
17 1.381e-01 1.381e-01
18 5.383e-02 5.383e-02
19 1.911e-02 1.911e-02
20 6.721e-03 6.721e-03
21 2.371e-03 2.371e-03
22 8.357e-04 8.357e-04
23 2.887e-04 2.887e-04
24 9.466e-05 9.466e-05
25 3.004e-05 3.004e-05
26 9.342e-06 9.342e-06
27 2.871e-06 2.871e-06
28 8.760e-07 8.760e-07
29 2.663e-07 2.663e-07
30 8.080e-08 8.080e-08
31 4.377e-08 4.377e-08
32 1.340e-08 1.340e-08
33 4.058e-09 4.058e-09
34 1.228e-09 1.228e-09
35 3.718e-10 3.718e-10
36 1.128e-10 1.128e-10
37 3.449e-11 3.449e-11
38 1.108e-11 1.108e-11
39 1.650e-11 1.108e-11
40 1.049e-11 1.049e-11
41 9.102e-12 9.102e-12
42 2.962e-12 2.962e-12
43 1.069e-12 1.069e-12
44 4.029e-13 4.029e-13
45 1.251e-13 1.251e-13
46 3.970e-14 3.970e-14
1 (precision) 1.018e-14 1.018e-14 (from 3.970e-14)
2 (precision) 1.496e-16 1.496e-16 (from 3.970e-14)
3 (precision) 3.859e-15 1.496e-16 (from 3.970e-14)
4 (precision) 4.674e-17 4.674e-17 (from 3.970e-14)
5 (precision) 4.487e-16 4.674e-17 (from 3.970e-14)
6 (precision) 1.899e-15 4.674e-17 (from 3.970e-14)
7 (precision) 3.748e-14 4.674e-17 (from 3.970e-14)
8 (precision) 1.360e-14 4.674e-17 (from 3.970e-14)
9 (precision) 5.372e-15 4.674e-17 (from 3.970e-14)
10 (precision) 8.115e-15 4.674e-17 (from 3.970e-14)
11 (precision) 5.650e-15 4.674e-17 (from 3.970e-14)
12 (precision) 5.884e-15 4.674e-17 (from 3.970e-14)
13 (precision) 2.438e-15 4.674e-17 (from 3.970e-14)
14 (precision) 2.705e-15 4.674e-17 (from 3.970e-14)
15 (precision) 1.933e-14 4.674e-17 (from 3.970e-14)
16 (precision) 5.866e-15 4.674e-17 (from 3.970e-14)
17 (precision) 9.025e-16 4.674e-17 (from 3.970e-14)
18 (precision) 4.887e-14 4.674e-17 (from 3.970e-14)
19 (precision) 1.563e-14 4.674e-17 (from 3.970e-14)
20 (precision) 1.538e-15 4.674e-17 (from 3.970e-14)
21 (precision) 1.148e-15 4.674e-17 (from 3.970e-14)
22 (precision) 2.632e-15 4.674e-17 (from 3.970e-14)
23 (precision) 2.964e-16 4.674e-17 (from 3.970e-14)
24 (precision) 1.102e-15 4.674e-17 (from 3.970e-14)
25 (precision) 2.867e-15 4.674e-17 (from 3.970e-14)
26 (precision) 9.262e-16 4.674e-17 (from 3.970e-14)
27 (precision) 5.276e-15 4.674e-17 (from 3.970e-14)
28 (precision) 5.373e-15 4.674e-17 (from 3.970e-14)
29 (precision) 6.360e-15 4.674e-17 (from 3.970e-14)
30 (precision) 1.099e-15 4.674e-17 (from 3.970e-14)
31 (precision) 9.471e-15 4.674e-17 (from 3.970e-14)
32 (precision) 2.766e-15 4.674e-17 (from 3.970e-14)
33 (precision) 1.374e-15 4.674e-17 (from 3.970e-14)
34 (precision) 6.489e-15 4.674e-17 (from 3.970e-14)
35 (precision) 5.118e-15 4.674e-17 (from 3.970e-14)
36 (precision) 6.187e-14 4.674e-17 (from 3.970e-14)
37 (precision) 2.277e-14 4.674e-17 (from 3.970e-14)
38 (precision) 1.225e-15 4.674e-17 (from 3.970e-14)
39 (precision) 3.157e-15 4.674e-17 (from 3.970e-14)
40 (precision) 3.670e-15 4.674e-17 (from 3.970e-14)
41 (precision) 1.740e-15 4.674e-17 (from 3.970e-14)
42 (precision) 1.728e-16 4.674e-17 (from 3.970e-14)
43 (precision) 2.467e-15 4.674e-17 (from 3.970e-14)
44 (precision) 3.539e-15 4.674e-17 (from 3.970e-14)
45 (precision) 6.286e-15 4.674e-17 (from 3.970e-14)
46 (precision) 2.614e-15 4.674e-17 (from 3.970e-14)
47 (precision) 1.907e-10 4.674e-17 (from 3.970e-14)
48 (precision) 5.258e-11 4.674e-17 (from 3.970e-14)
49 (precision) 1.449e-11 4.674e-17 (from 3.970e-14)
50 (precision) 3.992e-12 4.674e-17 (from 3.970e-14)
51 (precision) 1.104e-12 4.674e-17 (from 3.970e-14)
52 (precision) 3.001e-13 4.674e-17 (from 3.970e-14)
53 (precision) 8.036e-14 4.674e-17 (from 3.970e-14)
54 (precision) 2.880e-14 4.674e-17 (from 3.970e-14)
55 (precision) 5.999e-17 4.674e-17 (from 3.970e-14)
56 (precision) 3.243e-16 4.674e-17 (from 3.970e-14)
57 (precision) 6.513e-15 4.674e-17 (from 3.970e-14)
58 (precision) 5.769e-16 4.674e-17 (from 3.970e-14)
59 (precision) 2.824e-15 4.674e-17 (from 3.970e-14)
60 (precision) 4.174e-15 4.674e-17 (from 3.970e-14)
61 (precision) 6.312e-15 4.674e-17 (from 3.970e-14)
62 (precision) 4.365e-15 4.674e-17 (from 3.970e-14)
63 (precision) 9.523e-15 4.674e-17 (from 3.970e-14)
64 (precision) 3.450e-15 4.674e-17 (from 3.970e-14)
65 (precision) 1.466e-15 4.674e-17 (from 3.970e-14)
66 (precision) 2.750e-16 4.674e-17 (from 3.970e-14)
67 (precision) 4.167e-15 4.674e-17 (from 3.970e-14)
68 (precision) 7.749e-16 4.674e-17 (from 3.970e-14)
69 (precision) 2.578e-15 4.674e-17 (from 3.970e-14)
70 (precision) 6.650e-16 4.674e-17 (from 3.970e-14)
71 (precision) 5.065e-15 4.674e-17 (from 3.970e-14)
72 (precision) 2.475e-15 4.674e-17 (from 3.970e-14)
73 (precision) 1.803e-14 4.674e-17 (from 3.970e-14)
74 (precision) 3.118e-15 4.674e-17 (from 3.970e-14)
75 (precision) 3.617e-15 4.674e-17 (from 3.970e-14)
76 (precision) 2.783e-15 4.674e-17 (from 3.970e-14)
77 (precision) 4.629e-15 4.674e-17 (from 3.970e-14)
78 (precision) 7.681e-13 4.674e-17 (from 3.970e-14)
79 (precision) 2.068e-13 4.674e-17 (from 3.970e-14)
80 (precision) 6.025e-14 4.674e-17 (from 3.970e-14)
81 (precision) 1.317e-14 4.674e-17 (from 3.970e-14)
82 (precision) 5.190e-15 4.674e-17 (from 3.970e-14)
83 (precision) 1.601e-15 4.674e-17 (from 3.970e-14)
84 (precision) 1.761e-15 4.674e-17 (from 3.970e-14)
85 (precision) 2.239e-15 4.674e-17 (from 3.970e-14)
86 (precision) 5.625e-15 4.674e-17 (from 3.970e-14)
87 (precision) 2.649e-16 4.674e-17 (from 3.970e-14)
88 (precision) 3.546e-15 4.674e-17 (from 3.970e-14)
89 (precision) 7.720e-15 4.674e-17 (from 3.970e-14)
90 (precision) 4.721e-15 4.674e-17 (from 3.970e-14)
91 (precision) 1.930e-15 4.674e-17 (from 3.970e-14)
92 (precision) 2.182e-15 4.674e-17 (from 3.970e-14)
93 (precision) 3.320e-15 4.674e-17 (from 3.970e-14)
94 (precision) 2.151e-16 4.674e-17 (from 3.970e-14)
95 (precision) 1.533e-15 4.674e-17 (from 3.970e-14)
96 (precision) 4.974e-16 4.674e-17 (from 3.970e-14)
97 (precision) 9.808e-16 4.674e-17 (from 3.970e-14)
98 (precision) 1.278e-15 4.674e-17 (from 3.970e-14)
99 (precision) 9.699e-16 4.674e-17 (from 3.970e-14)
100 (precision) 1.331e-15 4.674e-17 (from 3.970e-14)

x:  5.510e-01 -3.906e-01 -4.974e-02 -3.736e-01 -1.441e-01  3.805e-01 -4.562e-01  5.279e-01  2.542e-01 -1.359e-02 -7.187e-02  2.674e-01  2.979e-02  3.878e-01  3.744e-01  4.201e-03  3.785e-01  5.492e-01 -9.009e-02 -3.893e-02 -4.348e-01 -7.691e-01 -1.823e-01  2.200e-01  4.340e-01 -2.482e-01 -4.007e-01 -2.991e-01  2.460e-01 -4.353e-01  1.872e-01 -4.636e-01  4.158e-01  2.777e-01  2.670e-01  4.228e-01  3.653e-12

grad: -2.987e-29 -5.607e-30 -4.337e-29  4.474e-29  6.164e-29 -9.638e-29 -8.553e-30 -1.993e-29 -2.612e-29 -1.271e-29 -3.742e-29 -5.522e-29 -8.972e-30 -3.863e-29 -1.562e-29 -4.928e-29 -1.391e-28 -2.211e-28  5.320e-30 -3.978e-30  1.577e-29  3.119e-29  5.436e-30  3.470e-29  1.471e-29  5.850e-29  1.970e-29 -1.115e-30  1.643e-29 -1.207e-29 -9.111e-30 -2.872e-29 -3.018e-29 -7.513e-29  1.821e-29 -5.892e-30  1.331e-15

finished in 46 iterations (0.02 seconds total)
max viol = 7.06e-09

---------------------
Result:
---------------------

{(1,0), (0,0), (0,0), (0,0)}, {}, {}, {}


{(0.5,0), (0.5,0), (0.5,0), (0.5,0)}, {}, {}, {}


{(0.5,0), (0.551,0.0298), (-0.391,0.388), (-0.0497,0.374)}, {}, {}, {}


{(0.5,0), (-0.374,0.0042), (-0.144,0.378), (0.38,0.549)}, {}, {}, {}


{(0.5,0), (-0.456,-0.0901), (0.528,-0.0389), (0.254,-0.435)}, {}, {}, {}


{(0.5,0), (-0.0136,-0.769), (-0.0719,-0.182), (0.267,0.22)}, {}, {}, {}

---------------------
Abs of Gram matrix:
---------------------

 { { +1.0000, +0.0000, +0.0000, +0.0000, +0.5000, +0.0000, +0.0000, +0.0000, +0.5000, +0.0000, +0.0000, +0.0000, +0.5000, +0.0000, +0.0000, +0.0000, +0.5000, +0.0000, +0.0000, +0.0000, +0.5000, +0.0000, +0.0000, +0.0000}, 
   { +0.0000, +0.0000, +0.0000, +0.0000, +0.0000, +0.0000, +0.0000, +0.0000, +0.0000, +0.0000, +0.0000, +0.0000, +0.0000, +0.0000, +0.0000, +0.0000, +0.0000, +0.0000, +0.0000, +0.0000, +0.0000, +0.0000, +0.0000, +0.0000}, 
   { +0.0000, +0.0000, +0.0000, +0.0000, +0.0000, +0.0000, +0.0000, +0.0000, +0.0000, +0.0000, +0.0000, +0.0000, +0.0000, +0.0000, +0.0000, +0.0000, +0.0000, +0.0000, +0.0000, +0.0000, +0.0000, +0.0000, +0.0000, +0.0000}, 
   { +0.0000, +0.0000, +0.0000, +0.0000, +0.0000, +0.0000, +0.0000, +0.0000, +0.0000, +0.0000, +0.0000, +0.0000, +0.0000, +0.0000, +0.0000, +0.0000, +0.0000, +0.0000, +0.0000, +0.0000, +0.0000, +0.0000, +0.0000, +0.0000}, 
   { +0.5000, +0.0000, +0.0000, +0.0000, +1.0000, +0.0000, +0.0000, +0.0000, +0.5000, +0.0000, +0.0000, +0.0000, +0.5000, +0.0000, +0.0000, +0.0000, +0.5000, +0.0000, +0.0000, +0.0000, +0.5000, +0.0000, +0.0000, +0.0000}, 
   { +0.0000, +0.0000, +0.0000, +0.0000, +0.0000, +0.0000, +0.0000, +0.0000, +0.0000, +0.0000, +0.0000, +0.0000, +0.0000, +0.0000, +0.0000, +0.0000, +0.0000, +0.0000, +0.0000, +0.0000, +0.0000, +0.0000, +0.0000, +0.0000}, 
   { +0.0000, +0.0000, +0.0000, +0.0000, +0.0000, +0.0000, +0.0000, +0.0000, +0.0000, +0.0000, +0.0000, +0.0000, +0.0000, +0.0000, +0.0000, +0.0000, +0.0000, +0.0000, +0.0000, +0.0000, +0.0000, +0.0000, +0.0000, +0.0000}, 
   { +0.0000, +0.0000, +0.0000, +0.0000, +0.0000, +0.0000, +0.0000, +0.0000, +0.0000, +0.0000, +0.0000, +0.0000, +0.0000, +0.0000, +0.0000, +0.0000, +0.0000, +0.0000, +0.0000, +0.0000, +0.0000, +0.0000, +0.0000, +0.0000}, 
   { +0.5000, +0.0000, +0.0000, +0.0000, +0.5000, +0.0000, +0.0000, +0.0000, +1.0000, +0.0000, +0.0000, +0.0000, +0.5000, +0.0000, +0.0000, +0.0000, +0.5000, +0.0000, +0.0000, +0.0000, +0.5000, +0.0000, +0.0000, +0.0000}, 
   { +0.0000, +0.0000, +0.0000, +0.0000, +0.0000, +0.0000, +0.0000, +0.0000, +0.0000, +0.0000, +0.0000, +0.0000, +0.0000, +0.0000, +0.0000, +0.0000, +0.0000, +0.0000, +0.0000, +0.0000, +0.0000, +0.0000, +0.0000, +0.0000}, 
   { +0.0000, +0.0000, +0.0000, +0.0000, +0.0000, +0.0000, +0.0000, +0.0000, +0.0000, +0.0000, +0.0000, +0.0000, +0.0000, +0.0000, +0.0000, +0.0000, +0.0000, +0.0000, +0.0000, +0.0000, +0.0000, +0.0000, +0.0000, +0.0000}, 
   { +0.0000, +0.0000, +0.0000, +0.0000, +0.0000, +0.0000, +0.0000, +0.0000, +0.0000, +0.0000, +0.0000, +0.0000, +0.0000, +0.0000, +0.0000, +0.0000, +0.0000, +0.0000, +0.0000, +0.0000, +0.0000, +0.0000, +0.0000, +0.0000}, 
   { +0.5000, +0.0000, +0.0000, +0.0000, +0.5000, +0.0000, +0.0000, +0.0000, +0.5000, +0.0000, +0.0000, +0.0000, +1.0000, +0.0000, +0.0000, +0.0000, +0.5000, +0.0000, +0.0000, +0.0000, +0.5000, +0.0000, +0.0000, +0.0000}, 
   { +0.0000, +0.0000, +0.0000, +0.0000, +0.0000, +0.0000, +0.0000, +0.0000, +0.0000, +0.0000, +0.0000, +0.0000, +0.0000, +0.0000, +0.0000, +0.0000, +0.0000, +0.0000, +0.0000, +0.0000, +0.0000, +0.0000, +0.0000, +0.0000}, 
   { +0.0000, +0.0000, +0.0000, +0.0000, +0.0000, +0.0000, +0.0000, +0.0000, +0.0000, +0.0000, +0.0000, +0.0000, +0.0000, +0.0000, +0.0000, +0.0000, +0.0000, +0.0000, +0.0000, +0.0000, +0.0000, +0.0000, +0.0000, +0.0000}, 
   { +0.0000, +0.0000, +0.0000, +0.0000, +0.0000, +0.0000, +0.0000, +0.0000, +0.0000, +0.0000, +0.0000, +0.0000, +0.0000, +0.0000, +0.0000, +0.0000, +0.0000, +0.0000, +0.0000, +0.0000, +0.0000, +0.0000, +0.0000, +0.0000}, 
   { +0.5000, +0.0000, +0.0000, +0.0000, +0.5000, +0.0000, +0.0000, +0.0000, +0.5000, +0.0000, +0.0000, +0.0000, +0.5000, +0.0000, +0.0000, +0.0000, +1.0000, +0.0000, +0.0000, +0.0000, +0.5000, +0.0000, +0.0000, +0.0000}, 
   { +0.0000, +0.0000, +0.0000, +0.0000, +0.0000, +0.0000, +0.0000, +0.0000, +0.0000, +0.0000, +0.0000, +0.0000, +0.0000, +0.0000, +0.0000, +0.0000, +0.0000, +0.0000, +0.0000, +0.0000, +0.0000, +0.0000, +0.0000, +0.0000}, 
   { +0.0000, +0.0000, +0.0000, +0.0000, +0.0000, +0.0000, +0.0000, +0.0000, +0.0000, +0.0000, +0.0000, +0.0000, +0.0000, +0.0000, +0.0000, +0.0000, +0.0000, +0.0000, +0.0000, +0.0000, +0.0000, +0.0000, +0.0000, +0.0000}, 
   { +0.0000, +0.0000, +0.0000, +0.0000, +0.0000, +0.0000, +0.0000, +0.0000, +0.0000, +0.0000, +0.0000, +0.0000, +0.0000, +0.0000, +0.0000, +0.0000, +0.0000, +0.0000, +0.0000, +0.0000, +0.0000, +0.0000, +0.0000, +0.0000}, 
   { +0.5000, +0.0000, +0.0000, +0.0000, +0.5000, +0.0000, +0.0000, +0.0000, +0.5000, +0.0000, +0.0000, +0.0000, +0.5000, +0.0000, +0.0000, +0.0000, +0.5000, +0.0000, +0.0000, +0.0000, +1.0000, +0.0000, +0.0000, +0.0000}, 
   { +0.0000, +0.0000, +0.0000, +0.0000, +0.0000, +0.0000, +0.0000, +0.0000, +0.0000, +0.0000, +0.0000, +0.0000, +0.0000, +0.0000, +0.0000, +0.0000, +0.0000, +0.0000, +0.0000, +0.0000, +0.0000, +0.0000, +0.0000, +0.0000}, 
   { +0.0000, +0.0000, +0.0000, +0.0000, +0.0000, +0.0000, +0.0000, +0.0000, +0.0000, +0.0000, +0.0000, +0.0000, +0.0000, +0.0000, +0.0000, +0.0000, +0.0000, +0.0000, +0.0000, +0.0000, +0.0000, +0.0000, +0.0000, +0.0000}, 
   { +0.0000, +0.0000, +0.0000, +0.0000, +0.0000, +0.0000, +0.0000, +0.0000, +0.0000, +0.0000, +0.0000, +0.0000, +0.0000, +0.0000, +0.0000, +0.0000, +0.0000, +0.0000, +0.0000, +0.0000, +0.0000, +0.0000, +0.0000, +0.0000} } 
