---------------------
Basis Indices:
---------------------

{-, -, -, -}, {-, -, -, -}, {}, {}


{-, -, -, -}, {-, 21+i117, 22+i118, 23+i119}, {}, {}


{-, 33+i129, 34+i130, 35+i131}, {-, 37+i133, 38+i134, 39+i135}, {}, {}


{-, 49+i145, 50+i146, 51+i147}, {}, {}, {}


{-, 65+i161, 66+i162, 67+i163}, {}, {}, {}


{-, 81+i177, 82+i178, 83+i179}, {}, {}, {}

---------------------
Problem: 
---------------------
Find a point satisfying:

-0.25*{} + 1*{ 193 193} + 1*{ 192 192} = 0 

1*{ 119 131} + 1*{ 117 129} + 1*{ 118 130} + 1*{  21  33} + 0.25*{} + 1*{  23  35} + 1*{  22  34} + -1*{ 192} = 0 

-1*{  35 119} + 1*{  23 131} + 1*{  22 130} + 1*{  21 129} + -1*{  34 118} + -1*{  33 117} + -1*{ 193} = 0 

-0.25*{} + 1*{ 195 195} + 1*{ 194 194} = 0 

1*{ 119 135} + 1*{  22  38} + 1*{  23  39} + 1*{ 118 134} + 0.25*{} + 1*{ 117 133} + 1*{  21  37} + -1*{ 194} = 0 

-1*{  39 119} + 1*{  23 135} + -1*{  38 118} + -1*{ 195} + -1*{  37 117} + 1*{  21 133} + 1*{  22 134} = 0 

-0.25*{} + 1*{ 197 197} + 1*{ 196 196} = 0 

1*{ 119 147} + 1*{  23  51} + 1*{  21  49} + 1*{ 118 146} + 1*{  22  50} + 0.25*{} + 1*{ 117 145} + -1*{ 196} = 0 

-1*{  51 119} + -1*{  50 118} + 1*{  22 146} + 1*{  21 145} + 1*{  23 147} + -1*{  49 117} + -1*{ 197} = 0 

-0.25*{} + 1*{ 199 199} + 1*{ 198 198} = 0 

1*{  21  65} + 1*{ 118 162} + 1*{ 119 163} + 1*{  22  66} + 1*{ 117 161} + 0.25*{} + 1*{  23  67} + -1*{ 198} = 0 

-1*{  66 118} + 1*{  22 162} + 1*{  21 161} + 1*{  23 163} + -1*{  67 119} + -1*{  65 117} + -1*{ 199} = 0 

-0.25*{} + 1*{ 201 201} + 1*{ 200 200} = 0 

-1*{ 200} + 1*{ 119 179} + 1*{ 118 178} + 1*{  22  82} + 1*{ 117 177} + 1*{  21  81} + 1*{  23  83} + 0.25*{} = 0 

-1*{  83 119} + 1*{  23 179} + -1*{  81 117} + -1*{  82 118} + -1*{ 201} + 1*{  21 177} + 1*{  22 178} = 0 

-0.25*{} + 1*{ 117 117} + 1*{  21  21} = 0 

-0.75*{} + 1*{  21  21} + 1*{  22  22} + 1*{ 117 117} + 1*{ 118 118} + 1*{  23  23} + 1*{ 119 119} = 0 

0.5*{  21  22} + 0.5*{  21  23} + 0.25*{  21  21} + 0.25*{ 119 119} + 0.25*{  23  23} + 0.5*{  22  23} + 0.25*{ 118 118} + 0.25*{  23} + 0.25*{  22} + 0.5*{ 118 119} + 0.25*{  22  22} + 0.25*{  21} + 0.25*{ 117 117} + 0.5*{ 117 119} + 0.5*{ 117 118} + 0.0625*{} = 0 

0.25*{} + 1*{  33  37} + 1*{ 129 133} + 1*{  35  39} + 1*{  34  38} + 1*{ 130 134} + 1*{ 131 135} = 0 

1*{  33 133} + -1*{  37 129} + 1*{  35 135} + -1*{  39 131} + 1*{  34 134} + -1*{  38 130} = 0 

-0.25*{} + 1*{ 203 203} + 1*{ 202 202} = 0 

1*{ 131 147} + 0.25*{} + 1*{ 129 145} + 1*{ 130 146} + 1*{  34  50} + 1*{  35  51} + 1*{  33  49} + -1*{ 202} = 0 

1*{  35 147} + 1*{  33 145} + -1*{  51 131} + -1*{  50 130} + 1*{  34 146} + -1*{  49 129} + -1*{ 203} = 0 

-0.25*{} + 1*{ 205 205} + 1*{ 204 204} = 0 

1*{ 131 163} + 1*{ 129 161} + 1*{  35  67} + 1*{ 130 162} + 1*{  34  66} + 1*{  33  65} + 0.25*{} + -1*{ 204} = 0 

-1*{  67 131} + -1*{  66 130} + 1*{  34 162} + 1*{  35 163} + -1*{  65 129} + 1*{  33 161} + -1*{ 205} = 0 

-0.25*{} + 1*{ 207 207} + 1*{ 206 206} = 0 

1*{ 131 179} + 1*{ 130 178} + 1*{  34  82} + 1*{  35  83} + -1*{ 206} + 0.25*{} + 1*{ 129 177} + 1*{  33  81} = 0 

1*{  33 177} + 1*{  34 178} + -1*{  81 129} + -1*{  83 131} + 1*{  35 179} + -1*{  82 130} + -1*{ 207} = 0 

1*{ 129 129} + -0.25*{} + 1*{  33  33} = 0 

-0.75*{} + 1*{  33  33} + 1*{ 129 129} + 1*{ 130 130} + 1*{  35  35} + 1*{  34  34} + 1*{ 131 131} = 0 

0.25*{ 129 129} + 0.5*{ 129 131} + 0.25*{  35  35} + 0.25*{ 131 131} + 0.25*{  34} + 0.5*{ 130 131} + 0.25*{  33  33} + 0.5*{ 129 130} + 0.5*{  33  34} + -0.1875*{} + 0.25*{ 130 130} + 0.5*{  33  35} + 0.5*{  34  35} + 0.25*{  35} + 0.25*{  34  34} + 0.25*{  33} = 0 

1*{ 209 209} + -0.25*{} + 1*{ 208 208} = 0 

1*{  39  51} + 1*{  38  50} + 1*{ 135 147} + 1*{ 133 145} + 1*{ 134 146} + 1*{  37  49} + 0.25*{} + -1*{ 208} = 0 

1*{  38 146} + -1*{  49 133} + 1*{  37 145} + -1*{  51 135} + 1*{  39 147} + -1*{ 209} + -1*{  50 134} = 0 

-0.25*{} + 1*{ 211 211} + 1*{ 210 210} = 0 

1*{ 135 163} + 1*{  39  67} + -1*{ 210} + 1*{  38  66} + 1*{ 133 161} + 1*{  37  65} + 1*{ 134 162} + 0.25*{} = 0 

-1*{  67 135} + 1*{  37 161} + -1*{  66 134} + -1*{ 211} + 1*{  38 162} + 1*{  39 163} + -1*{  65 133} = 0 

-0.25*{} + 1*{ 213 213} + 1*{ 212 212} = 0 

1*{ 134 178} + 1*{  37  81} + 1*{ 135 179} + 1*{  38  82} + 1*{  39  83} + 1*{ 133 177} + 0.25*{} + -1*{ 212} = 0 

-1*{  83 135} + 1*{  39 179} + -1*{ 213} + -1*{  81 133} + 1*{  37 177} + 1*{  38 178} + -1*{  82 134} = 0 

-0.25*{} + 1*{ 133 133} + 1*{  37  37} = 0 

-0.75*{} + 1*{  38  38} + 1*{  37  37} + 1*{ 133 133} + 1*{ 134 134} + 1*{  39  39} + 1*{ 135 135} = 0 

0.5*{  38  39} + 0.5*{  37  39} + 0.5*{ 133 135} + 0.25*{ 134 134} + 0.25*{ 135 135} + 0.5*{ 134 135} + 0.25*{ 133 133} + 0.25*{  39  39} + 0.25*{  38  38} + 0.5*{ 133 134} + 0.5*{  37  38} + -0.1875*{} + 0.25*{  39} + 0.25*{  37  37} + 0.25*{  38} + 0.25*{  37} = 0 

-0.25*{} + 1*{ 215 215} + 1*{ 214 214} = 0 

1*{ 146 162} + 1*{  51  67} + 1*{  50  66} + 1*{ 145 161} + 1*{  49  65} + 0.25*{} + 1*{ 147 163} + -1*{ 214} = 0 

1*{  51 163} + -1*{  67 147} + 1*{  50 162} + -1*{  65 145} + 1*{  49 161} + -1*{  66 146} + -1*{ 215} = 0 

-0.25*{} + 1*{ 217 217} + 1*{ 216 216} = 0 

1*{  51  83} + 1*{ 146 178} + 1*{  50  82} + 1*{ 147 179} + -1*{ 216} + 1*{ 145 177} + 1*{  49  81} + 0.25*{} = 0 

-1*{  82 146} + 1*{  51 179} + 1*{  50 178} + -1*{  81 145} + -1*{  83 147} + 1*{  49 177} + -1*{ 217} = 0 

-0.25*{} + 1*{ 145 145} + 1*{  49  49} = 0 

-0.75*{} + 1*{  49  49} + 1*{ 145 145} + 1*{  50  50} + 1*{ 146 146} + 1*{  51  51} + 1*{ 147 147} = 0 

0.25*{  49  49} + 0.5*{  49  51} + 0.25*{ 145 145} + 0.25*{ 146 146} + 0.25*{  50  50} + 0.5*{ 145 147} + 0.25*{ 147 147} + 0.5*{ 145 146} + 0.25*{  50} + 0.25*{  49} + 0.5*{ 146 147} + -0.1875*{} + 0.5*{  50  51} + 0.5*{  49  50} + 0.25*{  51  51} + 0.25*{  51} = 0 

-0.25*{} + 1*{ 219 219} + 1*{ 218 218} = 0 

0.25*{} + 1*{  67  83} + 1*{  66  82} + 1*{ 163 179} + 1*{ 161 177} + 1*{ 162 178} + 1*{  65  81} + -1*{ 218} = 0 

-1*{  83 163} + 1*{  66 178} + 1*{  67 179} + -1*{  82 162} + -1*{  81 161} + 1*{  65 177} + -1*{ 219} = 0 

-0.25*{} + 1*{ 161 161} + 1*{  65  65} = 0 

-0.75*{} + 1*{ 163 163} + 1*{  65  65} + 1*{ 162 162} + 1*{ 161 161} + 1*{  66  66} + 1*{  67  67} = 0 

0.25*{ 161 161} + 0.5*{ 162 163} + 0.25*{  67  67} + 0.25*{  65} + 0.5*{ 161 163} + 0.5*{  66  67} + 0.5*{  65  66} + 0.25*{  66  66} + 0.5*{  65  67} + -0.1875*{} + 0.5*{ 161 162} + 0.25*{  65  65} + 0.25*{ 163 163} + 0.25*{  67} + 0.25*{  66} + 0.25*{ 162 162} = 0 

-0.25*{} + 1*{ 177 177} + 1*{  81  81} = 0 

-0.75*{} + 1*{  83  83} + 1*{  81  81} + 1*{ 177 177} + 1*{  82  82} + 1*{ 178 178} + 1*{ 179 179} = 0 

-0.1875*{} + 0.25*{  83  83} + 0.25*{  82  82} + 0.25*{ 179 179} + 0.25*{ 178 178} + 0.5*{ 177 178} + 0.25*{  81  81} + 0.5*{  82  83} + 0.5*{ 177 179} + 0.5*{ 178 179} + 0.5*{  81  83} + 0.25*{ 177 177} + 0.5*{  81  82} + 0.25*{  83} + 0.25*{  82} + 0.25*{  81} = 0 

set sizes: {2, 2, 2, 1, 1, 1}, vars: 64, vectors: 9
1 7.378660e+00 7.378660e+00
2 1.477341e+02 7.378660e+00
3 4.631483e+01 7.378660e+00
4 1.447673e+01 7.378660e+00
5 4.446183e+00 4.446183e+00
6 1.378381e+00 1.378381e+00
7 4.667728e-01 4.667728e-01
8 1.642074e-01 1.642074e-01
9 2.873618e-01 1.642074e-01
10 8.555043e-02 8.555043e-02
11 2.613891e-02 2.613891e-02
12 9.922964e-03 9.922964e-03
13 1.124922e-02 9.922964e-03
14 1.543864e-02 9.922964e-03
15 2.827712e-02 9.922964e-03
16 6.351166e-02 9.922964e-03
17 8.081523e-02 9.922964e-03
18 3.112477e+00 9.922964e-03
19 4.495137e+03 9.922964e-03
20 1.445579e+03 9.922964e-03
21 4.605205e+02 9.922964e-03
22 1.461391e+02 9.922964e-03
23 4.611056e+01 9.922964e-03
24 1.443968e+01 9.922964e-03
25 4.485274e+00 9.922964e-03
26 1.387484e+00 9.922964e-03
27 4.342398e-01 9.922964e-03
28 1.442219e-01 9.922964e-03
29 6.350763e-02 9.922964e-03
30 1.138608e-01 9.922964e-03
31 3.617506e-02 9.922964e-03
32 1.945181e-02 9.922964e-03
33 2.619084e+04 9.922964e-03
34 9.348325e+03 9.922964e-03
35 2.983516e+03 9.922964e-03
36 9.497294e+02 9.922964e-03
37 3.009895e+02 9.922964e-03
38 9.471768e+01 9.922964e-03
39 2.950680e+01 9.922964e-03
40 9.087979e+00 9.922964e-03
41 2.787926e+00 9.922964e-03
42 8.818609e-01 9.922964e-03
43 3.146295e-01 9.922964e-03
44 5.213095e+00 9.922964e-03
45 1.963800e+00 9.922964e-03
46 6.071930e-01 9.922964e-03
47 2.026145e-01 9.922964e-03
48 7.573849e-02 9.922964e-03
49 3.367555e-02 9.922964e-03
50 3.128330e-02 9.922964e-03
51 1.510334e-02 9.922964e-03
52 2.371294e-02 9.922964e-03
53 1.039814e-02 9.922964e-03
54 3.692312e+00 9.922964e-03
55 1.059237e+00 9.922964e-03
56 3.008587e-01 9.922964e-03
57 8.569377e-02 9.922964e-03
58 2.491407e-02 9.922964e-03
59 7.648734e-03 7.648734e-03
60 2.772506e-03 2.772506e-03
61 1.593901e-03 1.593901e-03
62 9.887659e-04 9.887659e-04
63 2.692047e+00 9.887659e-04
64 7.681777e-01 9.887659e-04
65 2.146751e-01 9.887659e-04
66 5.902482e-02 9.887659e-04
67 1.618120e-02 9.887659e-04
68 4.555580e-03 9.887659e-04
69 1.448577e-03 9.887659e-04
70 6.718235e-04 6.718235e-04
71 6.862636e-03 6.718235e-04
72 1.831538e-03 6.718235e-04
73 5.208918e-04 5.208918e-04
74 1.873842e-04 1.873842e-04
75 1.438759e-04 1.438759e-04
76 6.820435e-05 6.820435e-05
77 3.957929e-04 6.820435e-05
78 1.062166e-04 6.820435e-05
79 3.240608e-05 3.240608e-05
80 1.489336e-05 1.489336e-05
81 4.840780e-05 1.489336e-05
82 1.332564e-05 1.332564e-05
83 4.399678e-06 4.399678e-06
84 1.885834e-06 1.885834e-06
85 1.495181e-06 1.495181e-06
86 4.930819e-07 4.930819e-07
87 1.808539e-07 1.808539e-07
88 6.657506e-08 6.657506e-08
89 2.441975e-08 2.441975e-08
90 9.305618e-09 9.305618e-09
91 3.583621e-09 3.583621e-09
92 1.444193e-09 1.444193e-09
93 6.108195e-10 6.108195e-10
94 3.024048e-10 3.024048e-10
95 1.788198e-10 1.788198e-10
96 4.201402e-06 1.788198e-10
97 1.071814e-06 1.788198e-10
98 2.734129e-07 1.788198e-10
99 6.976307e-08 1.788198e-10
100 1.782178e-08 1.788198e-10
101 4.574473e-09 1.788198e-10
102 1.195832e-09 1.788198e-10
103 3.350294e-10 1.788198e-10
104 1.213415e-10 1.213415e-10
105 3.898434e-09 1.213415e-10
106 1.007141e-09 1.213415e-10
107 2.699698e-10 1.213415e-10
108 8.405766e-11 8.405766e-11
109 1.459058e-07 8.405766e-11
110 3.937811e-08 8.405766e-11
111 1.184646e-08 8.405766e-11
112 4.248298e-09 8.405766e-11
113 1.756583e-09 8.405766e-11
114 1.056429e-09 8.405766e-11
115 4.812285e-10 8.405766e-11
116 1.716973e-08 8.405766e-11
117 4.386569e-09 8.405766e-11
118 1.125986e-09 8.405766e-11
119 2.944765e-10 8.405766e-11
120 8.296687e-11 8.296687e-11
121 3.204696e-11 3.204696e-11
122 7.986572e-11 3.204696e-11
123 3.114937e-11 3.114937e-11
124 8.335771e-11 3.114937e-11
125 3.120450e-11 3.114937e-11
126 5.627749e-11 3.114937e-11
127 2.634368e-11 2.634368e-11
128 1.635302e-10 2.634368e-11
129 5.324085e-10 2.634368e-11
130 1.550619e-10 2.634368e-11
131 6.049132e-11 2.634368e-11
132 4.049608e-11 2.634368e-11
133 3.503574e-11 2.634368e-11
134 5.107910e-10 2.634368e-11
135 1.508791e-10 2.634368e-11
136 5.856823e-11 2.634368e-11
137 3.604208e-11 2.634368e-11
138 2.242848e-11 2.242848e-11
139 1.232883e-07 2.242848e-11
140 3.158083e-08 2.242848e-11
141 8.172195e-09 2.242848e-11
142 2.188752e-09 2.242848e-11
143 6.508164e-10 2.242848e-11
144 2.470369e-10 2.242848e-11
145 1.322160e-10 2.242848e-11
146 8.203066e-11 2.242848e-11
147 4.374211e-09 2.242848e-11
148 1.190383e-09 2.242848e-11
149 3.793803e-10 2.242848e-11
150 1.733120e-10 2.242848e-11
151 1.783540e-09 2.242848e-11
152 4.714767e-10 2.242848e-11
153 1.382709e-10 2.242848e-11
154 6.209603e-11 2.242848e-11
155 1.386171e-09 2.242848e-11
156 3.687235e-10 2.242848e-11
157 1.095210e-10 2.242848e-11
158 4.707815e-11 2.242848e-11
159 1.771347e-10 2.242848e-11
160 5.392656e-11 2.242848e-11
161 2.945769e-11 2.242848e-11
162 4.775368e-05 2.242848e-11
163 1.227075e-05 2.242848e-11
164 3.194981e-06 2.242848e-11
165 8.621089e-07 2.242848e-11
166 2.507993e-07 2.242848e-11
167 8.136621e-08 2.242848e-11
168 2.846689e-08 2.242848e-11
169 1.021568e-08 2.242848e-11
170 3.688008e-09 2.242848e-11
171 1.336497e-09 2.242848e-11
172 4.858824e-10 2.242848e-11
173 1.784262e-10 2.242848e-11
174 6.639765e-11 2.242848e-11
175 2.575411e-11 2.242848e-11
176 1.023811e-11 1.023811e-11
177 4.754329e-12 4.754329e-12
178 2.264241e-12 2.264241e-12
179 1.696037e-12 1.696037e-12
180 1.483648e-12 1.483648e-12
181 8.107529e-13 8.107529e-13
182 4.271453e-12 8.107529e-13
183 4.279427e-12 8.107529e-13
184 2.657165e-11 8.107529e-13
185 1.453748e-11 8.107529e-13
186 9.724448e-11 8.107529e-13
187 7.367523e-11 8.107529e-13
188 3.158989e-10 8.107529e-13
189 5.176566e-10 8.107529e-13
190 4.841211e-11 8.107529e-13
191 4.085178e-09 8.107529e-13
192 1.031026e-09 8.107529e-13
193 2.007141e-10 8.107529e-13
194 1.270105e-09 8.107529e-13
195 2.577068e-09 8.107529e-13
196 4.709829e-10 8.107529e-13
197 1.875733e-09 8.107529e-13
198 2.076064e-09 8.107529e-13
199 3.155218e-08 8.107529e-13
200 6.755783e-09 8.107529e-13
201 5.736086e-09 8.107529e-13
202 2.447104e-06 8.107529e-13
203 6.242206e-07 8.107529e-13
204 1.592541e-07 8.107529e-13
205 4.059597e-08 8.107529e-13
206 1.010329e-08 8.107529e-13
207 2.879906e-09 8.107529e-13
208 1.454709e-08 8.107529e-13
209 1.871076e-09 8.107529e-13
210 8.429923e-04 8.107529e-13
211 2.153062e-04 8.107529e-13
212 5.501522e-05 8.107529e-13
213 1.405550e-05 8.107529e-13
214 3.589222e-06 8.107529e-13
215 9.161816e-07 8.107529e-13
216 2.338781e-07 8.107529e-13
217 5.976208e-08 8.107529e-13
218 1.527934e-08 8.107529e-13
219 3.902995e-09 8.107529e-13
220 1.251802e-09 8.107529e-13
221 7.316714e-10 8.107529e-13
222 4.113413e-10 8.107529e-13
223 1.986244e-10 8.107529e-13
224 2.324628e-10 8.107529e-13
225 3.292828e-12 8.107529e-13
226 8.728978e-13 8.107529e-13
227 8.915105e-11 8.107529e-13
228 2.264831e-11 8.107529e-13
229 5.512064e-12 8.107529e-13
230 5.584878e-11 8.107529e-13
231 1.375140e-11 8.107529e-13
232 2.633875e-12 8.107529e-13
233 1.023827e-08 8.107529e-13
234 2.611362e-09 8.107529e-13
235 6.662211e-10 8.107529e-13
236 1.690137e-10 8.107529e-13
237 4.305475e-11 8.107529e-13
238 8.947012e-12 8.107529e-13
239 2.884053e-11 8.107529e-13
240 2.175160e-13 2.175160e-13
241 5.482828e-14 5.482828e-14

x: -4.869115e-01 -4.971735e-01  4.845458e-01 -2.622760e-01  1.474300e-01 -4.452291e-01 -2.300051e-01  2.409461e-01 -3.274377e-01  4.999946e-01 -2.151943e-02 -9.236464e-02  3.236374e-01  4.114298e-01 -2.530913e-01  3.733016e-01  2.399211e-01 -1.480106e-01  1.136537e-01  1.914778e-02 -1.329178e-01  4.256892e-01  5.272447e-01  4.525991e-02 -4.439568e-01 -5.772936e-01  3.823134e-02 -2.309705e-03  6.702295e-01 -2.044459e-01  3.811283e-01 -5.687475e-02 -5.132598e-01 -3.326348e-01 -5.227081e-02  6.463733e-01  1.411339e-01 -4.796678e-01  1.694865e-02  4.997127e-01  1.223622e-02 -4.998503e-01 -1.243201e-01 -4.842980e-01 -2.474858e-01  4.344546e-01  4.999528e-01 -6.872926e-03  4.474836e-01 -2.230659e-01  1.134584e-01 -4.869571e-01 -2.336527e-01  4.420480e-01  2.015721e-01  4.575682e-01  4.729738e-01  1.621596e-01  4.922744e-01 -8.755524e-02  2.787433e-01 -4.150930e-01  5.142419e-02 -4.973485e-01  1.894131e-06

grad: -1.683848e-14 -1.852378e-14  9.596998e-15  2.358420e-16 -1.324293e-15 -4.165204e-15 -1.324616e-15  5.419266e-15 -1.930236e-15  1.873366e-14  8.503103e-15 -4.595976e-15  6.619457e-15  9.620591e-15 -1.020549e-15  8.581118e-15  9.470140e-15 -2.268691e-15  3.630360e-15 -2.682928e-15 -2.850825e-15  1.266226e-14  1.486095e-14 -1.587403e-15 -1.212139e-14 -1.453502e-14  2.187589e-15  4.392496e-15  1.558121e-14 -8.481190e-16 -2.644264e-15 -3.180455e-15 -7.383876e-16 -6.029022e-16  5.282439e-15  2.543164e-15  6.554597e-16  5.464945e-15  1.649108e-15 -5.276598e-15  4.868997e-15  3.297567e-15  3.713118e-15 -8.219794e-17  4.019614e-15  1.070691e-15 -2.247375e-15  3.742709e-15  1.935887e-15  2.690830e-15 -1.056253e-15  2.421495e-15  1.226712e-15 -1.328480e-15 -1.996994e-15 -2.724759e-15  1.169346e-15 -2.613190e-15  3.260077e-17  1.688022e-15 -3.559023e-15  2.304851e-15 -1.282017e-15 -2.543139e-15  1.331793e-14

finished in 241 iterations (0.047 seconds total)
max viol = 5.6473e-08

---------------------
MUBs:
---------------------

{(1,0), (0,0), (0,0), (0,0)}, {(0,0), (1,0), (0,0), (0,0)}, {}, {}


{(0.5,0), (0.5,0), (0.5,0), (0.5,0)}, {(0.5,0), (-0.486912,0.113654), (-0.497174,0.0191478), (0.484546,-0.132918)}, {}, {}


{(0.5,0), (-0.262276,0.425689), (0.14743,0.527245), (-0.445229,0.0452599)}, {(0.5,0), (-0.230005,-0.443957), (0.240946,-0.577294), (-0.327438,0.0382313)}, {}, {}


{(0.5,0), (0.499995,-0.00230971), (-0.0215194,0.670229), (-0.0923646,-0.204446)}, {}, {}, {}


{(0.5,0), (0.323637,0.381128), (0.41143,-0.0568747), (-0.253091,-0.51326)}, {}, {}, {}


{(0.5,0), (0.373302,-0.332635), (0.239921,-0.0522708), (-0.148011,0.646373)}, {}, {}, {}

---------------------
Abs of Gram matrix:
---------------------

 { { +1.0000, +0.0000, +0.0000, +0.0000, +0.5000, +0.5000, +0.0000, +0.0000, +0.5000, +0.5000, +0.0000, +0.0000, +0.5000, +0.0000, +0.0000, +0.0000, +0.5000, +0.0000, +0.0000, +0.0000, +0.5000, +0.0000, +0.0000, +0.0000}, 
   { +0.0000, +1.0000, +0.0000, +0.0000, +0.5000, +0.5000, +0.0000, +0.0000, +0.5000, +0.5000, +0.0000, +0.0000, +0.5000, +0.0000, +0.0000, +0.0000, +0.5000, +0.0000, +0.0000, +0.0000, +0.5000, +0.0000, +0.0000, +0.0000}, 
   { +0.0000, +0.0000, +0.0000, +0.0000, +0.0000, +0.0000, +0.0000, +0.0000, +0.0000, +0.0000, +0.0000, +0.0000, +0.0000, +0.0000, +0.0000, +0.0000, +0.0000, +0.0000, +0.0000, +0.0000, +0.0000, +0.0000, +0.0000, +0.0000}, 
   { +0.0000, +0.0000, +0.0000, +0.0000, +0.0000, +0.0000, +0.0000, +0.0000, +0.0000, +0.0000, +0.0000, +0.0000, +0.0000, +0.0000, +0.0000, +0.0000, +0.0000, +0.0000, +0.0000, +0.0000, +0.0000, +0.0000, +0.0000, +0.0000}, 
   { +0.5000, +0.5000, +0.0000, +0.0000, +1.0000, +0.0002, +0.0000, +0.0000, +0.5000, +0.5000, +0.0000, +0.0000, +0.5000, +0.0000, +0.0000, +0.0000, +0.5000, +0.0000, +0.0000, +0.0000, +0.5000, +0.0000, +0.0000, +0.0000}, 
   { +0.5000, +0.5000, +0.0000, +0.0000, +0.0002, +1.0000, +0.0000, +0.0000, +0.5000, +0.5000, +0.0000, +0.0000, +0.5000, +0.0000, +0.0000, +0.0000, +0.5000, +0.0000, +0.0000, +0.0000, +0.5000, +0.0000, +0.0000, +0.0000}, 
   { +0.0000, +0.0000, +0.0000, +0.0000, +0.0000, +0.0000, +0.0000, +0.0000, +0.0000, +0.0000, +0.0000, +0.0000, +0.0000, +0.0000, +0.0000, +0.0000, +0.0000, +0.0000, +0.0000, +0.0000, +0.0000, +0.0000, +0.0000, +0.0000}, 
   { +0.0000, +0.0000, +0.0000, +0.0000, +0.0000, +0.0000, +0.0000, +0.0000, +0.0000, +0.0000, +0.0000, +0.0000, +0.0000, +0.0000, +0.0000, +0.0000, +0.0000, +0.0000, +0.0000, +0.0000, +0.0000, +0.0000, +0.0000, +0.0000}, 
   { +0.5000, +0.5000, +0.0000, +0.0000, +0.5000, +0.5000, +0.0000, +0.0000, +1.0000, +0.0000, +0.0000, +0.0000, +0.5000, +0.0000, +0.0000, +0.0000, +0.5000, +0.0000, +0.0000, +0.0000, +0.5000, +0.0000, +0.0000, +0.0000}, 
   { +0.5000, +0.5000, +0.0000, +0.0000, +0.5000, +0.5000, +0.0000, +0.0000, +0.0000, +1.0000, +0.0000, +0.0000, +0.5000, +0.0000, +0.0000, +0.0000, +0.5000, +0.0000, +0.0000, +0.0000, +0.5000, +0.0000, +0.0000, +0.0000}, 
   { +0.0000, +0.0000, +0.0000, +0.0000, +0.0000, +0.0000, +0.0000, +0.0000, +0.0000, +0.0000, +0.0000, +0.0000, +0.0000, +0.0000, +0.0000, +0.0000, +0.0000, +0.0000, +0.0000, +0.0000, +0.0000, +0.0000, +0.0000, +0.0000}, 
   { +0.0000, +0.0000, +0.0000, +0.0000, +0.0000, +0.0000, +0.0000, +0.0000, +0.0000, +0.0000, +0.0000, +0.0000, +0.0000, +0.0000, +0.0000, +0.0000, +0.0000, +0.0000, +0.0000, +0.0000, +0.0000, +0.0000, +0.0000, +0.0000}, 
   { +0.5000, +0.5000, +0.0000, +0.0000, +0.5000, +0.5000, +0.0000, +0.0000, +0.5000, +0.5000, +0.0000, +0.0000, +1.0000, +0.0000, +0.0000, +0.0000, +0.5000, +0.0000, +0.0000, +0.0000, +0.5000, +0.0000, +0.0000, +0.0000}, 
   { +0.0000, +0.0000, +0.0000, +0.0000, +0.0000, +0.0000, +0.0000, +0.0000, +0.0000, +0.0000, +0.0000, +0.0000, +0.0000, +0.0000, +0.0000, +0.0000, +0.0000, +0.0000, +0.0000, +0.0000, +0.0000, +0.0000, +0.0000, +0.0000}, 
   { +0.0000, +0.0000, +0.0000, +0.0000, +0.0000, +0.0000, +0.0000, +0.0000, +0.0000, +0.0000, +0.0000, +0.0000, +0.0000, +0.0000, +0.0000, +0.0000, +0.0000, +0.0000, +0.0000, +0.0000, +0.0000, +0.0000, +0.0000, +0.0000}, 
   { +0.0000, +0.0000, +0.0000, +0.0000, +0.0000, +0.0000, +0.0000, +0.0000, +0.0000, +0.0000, +0.0000, +0.0000, +0.0000, +0.0000, +0.0000, +0.0000, +0.0000, +0.0000, +0.0000, +0.0000, +0.0000, +0.0000, +0.0000, +0.0000}, 
   { +0.5000, +0.5000, +0.0000, +0.0000, +0.5000, +0.5000, +0.0000, +0.0000, +0.5000, +0.5000, +0.0000, +0.0000, +0.5000, +0.0000, +0.0000, +0.0000, +1.0000, +0.0000, +0.0000, +0.0000, +0.5000, +0.0000, +0.0000, +0.0000}, 
   { +0.0000, +0.0000, +0.0000, +0.0000, +0.0000, +0.0000, +0.0000, +0.0000, +0.0000, +0.0000, +0.0000, +0.0000, +0.0000, +0.0000, +0.0000, +0.0000, +0.0000, +0.0000, +0.0000, +0.0000, +0.0000, +0.0000, +0.0000, +0.0000}, 
   { +0.0000, +0.0000, +0.0000, +0.0000, +0.0000, +0.0000, +0.0000, +0.0000, +0.0000, +0.0000, +0.0000, +0.0000, +0.0000, +0.0000, +0.0000, +0.0000, +0.0000, +0.0000, +0.0000, +0.0000, +0.0000, +0.0000, +0.0000, +0.0000}, 
   { +0.0000, +0.0000, +0.0000, +0.0000, +0.0000, +0.0000, +0.0000, +0.0000, +0.0000, +0.0000, +0.0000, +0.0000, +0.0000, +0.0000, +0.0000, +0.0000, +0.0000, +0.0000, +0.0000, +0.0000, +0.0000, +0.0000, +0.0000, +0.0000}, 
   { +0.5000, +0.5000, +0.0000, +0.0000, +0.5000, +0.5000, +0.0000, +0.0000, +0.5000, +0.5000, +0.0000, +0.0000, +0.5000, +0.0000, +0.0000, +0.0000, +0.5000, +0.0000, +0.0000, +0.0000, +1.0000, +0.0000, +0.0000, +0.0000}, 
   { +0.0000, +0.0000, +0.0000, +0.0000, +0.0000, +0.0000, +0.0000, +0.0000, +0.0000, +0.0000, +0.0000, +0.0000, +0.0000, +0.0000, +0.0000, +0.0000, +0.0000, +0.0000, +0.0000, +0.0000, +0.0000, +0.0000, +0.0000, +0.0000}, 
   { +0.0000, +0.0000, +0.0000, +0.0000, +0.0000, +0.0000, +0.0000, +0.0000, +0.0000, +0.0000, +0.0000, +0.0000, +0.0000, +0.0000, +0.0000, +0.0000, +0.0000, +0.0000, +0.0000, +0.0000, +0.0000, +0.0000, +0.0000, +0.0000}, 
   { +0.0000, +0.0000, +0.0000, +0.0000, +0.0000, +0.0000, +0.0000, +0.0000, +0.0000, +0.0000, +0.0000, +0.0000, +0.0000, +0.0000, +0.0000, +0.0000, +0.0000, +0.0000, +0.0000, +0.0000, +0.0000, +0.0000, +0.0000, +0.0000} } 
