---------------------
Basis Indices:
---------------------

{0+i96, 1+i97, 2+i98, 3+i99}, {4+i100, 5+i101, 6+i102, 7+i103}, {}, {}


{16+i112, 17+i113, 18+i114, 19+i115}, {20+i116, 21+i117, 22+i118, 23+i119}, {}, {}


{32+i128, 33+i129, 34+i130, 35+i131}, {}, {}, {}


{48+i144, 49+i145, 50+i146, 51+i147}, {}, {}, {}


{64+i160, 65+i161, 66+i162, 67+i163}, {}, {}, {}


{80+i176, 81+i177, 82+i178, 83+i179}, {}, {}, {}

---------------------
Problem: 
---------------------
Find a point satisfying:

1*{   3   7} + 1*{   2   6} + 1*{  97 101} + 1*{  98 102} + 1*{   1   5} + 1*{  96 100} + 1*{   0   4} + 1*{  99 103} = 0 

-1*{   6  98} + 1*{   0 100} + -1*{   4  96} + -1*{   5  97} + 1*{   1 101} + -1*{   7  99} + 1*{   2 102} + 1*{   3 103} = 0 

-0.25*{} + 1*{ 193 193} + 1*{ 192 192} = 0 

1*{   3  19} + 1*{   1  17} + 1*{  98 114} + 1*{  96 112} + 1*{   2  18} + 1*{  97 113} + 1*{   0  16} + -1*{ 192} + 1*{  99 115} = 0 

1*{   2 114} + 1*{   1 113} + -1*{  16  96} + 1*{   0 112} + -1*{  17  97} + 1*{   3 115} + -1*{ 193} + -1*{  18  98} + -1*{  19  99} = 0 

-0.25*{} + 1*{ 195 195} + 1*{ 194 194} = 0 

1*{   3  23} + 1*{   1  21} + 1*{   2  22} + 1*{  98 118} + 1*{  96 116} + 1*{   0  20} + 1*{  97 117} + 1*{  99 119} + -1*{ 194} = 0 

1*{   2 118} + 1*{   1 117} + -1*{  21  97} + -1*{  20  96} + 1*{   0 116} + -1*{  22  98} + 1*{   3 119} + -1*{ 195} + -1*{  23  99} = 0 

-0.25*{} + 1*{ 197 197} + 1*{ 196 196} = 0 

1*{   3  35} + 1*{   0  32} + 1*{  96 128} + 1*{  97 129} + 1*{   1  33} + 1*{  99 131} + 1*{   2  34} + 1*{  98 130} + -1*{ 196} = 0 

1*{   2 130} + -1*{  34  98} + -1*{  33  97} + -1*{ 197} + 1*{   1 129} + -1*{  32  96} + 1*{   0 128} + 1*{   3 131} + -1*{  35  99} = 0 

-0.25*{} + 1*{ 199 199} + 1*{ 198 198} = 0 

1*{  96 144} + 1*{  97 145} + 1*{   3  51} + 1*{   1  49} + 1*{   2  50} + 1*{  98 146} + 1*{   0  48} + 1*{  99 147} + -1*{ 198} = 0 

-1*{  50  98} + 1*{   2 146} + -1*{  51  99} + 1*{   1 145} + -1*{  48  96} + -1*{  49  97} + 1*{   0 144} + 1*{   3 147} + -1*{ 199} = 0 

-0.25*{} + 1*{ 201 201} + 1*{ 200 200} = 0 

1*{  97 161} + 1*{  98 162} + 1*{   2  66} + 1*{   0  64} + 1*{   3  67} + 1*{   1  65} + 1*{  96 160} + 1*{  99 163} + -1*{ 200} = 0 

-1*{  66  98} + 1*{   2 162} + 1*{   3 163} + -1*{ 201} + -1*{  65  97} + 1*{   1 161} + -1*{  64  96} + 1*{   0 160} + -1*{  67  99} = 0 

-0.25*{} + 1*{ 203 203} + 1*{ 202 202} = 0 

1*{   0  80} + 1*{  98 178} + 1*{  99 179} + 1*{   2  82} + 1*{  97 177} + 1*{   1  81} + 1*{  96 176} + 1*{   3  83} + -1*{ 202} = 0 

-1*{  82  98} + 1*{   2 178} + -1*{  80  96} + -1*{  81  97} + 1*{   1 177} + 1*{   0 176} + 1*{   3 179} + -1*{ 203} + -1*{  83  99} = 0 

1*{   0   0} + 1*{  99  99} + 1*{  96  96} + 1*{  97  97} + 1*{   1   1} + -1*{} + 1*{   2   2} + 1*{  98  98} + 1*{   3   3} = 0 

-0.25*{} + 1*{ 205 205} + 1*{ 204 204} = 0 

1*{   7  19} + 1*{ 102 114} + 1*{   6  18} + 1*{ 101 113} + 1*{ 100 112} + 1*{   5  17} + 1*{   4  16} + 1*{ 103 115} + -1*{ 204} = 0 

1*{   6 114} + 1*{   5 113} + -1*{  17 101} + -1*{  16 100} + -1*{  19 103} + -1*{  18 102} + 1*{   4 112} + 1*{   7 115} + -1*{ 205} = 0 

-0.25*{} + 1*{ 207 207} + 1*{ 206 206} = 0 

1*{   7  23} + 1*{   6  22} + 1*{ 102 118} + 1*{   5  21} + 1*{ 103 119} + 1*{ 100 116} + 1*{   4  20} + 1*{ 101 117} + -1*{ 206} = 0 

-1*{  22 102} + 1*{   6 118} + -1*{  21 101} + 1*{   5 117} + 1*{   4 116} + -1*{  20 100} + -1*{  23 103} + -1*{ 207} + 1*{   7 119} = 0 

1*{ 209 209} + -0.25*{} + 1*{ 208 208} = 0 

1*{   7  35} + 1*{ 103 131} + 1*{   6  34} + 1*{ 101 129} + 1*{   5  33} + 1*{ 102 130} + 1*{ 100 128} + -1*{ 208} + 1*{   4  32} = 0 

1*{   6 130} + 1*{   5 129} + -1*{ 209} + -1*{  33 101} + -1*{  32 100} + 1*{   4 128} + -1*{  34 102} + 1*{   7 131} + -1*{  35 103} = 0 

-0.25*{} + 1*{ 211 211} + 1*{ 210 210} = 0 

1*{ 101 145} + 1*{   7  51} + 1*{   4  48} + 1*{   6  50} + 1*{ 102 146} + 1*{ 103 147} + 1*{   5  49} + 1*{ 100 144} + -1*{ 210} = 0 

1*{   6 146} + -1*{  48 100} + -1*{  50 102} + -1*{  49 101} + 1*{   7 147} + 1*{   4 144} + -1*{  51 103} + 1*{   5 145} + -1*{ 211} = 0 

-0.25*{} + 1*{ 213 213} + 1*{ 212 212} = 0 

1*{   6  66} + 1*{ 101 161} + 1*{   5  65} + 1*{   7  67} + 1*{ 100 160} + 1*{   4  64} + 1*{ 102 162} + 1*{ 103 163} + -1*{ 212} = 0 

1*{   6 162} + -1*{ 213} + -1*{  65 101} + -1*{  66 102} + -1*{  64 100} + 1*{   4 160} + 1*{   7 163} + 1*{   5 161} + -1*{  67 103} = 0 

-0.25*{} + 1*{ 215 215} + 1*{ 214 214} = 0 

1*{   7  83} + 1*{ 102 178} + 1*{   6  82} + 1*{ 101 177} + 1*{   5  81} + 1*{ 103 179} + 1*{ 100 176} + 1*{   4  80} + -1*{ 214} = 0 

-1*{  82 102} + 1*{   6 178} + -1*{  83 103} + 1*{   4 176} + 1*{   5 177} + -1*{  81 101} + -1*{  80 100} + 1*{   7 179} + -1*{ 215} = 0 

1*{   4   4} + 1*{ 101 101} + 1*{   6   6} + 1*{ 100 100} + 1*{   5   5} + 1*{ 103 103} + 1*{ 102 102} + 1*{   7   7} + -1*{} = 0 

1*{  18  22} + 1*{ 112 116} + 1*{  17  21} + 1*{  19  23} + 1*{ 114 118} + 1*{ 113 117} + 1*{  16  20} + 1*{ 115 119} = 0 

1*{  17 117} + -1*{  21 113} + -1*{  20 112} + 1*{  16 116} + 1*{  18 118} + 1*{  19 119} + -1*{  22 114} + -1*{  23 115} = 0 

-0.25*{} + 1*{ 217 217} + 1*{ 216 216} = 0 

1*{ 114 130} + 1*{ 113 129} + 1*{  19  35} + 1*{  17  33} + 1*{ 112 128} + 1*{  16  32} + 1*{  18  34} + 1*{ 115 131} + -1*{ 216} = 0 

1*{  17 129} + 1*{  18 130} + -1*{  32 112} + -1*{  34 114} + -1*{ 217} + 1*{  19 131} + -1*{  33 113} + 1*{  16 128} + -1*{  35 115} = 0 

-0.25*{} + 1*{ 219 219} + 1*{ 218 218} = 0 

1*{ 112 144} + 1*{  19  51} + 1*{ 114 146} + 1*{  18  50} + 1*{ 113 145} + 1*{  16  48} + 1*{  17  49} + 1*{ 115 147} + -1*{ 218} = 0 

-1*{  49 113} + 1*{  18 146} + 1*{  17 145} + 1*{  16 144} + -1*{  48 112} + -1*{  50 114} + -1*{  51 115} + 1*{  19 147} + -1*{ 219} = 0 

-0.25*{} + 1*{ 221 221} + 1*{ 220 220} = 0 

1*{  19  67} + 1*{ 114 162} + 1*{ 112 160} + 1*{ 113 161} + 1*{  17  65} + 1*{  16  64} + 1*{  18  66} + 1*{ 115 163} + -1*{ 220} = 0 

1*{  17 161} + -1*{  67 115} + 1*{  18 162} + -1*{  64 112} + -1*{  66 114} + 1*{  19 163} + 1*{  16 160} + -1*{  65 113} + -1*{ 221} = 0 

-0.25*{} + 1*{ 223 223} + 1*{ 222 222} = 0 

1*{  19  83} + 1*{  18  82} + 1*{  17  81} + 1*{ 114 178} + 1*{ 113 177} + 1*{ 112 176} + 1*{ 115 179} + 1*{  16  80} + -1*{ 222} = 0 

-1*{  82 114} + 1*{  18 178} + -1*{  80 112} + -1*{  81 113} + 1*{  16 176} + -1*{ 223} + -1*{  83 115} + 1*{  17 177} + 1*{  19 179} = 0 

1*{  16  16} + 1*{ 113 113} + 1*{ 114 114} + 1*{ 112 112} + 1*{  17  17} + 1*{ 115 115} + 1*{  18  18} + 1*{  19  19} + -1*{} = 0 

-0.25*{} + 1*{ 225 225} + 1*{ 224 224} = 0 

1*{ 117 129} + 1*{ 116 128} + 1*{  23  35} + 1*{  22  34} + 1*{  20  32} + 1*{ 119 131} + 1*{ 118 130} + 1*{  21  33} + -1*{ 224} = 0 

-1*{  34 118} + -1*{  33 117} + 1*{  21 129} + -1*{  32 116} + 1*{  20 128} + 1*{  22 130} + 1*{  23 131} + -1*{  35 119} + -1*{ 225} = 0 

-0.25*{} + 1*{ 227 227} + 1*{ 226 226} = 0 

1*{  23  51} + 1*{ 118 146} + 1*{  22  50} + 1*{  21  49} + 1*{  20  48} + 1*{ 117 145} + 1*{ 116 144} + 1*{ 119 147} + -1*{ 226} = 0 

-1*{  50 118} + -1*{  49 117} + 1*{  21 145} + 1*{  22 146} + 1*{  20 144} + 1*{  23 147} + -1*{  48 116} + -1*{  51 119} + -1*{ 227} = 0 

-0.25*{} + 1*{ 229 229} + 1*{ 228 228} = 0 

1*{  23  67} + 1*{  21  65} + 1*{ 118 162} + 1*{ 117 161} + 1*{ 116 160} + 1*{  20  64} + 1*{  22  66} + 1*{ 119 163} + -1*{ 228} = 0 

-1*{  66 118} + 1*{  22 162} + 1*{  21 161} + -1*{  65 117} + -1*{  67 119} + -1*{ 229} + -1*{  64 116} + 1*{  20 160} + 1*{  23 163} = 0 

1*{ 231 231} + -0.25*{} + 1*{ 230 230} = 0 

1*{  23  83} + 1*{  21  81} + 1*{  22  82} + -1*{ 230} + 1*{ 116 176} + 1*{  20  80} + 1*{ 117 177} + 1*{ 118 178} + 1*{ 119 179} = 0 

-1*{  81 117} + -1*{  82 118} + 1*{  21 177} + 1*{  22 178} + -1*{  80 116} + 1*{  20 176} + 1*{  23 179} + -1*{ 231} + -1*{  83 119} = 0 

1*{  20  20} + 1*{ 116 116} + 1*{ 119 119} + 1*{  21  21} + 1*{  22  22} + 1*{ 117 117} + 1*{ 118 118} + 1*{  23  23} + -1*{} = 0 

-0.25*{} + 1*{ 233 233} + 1*{ 232 232} = 0 

1*{ 129 145} + 1*{  34  50} + 1*{  35  51} + 1*{  33  49} + 1*{ 130 146} + 1*{  32  48} + 1*{ 131 147} + 1*{ 128 144} + -1*{ 232} = 0 

1*{  34 146} + -1*{  48 128} + 1*{  33 145} + -1*{  49 129} + 1*{  32 144} + 1*{  35 147} + -1*{  50 130} + -1*{ 233} + -1*{  51 131} = 0 

-0.25*{} + 1*{ 235 235} + 1*{ 234 234} = 0 

1*{  35  67} + 1*{ 130 162} + 1*{ 129 161} + 1*{ 131 163} + 1*{  34  66} + 1*{  33  65} + 1*{  32  64} + 1*{ 128 160} + -1*{ 234} = 0 

-1*{  66 130} + 1*{  34 162} + -1*{  65 129} + 1*{  35 163} + -1*{  64 128} + 1*{  33 161} + 1*{  32 160} + -1*{ 235} + -1*{  67 131} = 0 

-0.25*{} + 1*{ 237 237} + 1*{ 236 236} = 0 

1*{ 131 179} + 1*{ 130 178} + 1*{  32  80} + 1*{  34  82} + 1*{  35  83} + 1*{ 129 177} + 1*{  33  81} + 1*{ 128 176} + -1*{ 236} = 0 

-1*{  81 129} + 1*{  34 178} + -1*{  80 128} + 1*{  32 176} + -1*{  82 130} + 1*{  35 179} + -1*{  83 131} + 1*{  33 177} + -1*{ 237} = 0 

1*{  32  32} + 1*{ 128 128} + 1*{ 129 129} + 1*{ 130 130} + 1*{  35  35} + 1*{  33  33} + -1*{} + 1*{  34  34} + 1*{ 131 131} = 0 

-0.25*{} + 1*{ 239 239} + 1*{ 238 238} = 0 

1*{ 146 162} + 1*{  51  67} + 1*{  50  66} + 1*{ 145 161} + 1*{  49  65} + 1*{ 144 160} + 1*{  48  64} + 1*{ 147 163} + -1*{ 238} = 0 

-1*{  66 146} + 1*{  49 161} + -1*{  65 145} + -1*{  64 144} + 1*{  48 160} + 1*{  51 163} + 1*{  50 162} + -1*{  67 147} + -1*{ 239} = 0 

-0.25*{} + 1*{ 241 241} + 1*{ 240 240} = 0 

1*{  51  83} + -1*{ 240} + 1*{ 146 178} + 1*{  50  82} + 1*{ 145 177} + 1*{  49  81} + 1*{ 144 176} + 1*{  48  80} + 1*{ 147 179} = 0 

1*{  50 178} + -1*{  81 145} + 1*{  48 176} + -1*{  80 144} + 1*{  51 179} + 1*{  49 177} + -1*{  83 147} + -1*{  82 146} + -1*{ 241} = 0 

1*{  48  48} + -1*{} + 1*{ 144 144} + 1*{ 145 145} + 1*{  49  49} + 1*{  50  50} + 1*{ 146 146} + 1*{  51  51} + 1*{ 147 147} = 0 

-0.25*{} + 1*{ 243 243} + 1*{ 242 242} = 0 

1*{  67  83} + -1*{ 242} + 1*{ 160 176} + 1*{  66  82} + 1*{ 161 177} + 1*{ 163 179} + 1*{  64  80} + 1*{ 162 178} + 1*{  65  81} = 0 

-1*{  82 162} + 1*{  65 177} + 1*{  66 178} + -1*{  83 163} + 1*{  64 176} + -1*{  81 161} + -1*{ 243} + -1*{  80 160} + 1*{  67 179} = 0 

1*{  64  64} + 1*{  65  65} + 1*{ 162 162} + 1*{ 160 160} + 1*{ 161 161} + 1*{  66  66} + 1*{  67  67} + 1*{ 163 163} + -1*{} = 0 

1*{  80  80} + 1*{ 177 177} + 1*{ 176 176} + 1*{ 179 179} + 1*{  81  81} + 1*{  82  82} + 1*{ 178 178} + 1*{  83  83} + -1*{} = 0 

set sizes: {2, 2, 1, 1, 1, 1}, vars: 116, vectors: 8
1 8.386740e+00 8.386740e+00
2 4.681370e+02 8.386740e+00
3 1.669593e+02 8.386740e+00
4 5.865836e+01 8.386740e+00
5 2.042293e+01 8.386740e+00
6 7.011396e+00 7.011396e+00
7 2.371698e+00 2.371698e+00
8 7.926549e-01 7.926549e-01
9 2.625589e-01 2.625589e-01
10 8.639916e-02 8.639916e-02
11 2.805455e-02 2.805455e-02
12 9.099022e-03 9.099022e-03
13 3.005318e-03 3.005318e-03
14 1.062957e-03 1.062957e-03
15 4.681842e-04 4.681842e-04
16 5.365989e-04 4.681842e-04
17 2.310129e-02 4.681842e-04
18 7.134612e-03 4.681842e-04
19 2.246331e-03 4.681842e-04
20 7.647381e-04 4.681842e-04
21 3.595037e-04 3.595037e-04
22 4.436577e-03 3.595037e-04
23 2.078640e-03 3.595037e-04
24 7.277480e-04 3.595037e-04
25 3.975791e-04 3.595037e-04
26 8.652223e-01 3.595037e-04
27 2.777912e-01 3.595037e-04
28 8.863706e-02 3.595037e-04
29 2.866703e-02 3.595037e-04
30 9.855049e-03 3.595037e-04
31 4.053028e-02 3.595037e-04
32 1.384538e-02 3.595037e-04
33 5.500376e-03 3.595037e-04
34 4.149746e-03 3.595037e-04
35 7.624044e+05 3.595037e-04
36 8.459483e+05 3.595037e-04
37 3.050683e+05 3.595037e-04
38 1.099975e+05 3.595037e-04
39 3.965038e+04 3.595037e-04
40 1.428581e+04 3.595037e-04
41 5.143043e+03 3.595037e-04
42 1.849168e+03 3.595037e-04
43 6.634799e+02 3.595037e-04
44 2.373081e+02 3.595037e-04
45 8.450683e+01 3.595037e-04
46 2.992216e+01 3.595037e-04
47 1.052746e+01 3.595037e-04
48 3.683596e+00 3.595037e-04
49 1.287092e+00 3.595037e-04
50 4.525572e-01 3.595037e-04
51 4.652126e-01 3.595037e-04
52 1.506353e-01 3.595037e-04
53 4.810567e-02 3.595037e-04
54 1.519179e-02 3.595037e-04
55 4.752187e-03 3.595037e-04
56 1.474669e-03 3.595037e-04
57 4.550887e-04 3.595037e-04
58 1.401609e-04 1.401609e-04
59 4.325404e-05 4.325404e-05
60 1.342041e-05 1.342041e-05
61 4.189367e-06 4.189367e-06
62 1.311076e-06 1.311076e-06
63 4.089076e-07 4.089076e-07
64 1.265959e-07 1.265959e-07
65 3.889331e-08 3.889331e-08
66 1.187804e-08 1.187804e-08
67 3.613269e-09 3.613269e-09
68 1.096511e-09 1.096511e-09
69 3.322953e-10 3.322953e-10
70 1.006264e-10 1.006264e-10
71 3.045204e-11 3.045204e-11
72 9.222123e-12 9.222123e-12
73 2.788022e-12 2.788022e-12
74 8.465983e-13 8.465983e-13
75 2.457518e-13 2.457518e-13
76 8.435422e-14 8.435422e-14

x: -5.517216e-01 -5.185499e-02  1.606010e-01  9.626918e-02  4.756201e-01  1.012514e-02  3.665386e-01  3.381603e-01 -6.023896e-01 -3.486891e-01  5.390857e-01  3.759726e-02 -2.111448e-01  2.346411e-01 -5.009476e-01 -4.236331e-01  6.665946e-01 -3.780179e-01 -3.781721e-01  4.689771e-01 -4.013589e-01 -3.852273e-01  2.406405e-01 -7.167204e-01  4.239426e-01  2.899631e-02  2.505732e-01  3.092206e-01 -1.903408e-02 -2.781922e-01 -2.291025e-01  5.417191e-01  2.049287e-02 -4.891548e-01  5.256544e-01 -3.766285e-01 -1.019510e-01 -6.750029e-01 -2.073735e-01  1.263070e-01 -2.416625e-01 -4.602299e-02 -3.587148e-01 -1.852585e-01 -5.768593e-01 -4.123590e-02 -9.289048e-02 -3.561632e-01 -1.564813e-01 -5.014984e-03  2.089221e-02  1.576465e-01 -1.333157e-01  2.474948e-01 -1.995306e-02  1.987214e-01 -2.287468e-01  1.079622e-01  1.018172e-01  7.659503e-01  3.062002e-02  1.800862e-01 -7.090813e-01  2.003358e-01  3.394034e-01 -3.671585e-01  7.675243e-02  4.940740e-01 -4.129050e-01  2.819742e-01  1.935485e-03 -4.999963e-01 -4.578471e-01  2.009378e-01 -4.953625e-01  6.794144e-02  2.696236e-02 -4.992725e-01 -3.639986e-01 -3.427900e-01  3.681110e-01 -3.383700e-01 -4.731876e-01 -1.615348e-01  4.244169e-01  2.643299e-01  1.350113e-01 -4.814270e-01 -4.546271e-01  2.081207e-01  4.700477e-01 -1.704557e-01 -2.468944e-01  4.347909e-01  2.068861e-01 -4.551902e-01 -2.062903e-01  4.554605e-01  1.752078e-01 -4.682971e-01 -4.939880e-01  7.730379e-02 -2.065529e-01  4.553415e-01 -4.985187e-01 -3.845971e-02  4.800240e-01  1.399176e-01  4.442410e-01  2.294558e-01 -1.352551e-01 -4.813586e-01 -2.341381e-01 -4.417910e-01  1.876567e-01 -4.634490e-01  1.343204e-10

grad: -4.285838e-18 -8.447874e-19  2.766304e-18  1.717395e-18  6.816219e-18  9.435881e-19  4.575554e-18  5.452783e-18 -1.341859e-17 -6.116923e-18  1.065696e-17  6.800114e-18 -2.856281e-18  1.596187e-18 -5.420442e-18  5.340597e-19  7.251061e-18 -4.377399e-18 -4.376145e-18  6.899804e-18 -3.753213e-18 -6.639104e-18  6.595596e-18 -1.882809e-17  5.517425e-18  3.526801e-18  3.689209e-18  8.424419e-18  5.714218e-20 -5.430259e-18 -2.207720e-18  9.358174e-18 -1.051350e-18 -3.948741e-18  2.627130e-18 -2.717055e-18 -3.018997e-18 -9.290030e-18 -2.851214e-18 -3.769425e-19 -4.917359e-18  1.384204e-18 -1.076315e-17  2.742454e-18 -5.842877e-18  7.922758e-19 -3.273972e-18 -2.523243e-18 -2.841035e-18 -1.344937e-18  1.979834e-19  2.097135e-18 -4.471505e-18  3.096596e-18  3.342631e-18  3.074479e-18 -2.407601e-18  3.307528e-18 -1.289641e-18  1.203379e-17  3.747374e-19  5.218348e-18 -1.432984e-17  1.811818e-18  1.983351e-18 -3.084192e-18  9.544301e-19  7.381602e-18 -1.511254e-18  1.424688e-18 -2.666960e-18 -3.392417e-18 -3.998657e-18  8.367903e-19 -1.708673e-17  8.688439e-20  1.840301e-18 -1.323029e-17 -4.579461e-18 -6.065724e-18  2.306714e-18 -3.236060e-18 -2.068675e-17 -4.313825e-18  1.511273e-18  1.914093e-18  9.912645e-18 -4.284675e-17 -9.812946e-18  4.806945e-18  6.174055e-18 -6.302909e-18 -6.989503e-18  9.732485e-18  1.348734e-17 -2.967748e-17 -2.765880e-18  1.802657e-18  5.349636e-18 -4.547650e-18 -2.891830e-18 -1.120969e-18 -4.133669e-19  2.881835e-18 -1.357707e-18 -1.128421e-18  2.480939e-19 -5.929609e-19  7.433305e-18  2.985381e-18  5.858137e-20 -1.227497e-17 -2.551971e-18 -5.661632e-18  3.222657e-18 -7.202598e-18  8.435418e-14

finished in 76 iterations (0.055 seconds total)
max viol = 5.00947e-08

---------------------
MUBs:
---------------------

{(-0.551722,0.0204929), (-0.051855,-0.489155), (0.160601,0.525654), (0.0962692,-0.376629)}, {(0.47562,-0.101951), (0.0101251,-0.675003), (0.366539,-0.207373), (0.33816,0.126307)}, {}, {}


{(-0.60239,-0.241663), (-0.348689,-0.046023), (0.539086,-0.358715), (0.0375973,-0.185258)}, {(-0.211145,-0.576859), (0.234641,-0.0412359), (-0.500948,-0.0928905), (-0.423633,-0.356163)}, {}, {}


{(0.666595,-0.156481), (-0.378018,-0.00501498), (-0.378172,0.0208922), (0.468977,0.157646)}, {}, {}, {}


{(-0.401359,-0.133316), (-0.385227,0.247495), (0.24064,-0.0199531), (-0.71672,0.198721)}, {}, {}, {}


{(0.423943,-0.228747), (0.0289963,0.107962), (0.250573,0.101817), (0.309221,0.76595)}, {}, {}, {}


{(-0.0190341,0.03062), (-0.278192,0.180086), (-0.229102,-0.709081), (0.541719,0.200336)}, {}, {}, {}

---------------------
Abs of Gram matrix:
---------------------

 { { +1.0000, +0.0000, +0.0000, +0.0000, +0.5000, +0.5000, +0.0000, +0.0000, +0.5000, +0.0000, +0.0000, +0.0000, +0.5000, +0.0000, +0.0000, +0.0000, +0.5000, +0.0000, +0.0000, +0.0000, +0.5000, +0.0000, +0.0000, +0.0000}, 
   { +0.0000, +1.0000, +0.0000, +0.0000, +0.5000, +0.5000, +0.0000, +0.0000, +0.5000, +0.0000, +0.0000, +0.0000, +0.5000, +0.0000, +0.0000, +0.0000, +0.5000, +0.0000, +0.0000, +0.0000, +0.5000, +0.0000, +0.0000, +0.0000}, 
   { +0.0000, +0.0000, +0.0000, +0.0000, +0.0000, +0.0000, +0.0000, +0.0000, +0.0000, +0.0000, +0.0000, +0.0000, +0.0000, +0.0000, +0.0000, +0.0000, +0.0000, +0.0000, +0.0000, +0.0000, +0.0000, +0.0000, +0.0000, +0.0000}, 
   { +0.0000, +0.0000, +0.0000, +0.0000, +0.0000, +0.0000, +0.0000, +0.0000, +0.0000, +0.0000, +0.0000, +0.0000, +0.0000, +0.0000, +0.0000, +0.0000, +0.0000, +0.0000, +0.0000, +0.0000, +0.0000, +0.0000, +0.0000, +0.0000}, 
   { +0.5000, +0.5000, +0.0000, +0.0000, +1.0000, +0.0000, +0.0000, +0.0000, +0.5000, +0.0000, +0.0000, +0.0000, +0.5000, +0.0000, +0.0000, +0.0000, +0.5000, +0.0000, +0.0000, +0.0000, +0.5000, +0.0000, +0.0000, +0.0000}, 
   { +0.5000, +0.5000, +0.0000, +0.0000, +0.0000, +1.0000, +0.0000, +0.0000, +0.5000, +0.0000, +0.0000, +0.0000, +0.5000, +0.0000, +0.0000, +0.0000, +0.5000, +0.0000, +0.0000, +0.0000, +0.5000, +0.0000, +0.0000, +0.0000}, 
   { +0.0000, +0.0000, +0.0000, +0.0000, +0.0000, +0.0000, +0.0000, +0.0000, +0.0000, +0.0000, +0.0000, +0.0000, +0.0000, +0.0000, +0.0000, +0.0000, +0.0000, +0.0000, +0.0000, +0.0000, +0.0000, +0.0000, +0.0000, +0.0000}, 
   { +0.0000, +0.0000, +0.0000, +0.0000, +0.0000, +0.0000, +0.0000, +0.0000, +0.0000, +0.0000, +0.0000, +0.0000, +0.0000, +0.0000, +0.0000, +0.0000, +0.0000, +0.0000, +0.0000, +0.0000, +0.0000, +0.0000, +0.0000, +0.0000}, 
   { +0.5000, +0.5000, +0.0000, +0.0000, +0.5000, +0.5000, +0.0000, +0.0000, +1.0000, +0.0000, +0.0000, +0.0000, +0.5000, +0.0000, +0.0000, +0.0000, +0.5000, +0.0000, +0.0000, +0.0000, +0.5000, +0.0000, +0.0000, +0.0000}, 
   { +0.0000, +0.0000, +0.0000, +0.0000, +0.0000, +0.0000, +0.0000, +0.0000, +0.0000, +0.0000, +0.0000, +0.0000, +0.0000, +0.0000, +0.0000, +0.0000, +0.0000, +0.0000, +0.0000, +0.0000, +0.0000, +0.0000, +0.0000, +0.0000}, 
   { +0.0000, +0.0000, +0.0000, +0.0000, +0.0000, +0.0000, +0.0000, +0.0000, +0.0000, +0.0000, +0.0000, +0.0000, +0.0000, +0.0000, +0.0000, +0.0000, +0.0000, +0.0000, +0.0000, +0.0000, +0.0000, +0.0000, +0.0000, +0.0000}, 
   { +0.0000, +0.0000, +0.0000, +0.0000, +0.0000, +0.0000, +0.0000, +0.0000, +0.0000, +0.0000, +0.0000, +0.0000, +0.0000, +0.0000, +0.0000, +0.0000, +0.0000, +0.0000, +0.0000, +0.0000, +0.0000, +0.0000, +0.0000, +0.0000}, 
   { +0.5000, +0.5000, +0.0000, +0.0000, +0.5000, +0.5000, +0.0000, +0.0000, +0.5000, +0.0000, +0.0000, +0.0000, +1.0000, +0.0000, +0.0000, +0.0000, +0.5000, +0.0000, +0.0000, +0.0000, +0.5000, +0.0000, +0.0000, +0.0000}, 
   { +0.0000, +0.0000, +0.0000, +0.0000, +0.0000, +0.0000, +0.0000, +0.0000, +0.0000, +0.0000, +0.0000, +0.0000, +0.0000, +0.0000, +0.0000, +0.0000, +0.0000, +0.0000, +0.0000, +0.0000, +0.0000, +0.0000, +0.0000, +0.0000}, 
   { +0.0000, +0.0000, +0.0000, +0.0000, +0.0000, +0.0000, +0.0000, +0.0000, +0.0000, +0.0000, +0.0000, +0.0000, +0.0000, +0.0000, +0.0000, +0.0000, +0.0000, +0.0000, +0.0000, +0.0000, +0.0000, +0.0000, +0.0000, +0.0000}, 
   { +0.0000, +0.0000, +0.0000, +0.0000, +0.0000, +0.0000, +0.0000, +0.0000, +0.0000, +0.0000, +0.0000, +0.0000, +0.0000, +0.0000, +0.0000, +0.0000, +0.0000, +0.0000, +0.0000, +0.0000, +0.0000, +0.0000, +0.0000, +0.0000}, 
   { +0.5000, +0.5000, +0.0000, +0.0000, +0.5000, +0.5000, +0.0000, +0.0000, +0.5000, +0.0000, +0.0000, +0.0000, +0.5000, +0.0000, +0.0000, +0.0000, +1.0000, +0.0000, +0.0000, +0.0000, +0.5000, +0.0000, +0.0000, +0.0000}, 
   { +0.0000, +0.0000, +0.0000, +0.0000, +0.0000, +0.0000, +0.0000, +0.0000, +0.0000, +0.0000, +0.0000, +0.0000, +0.0000, +0.0000, +0.0000, +0.0000, +0.0000, +0.0000, +0.0000, +0.0000, +0.0000, +0.0000, +0.0000, +0.0000}, 
   { +0.0000, +0.0000, +0.0000, +0.0000, +0.0000, +0.0000, +0.0000, +0.0000, +0.0000, +0.0000, +0.0000, +0.0000, +0.0000, +0.0000, +0.0000, +0.0000, +0.0000, +0.0000, +0.0000, +0.0000, +0.0000, +0.0000, +0.0000, +0.0000}, 
   { +0.0000, +0.0000, +0.0000, +0.0000, +0.0000, +0.0000, +0.0000, +0.0000, +0.0000, +0.0000, +0.0000, +0.0000, +0.0000, +0.0000, +0.0000, +0.0000, +0.0000, +0.0000, +0.0000, +0.0000, +0.0000, +0.0000, +0.0000, +0.0000}, 
   { +0.5000, +0.5000, +0.0000, +0.0000, +0.5000, +0.5000, +0.0000, +0.0000, +0.5000, +0.0000, +0.0000, +0.0000, +0.5000, +0.0000, +0.0000, +0.0000, +0.5000, +0.0000, +0.0000, +0.0000, +1.0000, +0.0000, +0.0000, +0.0000}, 
   { +0.0000, +0.0000, +0.0000, +0.0000, +0.0000, +0.0000, +0.0000, +0.0000, +0.0000, +0.0000, +0.0000, +0.0000, +0.0000, +0.0000, +0.0000, +0.0000, +0.0000, +0.0000, +0.0000, +0.0000, +0.0000, +0.0000, +0.0000, +0.0000}, 
   { +0.0000, +0.0000, +0.0000, +0.0000, +0.0000, +0.0000, +0.0000, +0.0000, +0.0000, +0.0000, +0.0000, +0.0000, +0.0000, +0.0000, +0.0000, +0.0000, +0.0000, +0.0000, +0.0000, +0.0000, +0.0000, +0.0000, +0.0000, +0.0000}, 
   { +0.0000, +0.0000, +0.0000, +0.0000, +0.0000, +0.0000, +0.0000, +0.0000, +0.0000, +0.0000, +0.0000, +0.0000, +0.0000, +0.0000, +0.0000, +0.0000, +0.0000, +0.0000, +0.0000, +0.0000, +0.0000, +0.0000, +0.0000, +0.0000} } 
