---------------------
Basis Indices:
---------------------

{-, -, -, -}, {-, -, -, -}, {-, -, -, -}, {-, -, -, -}


{-, -, -, -}, {-, 21+i53, 22+i54, 23+i55}, {}, {}

---------------------
Index Mapping: 
---------------------

{54: 3, 53: 2, 22: 1, 21: 0}

---------------------
Final Problem: 
---------------------
Find a point satisfying:

-0.25*{} + 1*{22} + 1*{00} = 0 

-0.25*{} + 1*{11} + 1*{33} = 0 

0.5*{} + 1*{0} + 1*{1} + 2*{23} + 2*{01} = 0 

2*{0} + -1*{3} + -2*{1} + 1*{2} > 0 

1*{2} + 2*{0} + 1*{} + 4*{1} + 2*{3} > 0 

-1*{2} + -1*{3} > 0 

{4, 2, 1, 1, 1, 1} 4
1 1.039989e-01 1.039989e-01
2 2.569246e-02 2.569246e-02
3 1.969072e-01 2.569246e-02
4 1.175852e-01 2.569246e-02
5 7.070805e-02 2.569246e-02
6 4.263648e-02 2.569246e-02
7 2.574341e-02 2.569246e-02
8 1.555351e-02 1.555351e-02
9 9.399396e-03 9.399396e-03
10 5.680287e-03 5.680287e-03
11 3.432091e-03 3.432091e-03
12 2.073020e-03 2.073020e-03
13 1.251579e-03 1.251579e-03
14 7.552510e-04 7.552510e-04
15 4.554970e-04 4.554970e-04
16 2.745604e-04 2.745604e-04
17 1.654082e-04 1.654082e-04
18 9.960024e-05 9.960024e-05
19 5.994740e-05 5.994740e-05
20 3.606718e-05 3.606718e-05
21 2.169258e-05 2.169258e-05
22 1.304341e-05 1.304341e-05
23 7.841032e-06 7.841032e-06
24 4.712767e-06 4.712767e-06
25 2.832142e-06 2.832142e-06
26 1.701779e-06 1.701779e-06
27 1.022472e-06 1.022472e-06
28 6.142818e-07 6.142818e-07
29 3.690278e-07 3.690278e-07
30 2.216823e-07 2.216823e-07
31 1.331643e-07 1.331643e-07
32 7.998941e-08 7.998941e-08
33 4.804720e-08 4.804720e-08
34 2.886001e-08 2.886001e-08
35 1.733482e-08 1.733482e-08
36 1.041208e-08 1.041208e-08
37 6.253926e-09 6.253926e-09
38 3.756343e-09 3.756343e-09
39 2.256190e-09 2.256190e-09
40 1.355141e-09 1.355141e-09
41 8.139394e-10 8.139394e-10
42 4.888760e-10 4.888760e-10
43 2.936328e-10 2.936328e-10
44 1.763640e-10 1.763640e-10
45 1.059291e-10 1.059291e-10
46 6.362381e-11 6.362381e-11
47 3.821410e-11 3.821410e-11
48 2.295236e-11 2.295236e-11
49 1.378577e-11 1.378577e-11
50 8.280127e-12 8.280127e-12
51 4.973207e-12 4.973207e-12
52 2.987072e-12 2.987072e-12
53 1.794132e-12 1.794132e-12
54 1.077589e-12 1.077589e-12
55 6.472738e-13 6.472738e-13
finished in 55 iterations (0.004 seconds total)
max viol = 3.96204e-07
max viol of orig = 0.25
In a nicer form:
 { { (+1.0000000,+0.0000000), (+0.0000000,+0.0000000), (+0.0000000,+0.0000000), (+0.0000000,+0.0000000)}, 
   { (+0.0000000,+0.0000000), (+1.0000000,+0.0000000), (+0.0000000,+0.0000000), (+0.0000000,+0.0000000)}, 
   { (+0.0000000,+0.0000000), (+0.0000000,+0.0000000), (+1.0000000,+0.0000000), (+0.0000000,+0.0000000)}, 
   { (+0.0000000,+0.0000000), (+0.0000000,+0.0000000), (+0.0000000,+0.0000000), (+1.0000000,+0.0000000)} } 
 { { (+0.5000000,+0.0000000), (+0.5000000,+0.0000000), (+0.5000000,+0.0000000), (+0.5000000,+0.0000000)}, 
   { (+0.5000000,+0.0000000), (+0.3778657,+0.3274410), (-0.3778650,-0.3274419), (+0.0000000,+0.0000000)}, 
   { (+0.5000000,+0.0000000), (+0.0000000,+0.0000000), (+0.0000000,+0.0000000), (+0.0000000,+0.0000000)}, 
   { (+0.5000000,+0.0000000), (+0.0000000,+0.0000000), (+0.0000000,+0.0000000), (+0.0000000,+0.0000000)} } 
