---------------------
Basis Indices:
---------------------

{0+i96, 1+i97, 2+i98, 3+i99}, {4+i100, 5+i101, 6+i102, 7+i103}, {}, {}


{16+i112, 17+i113, 18+i114, 19+i115}, {}, {}, {}


{32+i128, 33+i129, 34+i130, 35+i131}, {}, {}, {}


{48+i144, 49+i145, 50+i146, 51+i147}, {}, {}, {}


{64+i160, 65+i161, 66+i162, 67+i163}, {}, {}, {}


{80+i176, 81+i177, 82+i178, 83+i179}, {}, {}, {}

---------------------
Problem: 
---------------------
Find a point satisfying:

1*{   3   7} + 1*{   2   6} + 1*{  97 101} + 1*{  98 102} + 1*{   1   5} + 1*{  96 100} + 1*{   0   4} + 1*{  99 103} = 0 

-1*{   6  98} + 1*{   0 100} + -1*{   4  96} + -1*{   5  97} + 1*{   1 101} + -1*{   7  99} + 1*{   2 102} + 1*{   3 103} = 0 

-0.25*{} + 1*{ 193 193} + 1*{ 192 192} = 0 

1*{   3  19} + 1*{   1  17} + 1*{  98 114} + 1*{  96 112} + 1*{   2  18} + 1*{  97 113} + 1*{   0  16} + -1*{ 192} + 1*{  99 115} = 0 

1*{   2 114} + 1*{   1 113} + -1*{  16  96} + 1*{   0 112} + -1*{  17  97} + 1*{   3 115} + -1*{ 193} + -1*{  18  98} + -1*{  19  99} = 0 

-0.25*{} + 1*{ 195 195} + 1*{ 194 194} = 0 

1*{   3  35} + 1*{   2  34} + 1*{  98 130} + 1*{   0  32} + 1*{  96 128} + 1*{  97 129} + 1*{   1  33} + 1*{  99 131} + -1*{ 194} = 0 

1*{   2 130} + -1*{  34  98} + -1*{  33  97} + 1*{   1 129} + -1*{  32  96} + 1*{   0 128} + 1*{   3 131} + -1*{  35  99} + -1*{ 195} = 0 

-0.25*{} + 1*{ 197 197} + 1*{ 196 196} = 0 

1*{  96 144} + 1*{  97 145} + 1*{   3  51} + 1*{   1  49} + 1*{   2  50} + 1*{  98 146} + 1*{   0  48} + 1*{  99 147} + -1*{ 196} = 0 

-1*{  50  98} + 1*{   2 146} + -1*{  51  99} + 1*{   1 145} + -1*{  49  97} + 1*{   0 144} + 1*{   3 147} + -1*{  48  96} + -1*{ 197} = 0 

-0.25*{} + 1*{ 199 199} + 1*{ 198 198} = 0 

1*{  97 161} + 1*{  98 162} + 1*{   2  66} + 1*{   0  64} + -1*{ 198} + 1*{   3  67} + 1*{   1  65} + 1*{  96 160} + 1*{  99 163} = 0 

-1*{  66  98} + 1*{   2 162} + 1*{   3 163} + -1*{  65  97} + 1*{   1 161} + -1*{ 199} + -1*{  64  96} + 1*{   0 160} + -1*{  67  99} = 0 

-0.25*{} + 1*{ 201 201} + 1*{ 200 200} = 0 

1*{   3  83} + 1*{   0  80} + 1*{  98 178} + 1*{  99 179} + 1*{   2  82} + 1*{  97 177} + 1*{   1  81} + 1*{  96 176} + -1*{ 200} = 0 

-1*{  82  98} + 1*{   2 178} + -1*{  80  96} + -1*{  81  97} + 1*{   1 177} + 1*{   0 176} + 1*{   3 179} + -1*{  83  99} + -1*{ 201} = 0 

1*{   0   0} + 1*{  99  99} + 1*{  96  96} + 1*{  97  97} + 1*{   1   1} + -1*{} + 1*{   2   2} + 1*{  98  98} + 1*{   3   3} = 0 

-0.25*{} + 1*{ 203 203} + 1*{ 202 202} = 0 

1*{   7  19} + 1*{ 102 114} + 1*{   6  18} + 1*{ 101 113} + -1*{ 202} + 1*{ 100 112} + 1*{   5  17} + 1*{   4  16} + 1*{ 103 115} = 0 

1*{   6 114} + 1*{   5 113} + -1*{  17 101} + -1*{  16 100} + -1*{  19 103} + -1*{  18 102} + 1*{   4 112} + 1*{   7 115} + -1*{ 203} = 0 

-0.25*{} + 1*{ 205 205} + 1*{ 204 204} = 0 

1*{   7  35} + 1*{ 103 131} + 1*{   6  34} + 1*{ 101 129} + 1*{   5  33} + 1*{ 102 130} + 1*{   4  32} + 1*{ 100 128} + -1*{ 204} = 0 

1*{   6 130} + 1*{   5 129} + -1*{  33 101} + -1*{  32 100} + 1*{   4 128} + -1*{  35 103} + -1*{  34 102} + 1*{   7 131} + -1*{ 205} = 0 

-0.25*{} + 1*{ 207 207} + 1*{ 206 206} = 0 

1*{ 101 145} + 1*{   7  51} + 1*{   4  48} + 1*{   6  50} + 1*{ 102 146} + 1*{ 103 147} + -1*{ 206} + 1*{   5  49} + 1*{ 100 144} = 0 

1*{   6 146} + 1*{   5 145} + -1*{  48 100} + -1*{  50 102} + -1*{  49 101} + 1*{   7 147} + 1*{   4 144} + -1*{  51 103} + -1*{ 207} = 0 

1*{ 209 209} + -0.25*{} + 1*{ 208 208} = 0 

1*{   6  66} + -1*{ 208} + 1*{ 101 161} + 1*{   5  65} + 1*{   7  67} + 1*{ 100 160} + 1*{   4  64} + 1*{ 102 162} + 1*{ 103 163} = 0 

1*{   6 162} + -1*{  65 101} + -1*{  66 102} + -1*{  64 100} + 1*{   4 160} + 1*{   7 163} + -1*{  67 103} + 1*{   5 161} + -1*{ 209} = 0 

-0.25*{} + 1*{ 211 211} + 1*{ 210 210} = 0 

1*{ 102 178} + 1*{   6  82} + 1*{ 101 177} + 1*{   5  81} + 1*{ 103 179} + 1*{   7  83} + -1*{ 210} + 1*{ 100 176} + 1*{   4  80} = 0 

-1*{  82 102} + 1*{   6 178} + -1*{  83 103} + 1*{   4 176} + 1*{   5 177} + -1*{  81 101} + -1*{  80 100} + -1*{ 211} + 1*{   7 179} = 0 

1*{   4   4} + 1*{ 101 101} + 1*{   6   6} + 1*{ 100 100} + 1*{   5   5} + 1*{ 103 103} + 1*{ 102 102} + 1*{   7   7} + -1*{} = 0 

-0.25*{} + 1*{ 213 213} + 1*{ 212 212} = 0 

1*{ 114 130} + 1*{ 113 129} + 1*{ 112 128} + 1*{  16  32} + 1*{  19  35} + 1*{  17  33} + -1*{ 212} + 1*{  18  34} + 1*{ 115 131} = 0 

1*{  17 129} + 1*{  18 130} + -1*{ 213} + -1*{  32 112} + -1*{  34 114} + 1*{  19 131} + -1*{  33 113} + 1*{  16 128} + -1*{  35 115} = 0 

-0.25*{} + 1*{ 215 215} + 1*{ 214 214} = 0 

1*{ 112 144} + 1*{  19  51} + 1*{ 114 146} + 1*{  18  50} + 1*{ 113 145} + -1*{ 214} + 1*{  16  48} + 1*{  17  49} + 1*{ 115 147} = 0 

1*{  19 147} + -1*{  49 113} + 1*{  18 146} + 1*{  17 145} + -1*{  50 114} + -1*{  51 115} + 1*{  16 144} + -1*{  48 112} + -1*{ 215} = 0 

-0.25*{} + 1*{ 217 217} + 1*{ 216 216} = 0 

1*{  19  67} + 1*{ 114 162} + 1*{ 112 160} + 1*{  17  65} + 1*{  16  64} + 1*{ 113 161} + -1*{ 216} + 1*{  18  66} + 1*{ 115 163} = 0 

1*{  17 161} + -1*{  67 115} + 1*{  18 162} + -1*{ 217} + -1*{  64 112} + 1*{  16 160} + -1*{  65 113} + -1*{  66 114} + 1*{  19 163} = 0 

-0.25*{} + 1*{ 219 219} + 1*{ 218 218} = 0 

1*{  19  83} + 1*{  18  82} + 1*{  17  81} + 1*{ 114 178} + 1*{ 113 177} + 1*{ 112 176} + 1*{ 115 179} + 1*{  16  80} + -1*{ 218} = 0 

-1*{  82 114} + 1*{  18 178} + -1*{  80 112} + -1*{  81 113} + 1*{  16 176} + -1*{  83 115} + 1*{  17 177} + 1*{  19 179} + -1*{ 219} = 0 

1*{  16  16} + 1*{ 113 113} + 1*{ 114 114} + 1*{ 112 112} + 1*{  17  17} + 1*{ 115 115} + 1*{  18  18} + 1*{  19  19} + -1*{} = 0 

-0.25*{} + 1*{ 221 221} + 1*{ 220 220} = 0 

1*{ 129 145} + 1*{  34  50} + 1*{  35  51} + 1*{  33  49} + 1*{ 130 146} + -1*{ 220} + 1*{  32  48} + 1*{ 131 147} + 1*{ 128 144} = 0 

1*{  34 146} + -1*{  48 128} + 1*{  33 145} + -1*{  49 129} + 1*{  32 144} + 1*{  35 147} + -1*{  50 130} + -1*{  51 131} + -1*{ 221} = 0 

-0.25*{} + 1*{ 223 223} + 1*{ 222 222} = 0 

1*{  35  67} + 1*{ 130 162} + 1*{ 129 161} + 1*{  34  66} + 1*{  33  65} + 1*{ 128 160} + 1*{  32  64} + 1*{ 131 163} + -1*{ 222} = 0 

-1*{  66 130} + 1*{  34 162} + -1*{  65 129} + 1*{  35 163} + -1*{  64 128} + -1*{  67 131} + 1*{  33 161} + 1*{  32 160} + -1*{ 223} = 0 

-0.25*{} + 1*{ 225 225} + 1*{ 224 224} = 0 

1*{ 131 179} + 1*{ 130 178} + 1*{  32  80} + 1*{  34  82} + 1*{  35  83} + 1*{ 129 177} + 1*{  33  81} + 1*{ 128 176} + -1*{ 224} = 0 

-1*{  81 129} + 1*{  34 178} + -1*{  80 128} + 1*{  32 176} + 1*{  33 177} + -1*{  82 130} + 1*{  35 179} + -1*{  83 131} + -1*{ 225} = 0 

1*{  32  32} + 1*{ 128 128} + 1*{ 129 129} + 1*{ 130 130} + 1*{  35  35} + 1*{  33  33} + -1*{} + 1*{  34  34} + 1*{ 131 131} = 0 

-0.25*{} + 1*{ 227 227} + 1*{ 226 226} = 0 

1*{ 146 162} + 1*{  51  67} + 1*{  50  66} + 1*{  49  65} + 1*{ 144 160} + 1*{  48  64} + 1*{ 147 163} + 1*{ 145 161} + -1*{ 226} = 0 

-1*{  66 146} + -1*{ 227} + 1*{  49 161} + -1*{  65 145} + -1*{  64 144} + 1*{  48 160} + 1*{  51 163} + 1*{  50 162} + -1*{  67 147} = 0 

-0.25*{} + 1*{ 229 229} + 1*{ 228 228} = 0 

1*{  51  83} + 1*{ 146 178} + 1*{  50  82} + 1*{ 145 177} + 1*{  49  81} + 1*{ 144 176} + 1*{  48  80} + 1*{ 147 179} + -1*{ 228} = 0 

-1*{  82 146} + 1*{  50 178} + -1*{  81 145} + 1*{  48 176} + -1*{  80 144} + 1*{  51 179} + 1*{  49 177} + -1*{  83 147} + -1*{ 229} = 0 

1*{  48  48} + -1*{} + 1*{ 144 144} + 1*{ 145 145} + 1*{  49  49} + 1*{  50  50} + 1*{ 146 146} + 1*{  51  51} + 1*{ 147 147} = 0 

1*{ 231 231} + -0.25*{} + 1*{ 230 230} = 0 

1*{  67  83} + 1*{ 160 176} + 1*{  66  82} + 1*{ 161 177} + 1*{ 163 179} + 1*{  64  80} + 1*{ 162 178} + 1*{  65  81} + -1*{ 230} = 0 

-1*{  82 162} + -1*{  81 161} + -1*{ 231} + 1*{  65 177} + 1*{  66 178} + -1*{  83 163} + 1*{  64 176} + -1*{  80 160} + 1*{  67 179} = 0 

1*{  64  64} + 1*{  65  65} + 1*{ 162 162} + 1*{ 160 160} + 1*{ 161 161} + 1*{  66  66} + 1*{  67  67} + 1*{ 163 163} + -1*{} = 0 

1*{  80  80} + 1*{ 177 177} + 1*{ 176 176} + 1*{ 179 179} + 1*{  81  81} + 1*{  82  82} + 1*{ 178 178} + 1*{  83  83} + -1*{} = 0 

set sizes: {2, 1, 1, 1, 1, 1}, vars: 96, vectors: 7
1 9.143571e+00 9.143571e+00
2 4.224673e+01 9.143571e+00
3 3.643533e+05 9.143571e+00
4 1.396461e+05 9.143571e+00
5 5.035661e+04 9.143571e+00
6 1.815431e+04 9.143571e+00
7 6.542133e+03 9.143571e+00
8 2.355846e+03 9.143571e+00
9 8.472855e+02 9.143571e+00
10 3.040616e+02 9.143571e+00
11 1.087065e+02 9.143571e+00
12 3.862452e+01 9.143571e+00
13 1.359920e+01 9.143571e+00
14 4.736477e+00 4.736477e+00
15 1.636878e+00 1.636878e+00
16 5.638400e-01 5.638400e-01
17 1.926232e-01 1.926232e-01
18 7.629330e-02 7.629330e-02
19 2.790169e+02 7.629330e-02
20 9.932166e+01 7.629330e-02
21 2.297198e+05 7.629330e-02
22 8.286497e+04 7.629330e-02
23 1.554265e+14 7.629330e-02
24 5.607018e+13 7.629330e-02
25 2.022734e+13 7.629330e-02
26 7.297021e+12 7.629330e-02
27 2.632403e+12 7.629330e-02
28 9.496405e+11 7.629330e-02
29 3.425832e+11 7.629330e-02
30 1.235870e+11 7.629330e-02
31 4.458406e+10 7.629330e-02
32 1.608371e+10 7.629330e-02
33 5.802204e+09 7.629330e-02
34 2.093146e+09 7.629330e-02
35 7.551027e+08 7.629330e-02
36 2.724033e+08 7.629330e-02
37 9.826944e+07 7.629330e-02
38 3.545067e+07 7.629330e-02
39 1.278882e+07 7.629330e-02
40 4.613562e+06 7.629330e-02
41 1.664341e+06 7.629330e-02
42 6.004110e+05 7.629330e-02
43 2.165980e+05 7.629330e-02
44 7.813742e+04 7.629330e-02
45 2.818738e+04 7.629330e-02
46 1.016787e+04 7.629330e-02
47 3.667383e+03 7.629330e-02
48 1.322432e+03 7.629330e-02
49 4.766033e+02 7.629330e-02
50 1.715809e+02 7.629330e-02
51 6.167244e+01 7.629330e-02
52 2.207176e+01 7.629330e-02
53 7.852294e+00 7.629330e-02
54 2.772822e+00 7.629330e-02
55 9.763281e-01 7.629330e-02
56 3.526185e-01 7.629330e-02
57 1.468910e-01 7.629330e-02
58 1.284420e-01 7.629330e-02
59 1.726668e+00 7.629330e-02
60 5.824444e-01 7.629330e-02
61 7.426503e+00 7.629330e-02
62 2.606163e+00 7.629330e-02
63 8.759446e-01 7.629330e-02
64 3.179023e+00 7.629330e-02
65 1.074953e+00 7.629330e-02
66 3.571888e-01 7.629330e-02
67 1.169096e-01 7.629330e-02
68 3.787346e-02 3.787346e-02
69 1.223370e-02 1.223370e-02
70 3.979265e-03 3.979265e-03
71 1.318602e-03 1.318602e-03
72 4.460373e-04 4.460373e-04
73 1.515999e-04 1.515999e-04
74 5.119462e-05 5.119462e-05
75 1.717912e-05 1.717912e-05
76 5.687488e-06 5.687488e-06
77 2.339112e-06 2.339112e-06
78 1.153870e-06 1.153870e-06
79 5.558837e-07 5.558837e-07
80 1.705345e-07 1.705345e-07
81 5.373333e-08 5.373333e-08
82 4.527286e-08 4.527286e-08
83 5.805223e-08 4.527286e-08
84 8.042755e-08 4.527286e-08
85 4.279799e-08 4.279799e-08
86 1.979342e-08 1.979342e-08
87 7.515452e-09 7.515452e-09
88 2.267748e-09 2.267748e-09
89 6.849897e-10 6.849897e-10
90 2.070324e-10 2.070324e-10
91 6.259833e-11 6.259833e-11
92 1.893721e-11 1.893721e-11
93 5.720381e-12 5.720381e-12
94 1.732139e-12 1.732139e-12
95 5.196746e-13 5.196746e-13
96 1.530755e-13 1.530755e-13
97 4.982993e-14 4.982993e-14

x:  5.407634e-02  2.861537e-01 -6.903772e-01 -2.310928e-01  3.926356e-01 -3.787931e-01  1.318469e-01  6.743713e-02  4.390280e-01  1.861919e-01  1.095295e-01 -3.707756e-02  5.117118e-01  3.479662e-02 -1.596338e-01  4.024750e-02  7.598726e-02 -8.359443e-01  5.692783e-02  2.100870e-01  4.228339e-01 -3.314700e-01  4.716621e-01  2.597950e-01  6.619612e-01  4.568029e-01 -5.768498e-02 -3.459037e-02 -3.208701e-01 -1.069947e-01  4.245510e-01  3.008625e-01 -7.682906e-01  1.210382e-01  9.018427e-02 -2.595531e-01 -1.417143e-01 -5.021380e-01  1.883922e-01  6.719364e-01 -6.685374e-02  3.980268e-01  2.038927e-02 -7.392746e-01  1.567887e-01 -2.781550e-01  3.627397e-01 -1.204687e-01  2.498055e-01  1.624072e-01  2.352728e-01  5.265438e-01 -5.298795e-01 -8.809489e-02 -2.345671e-01  7.113152e-02  3.913127e-01 -3.112465e-01 -9.636378e-02  4.906262e-01 -2.257414e-01 -4.461399e-01 -2.968768e-01 -4.023234e-01  3.155935e-01  3.878154e-01  4.477310e-03  4.999800e-01  4.626618e-01  1.895892e-01  2.780134e-01  4.155822e-01  8.357130e-02  4.929664e-01  4.337594e-01  2.487023e-01 -4.711368e-01  1.674220e-01 -1.899675e-02 -4.996390e-01  4.471228e-01 -2.237883e-01  4.935693e-01  7.993351e-02 -1.557624e-02  4.997573e-01 -1.965235e-01  4.597592e-01  3.054367e-01 -3.958641e-01  4.065538e-01 -2.910567e-01 -4.943430e-01  7.500030e-02 -7.211853e-02 -4.947716e-01  1.369236e-11

grad:  4.365496e-20 -1.246538e-20 -5.212646e-21  1.615331e-20  1.932483e-20 -5.333432e-21  1.252661e-20 -3.575512e-20  9.948096e-21 -2.414581e-20 -5.086613e-20 -2.445024e-21 -1.693597e-20 -2.283500e-20 -8.794374e-21 -1.352224e-20  2.228860e-20  1.703126e-20 -5.585958e-20  3.451892e-20 -5.610011e-21  2.231983e-20  5.934426e-20 -2.847303e-20 -1.165826e-20  4.886115e-20  9.719794e-21  4.421313e-20 -1.239579e-20 -3.892183e-20 -2.220388e-20  8.538048e-21  5.075036e-21 -2.150989e-21 -5.448360e-20  6.915329e-21  5.163347e-21 -2.352107e-20 -3.498256e-20 -7.666415e-22  4.891298e-22 -4.518633e-20 -2.537791e-20 -3.603240e-20  2.148317e-20  5.580266e-20  6.333307e-20  3.321426e-20  2.899964e-21 -4.306172e-20 -5.086264e-20  1.284059e-20 -4.163336e-20  1.027922e-19  1.283922e-19  2.593366e-20  5.350659e-20  6.665669e-20 -1.334172e-20 -2.947703e-21  7.728271e-20 -3.835838e-20 -2.825755e-20  2.079345e-20  9.944765e-20 -7.928265e-20  1.332336e-21  1.731592e-21 -1.834825e-21  9.625462e-21 -3.930584e-20  3.433762e-20 -2.167993e-20  2.298987e-21  4.589530e-20 -6.528140e-20 -1.367541e-20 -3.064004e-20  2.114409e-20 -1.978415e-21  3.074072e-21 -9.897971e-22  1.226424e-21  1.863886e-20  4.218049e-20  8.701357e-23 -8.020785e-20 -3.411880e-20  8.974795e-21  5.636740e-21  3.256511e-21  2.985297e-21 -2.112181e-20 -9.310452e-20  6.488927e-20 -1.210960e-20  4.982993e-14

finished in 97 iterations (0.042 seconds total)
max viol = 4.50092e-08

---------------------
MUBs:
---------------------

{(0.0540763,-0.32087), (0.286154,-0.106995), (-0.690377,0.424551), (-0.231093,0.300862)}, {(0.392636,-0.768291), (-0.378793,0.121038), (0.131847,0.0901843), (0.0674371,-0.259553)}, {}, {}


{(0.439028,-0.141714), (0.186192,-0.502138), (0.109529,0.188392), (-0.0370776,0.671936)}, {}, {}, {}


{(0.511712,-0.0668537), (0.0347966,0.398027), (-0.159634,0.0203893), (0.0402475,-0.739275)}, {}, {}, {}


{(0.0759873,0.156789), (-0.835944,-0.278155), (0.0569278,0.36274), (0.210087,-0.120469)}, {}, {}, {}


{(0.422834,0.249806), (-0.33147,0.162407), (0.471662,0.235273), (0.259795,0.526544)}, {}, {}, {}


{(0.661961,-0.52988), (0.456803,-0.0880949), (-0.057685,-0.234567), (-0.0345904,0.0711315)}, {}, {}, {}

---------------------
Abs of Gram matrix:
---------------------

 { { +1.0000, +0.0000, +0.0000, +0.0000, +0.5000, +0.0000, +0.0000, +0.0000, +0.5000, +0.0000, +0.0000, +0.0000, +0.5000, +0.0000, +0.0000, +0.0000, +0.5000, +0.0000, +0.0000, +0.0000, +0.5000, +0.0000, +0.0000, +0.0000}, 
   { +0.0000, +1.0000, +0.0000, +0.0000, +0.5000, +0.0000, +0.0000, +0.0000, +0.5000, +0.0000, +0.0000, +0.0000, +0.5000, +0.0000, +0.0000, +0.0000, +0.5000, +0.0000, +0.0000, +0.0000, +0.5000, +0.0000, +0.0000, +0.0000}, 
   { +0.0000, +0.0000, +0.0000, +0.0000, +0.0000, +0.0000, +0.0000, +0.0000, +0.0000, +0.0000, +0.0000, +0.0000, +0.0000, +0.0000, +0.0000, +0.0000, +0.0000, +0.0000, +0.0000, +0.0000, +0.0000, +0.0000, +0.0000, +0.0000}, 
   { +0.0000, +0.0000, +0.0000, +0.0000, +0.0000, +0.0000, +0.0000, +0.0000, +0.0000, +0.0000, +0.0000, +0.0000, +0.0000, +0.0000, +0.0000, +0.0000, +0.0000, +0.0000, +0.0000, +0.0000, +0.0000, +0.0000, +0.0000, +0.0000}, 
   { +0.5000, +0.5000, +0.0000, +0.0000, +1.0000, +0.0000, +0.0000, +0.0000, +0.5000, +0.0000, +0.0000, +0.0000, +0.5000, +0.0000, +0.0000, +0.0000, +0.5000, +0.0000, +0.0000, +0.0000, +0.5000, +0.0000, +0.0000, +0.0000}, 
   { +0.0000, +0.0000, +0.0000, +0.0000, +0.0000, +0.0000, +0.0000, +0.0000, +0.0000, +0.0000, +0.0000, +0.0000, +0.0000, +0.0000, +0.0000, +0.0000, +0.0000, +0.0000, +0.0000, +0.0000, +0.0000, +0.0000, +0.0000, +0.0000}, 
   { +0.0000, +0.0000, +0.0000, +0.0000, +0.0000, +0.0000, +0.0000, +0.0000, +0.0000, +0.0000, +0.0000, +0.0000, +0.0000, +0.0000, +0.0000, +0.0000, +0.0000, +0.0000, +0.0000, +0.0000, +0.0000, +0.0000, +0.0000, +0.0000}, 
   { +0.0000, +0.0000, +0.0000, +0.0000, +0.0000, +0.0000, +0.0000, +0.0000, +0.0000, +0.0000, +0.0000, +0.0000, +0.0000, +0.0000, +0.0000, +0.0000, +0.0000, +0.0000, +0.0000, +0.0000, +0.0000, +0.0000, +0.0000, +0.0000}, 
   { +0.5000, +0.5000, +0.0000, +0.0000, +0.5000, +0.0000, +0.0000, +0.0000, +1.0000, +0.0000, +0.0000, +0.0000, +0.5000, +0.0000, +0.0000, +0.0000, +0.5000, +0.0000, +0.0000, +0.0000, +0.5000, +0.0000, +0.0000, +0.0000}, 
   { +0.0000, +0.0000, +0.0000, +0.0000, +0.0000, +0.0000, +0.0000, +0.0000, +0.0000, +0.0000, +0.0000, +0.0000, +0.0000, +0.0000, +0.0000, +0.0000, +0.0000, +0.0000, +0.0000, +0.0000, +0.0000, +0.0000, +0.0000, +0.0000}, 
   { +0.0000, +0.0000, +0.0000, +0.0000, +0.0000, +0.0000, +0.0000, +0.0000, +0.0000, +0.0000, +0.0000, +0.0000, +0.0000, +0.0000, +0.0000, +0.0000, +0.0000, +0.0000, +0.0000, +0.0000, +0.0000, +0.0000, +0.0000, +0.0000}, 
   { +0.0000, +0.0000, +0.0000, +0.0000, +0.0000, +0.0000, +0.0000, +0.0000, +0.0000, +0.0000, +0.0000, +0.0000, +0.0000, +0.0000, +0.0000, +0.0000, +0.0000, +0.0000, +0.0000, +0.0000, +0.0000, +0.0000, +0.0000, +0.0000}, 
   { +0.5000, +0.5000, +0.0000, +0.0000, +0.5000, +0.0000, +0.0000, +0.0000, +0.5000, +0.0000, +0.0000, +0.0000, +1.0000, +0.0000, +0.0000, +0.0000, +0.5000, +0.0000, +0.0000, +0.0000, +0.5000, +0.0000, +0.0000, +0.0000}, 
   { +0.0000, +0.0000, +0.0000, +0.0000, +0.0000, +0.0000, +0.0000, +0.0000, +0.0000, +0.0000, +0.0000, +0.0000, +0.0000, +0.0000, +0.0000, +0.0000, +0.0000, +0.0000, +0.0000, +0.0000, +0.0000, +0.0000, +0.0000, +0.0000}, 
   { +0.0000, +0.0000, +0.0000, +0.0000, +0.0000, +0.0000, +0.0000, +0.0000, +0.0000, +0.0000, +0.0000, +0.0000, +0.0000, +0.0000, +0.0000, +0.0000, +0.0000, +0.0000, +0.0000, +0.0000, +0.0000, +0.0000, +0.0000, +0.0000}, 
   { +0.0000, +0.0000, +0.0000, +0.0000, +0.0000, +0.0000, +0.0000, +0.0000, +0.0000, +0.0000, +0.0000, +0.0000, +0.0000, +0.0000, +0.0000, +0.0000, +0.0000, +0.0000, +0.0000, +0.0000, +0.0000, +0.0000, +0.0000, +0.0000}, 
   { +0.5000, +0.5000, +0.0000, +0.0000, +0.5000, +0.0000, +0.0000, +0.0000, +0.5000, +0.0000, +0.0000, +0.0000, +0.5000, +0.0000, +0.0000, +0.0000, +1.0000, +0.0000, +0.0000, +0.0000, +0.5000, +0.0000, +0.0000, +0.0000}, 
   { +0.0000, +0.0000, +0.0000, +0.0000, +0.0000, +0.0000, +0.0000, +0.0000, +0.0000, +0.0000, +0.0000, +0.0000, +0.0000, +0.0000, +0.0000, +0.0000, +0.0000, +0.0000, +0.0000, +0.0000, +0.0000, +0.0000, +0.0000, +0.0000}, 
   { +0.0000, +0.0000, +0.0000, +0.0000, +0.0000, +0.0000, +0.0000, +0.0000, +0.0000, +0.0000, +0.0000, +0.0000, +0.0000, +0.0000, +0.0000, +0.0000, +0.0000, +0.0000, +0.0000, +0.0000, +0.0000, +0.0000, +0.0000, +0.0000}, 
   { +0.0000, +0.0000, +0.0000, +0.0000, +0.0000, +0.0000, +0.0000, +0.0000, +0.0000, +0.0000, +0.0000, +0.0000, +0.0000, +0.0000, +0.0000, +0.0000, +0.0000, +0.0000, +0.0000, +0.0000, +0.0000, +0.0000, +0.0000, +0.0000}, 
   { +0.5000, +0.5000, +0.0000, +0.0000, +0.5000, +0.0000, +0.0000, +0.0000, +0.5000, +0.0000, +0.0000, +0.0000, +0.5000, +0.0000, +0.0000, +0.0000, +0.5000, +0.0000, +0.0000, +0.0000, +1.0000, +0.0000, +0.0000, +0.0000}, 
   { +0.0000, +0.0000, +0.0000, +0.0000, +0.0000, +0.0000, +0.0000, +0.0000, +0.0000, +0.0000, +0.0000, +0.0000, +0.0000, +0.0000, +0.0000, +0.0000, +0.0000, +0.0000, +0.0000, +0.0000, +0.0000, +0.0000, +0.0000, +0.0000}, 
   { +0.0000, +0.0000, +0.0000, +0.0000, +0.0000, +0.0000, +0.0000, +0.0000, +0.0000, +0.0000, +0.0000, +0.0000, +0.0000, +0.0000, +0.0000, +0.0000, +0.0000, +0.0000, +0.0000, +0.0000, +0.0000, +0.0000, +0.0000, +0.0000}, 
   { +0.0000, +0.0000, +0.0000, +0.0000, +0.0000, +0.0000, +0.0000, +0.0000, +0.0000, +0.0000, +0.0000, +0.0000, +0.0000, +0.0000, +0.0000, +0.0000, +0.0000, +0.0000, +0.0000, +0.0000, +0.0000, +0.0000, +0.0000, +0.0000} } 
