---------------------
Basis Indices:
---------------------

{-, -, -, -}, {-, -, -, -}, {-, -, -, -}, {-, -, -, -}


{-, -, -, -}, {-, 21+i69, 22+i70, 23+i71}, {}, {}


{-, 33+i81, 34+i82, 35+i83}, {}, {}, {}

---------------------
Index Mapping: 
---------------------

{81: 7, 83: 9, 70: 6, 82: 8, 69: 5, 98: 10, 33: 2, 35: 4, 22: 1, 99: 11, 34: 3, 21: 0}

---------------------
Final Problem: 
---------------------
Find a point satisfying:

0.5*{ 2 3} + 0.5*{ 2 4} + 0.5*{ 3 4} + 0.5*{ 7 9} + 0.25*{ 4} + 0.5*{ 7 8} + 0.25*{ 2} + 0.5*{ 8 9} + 0.25*{ 3} = 0 

-0.25*{} + 1*{1111} + 1*{1010} = 0 

-0.5*{ 4} + -1*{ 0 4} + -1*{ 1 4} + 1*{ 6 8} + -1*{ 6 9} + -1*{ 5 9} + -1*{10} + 1*{ 0 2} + 1*{ 1 3} + 0.25*{} + 1*{ 5 7} = 0 

-0.5*{ 9} + -1*{ 0 9} + -1*{ 1 9} + -1*{11} + 1*{ 4 6} + -1*{ 3 6} + -1*{ 2 5} + 1*{ 1 8} + 1*{ 0 7} + 1*{ 4 5} = 0 

1*{ 5 5} + -0.25*{} + 1*{ 0 0} = 0 

-0.25*{} + 1*{ 1 1} + 1*{ 6 6} = 0 

0.5*{} + 2*{ 5 6} + 1*{ 1} + 2*{ 0 1} + 1*{ 0} = 0 

-0.25*{} + 1*{ 7 7} + 1*{ 2 2} = 0 

-0.25*{} + 1*{ 8 8} + 1*{ 3 3} = 0 

-0.25*{} + 1*{ 9 9} + 1*{ 4 4} = 0 

30*{ 0} + -16*{ 7} + -1*{} + -2*{ 4} + -1*{ 9} + -8*{ 3} + 15*{ 5} + -32*{ 2} + 3*{ 6} + 6*{ 1} + -4*{ 8} > 0 

-1*{ 8} + 2*{ 2} + 8*{ 0} + 4*{ 5} + -2*{ 3} + -8*{ 1} + -4*{ 6} + 1*{ 7} > 0 

2*{ 3} + 4*{ 5} + -1*{ 9} + -2*{ 4} + 4*{} + 8*{ 0} + 8*{ 6} + 16*{ 1} + 1*{ 8} > 0 

1*{ 7} > 0 

{4, 2, 1, 1, 1, 1} 12
1 4.445601e-01 4.445601e-01
2 4.438606e-01 4.438606e-01
3 3.886198e-01 3.886198e-01
4 3.324101e-01 3.324101e-01
5 2.194494e-01 2.194494e-01
6 1.384855e-01 1.384855e-01
7 8.838262e-02 8.838262e-02
8 3.390690e-01 8.838262e-02
9 2.081986e-01 8.838262e-02
10 1.275638e-01 8.838262e-02
11 7.800198e-02 7.800198e-02
12 4.761891e-02 4.761891e-02
13 2.903003e-02 2.903003e-02
14 1.767459e-02 1.767459e-02
15 1.074725e-02 1.074725e-02
16 6.526667e-03 6.526667e-03
17 3.958496e-03 3.958496e-03
18 2.397838e-03 2.397838e-03
19 1.450707e-03 1.450707e-03
20 8.766850e-04 8.766850e-04
21 5.292453e-04 5.292453e-04
22 3.192074e-04 3.192074e-04
23 1.923741e-04 1.923741e-04
24 1.158595e-04 1.158595e-04
25 6.973932e-05 6.973932e-05
26 4.195933e-05 4.195933e-05
27 2.523607e-05 2.523607e-05
28 1.517360e-05 1.517360e-05
29 9.121271e-06 9.121271e-06
30 5.482046e-06 5.482046e-06
31 3.294334e-06 3.294334e-06
32 1.979446e-06 1.979446e-06
33 1.189272e-06 1.189272e-06
34 7.144784e-07 7.144784e-07
35 4.292137e-07 4.292137e-07
36 2.578339e-07 2.578339e-07
37 1.548789e-07 1.548789e-07
38 9.303227e-08 9.303227e-08
39 5.588129e-08 5.588129e-08
40 3.356547e-08 3.356547e-08
41 2.016108e-08 2.016108e-08
42 1.210963e-08 1.210963e-08
43 7.273525e-09 7.273525e-09
44 4.368744e-09 4.368744e-09
45 2.624016e-09 2.624016e-09
46 1.576067e-09 1.576067e-09
47 9.466337e-10 9.466337e-10
48 5.685764e-10 5.685764e-10
49 3.415023e-10 3.415023e-10
50 2.051165e-10 2.051165e-10
51 1.231984e-10 1.231984e-10
52 7.399571e-11 7.399571e-11
53 4.444427e-11 4.444427e-11
54 2.669375e-11 2.669375e-11
55 1.603377e-11 1.603377e-11
56 9.629779e-12 9.629779e-12
57 5.783463e-12 5.783463e-12
58 3.473781e-12 3.473781e-12
59 2.086597e-12 2.086597e-12
60 1.253093e-12 1.253093e-12
61 7.528901e-13 7.528901e-13
finished in 61 iterations (0.004 seconds total)
max viol = 4.08895e-07
max viol of orig = 0.418882
In a nicer form:
 { { (+1.0000000,+0.0000000), (+0.0000000,+0.0000000), (+0.0000000,+0.0000000), (+0.0000000,+0.0000000)}, 
   { (+0.0000000,+0.0000000), (+1.0000000,+0.0000000), (+0.0000000,+0.0000000), (+0.0000000,+0.0000000)}, 
   { (+0.0000000,+0.0000000), (+0.0000000,+0.0000000), (+1.0000000,+0.0000000), (+0.0000000,+0.0000000)}, 
   { (+0.0000000,+0.0000000), (+0.0000000,+0.0000000), (+0.0000000,+0.0000000), (+1.0000000,+0.0000000)} } 
 { { (+0.5000000,+0.0000000), (+0.5000000,+0.0000000), (+0.5000000,+0.0000000), (+0.5000000,+0.0000000)}, 
   { (+0.5000000,+0.0000000), (-0.5000004,-0.0000006), (-0.0368371,-0.4986416), (+0.0000000,+0.0000000)}, 
   { (+0.5000000,+0.0000000), (+0.0000000,+0.0000000), (+0.0000000,+0.0000000), (+0.0000000,+0.0000000)}, 
   { (+0.5000000,+0.0000000), (+0.0000000,+0.0000000), (+0.0000000,+0.0000000), (+0.0000000,+0.0000000)} } 
 { { (+0.5000000,+0.0000000), (-0.4055429,+0.2924637), (-0.0461698,+0.4978638), (+0.4977449,+0.0474366)}, 
   { (+0.5000000,+0.0000000), (+0.0000000,+0.0000000), (+0.0000000,+0.0000000), (+0.0000000,+0.0000000)}, 
   { (+0.5000000,+0.0000000), (+0.0000000,+0.0000000), (+0.0000000,+0.0000000), (+0.0000000,+0.0000000)}, 
   { (+0.5000000,+0.0000000), (+0.0000000,+0.0000000), (+0.0000000,+0.0000000), (+0.0000000,+0.0000000)} } 
