---------------------
Basis Indices:
---------------------

{1, 0, 0, 0}, {1, 0, 0, 0}, {1, 0, 0, 0}, {}


{0.5, 0.5, 0.5, 0.5}, {}, {}, {}


{0.5, x_33+i*x_129, x_34+i*x_130, x_35+i*x_131}, {}, {}, {}


{0.5, x_49+i*x_145, x_50+i*x_146, x_51+i*x_147}, {}, {}, {}


{0.5, x_65+i*x_161, x_66+i*x_162, x_67+i*x_163}, {}, {}, {}


{0.5, x_81+i*x_177, x_82+i*x_178, x_83+i*x_179}, {}, {}, {}

---------------------
Problem: 
---------------------
Find a point satisfying:

-0.25*{} + 1*{ 193 193} + 1*{ 192 192} = 0 

1*{ 131 147} + 0.25*{} + 1*{ 129 145} + 1*{ 130 146} + 1*{  34  50} + 1*{  35  51} + -1*{ 192} + 1*{  33  49} = 0 

1*{  35 147} + 1*{  33 145} + -1*{  51 131} + -1*{  50 130} + 1*{  34 146} + -1*{  49 129} + -1*{ 193} = 0 

-0.25*{} + 1*{ 195 195} + 1*{ 194 194} = 0 

1*{ 131 163} + 1*{ 129 161} + 1*{  35  67} + 1*{ 130 162} + 1*{  34  66} + 1*{  33  65} + 0.25*{} + -1*{ 194} = 0 

-1*{  67 131} + -1*{  66 130} + 1*{  34 162} + 1*{  35 163} + -1*{  65 129} + 1*{  33 161} + -1*{ 195} = 0 

-0.25*{} + 1*{ 197 197} + 1*{ 196 196} = 0 

1*{ 131 179} + 1*{ 130 178} + 1*{  34  82} + 1*{  35  83} + -1*{ 196} + 0.25*{} + 1*{ 129 177} + 1*{  33  81} = 0 

1*{  33 177} + 1*{  35 179} + -1*{  82 130} + 1*{  34 178} + -1*{  81 129} + -1*{  83 131} + -1*{ 197} = 0 

1*{ 129 129} + -0.25*{} + 1*{  33  33} = 0 

-0.25*{} + 1*{ 130 130} + 1*{  34  34} = 0 

-0.75*{} + 1*{  33  33} + 1*{ 129 129} + 1*{ 130 130} + 1*{  35  35} + 1*{  34  34} + 1*{ 131 131} = 0 

0.25*{ 129 129} + 0.5*{ 129 131} + 0.25*{  35  35} + 0.25*{ 131 131} + 0.25*{  34} + 0.5*{ 130 131} + 0.25*{  33  33} + 0.5*{ 129 130} + 0.5*{  33  34} + -0.1875*{} + 0.25*{ 130 130} + 0.5*{  33  35} + 0.5*{  34  35} + 0.25*{  35} + 0.25*{  34  34} + 0.25*{  33} = 0 

-0.25*{} + 1*{ 199 199} + 1*{ 198 198} = 0 

1*{ 147 163} + 1*{ 146 162} + 1*{  51  67} + 1*{  50  66} + 1*{ 145 161} + 1*{  49  65} + 0.25*{} + -1*{ 198} = 0 

1*{  51 163} + -1*{  66 146} + -1*{ 199} + -1*{  67 147} + 1*{  50 162} + -1*{  65 145} + 1*{  49 161} = 0 

-0.25*{} + 1*{ 201 201} + 1*{ 200 200} = 0 

1*{  51  83} + 1*{ 146 178} + 1*{  50  82} + 1*{ 145 177} + 1*{  49  81} + 0.25*{} + 1*{ 147 179} + -1*{ 200} = 0 

-1*{  82 146} + 1*{  51 179} + 1*{  50 178} + -1*{  81 145} + -1*{  83 147} + 1*{  49 177} + -1*{ 201} = 0 

-0.25*{} + 1*{ 145 145} + 1*{  49  49} = 0 

-0.25*{} + 1*{ 146 146} + 1*{  50  50} = 0 

-0.75*{} + 1*{  49  49} + 1*{ 145 145} + 1*{  50  50} + 1*{ 146 146} + 1*{  51  51} + 1*{ 147 147} = 0 

0.25*{  49  49} + 0.5*{  49  51} + 0.25*{ 145 145} + 0.25*{ 146 146} + 0.25*{  50  50} + 0.5*{ 145 147} + 0.25*{ 147 147} + 0.5*{ 145 146} + 0.25*{  50} + 0.25*{  49} + 0.5*{ 146 147} + -0.1875*{} + 0.5*{  50  51} + 0.5*{  49  50} + 0.25*{  51  51} + 0.25*{  51} = 0 

-0.25*{} + 1*{ 203 203} + 1*{ 202 202} = 0 

0.25*{} + 1*{  66  82} + 1*{ 163 179} + 1*{ 161 177} + 1*{  67  83} + -1*{ 202} + 1*{ 162 178} + 1*{  65  81} = 0 

1*{  66 178} + 1*{  67 179} + -1*{  83 163} + -1*{ 203} + -1*{  82 162} + -1*{  81 161} + 1*{  65 177} = 0 

-0.25*{} + 1*{ 161 161} + 1*{  65  65} = 0 

-0.25*{} + 1*{ 162 162} + 1*{  66  66} = 0 

-0.75*{} + 1*{ 163 163} + 1*{  65  65} + 1*{ 162 162} + 1*{ 161 161} + 1*{  66  66} + 1*{  67  67} = 0 

0.25*{ 161 161} + 0.5*{ 162 163} + 0.25*{  67  67} + 0.25*{  65} + 0.5*{ 161 163} + 0.5*{  66  67} + 0.5*{  65  66} + 0.25*{  66  66} + 0.5*{  65  67} + -0.1875*{} + 0.5*{ 161 162} + 0.25*{  65  65} + 0.25*{ 163 163} + 0.25*{  67} + 0.25*{  66} + 0.25*{ 162 162} = 0 

-0.25*{} + 1*{ 177 177} + 1*{  81  81} = 0 

-0.25*{} + 1*{ 178 178} + 1*{  82  82} = 0 

-0.75*{} + 1*{  83  83} + 1*{  81  81} + 1*{ 177 177} + 1*{  82  82} + 1*{ 178 178} + 1*{ 179 179} = 0 

-0.1875*{} + 0.25*{  83  83} + 0.25*{  82  82} + 0.25*{ 179 179} + 0.25*{ 178 178} + 0.5*{ 177 178} + 0.25*{  81  81} + 0.5*{  82  83} + 0.5*{ 177 179} + 0.5*{ 178 179} + 0.5*{  81  83} + 0.25*{ 177 177} + 0.5*{  81  82} + 0.25*{  83} + 0.25*{  82} + 0.25*{  81} = 0 

---------------------
Summary:
---------------------
set sizes: {3, 1, 1, 1, 1, 1}, vars: 36, vectors: 8, equations: 34, indep eqn: 34

---------------------
Optimization:
---------------------
1 1.559e+00 1.559e+00
2 4.654e+03 1.559e+00
3 1.670e+03 1.559e+00
4 5.996e+02 1.559e+00
5 2.145e+02 1.559e+00
6 7.645e+01 1.559e+00
7 2.709e+01 1.559e+00
8 9.526e+00 1.559e+00
9 3.331e+00 1.559e+00
10 1.169e+00 1.169e+00
11 4.194e-01 4.194e-01
12 4.239e+08 4.194e-01
13 1.529e+08 4.194e-01
14 5.517e+07 4.194e-01
15 1.990e+07 4.194e-01
16 7.179e+06 4.194e-01
17 2.590e+06 4.194e-01
18 9.341e+05 4.194e-01
19 3.369e+05 4.194e-01
20 1.215e+05 4.194e-01
21 4.381e+04 4.194e-01
22 1.579e+04 4.194e-01
23 5.689e+03 4.194e-01
24 2.048e+03 4.194e-01
25 7.363e+02 4.194e-01
26 2.641e+02 4.194e-01
27 9.447e+01 4.194e-01
28 3.362e+01 4.194e-01
29 1.187e+01 4.194e-01
30 4.156e+00 4.194e-01
31 1.444e+00 4.194e-01
32 5.032e-01 4.194e-01
33 1.788e-01 1.788e-01
34 6.424e-02 6.424e-02
35 2.324e-02 2.324e-02
36 8.995e-03 8.995e-03
37 3.596e-03 3.596e-03
38 1.609e-03 1.609e-03
39 6.745e-04 6.745e-04
40 2.941e-04 2.941e-04
41 1.125e-04 1.125e-04
42 4.079e-05 4.079e-05
43 1.415e-05 1.415e-05
44 4.836e-06 4.836e-06
45 1.678e-06 1.678e-06
46 6.048e-07 6.048e-07
47 2.262e-07 2.262e-07
48 8.601e-08 8.601e-08
49 3.288e-08 3.288e-08
50 1.260e-08 1.260e-08
51 4.837e-09 4.837e-09
52 1.860e-09 1.860e-09
53 7.150e-10 7.150e-10
54 2.740e-10 2.740e-10
55 1.046e-10 1.046e-10
56 4.084e-11 4.084e-11
57 1.902e-11 1.902e-11
58 2.961e-11 1.902e-11
59 3.406e-10 1.902e-11
60 1.554e-10 1.902e-11
61 1.459e-09 1.902e-11
62 4.304e-10 1.902e-11
63 7.091e-11 1.902e-11
64 7.083e-10 1.902e-11
65 1.029e-10 1.902e-11
66 3.782e-09 1.902e-11
67 1.137e-09 1.902e-11
68 3.008e-10 1.902e-11
69 4.439e-10 1.902e-11
70 2.295e-10 1.902e-11
71 4.784e-09 1.902e-11
72 1.427e-09 1.902e-11
73 3.752e-10 1.902e-11
74 1.868e-08 1.902e-11
75 5.651e-09 1.902e-11
76 1.709e-09 1.902e-11
77 5.167e-10 1.902e-11
78 1.561e-10 1.902e-11
79 5.888e-11 1.902e-11
80 7.456e-09 1.902e-11
81 2.264e-09 1.902e-11
82 6.827e-10 1.902e-11
83 1.961e-10 1.902e-11
84 4.804e-11 1.902e-11
85 3.098e-11 1.902e-11
86 2.448e-11 1.902e-11
87 3.215e-11 1.902e-11
88 1.427e-10 1.902e-11
89 2.902e-11 1.902e-11
90 1.221e-10 1.902e-11
91 4.226e-11 1.902e-11
92 5.815e-09 1.902e-11
93 1.780e-09 1.902e-11
94 5.436e-10 1.902e-11
95 1.638e-10 1.902e-11
96 1.754e-09 1.902e-11
97 8.608e-10 1.902e-11
98 2.342e-10 1.902e-11
99 3.799e-09 1.902e-11
100 1.149e-09 1.902e-11
101 3.477e-10 1.902e-11
102 1.069e-10 1.902e-11
103 5.415e-09 1.902e-11
104 2.375e-09 1.902e-11
105 7.128e-10 1.902e-11
106 2.076e-10 1.902e-11
107 8.577e-08 1.902e-11
108 2.662e-08 1.902e-11
109 8.536e-09 1.902e-11
110 3.006e-09 1.902e-11
111 1.181e-09 1.902e-11
112 6.006e-10 1.902e-11
113 4.924e-09 1.902e-11
114 2.054e-09 1.902e-11
115 9.435e-10 1.902e-11
116 1.423e-09 1.902e-11
117 3.211e-09 1.902e-11
118 1.019e-09 1.902e-11
119 3.623e-10 1.902e-11
120 2.072e-10 1.902e-11
121 2.732e-10 1.902e-11
122 1.084e-10 1.902e-11
123 9.357e-11 1.902e-11
124 4.591e-11 1.902e-11
125 5.359e-11 1.902e-11
126 8.662e-11 1.902e-11
127 4.136e-11 1.902e-11
128 1.758e-10 1.902e-11
129 8.080e-12 8.080e-12
130 2.625e-10 8.080e-12
131 3.611e-11 8.080e-12
132 2.872e-10 8.080e-12
133 1.409e-11 8.080e-12
134 1.191e-09 8.080e-12
135 3.603e-10 8.080e-12
136 9.599e-11 8.080e-12
137 2.950e-09 8.080e-12
138 8.487e-10 8.080e-12
139 7.586e-09 8.080e-12
140 2.292e-09 8.080e-12
141 6.880e-10 8.080e-12
142 1.872e-10 8.080e-12
143 7.730e-11 8.080e-12
144 2.896e-08 8.080e-12
145 8.760e-09 8.080e-12
146 2.650e-09 8.080e-12
147 8.018e-10 8.080e-12
148 2.426e-10 8.080e-12
149 7.310e-11 8.080e-12
150 2.123e-11 8.080e-12
151 2.601e-12 2.601e-12
152 3.301e-10 2.601e-12
153 7.968e-11 2.601e-12
154 2.388e-11 2.601e-12
155 7.217e-12 2.601e-12
156 2.175e-12 2.175e-12
157 3.756e-12 2.175e-12
158 1.830e-12 1.830e-12
159 5.606e-14 5.606e-14
1 (precision) 3.104e-13 5.606e-14 (from 5.606e-14)
2 (precision) 4.167e-10 5.606e-14 (from 5.606e-14)
3 (precision) 1.149e-10 5.606e-14 (from 5.606e-14)
4 (precision) 3.167e-11 5.606e-14 (from 5.606e-14)
5 (precision) 8.722e-12 5.606e-14 (from 5.606e-14)
6 (precision) 2.409e-12 5.606e-14 (from 5.606e-14)
7 (precision) 6.671e-13 5.606e-14 (from 5.606e-14)
8 (precision) 1.842e-13 5.606e-14 (from 5.606e-14)
9 (precision) 1.097e-12 5.606e-14 (from 5.606e-14)
10 (precision) 3.022e-13 5.606e-14 (from 5.606e-14)
11 (precision) 2.496e-13 5.606e-14 (from 5.606e-14)
12 (precision) 5.660e-14 5.606e-14 (from 5.606e-14)
13 (precision) 1.035e-13 5.606e-14 (from 5.606e-14)
14 (precision) 2.751e-14 2.751e-14 (from 5.606e-14)
15 (precision) 6.304e-15 6.304e-15 (from 5.606e-14)
16 (precision) 7.261e-15 6.304e-15 (from 5.606e-14)
17 (precision) 1.848e-15 1.848e-15 (from 5.606e-14)
18 (precision) 1.205e-16 1.205e-16 (from 5.606e-14)
19 (precision) 1.494e-15 1.205e-16 (from 5.606e-14)
20 (precision) 1.432e-10 1.205e-16 (from 5.606e-14)
21 (precision) 4.038e-11 1.205e-16 (from 5.606e-14)
22 (precision) 1.126e-11 1.205e-16 (from 5.606e-14)
23 (precision) 3.206e-12 1.205e-16 (from 5.606e-14)
24 (precision) 9.824e-13 1.205e-16 (from 5.606e-14)
25 (precision) 3.610e-13 1.205e-16 (from 5.606e-14)
26 (precision) 1.686e-13 1.205e-16 (from 5.606e-14)
27 (precision) 1.161e-12 1.205e-16 (from 5.606e-14)
28 (precision) 3.325e-13 1.205e-16 (from 5.606e-14)
29 (precision) 1.040e-13 1.205e-16 (from 5.606e-14)
30 (precision) 3.126e-14 1.205e-16 (from 5.606e-14)
31 (precision) 1.804e-14 1.205e-16 (from 5.606e-14)
32 (precision) 1.962e-14 1.205e-16 (from 5.606e-14)
33 (precision) 1.051e-14 1.205e-16 (from 5.606e-14)
34 (precision) 8.363e-15 1.205e-16 (from 5.606e-14)
35 (precision) 1.795e-15 1.205e-16 (from 5.606e-14)
36 (precision) 1.120e-15 1.205e-16 (from 5.606e-14)
37 (precision) 4.964e-16 1.205e-16 (from 5.606e-14)
38 (precision) 2.886e-16 1.205e-16 (from 5.606e-14)
39 (precision) 1.604e-15 1.205e-16 (from 5.606e-14)
40 (precision) 5.755e-15 1.205e-16 (from 5.606e-14)
41 (precision) 1.064e-15 1.205e-16 (from 5.606e-14)
42 (precision) 1.439e-16 1.205e-16 (from 5.606e-14)
43 (precision) 2.116e-15 1.205e-16 (from 5.606e-14)
44 (precision) 5.305e-16 1.205e-16 (from 5.606e-14)
45 (precision) 3.026e-15 1.205e-16 (from 5.606e-14)
46 (precision) 2.847e-15 1.205e-16 (from 5.606e-14)
47 (precision) 2.059e-16 1.205e-16 (from 5.606e-14)
48 (precision) 1.272e-15 1.205e-16 (from 5.606e-14)
49 (precision) 4.313e-15 1.205e-16 (from 5.606e-14)
50 (precision) 3.229e-12 1.205e-16 (from 5.606e-14)
51 (precision) 8.910e-13 1.205e-16 (from 5.606e-14)
52 (precision) 2.528e-13 1.205e-16 (from 5.606e-14)
53 (precision) 7.674e-14 1.205e-16 (from 5.606e-14)
54 (precision) 2.301e-14 1.205e-16 (from 5.606e-14)
55 (precision) 1.015e-14 1.205e-16 (from 5.606e-14)
56 (precision) 2.716e-14 1.205e-16 (from 5.606e-14)
57 (precision) 8.414e-15 1.205e-16 (from 5.606e-14)
58 (precision) 7.683e-15 1.205e-16 (from 5.606e-14)
59 (precision) 4.407e-14 1.205e-16 (from 5.606e-14)
60 (precision) 1.164e-14 1.205e-16 (from 5.606e-14)
61 (precision) 9.125e-15 1.205e-16 (from 5.606e-14)
62 (precision) 9.862e-13 1.205e-16 (from 5.606e-14)
63 (precision) 2.701e-13 1.205e-16 (from 5.606e-14)
64 (precision) 7.490e-14 1.205e-16 (from 5.606e-14)
65 (precision) 1.990e-14 1.205e-16 (from 5.606e-14)
66 (precision) 8.350e-15 1.205e-16 (from 5.606e-14)
67 (precision) 1.906e-15 1.205e-16 (from 5.606e-14)
68 (precision) 4.319e-16 1.205e-16 (from 5.606e-14)
69 (precision) 2.122e-15 1.205e-16 (from 5.606e-14)
70 (precision) 2.116e-16 1.205e-16 (from 5.606e-14)
71 (precision) 2.841e-15 1.205e-16 (from 5.606e-14)
72 (precision) 7.108e-11 1.205e-16 (from 5.606e-14)
73 (precision) 1.996e-11 1.205e-16 (from 5.606e-14)
74 (precision) 5.680e-12 1.205e-16 (from 5.606e-14)
75 (precision) 1.671e-12 1.205e-16 (from 5.606e-14)
76 (precision) 5.243e-13 1.205e-16 (from 5.606e-14)
77 (precision) 1.990e-13 1.205e-16 (from 5.606e-14)
78 (precision) 1.025e-13 1.205e-16 (from 5.606e-14)
79 (precision) 1.203e-13 1.205e-16 (from 5.606e-14)
80 (precision) 4.224e-14 1.205e-16 (from 5.606e-14)
81 (precision) 2.908e-14 1.205e-16 (from 5.606e-14)
82 (precision) 1.548e-12 1.205e-16 (from 5.606e-14)
83 (precision) 4.292e-13 1.205e-16 (from 5.606e-14)
84 (precision) 1.222e-13 1.205e-16 (from 5.606e-14)
85 (precision) 3.535e-14 1.205e-16 (from 5.606e-14)
86 (precision) 1.439e-14 1.205e-16 (from 5.606e-14)
87 (precision) 8.838e-15 1.205e-16 (from 5.606e-14)
88 (precision) 2.822e-15 1.205e-16 (from 5.606e-14)
89 (precision) 1.579e-15 1.205e-16 (from 5.606e-14)
90 (precision) 6.670e-16 1.205e-16 (from 5.606e-14)
91 (precision) 7.295e-16 1.205e-16 (from 5.606e-14)
92 (precision) 1.487e-15 1.205e-16 (from 5.606e-14)
93 (precision) 2.394e-15 1.205e-16 (from 5.606e-14)
94 (precision) 6.246e-15 1.205e-16 (from 5.606e-14)
95 (precision) 1.512e-15 1.205e-16 (from 5.606e-14)
96 (precision) 3.330e-15 1.205e-16 (from 5.606e-14)
97 (precision) 2.323e-15 1.205e-16 (from 5.606e-14)
98 (precision) 4.355e-15 1.205e-16 (from 5.606e-14)
99 (precision) 7.950e-14 1.205e-16 (from 5.606e-14)
100 (precision) 2.073e-14 1.205e-16 (from 5.606e-14)

x: -2.501e-01  5.000e-01 -2.499e-01 -3.209e-01 -5.000e-01 -3.211e-01  4.925e-01 -5.000e-01  4.925e-01 -1.716e-01 -5.000e-01 -1.714e-01 -4.330e-01 -5.242e-08 -4.331e-01  3.835e-01  5.223e-08  3.833e-01  8.620e-02  5.024e-08  8.635e-02 -4.696e-01 -1.778e-08 -4.697e-01 -1.715e-01 -4.697e-01 -3.210e-01  3.834e-01  4.925e-01  8.628e-02  2.500e-01 -4.330e-01  2.500e-01  4.330e-01  2.500e-01 -4.330e-01  3.786e-09

grad:  1.439e-21 -8.082e-22  1.159e-21  1.829e-21  1.043e-21  1.748e-21 -1.682e-21  2.709e-22 -1.639e-21  1.268e-21  6.507e-22  1.217e-21  2.497e-21  2.833e-23  2.003e-21 -2.182e-21 -5.039e-23 -2.090e-21 -2.958e-22 -8.368e-23 -2.864e-22  3.476e-21  1.618e-22  3.324e-21 -1.654e-22 -4.536e-22 -1.853e-22  2.209e-22  1.004e-21  1.758e-22 -3.061e-22 -5.301e-22 -6.444e-22  1.117e-21 -4.404e-22 -7.619e-22  2.073e-14

finished in 159 iterations (0.035 seconds total)
max viol = 1.65e-09

---------------------
Result:
---------------------

{(1,0), (0,0), (0,0), (0,0)}, {(0,0), (1,0), (0,0), (0,0)}, {(0,0), (0,0), (1,0), (0,0)}, {}


{(0.5,0), (0.5,0), (0.5,0), (0.5,0)}, {}, {}, {}


{(0.5,0), (-0.25,-0.433), (0.5,-5.24e-08), (-0.25,-0.433)}, {}, {}, {}


{(0.5,0), (-0.321,0.383), (-0.5,5.22e-08), (-0.321,0.383)}, {}, {}, {}


{(0.5,0), (0.493,0.0862), (-0.5,5.02e-08), (0.492,0.0864)}, {}, {}, {}


{(0.5,0), (-0.172,-0.47), (-0.5,-1.78e-08), (-0.171,-0.47)}, {}, {}, {}

---------------------
Abs of Gram matrix:
---------------------

 { { +1.0000, +0.0000, +0.0000, +0.0000, +0.5000, +0.0000, +0.0000, +0.0000, +0.5000, +0.0000, +0.0000, +0.0000, +0.5000, +0.0000, +0.0000, +0.0000, +0.5000, +0.0000, +0.0000, +0.0000, +0.5000, +0.0000, +0.0000, +0.0000}, 
   { +0.0000, +1.0000, +0.0000, +0.0000, +0.5000, +0.0000, +0.0000, +0.0000, +0.5000, +0.0000, +0.0000, +0.0000, +0.5000, +0.0000, +0.0000, +0.0000, +0.5000, +0.0000, +0.0000, +0.0000, +0.5000, +0.0000, +0.0000, +0.0000}, 
   { +0.0000, +0.0000, +1.0000, +0.0000, +0.5000, +0.0000, +0.0000, +0.0000, +0.5000, +0.0000, +0.0000, +0.0000, +0.5000, +0.0000, +0.0000, +0.0000, +0.5000, +0.0000, +0.0000, +0.0000, +0.5000, +0.0000, +0.0000, +0.0000}, 
   { +0.0000, +0.0000, +0.0000, +0.0000, +0.0000, +0.0000, +0.0000, +0.0000, +0.0000, +0.0000, +0.0000, +0.0000, +0.0000, +0.0000, +0.0000, +0.0000, +0.0000, +0.0000, +0.0000, +0.0000, +0.0000, +0.0000, +0.0000, +0.0000}, 
   { +0.5000, +0.5000, +0.5000, +0.0000, +1.0000, +0.0000, +0.0000, +0.0000, +0.5000, +0.0000, +0.0000, +0.0000, +0.5000, +0.0000, +0.0000, +0.0000, +0.5000, +0.0000, +0.0000, +0.0000, +0.5000, +0.0000, +0.0000, +0.0000}, 
   { +0.0000, +0.0000, +0.0000, +0.0000, +0.0000, +0.0000, +0.0000, +0.0000, +0.0000, +0.0000, +0.0000, +0.0000, +0.0000, +0.0000, +0.0000, +0.0000, +0.0000, +0.0000, +0.0000, +0.0000, +0.0000, +0.0000, +0.0000, +0.0000}, 
   { +0.0000, +0.0000, +0.0000, +0.0000, +0.0000, +0.0000, +0.0000, +0.0000, +0.0000, +0.0000, +0.0000, +0.0000, +0.0000, +0.0000, +0.0000, +0.0000, +0.0000, +0.0000, +0.0000, +0.0000, +0.0000, +0.0000, +0.0000, +0.0000}, 
   { +0.0000, +0.0000, +0.0000, +0.0000, +0.0000, +0.0000, +0.0000, +0.0000, +0.0000, +0.0000, +0.0000, +0.0000, +0.0000, +0.0000, +0.0000, +0.0000, +0.0000, +0.0000, +0.0000, +0.0000, +0.0000, +0.0000, +0.0000, +0.0000}, 
   { +0.5000, +0.5000, +0.5000, +0.0000, +0.5000, +0.0000, +0.0000, +0.0000, +1.0000, +0.0000, +0.0000, +0.0000, +0.5000, +0.0000, +0.0000, +0.0000, +0.5000, +0.0000, +0.0000, +0.0000, +0.5000, +0.0000, +0.0000, +0.0000}, 
   { +0.0000, +0.0000, +0.0000, +0.0000, +0.0000, +0.0000, +0.0000, +0.0000, +0.0000, +0.0000, +0.0000, +0.0000, +0.0000, +0.0000, +0.0000, +0.0000, +0.0000, +0.0000, +0.0000, +0.0000, +0.0000, +0.0000, +0.0000, +0.0000}, 
   { +0.0000, +0.0000, +0.0000, +0.0000, +0.0000, +0.0000, +0.0000, +0.0000, +0.0000, +0.0000, +0.0000, +0.0000, +0.0000, +0.0000, +0.0000, +0.0000, +0.0000, +0.0000, +0.0000, +0.0000, +0.0000, +0.0000, +0.0000, +0.0000}, 
   { +0.0000, +0.0000, +0.0000, +0.0000, +0.0000, +0.0000, +0.0000, +0.0000, +0.0000, +0.0000, +0.0000, +0.0000, +0.0000, +0.0000, +0.0000, +0.0000, +0.0000, +0.0000, +0.0000, +0.0000, +0.0000, +0.0000, +0.0000, +0.0000}, 
   { +0.5000, +0.5000, +0.5000, +0.0000, +0.5000, +0.0000, +0.0000, +0.0000, +0.5000, +0.0000, +0.0000, +0.0000, +1.0000, +0.0000, +0.0000, +0.0000, +0.5000, +0.0000, +0.0000, +0.0000, +0.5000, +0.0000, +0.0000, +0.0000}, 
   { +0.0000, +0.0000, +0.0000, +0.0000, +0.0000, +0.0000, +0.0000, +0.0000, +0.0000, +0.0000, +0.0000, +0.0000, +0.0000, +0.0000, +0.0000, +0.0000, +0.0000, +0.0000, +0.0000, +0.0000, +0.0000, +0.0000, +0.0000, +0.0000}, 
   { +0.0000, +0.0000, +0.0000, +0.0000, +0.0000, +0.0000, +0.0000, +0.0000, +0.0000, +0.0000, +0.0000, +0.0000, +0.0000, +0.0000, +0.0000, +0.0000, +0.0000, +0.0000, +0.0000, +0.0000, +0.0000, +0.0000, +0.0000, +0.0000}, 
   { +0.0000, +0.0000, +0.0000, +0.0000, +0.0000, +0.0000, +0.0000, +0.0000, +0.0000, +0.0000, +0.0000, +0.0000, +0.0000, +0.0000, +0.0000, +0.0000, +0.0000, +0.0000, +0.0000, +0.0000, +0.0000, +0.0000, +0.0000, +0.0000}, 
   { +0.5000, +0.5000, +0.5000, +0.0000, +0.5000, +0.0000, +0.0000, +0.0000, +0.5000, +0.0000, +0.0000, +0.0000, +0.5000, +0.0000, +0.0000, +0.0000, +1.0000, +0.0000, +0.0000, +0.0000, +0.5000, +0.0000, +0.0000, +0.0000}, 
   { +0.0000, +0.0000, +0.0000, +0.0000, +0.0000, +0.0000, +0.0000, +0.0000, +0.0000, +0.0000, +0.0000, +0.0000, +0.0000, +0.0000, +0.0000, +0.0000, +0.0000, +0.0000, +0.0000, +0.0000, +0.0000, +0.0000, +0.0000, +0.0000}, 
   { +0.0000, +0.0000, +0.0000, +0.0000, +0.0000, +0.0000, +0.0000, +0.0000, +0.0000, +0.0000, +0.0000, +0.0000, +0.0000, +0.0000, +0.0000, +0.0000, +0.0000, +0.0000, +0.0000, +0.0000, +0.0000, +0.0000, +0.0000, +0.0000}, 
   { +0.0000, +0.0000, +0.0000, +0.0000, +0.0000, +0.0000, +0.0000, +0.0000, +0.0000, +0.0000, +0.0000, +0.0000, +0.0000, +0.0000, +0.0000, +0.0000, +0.0000, +0.0000, +0.0000, +0.0000, +0.0000, +0.0000, +0.0000, +0.0000}, 
   { +0.5000, +0.5000, +0.5000, +0.0000, +0.5000, +0.0000, +0.0000, +0.0000, +0.5000, +0.0000, +0.0000, +0.0000, +0.5000, +0.0000, +0.0000, +0.0000, +0.5000, +0.0000, +0.0000, +0.0000, +1.0000, +0.0000, +0.0000, +0.0000}, 
   { +0.0000, +0.0000, +0.0000, +0.0000, +0.0000, +0.0000, +0.0000, +0.0000, +0.0000, +0.0000, +0.0000, +0.0000, +0.0000, +0.0000, +0.0000, +0.0000, +0.0000, +0.0000, +0.0000, +0.0000, +0.0000, +0.0000, +0.0000, +0.0000}, 
   { +0.0000, +0.0000, +0.0000, +0.0000, +0.0000, +0.0000, +0.0000, +0.0000, +0.0000, +0.0000, +0.0000, +0.0000, +0.0000, +0.0000, +0.0000, +0.0000, +0.0000, +0.0000, +0.0000, +0.0000, +0.0000, +0.0000, +0.0000, +0.0000}, 
   { +0.0000, +0.0000, +0.0000, +0.0000, +0.0000, +0.0000, +0.0000, +0.0000, +0.0000, +0.0000, +0.0000, +0.0000, +0.0000, +0.0000, +0.0000, +0.0000, +0.0000, +0.0000, +0.0000, +0.0000, +0.0000, +0.0000, +0.0000, +0.0000} } 
