---------------------
Basis Indices:
---------------------

{1, 0, 0, 0}, {1, 0, 0, 0}, {1, 0, 0, 0}, {1, 0, 0, 0}


{0.5, 0.5, 0.5, 0.5}, {0.5, x_21+i*x_101, x_22+i*x_102, x_23+i*x_103}, {0.5, x_25+i*x_105, x_26+i*x_106, x_27+i*x_107}, {0.5, x_29+i*x_109, x_30+i*x_110, x_31+i*x_111}


{0.5, x_33+i*x_113, x_34+i*x_114, x_35+i*x_115}, {0.5, x_37+i*x_117, x_38+i*x_118, x_39+i*x_119}, {0.5, x_41+i*x_121, x_42+i*x_122, x_43+i*x_123}, {0.5, x_45+i*x_125, x_46+i*x_126, x_47+i*x_127}


{0.5, x_49+i*x_129, x_50+i*x_130, x_51+i*x_131}, {0.5, x_53+i*x_133, x_54+i*x_134, x_55+i*x_135}, {0.5, x_57+i*x_137, x_58+i*x_138, x_59+i*x_139}, {0.5, x_61+i*x_141, x_62+i*x_142, x_63+i*x_143}


{0.5, x_65+i*x_145, x_66+i*x_146, x_67+i*x_147}, {0.5, x_69+i*x_149, x_70+i*x_150, x_71+i*x_151}, {0.5, x_73+i*x_153, x_74+i*x_154, x_75+i*x_155}, {0.5, x_77+i*x_157, x_78+i*x_158, x_79+i*x_159}

---------------------
Problem: 
---------------------
Find a point satisfying:

0.25*{} + 1*{  21  25} + 1*{ 101 105} + 1*{  22  26} + 1*{  23  27} + 1*{ 102 106} + 1*{ 103 107} = 0 

-1*{  27 103} + 1*{  23 107} + 1*{  21 105} + 1*{  22 106} + -1*{  25 101} + -1*{  26 102} = 0 

0.25*{} + 1*{  21  29} + 1*{  22  30} + 1*{ 103 111} + 1*{ 101 109} + 1*{ 102 110} + 1*{  23  31} = 0 

1*{  21 109} + -1*{  30 102} + -1*{  29 101} + 1*{  22 110} + 1*{  23 111} + -1*{  31 103} = 0 

-0.25*{} + 1*{ 161 161} + 1*{ 160 160} = 0 

1*{ 103 115} + 1*{ 102 114} + -1*{ 160} + 1*{  22  34} + 1*{  23  35} + 1*{ 101 113} + 1*{  21  33} + 0.25*{} = 0 

-1*{  35 103} + 1*{  23 115} + 1*{  22 114} + -1*{ 161} + -1*{  33 101} + -1*{  34 102} + 1*{  21 113} = 0 

-0.25*{} + 1*{ 163 163} + 1*{ 162 162} = 0 

1*{ 102 118} + -1*{ 162} + 1*{ 103 119} + 1*{  22  38} + 1*{  23  39} + 1*{ 101 117} + 1*{  21  37} + 0.25*{} = 0 

1*{  23 119} + -1*{  39 103} + 1*{  22 118} + 1*{  21 117} + -1*{  38 102} + -1*{  37 101} + -1*{ 163} = 0 

-0.25*{} + 1*{ 165 165} + 1*{ 164 164} = 0 

1*{ 103 123} + 1*{  23  43} + 1*{ 101 121} + 1*{  22  42} + -1*{ 164} + 1*{ 102 122} + 1*{  21  41} + 0.25*{} = 0 

1*{  21 121} + 1*{  23 123} + -1*{  41 101} + 1*{  22 122} + -1*{  43 103} + -1*{  42 102} + -1*{ 165} = 0 

-0.25*{} + 1*{ 167 167} + 1*{ 166 166} = 0 

1*{  23  47} + 1*{ 103 127} + -1*{ 166} + 1*{ 102 126} + 1*{ 101 125} + 1*{  21  45} + 0.25*{} + 1*{  22  46} = 0 

-1*{  47 103} + 1*{  22 126} + 1*{  21 125} + -1*{  45 101} + 1*{  23 127} + -1*{  46 102} + -1*{ 167} = 0 

1*{ 169 169} + -0.25*{} + 1*{ 168 168} = 0 

1*{ 103 131} + 1*{  23  51} + 1*{ 102 130} + 1*{  22  50} + 1*{ 101 129} + 1*{  21  49} + 0.25*{} + -1*{ 168} = 0 

-1*{  51 103} + -1*{  50 102} + -1*{  49 101} + 1*{  21 129} + 1*{  22 130} + 1*{  23 131} + -1*{ 169} = 0 

-0.25*{} + 1*{ 171 171} + 1*{ 170 170} = 0 

1*{  23  55} + 0.25*{} + 1*{ 101 133} + 1*{ 102 134} + 1*{  22  54} + 1*{  21  53} + 1*{ 103 135} + -1*{ 170} = 0 

1*{  22 134} + 1*{  21 133} + -1*{  55 103} + 1*{  23 135} + -1*{  54 102} + -1*{  53 101} + -1*{ 171} = 0 

-0.25*{} + 1*{ 173 173} + 1*{ 172 172} = 0 

1*{ 103 139} + 1*{ 102 138} + 1*{  22  58} + 1*{ 101 137} + 1*{  23  59} + 0.25*{} + 1*{  21  57} + -1*{ 172} = 0 

-1*{  59 103} + 1*{  23 139} + -1*{  58 102} + 1*{  22 138} + -1*{  57 101} + 1*{  21 137} + -1*{ 173} = 0 

-0.25*{} + 1*{ 175 175} + 1*{ 174 174} = 0 

1*{ 103 143} + 1*{ 102 142} + 1*{  23  63} + 1*{  21  61} + 1*{  22  62} + 0.25*{} + 1*{ 101 141} + -1*{ 174} = 0 

1*{  23 143} + -1*{  63 103} + -1*{  62 102} + 1*{  22 142} + 1*{  21 141} + -1*{  61 101} + -1*{ 175} = 0 

-0.25*{} + 1*{ 177 177} + 1*{ 176 176} = 0 

1*{ 103 147} + 1*{ 102 146} + 1*{  22  66} + 1*{  23  67} + 1*{ 101 145} + 0.25*{} + 1*{  21  65} + -1*{ 176} = 0 

1*{  23 147} + -1*{  65 101} + 1*{  21 145} + -1*{  67 103} + -1*{  66 102} + 1*{  22 146} + -1*{ 177} = 0 

-0.25*{} + 1*{ 179 179} + 1*{ 178 178} = 0 

1*{ 103 151} + 1*{  23  71} + 0.25*{} + 1*{  22  70} + 1*{ 102 150} + 1*{ 101 149} + -1*{ 178} + 1*{  21  69} = 0 

-1*{  70 102} + -1*{  71 103} + -1*{  69 101} + 1*{  23 151} + 1*{  22 150} + 1*{  21 149} + -1*{ 179} = 0 

-0.25*{} + 1*{ 181 181} + 1*{ 180 180} = 0 

0.25*{} + 1*{  23  75} + 1*{ 103 155} + -1*{ 180} + 1*{ 102 154} + 1*{  22  74} + 1*{ 101 153} + 1*{  21  73} = 0 

-1*{  74 102} + 1*{  22 154} + -1*{  73 101} + -1*{  75 103} + -1*{ 181} + 1*{  23 155} + 1*{  21 153} = 0 

-0.25*{} + 1*{ 183 183} + 1*{ 182 182} = 0 

1*{ 102 158} + 1*{  22  78} + 1*{  23  79} + 1*{ 101 157} + 1*{  21  77} + -1*{ 182} + 0.25*{} + 1*{ 103 159} = 0 

1*{  23 159} + -1*{  78 102} + -1*{  77 101} + -1*{  79 103} + 1*{  21 157} + 1*{  22 158} + -1*{ 183} = 0 

-0.25*{} + 1*{ 101 101} + 1*{  21  21} = 0 

-0.25*{} + 1*{ 102 102} + 1*{  22  22} = 0 

-0.25*{} + 1*{ 103 103} + 1*{  23  23} = 0 

0.25*{  22  22} + 0.25*{  23  23} + 0.5*{  21  22} + 0.25*{ 102 102} + 0.5*{ 102 103} + 0.25*{ 101 101} + 0.5*{ 101 102} + 0.5*{  22  23} + 0.25*{  22} + 0.25*{  23} + 0.25*{ 103 103} + 0.25*{  21} + 0.5*{ 101 103} + 0.0625*{} + 0.25*{  21  21} + 0.5*{  21  23} = 0 

0.25*{} + 1*{  25  29} + 1*{ 105 109} + 1*{  26  30} + 1*{ 106 110} + 1*{ 107 111} + 1*{  27  31} = 0 

1*{  27 111} + 1*{  26 110} + 1*{  25 109} + -1*{  29 105} + -1*{  31 107} + -1*{  30 106} = 0 

-0.25*{} + 1*{ 185 185} + 1*{ 184 184} = 0 

1*{  26  34} + 1*{ 106 114} + 1*{ 105 113} + 0.25*{} + 1*{ 107 115} + 1*{  27  35} + 1*{  25  33} + -1*{ 184} = 0 

-1*{  34 106} + -1*{  35 107} + 1*{  26 114} + -1*{ 185} + -1*{  33 105} + 1*{  25 113} + 1*{  27 115} = 0 

-0.25*{} + 1*{ 187 187} + 1*{ 186 186} = 0 

1*{  27  39} + 1*{ 107 119} + 1*{ 106 118} + 1*{ 105 117} + 1*{  25  37} + 1*{  26  38} + 0.25*{} + -1*{ 186} = 0 

-1*{ 187} + 1*{  26 118} + -1*{  37 105} + -1*{  39 107} + 1*{  27 119} + 1*{  25 117} + -1*{  38 106} = 0 

-0.25*{} + 1*{ 189 189} + 1*{ 188 188} = 0 

1*{ 107 123} + 1*{ 106 122} + 1*{  26  42} + 1*{  27  43} + 0.25*{} + -1*{ 188} + 1*{ 105 121} + 1*{  25  41} = 0 

-1*{  42 106} + 1*{  27 123} + 1*{  26 122} + -1*{  41 105} + 1*{  25 121} + -1*{  43 107} + -1*{ 189} = 0 

-0.25*{} + 1*{ 191 191} + 1*{ 190 190} = 0 

1*{ 106 126} + 1*{ 107 127} + 1*{ 105 125} + 1*{  27  47} + 1*{  25  45} + 0.25*{} + 1*{  26  46} + -1*{ 190} = 0 

-1*{  46 106} + 1*{  25 125} + -1*{  45 105} + -1*{  47 107} + 1*{  27 127} + 1*{  26 126} + -1*{ 191} = 0 

-0.25*{} + 1*{ 193 193} + 1*{ 192 192} = 0 

1*{  26  50} + 1*{ 107 131} + 1*{  27  51} + -1*{ 192} + 1*{ 105 129} + 1*{ 106 130} + 1*{  25  49} + 0.25*{} = 0 

-1*{  49 105} + -1*{  50 106} + 1*{  25 129} + -1*{  51 107} + 1*{  27 131} + 1*{  26 130} + -1*{ 193} = 0 

-0.25*{} + 1*{ 195 195} + 1*{ 194 194} = 0 

1*{ 107 135} + 1*{  27  55} + 1*{ 106 134} + 1*{ 105 133} + 1*{  25  53} + 1*{  26  54} + 0.25*{} + -1*{ 194} = 0 

-1*{  55 107} + 1*{  27 135} + 1*{  26 134} + -1*{  53 105} + -1*{  54 106} + -1*{ 195} + 1*{  25 133} = 0 

-0.25*{} + 1*{ 197 197} + 1*{ 196 196} = 0 

1*{  27  59} + 1*{  26  58} + 1*{ 106 138} + 1*{ 105 137} + 1*{ 107 139} + 1*{  25  57} + 0.25*{} + -1*{ 196} = 0 

1*{  26 138} + -1*{  58 106} + 1*{  25 137} + 1*{  27 139} + -1*{ 197} + -1*{  59 107} + -1*{  57 105} = 0 

-0.25*{} + 1*{ 199 199} + 1*{ 198 198} = 0 

1*{  27  63} + 1*{  25  61} + 1*{ 106 142} + 1*{ 107 143} + 1*{  26  62} + 1*{ 105 141} + 0.25*{} + -1*{ 198} = 0 

-1*{  63 107} + 1*{  27 143} + -1*{  62 106} + -1*{  61 105} + 1*{  25 141} + 1*{  26 142} + -1*{ 199} = 0 

-0.25*{} + 1*{ 201 201} + 1*{ 200 200} = 0 

1*{ 107 147} + 1*{ 106 146} + 1*{  26  66} + 1*{ 105 145} + 1*{  25  65} + 1*{  27  67} + 0.25*{} + -1*{ 200} = 0 

-1*{  67 107} + 1*{  27 147} + 1*{  26 146} + -1*{  65 105} + -1*{  66 106} + 1*{  25 145} + -1*{ 201} = 0 

-0.25*{} + 1*{ 203 203} + 1*{ 202 202} = 0 

1*{  25  69} + 1*{  27  71} + 1*{ 106 150} + -1*{ 202} + 1*{ 107 151} + 1*{  26  70} + 0.25*{} + 1*{ 105 149} = 0 

1*{  27 151} + 1*{  26 150} + -1*{  70 106} + -1*{  71 107} + -1*{  69 105} + 1*{  25 149} + -1*{ 203} = 0 

-0.25*{} + 1*{ 205 205} + 1*{ 204 204} = 0 

1*{ 106 154} + 1*{  26  74} + 1*{ 107 155} + 1*{ 105 153} + 1*{  25  73} + 0.25*{} + 1*{  27  75} + -1*{ 204} = 0 

-1*{  75 107} + 1*{  26 154} + -1*{  74 106} + 1*{  25 153} + -1*{  73 105} + 1*{  27 155} + -1*{ 205} = 0 

-0.25*{} + 1*{ 207 207} + 1*{ 206 206} = 0 

1*{ 105 157} + 1*{ 106 158} + 1*{  26  78} + 1*{  27  79} + 0.25*{} + 1*{ 107 159} + 1*{  25  77} + -1*{ 206} = 0 

-1*{  78 106} + -1*{  79 107} + 1*{  26 158} + 1*{  25 157} + 1*{  27 159} + -1*{  77 105} + -1*{ 207} = 0 

-0.25*{} + 1*{ 105 105} + 1*{  25  25} = 0 

-0.25*{} + 1*{ 106 106} + 1*{  26  26} = 0 

-0.25*{} + 1*{ 107 107} + 1*{  27  27} = 0 

0.5*{  25  26} + 0.5*{  26  27} + 0.25*{ 105 105} + 0.25*{ 106 106} + 0.25*{  26} + 0.5*{ 106 107} + 0.5*{ 105 106} + 0.25*{  25  25} + 0.25*{  27  27} + 0.5*{ 105 107} + 0.25*{  27} + 0.25*{ 107 107} + 0.5*{  25  27} + 0.25*{  25} + 0.0625*{} + 0.25*{  26  26} = 0 

1*{ 209 209} + -0.25*{} + 1*{ 208 208} = 0 

1*{ 110 114} + 1*{  30  34} + 1*{ 111 115} + 1*{  29  33} + 1*{  31  35} + 1*{ 109 113} + 0.25*{} + -1*{ 208} = 0 

1*{  31 115} + -1*{  34 110} + 1*{  30 114} + -1*{  33 109} + -1*{  35 111} + 1*{  29 113} + -1*{ 209} = 0 

-0.25*{} + 1*{ 211 211} + 1*{ 210 210} = 0 

1*{ 111 119} + 1*{  31  39} + 1*{  30  38} + 1*{ 110 118} + 1*{  29  37} + 1*{ 109 117} + 0.25*{} + -1*{ 210} = 0 

1*{  31 119} + -1*{  38 110} + 1*{  30 118} + -1*{  37 109} + 1*{  29 117} + -1*{  39 111} + -1*{ 211} = 0 

-0.25*{} + 1*{ 213 213} + 1*{ 212 212} = 0 

1*{  29  41} + 1*{ 111 123} + -1*{ 212} + 1*{ 110 122} + 1*{  30  42} + 1*{  31  43} + 1*{ 109 121} + 0.25*{} = 0 

-1*{  43 111} + -1*{  42 110} + 1*{  30 122} + 1*{  31 123} + -1*{  41 109} + 1*{  29 121} + -1*{ 213} = 0 

-0.25*{} + 1*{ 215 215} + 1*{ 214 214} = 0 

1*{  31  47} + 1*{  30  46} + 1*{  29  45} + 1*{ 109 125} + 1*{ 110 126} + 0.25*{} + 1*{ 111 127} + -1*{ 214} = 0 

1*{  31 127} + 1*{  30 126} + -1*{  45 109} + -1*{  47 111} + -1*{  46 110} + 1*{  29 125} + -1*{ 215} = 0 

-0.25*{} + 1*{ 217 217} + 1*{ 216 216} = 0 

1*{ 110 130} + 0.25*{} + 1*{  31  51} + 1*{ 111 131} + 1*{  30  50} + -1*{ 216} + 1*{ 109 129} + 1*{  29  49} = 0 

1*{  31 131} + 1*{  30 130} + -1*{  51 111} + -1*{  50 110} + -1*{  49 109} + 1*{  29 129} + -1*{ 217} = 0 

-0.25*{} + 1*{ 219 219} + 1*{ 218 218} = 0 

1*{  31  55} + -1*{ 218} + 1*{ 110 134} + 1*{  30  54} + 1*{ 109 133} + 1*{ 111 135} + 1*{  29  53} + 0.25*{} = 0 

1*{  31 135} + -1*{  54 110} + 1*{  30 134} + -1*{  55 111} + 1*{  29 133} + -1*{  53 109} + -1*{ 219} = 0 

-0.25*{} + 1*{ 221 221} + 1*{ 220 220} = 0 

1*{ 111 139} + 1*{  31  59} + 1*{ 110 138} + 1*{  30  58} + 1*{ 109 137} + 0.25*{} + 1*{  29  57} + -1*{ 220} = 0 

-1*{  57 109} + -1*{  59 111} + 1*{  30 138} + -1*{  58 110} + 1*{  29 137} + 1*{  31 139} + -1*{ 221} = 0 

-0.25*{} + 1*{ 223 223} + 1*{ 222 222} = 0 

1*{ 111 143} + 1*{ 110 142} + -1*{ 222} + 1*{  31  63} + 1*{  30  62} + 1*{  29  61} + 1*{ 109 141} + 0.25*{} = 0 

-1*{  62 110} + 1*{  30 142} + -1*{  63 111} + -1*{  61 109} + 1*{  29 141} + 1*{  31 143} + -1*{ 223} = 0 

-0.25*{} + 1*{ 225 225} + 1*{ 224 224} = 0 

1*{ 111 147} + 1*{  31  67} + 1*{ 109 145} + 1*{ 110 146} + 1*{  30  66} + 1*{  29  65} + 0.25*{} + -1*{ 224} = 0 

-1*{  67 111} + 1*{  31 147} + -1*{  66 110} + 1*{  30 146} + 1*{  29 145} + -1*{  65 109} + -1*{ 225} = 0 

-0.25*{} + 1*{ 227 227} + 1*{ 226 226} = 0 

0.25*{} + 1*{ 110 150} + 1*{  30  70} + 1*{ 111 151} + 1*{ 109 149} + 1*{  29  69} + 1*{  31  71} + -1*{ 226} = 0 

-1*{  71 111} + 1*{  30 150} + -1*{  69 109} + 1*{  31 151} + -1*{  70 110} + -1*{ 227} + 1*{  29 149} = 0 

-0.25*{} + 1*{ 229 229} + 1*{ 228 228} = 0 

1*{  30  74} + 1*{ 111 155} + 1*{ 109 153} + 1*{  29  73} + 1*{ 110 154} + 0.25*{} + 1*{  31  75} + -1*{ 228} = 0 

-1*{  75 111} + 1*{  31 155} + -1*{  74 110} + -1*{  73 109} + 1*{  30 154} + 1*{  29 153} + -1*{ 229} = 0 

1*{ 231 231} + -0.25*{} + 1*{ 230 230} = 0 

1*{  30  78} + 1*{ 111 159} + 1*{ 110 158} + 1*{  31  79} + 1*{  29  77} + 0.25*{} + 1*{ 109 157} + -1*{ 230} = 0 

-1*{  78 110} + 1*{  30 158} + 1*{  31 159} + -1*{  77 109} + -1*{ 231} + -1*{  79 111} + 1*{  29 157} = 0 

-0.25*{} + 1*{ 109 109} + 1*{  29  29} = 0 

-0.25*{} + 1*{ 110 110} + 1*{  30  30} = 0 

-0.25*{} + 1*{ 111 111} + 1*{  31  31} = 0 

0.25*{  29  29} + 0.5*{  29  30} + 0.5*{  29  31} + 0.25*{ 111 111} + 0.5*{ 110 111} + 0.25*{  30  30} + 0.5*{  30  31} + 0.0625*{} + 0.25*{ 109 109} + 0.5*{ 109 111} + 0.25*{  31  31} + 0.25*{  31} + 0.25*{ 110 110} + 0.25*{  30} + 0.5*{ 109 110} + 0.25*{  29} = 0 

0.25*{} + 1*{  33  37} + 1*{ 113 117} + 1*{  34  38} + 1*{ 114 118} + 1*{ 115 119} + 1*{  35  39} = 0 

-1*{  39 115} + 1*{  33 117} + 1*{  34 118} + -1*{  37 113} + -1*{  38 114} + 1*{  35 119} = 0 

0.25*{} + 1*{  33  41} + 1*{ 114 122} + 1*{ 113 121} + 1*{ 115 123} + 1*{  34  42} + 1*{  35  43} = 0 

1*{  35 123} + 1*{  33 121} + -1*{  41 113} + -1*{  42 114} + 1*{  34 122} + -1*{  43 115} = 0 

0.25*{} + 1*{ 114 126} + 1*{  33  45} + 1*{  34  46} + 1*{ 113 125} + 1*{  35  47} + 1*{ 115 127} = 0 

1*{  34 126} + 1*{  33 125} + -1*{  45 113} + -1*{  46 114} + 1*{  35 127} + -1*{  47 115} = 0 

-0.25*{} + 1*{ 233 233} + 1*{ 232 232} = 0 

1*{  35  51} + 1*{ 113 129} + 1*{ 115 131} + 1*{  34  50} + 1*{ 114 130} + 1*{  33  49} + 0.25*{} + -1*{ 232} = 0 

-1*{  50 114} + 1*{  35 131} + -1*{  49 113} + 1*{  34 130} + 1*{  33 129} + -1*{  51 115} + -1*{ 233} = 0 

-0.25*{} + 1*{ 235 235} + 1*{ 234 234} = 0 

1*{ 115 135} + 1*{  35  55} + 1*{ 114 134} + 1*{  34  54} + 1*{ 113 133} + 1*{  33  53} + 0.25*{} + -1*{ 234} = 0 

1*{  35 135} + -1*{  54 114} + -1*{ 235} + 1*{  34 134} + 1*{  33 133} + -1*{  53 113} + -1*{  55 115} = 0 

-0.25*{} + 1*{ 237 237} + 1*{ 236 236} = 0 

1*{ 115 139} + 1*{  33  57} + 1*{  35  59} + 1*{ 114 138} + 1*{ 113 137} + -1*{ 236} + 1*{  34  58} + 0.25*{} = 0 

-1*{  59 115} + 1*{  35 139} + -1*{  58 114} + -1*{ 237} + 1*{  34 138} + -1*{  57 113} + 1*{  33 137} = 0 

-0.25*{} + 1*{ 239 239} + 1*{ 238 238} = 0 

-1*{ 238} + 1*{  35  63} + 1*{ 114 142} + 1*{  34  62} + 1*{ 113 141} + 1*{  33  61} + 1*{ 115 143} + 0.25*{} = 0 

1*{  35 143} + -1*{  63 115} + -1*{  62 114} + -1*{  61 113} + 1*{  33 141} + 1*{  34 142} + -1*{ 239} = 0 

-0.25*{} + 1*{ 241 241} + 1*{ 240 240} = 0 

0.25*{} + 1*{ 113 145} + 1*{  35  67} + 1*{ 114 146} + 1*{  34  66} + 1*{  33  65} + 1*{ 115 147} + -1*{ 240} = 0 

1*{  35 147} + -1*{  67 115} + 1*{  33 145} + -1*{  66 114} + 1*{  34 146} + -1*{  65 113} + -1*{ 241} = 0 

-0.25*{} + 1*{ 243 243} + 1*{ 242 242} = 0 

1*{ 114 150} + 1*{  33  69} + 1*{ 115 151} + -1*{ 242} + 1*{ 113 149} + 1*{  35  71} + 1*{  34  70} + 0.25*{} = 0 

-1*{  70 114} + -1*{  69 113} + 1*{  35 151} + 1*{  33 149} + -1*{  71 115} + 1*{  34 150} + -1*{ 243} = 0 

-0.25*{} + 1*{ 245 245} + 1*{ 244 244} = 0 

1*{  35  75} + 1*{ 114 154} + 1*{ 115 155} + 1*{  34  74} + 1*{ 113 153} + -1*{ 244} + 1*{  33  73} + 0.25*{} = 0 

1*{  34 154} + 1*{  35 155} + 1*{  33 153} + -1*{  75 115} + -1*{  74 114} + -1*{  73 113} + -1*{ 245} = 0 

-0.25*{} + 1*{ 247 247} + 1*{ 246 246} = 0 

1*{ 115 159} + 1*{ 114 158} + -1*{ 246} + 1*{  34  78} + 1*{  35  79} + 1*{ 113 157} + 1*{  33  77} + 0.25*{} = 0 

-1*{  78 114} + -1*{  77 113} + -1*{  79 115} + 1*{  34 158} + 1*{  35 159} + 1*{  33 157} + -1*{ 247} = 0 

1*{ 113 113} + -0.25*{} + 1*{  33  33} = 0 

-0.25*{} + 1*{ 114 114} + 1*{  34  34} = 0 

-0.25*{} + 1*{ 115 115} + 1*{  35  35} = 0 

0.25*{ 113 113} + 0.25*{ 114 114} + 0.25*{ 115 115} + 0.25*{  35  35} + 0.25*{  33  33} + -0.1875*{} + 0.5*{  33  35} + 0.5*{  34  35} + 0.25*{  35} + 0.5*{ 113 115} + 0.5*{ 113 114} + 0.5*{  33  34} + 0.5*{ 114 115} + 0.25*{  34  34} + 0.25*{  34} + 0.25*{  33} = 0 

0.25*{} + 1*{  37  41} + 1*{ 117 121} + 1*{  38  42} + 1*{ 118 122} + 1*{  39  43} + 1*{ 119 123} = 0 

1*{  37 121} + -1*{  43 119} + -1*{  41 117} + 1*{  38 122} + -1*{  42 118} + 1*{  39 123} = 0 

0.25*{} + 1*{  37  45} + 1*{  39  47} + 1*{ 117 125} + 1*{ 118 126} + 1*{ 119 127} + 1*{  38  46} = 0 

1*{  37 125} + -1*{  45 117} + 1*{  38 126} + -1*{  46 118} + 1*{  39 127} + -1*{  47 119} = 0 

-0.25*{} + 1*{ 249 249} + 1*{ 248 248} = 0 

1*{ 119 131} + 1*{  39  51} + 1*{  38  50} + 1*{ 117 129} + 1*{  37  49} + 0.25*{} + 1*{ 118 130} + -1*{ 248} = 0 

1*{  39 131} + -1*{  50 118} + -1*{ 249} + -1*{  51 119} + 1*{  38 130} + -1*{  49 117} + 1*{  37 129} = 0 

-0.25*{} + 1*{ 251 251} + 1*{ 250 250} = 0 

1*{ 119 135} + 1*{ 118 134} + -1*{ 250} + 1*{  38  54} + 1*{  39  55} + 1*{ 117 133} + 1*{  37  53} + 0.25*{} = 0 

1*{  39 135} + -1*{  54 118} + 1*{  37 133} + -1*{  55 119} + 1*{  38 134} + -1*{  53 117} + -1*{ 251} = 0 

-0.25*{} + 1*{ 253 253} + 1*{ 252 252} = 0 

1*{  39  59} + 1*{  38  58} + 1*{ 118 138} + 1*{ 117 137} + 0.25*{} + 1*{ 119 139} + 1*{  37  57} + -1*{ 252} = 0 

-1*{  59 119} + 1*{  39 139} + 1*{  38 138} + 1*{  37 137} + -1*{  58 118} + -1*{  57 117} + -1*{ 253} = 0 

-0.25*{} + 1*{ 255 255} + 1*{ 254 254} = 0 

1*{  39  63} + 1*{ 119 143} + 1*{  38  62} + 1*{ 117 141} + 0.25*{} + 1*{ 118 142} + 1*{  37  61} + -1*{ 254} = 0 

-1*{  63 119} + 1*{  38 142} + 1*{  37 141} + -1*{  62 118} + 1*{  39 143} + -1*{  61 117} + -1*{ 255} = 0 

-0.25*{} + 1*{ 257 257} + 1*{ 256 256} = 0 

1*{ 118 146} + 1*{ 119 147} + 1*{  38  66} + 1*{  39  67} + 1*{ 117 145} + 1*{  37  65} + 0.25*{} + -1*{ 256} = 0 

-1*{  66 118} + 1*{  38 146} + -1*{  67 119} + -1*{  65 117} + 1*{  39 147} + -1*{ 257} + 1*{  37 145} = 0 

-0.25*{} + 1*{ 259 259} + 1*{ 258 258} = 0 

1*{ 119 151} + 1*{ 118 150} + 1*{  38  70} + 1*{  39  71} + 1*{ 117 149} + 1*{  37  69} + 0.25*{} + -1*{ 258} = 0 

1*{  39 151} + -1*{  70 118} + 1*{  37 149} + -1*{  69 117} + -1*{  71 119} + 1*{  38 150} + -1*{ 259} = 0 

-0.25*{} + 1*{ 261 261} + 1*{ 260 260} = 0 

1*{ 119 155} + 1*{  39  75} + 1*{ 118 154} + 1*{  38  74} + 0.25*{} + 1*{ 117 153} + 1*{  37  73} + -1*{ 260} = 0 

1*{  39 155} + -1*{  74 118} + -1*{  73 117} + 1*{  38 154} + -1*{  75 119} + 1*{  37 153} + -1*{ 261} = 0 

-0.25*{} + 1*{ 263 263} + 1*{ 262 262} = 0 

1*{  39  79} + 1*{ 118 158} + 1*{ 119 159} + 1*{  37  77} + 1*{  38  78} + 1*{ 117 157} + 0.25*{} + -1*{ 262} = 0 

-1*{  79 119} + -1*{  78 118} + 1*{  38 158} + -1*{  77 117} + 1*{  37 157} + 1*{  39 159} + -1*{ 263} = 0 

-0.25*{} + 1*{ 117 117} + 1*{  37  37} = 0 

1*{ 118 118} + -0.25*{} + 1*{  38  38} = 0 

-0.25*{} + 1*{ 119 119} + 1*{  39  39} = 0 

0.5*{  37  39} + -0.1875*{} + 0.25*{  39} + 0.25*{ 118 118} + 0.25*{  37} + 0.25*{ 117 117} + 0.5*{ 117 118} + 0.25*{  37  37} + 0.5*{ 117 119} + 0.5*{  38  39} + 0.5*{ 118 119} + 0.25*{  38  38} + 0.25*{  39  39} + 0.5*{  37  38} + 0.25*{  38} + 0.25*{ 119 119} = 0 

0.25*{} + 1*{  43  47} + 1*{  41  45} + 1*{ 121 125} + 1*{  42  46} + 1*{ 122 126} + 1*{ 123 127} = 0 

1*{  43 127} + -1*{  46 122} + 1*{  41 125} + -1*{  45 121} + 1*{  42 126} + -1*{  47 123} = 0 

-0.25*{} + 1*{ 265 265} + 1*{ 264 264} = 0 

1*{ 123 131} + 1*{  43  51} + 1*{ 122 130} + 1*{  42  50} + 1*{  41  49} + 1*{ 121 129} + 0.25*{} + -1*{ 264} = 0 

-1*{  51 123} + 1*{  43 131} + -1*{  50 122} + 1*{  41 129} + 1*{  42 130} + -1*{  49 121} + -1*{ 265} = 0 

-0.25*{} + 1*{ 267 267} + 1*{ 266 266} = 0 

1*{ 123 135} + 1*{  43  55} + 1*{ 122 134} + 1*{  42  54} + 1*{  41  53} + 1*{ 121 133} + 0.25*{} + -1*{ 266} = 0 

1*{  43 135} + -1*{  54 122} + -1*{ 267} + 1*{  42 134} + -1*{  53 121} + 1*{  41 133} + -1*{  55 123} = 0 

-0.25*{} + 1*{ 269 269} + 1*{ 268 268} = 0 

1*{ 123 139} + 1*{  42  58} + 1*{  43  59} + 1*{ 121 137} + 1*{  41  57} + 1*{ 122 138} + 0.25*{} + -1*{ 268} = 0 

1*{  43 139} + -1*{  58 122} + 1*{  42 138} + 1*{  41 137} + -1*{  57 121} + -1*{  59 123} + -1*{ 269} = 0 

-0.25*{} + 1*{ 271 271} + 1*{ 270 270} = 0 

1*{  43  63} + 1*{ 121 141} + 1*{  42  62} + 1*{ 123 143} + 1*{  41  61} + 1*{ 122 142} + 0.25*{} + -1*{ 270} = 0 

1*{  43 143} + -1*{  62 122} + -1*{  61 121} + 1*{  41 141} + 1*{  42 142} + -1*{  63 123} + -1*{ 271} = 0 

-0.25*{} + 1*{ 273 273} + 1*{ 272 272} = 0 

1*{ 123 147} + 1*{  43  67} + 1*{ 122 146} + 1*{  42  66} + -1*{ 272} + 1*{  41  65} + 1*{ 121 145} + 0.25*{} = 0 

-1*{  67 123} + -1*{  65 121} + 1*{  42 146} + 1*{  43 147} + -1*{  66 122} + 1*{  41 145} + -1*{ 273} = 0 

-0.25*{} + 1*{ 275 275} + 1*{ 274 274} = 0 

1*{  43  71} + 1*{ 122 150} + 1*{ 121 149} + -1*{ 274} + 1*{ 123 151} + 1*{  41  69} + 1*{  42  70} + 0.25*{} = 0 

-1*{  71 123} + 1*{  43 151} + -1*{  70 122} + 1*{  42 150} + -1*{  69 121} + 1*{  41 149} + -1*{ 275} = 0 

-0.25*{} + 1*{ 277 277} + 1*{ 276 276} = 0 

1*{  43  75} + 1*{ 122 154} + 1*{ 121 153} + 1*{  41  73} + 1*{  42  74} + 1*{ 123 155} + 0.25*{} + -1*{ 276} = 0 

1*{  43 155} + 1*{  42 154} + -1*{  75 123} + 1*{  41 153} + -1*{  74 122} + -1*{  73 121} + -1*{ 277} = 0 

-0.25*{} + 1*{ 279 279} + 1*{ 278 278} = 0 

1*{  43  79} + -1*{ 278} + 1*{ 123 159} + 0.25*{} + 1*{ 122 158} + 1*{  42  78} + 1*{ 121 157} + 1*{  41  77} = 0 

1*{  43 159} + 1*{  42 158} + -1*{  77 121} + 1*{  41 157} + -1*{  79 123} + -1*{  78 122} + -1*{ 279} = 0 

-0.25*{} + 1*{ 121 121} + 1*{  41  41} = 0 

-0.25*{} + 1*{ 122 122} + 1*{  42  42} = 0 

-0.25*{} + 1*{ 123 123} + 1*{  43  43} = 0 

0.5*{  41  42} + 0.5*{  41  43} + 0.25*{ 123 123} + 0.25*{  43  43} + 0.5*{ 122 123} + 0.25*{ 121 121} + 0.25*{  42  42} + 0.5*{ 121 123} + 0.5*{  42  43} + 0.25*{ 122 122} + 0.5*{ 121 122} + 0.25*{  42} + 0.25*{  41} + -0.1875*{} + 0.25*{  41  41} + 0.25*{  43} = 0 

-0.25*{} + 1*{ 281 281} + 1*{ 280 280} = 0 

1*{ 127 131} + 1*{  47  51} + 1*{ 125 129} + 1*{  45  49} + 1*{ 126 130} + 0.25*{} + 1*{  46  50} + -1*{ 280} = 0 

1*{  47 131} + 1*{  46 130} + -1*{  49 125} + -1*{  50 126} + -1*{  51 127} + 1*{  45 129} + -1*{ 281} = 0 

-0.25*{} + 1*{ 283 283} + 1*{ 282 282} = 0 

1*{  46  54} + 1*{ 127 135} + 1*{ 126 134} + 1*{ 125 133} + -1*{ 282} + 1*{  45  53} + 1*{  47  55} + 0.25*{} = 0 

1*{  46 134} + -1*{  55 127} + -1*{  53 125} + 1*{  45 133} + -1*{  54 126} + 1*{  47 135} + -1*{ 283} = 0 

-0.25*{} + 1*{ 285 285} + 1*{ 284 284} = 0 

1*{ 126 138} + 1*{  46  58} + 1*{  47  59} + 1*{ 125 137} + 1*{  45  57} + 1*{ 127 139} + 0.25*{} + -1*{ 284} = 0 

1*{  47 139} + -1*{ 285} + -1*{  58 126} + 1*{  45 137} + -1*{  59 127} + 1*{  46 138} + -1*{  57 125} = 0 

-0.25*{} + 1*{ 287 287} + 1*{ 286 286} = 0 

1*{  47  63} + 1*{ 126 142} + 1*{  46  62} + 1*{  45  61} + 0.25*{} + 1*{ 127 143} + 1*{ 125 141} + -1*{ 286} = 0 

1*{  45 141} + -1*{  62 126} + 1*{  46 142} + 1*{  47 143} + -1*{  61 125} + -1*{  63 127} + -1*{ 287} = 0 

-0.25*{} + 1*{ 289 289} + 1*{ 288 288} = 0 

1*{ 127 147} + 1*{  45  65} + 1*{ 126 146} + 1*{  46  66} + 1*{ 125 145} + 0.25*{} + 1*{  47  67} + -1*{ 288} = 0 

-1*{  66 126} + -1*{  67 127} + 1*{  46 146} + 1*{  45 145} + 1*{  47 147} + -1*{  65 125} + -1*{ 289} = 0 

-0.25*{} + 1*{ 291 291} + 1*{ 290 290} = 0 

1*{ 127 151} + 1*{ 126 150} + 1*{  46  70} + 1*{  47  71} + 1*{ 125 149} + 1*{  45  69} + 0.25*{} + -1*{ 290} = 0 

-1*{  71 127} + 1*{  47 151} + -1*{  69 125} + 1*{  45 149} + -1*{  70 126} + 1*{  46 150} + -1*{ 291} = 0 

-0.25*{} + 1*{ 293 293} + 1*{ 292 292} = 0 

1*{ 126 154} + 1*{  46  74} + 1*{ 125 153} + 1*{  45  73} + -1*{ 292} + 1*{ 127 155} + 1*{  47  75} + 0.25*{} = 0 

-1*{  75 127} + 1*{  47 155} + -1*{  74 126} + 1*{  46 154} + 1*{  45 153} + -1*{  73 125} + -1*{ 293} = 0 

-0.25*{} + 1*{ 295 295} + 1*{ 294 294} = 0 

1*{ 127 159} + 1*{  47  79} + 1*{  46  78} + 1*{ 125 157} + 1*{  45  77} + 0.25*{} + 1*{ 126 158} + -1*{ 294} = 0 

-1*{  78 126} + 1*{  46 158} + -1*{  77 125} + 1*{  45 157} + -1*{ 295} + 1*{  47 159} + -1*{  79 127} = 0 

-0.25*{} + 1*{ 125 125} + 1*{  45  45} = 0 

-0.25*{} + 1*{ 126 126} + 1*{  46  46} = 0 

-0.25*{} + 1*{ 127 127} + 1*{  47  47} = 0 

0.25*{  45} + 0.5*{  45  46} + 0.25*{ 127 127} + 0.25*{  46  46} + 0.25*{ 125 125} + 0.5*{  46  47} + 0.5*{ 126 127} + 0.5*{ 125 126} + 0.25*{  47} + 0.25*{  45  45} + 0.5*{  45  47} + 0.25*{  46} + 0.25*{ 126 126} + 0.5*{ 125 127} + 0.25*{  47  47} + -0.1875*{} = 0 

0.25*{} + 1*{  49  53} + 1*{ 129 133} + 1*{  50  54} + 1*{ 130 134} + 1*{  51  55} + 1*{ 131 135} = 0 

1*{  50 134} + 1*{  51 135} + -1*{  55 131} + 1*{  49 133} + -1*{  53 129} + -1*{  54 130} = 0 

0.25*{} + 1*{  49  57} + 1*{ 129 137} + 1*{  50  58} + 1*{ 131 139} + 1*{ 130 138} + 1*{  51  59} = 0 

-1*{  58 130} + 1*{  49 137} + -1*{  57 129} + 1*{  50 138} + 1*{  51 139} + -1*{  59 131} = 0 

0.25*{} + 1*{  49  61} + 1*{ 129 141} + 1*{  50  62} + 1*{ 131 143} + 1*{ 130 142} + 1*{  51  63} = 0 

1*{  51 143} + 1*{  50 142} + 1*{  49 141} + -1*{  61 129} + -1*{  62 130} + -1*{  63 131} = 0 

-0.25*{} + 1*{ 297 297} + 1*{ 296 296} = 0 

1*{ 130 146} + 1*{  51  67} + 1*{  50  66} + 1*{ 131 147} + 0.25*{} + 1*{ 129 145} + -1*{ 296} + 1*{  49  65} = 0 

1*{  51 147} + -1*{  66 130} + -1*{  67 131} + -1*{  65 129} + 1*{  49 145} + 1*{  50 146} + -1*{ 297} = 0 

-0.25*{} + 1*{ 299 299} + 1*{ 298 298} = 0 

1*{  51  71} + 1*{ 130 150} + 1*{ 129 149} + -1*{ 298} + 1*{ 131 151} + 1*{  50  70} + 1*{  49  69} + 0.25*{} = 0 

-1*{  71 131} + -1*{  69 129} + 1*{  51 151} + 1*{  50 150} + 1*{  49 149} + -1*{  70 130} + -1*{ 299} = 0 

-0.25*{} + 1*{ 301 301} + 1*{ 300 300} = 0 

1*{  51  75} + 1*{  50  74} + 1*{ 131 155} + 1*{ 129 153} + 1*{ 130 154} + 1*{  49  73} + 0.25*{} + -1*{ 300} = 0 

1*{  51 155} + -1*{  75 131} + -1*{  74 130} + 1*{  50 154} + -1*{  73 129} + 1*{  49 153} + -1*{ 301} = 0 

-0.25*{} + 1*{ 303 303} + 1*{ 302 302} = 0 

1*{ 131 159} + 1*{  51  79} + 1*{ 130 158} + -1*{ 302} + 1*{  50  78} + 1*{ 129 157} + 1*{  49  77} + 0.25*{} = 0 

1*{  51 159} + -1*{  79 131} + 1*{  50 158} + 1*{  49 157} + -1*{  77 129} + -1*{  78 130} + -1*{ 303} = 0 

-0.25*{} + 1*{ 129 129} + 1*{  49  49} = 0 

-0.25*{} + 1*{ 130 130} + 1*{  50  50} = 0 

-0.25*{} + 1*{ 131 131} + 1*{  51  51} = 0 

0.25*{ 129 129} + 0.5*{ 129 131} + 0.25*{  50} + 0.25*{ 131 131} + 0.5*{ 130 131} + 0.5*{ 129 130} + 0.25*{ 130 130} + 0.25*{  50  50} + 0.5*{  49  51} + 0.25*{  49  49} + 0.5*{  50  51} + 0.5*{  49  50} + -0.1875*{} + 0.25*{  51  51} + 0.25*{  51} + 0.25*{  49} = 0 

0.25*{} + 1*{  53  57} + 1*{ 133 137} + 1*{  54  58} + 1*{ 134 138} + 1*{ 135 139} + 1*{  55  59} = 0 

-1*{  58 134} + 1*{  55 139} + 1*{  53 137} + -1*{  57 133} + 1*{  54 138} + -1*{  59 135} = 0 

0.25*{} + 1*{  53  61} + 1*{ 133 141} + 1*{  54  62} + 1*{ 134 142} + 1*{  55  63} + 1*{ 135 143} = 0 

-1*{  61 133} + 1*{  53 141} + 1*{  54 142} + -1*{  63 135} + -1*{  62 134} + 1*{  55 143} = 0 

-0.25*{} + 1*{ 305 305} + 1*{ 304 304} = 0 

1*{ 135 147} + 1*{ 133 145} + 1*{  55  67} + 1*{  54  66} + 1*{ 134 146} + 1*{  53  65} + 0.25*{} + -1*{ 304} = 0 

-1*{  67 135} + 1*{  55 147} + -1*{  66 134} + 1*{  54 146} + -1*{ 305} + 1*{  53 145} + -1*{  65 133} = 0 

-0.25*{} + 1*{ 307 307} + 1*{ 306 306} = 0 

1*{ 134 150} + 1*{ 135 151} + 1*{ 133 149} + 1*{  53  69} + 0.25*{} + 1*{  54  70} + 1*{  55  71} + -1*{ 306} = 0 

1*{  55 151} + -1*{  70 134} + 1*{  54 150} + -1*{ 307} + -1*{  69 133} + -1*{  71 135} + 1*{  53 149} = 0 

-0.25*{} + 1*{ 309 309} + 1*{ 308 308} = 0 

1*{ 135 155} + 1*{  55  75} + 1*{ 134 154} + 1*{  53  73} + 0.25*{} + 1*{  54  74} + 1*{ 133 153} + -1*{ 308} = 0 

-1*{  75 135} + 1*{  55 155} + -1*{  74 134} + 1*{  54 154} + -1*{  73 133} + 1*{  53 153} + -1*{ 309} = 0 

-0.25*{} + 1*{ 311 311} + 1*{ 310 310} = 0 

1*{  55  79} + 1*{  54  78} + 0.25*{} + 1*{ 134 158} + 1*{ 133 157} + 1*{  53  77} + 1*{ 135 159} + -1*{ 310} = 0 

-1*{  79 135} + 1*{  55 159} + -1*{  77 133} + 1*{  54 158} + 1*{  53 157} + -1*{  78 134} + -1*{ 311} = 0 

1*{ 133 133} + -0.25*{} + 1*{  53  53} = 0 

-0.25*{} + 1*{ 134 134} + 1*{  54  54} = 0 

-0.25*{} + 1*{ 135 135} + 1*{  55  55} = 0 

0.25*{  55  55} + 0.5*{ 133 135} + 0.5*{  53  55} + 0.25*{ 134 134} + 0.5*{ 134 135} + 0.25*{  54  54} + 0.5*{ 133 134} + 0.25*{ 133 133} + 0.5*{  53  54} + 0.25*{  53} + 0.25*{  55} + -0.1875*{} + 0.25*{ 135 135} + 0.25*{  54} + 0.25*{  53  53} + 0.5*{  54  55} = 0 

0.25*{} + 1*{  57  61} + 1*{ 137 141} + 1*{  58  62} + 1*{ 138 142} + 1*{ 139 143} + 1*{  59  63} = 0 

1*{  59 143} + 1*{  58 142} + 1*{  57 141} + -1*{  61 137} + -1*{  63 139} + -1*{  62 138} = 0 

-0.25*{} + 1*{ 313 313} + 1*{ 312 312} = 0 

1*{ 139 147} + 1*{  59  67} + 1*{  58  66} + 1*{  57  65} + 1*{ 138 146} + 1*{ 137 145} + 0.25*{} + -1*{ 312} = 0 

-1*{  67 139} + 1*{  59 147} + -1*{  66 138} + 1*{  58 146} + -1*{  65 137} + 1*{  57 145} + -1*{ 313} = 0 

-0.25*{} + 1*{ 315 315} + 1*{ 314 314} = 0 

1*{ 139 151} + 1*{  59  71} + 1*{ 138 150} + 1*{  58  70} + 1*{  57  69} + 1*{ 137 149} + 0.25*{} + -1*{ 314} = 0 

1*{  59 151} + -1*{  70 138} + 1*{  58 150} + -1*{  71 139} + -1*{  69 137} + 1*{  57 149} + -1*{ 315} = 0 

-0.25*{} + 1*{ 317 317} + 1*{ 316 316} = 0 

1*{  59  75} + 0.25*{} + 1*{ 139 155} + -1*{ 316} + 1*{ 138 154} + 1*{  58  74} + 1*{ 137 153} + 1*{  57  73} = 0 

1*{  59 155} + -1*{  75 139} + -1*{  74 138} + -1*{  73 137} + 1*{  57 153} + 1*{  58 154} + -1*{ 317} = 0 

-0.25*{} + 1*{ 319 319} + 1*{ 318 318} = 0 

1*{ 139 159} + 1*{  59  79} + -1*{ 318} + 1*{ 138 158} + 1*{  58  78} + 1*{ 137 157} + 1*{  57  77} + 0.25*{} = 0 

-1*{  79 139} + 1*{  59 159} + -1*{  77 137} + 1*{  58 158} + 1*{  57 157} + -1*{  78 138} + -1*{ 319} = 0 

-0.25*{} + 1*{ 137 137} + 1*{  57  57} = 0 

-0.25*{} + 1*{ 138 138} + 1*{  58  58} = 0 

-0.25*{} + 1*{ 139 139} + 1*{  59  59} = 0 

0.25*{  59  59} + 0.5*{  57  59} + 0.25*{  58} + 0.25*{  58  58} + 0.5*{ 137 138} + 0.5*{  57  58} + 0.25*{  59} + 0.25*{  57  57} + 0.25*{  57} + 0.5*{ 137 139} + -0.1875*{} + 0.25*{ 137 137} + 0.25*{ 138 138} + 0.5*{ 138 139} + 0.25*{ 139 139} + 0.5*{  58  59} = 0 

-0.25*{} + 1*{ 321 321} + 1*{ 320 320} = 0 

1*{ 143 147} + 1*{  63  67} + 1*{ 142 146} + 1*{ 141 145} + 1*{  62  66} + 1*{  61  65} + 0.25*{} + -1*{ 320} = 0 

-1*{  67 143} + 1*{  63 147} + -1*{  66 142} + 1*{  62 146} + 1*{  61 145} + -1*{  65 141} + -1*{ 321} = 0 

-0.25*{} + 1*{ 323 323} + 1*{ 322 322} = 0 

1*{  63  71} + 1*{ 143 151} + 1*{ 142 150} + 1*{  62  70} + 1*{ 141 149} + 1*{  61  69} + 0.25*{} + -1*{ 322} = 0 

1*{  63 151} + -1*{  70 142} + -1*{  71 143} + -1*{  69 141} + 1*{  61 149} + 1*{  62 150} + -1*{ 323} = 0 

-0.25*{} + 1*{ 325 325} + 1*{ 324 324} = 0 

1*{ 143 155} + 1*{  63  75} + 1*{  62  74} + 1*{ 141 153} + 1*{  61  73} + 0.25*{} + 1*{ 142 154} + -1*{ 324} = 0 

1*{  63 155} + -1*{  73 141} + 1*{  61 153} + -1*{ 325} + 1*{  62 154} + -1*{  75 143} + -1*{  74 142} = 0 

-0.25*{} + 1*{ 327 327} + 1*{ 326 326} = 0 

1*{ 142 158} + 1*{  63  79} + 1*{  62  78} + 1*{ 141 157} + 1*{  61  77} + 0.25*{} + 1*{ 143 159} + -1*{ 326} = 0 

-1*{  79 143} + -1*{ 327} + 1*{  63 159} + 1*{  62 158} + 1*{  61 157} + -1*{  78 142} + -1*{  77 141} = 0 

-0.25*{} + 1*{ 141 141} + 1*{  61  61} = 0 

-0.25*{} + 1*{ 142 142} + 1*{  62  62} = 0 

-0.25*{} + 1*{ 143 143} + 1*{  63  63} = 0 

0.25*{  61  61} + 0.25*{ 142 142} + 0.25*{ 143 143} + 0.25*{  63} + 0.5*{ 142 143} + 0.25*{  62  62} + 0.25*{ 141 141} + 0.25*{  63  63} + 0.5*{ 141 142} + 0.25*{  61} + 0.5*{ 141 143} + 0.5*{  61  63} + 0.5*{  61  62} + 0.25*{  62} + 0.5*{  62  63} + -0.1875*{} = 0 

0.25*{} + 1*{  65  69} + 1*{ 145 149} + 1*{  66  70} + 1*{ 146 150} + 1*{  67  71} + 1*{ 147 151} = 0 

1*{  65 149} + -1*{  69 145} + 1*{  66 150} + -1*{  71 147} + -1*{  70 146} + 1*{  67 151} = 0 

0.25*{} + 1*{  65  73} + 1*{ 145 153} + 1*{  66  74} + 1*{ 146 154} + 1*{  67  75} + 1*{ 147 155} = 0 

1*{  65 153} + -1*{  73 145} + -1*{  74 146} + -1*{  75 147} + 1*{  67 155} + 1*{  66 154} = 0 

0.25*{} + 1*{  65  77} + 1*{ 145 157} + 1*{  66  78} + 1*{ 146 158} + 1*{  67  79} + 1*{ 147 159} = 0 

1*{  65 157} + -1*{  77 145} + 1*{  67 159} + -1*{  79 147} + 1*{  66 158} + -1*{  78 146} = 0 

-0.25*{} + 1*{ 145 145} + 1*{  65  65} = 0 

-0.25*{} + 1*{ 146 146} + 1*{  66  66} = 0 

-0.25*{} + 1*{ 147 147} + 1*{  67  67} = 0 

0.25*{  65  65} + 0.25*{  67  67} + 0.25*{  65} + 0.25*{ 146 146} + 0.5*{ 146 147} + 0.25*{  66} + 0.25*{ 145 145} + 0.25*{ 147 147} + 0.5*{ 145 147} + 0.25*{  67} + -0.1875*{} + 0.5*{  65  67} + 0.25*{  66  66} + 0.5*{  65  66} + 0.5*{ 145 146} + 0.5*{  66  67} = 0 

0.25*{} + 1*{  69  73} + 1*{ 149 153} + 1*{ 150 154} + 1*{  70  74} + 1*{ 151 155} + 1*{  71  75} = 0 

1*{  69 153} + -1*{  73 149} + -1*{  75 151} + 1*{  70 154} + -1*{  74 150} + 1*{  71 155} = 0 

0.25*{} + 1*{  69  77} + 1*{ 149 157} + 1*{ 151 159} + 1*{  70  78} + 1*{ 150 158} + 1*{  71  79} = 0 

1*{  70 158} + 1*{  69 157} + -1*{  77 149} + -1*{  78 150} + 1*{  71 159} + -1*{  79 151} = 0 

-0.25*{} + 1*{ 149 149} + 1*{  69  69} = 0 

-0.25*{} + 1*{ 150 150} + 1*{  70  70} = 0 

-0.25*{} + 1*{ 151 151} + 1*{  71  71} = 0 

0.25*{  69  69} + 0.5*{  69  71} + 0.25*{  69} + 0.25*{ 151 151} + 0.25*{  70  70} + 0.25*{ 149 149} + 0.25*{  70} + 0.5*{ 149 151} + 0.25*{  71  71} + 0.25*{  71} + 0.25*{ 150 150} + 0.5*{  70  71} + -0.1875*{} + 0.5*{ 150 151} + 0.5*{  69  70} + 0.5*{ 149 150} = 0 

0.25*{} + 1*{  73  77} + 1*{ 153 157} + 1*{  74  78} + 1*{ 154 158} + 1*{  75  79} + 1*{ 155 159} = 0 

1*{  73 157} + -1*{  78 154} + -1*{  77 153} + 1*{  74 158} + -1*{  79 155} + 1*{  75 159} = 0 

-0.25*{} + 1*{ 153 153} + 1*{  73  73} = 0 

-0.25*{} + 1*{ 154 154} + 1*{  74  74} = 0 

-0.25*{} + 1*{ 155 155} + 1*{  75  75} = 0 

0.5*{  73  74} + 0.5*{ 154 155} + 0.5*{  74  75} + 0.25*{  73} + 0.25*{ 154 154} + 0.25*{  73  73} + 0.5*{ 153 155} + 0.25*{  75} + 0.25*{  75  75} + 0.25*{ 155 155} + 0.25*{  74} + 0.25*{  74  74} + 0.5*{  73  75} + 0.25*{ 153 153} + 0.5*{ 153 154} + -0.1875*{} = 0 

-0.25*{} + 1*{ 157 157} + 1*{  77  77} = 0 

-0.25*{} + 1*{ 158 158} + 1*{  78  78} = 0 

-0.25*{} + 1*{ 159 159} + 1*{  79  79} = 0 

0.5*{  77  79} + 0.5*{ 157 158} + 0.25*{  78  78} + 0.25*{  77} + 0.25*{ 159 159} + 0.25*{ 158 158} + 0.5*{  78  79} + 0.25*{  79  79} + 0.5*{ 158 159} + 0.25*{ 157 157} + 0.5*{ 157 159} + 0.25*{  79} + 0.25*{  78} + 0.5*{  77  78} + -0.1875*{} + 0.25*{  77  77} = 0 

---------------------
Summary:
---------------------
set sizes: {4, 4, 4, 4, 4}, vars: 258, vectors: 20, equations: 354, indep eqn: 354

---------------------
Optimization:
---------------------
1 3.161e+01 3.161e+01
2 8.892e+07 3.161e+01
3 1.229e+08 3.161e+01
4 4.434e+07 3.161e+01
5 1.599e+07 3.161e+01
6 5.770e+06 3.161e+01
7 2.082e+06 3.161e+01
8 7.511e+05 3.161e+01
9 2.709e+05 3.161e+01
10 9.769e+04 3.161e+01
11 3.522e+04 3.161e+01
12 1.270e+04 3.161e+01
13 4.577e+03 3.161e+01
14 1.650e+03 3.161e+01
15 5.948e+02 3.161e+01
16 2.148e+02 3.161e+01
17 7.816e+01 3.161e+01
18 2.870e+01 2.870e+01
19 5.859e+02 2.870e+01
20 2.126e+02 2.870e+01
21 7.653e+01 2.870e+01
22 1.560e+02 2.870e+01
23 2.464e+02 2.870e+01
24 8.846e+01 2.870e+01
25 3.183e+01 2.870e+01
26 1.221e+01 1.221e+01
27 4.570e+00 4.570e+00
28 1.321e+02 4.570e+00
29 9.721e+01 4.570e+00
30 3.436e+01 4.570e+00
31 1.223e+01 4.570e+00
32 4.458e+00 4.458e+00
33 1.762e+00 1.762e+00
34 1.248e+00 1.248e+00
35 2.000e+02 1.248e+00
36 7.269e+01 1.248e+00
37 2.571e+01 1.248e+00
38 9.112e+00 1.248e+00
39 3.274e+00 1.248e+00
40 1.225e+00 1.225e+00
41 5.103e-01 5.103e-01
42 2.609e-01 2.609e-01
43 1.451e-01 1.451e-01
44 6.750e-02 6.750e-02
45 2.955e-02 2.955e-02
46 1.234e-02 1.234e-02
47 5.455e-03 5.455e-03
48 2.066e-03 2.066e-03
49 7.366e-04 7.366e-04
50 2.483e-04 2.483e-04
51 8.036e-05 8.036e-05
52 2.530e-05 2.530e-05
53 7.834e-06 7.834e-06
54 2.401e-06 2.401e-06
55 7.316e-07 7.316e-07
56 2.222e-07 2.222e-07
57 6.737e-08 6.737e-08
58 2.040e-08 2.040e-08
59 6.177e-09 6.177e-09
60 1.869e-09 1.869e-09
61 5.655e-10 5.655e-10
62 1.711e-10 1.711e-10
63 5.184e-11 5.184e-11
64 1.565e-11 1.565e-11
65 4.722e-12 4.722e-12
66 1.454e-12 1.454e-12
67 4.148e-13 4.148e-13
68 1.659e-13 1.659e-13
69 3.241e-14 3.241e-14
1 (precision) 7.851e-14 3.241e-14 (from 3.241e-14)
2 (precision) 1.158e-14 1.158e-14 (from 3.241e-14)
3 (precision) 1.179e-14 1.158e-14 (from 3.241e-14)
4 (precision) 3.521e-15 3.521e-15 (from 3.241e-14)
5 (precision) 3.309e-14 3.521e-15 (from 3.241e-14)
6 (precision) 7.593e-14 3.521e-15 (from 3.241e-14)
7 (precision) 1.934e-13 3.521e-15 (from 3.241e-14)
8 (precision) 5.509e-14 3.521e-15 (from 3.241e-14)
9 (precision) 4.640e-14 3.521e-15 (from 3.241e-14)
10 (precision) 3.699e-14 3.521e-15 (from 3.241e-14)
11 (precision) 8.466e-13 3.521e-15 (from 3.241e-14)
12 (precision) 2.344e-13 3.521e-15 (from 3.241e-14)
13 (precision) 7.811e-14 3.521e-15 (from 3.241e-14)
14 (precision) 7.006e-14 3.521e-15 (from 3.241e-14)
15 (precision) 2.561e-12 3.521e-15 (from 3.241e-14)
16 (precision) 7.572e-13 3.521e-15 (from 3.241e-14)
17 (precision) 1.649e-13 3.521e-15 (from 3.241e-14)
18 (precision) 3.214e-14 3.521e-15 (from 3.241e-14)
19 (precision) 3.657e-14 3.521e-15 (from 3.241e-14)
20 (precision) 1.469e-13 3.521e-15 (from 3.241e-14)
21 (precision) 3.441e-12 3.521e-15 (from 3.241e-14)
22 (precision) 9.425e-13 3.521e-15 (from 3.241e-14)
23 (precision) 2.331e-13 3.521e-15 (from 3.241e-14)
24 (precision) 4.374e-14 3.521e-15 (from 3.241e-14)
25 (precision) 6.772e-14 3.521e-15 (from 3.241e-14)
26 (precision) 6.217e-14 3.521e-15 (from 3.241e-14)
27 (precision) 1.224e-13 3.521e-15 (from 3.241e-14)
28 (precision) 1.035e-13 3.521e-15 (from 3.241e-14)
29 (precision) 3.787e-17 3.787e-17 (from 3.241e-14)
30 (precision) 2.217e-14 3.787e-17 (from 3.241e-14)
31 (precision) 4.114e-13 3.787e-17 (from 3.241e-14)
32 (precision) 1.128e-13 3.787e-17 (from 3.241e-14)
33 (precision) 1.223e-14 3.787e-17 (from 3.241e-14)
34 (precision) 6.300e-14 3.787e-17 (from 3.241e-14)
35 (precision) 2.969e-14 3.787e-17 (from 3.241e-14)
36 (precision) 5.252e-13 3.787e-17 (from 3.241e-14)
37 (precision) 1.837e-13 3.787e-17 (from 3.241e-14)
38 (precision) 4.317e-14 3.787e-17 (from 3.241e-14)
39 (precision) 1.529e-13 3.787e-17 (from 3.241e-14)
40 (precision) 7.113e-14 3.787e-17 (from 3.241e-14)
41 (precision) 1.610e-14 3.787e-17 (from 3.241e-14)
42 (precision) 2.453e-14 3.787e-17 (from 3.241e-14)
43 (precision) 4.043e-14 3.787e-17 (from 3.241e-14)
44 (precision) 4.420e-14 3.787e-17 (from 3.241e-14)
45 (precision) 4.533e-14 3.787e-17 (from 3.241e-14)
46 (precision) 3.613e-14 3.787e-17 (from 3.241e-14)
47 (precision) 3.420e-14 3.787e-17 (from 3.241e-14)
48 (precision) 4.117e-14 3.787e-17 (from 3.241e-14)
49 (precision) 1.424e-14 3.787e-17 (from 3.241e-14)
50 (precision) 1.440e-14 3.787e-17 (from 3.241e-14)
51 (precision) 7.108e-14 3.787e-17 (from 3.241e-14)
52 (precision) 9.625e-14 3.787e-17 (from 3.241e-14)
53 (precision) 1.003e-12 3.787e-17 (from 3.241e-14)
54 (precision) 1.957e-13 3.787e-17 (from 3.241e-14)
55 (precision) 1.039e-13 3.787e-17 (from 3.241e-14)
56 (precision) 2.208e-14 3.787e-17 (from 3.241e-14)
57 (precision) 3.606e-14 3.787e-17 (from 3.241e-14)
58 (precision) 7.473e-14 3.787e-17 (from 3.241e-14)
59 (precision) 1.246e-12 3.787e-17 (from 3.241e-14)
60 (precision) 3.360e-13 3.787e-17 (from 3.241e-14)
61 (precision) 6.490e-14 3.787e-17 (from 3.241e-14)
62 (precision) 2.539e-14 3.787e-17 (from 3.241e-14)
63 (precision) 2.293e-14 3.787e-17 (from 3.241e-14)
64 (precision) 1.010e-13 3.787e-17 (from 3.241e-14)
65 (precision) 3.489e-13 3.787e-17 (from 3.241e-14)
66 (precision) 9.307e-14 3.787e-17 (from 3.241e-14)
67 (precision) 2.881e-15 3.787e-17 (from 3.241e-14)
68 (precision) 3.429e-14 3.787e-17 (from 3.241e-14)
69 (precision) 6.607e-15 3.787e-17 (from 3.241e-14)
70 (precision) 9.034e-14 3.787e-17 (from 3.241e-14)
71 (precision) 7.876e-13 3.787e-17 (from 3.241e-14)
72 (precision) 2.416e-13 3.787e-17 (from 3.241e-14)
73 (precision) 6.228e-14 3.787e-17 (from 3.241e-14)
74 (precision) 3.872e-15 3.787e-17 (from 3.241e-14)
75 (precision) 7.378e-15 3.787e-17 (from 3.241e-14)
76 (precision) 4.746e-14 3.787e-17 (from 3.241e-14)
77 (precision) 3.238e-14 3.787e-17 (from 3.241e-14)
78 (precision) 3.337e-15 3.787e-17 (from 3.241e-14)
79 (precision) 6.684e-14 3.787e-17 (from 3.241e-14)
80 (precision) 1.307e-13 3.787e-17 (from 3.241e-14)
81 (precision) 3.505e-14 3.787e-17 (from 3.241e-14)
82 (precision) 3.174e-14 3.787e-17 (from 3.241e-14)
83 (precision) 6.968e-14 3.787e-17 (from 3.241e-14)
84 (precision) 3.012e-14 3.787e-17 (from 3.241e-14)
85 (precision) 6.800e-14 3.787e-17 (from 3.241e-14)
86 (precision) 5.590e-16 3.787e-17 (from 3.241e-14)
87 (precision) 1.257e-14 3.787e-17 (from 3.241e-14)
88 (precision) 9.319e-15 3.787e-17 (from 3.241e-14)
89 (precision) 1.476e-15 3.787e-17 (from 3.241e-14)
90 (precision) 7.027e-15 3.787e-17 (from 3.241e-14)
91 (precision) 8.608e-14 3.787e-17 (from 3.241e-14)
92 (precision) 1.301e-13 3.787e-17 (from 3.241e-14)
93 (precision) 9.139e-14 3.787e-17 (from 3.241e-14)
94 (precision) 9.353e-14 3.787e-17 (from 3.241e-14)
95 (precision) 3.467e-13 3.787e-17 (from 3.241e-14)
96 (precision) 1.212e-13 3.787e-17 (from 3.241e-14)
97 (precision) 8.986e-14 3.787e-17 (from 3.241e-14)
98 (precision) 2.755e-13 3.787e-17 (from 3.241e-14)
99 (precision) 1.171e-13 3.787e-17 (from 3.241e-14)
100 (precision) 1.289e-13 3.787e-17 (from 3.241e-14)

x:  5.000e-01 -5.000e-01 -5.000e-01 -5.000e-01 -5.000e-01  5.000e-01 -5.000e-01  5.000e-01 -5.000e-01 -1.844e-08  5.000e-01  1.834e-08  1.635e-08 -5.000e-01  1.615e-08 -1.640e-08 -5.000e-01 -1.628e-08  1.839e-08  5.000e-01 -1.821e-08 -5.000e-01 -1.581e-08 -1.627e-08  5.000e-01  1.782e-08 -1.817e-08  5.000e-01 -1.782e-08  1.825e-08 -5.000e-01  1.575e-08  1.617e-08 -1.839e-08  1.790e-08  5.000e-01  1.839e-08 -1.783e-08  5.000e-01 -1.644e-08 -1.586e-08 -5.000e-01  1.639e-08  1.577e-08 -5.000e-01  2.145e-08 -1.955e-08 -2.017e-08 -2.048e-08 -1.974e-08  2.139e-08 -2.016e-08  2.070e-08 -2.005e-08  5.000e-01  1.719e-08 -5.000e-01 -5.000e-01 -1.507e-08 -5.000e-01  5.000e-01 -1.513e-08  5.000e-01 -5.000e-01  1.706e-08  5.000e-01 -1.566e-08  5.000e-01  5.000e-01  1.775e-08 -5.000e-01  5.000e-01  1.781e-08  5.000e-01 -5.000e-01 -1.563e-08 -5.000e-01 -5.000e-01  5.000e-01 -5.000e-01  1.767e-08 -5.000e-01  5.000e-01  1.761e-08  5.000e-01  5.000e-01 -1.555e-08 -5.000e-01 -5.000e-01 -1.553e-08  2.442e-09  5.000e-01  5.000e-01 -2.278e-09  5.000e-01 -2.232e-09 -2.535e-09 -5.000e-01 -3.474e-09 -5.000e-01  5.000e-01 -1.441e-09  5.000e-01 -1.411e-09  3.497e-09  5.000e-01  2.333e-09  5.000e-01 -2.378e-09 -5.000e-01  5.000e-01 -2.299e-09  5.000e-01 -2.343e-09 -2.592e-09 -5.000e-01  5.000e-01 -2.376e-09  5.000e-01 -2.344e-09  2.683e-09  5.000e-01  5.000e-01 -2.422e-09  2.560e-09  5.000e-01 -2.541e-09 -5.000e-01  5.000e-01 -2.439e-09  5.000e-01 -1.446e-09  5.000e-01 -1.477e-09 -3.614e-09 -5.000e-01  3.643e-09  5.000e-01  5.000e-01 -1.354e-09  3.485e-09  5.000e-01 -3.441e-09 -5.000e-01  5.000e-01 -1.426e-09  5.000e-01 -2.304e-09 -2.448e-09 -5.000e-01  2.407e-09  5.000e-01  5.000e-01 -2.323e-09 -2.363e-09 -5.000e-01  2.391e-09  5.000e-01  5.000e-01 -2.291e-09  5.000e-01 -2.328e-09  8.457e-10  5.000e-01 -1.373e-11 -5.000e-01  5.000e-01 -4.050e-12  5.000e-01  1.609e-10  5.000e-01  2.436e-11  8.171e-12  5.000e-01  5.000e-01  2.177e-10 -8.742e-10 -5.000e-01 -3.218e-11 -5.000e-01 -8.550e-10  5.000e-01  5.000e-01 -1.949e-10  5.000e-01 -3.423e-11 -9.584e-10  5.000e-01  5.000e-01 -2.208e-10  5.215e-11 -5.000e-01  5.000e-01 -3.286e-11  5.000e-01 -5.791e-11  5.000e-01 -2.722e-10  8.516e-10 -5.000e-01  1.183e-10  5.000e-01  5.000e-01 -2.206e-10  8.260e-10 -5.000e-01  5.000e-01 -2.599e-11  9.799e-11  5.000e-01  5.000e-01  2.448e-10  5.000e-01  3.568e-11 -1.138e-10  5.000e-01 -7.721e-10 -5.000e-01  1.729e-10 -5.000e-01  5.000e-01  4.979e-11  7.077e-10  5.000e-01  5.000e-01  2.495e-10  8.721e-10 -5.000e-01  5.000e-01 -1.692e-10  5.000e-01  3.142e-11 -1.854e-12  5.000e-01  5.000e-01  4.387e-11  3.869e-11 -5.000e-01  7.738e-10  5.000e-01  5.000e-01  1.787e-10 -2.433e-11  5.000e-01  5.000e-01 -2.887e-12  5.000e-01  2.019e-10 -8.530e-10 -5.000e-01  5.000e-01 -1.269e-10 -8.734e-10  5.000e-01  1.022e-10 -5.000e-01  5.000e-01  2.208e-12  1.036e-11

grad:  8.858e-29 -4.594e-29 -7.755e-29 -8.070e-29 -7.144e-29  1.079e-28 -6.535e-29  1.097e-28 -7.030e-29 -4.679e-29 -1.123e-28  2.413e-29 -1.857e-29 -8.474e-29  5.360e-29  3.861e-29 -9.461e-30 -4.193e-29  2.888e-29  3.879e-29 -3.755e-29 -3.014e-29  2.112e-29 -4.780e-29  6.380e-29  6.752e-30 -2.784e-29 -9.621e-29 -3.295e-29  1.560e-29 -1.071e-28  3.345e-30  6.337e-29 -8.788e-30 -2.563e-29  1.230e-28 -1.344e-29 -1.562e-29  1.367e-28 -2.256e-30  8.557e-30 -7.869e-29  2.798e-29  3.637e-29 -6.152e-29  3.178e-29  2.061e-29 -4.632e-29 -1.081e-29  7.773e-30 -4.901e-28  3.533e-29  1.069e-29 -2.976e-29  8.963e-29  1.243e-29 -7.554e-29  4.806e-29  3.016e-29  1.203e-28  1.203e-28 -3.773e-29  1.200e-28 -8.424e-29  2.940e-30  8.694e-29 -2.418e-29  1.047e-28 -7.545e-29  2.399e-30 -8.429e-29  8.949e-29  7.631e-30  9.009e-29 -7.330e-29  1.612e-29  4.343e-29  1.072e-28  6.134e-29 -6.418e-29  3.670e-29 -8.059e-29  6.117e-29  3.632e-29  4.463e-29  1.176e-28 -5.177e-29  1.074e-28  1.223e-28 -2.474e-29 -4.742e-30 -2.388e-29 -9.664e-30  7.252e-30 -8.489e-30  7.565e-31  5.352e-30  2.675e-29  8.991e-30  1.772e-29 -7.379e-30  6.997e-31  1.390e-30 -3.328e-30  1.119e-29  9.712e-30  1.844e-29 -2.395e-29  2.168e-29  2.262e-29 -1.172e-29  8.782e-30 -1.199e-29  2.850e-30 -7.128e-29  2.815e-29 -7.863e-29 -8.856e-30  5.796e-29 -1.023e-30  7.549e-29 -2.852e-29  5.393e-29  1.832e-29  7.740e-29 -2.922e-29 -6.717e-29  2.486e-29 -8.006e-29 -6.652e-30 -1.971e-29 -6.127e-29 -2.352e-29 -6.579e-29  1.197e-29  9.589e-29  1.450e-29  7.604e-29  3.272e-30 -1.607e-30  1.130e-29  1.375e-29  8.679e-30  4.402e-29 -7.728e-30 -3.799e-30 -1.067e-29 -2.129e-29  7.727e-30  2.742e-29 -1.345e-31 -2.259e-29 -1.149e-29  7.959e-30  1.745e-29  2.701e-29  2.147e-29 -2.501e-29 -1.190e-29 -1.054e-29 -1.064e-29 -2.741e-30 -1.062e-30 -1.016e-29  1.222e-29  2.055e-30 -1.095e-29  3.901e-30  9.305e-30 -2.697e-29 -1.302e-29 -2.389e-29  8.251e-30 -1.675e-29 -5.719e-30  9.457e-30 -6.655e-30 -1.328e-29 -2.681e-29  1.210e-29 -1.186e-29 -3.027e-30  1.333e-29  2.422e-29  3.263e-29 -1.783e-30 -3.848e-31 -6.188e-31  5.602e-30  1.425e-29 -8.185e-30  3.033e-30  1.965e-29 -5.281e-30 -7.931e-30 -4.101e-30 -2.103e-29  7.255e-30  2.023e-29  1.349e-29 -5.294e-32 -1.559e-29 -2.381e-29  1.983e-29  2.003e-29  3.880e-29 -1.740e-29 -6.466e-30  4.296e-30 -7.997e-30  3.160e-30 -1.572e-30 -1.029e-29 -9.963e-31  8.794e-30 -4.187e-30 -9.634e-30  5.341e-30  1.723e-29  1.990e-29 -1.229e-29  1.211e-29  8.473e-30 -2.070e-29  3.979e-30 -2.232e-29  1.647e-29  1.517e-29 -1.901e-29 -6.627e-31 -2.470e-29  9.342e-30 -4.605e-31  9.535e-30 -1.086e-29  7.202e-30  1.394e-29  2.571e-29  1.924e-29 -1.321e-29  5.914e-30 -2.004e-29  7.461e-30 -1.752e-29 -1.069e-29 -2.276e-29 -1.432e-29  1.531e-29 -1.036e-29 -8.703e-30  3.794e-30  1.778e-29 -7.097e-31 -8.180e-30  3.635e-30 -3.901e-30  2.077e-29 -5.030e-30  1.289e-13

finished in 69 iterations (1.16 seconds total)
max viol = 5.86e-09

---------------------
Result:
---------------------

{(1,0), (0,0), (0,0), (0,0)}, {(0,0), (1,0), (0,0), (0,0)}, {(0,0), (0,0), (1,0), (0,0)}, {(0,0), (0,0), (0,0), (1,0)}


{(0.5,0), (0.5,0), (0.5,0), (0.5,0)}, {(0.5,0), (0.5,2.15e-08), (-0.5,-1.96e-08), (-0.5,-2.02e-08)}, {(0.5,0), (-0.5,-2.05e-08), (-0.5,-1.97e-08), (0.5,2.14e-08)}, {(0.5,0), (-0.5,-2.02e-08), (0.5,2.07e-08), (-0.5,-2e-08)}


{(0.5,0), (-1.84e-08,0.5), (0.5,1.72e-08), (1.83e-08,-0.5)}, {(0.5,0), (1.64e-08,-0.5), (-0.5,-1.51e-08), (1.61e-08,-0.5)}, {(0.5,0), (-1.64e-08,0.5), (-0.5,-1.51e-08), (-1.63e-08,0.5)}, {(0.5,0), (1.84e-08,-0.5), (0.5,1.71e-08), (-1.82e-08,0.5)}


{(0.5,0), (-0.5,-1.57e-08), (-1.58e-08,0.5), (-1.63e-08,0.5)}, {(0.5,0), (0.5,1.78e-08), (1.78e-08,-0.5), (-1.82e-08,0.5)}, {(0.5,0), (0.5,1.78e-08), (-1.78e-08,0.5), (1.82e-08,-0.5)}, {(0.5,0), (-0.5,-1.56e-08), (1.58e-08,-0.5), (1.62e-08,-0.5)}


{(0.5,0), (-1.84e-08,0.5), (1.79e-08,-0.5), (0.5,1.77e-08)}, {(0.5,0), (1.84e-08,-0.5), (-1.78e-08,0.5), (0.5,1.76e-08)}, {(0.5,0), (-1.64e-08,0.5), (-1.59e-08,0.5), (-0.5,-1.56e-08)}, {(0.5,0), (1.64e-08,-0.5), (1.58e-08,-0.5), (-0.5,-1.55e-08)}

---------------------
Abs of Gram matrix:
---------------------

 { { +1.0000, +0.0000, +0.0000, +0.0000, +0.5000, +0.5000, +0.5000, +0.5000, +0.5000, +0.5000, +0.5000, +0.5000, +0.5000, +0.5000, +0.5000, +0.5000, +0.5000, +0.5000, +0.5000, +0.5000}, 
   { +0.0000, +1.0000, +0.0000, +0.0000, +0.5000, +0.5000, +0.5000, +0.5000, +0.5000, +0.5000, +0.5000, +0.5000, +0.5000, +0.5000, +0.5000, +0.5000, +0.5000, +0.5000, +0.5000, +0.5000}, 
   { +0.0000, +0.0000, +1.0000, +0.0000, +0.5000, +0.5000, +0.5000, +0.5000, +0.5000, +0.5000, +0.5000, +0.5000, +0.5000, +0.5000, +0.5000, +0.5000, +0.5000, +0.5000, +0.5000, +0.5000}, 
   { +0.0000, +0.0000, +0.0000, +1.0000, +0.5000, +0.5000, +0.5000, +0.5000, +0.5000, +0.5000, +0.5000, +0.5000, +0.5000, +0.5000, +0.5000, +0.5000, +0.5000, +0.5000, +0.5000, +0.5000}, 
   { +0.5000, +0.5000, +0.5000, +0.5000, +1.0000, +0.0000, +0.0000, +0.0000, +0.5000, +0.5000, +0.5000, +0.5000, +0.5000, +0.5000, +0.5000, +0.5000, +0.5000, +0.5000, +0.5000, +0.5000}, 
   { +0.5000, +0.5000, +0.5000, +0.5000, +0.0000, +1.0000, +0.0000, +0.0000, +0.5000, +0.5000, +0.5000, +0.5000, +0.5000, +0.5000, +0.5000, +0.5000, +0.5000, +0.5000, +0.5000, +0.5000}, 
   { +0.5000, +0.5000, +0.5000, +0.5000, +0.0000, +0.0000, +1.0000, +0.0000, +0.5000, +0.5000, +0.5000, +0.5000, +0.5000, +0.5000, +0.5000, +0.5000, +0.5000, +0.5000, +0.5000, +0.5000}, 
   { +0.5000, +0.5000, +0.5000, +0.5000, +0.0000, +0.0000, +0.0000, +1.0000, +0.5000, +0.5000, +0.5000, +0.5000, +0.5000, +0.5000, +0.5000, +0.5000, +0.5000, +0.5000, +0.5000, +0.5000}, 
   { +0.5000, +0.5000, +0.5000, +0.5000, +0.5000, +0.5000, +0.5000, +0.5000, +1.0000, +0.0000, +0.0000, +0.0000, +0.5000, +0.5000, +0.5000, +0.5000, +0.5000, +0.5000, +0.5000, +0.5000}, 
   { +0.5000, +0.5000, +0.5000, +0.5000, +0.5000, +0.5000, +0.5000, +0.5000, +0.0000, +1.0000, +0.0000, +0.0000, +0.5000, +0.5000, +0.5000, +0.5000, +0.5000, +0.5000, +0.5000, +0.5000}, 
   { +0.5000, +0.5000, +0.5000, +0.5000, +0.5000, +0.5000, +0.5000, +0.5000, +0.0000, +0.0000, +1.0000, +0.0000, +0.5000, +0.5000, +0.5000, +0.5000, +0.5000, +0.5000, +0.5000, +0.5000}, 
   { +0.5000, +0.5000, +0.5000, +0.5000, +0.5000, +0.5000, +0.5000, +0.5000, +0.0000, +0.0000, +0.0000, +1.0000, +0.5000, +0.5000, +0.5000, +0.5000, +0.5000, +0.5000, +0.5000, +0.5000}, 
   { +0.5000, +0.5000, +0.5000, +0.5000, +0.5000, +0.5000, +0.5000, +0.5000, +0.5000, +0.5000, +0.5000, +0.5000, +1.0000, +0.0000, +0.0000, +0.0000, +0.5000, +0.5000, +0.5000, +0.5000}, 
   { +0.5000, +0.5000, +0.5000, +0.5000, +0.5000, +0.5000, +0.5000, +0.5000, +0.5000, +0.5000, +0.5000, +0.5000, +0.0000, +1.0000, +0.0000, +0.0000, +0.5000, +0.5000, +0.5000, +0.5000}, 
   { +0.5000, +0.5000, +0.5000, +0.5000, +0.5000, +0.5000, +0.5000, +0.5000, +0.5000, +0.5000, +0.5000, +0.5000, +0.0000, +0.0000, +1.0000, +0.0000, +0.5000, +0.5000, +0.5000, +0.5000}, 
   { +0.5000, +0.5000, +0.5000, +0.5000, +0.5000, +0.5000, +0.5000, +0.5000, +0.5000, +0.5000, +0.5000, +0.5000, +0.0000, +0.0000, +0.0000, +1.0000, +0.5000, +0.5000, +0.5000, +0.5000}, 
   { +0.5000, +0.5000, +0.5000, +0.5000, +0.5000, +0.5000, +0.5000, +0.5000, +0.5000, +0.5000, +0.5000, +0.5000, +0.5000, +0.5000, +0.5000, +0.5000, +1.0000, +0.0000, +0.0000, +0.0000}, 
   { +0.5000, +0.5000, +0.5000, +0.5000, +0.5000, +0.5000, +0.5000, +0.5000, +0.5000, +0.5000, +0.5000, +0.5000, +0.5000, +0.5000, +0.5000, +0.5000, +0.0000, +1.0000, +0.0000, +0.0000}, 
   { +0.5000, +0.5000, +0.5000, +0.5000, +0.5000, +0.5000, +0.5000, +0.5000, +0.5000, +0.5000, +0.5000, +0.5000, +0.5000, +0.5000, +0.5000, +0.5000, +0.0000, +0.0000, +1.0000, +0.0000}, 
   { +0.5000, +0.5000, +0.5000, +0.5000, +0.5000, +0.5000, +0.5000, +0.5000, +0.5000, +0.5000, +0.5000, +0.5000, +0.5000, +0.5000, +0.5000, +0.5000, +0.0000, +0.0000, +0.0000, +1.0000} } 
