---------------------
Basis Indices:
---------------------

{1, 0, 0, 0}, {1, 0, 0, 0}, {1, 0, 0, 0}, {1, 0, 0, 0}


{0.5, 0.5, 0.5, 0.5}, {}, {}, {}


{0.5, x_33+i*x_129, x_34+i*x_130, x_35+i*x_131}, {}, {}, {}


{0.5, x_49+i*x_145, x_50+i*x_146, x_51+i*x_147}, {}, {}, {}


{0.5, x_65+i*x_161, x_66+i*x_162, x_67+i*x_163}, {}, {}, {}


{0.5, x_81+i*x_177, x_82+i*x_178, x_83+i*x_179}, {}, {}, {}

---------------------
Problem: 
---------------------
Find a point satisfying:

-0.25*{} + 1*{ 193 193} + 1*{ 192 192} = 0 

1*{ 131 147} + 0.25*{} + 1*{ 129 145} + 1*{ 130 146} + 1*{  34  50} + 1*{  35  51} + -1*{ 192} + 1*{  33  49} = 0 

1*{  35 147} + 1*{  33 145} + -1*{  51 131} + -1*{  50 130} + 1*{  34 146} + -1*{  49 129} + -1*{ 193} = 0 

-0.25*{} + 1*{ 195 195} + 1*{ 194 194} = 0 

1*{ 131 163} + 1*{ 129 161} + 1*{  35  67} + 1*{ 130 162} + 1*{  34  66} + 1*{  33  65} + 0.25*{} + -1*{ 194} = 0 

-1*{  67 131} + -1*{  66 130} + 1*{  34 162} + 1*{  35 163} + -1*{  65 129} + 1*{  33 161} + -1*{ 195} = 0 

-0.25*{} + 1*{ 197 197} + 1*{ 196 196} = 0 

1*{ 131 179} + 1*{ 130 178} + 1*{  34  82} + 1*{  35  83} + -1*{ 196} + 0.25*{} + 1*{ 129 177} + 1*{  33  81} = 0 

1*{  33 177} + 1*{  35 179} + -1*{  82 130} + 1*{  34 178} + -1*{  81 129} + -1*{  83 131} + -1*{ 197} = 0 

1*{ 129 129} + -0.25*{} + 1*{  33  33} = 0 

-0.25*{} + 1*{ 130 130} + 1*{  34  34} = 0 

-0.25*{} + 1*{ 131 131} + 1*{  35  35} = 0 

0.25*{ 129 129} + 0.5*{ 129 131} + 0.25*{  35  35} + 0.25*{ 131 131} + 0.25*{  34} + 0.5*{ 130 131} + 0.25*{  33  33} + 0.5*{ 129 130} + 0.5*{  33  34} + -0.1875*{} + 0.25*{ 130 130} + 0.5*{  33  35} + 0.5*{  34  35} + 0.25*{  35} + 0.25*{  34  34} + 0.25*{  33} = 0 

-0.25*{} + 1*{ 199 199} + 1*{ 198 198} = 0 

1*{ 147 163} + 1*{ 146 162} + 1*{  51  67} + 1*{  50  66} + 1*{ 145 161} + 1*{  49  65} + 0.25*{} + -1*{ 198} = 0 

1*{  51 163} + -1*{  66 146} + -1*{ 199} + -1*{  67 147} + 1*{  50 162} + -1*{  65 145} + 1*{  49 161} = 0 

-0.25*{} + 1*{ 201 201} + 1*{ 200 200} = 0 

1*{  51  83} + 1*{ 146 178} + 1*{  50  82} + 1*{ 145 177} + 1*{  49  81} + 0.25*{} + 1*{ 147 179} + -1*{ 200} = 0 

-1*{  82 146} + 1*{  51 179} + 1*{  50 178} + -1*{  81 145} + -1*{  83 147} + 1*{  49 177} + -1*{ 201} = 0 

-0.25*{} + 1*{ 145 145} + 1*{  49  49} = 0 

-0.25*{} + 1*{ 146 146} + 1*{  50  50} = 0 

-0.25*{} + 1*{ 147 147} + 1*{  51  51} = 0 

0.25*{  49  49} + 0.5*{  49  51} + 0.25*{ 145 145} + 0.25*{ 146 146} + 0.25*{  50  50} + 0.5*{ 145 147} + 0.25*{ 147 147} + 0.5*{ 145 146} + 0.25*{  50} + 0.25*{  49} + 0.5*{ 146 147} + -0.1875*{} + 0.5*{  50  51} + 0.5*{  49  50} + 0.25*{  51  51} + 0.25*{  51} = 0 

-0.25*{} + 1*{ 203 203} + 1*{ 202 202} = 0 

0.25*{} + 1*{  66  82} + 1*{ 163 179} + 1*{ 161 177} + 1*{  67  83} + -1*{ 202} + 1*{ 162 178} + 1*{  65  81} = 0 

1*{  66 178} + 1*{  67 179} + -1*{  83 163} + -1*{ 203} + -1*{  82 162} + -1*{  81 161} + 1*{  65 177} = 0 

-0.25*{} + 1*{ 161 161} + 1*{  65  65} = 0 

-0.25*{} + 1*{ 162 162} + 1*{  66  66} = 0 

-0.25*{} + 1*{ 163 163} + 1*{  67  67} = 0 

0.25*{ 161 161} + 0.5*{ 162 163} + 0.25*{  67  67} + 0.25*{  65} + 0.5*{ 161 163} + 0.5*{  66  67} + 0.5*{  65  66} + 0.25*{  66  66} + 0.5*{  65  67} + -0.1875*{} + 0.5*{ 161 162} + 0.25*{  65  65} + 0.25*{ 163 163} + 0.25*{  67} + 0.25*{  66} + 0.25*{ 162 162} = 0 

-0.25*{} + 1*{ 177 177} + 1*{  81  81} = 0 

-0.25*{} + 1*{ 178 178} + 1*{  82  82} = 0 

1*{ 179 179} + -0.25*{} + 1*{  83  83} = 0 

-0.1875*{} + 0.25*{  83  83} + 0.25*{  82  82} + 0.25*{ 179 179} + 0.25*{ 178 178} + 0.5*{ 177 178} + 0.25*{  81  81} + 0.5*{  82  83} + 0.5*{ 177 179} + 0.5*{ 178 179} + 0.5*{  81  83} + 0.25*{ 177 177} + 0.5*{  81  82} + 0.25*{  83} + 0.25*{  82} + 0.25*{  81} = 0 

---------------------
Summary:
---------------------
set sizes: {4, 1, 1, 1, 1, 1}, vars: 36, vectors: 9, equations: 34, indep eqn: 34

---------------------
Optimization:
---------------------
1 1.220e+00 1.220e+00
2 9.445e+01 1.220e+00
3 5.483e+01 1.220e+00
4 1.963e+01 1.220e+00
5 6.990e+00 1.220e+00
6 6.105e+01 1.220e+00
7 2.190e+01 1.220e+00
8 8.049e+00 1.220e+00
9 2.862e+00 1.220e+00
10 1.871e+00 1.220e+00
11 6.515e-01 6.515e-01
12 2.281e-01 2.281e-01
13 8.148e-02 8.148e-02
14 3.095e-02 3.095e-02
15 1.802e-02 1.802e-02
16 6.648e-03 6.648e-03
17 2.775e-03 2.775e-03
18 1.709e-03 1.709e-03
19 1.631e-03 1.631e-03
20 3.006e-03 1.631e-03
21 9.719e-04 9.719e-04
22 3.350e-04 3.350e-04
23 1.306e-04 1.306e-04
24 5.248e-05 5.248e-05
25 1.935e-05 1.935e-05
26 6.697e-06 6.697e-06
27 2.207e-06 2.207e-06
28 7.033e-07 7.033e-07
29 2.193e-07 2.193e-07
30 6.751e-08 6.751e-08
31 2.072e-08 2.072e-08
32 6.305e-09 6.305e-09
33 1.914e-09 1.914e-09
34 5.806e-10 5.806e-10
35 1.767e-10 1.767e-10
36 5.505e-11 5.505e-11
37 2.578e-11 2.578e-11
38 1.078e-11 1.078e-11
39 9.654e-12 9.654e-12
40 4.081e-12 4.081e-12
41 2.208e-12 2.208e-12
42 1.140e-12 1.140e-12
43 6.889e-13 6.889e-13
44 3.985e-13 3.985e-13
45 1.752e-13 1.752e-13
46 6.040e-14 6.040e-14
1 (precision) 1.899e-14 1.899e-14 (from 6.040e-14)
2 (precision) 3.480e-15 3.480e-15 (from 6.040e-14)
3 (precision) 2.953e-17 2.953e-17 (from 6.040e-14)
4 (precision) 1.443e-15 2.953e-17 (from 6.040e-14)
5 (precision) 4.319e-16 2.953e-17 (from 6.040e-14)
6 (precision) 1.760e-15 2.953e-17 (from 6.040e-14)
7 (precision) 1.000e-15 2.953e-17 (from 6.040e-14)
8 (precision) 9.455e-15 2.953e-17 (from 6.040e-14)
9 (precision) 7.482e-16 2.953e-17 (from 6.040e-14)
10 (precision) 2.208e-15 2.953e-17 (from 6.040e-14)
11 (precision) 9.268e-16 2.953e-17 (from 6.040e-14)
12 (precision) 2.802e-16 2.953e-17 (from 6.040e-14)
13 (precision) 3.074e-15 2.953e-17 (from 6.040e-14)
14 (precision) 1.327e-15 2.953e-17 (from 6.040e-14)
15 (precision) 3.857e-15 2.953e-17 (from 6.040e-14)
16 (precision) 2.238e-15 2.953e-17 (from 6.040e-14)
17 (precision) 2.176e-15 2.953e-17 (from 6.040e-14)
18 (precision) 8.180e-17 2.953e-17 (from 6.040e-14)
19 (precision) 3.986e-16 2.953e-17 (from 6.040e-14)
20 (precision) 9.086e-16 2.953e-17 (from 6.040e-14)
21 (precision) 2.358e-15 2.953e-17 (from 6.040e-14)
22 (precision) 8.761e-16 2.953e-17 (from 6.040e-14)
23 (precision) 4.445e-16 2.953e-17 (from 6.040e-14)
24 (precision) 2.485e-16 2.953e-17 (from 6.040e-14)
25 (precision) 1.404e-14 2.953e-17 (from 6.040e-14)
26 (precision) 4.118e-15 2.953e-17 (from 6.040e-14)
27 (precision) 2.046e-15 2.953e-17 (from 6.040e-14)
28 (precision) 6.433e-16 2.953e-17 (from 6.040e-14)
29 (precision) 3.226e-15 2.953e-17 (from 6.040e-14)
30 (precision) 1.147e-15 2.953e-17 (from 6.040e-14)
31 (precision) 1.292e-15 2.953e-17 (from 6.040e-14)
32 (precision) 4.150e-15 2.953e-17 (from 6.040e-14)
33 (precision) 1.192e-15 2.953e-17 (from 6.040e-14)
34 (precision) 1.602e-14 2.953e-17 (from 6.040e-14)
35 (precision) 4.268e-15 2.953e-17 (from 6.040e-14)
36 (precision) 2.032e-15 2.953e-17 (from 6.040e-14)
37 (precision) 7.907e-14 2.953e-17 (from 6.040e-14)
38 (precision) 1.980e-14 2.953e-17 (from 6.040e-14)
39 (precision) 5.113e-14 2.953e-17 (from 6.040e-14)
40 (precision) 4.945e-13 2.953e-17 (from 6.040e-14)
41 (precision) 4.623e-14 2.953e-17 (from 6.040e-14)
42 (precision) 5.875e-12 2.953e-17 (from 6.040e-14)
43 (precision) 1.618e-12 2.953e-17 (from 6.040e-14)
44 (precision) 3.045e-14 2.953e-17 (from 6.040e-14)
45 (precision) 9.208e-07 2.953e-17 (from 6.040e-14)
46 (precision) 2.538e-07 2.953e-17 (from 6.040e-14)
47 (precision) 6.995e-08 2.953e-17 (from 6.040e-14)
48 (precision) 1.928e-08 2.953e-17 (from 6.040e-14)
49 (precision) 5.314e-09 2.953e-17 (from 6.040e-14)
50 (precision) 1.463e-09 2.953e-17 (from 6.040e-14)
51 (precision) 3.881e-10 2.953e-17 (from 6.040e-14)
52 (precision) 8.353e-11 2.953e-17 (from 6.040e-14)
53 (precision) 4.256e-11 2.953e-17 (from 6.040e-14)
54 (precision) 1.922e-09 2.953e-17 (from 6.040e-14)
55 (precision) 5.008e-10 2.953e-17 (from 6.040e-14)
56 (precision) 8.892e-11 2.953e-17 (from 6.040e-14)
57 (precision) 8.526e-09 2.953e-17 (from 6.040e-14)
58 (precision) 2.084e-09 2.953e-17 (from 6.040e-14)
59 (precision) 2.612e-10 2.953e-17 (from 6.040e-14)
60 (precision) 4.599e-11 2.953e-17 (from 6.040e-14)
61 (precision) 9.740e-12 2.953e-17 (from 6.040e-14)
62 (precision) 2.422e-11 2.953e-17 (from 6.040e-14)
63 (precision) 2.395e-12 2.953e-17 (from 6.040e-14)
64 (precision) 3.927e-09 2.953e-17 (from 6.040e-14)
65 (precision) 1.078e-09 2.953e-17 (from 6.040e-14)
66 (precision) 2.958e-10 2.953e-17 (from 6.040e-14)
67 (precision) 8.152e-11 2.953e-17 (from 6.040e-14)
68 (precision) 1.493e-11 2.953e-17 (from 6.040e-14)
69 (precision) 1.447e-08 2.953e-17 (from 6.040e-14)
70 (precision) 3.985e-09 2.953e-17 (from 6.040e-14)
71 (precision) 1.098e-09 2.953e-17 (from 6.040e-14)
72 (precision) 1.345e-10 2.953e-17 (from 6.040e-14)
73 (precision) 3.628e-11 2.953e-17 (from 6.040e-14)
74 (precision) 4.376e-11 2.953e-17 (from 6.040e-14)
75 (precision) 5.626e-11 2.953e-17 (from 6.040e-14)
76 (precision) 2.687e-11 2.953e-17 (from 6.040e-14)
77 (precision) 1.065e-08 2.953e-17 (from 6.040e-14)
78 (precision) 2.918e-09 2.953e-17 (from 6.040e-14)
79 (precision) 7.969e-10 2.953e-17 (from 6.040e-14)
80 (precision) 1.595e-10 2.953e-17 (from 6.040e-14)
81 (precision) 8.840e-11 2.953e-17 (from 6.040e-14)
82 (precision) 1.911e-10 2.953e-17 (from 6.040e-14)
83 (precision) 3.387e-11 2.953e-17 (from 6.040e-14)
84 (precision) 3.085e-09 2.953e-17 (from 6.040e-14)
85 (precision) 8.025e-10 2.953e-17 (from 6.040e-14)
86 (precision) 1.799e-10 2.953e-17 (from 6.040e-14)
87 (precision) 1.253e-09 2.953e-17 (from 6.040e-14)
88 (precision) 2.870e-10 2.953e-17 (from 6.040e-14)
89 (precision) 4.526e-11 2.953e-17 (from 6.040e-14)
90 (precision) 2.385e-08 2.953e-17 (from 6.040e-14)
91 (precision) 6.557e-09 2.953e-17 (from 6.040e-14)
92 (precision) 1.807e-09 2.953e-17 (from 6.040e-14)
93 (precision) 4.197e-10 2.953e-17 (from 6.040e-14)
94 (precision) 9.066e-10 2.953e-17 (from 6.040e-14)
95 (precision) 1.200e-09 2.953e-17 (from 6.040e-14)
96 (precision) 1.283e-10 2.953e-17 (from 6.040e-14)
97 (precision) 7.854e-11 2.953e-17 (from 6.040e-14)
98 (precision) 1.485e-08 2.953e-17 (from 6.040e-14)
99 (precision) 4.087e-09 2.953e-17 (from 6.040e-14)
100 (precision) 1.074e-09 2.953e-17 (from 6.040e-14)

x:  4.436e-01 -4.821e-01  4.726e-02 -4.470e-01 -3.140e-02 -4.699e-01 -4.309e-01  4.583e-01  4.165e-01  3.672e-01  1.063e-01 -3.652e-02  2.307e-01  1.325e-01  4.978e-01 -2.240e-01 -4.990e-01 -1.708e-01 -2.536e-01  2.000e-01 -2.766e-01 -3.393e-01  4.886e-01 -4.987e-01 -1.582e-01  4.743e-01 -3.121e-01 -3.906e-01  9.820e-02 -4.903e-01  2.368e-01  4.404e-01  1.706e-02  4.997e-01  4.469e-01  2.242e-01  1.651e-10

grad:  2.226e-10 -6.178e-11  1.414e-10 -3.705e-10  1.239e-10 -1.151e-10 -1.171e-10  1.426e-10 -7.985e-11  4.431e-10  1.332e-10  2.810e-10  1.776e-10  7.277e-11  6.885e-11 -1.041e-10 -2.654e-10 -1.156e-11 -9.622e-11 -7.876e-11 -6.340e-11 -3.608e-10  4.268e-10 -2.690e-11  1.127e-10  2.940e-11 -1.030e-11 -8.971e-11  9.899e-12  1.087e-10 -2.796e-11 -5.402e-11  2.162e-10 -1.099e-10  4.423e-11 -1.653e-10  1.285e-15

finished in 46 iterations (0.023 seconds total)
max viol = 1.49e-08

---------------------
Result:
---------------------

{(1,0), (0,0), (0,0), (0,0)}, {(0,0), (1,0), (0,0), (0,0)}, {(0,0), (0,0), (1,0), (0,0)}, {(0,0), (0,0), (0,0), (1,0)}


{(0.5,0), (0.5,0), (0.5,0), (0.5,0)}, {}, {}, {}


{(0.5,0), (0.444,0.231), (-0.482,0.132), (0.0473,0.498)}, {}, {}, {}


{(0.5,0), (-0.447,-0.224), (-0.0314,-0.499), (-0.47,-0.171)}, {}, {}, {}


{(0.5,0), (-0.431,-0.254), (0.458,0.2), (0.417,-0.277)}, {}, {}, {}


{(0.5,0), (0.367,-0.339), (0.106,0.489), (-0.0365,-0.499)}, {}, {}, {}

---------------------
Abs of Gram matrix:
---------------------

 { { +1.0000, +0.0000, +0.0000, +0.0000, +0.5000, +0.0000, +0.0000, +0.0000, +0.5000, +0.0000, +0.0000, +0.0000, +0.5000, +0.0000, +0.0000, +0.0000, +0.5000, +0.0000, +0.0000, +0.0000, +0.5000, +0.0000, +0.0000, +0.0000}, 
   { +0.0000, +1.0000, +0.0000, +0.0000, +0.5000, +0.0000, +0.0000, +0.0000, +0.5000, +0.0000, +0.0000, +0.0000, +0.5000, +0.0000, +0.0000, +0.0000, +0.5000, +0.0000, +0.0000, +0.0000, +0.5000, +0.0000, +0.0000, +0.0000}, 
   { +0.0000, +0.0000, +1.0000, +0.0000, +0.5000, +0.0000, +0.0000, +0.0000, +0.5000, +0.0000, +0.0000, +0.0000, +0.5000, +0.0000, +0.0000, +0.0000, +0.5000, +0.0000, +0.0000, +0.0000, +0.5000, +0.0000, +0.0000, +0.0000}, 
   { +0.0000, +0.0000, +0.0000, +1.0000, +0.5000, +0.0000, +0.0000, +0.0000, +0.5000, +0.0000, +0.0000, +0.0000, +0.5000, +0.0000, +0.0000, +0.0000, +0.5000, +0.0000, +0.0000, +0.0000, +0.5000, +0.0000, +0.0000, +0.0000}, 
   { +0.5000, +0.5000, +0.5000, +0.5000, +1.0000, +0.0000, +0.0000, +0.0000, +0.5000, +0.0000, +0.0000, +0.0000, +0.5000, +0.0000, +0.0000, +0.0000, +0.5000, +0.0000, +0.0000, +0.0000, +0.5000, +0.0000, +0.0000, +0.0000}, 
   { +0.0000, +0.0000, +0.0000, +0.0000, +0.0000, +0.0000, +0.0000, +0.0000, +0.0000, +0.0000, +0.0000, +0.0000, +0.0000, +0.0000, +0.0000, +0.0000, +0.0000, +0.0000, +0.0000, +0.0000, +0.0000, +0.0000, +0.0000, +0.0000}, 
   { +0.0000, +0.0000, +0.0000, +0.0000, +0.0000, +0.0000, +0.0000, +0.0000, +0.0000, +0.0000, +0.0000, +0.0000, +0.0000, +0.0000, +0.0000, +0.0000, +0.0000, +0.0000, +0.0000, +0.0000, +0.0000, +0.0000, +0.0000, +0.0000}, 
   { +0.0000, +0.0000, +0.0000, +0.0000, +0.0000, +0.0000, +0.0000, +0.0000, +0.0000, +0.0000, +0.0000, +0.0000, +0.0000, +0.0000, +0.0000, +0.0000, +0.0000, +0.0000, +0.0000, +0.0000, +0.0000, +0.0000, +0.0000, +0.0000}, 
   { +0.5000, +0.5000, +0.5000, +0.5000, +0.5000, +0.0000, +0.0000, +0.0000, +1.0000, +0.0000, +0.0000, +0.0000, +0.5000, +0.0000, +0.0000, +0.0000, +0.5000, +0.0000, +0.0000, +0.0000, +0.5000, +0.0000, +0.0000, +0.0000}, 
   { +0.0000, +0.0000, +0.0000, +0.0000, +0.0000, +0.0000, +0.0000, +0.0000, +0.0000, +0.0000, +0.0000, +0.0000, +0.0000, +0.0000, +0.0000, +0.0000, +0.0000, +0.0000, +0.0000, +0.0000, +0.0000, +0.0000, +0.0000, +0.0000}, 
   { +0.0000, +0.0000, +0.0000, +0.0000, +0.0000, +0.0000, +0.0000, +0.0000, +0.0000, +0.0000, +0.0000, +0.0000, +0.0000, +0.0000, +0.0000, +0.0000, +0.0000, +0.0000, +0.0000, +0.0000, +0.0000, +0.0000, +0.0000, +0.0000}, 
   { +0.0000, +0.0000, +0.0000, +0.0000, +0.0000, +0.0000, +0.0000, +0.0000, +0.0000, +0.0000, +0.0000, +0.0000, +0.0000, +0.0000, +0.0000, +0.0000, +0.0000, +0.0000, +0.0000, +0.0000, +0.0000, +0.0000, +0.0000, +0.0000}, 
   { +0.5000, +0.5000, +0.5000, +0.5000, +0.5000, +0.0000, +0.0000, +0.0000, +0.5000, +0.0000, +0.0000, +0.0000, +1.0000, +0.0000, +0.0000, +0.0000, +0.5000, +0.0000, +0.0000, +0.0000, +0.5000, +0.0000, +0.0000, +0.0000}, 
   { +0.0000, +0.0000, +0.0000, +0.0000, +0.0000, +0.0000, +0.0000, +0.0000, +0.0000, +0.0000, +0.0000, +0.0000, +0.0000, +0.0000, +0.0000, +0.0000, +0.0000, +0.0000, +0.0000, +0.0000, +0.0000, +0.0000, +0.0000, +0.0000}, 
   { +0.0000, +0.0000, +0.0000, +0.0000, +0.0000, +0.0000, +0.0000, +0.0000, +0.0000, +0.0000, +0.0000, +0.0000, +0.0000, +0.0000, +0.0000, +0.0000, +0.0000, +0.0000, +0.0000, +0.0000, +0.0000, +0.0000, +0.0000, +0.0000}, 
   { +0.0000, +0.0000, +0.0000, +0.0000, +0.0000, +0.0000, +0.0000, +0.0000, +0.0000, +0.0000, +0.0000, +0.0000, +0.0000, +0.0000, +0.0000, +0.0000, +0.0000, +0.0000, +0.0000, +0.0000, +0.0000, +0.0000, +0.0000, +0.0000}, 
   { +0.5000, +0.5000, +0.5000, +0.5000, +0.5000, +0.0000, +0.0000, +0.0000, +0.5000, +0.0000, +0.0000, +0.0000, +0.5000, +0.0000, +0.0000, +0.0000, +1.0000, +0.0000, +0.0000, +0.0000, +0.5000, +0.0000, +0.0000, +0.0000}, 
   { +0.0000, +0.0000, +0.0000, +0.0000, +0.0000, +0.0000, +0.0000, +0.0000, +0.0000, +0.0000, +0.0000, +0.0000, +0.0000, +0.0000, +0.0000, +0.0000, +0.0000, +0.0000, +0.0000, +0.0000, +0.0000, +0.0000, +0.0000, +0.0000}, 
   { +0.0000, +0.0000, +0.0000, +0.0000, +0.0000, +0.0000, +0.0000, +0.0000, +0.0000, +0.0000, +0.0000, +0.0000, +0.0000, +0.0000, +0.0000, +0.0000, +0.0000, +0.0000, +0.0000, +0.0000, +0.0000, +0.0000, +0.0000, +0.0000}, 
   { +0.0000, +0.0000, +0.0000, +0.0000, +0.0000, +0.0000, +0.0000, +0.0000, +0.0000, +0.0000, +0.0000, +0.0000, +0.0000, +0.0000, +0.0000, +0.0000, +0.0000, +0.0000, +0.0000, +0.0000, +0.0000, +0.0000, +0.0000, +0.0000}, 
   { +0.5000, +0.5000, +0.5000, +0.5000, +0.5000, +0.0000, +0.0000, +0.0000, +0.5000, +0.0000, +0.0000, +0.0000, +0.5000, +0.0000, +0.0000, +0.0000, +0.5000, +0.0000, +0.0000, +0.0000, +1.0000, +0.0000, +0.0000, +0.0000}, 
   { +0.0000, +0.0000, +0.0000, +0.0000, +0.0000, +0.0000, +0.0000, +0.0000, +0.0000, +0.0000, +0.0000, +0.0000, +0.0000, +0.0000, +0.0000, +0.0000, +0.0000, +0.0000, +0.0000, +0.0000, +0.0000, +0.0000, +0.0000, +0.0000}, 
   { +0.0000, +0.0000, +0.0000, +0.0000, +0.0000, +0.0000, +0.0000, +0.0000, +0.0000, +0.0000, +0.0000, +0.0000, +0.0000, +0.0000, +0.0000, +0.0000, +0.0000, +0.0000, +0.0000, +0.0000, +0.0000, +0.0000, +0.0000, +0.0000}, 
   { +0.0000, +0.0000, +0.0000, +0.0000, +0.0000, +0.0000, +0.0000, +0.0000, +0.0000, +0.0000, +0.0000, +0.0000, +0.0000, +0.0000, +0.0000, +0.0000, +0.0000, +0.0000, +0.0000, +0.0000, +0.0000, +0.0000, +0.0000, +0.0000} } 
