---------------------
Basis Indices:
---------------------

{-, -, -, -}, {-, -, -, -}, {-, -, -, -}, {-, -, -, -}


{-, -, -, -}, {-, 21+i101, 22+i102, 23+i103}, {}, {}


{-, 33+i113, 34+i114, 35+i115}, {}, {}, {}


{-, 49+i129, 50+i130, 51+i131}, {}, {}, {}


{-, 65+i145, 66+i146, 67+i147}, {}, {}, {}

---------------------
Index Mapping: 
---------------------

{177: 33, 176: 32, 175: 31, 67: 10, 66: 9, 65: 8, 51: 7, 22: 1, 102: 12, 131: 18, 50: 6, 21: 0, 166: 24, 101: 11, 130: 17, 167: 25, 49: 5, 33: 2, 35: 4, 34: 3, 171: 27, 173: 29, 114: 14, 113: 13, 172: 28, 174: 30, 115: 15, 129: 16, 145: 19, 146: 20, 147: 21, 162: 22, 163: 23, 170: 26}

---------------------
Final Problem: 
---------------------
Find a point satisfying:

0.5*{ 2 3} + 0.5*{1314} + 0.5*{ 2 4} + 0.25*{ 2} + 0.5*{ 3 4} + 0.5*{1415} + 0.25*{ 3} + 0.25*{ 4} + 0.5*{1315} = 0 

-0.25*{} + 1*{2323} + 1*{2222} = 0 

-0.5*{ 4} + -1*{ 1 4} + 0.25*{} + 1*{1214} + -1*{ 0 4} + -1*{1115} + -1*{1215} + 1*{1113} + 1*{ 0 2} + 1*{ 1 3} + -1*{22} = 0 

1*{ 114} + -1*{ 211} + -1*{ 015} + 1*{ 412} + -1*{ 312} + -1*{23} + -0.5*{15} + -1*{ 115} + 1*{ 411} + 1*{ 013} = 0 

0.5*{ 6 7} + 0.5*{ 5 7} + 0.25*{ 6} + 0.25*{ 7} + 0.25*{ 5} + 0.5*{ 5 6} + 0.5*{1618} + 0.5*{1718} + 0.5*{1617} = 0 

-0.25*{} + 1*{2525} + 1*{2424} = 0 

-1*{1118} + 1*{ 1 6} + -1*{1218} + 1*{1116} + -1*{ 1 7} + -1*{ 0 7} + 1*{ 0 5} + 0.25*{} + 1*{1217} + -0.5*{ 7} + -1*{24} = 0 

-1*{ 511} + -1*{ 612} + 1*{ 711} + 1*{ 117} + -1*{25} + -1*{ 118} + -0.5*{18} + -1*{ 018} + 1*{ 016} + 1*{ 712} = 0 

0.5*{ 810} + 0.5*{ 910} + 0.25*{10} + 0.5*{ 8 9} + 0.5*{1921} + 0.25*{ 9} + 0.5*{1920} + 0.5*{2021} + 0.25*{ 8} = 0 

-0.25*{} + 1*{2727} + 1*{2626} = 0 

-1*{ 010} + -1*{1121} + 0.25*{} + -1*{1221} + -1*{ 110} + 1*{ 1 9} + -0.5*{10} + 1*{1119} + 1*{1220} + -1*{26} + 1*{ 0 8} = 0 

-0.5*{21} + -1*{ 021} + -1*{ 811} + 1*{1012} + -1*{ 121} + 1*{1011} + -1*{ 912} + -1*{27} + 1*{ 019} + 1*{ 120} = 0 

-0.25*{} + 1*{2929} + 1*{2828} = 0 

1*{ 4 7} + 1*{1417} + 0.25*{} + 1*{1316} + 1*{1518} + -1*{28} + 1*{ 3 6} + 1*{ 2 5} = 0 

-1*{ 715} + 1*{ 317} + 1*{ 216} + -1*{29} + -1*{ 614} + -1*{ 513} + 1*{ 418} = 0 

-0.25*{} + 1*{3131} + 1*{3030} = 0 

-1*{30} + 1*{ 2 8} + 1*{1521} + 0.25*{} + 1*{ 3 9} + 1*{1319} + 1*{ 410} + 1*{1420} = 0 

1*{ 421} + 1*{ 219} + -1*{ 914} + 1*{ 320} + -1*{1015} + -1*{ 813} + -1*{31} = 0 

-0.25*{} + 1*{3333} + 1*{3232} = 0 

1*{1720} + 1*{1619} + 1*{ 6 9} + 1*{ 710} + 1*{1821} + 1*{ 5 8} + -1*{32} + 0.25*{} = 0 

1*{ 620} + -1*{ 917} + 1*{ 519} + -1*{1018} + -1*{33} + 1*{ 721} + -1*{ 816} = 0 

1*{1111} + -0.25*{} + 1*{ 0 0} = 0 

-0.25*{} + 1*{ 1 1} + 1*{1212} = 0 

0.5*{} + 2*{ 0 1} + 2*{1112} + 1*{ 1} + 1*{ 0} = 0 

1*{1313} + -0.25*{} + 1*{ 2 2} = 0 

-0.25*{} + 1*{1414} + 1*{ 3 3} = 0 

-0.25*{} + 1*{1515} + 1*{ 4 4} = 0 

-0.25*{} + 1*{1616} + 1*{ 5 5} = 0 

-0.25*{} + 1*{1717} + 1*{ 6 6} = 0 

-0.25*{} + 1*{ 7 7} + 1*{1818} = 0 

-0.25*{} + 1*{1919} + 1*{ 8 8} = 0 

-0.25*{} + 1*{2020} + 1*{ 9 9} = 0 

-0.25*{} + 1*{2121} + 1*{1010} = 0 

-2*{14} + -8*{ 4} + -4*{} + -16*{13} + -32*{ 2} + -1*{15} + -4*{ 3} + 15*{11} + 24*{ 0} + -4*{ 1} + 1*{12} > 0 

-4*{ 6} + 32*{ 2} + 16*{13} + 8*{ 4} + 2*{14} + -8*{ 7} + -16*{16} + -1*{18} + 4*{ 3} + -2*{17} + -32*{ 5} + 1*{15} > 0 

-1*{21} + -16*{19} + 1*{18} + 8*{ 7} + -8*{10} + 32*{ 5} + 2*{17} + 4*{ 6} + -2*{20} + -4*{ 9} + 16*{16} + -32*{ 8} > 0 

4*{16} + 1*{19} + -128*{ 1} + -64*{12} + 8*{13} + 16*{ 2} + -2*{ 9} + -1*{20} + -32*{ 6} + -8*{14} + 32*{ 5} + 128*{ 0} + 64*{11} + -16*{ 3} + -4*{17} + 2*{ 8} > 0 

-8*{15} + 4*{17} + 2*{ 9} + -16*{ 4} + 32*{ 6} + -32*{ 7} + 8*{14} + 1*{20} + -1*{21} + 16*{ 3} + 64*{11} + -4*{18} + 128*{ 0} + 256*{ 1} + 64*{} + 128*{12} + -2*{10} > 0 

1*{21} > 0 

{4, 2, 1, 1, 1, 1} 34
1 3.927870e+00 3.927870e+00
2 1.712954e+01 3.927870e+00
3 7.961618e+00 3.927870e+00
4 2.776781e+00 2.776781e+00
5 1.056351e+00 1.056351e+00
6 3.753902e-01 3.753902e-01
7 2.338366e-01 2.338366e-01
8 1.497459e-01 1.497459e-01
9 1.030355e-01 1.030355e-01
10 2.943808e-01 1.030355e-01
11 2.459559e+01 1.030355e-01
12 8.105760e+01 1.030355e-01
13 2.894206e+01 1.030355e-01
14 5.985427e+02 1.030355e-01
15 2.154358e+02 1.030355e-01
16 8.824923e+01 1.030355e-01
17 3.165036e+01 1.030355e-01
18 1.130894e+01 1.030355e-01
19 4.023988e+00 1.030355e-01
20 1.425620e+00 1.030355e-01
21 1.613786e+02 1.030355e-01
22 5.796495e+01 1.030355e-01
23 2.075832e+01 1.030355e-01
24 7.418568e+00 1.030355e-01
25 2.645472e+00 1.030355e-01
26 9.423021e-01 1.030355e-01
27 6.293728e-01 1.030355e-01
28 4.056022e-01 1.030355e-01
29 2.535518e-01 1.030355e-01
30 2.578115e+00 1.030355e-01
31 8.952385e-01 1.030355e-01
32 5.509022e-01 1.030355e-01
33 3.393903e-01 1.030355e-01
34 2.094141e-01 1.030355e-01
35 1.293027e-01 1.030355e-01
36 7.977414e-02 7.977414e-02
37 4.938891e-02 4.938891e-02
38 3.074185e-02 3.074185e-02
39 1.927799e-02 1.927799e-02
40 1.222541e-02 1.222541e-02
41 7.882892e-03 7.882892e-03
42 5.211641e-03 5.211641e-03
43 3.367125e-03 3.367125e-03
44 2.170988e-03 2.170988e-03
45 1.378384e-03 1.378384e-03
46 8.673337e-04 8.673337e-04
47 5.412801e-04 5.412801e-04
48 3.354090e-04 3.354090e-04
49 2.066003e-04 2.066003e-04
50 1.266282e-04 1.266282e-04
51 7.729608e-05 7.729608e-05
52 4.702629e-05 4.702629e-05
53 2.853364e-05 2.853364e-05
54 1.727577e-05 1.727577e-05
55 1.044171e-05 1.044171e-05
56 6.302510e-06 6.302510e-06
57 3.800042e-06 3.800042e-06
58 2.289263e-06 2.289263e-06
59 1.378209e-06 1.378209e-06
60 8.292946e-07 8.292946e-07
61 4.988004e-07 4.988004e-07
62 2.999216e-07 2.999216e-07
63 1.802942e-07 1.802942e-07
64 1.083610e-07 1.083610e-07
65 6.511780e-08 6.511780e-08
66 3.912698e-08 3.912698e-08
67 2.350791e-08 2.350791e-08
68 1.412283e-08 1.412283e-08
69 8.484101e-09 8.484101e-09
70 5.096498e-09 5.096498e-09
71 3.061425e-09 3.061425e-09
72 1.838929e-09 1.838929e-09
73 1.104581e-09 1.104581e-09
74 6.634734e-10 6.634734e-10
75 3.985150e-10 3.985150e-10
76 2.393649e-10 2.393649e-10
77 1.437716e-10 1.437716e-10
78 8.635570e-11 8.635570e-11
79 5.186705e-11 5.186705e-11
80 3.115194e-11 3.115194e-11
81 1.871258e-11 1.871258e-11
82 1.123881e-11 1.123881e-11
83 6.750417e-12 6.750417e-12
84 4.054382e-12 4.054382e-12
85 2.436312e-12 2.436312e-12
86 1.463213e-12 1.463213e-12
87 8.777708e-13 8.777708e-13
finished in 87 iterations (0.013 seconds total)
max viol = 2.91262e-07
max viol of orig = 0.489965
In a nicer form:
 { { (+1.0000000,+0.0000000), (+0.0000000,+0.0000000), (+0.0000000,+0.0000000), (+0.0000000,+0.0000000)}, 
   { (+0.0000000,+0.0000000), (+1.0000000,+0.0000000), (+0.0000000,+0.0000000), (+0.0000000,+0.0000000)}, 
   { (+0.0000000,+0.0000000), (+0.0000000,+0.0000000), (+1.0000000,+0.0000000), (+0.0000000,+0.0000000)}, 
   { (+0.0000000,+0.0000000), (+0.0000000,+0.0000000), (+0.0000000,+0.0000000), (+1.0000000,+0.0000000)} } 
 { { (+0.5000000,+0.0000000), (+0.5000000,+0.0000000), (+0.5000000,+0.0000000), (+0.5000000,+0.0000000)}, 
   { (+0.5000000,+0.0000000), (+0.1963377,+0.4598385), (-0.5000002,+0.0000004), (+0.0000000,+0.0000000)}, 
   { (+0.5000000,+0.0000000), (+0.0000000,+0.0000000), (+0.0000000,+0.0000000), (+0.0000000,+0.0000000)}, 
   { (+0.5000000,+0.0000000), (+0.0000000,+0.0000000), (+0.0000000,+0.0000000), (+0.0000000,+0.0000000)} } 
 { { (+0.5000000,+0.0000000), (-0.2740345,-0.4182168), (-0.0056933,-0.4999677), (+0.4632185,+0.1882250)}, 
   { (+0.5000000,+0.0000000), (+0.0000000,+0.0000000), (+0.0000000,+0.0000000), (+0.0000000,+0.0000000)}, 
   { (+0.5000000,+0.0000000), (+0.0000000,+0.0000000), (+0.0000000,+0.0000000), (+0.0000000,+0.0000000)}, 
   { (+0.5000000,+0.0000000), (+0.0000000,+0.0000000), (+0.0000000,+0.0000000), (+0.0000000,+0.0000000)} } 
 { { (+0.5000000,+0.0000000), (-0.4942082,-0.0758838), (-0.2452843,-0.4357014), (-0.4544999,-0.2083980)}, 
   { (+0.5000000,+0.0000000), (+0.0000000,+0.0000000), (+0.0000000,+0.0000000), (+0.0000000,+0.0000000)}, 
   { (+0.5000000,+0.0000000), (+0.0000000,+0.0000000), (+0.0000000,+0.0000000), (+0.0000000,+0.0000000)}, 
   { (+0.5000000,+0.0000000), (+0.0000000,+0.0000000), (+0.0000000,+0.0000000), (+0.0000000,+0.0000000)} } 
 { { (+0.5000000,+0.0000000), (+0.0996688,-0.4899654), (-0.5000001,-0.0000001), (+0.0996710,-0.4899651)}, 
   { (+0.5000000,+0.0000000), (+0.0000000,+0.0000000), (+0.0000000,+0.0000000), (+0.0000000,+0.0000000)}, 
   { (+0.5000000,+0.0000000), (+0.0000000,+0.0000000), (+0.0000000,+0.0000000), (+0.0000000,+0.0000000)}, 
   { (+0.5000000,+0.0000000), (+0.0000000,+0.0000000), (+0.0000000,+0.0000000), (+0.0000000,+0.0000000)} } 
