---------------------
Basis Indices:
---------------------

{-, -, -, -, -}, {}, {}, {}, {}


{-, -, -, -, -}, {}, {}, {}, {}


{-, 51+i226, 52+i227, 53+i228, 54+i229}, {}, {}, {}, {}


{-, 76+i251, 77+i252, 78+i253, 79+i254}, {}, {}, {}, {}


{-, 101+i276, 102+i277, 103+i278, 104+i279}, {}, {}, {}, {}


{-, 126+i301, 127+i302, 128+i303, 129+i304}, {}, {}, {}, {}


{-, 151+i326, 152+i327, 153+i328, 154+i329}, {}, {}, {}, {}

---------------------
Problem: 
---------------------
Find a point satisfying:

-0.2*{} + 1*{ 351 351} + 1*{ 350 350} = 0 

1*{ 228 253} + 1*{  53  78} + 1*{ 226 251} + 0.2*{} + -1*{ 350} + 1*{ 227 252} + 1*{  51  76} + 1*{  52  77} + 1*{  54  79} + 1*{ 229 254} = 0 

-1*{  78 228} + 1*{  53 253} + -1*{  77 227} + 1*{  52 252} + 1*{  54 254} + -1*{  76 226} + 1*{  51 251} + -1*{  79 229} + -1*{ 351} = 0 

-0.2*{} + 1*{ 353 353} + 1*{ 352 352} = 0 

1*{ 227 277} + 1*{  52 102} + 1*{ 229 279} + -1*{ 352} + 1*{ 228 278} + 1*{ 226 276} + 1*{  53 103} + 1*{  51 101} + 1*{  54 104} + 0.2*{} = 0 

-1*{ 103 228} + 1*{  53 278} + -1*{ 102 227} + -1*{ 353} + -1*{ 101 226} + 1*{  51 276} + 1*{  52 277} + 1*{  54 279} + -1*{ 104 229} = 0 

-0.2*{} + 1*{ 355 355} + 1*{ 354 354} = 0 

1*{ 228 303} + 1*{  53 128} + 1*{  54 129} + 1*{  52 127} + 1*{ 226 301} + 1*{  51 126} + 0.2*{} + 1*{ 229 304} + 1*{ 227 302} + -1*{ 354} = 0 

-1*{ 127 227} + 1*{  52 302} + 1*{  51 301} + 1*{  54 304} + 1*{  53 303} + -1*{ 126 226} + -1*{ 129 229} + -1*{ 128 228} + -1*{ 355} = 0 

-0.2*{} + 1*{ 357 357} + 1*{ 356 356} = 0 

1*{  52 152} + 0.2*{} + 1*{ 226 326} + 1*{  53 153} + 1*{ 228 328} + 1*{  51 151} + 1*{ 227 327} + 1*{  54 154} + 1*{ 229 329} + -1*{ 356} = 0 

1*{  53 328} + -1*{ 152 227} + 1*{  52 327} + -1*{ 153 228} + -1*{ 151 226} + 1*{  54 329} + -1*{ 154 229} + 1*{  51 326} + -1*{ 357} = 0 

-0.8*{} + 1*{  53  53} + 1*{  51  51} + 1*{ 226 226} + 1*{  52  52} + 1*{  54  54} + 1*{ 227 227} + 1*{ 229 229} + 1*{ 228 228} = 0 

0.4*{ 226 227} + 0.4*{ 227 228} + 0.4*{  51  53} + 0.4*{  51  52} + 0.2*{ 228 228} + 0.178885*{  53} + 0.2*{ 226 226} + -0.16*{} + 0.2*{  54  54} + 0.4*{ 228 229} + 0.178885*{  54} + 0.2*{  53  53} + 0.4*{ 226 228} + 0.4*{  52  53} + 0.4*{  53  54} + 0.2*{  52  52} + 0.4*{ 227 229} + 0.178885*{  51} + 0.2*{  51  51} + 0.4*{  51  54} + 0.2*{ 229 229} + 0.178885*{  52} + 0.2*{ 227 227} + 0.4*{  52  54} + 0.4*{ 226 229} = 0 

-0.2*{} + 1*{ 359 359} + 1*{ 358 358} = 0 

1*{ 253 278} + 1*{  77 102} + 1*{ 251 276} + 1*{  78 103} + 1*{  79 104} + 1*{  76 101} + 1*{ 252 277} + 1*{ 254 279} + 0.2*{} + -1*{ 358} = 0 

-1*{ 103 253} + 1*{  76 276} + -1*{ 102 252} + 1*{  79 279} + 1*{  78 278} + 1*{  77 277} + -1*{ 101 251} + -1*{ 104 254} + -1*{ 359} = 0 

-0.2*{} + 1*{ 361 361} + 1*{ 360 360} = 0 

1*{  78 128} + 1*{  77 127} + 1*{ 253 303} + 1*{ 252 302} + 1*{  76 126} + 1*{ 251 301} + 1*{  79 129} + 0.2*{} + -1*{ 360} + 1*{ 254 304} = 0 

1*{  78 303} + -1*{ 128 253} + -1*{ 127 252} + -1*{ 361} + -1*{ 126 251} + 1*{  77 302} + 1*{  76 301} + 1*{  79 304} + -1*{ 129 254} = 0 

-0.2*{} + 1*{ 363 363} + 1*{ 362 362} = 0 

1*{ 252 327} + 1*{ 251 326} + 1*{  76 151} + 1*{  79 154} + 1*{ 253 328} + 1*{ 254 329} + 1*{  77 152} + 0.2*{} + 1*{  78 153} + -1*{ 362} = 0 

-1*{ 151 251} + -1*{ 153 253} + 1*{  78 328} + 1*{  77 327} + -1*{ 154 254} + 1*{  76 326} + -1*{ 363} + -1*{ 152 252} + 1*{  79 329} = 0 

-0.8*{} + 1*{  76  76} + 1*{  78  78} + 1*{ 251 251} + 1*{  79  79} + 1*{  77  77} + 1*{ 252 252} + 1*{ 253 253} + 1*{ 254 254} = 0 

0.4*{  77  79} + 0.2*{  76  76} + 0.4*{  76  77} + 0.4*{  76  79} + 0.178885*{  77} + 0.2*{ 252 252} + 0.178885*{  76} + 0.2*{ 251 251} + 0.178885*{  79} + 0.2*{ 254 254} + 0.4*{ 252 253} + 0.2*{  78  78} + -0.16*{} + 0.4*{  77  78} + 0.4*{ 252 254} + 0.4*{  78  79} + 0.2*{  79  79} + 0.2*{ 253 253} + 0.2*{  77  77} + 0.178885*{  78} + 0.4*{  76  78} + 0.4*{ 251 252} + 0.4*{ 251 253} + 0.4*{ 251 254} + 0.4*{ 253 254} = 0 

-0.2*{} + 1*{ 365 365} + 1*{ 364 364} = 0 

1*{ 103 128} + 1*{ 277 302} + 1*{ 278 303} + 1*{ 102 127} + 1*{ 101 126} + 0.2*{} + 1*{ 104 129} + 1*{ 279 304} + 1*{ 276 301} + -1*{ 364} = 0 

-1*{ 128 278} + -1*{ 127 277} + 1*{ 102 302} + -1*{ 129 279} + -1*{ 365} + 1*{ 103 303} + -1*{ 126 276} + 1*{ 104 304} + 1*{ 101 301} = 0 

-0.2*{} + 1*{ 367 367} + 1*{ 366 366} = 0 

1*{ 278 328} + 1*{ 277 327} + 1*{ 104 154} + -1*{ 366} + 1*{ 276 326} + 1*{ 101 151} + 1*{ 103 153} + 0.2*{} + 1*{ 102 152} + 1*{ 279 329} = 0 

-1*{ 153 278} + -1*{ 152 277} + 1*{ 103 328} + -1*{ 367} + 1*{ 102 327} + 1*{ 101 326} + -1*{ 151 276} + -1*{ 154 279} + 1*{ 104 329} = 0 

-0.8*{} + 1*{ 101 101} + 1*{ 276 276} + 1*{ 102 102} + 1*{ 277 277} + 1*{ 279 279} + 1*{ 103 103} + 1*{ 104 104} + 1*{ 278 278} = 0 

0.4*{ 276 278} + 0.4*{ 103 104} + 0.4*{ 102 103} + 0.2*{ 102 102} + 0.178885*{ 101} + 0.2*{ 101 101} + 0.2*{ 103 103} + 0.2*{ 279 279} + 0.4*{ 276 279} + 0.2*{ 277 277} + 0.4*{ 277 278} + 0.2*{ 104 104} + 0.178885*{ 103} + 0.178885*{ 104} + 0.4*{ 276 277} + 0.4*{ 101 102} + 0.4*{ 277 279} + 0.2*{ 278 278} + 0.4*{ 278 279} + 0.4*{ 101 104} + 0.178885*{ 102} + 0.4*{ 102 104} + 0.2*{ 276 276} + -0.16*{} + 0.4*{ 101 103} = 0 

-0.2*{} + 1*{ 369 369} + 1*{ 368 368} = 0 

1*{ 303 328} + 1*{ 128 153} + 1*{ 302 327} + -1*{ 368} + 1*{ 127 152} + 1*{ 301 326} + 1*{ 126 151} + 1*{ 129 154} + 0.2*{} + 1*{ 304 329} = 0 

-1*{ 153 303} + -1*{ 152 302} + 1*{ 126 326} + 1*{ 127 327} + -1*{ 151 301} + -1*{ 369} + -1*{ 154 304} + 1*{ 128 328} + 1*{ 129 329} = 0 

-0.8*{} + 1*{ 303 303} + 1*{ 126 126} + 1*{ 301 301} + 1*{ 302 302} + 1*{ 127 127} + 1*{ 128 128} + 1*{ 129 129} + 1*{ 304 304} = 0 

0.2*{ 126 126} + 0.2*{ 129 129} + 0.4*{ 126 129} + 0.4*{ 127 129} + 0.4*{ 301 304} + 0.178885*{ 128} + 0.4*{ 127 128} + 0.4*{ 302 304} + 0.2*{ 127 127} + 0.178885*{ 127} + 0.2*{ 303 303} + 0.4*{ 128 129} + 0.178885*{ 129} + 0.2*{ 304 304} + 0.2*{ 301 301} + 0.2*{ 302 302} + 0.178885*{ 126} + 0.2*{ 128 128} + -0.16*{} + 0.4*{ 126 128} + 0.4*{ 301 303} + 0.4*{ 303 304} + 0.4*{ 302 303} + 0.4*{ 126 127} + 0.4*{ 301 302} = 0 

-0.8*{} + 1*{ 151 151} + 1*{ 326 326} + 1*{ 152 152} + 1*{ 327 327} + 1*{ 153 153} + 1*{ 328 328} + 1*{ 329 329} + 1*{ 154 154} = 0 

0.4*{ 326 327} + 0.4*{ 151 152} + 0.2*{ 329 329} + 0.4*{ 151 153} + 0.4*{ 326 329} + 0.178885*{ 151} + 0.4*{ 152 153} + -0.16*{} + 0.4*{ 153 154} + 0.2*{ 151 151} + 0.2*{ 154 154} + 0.4*{ 326 328} + 0.178885*{ 154} + 0.2*{ 328 328} + 0.4*{ 151 154} + 0.4*{ 327 329} + 0.2*{ 326 326} + 0.4*{ 328 329} + 0.2*{ 152 152} + 0.2*{ 327 327} + 0.4*{ 152 154} + 0.4*{ 327 328} + 0.178885*{ 153} + 0.2*{ 153 153} + 0.178885*{ 152} = 0 

set sizes: {1, 1, 1, 1, 1, 1, 1}, vars: 60, vectors: 7
1 7.883578e+00 7.883578e+00
2 1.250365e+03 7.883578e+00
3 6.064767e+02 7.883578e+00
4 2.165621e+02 7.883578e+00
5 7.695048e+01 7.883578e+00
6 2.716053e+01 7.883578e+00
7 9.514709e+00 7.883578e+00
8 3.315149e+00 3.315149e+00
9 1.154349e+00 1.154349e+00
10 4.432105e-01 4.432105e-01
11 1.609401e-01 1.609401e-01
12 5.855822e-02 5.855822e-02
13 2.429592e-02 2.429592e-02
14 6.916770e-02 2.429592e-02
15 2.350383e-02 2.350383e-02
16 7.950460e-03 7.950460e-03
17 2.786393e-03 2.786393e-03
18 9.872422e-04 9.872422e-04
19 3.402492e-04 3.402492e-04
20 1.123297e-04 1.123297e-04
21 3.587634e-05 3.587634e-05
22 1.120787e-05 1.120787e-05
23 3.453796e-06 3.453796e-06
24 1.055759e-06 1.055759e-06
25 3.212372e-07 3.212372e-07
26 9.748936e-08 9.748936e-08
27 2.954334e-08 2.954334e-08
28 8.945670e-09 8.945670e-09
29 2.707541e-09 2.707541e-09
30 8.192790e-10 8.192790e-10
31 2.478678e-10 2.478678e-10
32 7.498521e-11 7.498521e-11
33 2.269128e-11 2.269128e-11
34 6.861616e-12 6.861616e-12
35 2.077536e-12 2.077536e-12
36 6.237221e-13 6.237221e-13
37 1.884573e-13 1.884573e-13
38 5.677321e-14 5.677321e-14

x:  2.664976e-01 -2.817895e-01 -3.126209e-01 -1.963493e-01 -2.104277e-01  4.211546e-02 -5.306820e-01 -9.381190e-02 -5.228455e-01  2.753383e-02  5.397923e-01  1.648175e-01  2.886715e-02  3.423971e-01 -5.427314e-01 -2.506546e-02  1.781172e-01  1.475597e-01  4.867698e-01 -3.496629e-01  1.548886e-01  4.279848e-01  5.390149e-01 -1.248610e-01  4.594569e-01  5.990583e-02 -7.425258e-02  4.932744e-01 -2.492596e-01 -1.264251e-01 -3.589321e-01 -1.969909e-02  6.730676e-02 -4.241311e-01 -3.937062e-01 -2.175393e-01 -2.122224e-01  3.984719e-01 -2.619945e-01 -3.388690e-01  3.115655e-01  3.208223e-01 -4.319336e-01 -1.159023e-01 -7.034800e-02  4.416460e-01  1.611303e-01 -4.171774e-01 -9.590220e-02  4.368097e-01  4.261588e-01  1.356050e-01 -2.781216e-01  3.502118e-01  7.968404e-02 -4.400573e-01  4.192943e-01  1.555388e-01 -6.177270e-03  4.471709e-01 -2.800377e-08

grad: -1.993438e-15  2.486032e-15  2.746742e-15  6.034006e-16  1.347413e-15 -1.898283e-15  3.711993e-15  4.778303e-16  2.666926e-15 -2.515480e-15 -6.076696e-15 -1.200147e-15 -2.564870e-16 -1.548709e-15  9.159676e-16 -5.666671e-16 -9.496773e-16 -2.822662e-15 -8.058888e-15  1.860344e-15 -1.295114e-15 -3.438576e-15 -5.012287e-15  5.386206e-16 -3.218184e-15 -1.912104e-16  1.697124e-15 -4.343873e-15  2.771444e-15  6.025802e-16  3.659410e-15  2.891648e-16 -1.210886e-16  1.286405e-15 -7.164245e-17  1.857465e-16  2.986430e-15 -3.150449e-15  2.459073e-15  1.485036e-15 -2.008259e-15 -8.585249e-16 -1.004496e-15 -4.329634e-16 -5.678608e-16 -2.019535e-15 -1.451092e-15 -1.357460e-15  2.283117e-15 -4.100669e-15 -2.633374e-16 -6.363909e-16  3.791596e-16  1.013570e-15  6.242370e-16  3.043480e-15  1.391936e-15  7.983757e-16  2.439557e-16 -2.564855e-15  5.361683e-14

finished in 38 iterations (0.069 seconds total)
max viol = 5.56603e-08

---------------------
MUBs:
---------------------

{(1,0), (0,0), (0,0), (0,0), (0,0)}, {}, {}, {}, {}


{(0.447214,0), (0.447214,0), (0.447214,0), (0.447214,0), (0.447214,0)}, {}, {}, {}, {}


{(0.447214,0), (0.266498,0.154889), (-0.281789,0.427985), (-0.312621,0.539015), (-0.196349,-0.124861)}, {}, {}, {}, {}


{(0.447214,0), (-0.210428,0.459457), (0.0421155,0.0599058), (-0.530682,-0.0742526), (-0.0938119,0.493274)}, {}, {}, {}, {}


{(0.447214,0), (-0.522846,-0.24926), (0.0275338,-0.126425), (0.539792,-0.358932), (0.164818,-0.0196991)}, {}, {}, {}, {}


{(0.447214,0), (0.0288672,0.0673068), (0.342397,-0.424131), (-0.542731,-0.393706), (-0.0250655,-0.217539)}, {}, {}, {}, {}


{(0.447214,0), (0.178117,-0.212222), (0.14756,0.398472), (0.48677,-0.261994), (-0.349663,-0.338869)}, {}, {}, {}, {}

---------------------
Abs of Gram matrix:
---------------------

 { { +1.0000, +0.0000, +0.0000, +0.0000, +0.0000, +0.4472, +0.0000, +0.0000, +0.0000, +0.0000, +0.4472, +0.0000, +0.0000, +0.0000, +0.0000, +0.4472, +0.0000, +0.0000, +0.0000, +0.0000, +0.4472, +0.0000, +0.0000, +0.0000, +0.0000, +0.4472, +0.0000, +0.0000, +0.0000, +0.0000, +0.4472, +0.0000, +0.0000, +0.0000, +0.0000}, 
   { +0.0000, +0.0000, +0.0000, +0.0000, +0.0000, +0.0000, +0.0000, +0.0000, +0.0000, +0.0000, +0.0000, +0.0000, +0.0000, +0.0000, +0.0000, +0.0000, +0.0000, +0.0000, +0.0000, +0.0000, +0.0000, +0.0000, +0.0000, +0.0000, +0.0000, +0.0000, +0.0000, +0.0000, +0.0000, +0.0000, +0.0000, +0.0000, +0.0000, +0.0000, +0.0000}, 
   { +0.0000, +0.0000, +0.0000, +0.0000, +0.0000, +0.0000, +0.0000, +0.0000, +0.0000, +0.0000, +0.0000, +0.0000, +0.0000, +0.0000, +0.0000, +0.0000, +0.0000, +0.0000, +0.0000, +0.0000, +0.0000, +0.0000, +0.0000, +0.0000, +0.0000, +0.0000, +0.0000, +0.0000, +0.0000, +0.0000, +0.0000, +0.0000, +0.0000, +0.0000, +0.0000}, 
   { +0.0000, +0.0000, +0.0000, +0.0000, +0.0000, +0.0000, +0.0000, +0.0000, +0.0000, +0.0000, +0.0000, +0.0000, +0.0000, +0.0000, +0.0000, +0.0000, +0.0000, +0.0000, +0.0000, +0.0000, +0.0000, +0.0000, +0.0000, +0.0000, +0.0000, +0.0000, +0.0000, +0.0000, +0.0000, +0.0000, +0.0000, +0.0000, +0.0000, +0.0000, +0.0000}, 
   { +0.0000, +0.0000, +0.0000, +0.0000, +0.0000, +0.0000, +0.0000, +0.0000, +0.0000, +0.0000, +0.0000, +0.0000, +0.0000, +0.0000, +0.0000, +0.0000, +0.0000, +0.0000, +0.0000, +0.0000, +0.0000, +0.0000, +0.0000, +0.0000, +0.0000, +0.0000, +0.0000, +0.0000, +0.0000, +0.0000, +0.0000, +0.0000, +0.0000, +0.0000, +0.0000}, 
   { +0.4472, +0.0000, +0.0000, +0.0000, +0.0000, +1.0000, +0.0000, +0.0000, +0.0000, +0.0000, +0.4472, +0.0000, +0.0000, +0.0000, +0.0000, +0.4472, +0.0000, +0.0000, +0.0000, +0.0000, +0.4472, +0.0000, +0.0000, +0.0000, +0.0000, +0.4472, +0.0000, +0.0000, +0.0000, +0.0000, +0.4472, +0.0000, +0.0000, +0.0000, +0.0000}, 
   { +0.0000, +0.0000, +0.0000, +0.0000, +0.0000, +0.0000, +0.0000, +0.0000, +0.0000, +0.0000, +0.0000, +0.0000, +0.0000, +0.0000, +0.0000, +0.0000, +0.0000, +0.0000, +0.0000, +0.0000, +0.0000, +0.0000, +0.0000, +0.0000, +0.0000, +0.0000, +0.0000, +0.0000, +0.0000, +0.0000, +0.0000, +0.0000, +0.0000, +0.0000, +0.0000}, 
   { +0.0000, +0.0000, +0.0000, +0.0000, +0.0000, +0.0000, +0.0000, +0.0000, +0.0000, +0.0000, +0.0000, +0.0000, +0.0000, +0.0000, +0.0000, +0.0000, +0.0000, +0.0000, +0.0000, +0.0000, +0.0000, +0.0000, +0.0000, +0.0000, +0.0000, +0.0000, +0.0000, +0.0000, +0.0000, +0.0000, +0.0000, +0.0000, +0.0000, +0.0000, +0.0000}, 
   { +0.0000, +0.0000, +0.0000, +0.0000, +0.0000, +0.0000, +0.0000, +0.0000, +0.0000, +0.0000, +0.0000, +0.0000, +0.0000, +0.0000, +0.0000, +0.0000, +0.0000, +0.0000, +0.0000, +0.0000, +0.0000, +0.0000, +0.0000, +0.0000, +0.0000, +0.0000, +0.0000, +0.0000, +0.0000, +0.0000, +0.0000, +0.0000, +0.0000, +0.0000, +0.0000}, 
   { +0.0000, +0.0000, +0.0000, +0.0000, +0.0000, +0.0000, +0.0000, +0.0000, +0.0000, +0.0000, +0.0000, +0.0000, +0.0000, +0.0000, +0.0000, +0.0000, +0.0000, +0.0000, +0.0000, +0.0000, +0.0000, +0.0000, +0.0000, +0.0000, +0.0000, +0.0000, +0.0000, +0.0000, +0.0000, +0.0000, +0.0000, +0.0000, +0.0000, +0.0000, +0.0000}, 
   { +0.4472, +0.0000, +0.0000, +0.0000, +0.0000, +0.4472, +0.0000, +0.0000, +0.0000, +0.0000, +1.0000, +0.0000, +0.0000, +0.0000, +0.0000, +0.4472, +0.0000, +0.0000, +0.0000, +0.0000, +0.4472, +0.0000, +0.0000, +0.0000, +0.0000, +0.4472, +0.0000, +0.0000, +0.0000, +0.0000, +0.4472, +0.0000, +0.0000, +0.0000, +0.0000}, 
   { +0.0000, +0.0000, +0.0000, +0.0000, +0.0000, +0.0000, +0.0000, +0.0000, +0.0000, +0.0000, +0.0000, +0.0000, +0.0000, +0.0000, +0.0000, +0.0000, +0.0000, +0.0000, +0.0000, +0.0000, +0.0000, +0.0000, +0.0000, +0.0000, +0.0000, +0.0000, +0.0000, +0.0000, +0.0000, +0.0000, +0.0000, +0.0000, +0.0000, +0.0000, +0.0000}, 
   { +0.0000, +0.0000, +0.0000, +0.0000, +0.0000, +0.0000, +0.0000, +0.0000, +0.0000, +0.0000, +0.0000, +0.0000, +0.0000, +0.0000, +0.0000, +0.0000, +0.0000, +0.0000, +0.0000, +0.0000, +0.0000, +0.0000, +0.0000, +0.0000, +0.0000, +0.0000, +0.0000, +0.0000, +0.0000, +0.0000, +0.0000, +0.0000, +0.0000, +0.0000, +0.0000}, 
   { +0.0000, +0.0000, +0.0000, +0.0000, +0.0000, +0.0000, +0.0000, +0.0000, +0.0000, +0.0000, +0.0000, +0.0000, +0.0000, +0.0000, +0.0000, +0.0000, +0.0000, +0.0000, +0.0000, +0.0000, +0.0000, +0.0000, +0.0000, +0.0000, +0.0000, +0.0000, +0.0000, +0.0000, +0.0000, +0.0000, +0.0000, +0.0000, +0.0000, +0.0000, +0.0000}, 
   { +0.0000, +0.0000, +0.0000, +0.0000, +0.0000, +0.0000, +0.0000, +0.0000, +0.0000, +0.0000, +0.0000, +0.0000, +0.0000, +0.0000, +0.0000, +0.0000, +0.0000, +0.0000, +0.0000, +0.0000, +0.0000, +0.0000, +0.0000, +0.0000, +0.0000, +0.0000, +0.0000, +0.0000, +0.0000, +0.0000, +0.0000, +0.0000, +0.0000, +0.0000, +0.0000}, 
   { +0.4472, +0.0000, +0.0000, +0.0000, +0.0000, +0.4472, +0.0000, +0.0000, +0.0000, +0.0000, +0.4472, +0.0000, +0.0000, +0.0000, +0.0000, +1.0000, +0.0000, +0.0000, +0.0000, +0.0000, +0.4472, +0.0000, +0.0000, +0.0000, +0.0000, +0.4472, +0.0000, +0.0000, +0.0000, +0.0000, +0.4472, +0.0000, +0.0000, +0.0000, +0.0000}, 
   { +0.0000, +0.0000, +0.0000, +0.0000, +0.0000, +0.0000, +0.0000, +0.0000, +0.0000, +0.0000, +0.0000, +0.0000, +0.0000, +0.0000, +0.0000, +0.0000, +0.0000, +0.0000, +0.0000, +0.0000, +0.0000, +0.0000, +0.0000, +0.0000, +0.0000, +0.0000, +0.0000, +0.0000, +0.0000, +0.0000, +0.0000, +0.0000, +0.0000, +0.0000, +0.0000}, 
   { +0.0000, +0.0000, +0.0000, +0.0000, +0.0000, +0.0000, +0.0000, +0.0000, +0.0000, +0.0000, +0.0000, +0.0000, +0.0000, +0.0000, +0.0000, +0.0000, +0.0000, +0.0000, +0.0000, +0.0000, +0.0000, +0.0000, +0.0000, +0.0000, +0.0000, +0.0000, +0.0000, +0.0000, +0.0000, +0.0000, +0.0000, +0.0000, +0.0000, +0.0000, +0.0000}, 
   { +0.0000, +0.0000, +0.0000, +0.0000, +0.0000, +0.0000, +0.0000, +0.0000, +0.0000, +0.0000, +0.0000, +0.0000, +0.0000, +0.0000, +0.0000, +0.0000, +0.0000, +0.0000, +0.0000, +0.0000, +0.0000, +0.0000, +0.0000, +0.0000, +0.0000, +0.0000, +0.0000, +0.0000, +0.0000, +0.0000, +0.0000, +0.0000, +0.0000, +0.0000, +0.0000}, 
   { +0.0000, +0.0000, +0.0000, +0.0000, +0.0000, +0.0000, +0.0000, +0.0000, +0.0000, +0.0000, +0.0000, +0.0000, +0.0000, +0.0000, +0.0000, +0.0000, +0.0000, +0.0000, +0.0000, +0.0000, +0.0000, +0.0000, +0.0000, +0.0000, +0.0000, +0.0000, +0.0000, +0.0000, +0.0000, +0.0000, +0.0000, +0.0000, +0.0000, +0.0000, +0.0000}, 
   { +0.4472, +0.0000, +0.0000, +0.0000, +0.0000, +0.4472, +0.0000, +0.0000, +0.0000, +0.0000, +0.4472, +0.0000, +0.0000, +0.0000, +0.0000, +0.4472, +0.0000, +0.0000, +0.0000, +0.0000, +1.0000, +0.0000, +0.0000, +0.0000, +0.0000, +0.4472, +0.0000, +0.0000, +0.0000, +0.0000, +0.4472, +0.0000, +0.0000, +0.0000, +0.0000}, 
   { +0.0000, +0.0000, +0.0000, +0.0000, +0.0000, +0.0000, +0.0000, +0.0000, +0.0000, +0.0000, +0.0000, +0.0000, +0.0000, +0.0000, +0.0000, +0.0000, +0.0000, +0.0000, +0.0000, +0.0000, +0.0000, +0.0000, +0.0000, +0.0000, +0.0000, +0.0000, +0.0000, +0.0000, +0.0000, +0.0000, +0.0000, +0.0000, +0.0000, +0.0000, +0.0000}, 
   { +0.0000, +0.0000, +0.0000, +0.0000, +0.0000, +0.0000, +0.0000, +0.0000, +0.0000, +0.0000, +0.0000, +0.0000, +0.0000, +0.0000, +0.0000, +0.0000, +0.0000, +0.0000, +0.0000, +0.0000, +0.0000, +0.0000, +0.0000, +0.0000, +0.0000, +0.0000, +0.0000, +0.0000, +0.0000, +0.0000, +0.0000, +0.0000, +0.0000, +0.0000, +0.0000}, 
   { +0.0000, +0.0000, +0.0000, +0.0000, +0.0000, +0.0000, +0.0000, +0.0000, +0.0000, +0.0000, +0.0000, +0.0000, +0.0000, +0.0000, +0.0000, +0.0000, +0.0000, +0.0000, +0.0000, +0.0000, +0.0000, +0.0000, +0.0000, +0.0000, +0.0000, +0.0000, +0.0000, +0.0000, +0.0000, +0.0000, +0.0000, +0.0000, +0.0000, +0.0000, +0.0000}, 
   { +0.0000, +0.0000, +0.0000, +0.0000, +0.0000, +0.0000, +0.0000, +0.0000, +0.0000, +0.0000, +0.0000, +0.0000, +0.0000, +0.0000, +0.0000, +0.0000, +0.0000, +0.0000, +0.0000, +0.0000, +0.0000, +0.0000, +0.0000, +0.0000, +0.0000, +0.0000, +0.0000, +0.0000, +0.0000, +0.0000, +0.0000, +0.0000, +0.0000, +0.0000, +0.0000}, 
   { +0.4472, +0.0000, +0.0000, +0.0000, +0.0000, +0.4472, +0.0000, +0.0000, +0.0000, +0.0000, +0.4472, +0.0000, +0.0000, +0.0000, +0.0000, +0.4472, +0.0000, +0.0000, +0.0000, +0.0000, +0.4472, +0.0000, +0.0000, +0.0000, +0.0000, +1.0000, +0.0000, +0.0000, +0.0000, +0.0000, +0.4472, +0.0000, +0.0000, +0.0000, +0.0000}, 
   { +0.0000, +0.0000, +0.0000, +0.0000, +0.0000, +0.0000, +0.0000, +0.0000, +0.0000, +0.0000, +0.0000, +0.0000, +0.0000, +0.0000, +0.0000, +0.0000, +0.0000, +0.0000, +0.0000, +0.0000, +0.0000, +0.0000, +0.0000, +0.0000, +0.0000, +0.0000, +0.0000, +0.0000, +0.0000, +0.0000, +0.0000, +0.0000, +0.0000, +0.0000, +0.0000}, 
   { +0.0000, +0.0000, +0.0000, +0.0000, +0.0000, +0.0000, +0.0000, +0.0000, +0.0000, +0.0000, +0.0000, +0.0000, +0.0000, +0.0000, +0.0000, +0.0000, +0.0000, +0.0000, +0.0000, +0.0000, +0.0000, +0.0000, +0.0000, +0.0000, +0.0000, +0.0000, +0.0000, +0.0000, +0.0000, +0.0000, +0.0000, +0.0000, +0.0000, +0.0000, +0.0000}, 
   { +0.0000, +0.0000, +0.0000, +0.0000, +0.0000, +0.0000, +0.0000, +0.0000, +0.0000, +0.0000, +0.0000, +0.0000, +0.0000, +0.0000, +0.0000, +0.0000, +0.0000, +0.0000, +0.0000, +0.0000, +0.0000, +0.0000, +0.0000, +0.0000, +0.0000, +0.0000, +0.0000, +0.0000, +0.0000, +0.0000, +0.0000, +0.0000, +0.0000, +0.0000, +0.0000}, 
   { +0.0000, +0.0000, +0.0000, +0.0000, +0.0000, +0.0000, +0.0000, +0.0000, +0.0000, +0.0000, +0.0000, +0.0000, +0.0000, +0.0000, +0.0000, +0.0000, +0.0000, +0.0000, +0.0000, +0.0000, +0.0000, +0.0000, +0.0000, +0.0000, +0.0000, +0.0000, +0.0000, +0.0000, +0.0000, +0.0000, +0.0000, +0.0000, +0.0000, +0.0000, +0.0000}, 
   { +0.4472, +0.0000, +0.0000, +0.0000, +0.0000, +0.4472, +0.0000, +0.0000, +0.0000, +0.0000, +0.4472, +0.0000, +0.0000, +0.0000, +0.0000, +0.4472, +0.0000, +0.0000, +0.0000, +0.0000, +0.4472, +0.0000, +0.0000, +0.0000, +0.0000, +0.4472, +0.0000, +0.0000, +0.0000, +0.0000, +1.0000, +0.0000, +0.0000, +0.0000, +0.0000}, 
   { +0.0000, +0.0000, +0.0000, +0.0000, +0.0000, +0.0000, +0.0000, +0.0000, +0.0000, +0.0000, +0.0000, +0.0000, +0.0000, +0.0000, +0.0000, +0.0000, +0.0000, +0.0000, +0.0000, +0.0000, +0.0000, +0.0000, +0.0000, +0.0000, +0.0000, +0.0000, +0.0000, +0.0000, +0.0000, +0.0000, +0.0000, +0.0000, +0.0000, +0.0000, +0.0000}, 
   { +0.0000, +0.0000, +0.0000, +0.0000, +0.0000, +0.0000, +0.0000, +0.0000, +0.0000, +0.0000, +0.0000, +0.0000, +0.0000, +0.0000, +0.0000, +0.0000, +0.0000, +0.0000, +0.0000, +0.0000, +0.0000, +0.0000, +0.0000, +0.0000, +0.0000, +0.0000, +0.0000, +0.0000, +0.0000, +0.0000, +0.0000, +0.0000, +0.0000, +0.0000, +0.0000}, 
   { +0.0000, +0.0000, +0.0000, +0.0000, +0.0000, +0.0000, +0.0000, +0.0000, +0.0000, +0.0000, +0.0000, +0.0000, +0.0000, +0.0000, +0.0000, +0.0000, +0.0000, +0.0000, +0.0000, +0.0000, +0.0000, +0.0000, +0.0000, +0.0000, +0.0000, +0.0000, +0.0000, +0.0000, +0.0000, +0.0000, +0.0000, +0.0000, +0.0000, +0.0000, +0.0000}, 
   { +0.0000, +0.0000, +0.0000, +0.0000, +0.0000, +0.0000, +0.0000, +0.0000, +0.0000, +0.0000, +0.0000, +0.0000, +0.0000, +0.0000, +0.0000, +0.0000, +0.0000, +0.0000, +0.0000, +0.0000, +0.0000, +0.0000, +0.0000, +0.0000, +0.0000, +0.0000, +0.0000, +0.0000, +0.0000, +0.0000, +0.0000, +0.0000, +0.0000, +0.0000, +0.0000} } 
