---------------------
Basis Indices:
---------------------

{-, -, -, -, -}, {-, -, -, -, -}, {-, -, -, -, -}, {-, -, -, -, -}, {-, -, -, -, -}


{-, -, -, -, -}, {-, 31+i81, 32+i82, 33+i83, 34+i84}, {}, {}, {}

---------------------
Index Mapping: 
---------------------

{82: 4, 81: 3, 33: 2, 32: 1, 83: 5, 31: 0}

---------------------
Final Problem: 
---------------------
Find a point satisfying:

-0.2*{} + 1*{33} + 1*{00} = 0 

-0.2*{} + 1*{11} + 1*{44} = 0 

-0.2*{} + 1*{55} + 1*{22} = 0 

0.6*{} + 2*{35} + 2*{45} + 0.894427*{2} + 2*{34} + 0.894427*{0} + 2*{01} + 2*{02} + 0.894427*{1} + 2*{12} = 0 

-1*{4} + 2*{0} + -2*{1} + 1*{3} > 0 

2*{1} + -1*{5} + -2*{2} + 1*{4} > 0 

4*{2} + 1*{4} + 0.894427*{} + 2*{1} + 1*{3} + 2*{5} + 2*{0} > 0 

-1*{3} + -1*{5} + -1*{4} > 0 

{5, 2, 2, 1, 1, 1, 1} 6
1 9.498320e-01 9.498320e-01
2 4.829697e-01 4.829697e-01
3 3.015960e-01 3.015960e-01
4 1.594233e-01 1.594233e-01
5 7.361960e+02 1.594233e-01
6 2.562260e+02 1.594233e-01
7 9.420665e+01 1.594233e-01
8 3.493913e+01 1.594233e-01
9 8.576601e+00 1.594233e-01
10 8.506592e+03 1.594233e-01
11 3.088175e+03 1.594233e-01
12 1.116103e+03 1.594233e-01
13 3.756056e+02 1.594233e-01
14 1.372093e+02 1.594233e-01
15 5.679958e+05 1.594233e-01
16 2.060317e+05 1.594233e-01
17 7.487610e+04 1.594233e-01
18 2.707400e+04 1.594233e-01
19 8.961740e+03 1.594233e-01
20 1.102526e+04 1.594233e-01
21 4.542904e+05 1.594233e-01
22 1.539413e+05 1.594233e-01
23 1.134863e+05 1.594233e-01
24 2.552375e+07 1.594233e-01
25 9.285753e+06 1.594233e-01
26 3.169673e+06 1.594233e-01
27 4.928188e+06 1.594233e-01
28 1.280464e+06 1.594233e-01
29 1.958200e+05 1.594233e-01
30 2.115581e+04 1.594233e-01
31 2.133878e+03 1.594233e-01
32 2.135740e+02 1.594233e-01
33 2.135976e+01 1.594233e-01
34 2.140939e+00 1.594233e-01
35 2.588055e-01 1.594233e-01
36 1.875057e-01 1.594233e-01
37 1.597883e-01 1.594233e-01
38 1.504008e-01 1.504008e-01
39 1.474434e-01 1.474434e-01
40 1.465370e-01 1.465370e-01
41 1.462617e-01 1.462617e-01
42 1.461783e-01 1.461783e-01
43 5.667461e-01 1.461783e-01
44 2.660683e-01 1.461783e-01
45 1.527569e-01 1.461783e-01
46 9.371410e-02 9.371410e-02
47 5.759507e-02 5.759507e-02
48 3.541588e-02 3.541588e-02
49 2.177680e-02 2.177680e-02
50 1.338214e-02 1.338214e-02
51 8.211582e-03 8.211582e-03
52 5.023222e-03 5.023222e-03
53 3.049007e-03 3.049007e-03
54 1.789807e-03 1.789807e-03
55 3.101419e+03 1.789807e-03
56 5.233228e+00 1.789807e-03
57 1.370142e+00 1.789807e-03
58 3.656979e-01 1.789807e-03
59 2.263006e-01 1.789807e-03
60 1.397580e-01 1.789807e-03
61 8.596388e-02 1.789807e-03
62 5.239837e-02 1.789807e-03
63 3.090498e-02 1.789807e-03
64 1.547969e+07 1.789807e-03
65 5.584248e+06 1.789807e-03
66 2.014487e+06 1.789807e-03
67 7.267072e+05 1.789807e-03
68 2.621481e+05 1.789807e-03
69 9.456301e+04 1.789807e-03
70 3.410945e+04 1.789807e-03
71 1.230251e+04 1.789807e-03
72 4.436668e+03 1.789807e-03
73 1.599673e+03 1.789807e-03
74 5.765907e+02 1.789807e-03
75 2.077313e+02 1.789807e-03
76 7.479568e+01 1.789807e-03
77 2.691851e+01 1.789807e-03
78 9.700092e+00 1.789807e-03
79 3.580912e+00 1.789807e-03
80 1.252170e+00 1.789807e-03
81 2.203288e+02 1.789807e-03
82 7.966388e+01 1.789807e-03
83 2.884762e+01 1.789807e-03
84 1.047569e+01 1.789807e-03
85 3.826404e+00 1.789807e-03
86 2.622689e+00 1.789807e-03
87 9.537816e-01 1.789807e-03
88 5.960133e-01 1.789807e-03
89 3.752026e-01 1.789807e-03
90 2.396438e-01 1.789807e-03
91 1.579859e-01 1.789807e-03
92 1.134465e-01 1.789807e-03
93 9.517979e-02 1.789807e-03
94 5.799761e-02 1.789807e-03
95 4.482071e-02 1.789807e-03
96 1.465497e+01 1.789807e-03
97 2.652749e-01 1.789807e-03
98 1.126768e-01 1.789807e-03
99 7.319517e-01 1.789807e-03
100 3.074228e-01 1.789807e-03
101 1.938003e-01 1.789807e-03
102 7.861809e-01 1.789807e-03
103 2.086528e-01 1.789807e-03
104 1.368750e+03 1.789807e-03
105 4.991383e+02 1.789807e-03
106 1.831539e+02 1.789807e-03
107 6.728676e+01 1.789807e-03
108 1.507754e+01 1.789807e-03
109 3.536178e+04 1.789807e-03
110 1.284002e+04 1.789807e-03
111 4.667828e+03 1.789807e-03
112 1.670064e+03 1.789807e-03
113 4.443468e+02 1.789807e-03
114 3.636569e+04 1.789807e-03
115 1.292131e+04 1.789807e-03
116 2.684497e+03 1.789807e-03
117 3.599742e+06 1.789807e-03
118 1.309469e+06 1.789807e-03
119 4.762083e+05 1.789807e-03
120 1.660389e+05 1.789807e-03
121 3.577676e+04 1.789807e-03
122 1.485544e+09 1.789807e-03
123 5.383694e+08 1.789807e-03
124 1.957555e+08 1.789807e-03
125 7.157129e+07 1.789807e-03
126 2.637584e+07 1.789807e-03
127 9.731408e+06 1.789807e-03
128 2.852954e+06 1.789807e-03
129 4.762637e+05 1.789807e-03
130 5.359176e+04 1.789807e-03
131 5.435835e+03 1.789807e-03
132 5.443735e+02 1.789807e-03
133 5.444548e+01 1.789807e-03
134 5.446570e+00 1.789807e-03
135 5.637342e-01 1.789807e-03
136 3.332120e-01 1.789807e-03
137 2.201897e-01 1.789807e-03
138 1.719394e-01 1.789807e-03
139 1.544012e-01 1.789807e-03
140 1.486889e-01 1.789807e-03
141 1.469172e-01 1.789807e-03
142 1.463770e-01 1.789807e-03
143 1.462132e-01 1.789807e-03
144 3.035540e-01 1.789807e-03
145 1.813712e-01 1.789807e-03
146 3.233142e-01 1.789807e-03
147 2.067940e-01 1.789807e-03
148 1.273316e-01 1.789807e-03
149 7.738879e-02 1.789807e-03
150 4.703575e-02 1.789807e-03
151 3.831833e-02 1.789807e-03
152 2.388635e-02 1.789807e-03
153 1.491118e-02 1.789807e-03
154 9.277752e-03 1.789807e-03
155 5.744422e-03 1.789807e-03
156 3.538903e-03 1.789807e-03
157 2.170186e-03 1.789807e-03
158 1.325552e-03 1.325552e-03
159 8.069430e-04 8.069430e-04
160 4.898819e-04 4.898819e-04
161 2.967338e-04 2.967338e-04
162 1.794159e-04 1.794159e-04
163 1.083257e-04 1.083257e-04
164 6.532943e-05 6.532943e-05
165 3.936381e-05 3.936381e-05
166 2.370172e-05 2.370172e-05
167 1.426341e-05 1.426341e-05
168 8.579863e-06 8.579863e-06
169 5.159309e-06 5.159309e-06
170 3.101625e-06 3.101625e-06
171 1.864227e-06 1.864227e-06
172 1.120314e-06 1.120314e-06
173 6.731741e-07 6.731741e-07
174 4.044582e-07 4.044582e-07
175 2.429897e-07 2.429897e-07
176 1.459746e-07 1.459746e-07
177 8.768944e-08 8.768944e-08
178 5.267473e-08 5.267473e-08
179 3.164068e-08 3.164068e-08
180 1.900554e-08 1.900554e-08
181 1.141583e-08 1.141583e-08
182 6.856930e-09 6.856930e-09
183 4.118581e-09 4.118581e-09
184 2.473786e-09 2.473786e-09
185 1.485848e-09 1.485848e-09
186 8.924511e-10 8.924511e-10
187 5.360348e-10 5.360348e-10
188 3.219590e-10 3.219590e-10
189 1.933780e-10 1.933780e-10
190 1.161483e-10 1.161483e-10
191 6.976186e-11 6.976186e-11
192 4.190093e-11 4.190093e-11
193 2.516672e-11 2.516672e-11
194 1.511580e-11 1.511580e-11
195 9.078921e-12 9.078921e-12
196 5.453047e-12 5.453047e-12
197 3.275318e-12 3.275318e-12
198 1.967152e-12 1.967152e-12
199 1.181517e-12 1.181517e-12
200 7.096810e-13 7.096810e-13
finished in 200 iterations (0.008 seconds total)
max viol = 2.05896e-07
max viol of orig = 0.2
In a nicer form:
 { { (+1.0000000,+0.0000000), (+0.0000000,+0.0000000), (+0.0000000,+0.0000000), (+0.0000000,+0.0000000), (+0.0000000,+0.0000000)}, 
   { (+0.0000000,+0.0000000), (+1.0000000,+0.0000000), (+0.0000000,+0.0000000), (+0.0000000,+0.0000000), (+0.0000000,+0.0000000)}, 
   { (+0.0000000,+0.0000000), (+0.0000000,+0.0000000), (+1.0000000,+0.0000000), (+0.0000000,+0.0000000), (+0.0000000,+0.0000000)}, 
   { (+0.0000000,+0.0000000), (+0.0000000,+0.0000000), (+0.0000000,+0.0000000), (+1.0000000,+0.0000000), (+0.0000000,+0.0000000)}, 
   { (+0.0000000,+0.0000000), (+0.0000000,+0.0000000), (+0.0000000,+0.0000000), (+0.0000000,+0.0000000), (+1.0000000,+0.0000000)} } 
 { { (+0.4472136,+0.0000000), (+0.4472136,+0.0000000), (+0.4472136,+0.0000000), (+0.4472136,+0.0000000), (+0.4472136,+0.0000000)}, 
   { (+0.4472136,+0.0000000), (-0.1654014,+0.4155026), (-0.3144973,-0.3179485), (+0.4375740,+0.0923529), (+0.0000000,+0.0000000)}, 
   { (+0.4472136,+0.0000000), (+0.0000000,+0.0000000), (+0.0000000,+0.0000000), (+0.0000000,+0.0000000), (+0.0000000,+0.0000000)}, 
   { (+0.4472136,+0.0000000), (+0.0000000,+0.0000000), (+0.0000000,+0.0000000), (+0.0000000,+0.0000000), (+0.0000000,+0.0000000)}, 
   { (+0.4472136,+0.0000000), (+0.0000000,+0.0000000), (+0.0000000,+0.0000000), (+0.0000000,+0.0000000), (+0.0000000,+0.0000000)} } 
