---------------------
Basis Indices:
---------------------

{-, -, -, -, -}, {-, -, -, -, -}, {}, {}, {}


{-, -, -, -, -}, {-, 31+i206, 32+i207, 33+i208, 34+i209}, {}, {}, {}


{-, 51+i226, 52+i227, 53+i228, 54+i229}, {}, {}, {}, {}


{-, 76+i251, 77+i252, 78+i253, 79+i254}, {}, {}, {}, {}


{-, 101+i276, 102+i277, 103+i278, 104+i279}, {}, {}, {}, {}


{-, 126+i301, 127+i302, 128+i303, 129+i304}, {}, {}, {}, {}


{-, 151+i326, 152+i327, 153+i328, 154+i329}, {}, {}, {}, {}

---------------------
Problem: 
---------------------
Find a point satisfying:

-0.2*{} + 1*{ 351 351} + 1*{ 350 350} = 0 

1*{ 208 228} + 1*{  33  53} + 1*{ 207 227} + 1*{  32  52} + 1*{ 209 229} + 1*{  34  54} + 1*{  31  51} + 1*{ 206 226} + 0.2*{} + -1*{ 350} = 0 

-1*{  53 208} + 1*{  31 226} + -1*{  52 207} + 1*{  33 228} + 1*{  32 227} + -1*{  51 206} + 1*{  34 229} + -1*{  54 209} + -1*{ 351} = 0 

-0.2*{} + 1*{ 353 353} + 1*{ 352 352} = 0 

1*{ 207 252} + 1*{ 208 253} + 1*{  32  77} + -1*{ 352} + 1*{  33  78} + 1*{ 206 251} + 0.2*{} + 1*{  31  76} + 1*{  34  79} + 1*{ 209 254} = 0 

1*{  33 253} + -1*{  77 207} + 1*{  32 252} + -1*{  78 208} + 1*{  34 254} + -1*{  76 206} + -1*{  79 209} + 1*{  31 251} + -1*{ 353} = 0 

-0.2*{} + 1*{ 355 355} + 1*{ 354 354} = 0 

1*{ 208 278} + 1*{  33 103} + 0.2*{} + 1*{  32 102} + 1*{ 207 277} + 1*{ 206 276} + 1*{  31 101} + 1*{ 209 279} + 1*{  34 104} + -1*{ 354} = 0 

1*{  32 277} + -1*{ 101 206} + -1*{ 102 207} + -1*{ 103 208} + 1*{  34 279} + 1*{  31 276} + -1*{ 104 209} + 1*{  33 278} + -1*{ 355} = 0 

-0.2*{} + 1*{ 357 357} + 1*{ 356 356} = 0 

1*{ 208 303} + 1*{  33 128} + -1*{ 356} + 1*{  32 127} + 1*{ 206 301} + 1*{ 207 302} + 1*{ 209 304} + 1*{  31 126} + 0.2*{} + 1*{  34 129} = 0 

-1*{ 127 207} + 1*{  33 303} + 1*{  32 302} + -1*{ 126 206} + 1*{  31 301} + -1*{ 129 209} + -1*{ 357} + -1*{ 128 208} + 1*{  34 304} = 0 

-0.2*{} + 1*{ 359 359} + 1*{ 358 358} = 0 

1*{ 208 328} + 1*{  33 153} + 1*{ 206 326} + 0.2*{} + 1*{  32 152} + 1*{ 209 329} + 1*{ 207 327} + -1*{ 358} + 1*{  31 151} + 1*{  34 154} = 0 

-1*{ 152 207} + -1*{ 151 206} + -1*{ 359} + 1*{  32 327} + -1*{ 153 208} + 1*{  31 326} + 1*{  34 329} + 1*{  33 328} + -1*{ 154 209} = 0 

-0.2*{} + 1*{ 206 206} + 1*{  31  31} = 0 

-0.8*{} + 1*{  33  33} + 1*{ 208 208} + 1*{  31  31} + 1*{ 206 206} + 1*{  32  32} + 1*{ 207 207} + 1*{  34  34} + 1*{ 209 209} = 0 

0.4*{  32  33} + 0.2*{ 206 206} + 0.4*{ 206 209} + 0.2*{  31  31} + 0.4*{  31  32} + 0.2*{  32  32} + 0.178885*{  34} + 0.4*{  31  34} + 0.178885*{  33} + 0.178885*{  32} + 0.2*{  33  33} + 0.4*{  33  34} + 0.04*{} + 0.4*{ 207 208} + 0.4*{ 207 209} + 0.2*{ 208 208} + 0.4*{  31  33} + 0.2*{ 207 207} + 0.4*{ 208 209} + 0.4*{ 206 207} + 0.2*{ 209 209} + 0.2*{  34  34} + 0.178885*{  31} + 0.4*{ 206 208} + 0.4*{  32  34} = 0 

-0.2*{} + 1*{ 361 361} + 1*{ 360 360} = 0 

1*{ 228 253} + 1*{  53  78} + 1*{ 226 251} + 1*{  52  77} + 1*{  54  79} + 1*{ 229 254} + 0.2*{} + 1*{ 227 252} + 1*{  51  76} + -1*{ 360} = 0 

1*{  53 253} + -1*{  79 229} + -1*{  78 228} + -1*{ 361} + -1*{  77 227} + 1*{  52 252} + 1*{  54 254} + -1*{  76 226} + 1*{  51 251} = 0 

-0.2*{} + 1*{ 363 363} + 1*{ 362 362} = 0 

1*{ 227 277} + 1*{  52 102} + 1*{ 229 279} + 1*{ 228 278} + 1*{ 226 276} + 1*{  53 103} + 1*{  51 101} + 1*{  54 104} + -1*{ 362} + 0.2*{} = 0 

-1*{ 103 228} + 1*{  53 278} + -1*{ 102 227} + -1*{ 101 226} + 1*{  51 276} + -1*{ 363} + 1*{  52 277} + 1*{  54 279} + -1*{ 104 229} = 0 

-0.2*{} + 1*{ 365 365} + 1*{ 364 364} = 0 

1*{ 228 303} + 1*{  53 128} + -1*{ 364} + 1*{  54 129} + 1*{ 227 302} + 1*{  52 127} + 1*{ 226 301} + 1*{  51 126} + 0.2*{} + 1*{ 229 304} = 0 

-1*{ 128 228} + -1*{ 127 227} + 1*{  52 302} + 1*{  51 301} + 1*{  54 304} + 1*{  53 303} + -1*{ 126 226} + -1*{ 129 229} + -1*{ 365} = 0 

-0.2*{} + 1*{ 367 367} + 1*{ 366 366} = 0 

1*{  52 152} + 0.2*{} + 1*{ 226 326} + 1*{  53 153} + 1*{ 228 328} + 1*{  51 151} + 1*{ 229 329} + 1*{ 227 327} + 1*{  54 154} + -1*{ 366} = 0 

1*{  51 326} + 1*{  53 328} + -1*{ 152 227} + 1*{  52 327} + -1*{ 153 228} + -1*{ 151 226} + 1*{  54 329} + -1*{ 154 229} + -1*{ 367} = 0 

-0.2*{} + 1*{ 226 226} + 1*{  51  51} = 0 

-0.8*{} + 1*{  53  53} + 1*{  51  51} + 1*{ 226 226} + 1*{  52  52} + 1*{  54  54} + 1*{ 227 227} + 1*{ 229 229} + 1*{ 228 228} = 0 

0.4*{ 226 227} + 0.4*{ 227 228} + 0.4*{  51  53} + 0.4*{  51  52} + 0.2*{ 228 228} + 0.178885*{  53} + 0.2*{ 226 226} + -0.16*{} + 0.2*{  54  54} + 0.4*{ 228 229} + 0.178885*{  54} + 0.2*{  53  53} + 0.4*{ 226 228} + 0.4*{  52  53} + 0.4*{  53  54} + 0.2*{  52  52} + 0.4*{ 227 229} + 0.178885*{  51} + 0.2*{  51  51} + 0.4*{  51  54} + 0.2*{ 229 229} + 0.178885*{  52} + 0.2*{ 227 227} + 0.4*{  52  54} + 0.4*{ 226 229} = 0 

-0.2*{} + 1*{ 369 369} + 1*{ 368 368} = 0 

1*{ 253 278} + 1*{  77 102} + 1*{ 251 276} + 1*{  78 103} + 1*{  79 104} + 1*{  76 101} + -1*{ 368} + 1*{ 252 277} + 1*{ 254 279} + 0.2*{} = 0 

-1*{ 103 253} + 1*{  76 276} + -1*{ 102 252} + 1*{  79 279} + 1*{  78 278} + 1*{  77 277} + -1*{ 104 254} + -1*{ 369} + -1*{ 101 251} = 0 

-0.2*{} + 1*{ 371 371} + 1*{ 370 370} = 0 

1*{  78 128} + 1*{  77 127} + 1*{ 253 303} + 1*{ 251 301} + 1*{  79 129} + 0.2*{} + 1*{ 254 304} + 1*{ 252 302} + 1*{  76 126} + -1*{ 370} = 0 

1*{  78 303} + -1*{ 128 253} + -1*{ 127 252} + -1*{ 126 251} + 1*{  77 302} + 1*{  76 301} + 1*{  79 304} + -1*{ 129 254} + -1*{ 371} = 0 

-0.2*{} + 1*{ 373 373} + 1*{ 372 372} = 0 

1*{ 252 327} + 1*{ 251 326} + 1*{  76 151} + 1*{  77 152} + 0.2*{} + 1*{  78 153} + 1*{  79 154} + 1*{ 253 328} + 1*{ 254 329} + -1*{ 372} = 0 

-1*{ 151 251} + -1*{ 153 253} + 1*{  78 328} + 1*{  77 327} + -1*{ 154 254} + 1*{  76 326} + -1*{ 152 252} + 1*{  79 329} + -1*{ 373} = 0 

-0.2*{} + 1*{ 251 251} + 1*{  76  76} = 0 

-0.8*{} + 1*{  76  76} + 1*{  78  78} + 1*{ 251 251} + 1*{  79  79} + 1*{  77  77} + 1*{ 252 252} + 1*{ 253 253} + 1*{ 254 254} = 0 

0.4*{  77  79} + 0.2*{  76  76} + 0.4*{  76  77} + 0.4*{  76  79} + 0.178885*{  77} + 0.2*{ 252 252} + 0.178885*{  76} + 0.2*{ 251 251} + 0.178885*{  79} + 0.2*{ 254 254} + 0.4*{ 252 253} + 0.2*{  78  78} + -0.16*{} + 0.4*{  77  78} + 0.4*{ 252 254} + 0.4*{  78  79} + 0.2*{  79  79} + 0.2*{ 253 253} + 0.2*{  77  77} + 0.178885*{  78} + 0.4*{  76  78} + 0.4*{ 251 252} + 0.4*{ 251 253} + 0.4*{ 251 254} + 0.4*{ 253 254} = 0 

-0.2*{} + 1*{ 375 375} + 1*{ 374 374} = 0 

1*{ 103 128} + 1*{ 277 302} + -1*{ 374} + 1*{ 278 303} + 1*{ 102 127} + 1*{ 276 301} + 1*{ 101 126} + 0.2*{} + 1*{ 104 129} + 1*{ 279 304} = 0 

-1*{ 128 278} + -1*{ 127 277} + 1*{ 102 302} + -1*{ 129 279} + 1*{ 104 304} + 1*{ 101 301} + 1*{ 103 303} + -1*{ 126 276} + -1*{ 375} = 0 

1*{ 377 377} + -0.2*{} + 1*{ 376 376} = 0 

1*{ 278 328} + -1*{ 376} + 1*{ 277 327} + 1*{ 104 154} + 1*{ 276 326} + 1*{ 101 151} + 1*{ 103 153} + 0.2*{} + 1*{ 102 152} + 1*{ 279 329} = 0 

-1*{ 153 278} + -1*{ 152 277} + 1*{ 103 328} + 1*{ 102 327} + 1*{ 101 326} + -1*{ 151 276} + -1*{ 154 279} + 1*{ 104 329} + -1*{ 377} = 0 

-0.2*{} + 1*{ 276 276} + 1*{ 101 101} = 0 

-0.8*{} + 1*{ 101 101} + 1*{ 276 276} + 1*{ 102 102} + 1*{ 277 277} + 1*{ 279 279} + 1*{ 103 103} + 1*{ 104 104} + 1*{ 278 278} = 0 

0.4*{ 276 278} + 0.4*{ 103 104} + 0.4*{ 102 103} + 0.2*{ 102 102} + 0.178885*{ 101} + 0.2*{ 101 101} + 0.2*{ 103 103} + 0.2*{ 279 279} + 0.4*{ 276 279} + 0.2*{ 277 277} + 0.4*{ 277 278} + 0.2*{ 104 104} + 0.178885*{ 103} + 0.178885*{ 104} + 0.4*{ 276 277} + 0.4*{ 101 102} + 0.4*{ 277 279} + 0.2*{ 278 278} + 0.4*{ 278 279} + 0.4*{ 101 104} + 0.178885*{ 102} + 0.4*{ 102 104} + 0.2*{ 276 276} + -0.16*{} + 0.4*{ 101 103} = 0 

-0.2*{} + 1*{ 379 379} + 1*{ 378 378} = 0 

1*{ 303 328} + 1*{ 128 153} + 1*{ 302 327} + 1*{ 127 152} + 1*{ 301 326} + -1*{ 378} + 1*{ 126 151} + 1*{ 129 154} + 0.2*{} + 1*{ 304 329} = 0 

-1*{ 153 303} + -1*{ 152 302} + 1*{ 126 326} + 1*{ 127 327} + -1*{ 151 301} + -1*{ 154 304} + 1*{ 128 328} + 1*{ 129 329} + -1*{ 379} = 0 

-0.2*{} + 1*{ 301 301} + 1*{ 126 126} = 0 

-0.8*{} + 1*{ 303 303} + 1*{ 126 126} + 1*{ 301 301} + 1*{ 302 302} + 1*{ 127 127} + 1*{ 128 128} + 1*{ 129 129} + 1*{ 304 304} = 0 

0.2*{ 126 126} + 0.2*{ 129 129} + 0.4*{ 126 129} + 0.4*{ 127 129} + 0.4*{ 301 304} + 0.178885*{ 128} + 0.4*{ 127 128} + 0.4*{ 302 304} + 0.2*{ 127 127} + 0.178885*{ 127} + 0.2*{ 303 303} + 0.4*{ 128 129} + 0.178885*{ 129} + 0.2*{ 304 304} + 0.2*{ 301 301} + 0.2*{ 302 302} + 0.178885*{ 126} + 0.2*{ 128 128} + -0.16*{} + 0.4*{ 126 128} + 0.4*{ 301 303} + 0.4*{ 303 304} + 0.4*{ 302 303} + 0.4*{ 126 127} + 0.4*{ 301 302} = 0 

-0.2*{} + 1*{ 326 326} + 1*{ 151 151} = 0 

-0.8*{} + 1*{ 151 151} + 1*{ 326 326} + 1*{ 152 152} + 1*{ 327 327} + 1*{ 153 153} + 1*{ 328 328} + 1*{ 329 329} + 1*{ 154 154} = 0 

0.4*{ 326 327} + 0.4*{ 151 152} + 0.2*{ 329 329} + 0.4*{ 151 153} + 0.4*{ 326 329} + 0.178885*{ 151} + 0.4*{ 152 153} + -0.16*{} + 0.4*{ 153 154} + 0.2*{ 151 151} + 0.2*{ 154 154} + 0.4*{ 326 328} + 0.178885*{ 154} + 0.2*{ 328 328} + 0.4*{ 151 154} + 0.4*{ 327 329} + 0.2*{ 326 326} + 0.4*{ 328 329} + 0.2*{ 152 152} + 0.2*{ 327 327} + 0.4*{ 152 154} + 0.4*{ 327 328} + 0.178885*{ 153} + 0.2*{ 153 153} + 0.178885*{ 152} = 0 

set sizes: {2, 2, 1, 1, 1, 1, 1}, vars: 78, vectors: 9
1 7.005567e+00 7.005567e+00
2 7.046076e+01 7.005567e+00
3 9.720065e+03 7.005567e+00
4 3.504067e+03 7.005567e+00
5 1.262607e+03 7.005567e+00
6 4.545745e+02 7.005567e+00
7 1.634063e+02 7.005567e+00
8 5.857084e+01 7.005567e+00
9 2.095397e+01 7.005567e+00
10 7.424886e+00 7.005567e+00
11 2.614369e+00 2.614369e+00
12 9.229787e-01 9.229787e-01
13 3.566524e-01 3.566524e-01
14 1.038354e+02 3.566524e-01
15 7.960881e+02 3.566524e-01
16 2.866272e+02 3.566524e-01
17 1.030978e+02 3.566524e-01
18 3.702582e+01 3.566524e-01
19 1.326206e+01 3.566524e-01
20 4.722728e+00 3.566524e-01
21 1.666587e+00 3.566524e-01
22 5.816890e-01 3.566524e-01
23 1.995068e-01 1.995068e-01
24 6.775679e-02 6.775679e-02
25 2.317744e-02 2.317744e-02
26 8.117592e-03 8.117592e-03
27 6.842805e+02 8.117592e-03
28 2.490413e+02 8.117592e-03
29 8.852743e+01 8.117592e-03
30 3.128343e+01 8.117592e-03
31 1.098039e+01 8.117592e-03
32 3.823435e+00 8.117592e-03
33 1.321713e+00 8.117592e-03
34 4.548019e-01 8.117592e-03
35 1.566282e-01 8.117592e-03
36 5.359385e-02 8.117592e-03
37 1.887290e-02 8.117592e-03
38 6.557196e-03 6.557196e-03
39 2.462096e-03 2.462096e-03
40 1.052117e-03 1.052117e-03
41 4.586463e-04 4.586463e-04
42 2.593839e-04 2.593839e-04
43 1.027645e-04 1.027645e-04
44 4.282149e-05 4.282149e-05
45 1.852525e-05 1.852525e-05
46 7.744173e-06 7.744173e-06
47 3.279168e-06 3.279168e-06
48 1.368036e-06 1.368036e-06
49 5.730019e-07 5.730019e-07
50 2.379296e-07 2.379296e-07
51 9.905082e-08 9.905082e-08
52 4.101049e-08 4.101049e-08
53 1.703024e-08 1.703024e-08
54 7.040816e-09 7.040816e-09
55 2.919218e-09 2.919218e-09
56 1.205655e-09 1.205655e-09
57 4.993959e-10 4.993959e-10
58 2.061295e-10 2.061295e-10
59 8.536366e-11 8.536366e-11
60 3.525938e-11 3.525938e-11
61 1.466552e-11 1.466552e-11
62 6.117145e-12 6.117145e-12
63 2.620813e-12 2.620813e-12
64 1.150770e-12 1.150770e-12
65 5.526140e-13 5.526140e-13
66 2.844550e-13 2.844550e-13
67 1.858523e-13 1.858523e-13
68 1.123072e-13 1.123072e-13
69 7.714473e-14 7.714473e-14

x:  4.231518e-03 -1.799790e-01  2.122162e-01 -4.842355e-01 -3.157838e-01 -2.549148e-01  4.295375e-01  2.360060e-01  4.060682e-01  4.792942e-02  2.959655e-01 -2.027677e-01  4.129286e-01 -2.609484e-01  3.431717e-01  2.457923e-02 -1.467960e-01 -1.626423e-02 -2.115167e-01  6.345085e-01 -4.200934e-01  5.274034e-01  3.404918e-01 -5.084472e-02  4.471936e-01  1.041506e-01 -2.554766e-02 -5.259162e-01  3.166711e-01 -1.293147e-01  5.066318e-01  1.463526e-01  1.873729e-01 -5.433029e-01  3.920758e-01 -1.417427e-01 -1.717264e-01  4.091175e-01  3.595132e-01 -3.419182e-01  4.224345e-01  3.535979e-01  7.728902e-02 -1.462531e-01  1.533672e-01  3.106982e-01  2.642587e-01 -1.922494e-01  2.596480e-01  3.641194e-01  4.458228e-01 -3.524297e-02  4.460875e-01  3.171696e-02  1.508470e-01  4.210050e-01  3.954796e-01  2.087962e-01  4.463124e-01 -2.837627e-02  3.141439e-01 -3.182980e-01  4.151952e-01 -1.661714e-01  4.466049e-01 -2.332569e-02  3.867224e-01 -2.246014e-01 -1.135728e-01  4.325520e-01  1.565680e-01  4.189110e-01  2.365500e-01  3.795314e-01  2.660167e-01 -3.594929e-01  3.720003e-01 -2.482252e-01  1.369996e-06

grad:  6.445009e-15 -8.765454e-15  5.601178e-15 -2.623982e-14 -8.006684e-15  1.628210e-16  6.199430e-15  1.478617e-14  2.508304e-15  3.802599e-15  8.834723e-15  3.559473e-15  3.468797e-15  1.030145e-15  7.625075e-15  4.978644e-15 -7.034333e-15  2.729376e-15  2.138970e-15  2.142060e-14 -8.768253e-15  1.267313e-14  1.400253e-14  8.364063e-15  2.114153e-14  4.426203e-16 -7.907174e-15 -2.304388e-14  1.000473e-14  5.470534e-15  1.894156e-14  2.058687e-15  5.653031e-15 -7.763277e-16  5.176149e-15 -7.852983e-15  2.328805e-15  5.478754e-15  7.638319e-15 -4.691490e-15  1.285876e-14  9.176022e-15  1.560037e-14 -4.293351e-15  1.023632e-14  9.285747e-15  1.471711e-14 -6.671352e-15  1.060532e-14  6.100090e-15  1.307777e-15 -3.972990e-15  1.006954e-14  6.339931e-16  4.917301e-15 -3.694402e-15  9.009856e-15  1.536129e-15 -2.473637e-15  4.151407e-15 -4.094964e-15  3.097032e-15 -8.223854e-15  7.322071e-16 -6.539241e-15  3.978620e-15 -1.723385e-15 -1.505491e-15 -3.266767e-15 -4.082282e-15 -4.536523e-15 -1.315448e-15 -2.869081e-15 -1.193216e-15 -4.620271e-15 -8.108552e-16 -6.432335e-15  2.784684e-15  1.113406e-14

finished in 69 iterations (0.066 seconds total)
max viol = 6.40673e-08

---------------------
MUBs:
---------------------

{(1,0), (0,0), (0,0), (0,0), (0,0)}, {(0,0), (1,0), (0,0), (0,0), (0,0)}, {}, {}, {}


{(0.447214,0), (0.447214,0), (0.447214,0), (0.447214,0), (0.447214,0)}, {(0.447214,0), (0.00423152,0.447194), (-0.179979,0.104151), (0.212216,-0.0255477), (-0.484235,-0.525916)}, {}, {}, {}


{(0.447214,0), (-0.315784,0.316671), (-0.254915,-0.129315), (0.429538,0.506632), (0.236006,0.146353)}, {}, {}, {}, {}


{(0.447214,0), (0.406068,0.187373), (0.0479294,-0.543303), (0.295966,0.392076), (-0.202768,-0.141743)}, {}, {}, {}, {}


{(0.447214,0), (0.412929,-0.171726), (-0.260948,0.409118), (0.343172,0.359513), (0.0245792,-0.341918)}, {}, {}, {}, {}


{(0.447214,0), (-0.146796,0.422435), (-0.0162642,0.353598), (-0.211517,0.077289), (0.634509,-0.146253)}, {}, {}, {}, {}


{(0.447214,0), (-0.420093,0.153367), (0.527403,0.310698), (0.340492,0.264259), (-0.0508447,-0.192249)}, {}, {}, {}, {}

---------------------
Abs of Gram matrix:
---------------------

 { { +1.0000, +0.0000, +0.0000, +0.0000, +0.0000, +0.4472, +0.4472, +0.0000, +0.0000, +0.0000, +0.4472, +0.0000, +0.0000, +0.0000, +0.0000, +0.4472, +0.0000, +0.0000, +0.0000, +0.0000, +0.4472, +0.0000, +0.0000, +0.0000, +0.0000, +0.4472, +0.0000, +0.0000, +0.0000, +0.0000, +0.4472, +0.0000, +0.0000, +0.0000, +0.0000}, 
   { +0.0000, +1.0000, +0.0000, +0.0000, +0.0000, +0.4472, +0.4472, +0.0000, +0.0000, +0.0000, +0.4472, +0.0000, +0.0000, +0.0000, +0.0000, +0.4472, +0.0000, +0.0000, +0.0000, +0.0000, +0.4472, +0.0000, +0.0000, +0.0000, +0.0000, +0.4472, +0.0000, +0.0000, +0.0000, +0.0000, +0.4472, +0.0000, +0.0000, +0.0000, +0.0000}, 
   { +0.0000, +0.0000, +0.0000, +0.0000, +0.0000, +0.0000, +0.0000, +0.0000, +0.0000, +0.0000, +0.0000, +0.0000, +0.0000, +0.0000, +0.0000, +0.0000, +0.0000, +0.0000, +0.0000, +0.0000, +0.0000, +0.0000, +0.0000, +0.0000, +0.0000, +0.0000, +0.0000, +0.0000, +0.0000, +0.0000, +0.0000, +0.0000, +0.0000, +0.0000, +0.0000}, 
   { +0.0000, +0.0000, +0.0000, +0.0000, +0.0000, +0.0000, +0.0000, +0.0000, +0.0000, +0.0000, +0.0000, +0.0000, +0.0000, +0.0000, +0.0000, +0.0000, +0.0000, +0.0000, +0.0000, +0.0000, +0.0000, +0.0000, +0.0000, +0.0000, +0.0000, +0.0000, +0.0000, +0.0000, +0.0000, +0.0000, +0.0000, +0.0000, +0.0000, +0.0000, +0.0000}, 
   { +0.0000, +0.0000, +0.0000, +0.0000, +0.0000, +0.0000, +0.0000, +0.0000, +0.0000, +0.0000, +0.0000, +0.0000, +0.0000, +0.0000, +0.0000, +0.0000, +0.0000, +0.0000, +0.0000, +0.0000, +0.0000, +0.0000, +0.0000, +0.0000, +0.0000, +0.0000, +0.0000, +0.0000, +0.0000, +0.0000, +0.0000, +0.0000, +0.0000, +0.0000, +0.0000}, 
   { +0.4472, +0.4472, +0.0000, +0.0000, +0.0000, +1.0000, +0.0003, +0.0000, +0.0000, +0.0000, +0.4472, +0.0000, +0.0000, +0.0000, +0.0000, +0.4472, +0.0000, +0.0000, +0.0000, +0.0000, +0.4472, +0.0000, +0.0000, +0.0000, +0.0000, +0.4472, +0.0000, +0.0000, +0.0000, +0.0000, +0.4472, +0.0000, +0.0000, +0.0000, +0.0000}, 
   { +0.4472, +0.4472, +0.0000, +0.0000, +0.0000, +0.0003, +1.0000, +0.0000, +0.0000, +0.0000, +0.4472, +0.0000, +0.0000, +0.0000, +0.0000, +0.4472, +0.0000, +0.0000, +0.0000, +0.0000, +0.4472, +0.0000, +0.0000, +0.0000, +0.0000, +0.4472, +0.0000, +0.0000, +0.0000, +0.0000, +0.4472, +0.0000, +0.0000, +0.0000, +0.0000}, 
   { +0.0000, +0.0000, +0.0000, +0.0000, +0.0000, +0.0000, +0.0000, +0.0000, +0.0000, +0.0000, +0.0000, +0.0000, +0.0000, +0.0000, +0.0000, +0.0000, +0.0000, +0.0000, +0.0000, +0.0000, +0.0000, +0.0000, +0.0000, +0.0000, +0.0000, +0.0000, +0.0000, +0.0000, +0.0000, +0.0000, +0.0000, +0.0000, +0.0000, +0.0000, +0.0000}, 
   { +0.0000, +0.0000, +0.0000, +0.0000, +0.0000, +0.0000, +0.0000, +0.0000, +0.0000, +0.0000, +0.0000, +0.0000, +0.0000, +0.0000, +0.0000, +0.0000, +0.0000, +0.0000, +0.0000, +0.0000, +0.0000, +0.0000, +0.0000, +0.0000, +0.0000, +0.0000, +0.0000, +0.0000, +0.0000, +0.0000, +0.0000, +0.0000, +0.0000, +0.0000, +0.0000}, 
   { +0.0000, +0.0000, +0.0000, +0.0000, +0.0000, +0.0000, +0.0000, +0.0000, +0.0000, +0.0000, +0.0000, +0.0000, +0.0000, +0.0000, +0.0000, +0.0000, +0.0000, +0.0000, +0.0000, +0.0000, +0.0000, +0.0000, +0.0000, +0.0000, +0.0000, +0.0000, +0.0000, +0.0000, +0.0000, +0.0000, +0.0000, +0.0000, +0.0000, +0.0000, +0.0000}, 
   { +0.4472, +0.4472, +0.0000, +0.0000, +0.0000, +0.4472, +0.4472, +0.0000, +0.0000, +0.0000, +1.0000, +0.0000, +0.0000, +0.0000, +0.0000, +0.4472, +0.0000, +0.0000, +0.0000, +0.0000, +0.4472, +0.0000, +0.0000, +0.0000, +0.0000, +0.4472, +0.0000, +0.0000, +0.0000, +0.0000, +0.4472, +0.0000, +0.0000, +0.0000, +0.0000}, 
   { +0.0000, +0.0000, +0.0000, +0.0000, +0.0000, +0.0000, +0.0000, +0.0000, +0.0000, +0.0000, +0.0000, +0.0000, +0.0000, +0.0000, +0.0000, +0.0000, +0.0000, +0.0000, +0.0000, +0.0000, +0.0000, +0.0000, +0.0000, +0.0000, +0.0000, +0.0000, +0.0000, +0.0000, +0.0000, +0.0000, +0.0000, +0.0000, +0.0000, +0.0000, +0.0000}, 
   { +0.0000, +0.0000, +0.0000, +0.0000, +0.0000, +0.0000, +0.0000, +0.0000, +0.0000, +0.0000, +0.0000, +0.0000, +0.0000, +0.0000, +0.0000, +0.0000, +0.0000, +0.0000, +0.0000, +0.0000, +0.0000, +0.0000, +0.0000, +0.0000, +0.0000, +0.0000, +0.0000, +0.0000, +0.0000, +0.0000, +0.0000, +0.0000, +0.0000, +0.0000, +0.0000}, 
   { +0.0000, +0.0000, +0.0000, +0.0000, +0.0000, +0.0000, +0.0000, +0.0000, +0.0000, +0.0000, +0.0000, +0.0000, +0.0000, +0.0000, +0.0000, +0.0000, +0.0000, +0.0000, +0.0000, +0.0000, +0.0000, +0.0000, +0.0000, +0.0000, +0.0000, +0.0000, +0.0000, +0.0000, +0.0000, +0.0000, +0.0000, +0.0000, +0.0000, +0.0000, +0.0000}, 
   { +0.0000, +0.0000, +0.0000, +0.0000, +0.0000, +0.0000, +0.0000, +0.0000, +0.0000, +0.0000, +0.0000, +0.0000, +0.0000, +0.0000, +0.0000, +0.0000, +0.0000, +0.0000, +0.0000, +0.0000, +0.0000, +0.0000, +0.0000, +0.0000, +0.0000, +0.0000, +0.0000, +0.0000, +0.0000, +0.0000, +0.0000, +0.0000, +0.0000, +0.0000, +0.0000}, 
   { +0.4472, +0.4472, +0.0000, +0.0000, +0.0000, +0.4472, +0.4472, +0.0000, +0.0000, +0.0000, +0.4472, +0.0000, +0.0000, +0.0000, +0.0000, +1.0000, +0.0000, +0.0000, +0.0000, +0.0000, +0.4472, +0.0000, +0.0000, +0.0000, +0.0000, +0.4472, +0.0000, +0.0000, +0.0000, +0.0000, +0.4472, +0.0000, +0.0000, +0.0000, +0.0000}, 
   { +0.0000, +0.0000, +0.0000, +0.0000, +0.0000, +0.0000, +0.0000, +0.0000, +0.0000, +0.0000, +0.0000, +0.0000, +0.0000, +0.0000, +0.0000, +0.0000, +0.0000, +0.0000, +0.0000, +0.0000, +0.0000, +0.0000, +0.0000, +0.0000, +0.0000, +0.0000, +0.0000, +0.0000, +0.0000, +0.0000, +0.0000, +0.0000, +0.0000, +0.0000, +0.0000}, 
   { +0.0000, +0.0000, +0.0000, +0.0000, +0.0000, +0.0000, +0.0000, +0.0000, +0.0000, +0.0000, +0.0000, +0.0000, +0.0000, +0.0000, +0.0000, +0.0000, +0.0000, +0.0000, +0.0000, +0.0000, +0.0000, +0.0000, +0.0000, +0.0000, +0.0000, +0.0000, +0.0000, +0.0000, +0.0000, +0.0000, +0.0000, +0.0000, +0.0000, +0.0000, +0.0000}, 
   { +0.0000, +0.0000, +0.0000, +0.0000, +0.0000, +0.0000, +0.0000, +0.0000, +0.0000, +0.0000, +0.0000, +0.0000, +0.0000, +0.0000, +0.0000, +0.0000, +0.0000, +0.0000, +0.0000, +0.0000, +0.0000, +0.0000, +0.0000, +0.0000, +0.0000, +0.0000, +0.0000, +0.0000, +0.0000, +0.0000, +0.0000, +0.0000, +0.0000, +0.0000, +0.0000}, 
   { +0.0000, +0.0000, +0.0000, +0.0000, +0.0000, +0.0000, +0.0000, +0.0000, +0.0000, +0.0000, +0.0000, +0.0000, +0.0000, +0.0000, +0.0000, +0.0000, +0.0000, +0.0000, +0.0000, +0.0000, +0.0000, +0.0000, +0.0000, +0.0000, +0.0000, +0.0000, +0.0000, +0.0000, +0.0000, +0.0000, +0.0000, +0.0000, +0.0000, +0.0000, +0.0000}, 
   { +0.4472, +0.4472, +0.0000, +0.0000, +0.0000, +0.4472, +0.4472, +0.0000, +0.0000, +0.0000, +0.4472, +0.0000, +0.0000, +0.0000, +0.0000, +0.4472, +0.0000, +0.0000, +0.0000, +0.0000, +1.0000, +0.0000, +0.0000, +0.0000, +0.0000, +0.4472, +0.0000, +0.0000, +0.0000, +0.0000, +0.4472, +0.0000, +0.0000, +0.0000, +0.0000}, 
   { +0.0000, +0.0000, +0.0000, +0.0000, +0.0000, +0.0000, +0.0000, +0.0000, +0.0000, +0.0000, +0.0000, +0.0000, +0.0000, +0.0000, +0.0000, +0.0000, +0.0000, +0.0000, +0.0000, +0.0000, +0.0000, +0.0000, +0.0000, +0.0000, +0.0000, +0.0000, +0.0000, +0.0000, +0.0000, +0.0000, +0.0000, +0.0000, +0.0000, +0.0000, +0.0000}, 
   { +0.0000, +0.0000, +0.0000, +0.0000, +0.0000, +0.0000, +0.0000, +0.0000, +0.0000, +0.0000, +0.0000, +0.0000, +0.0000, +0.0000, +0.0000, +0.0000, +0.0000, +0.0000, +0.0000, +0.0000, +0.0000, +0.0000, +0.0000, +0.0000, +0.0000, +0.0000, +0.0000, +0.0000, +0.0000, +0.0000, +0.0000, +0.0000, +0.0000, +0.0000, +0.0000}, 
   { +0.0000, +0.0000, +0.0000, +0.0000, +0.0000, +0.0000, +0.0000, +0.0000, +0.0000, +0.0000, +0.0000, +0.0000, +0.0000, +0.0000, +0.0000, +0.0000, +0.0000, +0.0000, +0.0000, +0.0000, +0.0000, +0.0000, +0.0000, +0.0000, +0.0000, +0.0000, +0.0000, +0.0000, +0.0000, +0.0000, +0.0000, +0.0000, +0.0000, +0.0000, +0.0000}, 
   { +0.0000, +0.0000, +0.0000, +0.0000, +0.0000, +0.0000, +0.0000, +0.0000, +0.0000, +0.0000, +0.0000, +0.0000, +0.0000, +0.0000, +0.0000, +0.0000, +0.0000, +0.0000, +0.0000, +0.0000, +0.0000, +0.0000, +0.0000, +0.0000, +0.0000, +0.0000, +0.0000, +0.0000, +0.0000, +0.0000, +0.0000, +0.0000, +0.0000, +0.0000, +0.0000}, 
   { +0.4472, +0.4472, +0.0000, +0.0000, +0.0000, +0.4472, +0.4472, +0.0000, +0.0000, +0.0000, +0.4472, +0.0000, +0.0000, +0.0000, +0.0000, +0.4472, +0.0000, +0.0000, +0.0000, +0.0000, +0.4472, +0.0000, +0.0000, +0.0000, +0.0000, +1.0000, +0.0000, +0.0000, +0.0000, +0.0000, +0.4472, +0.0000, +0.0000, +0.0000, +0.0000}, 
   { +0.0000, +0.0000, +0.0000, +0.0000, +0.0000, +0.0000, +0.0000, +0.0000, +0.0000, +0.0000, +0.0000, +0.0000, +0.0000, +0.0000, +0.0000, +0.0000, +0.0000, +0.0000, +0.0000, +0.0000, +0.0000, +0.0000, +0.0000, +0.0000, +0.0000, +0.0000, +0.0000, +0.0000, +0.0000, +0.0000, +0.0000, +0.0000, +0.0000, +0.0000, +0.0000}, 
   { +0.0000, +0.0000, +0.0000, +0.0000, +0.0000, +0.0000, +0.0000, +0.0000, +0.0000, +0.0000, +0.0000, +0.0000, +0.0000, +0.0000, +0.0000, +0.0000, +0.0000, +0.0000, +0.0000, +0.0000, +0.0000, +0.0000, +0.0000, +0.0000, +0.0000, +0.0000, +0.0000, +0.0000, +0.0000, +0.0000, +0.0000, +0.0000, +0.0000, +0.0000, +0.0000}, 
   { +0.0000, +0.0000, +0.0000, +0.0000, +0.0000, +0.0000, +0.0000, +0.0000, +0.0000, +0.0000, +0.0000, +0.0000, +0.0000, +0.0000, +0.0000, +0.0000, +0.0000, +0.0000, +0.0000, +0.0000, +0.0000, +0.0000, +0.0000, +0.0000, +0.0000, +0.0000, +0.0000, +0.0000, +0.0000, +0.0000, +0.0000, +0.0000, +0.0000, +0.0000, +0.0000}, 
   { +0.0000, +0.0000, +0.0000, +0.0000, +0.0000, +0.0000, +0.0000, +0.0000, +0.0000, +0.0000, +0.0000, +0.0000, +0.0000, +0.0000, +0.0000, +0.0000, +0.0000, +0.0000, +0.0000, +0.0000, +0.0000, +0.0000, +0.0000, +0.0000, +0.0000, +0.0000, +0.0000, +0.0000, +0.0000, +0.0000, +0.0000, +0.0000, +0.0000, +0.0000, +0.0000}, 
   { +0.4472, +0.4472, +0.0000, +0.0000, +0.0000, +0.4472, +0.4472, +0.0000, +0.0000, +0.0000, +0.4472, +0.0000, +0.0000, +0.0000, +0.0000, +0.4472, +0.0000, +0.0000, +0.0000, +0.0000, +0.4472, +0.0000, +0.0000, +0.0000, +0.0000, +0.4472, +0.0000, +0.0000, +0.0000, +0.0000, +1.0000, +0.0000, +0.0000, +0.0000, +0.0000}, 
   { +0.0000, +0.0000, +0.0000, +0.0000, +0.0000, +0.0000, +0.0000, +0.0000, +0.0000, +0.0000, +0.0000, +0.0000, +0.0000, +0.0000, +0.0000, +0.0000, +0.0000, +0.0000, +0.0000, +0.0000, +0.0000, +0.0000, +0.0000, +0.0000, +0.0000, +0.0000, +0.0000, +0.0000, +0.0000, +0.0000, +0.0000, +0.0000, +0.0000, +0.0000, +0.0000}, 
   { +0.0000, +0.0000, +0.0000, +0.0000, +0.0000, +0.0000, +0.0000, +0.0000, +0.0000, +0.0000, +0.0000, +0.0000, +0.0000, +0.0000, +0.0000, +0.0000, +0.0000, +0.0000, +0.0000, +0.0000, +0.0000, +0.0000, +0.0000, +0.0000, +0.0000, +0.0000, +0.0000, +0.0000, +0.0000, +0.0000, +0.0000, +0.0000, +0.0000, +0.0000, +0.0000}, 
   { +0.0000, +0.0000, +0.0000, +0.0000, +0.0000, +0.0000, +0.0000, +0.0000, +0.0000, +0.0000, +0.0000, +0.0000, +0.0000, +0.0000, +0.0000, +0.0000, +0.0000, +0.0000, +0.0000, +0.0000, +0.0000, +0.0000, +0.0000, +0.0000, +0.0000, +0.0000, +0.0000, +0.0000, +0.0000, +0.0000, +0.0000, +0.0000, +0.0000, +0.0000, +0.0000}, 
   { +0.0000, +0.0000, +0.0000, +0.0000, +0.0000, +0.0000, +0.0000, +0.0000, +0.0000, +0.0000, +0.0000, +0.0000, +0.0000, +0.0000, +0.0000, +0.0000, +0.0000, +0.0000, +0.0000, +0.0000, +0.0000, +0.0000, +0.0000, +0.0000, +0.0000, +0.0000, +0.0000, +0.0000, +0.0000, +0.0000, +0.0000, +0.0000, +0.0000, +0.0000, +0.0000} } 
