---------------------
Basis Indices:
---------------------

{1, 0, 0, 0, 0}, {1, 0, 0, 0, 0}, {}, {}, {}


{0.447, 0.447, 0.447, 0.447, 0.447}, {0.447, x_31+i*x_206, x_32+i*x_207, x_33+i*x_208, x_34+i*x_209}, {}, {}, {}


{0.447, x_51+i*x_226, x_52+i*x_227, x_53+i*x_228, x_54+i*x_229}, {0.447, x_56+i*x_231, x_57+i*x_232, x_58+i*x_233, x_59+i*x_234}, {}, {}, {}


{0.447, x_76+i*x_251, x_77+i*x_252, x_78+i*x_253, x_79+i*x_254}, {0.447, x_81+i*x_256, x_82+i*x_257, x_83+i*x_258, x_84+i*x_259}, {}, {}, {}


{0.447, x_101+i*x_276, x_102+i*x_277, x_103+i*x_278, x_104+i*x_279}, {0.447, x_106+i*x_281, x_107+i*x_282, x_108+i*x_283, x_109+i*x_284}, {}, {}, {}


{0.447, x_126+i*x_301, x_127+i*x_302, x_128+i*x_303, x_129+i*x_304}, {}, {}, {}, {}


{0.447, x_151+i*x_326, x_152+i*x_327, x_153+i*x_328, x_154+i*x_329}, {}, {}, {}, {}

---------------------
Problem: 
---------------------
Find a point satisfying:

-0.2*{} + 1*{ 351 351} + 1*{ 350 350} = 0 

1*{ 208 228} + 1*{  33  53} + 1*{ 207 227} + 1*{  32  52} + 1*{ 209 229} + 1*{  34  54} + 1*{  31  51} + 1*{ 206 226} + 0.2*{} + -1*{ 350} = 0 

-1*{  53 208} + 1*{  31 226} + -1*{  52 207} + 1*{  33 228} + 1*{  32 227} + -1*{  51 206} + 1*{  34 229} + -1*{  54 209} + -1*{ 351} = 0 

-0.2*{} + 1*{ 353 353} + 1*{ 352 352} = 0 

1*{  34  59} + 1*{  33  58} + 1*{  32  57} + 1*{ 206 231} + 1*{ 209 234} + 1*{ 207 232} + 0.2*{} + 1*{ 208 233} + 1*{  31  56} + -1*{ 352} = 0 

-1*{  58 208} + -1*{  57 207} + 1*{  32 232} + -1*{  56 206} + 1*{  31 231} + 1*{  33 233} + -1*{  59 209} + 1*{  34 234} + -1*{ 353} = 0 

-0.2*{} + 1*{ 355 355} + 1*{ 354 354} = 0 

1*{ 207 252} + -1*{ 354} + 1*{ 208 253} + 1*{  32  77} + 1*{  33  78} + 1*{ 206 251} + 0.2*{} + 1*{  31  76} + 1*{  34  79} + 1*{ 209 254} = 0 

1*{  33 253} + -1*{  77 207} + 1*{  32 252} + -1*{ 355} + 1*{  31 251} + -1*{  78 208} + 1*{  34 254} + -1*{  76 206} + -1*{  79 209} = 0 

-0.2*{} + 1*{ 357 357} + 1*{ 356 356} = 0 

1*{ 208 258} + 1*{  33  83} + 1*{ 207 257} + 1*{  31  81} + 1*{  32  82} + 1*{ 206 256} + 0.2*{} + 1*{  34  84} + 1*{ 209 259} + -1*{ 356} = 0 

-1*{  84 209} + -1*{  82 207} + 1*{  33 258} + -1*{  83 208} + 1*{  32 257} + -1*{  81 206} + -1*{ 357} + 1*{  31 256} + 1*{  34 259} = 0 

-0.2*{} + 1*{ 359 359} + 1*{ 358 358} = 0 

1*{ 208 278} + 1*{  33 103} + 0.2*{} + 1*{  32 102} + 1*{ 207 277} + 1*{ 206 276} + 1*{  31 101} + 1*{  34 104} + 1*{ 209 279} + -1*{ 358} = 0 

1*{  33 278} + 1*{  32 277} + -1*{ 101 206} + -1*{ 102 207} + -1*{ 103 208} + 1*{  34 279} + -1*{ 359} + 1*{  31 276} + -1*{ 104 209} = 0 

-0.2*{} + 1*{ 361 361} + 1*{ 360 360} = 0 

1*{  33 108} + 1*{ 207 282} + 1*{  32 107} + 1*{  34 109} + 1*{ 208 283} + 1*{  31 106} + 1*{ 206 281} + 1*{ 209 284} + 0.2*{} + -1*{ 360} = 0 

1*{  33 283} + -1*{ 108 208} + 1*{  32 282} + -1*{ 106 206} + 1*{  31 281} + -1*{ 107 207} + -1*{ 361} + 1*{  34 284} + -1*{ 109 209} = 0 

-0.2*{} + 1*{ 363 363} + 1*{ 362 362} = 0 

1*{ 208 303} + 1*{  33 128} + 1*{  32 127} + 1*{ 206 301} + 1*{ 207 302} + 1*{ 209 304} + -1*{ 362} + 1*{  31 126} + 0.2*{} + 1*{  34 129} = 0 

-1*{ 127 207} + 1*{  33 303} + 1*{  32 302} + -1*{ 126 206} + -1*{ 129 209} + 1*{  31 301} + -1*{ 128 208} + -1*{ 363} + 1*{  34 304} = 0 

-0.2*{} + 1*{ 365 365} + 1*{ 364 364} = 0 

1*{ 208 328} + 1*{  33 153} + 1*{ 206 326} + 0.2*{} + 1*{  32 152} + 1*{ 209 329} + 1*{ 207 327} + 1*{  31 151} + 1*{  34 154} + -1*{ 364} = 0 

-1*{ 152 207} + -1*{ 151 206} + 1*{  32 327} + -1*{ 153 208} + 1*{  31 326} + 1*{  34 329} + 1*{  33 328} + -1*{ 154 209} + -1*{ 365} = 0 

-0.2*{} + 1*{ 206 206} + 1*{  31  31} = 0 

-0.8*{} + 1*{  33  33} + 1*{ 208 208} + 1*{  31  31} + 1*{ 206 206} + 1*{  32  32} + 1*{ 207 207} + 1*{  34  34} + 1*{ 209 209} = 0 

0.4*{  32  33} + 0.2*{ 206 206} + 0.4*{ 206 209} + 0.2*{  31  31} + 0.4*{  31  32} + 0.2*{  32  32} + 0.178885*{  34} + 0.4*{  31  34} + 0.178885*{  33} + 0.178885*{  32} + 0.2*{  33  33} + 0.4*{  33  34} + 0.04*{} + 0.4*{ 207 208} + 0.4*{ 207 209} + 0.2*{ 208 208} + 0.4*{  31  33} + 0.2*{ 207 207} + 0.4*{ 208 209} + 0.4*{ 206 207} + 0.2*{ 209 209} + 0.2*{  34  34} + 0.178885*{  31} + 0.4*{ 206 208} + 0.4*{  32  34} = 0 

1*{  52  57} + 1*{ 228 233} + 1*{  53  58} + 1*{  54  59} + 1*{ 226 231} + 1*{  51  56} + 1*{ 227 232} + 0.2*{} + 1*{ 229 234} = 0 

-1*{  57 227} + 1*{  53 233} + -1*{  59 229} + -1*{  56 226} + 1*{  51 231} + -1*{  58 228} + 1*{  52 232} + 1*{  54 234} = 0 

-0.2*{} + 1*{ 367 367} + 1*{ 366 366} = 0 

1*{ 228 253} + 1*{  53  78} + 1*{ 226 251} + 0.2*{} + 1*{ 227 252} + 1*{  51  76} + 1*{  52  77} + 1*{  54  79} + 1*{ 229 254} + -1*{ 366} = 0 

-1*{  78 228} + 1*{  53 253} + -1*{  79 229} + -1*{  77 227} + 1*{  52 252} + 1*{  54 254} + -1*{  76 226} + 1*{  51 251} + -1*{ 367} = 0 

-0.2*{} + 1*{ 369 369} + 1*{ 368 368} = 0 

1*{ 228 258} + 1*{  53  83} + 1*{ 227 257} + 1*{  52  82} + -1*{ 368} + 1*{ 226 256} + 1*{ 229 259} + 1*{  51  81} + 0.2*{} + 1*{  54  84} = 0 

1*{  51 256} + -1*{ 369} + 1*{  54 259} + 1*{  53 258} + -1*{  82 227} + 1*{  52 257} + -1*{  81 226} + -1*{  83 228} + -1*{  84 229} = 0 

-0.2*{} + 1*{ 371 371} + 1*{ 370 370} = 0 

1*{ 227 277} + -1*{ 370} + 1*{  52 102} + 1*{ 229 279} + 1*{ 228 278} + 1*{ 226 276} + 1*{  53 103} + 1*{  51 101} + 1*{  54 104} + 0.2*{} = 0 

-1*{ 103 228} + 1*{  53 278} + -1*{ 102 227} + -1*{ 101 226} + 1*{  51 276} + -1*{ 371} + 1*{  52 277} + 1*{  54 279} + -1*{ 104 229} = 0 

-0.2*{} + 1*{ 373 373} + 1*{ 372 372} = 0 

1*{ 228 283} + 1*{  53 108} + 1*{  54 109} + 1*{  51 106} + 1*{  52 107} + 0.2*{} + 1*{ 227 282} + 1*{ 226 281} + 1*{ 229 284} + -1*{ 372} = 0 

1*{  53 283} + -1*{ 108 228} + -1*{ 106 226} + -1*{ 109 229} + 1*{  51 281} + -1*{ 107 227} + 1*{  52 282} + 1*{  54 284} + -1*{ 373} = 0 

-0.2*{} + 1*{ 375 375} + 1*{ 374 374} = 0 

1*{ 228 303} + 1*{  53 128} + 1*{  54 129} + 1*{ 227 302} + 1*{  52 127} + 1*{ 226 301} + 1*{  51 126} + 0.2*{} + 1*{ 229 304} + -1*{ 374} = 0 

-1*{ 128 228} + -1*{ 127 227} + 1*{  52 302} + 1*{  51 301} + 1*{  54 304} + 1*{  53 303} + -1*{ 126 226} + -1*{ 129 229} + -1*{ 375} = 0 

1*{ 377 377} + -0.2*{} + 1*{ 376 376} = 0 

1*{  52 152} + 0.2*{} + 1*{ 226 326} + 1*{  53 153} + 1*{ 228 328} + 1*{  51 151} + 1*{ 227 327} + 1*{  54 154} + 1*{ 229 329} + -1*{ 376} = 0 

1*{  51 326} + 1*{  53 328} + -1*{ 152 227} + 1*{  52 327} + -1*{ 153 228} + -1*{ 151 226} + 1*{  54 329} + -1*{ 377} + -1*{ 154 229} = 0 

-0.2*{} + 1*{ 226 226} + 1*{  51  51} = 0 

-0.8*{} + 1*{  53  53} + 1*{  51  51} + 1*{ 226 226} + 1*{  52  52} + 1*{  54  54} + 1*{ 227 227} + 1*{ 229 229} + 1*{ 228 228} = 0 

0.4*{ 226 227} + 0.4*{ 227 228} + 0.4*{  51  53} + 0.4*{  51  52} + 0.2*{ 228 228} + 0.178885*{  53} + 0.2*{ 226 226} + -0.16*{} + 0.2*{  54  54} + 0.4*{ 228 229} + 0.178885*{  54} + 0.2*{  53  53} + 0.4*{ 226 228} + 0.4*{  52  53} + 0.4*{  53  54} + 0.2*{  52  52} + 0.4*{ 227 229} + 0.178885*{  51} + 0.2*{  51  51} + 0.4*{  51  54} + 0.2*{ 229 229} + 0.178885*{  52} + 0.2*{ 227 227} + 0.4*{  52  54} + 0.4*{ 226 229} = 0 

-0.2*{} + 1*{ 379 379} + 1*{ 378 378} = 0 

1*{  57  77} + 1*{ 231 251} + 1*{ 233 253} + 1*{  56  76} + 0.2*{} + 1*{  58  78} + 1*{ 234 254} + 1*{ 232 252} + 1*{  59  79} + -1*{ 378} = 0 

-1*{  78 233} + 1*{  57 252} + -1*{  77 232} + 1*{  56 251} + 1*{  58 253} + 1*{  59 254} + -1*{  76 231} + -1*{  79 234} + -1*{ 379} = 0 

-0.2*{} + 1*{ 381 381} + 1*{ 380 380} = 0 

1*{ 233 258} + 1*{  57  82} + 1*{ 232 257} + 0.2*{} + 1*{ 231 256} + 1*{  59  84} + 1*{  58  83} + 1*{  56  81} + 1*{ 234 259} + -1*{ 380} = 0 

-1*{  83 233} + -1*{  81 231} + -1*{  82 232} + 1*{  57 257} + -1*{  84 234} + 1*{  58 258} + 1*{  56 256} + 1*{  59 259} + -1*{ 381} = 0 

-0.2*{} + 1*{ 383 383} + 1*{ 382 382} = 0 

1*{  58 103} + 1*{ 233 278} + 1*{  57 102} + 1*{ 231 276} + 1*{ 234 279} + 1*{  59 104} + 1*{ 232 277} + 1*{  56 101} + -1*{ 382} + 0.2*{} = 0 

-1*{ 103 233} + 1*{  56 276} + 1*{  58 278} + -1*{ 104 234} + 1*{  57 277} + -1*{ 101 231} + 1*{  59 279} + -1*{ 102 232} + -1*{ 383} = 0 

-0.2*{} + 1*{ 385 385} + 1*{ 384 384} = 0 

1*{ 233 283} + 1*{  58 108} + 1*{ 232 282} + 1*{  56 106} + -1*{ 384} + 0.2*{} + 1*{  59 109} + 1*{ 231 281} + 1*{  57 107} + 1*{ 234 284} = 0 

-1*{ 108 233} + 1*{  57 282} + -1*{ 385} + -1*{ 107 232} + -1*{ 106 231} + 1*{  58 283} + 1*{  59 284} + 1*{  56 281} + -1*{ 109 234} = 0 

-0.2*{} + 1*{ 387 387} + 1*{ 386 386} = 0 

1*{ 233 303} + 1*{  59 129} + 1*{  58 128} + 1*{ 232 302} + -1*{ 386} + 1*{ 234 304} + 1*{ 231 301} + 1*{  56 126} + 1*{  57 127} + 0.2*{} = 0 

-1*{ 128 233} + 1*{  58 303} + -1*{ 126 231} + 1*{  57 302} + 1*{  56 301} + -1*{ 127 232} + -1*{ 387} + 1*{  59 304} + -1*{ 129 234} = 0 

-0.2*{} + 1*{ 389 389} + 1*{ 388 388} = 0 

1*{ 233 328} + 1*{  58 153} + 1*{ 232 327} + 1*{ 234 329} + 1*{  57 152} + 1*{  59 154} + 1*{ 231 326} + -1*{ 388} + 1*{  56 151} + 0.2*{} = 0 

-1*{ 152 232} + 1*{  57 327} + -1*{ 151 231} + 1*{  56 326} + 1*{  59 329} + -1*{ 153 233} + 1*{  58 328} + -1*{ 154 234} + -1*{ 389} = 0 

-0.2*{} + 1*{ 231 231} + 1*{  56  56} = 0 

-0.8*{} + 1*{  58  58} + 1*{  56  56} + 1*{ 234 234} + 1*{ 231 231} + 1*{  57  57} + 1*{ 232 232} + 1*{ 233 233} + 1*{  59  59} = 0 

0.4*{ 233 234} + 0.2*{  57  57} + 0.4*{  58  59} + 0.2*{  59  59} + 0.2*{ 232 232} + 0.4*{  56  58} + 0.2*{ 233 233} + 0.178885*{  56} + 0.178885*{  59} + 0.178885*{  57} + 0.2*{ 231 231} + 0.4*{ 231 233} + 0.2*{ 234 234} + 0.4*{  57  58} + 0.4*{ 231 232} + 0.2*{  58  58} + 0.4*{ 232 234} + 0.178885*{  58} + 0.2*{  56  56} + 0.4*{ 232 233} + -0.16*{} + 0.4*{  56  59} + 0.4*{  57  59} + 0.4*{  56  57} + 0.4*{ 231 234} = 0 

1*{ 253 258} + 1*{  77  82} + 1*{  78  83} + 1*{ 252 257} + 1*{ 251 256} + 1*{  76  81} + 0.2*{} + 1*{  79  84} + 1*{ 254 259} = 0 

-1*{  82 252} + 1*{  77 257} + 1*{  78 258} + 1*{  79 259} + -1*{  81 251} + -1*{  83 253} + 1*{  76 256} + -1*{  84 254} = 0 

-0.2*{} + 1*{ 391 391} + 1*{ 390 390} = 0 

1*{ 253 278} + 1*{  77 102} + 1*{ 251 276} + 1*{  78 103} + 1*{  79 104} + 1*{  76 101} + 1*{ 252 277} + 1*{ 254 279} + 0.2*{} + -1*{ 390} = 0 

-1*{ 103 253} + 1*{  76 276} + -1*{ 102 252} + 1*{  79 279} + 1*{  78 278} + 1*{  77 277} + -1*{ 104 254} + -1*{ 101 251} + -1*{ 391} = 0 

-0.2*{} + 1*{ 393 393} + 1*{ 392 392} = 0 

1*{ 253 283} + 1*{  78 108} + 1*{  79 109} + 1*{ 251 281} + 1*{ 254 284} + 1*{  77 107} + 1*{ 252 282} + 1*{  76 106} + 0.2*{} + -1*{ 392} = 0 

1*{  78 283} + -1*{ 108 253} + -1*{ 107 252} + 1*{  77 282} + -1*{ 109 254} + -1*{ 106 251} + 1*{  79 284} + 1*{  76 281} + -1*{ 393} = 0 

-0.2*{} + 1*{ 395 395} + 1*{ 394 394} = 0 

1*{  78 128} + 1*{  77 127} + 1*{ 253 303} + 1*{ 252 302} + 1*{  76 126} + 1*{ 251 301} + 1*{  79 129} + 0.2*{} + 1*{ 254 304} + -1*{ 394} = 0 

1*{  78 303} + -1*{ 128 253} + -1*{ 127 252} + -1*{ 126 251} + 1*{  77 302} + -1*{ 129 254} + 1*{  76 301} + 1*{  79 304} + -1*{ 395} = 0 

-0.2*{} + 1*{ 397 397} + 1*{ 396 396} = 0 

1*{ 252 327} + 1*{ 251 326} + 1*{  76 151} + 1*{  79 154} + 1*{ 253 328} + 1*{ 254 329} + 1*{  77 152} + 0.2*{} + 1*{  78 153} + -1*{ 396} = 0 

-1*{ 151 251} + -1*{ 153 253} + 1*{  78 328} + 1*{  77 327} + -1*{ 154 254} + 1*{  76 326} + -1*{ 152 252} + 1*{  79 329} + -1*{ 397} = 0 

-0.2*{} + 1*{ 251 251} + 1*{  76  76} = 0 

-0.8*{} + 1*{  76  76} + 1*{  78  78} + 1*{ 251 251} + 1*{  79  79} + 1*{  77  77} + 1*{ 252 252} + 1*{ 253 253} + 1*{ 254 254} = 0 

0.4*{  77  79} + 0.2*{  76  76} + 0.4*{  76  77} + 0.4*{  76  79} + 0.178885*{  77} + 0.2*{ 252 252} + 0.178885*{  76} + 0.2*{ 251 251} + 0.178885*{  79} + 0.2*{ 254 254} + 0.4*{ 252 253} + 0.2*{  78  78} + -0.16*{} + 0.4*{  77  78} + 0.4*{ 252 254} + 0.4*{  78  79} + 0.2*{  79  79} + 0.2*{ 253 253} + 0.2*{  77  77} + 0.178885*{  78} + 0.4*{  76  78} + 0.4*{ 251 252} + 0.4*{ 251 253} + 0.4*{ 251 254} + 0.4*{ 253 254} = 0 

-0.2*{} + 1*{ 399 399} + 1*{ 398 398} = 0 

1*{ 258 278} + 1*{ 257 277} + 1*{ 259 279} + 1*{  82 102} + 1*{ 256 276} + 0.2*{} + 1*{  83 103} + 1*{  84 104} + 1*{  81 101} + -1*{ 398} = 0 

-1*{ 103 258} + -1*{ 102 257} + 1*{  82 277} + 1*{  83 278} + 1*{  81 276} + -1*{ 101 256} + 1*{  84 279} + -1*{ 104 259} + -1*{ 399} = 0 

-0.2*{} + 1*{ 401 401} + 1*{ 400 400} = 0 

1*{ 258 283} + 1*{  83 108} + 1*{  82 107} + 1*{  84 109} + 0.2*{} + 1*{ 256 281} + 1*{ 257 282} + 1*{  81 106} + 1*{ 259 284} + -1*{ 400} = 0 

1*{  83 283} + -1*{ 107 257} + -1*{ 401} + 1*{  82 282} + -1*{ 106 256} + 1*{  81 281} + 1*{  84 284} + -1*{ 108 258} + -1*{ 109 259} = 0 

-0.2*{} + 1*{ 403 403} + 1*{ 402 402} = 0 

1*{ 257 302} + 1*{  82 127} + 1*{ 258 303} + 1*{  81 126} + 0.2*{} + 1*{ 256 301} + 1*{  84 129} + 1*{  83 128} + -1*{ 402} + 1*{ 259 304} = 0 

-1*{ 128 258} + -1*{ 127 257} + -1*{ 126 256} + -1*{ 403} + 1*{  83 303} + 1*{  84 304} + 1*{  82 302} + 1*{  81 301} + -1*{ 129 259} = 0 

-0.2*{} + 1*{ 405 405} + 1*{ 404 404} = 0 

1*{ 258 328} + 1*{  83 153} + 1*{  82 152} + -1*{ 404} + 1*{ 257 327} + 1*{ 256 326} + 1*{  81 151} + 0.2*{} + 1*{ 259 329} + 1*{  84 154} = 0 

-1*{ 152 257} + 1*{  83 328} + -1*{ 151 256} + -1*{ 153 258} + -1*{ 405} + -1*{ 154 259} + 1*{  81 326} + 1*{  82 327} + 1*{  84 329} = 0 

-0.2*{} + 1*{ 256 256} + 1*{  81  81} = 0 

-0.8*{} + 1*{  83  83} + 1*{  81  81} + 1*{ 256 256} + 1*{  82  82} + 1*{ 257 257} + 1*{ 258 258} + 1*{  84  84} + 1*{ 259 259} = 0 

0.4*{  82  84} + 0.4*{ 256 257} + 0.4*{ 256 259} + 0.4*{  81  84} + 0.2*{  81  81} + 0.2*{  82  82} + 0.4*{ 257 258} + 0.2*{  84  84} + 0.178885*{  81} + 0.4*{  82  83} + 0.2*{ 258 258} + 0.4*{ 257 259} + 0.2*{ 257 257} + 0.4*{  83  84} + 0.4*{  81  83} + 0.4*{ 256 258} + 0.2*{  83  83} + -0.16*{} + 0.2*{ 259 259} + 0.178885*{  82} + 0.178885*{  83} + 0.4*{  81  82} + 0.4*{ 258 259} + 0.2*{ 256 256} + 0.178885*{  84} = 0 

1*{ 103 108} + 1*{ 102 107} + 1*{ 101 106} + 1*{ 277 282} + 0.2*{} + 1*{ 104 109} + 1*{ 276 281} + 1*{ 278 283} + 1*{ 279 284} = 0 

1*{ 103 283} + -1*{ 106 276} + 1*{ 101 281} + -1*{ 108 278} + -1*{ 107 277} + 1*{ 102 282} + -1*{ 109 279} + 1*{ 104 284} = 0 

-0.2*{} + 1*{ 407 407} + 1*{ 406 406} = 0 

1*{ 103 128} + -1*{ 406} + 1*{ 277 302} + 1*{ 278 303} + 1*{ 102 127} + 1*{ 276 301} + 1*{ 101 126} + 0.2*{} + 1*{ 104 129} + 1*{ 279 304} = 0 

-1*{ 128 278} + -1*{ 127 277} + 1*{ 102 302} + -1*{ 129 279} + -1*{ 407} + 1*{ 103 303} + -1*{ 126 276} + 1*{ 104 304} + 1*{ 101 301} = 0 

-0.2*{} + 1*{ 409 409} + 1*{ 408 408} = 0 

1*{ 278 328} + 1*{ 277 327} + 1*{ 104 154} + 1*{ 276 326} + 1*{ 101 151} + 1*{ 103 153} + 0.2*{} + 1*{ 102 152} + 1*{ 279 329} + -1*{ 408} = 0 

1*{ 103 328} + 1*{ 102 327} + 1*{ 101 326} + -1*{ 151 276} + -1*{ 154 279} + 1*{ 104 329} + -1*{ 153 278} + -1*{ 152 277} + -1*{ 409} = 0 

-0.2*{} + 1*{ 276 276} + 1*{ 101 101} = 0 

-0.8*{} + 1*{ 101 101} + 1*{ 276 276} + 1*{ 102 102} + 1*{ 277 277} + 1*{ 279 279} + 1*{ 103 103} + 1*{ 104 104} + 1*{ 278 278} = 0 

0.4*{ 276 278} + 0.4*{ 103 104} + 0.4*{ 102 103} + 0.2*{ 102 102} + 0.178885*{ 101} + 0.2*{ 101 101} + 0.2*{ 103 103} + 0.2*{ 279 279} + 0.4*{ 276 279} + 0.2*{ 277 277} + 0.4*{ 277 278} + 0.2*{ 104 104} + 0.178885*{ 103} + 0.178885*{ 104} + 0.4*{ 276 277} + 0.4*{ 101 102} + 0.4*{ 277 279} + 0.2*{ 278 278} + 0.4*{ 278 279} + 0.4*{ 101 104} + 0.178885*{ 102} + 0.4*{ 102 104} + 0.2*{ 276 276} + -0.16*{} + 0.4*{ 101 103} = 0 

-0.2*{} + 1*{ 411 411} + 1*{ 410 410} = 0 

1*{ 108 128} + 1*{ 282 302} + -1*{ 410} + 1*{ 107 127} + 1*{ 283 303} + 1*{ 281 301} + 0.2*{} + 1*{ 284 304} + 1*{ 106 126} + 1*{ 109 129} = 0 

-1*{ 127 282} + -1*{ 126 281} + 1*{ 107 302} + 1*{ 108 303} + 1*{ 106 301} + -1*{ 128 283} + 1*{ 109 304} + -1*{ 129 284} + -1*{ 411} = 0 

-0.2*{} + 1*{ 413 413} + 1*{ 412 412} = 0 

1*{ 283 328} + 1*{ 108 153} + 1*{ 281 326} + 1*{ 284 329} + 1*{ 106 151} + 1*{ 282 327} + 1*{ 107 152} + 1*{ 109 154} + 0.2*{} + -1*{ 412} = 0 

-1*{ 153 283} + -1*{ 152 282} + 1*{ 107 327} + 1*{ 108 328} + 1*{ 106 326} + -1*{ 151 281} + -1*{ 413} + 1*{ 109 329} + -1*{ 154 284} = 0 

-0.2*{} + 1*{ 281 281} + 1*{ 106 106} = 0 

-0.8*{} + 1*{ 106 106} + 1*{ 281 281} + 1*{ 107 107} + 1*{ 282 282} + 1*{ 109 109} + 1*{ 108 108} + 1*{ 283 283} + 1*{ 284 284} = 0 

0.2*{ 109 109} + 0.4*{ 107 109} + 0.4*{ 281 282} + 0.4*{ 108 109} + 0.2*{ 106 106} + 0.4*{ 107 108} + 0.178885*{ 109} + 0.2*{ 283 283} + 0.4*{ 281 284} + 0.2*{ 108 108} + -0.16*{} + 0.178885*{ 108} + 0.2*{ 282 282} + 0.178885*{ 106} + 0.4*{ 281 283} + 0.2*{ 284 284} + 0.4*{ 282 284} + 0.2*{ 107 107} + 0.4*{ 283 284} + 0.4*{ 106 107} + 0.4*{ 282 283} + 0.4*{ 106 109} + 0.178885*{ 107} + 0.4*{ 106 108} + 0.2*{ 281 281} = 0 

-0.2*{} + 1*{ 415 415} + 1*{ 414 414} = 0 

1*{ 303 328} + 1*{ 128 153} + 1*{ 302 327} + 1*{ 127 152} + 1*{ 301 326} + 1*{ 126 151} + 1*{ 129 154} + 0.2*{} + 1*{ 304 329} + -1*{ 414} = 0 

-1*{ 153 303} + -1*{ 152 302} + -1*{ 415} + 1*{ 126 326} + 1*{ 127 327} + -1*{ 151 301} + -1*{ 154 304} + 1*{ 128 328} + 1*{ 129 329} = 0 

-0.2*{} + 1*{ 301 301} + 1*{ 126 126} = 0 

-0.8*{} + 1*{ 303 303} + 1*{ 126 126} + 1*{ 301 301} + 1*{ 302 302} + 1*{ 127 127} + 1*{ 128 128} + 1*{ 129 129} + 1*{ 304 304} = 0 

0.2*{ 126 126} + 0.2*{ 129 129} + 0.4*{ 126 129} + 0.4*{ 127 129} + 0.4*{ 301 304} + 0.178885*{ 128} + 0.4*{ 127 128} + 0.4*{ 302 304} + 0.2*{ 127 127} + 0.178885*{ 127} + 0.2*{ 303 303} + 0.4*{ 128 129} + 0.178885*{ 129} + 0.2*{ 304 304} + 0.2*{ 301 301} + 0.2*{ 302 302} + 0.178885*{ 126} + 0.2*{ 128 128} + -0.16*{} + 0.4*{ 126 128} + 0.4*{ 301 303} + 0.4*{ 303 304} + 0.4*{ 302 303} + 0.4*{ 126 127} + 0.4*{ 301 302} = 0 

-0.2*{} + 1*{ 326 326} + 1*{ 151 151} = 0 

-0.8*{} + 1*{ 151 151} + 1*{ 326 326} + 1*{ 152 152} + 1*{ 327 327} + 1*{ 153 153} + 1*{ 328 328} + 1*{ 329 329} + 1*{ 154 154} = 0 

0.4*{ 326 327} + 0.4*{ 151 152} + 0.2*{ 329 329} + 0.4*{ 151 153} + 0.4*{ 326 329} + 0.178885*{ 151} + 0.4*{ 152 153} + -0.16*{} + 0.4*{ 153 154} + 0.2*{ 151 151} + 0.2*{ 154 154} + 0.4*{ 326 328} + 0.178885*{ 154} + 0.2*{ 328 328} + 0.4*{ 151 154} + 0.4*{ 327 329} + 0.2*{ 326 326} + 0.4*{ 328 329} + 0.2*{ 152 152} + 0.2*{ 327 327} + 0.4*{ 152 154} + 0.4*{ 327 328} + 0.178885*{ 153} + 0.2*{ 153 153} + 0.178885*{ 152} = 0 

---------------------
Summary:
---------------------
set sizes: {2, 2, 2, 2, 2, 1, 1}, vars: 138, vectors: 12, equations: 132, indep eqn: 132

---------------------
Optimization:
---------------------
1 1.069e+01 1.069e+01
2 6.739e+02 1.069e+01
3 2.616e+02 1.069e+01
4 9.266e+01 1.069e+01
5 3.265e+01 1.069e+01
6 1.144e+01 1.069e+01
7 8.839e+00 8.839e+00
8 7.155e+08 8.839e+00
9 2.581e+08 8.839e+00
10 9.311e+07 8.839e+00
11 3.359e+07 8.839e+00
12 1.212e+07 8.839e+00
13 4.371e+06 8.839e+00
14 1.577e+06 8.839e+00
15 5.688e+05 8.839e+00
16 2.052e+05 8.839e+00
17 7.401e+04 8.839e+00
18 2.669e+04 8.839e+00
19 9.626e+03 8.839e+00
20 3.471e+03 8.839e+00
21 1.251e+03 8.839e+00
22 4.507e+02 8.839e+00
23 1.622e+02 8.839e+00
24 5.831e+01 8.839e+00
25 2.090e+01 8.839e+00
26 7.459e+00 7.459e+00
27 2.650e+00 2.650e+00
28 9.363e-01 9.363e-01
29 3.325e-01 3.325e-01
30 1.197e-01 1.197e-01
31 4.940e-02 4.940e-02
32 2.041e-02 2.041e-02
33 8.150e-02 2.041e-02
34 2.710e-02 2.041e-02
35 9.937e-03 9.937e-03
36 4.943e-03 4.943e-03
37 1.338e-02 4.943e-03
38 4.738e-03 4.738e-03
39 2.420e-03 2.420e-03
40 7.836e-02 2.420e-03
41 2.501e-02 2.420e-03
42 8.129e-03 2.420e-03
43 2.861e-03 2.420e-03
44 1.371e-03 1.371e-03
45 2.332e-02 1.371e-03
46 9.049e-03 1.371e-03
47 3.097e-03 1.371e-03
48 1.327e-03 1.327e-03
49 1.228e-03 1.228e-03
50 3.315e-03 1.228e-03
51 1.246e-03 1.228e-03
52 8.230e-04 8.230e-04
53 1.493e-01 8.230e-04
54 4.659e-02 8.230e-04
55 1.462e-02 8.230e-04
56 4.714e-03 8.230e-04
57 1.673e-03 8.230e-04
58 8.395e-04 8.230e-04
59 1.413e-01 8.230e-04
60 4.434e-02 8.230e-04
61 1.390e-02 8.230e-04
62 4.390e-03 8.230e-04
63 1.430e-03 8.230e-04
64 5.144e-04 5.144e-04
65 2.543e-04 2.543e-04
66 5.377e-03 2.543e-04
67 1.691e-03 2.543e-04
68 5.561e-04 2.543e-04
69 2.176e-04 2.176e-04
70 1.874e-04 1.874e-04
71 7.004e-04 1.874e-04
72 2.658e-04 1.874e-04
73 1.976e-04 1.874e-04
74 3.338e+00 1.874e-04
75 1.098e+00 1.874e-04
76 3.585e-01 1.874e-04
77 1.169e-01 1.874e-04
78 3.869e-02 1.874e-04
79 1.345e-02 1.874e-04
80 5.268e-03 1.874e-04
81 2.742e-03 1.874e-04
82 2.039e-03 1.874e-04
83 3.040e-03 1.874e-04
84 2.545e-02 1.874e-04
85 8.296e-03 1.874e-04
86 3.080e-03 1.874e-04
87 1.943e-03 1.874e-04
88 2.239e+01 1.874e-04
89 7.724e+00 1.874e-04
90 2.623e+00 1.874e-04
91 8.876e-01 1.874e-04
92 3.027e-01 1.874e-04
93 1.067e-01 1.874e-04
94 5.232e-02 1.874e-04
95 2.061e-02 1.874e-04
96 9.463e-03 1.874e-04
97 4.424e-03 1.874e-04
98 4.732e-03 1.874e-04
99 1.944e-03 1.874e-04
100 2.118e-03 1.874e-04
101 2.498e-02 1.874e-04
102 7.889e-03 1.874e-04
103 2.641e-03 1.874e-04
104 1.096e-03 1.874e-04
105 1.237e-03 1.874e-04
106 7.888e-04 1.874e-04
107 7.941e+00 1.874e-04
108 2.686e+00 1.874e-04
109 8.992e-01 1.874e-04
110 2.985e-01 1.874e-04
111 9.889e-02 1.874e-04
112 3.325e-02 1.874e-04
113 1.170e-02 1.874e-04
114 4.585e-03 1.874e-04
115 1.833e-03 1.874e-04
116 9.754e-04 1.874e-04
117 5.890e-04 1.874e-04
118 8.126e-03 1.874e-04
119 2.549e-03 1.874e-04
120 8.346e-04 1.874e-04
121 3.179e-04 1.874e-04
122 2.067e-04 1.874e-04
123 4.899e+02 1.874e-04
124 1.750e+02 1.874e-04
125 6.207e+01 1.874e-04
126 2.189e+01 1.874e-04
127 7.660e+00 1.874e-04
128 3.013e+00 1.874e-04
129 1.030e+00 1.874e-04
130 1.129e+00 1.874e-04
131 3.881e-01 1.874e-04
132 1.352e-01 1.874e-04
133 4.954e-02 1.874e-04
134 2.470e-02 1.874e-04
135 1.496e-02 1.874e-04
136 1.178e+00 1.874e-04
137 3.894e-01 1.874e-04
138 1.273e-01 1.874e-04
139 4.137e-02 1.874e-04
140 1.350e-02 1.874e-04
141 4.502e-03 1.874e-04
142 1.591e-03 1.874e-04
143 6.397e-04 1.874e-04
144 3.177e-04 1.874e-04
145 2.103e-04 1.874e-04
146 1.525e-04 1.525e-04
147 6.509e-02 1.525e-04
148 2.016e-02 1.525e-04
149 6.242e-03 1.525e-04
150 1.955e-03 1.525e-04
151 6.396e-04 1.525e-04
152 2.423e-04 1.525e-04
153 1.506e-04 1.506e-04
154 4.296e+04 1.506e-04
155 7.134e+04 1.506e-04
156 2.572e+04 1.506e-04
157 9.266e+03 1.506e-04
158 3.337e+03 1.506e-04
159 1.200e+03 1.506e-04
160 4.312e+02 1.506e-04
161 1.545e+02 1.506e-04
162 5.523e+01 1.506e-04
163 1.967e+01 1.506e-04
164 6.975e+00 1.506e-04
165 2.459e+00 1.506e-04
166 8.625e-01 1.506e-04
167 3.049e-01 1.506e-04
168 1.133e-01 1.506e-04
169 4.294e-02 1.506e-04
170 3.027e-01 1.506e-04
171 9.914e-02 1.506e-04
172 3.377e-02 1.506e-04
173 1.320e-02 1.506e-04
174 2.089e-02 1.506e-04
175 9.210e-03 1.506e-04
176 4.393e-03 1.506e-04
177 7.233e-02 1.506e-04
178 2.305e-02 1.506e-04
179 7.529e-03 1.506e-04
180 2.686e-03 1.506e-04
181 1.261e-03 1.506e-04
182 3.514e-03 1.506e-04
183 1.270e-03 1.506e-04
184 7.346e-04 1.506e-04
185 5.020e+02 1.506e-04
186 2.131e+02 1.506e-04
187 7.541e+01 1.506e-04
188 2.653e+01 1.506e-04
189 9.272e+00 1.506e-04
190 3.226e+00 1.506e-04
191 1.123e+00 1.506e-04
192 3.940e-01 1.506e-04
193 1.414e-01 1.506e-04
194 5.338e-02 1.506e-04
195 2.334e-02 1.506e-04
196 2.976e+00 1.506e-04
197 1.003e+00 1.506e-04
198 3.395e-01 1.506e-04
199 1.168e-01 1.506e-04
200 4.127e-02 1.506e-04
201 1.545e-02 1.506e-04
202 6.713e-03 1.506e-04
203 5.662e-03 1.506e-04
204 3.411e-03 1.506e-04
205 2.653e+02 1.506e-04
206 9.805e+01 1.506e-04
207 3.519e+01 1.506e-04
208 5.767e+01 1.506e-04
209 2.056e+01 1.506e-04
210 7.305e+00 1.506e-04
211 2.588e+00 1.506e-04
212 9.394e-01 1.506e-04
213 3.632e-01 1.506e-04
214 1.333e-01 1.506e-04
215 5.955e-02 1.506e-04
216 2.411e-02 1.506e-04
217 5.023e-02 1.506e-04
218 1.753e-02 1.506e-04
219 7.466e-03 1.506e-04
220 1.539e-02 1.506e-04
221 5.646e-03 1.506e-04
222 2.990e-03 1.506e-04
223 6.869e-02 1.506e-04
224 2.173e-02 1.506e-04
225 7.056e-03 1.506e-04
226 2.509e-03 1.506e-04
227 1.190e-03 1.506e-04
228 4.958e-03 1.506e-04
229 1.636e-03 1.506e-04
230 6.444e-04 1.506e-04
231 4.421e-04 1.506e-04
232 1.091e+01 1.506e-04
233 3.621e+00 1.506e-04
234 1.197e+00 1.506e-04
235 3.929e-01 1.506e-04
236 1.283e-01 1.506e-04
237 4.168e-02 1.506e-04
238 1.355e-02 1.506e-04
239 4.494e-03 1.506e-04
240 1.595e-03 1.506e-04
241 6.814e-04 1.506e-04
242 5.289e-04 1.506e-04
243 3.419e-04 1.506e-04
244 2.140e-02 1.506e-04
245 6.337e-02 1.506e-04
246 1.038e+01 1.506e-04
247 4.508e+00 1.506e-04
248 1.696e+00 1.506e-04
249 5.472e-01 1.506e-04
250 1.607e-01 1.506e-04
251 5.058e-02 1.506e-04
252 1.829e-02 1.506e-04
253 7.158e-03 1.506e-04
254 2.561e-03 1.506e-04
255 8.809e-04 1.506e-04
256 3.589e-04 1.506e-04
257 2.037e-04 1.506e-04
258 1.550e-04 1.506e-04
259 1.317e-04 1.317e-04
260 1.156e-04 1.156e-04
261 1.105e-04 1.105e-04
262 8.860e-05 8.860e-05
263 4.008e+01 8.860e-05
264 1.391e+01 8.860e-05
265 4.792e+00 8.860e-05
266 1.639e+00 8.860e-05
267 5.564e-01 8.860e-05
268 1.884e-01 8.860e-05
269 6.456e-02 8.860e-05
270 2.306e-02 8.860e-05
271 8.970e-03 8.860e-05
272 3.921e-03 8.860e-05
273 2.142e-03 8.860e-05
274 1.130e-03 8.860e-05
275 7.414e-03 8.860e-05
276 2.363e-03 8.860e-05
277 8.134e-04 8.860e-05
278 3.685e-04 8.860e-05
279 5.009e-04 8.860e-05
280 2.113e-04 8.860e-05
281 2.042e-04 8.860e-05
282 6.968e-04 8.860e-05
283 2.463e-04 8.860e-05
284 1.242e-04 8.860e-05
285 2.559e-03 8.860e-05
286 7.971e-04 8.860e-05
287 2.602e-04 8.860e-05
288 1.014e-04 8.860e-05
289 8.860e-05 8.860e-05
290 2.356e-03 8.860e-05
291 7.409e-04 8.860e-05
292 2.507e-04 8.860e-05
293 1.121e-04 8.860e-05
294 1.455e-04 8.860e-05
295 7.684e-05 7.684e-05
296 2.896e-02 7.684e-05
297 9.071e-03 7.684e-05
298 2.868e-03 7.684e-05
299 9.353e-04 7.684e-05
300 3.352e-04 7.684e-05
301 1.624e-04 7.684e-05
302 8.046e-04 7.684e-05
303 2.640e-04 7.684e-05
304 1.053e-04 7.684e-05
305 9.933e-05 7.684e-05
306 8.971e-04 7.684e-05
307 3.047e-04 7.684e-05
308 1.356e-04 7.684e-05
309 1.341e-04 7.684e-05
310 8.518e-05 7.684e-05
311 8.429e-02 7.684e-05
312 2.633e-02 7.684e-05
313 8.248e-03 7.684e-05
314 2.635e-03 7.684e-05
315 8.969e-04 7.684e-05
316 3.607e-04 7.684e-05
317 2.015e-04 7.684e-05
318 2.433e-02 7.684e-05
319 7.483e-03 7.684e-05
320 2.311e-03 7.684e-05
321 7.272e-04 7.684e-05
322 2.437e-04 7.684e-05
323 1.026e-04 7.684e-05
324 1.365e-04 7.684e-05
325 9.872e-05 7.684e-05
326 1.141e-04 7.684e-05
327 1.189e-04 7.684e-05
328 7.679e-05 7.679e-05
329 8.543e-02 7.679e-05
330 2.678e-02 7.679e-05
331 8.392e-03 7.679e-05
332 2.675e-03 7.679e-05
333 9.054e-04 7.679e-05
334 3.642e-04 7.679e-05
335 2.149e-04 7.679e-05
336 2.149e-03 7.679e-05
337 6.762e-04 7.679e-05
338 2.295e-04 7.679e-05
339 1.038e-04 7.679e-05
340 3.166e-04 7.679e-05
341 1.628e-04 7.679e-05
342 7.612e-05 7.612e-05
343 3.205e-04 7.612e-05
344 1.328e-04 7.612e-05
345 2.873e-04 7.612e-05
346 1.105e-04 7.612e-05
347 8.241e-05 7.612e-05
348 9.312e-02 7.612e-05
349 2.914e-02 7.612e-05
350 9.117e-03 7.612e-05
351 2.899e-03 7.612e-05
352 9.801e-04 7.612e-05
353 3.991e-04 7.612e-05
354 2.576e-04 7.612e-05
355 3.592e-01 7.612e-05
356 1.133e-01 7.612e-05
357 3.561e-02 7.612e-05
358 1.115e-02 7.612e-05
359 3.492e-03 7.612e-05
360 1.107e-03 7.612e-05
361 3.672e-04 7.612e-05
362 1.424e-04 7.612e-05
363 1.035e-04 7.612e-05
364 1.145e-04 7.612e-05
365 1.379e-04 7.612e-05
366 8.619e-05 7.612e-05
367 3.310e+00 7.612e-05
368 1.076e+00 7.612e-05
369 3.474e-01 7.612e-05
370 1.113e-01 7.612e-05
371 3.552e-02 7.612e-05
372 1.132e-02 7.612e-05
373 3.642e-03 7.612e-05
374 1.214e-03 7.612e-05
375 4.427e-04 7.612e-05
376 2.000e-04 7.612e-05
377 1.558e-04 7.612e-05
378 8.232e+00 7.612e-05
379 2.750e+00 7.612e-05
380 9.125e-01 7.612e-05
381 3.024e-01 7.612e-05
382 1.009e-01 7.612e-05
383 3.450e-02 7.612e-05
384 1.304e-02 7.612e-05
385 4.536e-03 7.612e-05
386 1.591e-03 7.612e-05
387 5.805e-04 7.612e-05
388 2.451e-04 7.612e-05
389 1.405e-04 7.612e-05
390 9.310e-05 7.612e-05
391 5.456e+00 7.612e-05
392 1.813e+00 7.612e-05
393 5.982e-01 7.612e-05
394 1.972e-01 7.612e-05
395 6.549e-02 7.612e-05
396 2.236e-02 7.612e-05
397 8.213e-03 7.612e-05
398 3.423e-03 7.612e-05
399 1.766e-03 7.612e-05
400 9.745e-04 7.612e-05
401 6.790e+00 7.612e-05
402 2.297e+00 7.612e-05
403 9.592e-01 7.612e-05
404 3.160e-01 7.612e-05
405 1.816e-01 7.612e-05
406 1.464e+00 7.612e-05
407 5.393e+00 7.612e-05
408 2.174e+00 7.612e-05
409 4.096e+00 7.612e-05
410 2.840e+00 7.612e-05
411 2.057e+01 7.612e-05
412 2.296e+01 7.612e-05
413 2.613e+02 7.612e-05
414 6.105e+02 7.612e-05
415 1.009e+05 7.612e-05
416 1.611e+06 7.612e-05
417 6.172e+05 7.612e-05
418 2.270e+05 7.612e-05
419 1.387e+05 7.612e-05
420 1.218e+05 7.612e-05
421 4.427e+04 7.612e-05
422 6.693e+09 7.612e-05
423 3.882e+09 7.612e-05
424 1.455e+09 7.612e-05
425 5.263e+08 7.612e-05
426 1.932e+08 7.612e-05
427 7.021e+07 7.612e-05
428 8.663e+07 7.612e-05
429 8.218e+07 7.612e-05
430 7.072e+07 7.612e-05
431 7.454e+09 7.612e-05
432 2.864e+09 7.612e-05
433 1.224e+09 7.612e-05
434 4.680e+08 7.612e-05
435 2.041e+08 7.612e-05
436 1.672e+10 7.612e-05
437 6.469e+09 7.612e-05
438 1.545e+10 7.612e-05
439 6.593e+09 7.612e-05
440 4.311e+09 7.612e-05
441 3.953e+09 7.612e-05
442 3.250e+09 7.612e-05
443 1.266e+09 7.612e-05
444 4.700e+08 7.612e-05
445 1.730e+08 7.612e-05
446 6.387e+07 7.612e-05
447 2.366e+07 7.612e-05
448 8.755e+06 7.612e-05
449 3.225e+06 7.612e-05
450 1.183e+06 7.612e-05
451 4.325e+05 7.612e-05
452 1.579e+05 7.612e-05
453 5.763e+04 7.612e-05
454 2.103e+04 7.612e-05
455 7.672e+03 7.612e-05
456 2.797e+03 7.612e-05
457 1.018e+03 7.612e-05
458 3.699e+02 7.612e-05
459 1.342e+02 7.612e-05
460 4.868e+01 7.612e-05
461 1.766e+01 7.612e-05
462 6.355e+00 7.612e-05
463 2.341e+00 7.612e-05
464 9.755e-01 7.612e-05
465 4.870e-01 7.612e-05
466 3.795e-01 7.612e-05
467 1.815e-01 7.612e-05
468 1.360e-01 7.612e-05
469 6.414e-02 7.612e-05
470 3.309e-02 7.612e-05
471 2.034e-02 7.612e-05
472 9.882e-03 7.612e-05
473 5.389e-03 7.612e-05
474 2.497e-03 7.612e-05
475 1.438e-03 7.612e-05
476 8.227e-04 7.612e-05
477 1.201e-03 7.612e-05
478 4.631e-04 7.612e-05
479 2.688e-04 7.612e-05
480 1.523e-01 7.612e-05
481 4.795e-02 7.612e-05
482 1.517e-02 7.612e-05
483 4.838e-03 7.612e-05
484 1.572e-03 7.612e-05
485 5.395e-04 7.612e-05
486 2.168e-04 7.612e-05
487 1.239e-04 7.612e-05
488 8.833e-05 7.612e-05
489 5.109e-05 5.109e-05
490 1.063e-04 5.109e-05
491 3.866e-05 3.866e-05
492 2.334e-05 2.334e-05
493 4.694e-04 2.334e-05
494 1.449e-04 2.334e-05
495 4.600e-05 2.334e-05
496 1.596e-05 1.596e-05
497 7.467e-06 7.467e-06
498 7.214e-06 7.214e-06
499 1.012e-05 7.214e-06
500 3.760e-06 3.760e-06
501 2.319e-06 2.319e-06
502 6.508e-06 2.319e-06
503 2.375e-06 2.319e-06
504 1.511e-06 1.511e-06
505 2.562e-04 1.511e-06
506 7.792e-05 1.511e-06
507 2.381e-05 1.511e-06
508 7.399e-06 1.511e-06
509 2.431e-06 1.511e-06
510 9.777e-07 9.777e-07
511 9.537e-07 9.537e-07
512 5.163e-05 9.537e-07
513 1.607e-05 9.537e-07
514 5.310e-06 9.537e-07
515 2.154e-06 9.537e-07
516 1.417e-06 9.537e-07
517 1.083e-02 9.537e-07
518 3.340e-03 9.537e-07
519 1.027e-03 9.537e-07
520 3.150e-04 9.537e-07
521 9.671e-05 9.537e-07
522 3.003e-05 9.537e-07
523 9.743e-06 9.537e-07
524 3.704e-06 9.537e-07
525 2.631e-06 9.537e-07
526 5.282e-05 9.537e-07
527 1.642e-05 9.537e-07
528 5.419e-06 9.537e-07
529 2.237e-06 9.537e-07
530 2.963e-06 9.537e-07
531 2.173e-06 9.537e-07
532 2.463e-06 9.537e-07
533 7.685e-06 9.537e-07
534 3.124e-06 9.537e-07
535 2.265e-06 9.537e-07
536 3.850e-02 9.537e-07
537 1.190e-02 9.537e-07
538 3.664e-03 9.537e-07
539 1.127e-03 9.537e-07
540 3.481e-04 9.537e-07
541 1.090e-04 9.537e-07
542 3.537e-05 9.537e-07
543 1.255e-05 9.537e-07
544 5.555e-06 9.537e-07
545 3.843e-06 9.537e-07
546 2.809e-06 9.537e-07
547 1.004e+00 9.537e-07
548 3.180e-01 9.537e-07
549 1.005e-01 9.537e-07
550 3.170e-02 9.537e-07
551 9.967e-03 9.537e-07
552 3.140e-03 9.537e-07
553 1.000e-03 9.537e-07
554 3.254e-04 9.537e-07
555 1.105e-04 9.537e-07
556 4.200e-05 9.537e-07
557 2.142e-05 9.537e-07
558 4.247e-05 9.537e-07
559 1.548e-05 9.537e-07
560 8.868e-06 9.537e-07
561 9.002e+01 9.537e-07
562 3.437e+01 9.537e-07
563 1.269e+01 9.537e-07
564 4.514e+00 9.537e-07
565 1.561e+00 9.537e-07
566 5.398e-01 9.537e-07
567 1.907e-01 9.537e-07
568 7.262e-02 9.537e-07
569 3.792e-02 9.537e-07
570 7.768e-02 9.537e-07
571 2.628e-02 9.537e-07
572 9.986e-03 9.537e-07
573 4.834e-03 9.537e-07
574 8.040e-03 9.537e-07
575 3.091e-03 9.537e-07
576 2.045e-03 9.537e-07
577 2.016e+04 9.537e-07
578 2.592e+04 9.537e-07
579 9.338e+03 9.537e-07
580 3.361e+03 9.537e-07
581 1.209e+03 9.537e-07
582 4.342e+02 9.537e-07
583 1.556e+02 9.537e-07
584 5.563e+01 9.537e-07
585 1.983e+01 9.537e-07
586 7.057e+00 9.537e-07
587 2.551e+00 9.537e-07
588 9.012e-01 9.537e-07
589 3.187e-01 9.537e-07
590 1.137e-01 9.537e-07
591 4.175e-02 9.537e-07
592 1.764e-02 9.537e-07
593 3.157e+07 9.537e-07
594 1.267e+07 9.537e-07
595 4.571e+06 9.537e-07
596 1.649e+06 9.537e-07
597 5.947e+05 9.537e-07
598 2.144e+05 9.537e-07
599 7.730e+04 9.537e-07
600 2.786e+04 9.537e-07
601 1.003e+04 9.537e-07
602 3.610e+03 9.537e-07
603 1.297e+03 9.537e-07
604 4.649e+02 9.537e-07
605 1.661e+02 9.537e-07
606 5.904e+01 9.537e-07
607 2.088e+01 9.537e-07
608 7.358e+00 9.537e-07
609 2.591e+00 9.537e-07
610 9.350e-01 9.537e-07
611 3.422e-01 9.537e-07
612 1.247e-01 9.537e-07
613 4.760e-02 9.537e-07
614 2.041e-02 9.537e-07
615 2.255e-02 9.537e-07
616 1.097e-02 9.537e-07
617 2.625e+00 9.537e-07
618 8.624e-01 9.537e-07
619 2.830e-01 9.537e-07
620 9.374e-02 9.537e-07
621 3.223e-02 9.537e-07
622 1.227e-02 9.537e-07
623 6.027e-03 9.537e-07
624 9.247e-03 9.537e-07
625 4.345e-03 9.537e-07
626 4.193e-02 9.537e-07
627 1.413e-02 9.537e-07
628 4.533e-02 9.537e-07
629 1.489e-02 9.537e-07
630 5.562e-03 9.537e-07
631 3.462e-03 9.537e-07
632 4.123e+00 9.537e-07
633 1.372e+00 9.537e-07
634 4.516e-01 9.537e-07
635 1.483e-01 9.537e-07
636 4.928e-02 9.537e-07
637 1.707e-02 9.537e-07
638 6.709e-03 9.537e-07
639 4.030e-03 9.537e-07
640 1.074e+01 9.537e-07
641 3.591e+00 9.537e-07
642 1.195e+00 9.537e-07
643 3.949e-01 9.537e-07
644 1.305e-01 9.537e-07
645 4.354e-02 9.537e-07
646 1.507e-02 9.537e-07
647 5.954e-03 9.537e-07
648 3.892e-03 9.537e-07
649 9.265e+05 9.537e-07
650 7.261e+06 9.537e-07
651 2.619e+06 9.537e-07
652 9.448e+05 9.537e-07
653 3.408e+05 9.537e-07
654 1.229e+05 9.537e-07
655 4.435e+04 9.537e-07
656 1.599e+04 9.537e-07
657 5.767e+03 9.537e-07
658 2.079e+03 9.537e-07
659 7.491e+02 9.537e-07
660 2.696e+02 9.537e-07
661 9.688e+01 9.537e-07
662 3.471e+01 9.537e-07
663 1.239e+01 9.537e-07
664 4.603e+00 9.537e-07
665 1.625e+00 9.537e-07
666 6.238e-01 9.537e-07
667 7.062e+01 9.537e-07
668 2.614e+01 9.537e-07
669 9.122e+00 9.537e-07
670 3.162e+00 9.537e-07
671 1.096e+00 9.537e-07
672 3.858e-01 9.537e-07
673 1.396e-01 9.537e-07
674 5.415e-02 9.537e-07
675 8.313e+00 9.537e-07
676 2.831e+00 9.537e-07
677 9.600e-01 9.537e-07
678 3.261e-01 9.537e-07
679 1.932e+00 9.537e-07
680 1.518e+00 9.537e-07
681 5.288e-01 9.537e-07
682 2.111e-01 9.537e-07
683 1.325e-01 9.537e-07
684 7.647e+02 9.537e-07
685 2.979e+02 9.537e-07
686 1.250e+02 9.537e-07
687 4.419e+01 9.537e-07
688 1.565e+01 9.537e-07
689 4.802e+01 9.537e-07
690 1.747e+01 9.537e-07
691 1.526e+01 9.537e-07
692 7.667e+00 9.537e-07
693 1.161e+03 9.537e-07
694 4.858e+02 9.537e-07
695 3.064e+02 9.537e-07
696 1.389e+03 9.537e-07
697 1.491e+04 9.537e-07
698 2.271e+05 9.537e-07
699 8.887e+04 9.537e-07
700 3.385e+04 9.537e-07
701 2.229e+06 9.537e-07
702 8.171e+05 9.537e-07
703 2.971e+05 9.537e-07
704 1.775e+05 9.537e-07
705 1.749e+05 9.537e-07
706 2.533e+09 9.537e-07
707 9.149e+08 9.537e-07
708 3.304e+08 9.537e-07
709 1.192e+08 9.537e-07
710 1.407e+08 9.537e-07
711 2.718e+08 9.537e-07
712 9.806e+07 9.537e-07
713 3.568e+07 9.537e-07
714 1.317e+07 9.537e-07
715 5.432e+06 9.537e-07
716 2.730e+06 9.537e-07
717 1.086e+06 9.537e-07
718 4.152e+05 9.537e-07
719 1.542e+05 9.537e-07
720 5.695e+04 9.537e-07
721 2.103e+04 9.537e-07
722 7.782e+03 9.537e-07
723 2.895e+03 9.537e-07
724 1.081e+03 9.537e-07
725 4.022e+02 9.537e-07
726 1.480e+02 9.537e-07
727 5.370e+01 9.537e-07
728 1.949e+01 9.537e-07
729 7.166e+00 9.537e-07
730 2.681e+00 9.537e-07
731 1.062e+00 9.537e-07
732 4.682e-01 9.537e-07
733 2.273e-01 9.537e-07
734 1.182e-01 9.537e-07
735 9.390e-02 9.537e-07
736 4.098e-02 9.537e-07
737 2.325e-02 9.537e-07
738 1.226e-02 9.537e-07
739 1.346e-02 9.537e-07
740 5.761e-03 9.537e-07
741 5.622e-03 9.537e-07
742 2.964e+00 9.537e-07
743 9.895e-01 9.537e-07
744 3.287e-01 9.537e-07
745 1.103e-01 9.537e-07
746 3.847e-02 9.537e-07
747 1.441e-02 9.537e-07
748 6.073e-03 9.537e-07
749 2.912e-03 9.537e-07
750 1.399e-03 9.537e-07
751 8.483e-04 9.537e-07
752 4.819e-04 9.537e-07
753 1.003e-03 9.537e-07
754 3.919e-04 9.537e-07
755 2.693e-04 9.537e-07
756 8.830e-02 9.537e-07
757 2.767e-02 9.537e-07
758 8.754e-03 9.537e-07
759 2.880e-03 9.537e-07
760 1.056e-03 9.537e-07
761 4.636e-04 9.537e-07
762 2.524e-04 9.537e-07
763 1.462e-04 9.537e-07
764 1.977e-01 9.537e-07
765 6.184e-02 9.537e-07
766 1.926e-02 9.537e-07
767 5.983e-03 9.537e-07
768 1.864e-03 9.537e-07
769 5.897e-04 9.537e-07
770 1.968e-04 9.537e-07
771 7.840e-05 9.537e-07
772 4.922e-05 9.537e-07
773 3.942e-05 9.537e-07
774 2.792e-05 9.537e-07
775 2.736e-05 9.537e-07
776 1.470e-05 9.537e-07
777 2.128e-05 9.537e-07
778 7.664e-06 9.537e-07
779 3.975e-06 9.537e-07
780 4.351e-06 9.537e-07
781 1.693e-06 9.537e-07
782 1.118e-06 9.537e-07
783 3.051e-06 9.537e-07
784 1.131e-06 9.537e-07
785 6.936e-07 6.936e-07
786 4.933e-06 6.936e-07
787 1.605e-06 6.936e-07
788 6.138e-07 6.138e-07
789 3.866e-07 3.866e-07
790 1.960e-05 3.866e-07
791 5.969e-06 3.866e-07
792 1.844e-06 3.866e-07
793 5.976e-07 3.866e-07
794 2.299e-07 2.299e-07
795 1.904e-07 1.904e-07
796 9.458e-07 1.904e-07
797 3.112e-07 1.904e-07
798 1.265e-07 1.265e-07
799 1.289e-07 1.265e-07
800 2.071e-07 1.265e-07
801 1.109e-07 1.109e-07
802 2.178e-06 1.109e-07
803 6.685e-07 1.109e-07
804 2.119e-07 1.109e-07
805 7.515e-08 7.515e-08
806 4.166e-08 4.166e-08
807 1.194e-06 4.166e-08
808 3.643e-07 4.166e-08
809 1.133e-07 4.166e-08
810 3.761e-08 3.761e-08
811 1.592e-08 1.592e-08
812 1.819e-08 1.592e-08
813 1.795e-08 1.592e-08
814 1.186e-08 1.186e-08
815 2.106e-07 1.186e-08
816 6.459e-08 1.186e-08
817 2.046e-08 1.186e-08
818 7.258e-09 7.258e-09
819 4.069e-09 4.069e-09
820 9.025e-08 4.069e-09
821 2.762e-08 4.069e-09
822 8.679e-09 4.069e-09
823 2.982e-09 2.982e-09
824 1.446e-09 1.446e-09
825 1.922e-09 1.446e-09
826 8.062e-10 8.062e-10
827 6.896e-10 6.896e-10
828 3.062e-07 6.896e-10
829 9.475e-08 6.896e-10
830 3.050e-08 6.896e-10
831 1.084e-08 6.896e-10
832 4.754e-09 6.896e-10
833 2.690e-09 6.896e-10
834 1.528e-09 6.896e-10
835 3.322e-08 6.896e-10
836 1.016e-08 6.896e-10
837 3.194e-09 6.896e-10
838 1.098e-09 6.896e-10
839 5.285e-10 5.285e-10
840 1.835e-09 5.285e-10
841 6.118e-10 5.285e-10
842 2.666e-10 2.666e-10
843 2.021e-10 2.021e-10
844 8.440e-09 2.021e-10
845 2.595e-09 2.021e-10
846 8.280e-10 2.021e-10
847 2.984e-10 2.021e-10
848 1.628e-10 1.628e-10
849 5.490e-08 1.628e-10
850 1.662e-08 1.628e-10
851 5.040e-09 1.628e-10
852 1.537e-09 1.628e-10
853 4.775e-10 1.628e-10
854 1.577e-10 1.577e-10
855 6.532e-11 6.532e-11
856 7.867e-11 6.532e-11
857 5.933e-11 5.933e-11
858 3.275e-11 3.275e-11
859 3.241e-10 3.275e-11
860 1.007e-10 3.275e-11
861 3.326e-11 3.275e-11
862 1.382e-11 1.382e-11
863 1.301e-11 1.301e-11
864 1.566e-06 1.301e-11
865 4.739e-07 1.301e-11
866 1.434e-07 1.301e-11
867 4.338e-08 1.301e-11
868 1.312e-08 1.301e-11
869 3.973e-09 1.301e-11
870 1.204e-09 1.301e-11
871 3.664e-10 1.301e-11
872 1.132e-10 1.301e-11
873 3.666e-11 1.301e-11
874 1.424e-11 1.301e-11
875 1.364e-11 1.301e-11
876 1.410e-11 1.301e-11
877 1.198e-11 1.198e-11
878 1.424e-11 1.198e-11
879 8.628e-12 8.628e-12
880 1.710e-11 8.628e-12
881 6.551e-12 6.551e-12
882 4.820e-12 4.820e-12
883 2.052e-11 4.820e-12
884 6.668e-12 4.820e-12
885 2.576e-12 2.576e-12
886 2.267e-12 2.267e-12
887 2.660e-07 2.267e-12
888 8.047e-08 2.267e-12
889 2.435e-08 2.267e-12
890 7.366e-09 2.267e-12
891 2.229e-09 2.267e-12
892 6.755e-10 2.267e-12
893 2.054e-10 2.267e-12
894 6.316e-11 2.267e-12
895 2.021e-11 2.267e-12
896 7.333e-12 2.267e-12
897 4.667e-12 2.267e-12
898 1.081e-11 2.267e-12
899 4.042e-12 2.267e-12
900 2.891e-12 2.267e-12
901 1.120e-09 2.267e-12
902 3.390e-10 2.267e-12
903 1.029e-10 2.267e-12
904 3.149e-11 2.267e-12
905 9.860e-12 2.267e-12
906 3.377e-12 2.267e-12
907 1.615e-12 1.615e-12
908 6.408e-12 1.615e-12
909 2.211e-12 1.615e-12
910 1.125e-12 1.125e-12
911 3.223e-12 1.125e-12
912 1.771e-07 1.125e-12
913 5.431e-08 1.125e-12
914 1.704e-08 1.125e-12
915 5.611e-09 1.125e-12
916 2.009e-09 1.125e-12
917 7.820e-10 1.125e-12
918 3.130e-10 1.125e-12
919 1.262e-10 1.125e-12
920 5.418e-11 1.125e-12
921 1.067e-09 1.125e-12
922 3.257e-10 1.125e-12
923 1.066e-10 1.125e-12
924 3.479e-11 1.125e-12
925 1.411e-11 1.125e-12
926 1.884e-11 1.125e-12
927 2.598e-07 1.125e-12
928 8.296e-08 1.125e-12
929 2.866e-08 1.125e-12
930 1.106e-08 1.125e-12
931 4.413e-09 1.125e-12
932 1.772e-09 1.125e-12
933 7.142e-10 1.125e-12
934 2.913e-10 1.125e-12
935 1.206e-10 1.125e-12
936 5.359e-11 1.125e-12
937 3.136e-11 1.125e-12
938 1.637e-11 1.125e-12
939 2.776e-11 1.125e-12
940 1.032e-11 1.125e-12
941 1.274e-10 1.125e-12
942 4.382e-11 1.125e-12
943 3.606e-11 1.125e-12
944 1.621e-11 1.125e-12
945 3.168e-11 1.125e-12
946 1.062e-11 1.125e-12
947 4.689e-12 1.125e-12
948 1.439e-11 1.125e-12
949 5.850e-12 1.125e-12
950 1.176e-11 1.125e-12
951 8.804e-12 1.125e-12
952 9.349e-12 1.125e-12
953 7.837e-12 1.125e-12
954 6.012e-12 1.125e-12
955 2.526e-12 1.125e-12
956 4.358e-12 1.125e-12
957 2.482e-12 1.125e-12
958 2.547e-11 1.125e-12
959 7.896e-12 1.125e-12
960 2.608e-12 1.125e-12
961 1.048e-12 1.048e-12
962 1.266e-12 1.048e-12
963 3.796e-11 1.048e-12
964 1.158e-11 1.048e-12
965 3.601e-12 1.048e-12
966 1.110e-12 1.048e-12
967 4.263e-12 1.048e-12
968 2.699e-12 1.048e-12
969 7.526e-13 7.526e-13
970 1.682e-06 7.526e-13
971 5.090e-07 7.526e-13
972 1.540e-07 7.526e-13
973 4.658e-08 7.526e-13
974 1.409e-08 7.526e-13
975 4.263e-09 7.526e-13
976 1.290e-09 7.526e-13
977 3.904e-10 7.526e-13
978 1.183e-10 7.526e-13
979 3.611e-11 7.526e-13
980 1.168e-11 7.526e-13
981 3.837e-12 7.526e-13
982 1.487e-12 7.526e-13
983 1.637e-12 7.526e-13
984 2.264e-12 7.526e-13
985 9.095e-12 7.526e-13
986 3.675e-12 7.526e-13
987 1.116e-09 7.526e-13
988 3.391e-10 7.526e-13
989 1.040e-10 7.526e-13
990 3.275e-11 7.526e-13
991 1.108e-11 7.526e-13
992 4.743e-12 7.526e-13
993 2.384e-12 7.526e-13
994 1.155e-12 7.526e-13
995 5.795e-13 5.795e-13
996 3.270e-13 3.270e-13
997 1.650e-13 1.650e-13
998 3.201e-13 1.650e-13
999 5.026e-14 5.026e-14
1 (precision) 7.075e-13 5.026e-14 (from 5.026e-14)
2 (precision) 1.164e-13 5.026e-14 (from 5.026e-14)
3 (precision) 4.157e-11 5.026e-14 (from 5.026e-14)
4 (precision) 1.145e-11 5.026e-14 (from 5.026e-14)
5 (precision) 3.159e-12 5.026e-14 (from 5.026e-14)
6 (precision) 8.712e-13 5.026e-14 (from 5.026e-14)
7 (precision) 2.378e-13 5.026e-14 (from 5.026e-14)
8 (precision) 6.569e-14 5.026e-14 (from 5.026e-14)
9 (precision) 6.617e-14 5.026e-14 (from 5.026e-14)
10 (precision) 2.830e-14 2.830e-14 (from 5.026e-14)
11 (precision) 4.067e-11 2.830e-14 (from 5.026e-14)
12 (precision) 1.118e-11 2.830e-14 (from 5.026e-14)
13 (precision) 3.096e-12 2.830e-14 (from 5.026e-14)
14 (precision) 8.534e-13 2.830e-14 (from 5.026e-14)
15 (precision) 1.888e-13 2.830e-14 (from 5.026e-14)
16 (precision) 6.836e-14 2.830e-14 (from 5.026e-14)
17 (precision) 4.881e-14 2.830e-14 (from 5.026e-14)
18 (precision) 1.710e-14 1.710e-14 (from 5.026e-14)
19 (precision) 1.471e-14 1.471e-14 (from 5.026e-14)
20 (precision) 1.499e-14 1.471e-14 (from 5.026e-14)
21 (precision) 5.976e-13 1.471e-14 (from 5.026e-14)
22 (precision) 1.596e-13 1.471e-14 (from 5.026e-14)
23 (precision) 4.479e-14 1.471e-14 (from 5.026e-14)
24 (precision) 1.417e-14 1.417e-14 (from 5.026e-14)
25 (precision) 2.316e-14 1.417e-14 (from 5.026e-14)
26 (precision) 3.823e-15 3.823e-15 (from 5.026e-14)
27 (precision) 7.743e-15 3.823e-15 (from 5.026e-14)
28 (precision) 2.270e-14 3.823e-15 (from 5.026e-14)
29 (precision) 9.374e-15 3.823e-15 (from 5.026e-14)
30 (precision) 1.361e-14 3.823e-15 (from 5.026e-14)
31 (precision) 4.255e-14 3.823e-15 (from 5.026e-14)
32 (precision) 2.529e-14 3.823e-15 (from 5.026e-14)
33 (precision) 3.087e-14 3.823e-15 (from 5.026e-14)
34 (precision) 4.506e-13 3.823e-15 (from 5.026e-14)
35 (precision) 8.495e-14 3.823e-15 (from 5.026e-14)
36 (precision) 6.109e-14 3.823e-15 (from 5.026e-14)
37 (precision) 1.122e-14 3.823e-15 (from 5.026e-14)
38 (precision) 1.249e-14 3.823e-15 (from 5.026e-14)
39 (precision) 1.969e-14 3.823e-15 (from 5.026e-14)
40 (precision) 7.053e-15 3.823e-15 (from 5.026e-14)
41 (precision) 2.766e-14 3.823e-15 (from 5.026e-14)
42 (precision) 1.189e-14 3.823e-15 (from 5.026e-14)
43 (precision) 4.232e-14 3.823e-15 (from 5.026e-14)
44 (precision) 4.552e-14 3.823e-15 (from 5.026e-14)
45 (precision) 3.404e-14 3.823e-15 (from 5.026e-14)
46 (precision) 5.544e-15 3.823e-15 (from 5.026e-14)
47 (precision) 9.575e-07 3.823e-15 (from 5.026e-14)
48 (precision) 2.640e-07 3.823e-15 (from 5.026e-14)
49 (precision) 7.278e-08 3.823e-15 (from 5.026e-14)
50 (precision) 2.008e-08 3.823e-15 (from 5.026e-14)
51 (precision) 5.552e-09 3.823e-15 (from 5.026e-14)
52 (precision) 1.547e-09 3.823e-15 (from 5.026e-14)
53 (precision) 4.411e-10 3.823e-15 (from 5.026e-14)
54 (precision) 1.350e-10 3.823e-15 (from 5.026e-14)
55 (precision) 5.050e-11 3.823e-15 (from 5.026e-14)
56 (precision) 3.100e-11 3.823e-15 (from 5.026e-14)
57 (precision) 8.874e-11 3.823e-15 (from 5.026e-14)
58 (precision) 2.858e-11 3.823e-15 (from 5.026e-14)
59 (precision) 1.325e-11 3.823e-15 (from 5.026e-14)
60 (precision) 3.445e-11 3.823e-15 (from 5.026e-14)
61 (precision) 1.107e-11 3.823e-15 (from 5.026e-14)
62 (precision) 5.497e-12 3.823e-15 (from 5.026e-14)
63 (precision) 7.203e-11 3.823e-15 (from 5.026e-14)
64 (precision) 2.027e-11 3.823e-15 (from 5.026e-14)
65 (precision) 6.024e-12 3.823e-15 (from 5.026e-14)
66 (precision) 2.250e-12 3.823e-15 (from 5.026e-14)
67 (precision) 1.571e-12 3.823e-15 (from 5.026e-14)
68 (precision) 2.388e-08 3.823e-15 (from 5.026e-14)
69 (precision) 6.583e-09 3.823e-15 (from 5.026e-14)
70 (precision) 1.814e-09 3.823e-15 (from 5.026e-14)
71 (precision) 5.001e-10 3.823e-15 (from 5.026e-14)
72 (precision) 1.379e-10 3.823e-15 (from 5.026e-14)
73 (precision) 3.804e-11 3.823e-15 (from 5.026e-14)
74 (precision) 1.047e-11 3.823e-15 (from 5.026e-14)
75 (precision) 2.913e-12 3.823e-15 (from 5.026e-14)
76 (precision) 8.267e-13 3.823e-15 (from 5.026e-14)
77 (precision) 2.248e-13 3.823e-15 (from 5.026e-14)
78 (precision) 8.326e-14 3.823e-15 (from 5.026e-14)
79 (precision) 2.094e-14 3.823e-15 (from 5.026e-14)
80 (precision) 3.943e-13 3.823e-15 (from 5.026e-14)
81 (precision) 9.096e-14 3.823e-15 (from 5.026e-14)
82 (precision) 6.518e-14 3.823e-15 (from 5.026e-14)
83 (precision) 2.904e-14 3.823e-15 (from 5.026e-14)
84 (precision) 5.347e-13 3.823e-15 (from 5.026e-14)
85 (precision) 9.424e-14 3.823e-15 (from 5.026e-14)
86 (precision) 6.476e-14 3.823e-15 (from 5.026e-14)
87 (precision) 3.791e-14 3.823e-15 (from 5.026e-14)
88 (precision) 4.500e-15 3.823e-15 (from 5.026e-14)
89 (precision) 5.058e-15 3.823e-15 (from 5.026e-14)
90 (precision) 3.771e-12 3.823e-15 (from 5.026e-14)
91 (precision) 1.081e-12 3.823e-15 (from 5.026e-14)
92 (precision) 3.083e-13 3.823e-15 (from 5.026e-14)
93 (precision) 8.026e-14 3.823e-15 (from 5.026e-14)
94 (precision) 1.668e-14 3.823e-15 (from 5.026e-14)
95 (precision) 1.067e-14 3.823e-15 (from 5.026e-14)
96 (precision) 2.475e-14 3.823e-15 (from 5.026e-14)
97 (precision) 3.753e-15 3.753e-15 (from 5.026e-14)
98 (precision) 2.564e-14 3.753e-15 (from 5.026e-14)
99 (precision) 2.742e-14 3.753e-15 (from 5.026e-14)
100 (precision) 4.627e-14 3.753e-15 (from 5.026e-14)

x: -2.652e-01  1.455e-01  3.067e-01 -6.347e-01  2.842e-02 -4.816e-01 -5.858e-02  5.091e-01 -1.684e-01  4.795e-01  4.604e-02  1.845e-01  1.252e-01 -2.936e-01  6.504e-01 -2.317e-01  2.060e-01  1.404e-01 -2.608e-01  2.411e-01 -1.028e-01  2.516e-01  1.595e-01  2.116e-01  1.497e-01  1.878e-01 -4.160e-01  5.179e-01 -4.416e-01  4.613e-02 -2.580e-01 -4.161e-01  2.445e-01  3.549e-02 -1.908e-01 -1.821e-01 -3.601e-01 -3.784e-02  2.252e-01  1.727e-01  4.463e-01  2.788e-01  4.052e-03  1.666e-01 -4.143e-01  2.397e-01 -3.590e-01  3.842e-01  4.293e-01  6.707e-02  4.561e-02  1.745e-01  3.969e-01 -2.311e-01 -1.980e-01 -6.013e-01  4.352e-01 -6.072e-01  1.543e-01  2.719e-01 -4.214e-01  6.702e-02  1.838e-01 -2.919e-01  7.040e-02 -5.456e-01 -7.260e-02 -2.348e-01 -3.745e-01  3.432e-01 -4.898e-01 -4.140e-01 -3.602e-01 -2.650e-01  3.370e-01 -2.939e-01  3.539e-01 -2.734e-01 -3.498e-01  2.786e-01  1.265e-01 -4.290e-01 -1.284e-01  4.284e-01  4.472e-01  1.418e-03  1.374e-01  4.256e-01  4.285e-01  1.280e-01  2.880e-01 -3.421e-01  2.452e-01  3.740e-01  1.846e-01 -4.074e-01 -1.916e-01  4.041e-01 -3.406e-02 -4.459e-01 -8.576e-02  4.389e-01 -1.147e-01 -4.323e-01  1.075e-01 -4.341e-01  3.537e-01 -2.736e-01 -1.624e-02 -4.469e-01  3.877e-01  2.229e-01  3.686e-01  2.532e-01 -4.460e-01 -3.352e-02  9.097e-03  4.471e-01 -9.412e-02 -4.372e-01  3.426e-01  2.875e-01  4.469e-01  1.733e-02  3.921e-01 -2.151e-01  3.792e-01 -2.371e-01  4.147e-01  1.674e-01 -4.448e-01 -4.678e-02  2.333e-02 -4.466e-01  4.399e-01  8.030e-02  1.378e-01  4.255e-01 -3.184e-16

grad: -3.181e-25  1.803e-25  1.632e-25 -8.895e-25  3.267e-25 -6.169e-25  4.745e-26  9.177e-25 -2.077e-25  3.056e-25 -4.520e-26 -3.369e-26 -2.377e-26 -1.089e-25  1.391e-25 -1.864e-25  2.616e-25 -7.477e-26 -3.371e-26  1.343e-25 -3.741e-25  1.187e-25  9.551e-26  3.119e-25  9.009e-26  2.823e-26 -1.421e-25  4.754e-25 -3.247e-25  1.312e-25  7.875e-27 -4.600e-25  3.739e-25  1.711e-25 -1.678e-25 -2.539e-25 -5.213e-25  1.846e-26  1.486e-25  1.041e-25  5.863e-25  2.131e-25 -1.225e-25  4.989e-26 -2.721e-25  1.204e-25 -1.614e-25  4.292e-25  1.454e-25 -1.350e-25  5.410e-26  1.107e-25  4.218e-26  1.253e-25 -2.720e-26 -4.142e-25  6.995e-25 -7.733e-25  2.220e-25  4.144e-25  2.657e-26  4.120e-26 -2.569e-26 -1.107e-25 -6.322e-26 -2.975e-25  1.058e-25  1.412e-25 -4.776e-25  4.598e-25 -1.521e-25 -8.009e-25  1.013e-25 -3.715e-26 -2.691e-26  1.245e-25 -3.341e-26  9.520e-27 -4.977e-26 -3.771e-26  1.608e-25  6.797e-26  1.383e-25 -1.304e-26 -8.131e-26  2.525e-26 -2.960e-26 -1.358e-25  3.976e-26 -5.634e-26 -7.958e-26  1.383e-25  8.399e-27 -1.982e-25 -8.960e-26 -3.617e-27  1.674e-25 -1.026e-25  6.878e-26  2.960e-25  3.360e-26 -1.952e-26  8.382e-26 -4.804e-26  5.731e-26  1.441e-25 -2.132e-26  1.180e-25 -1.078e-26 -2.566e-26  9.684e-26 -6.963e-26 -6.660e-26 -6.773e-26  6.457e-26  4.141e-27 -6.555e-26 -3.256e-26  3.855e-26 -7.960e-26  9.196e-26 -3.982e-26  3.599e-26 -5.973e-26  6.258e-26  5.291e-26 -1.128e-25  8.692e-26 -6.700e-26 -4.970e-26  8.417e-26 -4.656e-26  8.217e-26  1.346e-27  2.011e-26  1.229e-25  5.154e-26 -1.644e-25 -4.627e-14

finished in 999 iterations (0.824 seconds total)
max viol = 6.24e-08

---------------------
Result:
---------------------

{(1,0), (0,0), (0,0), (0,0), (0,0)}, {(0,0), (1,0), (0,0), (0,0), (0,0)}, {}, {}, {}


{(0.447,0), (0.447,0), (0.447,0), (0.447,0), (0.447,0)}, {(0.447,0), (-0.265,-0.36), (0.145,-0.0378), (0.307,0.225), (-0.635,0.173)}, {}, {}, {}


{(0.447,0), (0.0284,0.446), (-0.482,0.279), (-0.0586,0.00405), (0.509,0.167)}, {(0.447,0), (-0.168,-0.414), (0.479,0.24), (0.046,-0.359), (0.184,0.384)}, {}, {}, {}


{(0.447,0), (0.125,0.429), (-0.294,0.0671), (0.65,0.0456), (-0.232,0.175)}, {(0.447,0), (0.206,0.397), (0.14,-0.231), (-0.261,-0.198), (0.241,-0.601)}, {}, {}, {}


{(0.447,0), (-0.103,0.435), (0.252,-0.607), (0.16,0.154), (0.212,0.272)}, {(0.447,0), (0.15,-0.421), (0.188,0.067), (-0.416,0.184), (0.518,-0.292)}, {}, {}, {}


{(0.447,0), (-0.442,0.0704), (0.0461,-0.546), (-0.258,-0.0726), (-0.416,-0.235)}, {}, {}, {}, {}


{(0.447,0), (0.244,-0.374), (0.0355,0.343), (-0.191,-0.49), (-0.182,-0.414)}, {}, {}, {}, {}

---------------------
Abs of Gram matrix:
---------------------

 { { +1.0000, +0.0000, +0.0000, +0.0000, +0.0000, +0.4472, +0.4472, +0.0000, +0.0000, +0.0000, +0.4472, +0.4472, +0.0000, +0.0000, +0.0000, +0.4472, +0.4472, +0.0000, +0.0000, +0.0000, +0.4472, +0.4472, +0.0000, +0.0000, +0.0000, +0.4472, +0.0000, +0.0000, +0.0000, +0.0000, +0.4472, +0.0000, +0.0000, +0.0000, +0.0000}, 
   { +0.0000, +1.0000, +0.0000, +0.0000, +0.0000, +0.4472, +0.4472, +0.0000, +0.0000, +0.0000, +0.4472, +0.4472, +0.0000, +0.0000, +0.0000, +0.4472, +0.4472, +0.0000, +0.0000, +0.0000, +0.4472, +0.4472, +0.0000, +0.0000, +0.0000, +0.4472, +0.0000, +0.0000, +0.0000, +0.0000, +0.4472, +0.0000, +0.0000, +0.0000, +0.0000}, 
   { +0.0000, +0.0000, +0.0000, +0.0000, +0.0000, +0.0000, +0.0000, +0.0000, +0.0000, +0.0000, +0.0000, +0.0000, +0.0000, +0.0000, +0.0000, +0.0000, +0.0000, +0.0000, +0.0000, +0.0000, +0.0000, +0.0000, +0.0000, +0.0000, +0.0000, +0.0000, +0.0000, +0.0000, +0.0000, +0.0000, +0.0000, +0.0000, +0.0000, +0.0000, +0.0000}, 
   { +0.0000, +0.0000, +0.0000, +0.0000, +0.0000, +0.0000, +0.0000, +0.0000, +0.0000, +0.0000, +0.0000, +0.0000, +0.0000, +0.0000, +0.0000, +0.0000, +0.0000, +0.0000, +0.0000, +0.0000, +0.0000, +0.0000, +0.0000, +0.0000, +0.0000, +0.0000, +0.0000, +0.0000, +0.0000, +0.0000, +0.0000, +0.0000, +0.0000, +0.0000, +0.0000}, 
   { +0.0000, +0.0000, +0.0000, +0.0000, +0.0000, +0.0000, +0.0000, +0.0000, +0.0000, +0.0000, +0.0000, +0.0000, +0.0000, +0.0000, +0.0000, +0.0000, +0.0000, +0.0000, +0.0000, +0.0000, +0.0000, +0.0000, +0.0000, +0.0000, +0.0000, +0.0000, +0.0000, +0.0000, +0.0000, +0.0000, +0.0000, +0.0000, +0.0000, +0.0000, +0.0000}, 
   { +0.4472, +0.4472, +0.0000, +0.0000, +0.0000, +1.0000, +0.0002, +0.0000, +0.0000, +0.0000, +0.4472, +0.4472, +0.0000, +0.0000, +0.0000, +0.4472, +0.4472, +0.0000, +0.0000, +0.0000, +0.4472, +0.4472, +0.0000, +0.0000, +0.0000, +0.4472, +0.0000, +0.0000, +0.0000, +0.0000, +0.4472, +0.0000, +0.0000, +0.0000, +0.0000}, 
   { +0.4472, +0.4472, +0.0000, +0.0000, +0.0000, +0.0002, +1.0000, +0.0000, +0.0000, +0.0000, +0.4472, +0.4472, +0.0000, +0.0000, +0.0000, +0.4472, +0.4472, +0.0000, +0.0000, +0.0000, +0.4472, +0.4472, +0.0000, +0.0000, +0.0000, +0.4472, +0.0000, +0.0000, +0.0000, +0.0000, +0.4472, +0.0000, +0.0000, +0.0000, +0.0000}, 
   { +0.0000, +0.0000, +0.0000, +0.0000, +0.0000, +0.0000, +0.0000, +0.0000, +0.0000, +0.0000, +0.0000, +0.0000, +0.0000, +0.0000, +0.0000, +0.0000, +0.0000, +0.0000, +0.0000, +0.0000, +0.0000, +0.0000, +0.0000, +0.0000, +0.0000, +0.0000, +0.0000, +0.0000, +0.0000, +0.0000, +0.0000, +0.0000, +0.0000, +0.0000, +0.0000}, 
   { +0.0000, +0.0000, +0.0000, +0.0000, +0.0000, +0.0000, +0.0000, +0.0000, +0.0000, +0.0000, +0.0000, +0.0000, +0.0000, +0.0000, +0.0000, +0.0000, +0.0000, +0.0000, +0.0000, +0.0000, +0.0000, +0.0000, +0.0000, +0.0000, +0.0000, +0.0000, +0.0000, +0.0000, +0.0000, +0.0000, +0.0000, +0.0000, +0.0000, +0.0000, +0.0000}, 
   { +0.0000, +0.0000, +0.0000, +0.0000, +0.0000, +0.0000, +0.0000, +0.0000, +0.0000, +0.0000, +0.0000, +0.0000, +0.0000, +0.0000, +0.0000, +0.0000, +0.0000, +0.0000, +0.0000, +0.0000, +0.0000, +0.0000, +0.0000, +0.0000, +0.0000, +0.0000, +0.0000, +0.0000, +0.0000, +0.0000, +0.0000, +0.0000, +0.0000, +0.0000, +0.0000}, 
   { +0.4472, +0.4472, +0.0000, +0.0000, +0.0000, +0.4472, +0.4472, +0.0000, +0.0000, +0.0000, +1.0000, +0.0000, +0.0000, +0.0000, +0.0000, +0.4472, +0.4472, +0.0000, +0.0000, +0.0000, +0.4472, +0.4472, +0.0000, +0.0000, +0.0000, +0.4472, +0.0000, +0.0000, +0.0000, +0.0000, +0.4472, +0.0000, +0.0000, +0.0000, +0.0000}, 
   { +0.4472, +0.4472, +0.0000, +0.0000, +0.0000, +0.4472, +0.4472, +0.0000, +0.0000, +0.0000, +0.0000, +1.0000, +0.0000, +0.0000, +0.0000, +0.4472, +0.4472, +0.0000, +0.0000, +0.0000, +0.4472, +0.4472, +0.0000, +0.0000, +0.0000, +0.4472, +0.0000, +0.0000, +0.0000, +0.0000, +0.4472, +0.0000, +0.0000, +0.0000, +0.0000}, 
   { +0.0000, +0.0000, +0.0000, +0.0000, +0.0000, +0.0000, +0.0000, +0.0000, +0.0000, +0.0000, +0.0000, +0.0000, +0.0000, +0.0000, +0.0000, +0.0000, +0.0000, +0.0000, +0.0000, +0.0000, +0.0000, +0.0000, +0.0000, +0.0000, +0.0000, +0.0000, +0.0000, +0.0000, +0.0000, +0.0000, +0.0000, +0.0000, +0.0000, +0.0000, +0.0000}, 
   { +0.0000, +0.0000, +0.0000, +0.0000, +0.0000, +0.0000, +0.0000, +0.0000, +0.0000, +0.0000, +0.0000, +0.0000, +0.0000, +0.0000, +0.0000, +0.0000, +0.0000, +0.0000, +0.0000, +0.0000, +0.0000, +0.0000, +0.0000, +0.0000, +0.0000, +0.0000, +0.0000, +0.0000, +0.0000, +0.0000, +0.0000, +0.0000, +0.0000, +0.0000, +0.0000}, 
   { +0.0000, +0.0000, +0.0000, +0.0000, +0.0000, +0.0000, +0.0000, +0.0000, +0.0000, +0.0000, +0.0000, +0.0000, +0.0000, +0.0000, +0.0000, +0.0000, +0.0000, +0.0000, +0.0000, +0.0000, +0.0000, +0.0000, +0.0000, +0.0000, +0.0000, +0.0000, +0.0000, +0.0000, +0.0000, +0.0000, +0.0000, +0.0000, +0.0000, +0.0000, +0.0000}, 
   { +0.4472, +0.4472, +0.0000, +0.0000, +0.0000, +0.4472, +0.4472, +0.0000, +0.0000, +0.0000, +0.4472, +0.4472, +0.0000, +0.0000, +0.0000, +1.0000, +0.0000, +0.0000, +0.0000, +0.0000, +0.4472, +0.4472, +0.0000, +0.0000, +0.0000, +0.4472, +0.0000, +0.0000, +0.0000, +0.0000, +0.4472, +0.0000, +0.0000, +0.0000, +0.0000}, 
   { +0.4472, +0.4472, +0.0000, +0.0000, +0.0000, +0.4472, +0.4472, +0.0000, +0.0000, +0.0000, +0.4472, +0.4472, +0.0000, +0.0000, +0.0000, +0.0000, +1.0000, +0.0000, +0.0000, +0.0000, +0.4472, +0.4472, +0.0000, +0.0000, +0.0000, +0.4472, +0.0000, +0.0000, +0.0000, +0.0000, +0.4472, +0.0000, +0.0000, +0.0000, +0.0000}, 
   { +0.0000, +0.0000, +0.0000, +0.0000, +0.0000, +0.0000, +0.0000, +0.0000, +0.0000, +0.0000, +0.0000, +0.0000, +0.0000, +0.0000, +0.0000, +0.0000, +0.0000, +0.0000, +0.0000, +0.0000, +0.0000, +0.0000, +0.0000, +0.0000, +0.0000, +0.0000, +0.0000, +0.0000, +0.0000, +0.0000, +0.0000, +0.0000, +0.0000, +0.0000, +0.0000}, 
   { +0.0000, +0.0000, +0.0000, +0.0000, +0.0000, +0.0000, +0.0000, +0.0000, +0.0000, +0.0000, +0.0000, +0.0000, +0.0000, +0.0000, +0.0000, +0.0000, +0.0000, +0.0000, +0.0000, +0.0000, +0.0000, +0.0000, +0.0000, +0.0000, +0.0000, +0.0000, +0.0000, +0.0000, +0.0000, +0.0000, +0.0000, +0.0000, +0.0000, +0.0000, +0.0000}, 
   { +0.0000, +0.0000, +0.0000, +0.0000, +0.0000, +0.0000, +0.0000, +0.0000, +0.0000, +0.0000, +0.0000, +0.0000, +0.0000, +0.0000, +0.0000, +0.0000, +0.0000, +0.0000, +0.0000, +0.0000, +0.0000, +0.0000, +0.0000, +0.0000, +0.0000, +0.0000, +0.0000, +0.0000, +0.0000, +0.0000, +0.0000, +0.0000, +0.0000, +0.0000, +0.0000}, 
   { +0.4472, +0.4472, +0.0000, +0.0000, +0.0000, +0.4472, +0.4472, +0.0000, +0.0000, +0.0000, +0.4472, +0.4472, +0.0000, +0.0000, +0.0000, +0.4472, +0.4472, +0.0000, +0.0000, +0.0000, +1.0000, +0.0000, +0.0000, +0.0000, +0.0000, +0.4472, +0.0000, +0.0000, +0.0000, +0.0000, +0.4472, +0.0000, +0.0000, +0.0000, +0.0000}, 
   { +0.4472, +0.4472, +0.0000, +0.0000, +0.0000, +0.4472, +0.4472, +0.0000, +0.0000, +0.0000, +0.4472, +0.4472, +0.0000, +0.0000, +0.0000, +0.4472, +0.4472, +0.0000, +0.0000, +0.0000, +0.0000, +1.0000, +0.0000, +0.0000, +0.0000, +0.4472, +0.0000, +0.0000, +0.0000, +0.0000, +0.4472, +0.0000, +0.0000, +0.0000, +0.0000}, 
   { +0.0000, +0.0000, +0.0000, +0.0000, +0.0000, +0.0000, +0.0000, +0.0000, +0.0000, +0.0000, +0.0000, +0.0000, +0.0000, +0.0000, +0.0000, +0.0000, +0.0000, +0.0000, +0.0000, +0.0000, +0.0000, +0.0000, +0.0000, +0.0000, +0.0000, +0.0000, +0.0000, +0.0000, +0.0000, +0.0000, +0.0000, +0.0000, +0.0000, +0.0000, +0.0000}, 
   { +0.0000, +0.0000, +0.0000, +0.0000, +0.0000, +0.0000, +0.0000, +0.0000, +0.0000, +0.0000, +0.0000, +0.0000, +0.0000, +0.0000, +0.0000, +0.0000, +0.0000, +0.0000, +0.0000, +0.0000, +0.0000, +0.0000, +0.0000, +0.0000, +0.0000, +0.0000, +0.0000, +0.0000, +0.0000, +0.0000, +0.0000, +0.0000, +0.0000, +0.0000, +0.0000}, 
   { +0.0000, +0.0000, +0.0000, +0.0000, +0.0000, +0.0000, +0.0000, +0.0000, +0.0000, +0.0000, +0.0000, +0.0000, +0.0000, +0.0000, +0.0000, +0.0000, +0.0000, +0.0000, +0.0000, +0.0000, +0.0000, +0.0000, +0.0000, +0.0000, +0.0000, +0.0000, +0.0000, +0.0000, +0.0000, +0.0000, +0.0000, +0.0000, +0.0000, +0.0000, +0.0000}, 
   { +0.4472, +0.4472, +0.0000, +0.0000, +0.0000, +0.4472, +0.4472, +0.0000, +0.0000, +0.0000, +0.4472, +0.4472, +0.0000, +0.0000, +0.0000, +0.4472, +0.4472, +0.0000, +0.0000, +0.0000, +0.4472, +0.4472, +0.0000, +0.0000, +0.0000, +1.0000, +0.0000, +0.0000, +0.0000, +0.0000, +0.4472, +0.0000, +0.0000, +0.0000, +0.0000}, 
   { +0.0000, +0.0000, +0.0000, +0.0000, +0.0000, +0.0000, +0.0000, +0.0000, +0.0000, +0.0000, +0.0000, +0.0000, +0.0000, +0.0000, +0.0000, +0.0000, +0.0000, +0.0000, +0.0000, +0.0000, +0.0000, +0.0000, +0.0000, +0.0000, +0.0000, +0.0000, +0.0000, +0.0000, +0.0000, +0.0000, +0.0000, +0.0000, +0.0000, +0.0000, +0.0000}, 
   { +0.0000, +0.0000, +0.0000, +0.0000, +0.0000, +0.0000, +0.0000, +0.0000, +0.0000, +0.0000, +0.0000, +0.0000, +0.0000, +0.0000, +0.0000, +0.0000, +0.0000, +0.0000, +0.0000, +0.0000, +0.0000, +0.0000, +0.0000, +0.0000, +0.0000, +0.0000, +0.0000, +0.0000, +0.0000, +0.0000, +0.0000, +0.0000, +0.0000, +0.0000, +0.0000}, 
   { +0.0000, +0.0000, +0.0000, +0.0000, +0.0000, +0.0000, +0.0000, +0.0000, +0.0000, +0.0000, +0.0000, +0.0000, +0.0000, +0.0000, +0.0000, +0.0000, +0.0000, +0.0000, +0.0000, +0.0000, +0.0000, +0.0000, +0.0000, +0.0000, +0.0000, +0.0000, +0.0000, +0.0000, +0.0000, +0.0000, +0.0000, +0.0000, +0.0000, +0.0000, +0.0000}, 
   { +0.0000, +0.0000, +0.0000, +0.0000, +0.0000, +0.0000, +0.0000, +0.0000, +0.0000, +0.0000, +0.0000, +0.0000, +0.0000, +0.0000, +0.0000, +0.0000, +0.0000, +0.0000, +0.0000, +0.0000, +0.0000, +0.0000, +0.0000, +0.0000, +0.0000, +0.0000, +0.0000, +0.0000, +0.0000, +0.0000, +0.0000, +0.0000, +0.0000, +0.0000, +0.0000}, 
   { +0.4472, +0.4472, +0.0000, +0.0000, +0.0000, +0.4472, +0.4472, +0.0000, +0.0000, +0.0000, +0.4472, +0.4472, +0.0000, +0.0000, +0.0000, +0.4472, +0.4472, +0.0000, +0.0000, +0.0000, +0.4472, +0.4472, +0.0000, +0.0000, +0.0000, +0.4472, +0.0000, +0.0000, +0.0000, +0.0000, +1.0000, +0.0000, +0.0000, +0.0000, +0.0000}, 
   { +0.0000, +0.0000, +0.0000, +0.0000, +0.0000, +0.0000, +0.0000, +0.0000, +0.0000, +0.0000, +0.0000, +0.0000, +0.0000, +0.0000, +0.0000, +0.0000, +0.0000, +0.0000, +0.0000, +0.0000, +0.0000, +0.0000, +0.0000, +0.0000, +0.0000, +0.0000, +0.0000, +0.0000, +0.0000, +0.0000, +0.0000, +0.0000, +0.0000, +0.0000, +0.0000}, 
   { +0.0000, +0.0000, +0.0000, +0.0000, +0.0000, +0.0000, +0.0000, +0.0000, +0.0000, +0.0000, +0.0000, +0.0000, +0.0000, +0.0000, +0.0000, +0.0000, +0.0000, +0.0000, +0.0000, +0.0000, +0.0000, +0.0000, +0.0000, +0.0000, +0.0000, +0.0000, +0.0000, +0.0000, +0.0000, +0.0000, +0.0000, +0.0000, +0.0000, +0.0000, +0.0000}, 
   { +0.0000, +0.0000, +0.0000, +0.0000, +0.0000, +0.0000, +0.0000, +0.0000, +0.0000, +0.0000, +0.0000, +0.0000, +0.0000, +0.0000, +0.0000, +0.0000, +0.0000, +0.0000, +0.0000, +0.0000, +0.0000, +0.0000, +0.0000, +0.0000, +0.0000, +0.0000, +0.0000, +0.0000, +0.0000, +0.0000, +0.0000, +0.0000, +0.0000, +0.0000, +0.0000}, 
   { +0.0000, +0.0000, +0.0000, +0.0000, +0.0000, +0.0000, +0.0000, +0.0000, +0.0000, +0.0000, +0.0000, +0.0000, +0.0000, +0.0000, +0.0000, +0.0000, +0.0000, +0.0000, +0.0000, +0.0000, +0.0000, +0.0000, +0.0000, +0.0000, +0.0000, +0.0000, +0.0000, +0.0000, +0.0000, +0.0000, +0.0000, +0.0000, +0.0000, +0.0000, +0.0000} } 
