---------------------
Basis Indices:
---------------------

{1, 0, 0, 0, 0}, {1, 0, 0, 0, 0}, {}, {}, {}


{0.447, 0.447, 0.447, 0.447, 0.447}, {0.447, x_31+i*x_206, x_32+i*x_207, x_33+i*x_208, x_34+i*x_209}, {}, {}, {}


{0.447, x_51+i*x_226, x_52+i*x_227, x_53+i*x_228, x_54+i*x_229}, {0.447, x_56+i*x_231, x_57+i*x_232, x_58+i*x_233, x_59+i*x_234}, {}, {}, {}


{0.447, x_76+i*x_251, x_77+i*x_252, x_78+i*x_253, x_79+i*x_254}, {}, {}, {}, {}


{0.447, x_101+i*x_276, x_102+i*x_277, x_103+i*x_278, x_104+i*x_279}, {}, {}, {}, {}


{0.447, x_126+i*x_301, x_127+i*x_302, x_128+i*x_303, x_129+i*x_304}, {}, {}, {}, {}


{0.447, x_151+i*x_326, x_152+i*x_327, x_153+i*x_328, x_154+i*x_329}, {}, {}, {}, {}

---------------------
Problem: 
---------------------
Find a point satisfying:

-0.2*{} + 1*{ 351 351} + 1*{ 350 350} = 0 

1*{ 208 228} + 1*{  33  53} + 1*{ 207 227} + 1*{  32  52} + 1*{ 209 229} + 1*{  34  54} + 1*{  31  51} + 1*{ 206 226} + 0.2*{} + -1*{ 350} = 0 

-1*{  53 208} + 1*{  31 226} + -1*{  52 207} + 1*{  33 228} + 1*{  32 227} + -1*{  51 206} + 1*{  34 229} + -1*{  54 209} + -1*{ 351} = 0 

-0.2*{} + 1*{ 353 353} + 1*{ 352 352} = 0 

1*{  34  59} + 1*{  33  58} + 1*{  32  57} + 1*{ 206 231} + 1*{ 209 234} + 1*{ 207 232} + 0.2*{} + 1*{ 208 233} + 1*{  31  56} + -1*{ 352} = 0 

-1*{  58 208} + -1*{  57 207} + 1*{  32 232} + -1*{  56 206} + 1*{  31 231} + 1*{  33 233} + -1*{  59 209} + 1*{  34 234} + -1*{ 353} = 0 

-0.2*{} + 1*{ 355 355} + 1*{ 354 354} = 0 

1*{ 207 252} + -1*{ 354} + 1*{ 208 253} + 1*{  32  77} + 1*{  33  78} + 1*{ 206 251} + 0.2*{} + 1*{  31  76} + 1*{  34  79} + 1*{ 209 254} = 0 

1*{  33 253} + -1*{  77 207} + 1*{  32 252} + -1*{ 355} + 1*{  31 251} + -1*{  78 208} + 1*{  34 254} + -1*{  76 206} + -1*{  79 209} = 0 

-0.2*{} + 1*{ 357 357} + 1*{ 356 356} = 0 

1*{ 208 278} + 1*{  33 103} + 0.2*{} + 1*{  32 102} + 1*{  31 101} + 1*{  34 104} + 1*{ 209 279} + 1*{ 207 277} + 1*{ 206 276} + -1*{ 356} = 0 

1*{  33 278} + 1*{  32 277} + -1*{ 101 206} + -1*{ 102 207} + -1*{ 103 208} + 1*{  34 279} + 1*{  31 276} + -1*{ 104 209} + -1*{ 357} = 0 

-0.2*{} + 1*{ 359 359} + 1*{ 358 358} = 0 

1*{ 208 303} + 1*{  33 128} + -1*{ 358} + 1*{  32 127} + 1*{ 206 301} + 1*{ 207 302} + 1*{ 209 304} + 1*{  31 126} + 0.2*{} + 1*{  34 129} = 0 

-1*{ 127 207} + 1*{  33 303} + 1*{  32 302} + -1*{ 126 206} + -1*{ 129 209} + 1*{  31 301} + -1*{ 359} + -1*{ 128 208} + 1*{  34 304} = 0 

-0.2*{} + 1*{ 361 361} + 1*{ 360 360} = 0 

1*{ 208 328} + 1*{  33 153} + 1*{  32 152} + 1*{ 209 329} + 1*{ 207 327} + 1*{  31 151} + 1*{  34 154} + 1*{ 206 326} + 0.2*{} + -1*{ 360} = 0 

-1*{ 152 207} + 1*{  32 327} + -1*{ 153 208} + 1*{  31 326} + 1*{  34 329} + 1*{  33 328} + -1*{ 154 209} + -1*{ 151 206} + -1*{ 361} = 0 

-0.2*{} + 1*{ 206 206} + 1*{  31  31} = 0 

-0.8*{} + 1*{  33  33} + 1*{ 208 208} + 1*{  31  31} + 1*{ 206 206} + 1*{  32  32} + 1*{ 207 207} + 1*{  34  34} + 1*{ 209 209} = 0 

0.4*{  32  33} + 0.2*{ 206 206} + 0.4*{ 206 209} + 0.2*{  31  31} + 0.4*{  31  32} + 0.2*{  32  32} + 0.178885*{  34} + 0.4*{  31  34} + 0.178885*{  33} + 0.178885*{  32} + 0.2*{  33  33} + 0.4*{  33  34} + 0.04*{} + 0.4*{ 207 208} + 0.4*{ 207 209} + 0.2*{ 208 208} + 0.4*{  31  33} + 0.2*{ 207 207} + 0.4*{ 208 209} + 0.4*{ 206 207} + 0.2*{ 209 209} + 0.2*{  34  34} + 0.178885*{  31} + 0.4*{ 206 208} + 0.4*{  32  34} = 0 

1*{  52  57} + 1*{ 228 233} + 1*{  53  58} + 1*{  54  59} + 1*{ 226 231} + 1*{  51  56} + 1*{ 227 232} + 0.2*{} + 1*{ 229 234} = 0 

-1*{  57 227} + 1*{  53 233} + -1*{  59 229} + -1*{  56 226} + 1*{  51 231} + -1*{  58 228} + 1*{  52 232} + 1*{  54 234} = 0 

-0.2*{} + 1*{ 363 363} + 1*{ 362 362} = 0 

1*{ 228 253} + 1*{  53  78} + 1*{ 226 251} + 1*{  52  77} + 1*{  54  79} + 1*{ 229 254} + 0.2*{} + 1*{ 227 252} + 1*{  51  76} + -1*{ 362} = 0 

1*{  53 253} + -1*{  79 229} + -1*{  77 227} + 1*{  52 252} + 1*{  54 254} + -1*{  76 226} + 1*{  51 251} + -1*{  78 228} + -1*{ 363} = 0 

-0.2*{} + 1*{ 365 365} + 1*{ 364 364} = 0 

1*{ 227 277} + -1*{ 364} + 1*{  52 102} + 1*{ 229 279} + 1*{ 228 278} + 1*{ 226 276} + 1*{  53 103} + 1*{  51 101} + 1*{  54 104} + 0.2*{} = 0 

-1*{ 103 228} + 1*{  53 278} + -1*{ 102 227} + -1*{ 101 226} + 1*{  51 276} + 1*{  52 277} + 1*{  54 279} + -1*{ 104 229} + -1*{ 365} = 0 

-0.2*{} + 1*{ 367 367} + 1*{ 366 366} = 0 

1*{ 228 303} + 1*{  53 128} + -1*{ 366} + 1*{  54 129} + 1*{ 227 302} + 1*{  52 127} + 1*{ 226 301} + 1*{  51 126} + 0.2*{} + 1*{ 229 304} = 0 

-1*{ 128 228} + -1*{ 127 227} + 1*{  52 302} + 1*{  51 301} + 1*{  54 304} + -1*{ 129 229} + 1*{  53 303} + -1*{ 126 226} + -1*{ 367} = 0 

-0.2*{} + 1*{ 369 369} + 1*{ 368 368} = 0 

1*{  52 152} + 0.2*{} + 1*{ 226 326} + 1*{  53 153} + 1*{ 228 328} + 1*{  51 151} + 1*{ 227 327} + 1*{  54 154} + 1*{ 229 329} + -1*{ 368} = 0 

1*{  51 326} + 1*{  53 328} + -1*{ 152 227} + 1*{  52 327} + -1*{ 153 228} + -1*{ 151 226} + 1*{  54 329} + -1*{ 154 229} + -1*{ 369} = 0 

-0.2*{} + 1*{ 226 226} + 1*{  51  51} = 0 

-0.8*{} + 1*{  53  53} + 1*{  51  51} + 1*{ 226 226} + 1*{  52  52} + 1*{  54  54} + 1*{ 227 227} + 1*{ 229 229} + 1*{ 228 228} = 0 

0.4*{ 226 227} + 0.4*{ 227 228} + 0.4*{  51  53} + 0.4*{  51  52} + 0.2*{ 228 228} + 0.178885*{  53} + 0.2*{ 226 226} + -0.16*{} + 0.2*{  54  54} + 0.4*{ 228 229} + 0.178885*{  54} + 0.2*{  53  53} + 0.4*{ 226 228} + 0.4*{  52  53} + 0.4*{  53  54} + 0.2*{  52  52} + 0.4*{ 227 229} + 0.178885*{  51} + 0.2*{  51  51} + 0.4*{  51  54} + 0.2*{ 229 229} + 0.178885*{  52} + 0.2*{ 227 227} + 0.4*{  52  54} + 0.4*{ 226 229} = 0 

-0.2*{} + 1*{ 371 371} + 1*{ 370 370} = 0 

1*{  57  77} + 1*{ 231 251} + -1*{ 370} + 1*{ 233 253} + 1*{  56  76} + 0.2*{} + 1*{  58  78} + 1*{ 234 254} + 1*{ 232 252} + 1*{  59  79} = 0 

-1*{  78 233} + 1*{  57 252} + -1*{  77 232} + 1*{  56 251} + 1*{  58 253} + 1*{  59 254} + -1*{  76 231} + -1*{  79 234} + -1*{ 371} = 0 

-0.2*{} + 1*{ 373 373} + 1*{ 372 372} = 0 

1*{  58 103} + 1*{ 233 278} + 1*{  57 102} + -1*{ 372} + 1*{ 231 276} + 1*{ 234 279} + 1*{  59 104} + 1*{ 232 277} + 1*{  56 101} + 0.2*{} = 0 

-1*{ 103 233} + 1*{  56 276} + 1*{  58 278} + -1*{ 104 234} + 1*{  57 277} + -1*{ 101 231} + 1*{  59 279} + -1*{ 102 232} + -1*{ 373} = 0 

-0.2*{} + 1*{ 375 375} + 1*{ 374 374} = 0 

1*{ 233 303} + 1*{  59 129} + 1*{  58 128} + 1*{ 232 302} + 1*{ 234 304} + 1*{ 231 301} + 1*{  56 126} + 1*{  57 127} + 0.2*{} + -1*{ 374} = 0 

-1*{ 128 233} + 1*{  58 303} + -1*{ 375} + -1*{ 126 231} + 1*{  57 302} + 1*{  56 301} + -1*{ 127 232} + 1*{  59 304} + -1*{ 129 234} = 0 

1*{ 377 377} + -0.2*{} + 1*{ 376 376} = 0 

1*{ 233 328} + 1*{  58 153} + 1*{ 232 327} + 1*{ 234 329} + 1*{  57 152} + -1*{ 376} + 1*{  59 154} + 1*{ 231 326} + 1*{  56 151} + 0.2*{} = 0 

-1*{ 152 232} + 1*{  57 327} + -1*{ 151 231} + 1*{  56 326} + 1*{  59 329} + -1*{ 153 233} + 1*{  58 328} + -1*{ 377} + -1*{ 154 234} = 0 

-0.2*{} + 1*{ 231 231} + 1*{  56  56} = 0 

-0.8*{} + 1*{  58  58} + 1*{  56  56} + 1*{ 234 234} + 1*{ 231 231} + 1*{  57  57} + 1*{ 232 232} + 1*{ 233 233} + 1*{  59  59} = 0 

0.4*{ 233 234} + 0.2*{  57  57} + 0.4*{  58  59} + 0.2*{  59  59} + 0.2*{ 232 232} + 0.4*{  56  58} + 0.2*{ 233 233} + 0.178885*{  56} + 0.178885*{  59} + 0.178885*{  57} + 0.2*{ 231 231} + 0.4*{ 231 233} + 0.2*{ 234 234} + 0.4*{  57  58} + 0.4*{ 231 232} + 0.2*{  58  58} + 0.4*{ 232 234} + 0.178885*{  58} + 0.2*{  56  56} + 0.4*{ 232 233} + -0.16*{} + 0.4*{  56  59} + 0.4*{  57  59} + 0.4*{  56  57} + 0.4*{ 231 234} = 0 

-0.2*{} + 1*{ 379 379} + 1*{ 378 378} = 0 

1*{ 253 278} + 1*{  77 102} + 1*{ 251 276} + 1*{  78 103} + 1*{  79 104} + 1*{  76 101} + 1*{ 252 277} + -1*{ 378} + 1*{ 254 279} + 0.2*{} = 0 

-1*{ 103 253} + 1*{  76 276} + -1*{ 102 252} + -1*{ 379} + 1*{  79 279} + 1*{  78 278} + 1*{  77 277} + -1*{ 104 254} + -1*{ 101 251} = 0 

-0.2*{} + 1*{ 381 381} + 1*{ 380 380} = 0 

1*{  78 128} + 1*{  77 127} + 1*{ 253 303} + 1*{ 252 302} + 1*{  76 126} + -1*{ 380} + 1*{ 251 301} + 1*{  79 129} + 0.2*{} + 1*{ 254 304} = 0 

1*{  78 303} + -1*{ 126 251} + 1*{  77 302} + 1*{  76 301} + 1*{  79 304} + -1*{ 129 254} + -1*{ 128 253} + -1*{ 127 252} + -1*{ 381} = 0 

-0.2*{} + 1*{ 383 383} + 1*{ 382 382} = 0 

1*{ 252 327} + 1*{ 251 326} + 1*{  76 151} + 1*{  79 154} + 1*{ 253 328} + 1*{ 254 329} + 1*{  77 152} + 0.2*{} + 1*{  78 153} + -1*{ 382} = 0 

-1*{ 151 251} + -1*{ 153 253} + 1*{  78 328} + 1*{  77 327} + -1*{ 154 254} + 1*{  76 326} + -1*{ 152 252} + 1*{  79 329} + -1*{ 383} = 0 

-0.2*{} + 1*{ 251 251} + 1*{  76  76} = 0 

-0.8*{} + 1*{  76  76} + 1*{  78  78} + 1*{ 251 251} + 1*{  79  79} + 1*{  77  77} + 1*{ 252 252} + 1*{ 253 253} + 1*{ 254 254} = 0 

0.4*{  77  79} + 0.2*{  76  76} + 0.4*{  76  77} + 0.4*{  76  79} + 0.178885*{  77} + 0.2*{ 252 252} + 0.178885*{  76} + 0.2*{ 251 251} + 0.178885*{  79} + 0.2*{ 254 254} + 0.4*{ 252 253} + 0.2*{  78  78} + -0.16*{} + 0.4*{  77  78} + 0.4*{ 252 254} + 0.4*{  78  79} + 0.2*{  79  79} + 0.2*{ 253 253} + 0.2*{  77  77} + 0.178885*{  78} + 0.4*{  76  78} + 0.4*{ 251 252} + 0.4*{ 251 253} + 0.4*{ 251 254} + 0.4*{ 253 254} = 0 

-0.2*{} + 1*{ 385 385} + 1*{ 384 384} = 0 

1*{ 103 128} + 1*{ 277 302} + 1*{ 278 303} + 1*{ 102 127} + 1*{ 276 301} + 1*{ 104 129} + 1*{ 279 304} + 1*{ 101 126} + 0.2*{} + -1*{ 384} = 0 

-1*{ 128 278} + -1*{ 127 277} + 1*{ 102 302} + -1*{ 129 279} + 1*{ 104 304} + 1*{ 101 301} + 1*{ 103 303} + -1*{ 126 276} + -1*{ 385} = 0 

-0.2*{} + 1*{ 387 387} + 1*{ 386 386} = 0 

1*{ 278 328} + -1*{ 386} + 1*{ 277 327} + 1*{ 104 154} + 1*{ 276 326} + 1*{ 101 151} + 1*{ 103 153} + 0.2*{} + 1*{ 102 152} + 1*{ 279 329} = 0 

-1*{ 153 278} + -1*{ 152 277} + 1*{ 102 327} + 1*{ 101 326} + -1*{ 151 276} + -1*{ 154 279} + 1*{ 104 329} + 1*{ 103 328} + -1*{ 387} = 0 

-0.2*{} + 1*{ 276 276} + 1*{ 101 101} = 0 

-0.8*{} + 1*{ 101 101} + 1*{ 276 276} + 1*{ 102 102} + 1*{ 277 277} + 1*{ 279 279} + 1*{ 103 103} + 1*{ 104 104} + 1*{ 278 278} = 0 

0.4*{ 276 278} + 0.4*{ 103 104} + 0.4*{ 102 103} + 0.2*{ 102 102} + 0.178885*{ 101} + 0.2*{ 101 101} + 0.2*{ 103 103} + 0.2*{ 279 279} + 0.4*{ 276 279} + 0.2*{ 277 277} + 0.4*{ 277 278} + 0.2*{ 104 104} + 0.178885*{ 103} + 0.178885*{ 104} + 0.4*{ 276 277} + 0.4*{ 101 102} + 0.4*{ 277 279} + 0.2*{ 278 278} + 0.4*{ 278 279} + 0.4*{ 101 104} + 0.178885*{ 102} + 0.4*{ 102 104} + 0.2*{ 276 276} + -0.16*{} + 0.4*{ 101 103} = 0 

-0.2*{} + 1*{ 389 389} + 1*{ 388 388} = 0 

1*{ 303 328} + 1*{ 128 153} + 1*{ 302 327} + -1*{ 388} + 1*{ 127 152} + 1*{ 301 326} + 1*{ 126 151} + 1*{ 129 154} + 0.2*{} + 1*{ 304 329} = 0 

-1*{ 153 303} + -1*{ 152 302} + 1*{ 126 326} + 1*{ 127 327} + -1*{ 151 301} + 1*{ 129 329} + -1*{ 154 304} + 1*{ 128 328} + -1*{ 389} = 0 

-0.2*{} + 1*{ 301 301} + 1*{ 126 126} = 0 

-0.8*{} + 1*{ 303 303} + 1*{ 126 126} + 1*{ 301 301} + 1*{ 302 302} + 1*{ 127 127} + 1*{ 128 128} + 1*{ 129 129} + 1*{ 304 304} = 0 

0.2*{ 126 126} + 0.2*{ 129 129} + 0.4*{ 126 129} + 0.4*{ 127 129} + 0.4*{ 301 304} + 0.178885*{ 128} + 0.4*{ 127 128} + 0.4*{ 302 304} + 0.2*{ 127 127} + 0.178885*{ 127} + 0.2*{ 303 303} + 0.4*{ 128 129} + 0.178885*{ 129} + 0.2*{ 304 304} + 0.2*{ 301 301} + 0.2*{ 302 302} + 0.178885*{ 126} + 0.2*{ 128 128} + -0.16*{} + 0.4*{ 126 128} + 0.4*{ 301 303} + 0.4*{ 303 304} + 0.4*{ 302 303} + 0.4*{ 126 127} + 0.4*{ 301 302} = 0 

-0.2*{} + 1*{ 326 326} + 1*{ 151 151} = 0 

-0.8*{} + 1*{ 151 151} + 1*{ 326 326} + 1*{ 152 152} + 1*{ 327 327} + 1*{ 153 153} + 1*{ 328 328} + 1*{ 329 329} + 1*{ 154 154} = 0 

0.4*{ 326 327} + 0.4*{ 151 152} + 0.2*{ 329 329} + 0.4*{ 151 153} + 0.4*{ 326 329} + 0.178885*{ 151} + 0.4*{ 152 153} + -0.16*{} + 0.4*{ 153 154} + 0.2*{ 151 151} + 0.2*{ 154 154} + 0.4*{ 326 328} + 0.178885*{ 154} + 0.2*{ 328 328} + 0.4*{ 151 154} + 0.4*{ 327 329} + 0.2*{ 326 326} + 0.4*{ 328 329} + 0.2*{ 152 152} + 0.2*{ 327 327} + 0.4*{ 152 154} + 0.4*{ 327 328} + 0.178885*{ 153} + 0.2*{ 153 153} + 0.178885*{ 152} = 0 

---------------------
Summary:
---------------------
set sizes: {2, 2, 2, 1, 1, 1, 1}, vars: 96, vectors: 10, equations: 83, indep eqn: 83

---------------------
Optimization:
---------------------
1 6.481e+00 6.481e+00
2 2.653e+03 6.481e+00
3 9.668e+02 6.481e+00
4 3.446e+02 6.481e+00
5 1.222e+02 6.481e+00
6 4.313e+01 6.481e+00
7 1.510e+01 6.481e+00
8 5.245e+00 5.245e+00
9 1.819e+00 1.819e+00
10 8.584e-01 8.584e-01
11 3.020e-01 3.020e-01
12 1.119e-01 1.119e-01
13 4.458e-02 4.458e-02
14 2.755e-01 4.458e-02
15 9.019e-02 4.458e-02
16 3.048e-02 3.048e-02
17 1.089e-02 1.089e-02
18 4.132e-03 4.132e-03
19 1.620e-03 1.620e-03
20 6.442e-04 6.442e-04
21 2.697e-04 2.697e-04
22 1.169e-04 1.169e-04
23 5.380e-05 5.380e-05
24 2.519e-05 2.519e-05
25 3.041e-05 2.519e-05
26 1.050e-05 1.050e-05
27 4.518e-06 4.518e-06
28 3.287e-06 3.287e-06
29 1.957e-06 1.957e-06
30 3.604e-04 1.957e-06
31 1.097e-04 1.957e-06
32 3.337e-05 1.957e-06
33 1.017e-05 1.957e-06
34 3.127e-06 1.957e-06
35 9.821e-07 9.821e-07
36 3.255e-07 3.255e-07
37 1.227e-07 1.227e-07
38 5.855e-08 5.855e-08
39 3.113e-08 3.113e-08
40 2.310e-08 2.310e-08
41 1.120e-08 1.120e-08
42 6.742e-09 6.742e-09
43 2.804e-08 6.742e-09
44 8.658e-09 6.742e-09
45 2.764e-09 2.764e-09
46 1.115e-09 1.115e-09
47 1.202e-09 1.115e-09
48 6.948e-10 6.948e-10
49 3.240e-09 6.948e-10
50 9.804e-10 6.948e-10
51 2.924e-10 2.924e-10
52 1.083e-10 1.083e-10
53 1.775e-10 1.083e-10
54 9.732e-11 9.732e-11
55 2.225e-10 9.732e-11
56 6.347e-11 6.347e-11
57 3.228e-11 3.228e-11
58 3.200e-10 3.228e-11
59 9.690e-11 3.228e-11
60 2.940e-11 2.940e-11
61 8.937e-12 8.937e-12
62 2.777e-12 2.777e-12
63 1.713e-12 1.713e-12
64 3.148e-12 1.713e-12
65 1.005e-12 1.005e-12
66 1.349e-12 1.005e-12
67 6.374e-11 1.005e-12
68 1.928e-11 1.005e-12
69 5.833e-12 1.005e-12
70 1.767e-12 1.005e-12
71 7.071e-13 7.071e-13
72 2.313e-13 2.313e-13
73 2.483e-13 2.313e-13
74 8.227e-14 8.227e-14
1 (precision) 1.783e-14 1.783e-14 (from 8.227e-14)
2 (precision) 1.593e-14 1.593e-14 (from 8.227e-14)
3 (precision) 2.919e-14 1.593e-14 (from 8.227e-14)
4 (precision) 1.834e-13 1.593e-14 (from 8.227e-14)
5 (precision) 5.872e-14 1.593e-14 (from 8.227e-14)
6 (precision) 8.841e-15 8.841e-15 (from 8.227e-14)
7 (precision) 1.854e-15 1.854e-15 (from 8.227e-14)
8 (precision) 5.472e-15 1.854e-15 (from 8.227e-14)
9 (precision) 6.002e-15 1.854e-15 (from 8.227e-14)
10 (precision) 2.907e-14 1.854e-15 (from 8.227e-14)
11 (precision) 5.628e-15 1.854e-15 (from 8.227e-14)
12 (precision) 4.844e-15 1.854e-15 (from 8.227e-14)
13 (precision) 5.774e-15 1.854e-15 (from 8.227e-14)
14 (precision) 1.373e-05 1.854e-15 (from 8.227e-14)
15 (precision) 3.789e-06 1.854e-15 (from 8.227e-14)
16 (precision) 1.045e-06 1.854e-15 (from 8.227e-14)
17 (precision) 2.884e-07 1.854e-15 (from 8.227e-14)
18 (precision) 7.963e-08 1.854e-15 (from 8.227e-14)
19 (precision) 2.207e-08 1.854e-15 (from 8.227e-14)
20 (precision) 6.190e-09 1.854e-15 (from 8.227e-14)
21 (precision) 1.798e-09 1.854e-15 (from 8.227e-14)
22 (precision) 5.738e-10 1.854e-15 (from 8.227e-14)
23 (precision) 2.262e-10 1.854e-15 (from 8.227e-14)
24 (precision) 1.175e-10 1.854e-15 (from 8.227e-14)
25 (precision) 8.855e-11 1.854e-15 (from 8.227e-14)
26 (precision) 5.070e-11 1.854e-15 (from 8.227e-14)
27 (precision) 2.077e-11 1.854e-15 (from 8.227e-14)
28 (precision) 1.338e-11 1.854e-15 (from 8.227e-14)
29 (precision) 5.816e-12 1.854e-15 (from 8.227e-14)
30 (precision) 5.135e-12 1.854e-15 (from 8.227e-14)
31 (precision) 1.922e-12 1.854e-15 (from 8.227e-14)
32 (precision) 9.754e-13 1.854e-15 (from 8.227e-14)
33 (precision) 3.479e-10 1.854e-15 (from 8.227e-14)
34 (precision) 9.595e-11 1.854e-15 (from 8.227e-14)
35 (precision) 2.651e-11 1.854e-15 (from 8.227e-14)
36 (precision) 7.373e-12 1.854e-15 (from 8.227e-14)
37 (precision) 2.075e-12 1.854e-15 (from 8.227e-14)
38 (precision) 5.988e-13 1.854e-15 (from 8.227e-14)
39 (precision) 2.075e-13 1.854e-15 (from 8.227e-14)
40 (precision) 8.177e-14 1.854e-15 (from 8.227e-14)
41 (precision) 4.965e-14 1.854e-15 (from 8.227e-14)
42 (precision) 2.763e-14 1.854e-15 (from 8.227e-14)
43 (precision) 3.359e-12 1.854e-15 (from 8.227e-14)
44 (precision) 9.359e-13 1.854e-15 (from 8.227e-14)
45 (precision) 2.683e-13 1.854e-15 (from 8.227e-14)
46 (precision) 6.716e-14 1.854e-15 (from 8.227e-14)
47 (precision) 1.829e-14 1.854e-15 (from 8.227e-14)
48 (precision) 2.836e-16 2.836e-16 (from 8.227e-14)
49 (precision) 1.008e-14 2.836e-16 (from 8.227e-14)
50 (precision) 8.256e-15 2.836e-16 (from 8.227e-14)
51 (precision) 7.755e-13 2.836e-16 (from 8.227e-14)
52 (precision) 2.118e-13 2.836e-16 (from 8.227e-14)
53 (precision) 5.814e-14 2.836e-16 (from 8.227e-14)
54 (precision) 1.360e-14 2.836e-16 (from 8.227e-14)
55 (precision) 1.639e-14 2.836e-16 (from 8.227e-14)
56 (precision) 2.684e-15 2.836e-16 (from 8.227e-14)
57 (precision) 4.691e-15 2.836e-16 (from 8.227e-14)
58 (precision) 2.758e-14 2.836e-16 (from 8.227e-14)
59 (precision) 4.696e-15 2.836e-16 (from 8.227e-14)
60 (precision) 4.862e-15 2.836e-16 (from 8.227e-14)
61 (precision) 1.687e-14 2.836e-16 (from 8.227e-14)
62 (precision) 5.274e-15 2.836e-16 (from 8.227e-14)
63 (precision) 3.265e-14 2.836e-16 (from 8.227e-14)
64 (precision) 9.655e-15 2.836e-16 (from 8.227e-14)
65 (precision) 7.380e-14 2.836e-16 (from 8.227e-14)
66 (precision) 1.988e-14 2.836e-16 (from 8.227e-14)
67 (precision) 3.979e-15 2.836e-16 (from 8.227e-14)
68 (precision) 1.027e-14 2.836e-16 (from 8.227e-14)
69 (precision) 7.527e-15 2.836e-16 (from 8.227e-14)
70 (precision) 1.947e-14 2.836e-16 (from 8.227e-14)
71 (precision) 1.147e-15 2.836e-16 (from 8.227e-14)
72 (precision) 8.527e-15 2.836e-16 (from 8.227e-14)
73 (precision) 1.487e-14 2.836e-16 (from 8.227e-14)
74 (precision) 3.722e-15 2.836e-16 (from 8.227e-14)
75 (precision) 2.256e-14 2.836e-16 (from 8.227e-14)
76 (precision) 1.266e-14 2.836e-16 (from 8.227e-14)
77 (precision) 2.773e-15 2.836e-16 (from 8.227e-14)
78 (precision) 8.847e-15 2.836e-16 (from 8.227e-14)
79 (precision) 2.900e-15 2.836e-16 (from 8.227e-14)
80 (precision) 5.326e-15 2.836e-16 (from 8.227e-14)
81 (precision) 3.031e-15 2.836e-16 (from 8.227e-14)
82 (precision) 4.215e-16 2.836e-16 (from 8.227e-14)
83 (precision) 1.485e-15 2.836e-16 (from 8.227e-14)
84 (precision) 2.608e-15 2.836e-16 (from 8.227e-14)
85 (precision) 8.517e-15 2.836e-16 (from 8.227e-14)
86 (precision) 1.012e-14 2.836e-16 (from 8.227e-14)
87 (precision) 1.537e-13 2.836e-16 (from 8.227e-14)
88 (precision) 3.435e-14 2.836e-16 (from 8.227e-14)
89 (precision) 1.074e-14 2.836e-16 (from 8.227e-14)
90 (precision) 9.028e-15 2.836e-16 (from 8.227e-14)
91 (precision) 7.325e-15 2.836e-16 (from 8.227e-14)
92 (precision) 1.392e-12 2.836e-16 (from 8.227e-14)
93 (precision) 3.928e-13 2.836e-16 (from 8.227e-14)
94 (precision) 1.043e-13 2.836e-16 (from 8.227e-14)
95 (precision) 3.532e-14 2.836e-16 (from 8.227e-14)
96 (precision) 5.093e-15 2.836e-16 (from 8.227e-14)
97 (precision) 4.175e-15 2.836e-16 (from 8.227e-14)
98 (precision) 9.394e-16 2.836e-16 (from 8.227e-14)
99 (precision) 6.497e-15 2.836e-16 (from 8.227e-14)
100 (precision) 9.557e-15 2.836e-16 (from 8.227e-14)

x: -2.549e-01 -2.582e-01 -2.577e-01  3.233e-01  1.743e-01 -2.534e-01  3.158e-01  2.944e-01 -2.055e-01  3.247e-01  3.295e-01 -2.135e-02 -1.187e-01  1.244e-02 -1.995e-01  2.526e-01 -1.654e-01 -3.642e-02  3.541e-02 -3.857e-01  3.413e-01 -6.155e-01 -7.222e-02 -3.116e-02 -3.491e-01 -2.370e-01  5.723e-01 -1.201e-01  3.675e-01  1.949e-01 -5.695e-01  7.618e-03 -4.118e-01 -5.358e-02  9.062e-02  5.816e-01  3.972e-01 -5.158e-01 -3.450e-01 -2.141e-02  4.312e-01 -2.365e-01  6.400e-02  6.604e-01 -4.155e-01 -6.490e-01 -7.696e-02  1.470e-01  2.889e-01  3.732e-01  6.916e-02  2.663e-01  2.795e-01  3.705e-02  3.229e-01  3.102e-01  2.583e-02  4.465e-01  3.185e-01  3.139e-01  4.411e-01  7.385e-02 -1.165e-01  4.318e-01  4.220e-01 -1.481e-01  9.221e-02  4.376e-01  4.125e-01  1.727e-01  3.624e-01  2.620e-01  4.056e-01  1.883e-01  4.372e-01  9.415e-02  4.143e-01 -1.683e-01  4.352e-01 -1.029e-01 -2.004e-01 -3.998e-01  3.597e-01  2.657e-01  1.811e-01  4.089e-01  3.750e-01 -2.437e-01  4.313e-01  1.184e-01 -1.530e-01 -4.202e-01  2.135e-01 -3.929e-01  3.886e-01  2.213e-01  2.978e-14

grad:  4.124e-19  5.735e-19  5.264e-19 -3.564e-19 -1.021e-19 -1.680e-19  5.243e-20 -8.753e-20  1.116e-19  9.914e-20 -4.496e-20  8.632e-20 -8.264e-20 -2.113e-19  1.209e-19 -1.285e-19  1.130e-19 -5.336e-20 -1.897e-19  1.063e-19 -9.951e-20  4.864e-19  2.170e-19  4.846e-20  1.513e-20 -1.034e-19  8.198e-20 -8.551e-20 -8.662e-19 -5.982e-19  7.655e-19 -1.893e-19  7.340e-20 -3.255e-20 -1.341e-19  3.381e-21 -2.823e-20  1.661e-19  1.681e-20  7.589e-20 -7.396e-20 -8.591e-20 -2.034e-19 -1.653e-19  2.516e-19  3.703e-19 -2.624e-20  8.648e-20 -2.817e-19 -2.220e-19  2.930e-19 -4.792e-20 -5.334e-20  2.683e-20  3.693e-21  4.136e-20 -1.702e-20 -2.406e-19 -6.537e-20  6.140e-20 -1.320e-19 -2.356e-19 -2.128e-19 -4.686e-20  1.683e-19  1.716e-19  2.045e-20 -2.280e-19 -2.195e-20 -7.391e-21 -2.561e-20 -1.255e-19 -1.830e-19  2.618e-20  2.817e-20 -1.454e-20 -1.100e-19  5.030e-20  5.249e-20  6.712e-20  2.802e-20 -1.696e-19 -8.825e-21 -3.715e-20 -8.116e-20 -1.313e-19 -1.601e-19  1.339e-19 -1.454e-20 -5.745e-20 -8.616e-20 -1.704e-19 -7.488e-20  1.113e-19 -3.011e-19 -8.473e-20  9.557e-15

finished in 74 iterations (0.143 seconds total)
max viol = 5.97e-08

---------------------
Result:
---------------------

{(1,0), (0,0), (0,0), (0,0), (0,0)}, {(0,0), (1,0), (0,0), (0,0), (0,0)}, {}, {}, {}


{(0.447,0), (0.447,0), (0.447,0), (0.447,0), (0.447,0)}, {(0.447,0), (-0.255,0.367), (-0.258,0.195), (-0.258,-0.57), (0.323,0.00762)}, {}, {}, {}


{(0.447,0), (0.174,-0.412), (-0.253,-0.0536), (0.316,0.0906), (0.294,0.582)}, {(0.447,0), (-0.206,0.397), (0.325,-0.516), (0.329,-0.345), (-0.0213,-0.0214)}, {}, {}, {}


{(0.447,0), (-0.119,0.431), (0.0124,-0.237), (-0.2,0.064), (0.253,0.66)}, {}, {}, {}, {}


{(0.447,0), (-0.165,-0.416), (-0.0364,-0.649), (0.0354,-0.077), (-0.386,0.147)}, {}, {}, {}, {}


{(0.447,0), (0.341,0.289), (-0.616,0.373), (-0.0722,0.0692), (-0.0312,0.266)}, {}, {}, {}, {}


{(0.447,0), (-0.349,0.279), (-0.237,0.037), (0.572,0.323), (-0.12,0.31)}, {}, {}, {}, {}

---------------------
Abs of Gram matrix:
---------------------

 { { +1.0000, +0.0000, +0.0000, +0.0000, +0.0000, +0.4472, +0.4472, +0.0000, +0.0000, +0.0000, +0.4472, +0.4472, +0.0000, +0.0000, +0.0000, +0.4472, +0.0000, +0.0000, +0.0000, +0.0000, +0.4472, +0.0000, +0.0000, +0.0000, +0.0000, +0.4472, +0.0000, +0.0000, +0.0000, +0.0000, +0.4472, +0.0000, +0.0000, +0.0000, +0.0000}, 
   { +0.0000, +1.0000, +0.0000, +0.0000, +0.0000, +0.4472, +0.4472, +0.0000, +0.0000, +0.0000, +0.4472, +0.4472, +0.0000, +0.0000, +0.0000, +0.4472, +0.0000, +0.0000, +0.0000, +0.0000, +0.4472, +0.0000, +0.0000, +0.0000, +0.0000, +0.4472, +0.0000, +0.0000, +0.0000, +0.0000, +0.4472, +0.0000, +0.0000, +0.0000, +0.0000}, 
   { +0.0000, +0.0000, +0.0000, +0.0000, +0.0000, +0.0000, +0.0000, +0.0000, +0.0000, +0.0000, +0.0000, +0.0000, +0.0000, +0.0000, +0.0000, +0.0000, +0.0000, +0.0000, +0.0000, +0.0000, +0.0000, +0.0000, +0.0000, +0.0000, +0.0000, +0.0000, +0.0000, +0.0000, +0.0000, +0.0000, +0.0000, +0.0000, +0.0000, +0.0000, +0.0000}, 
   { +0.0000, +0.0000, +0.0000, +0.0000, +0.0000, +0.0000, +0.0000, +0.0000, +0.0000, +0.0000, +0.0000, +0.0000, +0.0000, +0.0000, +0.0000, +0.0000, +0.0000, +0.0000, +0.0000, +0.0000, +0.0000, +0.0000, +0.0000, +0.0000, +0.0000, +0.0000, +0.0000, +0.0000, +0.0000, +0.0000, +0.0000, +0.0000, +0.0000, +0.0000, +0.0000}, 
   { +0.0000, +0.0000, +0.0000, +0.0000, +0.0000, +0.0000, +0.0000, +0.0000, +0.0000, +0.0000, +0.0000, +0.0000, +0.0000, +0.0000, +0.0000, +0.0000, +0.0000, +0.0000, +0.0000, +0.0000, +0.0000, +0.0000, +0.0000, +0.0000, +0.0000, +0.0000, +0.0000, +0.0000, +0.0000, +0.0000, +0.0000, +0.0000, +0.0000, +0.0000, +0.0000}, 
   { +0.4472, +0.4472, +0.0000, +0.0000, +0.0000, +1.0000, +0.0002, +0.0000, +0.0000, +0.0000, +0.4472, +0.4472, +0.0000, +0.0000, +0.0000, +0.4472, +0.0000, +0.0000, +0.0000, +0.0000, +0.4472, +0.0000, +0.0000, +0.0000, +0.0000, +0.4472, +0.0000, +0.0000, +0.0000, +0.0000, +0.4472, +0.0000, +0.0000, +0.0000, +0.0000}, 
   { +0.4472, +0.4472, +0.0000, +0.0000, +0.0000, +0.0002, +1.0000, +0.0000, +0.0000, +0.0000, +0.4472, +0.4472, +0.0000, +0.0000, +0.0000, +0.4472, +0.0000, +0.0000, +0.0000, +0.0000, +0.4472, +0.0000, +0.0000, +0.0000, +0.0000, +0.4472, +0.0000, +0.0000, +0.0000, +0.0000, +0.4472, +0.0000, +0.0000, +0.0000, +0.0000}, 
   { +0.0000, +0.0000, +0.0000, +0.0000, +0.0000, +0.0000, +0.0000, +0.0000, +0.0000, +0.0000, +0.0000, +0.0000, +0.0000, +0.0000, +0.0000, +0.0000, +0.0000, +0.0000, +0.0000, +0.0000, +0.0000, +0.0000, +0.0000, +0.0000, +0.0000, +0.0000, +0.0000, +0.0000, +0.0000, +0.0000, +0.0000, +0.0000, +0.0000, +0.0000, +0.0000}, 
   { +0.0000, +0.0000, +0.0000, +0.0000, +0.0000, +0.0000, +0.0000, +0.0000, +0.0000, +0.0000, +0.0000, +0.0000, +0.0000, +0.0000, +0.0000, +0.0000, +0.0000, +0.0000, +0.0000, +0.0000, +0.0000, +0.0000, +0.0000, +0.0000, +0.0000, +0.0000, +0.0000, +0.0000, +0.0000, +0.0000, +0.0000, +0.0000, +0.0000, +0.0000, +0.0000}, 
   { +0.0000, +0.0000, +0.0000, +0.0000, +0.0000, +0.0000, +0.0000, +0.0000, +0.0000, +0.0000, +0.0000, +0.0000, +0.0000, +0.0000, +0.0000, +0.0000, +0.0000, +0.0000, +0.0000, +0.0000, +0.0000, +0.0000, +0.0000, +0.0000, +0.0000, +0.0000, +0.0000, +0.0000, +0.0000, +0.0000, +0.0000, +0.0000, +0.0000, +0.0000, +0.0000}, 
   { +0.4472, +0.4472, +0.0000, +0.0000, +0.0000, +0.4472, +0.4472, +0.0000, +0.0000, +0.0000, +1.0000, +0.0000, +0.0000, +0.0000, +0.0000, +0.4472, +0.0000, +0.0000, +0.0000, +0.0000, +0.4472, +0.0000, +0.0000, +0.0000, +0.0000, +0.4472, +0.0000, +0.0000, +0.0000, +0.0000, +0.4472, +0.0000, +0.0000, +0.0000, +0.0000}, 
   { +0.4472, +0.4472, +0.0000, +0.0000, +0.0000, +0.4472, +0.4472, +0.0000, +0.0000, +0.0000, +0.0000, +1.0000, +0.0000, +0.0000, +0.0000, +0.4472, +0.0000, +0.0000, +0.0000, +0.0000, +0.4472, +0.0000, +0.0000, +0.0000, +0.0000, +0.4472, +0.0000, +0.0000, +0.0000, +0.0000, +0.4472, +0.0000, +0.0000, +0.0000, +0.0000}, 
   { +0.0000, +0.0000, +0.0000, +0.0000, +0.0000, +0.0000, +0.0000, +0.0000, +0.0000, +0.0000, +0.0000, +0.0000, +0.0000, +0.0000, +0.0000, +0.0000, +0.0000, +0.0000, +0.0000, +0.0000, +0.0000, +0.0000, +0.0000, +0.0000, +0.0000, +0.0000, +0.0000, +0.0000, +0.0000, +0.0000, +0.0000, +0.0000, +0.0000, +0.0000, +0.0000}, 
   { +0.0000, +0.0000, +0.0000, +0.0000, +0.0000, +0.0000, +0.0000, +0.0000, +0.0000, +0.0000, +0.0000, +0.0000, +0.0000, +0.0000, +0.0000, +0.0000, +0.0000, +0.0000, +0.0000, +0.0000, +0.0000, +0.0000, +0.0000, +0.0000, +0.0000, +0.0000, +0.0000, +0.0000, +0.0000, +0.0000, +0.0000, +0.0000, +0.0000, +0.0000, +0.0000}, 
   { +0.0000, +0.0000, +0.0000, +0.0000, +0.0000, +0.0000, +0.0000, +0.0000, +0.0000, +0.0000, +0.0000, +0.0000, +0.0000, +0.0000, +0.0000, +0.0000, +0.0000, +0.0000, +0.0000, +0.0000, +0.0000, +0.0000, +0.0000, +0.0000, +0.0000, +0.0000, +0.0000, +0.0000, +0.0000, +0.0000, +0.0000, +0.0000, +0.0000, +0.0000, +0.0000}, 
   { +0.4472, +0.4472, +0.0000, +0.0000, +0.0000, +0.4472, +0.4472, +0.0000, +0.0000, +0.0000, +0.4472, +0.4472, +0.0000, +0.0000, +0.0000, +1.0000, +0.0000, +0.0000, +0.0000, +0.0000, +0.4472, +0.0000, +0.0000, +0.0000, +0.0000, +0.4472, +0.0000, +0.0000, +0.0000, +0.0000, +0.4472, +0.0000, +0.0000, +0.0000, +0.0000}, 
   { +0.0000, +0.0000, +0.0000, +0.0000, +0.0000, +0.0000, +0.0000, +0.0000, +0.0000, +0.0000, +0.0000, +0.0000, +0.0000, +0.0000, +0.0000, +0.0000, +0.0000, +0.0000, +0.0000, +0.0000, +0.0000, +0.0000, +0.0000, +0.0000, +0.0000, +0.0000, +0.0000, +0.0000, +0.0000, +0.0000, +0.0000, +0.0000, +0.0000, +0.0000, +0.0000}, 
   { +0.0000, +0.0000, +0.0000, +0.0000, +0.0000, +0.0000, +0.0000, +0.0000, +0.0000, +0.0000, +0.0000, +0.0000, +0.0000, +0.0000, +0.0000, +0.0000, +0.0000, +0.0000, +0.0000, +0.0000, +0.0000, +0.0000, +0.0000, +0.0000, +0.0000, +0.0000, +0.0000, +0.0000, +0.0000, +0.0000, +0.0000, +0.0000, +0.0000, +0.0000, +0.0000}, 
   { +0.0000, +0.0000, +0.0000, +0.0000, +0.0000, +0.0000, +0.0000, +0.0000, +0.0000, +0.0000, +0.0000, +0.0000, +0.0000, +0.0000, +0.0000, +0.0000, +0.0000, +0.0000, +0.0000, +0.0000, +0.0000, +0.0000, +0.0000, +0.0000, +0.0000, +0.0000, +0.0000, +0.0000, +0.0000, +0.0000, +0.0000, +0.0000, +0.0000, +0.0000, +0.0000}, 
   { +0.0000, +0.0000, +0.0000, +0.0000, +0.0000, +0.0000, +0.0000, +0.0000, +0.0000, +0.0000, +0.0000, +0.0000, +0.0000, +0.0000, +0.0000, +0.0000, +0.0000, +0.0000, +0.0000, +0.0000, +0.0000, +0.0000, +0.0000, +0.0000, +0.0000, +0.0000, +0.0000, +0.0000, +0.0000, +0.0000, +0.0000, +0.0000, +0.0000, +0.0000, +0.0000}, 
   { +0.4472, +0.4472, +0.0000, +0.0000, +0.0000, +0.4472, +0.4472, +0.0000, +0.0000, +0.0000, +0.4472, +0.4472, +0.0000, +0.0000, +0.0000, +0.4472, +0.0000, +0.0000, +0.0000, +0.0000, +1.0000, +0.0000, +0.0000, +0.0000, +0.0000, +0.4472, +0.0000, +0.0000, +0.0000, +0.0000, +0.4472, +0.0000, +0.0000, +0.0000, +0.0000}, 
   { +0.0000, +0.0000, +0.0000, +0.0000, +0.0000, +0.0000, +0.0000, +0.0000, +0.0000, +0.0000, +0.0000, +0.0000, +0.0000, +0.0000, +0.0000, +0.0000, +0.0000, +0.0000, +0.0000, +0.0000, +0.0000, +0.0000, +0.0000, +0.0000, +0.0000, +0.0000, +0.0000, +0.0000, +0.0000, +0.0000, +0.0000, +0.0000, +0.0000, +0.0000, +0.0000}, 
   { +0.0000, +0.0000, +0.0000, +0.0000, +0.0000, +0.0000, +0.0000, +0.0000, +0.0000, +0.0000, +0.0000, +0.0000, +0.0000, +0.0000, +0.0000, +0.0000, +0.0000, +0.0000, +0.0000, +0.0000, +0.0000, +0.0000, +0.0000, +0.0000, +0.0000, +0.0000, +0.0000, +0.0000, +0.0000, +0.0000, +0.0000, +0.0000, +0.0000, +0.0000, +0.0000}, 
   { +0.0000, +0.0000, +0.0000, +0.0000, +0.0000, +0.0000, +0.0000, +0.0000, +0.0000, +0.0000, +0.0000, +0.0000, +0.0000, +0.0000, +0.0000, +0.0000, +0.0000, +0.0000, +0.0000, +0.0000, +0.0000, +0.0000, +0.0000, +0.0000, +0.0000, +0.0000, +0.0000, +0.0000, +0.0000, +0.0000, +0.0000, +0.0000, +0.0000, +0.0000, +0.0000}, 
   { +0.0000, +0.0000, +0.0000, +0.0000, +0.0000, +0.0000, +0.0000, +0.0000, +0.0000, +0.0000, +0.0000, +0.0000, +0.0000, +0.0000, +0.0000, +0.0000, +0.0000, +0.0000, +0.0000, +0.0000, +0.0000, +0.0000, +0.0000, +0.0000, +0.0000, +0.0000, +0.0000, +0.0000, +0.0000, +0.0000, +0.0000, +0.0000, +0.0000, +0.0000, +0.0000}, 
   { +0.4472, +0.4472, +0.0000, +0.0000, +0.0000, +0.4472, +0.4472, +0.0000, +0.0000, +0.0000, +0.4472, +0.4472, +0.0000, +0.0000, +0.0000, +0.4472, +0.0000, +0.0000, +0.0000, +0.0000, +0.4472, +0.0000, +0.0000, +0.0000, +0.0000, +1.0000, +0.0000, +0.0000, +0.0000, +0.0000, +0.4472, +0.0000, +0.0000, +0.0000, +0.0000}, 
   { +0.0000, +0.0000, +0.0000, +0.0000, +0.0000, +0.0000, +0.0000, +0.0000, +0.0000, +0.0000, +0.0000, +0.0000, +0.0000, +0.0000, +0.0000, +0.0000, +0.0000, +0.0000, +0.0000, +0.0000, +0.0000, +0.0000, +0.0000, +0.0000, +0.0000, +0.0000, +0.0000, +0.0000, +0.0000, +0.0000, +0.0000, +0.0000, +0.0000, +0.0000, +0.0000}, 
   { +0.0000, +0.0000, +0.0000, +0.0000, +0.0000, +0.0000, +0.0000, +0.0000, +0.0000, +0.0000, +0.0000, +0.0000, +0.0000, +0.0000, +0.0000, +0.0000, +0.0000, +0.0000, +0.0000, +0.0000, +0.0000, +0.0000, +0.0000, +0.0000, +0.0000, +0.0000, +0.0000, +0.0000, +0.0000, +0.0000, +0.0000, +0.0000, +0.0000, +0.0000, +0.0000}, 
   { +0.0000, +0.0000, +0.0000, +0.0000, +0.0000, +0.0000, +0.0000, +0.0000, +0.0000, +0.0000, +0.0000, +0.0000, +0.0000, +0.0000, +0.0000, +0.0000, +0.0000, +0.0000, +0.0000, +0.0000, +0.0000, +0.0000, +0.0000, +0.0000, +0.0000, +0.0000, +0.0000, +0.0000, +0.0000, +0.0000, +0.0000, +0.0000, +0.0000, +0.0000, +0.0000}, 
   { +0.0000, +0.0000, +0.0000, +0.0000, +0.0000, +0.0000, +0.0000, +0.0000, +0.0000, +0.0000, +0.0000, +0.0000, +0.0000, +0.0000, +0.0000, +0.0000, +0.0000, +0.0000, +0.0000, +0.0000, +0.0000, +0.0000, +0.0000, +0.0000, +0.0000, +0.0000, +0.0000, +0.0000, +0.0000, +0.0000, +0.0000, +0.0000, +0.0000, +0.0000, +0.0000}, 
   { +0.4472, +0.4472, +0.0000, +0.0000, +0.0000, +0.4472, +0.4472, +0.0000, +0.0000, +0.0000, +0.4472, +0.4472, +0.0000, +0.0000, +0.0000, +0.4472, +0.0000, +0.0000, +0.0000, +0.0000, +0.4472, +0.0000, +0.0000, +0.0000, +0.0000, +0.4472, +0.0000, +0.0000, +0.0000, +0.0000, +1.0000, +0.0000, +0.0000, +0.0000, +0.0000}, 
   { +0.0000, +0.0000, +0.0000, +0.0000, +0.0000, +0.0000, +0.0000, +0.0000, +0.0000, +0.0000, +0.0000, +0.0000, +0.0000, +0.0000, +0.0000, +0.0000, +0.0000, +0.0000, +0.0000, +0.0000, +0.0000, +0.0000, +0.0000, +0.0000, +0.0000, +0.0000, +0.0000, +0.0000, +0.0000, +0.0000, +0.0000, +0.0000, +0.0000, +0.0000, +0.0000}, 
   { +0.0000, +0.0000, +0.0000, +0.0000, +0.0000, +0.0000, +0.0000, +0.0000, +0.0000, +0.0000, +0.0000, +0.0000, +0.0000, +0.0000, +0.0000, +0.0000, +0.0000, +0.0000, +0.0000, +0.0000, +0.0000, +0.0000, +0.0000, +0.0000, +0.0000, +0.0000, +0.0000, +0.0000, +0.0000, +0.0000, +0.0000, +0.0000, +0.0000, +0.0000, +0.0000}, 
   { +0.0000, +0.0000, +0.0000, +0.0000, +0.0000, +0.0000, +0.0000, +0.0000, +0.0000, +0.0000, +0.0000, +0.0000, +0.0000, +0.0000, +0.0000, +0.0000, +0.0000, +0.0000, +0.0000, +0.0000, +0.0000, +0.0000, +0.0000, +0.0000, +0.0000, +0.0000, +0.0000, +0.0000, +0.0000, +0.0000, +0.0000, +0.0000, +0.0000, +0.0000, +0.0000}, 
   { +0.0000, +0.0000, +0.0000, +0.0000, +0.0000, +0.0000, +0.0000, +0.0000, +0.0000, +0.0000, +0.0000, +0.0000, +0.0000, +0.0000, +0.0000, +0.0000, +0.0000, +0.0000, +0.0000, +0.0000, +0.0000, +0.0000, +0.0000, +0.0000, +0.0000, +0.0000, +0.0000, +0.0000, +0.0000, +0.0000, +0.0000, +0.0000, +0.0000, +0.0000, +0.0000} } 
