---------------------
Basis Indices:
---------------------

{1, 0, 0, 0, 0}, {1, 0, 0, 0, 0}, {}, {}, {}


{0.447, 0.447, 0.447, 0.447, 0.447}, {0.447, x_31+i*x_206, x_32+i*x_207, x_33+i*x_208, x_34+i*x_209}, {}, {}, {}


{0.447, x_51+i*x_226, x_52+i*x_227, x_53+i*x_228, x_54+i*x_229}, {0.447, x_56+i*x_231, x_57+i*x_232, x_58+i*x_233, x_59+i*x_234}, {}, {}, {}


{0.447, x_76+i*x_251, x_77+i*x_252, x_78+i*x_253, x_79+i*x_254}, {0.447, x_81+i*x_256, x_82+i*x_257, x_83+i*x_258, x_84+i*x_259}, {}, {}, {}


{0.447, x_101+i*x_276, x_102+i*x_277, x_103+i*x_278, x_104+i*x_279}, {}, {}, {}, {}


{0.447, x_126+i*x_301, x_127+i*x_302, x_128+i*x_303, x_129+i*x_304}, {}, {}, {}, {}


{0.447, x_151+i*x_326, x_152+i*x_327, x_153+i*x_328, x_154+i*x_329}, {}, {}, {}, {}

---------------------
Problem: 
---------------------
Find a point satisfying:

-0.2*{} + 1*{ 351 351} + 1*{ 350 350} = 0 

1*{ 208 228} + 1*{  33  53} + 1*{ 207 227} + 1*{  32  52} + 1*{ 209 229} + 1*{  34  54} + 1*{  31  51} + 1*{ 206 226} + 0.2*{} + -1*{ 350} = 0 

-1*{  53 208} + 1*{  31 226} + -1*{  52 207} + 1*{  33 228} + 1*{  32 227} + -1*{  51 206} + 1*{  34 229} + -1*{  54 209} + -1*{ 351} = 0 

-0.2*{} + 1*{ 353 353} + 1*{ 352 352} = 0 

1*{  34  59} + 1*{  33  58} + 1*{  32  57} + 1*{ 206 231} + 1*{ 209 234} + 1*{ 207 232} + 0.2*{} + 1*{ 208 233} + 1*{  31  56} + -1*{ 352} = 0 

-1*{  58 208} + -1*{  57 207} + 1*{  32 232} + -1*{  56 206} + 1*{  31 231} + 1*{  33 233} + -1*{  59 209} + 1*{  34 234} + -1*{ 353} = 0 

-0.2*{} + 1*{ 355 355} + 1*{ 354 354} = 0 

1*{ 207 252} + -1*{ 354} + 1*{ 208 253} + 1*{  32  77} + 1*{  33  78} + 1*{ 206 251} + 0.2*{} + 1*{  31  76} + 1*{  34  79} + 1*{ 209 254} = 0 

1*{  33 253} + -1*{  77 207} + 1*{  32 252} + -1*{ 355} + 1*{  31 251} + -1*{  78 208} + 1*{  34 254} + -1*{  76 206} + -1*{  79 209} = 0 

-0.2*{} + 1*{ 357 357} + 1*{ 356 356} = 0 

1*{ 208 258} + 1*{  33  83} + 1*{ 207 257} + 1*{  31  81} + 1*{  32  82} + 1*{ 206 256} + 0.2*{} + 1*{  34  84} + 1*{ 209 259} + -1*{ 356} = 0 

-1*{  84 209} + -1*{  82 207} + 1*{  33 258} + -1*{  83 208} + 1*{  32 257} + -1*{  81 206} + -1*{ 357} + 1*{  31 256} + 1*{  34 259} = 0 

-0.2*{} + 1*{ 359 359} + 1*{ 358 358} = 0 

1*{ 208 278} + 1*{  33 103} + 0.2*{} + 1*{  32 102} + 1*{ 207 277} + 1*{ 206 276} + 1*{  31 101} + 1*{  34 104} + 1*{ 209 279} + -1*{ 358} = 0 

1*{  33 278} + 1*{  32 277} + -1*{ 101 206} + -1*{ 102 207} + -1*{ 103 208} + 1*{  34 279} + -1*{ 359} + 1*{  31 276} + -1*{ 104 209} = 0 

-0.2*{} + 1*{ 361 361} + 1*{ 360 360} = 0 

1*{ 208 303} + 1*{  33 128} + 1*{  32 127} + 1*{ 206 301} + 1*{ 207 302} + 1*{ 209 304} + -1*{ 360} + 1*{  31 126} + 0.2*{} + 1*{  34 129} = 0 

-1*{ 127 207} + 1*{  33 303} + 1*{  32 302} + -1*{ 126 206} + -1*{ 129 209} + 1*{  31 301} + -1*{ 128 208} + 1*{  34 304} + -1*{ 361} = 0 

-0.2*{} + 1*{ 363 363} + 1*{ 362 362} = 0 

1*{ 208 328} + 1*{  33 153} + 1*{ 206 326} + -1*{ 362} + 0.2*{} + 1*{  32 152} + 1*{ 209 329} + 1*{ 207 327} + 1*{  31 151} + 1*{  34 154} = 0 

-1*{ 152 207} + 1*{  32 327} + -1*{ 153 208} + 1*{  31 326} + 1*{  34 329} + 1*{  33 328} + -1*{ 154 209} + -1*{ 151 206} + -1*{ 363} = 0 

-0.2*{} + 1*{ 206 206} + 1*{  31  31} = 0 

-0.8*{} + 1*{  33  33} + 1*{ 208 208} + 1*{  31  31} + 1*{ 206 206} + 1*{  32  32} + 1*{ 207 207} + 1*{  34  34} + 1*{ 209 209} = 0 

0.4*{  32  33} + 0.2*{ 206 206} + 0.4*{ 206 209} + 0.2*{  31  31} + 0.4*{  31  32} + 0.2*{  32  32} + 0.178885*{  34} + 0.4*{  31  34} + 0.178885*{  33} + 0.178885*{  32} + 0.2*{  33  33} + 0.4*{  33  34} + 0.04*{} + 0.4*{ 207 208} + 0.4*{ 207 209} + 0.2*{ 208 208} + 0.4*{  31  33} + 0.2*{ 207 207} + 0.4*{ 208 209} + 0.4*{ 206 207} + 0.2*{ 209 209} + 0.2*{  34  34} + 0.178885*{  31} + 0.4*{ 206 208} + 0.4*{  32  34} = 0 

1*{  52  57} + 1*{ 228 233} + 1*{  53  58} + 1*{  54  59} + 1*{ 226 231} + 1*{  51  56} + 1*{ 227 232} + 0.2*{} + 1*{ 229 234} = 0 

-1*{  57 227} + 1*{  53 233} + -1*{  59 229} + -1*{  56 226} + 1*{  51 231} + -1*{  58 228} + 1*{  52 232} + 1*{  54 234} = 0 

-0.2*{} + 1*{ 365 365} + 1*{ 364 364} = 0 

1*{ 228 253} + 1*{  53  78} + 0.2*{} + 1*{ 227 252} + 1*{  51  76} + 1*{  52  77} + 1*{  54  79} + 1*{ 229 254} + 1*{ 226 251} + -1*{ 364} = 0 

-1*{  78 228} + 1*{  53 253} + -1*{  79 229} + -1*{  77 227} + 1*{  52 252} + 1*{  51 251} + 1*{  54 254} + -1*{  76 226} + -1*{ 365} = 0 

-0.2*{} + 1*{ 367 367} + 1*{ 366 366} = 0 

1*{ 228 258} + 1*{  53  83} + 1*{ 227 257} + 1*{  52  82} + 1*{ 226 256} + 1*{ 229 259} + 1*{  51  81} + 0.2*{} + 1*{  54  84} + -1*{ 366} = 0 

1*{  51 256} + 1*{  54 259} + 1*{  53 258} + -1*{  82 227} + 1*{  52 257} + -1*{ 367} + -1*{  81 226} + -1*{  83 228} + -1*{  84 229} = 0 

-0.2*{} + 1*{ 369 369} + 1*{ 368 368} = 0 

1*{ 227 277} + 1*{  52 102} + 1*{ 229 279} + 1*{  53 103} + 1*{  51 101} + 1*{  54 104} + 0.2*{} + 1*{ 228 278} + 1*{ 226 276} + -1*{ 368} = 0 

-1*{ 103 228} + 1*{  53 278} + -1*{ 102 227} + -1*{ 101 226} + 1*{  51 276} + 1*{  52 277} + 1*{  54 279} + -1*{ 104 229} + -1*{ 369} = 0 

-0.2*{} + 1*{ 371 371} + 1*{ 370 370} = 0 

1*{ 228 303} + 1*{  53 128} + 1*{  54 129} + 1*{  52 127} + 1*{ 226 301} + 1*{  51 126} + 0.2*{} + 1*{ 229 304} + 1*{ 227 302} + -1*{ 370} = 0 

-1*{ 128 228} + -1*{ 127 227} + 1*{  52 302} + 1*{  51 301} + 1*{  54 304} + 1*{  53 303} + -1*{ 126 226} + -1*{ 129 229} + -1*{ 371} = 0 

-0.2*{} + 1*{ 373 373} + 1*{ 372 372} = 0 

1*{  52 152} + 0.2*{} + 1*{ 226 326} + 1*{  53 153} + 1*{ 228 328} + 1*{  51 151} + 1*{ 227 327} + 1*{  54 154} + 1*{ 229 329} + -1*{ 372} = 0 

1*{  51 326} + 1*{  53 328} + -1*{ 152 227} + 1*{  52 327} + 1*{  54 329} + -1*{ 154 229} + -1*{ 153 228} + -1*{ 151 226} + -1*{ 373} = 0 

-0.2*{} + 1*{ 226 226} + 1*{  51  51} = 0 

-0.8*{} + 1*{  53  53} + 1*{  51  51} + 1*{ 226 226} + 1*{  52  52} + 1*{  54  54} + 1*{ 227 227} + 1*{ 229 229} + 1*{ 228 228} = 0 

0.4*{ 226 227} + 0.4*{ 227 228} + 0.4*{  51  53} + 0.4*{  51  52} + 0.2*{ 228 228} + 0.178885*{  53} + 0.2*{ 226 226} + -0.16*{} + 0.2*{  54  54} + 0.4*{ 228 229} + 0.178885*{  54} + 0.2*{  53  53} + 0.4*{ 226 228} + 0.4*{  52  53} + 0.4*{  53  54} + 0.2*{  52  52} + 0.4*{ 227 229} + 0.178885*{  51} + 0.2*{  51  51} + 0.4*{  51  54} + 0.2*{ 229 229} + 0.178885*{  52} + 0.2*{ 227 227} + 0.4*{  52  54} + 0.4*{ 226 229} = 0 

-0.2*{} + 1*{ 375 375} + 1*{ 374 374} = 0 

1*{  57  77} + 1*{ 231 251} + 1*{ 233 253} + 1*{  56  76} + 0.2*{} + 1*{  58  78} + 1*{ 234 254} + 1*{ 232 252} + 1*{  59  79} + -1*{ 374} = 0 

-1*{  78 233} + -1*{  77 232} + 1*{  57 252} + -1*{ 375} + 1*{  56 251} + 1*{  58 253} + 1*{  59 254} + -1*{  76 231} + -1*{  79 234} = 0 

1*{ 377 377} + -0.2*{} + 1*{ 376 376} = 0 

1*{ 233 258} + 1*{  57  82} + 1*{ 232 257} + 0.2*{} + 1*{ 231 256} + 1*{  59  84} + 1*{  58  83} + 1*{  56  81} + 1*{ 234 259} + -1*{ 376} = 0 

-1*{  83 233} + -1*{  81 231} + -1*{  82 232} + 1*{  57 257} + 1*{  58 258} + 1*{  56 256} + 1*{  59 259} + -1*{  84 234} + -1*{ 377} = 0 

-0.2*{} + 1*{ 379 379} + 1*{ 378 378} = 0 

1*{ 233 278} + 1*{  57 102} + 1*{ 231 276} + 1*{ 234 279} + 1*{  59 104} + 1*{ 232 277} + 1*{  56 101} + 0.2*{} + 1*{  58 103} + -1*{ 378} = 0 

-1*{ 103 233} + 1*{  56 276} + 1*{  58 278} + 1*{  57 277} + -1*{ 101 231} + 1*{  59 279} + -1*{ 102 232} + -1*{ 104 234} + -1*{ 379} = 0 

-0.2*{} + 1*{ 381 381} + 1*{ 380 380} = 0 

-1*{ 380} + 1*{ 233 303} + 1*{  59 129} + 1*{  58 128} + 1*{ 232 302} + 1*{ 234 304} + 1*{ 231 301} + 1*{  56 126} + 1*{  57 127} + 0.2*{} = 0 

-1*{ 128 233} + 1*{  58 303} + -1*{ 126 231} + 1*{  57 302} + 1*{  56 301} + 1*{  59 304} + -1*{ 129 234} + -1*{ 127 232} + -1*{ 381} = 0 

-0.2*{} + 1*{ 383 383} + 1*{ 382 382} = 0 

1*{ 233 328} + 1*{  58 153} + 1*{ 232 327} + 1*{ 234 329} + 1*{  57 152} + 1*{  59 154} + 1*{ 231 326} + -1*{ 382} + 1*{  56 151} + 0.2*{} = 0 

-1*{ 152 232} + 1*{  57 327} + -1*{ 151 231} + 1*{  56 326} + 1*{  59 329} + -1*{ 153 233} + 1*{  58 328} + -1*{ 154 234} + -1*{ 383} = 0 

-0.2*{} + 1*{ 231 231} + 1*{  56  56} = 0 

-0.8*{} + 1*{  58  58} + 1*{  56  56} + 1*{ 234 234} + 1*{ 231 231} + 1*{  57  57} + 1*{ 232 232} + 1*{ 233 233} + 1*{  59  59} = 0 

0.4*{ 233 234} + 0.2*{  57  57} + 0.4*{  58  59} + 0.2*{  59  59} + 0.2*{ 232 232} + 0.4*{  56  58} + 0.2*{ 233 233} + 0.178885*{  56} + 0.178885*{  59} + 0.178885*{  57} + 0.2*{ 231 231} + 0.4*{ 231 233} + 0.2*{ 234 234} + 0.4*{  57  58} + 0.4*{ 231 232} + 0.2*{  58  58} + 0.4*{ 232 234} + 0.178885*{  58} + 0.2*{  56  56} + 0.4*{ 232 233} + -0.16*{} + 0.4*{  56  59} + 0.4*{  57  59} + 0.4*{  56  57} + 0.4*{ 231 234} = 0 

1*{ 253 258} + 1*{  77  82} + 1*{  78  83} + 1*{ 252 257} + 1*{ 251 256} + 1*{  76  81} + 0.2*{} + 1*{  79  84} + 1*{ 254 259} = 0 

-1*{  82 252} + 1*{  77 257} + 1*{  78 258} + 1*{  79 259} + -1*{  81 251} + -1*{  83 253} + 1*{  76 256} + -1*{  84 254} = 0 

-0.2*{} + 1*{ 385 385} + 1*{ 384 384} = 0 

1*{ 253 278} + 1*{  77 102} + 1*{ 251 276} + 1*{  78 103} + 1*{  79 104} + 1*{  76 101} + 1*{ 252 277} + 1*{ 254 279} + 0.2*{} + -1*{ 384} = 0 

-1*{ 103 253} + 1*{  76 276} + -1*{ 102 252} + 1*{  79 279} + 1*{  78 278} + 1*{  77 277} + -1*{ 385} + -1*{ 104 254} + -1*{ 101 251} = 0 

-0.2*{} + 1*{ 387 387} + 1*{ 386 386} = 0 

1*{  78 128} + 1*{  77 127} + 1*{ 253 303} + 1*{ 252 302} + 1*{  76 126} + 1*{ 251 301} + 1*{  79 129} + 0.2*{} + 1*{ 254 304} + -1*{ 386} = 0 

1*{  78 303} + -1*{ 128 253} + -1*{ 127 252} + -1*{ 126 251} + 1*{  77 302} + 1*{  76 301} + 1*{  79 304} + -1*{ 387} + -1*{ 129 254} = 0 

-0.2*{} + 1*{ 389 389} + 1*{ 388 388} = 0 

1*{ 252 327} + 1*{ 251 326} + 1*{  76 151} + 1*{  77 152} + 0.2*{} + 1*{  78 153} + 1*{  79 154} + 1*{ 253 328} + -1*{ 388} + 1*{ 254 329} = 0 

-1*{ 151 251} + -1*{ 153 253} + 1*{  78 328} + 1*{  77 327} + -1*{ 154 254} + -1*{ 152 252} + 1*{  79 329} + 1*{  76 326} + -1*{ 389} = 0 

-0.2*{} + 1*{ 251 251} + 1*{  76  76} = 0 

-0.8*{} + 1*{  76  76} + 1*{  78  78} + 1*{ 251 251} + 1*{  79  79} + 1*{  77  77} + 1*{ 252 252} + 1*{ 253 253} + 1*{ 254 254} = 0 

0.4*{  77  79} + 0.2*{  76  76} + 0.4*{  76  77} + 0.4*{  76  79} + 0.178885*{  77} + 0.2*{ 252 252} + 0.178885*{  76} + 0.2*{ 251 251} + 0.178885*{  79} + 0.2*{ 254 254} + 0.4*{ 252 253} + 0.2*{  78  78} + -0.16*{} + 0.4*{  77  78} + 0.4*{ 252 254} + 0.4*{  78  79} + 0.2*{  79  79} + 0.2*{ 253 253} + 0.2*{  77  77} + 0.178885*{  78} + 0.4*{  76  78} + 0.4*{ 251 252} + 0.4*{ 251 253} + 0.4*{ 251 254} + 0.4*{ 253 254} = 0 

-0.2*{} + 1*{ 391 391} + 1*{ 390 390} = 0 

1*{ 258 278} + 1*{ 257 277} + 1*{ 259 279} + 1*{  82 102} + 1*{ 256 276} + -1*{ 390} + 1*{  81 101} + 0.2*{} + 1*{  83 103} + 1*{  84 104} = 0 

-1*{ 103 258} + -1*{ 102 257} + 1*{  82 277} + 1*{  83 278} + 1*{  81 276} + -1*{ 101 256} + 1*{  84 279} + -1*{ 104 259} + -1*{ 391} = 0 

-0.2*{} + 1*{ 393 393} + 1*{ 392 392} = 0 

1*{  83 128} + 1*{  82 127} + 1*{ 257 302} + -1*{ 392} + 1*{ 258 303} + 1*{  81 126} + 0.2*{} + 1*{ 256 301} + 1*{  84 129} + 1*{ 259 304} = 0 

-1*{ 128 258} + -1*{ 127 257} + -1*{ 126 256} + 1*{  83 303} + 1*{  84 304} + 1*{  82 302} + 1*{  81 301} + -1*{ 129 259} + -1*{ 393} = 0 

-0.2*{} + 1*{ 395 395} + 1*{ 394 394} = 0 

1*{  83 153} + 1*{  82 152} + 1*{ 257 327} + 1*{ 256 326} + 1*{  81 151} + 0.2*{} + 1*{ 259 329} + 1*{  84 154} + 1*{ 258 328} + -1*{ 394} = 0 

-1*{ 153 258} + -1*{ 152 257} + -1*{ 395} + 1*{  83 328} + -1*{ 151 256} + -1*{ 154 259} + 1*{  81 326} + 1*{  82 327} + 1*{  84 329} = 0 

-0.2*{} + 1*{ 256 256} + 1*{  81  81} = 0 

-0.8*{} + 1*{  83  83} + 1*{  81  81} + 1*{ 256 256} + 1*{  82  82} + 1*{ 257 257} + 1*{ 258 258} + 1*{  84  84} + 1*{ 259 259} = 0 

0.4*{  82  84} + 0.4*{ 256 257} + 0.4*{ 256 259} + 0.4*{  81  84} + 0.2*{  81  81} + 0.2*{  82  82} + 0.4*{ 257 258} + 0.2*{  84  84} + 0.178885*{  81} + 0.4*{  82  83} + 0.2*{ 258 258} + 0.4*{ 257 259} + 0.2*{ 257 257} + 0.4*{  83  84} + 0.4*{  81  83} + 0.4*{ 256 258} + 0.2*{  83  83} + -0.16*{} + 0.2*{ 259 259} + 0.178885*{  82} + 0.178885*{  83} + 0.4*{  81  82} + 0.4*{ 258 259} + 0.2*{ 256 256} + 0.178885*{  84} = 0 

-0.2*{} + 1*{ 397 397} + 1*{ 396 396} = 0 

1*{ 103 128} + 1*{ 277 302} + 1*{ 278 303} + 1*{ 102 127} + 1*{ 276 301} + 1*{ 104 129} + 1*{ 279 304} + 1*{ 101 126} + 0.2*{} + -1*{ 396} = 0 

-1*{ 128 278} + -1*{ 127 277} + 1*{ 102 302} + -1*{ 129 279} + 1*{ 103 303} + -1*{ 126 276} + 1*{ 104 304} + 1*{ 101 301} + -1*{ 397} = 0 

-0.2*{} + 1*{ 399 399} + 1*{ 398 398} = 0 

1*{ 278 328} + 1*{ 276 326} + 1*{ 277 327} + 1*{ 104 154} + -1*{ 398} + 1*{ 101 151} + 1*{ 103 153} + 0.2*{} + 1*{ 102 152} + 1*{ 279 329} = 0 

-1*{ 153 278} + -1*{ 152 277} + 1*{ 103 328} + 1*{ 102 327} + 1*{ 101 326} + -1*{ 151 276} + -1*{ 154 279} + 1*{ 104 329} + -1*{ 399} = 0 

-0.2*{} + 1*{ 276 276} + 1*{ 101 101} = 0 

-0.8*{} + 1*{ 101 101} + 1*{ 276 276} + 1*{ 102 102} + 1*{ 277 277} + 1*{ 279 279} + 1*{ 103 103} + 1*{ 104 104} + 1*{ 278 278} = 0 

0.4*{ 276 278} + 0.4*{ 103 104} + 0.4*{ 102 103} + 0.2*{ 102 102} + 0.178885*{ 101} + 0.2*{ 101 101} + 0.2*{ 103 103} + 0.2*{ 279 279} + 0.4*{ 276 279} + 0.2*{ 277 277} + 0.4*{ 277 278} + 0.2*{ 104 104} + 0.178885*{ 103} + 0.178885*{ 104} + 0.4*{ 276 277} + 0.4*{ 101 102} + 0.4*{ 277 279} + 0.2*{ 278 278} + 0.4*{ 278 279} + 0.4*{ 101 104} + 0.178885*{ 102} + 0.4*{ 102 104} + 0.2*{ 276 276} + -0.16*{} + 0.4*{ 101 103} = 0 

-0.2*{} + 1*{ 401 401} + 1*{ 400 400} = 0 

1*{ 303 328} + 1*{ 128 153} + 1*{ 127 152} + 1*{ 301 326} + 1*{ 126 151} + 1*{ 129 154} + 0.2*{} + 1*{ 304 329} + 1*{ 302 327} + -1*{ 400} = 0 

-1*{ 153 303} + -1*{ 152 302} + 1*{ 127 327} + -1*{ 151 301} + -1*{ 154 304} + 1*{ 128 328} + 1*{ 129 329} + 1*{ 126 326} + -1*{ 401} = 0 

-0.2*{} + 1*{ 301 301} + 1*{ 126 126} = 0 

-0.8*{} + 1*{ 303 303} + 1*{ 126 126} + 1*{ 301 301} + 1*{ 302 302} + 1*{ 127 127} + 1*{ 128 128} + 1*{ 129 129} + 1*{ 304 304} = 0 

0.2*{ 126 126} + 0.2*{ 129 129} + 0.4*{ 126 129} + 0.4*{ 127 129} + 0.4*{ 301 304} + 0.178885*{ 128} + 0.4*{ 127 128} + 0.4*{ 302 304} + 0.2*{ 127 127} + 0.178885*{ 127} + 0.2*{ 303 303} + 0.4*{ 128 129} + 0.178885*{ 129} + 0.2*{ 304 304} + 0.2*{ 301 301} + 0.2*{ 302 302} + 0.178885*{ 126} + 0.2*{ 128 128} + -0.16*{} + 0.4*{ 126 128} + 0.4*{ 301 303} + 0.4*{ 303 304} + 0.4*{ 302 303} + 0.4*{ 126 127} + 0.4*{ 301 302} = 0 

-0.2*{} + 1*{ 326 326} + 1*{ 151 151} = 0 

-0.8*{} + 1*{ 151 151} + 1*{ 326 326} + 1*{ 152 152} + 1*{ 327 327} + 1*{ 153 153} + 1*{ 328 328} + 1*{ 329 329} + 1*{ 154 154} = 0 

0.4*{ 326 327} + 0.4*{ 151 152} + 0.2*{ 329 329} + 0.4*{ 151 153} + 0.4*{ 326 329} + 0.178885*{ 151} + 0.4*{ 152 153} + -0.16*{} + 0.4*{ 153 154} + 0.2*{ 151 151} + 0.2*{ 154 154} + 0.4*{ 326 328} + 0.178885*{ 154} + 0.2*{ 328 328} + 0.4*{ 151 154} + 0.4*{ 327 329} + 0.2*{ 326 326} + 0.4*{ 328 329} + 0.2*{ 152 152} + 0.2*{ 327 327} + 0.4*{ 152 154} + 0.4*{ 327 328} + 0.178885*{ 153} + 0.2*{ 153 153} + 0.178885*{ 152} = 0 

---------------------
Summary:
---------------------
set sizes: {2, 2, 2, 2, 1, 1, 1}, vars: 116, vectors: 11, equations: 106, indep eqn: 106

---------------------
Optimization:
---------------------
1 7.520e+00 7.520e+00
2 2.784e+02 7.520e+00
3 3.000e+02 7.520e+00
4 1.070e+02 7.520e+00
5 3.796e+01 7.520e+00
6 1.343e+01 7.520e+00
7 4.718e+00 4.718e+00
8 1.661e+00 1.661e+00
9 5.945e-01 5.945e-01
10 2.209e-01 2.209e-01
11 8.107e-01 2.209e-01
12 2.671e-01 2.209e-01
13 8.952e-02 8.952e-02
14 3.146e-02 3.146e-02
15 1.219e-02 1.219e-02
16 5.760e-03 5.760e-03
17 3.011e-03 3.011e-03
18 4.484e-02 3.011e-03
19 1.443e-02 3.011e-03
20 4.793e-03 3.011e-03
21 1.760e-03 1.760e-03
22 8.742e-04 8.742e-04
23 5.458e-04 5.458e-04
24 5.575e-04 5.458e-04
25 1.397e+00 5.458e-04
26 4.664e-01 5.458e-04
27 1.536e-01 5.458e-04
28 4.986e-02 5.458e-04
29 1.601e-02 5.458e-04
30 5.119e-03 5.458e-04
31 1.650e-03 5.458e-04
32 5.473e-04 5.458e-04
33 1.925e-04 1.925e-04
34 7.304e-05 7.304e-05
35 2.961e-05 2.961e-05
36 1.252e-05 1.252e-05
37 5.747e-06 5.747e-06
38 2.937e-06 2.937e-06
39 2.106e-06 2.106e-06
40 1.268e-06 1.268e-06
41 8.613e-03 1.268e-06
42 2.665e-03 1.268e-06
43 8.231e-04 1.268e-06
44 2.539e-04 1.268e-06
45 7.832e-05 1.268e-06
46 2.429e-05 1.268e-06
47 7.709e-06 1.268e-06
48 2.629e-06 1.268e-06
49 1.098e-06 1.098e-06
50 8.520e-07 8.520e-07
51 5.905e-07 5.905e-07
52 4.668e-05 5.905e-07
53 1.418e-05 5.905e-07
54 4.333e-06 5.905e-07
55 1.351e-06 5.905e-07
56 4.491e-07 4.491e-07
57 1.844e-07 1.844e-07
58 1.701e-07 1.701e-07
59 9.249e-08 9.249e-08
60 2.202e-06 9.249e-08
61 6.737e-07 9.249e-08
62 2.112e-07 9.249e-08
63 7.201e-08 7.201e-08
64 3.284e-08 3.284e-08
65 2.346e-07 3.284e-08
66 7.406e-08 3.284e-08
67 2.589e-08 2.589e-08
68 1.310e-08 1.310e-08
69 4.335e-05 1.310e-08
70 1.314e-05 1.310e-08
71 3.980e-06 1.310e-08
72 1.207e-06 1.310e-08
73 3.673e-07 1.310e-08
74 1.130e-07 1.310e-08
75 3.653e-08 1.310e-08
76 1.424e-08 1.310e-08
77 1.085e-08 1.085e-08
78 1.377e-07 1.085e-08
79 4.573e-08 1.085e-08
80 1.892e-08 1.085e-08
81 1.531e-06 1.085e-08
82 4.659e-07 1.085e-08
83 1.435e-07 1.085e-08
84 4.599e-08 1.085e-08
85 9.548e-08 1.085e-08
86 3.463e-08 1.085e-08
87 1.310e-08 1.085e-08
88 1.006e-08 1.006e-08
89 4.822e-08 1.006e-08
90 2.076e-08 1.006e-08
91 1.007e-08 1.006e-08
92 3.087e-07 1.006e-08
93 9.658e-08 1.006e-08
94 3.932e-08 1.006e-08
95 1.991e-08 1.006e-08
96 2.217e-08 1.006e-08
97 7.768e-06 1.006e-08
98 2.379e-06 1.006e-08
99 7.437e-07 1.006e-08
100 2.456e-07 1.006e-08
101 9.191e-08 1.006e-08
102 3.943e-08 1.006e-08
103 1.711e-08 1.006e-08
104 7.591e-09 7.591e-09
105 4.092e-09 4.092e-09
106 2.275e-09 2.275e-09
107 5.711e-09 2.275e-09
108 1.982e-09 1.982e-09
109 9.956e-10 9.956e-10
110 7.429e-09 9.956e-10
111 2.348e-09 9.956e-10
112 8.242e-10 8.242e-10
113 4.333e-10 4.333e-10
114 7.517e-09 4.333e-10
115 2.310e-09 4.333e-10
116 7.365e-10 4.333e-10
117 2.671e-10 2.671e-10
118 1.629e-10 1.629e-10
119 4.952e-09 1.629e-10
120 1.511e-09 1.629e-10
121 4.702e-10 1.629e-10
122 1.566e-10 1.566e-10
123 6.744e-11 6.744e-11
124 1.035e-10 6.744e-11
125 5.309e-10 6.744e-11
126 1.738e-10 6.744e-11
127 6.912e-11 6.744e-11
128 6.415e-11 6.415e-11
129 2.214e-10 6.415e-11
130 7.521e-11 6.415e-11
131 3.465e-11 3.465e-11
132 8.165e-11 3.465e-11
133 3.006e-11 3.006e-11
134 2.422e-11 2.422e-11
135 1.696e-08 2.422e-11
136 5.137e-09 2.422e-11
137 1.560e-09 2.422e-11
138 4.778e-10 2.422e-11
139 1.505e-10 2.422e-11
140 5.211e-11 2.422e-11
141 2.600e-11 2.422e-11
142 3.133e-10 2.422e-11
143 9.713e-11 2.422e-11
144 3.194e-11 2.422e-11
145 1.303e-11 1.303e-11
146 1.240e-11 1.240e-11
147 3.478e-11 1.240e-11
148 1.411e-11 1.240e-11
149 1.175e-11 1.175e-11
150 2.322e-09 1.175e-11
151 7.039e-10 1.175e-11
152 2.144e-10 1.175e-11
153 6.620e-11 1.175e-11
154 2.136e-11 1.175e-11
155 7.948e-12 7.948e-12
156 4.699e-12 4.699e-12
157 1.813e-09 4.699e-12
158 5.488e-10 4.699e-12
159 1.664e-10 4.699e-12
160 5.072e-11 4.699e-12
161 1.574e-11 4.699e-12
162 5.163e-12 4.699e-12
163 2.135e-12 2.135e-12
164 2.879e-12 2.135e-12
165 1.634e-12 1.634e-12
166 7.967e-12 1.634e-12
167 2.558e-12 1.634e-12
168 1.140e-12 1.140e-12
169 5.754e-12 1.140e-12
170 1.380e-12 1.140e-12
171 2.777e-11 1.140e-12
172 8.319e-12 1.140e-12
173 2.370e-12 1.140e-12
174 4.498e-12 1.140e-12
175 8.311e-11 1.140e-12
176 2.512e-11 1.140e-12
177 7.539e-12 1.140e-12
178 1.981e-12 1.140e-12
179 2.816e-12 1.140e-12
180 1.491e-11 1.140e-12
181 5.019e-12 1.140e-12
182 6.631e-12 1.140e-12
183 1.095e-09 1.140e-12
184 3.312e-10 1.140e-12
185 1.002e-10 1.140e-12
186 3.030e-11 1.140e-12
187 9.134e-12 1.140e-12
188 2.617e-12 1.140e-12
189 2.631e-13 2.631e-13
190 6.433e-11 2.631e-13
191 1.946e-11 2.631e-13
192 5.872e-12 2.631e-13
193 1.701e-12 2.631e-13
194 1.090e-13 1.090e-13
195 6.830e-11 1.090e-13
196 2.066e-11 1.090e-13
197 6.249e-12 1.090e-13
198 1.870e-12 1.090e-13
199 4.564e-13 1.090e-13
200 1.007e-12 1.090e-13
201 1.741e-11 1.090e-13
202 5.240e-12 1.090e-13
203 1.487e-12 1.090e-13
204 3.614e-13 1.090e-13
205 9.077e-13 1.090e-13
206 2.565e-11 1.090e-13
207 7.758e-12 1.090e-13
208 2.235e-12 1.090e-13
209 6.598e-13 1.090e-13
210 4.704e-13 1.090e-13
211 8.444e-09 1.090e-13
212 2.554e-09 1.090e-13
213 7.727e-10 1.090e-13
214 2.338e-10 1.090e-13
215 7.071e-11 1.090e-13
216 2.139e-11 1.090e-13
217 6.472e-12 1.090e-13
218 1.957e-12 1.090e-13
219 5.884e-13 1.090e-13
220 1.724e-13 1.090e-13
221 4.773e-14 4.773e-14
1 (precision) 6.976e-12 4.773e-14 (from 4.773e-14)
2 (precision) 1.903e-12 4.773e-14 (from 4.773e-14)
3 (precision) 4.908e-13 4.773e-14 (from 4.773e-14)
4 (precision) 1.196e-13 4.773e-14 (from 4.773e-14)
5 (precision) 3.691e-13 4.773e-14 (from 4.773e-14)
6 (precision) 1.014e-13 4.773e-14 (from 4.773e-14)
7 (precision) 8.186e-15 8.186e-15 (from 4.773e-14)
8 (precision) 5.212e-15 5.212e-15 (from 4.773e-14)
9 (precision) 1.166e-13 5.212e-15 (from 4.773e-14)
10 (precision) 3.662e-14 5.212e-15 (from 4.773e-14)
11 (precision) 1.906e-15 1.906e-15 (from 4.773e-14)
12 (precision) 1.508e-14 1.906e-15 (from 4.773e-14)
13 (precision) 1.876e-14 1.906e-15 (from 4.773e-14)
14 (precision) 2.501e-13 1.906e-15 (from 4.773e-14)
15 (precision) 6.604e-14 1.906e-15 (from 4.773e-14)
16 (precision) 1.086e-11 1.906e-15 (from 4.773e-14)
17 (precision) 2.988e-12 1.906e-15 (from 4.773e-14)
18 (precision) 8.263e-13 1.906e-15 (from 4.773e-14)
19 (precision) 2.383e-13 1.906e-15 (from 4.773e-14)
20 (precision) 6.426e-14 1.906e-15 (from 4.773e-14)
21 (precision) 1.411e-14 1.906e-15 (from 4.773e-14)
22 (precision) 1.175e-15 1.175e-15 (from 4.773e-14)
23 (precision) 8.161e-15 1.175e-15 (from 4.773e-14)
24 (precision) 1.713e-14 1.175e-15 (from 4.773e-14)
25 (precision) 9.111e-13 1.175e-15 (from 4.773e-14)
26 (precision) 2.554e-13 1.175e-15 (from 4.773e-14)
27 (precision) 9.296e-14 1.175e-15 (from 4.773e-14)
28 (precision) 1.091e-14 1.175e-15 (from 4.773e-14)
29 (precision) 1.227e-14 1.175e-15 (from 4.773e-14)
30 (precision) 1.657e-14 1.175e-15 (from 4.773e-14)
31 (precision) 3.181e-09 1.175e-15 (from 4.773e-14)
32 (precision) 8.769e-10 1.175e-15 (from 4.773e-14)
33 (precision) 2.417e-10 1.175e-15 (from 4.773e-14)
34 (precision) 6.663e-11 1.175e-15 (from 4.773e-14)
35 (precision) 1.837e-11 1.175e-15 (from 4.773e-14)
36 (precision) 5.065e-12 1.175e-15 (from 4.773e-14)
37 (precision) 1.396e-12 1.175e-15 (from 4.773e-14)
38 (precision) 3.832e-13 1.175e-15 (from 4.773e-14)
39 (precision) 9.467e-14 1.175e-15 (from 4.773e-14)
40 (precision) 2.914e-14 1.175e-15 (from 4.773e-14)
41 (precision) 9.492e-15 1.175e-15 (from 4.773e-14)
42 (precision) 3.442e-15 1.175e-15 (from 4.773e-14)
43 (precision) 1.052e-14 1.175e-15 (from 4.773e-14)
44 (precision) 6.853e-14 1.175e-15 (from 4.773e-14)
45 (precision) 1.671e-14 1.175e-15 (from 4.773e-14)
46 (precision) 8.327e-15 1.175e-15 (from 4.773e-14)
47 (precision) 8.715e-15 1.175e-15 (from 4.773e-14)
48 (precision) 7.291e-10 1.175e-15 (from 4.773e-14)
49 (precision) 2.010e-10 1.175e-15 (from 4.773e-14)
50 (precision) 5.544e-11 1.175e-15 (from 4.773e-14)
51 (precision) 1.531e-11 1.175e-15 (from 4.773e-14)
52 (precision) 4.261e-12 1.175e-15 (from 4.773e-14)
53 (precision) 1.188e-12 1.175e-15 (from 4.773e-14)
54 (precision) 3.488e-13 1.175e-15 (from 4.773e-14)
55 (precision) 1.067e-13 1.175e-15 (from 4.773e-14)
56 (precision) 3.630e-14 1.175e-15 (from 4.773e-14)
57 (precision) 1.085e-14 1.175e-15 (from 4.773e-14)
58 (precision) 2.065e-14 1.175e-15 (from 4.773e-14)
59 (precision) 1.227e-14 1.175e-15 (from 4.773e-14)
60 (precision) 1.732e-14 1.175e-15 (from 4.773e-14)
61 (precision) 1.285e-14 1.175e-15 (from 4.773e-14)
62 (precision) 2.773e-14 1.175e-15 (from 4.773e-14)
63 (precision) 3.633e-14 1.175e-15 (from 4.773e-14)
64 (precision) 2.046e-14 1.175e-15 (from 4.773e-14)
65 (precision) 4.325e-10 1.175e-15 (from 4.773e-14)
66 (precision) 1.229e-10 1.175e-15 (from 4.773e-14)
67 (precision) 3.709e-11 1.175e-15 (from 4.773e-14)
68 (precision) 1.291e-11 1.175e-15 (from 4.773e-14)
69 (precision) 4.993e-12 1.175e-15 (from 4.773e-14)
70 (precision) 2.028e-12 1.175e-15 (from 4.773e-14)
71 (precision) 7.995e-13 1.175e-15 (from 4.773e-14)
72 (precision) 3.239e-13 1.175e-15 (from 4.773e-14)
73 (precision) 1.349e-13 1.175e-15 (from 4.773e-14)
74 (precision) 5.079e-14 1.175e-15 (from 4.773e-14)
75 (precision) 4.202e-14 1.175e-15 (from 4.773e-14)
76 (precision) 1.904e-14 1.175e-15 (from 4.773e-14)
77 (precision) 9.049e-15 1.175e-15 (from 4.773e-14)
78 (precision) 6.939e-15 1.175e-15 (from 4.773e-14)
79 (precision) 3.004e-14 1.175e-15 (from 4.773e-14)
80 (precision) 7.884e-15 1.175e-15 (from 4.773e-14)
81 (precision) 1.458e-14 1.175e-15 (from 4.773e-14)
82 (precision) 3.848e-13 1.175e-15 (from 4.773e-14)
83 (precision) 9.734e-14 1.175e-15 (from 4.773e-14)
84 (precision) 4.259e-14 1.175e-15 (from 4.773e-14)
85 (precision) 6.300e-16 6.300e-16 (from 4.773e-14)
86 (precision) 1.274e-14 6.300e-16 (from 4.773e-14)
87 (precision) 4.163e-15 6.300e-16 (from 4.773e-14)
88 (precision) 4.030e-11 6.300e-16 (from 4.773e-14)
89 (precision) 1.110e-11 6.300e-16 (from 4.773e-14)
90 (precision) 3.062e-12 6.300e-16 (from 4.773e-14)
91 (precision) 8.491e-13 6.300e-16 (from 4.773e-14)
92 (precision) 2.267e-13 6.300e-16 (from 4.773e-14)
93 (precision) 9.256e-14 6.300e-16 (from 4.773e-14)
94 (precision) 1.513e-14 6.300e-16 (from 4.773e-14)
95 (precision) 8.410e-15 6.300e-16 (from 4.773e-14)
96 (precision) 3.429e-10 6.300e-16 (from 4.773e-14)
97 (precision) 9.450e-11 6.300e-16 (from 4.773e-14)
98 (precision) 2.606e-11 6.300e-16 (from 4.773e-14)
99 (precision) 7.181e-12 6.300e-16 (from 4.773e-14)
100 (precision) 1.980e-12 6.300e-16 (from 4.773e-14)

x:  4.144e-01 -4.367e-01  1.715e-01 -5.968e-01 -3.152e-01 -4.867e-01 -4.232e-01 -1.345e-01 -4.001e-01 -1.030e-02  3.963e-01  4.364e-01  3.290e-02  2.007e-01  4.046e-01 -5.241e-01  1.097e-01  2.986e-01 -4.874e-01  3.910e-01  3.820e-01 -3.533e-01 -3.451e-01  3.230e-01 -1.845e-02 -3.025e-01 -5.644e-03  2.059e-01 -4.451e-01 -4.029e-03 -8.405e-02 -5.398e-02 -1.682e-01 -1.323e-02  1.501e-01  3.152e-02  3.173e-01 -7.936e-02  3.548e-01 -1.834e-01  1.997e-01  8.183e-02 -2.278e-01  4.403e-01  4.460e-01  8.119e-02 -3.628e-02  3.367e-01  4.335e-01  3.986e-02  3.158e-01 -1.383e-01 -2.326e-01 -1.439e-01 -3.524e-02 -4.794e-01 -4.468e-01 -7.224e-02 -6.432e-01  2.171e-01 -4.315e-02  7.382e-01  1.746e-01  1.204e-01  2.848e-01  3.448e-01 -2.087e-01 -3.955e-01  4.373e-01 -9.386e-02 -2.323e-01  3.822e-01  2.812e-01  3.477e-01  1.870e-01 -4.062e-01  6.261e-02 -4.428e-01  5.160e-02 -4.442e-01  4.456e-01 -3.756e-02  3.673e-01  2.552e-01 -7.634e-02  4.406e-01  3.527e-01 -2.750e-01  3.686e-01  2.532e-01  8.752e-02 -4.386e-01 -2.063e-01 -3.968e-01  4.450e-01 -4.413e-02  3.863e-01  2.253e-01 -4.428e-01 -6.252e-02 -8.023e-02 -4.400e-01  2.537e-01  3.683e-01  3.795e-01 -2.366e-01 -2.389e-01  3.781e-01  2.190e-01  3.899e-01  4.012e-01  1.976e-01 -1.171e-01 -4.316e-01  7.857e-02 -4.403e-01  8.877e-12

grad: -4.492e-20 -7.386e-21 -5.379e-20  4.140e-20  5.619e-20  7.196e-20  1.143e-19 -4.882e-20  3.535e-21  1.184e-20 -5.433e-20 -5.018e-20 -6.642e-20 -1.493e-19 -2.684e-19  2.278e-19  3.150e-20  1.416e-20  7.855e-20 -2.762e-20  2.142e-20  9.333e-20  1.578e-19 -1.151e-19 -3.193e-20  7.828e-20  3.848e-20 -1.168e-19  1.001e-19  2.453e-20  1.093e-19 -2.988e-21 -3.379e-21  2.618e-20  2.842e-20 -4.892e-20  6.933e-21 -2.900e-20 -2.541e-20  6.556e-20 -1.396e-21  4.241e-20  7.164e-20 -7.253e-20 -1.495e-19  2.863e-20 -3.104e-20 -1.433e-19 -1.204e-21 -4.529e-20 -5.488e-20  6.609e-20  5.947e-20 -2.727e-20 -8.548e-22  1.024e-19  9.547e-20  6.847e-20  1.946e-19 -7.335e-20 -7.625e-21 -1.426e-19 -1.192e-19  1.173e-19 -1.783e-20 -2.290e-21 -1.436e-21  2.333e-21  2.997e-20  2.366e-20 -9.949e-21 -9.993e-21 -2.588e-20 -1.352e-20  5.221e-21 -9.906e-21 -2.344e-20  8.330e-21 -5.247e-20 -1.559e-20  1.322e-20 -1.085e-20  3.458e-20  1.732e-21  2.541e-21  3.719e-20  2.973e-20 -2.921e-20  5.322e-21  3.747e-20 -1.452e-20 -3.959e-21  3.279e-22 -1.055e-20  1.736e-20 -2.982e-20 -2.888e-20 -2.057e-20 -7.879e-20  1.079e-20 -3.488e-20 -7.470e-20 -4.969e-20  7.035e-20  2.807e-20  1.567e-20 -1.266e-20  2.908e-20  3.203e-20 -6.821e-21  1.014e-20  4.793e-20  3.741e-20 -3.988e-20 -2.798e-20 -4.111e-20  1.980e-12

finished in 221 iterations (0.224 seconds total)
max viol = 5e-08

---------------------
Result:
---------------------

{(1,0), (0,0), (0,0), (0,0), (0,0)}, {(0,0), (1,0), (0,0), (0,0), (0,0)}, {}, {}, {}


{(0.447,0), (0.447,0), (0.447,0), (0.447,0), (0.447,0)}, {(0.447,0), (0.414,-0.168), (-0.437,-0.0132), (0.172,0.15), (-0.597,0.0315)}, {}, {}, {}


{(0.447,0), (-0.315,0.317), (-0.487,-0.0794), (-0.423,0.355), (-0.134,-0.183)}, {(0.447,0), (-0.4,0.2), (-0.0103,0.0818), (0.396,-0.228), (0.436,0.44)}, {}, {}, {}


{(0.447,0), (0.0329,0.446), (0.201,0.0812), (0.405,-0.0363), (-0.524,0.337)}, {(0.447,0), (0.11,0.434), (0.299,0.0399), (-0.487,0.316), (0.391,-0.138)}, {}, {}, {}


{(0.447,0), (0.382,-0.233), (-0.353,-0.144), (-0.345,-0.0352), (0.323,-0.479)}, {}, {}, {}, {}


{(0.447,0), (-0.0185,-0.447), (-0.303,-0.0722), (-0.00564,-0.643), (0.206,0.217)}, {}, {}, {}, {}


{(0.447,0), (-0.445,-0.0431), (-0.00403,0.738), (-0.0841,0.175), (-0.054,0.12)}, {}, {}, {}, {}

---------------------
Abs of Gram matrix:
---------------------

 { { +1.0000, +0.0000, +0.0000, +0.0000, +0.0000, +0.4472, +0.4472, +0.0000, +0.0000, +0.0000, +0.4472, +0.4472, +0.0000, +0.0000, +0.0000, +0.4472, +0.4472, +0.0000, +0.0000, +0.0000, +0.4472, +0.0000, +0.0000, +0.0000, +0.0000, +0.4472, +0.0000, +0.0000, +0.0000, +0.0000, +0.4472, +0.0000, +0.0000, +0.0000, +0.0000}, 
   { +0.0000, +1.0000, +0.0000, +0.0000, +0.0000, +0.4472, +0.4472, +0.0000, +0.0000, +0.0000, +0.4472, +0.4472, +0.0000, +0.0000, +0.0000, +0.4472, +0.4472, +0.0000, +0.0000, +0.0000, +0.4472, +0.0000, +0.0000, +0.0000, +0.0000, +0.4472, +0.0000, +0.0000, +0.0000, +0.0000, +0.4472, +0.0000, +0.0000, +0.0000, +0.0000}, 
   { +0.0000, +0.0000, +0.0000, +0.0000, +0.0000, +0.0000, +0.0000, +0.0000, +0.0000, +0.0000, +0.0000, +0.0000, +0.0000, +0.0000, +0.0000, +0.0000, +0.0000, +0.0000, +0.0000, +0.0000, +0.0000, +0.0000, +0.0000, +0.0000, +0.0000, +0.0000, +0.0000, +0.0000, +0.0000, +0.0000, +0.0000, +0.0000, +0.0000, +0.0000, +0.0000}, 
   { +0.0000, +0.0000, +0.0000, +0.0000, +0.0000, +0.0000, +0.0000, +0.0000, +0.0000, +0.0000, +0.0000, +0.0000, +0.0000, +0.0000, +0.0000, +0.0000, +0.0000, +0.0000, +0.0000, +0.0000, +0.0000, +0.0000, +0.0000, +0.0000, +0.0000, +0.0000, +0.0000, +0.0000, +0.0000, +0.0000, +0.0000, +0.0000, +0.0000, +0.0000, +0.0000}, 
   { +0.0000, +0.0000, +0.0000, +0.0000, +0.0000, +0.0000, +0.0000, +0.0000, +0.0000, +0.0000, +0.0000, +0.0000, +0.0000, +0.0000, +0.0000, +0.0000, +0.0000, +0.0000, +0.0000, +0.0000, +0.0000, +0.0000, +0.0000, +0.0000, +0.0000, +0.0000, +0.0000, +0.0000, +0.0000, +0.0000, +0.0000, +0.0000, +0.0000, +0.0000, +0.0000}, 
   { +0.4472, +0.4472, +0.0000, +0.0000, +0.0000, +1.0000, +0.0002, +0.0000, +0.0000, +0.0000, +0.4472, +0.4472, +0.0000, +0.0000, +0.0000, +0.4472, +0.4472, +0.0000, +0.0000, +0.0000, +0.4472, +0.0000, +0.0000, +0.0000, +0.0000, +0.4472, +0.0000, +0.0000, +0.0000, +0.0000, +0.4472, +0.0000, +0.0000, +0.0000, +0.0000}, 
   { +0.4472, +0.4472, +0.0000, +0.0000, +0.0000, +0.0002, +1.0000, +0.0000, +0.0000, +0.0000, +0.4472, +0.4472, +0.0000, +0.0000, +0.0000, +0.4472, +0.4472, +0.0000, +0.0000, +0.0000, +0.4472, +0.0000, +0.0000, +0.0000, +0.0000, +0.4472, +0.0000, +0.0000, +0.0000, +0.0000, +0.4472, +0.0000, +0.0000, +0.0000, +0.0000}, 
   { +0.0000, +0.0000, +0.0000, +0.0000, +0.0000, +0.0000, +0.0000, +0.0000, +0.0000, +0.0000, +0.0000, +0.0000, +0.0000, +0.0000, +0.0000, +0.0000, +0.0000, +0.0000, +0.0000, +0.0000, +0.0000, +0.0000, +0.0000, +0.0000, +0.0000, +0.0000, +0.0000, +0.0000, +0.0000, +0.0000, +0.0000, +0.0000, +0.0000, +0.0000, +0.0000}, 
   { +0.0000, +0.0000, +0.0000, +0.0000, +0.0000, +0.0000, +0.0000, +0.0000, +0.0000, +0.0000, +0.0000, +0.0000, +0.0000, +0.0000, +0.0000, +0.0000, +0.0000, +0.0000, +0.0000, +0.0000, +0.0000, +0.0000, +0.0000, +0.0000, +0.0000, +0.0000, +0.0000, +0.0000, +0.0000, +0.0000, +0.0000, +0.0000, +0.0000, +0.0000, +0.0000}, 
   { +0.0000, +0.0000, +0.0000, +0.0000, +0.0000, +0.0000, +0.0000, +0.0000, +0.0000, +0.0000, +0.0000, +0.0000, +0.0000, +0.0000, +0.0000, +0.0000, +0.0000, +0.0000, +0.0000, +0.0000, +0.0000, +0.0000, +0.0000, +0.0000, +0.0000, +0.0000, +0.0000, +0.0000, +0.0000, +0.0000, +0.0000, +0.0000, +0.0000, +0.0000, +0.0000}, 
   { +0.4472, +0.4472, +0.0000, +0.0000, +0.0000, +0.4472, +0.4472, +0.0000, +0.0000, +0.0000, +1.0000, +0.0000, +0.0000, +0.0000, +0.0000, +0.4472, +0.4472, +0.0000, +0.0000, +0.0000, +0.4472, +0.0000, +0.0000, +0.0000, +0.0000, +0.4472, +0.0000, +0.0000, +0.0000, +0.0000, +0.4472, +0.0000, +0.0000, +0.0000, +0.0000}, 
   { +0.4472, +0.4472, +0.0000, +0.0000, +0.0000, +0.4472, +0.4472, +0.0000, +0.0000, +0.0000, +0.0000, +1.0000, +0.0000, +0.0000, +0.0000, +0.4472, +0.4472, +0.0000, +0.0000, +0.0000, +0.4472, +0.0000, +0.0000, +0.0000, +0.0000, +0.4472, +0.0000, +0.0000, +0.0000, +0.0000, +0.4472, +0.0000, +0.0000, +0.0000, +0.0000}, 
   { +0.0000, +0.0000, +0.0000, +0.0000, +0.0000, +0.0000, +0.0000, +0.0000, +0.0000, +0.0000, +0.0000, +0.0000, +0.0000, +0.0000, +0.0000, +0.0000, +0.0000, +0.0000, +0.0000, +0.0000, +0.0000, +0.0000, +0.0000, +0.0000, +0.0000, +0.0000, +0.0000, +0.0000, +0.0000, +0.0000, +0.0000, +0.0000, +0.0000, +0.0000, +0.0000}, 
   { +0.0000, +0.0000, +0.0000, +0.0000, +0.0000, +0.0000, +0.0000, +0.0000, +0.0000, +0.0000, +0.0000, +0.0000, +0.0000, +0.0000, +0.0000, +0.0000, +0.0000, +0.0000, +0.0000, +0.0000, +0.0000, +0.0000, +0.0000, +0.0000, +0.0000, +0.0000, +0.0000, +0.0000, +0.0000, +0.0000, +0.0000, +0.0000, +0.0000, +0.0000, +0.0000}, 
   { +0.0000, +0.0000, +0.0000, +0.0000, +0.0000, +0.0000, +0.0000, +0.0000, +0.0000, +0.0000, +0.0000, +0.0000, +0.0000, +0.0000, +0.0000, +0.0000, +0.0000, +0.0000, +0.0000, +0.0000, +0.0000, +0.0000, +0.0000, +0.0000, +0.0000, +0.0000, +0.0000, +0.0000, +0.0000, +0.0000, +0.0000, +0.0000, +0.0000, +0.0000, +0.0000}, 
   { +0.4472, +0.4472, +0.0000, +0.0000, +0.0000, +0.4472, +0.4472, +0.0000, +0.0000, +0.0000, +0.4472, +0.4472, +0.0000, +0.0000, +0.0000, +1.0000, +0.0000, +0.0000, +0.0000, +0.0000, +0.4472, +0.0000, +0.0000, +0.0000, +0.0000, +0.4472, +0.0000, +0.0000, +0.0000, +0.0000, +0.4472, +0.0000, +0.0000, +0.0000, +0.0000}, 
   { +0.4472, +0.4472, +0.0000, +0.0000, +0.0000, +0.4472, +0.4472, +0.0000, +0.0000, +0.0000, +0.4472, +0.4472, +0.0000, +0.0000, +0.0000, +0.0000, +1.0000, +0.0000, +0.0000, +0.0000, +0.4472, +0.0000, +0.0000, +0.0000, +0.0000, +0.4472, +0.0000, +0.0000, +0.0000, +0.0000, +0.4472, +0.0000, +0.0000, +0.0000, +0.0000}, 
   { +0.0000, +0.0000, +0.0000, +0.0000, +0.0000, +0.0000, +0.0000, +0.0000, +0.0000, +0.0000, +0.0000, +0.0000, +0.0000, +0.0000, +0.0000, +0.0000, +0.0000, +0.0000, +0.0000, +0.0000, +0.0000, +0.0000, +0.0000, +0.0000, +0.0000, +0.0000, +0.0000, +0.0000, +0.0000, +0.0000, +0.0000, +0.0000, +0.0000, +0.0000, +0.0000}, 
   { +0.0000, +0.0000, +0.0000, +0.0000, +0.0000, +0.0000, +0.0000, +0.0000, +0.0000, +0.0000, +0.0000, +0.0000, +0.0000, +0.0000, +0.0000, +0.0000, +0.0000, +0.0000, +0.0000, +0.0000, +0.0000, +0.0000, +0.0000, +0.0000, +0.0000, +0.0000, +0.0000, +0.0000, +0.0000, +0.0000, +0.0000, +0.0000, +0.0000, +0.0000, +0.0000}, 
   { +0.0000, +0.0000, +0.0000, +0.0000, +0.0000, +0.0000, +0.0000, +0.0000, +0.0000, +0.0000, +0.0000, +0.0000, +0.0000, +0.0000, +0.0000, +0.0000, +0.0000, +0.0000, +0.0000, +0.0000, +0.0000, +0.0000, +0.0000, +0.0000, +0.0000, +0.0000, +0.0000, +0.0000, +0.0000, +0.0000, +0.0000, +0.0000, +0.0000, +0.0000, +0.0000}, 
   { +0.4472, +0.4472, +0.0000, +0.0000, +0.0000, +0.4472, +0.4472, +0.0000, +0.0000, +0.0000, +0.4472, +0.4472, +0.0000, +0.0000, +0.0000, +0.4472, +0.4472, +0.0000, +0.0000, +0.0000, +1.0000, +0.0000, +0.0000, +0.0000, +0.0000, +0.4472, +0.0000, +0.0000, +0.0000, +0.0000, +0.4472, +0.0000, +0.0000, +0.0000, +0.0000}, 
   { +0.0000, +0.0000, +0.0000, +0.0000, +0.0000, +0.0000, +0.0000, +0.0000, +0.0000, +0.0000, +0.0000, +0.0000, +0.0000, +0.0000, +0.0000, +0.0000, +0.0000, +0.0000, +0.0000, +0.0000, +0.0000, +0.0000, +0.0000, +0.0000, +0.0000, +0.0000, +0.0000, +0.0000, +0.0000, +0.0000, +0.0000, +0.0000, +0.0000, +0.0000, +0.0000}, 
   { +0.0000, +0.0000, +0.0000, +0.0000, +0.0000, +0.0000, +0.0000, +0.0000, +0.0000, +0.0000, +0.0000, +0.0000, +0.0000, +0.0000, +0.0000, +0.0000, +0.0000, +0.0000, +0.0000, +0.0000, +0.0000, +0.0000, +0.0000, +0.0000, +0.0000, +0.0000, +0.0000, +0.0000, +0.0000, +0.0000, +0.0000, +0.0000, +0.0000, +0.0000, +0.0000}, 
   { +0.0000, +0.0000, +0.0000, +0.0000, +0.0000, +0.0000, +0.0000, +0.0000, +0.0000, +0.0000, +0.0000, +0.0000, +0.0000, +0.0000, +0.0000, +0.0000, +0.0000, +0.0000, +0.0000, +0.0000, +0.0000, +0.0000, +0.0000, +0.0000, +0.0000, +0.0000, +0.0000, +0.0000, +0.0000, +0.0000, +0.0000, +0.0000, +0.0000, +0.0000, +0.0000}, 
   { +0.0000, +0.0000, +0.0000, +0.0000, +0.0000, +0.0000, +0.0000, +0.0000, +0.0000, +0.0000, +0.0000, +0.0000, +0.0000, +0.0000, +0.0000, +0.0000, +0.0000, +0.0000, +0.0000, +0.0000, +0.0000, +0.0000, +0.0000, +0.0000, +0.0000, +0.0000, +0.0000, +0.0000, +0.0000, +0.0000, +0.0000, +0.0000, +0.0000, +0.0000, +0.0000}, 
   { +0.4472, +0.4472, +0.0000, +0.0000, +0.0000, +0.4472, +0.4472, +0.0000, +0.0000, +0.0000, +0.4472, +0.4472, +0.0000, +0.0000, +0.0000, +0.4472, +0.4472, +0.0000, +0.0000, +0.0000, +0.4472, +0.0000, +0.0000, +0.0000, +0.0000, +1.0000, +0.0000, +0.0000, +0.0000, +0.0000, +0.4472, +0.0000, +0.0000, +0.0000, +0.0000}, 
   { +0.0000, +0.0000, +0.0000, +0.0000, +0.0000, +0.0000, +0.0000, +0.0000, +0.0000, +0.0000, +0.0000, +0.0000, +0.0000, +0.0000, +0.0000, +0.0000, +0.0000, +0.0000, +0.0000, +0.0000, +0.0000, +0.0000, +0.0000, +0.0000, +0.0000, +0.0000, +0.0000, +0.0000, +0.0000, +0.0000, +0.0000, +0.0000, +0.0000, +0.0000, +0.0000}, 
   { +0.0000, +0.0000, +0.0000, +0.0000, +0.0000, +0.0000, +0.0000, +0.0000, +0.0000, +0.0000, +0.0000, +0.0000, +0.0000, +0.0000, +0.0000, +0.0000, +0.0000, +0.0000, +0.0000, +0.0000, +0.0000, +0.0000, +0.0000, +0.0000, +0.0000, +0.0000, +0.0000, +0.0000, +0.0000, +0.0000, +0.0000, +0.0000, +0.0000, +0.0000, +0.0000}, 
   { +0.0000, +0.0000, +0.0000, +0.0000, +0.0000, +0.0000, +0.0000, +0.0000, +0.0000, +0.0000, +0.0000, +0.0000, +0.0000, +0.0000, +0.0000, +0.0000, +0.0000, +0.0000, +0.0000, +0.0000, +0.0000, +0.0000, +0.0000, +0.0000, +0.0000, +0.0000, +0.0000, +0.0000, +0.0000, +0.0000, +0.0000, +0.0000, +0.0000, +0.0000, +0.0000}, 
   { +0.0000, +0.0000, +0.0000, +0.0000, +0.0000, +0.0000, +0.0000, +0.0000, +0.0000, +0.0000, +0.0000, +0.0000, +0.0000, +0.0000, +0.0000, +0.0000, +0.0000, +0.0000, +0.0000, +0.0000, +0.0000, +0.0000, +0.0000, +0.0000, +0.0000, +0.0000, +0.0000, +0.0000, +0.0000, +0.0000, +0.0000, +0.0000, +0.0000, +0.0000, +0.0000}, 
   { +0.4472, +0.4472, +0.0000, +0.0000, +0.0000, +0.4472, +0.4472, +0.0000, +0.0000, +0.0000, +0.4472, +0.4472, +0.0000, +0.0000, +0.0000, +0.4472, +0.4472, +0.0000, +0.0000, +0.0000, +0.4472, +0.0000, +0.0000, +0.0000, +0.0000, +0.4472, +0.0000, +0.0000, +0.0000, +0.0000, +1.0000, +0.0000, +0.0000, +0.0000, +0.0000}, 
   { +0.0000, +0.0000, +0.0000, +0.0000, +0.0000, +0.0000, +0.0000, +0.0000, +0.0000, +0.0000, +0.0000, +0.0000, +0.0000, +0.0000, +0.0000, +0.0000, +0.0000, +0.0000, +0.0000, +0.0000, +0.0000, +0.0000, +0.0000, +0.0000, +0.0000, +0.0000, +0.0000, +0.0000, +0.0000, +0.0000, +0.0000, +0.0000, +0.0000, +0.0000, +0.0000}, 
   { +0.0000, +0.0000, +0.0000, +0.0000, +0.0000, +0.0000, +0.0000, +0.0000, +0.0000, +0.0000, +0.0000, +0.0000, +0.0000, +0.0000, +0.0000, +0.0000, +0.0000, +0.0000, +0.0000, +0.0000, +0.0000, +0.0000, +0.0000, +0.0000, +0.0000, +0.0000, +0.0000, +0.0000, +0.0000, +0.0000, +0.0000, +0.0000, +0.0000, +0.0000, +0.0000}, 
   { +0.0000, +0.0000, +0.0000, +0.0000, +0.0000, +0.0000, +0.0000, +0.0000, +0.0000, +0.0000, +0.0000, +0.0000, +0.0000, +0.0000, +0.0000, +0.0000, +0.0000, +0.0000, +0.0000, +0.0000, +0.0000, +0.0000, +0.0000, +0.0000, +0.0000, +0.0000, +0.0000, +0.0000, +0.0000, +0.0000, +0.0000, +0.0000, +0.0000, +0.0000, +0.0000}, 
   { +0.0000, +0.0000, +0.0000, +0.0000, +0.0000, +0.0000, +0.0000, +0.0000, +0.0000, +0.0000, +0.0000, +0.0000, +0.0000, +0.0000, +0.0000, +0.0000, +0.0000, +0.0000, +0.0000, +0.0000, +0.0000, +0.0000, +0.0000, +0.0000, +0.0000, +0.0000, +0.0000, +0.0000, +0.0000, +0.0000, +0.0000, +0.0000, +0.0000, +0.0000, +0.0000} } 
