---------------------
Basis Indices:
---------------------

{-, -, -, -, -}, {-, -, -, -, -}, {-, -, -, -, -}, {}, {}


{-, -, -, -, -}, {-, 31+i206, 32+i207, 33+i208, 34+i209}, {}, {}, {}


{-, 51+i226, 52+i227, 53+i228, 54+i229}, {}, {}, {}, {}


{-, 76+i251, 77+i252, 78+i253, 79+i254}, {}, {}, {}, {}


{-, 101+i276, 102+i277, 103+i278, 104+i279}, {}, {}, {}, {}


{-, 126+i301, 127+i302, 128+i303, 129+i304}, {}, {}, {}, {}


{-, 151+i326, 152+i327, 153+i328, 154+i329}, {}, {}, {}, {}

---------------------
Problem: 
---------------------
Find a point satisfying:

-0.2*{} + 1*{ 351 351} + 1*{ 350 350} = 0 

1*{ 208 228} + 1*{  33  53} + 1*{ 207 227} + 1*{  32  52} + 1*{ 209 229} + 1*{  34  54} + 1*{  31  51} + 1*{ 206 226} + 0.2*{} + -1*{ 350} = 0 

-1*{  53 208} + 1*{  31 226} + -1*{  52 207} + 1*{  33 228} + 1*{  32 227} + -1*{  51 206} + 1*{  34 229} + -1*{  54 209} + -1*{ 351} = 0 

-0.2*{} + 1*{ 353 353} + 1*{ 352 352} = 0 

1*{ 207 252} + 1*{ 208 253} + 1*{  32  77} + -1*{ 352} + 1*{  33  78} + 1*{ 206 251} + 0.2*{} + 1*{  31  76} + 1*{  34  79} + 1*{ 209 254} = 0 

1*{  33 253} + -1*{  77 207} + 1*{  32 252} + -1*{  78 208} + 1*{  34 254} + -1*{  76 206} + -1*{  79 209} + 1*{  31 251} + -1*{ 353} = 0 

-0.2*{} + 1*{ 355 355} + 1*{ 354 354} = 0 

1*{ 208 278} + 1*{  33 103} + 0.2*{} + 1*{  32 102} + 1*{ 207 277} + 1*{ 206 276} + 1*{  31 101} + 1*{ 209 279} + 1*{  34 104} + -1*{ 354} = 0 

1*{  32 277} + -1*{ 101 206} + -1*{ 102 207} + -1*{ 103 208} + 1*{  34 279} + 1*{  31 276} + -1*{ 104 209} + 1*{  33 278} + -1*{ 355} = 0 

-0.2*{} + 1*{ 357 357} + 1*{ 356 356} = 0 

1*{ 208 303} + 1*{  33 128} + -1*{ 356} + 1*{  32 127} + 1*{ 206 301} + 1*{ 207 302} + 1*{ 209 304} + 1*{  31 126} + 0.2*{} + 1*{  34 129} = 0 

-1*{ 127 207} + 1*{  33 303} + 1*{  32 302} + -1*{ 126 206} + 1*{  31 301} + -1*{ 129 209} + -1*{ 357} + -1*{ 128 208} + 1*{  34 304} = 0 

-0.2*{} + 1*{ 359 359} + 1*{ 358 358} = 0 

1*{ 208 328} + 1*{  33 153} + 1*{ 206 326} + 0.2*{} + 1*{  32 152} + 1*{ 209 329} + 1*{ 207 327} + -1*{ 358} + 1*{  31 151} + 1*{  34 154} = 0 

-1*{ 152 207} + -1*{ 151 206} + -1*{ 359} + 1*{  32 327} + -1*{ 153 208} + 1*{  31 326} + 1*{  34 329} + 1*{  33 328} + -1*{ 154 209} = 0 

-0.2*{} + 1*{ 206 206} + 1*{  31  31} = 0 

-0.2*{} + 1*{ 207 207} + 1*{  32  32} = 0 

-0.8*{} + 1*{  33  33} + 1*{ 208 208} + 1*{  31  31} + 1*{ 206 206} + 1*{  32  32} + 1*{ 207 207} + 1*{  34  34} + 1*{ 209 209} = 0 

0.4*{  32  33} + 0.2*{ 206 206} + 0.4*{ 206 209} + 0.2*{  31  31} + 0.4*{  31  32} + 0.2*{  32  32} + 0.178885*{  34} + 0.4*{  31  34} + 0.178885*{  33} + 0.178885*{  32} + 0.2*{  33  33} + 0.4*{  33  34} + 0.04*{} + 0.4*{ 207 208} + 0.4*{ 207 209} + 0.2*{ 208 208} + 0.4*{  31  33} + 0.2*{ 207 207} + 0.4*{ 208 209} + 0.4*{ 206 207} + 0.2*{ 209 209} + 0.2*{  34  34} + 0.178885*{  31} + 0.4*{ 206 208} + 0.4*{  32  34} = 0 

-0.2*{} + 1*{ 361 361} + 1*{ 360 360} = 0 

1*{ 228 253} + 1*{  53  78} + 1*{ 226 251} + 1*{  52  77} + 1*{  54  79} + 1*{ 229 254} + 0.2*{} + 1*{ 227 252} + 1*{  51  76} + -1*{ 360} = 0 

1*{  53 253} + -1*{  79 229} + -1*{  78 228} + -1*{ 361} + -1*{  77 227} + 1*{  52 252} + 1*{  54 254} + -1*{  76 226} + 1*{  51 251} = 0 

-0.2*{} + 1*{ 363 363} + 1*{ 362 362} = 0 

1*{ 227 277} + 1*{  52 102} + 1*{ 229 279} + 1*{ 228 278} + 1*{ 226 276} + 1*{  53 103} + 1*{  51 101} + 1*{  54 104} + -1*{ 362} + 0.2*{} = 0 

-1*{ 103 228} + 1*{  53 278} + -1*{ 102 227} + -1*{ 101 226} + 1*{  51 276} + -1*{ 363} + 1*{  52 277} + 1*{  54 279} + -1*{ 104 229} = 0 

-0.2*{} + 1*{ 365 365} + 1*{ 364 364} = 0 

1*{ 228 303} + 1*{  53 128} + -1*{ 364} + 1*{  54 129} + 1*{ 227 302} + 1*{  52 127} + 1*{ 226 301} + 1*{  51 126} + 0.2*{} + 1*{ 229 304} = 0 

-1*{ 128 228} + -1*{ 127 227} + 1*{  52 302} + 1*{  51 301} + 1*{  54 304} + 1*{  53 303} + -1*{ 126 226} + -1*{ 129 229} + -1*{ 365} = 0 

-0.2*{} + 1*{ 367 367} + 1*{ 366 366} = 0 

1*{  52 152} + 0.2*{} + 1*{ 226 326} + 1*{  53 153} + 1*{ 228 328} + 1*{  51 151} + 1*{ 229 329} + 1*{ 227 327} + 1*{  54 154} + -1*{ 366} = 0 

1*{  51 326} + 1*{  53 328} + -1*{ 152 227} + 1*{  52 327} + -1*{ 153 228} + -1*{ 151 226} + 1*{  54 329} + -1*{ 154 229} + -1*{ 367} = 0 

-0.2*{} + 1*{ 226 226} + 1*{  51  51} = 0 

-0.2*{} + 1*{ 227 227} + 1*{  52  52} = 0 

-0.8*{} + 1*{  53  53} + 1*{  51  51} + 1*{ 226 226} + 1*{  52  52} + 1*{  54  54} + 1*{ 227 227} + 1*{ 229 229} + 1*{ 228 228} = 0 

0.4*{ 226 227} + 0.4*{ 227 228} + 0.4*{  51  53} + 0.4*{  51  52} + 0.2*{ 228 228} + 0.178885*{  53} + 0.2*{ 226 226} + -0.16*{} + 0.2*{  54  54} + 0.4*{ 228 229} + 0.178885*{  54} + 0.2*{  53  53} + 0.4*{ 226 228} + 0.4*{  52  53} + 0.4*{  53  54} + 0.2*{  52  52} + 0.4*{ 227 229} + 0.178885*{  51} + 0.2*{  51  51} + 0.4*{  51  54} + 0.2*{ 229 229} + 0.178885*{  52} + 0.2*{ 227 227} + 0.4*{  52  54} + 0.4*{ 226 229} = 0 

-0.2*{} + 1*{ 369 369} + 1*{ 368 368} = 0 

1*{ 253 278} + 1*{  77 102} + 1*{ 251 276} + 1*{  78 103} + 1*{  79 104} + 1*{  76 101} + -1*{ 368} + 1*{ 252 277} + 1*{ 254 279} + 0.2*{} = 0 

-1*{ 103 253} + 1*{  76 276} + -1*{ 102 252} + 1*{  79 279} + 1*{  78 278} + 1*{  77 277} + -1*{ 104 254} + -1*{ 369} + -1*{ 101 251} = 0 

-0.2*{} + 1*{ 371 371} + 1*{ 370 370} = 0 

1*{  78 128} + 1*{  77 127} + 1*{ 253 303} + 1*{ 251 301} + 1*{  79 129} + 0.2*{} + 1*{ 254 304} + 1*{ 252 302} + 1*{  76 126} + -1*{ 370} = 0 

1*{  78 303} + -1*{ 128 253} + -1*{ 127 252} + -1*{ 126 251} + 1*{  77 302} + 1*{  76 301} + 1*{  79 304} + -1*{ 129 254} + -1*{ 371} = 0 

-0.2*{} + 1*{ 373 373} + 1*{ 372 372} = 0 

1*{ 252 327} + 1*{ 251 326} + 1*{  76 151} + 1*{  77 152} + 0.2*{} + 1*{  78 153} + 1*{  79 154} + 1*{ 253 328} + 1*{ 254 329} + -1*{ 372} = 0 

-1*{ 151 251} + -1*{ 153 253} + 1*{  78 328} + 1*{  77 327} + -1*{ 154 254} + 1*{  76 326} + -1*{ 152 252} + 1*{  79 329} + -1*{ 373} = 0 

-0.2*{} + 1*{ 251 251} + 1*{  76  76} = 0 

-0.2*{} + 1*{ 252 252} + 1*{  77  77} = 0 

-0.8*{} + 1*{  76  76} + 1*{  78  78} + 1*{ 251 251} + 1*{  79  79} + 1*{  77  77} + 1*{ 252 252} + 1*{ 253 253} + 1*{ 254 254} = 0 

0.4*{  77  79} + 0.2*{  76  76} + 0.4*{  76  77} + 0.4*{  76  79} + 0.178885*{  77} + 0.2*{ 252 252} + 0.178885*{  76} + 0.2*{ 251 251} + 0.178885*{  79} + 0.2*{ 254 254} + 0.4*{ 252 253} + 0.2*{  78  78} + -0.16*{} + 0.4*{  77  78} + 0.4*{ 252 254} + 0.4*{  78  79} + 0.2*{  79  79} + 0.2*{ 253 253} + 0.2*{  77  77} + 0.178885*{  78} + 0.4*{  76  78} + 0.4*{ 251 252} + 0.4*{ 251 253} + 0.4*{ 251 254} + 0.4*{ 253 254} = 0 

-0.2*{} + 1*{ 375 375} + 1*{ 374 374} = 0 

1*{ 103 128} + 1*{ 277 302} + -1*{ 374} + 1*{ 278 303} + 1*{ 102 127} + 1*{ 276 301} + 1*{ 101 126} + 0.2*{} + 1*{ 104 129} + 1*{ 279 304} = 0 

-1*{ 128 278} + -1*{ 127 277} + 1*{ 102 302} + -1*{ 129 279} + 1*{ 104 304} + 1*{ 101 301} + 1*{ 103 303} + -1*{ 126 276} + -1*{ 375} = 0 

1*{ 377 377} + -0.2*{} + 1*{ 376 376} = 0 

1*{ 278 328} + -1*{ 376} + 1*{ 277 327} + 1*{ 104 154} + 1*{ 276 326} + 1*{ 101 151} + 1*{ 103 153} + 0.2*{} + 1*{ 102 152} + 1*{ 279 329} = 0 

-1*{ 153 278} + -1*{ 152 277} + 1*{ 103 328} + 1*{ 102 327} + 1*{ 101 326} + -1*{ 151 276} + -1*{ 154 279} + 1*{ 104 329} + -1*{ 377} = 0 

-0.2*{} + 1*{ 276 276} + 1*{ 101 101} = 0 

-0.2*{} + 1*{ 277 277} + 1*{ 102 102} = 0 

-0.8*{} + 1*{ 101 101} + 1*{ 276 276} + 1*{ 102 102} + 1*{ 277 277} + 1*{ 279 279} + 1*{ 103 103} + 1*{ 104 104} + 1*{ 278 278} = 0 

0.4*{ 276 278} + 0.4*{ 103 104} + 0.4*{ 102 103} + 0.2*{ 102 102} + 0.178885*{ 101} + 0.2*{ 101 101} + 0.2*{ 103 103} + 0.2*{ 279 279} + 0.4*{ 276 279} + 0.2*{ 277 277} + 0.4*{ 277 278} + 0.2*{ 104 104} + 0.178885*{ 103} + 0.178885*{ 104} + 0.4*{ 276 277} + 0.4*{ 101 102} + 0.4*{ 277 279} + 0.2*{ 278 278} + 0.4*{ 278 279} + 0.4*{ 101 104} + 0.178885*{ 102} + 0.4*{ 102 104} + 0.2*{ 276 276} + -0.16*{} + 0.4*{ 101 103} = 0 

-0.2*{} + 1*{ 379 379} + 1*{ 378 378} = 0 

1*{ 303 328} + 1*{ 128 153} + 1*{ 302 327} + 1*{ 127 152} + 1*{ 301 326} + -1*{ 378} + 1*{ 126 151} + 1*{ 129 154} + 0.2*{} + 1*{ 304 329} = 0 

-1*{ 153 303} + -1*{ 152 302} + 1*{ 126 326} + 1*{ 127 327} + -1*{ 151 301} + -1*{ 154 304} + 1*{ 128 328} + 1*{ 129 329} + -1*{ 379} = 0 

-0.2*{} + 1*{ 301 301} + 1*{ 126 126} = 0 

-0.2*{} + 1*{ 302 302} + 1*{ 127 127} = 0 

-0.8*{} + 1*{ 303 303} + 1*{ 126 126} + 1*{ 301 301} + 1*{ 302 302} + 1*{ 127 127} + 1*{ 128 128} + 1*{ 129 129} + 1*{ 304 304} = 0 

0.2*{ 126 126} + 0.2*{ 129 129} + 0.4*{ 126 129} + 0.4*{ 127 129} + 0.4*{ 301 304} + 0.178885*{ 128} + 0.4*{ 127 128} + 0.4*{ 302 304} + 0.2*{ 127 127} + 0.178885*{ 127} + 0.2*{ 303 303} + 0.4*{ 128 129} + 0.178885*{ 129} + 0.2*{ 304 304} + 0.2*{ 301 301} + 0.2*{ 302 302} + 0.178885*{ 126} + 0.2*{ 128 128} + -0.16*{} + 0.4*{ 126 128} + 0.4*{ 301 303} + 0.4*{ 303 304} + 0.4*{ 302 303} + 0.4*{ 126 127} + 0.4*{ 301 302} = 0 

-0.2*{} + 1*{ 326 326} + 1*{ 151 151} = 0 

-0.2*{} + 1*{ 327 327} + 1*{ 152 152} = 0 

-0.8*{} + 1*{ 151 151} + 1*{ 326 326} + 1*{ 152 152} + 1*{ 327 327} + 1*{ 153 153} + 1*{ 328 328} + 1*{ 329 329} + 1*{ 154 154} = 0 

0.4*{ 326 327} + 0.4*{ 151 152} + 0.2*{ 329 329} + 0.4*{ 151 153} + 0.4*{ 326 329} + 0.178885*{ 151} + 0.4*{ 152 153} + -0.16*{} + 0.4*{ 153 154} + 0.2*{ 151 151} + 0.2*{ 154 154} + 0.4*{ 326 328} + 0.178885*{ 154} + 0.2*{ 328 328} + 0.4*{ 151 154} + 0.4*{ 327 329} + 0.2*{ 326 326} + 0.4*{ 328 329} + 0.2*{ 152 152} + 0.2*{ 327 327} + 0.4*{ 152 154} + 0.4*{ 327 328} + 0.178885*{ 153} + 0.2*{ 153 153} + 0.178885*{ 152} = 0 

set sizes: {3, 2, 1, 1, 1, 1, 1}, vars: 78, vectors: 10
1 9.319539e+00 9.319539e+00
2 3.516514e+03 9.319539e+00
3 1.123789e+05 9.319539e+00
4 4.054021e+04 9.319539e+00
5 1.462366e+04 9.319539e+00
6 5.274645e+03 9.319539e+00
7 1.902248e+03 9.319539e+00
8 6.858408e+02 9.319539e+00
9 2.471453e+02 9.319539e+00
10 8.896551e+01 9.319539e+00
11 3.197002e+01 9.319539e+00
12 1.143767e+01 9.319539e+00
13 4.063576e+00 4.063576e+00
14 1.432692e+00 1.432692e+00
15 4.961144e-01 4.961144e-01
16 1.747632e-01 1.747632e-01
17 5.890061e-02 5.890061e-02
18 1.997258e-02 1.997258e-02
19 6.792957e-03 6.792957e-03
20 2.302521e-03 2.302521e-03
21 7.659699e-04 7.659699e-04
22 2.651040e-04 2.651040e-04
23 9.882635e-05 9.882635e-05
24 3.944634e-05 3.944634e-05
25 1.546269e-05 1.546269e-05
26 6.031698e-06 6.031698e-06
27 2.379966e-06 2.379966e-06
28 9.598807e-07 9.598807e-07
29 4.162218e-07 4.162218e-07
30 1.892704e-07 1.892704e-07
31 1.054848e-07 1.054848e-07
32 5.185722e-08 5.185722e-08
33 3.140515e-08 3.140515e-08
34 1.735995e-08 1.735995e-08
35 1.188986e-08 1.188986e-08
36 6.443042e-09 6.443042e-09
37 4.238061e-09 4.238061e-09
38 2.413854e-09 2.413854e-09
39 1.642413e-09 1.642413e-09
40 9.194563e-10 9.194563e-10
41 6.078901e-10 6.078901e-10
42 3.502862e-10 3.502862e-10
43 2.344839e-10 2.344839e-10
44 1.343420e-10 1.343420e-10
45 8.687051e-11 8.687051e-11
46 5.135032e-11 5.135032e-11
47 3.265536e-11 3.265536e-11
48 1.631118e-11 1.631118e-11
49 7.406569e-12 7.406569e-12
50 4.958293e-12 4.958293e-12
51 1.728870e-12 1.728870e-12
52 1.712721e-12 1.712721e-12
53 1.681816e-09 1.712721e-12
54 5.087596e-10 1.712721e-12
55 1.539125e-10 1.712721e-12
56 4.657145e-11 1.712721e-12
57 1.409992e-11 1.712721e-12
58 4.265860e-12 1.712721e-12
59 1.295768e-12 1.295768e-12
60 3.246099e-13 3.246099e-13
61 9.747178e-14 9.747178e-14

x:  1.860484e-01  1.512506e-01 -2.207979e-01 -5.633464e-01 -3.242326e-01  2.696249e-01 -4.772293e-01 -1.546713e-01  4.135827e-01 -4.362522e-01  3.456187e-01  2.204547e-01 -4.381563e-01  3.862326e-01  6.505389e-02  5.387847e-01  1.580894e-02  1.498800e-01 -1.027686e-02  3.948270e-01 -1.459546e-01  3.699422e-01 -2.929475e-01 -7.753332e-02  4.066768e-01 -4.208601e-01 -1.227784e-01  1.371663e-01 -3.080150e-01 -3.567946e-01  7.217447e-02 -3.783118e-01 -1.701450e-01  9.840741e-02 -3.714612e-01  3.065355e-01  8.954939e-02  2.254427e-01 -3.230210e-01 -3.371201e-02 -4.469341e-01  4.213502e-01  3.943689e-01 -2.974544e-01  4.227260e-01  2.512823e-01  5.066307e-01 -2.269266e-01  3.371077e-01  2.938680e-01 -1.249724e-02 -4.470389e-01 -1.644128e-01  4.158947e-01 -4.428525e-01  6.230278e-02  3.099877e-01  3.223470e-01 -3.762389e-01  2.417525e-01  2.132428e-01  3.930999e-01  3.074424e-01  3.247756e-01  4.014169e-01 -1.971408e-01  1.081575e-01 -4.339377e-01  1.044769e-01 -4.348386e-01 -4.450445e-01  4.399332e-02  4.006259e-01  1.987432e-01  2.845059e-01 -3.450455e-01  4.097848e-01 -1.790988e-01  1.199063e-06

grad:  2.883899e-15 -5.973890e-17 -4.443915e-15 -5.756165e-15 -1.412631e-15  7.258058e-16 -2.989842e-15 -1.371215e-16  2.070042e-14 -2.228072e-14  1.108716e-14  5.365585e-15 -4.269226e-15  3.248435e-15 -2.909209e-16  8.185205e-15 -4.682671e-15  1.905906e-14 -1.111093e-14  2.726878e-14 -9.547334e-16  1.584510e-15 -6.339317e-17 -5.087378e-16  3.870900e-15 -6.131665e-15 -2.097040e-15  1.315902e-15 -8.913762e-17 -3.355449e-15 -4.130589e-15 -1.319077e-15 -3.068304e-17 -2.959297e-15 -2.528704e-14  1.999597e-14  6.938843e-16  2.292544e-15 -7.580233e-15  1.161663e-15 -3.483746e-14  3.633414e-14  3.546760e-14 -3.014447e-14  5.649078e-16  1.475214e-15  3.213366e-15 -1.012245e-15 -5.351140e-16 -2.041958e-15 -1.933335e-15 -5.962188e-15  1.151298e-15 -4.257825e-16 -1.464237e-14  3.509561e-15  1.399985e-15  1.688333e-15 -9.687661e-15  4.147136e-15 -2.247017e-15 -1.452200e-15  8.405339e-15  7.928366e-15  1.430813e-15 -1.685876e-16 -9.370560e-16 -3.648112e-15  1.790602e-14  8.215193e-15 -5.129235e-15  6.678484e-16  7.228783e-15  6.275812e-15  1.310143e-15 -9.872099e-16  2.878962e-15 -1.629116e-16  4.660489e-15

finished in 61 iterations (0.065 seconds total)
max viol = 3.55071e-08

---------------------
MUBs:
---------------------

{(1,0), (0,0), (0,0), (0,0), (0,0)}, {(0,0), (1,0), (0,0), (0,0), (0,0)}, {(0,0), (0,0), (1,0), (0,0), (0,0)}, {}, {}


{(0.447214,0), (0.447214,0), (0.447214,0), (0.447214,0), (0.447214,0)}, {(0.447214,0), (0.186048,0.406677), (0.151251,-0.42086), (-0.220798,-0.122778), (-0.563346,0.137166)}, {}, {}, {}


{(0.447214,0), (-0.324233,-0.308015), (0.269625,-0.356795), (-0.477229,0.0721745), (-0.154671,-0.378312)}, {}, {}, {}, {}


{(0.447214,0), (0.413583,-0.170145), (-0.436252,0.0984074), (0.345619,-0.371461), (0.220455,0.306536)}, {}, {}, {}, {}


{(0.447214,0), (-0.438156,0.0895494), (0.386233,0.225443), (0.0650539,-0.323021), (0.538785,-0.033712)}, {}, {}, {}, {}


{(0.447214,0), (0.0158089,-0.446934), (0.14988,0.42135), (-0.0102769,0.394369), (0.394827,-0.297454)}, {}, {}, {}, {}


{(0.447214,0), (-0.145955,0.422726), (0.369942,0.251282), (-0.292947,0.506631), (-0.0775333,-0.226927)}, {}, {}, {}, {}

---------------------
Abs of Gram matrix:
---------------------

 { { +1.0000, +0.0000, +0.0000, +0.0000, +0.0000, +0.4472, +0.4472, +0.0000, +0.0000, +0.0000, +0.4472, +0.0000, +0.0000, +0.0000, +0.0000, +0.4472, +0.0000, +0.0000, +0.0000, +0.0000, +0.4472, +0.0000, +0.0000, +0.0000, +0.0000, +0.4472, +0.0000, +0.0000, +0.0000, +0.0000, +0.4472, +0.0000, +0.0000, +0.0000, +0.0000}, 
   { +0.0000, +1.0000, +0.0000, +0.0000, +0.0000, +0.4472, +0.4472, +0.0000, +0.0000, +0.0000, +0.4472, +0.0000, +0.0000, +0.0000, +0.0000, +0.4472, +0.0000, +0.0000, +0.0000, +0.0000, +0.4472, +0.0000, +0.0000, +0.0000, +0.0000, +0.4472, +0.0000, +0.0000, +0.0000, +0.0000, +0.4472, +0.0000, +0.0000, +0.0000, +0.0000}, 
   { +0.0000, +0.0000, +1.0000, +0.0000, +0.0000, +0.4472, +0.4472, +0.0000, +0.0000, +0.0000, +0.4472, +0.0000, +0.0000, +0.0000, +0.0000, +0.4472, +0.0000, +0.0000, +0.0000, +0.0000, +0.4472, +0.0000, +0.0000, +0.0000, +0.0000, +0.4472, +0.0000, +0.0000, +0.0000, +0.0000, +0.4472, +0.0000, +0.0000, +0.0000, +0.0000}, 
   { +0.0000, +0.0000, +0.0000, +0.0000, +0.0000, +0.0000, +0.0000, +0.0000, +0.0000, +0.0000, +0.0000, +0.0000, +0.0000, +0.0000, +0.0000, +0.0000, +0.0000, +0.0000, +0.0000, +0.0000, +0.0000, +0.0000, +0.0000, +0.0000, +0.0000, +0.0000, +0.0000, +0.0000, +0.0000, +0.0000, +0.0000, +0.0000, +0.0000, +0.0000, +0.0000}, 
   { +0.0000, +0.0000, +0.0000, +0.0000, +0.0000, +0.0000, +0.0000, +0.0000, +0.0000, +0.0000, +0.0000, +0.0000, +0.0000, +0.0000, +0.0000, +0.0000, +0.0000, +0.0000, +0.0000, +0.0000, +0.0000, +0.0000, +0.0000, +0.0000, +0.0000, +0.0000, +0.0000, +0.0000, +0.0000, +0.0000, +0.0000, +0.0000, +0.0000, +0.0000, +0.0000}, 
   { +0.4472, +0.4472, +0.4472, +0.0000, +0.0000, +1.0000, +0.0002, +0.0000, +0.0000, +0.0000, +0.4472, +0.0000, +0.0000, +0.0000, +0.0000, +0.4472, +0.0000, +0.0000, +0.0000, +0.0000, +0.4472, +0.0000, +0.0000, +0.0000, +0.0000, +0.4472, +0.0000, +0.0000, +0.0000, +0.0000, +0.4472, +0.0000, +0.0000, +0.0000, +0.0000}, 
   { +0.4472, +0.4472, +0.4472, +0.0000, +0.0000, +0.0002, +1.0000, +0.0000, +0.0000, +0.0000, +0.4472, +0.0000, +0.0000, +0.0000, +0.0000, +0.4472, +0.0000, +0.0000, +0.0000, +0.0000, +0.4472, +0.0000, +0.0000, +0.0000, +0.0000, +0.4472, +0.0000, +0.0000, +0.0000, +0.0000, +0.4472, +0.0000, +0.0000, +0.0000, +0.0000}, 
   { +0.0000, +0.0000, +0.0000, +0.0000, +0.0000, +0.0000, +0.0000, +0.0000, +0.0000, +0.0000, +0.0000, +0.0000, +0.0000, +0.0000, +0.0000, +0.0000, +0.0000, +0.0000, +0.0000, +0.0000, +0.0000, +0.0000, +0.0000, +0.0000, +0.0000, +0.0000, +0.0000, +0.0000, +0.0000, +0.0000, +0.0000, +0.0000, +0.0000, +0.0000, +0.0000}, 
   { +0.0000, +0.0000, +0.0000, +0.0000, +0.0000, +0.0000, +0.0000, +0.0000, +0.0000, +0.0000, +0.0000, +0.0000, +0.0000, +0.0000, +0.0000, +0.0000, +0.0000, +0.0000, +0.0000, +0.0000, +0.0000, +0.0000, +0.0000, +0.0000, +0.0000, +0.0000, +0.0000, +0.0000, +0.0000, +0.0000, +0.0000, +0.0000, +0.0000, +0.0000, +0.0000}, 
   { +0.0000, +0.0000, +0.0000, +0.0000, +0.0000, +0.0000, +0.0000, +0.0000, +0.0000, +0.0000, +0.0000, +0.0000, +0.0000, +0.0000, +0.0000, +0.0000, +0.0000, +0.0000, +0.0000, +0.0000, +0.0000, +0.0000, +0.0000, +0.0000, +0.0000, +0.0000, +0.0000, +0.0000, +0.0000, +0.0000, +0.0000, +0.0000, +0.0000, +0.0000, +0.0000}, 
   { +0.4472, +0.4472, +0.4472, +0.0000, +0.0000, +0.4472, +0.4472, +0.0000, +0.0000, +0.0000, +1.0000, +0.0000, +0.0000, +0.0000, +0.0000, +0.4472, +0.0000, +0.0000, +0.0000, +0.0000, +0.4472, +0.0000, +0.0000, +0.0000, +0.0000, +0.4472, +0.0000, +0.0000, +0.0000, +0.0000, +0.4472, +0.0000, +0.0000, +0.0000, +0.0000}, 
   { +0.0000, +0.0000, +0.0000, +0.0000, +0.0000, +0.0000, +0.0000, +0.0000, +0.0000, +0.0000, +0.0000, +0.0000, +0.0000, +0.0000, +0.0000, +0.0000, +0.0000, +0.0000, +0.0000, +0.0000, +0.0000, +0.0000, +0.0000, +0.0000, +0.0000, +0.0000, +0.0000, +0.0000, +0.0000, +0.0000, +0.0000, +0.0000, +0.0000, +0.0000, +0.0000}, 
   { +0.0000, +0.0000, +0.0000, +0.0000, +0.0000, +0.0000, +0.0000, +0.0000, +0.0000, +0.0000, +0.0000, +0.0000, +0.0000, +0.0000, +0.0000, +0.0000, +0.0000, +0.0000, +0.0000, +0.0000, +0.0000, +0.0000, +0.0000, +0.0000, +0.0000, +0.0000, +0.0000, +0.0000, +0.0000, +0.0000, +0.0000, +0.0000, +0.0000, +0.0000, +0.0000}, 
   { +0.0000, +0.0000, +0.0000, +0.0000, +0.0000, +0.0000, +0.0000, +0.0000, +0.0000, +0.0000, +0.0000, +0.0000, +0.0000, +0.0000, +0.0000, +0.0000, +0.0000, +0.0000, +0.0000, +0.0000, +0.0000, +0.0000, +0.0000, +0.0000, +0.0000, +0.0000, +0.0000, +0.0000, +0.0000, +0.0000, +0.0000, +0.0000, +0.0000, +0.0000, +0.0000}, 
   { +0.0000, +0.0000, +0.0000, +0.0000, +0.0000, +0.0000, +0.0000, +0.0000, +0.0000, +0.0000, +0.0000, +0.0000, +0.0000, +0.0000, +0.0000, +0.0000, +0.0000, +0.0000, +0.0000, +0.0000, +0.0000, +0.0000, +0.0000, +0.0000, +0.0000, +0.0000, +0.0000, +0.0000, +0.0000, +0.0000, +0.0000, +0.0000, +0.0000, +0.0000, +0.0000}, 
   { +0.4472, +0.4472, +0.4472, +0.0000, +0.0000, +0.4472, +0.4472, +0.0000, +0.0000, +0.0000, +0.4472, +0.0000, +0.0000, +0.0000, +0.0000, +1.0000, +0.0000, +0.0000, +0.0000, +0.0000, +0.4472, +0.0000, +0.0000, +0.0000, +0.0000, +0.4472, +0.0000, +0.0000, +0.0000, +0.0000, +0.4472, +0.0000, +0.0000, +0.0000, +0.0000}, 
   { +0.0000, +0.0000, +0.0000, +0.0000, +0.0000, +0.0000, +0.0000, +0.0000, +0.0000, +0.0000, +0.0000, +0.0000, +0.0000, +0.0000, +0.0000, +0.0000, +0.0000, +0.0000, +0.0000, +0.0000, +0.0000, +0.0000, +0.0000, +0.0000, +0.0000, +0.0000, +0.0000, +0.0000, +0.0000, +0.0000, +0.0000, +0.0000, +0.0000, +0.0000, +0.0000}, 
   { +0.0000, +0.0000, +0.0000, +0.0000, +0.0000, +0.0000, +0.0000, +0.0000, +0.0000, +0.0000, +0.0000, +0.0000, +0.0000, +0.0000, +0.0000, +0.0000, +0.0000, +0.0000, +0.0000, +0.0000, +0.0000, +0.0000, +0.0000, +0.0000, +0.0000, +0.0000, +0.0000, +0.0000, +0.0000, +0.0000, +0.0000, +0.0000, +0.0000, +0.0000, +0.0000}, 
   { +0.0000, +0.0000, +0.0000, +0.0000, +0.0000, +0.0000, +0.0000, +0.0000, +0.0000, +0.0000, +0.0000, +0.0000, +0.0000, +0.0000, +0.0000, +0.0000, +0.0000, +0.0000, +0.0000, +0.0000, +0.0000, +0.0000, +0.0000, +0.0000, +0.0000, +0.0000, +0.0000, +0.0000, +0.0000, +0.0000, +0.0000, +0.0000, +0.0000, +0.0000, +0.0000}, 
   { +0.0000, +0.0000, +0.0000, +0.0000, +0.0000, +0.0000, +0.0000, +0.0000, +0.0000, +0.0000, +0.0000, +0.0000, +0.0000, +0.0000, +0.0000, +0.0000, +0.0000, +0.0000, +0.0000, +0.0000, +0.0000, +0.0000, +0.0000, +0.0000, +0.0000, +0.0000, +0.0000, +0.0000, +0.0000, +0.0000, +0.0000, +0.0000, +0.0000, +0.0000, +0.0000}, 
   { +0.4472, +0.4472, +0.4472, +0.0000, +0.0000, +0.4472, +0.4472, +0.0000, +0.0000, +0.0000, +0.4472, +0.0000, +0.0000, +0.0000, +0.0000, +0.4472, +0.0000, +0.0000, +0.0000, +0.0000, +1.0000, +0.0000, +0.0000, +0.0000, +0.0000, +0.4472, +0.0000, +0.0000, +0.0000, +0.0000, +0.4472, +0.0000, +0.0000, +0.0000, +0.0000}, 
   { +0.0000, +0.0000, +0.0000, +0.0000, +0.0000, +0.0000, +0.0000, +0.0000, +0.0000, +0.0000, +0.0000, +0.0000, +0.0000, +0.0000, +0.0000, +0.0000, +0.0000, +0.0000, +0.0000, +0.0000, +0.0000, +0.0000, +0.0000, +0.0000, +0.0000, +0.0000, +0.0000, +0.0000, +0.0000, +0.0000, +0.0000, +0.0000, +0.0000, +0.0000, +0.0000}, 
   { +0.0000, +0.0000, +0.0000, +0.0000, +0.0000, +0.0000, +0.0000, +0.0000, +0.0000, +0.0000, +0.0000, +0.0000, +0.0000, +0.0000, +0.0000, +0.0000, +0.0000, +0.0000, +0.0000, +0.0000, +0.0000, +0.0000, +0.0000, +0.0000, +0.0000, +0.0000, +0.0000, +0.0000, +0.0000, +0.0000, +0.0000, +0.0000, +0.0000, +0.0000, +0.0000}, 
   { +0.0000, +0.0000, +0.0000, +0.0000, +0.0000, +0.0000, +0.0000, +0.0000, +0.0000, +0.0000, +0.0000, +0.0000, +0.0000, +0.0000, +0.0000, +0.0000, +0.0000, +0.0000, +0.0000, +0.0000, +0.0000, +0.0000, +0.0000, +0.0000, +0.0000, +0.0000, +0.0000, +0.0000, +0.0000, +0.0000, +0.0000, +0.0000, +0.0000, +0.0000, +0.0000}, 
   { +0.0000, +0.0000, +0.0000, +0.0000, +0.0000, +0.0000, +0.0000, +0.0000, +0.0000, +0.0000, +0.0000, +0.0000, +0.0000, +0.0000, +0.0000, +0.0000, +0.0000, +0.0000, +0.0000, +0.0000, +0.0000, +0.0000, +0.0000, +0.0000, +0.0000, +0.0000, +0.0000, +0.0000, +0.0000, +0.0000, +0.0000, +0.0000, +0.0000, +0.0000, +0.0000}, 
   { +0.4472, +0.4472, +0.4472, +0.0000, +0.0000, +0.4472, +0.4472, +0.0000, +0.0000, +0.0000, +0.4472, +0.0000, +0.0000, +0.0000, +0.0000, +0.4472, +0.0000, +0.0000, +0.0000, +0.0000, +0.4472, +0.0000, +0.0000, +0.0000, +0.0000, +1.0000, +0.0000, +0.0000, +0.0000, +0.0000, +0.4472, +0.0000, +0.0000, +0.0000, +0.0000}, 
   { +0.0000, +0.0000, +0.0000, +0.0000, +0.0000, +0.0000, +0.0000, +0.0000, +0.0000, +0.0000, +0.0000, +0.0000, +0.0000, +0.0000, +0.0000, +0.0000, +0.0000, +0.0000, +0.0000, +0.0000, +0.0000, +0.0000, +0.0000, +0.0000, +0.0000, +0.0000, +0.0000, +0.0000, +0.0000, +0.0000, +0.0000, +0.0000, +0.0000, +0.0000, +0.0000}, 
   { +0.0000, +0.0000, +0.0000, +0.0000, +0.0000, +0.0000, +0.0000, +0.0000, +0.0000, +0.0000, +0.0000, +0.0000, +0.0000, +0.0000, +0.0000, +0.0000, +0.0000, +0.0000, +0.0000, +0.0000, +0.0000, +0.0000, +0.0000, +0.0000, +0.0000, +0.0000, +0.0000, +0.0000, +0.0000, +0.0000, +0.0000, +0.0000, +0.0000, +0.0000, +0.0000}, 
   { +0.0000, +0.0000, +0.0000, +0.0000, +0.0000, +0.0000, +0.0000, +0.0000, +0.0000, +0.0000, +0.0000, +0.0000, +0.0000, +0.0000, +0.0000, +0.0000, +0.0000, +0.0000, +0.0000, +0.0000, +0.0000, +0.0000, +0.0000, +0.0000, +0.0000, +0.0000, +0.0000, +0.0000, +0.0000, +0.0000, +0.0000, +0.0000, +0.0000, +0.0000, +0.0000}, 
   { +0.0000, +0.0000, +0.0000, +0.0000, +0.0000, +0.0000, +0.0000, +0.0000, +0.0000, +0.0000, +0.0000, +0.0000, +0.0000, +0.0000, +0.0000, +0.0000, +0.0000, +0.0000, +0.0000, +0.0000, +0.0000, +0.0000, +0.0000, +0.0000, +0.0000, +0.0000, +0.0000, +0.0000, +0.0000, +0.0000, +0.0000, +0.0000, +0.0000, +0.0000, +0.0000}, 
   { +0.4472, +0.4472, +0.4472, +0.0000, +0.0000, +0.4472, +0.4472, +0.0000, +0.0000, +0.0000, +0.4472, +0.0000, +0.0000, +0.0000, +0.0000, +0.4472, +0.0000, +0.0000, +0.0000, +0.0000, +0.4472, +0.0000, +0.0000, +0.0000, +0.0000, +0.4472, +0.0000, +0.0000, +0.0000, +0.0000, +1.0000, +0.0000, +0.0000, +0.0000, +0.0000}, 
   { +0.0000, +0.0000, +0.0000, +0.0000, +0.0000, +0.0000, +0.0000, +0.0000, +0.0000, +0.0000, +0.0000, +0.0000, +0.0000, +0.0000, +0.0000, +0.0000, +0.0000, +0.0000, +0.0000, +0.0000, +0.0000, +0.0000, +0.0000, +0.0000, +0.0000, +0.0000, +0.0000, +0.0000, +0.0000, +0.0000, +0.0000, +0.0000, +0.0000, +0.0000, +0.0000}, 
   { +0.0000, +0.0000, +0.0000, +0.0000, +0.0000, +0.0000, +0.0000, +0.0000, +0.0000, +0.0000, +0.0000, +0.0000, +0.0000, +0.0000, +0.0000, +0.0000, +0.0000, +0.0000, +0.0000, +0.0000, +0.0000, +0.0000, +0.0000, +0.0000, +0.0000, +0.0000, +0.0000, +0.0000, +0.0000, +0.0000, +0.0000, +0.0000, +0.0000, +0.0000, +0.0000}, 
   { +0.0000, +0.0000, +0.0000, +0.0000, +0.0000, +0.0000, +0.0000, +0.0000, +0.0000, +0.0000, +0.0000, +0.0000, +0.0000, +0.0000, +0.0000, +0.0000, +0.0000, +0.0000, +0.0000, +0.0000, +0.0000, +0.0000, +0.0000, +0.0000, +0.0000, +0.0000, +0.0000, +0.0000, +0.0000, +0.0000, +0.0000, +0.0000, +0.0000, +0.0000, +0.0000}, 
   { +0.0000, +0.0000, +0.0000, +0.0000, +0.0000, +0.0000, +0.0000, +0.0000, +0.0000, +0.0000, +0.0000, +0.0000, +0.0000, +0.0000, +0.0000, +0.0000, +0.0000, +0.0000, +0.0000, +0.0000, +0.0000, +0.0000, +0.0000, +0.0000, +0.0000, +0.0000, +0.0000, +0.0000, +0.0000, +0.0000, +0.0000, +0.0000, +0.0000, +0.0000, +0.0000} } 
