---------------------
Basis Indices:
---------------------

{-, -, -, -, -}, {-, -, -, -, -}, {-, -, -, -, -}, {}, {}


{-, -, -, -, -}, {-, 31+i206, 32+i207, 33+i208, 34+i209}, {-, 36+i211, 37+i212, 38+i213, 39+i214}, {}, {}


{-, 51+i226, 52+i227, 53+i228, 54+i229}, {}, {}, {}, {}


{-, 76+i251, 77+i252, 78+i253, 79+i254}, {}, {}, {}, {}


{-, 101+i276, 102+i277, 103+i278, 104+i279}, {}, {}, {}, {}


{-, 126+i301, 127+i302, 128+i303, 129+i304}, {}, {}, {}, {}


{-, 151+i326, 152+i327, 153+i328, 154+i329}, {}, {}, {}, {}

---------------------
Problem: 
---------------------
Find a point satisfying:

1*{ 208 213} + 1*{  32  37} + 1*{  33  38} + 1*{ 206 211} + 1*{ 209 214} + 0.2*{} + 1*{  31  36} + 1*{ 207 212} + 1*{  34  39} = 0 

1*{  33 213} + -1*{  37 207} + 1*{  32 212} + -1*{  36 206} + 1*{  31 211} + -1*{  38 208} + 1*{  34 214} + -1*{  39 209} = 0 

-0.2*{} + 1*{ 351 351} + 1*{ 350 350} = 0 

1*{ 208 228} + 1*{  33  53} + 1*{ 207 227} + 1*{  32  52} + 1*{ 209 229} + 1*{  34  54} + 1*{  31  51} + 1*{ 206 226} + 0.2*{} + -1*{ 350} = 0 

-1*{  53 208} + 1*{  31 226} + -1*{  52 207} + 1*{  33 228} + 1*{  32 227} + -1*{  51 206} + 1*{  34 229} + -1*{  54 209} + -1*{ 351} = 0 

-0.2*{} + 1*{ 353 353} + 1*{ 352 352} = 0 

1*{ 207 252} + 1*{ 208 253} + 1*{  32  77} + -1*{ 352} + 1*{  33  78} + 1*{ 206 251} + 0.2*{} + 1*{  31  76} + 1*{  34  79} + 1*{ 209 254} = 0 

1*{  33 253} + -1*{  77 207} + 1*{  32 252} + -1*{  78 208} + 1*{  34 254} + -1*{  76 206} + -1*{  79 209} + 1*{  31 251} + -1*{ 353} = 0 

-0.2*{} + 1*{ 355 355} + 1*{ 354 354} = 0 

1*{ 208 278} + 1*{  33 103} + 0.2*{} + 1*{  32 102} + 1*{ 207 277} + 1*{ 206 276} + 1*{  31 101} + 1*{ 209 279} + 1*{  34 104} + -1*{ 354} = 0 

1*{  32 277} + -1*{ 101 206} + -1*{ 102 207} + -1*{ 103 208} + 1*{  34 279} + 1*{  31 276} + -1*{ 104 209} + 1*{  33 278} + -1*{ 355} = 0 

-0.2*{} + 1*{ 357 357} + 1*{ 356 356} = 0 

1*{ 208 303} + 1*{  33 128} + -1*{ 356} + 1*{  32 127} + 1*{ 206 301} + 1*{ 207 302} + 1*{ 209 304} + 1*{  31 126} + 0.2*{} + 1*{  34 129} = 0 

-1*{ 127 207} + 1*{  33 303} + 1*{  32 302} + -1*{ 126 206} + 1*{  31 301} + -1*{ 129 209} + -1*{ 357} + -1*{ 128 208} + 1*{  34 304} = 0 

-0.2*{} + 1*{ 359 359} + 1*{ 358 358} = 0 

1*{ 208 328} + 1*{  33 153} + 1*{ 206 326} + 0.2*{} + 1*{  32 152} + 1*{ 209 329} + 1*{ 207 327} + -1*{ 358} + 1*{  31 151} + 1*{  34 154} = 0 

-1*{ 152 207} + -1*{ 151 206} + -1*{ 359} + 1*{  32 327} + -1*{ 153 208} + 1*{  31 326} + 1*{  34 329} + 1*{  33 328} + -1*{ 154 209} = 0 

-0.2*{} + 1*{ 206 206} + 1*{  31  31} = 0 

-0.2*{} + 1*{ 207 207} + 1*{  32  32} = 0 

-0.8*{} + 1*{  33  33} + 1*{ 208 208} + 1*{  31  31} + 1*{ 206 206} + 1*{  32  32} + 1*{ 207 207} + 1*{  34  34} + 1*{ 209 209} = 0 

0.4*{  32  33} + 0.2*{ 206 206} + 0.4*{ 206 209} + 0.2*{  31  31} + 0.4*{  31  32} + 0.2*{  32  32} + 0.178885*{  34} + 0.4*{  31  34} + 0.178885*{  33} + 0.178885*{  32} + 0.2*{  33  33} + 0.4*{  33  34} + 0.04*{} + 0.4*{ 207 208} + 0.4*{ 207 209} + 0.2*{ 208 208} + 0.4*{  31  33} + 0.2*{ 207 207} + 0.4*{ 208 209} + 0.4*{ 206 207} + 0.2*{ 209 209} + 0.2*{  34  34} + 0.178885*{  31} + 0.4*{ 206 208} + 0.4*{  32  34} = 0 

-0.2*{} + 1*{ 361 361} + 1*{ 360 360} = 0 

1*{  37  52} + -1*{ 360} + 0.2*{} + 1*{ 211 226} + 1*{ 212 227} + 1*{  39  54} + 1*{ 213 228} + 1*{  38  53} + 1*{ 214 229} + 1*{  36  51} = 0 

-1*{  53 213} + 1*{  39 229} + 1*{  37 227} + 1*{  36 226} + -1*{  52 212} + -1*{  51 211} + -1*{  54 214} + 1*{  38 228} + -1*{ 361} = 0 

-0.2*{} + 1*{ 363 363} + 1*{ 362 362} = 0 

1*{ 213 253} + 1*{  37  77} + 1*{  38  78} + 1*{  36  76} + 1*{ 211 251} + -1*{ 362} + 0.2*{} + 1*{  39  79} + 1*{ 212 252} + 1*{ 214 254} = 0 

1*{  38 253} + -1*{  76 211} + -1*{  78 213} + -1*{  77 212} + 1*{  37 252} + 1*{  36 251} + 1*{  39 254} + -1*{  79 214} + -1*{ 363} = 0 

-0.2*{} + 1*{ 365 365} + 1*{ 364 364} = 0 

1*{  36 101} + 1*{ 213 278} + 1*{  38 103} + 0.2*{} + 1*{ 211 276} + 1*{  37 102} + 1*{  39 104} + 1*{ 214 279} + 1*{ 212 277} + -1*{ 364} = 0 

1*{  38 278} + -1*{ 103 213} + 1*{  37 277} + -1*{ 102 212} + -1*{ 104 214} + -1*{ 101 211} + 1*{  36 276} + -1*{ 365} + 1*{  39 279} = 0 

-0.2*{} + 1*{ 367 367} + 1*{ 366 366} = 0 

1*{ 213 303} + -1*{ 366} + 1*{ 212 302} + 1*{  37 127} + 1*{  38 128} + 1*{ 211 301} + 1*{  36 126} + 1*{  39 129} + 0.2*{} + 1*{ 214 304} = 0 

1*{  38 303} + -1*{ 127 212} + -1*{ 126 211} + 1*{  37 302} + -1*{ 129 214} + 1*{  36 301} + 1*{  39 304} + -1*{ 367} + -1*{ 128 213} = 0 

-0.2*{} + 1*{ 369 369} + 1*{ 368 368} = 0 

1*{  38 153} + -1*{ 368} + 1*{ 211 326} + 1*{ 212 327} + 1*{  36 151} + 1*{ 213 328} + 1*{  37 152} + 1*{  39 154} + 0.2*{} + 1*{ 214 329} = 0 

-1*{ 153 213} + 1*{  37 327} + 1*{  38 328} + -1*{ 369} + 1*{  39 329} + -1*{ 151 211} + 1*{  36 326} + -1*{ 152 212} + -1*{ 154 214} = 0 

-0.2*{} + 1*{ 211 211} + 1*{  36  36} = 0 

-0.2*{} + 1*{ 212 212} + 1*{  37  37} = 0 

-0.8*{} + 1*{  38  38} + 1*{  36  36} + 1*{ 212 212} + 1*{ 211 211} + 1*{  37  37} + 1*{ 213 213} + 1*{  39  39} + 1*{ 214 214} = 0 

0.4*{  37  38} + 0.2*{  38  38} + 0.4*{ 211 212} + 0.4*{ 211 213} + 0.2*{  36  36} + 0.4*{  36  37} + 0.4*{  36  38} + 0.4*{  36  39} + 0.2*{  39  39} + 0.4*{ 211 214} + 0.4*{ 213 214} + 0.178885*{  38} + 0.2*{ 213 213} + 0.4*{ 212 213} + 0.2*{  37  37} + 0.4*{  37  39} + 0.2*{ 211 211} + 0.4*{ 212 214} + 0.4*{  38  39} + 0.178885*{  37} + 0.2*{ 212 212} + 0.178885*{  36} + 0.2*{ 214 214} + 0.04*{} + 0.178885*{  39} = 0 

-0.2*{} + 1*{ 371 371} + 1*{ 370 370} = 0 

1*{ 228 253} + 1*{  53  78} + 1*{ 226 251} + 0.2*{} + 1*{ 227 252} + 1*{  51  76} + 1*{ 229 254} + 1*{  52  77} + 1*{  54  79} + -1*{ 370} = 0 

-1*{  78 228} + 1*{  53 253} + -1*{  79 229} + -1*{  77 227} + 1*{  52 252} + 1*{  54 254} + -1*{  76 226} + 1*{  51 251} + -1*{ 371} = 0 

-0.2*{} + 1*{ 373 373} + 1*{ 372 372} = 0 

1*{  52 102} + 1*{ 229 279} + 1*{ 228 278} + 1*{ 226 276} + 1*{  53 103} + 1*{  51 101} + 1*{  54 104} + 0.2*{} + 1*{ 227 277} + -1*{ 372} = 0 

-1*{ 103 228} + 1*{  53 278} + -1*{ 102 227} + -1*{ 101 226} + 1*{  51 276} + 1*{  52 277} + 1*{  54 279} + -1*{ 104 229} + -1*{ 373} = 0 

-0.2*{} + 1*{ 375 375} + 1*{ 374 374} = 0 

1*{ 228 303} + 1*{  53 128} + 1*{  54 129} + 1*{ 227 302} + 1*{  52 127} + 1*{ 226 301} + 1*{  51 126} + 0.2*{} + 1*{ 229 304} + -1*{ 374} = 0 

-1*{ 128 228} + -1*{ 127 227} + 1*{  52 302} + 1*{  51 301} + 1*{  54 304} + 1*{  53 303} + -1*{ 126 226} + -1*{ 129 229} + -1*{ 375} = 0 

1*{ 377 377} + -0.2*{} + 1*{ 376 376} = 0 

1*{  52 152} + 0.2*{} + 1*{ 226 326} + 1*{  53 153} + 1*{ 228 328} + 1*{  51 151} + 1*{ 227 327} + 1*{  54 154} + 1*{ 229 329} + -1*{ 376} = 0 

1*{  51 326} + 1*{  53 328} + -1*{ 152 227} + 1*{  52 327} + -1*{ 153 228} + -1*{ 151 226} + 1*{  54 329} + -1*{ 377} + -1*{ 154 229} = 0 

-0.2*{} + 1*{ 226 226} + 1*{  51  51} = 0 

-0.2*{} + 1*{ 227 227} + 1*{  52  52} = 0 

-0.8*{} + 1*{  53  53} + 1*{  51  51} + 1*{ 226 226} + 1*{  52  52} + 1*{  54  54} + 1*{ 227 227} + 1*{ 229 229} + 1*{ 228 228} = 0 

0.4*{ 226 227} + 0.4*{ 227 228} + 0.4*{  51  53} + 0.4*{  51  52} + 0.2*{ 228 228} + 0.178885*{  53} + 0.2*{ 226 226} + -0.16*{} + 0.2*{  54  54} + 0.4*{ 228 229} + 0.178885*{  54} + 0.2*{  53  53} + 0.4*{ 226 228} + 0.4*{  52  53} + 0.4*{  53  54} + 0.2*{  52  52} + 0.4*{ 227 229} + 0.178885*{  51} + 0.2*{  51  51} + 0.4*{  51  54} + 0.2*{ 229 229} + 0.178885*{  52} + 0.2*{ 227 227} + 0.4*{  52  54} + 0.4*{ 226 229} = 0 

-0.2*{} + 1*{ 379 379} + 1*{ 378 378} = 0 

1*{ 253 278} + 1*{  77 102} + 1*{ 251 276} + 1*{  78 103} + 1*{  79 104} + 1*{  76 101} + 1*{ 252 277} + -1*{ 378} + 1*{ 254 279} + 0.2*{} = 0 

-1*{ 103 253} + 1*{  76 276} + -1*{ 102 252} + -1*{ 379} + 1*{  79 279} + 1*{  78 278} + 1*{  77 277} + -1*{ 104 254} + -1*{ 101 251} = 0 

-0.2*{} + 1*{ 381 381} + 1*{ 380 380} = 0 

1*{  78 128} + 1*{  77 127} + 1*{ 253 303} + 1*{ 252 302} + 1*{  76 126} + -1*{ 380} + 1*{ 251 301} + 1*{  79 129} + 0.2*{} + 1*{ 254 304} = 0 

1*{  78 303} + -1*{ 126 251} + 1*{  77 302} + 1*{  76 301} + 1*{  79 304} + -1*{ 129 254} + -1*{ 128 253} + -1*{ 127 252} + -1*{ 381} = 0 

-0.2*{} + 1*{ 383 383} + 1*{ 382 382} = 0 

1*{ 252 327} + 1*{ 251 326} + 1*{  76 151} + 1*{  79 154} + 1*{ 253 328} + 1*{ 254 329} + 1*{  77 152} + 0.2*{} + 1*{  78 153} + -1*{ 382} = 0 

-1*{ 151 251} + -1*{ 153 253} + 1*{  78 328} + 1*{  77 327} + -1*{ 154 254} + 1*{  76 326} + -1*{ 152 252} + 1*{  79 329} + -1*{ 383} = 0 

-0.2*{} + 1*{ 251 251} + 1*{  76  76} = 0 

-0.2*{} + 1*{ 252 252} + 1*{  77  77} = 0 

-0.8*{} + 1*{  76  76} + 1*{  78  78} + 1*{ 251 251} + 1*{  79  79} + 1*{  77  77} + 1*{ 252 252} + 1*{ 253 253} + 1*{ 254 254} = 0 

0.4*{  77  79} + 0.2*{  76  76} + 0.4*{  76  77} + 0.4*{  76  79} + 0.178885*{  77} + 0.2*{ 252 252} + 0.178885*{  76} + 0.2*{ 251 251} + 0.178885*{  79} + 0.2*{ 254 254} + 0.4*{ 252 253} + 0.2*{  78  78} + -0.16*{} + 0.4*{  77  78} + 0.4*{ 252 254} + 0.4*{  78  79} + 0.2*{  79  79} + 0.2*{ 253 253} + 0.2*{  77  77} + 0.178885*{  78} + 0.4*{  76  78} + 0.4*{ 251 252} + 0.4*{ 251 253} + 0.4*{ 251 254} + 0.4*{ 253 254} = 0 

-0.2*{} + 1*{ 385 385} + 1*{ 384 384} = 0 

1*{ 103 128} + 1*{ 277 302} + 1*{ 278 303} + 1*{ 102 127} + 1*{ 276 301} + 1*{ 104 129} + 1*{ 279 304} + 1*{ 101 126} + 0.2*{} + -1*{ 384} = 0 

-1*{ 128 278} + -1*{ 127 277} + 1*{ 102 302} + -1*{ 129 279} + 1*{ 104 304} + 1*{ 101 301} + 1*{ 103 303} + -1*{ 126 276} + -1*{ 385} = 0 

-0.2*{} + 1*{ 387 387} + 1*{ 386 386} = 0 

1*{ 278 328} + -1*{ 386} + 1*{ 277 327} + 1*{ 104 154} + 1*{ 276 326} + 1*{ 101 151} + 1*{ 103 153} + 0.2*{} + 1*{ 102 152} + 1*{ 279 329} = 0 

-1*{ 153 278} + -1*{ 152 277} + 1*{ 102 327} + 1*{ 101 326} + -1*{ 151 276} + -1*{ 154 279} + 1*{ 104 329} + 1*{ 103 328} + -1*{ 387} = 0 

-0.2*{} + 1*{ 276 276} + 1*{ 101 101} = 0 

-0.2*{} + 1*{ 277 277} + 1*{ 102 102} = 0 

-0.8*{} + 1*{ 101 101} + 1*{ 276 276} + 1*{ 102 102} + 1*{ 277 277} + 1*{ 279 279} + 1*{ 103 103} + 1*{ 104 104} + 1*{ 278 278} = 0 

0.4*{ 276 278} + 0.4*{ 103 104} + 0.4*{ 102 103} + 0.2*{ 102 102} + 0.178885*{ 101} + 0.2*{ 101 101} + 0.2*{ 103 103} + 0.2*{ 279 279} + 0.4*{ 276 279} + 0.2*{ 277 277} + 0.4*{ 277 278} + 0.2*{ 104 104} + 0.178885*{ 103} + 0.178885*{ 104} + 0.4*{ 276 277} + 0.4*{ 101 102} + 0.4*{ 277 279} + 0.2*{ 278 278} + 0.4*{ 278 279} + 0.4*{ 101 104} + 0.178885*{ 102} + 0.4*{ 102 104} + 0.2*{ 276 276} + -0.16*{} + 0.4*{ 101 103} = 0 

-0.2*{} + 1*{ 389 389} + 1*{ 388 388} = 0 

1*{ 303 328} + 1*{ 128 153} + 1*{ 302 327} + -1*{ 388} + 1*{ 127 152} + 1*{ 301 326} + 1*{ 126 151} + 1*{ 129 154} + 0.2*{} + 1*{ 304 329} = 0 

-1*{ 153 303} + -1*{ 152 302} + 1*{ 126 326} + 1*{ 127 327} + -1*{ 151 301} + 1*{ 129 329} + -1*{ 154 304} + 1*{ 128 328} + -1*{ 389} = 0 

-0.2*{} + 1*{ 301 301} + 1*{ 126 126} = 0 

-0.2*{} + 1*{ 302 302} + 1*{ 127 127} = 0 

-0.8*{} + 1*{ 303 303} + 1*{ 126 126} + 1*{ 301 301} + 1*{ 302 302} + 1*{ 127 127} + 1*{ 128 128} + 1*{ 129 129} + 1*{ 304 304} = 0 

0.2*{ 126 126} + 0.2*{ 129 129} + 0.4*{ 126 129} + 0.4*{ 127 129} + 0.4*{ 301 304} + 0.178885*{ 128} + 0.4*{ 127 128} + 0.4*{ 302 304} + 0.2*{ 127 127} + 0.178885*{ 127} + 0.2*{ 303 303} + 0.4*{ 128 129} + 0.178885*{ 129} + 0.2*{ 304 304} + 0.2*{ 301 301} + 0.2*{ 302 302} + 0.178885*{ 126} + 0.2*{ 128 128} + -0.16*{} + 0.4*{ 126 128} + 0.4*{ 301 303} + 0.4*{ 303 304} + 0.4*{ 302 303} + 0.4*{ 126 127} + 0.4*{ 301 302} = 0 

-0.2*{} + 1*{ 326 326} + 1*{ 151 151} = 0 

-0.2*{} + 1*{ 327 327} + 1*{ 152 152} = 0 

-0.8*{} + 1*{ 151 151} + 1*{ 326 326} + 1*{ 152 152} + 1*{ 327 327} + 1*{ 153 153} + 1*{ 328 328} + 1*{ 329 329} + 1*{ 154 154} = 0 

0.4*{ 326 327} + 0.4*{ 151 152} + 0.2*{ 329 329} + 0.4*{ 151 153} + 0.4*{ 326 329} + 0.178885*{ 151} + 0.4*{ 152 153} + -0.16*{} + 0.4*{ 153 154} + 0.2*{ 151 151} + 0.2*{ 154 154} + 0.4*{ 326 328} + 0.178885*{ 154} + 0.2*{ 328 328} + 0.4*{ 151 154} + 0.4*{ 327 329} + 0.2*{ 326 326} + 0.4*{ 328 329} + 0.2*{ 152 152} + 0.2*{ 327 327} + 0.4*{ 152 154} + 0.4*{ 327 328} + 0.178885*{ 153} + 0.2*{ 153 153} + 0.178885*{ 152} = 0 

set sizes: {3, 3, 1, 1, 1, 1, 1}, vars: 96, vectors: 11
1 1.003357e+01 1.003357e+01
2 1.080099e+02 1.003357e+01
3 6.794358e+01 1.003357e+01
4 2.407031e+01 1.003357e+01
5 8.431119e+00 8.431119e+00
6 2.951653e+00 2.951653e+00
7 1.071498e+00 1.071498e+00
8 4.035401e-01 4.035401e-01
9 1.635259e-01 1.635259e-01
10 3.200227e+01 1.635259e-01
11 1.127038e+01 1.635259e-01
12 3.955114e+00 1.635259e-01
13 5.951666e+02 1.635259e-01
14 2.134888e+02 1.635259e-01
15 7.636481e+01 1.635259e-01
16 2.719900e+01 1.635259e-01
17 1.126947e+01 1.635259e-01
18 3.965757e+00 1.635259e-01
19 1.504116e+00 1.635259e-01
20 5.600835e-01 1.635259e-01
21 1.886211e+01 1.635259e-01
22 6.496852e+00 1.635259e-01
23 2.209535e+00 1.635259e-01
24 7.453794e-01 1.635259e-01
25 2.532057e-01 1.635259e-01
26 9.061666e-02 9.061666e-02
27 3.811568e-02 3.811568e-02
28 2.638359e-01 3.811568e-02
29 1.018864e-01 3.811568e-02
30 3.515557e-02 3.515557e-02
31 1.393957e-02 1.393957e-02
32 9.047566e-03 9.047566e-03
33 5.756387e-01 9.047566e-03
34 1.897349e-01 9.047566e-03
35 6.228028e-02 9.047566e-03
36 2.076205e-02 9.047566e-03
37 7.381053e-03 7.381053e-03
38 3.197080e-03 3.197080e-03
39 4.680524e-03 3.197080e-03
40 1.767777e-03 1.767777e-03
41 1.145766e-03 1.145766e-03
42 5.709633e+02 1.145766e-03
43 2.385472e+02 1.145766e-03
44 8.457583e+01 1.145766e-03
45 2.976389e+01 1.145766e-03
46 1.038705e+01 1.145766e-03
47 3.595502e+00 1.145766e-03
48 1.238485e+00 1.145766e-03
49 4.270740e-01 1.145766e-03
50 1.481432e-01 1.145766e-03
51 5.213533e-02 1.145766e-03
52 1.877067e-02 1.145766e-03
53 7.023537e-03 1.145766e-03
54 2.852141e-03 1.145766e-03
55 1.306521e-03 1.145766e-03
56 7.313965e-04 7.313965e-04
57 3.423661e-04 3.423661e-04
58 3.700635e-04 3.423661e-04
59 1.376634e-04 1.376634e-04
60 6.321896e-05 6.321896e-05
61 4.167136e-05 4.167136e-05
62 1.776395e-05 1.776395e-05
63 9.067284e-06 9.067284e-06
64 4.066207e-06 4.066207e-06
65 2.456084e-06 2.456084e-06
66 1.066160e-06 1.066160e-06
67 5.557753e-07 5.557753e-07
68 2.544830e-07 2.544830e-07
69 1.625875e-07 1.625875e-07
70 7.335109e-08 7.335109e-08
71 4.849479e-08 4.849479e-08
72 2.348654e-08 2.348654e-08
73 4.776542e-08 2.348654e-08
74 1.698365e-08 1.698365e-08
75 9.475624e-09 9.475624e-09
76 3.247055e-06 9.475624e-09
77 9.836657e-07 9.475624e-09
78 2.985194e-07 9.475624e-09
79 9.115803e-08 9.475624e-09
80 2.839469e-08 9.475624e-09
81 9.407567e-09 9.407567e-09
82 3.767175e-09 3.767175e-09
83 2.519673e-09 2.519673e-09
84 2.461163e-06 2.519673e-09
85 7.454025e-07 2.519673e-09
86 2.261828e-07 2.519673e-09
87 6.908152e-08 2.519673e-09
88 2.155931e-08 2.519673e-09
89 7.233285e-09 2.519673e-09
90 3.152168e-09 2.519673e-09
91 5.454605e-09 2.519673e-09
92 2.288721e-09 2.288721e-09
93 2.524547e-07 2.288721e-09
94 7.663162e-08 2.288721e-09
95 2.343856e-08 2.288721e-09
96 7.351285e-09 2.288721e-09
97 2.508932e-09 2.288721e-09
98 1.162270e-09 1.162270e-09
99 1.224139e-08 1.162270e-09
100 3.835280e-09 1.162270e-09
101 1.305899e-09 1.162270e-09
102 6.104093e-10 6.104093e-10
103 5.229987e-09 6.104093e-10
104 1.655848e-09 6.104093e-10
105 5.843155e-10 5.843155e-10
106 3.111821e-10 3.111821e-10
107 2.412964e-08 3.111821e-10
108 7.322989e-09 3.111821e-10
109 2.238878e-09 3.111821e-10
110 7.016498e-10 3.111821e-10
111 2.395759e-10 2.395759e-10
112 1.140561e-10 1.140561e-10
113 1.176074e-09 1.140561e-10
114 3.684347e-10 1.140561e-10
115 1.255139e-10 1.140561e-10
116 5.876305e-11 5.876305e-11
117 6.209814e-10 5.876305e-11
118 1.945378e-10 5.876305e-11
119 6.619198e-11 5.876305e-11
120 3.060414e-11 3.060414e-11
121 2.938950e-10 3.060414e-11
122 9.234969e-11 3.060414e-11
123 3.171508e-11 3.060414e-11
124 1.538552e-11 1.538552e-11
125 3.079111e-10 1.538552e-11
126 9.451792e-11 1.538552e-11
127 3.003014e-11 1.538552e-11
128 1.078058e-11 1.078058e-11
129 7.094220e-12 7.094220e-12
130 2.825244e-04 7.094220e-12
131 8.653501e-05 7.094220e-12
132 2.684635e-05 7.094220e-12
133 8.616230e-06 7.094220e-12
134 2.981639e-06 7.094220e-12
135 1.153698e-06 7.094220e-12
136 4.740699e-07 7.094220e-12
137 2.003758e-07 7.094220e-12
138 8.624742e-08 7.094220e-12
139 3.897733e-08 7.094220e-12
140 1.838008e-08 7.094220e-12
141 1.201356e-08 7.094220e-12
142 5.871818e-09 7.094220e-12
143 4.737884e-08 7.094220e-12
144 1.479690e-08 7.094220e-12
145 4.990409e-09 7.094220e-12
146 2.343940e-09 7.094220e-12
147 1.815156e-07 7.094220e-12
148 5.509874e-08 7.094220e-12
149 1.685294e-08 7.094220e-12
150 5.288979e-09 7.094220e-12
151 1.816277e-09 7.094220e-12
152 8.999716e-10 7.094220e-12
153 8.056929e-08 7.094220e-12
154 2.444335e-08 7.094220e-12
155 7.464318e-09 7.094220e-12
156 2.329935e-09 7.094220e-12
157 7.845418e-10 7.094220e-12
158 3.542646e-10 7.094220e-12
159 2.965767e-09 7.094220e-12
160 9.376862e-10 7.094220e-12
161 3.300747e-10 7.094220e-12
162 1.921831e-10 7.094220e-12
163 9.984674e-05 7.094220e-12
164 3.023913e-05 7.094220e-12
165 9.154023e-06 7.094220e-12
166 2.770446e-06 7.094220e-12
167 8.384096e-07 7.094220e-12
168 2.537782e-07 7.094220e-12
169 7.689050e-08 7.094220e-12
170 2.337354e-08 7.094220e-12
171 7.180949e-09 7.094220e-12
172 2.280915e-09 7.094220e-12
173 8.035212e-10 7.094220e-12
174 3.886097e-10 7.094220e-12
175 9.827226e-10 7.094220e-12
176 3.521658e-10 7.094220e-12
177 2.008859e-10 7.094220e-12
178 3.212441e-07 7.094220e-12
179 9.721924e-08 7.094220e-12
180 2.943424e-08 7.094220e-12
181 8.926068e-09 7.094220e-12
182 2.721550e-09 7.094220e-12
183 8.443292e-10 7.094220e-12
184 2.786360e-10 7.094220e-12
185 1.950482e-10 7.094220e-12
186 2.306063e-09 7.094220e-12
187 9.714666e-10 7.094220e-12
188 6.184481e-10 7.094220e-12
189 2.474835e-09 7.094220e-12
190 8.156496e-10 7.094220e-12
191 7.142044e-05 7.094220e-12
192 2.174082e-05 7.094220e-12
193 6.673576e-06 7.094220e-12
194 2.096485e-06 7.094220e-12
195 6.952049e-07 7.094220e-12
196 2.538116e-07 7.094220e-12
197 1.065622e-07 7.094220e-12
198 6.822580e-07 7.094220e-12
199 2.136245e-07 7.094220e-12
200 7.718535e-07 7.094220e-12
201 2.478653e-07 7.094220e-12
202 1.283377e-07 7.094220e-12
203 1.698047e-07 7.094220e-12
204 8.595477e-08 7.094220e-12
205 4.941952e-08 7.094220e-12
206 4.563264e-08 7.094220e-12
207 1.936030e-08 7.094220e-12
208 1.105925e-08 7.094220e-12
209 6.420775e-09 7.094220e-12
210 3.969605e-09 7.094220e-12
211 4.331113e-09 7.094220e-12
212 1.932387e-09 7.094220e-12
213 1.602939e-09 7.094220e-12
214 1.652750e-06 7.094220e-12
215 5.002500e-07 7.094220e-12
216 1.515299e-07 7.094220e-12
217 4.602535e-08 7.094220e-12
218 1.410715e-08 7.094220e-12
219 4.456673e-09 7.094220e-12
220 1.565310e-09 7.094220e-12
221 8.544258e-10 7.094220e-12
222 7.621345e-09 7.094220e-12
223 2.465633e-09 7.094220e-12
224 9.324926e-10 7.094220e-12
225 5.996611e-10 7.094220e-12
226 3.938792e-08 7.094220e-12
227 1.212524e-08 7.094220e-12
228 3.876392e-09 7.094220e-12
229 1.398567e-09 7.094220e-12
230 7.449507e-10 7.094220e-12
231 3.583795e-09 7.094220e-12
232 1.178577e-09 7.094220e-12
233 4.806350e-10 7.094220e-12
234 4.843279e-10 7.094220e-12
235 7.309632e-09 7.094220e-12
236 2.316235e-09 7.094220e-12
237 8.113152e-10 7.094220e-12
238 3.885597e-10 7.094220e-12
239 9.645367e-10 7.094220e-12
240 3.459083e-10 7.094220e-12
241 2.017809e-10 7.094220e-12
242 3.850775e-08 7.094220e-12
243 1.166674e-08 7.094220e-12
244 3.546806e-09 7.094220e-12
245 1.090438e-09 7.094220e-12
246 3.479394e-10 7.094220e-12
247 1.265679e-10 7.094220e-12
248 8.118352e-11 7.094220e-12
249 3.172451e-10 7.094220e-12
250 1.108398e-10 7.094220e-12
251 5.811180e-11 7.094220e-12
252 2.341601e-09 7.094220e-12
253 7.141756e-10 7.094220e-12
254 2.217451e-10 7.094220e-12
255 7.294503e-11 7.094220e-12
256 2.932703e-11 7.094220e-12
257 2.615232e-11 7.094220e-12
258 2.200456e-07 7.094220e-12
259 6.657619e-08 7.094220e-12
260 2.014788e-08 7.094220e-12
261 6.102402e-09 7.094220e-12
262 1.853146e-09 7.094220e-12
263 5.673493e-10 7.094220e-12
264 1.782202e-10 7.094220e-12
265 6.095066e-11 7.094220e-12
266 2.887419e-11 7.094220e-12
267 4.526285e-11 7.094220e-12
268 2.010111e-11 7.094220e-12
269 5.912090e-11 7.094220e-12
270 2.242705e-11 7.094220e-12
271 1.350686e-11 7.094220e-12
272 3.759509e-09 7.094220e-12
273 1.138763e-09 7.094220e-12
274 3.459654e-10 7.094220e-12
275 1.061283e-10 7.094220e-12
276 3.361349e-11 7.094220e-12
277 1.187619e-11 7.094220e-12
278 6.598589e-12 6.598589e-12
279 2.594327e-10 6.598589e-12
280 7.921090e-11 6.598589e-12
281 2.467753e-11 6.598589e-12
282 8.189110e-12 6.598589e-12
283 3.394212e-12 3.394212e-12
284 3.122254e-12 3.122254e-12
285 1.680533e-10 3.122254e-12
286 5.167913e-11 3.122254e-12
287 1.648527e-11 3.122254e-12
288 5.966287e-12 3.122254e-12
289 3.585279e-12 3.122254e-12
290 8.021239e-09 3.122254e-12
291 2.426948e-09 3.122254e-12
292 7.346492e-10 3.122254e-12
293 2.227172e-10 3.122254e-12
294 6.785051e-11 3.122254e-12
295 2.098889e-11 3.122254e-12
296 6.858791e-12 3.122254e-12
297 2.716391e-12 2.716391e-12
298 2.728745e-12 2.716391e-12
299 2.106489e-12 2.106489e-12
300 2.530077e-12 2.106489e-12
301 3.095379e-12 2.106489e-12
302 1.423147e-12 1.423147e-12
303 1.128518e-11 1.423147e-12
304 3.469515e-12 1.423147e-12
305 1.017725e-12 1.017725e-12
306 1.324296e-11 1.017725e-12
307 3.847869e-12 1.017725e-12
308 7.182273e-13 7.182273e-13
309 3.208812e-10 7.182273e-13
310 9.710142e-11 7.182273e-13
311 2.941034e-11 7.182273e-13
312 8.920138e-12 7.182273e-13
313 2.724690e-12 7.182273e-13
314 8.566934e-13 7.182273e-13
315 2.809234e-13 2.809234e-13
316 1.758746e-13 1.758746e-13
317 6.851357e-12 1.758746e-13
318 2.059359e-12 1.758746e-13
319 5.521965e-13 1.758746e-13
320 8.975348e-13 1.758746e-13
321 1.262481e-11 1.758746e-13
322 3.789416e-12 1.758746e-13
323 9.945915e-13 1.758746e-13
324 1.598765e-12 1.758746e-13
325 2.993557e-07 1.758746e-13
326 9.063490e-08 1.758746e-13
327 2.748154e-08 1.758746e-13
328 8.369619e-09 1.758746e-13
329 2.579827e-09 1.758746e-13
330 8.189284e-10 1.758746e-13
331 2.766191e-10 1.758746e-13
332 1.041258e-10 1.758746e-13
333 4.614214e-11 1.758746e-13
334 2.298823e-11 1.758746e-13
335 1.362137e-11 1.758746e-13
336 1.277239e-11 1.758746e-13
337 9.813171e-12 1.758746e-13
338 9.248378e-09 1.758746e-13
339 2.798053e-09 1.758746e-13
340 8.467911e-10 1.758746e-13
341 2.565199e-10 1.758746e-13
342 7.795598e-11 1.758746e-13
343 2.393224e-11 1.758746e-13
344 7.596045e-12 1.758746e-13
345 2.691335e-12 1.758746e-13
346 7.113623e-08 1.758746e-13
347 2.152016e-08 1.758746e-13
348 6.510623e-09 1.758746e-13
349 1.970124e-09 1.758746e-13
350 5.965985e-10 1.758746e-13
351 1.810902e-10 1.758746e-13
352 5.539180e-11 1.758746e-13
353 1.744205e-11 1.758746e-13
354 1.351468e-11 1.758746e-13
355 7.778249e-12 1.758746e-13
356 5.883782e-12 1.758746e-13
357 4.303879e-12 1.758746e-13
358 2.156164e-12 1.758746e-13
359 2.054601e-12 1.758746e-13
360 1.698773e-12 1.758746e-13
361 1.098602e-10 1.758746e-13
362 3.345341e-11 1.758746e-13
363 1.036966e-11 1.758746e-13
364 3.377368e-12 1.758746e-13
365 1.341787e-12 1.758746e-13
366 1.934806e-12 1.758746e-13
367 4.507782e-12 1.758746e-13
368 1.504508e-12 1.758746e-13
369 6.769889e-13 1.758746e-13
370 2.840150e-11 1.758746e-13
371 8.622308e-12 1.758746e-13
372 2.623952e-12 1.758746e-13
373 7.660919e-13 1.758746e-13
374 8.839134e-13 1.758746e-13
375 3.741279e-09 1.758746e-13
376 1.131836e-09 1.758746e-13
377 3.424693e-10 1.758746e-13
378 1.036919e-10 1.758746e-13
379 3.145613e-11 1.758746e-13
380 9.604508e-12 1.758746e-13
381 2.992380e-12 1.758746e-13
382 1.006245e-12 1.758746e-13
383 4.605632e-13 1.758746e-13
384 3.591304e-12 1.758746e-13
385 1.024076e-12 1.758746e-13
386 5.644681e-12 1.758746e-13
387 1.751565e-12 1.758746e-13
388 5.561348e-13 1.758746e-13
389 4.166089e-13 1.758746e-13
390 3.384405e-10 1.758746e-13
391 1.024118e-10 1.758746e-13
392 3.100472e-11 1.758746e-13
393 9.422683e-12 1.758746e-13
394 2.882360e-12 1.758746e-13
395 9.068378e-13 1.758746e-13
396 3.117735e-13 1.758746e-13
397 1.601458e-13 1.601458e-13
398 2.761114e-12 1.601458e-13
399 7.759024e-13 1.601458e-13
400 3.363848e-13 1.601458e-13
401 6.023434e-12 1.601458e-13
402 1.573368e-12 1.601458e-13
403 1.335013e-12 1.601458e-13
404 2.360889e-08 1.601458e-13
405 7.141766e-09 1.601458e-13
406 2.160407e-09 1.601458e-13
407 6.535316e-10 1.601458e-13
408 1.977025e-10 1.601458e-13
409 5.981181e-11 1.601458e-13
410 1.810169e-11 1.601458e-13
411 5.480060e-12 1.601458e-13
412 1.663446e-12 1.601458e-13
413 5.114651e-13 1.601458e-13
414 8.831882e-11 1.601458e-13
415 2.678570e-11 1.601458e-13
416 8.179973e-12 1.601458e-13
417 2.565907e-12 1.601458e-13
418 8.673247e-13 1.601458e-13
419 4.011100e-13 1.601458e-13
420 3.310295e-12 1.601458e-13
421 1.247815e-12 1.601458e-13
422 1.019739e-11 1.601458e-13
423 4.570438e-12 1.601458e-13
424 1.975677e-10 1.601458e-13
425 6.008833e-11 1.601458e-13
426 2.006488e-11 1.601458e-13
427 6.628357e-12 1.601458e-13
428 2.527845e-12 1.601458e-13
429 2.404997e-12 1.601458e-13
430 4.497454e-10 1.601458e-13
431 1.478727e-10 1.601458e-13
432 5.379668e-11 1.601458e-13
433 2.148066e-11 1.601458e-13
434 1.168999e-11 1.601458e-13
435 5.240378e-12 1.601458e-13
436 5.516823e-12 1.601458e-13
437 3.554749e-11 1.601458e-13
438 1.087803e-11 1.601458e-13
439 3.357231e-12 1.601458e-13
440 1.080045e-12 1.601458e-13
441 4.296176e-13 1.601458e-13
442 4.037065e-13 1.601458e-13
443 4.882093e-13 1.601458e-13
444 4.024811e-13 1.601458e-13
445 2.725293e-12 1.601458e-13
446 9.723469e-13 1.601458e-13
447 4.106864e-12 1.601458e-13
448 1.388048e-12 1.601458e-13
449 5.619389e-13 1.601458e-13
450 9.123590e-13 1.601458e-13
451 1.282520e-12 1.601458e-13
452 1.105660e-12 1.601458e-13
453 4.379374e-13 1.601458e-13
454 4.042640e-13 1.601458e-13
455 7.300673e-13 1.601458e-13
456 9.170966e-13 1.601458e-13
457 3.531883e-13 1.601458e-13
458 2.520945e-13 1.601458e-13
459 1.564168e-13 1.564168e-13
460 1.223674e-13 1.223674e-13
461 1.052207e-13 1.052207e-13
462 1.087016e-13 1.052207e-13
463 2.322343e-13 1.052207e-13
464 1.364205e-13 1.052207e-13
465 3.295230e-14 3.295230e-14

x: -2.691990e-01  2.569247e-01 -5.677986e-01  1.330083e-01  3.127894e-01  5.014997e-02 -2.955761e-01 -5.141643e-01  2.577183e-01 -4.383274e-01  3.841595e-01  3.388064e-02 -2.717687e-01  2.992454e-03  4.709189e-01  2.808680e-01  8.941129e-03 -2.628821e-01  3.570402e-02  3.720920e-01  4.403223e-01 -1.463500e-01  4.147193e-01 -2.073904e-01 -3.933561e-01 -4.467045e-01 -1.791667e-01 -4.212827e-01 -3.571161e-01  3.660460e-01 -1.773877e-01  1.686630e-01  3.196292e-01 -4.443928e-01 -7.989400e-02  2.046628e-01  3.654878e-01  8.870808e-02 -1.894228e-01  4.641040e-01 -3.551644e-01  4.472036e-01 -3.795049e-02  3.129031e-01 -4.471242e-01 -3.617914e-01 -3.558524e-01  3.655706e-01 -7.820674e-02 -4.225892e-01  3.819087e-01 -1.978455e-01 -2.127698e-01 -2.133219e-02 -7.939173e-02  4.290887e-01 -1.817853e-01  4.086002e-01  3.939386e-01  2.116894e-01  3.112958e-01  3.210840e-01 -4.470703e-01 -1.132056e-02  3.914476e-01  2.162610e-01  3.151787e-01 -3.172733e-01 -4.136443e-01 -1.699953e-01  1.088562e-01 -4.337630e-01  4.062350e-01 -1.870111e-01  3.597599e-01 -2.656554e-01  3.813431e-01 -2.336181e-01  3.854126e-01 -2.268417e-01  2.996864e-01  3.319459e-01  3.458492e-01  2.835284e-01  4.430070e-01  6.119483e-02 -2.066120e-02  4.467361e-01  3.061719e-01  3.259736e-01  1.596763e-01  4.177361e-01  4.387270e-01 -8.670993e-02  1.567897e-02 -4.469387e-01  2.161445e-06

grad:  1.265051e-15 -1.077869e-17  9.168356e-15  5.801458e-15  2.390405e-15  2.005311e-15  1.598844e-15 -3.509004e-15  1.804201e-15 -5.377697e-15  2.323111e-15 -2.330932e-16 -4.690696e-16 -2.103314e-15  3.857265e-15  9.703575e-16  7.074956e-16 -2.017042e-15 -3.705209e-16  9.686697e-16  2.029550e-15 -2.496892e-15 -5.590081e-16 -5.712298e-15  3.203290e-15 -2.229149e-15  8.292121e-15  2.534715e-15  4.763966e-15 -1.290461e-15 -5.966053e-18 -8.015623e-15  6.567141e-15 -1.203259e-14  4.203326e-15 -3.097929e-15 -2.514557e-15  1.465428e-15 -1.784109e-17  8.524216e-15 -3.993556e-15  4.811462e-15 -5.065754e-15  2.547523e-15 -3.414291e-15  1.446246e-15 -5.632851e-15  2.825804e-15 -9.543040e-16 -3.620213e-15  2.982433e-15  1.933198e-15  1.731759e-15 -1.644638e-15  1.322466e-15 -1.498882e-15 -9.507892e-16 -8.799644e-16 -4.993705e-16 -3.102462e-15 -1.268807e-15 -2.745689e-15 -1.462199e-15  4.438467e-17  5.437912e-15 -1.761203e-16  5.256174e-16  4.050711e-15  6.008546e-16 -2.105882e-15 -1.153749e-15 -4.712297e-16 -2.339233e-15  1.438458e-15  3.984712e-15 -2.610926e-16 -1.192252e-15  1.600705e-15 -8.755635e-16  2.234663e-15  1.848960e-16 -1.023832e-15 -3.124813e-15 -1.355048e-15 -7.310738e-16  6.862208e-16  7.446591e-16 -2.753092e-15 -9.403417e-16  6.569773e-16  1.171581e-15 -1.436806e-15 -7.556640e-16  3.468169e-16 -2.428495e-15  1.634454e-15  7.345910e-15

finished in 465 iterations (0.232 seconds total)
max viol = 3.55489e-08

---------------------
MUBs:
---------------------

{(1,0), (0,0), (0,0), (0,0), (0,0)}, {(0,0), (1,0), (0,0), (0,0), (0,0)}, {(0,0), (0,0), (1,0), (0,0), (0,0)}, {}, {}


{(0.447214,0), (0.447214,0), (0.447214,0), (0.447214,0), (0.447214,0)}, {(0.447214,0), (-0.269199,-0.357116), (0.256925,0.366046), (-0.567799,-0.177388), (0.133008,0.168663)}, {(0.447214,0), (0.312789,0.319629), (0.05015,-0.444393), (-0.295576,-0.079894), (-0.514164,0.204663)}, {}, {}


{(0.447214,0), (0.257718,0.365488), (-0.438327,0.0887081), (0.38416,-0.189423), (0.0338806,0.464104)}, {}, {}, {}, {}


{(0.447214,0), (-0.271769,-0.355164), (0.00299245,0.447204), (0.470919,-0.0379505), (0.280868,0.312903)}, {}, {}, {}, {}


{(0.447214,0), (0.00894113,-0.447124), (-0.262882,-0.361791), (0.035704,-0.355852), (0.372092,0.365571)}, {}, {}, {}, {}


{(0.447214,0), (0.440322,-0.0782067), (-0.14635,-0.422589), (0.414719,0.381909), (-0.20739,-0.197845)}, {}, {}, {}, {}


{(0.447214,0), (-0.393356,-0.21277), (-0.446705,-0.0213322), (-0.179167,-0.0793917), (-0.421283,0.429089)}, {}, {}, {}, {}

---------------------
Abs of Gram matrix:
---------------------

 { { +1.0000, +0.0000, +0.0000, +0.0000, +0.0000, +0.4472, +0.4472, +0.4472, +0.0000, +0.0000, +0.4472, +0.0000, +0.0000, +0.0000, +0.0000, +0.4472, +0.0000, +0.0000, +0.0000, +0.0000, +0.4472, +0.0000, +0.0000, +0.0000, +0.0000, +0.4472, +0.0000, +0.0000, +0.0000, +0.0000, +0.4472, +0.0000, +0.0000, +0.0000, +0.0000}, 
   { +0.0000, +1.0000, +0.0000, +0.0000, +0.0000, +0.4472, +0.4472, +0.4472, +0.0000, +0.0000, +0.4472, +0.0000, +0.0000, +0.0000, +0.0000, +0.4472, +0.0000, +0.0000, +0.0000, +0.0000, +0.4472, +0.0000, +0.0000, +0.0000, +0.0000, +0.4472, +0.0000, +0.0000, +0.0000, +0.0000, +0.4472, +0.0000, +0.0000, +0.0000, +0.0000}, 
   { +0.0000, +0.0000, +1.0000, +0.0000, +0.0000, +0.4472, +0.4472, +0.4472, +0.0000, +0.0000, +0.4472, +0.0000, +0.0000, +0.0000, +0.0000, +0.4472, +0.0000, +0.0000, +0.0000, +0.0000, +0.4472, +0.0000, +0.0000, +0.0000, +0.0000, +0.4472, +0.0000, +0.0000, +0.0000, +0.0000, +0.4472, +0.0000, +0.0000, +0.0000, +0.0000}, 
   { +0.0000, +0.0000, +0.0000, +0.0000, +0.0000, +0.0000, +0.0000, +0.0000, +0.0000, +0.0000, +0.0000, +0.0000, +0.0000, +0.0000, +0.0000, +0.0000, +0.0000, +0.0000, +0.0000, +0.0000, +0.0000, +0.0000, +0.0000, +0.0000, +0.0000, +0.0000, +0.0000, +0.0000, +0.0000, +0.0000, +0.0000, +0.0000, +0.0000, +0.0000, +0.0000}, 
   { +0.0000, +0.0000, +0.0000, +0.0000, +0.0000, +0.0000, +0.0000, +0.0000, +0.0000, +0.0000, +0.0000, +0.0000, +0.0000, +0.0000, +0.0000, +0.0000, +0.0000, +0.0000, +0.0000, +0.0000, +0.0000, +0.0000, +0.0000, +0.0000, +0.0000, +0.0000, +0.0000, +0.0000, +0.0000, +0.0000, +0.0000, +0.0000, +0.0000, +0.0000, +0.0000}, 
   { +0.4472, +0.4472, +0.4472, +0.0000, +0.0000, +1.0000, +0.0001, +0.0002, +0.0000, +0.0000, +0.4472, +0.0000, +0.0000, +0.0000, +0.0000, +0.4472, +0.0000, +0.0000, +0.0000, +0.0000, +0.4472, +0.0000, +0.0000, +0.0000, +0.0000, +0.4472, +0.0000, +0.0000, +0.0000, +0.0000, +0.4472, +0.0000, +0.0000, +0.0000, +0.0000}, 
   { +0.4472, +0.4472, +0.4472, +0.0000, +0.0000, +0.0001, +1.0000, +0.0000, +0.0000, +0.0000, +0.4472, +0.0000, +0.0000, +0.0000, +0.0000, +0.4472, +0.0000, +0.0000, +0.0000, +0.0000, +0.4472, +0.0000, +0.0000, +0.0000, +0.0000, +0.4472, +0.0000, +0.0000, +0.0000, +0.0000, +0.4472, +0.0000, +0.0000, +0.0000, +0.0000}, 
   { +0.4472, +0.4472, +0.4472, +0.0000, +0.0000, +0.0002, +0.0000, +1.0000, +0.0000, +0.0000, +0.4472, +0.0000, +0.0000, +0.0000, +0.0000, +0.4472, +0.0000, +0.0000, +0.0000, +0.0000, +0.4472, +0.0000, +0.0000, +0.0000, +0.0000, +0.4472, +0.0000, +0.0000, +0.0000, +0.0000, +0.4472, +0.0000, +0.0000, +0.0000, +0.0000}, 
   { +0.0000, +0.0000, +0.0000, +0.0000, +0.0000, +0.0000, +0.0000, +0.0000, +0.0000, +0.0000, +0.0000, +0.0000, +0.0000, +0.0000, +0.0000, +0.0000, +0.0000, +0.0000, +0.0000, +0.0000, +0.0000, +0.0000, +0.0000, +0.0000, +0.0000, +0.0000, +0.0000, +0.0000, +0.0000, +0.0000, +0.0000, +0.0000, +0.0000, +0.0000, +0.0000}, 
   { +0.0000, +0.0000, +0.0000, +0.0000, +0.0000, +0.0000, +0.0000, +0.0000, +0.0000, +0.0000, +0.0000, +0.0000, +0.0000, +0.0000, +0.0000, +0.0000, +0.0000, +0.0000, +0.0000, +0.0000, +0.0000, +0.0000, +0.0000, +0.0000, +0.0000, +0.0000, +0.0000, +0.0000, +0.0000, +0.0000, +0.0000, +0.0000, +0.0000, +0.0000, +0.0000}, 
   { +0.4472, +0.4472, +0.4472, +0.0000, +0.0000, +0.4472, +0.4472, +0.4472, +0.0000, +0.0000, +1.0000, +0.0000, +0.0000, +0.0000, +0.0000, +0.4472, +0.0000, +0.0000, +0.0000, +0.0000, +0.4472, +0.0000, +0.0000, +0.0000, +0.0000, +0.4472, +0.0000, +0.0000, +0.0000, +0.0000, +0.4472, +0.0000, +0.0000, +0.0000, +0.0000}, 
   { +0.0000, +0.0000, +0.0000, +0.0000, +0.0000, +0.0000, +0.0000, +0.0000, +0.0000, +0.0000, +0.0000, +0.0000, +0.0000, +0.0000, +0.0000, +0.0000, +0.0000, +0.0000, +0.0000, +0.0000, +0.0000, +0.0000, +0.0000, +0.0000, +0.0000, +0.0000, +0.0000, +0.0000, +0.0000, +0.0000, +0.0000, +0.0000, +0.0000, +0.0000, +0.0000}, 
   { +0.0000, +0.0000, +0.0000, +0.0000, +0.0000, +0.0000, +0.0000, +0.0000, +0.0000, +0.0000, +0.0000, +0.0000, +0.0000, +0.0000, +0.0000, +0.0000, +0.0000, +0.0000, +0.0000, +0.0000, +0.0000, +0.0000, +0.0000, +0.0000, +0.0000, +0.0000, +0.0000, +0.0000, +0.0000, +0.0000, +0.0000, +0.0000, +0.0000, +0.0000, +0.0000}, 
   { +0.0000, +0.0000, +0.0000, +0.0000, +0.0000, +0.0000, +0.0000, +0.0000, +0.0000, +0.0000, +0.0000, +0.0000, +0.0000, +0.0000, +0.0000, +0.0000, +0.0000, +0.0000, +0.0000, +0.0000, +0.0000, +0.0000, +0.0000, +0.0000, +0.0000, +0.0000, +0.0000, +0.0000, +0.0000, +0.0000, +0.0000, +0.0000, +0.0000, +0.0000, +0.0000}, 
   { +0.0000, +0.0000, +0.0000, +0.0000, +0.0000, +0.0000, +0.0000, +0.0000, +0.0000, +0.0000, +0.0000, +0.0000, +0.0000, +0.0000, +0.0000, +0.0000, +0.0000, +0.0000, +0.0000, +0.0000, +0.0000, +0.0000, +0.0000, +0.0000, +0.0000, +0.0000, +0.0000, +0.0000, +0.0000, +0.0000, +0.0000, +0.0000, +0.0000, +0.0000, +0.0000}, 
   { +0.4472, +0.4472, +0.4472, +0.0000, +0.0000, +0.4472, +0.4472, +0.4472, +0.0000, +0.0000, +0.4472, +0.0000, +0.0000, +0.0000, +0.0000, +1.0000, +0.0000, +0.0000, +0.0000, +0.0000, +0.4472, +0.0000, +0.0000, +0.0000, +0.0000, +0.4472, +0.0000, +0.0000, +0.0000, +0.0000, +0.4472, +0.0000, +0.0000, +0.0000, +0.0000}, 
   { +0.0000, +0.0000, +0.0000, +0.0000, +0.0000, +0.0000, +0.0000, +0.0000, +0.0000, +0.0000, +0.0000, +0.0000, +0.0000, +0.0000, +0.0000, +0.0000, +0.0000, +0.0000, +0.0000, +0.0000, +0.0000, +0.0000, +0.0000, +0.0000, +0.0000, +0.0000, +0.0000, +0.0000, +0.0000, +0.0000, +0.0000, +0.0000, +0.0000, +0.0000, +0.0000}, 
   { +0.0000, +0.0000, +0.0000, +0.0000, +0.0000, +0.0000, +0.0000, +0.0000, +0.0000, +0.0000, +0.0000, +0.0000, +0.0000, +0.0000, +0.0000, +0.0000, +0.0000, +0.0000, +0.0000, +0.0000, +0.0000, +0.0000, +0.0000, +0.0000, +0.0000, +0.0000, +0.0000, +0.0000, +0.0000, +0.0000, +0.0000, +0.0000, +0.0000, +0.0000, +0.0000}, 
   { +0.0000, +0.0000, +0.0000, +0.0000, +0.0000, +0.0000, +0.0000, +0.0000, +0.0000, +0.0000, +0.0000, +0.0000, +0.0000, +0.0000, +0.0000, +0.0000, +0.0000, +0.0000, +0.0000, +0.0000, +0.0000, +0.0000, +0.0000, +0.0000, +0.0000, +0.0000, +0.0000, +0.0000, +0.0000, +0.0000, +0.0000, +0.0000, +0.0000, +0.0000, +0.0000}, 
   { +0.0000, +0.0000, +0.0000, +0.0000, +0.0000, +0.0000, +0.0000, +0.0000, +0.0000, +0.0000, +0.0000, +0.0000, +0.0000, +0.0000, +0.0000, +0.0000, +0.0000, +0.0000, +0.0000, +0.0000, +0.0000, +0.0000, +0.0000, +0.0000, +0.0000, +0.0000, +0.0000, +0.0000, +0.0000, +0.0000, +0.0000, +0.0000, +0.0000, +0.0000, +0.0000}, 
   { +0.4472, +0.4472, +0.4472, +0.0000, +0.0000, +0.4472, +0.4472, +0.4472, +0.0000, +0.0000, +0.4472, +0.0000, +0.0000, +0.0000, +0.0000, +0.4472, +0.0000, +0.0000, +0.0000, +0.0000, +1.0000, +0.0000, +0.0000, +0.0000, +0.0000, +0.4472, +0.0000, +0.0000, +0.0000, +0.0000, +0.4472, +0.0000, +0.0000, +0.0000, +0.0000}, 
   { +0.0000, +0.0000, +0.0000, +0.0000, +0.0000, +0.0000, +0.0000, +0.0000, +0.0000, +0.0000, +0.0000, +0.0000, +0.0000, +0.0000, +0.0000, +0.0000, +0.0000, +0.0000, +0.0000, +0.0000, +0.0000, +0.0000, +0.0000, +0.0000, +0.0000, +0.0000, +0.0000, +0.0000, +0.0000, +0.0000, +0.0000, +0.0000, +0.0000, +0.0000, +0.0000}, 
   { +0.0000, +0.0000, +0.0000, +0.0000, +0.0000, +0.0000, +0.0000, +0.0000, +0.0000, +0.0000, +0.0000, +0.0000, +0.0000, +0.0000, +0.0000, +0.0000, +0.0000, +0.0000, +0.0000, +0.0000, +0.0000, +0.0000, +0.0000, +0.0000, +0.0000, +0.0000, +0.0000, +0.0000, +0.0000, +0.0000, +0.0000, +0.0000, +0.0000, +0.0000, +0.0000}, 
   { +0.0000, +0.0000, +0.0000, +0.0000, +0.0000, +0.0000, +0.0000, +0.0000, +0.0000, +0.0000, +0.0000, +0.0000, +0.0000, +0.0000, +0.0000, +0.0000, +0.0000, +0.0000, +0.0000, +0.0000, +0.0000, +0.0000, +0.0000, +0.0000, +0.0000, +0.0000, +0.0000, +0.0000, +0.0000, +0.0000, +0.0000, +0.0000, +0.0000, +0.0000, +0.0000}, 
   { +0.0000, +0.0000, +0.0000, +0.0000, +0.0000, +0.0000, +0.0000, +0.0000, +0.0000, +0.0000, +0.0000, +0.0000, +0.0000, +0.0000, +0.0000, +0.0000, +0.0000, +0.0000, +0.0000, +0.0000, +0.0000, +0.0000, +0.0000, +0.0000, +0.0000, +0.0000, +0.0000, +0.0000, +0.0000, +0.0000, +0.0000, +0.0000, +0.0000, +0.0000, +0.0000}, 
   { +0.4472, +0.4472, +0.4472, +0.0000, +0.0000, +0.4472, +0.4472, +0.4472, +0.0000, +0.0000, +0.4472, +0.0000, +0.0000, +0.0000, +0.0000, +0.4472, +0.0000, +0.0000, +0.0000, +0.0000, +0.4472, +0.0000, +0.0000, +0.0000, +0.0000, +1.0000, +0.0000, +0.0000, +0.0000, +0.0000, +0.4472, +0.0000, +0.0000, +0.0000, +0.0000}, 
   { +0.0000, +0.0000, +0.0000, +0.0000, +0.0000, +0.0000, +0.0000, +0.0000, +0.0000, +0.0000, +0.0000, +0.0000, +0.0000, +0.0000, +0.0000, +0.0000, +0.0000, +0.0000, +0.0000, +0.0000, +0.0000, +0.0000, +0.0000, +0.0000, +0.0000, +0.0000, +0.0000, +0.0000, +0.0000, +0.0000, +0.0000, +0.0000, +0.0000, +0.0000, +0.0000}, 
   { +0.0000, +0.0000, +0.0000, +0.0000, +0.0000, +0.0000, +0.0000, +0.0000, +0.0000, +0.0000, +0.0000, +0.0000, +0.0000, +0.0000, +0.0000, +0.0000, +0.0000, +0.0000, +0.0000, +0.0000, +0.0000, +0.0000, +0.0000, +0.0000, +0.0000, +0.0000, +0.0000, +0.0000, +0.0000, +0.0000, +0.0000, +0.0000, +0.0000, +0.0000, +0.0000}, 
   { +0.0000, +0.0000, +0.0000, +0.0000, +0.0000, +0.0000, +0.0000, +0.0000, +0.0000, +0.0000, +0.0000, +0.0000, +0.0000, +0.0000, +0.0000, +0.0000, +0.0000, +0.0000, +0.0000, +0.0000, +0.0000, +0.0000, +0.0000, +0.0000, +0.0000, +0.0000, +0.0000, +0.0000, +0.0000, +0.0000, +0.0000, +0.0000, +0.0000, +0.0000, +0.0000}, 
   { +0.0000, +0.0000, +0.0000, +0.0000, +0.0000, +0.0000, +0.0000, +0.0000, +0.0000, +0.0000, +0.0000, +0.0000, +0.0000, +0.0000, +0.0000, +0.0000, +0.0000, +0.0000, +0.0000, +0.0000, +0.0000, +0.0000, +0.0000, +0.0000, +0.0000, +0.0000, +0.0000, +0.0000, +0.0000, +0.0000, +0.0000, +0.0000, +0.0000, +0.0000, +0.0000}, 
   { +0.4472, +0.4472, +0.4472, +0.0000, +0.0000, +0.4472, +0.4472, +0.4472, +0.0000, +0.0000, +0.4472, +0.0000, +0.0000, +0.0000, +0.0000, +0.4472, +0.0000, +0.0000, +0.0000, +0.0000, +0.4472, +0.0000, +0.0000, +0.0000, +0.0000, +0.4472, +0.0000, +0.0000, +0.0000, +0.0000, +1.0000, +0.0000, +0.0000, +0.0000, +0.0000}, 
   { +0.0000, +0.0000, +0.0000, +0.0000, +0.0000, +0.0000, +0.0000, +0.0000, +0.0000, +0.0000, +0.0000, +0.0000, +0.0000, +0.0000, +0.0000, +0.0000, +0.0000, +0.0000, +0.0000, +0.0000, +0.0000, +0.0000, +0.0000, +0.0000, +0.0000, +0.0000, +0.0000, +0.0000, +0.0000, +0.0000, +0.0000, +0.0000, +0.0000, +0.0000, +0.0000}, 
   { +0.0000, +0.0000, +0.0000, +0.0000, +0.0000, +0.0000, +0.0000, +0.0000, +0.0000, +0.0000, +0.0000, +0.0000, +0.0000, +0.0000, +0.0000, +0.0000, +0.0000, +0.0000, +0.0000, +0.0000, +0.0000, +0.0000, +0.0000, +0.0000, +0.0000, +0.0000, +0.0000, +0.0000, +0.0000, +0.0000, +0.0000, +0.0000, +0.0000, +0.0000, +0.0000}, 
   { +0.0000, +0.0000, +0.0000, +0.0000, +0.0000, +0.0000, +0.0000, +0.0000, +0.0000, +0.0000, +0.0000, +0.0000, +0.0000, +0.0000, +0.0000, +0.0000, +0.0000, +0.0000, +0.0000, +0.0000, +0.0000, +0.0000, +0.0000, +0.0000, +0.0000, +0.0000, +0.0000, +0.0000, +0.0000, +0.0000, +0.0000, +0.0000, +0.0000, +0.0000, +0.0000}, 
   { +0.0000, +0.0000, +0.0000, +0.0000, +0.0000, +0.0000, +0.0000, +0.0000, +0.0000, +0.0000, +0.0000, +0.0000, +0.0000, +0.0000, +0.0000, +0.0000, +0.0000, +0.0000, +0.0000, +0.0000, +0.0000, +0.0000, +0.0000, +0.0000, +0.0000, +0.0000, +0.0000, +0.0000, +0.0000, +0.0000, +0.0000, +0.0000, +0.0000, +0.0000, +0.0000} } 
