---------------------
Basis Indices:
---------------------

{-, -, -, -, -}, {-, -, -, -, -}, {-, -, -, -, -}, {}, {}


{-, -, -, -, -}, {-, 31+i206, 32+i207, 33+i208, 34+i209}, {}, {}, {}


{-, 51+i226, 52+i227, 53+i228, 54+i229}, {-, 56+i231, 57+i232, 58+i233, 59+i234}, {}, {}, {}


{-, 76+i251, 77+i252, 78+i253, 79+i254}, {-, 81+i256, 82+i257, 83+i258, 84+i259}, {}, {}, {}


{-, 101+i276, 102+i277, 103+i278, 104+i279}, {}, {}, {}, {}


{-, 126+i301, 127+i302, 128+i303, 129+i304}, {}, {}, {}, {}


{-, 151+i326, 152+i327, 153+i328, 154+i329}, {}, {}, {}, {}

---------------------
Problem: 
---------------------
Find a point satisfying:

-0.2*{} + 1*{ 351 351} + 1*{ 350 350} = 0 

1*{ 208 228} + 1*{  33  53} + 1*{ 207 227} + 1*{  32  52} + 1*{ 209 229} + 1*{  34  54} + 1*{  31  51} + 1*{ 206 226} + 0.2*{} + -1*{ 350} = 0 

-1*{  53 208} + 1*{  31 226} + -1*{  52 207} + 1*{  33 228} + 1*{  32 227} + -1*{  51 206} + 1*{  34 229} + -1*{  54 209} + -1*{ 351} = 0 

-0.2*{} + 1*{ 353 353} + 1*{ 352 352} = 0 

1*{  34  59} + 1*{  33  58} + 1*{  32  57} + 1*{ 206 231} + 1*{ 209 234} + 1*{ 207 232} + 0.2*{} + 1*{ 208 233} + 1*{  31  56} + -1*{ 352} = 0 

-1*{  58 208} + -1*{  57 207} + 1*{  32 232} + -1*{  56 206} + 1*{  31 231} + 1*{  33 233} + -1*{  59 209} + 1*{  34 234} + -1*{ 353} = 0 

-0.2*{} + 1*{ 355 355} + 1*{ 354 354} = 0 

1*{ 207 252} + -1*{ 354} + 1*{ 208 253} + 1*{  32  77} + 1*{  33  78} + 1*{ 206 251} + 0.2*{} + 1*{  31  76} + 1*{  34  79} + 1*{ 209 254} = 0 

1*{  33 253} + -1*{  77 207} + 1*{  32 252} + -1*{ 355} + 1*{  31 251} + -1*{  78 208} + 1*{  34 254} + -1*{  76 206} + -1*{  79 209} = 0 

-0.2*{} + 1*{ 357 357} + 1*{ 356 356} = 0 

1*{ 208 258} + 1*{  33  83} + 1*{ 207 257} + 1*{  31  81} + 1*{  32  82} + 1*{ 206 256} + 0.2*{} + 1*{  34  84} + 1*{ 209 259} + -1*{ 356} = 0 

-1*{  84 209} + -1*{  82 207} + 1*{  33 258} + -1*{  83 208} + 1*{  32 257} + -1*{  81 206} + -1*{ 357} + 1*{  31 256} + 1*{  34 259} = 0 

-0.2*{} + 1*{ 359 359} + 1*{ 358 358} = 0 

1*{ 208 278} + 1*{  33 103} + 0.2*{} + 1*{  32 102} + 1*{ 207 277} + 1*{ 206 276} + 1*{  31 101} + 1*{  34 104} + 1*{ 209 279} + -1*{ 358} = 0 

1*{  33 278} + 1*{  32 277} + -1*{ 101 206} + -1*{ 102 207} + -1*{ 103 208} + 1*{  34 279} + -1*{ 359} + 1*{  31 276} + -1*{ 104 209} = 0 

-0.2*{} + 1*{ 361 361} + 1*{ 360 360} = 0 

1*{ 208 303} + 1*{  33 128} + 1*{  32 127} + 1*{ 206 301} + 1*{ 207 302} + 1*{ 209 304} + -1*{ 360} + 1*{  31 126} + 0.2*{} + 1*{  34 129} = 0 

-1*{ 127 207} + 1*{  33 303} + 1*{  32 302} + -1*{ 126 206} + -1*{ 129 209} + 1*{  31 301} + -1*{ 128 208} + 1*{  34 304} + -1*{ 361} = 0 

-0.2*{} + 1*{ 363 363} + 1*{ 362 362} = 0 

1*{ 208 328} + 1*{  33 153} + 1*{ 206 326} + -1*{ 362} + 0.2*{} + 1*{  32 152} + 1*{ 209 329} + 1*{ 207 327} + 1*{  31 151} + 1*{  34 154} = 0 

-1*{ 152 207} + 1*{  32 327} + -1*{ 153 208} + 1*{  31 326} + 1*{  34 329} + 1*{  33 328} + -1*{ 154 209} + -1*{ 151 206} + -1*{ 363} = 0 

-0.2*{} + 1*{ 206 206} + 1*{  31  31} = 0 

-0.2*{} + 1*{ 207 207} + 1*{  32  32} = 0 

-0.8*{} + 1*{  33  33} + 1*{ 208 208} + 1*{  31  31} + 1*{ 206 206} + 1*{  32  32} + 1*{ 207 207} + 1*{  34  34} + 1*{ 209 209} = 0 

0.4*{  32  33} + 0.2*{ 206 206} + 0.4*{ 206 209} + 0.2*{  31  31} + 0.4*{  31  32} + 0.2*{  32  32} + 0.178885*{  34} + 0.4*{  31  34} + 0.178885*{  33} + 0.178885*{  32} + 0.2*{  33  33} + 0.4*{  33  34} + 0.04*{} + 0.4*{ 207 208} + 0.4*{ 207 209} + 0.2*{ 208 208} + 0.4*{  31  33} + 0.2*{ 207 207} + 0.4*{ 208 209} + 0.4*{ 206 207} + 0.2*{ 209 209} + 0.2*{  34  34} + 0.178885*{  31} + 0.4*{ 206 208} + 0.4*{  32  34} = 0 

1*{  52  57} + 1*{ 228 233} + 1*{  53  58} + 1*{  54  59} + 1*{ 226 231} + 1*{  51  56} + 1*{ 227 232} + 0.2*{} + 1*{ 229 234} = 0 

-1*{  57 227} + 1*{  53 233} + -1*{  59 229} + -1*{  56 226} + 1*{  51 231} + -1*{  58 228} + 1*{  52 232} + 1*{  54 234} = 0 

-0.2*{} + 1*{ 365 365} + 1*{ 364 364} = 0 

1*{ 228 253} + 1*{  53  78} + 0.2*{} + 1*{ 227 252} + 1*{  51  76} + 1*{  52  77} + 1*{  54  79} + 1*{ 229 254} + 1*{ 226 251} + -1*{ 364} = 0 

-1*{  78 228} + 1*{  53 253} + -1*{  79 229} + -1*{  77 227} + 1*{  52 252} + 1*{  51 251} + 1*{  54 254} + -1*{  76 226} + -1*{ 365} = 0 

-0.2*{} + 1*{ 367 367} + 1*{ 366 366} = 0 

1*{ 228 258} + 1*{  53  83} + 1*{ 227 257} + 1*{  52  82} + 1*{ 226 256} + 1*{ 229 259} + 1*{  51  81} + 0.2*{} + 1*{  54  84} + -1*{ 366} = 0 

1*{  51 256} + 1*{  54 259} + 1*{  53 258} + -1*{  82 227} + 1*{  52 257} + -1*{ 367} + -1*{  81 226} + -1*{  83 228} + -1*{  84 229} = 0 

-0.2*{} + 1*{ 369 369} + 1*{ 368 368} = 0 

1*{ 227 277} + 1*{  52 102} + 1*{ 229 279} + 1*{  53 103} + 1*{  51 101} + 1*{  54 104} + 0.2*{} + 1*{ 228 278} + 1*{ 226 276} + -1*{ 368} = 0 

-1*{ 103 228} + 1*{  53 278} + -1*{ 102 227} + -1*{ 101 226} + 1*{  51 276} + 1*{  52 277} + 1*{  54 279} + -1*{ 104 229} + -1*{ 369} = 0 

-0.2*{} + 1*{ 371 371} + 1*{ 370 370} = 0 

1*{ 228 303} + 1*{  53 128} + 1*{  54 129} + 1*{  52 127} + 1*{ 226 301} + 1*{  51 126} + 0.2*{} + 1*{ 229 304} + 1*{ 227 302} + -1*{ 370} = 0 

-1*{ 128 228} + -1*{ 127 227} + 1*{  52 302} + 1*{  51 301} + 1*{  54 304} + 1*{  53 303} + -1*{ 126 226} + -1*{ 129 229} + -1*{ 371} = 0 

-0.2*{} + 1*{ 373 373} + 1*{ 372 372} = 0 

1*{  52 152} + 0.2*{} + 1*{ 226 326} + 1*{  53 153} + 1*{ 228 328} + 1*{  51 151} + 1*{ 227 327} + 1*{  54 154} + 1*{ 229 329} + -1*{ 372} = 0 

1*{  51 326} + 1*{  53 328} + -1*{ 152 227} + 1*{  52 327} + 1*{  54 329} + -1*{ 154 229} + -1*{ 153 228} + -1*{ 151 226} + -1*{ 373} = 0 

-0.2*{} + 1*{ 226 226} + 1*{  51  51} = 0 

-0.2*{} + 1*{ 227 227} + 1*{  52  52} = 0 

-0.8*{} + 1*{  53  53} + 1*{  51  51} + 1*{ 226 226} + 1*{  52  52} + 1*{  54  54} + 1*{ 227 227} + 1*{ 229 229} + 1*{ 228 228} = 0 

0.4*{ 226 227} + 0.4*{ 227 228} + 0.4*{  51  53} + 0.4*{  51  52} + 0.2*{ 228 228} + 0.178885*{  53} + 0.2*{ 226 226} + -0.16*{} + 0.2*{  54  54} + 0.4*{ 228 229} + 0.178885*{  54} + 0.2*{  53  53} + 0.4*{ 226 228} + 0.4*{  52  53} + 0.4*{  53  54} + 0.2*{  52  52} + 0.4*{ 227 229} + 0.178885*{  51} + 0.2*{  51  51} + 0.4*{  51  54} + 0.2*{ 229 229} + 0.178885*{  52} + 0.2*{ 227 227} + 0.4*{  52  54} + 0.4*{ 226 229} = 0 

-0.2*{} + 1*{ 375 375} + 1*{ 374 374} = 0 

1*{  57  77} + 1*{ 231 251} + 1*{ 233 253} + 1*{  56  76} + 0.2*{} + 1*{  58  78} + 1*{ 234 254} + 1*{ 232 252} + 1*{  59  79} + -1*{ 374} = 0 

-1*{  78 233} + -1*{  77 232} + 1*{  57 252} + -1*{ 375} + 1*{  56 251} + 1*{  58 253} + 1*{  59 254} + -1*{  76 231} + -1*{  79 234} = 0 

1*{ 377 377} + -0.2*{} + 1*{ 376 376} = 0 

1*{ 233 258} + 1*{  57  82} + 1*{ 232 257} + 0.2*{} + 1*{ 231 256} + 1*{  59  84} + 1*{  58  83} + 1*{  56  81} + 1*{ 234 259} + -1*{ 376} = 0 

-1*{  83 233} + -1*{  81 231} + -1*{  82 232} + 1*{  57 257} + 1*{  58 258} + 1*{  56 256} + 1*{  59 259} + -1*{  84 234} + -1*{ 377} = 0 

-0.2*{} + 1*{ 379 379} + 1*{ 378 378} = 0 

1*{ 233 278} + 1*{  57 102} + 1*{ 231 276} + 1*{ 234 279} + 1*{  59 104} + 1*{ 232 277} + 1*{  56 101} + 0.2*{} + 1*{  58 103} + -1*{ 378} = 0 

-1*{ 103 233} + 1*{  56 276} + 1*{  58 278} + 1*{  57 277} + -1*{ 101 231} + 1*{  59 279} + -1*{ 102 232} + -1*{ 104 234} + -1*{ 379} = 0 

-0.2*{} + 1*{ 381 381} + 1*{ 380 380} = 0 

-1*{ 380} + 1*{ 233 303} + 1*{  59 129} + 1*{  58 128} + 1*{ 232 302} + 1*{ 234 304} + 1*{ 231 301} + 1*{  56 126} + 1*{  57 127} + 0.2*{} = 0 

-1*{ 128 233} + 1*{  58 303} + -1*{ 126 231} + 1*{  57 302} + 1*{  56 301} + 1*{  59 304} + -1*{ 129 234} + -1*{ 127 232} + -1*{ 381} = 0 

-0.2*{} + 1*{ 383 383} + 1*{ 382 382} = 0 

1*{ 233 328} + 1*{  58 153} + 1*{ 232 327} + 1*{ 234 329} + 1*{  57 152} + 1*{  59 154} + 1*{ 231 326} + -1*{ 382} + 1*{  56 151} + 0.2*{} = 0 

-1*{ 152 232} + 1*{  57 327} + -1*{ 151 231} + 1*{  56 326} + 1*{  59 329} + -1*{ 153 233} + 1*{  58 328} + -1*{ 154 234} + -1*{ 383} = 0 

-0.2*{} + 1*{ 231 231} + 1*{  56  56} = 0 

-0.2*{} + 1*{ 232 232} + 1*{  57  57} = 0 

-0.8*{} + 1*{  58  58} + 1*{  56  56} + 1*{ 234 234} + 1*{ 231 231} + 1*{  57  57} + 1*{ 232 232} + 1*{ 233 233} + 1*{  59  59} = 0 

0.4*{ 233 234} + 0.2*{  57  57} + 0.4*{  58  59} + 0.2*{  59  59} + 0.2*{ 232 232} + 0.4*{  56  58} + 0.2*{ 233 233} + 0.178885*{  56} + 0.178885*{  59} + 0.178885*{  57} + 0.2*{ 231 231} + 0.4*{ 231 233} + 0.2*{ 234 234} + 0.4*{  57  58} + 0.4*{ 231 232} + 0.2*{  58  58} + 0.4*{ 232 234} + 0.178885*{  58} + 0.2*{  56  56} + 0.4*{ 232 233} + -0.16*{} + 0.4*{  56  59} + 0.4*{  57  59} + 0.4*{  56  57} + 0.4*{ 231 234} = 0 

1*{ 253 258} + 1*{  77  82} + 1*{  78  83} + 1*{ 252 257} + 1*{ 251 256} + 1*{  76  81} + 0.2*{} + 1*{  79  84} + 1*{ 254 259} = 0 

-1*{  82 252} + 1*{  77 257} + 1*{  78 258} + 1*{  79 259} + -1*{  81 251} + -1*{  83 253} + 1*{  76 256} + -1*{  84 254} = 0 

-0.2*{} + 1*{ 385 385} + 1*{ 384 384} = 0 

1*{ 253 278} + 1*{  77 102} + 1*{ 251 276} + 1*{  78 103} + 1*{  79 104} + 1*{  76 101} + 1*{ 252 277} + 1*{ 254 279} + 0.2*{} + -1*{ 384} = 0 

-1*{ 103 253} + 1*{  76 276} + -1*{ 102 252} + 1*{  79 279} + 1*{  78 278} + 1*{  77 277} + -1*{ 385} + -1*{ 104 254} + -1*{ 101 251} = 0 

-0.2*{} + 1*{ 387 387} + 1*{ 386 386} = 0 

1*{  78 128} + 1*{  77 127} + 1*{ 253 303} + 1*{ 252 302} + 1*{  76 126} + 1*{ 251 301} + 1*{  79 129} + 0.2*{} + 1*{ 254 304} + -1*{ 386} = 0 

1*{  78 303} + -1*{ 128 253} + -1*{ 127 252} + -1*{ 126 251} + 1*{  77 302} + 1*{  76 301} + 1*{  79 304} + -1*{ 387} + -1*{ 129 254} = 0 

-0.2*{} + 1*{ 389 389} + 1*{ 388 388} = 0 

1*{ 252 327} + 1*{ 251 326} + 1*{  76 151} + 1*{  77 152} + 0.2*{} + 1*{  78 153} + 1*{  79 154} + 1*{ 253 328} + -1*{ 388} + 1*{ 254 329} = 0 

-1*{ 151 251} + -1*{ 153 253} + 1*{  78 328} + 1*{  77 327} + -1*{ 154 254} + -1*{ 152 252} + 1*{  79 329} + 1*{  76 326} + -1*{ 389} = 0 

-0.2*{} + 1*{ 251 251} + 1*{  76  76} = 0 

-0.2*{} + 1*{ 252 252} + 1*{  77  77} = 0 

-0.8*{} + 1*{  76  76} + 1*{  78  78} + 1*{ 251 251} + 1*{  79  79} + 1*{  77  77} + 1*{ 252 252} + 1*{ 253 253} + 1*{ 254 254} = 0 

0.4*{  77  79} + 0.2*{  76  76} + 0.4*{  76  77} + 0.4*{  76  79} + 0.178885*{  77} + 0.2*{ 252 252} + 0.178885*{  76} + 0.2*{ 251 251} + 0.178885*{  79} + 0.2*{ 254 254} + 0.4*{ 252 253} + 0.2*{  78  78} + -0.16*{} + 0.4*{  77  78} + 0.4*{ 252 254} + 0.4*{  78  79} + 0.2*{  79  79} + 0.2*{ 253 253} + 0.2*{  77  77} + 0.178885*{  78} + 0.4*{  76  78} + 0.4*{ 251 252} + 0.4*{ 251 253} + 0.4*{ 251 254} + 0.4*{ 253 254} = 0 

-0.2*{} + 1*{ 391 391} + 1*{ 390 390} = 0 

1*{ 258 278} + 1*{ 257 277} + 1*{ 259 279} + 1*{  82 102} + 1*{ 256 276} + -1*{ 390} + 1*{  81 101} + 0.2*{} + 1*{  83 103} + 1*{  84 104} = 0 

-1*{ 103 258} + -1*{ 102 257} + 1*{  82 277} + 1*{  83 278} + 1*{  81 276} + -1*{ 101 256} + 1*{  84 279} + -1*{ 104 259} + -1*{ 391} = 0 

-0.2*{} + 1*{ 393 393} + 1*{ 392 392} = 0 

1*{  83 128} + 1*{  82 127} + 1*{ 257 302} + -1*{ 392} + 1*{ 258 303} + 1*{  81 126} + 0.2*{} + 1*{ 256 301} + 1*{  84 129} + 1*{ 259 304} = 0 

-1*{ 128 258} + -1*{ 127 257} + -1*{ 126 256} + 1*{  83 303} + 1*{  84 304} + 1*{  82 302} + 1*{  81 301} + -1*{ 129 259} + -1*{ 393} = 0 

-0.2*{} + 1*{ 395 395} + 1*{ 394 394} = 0 

1*{  83 153} + 1*{  82 152} + 1*{ 257 327} + 1*{ 256 326} + 1*{  81 151} + 0.2*{} + 1*{ 259 329} + 1*{  84 154} + 1*{ 258 328} + -1*{ 394} = 0 

-1*{ 153 258} + -1*{ 152 257} + -1*{ 395} + 1*{  83 328} + -1*{ 151 256} + -1*{ 154 259} + 1*{  81 326} + 1*{  82 327} + 1*{  84 329} = 0 

-0.2*{} + 1*{ 256 256} + 1*{  81  81} = 0 

-0.2*{} + 1*{ 257 257} + 1*{  82  82} = 0 

-0.8*{} + 1*{  83  83} + 1*{  81  81} + 1*{ 256 256} + 1*{  82  82} + 1*{ 257 257} + 1*{ 258 258} + 1*{  84  84} + 1*{ 259 259} = 0 

0.4*{  82  84} + 0.4*{ 256 257} + 0.4*{ 256 259} + 0.4*{  81  84} + 0.2*{  81  81} + 0.2*{  82  82} + 0.4*{ 257 258} + 0.2*{  84  84} + 0.178885*{  81} + 0.4*{  82  83} + 0.2*{ 258 258} + 0.4*{ 257 259} + 0.2*{ 257 257} + 0.4*{  83  84} + 0.4*{  81  83} + 0.4*{ 256 258} + 0.2*{  83  83} + -0.16*{} + 0.2*{ 259 259} + 0.178885*{  82} + 0.178885*{  83} + 0.4*{  81  82} + 0.4*{ 258 259} + 0.2*{ 256 256} + 0.178885*{  84} = 0 

-0.2*{} + 1*{ 397 397} + 1*{ 396 396} = 0 

1*{ 103 128} + 1*{ 277 302} + 1*{ 278 303} + 1*{ 102 127} + 1*{ 276 301} + 1*{ 104 129} + 1*{ 279 304} + 1*{ 101 126} + 0.2*{} + -1*{ 396} = 0 

-1*{ 128 278} + -1*{ 127 277} + 1*{ 102 302} + -1*{ 129 279} + 1*{ 103 303} + -1*{ 126 276} + 1*{ 104 304} + 1*{ 101 301} + -1*{ 397} = 0 

-0.2*{} + 1*{ 399 399} + 1*{ 398 398} = 0 

1*{ 278 328} + 1*{ 276 326} + 1*{ 277 327} + 1*{ 104 154} + -1*{ 398} + 1*{ 101 151} + 1*{ 103 153} + 0.2*{} + 1*{ 102 152} + 1*{ 279 329} = 0 

-1*{ 153 278} + -1*{ 152 277} + 1*{ 103 328} + 1*{ 102 327} + 1*{ 101 326} + -1*{ 151 276} + -1*{ 154 279} + 1*{ 104 329} + -1*{ 399} = 0 

-0.2*{} + 1*{ 276 276} + 1*{ 101 101} = 0 

-0.2*{} + 1*{ 277 277} + 1*{ 102 102} = 0 

-0.8*{} + 1*{ 101 101} + 1*{ 276 276} + 1*{ 102 102} + 1*{ 277 277} + 1*{ 279 279} + 1*{ 103 103} + 1*{ 104 104} + 1*{ 278 278} = 0 

0.4*{ 276 278} + 0.4*{ 103 104} + 0.4*{ 102 103} + 0.2*{ 102 102} + 0.178885*{ 101} + 0.2*{ 101 101} + 0.2*{ 103 103} + 0.2*{ 279 279} + 0.4*{ 276 279} + 0.2*{ 277 277} + 0.4*{ 277 278} + 0.2*{ 104 104} + 0.178885*{ 103} + 0.178885*{ 104} + 0.4*{ 276 277} + 0.4*{ 101 102} + 0.4*{ 277 279} + 0.2*{ 278 278} + 0.4*{ 278 279} + 0.4*{ 101 104} + 0.178885*{ 102} + 0.4*{ 102 104} + 0.2*{ 276 276} + -0.16*{} + 0.4*{ 101 103} = 0 

-0.2*{} + 1*{ 401 401} + 1*{ 400 400} = 0 

1*{ 303 328} + 1*{ 128 153} + 1*{ 127 152} + 1*{ 301 326} + 1*{ 126 151} + 1*{ 129 154} + 0.2*{} + 1*{ 304 329} + 1*{ 302 327} + -1*{ 400} = 0 

-1*{ 153 303} + -1*{ 152 302} + 1*{ 127 327} + -1*{ 151 301} + -1*{ 154 304} + 1*{ 128 328} + 1*{ 129 329} + 1*{ 126 326} + -1*{ 401} = 0 

-0.2*{} + 1*{ 301 301} + 1*{ 126 126} = 0 

-0.2*{} + 1*{ 302 302} + 1*{ 127 127} = 0 

-0.8*{} + 1*{ 303 303} + 1*{ 126 126} + 1*{ 301 301} + 1*{ 302 302} + 1*{ 127 127} + 1*{ 128 128} + 1*{ 129 129} + 1*{ 304 304} = 0 

0.2*{ 126 126} + 0.2*{ 129 129} + 0.4*{ 126 129} + 0.4*{ 127 129} + 0.4*{ 301 304} + 0.178885*{ 128} + 0.4*{ 127 128} + 0.4*{ 302 304} + 0.2*{ 127 127} + 0.178885*{ 127} + 0.2*{ 303 303} + 0.4*{ 128 129} + 0.178885*{ 129} + 0.2*{ 304 304} + 0.2*{ 301 301} + 0.2*{ 302 302} + 0.178885*{ 126} + 0.2*{ 128 128} + -0.16*{} + 0.4*{ 126 128} + 0.4*{ 301 303} + 0.4*{ 303 304} + 0.4*{ 302 303} + 0.4*{ 126 127} + 0.4*{ 301 302} = 0 

-0.2*{} + 1*{ 326 326} + 1*{ 151 151} = 0 

-0.2*{} + 1*{ 327 327} + 1*{ 152 152} = 0 

-0.8*{} + 1*{ 151 151} + 1*{ 326 326} + 1*{ 152 152} + 1*{ 327 327} + 1*{ 153 153} + 1*{ 328 328} + 1*{ 329 329} + 1*{ 154 154} = 0 

0.4*{ 326 327} + 0.4*{ 151 152} + 0.2*{ 329 329} + 0.4*{ 151 153} + 0.4*{ 326 329} + 0.178885*{ 151} + 0.4*{ 152 153} + -0.16*{} + 0.4*{ 153 154} + 0.2*{ 151 151} + 0.2*{ 154 154} + 0.4*{ 326 328} + 0.178885*{ 154} + 0.2*{ 328 328} + 0.4*{ 151 154} + 0.4*{ 327 329} + 0.2*{ 326 326} + 0.4*{ 328 329} + 0.2*{ 152 152} + 0.2*{ 327 327} + 0.4*{ 152 154} + 0.4*{ 327 328} + 0.178885*{ 153} + 0.2*{ 153 153} + 0.178885*{ 152} = 0 

set sizes: {3, 2, 2, 2, 1, 1, 1}, vars: 116, vectors: 12
1 1.250851e+01 1.250851e+01
2 1.173376e+03 1.250851e+01
3 9.354131e+04 1.250851e+01
4 3.374117e+04 1.250851e+01
5 1.217012e+04 1.250851e+01
6 4.389069e+03 1.250851e+01
7 1.582444e+03 1.250851e+01
8 5.701862e+02 1.250851e+01
9 2.054032e+02 1.250851e+01
10 7.375938e+01 1.250851e+01
11 2.638399e+01 1.250851e+01
12 1.017052e+01 1.017052e+01
13 3.583560e+00 3.583560e+00
14 1.288668e+00 1.288668e+00
15 4.620156e-01 4.620156e-01
16 1.741849e-01 1.741849e-01
17 1.005248e+01 1.741849e-01
18 3.658087e+00 1.741849e-01
19 1.234210e+00 1.741849e-01
20 4.181290e-01 1.741849e-01
21 1.443991e-01 1.443991e-01
22 5.153939e-02 5.153939e-02
23 1.883057e-02 1.883057e-02
24 7.033685e-03 7.033685e-03
25 2.800240e-03 2.800240e-03
26 1.266353e-03 1.266353e-03
27 7.920615e-04 7.920615e-04
28 8.657208e-04 7.920615e-04
29 9.274192e-04 7.920615e-04
30 1.080434e-02 7.920615e-04
31 3.466163e-03 7.920615e-04
32 1.258918e-03 7.920615e-04
33 7.658405e-04 7.658405e-04
34 2.800822e+01 7.658405e-04
35 9.682526e+00 7.658405e-04
36 3.295531e+00 7.658405e-04
37 1.111169e+00 7.658405e-04
38 3.753806e-01 7.658405e-04
39 1.300790e-01 7.658405e-04
40 4.761452e-02 7.658405e-04
41 1.942130e-02 7.658405e-04
42 1.148883e-02 7.658405e-04
43 3.451427e+00 7.658405e-04
44 1.151468e+00 7.658405e-04
45 3.843022e-01 7.658405e-04
46 1.288206e-01 7.658405e-04
47 4.375427e-02 7.658405e-04
48 1.524987e-02 7.658405e-04
49 5.576797e-03 7.658405e-04
50 2.222421e-03 7.658405e-04
51 1.021646e-03 7.658405e-04
52 5.487647e-04 5.487647e-04
53 3.736946e-04 3.736946e-04
54 2.005833e-04 2.005833e-04
55 6.981955e-04 2.005833e-04
56 2.249905e-04 2.005833e-04
57 8.238515e-05 8.238515e-05
58 4.188481e-05 4.188481e-05
59 1.328609e-04 4.188481e-05
60 4.333877e-05 4.188481e-05
61 1.670599e-05 1.670599e-05
62 9.901475e-06 9.901475e-06
63 5.789506e-05 9.901475e-06
64 1.815267e-05 9.901475e-06
65 6.124544e-06 6.124544e-06
66 2.565797e-06 2.565797e-06
67 2.094382e-06 2.094382e-06
68 9.310041e-07 9.310041e-07
69 1.379306e-06 9.310041e-07
70 4.732514e-07 4.732514e-07
71 2.421696e-07 2.421696e-07
72 4.803454e-06 2.421696e-07
73 1.474168e-06 2.421696e-07
74 4.674169e-07 2.421696e-07
75 1.664606e-07 1.664606e-07
76 9.993621e-08 9.993621e-08
77 1.566745e-05 9.993621e-08
78 4.797594e-06 9.993621e-08
79 1.506568e-06 9.993621e-08
80 5.139341e-07 9.993621e-08
81 2.285400e-07 9.993621e-08
82 2.833001e-07 9.993621e-08
83 1.177686e-07 9.993621e-08
84 3.896979e-07 9.993621e-08
85 1.257679e-07 9.993621e-08
86 5.393811e-07 9.993621e-08
87 9.096640e-08 9.096640e-08
88 1.332189e-01 9.096640e-08
89 4.181282e-02 9.096640e-08
90 1.298409e-02 9.096640e-08
91 4.004813e-03 9.096640e-08
92 1.232038e-03 9.096640e-08
93 3.797472e-04 9.096640e-08
94 1.179828e-04 9.096640e-08
95 3.737095e-05 9.096640e-08
96 1.239661e-05 9.096640e-08
97 4.631959e-06 9.096640e-08
98 2.557914e-06 9.096640e-08
99 1.176170e-05 9.096640e-08
100 3.432786e-06 9.096640e-08
101 3.767881e-06 9.096640e-08
102 7.657282e-05 9.096640e-08
103 2.151527e-05 9.096640e-08
104 1.070004e-05 9.096640e-08
105 1.768034e-02 9.096640e-08
106 5.369028e-03 9.096640e-08
107 1.627710e-03 9.096640e-08
108 4.924474e-04 9.096640e-08
109 1.466977e-04 9.096640e-08
110 3.164166e-05 9.096640e-08
111 3.272168e-04 9.096640e-08
112 1.985423e-04 9.096640e-08
113 6.996886e-04 9.096640e-08
114 6.331110e-04 9.096640e-08
115 5.466696e-03 9.096640e-08
116 7.573799e-03 9.096640e-08
117 3.449464e-04 9.096640e-08
118 5.122202e-01 9.096640e-08
119 1.557200e-01 9.096640e-08
120 4.725077e-02 9.096640e-08
121 1.432394e-02 9.096640e-08
122 4.340031e-03 9.096640e-08
123 1.308668e-03 9.096640e-08
124 3.755029e-04 9.096640e-08
125 1.346916e-04 9.096640e-08
126 6.942801e-03 9.096640e-08
127 2.095404e-03 9.096640e-08
128 6.109007e-04 9.096640e-08
129 2.781027e-05 9.096640e-08
130 1.726229e-02 9.096640e-08
131 5.229007e-03 9.096640e-08
132 1.582965e-03 9.096640e-08
133 4.785113e-04 9.096640e-08
134 1.424812e-04 9.096640e-08
135 3.041509e-05 9.096640e-08
136 2.816085e-04 9.096640e-08
137 1.082364e-04 9.096640e-08
138 5.720174e-03 9.096640e-08
139 1.599570e-03 9.096640e-08
140 9.034630e-04 9.096640e-08
141 2.547249e+01 9.096640e-08
142 7.780576e+00 9.096640e-08
143 2.368394e+00 9.096640e-08
144 7.192914e-01 9.096640e-08
145 2.177709e-01 9.096640e-08
146 6.468936e-02 9.096640e-08
147 1.743426e-02 9.096640e-08
148 1.493185e-02 9.096640e-08
149 4.761962e-02 9.096640e-08
150 4.395219e-03 9.096640e-08
151 7.833600e+00 9.096640e-08
152 2.393646e+00 9.096640e-08
153 7.285225e-01 9.096640e-08
154 2.212071e-01 9.096640e-08
155 6.708110e-02 9.096640e-08
156 2.033169e-02 9.096640e-08
157 6.160169e-03 9.096640e-08
158 1.857174e-03 9.096640e-08
159 5.292983e-04 9.096640e-08
160 2.390804e-04 9.096640e-08
161 1.490464e-03 9.096640e-08
162 7.633908e-05 9.096640e-08
163 1.965438e-02 9.096640e-08
164 5.941306e-03 9.096640e-08
165 1.775184e-03 9.096640e-08
166 4.217984e-04 9.096640e-08
167 2.516454e-03 9.096640e-08
168 1.213350e-03 9.096640e-08
169 2.815271e-02 9.096640e-08
170 4.024266e-03 9.096640e-08
171 3.735375e+03 9.096640e-08
172 1.187089e+03 9.096640e-08
173 3.732350e+02 9.096640e-08
174 1.161546e+02 9.096640e-08
175 3.579968e+01 9.096640e-08
176 1.080804e+01 9.096640e-08
177 2.892878e+00 9.096640e-08
178 2.807840e+00 9.096640e-08
179 7.340369e+00 9.096640e-08
180 2.548459e+00 9.096640e-08
181 6.111081e+00 9.096640e-08
182 6.298413e+00 9.096640e-08
183 8.004981e+00 9.096640e-08
184 1.959133e+00 9.096640e-08
185 3.127937e+00 9.096640e-08
186 2.527117e+01 9.096640e-08
187 7.659218e+00 9.096640e-08
188 2.296932e+00 9.096640e-08
189 5.992236e-01 9.096640e-08
190 1.672860e+00 9.096640e-08
191 1.072381e+00 9.096640e-08
192 3.789473e+00 9.096640e-08
193 1.043970e+00 9.096640e-08
194 5.509001e-01 9.096640e-08
195 3.746295e+02 9.096640e-08
196 1.138919e+02 9.096640e-08
197 3.455887e+01 9.096640e-08
198 1.047456e+01 9.096640e-08
199 3.172512e+00 9.096640e-08
200 9.594987e-01 9.096640e-08
201 2.863794e-01 9.096640e-08
202 6.802042e-02 9.096640e-08
203 6.173864e-01 9.096640e-08
204 1.724543e-01 9.096640e-08
205 9.400940e-02 9.096640e-08
206 2.261710e+08 9.096640e-08
207 8.349982e+07 9.096640e-08
208 3.003855e+07 9.096640e-08
209 1.079816e+07 9.096640e-08
210 3.874978e+06 9.096640e-08
211 1.386658e+06 9.096640e-08
212 4.940448e+05 9.096640e-08
213 1.748489e+05 9.096640e-08
214 6.128622e+04 9.096640e-08
215 2.120584e+04 9.096640e-08
216 7.216197e+03 9.096640e-08
217 2.407307e+03 9.096640e-08
218 8.179434e+02 9.096640e-08
219 2.628856e+02 9.096640e-08
220 1.527982e+02 9.096640e-08
221 4.872254e+01 9.096640e-08
222 9.898079e+02 9.096640e-08
223 3.091879e+02 9.096640e-08
224 9.305014e+01 9.096640e-08
225 2.172224e+01 9.096640e-08
226 3.180864e+02 9.096640e-08
227 8.659042e+01 9.096640e-08
228 8.177569e+01 9.096640e-08
229 1.688350e+05 9.096640e-08
230 5.614420e+04 9.096640e-08
231 1.858672e+04 9.096640e-08
232 6.068852e+03 9.096640e-08
233 1.952680e+03 9.096640e-08
234 6.154896e+02 9.096640e-08
235 1.983702e+02 9.096640e-08
236 2.002685e+02 9.096640e-08
237 4.383937e+02 9.096640e-08
238 1.049610e+02 9.096640e-08
239 7.541161e+03 9.096640e-08
240 2.336857e+03 9.096640e-08
241 7.107227e+02 9.096640e-08
242 1.867199e+02 9.096640e-08
243 3.775044e+02 9.096640e-08
244 5.464555e+04 9.096640e-08
245 1.800891e+04 9.096640e-08
246 5.823488e+03 9.096640e-08
247 1.851006e+03 9.096640e-08
248 5.754123e+02 9.096640e-08
249 1.719170e+02 9.096640e-08
250 4.402770e+02 9.096640e-08
251 3.752057e+01 9.096640e-08
252 1.094904e+04 9.096640e-08
253 3.410502e+03 9.096640e-08
254 1.052063e+03 9.096640e-08
255 3.218337e+02 9.096640e-08
256 9.637593e+01 9.096640e-08
257 2.166672e+01 9.096640e-08
258 2.465116e+02 9.096640e-08
259 5.835952e+02 9.096640e-08
260 1.801793e+02 9.096640e-08
261 5.479094e+01 9.096640e-08
262 1.544904e+01 9.096640e-08
263 1.028484e+01 9.096640e-08
264 1.128031e+02 9.096640e-08
265 3.361055e+01 9.096640e-08
266 5.848050e+00 9.096640e-08
267 1.479408e+03 9.096640e-08
268 4.507757e+02 9.096640e-08
269 5.592619e+03 9.096640e-08
270 1.853929e+03 9.096640e-08
271 6.007167e+02 9.096640e-08
272 1.905179e+02 9.096640e-08
273 5.896904e+01 9.096640e-08
274 1.690516e+01 9.096640e-08
275 2.793096e+01 9.096640e-08
276 1.514145e+01 9.096640e-08
277 3.637867e+00 9.096640e-08
278 7.291119e+01 9.096640e-08
279 2.214771e+01 9.096640e-08
280 6.307259e+00 9.096640e-08
281 2.682174e+00 9.096640e-08
282 5.505910e+02 9.096640e-08
283 1.729616e+02 9.096640e-08
284 5.373844e+01 9.096640e-08
285 1.654134e+01 9.096640e-08
286 5.047827e+00 9.096640e-08
287 1.501209e+00 9.096640e-08
288 3.337776e-01 9.096640e-08
289 9.184278e-01 9.096640e-08
290 1.502437e+01 9.096640e-08
291 4.582211e+00 9.096640e-08
292 1.334657e+00 9.096640e-08
293 5.332339e-02 9.096640e-08
294 2.095546e+01 9.096640e-08
295 6.557093e+00 9.096640e-08
296 2.029616e+00 9.096640e-08
297 6.226004e-01 9.096640e-08
298 1.877546e-01 9.096640e-08
299 4.695355e-02 9.096640e-08
300 1.034437e-01 9.096640e-08
301 1.569651e+00 9.096640e-08
302 4.688281e-01 9.096640e-08
303 9.941242e-02 9.096640e-08
304 5.867633e-01 9.096640e-08
305 1.273887e+00 9.096640e-08
306 2.220240e+00 9.096640e-08
307 7.100752e+00 9.096640e-08
308 6.169655e+00 9.096640e-08
309 3.432064e+02 9.096640e-08
310 1.036127e+02 9.096640e-08
311 2.861431e+01 9.096640e-08
312 1.828632e+01 9.096640e-08
313 6.210710e+07 9.096640e-08
314 2.341015e+07 9.096640e-08
315 8.398467e+06 9.096640e-08
316 3.017760e+06 9.096640e-08
317 1.076041e+06 9.096640e-08
318 3.811069e+05 9.096640e-08
319 1.336473e+05 9.096640e-08
320 4.626638e+04 9.096640e-08
321 1.749961e+04 9.096640e-08
322 5.948306e+03 9.096640e-08
323 2.031362e+03 9.096640e-08
324 7.303209e+03 9.096640e-08
325 2.426581e+03 9.096640e-08
326 7.852062e+02 9.096640e-08
327 2.832832e+02 9.096640e-08
328 3.396357e+02 9.096640e-08
329 6.175866e+02 9.096640e-08
330 5.091247e+12 9.096640e-08
331 1.837080e+12 9.096640e-08
332 6.627033e+11 9.096640e-08
333 2.390587e+11 9.096640e-08
334 8.623402e+10 9.096640e-08
335 3.110525e+10 9.096640e-08
336 1.121920e+10 9.096640e-08
337 4.046229e+09 9.096640e-08
338 1.459072e+09 9.096640e-08
339 5.260232e+08 9.096640e-08
340 1.895739e+08 9.096640e-08
341 6.828219e+07 9.096640e-08
342 2.457224e+07 9.096640e-08
343 8.829758e+06 9.096640e-08
344 3.165371e+06 9.096640e-08
345 1.130419e+06 9.096640e-08
346 4.012813e+05 9.096640e-08
347 1.415195e+05 9.096640e-08
348 4.915320e+04 9.096640e-08
349 1.681210e+04 9.096640e-08
350 6.062520e+03 9.096640e-08
351 2.009489e+03 9.096640e-08
352 6.433661e+02 9.096640e-08
353 4.094125e+03 9.096640e-08
354 1.327276e+03 9.096640e-08
355 4.212920e+02 9.096640e-08
356 1.322175e+02 9.096640e-08
357 1.070267e+02 9.096640e-08
358 1.890411e+04 9.096640e-08
359 6.535890e+03 9.096640e-08
360 2.227946e+03 9.096640e-08
361 7.478626e+02 9.096640e-08
362 2.486981e+02 9.096640e-08
363 8.280079e+01 9.096640e-08
364 3.674041e+01 9.096640e-08
365 1.050743e+02 9.096640e-08
366 2.634077e+01 9.096640e-08
367 8.905936e+01 9.096640e-08
368 1.707720e+01 9.096640e-08
369 9.459815e+01 9.096640e-08
370 2.434697e+01 9.096640e-08
371 3.822656e+01 9.096640e-08
372 9.905246e+02 9.096640e-08
373 3.039158e+02 9.096640e-08
374 9.109632e+01 9.096640e-08
375 2.129958e+01 9.096640e-08
376 1.773754e+02 9.096640e-08
377 5.031179e+01 9.096640e-08
378 1.557384e+01 9.096640e-08
379 2.814894e+03 9.096640e-08
380 8.832944e+02 9.096640e-08
381 2.742092e+02 9.096640e-08
382 8.439590e+01 9.096640e-08
383 2.576408e+01 9.096640e-08
384 7.645662e+00 9.096640e-08
385 1.308803e+00 9.096640e-08
386 8.096580e+01 9.096640e-08
387 2.427829e+01 9.096640e-08
388 5.774198e+00 9.096640e-08
389 1.767893e+01 9.096640e-08
390 3.179080e+02 9.096640e-08
391 9.738069e+01 9.096640e-08
392 2.953219e+01 9.096640e-08
393 8.392731e+00 9.096640e-08
394 2.181437e+00 9.096640e-08
395 9.444301e+02 9.096640e-08
396 2.923616e+02 9.096640e-08
397 8.984888e+01 9.096640e-08
398 2.734524e+01 9.096640e-08
399 7.872287e+00 9.096640e-08
400 1.178263e+00 9.096640e-08
401 1.010038e+02 9.096640e-08
402 3.081347e+01 9.096640e-08
403 9.219033e+00 9.096640e-08
404 1.998579e+00 9.096640e-08
405 2.610631e+01 9.096640e-08
406 5.655158e+00 9.096640e-08
407 4.562976e+05 9.096640e-08
408 1.598575e+05 9.096640e-08
409 5.591403e+04 9.096640e-08
410 1.929482e+04 9.096640e-08
411 6.542974e+03 9.096640e-08
412 2.177105e+03 9.096640e-08
413 7.146048e+02 9.096640e-08
414 2.397977e+02 9.096640e-08
415 8.243854e+01 9.096640e-08
416 2.978850e+01 9.096640e-08
417 2.206177e+01 9.096640e-08
418 2.142939e+01 9.096640e-08
419 4.631312e+00 9.096640e-08
420 1.502939e+00 9.096640e-08
421 4.782559e-01 9.096640e-08
422 1.491943e-01 9.096640e-08
423 4.462350e-02 9.096640e-08
424 1.965693e-02 9.096640e-08
425 1.310536e-01 9.096640e-08
426 3.236574e-02 9.096640e-08
427 2.247918e-01 9.096640e-08
428 4.931836e-02 9.096640e-08
429 3.311575e-01 9.096640e-08
430 4.593968e-02 9.096640e-08
431 1.115813e+01 9.096640e-08
432 3.501261e+00 9.096640e-08
433 1.088633e+00 9.096640e-08
434 3.356167e-01 9.096640e-08
435 1.025474e-01 9.096640e-08
436 3.033670e-02 9.096640e-08
437 4.457311e-03 9.096640e-08
438 5.190243e-01 9.096640e-08
439 1.587193e-01 9.096640e-08
440 4.772134e-02 9.096640e-08
441 1.165321e-02 9.096640e-08
442 1.141543e-01 9.096640e-08
443 2.133852e-02 9.096640e-08
444 4.742639e+09 9.096640e-08
445 1.710864e+09 9.096640e-08
446 6.171689e+08 9.096640e-08
447 2.226271e+08 9.096640e-08
448 8.030109e+07 9.096640e-08
449 2.896006e+07 9.096640e-08
450 1.044211e+07 9.096640e-08
451 3.764807e+06 9.096640e-08
452 1.357209e+06 9.096640e-08
453 4.891419e+05 9.096640e-08
454 1.762030e+05 9.096640e-08
455 6.342083e+04 9.096640e-08
456 2.279537e+04 9.096640e-08
457 8.174353e+03 9.096640e-08
458 2.920367e+03 9.096640e-08
459 1.037246e+03 9.096640e-08
460 3.652878e+02 9.096640e-08
461 1.271091e+02 9.096640e-08
462 4.359100e+01 9.096640e-08
463 1.469686e+01 9.096640e-08
464 8.731591e+03 9.096640e-08
465 5.816496e+04 9.096640e-08
466 2.098037e+04 9.096640e-08
467 7.567350e+03 9.096640e-08
468 2.728891e+03 9.096640e-08
469 9.838104e+02 9.096640e-08
470 3.544706e+02 9.096640e-08
471 1.277536e+02 9.096640e-08
472 4.589928e+01 9.096640e-08
473 1.644324e+01 9.096640e-08
474 5.860049e+00 9.096640e-08
475 2.608426e+02 9.096640e-08
476 4.700445e+04 9.096640e-08
477 1.695526e+04 9.096640e-08
478 6.115754e+03 9.096640e-08
479 2.205671e+03 9.096640e-08
480 7.952418e+02 9.096640e-08
481 2.865317e+02 9.096640e-08
482 1.031057e+02 9.096640e-08
483 3.701366e+01 9.096640e-08
484 1.323778e+01 9.096640e-08
485 4.710398e+00 9.096640e-08
486 1.671839e+00 9.096640e-08
487 5.944907e-01 9.096640e-08
488 2.168191e-01 9.096640e-08
489 8.145862e-02 9.096640e-08
490 3.303511e-02 9.096640e-08
491 1.914192e-02 9.096640e-08
492 8.172813e-03 9.096640e-08
493 9.345786e-03 9.096640e-08
494 4.314742e-03 9.096640e-08
495 8.762923e-02 9.096640e-08
496 2.778048e-02 9.096640e-08
497 9.092276e-03 9.096640e-08
498 3.301609e-03 9.096640e-08
499 1.737397e-03 9.096640e-08
500 1.878470e-01 9.096640e-08
501 5.993575e-02 9.096640e-08
502 1.920915e-02 9.096640e-08
503 6.354513e-03 9.096640e-08
504 2.317685e-03 9.096640e-08
505 1.146795e-03 9.096640e-08
506 2.552494e-02 9.096640e-08
507 8.143894e-03 9.096640e-08
508 2.746707e-03 9.096640e-08
509 1.232024e-03 9.096640e-08
510 3.992237e-02 9.096640e-08
511 1.228825e-02 9.096640e-08
512 3.716226e-03 9.096640e-08
513 1.182680e-03 9.096640e-08
514 1.422256e+05 9.096640e-08
515 2.048219e+05 9.096640e-08
516 7.384537e+04 9.096640e-08
517 2.661884e+04 9.096640e-08
518 9.591314e+03 9.096640e-08
519 3.453932e+03 9.096640e-08
520 1.242611e+03 9.096640e-08
521 4.463891e+02 9.096640e-08
522 1.600072e+02 9.096640e-08
523 5.717932e+01 9.096640e-08
524 2.035746e+01 9.096640e-08
525 7.225033e+00 9.096640e-08
526 2.564559e+00 9.096640e-08
527 9.417657e-01 9.096640e-08
528 2.197577e+02 9.096640e-08
529 7.860032e+01 9.096640e-08
530 2.800129e+01 9.096640e-08
531 9.936536e+00 9.096640e-08
532 3.510795e+00 9.096640e-08
533 1.259603e+00 9.096640e-08
534 3.694861e+00 9.096640e-08
535 1.306792e+00 9.096640e-08
536 7.325669e-01 9.096640e-08
537 2.570005e-01 9.096640e-08
538 9.776831e-02 9.096640e-08
539 7.004376e-02 9.096640e-08
540 3.185995e-02 9.096640e-08
541 1.130097e-01 9.096640e-08
542 3.809332e-02 9.096640e-08
543 1.484627e-02 9.096640e-08
544 8.187284e-03 9.096640e-08
545 2.729342e-01 9.096640e-08
546 9.031428e-02 9.096640e-08
547 3.048618e-02 9.096640e-08
548 1.092721e-02 9.096640e-08
549 4.600107e-03 9.096640e-08
550 2.637601e-03 9.096640e-08
551 1.762854e-03 9.096640e-08
552 5.844251e+01 9.096640e-08
553 2.057983e+01 9.096640e-08
554 7.063653e+00 9.096640e-08
555 2.410166e+00 9.096640e-08
556 8.224971e-01 9.096640e-08
557 2.848998e-01 9.096640e-08
558 1.036105e-01 9.096640e-08
559 4.092659e-02 9.096640e-08
560 1.910925e-02 9.096640e-08
561 1.120039e-02 9.096640e-08
562 9.081269e-03 9.096640e-08
563 1.565007e+02 9.096640e-08
564 5.569600e+01 9.096640e-08
565 1.967590e+01 9.096640e-08
566 6.874015e+00 9.096640e-08
567 2.368722e+00 9.096640e-08
568 8.047737e-01 9.096640e-08
569 2.700984e-01 9.096640e-08
570 9.048679e-02 9.096640e-08
571 3.062764e-02 9.096640e-08
572 1.079691e-02 9.096640e-08
573 4.064348e-03 9.096640e-08
574 1.693130e-03 9.096640e-08
575 7.695000e-04 9.096640e-08
576 3.674980e-04 9.096640e-08
577 1.722961e-04 9.096640e-08
578 9.645780e-05 9.096640e-08
579 5.514930e-05 9.096640e-08
580 1.027388e+00 9.096640e-08
581 3.288042e-01 9.096640e-08
582 1.054917e-01 9.096640e-08
583 3.390834e-02 9.096640e-08
584 1.093579e-02 9.096640e-08
585 3.558835e-03 9.096640e-08
586 1.181520e-03 9.096640e-08
587 4.035676e-04 9.096640e-08
588 1.493207e-04 9.096640e-08
589 6.969168e-05 9.096640e-08
590 9.732057e-05 9.096640e-08
591 4.145641e-05 9.096640e-08
592 3.792322e-05 9.096640e-08
593 1.080258e-04 9.096640e-08
594 4.121696e-05 9.096640e-08
595 2.719999e-05 9.096640e-08
596 1.066404e-04 9.096640e-08
597 3.619728e-05 9.096640e-08
598 1.615793e-05 9.096640e-08
599 7.731274e-05 9.096640e-08
600 2.603125e-05 9.096640e-08
601 1.160642e-05 9.096640e-08
602 3.994124e-05 9.096640e-08
603 1.641817e-05 9.096640e-08
604 1.233492e-05 9.096640e-08
605 6.022956e-05 9.096640e-08
606 2.115437e-05 9.096640e-08
607 1.123613e-05 9.096640e-08
608 1.671340e-03 9.096640e-08
609 5.126829e-04 9.096640e-08
610 1.597232e-04 9.096640e-08
611 5.260276e-05 9.096640e-08
612 2.102247e-05 9.096640e-08
613 1.419527e-05 9.096640e-08
614 2.883280e-03 9.096640e-08
615 8.842151e-04 9.096640e-08
616 2.742020e-04 9.096640e-08
617 8.876186e-05 9.096640e-08
618 3.330634e-05 9.096640e-08
619 2.058658e-05 9.096640e-08
620 6.473325e-02 9.096640e-08
621 2.021780e-02 9.096640e-08
622 6.339884e-03 9.096640e-08
623 2.030735e-03 9.096640e-08
624 6.904350e-04 9.096640e-08
625 2.712060e-04 9.096640e-08
626 1.332630e-04 9.096640e-08
627 1.125692e-04 9.096640e-08
628 4.952311e-05 9.096640e-08
629 3.944294e-05 9.096640e-08
630 2.046396e-05 9.096640e-08
631 1.362852e-04 9.096640e-08
632 4.395901e-05 9.096640e-08
633 1.647956e-05 9.096640e-08
634 1.165874e-05 9.096640e-08
635 9.319997e-03 9.096640e-08
636 2.868611e-03 9.096640e-08
637 8.885113e-04 9.096640e-08
638 2.831330e-04 9.096640e-08
639 9.882943e-05 9.096640e-08
640 4.454743e-05 9.096640e-08
641 4.602875e-05 9.096640e-08
642 2.015321e-05 9.096640e-08
643 2.705367e-05 9.096640e-08
644 1.392581e-05 9.096640e-08
645 1.306531e-05 9.096640e-08
646 5.969656e-05 9.096640e-08
647 2.250101e-05 9.096640e-08
648 1.363411e-05 9.096640e-08
649 6.000726e-04 9.096640e-08
650 1.875453e-04 9.096640e-08
651 6.225583e-05 9.096640e-08
652 2.496836e-05 9.096640e-08
653 1.381278e-05 9.096640e-08
654 1.266692e-04 9.096640e-08
655 4.068119e-05 9.096640e-08
656 1.511995e-05 9.096640e-08
657 1.092733e-05 9.096640e-08
658 3.454348e-04 9.096640e-08
659 1.091500e-04 9.096640e-08
660 3.793773e-05 9.096640e-08
661 1.856412e-05 9.096640e-08
662 8.209299e-05 9.096640e-08
663 2.719452e-05 9.096640e-08
664 1.147062e-05 9.096640e-08
665 1.826642e-05 9.096640e-08
666 9.963615e-06 9.096640e-08
667 1.248535e-02 9.096640e-08
668 3.857802e-03 9.096640e-08
669 1.191649e-03 9.096640e-08
670 3.717374e-04 9.096640e-08
671 1.200429e-04 9.096640e-08
672 4.342682e-05 9.096640e-08
673 2.487737e-05 9.096640e-08
674 6.585917e+00 9.096640e-08
675 2.188683e+00 9.096640e-08
676 7.306222e-01 9.096640e-08
677 2.480664e-01 9.096640e-08
678 8.524563e-02 9.096640e-08
679 2.919300e-02 9.096640e-08
680 9.962725e-03 9.096640e-08
681 3.479081e-03 9.096640e-08
682 1.293376e-03 9.096640e-08
683 5.432673e-04 9.096640e-08
684 2.550837e-04 9.096640e-08
685 1.224968e-04 9.096640e-08
686 7.603356e-05 9.096640e-08
687 5.254658e-05 9.096640e-08
688 5.294406e-01 9.096640e-08
689 1.693247e-01 9.096640e-08
690 5.396527e-02 9.096640e-08
691 1.735810e-02 9.096640e-08
692 5.764905e-03 9.096640e-08
693 2.080818e-03 9.096640e-08
694 9.362774e-04 9.096640e-08
695 1.533899e-03 9.096640e-08
696 5.597018e-04 9.096640e-08
697 3.089257e-04 9.096640e-08
698 1.342020e+03 9.096640e-08
699 5.055093e+02 9.096640e-08
700 1.796066e+02 9.096640e-08
701 6.337220e+01 9.096640e-08
702 2.217182e+01 9.096640e-08
703 7.695591e+00 9.096640e-08
704 2.661515e+00 9.096640e-08
705 9.223085e-01 9.096640e-08
706 3.220893e-01 9.096640e-08
707 1.139487e-01 9.096640e-08
708 4.164448e-02 9.096640e-08
709 1.613848e-02 9.096640e-08
710 6.570009e-03 9.096640e-08
711 2.771553e-03 9.096640e-08
712 1.362703e-03 9.096640e-08
713 3.004510e-03 9.096640e-08
714 1.060705e-03 9.096640e-08
715 5.300649e-04 9.096640e-08
716 1.725655e-02 9.096640e-08
717 5.390704e-03 9.096640e-08
718 1.715887e-03 9.096640e-08
719 5.863747e-04 9.096640e-08
720 2.615481e-04 9.096640e-08
721 7.124596e-04 9.096640e-08
722 3.022656e-04 9.096640e-08
723 4.523357e-04 9.096640e-08
724 2.024184e-03 9.096640e-08
725 6.788175e-04 9.096640e-08
726 2.892188e-04 9.096640e-08
727 8.604826e-04 9.096640e-08
728 1.141945e-01 9.096640e-08
729 3.620567e-02 9.096640e-08
730 1.150184e-02 9.096640e-08
731 3.725524e-03 9.096640e-08
732 1.284793e-03 9.096640e-08
733 5.257155e-04 9.096640e-08
734 3.518450e-04 9.096640e-08
735 4.474845e-03 9.096640e-08
736 1.421733e-03 9.096640e-08
737 4.864417e-04 9.096640e-08
738 2.255533e-04 9.096640e-08
739 2.026432e-03 9.096640e-08
740 6.605552e-04 9.096640e-08
741 2.899429e-04 9.096640e-08
742 1.911044e-03 9.096640e-08
743 6.248326e-04 9.096640e-08
744 2.406474e-04 9.096640e-08
745 1.116080e-02 9.096640e-08
746 3.346259e-03 9.096640e-08
747 6.653131e-04 9.096640e-08
748 1.047408e-02 9.096640e-08
749 1.589883e-03 9.096640e-08
750 9.069250e-02 9.096640e-08
751 2.611330e-02 9.096640e-08
752 8.245845e-03 9.096640e-08
753 5.862698e+01 9.096640e-08
754 1.907448e+01 9.096640e-08
755 6.145250e+00 9.096640e-08
756 1.960512e+00 9.096640e-08
757 6.204137e-01 9.096640e-08
758 1.944993e-01 9.096640e-08
759 6.075613e-02 9.096640e-08
760 2.694739e-02 9.096640e-08
761 3.017209e-02 9.096640e-08
762 3.053261e-02 9.096640e-08
763 1.552158e-01 9.096640e-08
764 4.636037e-02 9.096640e-08
765 1.055023e-02 9.096640e-08
766 1.241476e-01 9.096640e-08
767 2.708192e-02 9.096640e-08
768 3.709919e-01 9.096640e-08
769 7.723376e-02 9.096640e-08
770 6.380185e+00 9.096640e-08
771 1.964572e+00 9.096640e-08
772 6.005477e-01 9.096640e-08
773 1.802540e-01 9.096640e-08
774 4.279442e-02 9.096640e-08
775 1.161496e-01 9.096640e-08
776 1.949085e+00 9.096640e-08
777 5.919835e-01 9.096640e-08
778 1.730519e-01 9.096640e-08
779 1.456664e-02 9.096640e-08
780 7.773486e+00 9.096640e-08
781 2.378991e+00 9.096640e-08
782 7.238991e-01 9.096640e-08
783 2.157338e-01 9.096640e-08
784 5.063970e-02 9.096640e-08
785 1.161135e-01 9.096640e-08
786 3.566501e-01 9.096640e-08
787 5.648129e+02 9.096640e-08
788 1.878013e+02 9.096640e-08
789 6.163866e+01 9.096640e-08
790 1.995339e+01 9.096640e-08
791 6.390350e+00 9.096640e-08
792 2.033657e+00 9.096640e-08
793 6.447456e-01 9.096640e-08
794 2.043321e-01 9.096640e-08
795 6.749729e-02 9.096640e-08
796 3.212553e-02 9.096640e-08
797 3.050049e-02 9.096640e-08
798 2.623558e-02 9.096640e-08
799 9.255218e-01 9.096640e-08
800 2.814512e-01 9.096640e-08
801 8.528734e-02 9.096640e-08
802 2.537942e-02 9.096640e-08
803 6.326103e-03 9.096640e-08
804 7.513490e-03 9.096640e-08
805 3.465988e-02 9.096640e-08
806 9.912509e-03 9.096640e-08
807 3.302514e-03 9.096640e-08
808 6.644511e-03 9.096640e-08
809 2.225883e-03 9.096640e-08
810 8.747865e-03 9.096640e-08
811 2.405373e-03 9.096640e-08
812 1.037411e-03 9.096640e-08
813 1.310032e-03 9.096640e-08
814 5.588785e-04 9.096640e-08
815 1.499095e-03 9.096640e-08
816 1.338616e-04 9.096640e-08
817 5.632410e-03 9.096640e-08
818 1.696094e-03 9.096640e-08
819 4.821654e-04 9.096640e-08
820 5.248318e-05 9.096640e-08
821 6.853367e-03 9.096640e-08
822 2.073389e-03 9.096640e-08
823 6.272110e-04 9.096640e-08
824 1.895620e-04 9.096640e-08
825 5.665663e-05 9.096640e-08
826 1.369164e-05 9.096640e-08
827 4.762229e-05 9.096640e-08
828 3.926507e-04 9.096640e-08
829 1.107969e-04 9.096640e-08
830 2.406844e-05 9.096640e-08
831 1.750312e-04 9.096640e-08
832 5.278705e-05 9.096640e-08
833 1.530907e-05 9.096640e-08
834 2.639456e-07 9.096640e-08
835 9.505456e-04 9.096640e-08
836 2.876718e-04 9.096640e-08
837 8.705105e-05 9.096640e-08
838 2.634323e-05 9.096640e-08
839 7.973086e-06 9.096640e-08
840 2.413087e-06 9.096640e-08
841 7.291026e-07 9.096640e-08
842 2.157492e-07 9.096640e-08
843 3.867313e-08 3.867313e-08
844 1.323057e-06 3.867313e-08
845 3.832472e-07 3.867313e-08
846 1.415296e-08 1.415296e-08
847 9.357564e-05 1.415296e-08
848 2.830728e-05 1.415296e-08
849 8.556937e-06 1.415296e-08
850 2.565275e-06 1.415296e-08
851 6.859936e-07 1.415296e-08
852 2.420850e-07 1.415296e-08
853 4.797155e-06 1.415296e-08
854 1.450375e-06 1.415296e-08
855 4.358081e-07 1.415296e-08
856 1.192676e-07 1.415296e-08
857 6.203797e-08 1.415296e-08
858 4.667217e-06 1.415296e-08
859 1.410931e-06 1.415296e-08
860 4.233435e-07 1.415296e-08
861 1.116318e-07 1.415296e-08
862 2.110464e-07 1.415296e-08
863 7.707530e-07 1.415296e-08
864 3.192342e-07 1.415296e-08
865 5.121470e-04 1.415296e-08
866 1.549552e-04 1.415296e-08
867 4.685579e-05 1.415296e-08
868 1.408704e-05 1.415296e-08
869 3.944876e-06 1.415296e-08
870 6.523514e-07 1.415296e-08
871 5.035062e-06 1.415296e-08
872 1.264104e-06 1.415296e-08
873 1.038381e-06 1.415296e-08
874 4.291615e-06 1.415296e-08
875 1.068825e-06 1.415296e-08
876 1.968249e-06 1.415296e-08
877 3.144101e-03 1.415296e-08
878 9.517399e-04 1.415296e-08
879 2.880189e-04 1.415296e-08
880 8.714667e-05 1.415296e-08
881 2.636032e-05 1.415296e-08
882 7.950299e-06 1.415296e-08
883 2.323961e-06 1.415296e-08
884 5.761652e-07 1.415296e-08
885 1.140330e-06 1.415296e-08
886 5.896319e-08 1.415296e-08
887 2.777776e-06 1.415296e-08
888 8.114028e-07 1.415296e-08
889 6.918397e-08 1.415296e-08
890 1.308413e-05 1.415296e-08
891 3.951970e-06 1.415296e-08
892 1.172194e-06 1.415296e-08
893 2.249897e-07 1.415296e-08
894 6.156746e-06 1.415296e-08
895 1.802253e-06 1.415296e-08
896 2.074251e-07 1.415296e-08
897 3.292881e-03 1.415296e-08
898 9.963299e-04 1.415296e-08
899 3.014397e-04 1.415296e-08
900 9.119481e-05 1.415296e-08
901 2.757538e-05 1.415296e-08
902 8.289567e-06 1.415296e-08
903 2.302245e-06 1.415296e-08
904 5.820204e-07 1.415296e-08
905 1.836652e-04 1.415296e-08
906 5.556389e-05 1.415296e-08
907 1.680857e-05 1.415296e-08
908 5.083360e-06 1.415296e-08
909 1.532828e-06 1.415296e-08
910 4.433030e-07 1.415296e-08
911 2.795874e-08 1.415296e-08
912 1.520655e-03 1.415296e-08
913 4.601201e-04 1.415296e-08
914 1.391565e-04 1.415296e-08
915 4.190794e-05 1.415296e-08
916 1.200118e-05 1.415296e-08
917 2.017957e-06 1.415296e-08
918 9.740719e-06 1.415296e-08
919 1.816358e-06 1.415296e-08
920 6.466607e-06 1.415296e-08
921 7.469209e-07 1.415296e-08
922 1.085587e-05 1.415296e-08
923 2.880716e-06 1.415296e-08
924 2.486982e-06 1.415296e-08
925 1.647620e-03 1.415296e-08
926 4.984315e-04 1.415296e-08
927 1.506442e-04 1.415296e-08
928 4.504975e-05 1.415296e-08
929 1.161358e-05 1.415296e-08
930 3.582601e-06 1.415296e-08
931 3.194274e-05 1.415296e-08
932 7.192451e-06 1.415296e-08
933 1.233637e-05 1.415296e-08
934 2.345663e-04 1.415296e-08
935 6.947323e-05 1.415296e-08
936 1.206346e-05 1.415296e-08
937 8.816925e-04 1.415296e-08
938 2.349199e-04 1.415296e-08
939 1.387178e-03 1.415296e-08
940 4.113047e-04 1.415296e-08
941 7.729355e-05 1.415296e-08
942 2.855073e-03 1.415296e-08
943 8.926723e-04 1.415296e-08
944 4.625617e-04 1.415296e-08
945 6.477087e-01 1.415296e-08
946 1.959612e-01 1.415296e-08
947 5.925014e-02 1.415296e-08
948 1.779078e-02 1.415296e-08
949 4.908398e-03 1.415296e-08
950 1.966194e-03 1.415296e-08
951 9.355746e-03 1.415296e-08
952 2.537897e-03 1.415296e-08
953 1.536636e-03 1.415296e-08
954 1.726433e-03 1.415296e-08
955 5.222822e-04 1.415296e-08
956 1.579715e-04 1.415296e-08
957 4.769537e-05 1.415296e-08
958 1.406415e-05 1.415296e-08
959 1.930931e-06 1.415296e-08
960 5.516570e-04 1.415296e-08
961 1.798288e-04 1.415296e-08
962 3.192033e-05 1.415296e-08
963 6.252795e-04 1.415296e-08
964 1.678292e-04 1.415296e-08
965 2.701297e-04 1.415296e-08
966 1.000483e-03 1.415296e-08
967 5.952958e-04 1.415296e-08
968 2.283883e-02 1.415296e-08
969 6.134535e-03 1.415296e-08
970 1.028317e-02 1.415296e-08
971 3.779148e-02 1.415296e-08
972 2.224734e-02 1.415296e-08
973 1.867209e+01 1.415296e-08
974 5.648317e+00 1.415296e-08
975 1.708565e+00 1.415296e-08
976 5.128403e-01 1.415296e-08
977 1.123919e-01 1.415296e-08
978 1.119555e+00 1.415296e-08
979 1.999521e-01 1.415296e-08
980 1.490527e-01 1.415296e-08
981 6.516171e-01 1.415296e-08
982 1.337884e-01 1.415296e-08
983 1.866682e-01 1.415296e-08
984 6.589060e-02 1.415296e-08
985 9.741640e-01 1.415296e-08
986 3.639376e-02 1.415296e-08
987 1.301701e+01 1.415296e-08
988 3.111884e+00 1.415296e-08
989 8.089720e-02 1.415296e-08
990 2.007590e+00 1.415296e-08
991 5.495605e-04 1.415296e-08
992 5.655581e+02 1.415296e-08
993 1.711327e+02 1.415296e-08
994 5.177620e+01 1.415296e-08
995 1.566356e+01 1.415296e-08
996 4.738110e+00 1.415296e-08
997 1.432531e+00 1.415296e-08
998 4.312518e-01 1.415296e-08
999 1.230633e-01 1.415296e-08
1000 1.371678e-02 1.415296e-08
1001 2.241036e-01 1.415296e-08
1002 2.010808e-01 1.415296e-08
1003 3.255835e-01 1.415296e-08
1004 4.893036e-02 1.415296e-08
1005 1.648694e-01 1.415296e-08
1006 1.428604e-02 1.415296e-08
1007 1.341934e+01 1.415296e-08
1008 3.804013e+00 1.415296e-08
1009 6.445310e-01 1.415296e-08
1010 8.769356e-02 1.415296e-08
1011 2.230359e-01 1.415296e-08
1012 3.214238e-02 1.415296e-08
1013 1.703005e+00 1.415296e-08
1014 7.929988e-03 1.415296e-08
1015 6.875949e+01 1.415296e-08
1016 2.077566e+01 1.415296e-08
1017 6.247104e+00 1.415296e-08
1018 1.817629e+00 1.415296e-08
1019 3.581219e-01 1.415296e-08
1020 1.644755e-01 1.415296e-08
1021 6.214679e-02 1.415296e-08
1022 5.117192e-02 1.415296e-08
1023 1.242131e-01 1.415296e-08
1024 2.088809e-02 1.415296e-08
1025 8.147434e-01 1.415296e-08
1026 2.066610e-02 1.415296e-08
1027 7.860016e+00 1.415296e-08
1028 1.140198e+00 1.415296e-08
1029 2.369572e-03 1.415296e-08
1030 4.391928e+01 1.415296e-08
1031 1.313779e+01 1.415296e-08
1032 3.720791e+00 1.415296e-08
1033 6.257524e-01 1.415296e-08
1034 8.535914e-02 1.415296e-08
1035 2.134752e-02 1.415296e-08
1036 1.473224e-01 1.415296e-08
1037 2.663826e-03 1.415296e-08
1038 1.392429e+00 1.415296e-08
1039 2.017725e-04 1.415296e-08
1040 9.324412e-02 1.415296e-08
1041 1.049575e-03 1.415296e-08
1042 3.784153e-05 1.415296e-08
1043 1.358285e-06 1.415296e-08
1044 5.717330e-04 1.415296e-08
1045 2.071418e-05 1.415296e-08
1046 9.996011e-07 1.415296e-08
1047 3.877297e-06 1.415296e-08
1048 9.051204e-05 1.415296e-08
1049 4.551194e-06 1.415296e-08
1050 1.840750e-04 1.415296e-08
1051 1.023544e-05 1.415296e-08
1052 5.646717e-06 1.415296e-08
1053 5.590339e-05 1.415296e-08
1054 3.793554e-06 1.415296e-08
1055 3.013675e-05 1.415296e-08
1056 6.205483e-06 1.415296e-08
1057 1.243963e-05 1.415296e-08
1058 9.678938e-07 1.415296e-08
1059 1.100165e-02 1.415296e-08
1060 7.596419e-04 1.415296e-08
1061 5.323301e-05 1.415296e-08
1062 1.395310e-05 1.415296e-08
1063 1.778229e-05 1.415296e-08
1064 1.724964e-05 1.415296e-08
1065 6.467837e-05 1.415296e-08
1066 5.307024e-06 1.415296e-08
1067 1.206482e-04 1.415296e-08
1068 1.222049e-05 1.415296e-08
1069 2.662200e-05 1.415296e-08
1070 1.294887e-05 1.415296e-08
1071 5.976157e-05 1.415296e-08
1072 4.691393e-06 1.415296e-08
1073 7.661484e-05 1.415296e-08
1074 6.089856e-06 1.415296e-08
1075 4.348419e-04 1.415296e-08
1076 3.492559e-05 1.415296e-08
1077 2.234219e-05 1.415296e-08
1078 1.613102e-04 1.415296e-08
1079 1.312418e-05 1.415296e-08
1080 4.836901e-05 1.415296e-08
1081 1.419303e-05 1.415296e-08
1082 1.384843e-06 1.415296e-08
1083 2.930220e-04 1.415296e-08
1084 2.445389e-05 1.415296e-08
1085 9.154301e-05 1.415296e-08
1086 7.668226e-06 1.415296e-08
1087 2.316462e-04 1.415296e-08
1088 1.959558e-05 1.415296e-08
1089 5.380956e-05 1.415296e-08
1090 1.897741e-05 1.415296e-08
1091 1.613713e-06 1.415296e-08
1092 7.363964e-03 1.415296e-08
1093 6.296002e-04 1.415296e-08
1094 5.402509e-05 1.415296e-08
1095 6.049703e-06 1.415296e-08
1096 1.230935e-05 1.415296e-08
1097 7.811616e-05 1.415296e-08
1098 3.081996e-05 1.415296e-08
1099 5.416112e-05 1.415296e-08
1100 8.604196e-06 1.415296e-08
1101 9.594760e-04 1.415296e-08
1102 8.383989e-05 1.415296e-08
1103 1.342555e-05 1.415296e-08
1104 5.753083e-04 1.415296e-08
1105 5.054527e-05 1.415296e-08
1106 3.261314e-05 1.415296e-08
1107 2.755160e-05 1.415296e-08
1108 6.200472e-06 1.415296e-08
1109 1.304355e-04 1.415296e-08
1110 1.274145e-05 1.415296e-08
1111 2.973575e-04 1.415296e-08
1112 2.903900e-05 1.415296e-08
1113 1.046711e-05 1.415296e-08
1114 7.259867e-04 1.415296e-08
1115 6.482598e-05 1.415296e-08
1116 2.743187e-05 1.415296e-08
1117 1.768640e-04 1.415296e-08
1118 1.810964e-05 1.415296e-08
1119 1.519549e-04 1.415296e-08
1120 3.317859e-05 1.415296e-08
1121 7.627657e-06 1.415296e-08
1122 4.771278e-04 1.415296e-08
1123 4.306851e-05 1.415296e-08
1124 4.417768e-05 1.415296e-08
1125 7.738127e-05 1.415296e-08
1126 3.448861e-05 1.415296e-08
1127 5.177107e-05 1.415296e-08
1128 4.981845e-06 1.415296e-08
1129 3.401872e-02 1.415296e-08
1130 3.092764e-03 1.415296e-08
1131 2.815651e-04 1.415296e-08
1132 2.603274e-05 1.415296e-08
1133 4.330532e-06 1.415296e-08
1134 3.792885e-03 1.415296e-08
1135 3.464839e-04 1.415296e-08
1136 3.269160e-05 1.415296e-08
1137 3.267875e-06 1.415296e-08
1138 1.686212e-02 1.415296e-08
1139 1.545757e-03 1.415296e-08
1140 1.418973e-04 1.415296e-08
1141 1.317966e-05 1.415296e-08
1142 5.166836e-04 1.415296e-08
1143 4.818175e-05 1.415296e-08
1144 1.672663e-05 1.415296e-08
1145 5.471994e-04 1.415296e-08
1146 5.048185e-05 1.415296e-08
1147 1.210588e-05 1.415296e-08
1148 4.267649e-04 1.415296e-08
1149 3.949500e-05 1.415296e-08
1150 2.824873e-05 1.415296e-08
1151 4.764124e-05 1.415296e-08
1152 4.629955e-06 1.415296e-08
1153 5.733286e-03 1.415296e-08
1154 5.313956e-04 1.415296e-08
1155 4.941542e-05 1.415296e-08
1156 5.080202e-06 1.415296e-08
1157 3.705880e-04 1.415296e-08
1158 3.492935e-05 1.415296e-08
1159 6.872852e-05 1.415296e-08
1160 6.796356e-06 1.415296e-08
1161 3.704965e-03 1.415296e-08
1162 3.451299e-04 1.415296e-08
1163 4.797740e-05 1.415296e-08
1164 1.418020e-03 1.415296e-08
1165 1.323621e-04 1.415296e-08
1166 3.002912e-05 1.415296e-08
1167 1.705790e-04 1.415296e-08
1168 1.605987e-05 1.415296e-08
1169 5.096688e-04 1.415296e-08
1170 4.773743e-05 1.415296e-08
1171 5.233236e-06 1.415296e-08
1172 5.867923e-03 1.415296e-08
1173 5.496137e-04 1.415296e-08
1174 5.406121e-05 1.415296e-08
1175 1.427168e-04 1.415296e-08
1176 1.349151e-05 1.415296e-08
1177 3.382583e-05 1.415296e-08
1178 3.569926e-05 1.415296e-08
1179 7.263932e-05 1.415296e-08
1180 1.683245e-04 1.415296e-08
1181 1.601486e-05 1.415296e-08
1182 1.287733e-04 1.415296e-08
1183 3.929921e-05 1.415296e-08
1184 5.182956e-04 1.415296e-08
1185 5.168647e-05 1.415296e-08
1186 2.685627e-04 1.415296e-08
1187 2.541100e-05 1.415296e-08
1188 1.266337e-04 1.415296e-08
1189 2.240277e-05 1.415296e-08
1190 5.432337e-05 1.415296e-08
1191 6.437819e-04 1.415296e-08
1192 6.106628e-05 1.415296e-08
1193 1.322502e-05 1.415296e-08
1194 1.514156e-03 1.415296e-08
1195 1.431210e-04 1.415296e-08
1196 1.709317e-04 1.415296e-08
1197 2.048110e-05 1.415296e-08
1198 1.171967e-03 1.415296e-08
1199 1.111928e-04 1.415296e-08
1200 1.419116e-05 1.415296e-08
1201 4.688561e-06 1.415296e-08
1202 1.533717e-01 1.415296e-08
1203 1.453484e-02 1.415296e-08
1204 1.377892e-03 1.415296e-08
1205 1.307535e-04 1.415296e-08
1206 1.647065e-05 1.415296e-08
1207 3.267601e-03 1.415296e-08
1208 3.101527e-04 1.415296e-08
1209 4.388318e-05 1.415296e-08
1210 4.753157e-05 1.415296e-08
1211 3.184888e-05 1.415296e-08
1212 6.174278e-04 1.415296e-08
1213 6.093533e-05 1.415296e-08
1214 2.399920e-04 1.415296e-08
1215 2.284430e-05 1.415296e-08
1216 1.999039e-03 1.415296e-08
1217 1.904767e-04 1.415296e-08
1218 2.757009e-05 1.415296e-08
1219 1.414360e-03 1.415296e-08
1220 1.347293e-04 1.415296e-08
1221 4.027592e-05 1.415296e-08
1222 1.316456e-04 1.415296e-08
1223 1.414713e-05 1.415296e-08
1224 1.223082e-03 1.415296e-08
1225 1.170163e-04 1.415296e-08
1226 1.381100e-05 1.415296e-08
1227 3.153790e-03 1.415296e-08
1228 3.009856e-04 1.415296e-08
1229 5.860716e-05 1.415296e-08
1230 7.479454e-06 1.415296e-08
1231 7.454821e-04 1.415296e-08
1232 7.601078e-05 1.415296e-08
1233 8.282431e-04 1.415296e-08
1234 7.993777e-05 1.415296e-08
1235 1.591735e-04 1.415296e-08
1236 1.626645e-05 1.415296e-08
1237 2.169099e-03 1.415296e-08
1238 2.076648e-04 1.415296e-08
1239 1.605426e-04 1.415296e-08
1240 2.409122e-05 1.415296e-08
1241 4.034187e-03 1.415296e-08
1242 3.862176e-04 1.415296e-08
1243 4.053920e-05 1.415296e-08
1244 2.070991e-04 1.415296e-08
1245 4.869720e-05 1.415296e-08
1246 3.751671e-03 1.415296e-08
1247 3.597099e-04 1.415296e-08
1248 4.531713e-05 1.415296e-08
1249 1.425931e-04 1.415296e-08
1250 5.736603e-05 1.415296e-08
1251 5.044228e-05 1.415296e-08
1252 2.671210e-04 1.415296e-08
1253 3.956801e-05 1.415296e-08
1254 3.041720e-05 1.415296e-08
1255 2.899386e-03 1.415296e-08
1256 2.784471e-04 1.415296e-08
1257 6.073435e-05 1.415296e-08
1258 1.538758e-04 1.415296e-08
1259 3.067560e-05 1.415296e-08
1260 1.617566e-03 1.415296e-08
1261 1.557825e-04 1.415296e-08
1262 5.734535e-05 1.415296e-08
1263 5.036058e-04 1.415296e-08
1264 4.844374e-05 1.415296e-08
1265 1.740968e-04 1.415296e-08
1266 2.903612e-04 1.415296e-08
1267 2.891217e-05 1.415296e-08
1268 5.052005e-06 1.415296e-08
1269 8.090250e-03 1.415296e-08
1270 7.785847e-04 1.415296e-08
1271 9.793529e-05 1.415296e-08
1272 1.967711e-05 1.415296e-08
1273 1.529605e-02 1.415296e-08
1274 1.472967e-03 1.415296e-08
1275 1.443070e-04 1.415296e-08
1276 1.286505e-04 1.415296e-08
1277 9.265393e-05 1.415296e-08
1278 4.252685e-05 1.415296e-08
1279 4.184125e-04 1.415296e-08
1280 4.632685e-05 1.415296e-08
1281 3.144036e-05 1.415296e-08
1282 6.881271e-05 1.415296e-08
1283 9.158341e-06 1.415296e-08
1284 2.374672e-02 1.415296e-08
1285 2.290555e-03 1.415296e-08
1286 2.212210e-04 1.415296e-08
1287 5.176344e-05 1.415296e-08
1288 3.762795e-05 1.415296e-08
1289 9.206127e-04 1.415296e-08
1290 8.908400e-05 1.415296e-08
1291 1.172214e-04 1.415296e-08
1292 3.001028e-05 1.415296e-08
1293 1.106158e-02 1.415296e-08
1294 1.068309e-03 1.415296e-08
1295 1.032040e-04 1.415296e-08
1296 3.262674e-04 1.415296e-08
1297 5.414922e-05 1.415296e-08
1298 3.824367e-04 1.415296e-08
1299 4.088152e-05 1.415296e-08
1300 4.656506e-04 1.415296e-08
1301 4.529516e-05 1.415296e-08
1302 8.498137e-05 1.415296e-08
1303 2.783663e-04 1.415296e-08
1304 2.724770e-05 1.415296e-08
1305 2.019595e-03 1.415296e-08
1306 1.959977e-04 1.415296e-08
1307 4.229384e-05 1.415296e-08
1308 2.242575e-04 1.415296e-08
1309 2.853016e-05 1.415296e-08
1310 7.009609e-03 1.415296e-08
1311 6.784922e-04 1.415296e-08
1312 6.576143e-05 1.415296e-08
1313 2.540463e-05 1.415296e-08
1314 1.301267e-03 1.415296e-08
1315 1.321091e-04 1.415296e-08
1316 1.303438e-05 1.415296e-08
1317 1.068574e-02 1.415296e-08
1318 1.035094e-03 1.415296e-08
1319 1.005657e-04 1.415296e-08
1320 1.084460e-03 1.415296e-08
1321 1.090455e-04 1.415296e-08
1322 1.131336e-05 1.415296e-08
1323 1.108146e-02 1.415296e-08
1324 1.074146e-03 1.415296e-08
1325 1.164456e-04 1.415296e-08
1326 7.070574e-05 1.415296e-08
1327 6.206593e-04 1.415296e-08
1328 6.747355e-05 1.415296e-08
1329 2.885269e-03 1.415296e-08
1330 2.801504e-04 1.415296e-08
1331 3.024062e-05 1.415296e-08
1332 1.021613e-02 1.415296e-08
1333 9.911913e-04 1.415296e-08
1334 9.915551e-05 1.415296e-08
1335 3.242078e-05 1.415296e-08
1336 9.853276e-03 1.415296e-08
1337 9.563572e-04 1.415296e-08
1338 1.137893e-04 1.415296e-08
1339 3.895713e-05 1.415296e-08
1340 1.250575e-05 1.415296e-08
1341 7.011070e-04 1.415296e-08
1342 6.996311e-05 1.415296e-08
1343 2.807300e-03 1.415296e-08
1344 2.726940e-04 1.415296e-08
1345 6.011421e-05 1.415296e-08
1346 2.110889e-03 1.415296e-08
1347 2.064919e-04 1.415296e-08
1348 8.558779e-05 1.415296e-08
1349 3.888128e-05 1.415296e-08
1350 8.111838e-03 1.415296e-08
1351 7.884134e-04 1.415296e-08
1352 7.839042e-05 1.415296e-08
1353 3.641853e-05 1.415296e-08
1354 4.368737e-03 1.415296e-08
1355 4.247437e-04 1.415296e-08
1356 4.256691e-05 1.415296e-08
1357 4.709877e-03 1.415296e-08
1358 4.580635e-04 1.415296e-08
1359 5.524987e-05 1.415296e-08
1360 7.378691e-05 1.415296e-08
1361 2.318080e-03 1.415296e-08
1362 2.258109e-04 1.415296e-08
1363 4.594095e-05 1.415296e-08
1364 4.615459e-06 1.415296e-08
1365 8.604525e-02 1.415296e-08
1366 8.373390e-03 1.415296e-08
1367 8.149729e-04 1.415296e-08
1368 7.934637e-05 1.415296e-08
1369 6.152260e-05 1.415296e-08
1370 9.424266e-05 1.415296e-08
1371 6.610240e-04 1.415296e-08
1372 6.935746e-05 1.415296e-08
1373 4.754013e-04 1.415296e-08
1374 6.074056e-05 1.415296e-08
1375 4.129540e-03 1.415296e-08
1376 4.025348e-04 1.415296e-08
1377 4.731471e-05 1.415296e-08
1378 7.036464e-04 1.415296e-08
1379 7.036160e-05 1.415296e-08
1380 4.646566e-04 1.415296e-08
1381 7.059791e-05 1.415296e-08
1382 4.662160e-04 1.415296e-08
1383 4.826332e-05 1.415296e-08
1384 3.018467e-03 1.415296e-08
1385 2.945687e-04 1.415296e-08
1386 2.897054e-04 1.415296e-08
1387 2.362646e-04 1.415296e-08
1388 4.195849e-05 1.415296e-08
1389 2.352672e-03 1.415296e-08
1390 2.293852e-04 1.415296e-08
1391 4.650233e-05 1.415296e-08
1392 3.571203e-04 1.415296e-08
1393 1.911687e-04 1.415296e-08
1394 4.876049e-05 1.415296e-08
1395 5.406432e-03 1.415296e-08
1396 5.273713e-04 1.415296e-08
1397 1.835949e-04 1.415296e-08
1398 1.952312e-04 1.415296e-08
1399 1.064214e-04 1.415296e-08
1400 4.384051e-04 1.415296e-08
1401 5.205715e-05 1.415296e-08
1402 2.220062e-03 1.415296e-08
1403 2.166390e-04 1.415296e-08
1404 1.962703e-04 1.415296e-08
1405 3.831876e-04 1.415296e-08
1406 5.177921e-05 1.415296e-08
1407 1.289559e-04 1.415296e-08
1408 5.092332e-05 1.415296e-08
1409 1.533346e-02 1.415296e-08
1410 1.496967e-03 1.415296e-08
1411 1.508473e-04 1.415296e-08
1412 1.488323e-05 1.415296e-08
1413 8.784919e-03 1.415296e-08
1414 8.581125e-04 1.415296e-08
1415 9.359614e-05 1.415296e-08
1416 7.648035e-04 1.415296e-08
1417 8.772781e-05 1.415296e-08
1418 1.629896e-03 1.415296e-08
1419 1.617662e-04 1.415296e-08
1420 3.023674e-04 1.415296e-08
1421 3.479655e-05 1.415296e-08
1422 9.178354e-03 1.415296e-08
1423 8.967671e-04 1.415296e-08
1424 8.934394e-05 1.415296e-08
1425 1.587128e-04 1.415296e-08
1426 8.147724e-04 1.415296e-08
1427 8.245806e-05 1.415296e-08
1428 4.079927e-04 1.415296e-08
1429 3.996818e-05 1.415296e-08
1430 3.766769e-03 1.415296e-08
1431 3.695000e-04 1.415296e-08
1432 5.782952e-04 1.415296e-08
1433 1.904681e-04 1.415296e-08
1434 2.307487e-05 1.415296e-08
1435 5.067413e-03 1.415296e-08
1436 4.954905e-04 1.415296e-08
1437 7.180194e-05 1.415296e-08
1438 2.166247e-04 1.415296e-08
1439 2.294206e-04 1.415296e-08
1440 1.178893e-04 1.415296e-08
1441 5.767087e-04 1.415296e-08
1442 5.645084e-05 1.415296e-08
1443 7.466441e-05 1.415296e-08
1444 8.352647e-06 1.415296e-08
1445 4.922094e-01 1.415296e-08
1446 4.815363e-02 1.415296e-08
1447 4.711193e-03 1.415296e-08
1448 4.638219e-04 1.415296e-08
1449 4.545904e-05 1.415296e-08
1450 1.938784e-02 1.415296e-08
1451 1.897242e-03 1.415296e-08
1452 1.881403e-04 1.415296e-08
1453 1.037908e-03 1.415296e-08
1454 1.072346e-04 1.415296e-08
1455 1.424694e-04 1.415296e-08
1456 1.693529e-04 1.415296e-08
1457 3.696359e-05 1.415296e-08
1458 2.273796e-02 1.415296e-08
1459 2.225993e-03 1.415296e-08
1460 2.236268e-04 1.415296e-08
1461 2.593127e-05 1.415296e-08
1462 4.153082e-03 1.415296e-08
1463 4.067972e-04 1.415296e-08
1464 3.488323e-04 1.415296e-08
1465 8.065864e-05 1.415296e-08
1466 2.674832e-05 1.415296e-08
1467 1.761062e-02 1.415296e-08
1468 1.724799e-03 1.415296e-08
1469 1.698810e-04 1.415296e-08
1470 1.596268e-03 1.415296e-08
1471 1.657678e-04 1.415296e-08
1472 7.340422e-04 1.415296e-08
1473 8.458322e-05 1.415296e-08
1474 3.683554e-03 1.415296e-08
1475 3.662322e-04 1.415296e-08
1476 3.395400e-04 1.415296e-08
1477 4.714873e-05 1.415296e-08
1478 4.651000e-03 1.415296e-08
1479 4.560951e-04 1.415296e-08
1480 1.682945e-04 1.415296e-08
1481 1.319058e-03 1.415296e-08
1482 1.336237e-04 1.415296e-08
1483 2.894785e-03 1.415296e-08
1484 2.880819e-04 1.415296e-08
1485 3.597604e-04 1.415296e-08
1486 1.424654e-04 1.415296e-08
1487 2.785318e-05 1.415296e-08
1488 5.341539e-02 1.415296e-08
1489 5.236582e-03 1.415296e-08
1490 5.134855e-04 1.415296e-08
1491 1.927186e-04 1.415296e-08
1492 1.225664e-04 1.415296e-08
1493 6.063549e-05 1.415296e-08
1494 1.080777e-03 1.415296e-08
1495 1.061472e-04 1.415296e-08
1496 1.041738e-03 1.415296e-08
1497 1.021818e-04 1.415296e-08
1498 1.476246e-05 1.415296e-08
1499 1.574975e-03 1.415296e-08
1500 1.544910e-04 1.415296e-08
1501 2.896012e-05 1.415296e-08
1502 1.061319e-03 1.415296e-08
1503 1.694049e-04 1.415296e-08
1504 9.474919e-04 1.415296e-08
1505 9.313711e-05 1.415296e-08
1506 1.828377e-03 1.415296e-08
1507 1.813113e-04 1.415296e-08
1508 9.247466e-04 1.415296e-08
1509 9.358708e-05 1.415296e-08
1510 3.012975e-03 1.415296e-08
1511 3.021120e-04 1.415296e-08
1512 1.599756e-04 1.415296e-08
1513 2.443808e-03 1.415296e-08
1514 2.418047e-04 1.415296e-08
1515 9.928686e-05 1.415296e-08
1516 4.898678e-04 1.415296e-08
1517 5.386593e-05 1.415296e-08
1518 3.665470e-02 1.415296e-08
1519 3.597882e-03 1.415296e-08
1520 3.533940e-04 1.415296e-08
1521 3.118336e-04 1.415296e-08
1522 5.909439e-04 1.415296e-08
1523 6.357348e-05 1.415296e-08
1524 5.253692e-03 1.415296e-08
1525 5.158208e-04 1.415296e-08
1526 5.870131e-05 1.415296e-08
1527 2.088320e-03 1.415296e-08
1528 2.171291e-04 1.415296e-08
1529 4.969221e-04 1.415296e-08
1530 7.705638e-05 1.415296e-08
1531 9.973580e-04 1.415296e-08
1532 1.046495e-04 1.415296e-08
1533 3.034590e-04 1.415296e-08
1534 2.991006e-05 1.415296e-08
1535 4.591487e-04 1.415296e-08
1536 1.614066e-04 1.415296e-08
1537 2.224674e-03 1.415296e-08
1538 2.192928e-04 1.415296e-08
1539 2.475993e-05 1.415296e-08
1540 6.243606e-04 1.415296e-08
1541 1.181126e-04 1.415296e-08
1542 1.199078e-05 1.415296e-08
1543 3.499126e-03 1.415296e-08
1544 3.437781e-04 1.415296e-08
1545 5.067965e-04 1.415296e-08
1546 5.120849e-05 1.415296e-08
1547 1.522125e-02 1.415296e-08
1548 1.495719e-03 1.415296e-08
1549 2.056881e-04 1.415296e-08
1550 3.564480e-04 1.415296e-08
1551 4.210574e-05 1.415296e-08
1552 1.756385e-03 1.415296e-08
1553 1.727156e-04 1.415296e-08
1554 2.649021e-04 1.415296e-08
1555 6.579197e-05 1.415296e-08
1556 3.178223e-04 1.415296e-08
1557 1.718204e-04 1.415296e-08
1558 2.967606e-04 1.415296e-08
1559 8.440595e-04 1.415296e-08
1560 8.426777e-05 1.415296e-08
1561 1.724915e-04 1.415296e-08
1562 1.265520e-03 1.415296e-08
1563 1.487437e-04 1.415296e-08
1564 1.585892e-04 1.415296e-08
1565 2.040349e-04 1.415296e-08
1566 7.132694e-05 1.415296e-08
1567 7.502616e-04 1.415296e-08
1568 2.372008e-04 1.415296e-08
1569 1.006200e-03 1.415296e-08
1570 1.082858e-04 1.415296e-08
1571 3.885006e-04 1.415296e-08
1572 4.337421e-05 1.415296e-08
1573 5.292581e-05 1.415296e-08
1574 1.902321e-02 1.415296e-08
1575 1.870869e-03 1.415296e-08
1576 1.900819e-04 1.415296e-08
1577 2.026622e-04 1.415296e-08
1578 4.699515e-04 1.415296e-08
1579 4.779088e-05 1.415296e-08
1580 4.772205e-06 1.415296e-08
1581 5.273469e-01 1.415296e-08
1582 5.187341e-02 1.415296e-08
1583 5.102777e-03 1.415296e-08
1584 5.029405e-04 1.415296e-08
1585 1.225768e-04 1.415296e-08
1586 3.208439e-03 1.415296e-08
1587 3.193880e-04 1.415296e-08
1588 3.213884e-05 1.415296e-08
1589 8.528745e-02 1.415296e-08
1590 8.391446e-03 1.415296e-08
1591 8.256595e-04 1.415296e-08
1592 1.043658e-04 1.415296e-08
1593 1.140165e-02 1.415296e-08
1594 1.122774e-03 1.415296e-08
1595 1.201024e-04 1.415296e-08
1596 4.838260e-05 1.415296e-08
1597 9.791607e-03 1.415296e-08
1598 9.637047e-04 1.415296e-08
1599 1.689069e-04 1.415296e-08
1600 1.738300e-04 1.415296e-08
1601 2.198259e-04 1.415296e-08
1602 3.801444e-03 1.415296e-08
1603 3.768573e-04 1.415296e-08
1604 3.734854e-05 1.415296e-08
1605 4.323062e-03 1.415296e-08
1606 4.260449e-04 1.415296e-08
1607 1.371369e-04 1.415296e-08
1608 5.236913e-04 1.415296e-08
1609 5.595504e-05 1.415296e-08
1610 3.478756e-03 1.415296e-08
1611 3.461483e-04 1.415296e-08
1612 4.820371e-04 1.415296e-08
1613 4.770437e-05 1.415296e-08
1614 3.253837e-05 1.415296e-08
1615 1.475093e-02 1.415296e-08
1616 1.452650e-03 1.415296e-08
1617 1.546958e-04 1.415296e-08
1618 3.481969e-04 1.415296e-08
1619 2.019436e-04 1.415296e-08
1620 1.575410e-03 1.415296e-08
1621 1.675130e-04 1.415296e-08
1622 1.833173e-03 1.415296e-08
1623 1.805316e-04 1.415296e-08
1624 6.112622e-04 1.415296e-08
1625 9.126372e-05 1.415296e-08
1626 2.439043e-03 1.415296e-08
1627 2.417058e-04 1.415296e-08
1628 8.723712e-04 1.415296e-08
1629 2.901395e-04 1.415296e-08
1630 3.130936e-05 1.415296e-08
1631 2.255869e-03 1.415296e-08
1632 2.236713e-04 1.415296e-08
1633 6.149680e-04 1.415296e-08
1634 1.093494e-04 1.415296e-08
1635 1.086054e-02 1.415296e-08
1636 1.069908e-03 1.415296e-08
1637 1.371558e-04 1.415296e-08
1638 1.409238e-04 1.415296e-08
1639 2.393523e-03 1.415296e-08
1640 2.393003e-04 1.415296e-08
1641 4.958800e-04 1.415296e-08
1642 6.793904e-05 1.415296e-08
1643 6.433488e-03 1.415296e-08
1644 6.398297e-04 1.415296e-08
1645 1.629627e-04 1.415296e-08
1646 1.402245e-04 1.415296e-08
1647 5.524948e-04 1.415296e-08
1648 5.444765e-05 1.415296e-08
1649 4.591660e-03 1.415296e-08
1650 4.559864e-04 1.415296e-08
1651 8.018343e-04 1.415296e-08
1652 1.496148e-04 1.415296e-08
1653 3.245865e-04 1.415296e-08
1654 3.782809e-05 1.415296e-08
1655 2.963926e-02 1.415296e-08
1656 2.921251e-03 1.415296e-08
1657 2.897731e-04 1.415296e-08
1658 8.145618e-04 1.415296e-08
1659 1.418866e-04 1.415296e-08
1660 2.799534e-03 1.415296e-08
1661 2.760559e-04 1.415296e-08
1662 1.255542e-03 1.415296e-08
1663 1.458283e-04 1.415296e-08
1664 2.684552e-03 1.415296e-08
1665 2.763571e-04 1.415296e-08
1666 5.875733e-04 1.415296e-08
1667 9.680278e-05 1.415296e-08
1668 1.328083e-03 1.415296e-08
1669 1.313243e-04 1.415296e-08
1670 3.806336e-03 1.415296e-08
1671 3.805256e-04 1.415296e-08
1672 3.349223e-04 1.415296e-08
1673 4.181533e-05 1.415296e-08
1674 2.566483e-02 1.415296e-08
1675 2.530625e-03 1.415296e-08
1676 2.644835e-04 1.415296e-08
1677 1.196283e-04 1.415296e-08
1678 9.280662e-03 1.415296e-08
1679 9.159397e-04 1.415296e-08
1680 1.703380e-04 1.415296e-08
1681 7.490301e-04 1.415296e-08
1682 8.560535e-05 1.415296e-08
1683 1.865536e-05 1.415296e-08
1684 3.297758e-02 1.415296e-08
1685 3.252395e-03 1.415296e-08
1686 3.262005e-04 1.415296e-08
1687 5.313149e-05 1.415296e-08
1688 8.938593e-03 1.415296e-08
1689 8.827673e-04 1.415296e-08
1690 8.707124e-05 1.415296e-08
1691 6.795958e-04 1.415296e-08
1692 1.114225e-04 1.415296e-08
1693 2.025361e-02 1.415296e-08
1694 1.998183e-03 1.415296e-08
1695 1.979187e-04 1.415296e-08
1696 2.527412e-04 1.415296e-08
1697 1.018788e-03 1.415296e-08
1698 1.525858e-04 1.415296e-08
1699 7.184849e-03 1.415296e-08
1700 7.091158e-04 1.415296e-08
1701 6.995766e-05 1.415296e-08
1702 3.358952e-03 1.415296e-08
1703 3.330689e-04 1.415296e-08
1704 7.785278e-05 1.415296e-08
1705 2.477226e-03 1.415296e-08
1706 2.539492e-04 1.415296e-08
1707 1.208327e-03 1.415296e-08
1708 1.194908e-04 1.415296e-08
1709 1.412847e-04 1.415296e-08
1710 1.454440e-03 1.415296e-08
1711 1.460047e-04 1.415296e-08
1712 1.124134e-02 1.415296e-08
1713 1.109764e-03 1.415296e-08
1714 1.095098e-04 1.415296e-08
1715 5.365004e-04 1.415296e-08
1716 3.857842e-04 1.415296e-08
1717 4.754495e-05 1.415296e-08
1718 8.611051e-04 1.415296e-08
1719 8.909564e-05 1.415296e-08
1720 1.535034e-02 1.415296e-08
1721 1.515126e-03 1.415296e-08
1722 1.613571e-04 1.415296e-08
1723 6.074526e-05 1.415296e-08
1724 1.095848e-03 1.415296e-08
1725 1.488307e-04 1.415296e-08
1726 5.608026e-03 1.415296e-08
1727 5.576447e-04 1.415296e-08
1728 1.998782e-04 1.415296e-08
1729 6.045706e-04 1.415296e-08
1730 7.037520e-05 1.415296e-08
1731 2.806945e-02 1.415296e-08
1732 2.770928e-03 1.415296e-08
1733 2.736384e-04 1.415296e-08
1734 4.167139e-05 1.415296e-08
1735 2.948228e-02 1.415296e-08
1736 2.910607e-03 1.415296e-08
1737 2.920508e-04 1.415296e-08
1738 7.667705e-04 1.415296e-08
1739 7.994376e-05 1.415296e-08
1740 1.056631e-03 1.415296e-08
1741 1.155722e-04 1.415296e-08
1742 2.973767e-04 1.415296e-08
1743 5.178570e-04 1.415296e-08
1744 5.269715e-05 1.415296e-08
1745 2.095788e-01 1.415296e-08
1746 2.069409e-02 1.415296e-08
1747 2.043667e-03 1.415296e-08
1748 2.707570e-04 1.415296e-08
1749 2.046256e-03 1.415296e-08
1750 2.060968e-04 1.415296e-08
1751 2.304789e-04 1.415296e-08
1752 1.690907e-03 1.415296e-08
1753 1.872040e-04 1.415296e-08
1754 1.927117e-04 1.415296e-08
1755 1.536508e-02 1.415296e-08
1756 1.518042e-03 1.415296e-08
1757 1.910179e-04 1.415296e-08
1758 2.473475e-03 1.415296e-08
1759 2.443632e-04 1.415296e-08
1760 9.407250e-04 1.415296e-08
1761 1.136991e-04 1.415296e-08
1762 3.251192e-03 1.415296e-08
1763 3.212730e-04 1.415296e-08
1764 5.990224e-04 1.415296e-08
1765 7.031110e-05 1.415296e-08
1766 2.174073e-02 1.415296e-08
1767 2.147609e-03 1.415296e-08
1768 2.296011e-04 1.415296e-08
1769 8.631046e-05 1.415296e-08
1770 4.030751e-03 1.415296e-08
1771 4.017138e-04 1.415296e-08
1772 7.629278e-04 1.415296e-08
1773 7.769816e-05 1.415296e-08
1774 3.324630e-03 1.415296e-08
1775 3.357513e-04 1.415296e-08
1776 5.407445e-04 1.415296e-08
1777 7.586661e-05 1.415296e-08
1778 3.343107e-03 1.415296e-08
1779 3.304316e-04 1.415296e-08
1780 1.220667e-04 1.415296e-08
1781 6.149623e-03 1.415296e-08
1782 6.076943e-04 1.415296e-08
1783 9.586926e-04 1.415296e-08
1784 9.769673e-05 1.415296e-08
1785 6.010207e-03 1.415296e-08
1786 5.949612e-04 1.415296e-08
1787 6.731215e-05 1.415296e-08
1788 5.501736e-03 1.415296e-08
1789 5.458003e-04 1.415296e-08
1790 8.974862e-05 1.415296e-08
1791 2.126947e-03 1.415296e-08
1792 2.201690e-04 1.415296e-08
1793 1.871581e-04 1.415296e-08
1794 8.684501e-04 1.415296e-08
1795 1.539451e-04 1.415296e-08
1796 1.431319e-03 1.415296e-08
1797 1.435081e-04 1.415296e-08
1798 6.352181e-05 1.415296e-08
1799 8.522372e-03 1.415296e-08
1800 8.430031e-04 1.415296e-08
1801 1.602142e-04 1.415296e-08
1802 4.181448e-05 1.415296e-08
1803 3.892187e-02 1.415296e-08
1804 3.846895e-03 1.415296e-08
1805 3.803885e-04 1.415296e-08
1806 2.618693e-03 1.415296e-08
1807 2.593770e-04 1.415296e-08
1808 1.470166e-04 1.415296e-08
1809 1.819676e-03 1.415296e-08
1810 1.828430e-04 1.415296e-08
1811 1.008448e-04 1.415296e-08
1812 4.062212e-03 1.415296e-08
1813 4.028165e-04 1.415296e-08
1814 6.759123e-04 1.415296e-08
1815 1.434928e-04 1.415296e-08
1816 6.312322e-04 1.415296e-08
1817 8.085303e-05 1.415296e-08
1818 3.419539e-02 1.415296e-08
1819 3.380498e-03 1.415296e-08
1820 3.377850e-04 1.415296e-08
1821 2.562471e-03 1.415296e-08
1822 2.538441e-04 1.415296e-08
1823 5.586234e-04 1.415296e-08
1824 1.023616e-04 1.415296e-08
1825 2.780065e-03 1.415296e-08
1826 2.760770e-04 1.415296e-08
1827 6.532776e-04 1.415296e-08
1828 8.368186e-05 1.415296e-08
1829 4.003169e-03 1.415296e-08
1830 4.155622e-04 1.415296e-08
1831 4.150147e-05 1.415296e-08
1832 1.908719e-01 1.415296e-08
1833 1.887301e-02 1.415296e-08
1834 1.866253e-03 1.415296e-08
1835 1.939996e-04 1.415296e-08
1836 6.652331e-05 1.415296e-08
1837 4.446882e-02 1.415296e-08
1838 4.397499e-03 1.415296e-08
1839 4.350719e-04 1.415296e-08
1840 4.383503e-05 1.415296e-08
1841 8.181418e-03 1.415296e-08
1842 8.130831e-04 1.415296e-08
1843 9.076709e-05 1.415296e-08
1844 3.290249e-04 1.415296e-08
1845 2.484324e-03 1.415296e-08
1846 2.458280e-04 1.415296e-08
1847 1.049259e-03 1.415296e-08
1848 1.620872e-04 1.415296e-08
1849 3.825864e-03 1.415296e-08
1850 3.830575e-04 1.415296e-08
1851 2.590322e-03 1.415296e-08
1852 2.611608e-04 1.415296e-08
1853 2.832559e-05 1.415296e-08
1854 1.169210e-02 1.415296e-08
1855 1.156585e-03 1.415296e-08
1856 1.166410e-04 1.415296e-08
1857 1.854700e-03 1.415296e-08
1858 1.836278e-04 1.415296e-08
1859 2.692280e-03 1.415296e-08
1860 2.929232e-04 1.415296e-08
1861 3.463834e-05 1.415296e-08
1862 3.898557e-02 1.415296e-08
1863 3.856414e-03 1.415296e-08
1864 3.870601e-04 1.415296e-08
1865 4.244709e-04 1.415296e-08
1866 7.999956e-04 1.415296e-08
1867 3.520279e-04 1.415296e-08
1868 2.653150e-03 1.415296e-08
1869 2.642356e-04 1.415296e-08
1870 1.698697e-04 1.415296e-08
1871 8.033574e-05 1.415296e-08
1872 8.959786e-03 1.415296e-08
1873 8.874465e-04 1.415296e-08
1874 2.259464e-04 1.415296e-08
1875 5.472165e-05 1.415296e-08
1876 1.241593e-03 1.415296e-08
1877 2.652893e-04 1.415296e-08
1878 3.872535e-03 1.415296e-08
1879 3.850877e-04 1.415296e-08
1880 7.274243e-04 1.415296e-08
1881 8.997536e-05 1.415296e-08
1882 1.007905e-02 1.415296e-08
1883 9.972674e-04 1.415296e-08
1884 1.324263e-04 1.415296e-08
1885 1.605134e-03 1.415296e-08
1886 1.651067e-04 1.415296e-08
1887 1.019385e-03 1.415296e-08
1888 1.658441e-04 1.415296e-08
1889 3.327941e-03 1.415296e-08
1890 3.310480e-04 1.415296e-08
1891 3.535721e-03 1.415296e-08
1892 3.580034e-04 1.415296e-08
1893 4.750009e-05 1.415296e-08
1894 3.628482e-01 1.415296e-08
1895 3.590689e-02 1.415296e-08
1896 3.553358e-03 1.415296e-08
1897 3.532542e-04 1.415296e-08
1898 1.270901e-03 1.415296e-08
1899 1.923275e-04 1.415296e-08
1900 1.358390e-03 1.415296e-08
1901 2.009659e-04 1.415296e-08
1902 1.144549e-02 1.415296e-08
1903 1.132787e-03 1.415296e-08
1904 1.756067e-04 1.415296e-08
1905 4.793987e-04 1.415296e-08
1906 1.531110e-03 1.415296e-08
1907 1.581316e-04 1.415296e-08
1908 2.829216e-04 1.415296e-08
1909 1.116111e-04 1.415296e-08
1910 3.090946e-02 1.415296e-08
1911 3.059385e-03 1.415296e-08
1912 3.043053e-04 1.415296e-08
1913 4.769357e-05 1.415296e-08
1914 2.886527e-02 1.415296e-08
1915 2.857403e-03 1.415296e-08
1916 2.834176e-04 1.415296e-08
1917 3.713502e-05 1.415296e-08
1918 5.129138e-04 1.415296e-08
1919 3.298681e-04 1.415296e-08
1920 3.320382e-05 1.415296e-08
1921 3.472448e-02 1.415296e-08
1922 3.437402e-03 1.415296e-08
1923 3.472975e-04 1.415296e-08
1924 1.087755e-03 1.415296e-08
1925 1.601318e-04 1.415296e-08
1926 1.379005e-02 1.415296e-08
1927 1.365350e-03 1.415296e-08
1928 2.681156e-04 1.415296e-08
1929 9.374855e-04 1.415296e-08
1930 9.599908e-05 1.415296e-08
1931 1.055122e-02 1.415296e-08
1932 1.044767e-03 1.415296e-08
1933 1.117684e-04 1.415296e-08
1934 7.177768e-03 1.415296e-08
1935 7.108844e-04 1.415296e-08
1936 7.041347e-05 1.415296e-08
1937 2.445408e-02 1.415296e-08
1938 2.421161e-03 1.415296e-08
1939 2.402139e-04 1.415296e-08
1940 1.407774e-04 1.415296e-08
1941 1.965653e-02 1.415296e-08
1942 1.946353e-03 1.415296e-08
1943 1.984486e-04 1.415296e-08
1944 2.212181e-05 1.415296e-08
1945 4.112442e-01 1.415296e-08
1946 4.071995e-02 1.415296e-08
1947 4.031993e-03 1.415296e-08
1948 3.993354e-04 1.415296e-08
1949 2.052729e-04 1.415296e-08
1950 5.394075e-03 1.415296e-08
1951 5.482517e-04 1.415296e-08
1952 1.841083e-04 1.415296e-08
1953 3.033377e-04 1.415296e-08
1954 4.467762e-04 1.415296e-08
1955 3.779019e-04 1.415296e-08
1956 1.782429e-04 1.415296e-08
1957 1.096001e-02 1.415296e-08
1958 1.086708e-03 1.415296e-08
1959 1.253281e-04 1.415296e-08
1960 3.310802e-03 1.415296e-08
1961 3.980685e-04 1.415296e-08
1962 4.306330e-04 1.415296e-08
1963 1.661508e-03 1.415296e-08
1964 1.779754e-04 1.415296e-08
1965 6.231964e-03 1.415296e-08
1966 6.172795e-04 1.415296e-08
1967 7.288465e-05 1.415296e-08
1968 2.332268e-02 1.415296e-08
1969 2.310160e-03 1.415296e-08
1970 2.332100e-04 1.415296e-08
1971 4.186110e-03 1.415296e-08
1972 4.184108e-04 1.415296e-08
1973 1.820706e-04 1.415296e-08
1974 1.048646e-02 1.415296e-08
1975 1.039582e-03 1.415296e-08
1976 2.103401e-04 1.415296e-08
1977 1.732797e-03 1.415296e-08
1978 1.836650e-04 1.415296e-08
1979 1.866499e-03 1.415296e-08
1980 1.849006e-04 1.415296e-08
1981 3.801472e-03 1.415296e-08
1982 3.831678e-04 1.415296e-08
1983 1.358181e-03 1.415296e-08
1984 1.868733e-04 1.415296e-08
1985 2.505607e-04 1.415296e-08
1986 2.688495e-03 1.415296e-08
1987 2.776336e-04 1.415296e-08
1988 2.236142e-04 1.415296e-08
1989 3.933906e-03 1.415296e-08
1990 3.937838e-04 1.415296e-08
1991 1.719455e-03 1.415296e-08
1992 1.733659e-04 1.415296e-08
1993 1.723731e-03 1.415296e-08
1994 1.757613e-04 1.415296e-08
1995 5.650921e-04 1.415296e-08
1996 5.629517e-05 1.415296e-08
1997 5.568154e-02 1.415296e-08
1998 5.516335e-03 1.415296e-08
1999 5.465892e-04 1.415296e-08
2000 1.073015e-03 1.415296e-08
2001 6.532003e+00 1.415296e-08
2002 3.483087e+02 1.415296e-08
2003 1.731531e+02 1.415296e-08
2004 6.132534e+01 1.415296e-08
2005 2.158567e+01 1.415296e-08
2006 7.558231e+00 1.415296e-08
2007 2.643464e+00 1.415296e-08
2008 9.402956e-01 1.415296e-08
2009 3.389890e-01 1.415296e-08
2010 1.272829e-01 1.415296e-08
2011 5.062524e-02 1.415296e-08
2012 2.240223e-02 1.415296e-08
2013 1.187522e-02 1.415296e-08
2014 1.627322e-02 1.415296e-08
2015 7.487418e-03 1.415296e-08
2016 2.767635e-03 1.415296e-08
2017 1.398874e-03 1.415296e-08
2018 1.371815e-03 1.415296e-08
2019 7.195099e-04 1.415296e-08
2020 5.282614e-03 1.415296e-08
2021 1.637664e-03 1.415296e-08
2022 5.222988e-04 1.415296e-08
2023 1.824223e-04 1.415296e-08
2024 9.091332e-05 1.415296e-08
2025 7.123952e-05 1.415296e-08
2026 1.039474e-04 1.415296e-08
2027 3.057939e-05 1.415296e-08
2028 2.460927e-05 1.415296e-08
2029 2.417435e-01 1.415296e-08
2030 7.613564e-02 1.415296e-08
2031 2.388001e-02 1.415296e-08
2032 7.500259e-03 1.415296e-08
2033 2.372321e-03 1.415296e-08
2034 7.592654e-04 1.415296e-08
2035 2.478275e-04 1.415296e-08
2036 8.381482e-05 1.415296e-08
2037 3.023695e-05 1.415296e-08
2038 1.250856e-05 1.415296e-08
2039 8.709204e-06 1.415296e-08
2040 5.450767e-06 1.415296e-08
2041 1.506853e-04 1.415296e-08
2042 4.597595e-05 1.415296e-08
2043 1.423494e-05 1.415296e-08
2044 4.634501e-06 1.415296e-08
2045 1.810264e-06 1.415296e-08
2046 1.999428e-06 1.415296e-08
2047 2.016914e-06 1.415296e-08
2048 1.526401e-04 1.415296e-08
2049 4.649548e-05 1.415296e-08
2050 1.430334e-05 1.415296e-08
2051 4.486702e-06 1.415296e-08
2052 2.162017e-06 1.415296e-08
2053 6.489241e-05 1.415296e-08
2054 1.980098e-05 1.415296e-08
2055 6.145599e-06 1.415296e-08
2056 2.010830e-06 1.415296e-08
2057 1.126358e-06 1.415296e-08
2058 1.632715e-03 1.415296e-08
2059 4.981281e-04 1.415296e-08
2060 1.528402e-04 1.415296e-08
2061 4.800117e-05 1.415296e-08
2062 1.637984e-05 1.415296e-08
2063 7.694708e-06 1.415296e-08
2064 5.709815e-05 1.415296e-08
2065 1.779833e-05 1.415296e-08
2066 5.949011e-06 1.415296e-08
2067 2.628944e-06 1.415296e-08
2068 2.045666e-05 1.415296e-08
2069 6.396287e-06 1.415296e-08
2070 2.165933e-06 1.415296e-08
2071 1.155396e-06 1.415296e-08
2072 2.016812e-04 1.415296e-08
2073 6.122175e-05 1.415296e-08
2074 1.862005e-05 1.415296e-08
2075 5.702857e-06 1.415296e-08
2076 1.786740e-06 1.415296e-08
2077 6.041854e-07 1.415296e-08
2078 2.680555e-07 1.415296e-08
2079 9.638763e-07 1.415296e-08
2080 3.134460e-07 1.415296e-08
2081 1.209356e-07 1.415296e-08
2082 1.011102e-07 1.415296e-08
2083 2.251002e-05 1.415296e-08
2084 6.824443e-06 1.415296e-08
2085 2.072708e-06 1.415296e-08
2086 6.333107e-07 1.415296e-08
2087 1.968524e-07 1.415296e-08
2088 6.403047e-08 1.415296e-08
2089 2.333324e-08 1.415296e-08
2090 1.100649e-08 1.100649e-08
2091 6.539184e-09 6.539184e-09
2092 3.484460e-09 3.484460e-09
2093 4.831020e-07 3.484460e-09
2094 1.464094e-07 3.484460e-09
2095 4.454299e-08 3.484460e-09
2096 1.372043e-08 3.484460e-09
2097 4.391549e-09 3.484460e-09
2098 1.573178e-09 1.573178e-09
2099 7.285016e-10 7.285016e-10
2100 5.700324e-10 5.700324e-10
2101 2.633417e-10 2.633417e-10
2102 3.022081e-10 2.633417e-10
2103 1.170507e-10 1.170507e-10
2104 6.047716e-11 6.047716e-11
2105 1.196816e-10 6.047716e-11
2106 4.106911e-11 4.106911e-11
2107 1.846525e-11 1.846525e-11
2108 2.257414e-11 1.846525e-11
2109 8.518199e-12 8.518199e-12
2110 4.277165e-12 4.277165e-12
2111 6.873932e-11 4.277165e-12
2112 2.111764e-11 4.277165e-12
2113 6.687761e-12 4.277165e-12
2114 2.319952e-12 2.319952e-12
2115 3.831087e-12 2.319952e-12
2116 1.457434e-12 1.457434e-12
2117 9.295753e-11 1.457434e-12
2118 2.909037e-11 1.457434e-12
2119 9.780583e-12 1.457434e-12
2120 5.188064e-12 1.457434e-12
2121 5.501040e-10 1.457434e-12
2122 1.664455e-10 1.457434e-12
2123 5.038758e-11 1.457434e-12
2124 1.526509e-11 1.457434e-12
2125 4.662097e-12 1.457434e-12
2126 1.468496e-12 1.457434e-12
2127 4.812880e-13 4.812880e-13
2128 1.829017e-13 1.829017e-13
2129 4.081540e-13 1.829017e-13
2130 1.746543e-13 1.746543e-13
2131 1.131783e-12 1.746543e-13
2132 3.640836e-13 1.746543e-13
2133 1.617915e-13 1.617915e-13
2134 5.532976e-13 1.617915e-13
2135 1.180909e-13 1.180909e-13
2136 1.726365e-13 1.180909e-13
2137 2.168898e-13 1.180909e-13
2138 1.616006e-12 1.180909e-13
2139 4.834731e-13 1.180909e-13
2140 1.480356e-13 1.180909e-13
2141 5.312423e-13 1.180909e-13
2142 1.177193e-13 1.177193e-13
2143 2.281577e-13 1.177193e-13
2144 2.303584e-14 2.303584e-14

x:  4.314476e-01 -4.464413e-01 -5.678457e-01  1.354373e-01 -1.347695e-01 -4.407783e-01 -2.921144e-01 -5.105329e-01 -4.092726e-01  3.128646e-01  5.703730e-01  3.772429e-02  4.175082e-01  6.615959e-02  3.148523e-01 -2.920526e-01  1.974123e-01  4.471888e-01 -4.536630e-01 -9.704493e-02  4.456195e-01 -1.935070e-02  1.810129e-01 -9.786713e-02 -8.833892e-02  3.586630e-01 -6.350084e-02  5.745084e-02  4.094174e-01 -4.471646e-01  2.901257e-01  9.325687e-02  1.176987e-01 -2.627135e-02 -2.114994e-01  1.203165e-01  4.264237e-01  7.559443e-02  8.093570e-02 -2.178872e-01  1.802662e-01  3.195555e-01 -2.660068e-01  4.991984e-02 -1.602715e-01  4.422928e-01  3.375734e-01 -3.187750e-01  4.012835e-01  4.706194e-03  5.143711e-03  4.298206e-01  3.772615e-02  4.467947e-01 -5.083032e-01  3.150940e-01 -4.384019e-01  2.671345e-01  3.636384e-01  5.103276e-01 -1.799372e-01  6.616275e-03  3.714962e-01  4.112430e-01  4.402366e-01  7.868786e-02 -3.599415e-01  2.654093e-01 -7.979644e-03 -4.471424e-01  4.277300e-01  1.305644e-01  4.229774e-01  1.452244e-01 -2.852165e-02 -4.463032e-01  3.737147e-01 -2.456365e-01  2.335705e-01 -3.813723e-01  2.365863e-01 -3.795088e-01  8.562905e-02 -4.389392e-01 -2.054801e-01 -3.972127e-01  7.379626e-02 -4.410829e-01  2.251256e-01  3.864175e-01  9.062613e-02 -4.379348e-01  4.116369e-01 -1.748001e-01  2.493962e-01  3.712163e-01 -4.708108e-02  4.447285e-01  3.898782e-01 -2.190777e-01  2.985647e-01 -3.329551e-01  4.315401e-01  1.173592e-01  3.567569e-01  2.696749e-01  4.127371e-01 -1.721863e-01  4.668446e-02 -4.447702e-01  2.153547e-01 -3.919469e-01  3.714023e-01  2.491191e-01  4.159968e-01  1.641545e-01  8.014715e-06

grad:  2.818473e-15 -5.876337e-15 -3.846145e-15 -3.358532e-16  7.634619e-16 -6.041440e-15 -2.885743e-15 -2.081113e-15 -1.768157e-15  3.748177e-15  3.484364e-15 -5.230412e-16  2.779430e-15  1.094728e-15  3.590099e-15 -1.455467e-15  5.595897e-16  2.587200e-15 -1.790432e-15 -3.133496e-16  4.560380e-16  2.591049e-17  8.497207e-16 -4.545352e-17 -1.210165e-16  1.963276e-15  1.156851e-15  1.108422e-18  2.262304e-15 -3.262424e-15  1.367078e-16  1.080974e-16  1.919696e-15 -6.869446e-16  5.310463e-16 -3.296691e-16  2.648023e-15  3.913412e-16  1.142206e-15 -1.177729e-15 -1.001695e-15  3.646226e-15 -8.552781e-16  4.630178e-16 -2.506473e-15  6.754336e-15  3.270726e-15 -8.328539e-16  1.767668e-15 -6.847525e-16 -6.548510e-16  1.689230e-15 -7.037575e-16  1.492804e-15  2.117807e-16  4.541108e-16 -1.383968e-15  1.722256e-15  6.670662e-16  6.763683e-16 -1.610621e-16  5.671524e-16  2.055989e-15  8.977909e-16 -1.619423e-15  4.774952e-17  1.368267e-15  4.859074e-16  6.170448e-16  1.574078e-15  7.109540e-17 -1.844620e-16  1.222452e-16  5.219679e-16  7.482287e-16  7.901060e-16 -7.572109e-16  3.632451e-16  3.155615e-16  1.542878e-15  2.727826e-16  3.801262e-16  1.758717e-16  3.434806e-16  5.966196e-16  5.958956e-16 -5.906321e-16  4.825028e-16 -1.182209e-15 -1.087636e-15  1.697617e-17  9.747688e-16 -2.779152e-16 -2.449111e-16 -6.070057e-16 -6.299813e-17  5.407686e-16 -6.165761e-16 -1.604841e-16  6.004631e-17 -6.192712e-16  6.157824e-16  6.308193e-17 -7.696131e-16  2.998174e-16 -8.146215e-17 -1.868513e-16  1.159711e-17  3.923044e-16  4.729104e-16 -1.296937e-16  6.609263e-17 -3.936766e-16 -4.876284e-16  3.459737e-16 -2.739014e-16  1.423514e-14

finished in 2144 iterations (1.025 seconds total)
max viol = 8.1066e-08

---------------------
MUBs:
---------------------

{(1,0), (0,0), (0,0), (0,0), (0,0)}, {(0,0), (1,0), (0,0), (0,0), (0,0)}, {(0,0), (0,0), (1,0), (0,0), (0,0)}, {}, {}


{(0.447214,0), (0.447214,0), (0.447214,0), (0.447214,0), (0.447214,0)}, {(0.447214,0), (0.431448,0.117699), (-0.446441,-0.0262714), (-0.567846,-0.211499), (0.135437,0.120317)}, {}, {}, {}


{(0.447214,0), (-0.134769,0.426424), (-0.440778,0.0755944), (-0.292114,0.0809357), (-0.510533,-0.217887)}, {(0.447214,0), (-0.409273,0.180266), (0.312865,0.319556), (0.570373,-0.266007), (0.0377243,0.0499198)}, {}, {}, {}


{(0.447214,0), (0.417508,-0.160271), (0.0661596,0.442293), (0.314852,0.337573), (-0.292053,-0.318775)}, {(0.447214,0), (0.197412,0.401283), (0.447189,0.00470619), (-0.453663,0.00514371), (-0.0970449,0.429821)}, {}, {}, {}


{(0.447214,0), (0.44562,0.0377262), (-0.0193507,0.446795), (0.181013,-0.508303), (-0.0978671,0.315094)}, {}, {}, {}, {}


{(0.447214,0), (-0.0883389,-0.438402), (0.358663,0.267135), (-0.0635008,0.363638), (0.0574508,0.510328)}, {}, {}, {}, {}


{(0.447214,0), (0.409417,-0.179937), (-0.447165,0.00661628), (0.290126,0.371496), (0.0932569,0.411243)}, {}, {}, {}, {}

---------------------
Abs of Gram matrix:
---------------------

 { { +1.0000, +0.0000, +0.0000, +0.0000, +0.0000, +0.4472, +0.4472, +0.0000, +0.0000, +0.0000, +0.4472, +0.4472, +0.0000, +0.0000, +0.0000, +0.4472, +0.4472, +0.0000, +0.0000, +0.0000, +0.4472, +0.0000, +0.0000, +0.0000, +0.0000, +0.4472, +0.0000, +0.0000, +0.0000, +0.0000, +0.4472, +0.0000, +0.0000, +0.0000, +0.0000}, 
   { +0.0000, +1.0000, +0.0000, +0.0000, +0.0000, +0.4472, +0.4472, +0.0000, +0.0000, +0.0000, +0.4472, +0.4472, +0.0000, +0.0000, +0.0000, +0.4472, +0.4472, +0.0000, +0.0000, +0.0000, +0.4472, +0.0000, +0.0000, +0.0000, +0.0000, +0.4472, +0.0000, +0.0000, +0.0000, +0.0000, +0.4472, +0.0000, +0.0000, +0.0000, +0.0000}, 
   { +0.0000, +0.0000, +1.0000, +0.0000, +0.0000, +0.4472, +0.4472, +0.0000, +0.0000, +0.0000, +0.4472, +0.4472, +0.0000, +0.0000, +0.0000, +0.4472, +0.4472, +0.0000, +0.0000, +0.0000, +0.4472, +0.0000, +0.0000, +0.0000, +0.0000, +0.4472, +0.0000, +0.0000, +0.0000, +0.0000, +0.4472, +0.0000, +0.0000, +0.0000, +0.0000}, 
   { +0.0000, +0.0000, +0.0000, +0.0000, +0.0000, +0.0000, +0.0000, +0.0000, +0.0000, +0.0000, +0.0000, +0.0000, +0.0000, +0.0000, +0.0000, +0.0000, +0.0000, +0.0000, +0.0000, +0.0000, +0.0000, +0.0000, +0.0000, +0.0000, +0.0000, +0.0000, +0.0000, +0.0000, +0.0000, +0.0000, +0.0000, +0.0000, +0.0000, +0.0000, +0.0000}, 
   { +0.0000, +0.0000, +0.0000, +0.0000, +0.0000, +0.0000, +0.0000, +0.0000, +0.0000, +0.0000, +0.0000, +0.0000, +0.0000, +0.0000, +0.0000, +0.0000, +0.0000, +0.0000, +0.0000, +0.0000, +0.0000, +0.0000, +0.0000, +0.0000, +0.0000, +0.0000, +0.0000, +0.0000, +0.0000, +0.0000, +0.0000, +0.0000, +0.0000, +0.0000, +0.0000}, 
   { +0.4472, +0.4472, +0.4472, +0.0000, +0.0000, +1.0000, +0.0001, +0.0000, +0.0000, +0.0000, +0.4472, +0.4472, +0.0000, +0.0000, +0.0000, +0.4472, +0.4472, +0.0000, +0.0000, +0.0000, +0.4472, +0.0000, +0.0000, +0.0000, +0.0000, +0.4472, +0.0000, +0.0000, +0.0000, +0.0000, +0.4472, +0.0000, +0.0000, +0.0000, +0.0000}, 
   { +0.4472, +0.4472, +0.4472, +0.0000, +0.0000, +0.0001, +1.0000, +0.0000, +0.0000, +0.0000, +0.4472, +0.4472, +0.0000, +0.0000, +0.0000, +0.4472, +0.4472, +0.0000, +0.0000, +0.0000, +0.4472, +0.0000, +0.0000, +0.0000, +0.0000, +0.4472, +0.0000, +0.0000, +0.0000, +0.0000, +0.4472, +0.0000, +0.0000, +0.0000, +0.0000}, 
   { +0.0000, +0.0000, +0.0000, +0.0000, +0.0000, +0.0000, +0.0000, +0.0000, +0.0000, +0.0000, +0.0000, +0.0000, +0.0000, +0.0000, +0.0000, +0.0000, +0.0000, +0.0000, +0.0000, +0.0000, +0.0000, +0.0000, +0.0000, +0.0000, +0.0000, +0.0000, +0.0000, +0.0000, +0.0000, +0.0000, +0.0000, +0.0000, +0.0000, +0.0000, +0.0000}, 
   { +0.0000, +0.0000, +0.0000, +0.0000, +0.0000, +0.0000, +0.0000, +0.0000, +0.0000, +0.0000, +0.0000, +0.0000, +0.0000, +0.0000, +0.0000, +0.0000, +0.0000, +0.0000, +0.0000, +0.0000, +0.0000, +0.0000, +0.0000, +0.0000, +0.0000, +0.0000, +0.0000, +0.0000, +0.0000, +0.0000, +0.0000, +0.0000, +0.0000, +0.0000, +0.0000}, 
   { +0.0000, +0.0000, +0.0000, +0.0000, +0.0000, +0.0000, +0.0000, +0.0000, +0.0000, +0.0000, +0.0000, +0.0000, +0.0000, +0.0000, +0.0000, +0.0000, +0.0000, +0.0000, +0.0000, +0.0000, +0.0000, +0.0000, +0.0000, +0.0000, +0.0000, +0.0000, +0.0000, +0.0000, +0.0000, +0.0000, +0.0000, +0.0000, +0.0000, +0.0000, +0.0000}, 
   { +0.4472, +0.4472, +0.4472, +0.0000, +0.0000, +0.4472, +0.4472, +0.0000, +0.0000, +0.0000, +1.0000, +0.0000, +0.0000, +0.0000, +0.0000, +0.4472, +0.4472, +0.0000, +0.0000, +0.0000, +0.4472, +0.0000, +0.0000, +0.0000, +0.0000, +0.4472, +0.0000, +0.0000, +0.0000, +0.0000, +0.4472, +0.0000, +0.0000, +0.0000, +0.0000}, 
   { +0.4472, +0.4472, +0.4472, +0.0000, +0.0000, +0.4472, +0.4472, +0.0000, +0.0000, +0.0000, +0.0000, +1.0000, +0.0000, +0.0000, +0.0000, +0.4472, +0.4472, +0.0000, +0.0000, +0.0000, +0.4472, +0.0000, +0.0000, +0.0000, +0.0000, +0.4472, +0.0000, +0.0000, +0.0000, +0.0000, +0.4472, +0.0000, +0.0000, +0.0000, +0.0000}, 
   { +0.0000, +0.0000, +0.0000, +0.0000, +0.0000, +0.0000, +0.0000, +0.0000, +0.0000, +0.0000, +0.0000, +0.0000, +0.0000, +0.0000, +0.0000, +0.0000, +0.0000, +0.0000, +0.0000, +0.0000, +0.0000, +0.0000, +0.0000, +0.0000, +0.0000, +0.0000, +0.0000, +0.0000, +0.0000, +0.0000, +0.0000, +0.0000, +0.0000, +0.0000, +0.0000}, 
   { +0.0000, +0.0000, +0.0000, +0.0000, +0.0000, +0.0000, +0.0000, +0.0000, +0.0000, +0.0000, +0.0000, +0.0000, +0.0000, +0.0000, +0.0000, +0.0000, +0.0000, +0.0000, +0.0000, +0.0000, +0.0000, +0.0000, +0.0000, +0.0000, +0.0000, +0.0000, +0.0000, +0.0000, +0.0000, +0.0000, +0.0000, +0.0000, +0.0000, +0.0000, +0.0000}, 
   { +0.0000, +0.0000, +0.0000, +0.0000, +0.0000, +0.0000, +0.0000, +0.0000, +0.0000, +0.0000, +0.0000, +0.0000, +0.0000, +0.0000, +0.0000, +0.0000, +0.0000, +0.0000, +0.0000, +0.0000, +0.0000, +0.0000, +0.0000, +0.0000, +0.0000, +0.0000, +0.0000, +0.0000, +0.0000, +0.0000, +0.0000, +0.0000, +0.0000, +0.0000, +0.0000}, 
   { +0.4472, +0.4472, +0.4472, +0.0000, +0.0000, +0.4472, +0.4472, +0.0000, +0.0000, +0.0000, +0.4472, +0.4472, +0.0000, +0.0000, +0.0000, +1.0000, +0.0000, +0.0000, +0.0000, +0.0000, +0.4472, +0.0000, +0.0000, +0.0000, +0.0000, +0.4472, +0.0000, +0.0000, +0.0000, +0.0000, +0.4472, +0.0000, +0.0000, +0.0000, +0.0000}, 
   { +0.4472, +0.4472, +0.4472, +0.0000, +0.0000, +0.4472, +0.4472, +0.0000, +0.0000, +0.0000, +0.4472, +0.4472, +0.0000, +0.0000, +0.0000, +0.0000, +1.0000, +0.0000, +0.0000, +0.0000, +0.4472, +0.0000, +0.0000, +0.0000, +0.0000, +0.4472, +0.0000, +0.0000, +0.0000, +0.0000, +0.4472, +0.0000, +0.0000, +0.0000, +0.0000}, 
   { +0.0000, +0.0000, +0.0000, +0.0000, +0.0000, +0.0000, +0.0000, +0.0000, +0.0000, +0.0000, +0.0000, +0.0000, +0.0000, +0.0000, +0.0000, +0.0000, +0.0000, +0.0000, +0.0000, +0.0000, +0.0000, +0.0000, +0.0000, +0.0000, +0.0000, +0.0000, +0.0000, +0.0000, +0.0000, +0.0000, +0.0000, +0.0000, +0.0000, +0.0000, +0.0000}, 
   { +0.0000, +0.0000, +0.0000, +0.0000, +0.0000, +0.0000, +0.0000, +0.0000, +0.0000, +0.0000, +0.0000, +0.0000, +0.0000, +0.0000, +0.0000, +0.0000, +0.0000, +0.0000, +0.0000, +0.0000, +0.0000, +0.0000, +0.0000, +0.0000, +0.0000, +0.0000, +0.0000, +0.0000, +0.0000, +0.0000, +0.0000, +0.0000, +0.0000, +0.0000, +0.0000}, 
   { +0.0000, +0.0000, +0.0000, +0.0000, +0.0000, +0.0000, +0.0000, +0.0000, +0.0000, +0.0000, +0.0000, +0.0000, +0.0000, +0.0000, +0.0000, +0.0000, +0.0000, +0.0000, +0.0000, +0.0000, +0.0000, +0.0000, +0.0000, +0.0000, +0.0000, +0.0000, +0.0000, +0.0000, +0.0000, +0.0000, +0.0000, +0.0000, +0.0000, +0.0000, +0.0000}, 
   { +0.4472, +0.4472, +0.4472, +0.0000, +0.0000, +0.4472, +0.4472, +0.0000, +0.0000, +0.0000, +0.4472, +0.4472, +0.0000, +0.0000, +0.0000, +0.4472, +0.4472, +0.0000, +0.0000, +0.0000, +1.0000, +0.0000, +0.0000, +0.0000, +0.0000, +0.4472, +0.0000, +0.0000, +0.0000, +0.0000, +0.4472, +0.0000, +0.0000, +0.0000, +0.0000}, 
   { +0.0000, +0.0000, +0.0000, +0.0000, +0.0000, +0.0000, +0.0000, +0.0000, +0.0000, +0.0000, +0.0000, +0.0000, +0.0000, +0.0000, +0.0000, +0.0000, +0.0000, +0.0000, +0.0000, +0.0000, +0.0000, +0.0000, +0.0000, +0.0000, +0.0000, +0.0000, +0.0000, +0.0000, +0.0000, +0.0000, +0.0000, +0.0000, +0.0000, +0.0000, +0.0000}, 
   { +0.0000, +0.0000, +0.0000, +0.0000, +0.0000, +0.0000, +0.0000, +0.0000, +0.0000, +0.0000, +0.0000, +0.0000, +0.0000, +0.0000, +0.0000, +0.0000, +0.0000, +0.0000, +0.0000, +0.0000, +0.0000, +0.0000, +0.0000, +0.0000, +0.0000, +0.0000, +0.0000, +0.0000, +0.0000, +0.0000, +0.0000, +0.0000, +0.0000, +0.0000, +0.0000}, 
   { +0.0000, +0.0000, +0.0000, +0.0000, +0.0000, +0.0000, +0.0000, +0.0000, +0.0000, +0.0000, +0.0000, +0.0000, +0.0000, +0.0000, +0.0000, +0.0000, +0.0000, +0.0000, +0.0000, +0.0000, +0.0000, +0.0000, +0.0000, +0.0000, +0.0000, +0.0000, +0.0000, +0.0000, +0.0000, +0.0000, +0.0000, +0.0000, +0.0000, +0.0000, +0.0000}, 
   { +0.0000, +0.0000, +0.0000, +0.0000, +0.0000, +0.0000, +0.0000, +0.0000, +0.0000, +0.0000, +0.0000, +0.0000, +0.0000, +0.0000, +0.0000, +0.0000, +0.0000, +0.0000, +0.0000, +0.0000, +0.0000, +0.0000, +0.0000, +0.0000, +0.0000, +0.0000, +0.0000, +0.0000, +0.0000, +0.0000, +0.0000, +0.0000, +0.0000, +0.0000, +0.0000}, 
   { +0.4472, +0.4472, +0.4472, +0.0000, +0.0000, +0.4472, +0.4472, +0.0000, +0.0000, +0.0000, +0.4472, +0.4472, +0.0000, +0.0000, +0.0000, +0.4472, +0.4472, +0.0000, +0.0000, +0.0000, +0.4472, +0.0000, +0.0000, +0.0000, +0.0000, +1.0000, +0.0000, +0.0000, +0.0000, +0.0000, +0.4472, +0.0000, +0.0000, +0.0000, +0.0000}, 
   { +0.0000, +0.0000, +0.0000, +0.0000, +0.0000, +0.0000, +0.0000, +0.0000, +0.0000, +0.0000, +0.0000, +0.0000, +0.0000, +0.0000, +0.0000, +0.0000, +0.0000, +0.0000, +0.0000, +0.0000, +0.0000, +0.0000, +0.0000, +0.0000, +0.0000, +0.0000, +0.0000, +0.0000, +0.0000, +0.0000, +0.0000, +0.0000, +0.0000, +0.0000, +0.0000}, 
   { +0.0000, +0.0000, +0.0000, +0.0000, +0.0000, +0.0000, +0.0000, +0.0000, +0.0000, +0.0000, +0.0000, +0.0000, +0.0000, +0.0000, +0.0000, +0.0000, +0.0000, +0.0000, +0.0000, +0.0000, +0.0000, +0.0000, +0.0000, +0.0000, +0.0000, +0.0000, +0.0000, +0.0000, +0.0000, +0.0000, +0.0000, +0.0000, +0.0000, +0.0000, +0.0000}, 
   { +0.0000, +0.0000, +0.0000, +0.0000, +0.0000, +0.0000, +0.0000, +0.0000, +0.0000, +0.0000, +0.0000, +0.0000, +0.0000, +0.0000, +0.0000, +0.0000, +0.0000, +0.0000, +0.0000, +0.0000, +0.0000, +0.0000, +0.0000, +0.0000, +0.0000, +0.0000, +0.0000, +0.0000, +0.0000, +0.0000, +0.0000, +0.0000, +0.0000, +0.0000, +0.0000}, 
   { +0.0000, +0.0000, +0.0000, +0.0000, +0.0000, +0.0000, +0.0000, +0.0000, +0.0000, +0.0000, +0.0000, +0.0000, +0.0000, +0.0000, +0.0000, +0.0000, +0.0000, +0.0000, +0.0000, +0.0000, +0.0000, +0.0000, +0.0000, +0.0000, +0.0000, +0.0000, +0.0000, +0.0000, +0.0000, +0.0000, +0.0000, +0.0000, +0.0000, +0.0000, +0.0000}, 
   { +0.4472, +0.4472, +0.4472, +0.0000, +0.0000, +0.4472, +0.4472, +0.0000, +0.0000, +0.0000, +0.4472, +0.4472, +0.0000, +0.0000, +0.0000, +0.4472, +0.4472, +0.0000, +0.0000, +0.0000, +0.4472, +0.0000, +0.0000, +0.0000, +0.0000, +0.4472, +0.0000, +0.0000, +0.0000, +0.0000, +1.0000, +0.0000, +0.0000, +0.0000, +0.0000}, 
   { +0.0000, +0.0000, +0.0000, +0.0000, +0.0000, +0.0000, +0.0000, +0.0000, +0.0000, +0.0000, +0.0000, +0.0000, +0.0000, +0.0000, +0.0000, +0.0000, +0.0000, +0.0000, +0.0000, +0.0000, +0.0000, +0.0000, +0.0000, +0.0000, +0.0000, +0.0000, +0.0000, +0.0000, +0.0000, +0.0000, +0.0000, +0.0000, +0.0000, +0.0000, +0.0000}, 
   { +0.0000, +0.0000, +0.0000, +0.0000, +0.0000, +0.0000, +0.0000, +0.0000, +0.0000, +0.0000, +0.0000, +0.0000, +0.0000, +0.0000, +0.0000, +0.0000, +0.0000, +0.0000, +0.0000, +0.0000, +0.0000, +0.0000, +0.0000, +0.0000, +0.0000, +0.0000, +0.0000, +0.0000, +0.0000, +0.0000, +0.0000, +0.0000, +0.0000, +0.0000, +0.0000}, 
   { +0.0000, +0.0000, +0.0000, +0.0000, +0.0000, +0.0000, +0.0000, +0.0000, +0.0000, +0.0000, +0.0000, +0.0000, +0.0000, +0.0000, +0.0000, +0.0000, +0.0000, +0.0000, +0.0000, +0.0000, +0.0000, +0.0000, +0.0000, +0.0000, +0.0000, +0.0000, +0.0000, +0.0000, +0.0000, +0.0000, +0.0000, +0.0000, +0.0000, +0.0000, +0.0000}, 
   { +0.0000, +0.0000, +0.0000, +0.0000, +0.0000, +0.0000, +0.0000, +0.0000, +0.0000, +0.0000, +0.0000, +0.0000, +0.0000, +0.0000, +0.0000, +0.0000, +0.0000, +0.0000, +0.0000, +0.0000, +0.0000, +0.0000, +0.0000, +0.0000, +0.0000, +0.0000, +0.0000, +0.0000, +0.0000, +0.0000, +0.0000, +0.0000, +0.0000, +0.0000, +0.0000} } 
