---------------------
Basis Indices:
---------------------

{-, -, -, -, -}, {-, -, -, -, -}, {-, -, -, -, -}, {}, {}


{-, -, -, -, -}, {-, 31+i206, 32+i207, 33+i208, 34+i209}, {}, {}, {}


{-, 51+i226, 52+i227, 53+i228, 54+i229}, {-, 56+i231, 57+i232, 58+i233, 59+i234}, {}, {}, {}


{-, 76+i251, 77+i252, 78+i253, 79+i254}, {}, {}, {}, {}


{-, 101+i276, 102+i277, 103+i278, 104+i279}, {}, {}, {}, {}


{-, 126+i301, 127+i302, 128+i303, 129+i304}, {}, {}, {}, {}


{-, 151+i326, 152+i327, 153+i328, 154+i329}, {}, {}, {}, {}

---------------------
Problem: 
---------------------
Find a point satisfying:

-0.2*{} + 1*{ 351 351} + 1*{ 350 350} = 0 

1*{ 208 228} + 1*{  33  53} + 1*{ 207 227} + 1*{  32  52} + 1*{ 209 229} + 1*{  34  54} + 1*{  31  51} + 1*{ 206 226} + 0.2*{} + -1*{ 350} = 0 

-1*{  53 208} + 1*{  31 226} + -1*{  52 207} + 1*{  33 228} + 1*{  32 227} + -1*{  51 206} + 1*{  34 229} + -1*{  54 209} + -1*{ 351} = 0 

-0.2*{} + 1*{ 353 353} + 1*{ 352 352} = 0 

1*{  34  59} + 1*{  33  58} + 1*{  32  57} + 1*{ 206 231} + 1*{ 209 234} + 1*{ 207 232} + 0.2*{} + 1*{ 208 233} + 1*{  31  56} + -1*{ 352} = 0 

-1*{  58 208} + -1*{  57 207} + 1*{  32 232} + -1*{  56 206} + 1*{  31 231} + 1*{  33 233} + -1*{  59 209} + 1*{  34 234} + -1*{ 353} = 0 

-0.2*{} + 1*{ 355 355} + 1*{ 354 354} = 0 

1*{ 207 252} + -1*{ 354} + 1*{ 208 253} + 1*{  32  77} + 1*{  33  78} + 1*{ 206 251} + 0.2*{} + 1*{  31  76} + 1*{  34  79} + 1*{ 209 254} = 0 

1*{  33 253} + -1*{  77 207} + 1*{  32 252} + -1*{ 355} + 1*{  31 251} + -1*{  78 208} + 1*{  34 254} + -1*{  76 206} + -1*{  79 209} = 0 

-0.2*{} + 1*{ 357 357} + 1*{ 356 356} = 0 

1*{ 208 278} + 1*{  33 103} + 0.2*{} + 1*{  32 102} + 1*{  31 101} + 1*{  34 104} + 1*{ 209 279} + 1*{ 207 277} + 1*{ 206 276} + -1*{ 356} = 0 

1*{  33 278} + 1*{  32 277} + -1*{ 101 206} + -1*{ 102 207} + -1*{ 103 208} + 1*{  34 279} + 1*{  31 276} + -1*{ 104 209} + -1*{ 357} = 0 

-0.2*{} + 1*{ 359 359} + 1*{ 358 358} = 0 

1*{ 208 303} + 1*{  33 128} + -1*{ 358} + 1*{  32 127} + 1*{ 206 301} + 1*{ 207 302} + 1*{ 209 304} + 1*{  31 126} + 0.2*{} + 1*{  34 129} = 0 

-1*{ 127 207} + 1*{  33 303} + 1*{  32 302} + -1*{ 126 206} + -1*{ 129 209} + 1*{  31 301} + -1*{ 359} + -1*{ 128 208} + 1*{  34 304} = 0 

-0.2*{} + 1*{ 361 361} + 1*{ 360 360} = 0 

1*{ 208 328} + 1*{  33 153} + 1*{  32 152} + 1*{ 209 329} + 1*{ 207 327} + 1*{  31 151} + 1*{  34 154} + 1*{ 206 326} + 0.2*{} + -1*{ 360} = 0 

-1*{ 152 207} + 1*{  32 327} + -1*{ 153 208} + 1*{  31 326} + 1*{  34 329} + 1*{  33 328} + -1*{ 154 209} + -1*{ 151 206} + -1*{ 361} = 0 

-0.2*{} + 1*{ 206 206} + 1*{  31  31} = 0 

-0.2*{} + 1*{ 207 207} + 1*{  32  32} = 0 

-0.8*{} + 1*{  33  33} + 1*{ 208 208} + 1*{  31  31} + 1*{ 206 206} + 1*{  32  32} + 1*{ 207 207} + 1*{  34  34} + 1*{ 209 209} = 0 

0.4*{  32  33} + 0.2*{ 206 206} + 0.4*{ 206 209} + 0.2*{  31  31} + 0.4*{  31  32} + 0.2*{  32  32} + 0.178885*{  34} + 0.4*{  31  34} + 0.178885*{  33} + 0.178885*{  32} + 0.2*{  33  33} + 0.4*{  33  34} + 0.04*{} + 0.4*{ 207 208} + 0.4*{ 207 209} + 0.2*{ 208 208} + 0.4*{  31  33} + 0.2*{ 207 207} + 0.4*{ 208 209} + 0.4*{ 206 207} + 0.2*{ 209 209} + 0.2*{  34  34} + 0.178885*{  31} + 0.4*{ 206 208} + 0.4*{  32  34} = 0 

1*{  52  57} + 1*{ 228 233} + 1*{  53  58} + 1*{  54  59} + 1*{ 226 231} + 1*{  51  56} + 1*{ 227 232} + 0.2*{} + 1*{ 229 234} = 0 

-1*{  57 227} + 1*{  53 233} + -1*{  59 229} + -1*{  56 226} + 1*{  51 231} + -1*{  58 228} + 1*{  52 232} + 1*{  54 234} = 0 

-0.2*{} + 1*{ 363 363} + 1*{ 362 362} = 0 

1*{ 228 253} + 1*{  53  78} + 1*{ 226 251} + 1*{  52  77} + 1*{  54  79} + 1*{ 229 254} + 0.2*{} + 1*{ 227 252} + 1*{  51  76} + -1*{ 362} = 0 

1*{  53 253} + -1*{  79 229} + -1*{  77 227} + 1*{  52 252} + 1*{  54 254} + -1*{  76 226} + 1*{  51 251} + -1*{  78 228} + -1*{ 363} = 0 

-0.2*{} + 1*{ 365 365} + 1*{ 364 364} = 0 

1*{ 227 277} + -1*{ 364} + 1*{  52 102} + 1*{ 229 279} + 1*{ 228 278} + 1*{ 226 276} + 1*{  53 103} + 1*{  51 101} + 1*{  54 104} + 0.2*{} = 0 

-1*{ 103 228} + 1*{  53 278} + -1*{ 102 227} + -1*{ 101 226} + 1*{  51 276} + 1*{  52 277} + 1*{  54 279} + -1*{ 104 229} + -1*{ 365} = 0 

-0.2*{} + 1*{ 367 367} + 1*{ 366 366} = 0 

1*{ 228 303} + 1*{  53 128} + -1*{ 366} + 1*{  54 129} + 1*{ 227 302} + 1*{  52 127} + 1*{ 226 301} + 1*{  51 126} + 0.2*{} + 1*{ 229 304} = 0 

-1*{ 128 228} + -1*{ 127 227} + 1*{  52 302} + 1*{  51 301} + 1*{  54 304} + -1*{ 129 229} + 1*{  53 303} + -1*{ 126 226} + -1*{ 367} = 0 

-0.2*{} + 1*{ 369 369} + 1*{ 368 368} = 0 

1*{  52 152} + 0.2*{} + 1*{ 226 326} + 1*{  53 153} + 1*{ 228 328} + 1*{  51 151} + 1*{ 227 327} + 1*{  54 154} + 1*{ 229 329} + -1*{ 368} = 0 

1*{  51 326} + 1*{  53 328} + -1*{ 152 227} + 1*{  52 327} + -1*{ 153 228} + -1*{ 151 226} + 1*{  54 329} + -1*{ 154 229} + -1*{ 369} = 0 

-0.2*{} + 1*{ 226 226} + 1*{  51  51} = 0 

-0.2*{} + 1*{ 227 227} + 1*{  52  52} = 0 

-0.8*{} + 1*{  53  53} + 1*{  51  51} + 1*{ 226 226} + 1*{  52  52} + 1*{  54  54} + 1*{ 227 227} + 1*{ 229 229} + 1*{ 228 228} = 0 

0.4*{ 226 227} + 0.4*{ 227 228} + 0.4*{  51  53} + 0.4*{  51  52} + 0.2*{ 228 228} + 0.178885*{  53} + 0.2*{ 226 226} + -0.16*{} + 0.2*{  54  54} + 0.4*{ 228 229} + 0.178885*{  54} + 0.2*{  53  53} + 0.4*{ 226 228} + 0.4*{  52  53} + 0.4*{  53  54} + 0.2*{  52  52} + 0.4*{ 227 229} + 0.178885*{  51} + 0.2*{  51  51} + 0.4*{  51  54} + 0.2*{ 229 229} + 0.178885*{  52} + 0.2*{ 227 227} + 0.4*{  52  54} + 0.4*{ 226 229} = 0 

-0.2*{} + 1*{ 371 371} + 1*{ 370 370} = 0 

1*{  57  77} + 1*{ 231 251} + -1*{ 370} + 1*{ 233 253} + 1*{  56  76} + 0.2*{} + 1*{  58  78} + 1*{ 234 254} + 1*{ 232 252} + 1*{  59  79} = 0 

-1*{  78 233} + 1*{  57 252} + -1*{  77 232} + 1*{  56 251} + 1*{  58 253} + 1*{  59 254} + -1*{  76 231} + -1*{  79 234} + -1*{ 371} = 0 

-0.2*{} + 1*{ 373 373} + 1*{ 372 372} = 0 

1*{  58 103} + 1*{ 233 278} + 1*{  57 102} + -1*{ 372} + 1*{ 231 276} + 1*{ 234 279} + 1*{  59 104} + 1*{ 232 277} + 1*{  56 101} + 0.2*{} = 0 

-1*{ 103 233} + 1*{  56 276} + 1*{  58 278} + -1*{ 104 234} + 1*{  57 277} + -1*{ 101 231} + 1*{  59 279} + -1*{ 102 232} + -1*{ 373} = 0 

-0.2*{} + 1*{ 375 375} + 1*{ 374 374} = 0 

1*{ 233 303} + 1*{  59 129} + 1*{  58 128} + 1*{ 232 302} + 1*{ 234 304} + 1*{ 231 301} + 1*{  56 126} + 1*{  57 127} + 0.2*{} + -1*{ 374} = 0 

-1*{ 128 233} + 1*{  58 303} + -1*{ 375} + -1*{ 126 231} + 1*{  57 302} + 1*{  56 301} + -1*{ 127 232} + 1*{  59 304} + -1*{ 129 234} = 0 

1*{ 377 377} + -0.2*{} + 1*{ 376 376} = 0 

1*{ 233 328} + 1*{  58 153} + 1*{ 232 327} + 1*{ 234 329} + 1*{  57 152} + -1*{ 376} + 1*{  59 154} + 1*{ 231 326} + 1*{  56 151} + 0.2*{} = 0 

-1*{ 152 232} + 1*{  57 327} + -1*{ 151 231} + 1*{  56 326} + 1*{  59 329} + -1*{ 153 233} + 1*{  58 328} + -1*{ 377} + -1*{ 154 234} = 0 

-0.2*{} + 1*{ 231 231} + 1*{  56  56} = 0 

-0.2*{} + 1*{ 232 232} + 1*{  57  57} = 0 

-0.8*{} + 1*{  58  58} + 1*{  56  56} + 1*{ 234 234} + 1*{ 231 231} + 1*{  57  57} + 1*{ 232 232} + 1*{ 233 233} + 1*{  59  59} = 0 

0.4*{ 233 234} + 0.2*{  57  57} + 0.4*{  58  59} + 0.2*{  59  59} + 0.2*{ 232 232} + 0.4*{  56  58} + 0.2*{ 233 233} + 0.178885*{  56} + 0.178885*{  59} + 0.178885*{  57} + 0.2*{ 231 231} + 0.4*{ 231 233} + 0.2*{ 234 234} + 0.4*{  57  58} + 0.4*{ 231 232} + 0.2*{  58  58} + 0.4*{ 232 234} + 0.178885*{  58} + 0.2*{  56  56} + 0.4*{ 232 233} + -0.16*{} + 0.4*{  56  59} + 0.4*{  57  59} + 0.4*{  56  57} + 0.4*{ 231 234} = 0 

-0.2*{} + 1*{ 379 379} + 1*{ 378 378} = 0 

1*{ 253 278} + 1*{  77 102} + 1*{ 251 276} + 1*{  78 103} + 1*{  79 104} + 1*{  76 101} + 1*{ 252 277} + -1*{ 378} + 1*{ 254 279} + 0.2*{} = 0 

-1*{ 103 253} + 1*{  76 276} + -1*{ 102 252} + -1*{ 379} + 1*{  79 279} + 1*{  78 278} + 1*{  77 277} + -1*{ 104 254} + -1*{ 101 251} = 0 

-0.2*{} + 1*{ 381 381} + 1*{ 380 380} = 0 

1*{  78 128} + 1*{  77 127} + 1*{ 253 303} + 1*{ 252 302} + 1*{  76 126} + -1*{ 380} + 1*{ 251 301} + 1*{  79 129} + 0.2*{} + 1*{ 254 304} = 0 

1*{  78 303} + -1*{ 126 251} + 1*{  77 302} + 1*{  76 301} + 1*{  79 304} + -1*{ 129 254} + -1*{ 128 253} + -1*{ 127 252} + -1*{ 381} = 0 

-0.2*{} + 1*{ 383 383} + 1*{ 382 382} = 0 

1*{ 252 327} + 1*{ 251 326} + 1*{  76 151} + 1*{  79 154} + 1*{ 253 328} + 1*{ 254 329} + 1*{  77 152} + 0.2*{} + 1*{  78 153} + -1*{ 382} = 0 

-1*{ 151 251} + -1*{ 153 253} + 1*{  78 328} + 1*{  77 327} + -1*{ 154 254} + 1*{  76 326} + -1*{ 152 252} + 1*{  79 329} + -1*{ 383} = 0 

-0.2*{} + 1*{ 251 251} + 1*{  76  76} = 0 

-0.2*{} + 1*{ 252 252} + 1*{  77  77} = 0 

-0.8*{} + 1*{  76  76} + 1*{  78  78} + 1*{ 251 251} + 1*{  79  79} + 1*{  77  77} + 1*{ 252 252} + 1*{ 253 253} + 1*{ 254 254} = 0 

0.4*{  77  79} + 0.2*{  76  76} + 0.4*{  76  77} + 0.4*{  76  79} + 0.178885*{  77} + 0.2*{ 252 252} + 0.178885*{  76} + 0.2*{ 251 251} + 0.178885*{  79} + 0.2*{ 254 254} + 0.4*{ 252 253} + 0.2*{  78  78} + -0.16*{} + 0.4*{  77  78} + 0.4*{ 252 254} + 0.4*{  78  79} + 0.2*{  79  79} + 0.2*{ 253 253} + 0.2*{  77  77} + 0.178885*{  78} + 0.4*{  76  78} + 0.4*{ 251 252} + 0.4*{ 251 253} + 0.4*{ 251 254} + 0.4*{ 253 254} = 0 

-0.2*{} + 1*{ 385 385} + 1*{ 384 384} = 0 

1*{ 103 128} + 1*{ 277 302} + 1*{ 278 303} + 1*{ 102 127} + 1*{ 276 301} + 1*{ 104 129} + 1*{ 279 304} + 1*{ 101 126} + 0.2*{} + -1*{ 384} = 0 

-1*{ 128 278} + -1*{ 127 277} + 1*{ 102 302} + -1*{ 129 279} + 1*{ 104 304} + 1*{ 101 301} + 1*{ 103 303} + -1*{ 126 276} + -1*{ 385} = 0 

-0.2*{} + 1*{ 387 387} + 1*{ 386 386} = 0 

1*{ 278 328} + -1*{ 386} + 1*{ 277 327} + 1*{ 104 154} + 1*{ 276 326} + 1*{ 101 151} + 1*{ 103 153} + 0.2*{} + 1*{ 102 152} + 1*{ 279 329} = 0 

-1*{ 153 278} + -1*{ 152 277} + 1*{ 102 327} + 1*{ 101 326} + -1*{ 151 276} + -1*{ 154 279} + 1*{ 104 329} + 1*{ 103 328} + -1*{ 387} = 0 

-0.2*{} + 1*{ 276 276} + 1*{ 101 101} = 0 

-0.2*{} + 1*{ 277 277} + 1*{ 102 102} = 0 

-0.8*{} + 1*{ 101 101} + 1*{ 276 276} + 1*{ 102 102} + 1*{ 277 277} + 1*{ 279 279} + 1*{ 103 103} + 1*{ 104 104} + 1*{ 278 278} = 0 

0.4*{ 276 278} + 0.4*{ 103 104} + 0.4*{ 102 103} + 0.2*{ 102 102} + 0.178885*{ 101} + 0.2*{ 101 101} + 0.2*{ 103 103} + 0.2*{ 279 279} + 0.4*{ 276 279} + 0.2*{ 277 277} + 0.4*{ 277 278} + 0.2*{ 104 104} + 0.178885*{ 103} + 0.178885*{ 104} + 0.4*{ 276 277} + 0.4*{ 101 102} + 0.4*{ 277 279} + 0.2*{ 278 278} + 0.4*{ 278 279} + 0.4*{ 101 104} + 0.178885*{ 102} + 0.4*{ 102 104} + 0.2*{ 276 276} + -0.16*{} + 0.4*{ 101 103} = 0 

-0.2*{} + 1*{ 389 389} + 1*{ 388 388} = 0 

1*{ 303 328} + 1*{ 128 153} + 1*{ 302 327} + -1*{ 388} + 1*{ 127 152} + 1*{ 301 326} + 1*{ 126 151} + 1*{ 129 154} + 0.2*{} + 1*{ 304 329} = 0 

-1*{ 153 303} + -1*{ 152 302} + 1*{ 126 326} + 1*{ 127 327} + -1*{ 151 301} + 1*{ 129 329} + -1*{ 154 304} + 1*{ 128 328} + -1*{ 389} = 0 

-0.2*{} + 1*{ 301 301} + 1*{ 126 126} = 0 

-0.2*{} + 1*{ 302 302} + 1*{ 127 127} = 0 

-0.8*{} + 1*{ 303 303} + 1*{ 126 126} + 1*{ 301 301} + 1*{ 302 302} + 1*{ 127 127} + 1*{ 128 128} + 1*{ 129 129} + 1*{ 304 304} = 0 

0.2*{ 126 126} + 0.2*{ 129 129} + 0.4*{ 126 129} + 0.4*{ 127 129} + 0.4*{ 301 304} + 0.178885*{ 128} + 0.4*{ 127 128} + 0.4*{ 302 304} + 0.2*{ 127 127} + 0.178885*{ 127} + 0.2*{ 303 303} + 0.4*{ 128 129} + 0.178885*{ 129} + 0.2*{ 304 304} + 0.2*{ 301 301} + 0.2*{ 302 302} + 0.178885*{ 126} + 0.2*{ 128 128} + -0.16*{} + 0.4*{ 126 128} + 0.4*{ 301 303} + 0.4*{ 303 304} + 0.4*{ 302 303} + 0.4*{ 126 127} + 0.4*{ 301 302} = 0 

-0.2*{} + 1*{ 326 326} + 1*{ 151 151} = 0 

-0.2*{} + 1*{ 327 327} + 1*{ 152 152} = 0 

-0.8*{} + 1*{ 151 151} + 1*{ 326 326} + 1*{ 152 152} + 1*{ 327 327} + 1*{ 153 153} + 1*{ 328 328} + 1*{ 329 329} + 1*{ 154 154} = 0 

0.4*{ 326 327} + 0.4*{ 151 152} + 0.2*{ 329 329} + 0.4*{ 151 153} + 0.4*{ 326 329} + 0.178885*{ 151} + 0.4*{ 152 153} + -0.16*{} + 0.4*{ 153 154} + 0.2*{ 151 151} + 0.2*{ 154 154} + 0.4*{ 326 328} + 0.178885*{ 154} + 0.2*{ 328 328} + 0.4*{ 151 154} + 0.4*{ 327 329} + 0.2*{ 326 326} + 0.4*{ 328 329} + 0.2*{ 152 152} + 0.2*{ 327 327} + 0.4*{ 152 154} + 0.4*{ 327 328} + 0.178885*{ 153} + 0.2*{ 153 153} + 0.178885*{ 152} = 0 

set sizes: {3, 2, 2, 1, 1, 1, 1}, vars: 96, vectors: 11
1 9.714425e+00 9.714425e+00
2 4.374809e+01 9.714425e+00
3 2.256133e+01 9.714425e+00
4 7.924161e+00 7.924161e+00
5 2.753275e+00 2.753275e+00
6 9.637726e-01 9.637726e-01
7 3.532388e-01 3.532388e-01
8 1.411628e-01 1.411628e-01
9 2.958365e-01 1.411628e-01
10 1.037364e-01 1.037364e-01
11 3.915704e-02 3.915704e-02
12 2.180688e-02 2.180688e-02
13 8.286237e-03 8.286237e-03
14 3.981973e-03 3.981973e-03
15 3.073820e+00 3.981973e-03
16 1.038056e+00 3.981973e-03
17 3.495994e-01 3.981973e-03
18 1.191070e-01 3.981973e-03
19 4.178985e-02 3.981973e-03
20 1.695310e-02 3.981973e-03
21 5.897729e-03 3.981973e-03
22 2.122271e-03 2.122271e-03
23 7.483508e-04 7.483508e-04
24 2.698176e-04 2.698176e-04
25 1.031319e-04 1.031319e-04
26 4.333248e-05 4.333248e-05
27 1.957542e-05 1.957542e-05
28 1.034321e-05 1.034321e-05
29 5.899143e-06 5.899143e-06
30 4.973781e-06 4.973781e-06
31 3.035885e-06 3.035885e-06
32 4.158809e-06 3.035885e-06
33 1.533823e-06 1.533823e-06
34 1.888392e-06 1.533823e-06
35 8.898039e-07 8.898039e-07
36 1.509176e-06 8.898039e-07
37 4.544810e-07 4.544810e-07
38 5.654948e-07 4.544810e-07
39 2.424875e-07 2.424875e-07
40 4.869506e-07 2.424875e-07
41 1.368329e-07 1.368329e-07
42 2.095671e-07 1.368329e-07
43 7.039259e-08 7.039259e-08
44 1.608880e-07 7.039259e-08
45 4.207395e-08 4.207395e-08
46 6.471972e-08 4.207395e-08
47 1.949675e-08 1.949675e-08
48 4.782236e-08 1.949675e-08
49 1.198136e-08 1.198136e-08
50 2.305850e-08 1.198136e-08
51 6.054063e-09 6.054063e-09
52 1.524636e-08 6.054063e-09
53 3.682030e-09 3.682030e-09
54 7.540383e-09 3.682030e-09
55 1.867528e-09 1.867528e-09
56 7.919002e-09 1.867528e-09
57 2.433286e-09 1.867528e-09
58 7.814181e-10 7.814181e-10
59 1.576431e-08 7.814181e-10
60 4.766325e-09 7.814181e-10
61 1.408511e-09 7.814181e-10
62 1.488463e-09 7.814181e-10
63 5.935233e-09 7.814181e-10
64 1.543581e-09 7.814181e-10
65 6.363925e-09 7.814181e-10
66 1.806464e-09 7.814181e-10
67 3.898631e-09 7.814181e-10
68 5.125529e-10 5.125529e-10
69 3.141918e-10 3.141918e-10
70 5.600759e-09 3.141918e-10
71 1.106866e-09 3.141918e-10
72 1.663411e-08 3.141918e-10
73 1.892378e-09 3.141918e-10
74 7.606130e-10 3.141918e-10
75 2.842599e-09 3.141918e-10
76 5.293522e-10 3.141918e-10
77 1.580164e-09 3.141918e-10
78 4.142544e-10 3.141918e-10
79 7.322933e-09 3.141918e-10
80 4.619900e-09 3.141918e-10
81 5.864052e-10 3.141918e-10
82 8.928336e-08 3.141918e-10
83 9.884141e-09 3.141918e-10
84 3.731643e-09 3.141918e-10
85 1.626469e-09 3.141918e-10
86 1.089190e-09 3.141918e-10
87 1.472301e-09 3.141918e-10
88 1.678058e-10 1.678058e-10
89 2.827625e-10 1.678058e-10
90 1.570247e-10 1.570247e-10
91 9.060812e-11 9.060812e-11
92 5.692443e-11 5.692443e-11
93 3.913194e-11 3.913194e-11
94 4.680797e-11 3.913194e-11
95 3.557033e-11 3.557033e-11
96 9.953529e-10 3.557033e-11
97 1.108170e-11 1.108170e-11
98 4.016977e-10 1.108170e-11
99 8.566819e-11 1.108170e-11
100 5.779523e-09 1.108170e-11
101 2.640113e-09 1.108170e-11
102 1.526724e-08 1.108170e-11
103 4.822945e-11 1.108170e-11
104 4.547164e-10 1.108170e-11
105 3.637638e-11 1.108170e-11
106 1.774766e-10 1.108170e-11
107 2.616489e-11 1.108170e-11
108 6.966986e-11 1.108170e-11
109 9.801295e-11 1.108170e-11
110 6.323246e-10 1.108170e-11
111 9.062834e-11 1.108170e-11
112 2.155968e-10 1.108170e-11
113 2.186385e-10 1.108170e-11
114 4.737094e-11 1.108170e-11
115 2.885782e-10 1.108170e-11
116 3.582339e-11 1.108170e-11
117 8.344584e-10 1.108170e-11
118 1.461675e-10 1.108170e-11
119 8.429698e-11 1.108170e-11
120 7.214818e-11 1.108170e-11
121 8.755994e-10 1.108170e-11
122 1.541921e-10 1.108170e-11
123 6.839385e-11 1.108170e-11
124 6.863948e-11 1.108170e-11
125 3.524527e-10 1.108170e-11
126 3.624347e-11 1.108170e-11
127 7.808550e-10 1.108170e-11
128 2.482813e-11 1.108170e-11
129 3.085612e-09 1.108170e-11
130 3.132093e-10 1.108170e-11
131 5.073135e-11 1.108170e-11
132 2.904872e-10 1.108170e-11
133 2.337537e-11 1.108170e-11
134 3.951090e-10 1.108170e-11
135 7.920928e-11 1.108170e-11
136 1.707467e-10 1.108170e-11
137 3.387370e-11 1.108170e-11
138 3.994589e-10 1.108170e-11
139 4.246395e-11 1.108170e-11
140 8.179053e-10 1.108170e-11
141 5.537231e-11 1.108170e-11
142 9.881196e-10 1.108170e-11
143 7.971931e-11 1.108170e-11
144 5.126317e-10 1.108170e-11
145 7.423709e-11 1.108170e-11
146 2.394807e-10 1.108170e-11
147 5.292845e-11 1.108170e-11
148 1.158715e-09 1.108170e-11
149 1.341081e-10 1.108170e-11
150 3.813198e-10 1.108170e-11
151 5.056363e-11 1.108170e-11
152 1.847054e-09 1.108170e-11
153 3.730145e-10 1.108170e-11
154 4.739303e-11 1.108170e-11
155 6.311302e-10 1.108170e-11
156 1.086045e-10 1.108170e-11
157 9.449223e-11 1.108170e-11
158 5.026596e-10 1.108170e-11
159 7.116235e-12 7.116235e-12
160 1.433883e-08 7.116235e-12
161 4.169440e-10 7.116235e-12
162 6.803740e-11 7.116235e-12
163 3.190131e-09 7.116235e-12
164 3.486752e-10 7.116235e-12
165 3.065189e-11 7.116235e-12
166 5.721872e-09 7.116235e-12
167 8.621633e-10 7.116235e-12
168 1.502226e-10 7.116235e-12
169 2.022317e-10 7.116235e-12
170 7.095991e-11 7.116235e-12
171 1.066626e-09 7.116235e-12
172 7.256150e-11 7.116235e-12
173 1.195155e-09 7.116235e-12
174 1.973636e-10 7.116235e-12
175 1.804888e-10 7.116235e-12
176 2.075165e-10 7.116235e-12
177 3.592305e-11 7.116235e-12
178 1.046038e-09 7.116235e-12
179 1.793593e-10 7.116235e-12
180 2.241642e-10 7.116235e-12
181 8.939253e-11 7.116235e-12
182 1.459494e-10 7.116235e-12
183 1.298379e-10 7.116235e-12
184 2.343617e-11 7.116235e-12
185 1.500550e-08 7.116235e-12
186 3.106771e-09 7.116235e-12
187 3.225355e-10 7.116235e-12
188 7.952262e-11 7.116235e-12
189 7.718995e-10 7.116235e-12
190 1.448763e-11 7.116235e-12
191 3.984350e-08 7.116235e-12
192 2.707435e-09 7.116235e-12
193 2.525882e-10 7.116235e-12
194 3.571845e-09 7.116235e-12
195 2.919224e-10 7.116235e-12
196 6.020995e-10 7.116235e-12
197 1.767096e-10 7.116235e-12
198 5.026804e-10 7.116235e-12
199 1.537803e-10 7.116235e-12
200 9.687993e-11 7.116235e-12
201 3.197807e-11 7.116235e-12
202 1.895214e-09 7.116235e-12
203 9.403184e-11 7.116235e-12
204 2.972776e-09 7.116235e-12
205 5.271780e-10 7.116235e-12
206 6.557818e-11 7.116235e-12
207 5.557324e-10 7.116235e-12
208 5.613556e-11 7.116235e-12
209 2.029104e-10 7.116235e-12
210 1.178785e-10 7.116235e-12
211 7.556419e-11 7.116235e-12
212 1.061962e-10 7.116235e-12
213 6.802438e-11 7.116235e-12
214 1.587473e-10 7.116235e-12
215 3.767666e-11 7.116235e-12
216 4.761018e-10 7.116235e-12
217 3.137188e-11 7.116235e-12
218 3.715478e-10 7.116235e-12
219 4.076822e-11 7.116235e-12
220 6.108551e-09 7.116235e-12
221 6.212950e-10 7.116235e-12
222 1.091387e-10 7.116235e-12
223 6.278902e-10 7.116235e-12
224 1.801199e-11 7.116235e-12
225 2.275090e-08 7.116235e-12
226 3.271851e-09 7.116235e-12
227 5.746327e-10 7.116235e-12
228 9.683302e-11 7.116235e-12
229 1.790286e-09 7.116235e-12
230 4.940941e-11 7.116235e-12
231 1.536257e-08 7.116235e-12
232 9.198505e-10 7.116235e-12
233 1.365012e-10 7.116235e-12
234 2.015083e-10 7.116235e-12
235 6.902866e-11 7.116235e-12
236 5.768954e-10 7.116235e-12
237 5.134553e-11 7.116235e-12
238 4.226789e-10 7.116235e-12
239 6.026689e-11 7.116235e-12
240 4.546929e-10 7.116235e-12
241 5.834750e-11 7.116235e-12
242 6.260851e-08 7.116235e-12
243 7.617052e-09 7.116235e-12
244 7.189710e-10 7.116235e-12
245 2.273371e-10 7.116235e-12
246 2.247422e-10 7.116235e-12
247 1.820985e-10 7.116235e-12
248 6.124195e-10 7.116235e-12
249 7.113651e-11 7.116235e-12
250 4.042415e-10 7.116235e-12
251 3.781690e-11 7.116235e-12
252 1.090728e-09 7.116235e-12
253 1.201703e-10 7.116235e-12
254 3.767968e-10 7.116235e-12
255 8.081681e-11 7.116235e-12
256 4.834664e-10 7.116235e-12
257 5.384586e-11 7.116235e-12
258 4.906312e-10 7.116235e-12
259 1.168070e-11 7.116235e-12
260 2.120507e-08 7.116235e-12
261 2.322345e-09 7.116235e-12
262 2.095778e-11 7.116235e-12
263 3.656351e-08 7.116235e-12
264 6.266733e-10 7.116235e-12
265 1.288904e-10 7.116235e-12
266 4.458919e-10 7.116235e-12
267 2.161041e-10 7.116235e-12
268 2.185892e-09 7.116235e-12
269 2.384270e-10 7.116235e-12
270 6.366115e-10 7.116235e-12
271 2.247109e-10 7.116235e-12
272 7.746847e-10 7.116235e-12
273 7.335553e-11 7.116235e-12
274 2.636142e-09 7.116235e-12
275 2.599392e-10 7.116235e-12
276 7.267974e-10 7.116235e-12
277 1.322474e-10 7.116235e-12
278 5.405262e-09 7.116235e-12
279 5.819240e-10 7.116235e-12
280 2.027644e-10 7.116235e-12
281 1.358159e-09 7.116235e-12
282 1.461067e-10 7.116235e-12
283 2.191070e-09 7.116235e-12
284 2.067242e-10 7.116235e-12
285 1.595412e-09 7.116235e-12
286 1.157182e-10 7.116235e-12
287 3.077519e-09 7.116235e-12
288 3.104375e-10 7.116235e-12
289 2.079926e-09 7.116235e-12
290 2.270556e-10 7.116235e-12
291 3.487113e-10 7.116235e-12
292 2.822972e-10 7.116235e-12
293 5.814630e-10 7.116235e-12
294 1.195561e-10 7.116235e-12
295 2.156550e-09 7.116235e-12
296 2.618205e-10 7.116235e-12
297 4.164435e-10 7.116235e-12
298 1.248171e-10 7.116235e-12
299 1.286129e-09 7.116235e-12
300 1.036446e-10 7.116235e-12
301 3.826805e-09 7.116235e-12
302 3.630487e-10 7.116235e-12
303 2.388587e-10 7.116235e-12
304 1.002745e-09 7.116235e-12
305 1.570829e-10 7.116235e-12
306 8.428214e-10 7.116235e-12
307 8.942909e-11 7.116235e-12
308 4.271712e-09 7.116235e-12
309 1.815391e-10 7.116235e-12
310 1.563829e-09 7.116235e-12
311 1.504890e-10 7.116235e-12
312 1.328908e-09 7.116235e-12
313 1.035735e-10 7.116235e-12
314 1.662384e-08 7.116235e-12
315 8.436967e-10 7.116235e-12
316 3.664780e-10 7.116235e-12
317 6.364992e-10 7.116235e-12
318 3.301839e-10 7.116235e-12
319 3.815729e-10 7.116235e-12
320 9.026731e-10 7.116235e-12
321 5.578368e-10 7.116235e-12
322 1.940543e-10 7.116235e-12
323 2.750575e-09 7.116235e-12
324 1.274515e-10 7.116235e-12
325 4.266754e-09 7.116235e-12
326 4.398247e-10 7.116235e-12
327 4.198793e-10 7.116235e-12
328 7.556426e-10 7.116235e-12
329 3.890917e-10 7.116235e-12
330 1.937416e-09 7.116235e-12
331 2.148300e-10 7.116235e-12
332 1.855731e-09 7.116235e-12
333 2.637723e-10 7.116235e-12
334 1.937247e-09 7.116235e-12
335 1.699483e-10 7.116235e-12
336 4.165455e-09 7.116235e-12
337 3.601095e-10 7.116235e-12
338 9.764630e-10 7.116235e-12
339 9.107940e-10 7.116235e-12
340 2.387019e-10 7.116235e-12
341 3.839373e-09 7.116235e-12
342 3.118457e-10 7.116235e-12
343 4.153036e-10 7.116235e-12
344 1.625154e-09 7.116235e-12
345 2.374434e-10 7.116235e-12
346 3.501167e-09 7.116235e-12
347 3.365565e-10 7.116235e-12
348 5.936207e-09 7.116235e-12
349 5.106149e-10 7.116235e-12
350 4.623345e-09 7.116235e-12
351 4.420437e-10 7.116235e-12
352 4.883192e-10 7.116235e-12
353 1.788170e-09 7.116235e-12
354 2.439634e-10 7.116235e-12
355 5.064178e-09 7.116235e-12
356 4.299574e-10 7.116235e-12
357 1.090294e-09 7.116235e-12
358 4.797489e-10 7.116235e-12
359 2.872021e-09 7.116235e-12
360 3.494268e-10 7.116235e-12
361 2.180077e-09 7.116235e-12
362 3.205766e-10 7.116235e-12
363 4.879906e-09 7.116235e-12
364 5.354460e-10 7.116235e-12
365 2.671618e-09 7.116235e-12
366 2.549281e-10 7.116235e-12
367 5.313605e-09 7.116235e-12
368 4.538654e-10 7.116235e-12
369 4.705932e-09 7.116235e-12
370 6.382663e-10 7.116235e-12
371 1.949490e-09 7.116235e-12
372 2.847301e-10 7.116235e-12
373 5.386875e-09 7.116235e-12
374 4.892595e-10 7.116235e-12
375 4.899449e-10 7.116235e-12
376 4.216439e-10 7.116235e-12
377 1.796218e-09 7.116235e-12
378 5.181664e-10 7.116235e-12
379 1.998129e-09 7.116235e-12
380 2.213550e-10 7.116235e-12
381 8.844200e-09 7.116235e-12
382 7.201121e-10 7.116235e-12
383 8.874380e-10 7.116235e-12
384 6.800577e-10 7.116235e-12
385 2.081295e-09 7.116235e-12
386 2.369206e-10 7.116235e-12
387 7.196436e-09 7.116235e-12
388 9.152590e-10 7.116235e-12
389 8.614790e-10 7.116235e-12
390 2.993642e-09 7.116235e-12
391 8.752520e-10 7.116235e-12
392 1.115038e-09 7.116235e-12
393 2.390838e-10 7.116235e-12
394 5.298227e-09 7.116235e-12
395 6.436295e-10 7.116235e-12
396 2.559619e-09 7.116235e-12
397 3.127872e-10 7.116235e-12
398 4.633125e-09 7.116235e-12
399 3.885275e-10 7.116235e-12
400 8.291015e-09 7.116235e-12
401 7.980682e-10 7.116235e-12
402 8.255392e-10 7.116235e-12
403 4.794286e-10 7.116235e-12
404 1.601665e-09 7.116235e-12
405 3.580961e-10 7.116235e-12
406 2.065300e-09 7.116235e-12
407 2.213067e-10 7.116235e-12
408 1.688042e-08 7.116235e-12
409 1.422692e-09 7.116235e-12
410 3.782251e-10 7.116235e-12
411 4.473400e-09 7.116235e-12
412 3.962581e-10 7.116235e-12
413 7.871832e-09 7.116235e-12
414 6.803839e-10 7.116235e-12
415 1.326433e-09 7.116235e-12
416 2.690166e-10 7.116235e-12
417 1.088299e-08 7.116235e-12
418 1.111370e-09 7.116235e-12
419 6.299423e-10 7.116235e-12
420 1.397065e-09 7.116235e-12
421 1.437376e-09 7.116235e-12
422 9.388182e-10 7.116235e-12
423 2.243622e-09 7.116235e-12
424 6.718867e-10 7.116235e-12
425 7.699761e-10 7.116235e-12
426 2.430512e-09 7.116235e-12
427 7.678768e-10 7.116235e-12
428 5.634609e-09 7.116235e-12
429 5.135622e-10 7.116235e-12
430 2.617882e-09 7.116235e-12
431 3.364160e-10 7.116235e-12
432 4.026833e-09 7.116235e-12
433 4.293903e-10 7.116235e-12
434 2.943841e-09 7.116235e-12
435 3.993617e-10 7.116235e-12
436 6.375363e-10 7.116235e-12
437 1.955813e-09 7.116235e-12
438 8.026900e-10 7.116235e-12
439 2.454440e-09 7.116235e-12
440 4.560390e-10 7.116235e-12
441 3.231513e-09 7.116235e-12
442 5.416492e-10 7.116235e-12
443 1.664877e-09 7.116235e-12
444 5.872281e-10 7.116235e-12
445 6.234366e-10 7.116235e-12
446 1.100484e-09 7.116235e-12
447 8.458953e-10 7.116235e-12
448 1.434408e-09 7.116235e-12
449 2.414586e-09 7.116235e-12
450 3.337653e-10 7.116235e-12
451 5.694579e-09 7.116235e-12
452 5.217622e-10 7.116235e-12
453 1.035803e-08 7.116235e-12
454 9.575448e-10 7.116235e-12
455 1.663538e-09 7.116235e-12
456 5.827051e-10 7.116235e-12
457 7.226599e-10 7.116235e-12
458 1.194651e-09 7.116235e-12
459 4.576956e-10 7.116235e-12
460 1.386334e-09 7.116235e-12
461 4.691940e-10 7.116235e-12
462 1.631979e-09 7.116235e-12
463 2.313752e-10 7.116235e-12
464 8.880794e-09 7.116235e-12
465 6.747042e-10 7.116235e-12
466 1.125442e-08 7.116235e-12
467 1.155998e-09 7.116235e-12
468 2.892525e-09 7.116235e-12
469 3.197013e-10 7.116235e-12
470 6.403235e-09 7.116235e-12
471 6.980999e-10 7.116235e-12
472 1.525123e-09 7.116235e-12
473 7.948769e-10 7.116235e-12
474 1.974062e-09 7.116235e-12
475 3.686764e-10 7.116235e-12
476 6.492511e-09 7.116235e-12
477 7.872014e-10 7.116235e-12
478 1.261868e-09 7.116235e-12
479 1.143330e-09 7.116235e-12
480 6.334483e-10 7.116235e-12
481 6.675598e-09 7.116235e-12
482 5.900880e-10 7.116235e-12
483 5.818697e-09 7.116235e-12
484 5.925773e-10 7.116235e-12
485 7.589158e-09 7.116235e-12
486 9.142007e-10 7.116235e-12
487 2.423146e-09 7.116235e-12
488 3.878858e-10 7.116235e-12
489 2.265142e-09 7.116235e-12
490 3.981222e-10 7.116235e-12
491 2.757128e-08 7.116235e-12
492 2.172957e-09 7.116235e-12
493 4.705574e-10 7.116235e-12
494 5.388125e-09 7.116235e-12
495 5.999455e-10 7.116235e-12
496 3.814672e-09 7.116235e-12
497 4.456422e-10 7.116235e-12
498 3.996530e-09 7.116235e-12
499 3.829034e-10 7.116235e-12
500 7.426011e-09 7.116235e-12
501 7.247021e-10 7.116235e-12
502 8.188062e-10 7.116235e-12
503 2.703685e-09 7.116235e-12
504 4.623723e-10 7.116235e-12
505 1.497788e-08 7.116235e-12
506 1.407493e-09 7.116235e-12
507 1.333224e-09 7.116235e-12
508 2.095863e-09 7.116235e-12
509 6.453460e-10 7.116235e-12
510 5.162482e-09 7.116235e-12
511 6.089543e-10 7.116235e-12
512 1.942143e-09 7.116235e-12
513 4.316168e-10 7.116235e-12
514 1.713510e-09 7.116235e-12
515 2.476472e-09 7.116235e-12
516 4.217660e-10 7.116235e-12
517 7.983535e-09 7.116235e-12
518 6.668536e-10 7.116235e-12
519 3.808179e-09 7.116235e-12
520 5.479735e-10 7.116235e-12
521 2.927465e-09 7.116235e-12
522 3.859112e-10 7.116235e-12
523 1.443663e-08 7.116235e-12
524 1.324052e-09 7.116235e-12
525 1.278825e-09 7.116235e-12
526 1.050075e-09 7.116235e-12
527 8.568167e-10 7.116235e-12
528 5.304586e-09 7.116235e-12
529 4.810440e-10 7.116235e-12
530 1.655068e-08 7.116235e-12
531 1.874746e-09 7.116235e-12
532 9.516494e-10 7.116235e-12
533 1.013438e-09 7.116235e-12
534 9.403928e-10 7.116235e-12
535 1.077304e-09 7.116235e-12
536 2.272378e-09 7.116235e-12
537 5.525671e-10 7.116235e-12
538 3.629108e-09 7.116235e-12
539 5.500083e-10 7.116235e-12
540 6.140235e-09 7.116235e-12
541 6.093101e-10 7.116235e-12
542 5.241381e-09 7.116235e-12
543 9.970378e-10 7.116235e-12
544 6.232869e-10 7.116235e-12
545 6.723706e-09 7.116235e-12
546 7.569508e-10 7.116235e-12
547 3.032222e-09 7.116235e-12
548 3.548423e-10 7.116235e-12
549 6.928678e-09 7.116235e-12
550 7.305145e-10 7.116235e-12
551 1.069407e-09 7.116235e-12
552 1.303220e-09 7.116235e-12
553 4.184481e-10 7.116235e-12
554 3.878938e-09 7.116235e-12
555 4.453697e-10 7.116235e-12
556 1.184402e-09 7.116235e-12
557 9.506029e-10 7.116235e-12
558 8.814523e-10 7.116235e-12
559 1.578782e-09 7.116235e-12
560 6.703741e-10 7.116235e-12
561 1.937524e-09 7.116235e-12
562 1.133576e-09 7.116235e-12
563 1.627489e-09 7.116235e-12
564 9.040543e-10 7.116235e-12
565 1.820272e-09 7.116235e-12
566 1.281613e-09 7.116235e-12
567 6.519189e-10 7.116235e-12
568 3.459504e-09 7.116235e-12
569 4.013819e-10 7.116235e-12
570 6.560266e-09 7.116235e-12
571 6.759158e-10 7.116235e-12
572 9.497921e-09 7.116235e-12
573 9.445799e-10 7.116235e-12
574 5.593147e-09 7.116235e-12
575 6.123518e-10 7.116235e-12
576 1.029810e-08 7.116235e-12
577 1.196465e-09 7.116235e-12
578 7.305918e-10 7.116235e-12
579 4.246331e-09 7.116235e-12
580 4.668050e-10 7.116235e-12
581 7.075616e-09 7.116235e-12
582 7.515888e-10 7.116235e-12
583 2.647031e-09 7.116235e-12
584 3.050115e-10 7.116235e-12
585 7.734100e-09 7.116235e-12
586 8.441161e-10 7.116235e-12
587 9.948832e-10 7.116235e-12
588 7.023444e-10 7.116235e-12
589 3.276141e-09 7.116235e-12
590 4.915001e-10 7.116235e-12
591 7.946239e-10 7.116235e-12
592 1.316548e-09 7.116235e-12
593 1.142642e-09 7.116235e-12
594 1.686754e-09 7.116235e-12
595 2.751534e-10 7.116235e-12
596 5.595404e-09 7.116235e-12
597 5.231371e-10 7.116235e-12
598 5.341671e-09 7.116235e-12
599 6.031669e-10 7.116235e-12
600 1.147490e-08 7.116235e-12
601 1.098783e-09 7.116235e-12
602 6.436857e-10 7.116235e-12
603 1.625748e-09 7.116235e-12
604 6.015861e-10 7.116235e-12
605 1.718336e-09 7.116235e-12
606 1.560403e-09 7.116235e-12
607 4.117994e-10 7.116235e-12
608 5.209544e-09 7.116235e-12
609 5.992937e-10 7.116235e-12
610 2.535827e-09 7.116235e-12
611 2.431310e-10 7.116235e-12
612 1.615638e-08 7.116235e-12
613 1.663296e-09 7.116235e-12
614 1.425988e-09 7.116235e-12
615 4.034044e-10 7.116235e-12
616 1.156242e-09 7.116235e-12
617 4.604750e-09 7.116235e-12
618 5.484605e-10 7.116235e-12
619 9.249964e-10 7.116235e-12
620 6.104704e-09 7.116235e-12
621 5.557265e-10 7.116235e-12
622 3.282800e-09 7.116235e-12
623 6.164620e-10 7.116235e-12
624 3.852560e-09 7.116235e-12
625 4.522667e-10 7.116235e-12
626 4.210133e-09 7.116235e-12
627 5.223319e-10 7.116235e-12
628 1.607692e-09 7.116235e-12
629 4.380328e-10 7.116235e-12
630 3.588099e-09 7.116235e-12
631 3.718632e-10 7.116235e-12
632 5.377498e-09 7.116235e-12
633 4.827382e-10 7.116235e-12
634 1.492346e-08 7.116235e-12
635 1.596915e-09 7.116235e-12
636 1.512325e-09 7.116235e-12
637 2.034181e-10 7.116235e-12
638 6.389910e-09 7.116235e-12
639 7.204302e-10 7.116235e-12
640 1.609392e-09 7.116235e-12
641 1.044862e-09 7.116235e-12
642 4.358465e-09 7.116235e-12
643 4.874064e-10 7.116235e-12
644 2.568778e-09 7.116235e-12
645 3.449236e-10 7.116235e-12
646 1.106956e-08 7.116235e-12
647 1.225401e-09 7.116235e-12
648 3.888067e-10 7.116235e-12
649 7.288765e-09 7.116235e-12
650 6.273452e-10 7.116235e-12
651 7.478317e-09 7.116235e-12
652 7.930372e-10 7.116235e-12
653 1.862255e-09 7.116235e-12
654 4.589463e-10 7.116235e-12
655 4.768811e-09 7.116235e-12
656 5.978173e-10 7.116235e-12
657 2.567986e-09 7.116235e-12
658 6.650311e-10 7.116235e-12
659 4.586303e-09 7.116235e-12
660 5.460196e-10 7.116235e-12
661 3.578601e-09 7.116235e-12
662 5.106722e-10 7.116235e-12
663 2.879639e-09 7.116235e-12
664 4.686387e-10 7.116235e-12
665 8.943252e-09 7.116235e-12
666 9.751889e-10 7.116235e-12
667 8.312988e-10 7.116235e-12
668 1.094843e-08 7.116235e-12
669 1.097203e-09 7.116235e-12
670 2.852234e-09 7.116235e-12
671 4.361019e-10 7.116235e-12
672 9.725928e-09 7.116235e-12
673 1.055330e-09 7.116235e-12
674 1.169507e-09 7.116235e-12
675 1.313888e-09 7.116235e-12
676 4.295450e-10 7.116235e-12
677 3.356931e-09 7.116235e-12
678 4.793782e-10 7.116235e-12
679 1.574893e-09 7.116235e-12
680 8.231069e-10 7.116235e-12
681 1.540481e-09 7.116235e-12
682 9.466776e-10 7.116235e-12
683 8.703990e-10 7.116235e-12
684 5.729280e-09 7.116235e-12
685 6.905262e-10 7.116235e-12
686 2.240319e-09 7.116235e-12
687 5.155099e-10 7.116235e-12
688 1.015636e-09 7.116235e-12
689 1.247600e-09 7.116235e-12
690 1.244381e-09 7.116235e-12
691 1.290756e-09 7.116235e-12
692 8.613073e-10 7.116235e-12
693 9.047671e-10 7.116235e-12
694 8.718647e-10 7.116235e-12
695 1.247592e-09 7.116235e-12
696 9.433319e-10 7.116235e-12
697 1.190654e-09 7.116235e-12
698 6.221215e-10 7.116235e-12
699 1.995197e-09 7.116235e-12
700 3.566468e-10 7.116235e-12
701 6.189185e-09 7.116235e-12
702 5.745994e-10 7.116235e-12
703 1.772159e-08 7.116235e-12
704 1.697208e-09 7.116235e-12
705 7.111610e-10 7.116235e-12
706 4.477334e-09 7.116235e-12
707 4.831716e-10 7.116235e-12
708 2.782278e-09 7.116235e-12
709 3.477272e-10 7.116235e-12
710 5.160282e-09 7.116235e-12
711 5.611960e-10 7.116235e-12
712 1.758633e-09 7.116235e-12
713 7.521515e-10 7.116235e-12
714 1.274490e-09 7.116235e-12
715 4.017160e-10 7.116235e-12
716 2.128908e-09 7.116235e-12
717 3.859283e-10 7.116235e-12
718 7.719651e-09 7.116235e-12
719 7.806101e-10 7.116235e-12
720 5.617888e-09 7.116235e-12
721 7.010476e-10 7.116235e-12
722 8.266206e-10 7.116235e-12
723 1.458359e-09 7.116235e-12
724 4.570258e-10 7.116235e-12
725 7.318042e-09 7.116235e-12
726 7.017678e-10 7.116235e-12
727 3.895508e-09 7.116235e-12
728 8.599051e-10 7.116235e-12
729 9.529091e-10 7.116235e-12
730 1.784484e-09 7.116235e-12
731 6.744389e-10 7.116235e-12
732 2.488550e-09 7.116235e-12
733 3.416926e-10 7.116235e-12
734 1.110865e-08 7.116235e-12
735 1.163606e-09 7.116235e-12
736 7.088438e-10 7.116235e-12
737 1.037817e-08 7.116235e-12
738 1.032980e-09 7.116235e-12
739 2.216108e-09 7.116235e-12
740 4.302417e-10 7.116235e-12
741 5.487065e-09 7.116235e-12
742 6.728029e-10 7.116235e-12
743 2.150635e-09 7.116235e-12
744 3.576067e-10 7.116235e-12
745 6.065445e-09 7.116235e-12
746 5.929473e-10 7.116235e-12
747 1.376304e-09 7.116235e-12
748 1.006395e-09 7.116235e-12
749 1.452383e-09 7.116235e-12
750 1.347651e-09 7.116235e-12
751 4.888658e-10 7.116235e-12
752 2.371158e-09 7.116235e-12
753 7.196632e-10 7.116235e-12
754 1.075828e-09 7.116235e-12
755 1.221136e-09 7.116235e-12
756 6.605839e-10 7.116235e-12
757 3.420549e-09 7.116235e-12
758 3.682265e-10 7.116235e-12
759 1.655110e-08 7.116235e-12
760 1.449250e-09 7.116235e-12
761 2.438917e-09 7.116235e-12
762 1.315278e-09 7.116235e-12
763 1.551971e-09 7.116235e-12
764 7.862558e-10 7.116235e-12
765 2.583193e-09 7.116235e-12
766 8.579981e-10 7.116235e-12
767 8.696510e-10 7.116235e-12
768 1.892082e-09 7.116235e-12
769 8.177335e-10 7.116235e-12
770 4.832359e-09 7.116235e-12
771 5.260944e-10 7.116235e-12
772 7.119865e-09 7.116235e-12
773 7.077407e-10 7.116235e-12
774 3.380098e-09 7.116235e-12
775 3.941580e-10 7.116235e-12
776 7.048059e-09 7.116235e-12
777 6.539373e-10 7.116235e-12
778 3.064328e-09 7.116235e-12
779 5.530187e-10 7.116235e-12
780 2.950200e-09 7.116235e-12
781 4.308107e-10 7.116235e-12
782 9.111965e-09 7.116235e-12
783 8.860546e-10 7.116235e-12
784 1.296407e-09 7.116235e-12
785 1.294155e-09 7.116235e-12
786 2.426845e-09 7.116235e-12
787 7.681393e-10 7.116235e-12
788 3.264681e-09 7.116235e-12
789 4.882464e-10 7.116235e-12
790 3.332869e-09 7.116235e-12
791 5.142281e-10 7.116235e-12
792 7.901134e-09 7.116235e-12
793 7.961897e-10 7.116235e-12
794 8.563807e-09 7.116235e-12
795 9.139194e-10 7.116235e-12
796 8.006782e-09 7.116235e-12
797 8.419199e-10 7.116235e-12
798 2.035062e-09 7.116235e-12
799 6.667708e-10 7.116235e-12
800 5.894047e-09 7.116235e-12
801 5.661323e-10 7.116235e-12
802 2.400393e-09 7.116235e-12
803 4.656570e-10 7.116235e-12
804 2.698713e-09 7.116235e-12
805 1.815731e-09 7.116235e-12
806 1.422505e-09 7.116235e-12
807 2.590143e-09 7.116235e-12
808 4.082379e-10 7.116235e-12
809 1.220008e-08 7.116235e-12
810 1.077568e-09 7.116235e-12
811 8.614521e-10 7.116235e-12
812 1.407696e-09 7.116235e-12
813 2.855844e-09 7.116235e-12
814 5.637387e-10 7.116235e-12
815 1.295848e-09 7.116235e-12
816 4.067617e-09 7.116235e-12
817 4.433316e-10 7.116235e-12
818 5.705496e-09 7.116235e-12
819 5.404009e-10 7.116235e-12
820 3.980391e-09 7.116235e-12
821 4.417748e-10 7.116235e-12
822 1.248425e-08 7.116235e-12
823 1.335811e-09 7.116235e-12
824 1.066073e-09 7.116235e-12
825 1.074374e-08 7.116235e-12
826 1.074467e-09 7.116235e-12
827 3.642788e-09 7.116235e-12
828 4.742857e-10 7.116235e-12
829 9.629518e-09 7.116235e-12
830 1.106176e-09 7.116235e-12
831 4.556094e-09 7.116235e-12
832 6.945544e-10 7.116235e-12
833 4.203466e-09 7.116235e-12
834 6.994125e-10 7.116235e-12
835 3.210798e-09 7.116235e-12
836 1.504049e-09 7.116235e-12
837 1.303019e-09 7.116235e-12
838 1.027859e-09 7.116235e-12
839 7.537675e-10 7.116235e-12
840 1.902112e-09 7.116235e-12
841 1.054695e-09 7.116235e-12
842 2.062117e-09 7.116235e-12
843 2.388369e-09 7.116235e-12
844 2.935083e-09 7.116235e-12
845 4.820998e-10 7.116235e-12
846 3.124323e-09 7.116235e-12
847 5.730822e-10 7.116235e-12
848 3.569218e-09 7.116235e-12
849 5.772760e-10 7.116235e-12
850 7.022015e-09 7.116235e-12
851 7.431416e-10 7.116235e-12
852 7.756560e-10 7.116235e-12
853 5.200049e-09 7.116235e-12
854 4.745704e-10 7.116235e-12
855 7.256630e-09 7.116235e-12
856 8.284765e-10 7.116235e-12
857 5.806415e-09 7.116235e-12
858 5.895603e-10 7.116235e-12
859 1.312805e-09 7.116235e-12
860 3.566011e-09 7.116235e-12
861 3.667731e-10 7.116235e-12
862 7.427766e-09 7.116235e-12
863 6.619954e-10 7.116235e-12
864 6.021999e-09 7.116235e-12
865 7.125927e-10 7.116235e-12
866 2.252288e-09 7.116235e-12
867 1.013572e-09 7.116235e-12
868 1.951834e-09 7.116235e-12
869 4.563781e-10 7.116235e-12
870 2.735491e-09 7.116235e-12
871 8.070861e-10 7.116235e-12
872 4.643321e-09 7.116235e-12
873 4.868427e-10 7.116235e-12
874 1.158844e-08 7.116235e-12
875 1.295316e-09 7.116235e-12
876 1.435364e-09 7.116235e-12
877 8.093080e-10 7.116235e-12
878 2.575543e-09 7.116235e-12
879 2.776304e-09 7.116235e-12
880 3.159992e-10 7.116235e-12
881 7.693202e-09 7.116235e-12
882 8.068184e-10 7.116235e-12
883 1.478649e-09 7.116235e-12
884 1.423445e-09 7.116235e-12
885 9.880956e-10 7.116235e-12
886 1.558974e-09 7.116235e-12
887 1.435093e-09 7.116235e-12
888 1.927293e-09 7.116235e-12
889 1.753212e-09 7.116235e-12
890 1.461977e-09 7.116235e-12
891 4.590207e-09 7.116235e-12
892 8.699819e-10 7.116235e-12
893 6.461511e-09 7.116235e-12
894 6.646872e-10 7.116235e-12
895 3.405703e-09 7.116235e-12
896 1.127511e-09 7.116235e-12
897 1.721438e-09 7.116235e-12
898 6.096979e-10 7.116235e-12
899 1.899154e-08 7.116235e-12
900 2.219679e-09 7.116235e-12
901 1.856983e-09 7.116235e-12
902 6.569189e-10 7.116235e-12
903 4.689263e-09 7.116235e-12
904 5.211890e-10 7.116235e-12
905 1.008338e-08 7.116235e-12
906 9.586481e-10 7.116235e-12
907 7.158941e-10 7.116235e-12
908 4.098141e-09 7.116235e-12
909 4.523146e-10 7.116235e-12
910 6.913127e-09 7.116235e-12
911 6.290911e-10 7.116235e-12
912 3.656125e-09 7.116235e-12
913 5.184438e-10 7.116235e-12
914 1.518702e-08 7.116235e-12
915 1.387669e-09 7.116235e-12
916 6.819042e-10 7.116235e-12
917 4.800105e-09 7.116235e-12
918 5.490479e-10 7.116235e-12
919 1.477947e-08 7.116235e-12
920 1.580832e-09 7.116235e-12
921 2.158950e-09 7.116235e-12
922 2.090773e-09 7.116235e-12
923 1.326372e-09 7.116235e-12
924 1.005540e-09 7.116235e-12
925 7.659399e-09 7.116235e-12
926 8.451430e-10 7.116235e-12
927 1.861945e-09 7.116235e-12
928 4.610390e-09 7.116235e-12
929 5.612273e-10 7.116235e-12
930 1.007003e-08 7.116235e-12
931 1.162268e-09 7.116235e-12
932 1.283888e-09 7.116235e-12
933 4.278956e-10 7.116235e-12
934 2.276651e-08 7.116235e-12
935 2.197890e-09 7.116235e-12
936 1.938182e-09 7.116235e-12
937 7.772631e-10 7.116235e-12
938 7.580677e-09 7.116235e-12
939 7.462767e-10 7.116235e-12
940 2.069881e-08 7.116235e-12
941 2.110885e-09 7.116235e-12
942 6.972388e-10 7.116235e-12
943 3.210507e-09 7.116235e-12
944 6.391388e-10 7.116235e-12
945 2.965459e-09 7.116235e-12
946 8.912879e-10 7.116235e-12
947 2.045031e-09 7.116235e-12
948 6.459059e-10 7.116235e-12
949 1.434486e-08 7.116235e-12
950 1.444350e-09 7.116235e-12
951 1.712180e-09 7.116235e-12
952 2.103785e-09 7.116235e-12
953 1.180934e-09 7.116235e-12
954 5.173522e-09 7.116235e-12
955 5.631524e-10 7.116235e-12
956 2.658752e-09 7.116235e-12
957 4.271078e-10 7.116235e-12
958 6.757830e-09 7.116235e-12
959 7.481575e-10 7.116235e-12
960 3.476613e-09 7.116235e-12
961 5.192945e-10 7.116235e-12
962 8.311447e-09 7.116235e-12
963 8.560486e-10 7.116235e-12
964 5.979700e-09 7.116235e-12
965 6.431053e-10 7.116235e-12
966 3.204783e-09 7.116235e-12
967 6.641800e-10 7.116235e-12
968 4.966997e-09 7.116235e-12
969 5.363786e-10 7.116235e-12
970 8.165330e-09 7.116235e-12
971 8.251729e-10 7.116235e-12
972 9.972158e-09 7.116235e-12
973 1.089668e-09 7.116235e-12
974 2.373346e-09 7.116235e-12
975 1.378306e-09 7.116235e-12
976 1.031644e-09 7.116235e-12
977 1.959446e-09 7.116235e-12
978 7.957120e-10 7.116235e-12
979 2.724176e-09 7.116235e-12
980 6.353203e-10 7.116235e-12
981 9.448787e-09 7.116235e-12
982 1.033527e-09 7.116235e-12
983 5.637225e-09 7.116235e-12
984 6.536409e-10 7.116235e-12
985 8.959642e-09 7.116235e-12
986 9.998436e-10 7.116235e-12
987 5.102517e-09 7.116235e-12
988 5.968980e-10 7.116235e-12
989 4.377363e-09 7.116235e-12
990 1.369166e-09 7.116235e-12
991 3.974192e-09 7.116235e-12
992 7.430724e-10 7.116235e-12
993 3.064529e-09 7.116235e-12
994 5.260470e-10 7.116235e-12
995 1.282355e-08 7.116235e-12
996 1.268625e-09 7.116235e-12
997 6.874077e-09 7.116235e-12
998 7.693587e-10 7.116235e-12
999 1.530376e-09 7.116235e-12
1000 9.153850e-10 7.116235e-12
1001 8.136181e-10 7.116235e-12
1002 5.671732e-09 7.116235e-12
1003 6.176538e-10 7.116235e-12
1004 8.176233e-09 7.116235e-12
1005 9.279338e-10 7.116235e-12
1006 2.340058e-09 7.116235e-12
1007 1.763668e-09 7.116235e-12
1008 7.733813e-10 7.116235e-12
1009 6.456773e-09 7.116235e-12
1010 6.874318e-10 7.116235e-12
1011 2.088086e-09 7.116235e-12
1012 1.148474e-09 7.116235e-12
1013 1.961247e-09 7.116235e-12
1014 1.026848e-09 7.116235e-12
1015 2.012860e-09 7.116235e-12
1016 6.783644e-10 7.116235e-12
1017 8.235676e-09 7.116235e-12
1018 8.174098e-10 7.116235e-12
1019 1.805780e-08 7.116235e-12
1020 1.762880e-09 7.116235e-12
1021 1.282818e-09 7.116235e-12
1022 7.825875e-10 7.116235e-12
1023 1.910720e-09 7.116235e-12
1024 1.077459e-09 7.116235e-12
1025 6.292421e-09 7.116235e-12
1026 7.629144e-10 7.116235e-12
1027 1.920784e-09 7.116235e-12
1028 2.895115e-09 7.116235e-12
1029 9.569728e-10 7.116235e-12
1030 3.374766e-09 7.116235e-12
1031 6.122470e-10 7.116235e-12
1032 1.097049e-08 7.116235e-12
1033 1.132781e-09 7.116235e-12
1034 2.349377e-09 7.116235e-12
1035 1.301039e-09 7.116235e-12
1036 3.518118e-09 7.116235e-12
1037 4.915752e-10 7.116235e-12
1038 4.074023e-08 7.116235e-12
1039 3.691482e-09 7.116235e-12
1040 4.281605e-10 7.116235e-12
1041 6.985899e-09 7.116235e-12
1042 8.456584e-10 7.116235e-12
1043 2.048330e-09 7.116235e-12
1044 2.196757e-09 7.116235e-12
1045 2.362030e-09 7.116235e-12
1046 4.925422e-09 7.116235e-12
1047 4.922887e-10 7.116235e-12
1048 1.046953e-08 7.116235e-12
1049 1.080060e-09 7.116235e-12
1050 4.285524e-09 7.116235e-12
1051 6.443199e-10 7.116235e-12
1052 6.689289e-09 7.116235e-12
1053 8.309573e-10 7.116235e-12
1054 1.651654e-08 7.116235e-12
1055 1.686756e-09 7.116235e-12
1056 2.456075e-09 7.116235e-12
1057 1.006215e-09 7.116235e-12
1058 8.616270e-09 7.116235e-12
1059 8.146691e-10 7.116235e-12
1060 5.389350e-09 7.116235e-12
1061 6.683147e-10 7.116235e-12
1062 6.665092e-09 7.116235e-12
1063 7.758128e-10 7.116235e-12
1064 1.400817e-09 7.116235e-12
1065 2.538400e-09 7.116235e-12
1066 1.867038e-09 7.116235e-12
1067 1.413453e-09 7.116235e-12
1068 1.267625e-09 7.116235e-12
1069 2.149077e-09 7.116235e-12
1070 2.678599e-09 7.116235e-12
1071 1.594307e-09 7.116235e-12
1072 1.200755e-09 7.116235e-12
1073 1.909126e-09 7.116235e-12
1074 1.749475e-09 7.116235e-12
1075 2.723429e-09 7.116235e-12
1076 1.942267e-09 7.116235e-12
1077 5.643726e-10 7.116235e-12
1078 5.677347e-09 7.116235e-12
1079 6.188742e-10 7.116235e-12
1080 3.692286e-09 7.116235e-12
1081 7.972612e-10 7.116235e-12
1082 6.756264e-09 7.116235e-12
1083 8.857923e-10 7.116235e-12
1084 2.477052e-09 7.116235e-12
1085 2.274262e-09 7.116235e-12
1086 1.684658e-09 7.116235e-12
1087 1.185961e-09 7.116235e-12
1088 1.829963e-09 7.116235e-12
1089 1.725312e-09 7.116235e-12
1090 3.127973e-09 7.116235e-12
1091 6.827216e-10 7.116235e-12
1092 3.253666e-09 7.116235e-12
1093 1.263170e-09 7.116235e-12
1094 6.638713e-09 7.116235e-12
1095 7.259195e-10 7.116235e-12
1096 6.252408e-09 7.116235e-12
1097 6.915733e-10 7.116235e-12
1098 1.044074e-08 7.116235e-12
1099 1.108920e-09 7.116235e-12
1100 3.421752e-09 7.116235e-12
1101 4.141700e-10 7.116235e-12
1102 1.442299e-08 7.116235e-12
1103 1.518631e-09 7.116235e-12
1104 4.994189e-10 7.116235e-12
1105 9.810643e-09 7.116235e-12
1106 1.084944e-09 7.116235e-12
1107 9.707788e-09 7.116235e-12
1108 1.145968e-09 7.116235e-12
1109 6.698768e-09 7.116235e-12
1110 8.356234e-10 7.116235e-12
1111 8.120606e-09 7.116235e-12
1112 8.458223e-10 7.116235e-12
1113 6.623914e-09 7.116235e-12
1114 6.747510e-10 7.116235e-12
1115 1.557075e-08 7.116235e-12
1116 1.714303e-09 7.116235e-12
1117 1.413645e-09 7.116235e-12
1118 9.826518e-10 7.116235e-12
1119 1.868028e-09 7.116235e-12
1120 2.120120e-09 7.116235e-12
1121 1.138943e-09 7.116235e-12
1122 2.390347e-09 7.116235e-12
1123 8.974142e-10 7.116235e-12
1124 3.216502e-09 7.116235e-12
1125 4.889646e-10 7.116235e-12
1126 8.369027e-09 7.116235e-12
1127 9.780359e-10 7.116235e-12
1128 6.218431e-09 7.116235e-12
1129 7.576694e-10 7.116235e-12
1130 1.787988e-09 7.116235e-12
1131 1.187904e-09 7.116235e-12
1132 2.597519e-09 7.116235e-12
1133 4.278076e-10 7.116235e-12
1134 4.179070e-08 7.116235e-12
1135 3.872634e-09 7.116235e-12
1136 6.909182e-10 7.116235e-12
1137 3.605641e-09 7.116235e-12
1138 5.981756e-10 7.116235e-12
1139 2.596907e-09 7.116235e-12
1140 1.287291e-09 7.116235e-12
1141 8.760189e-10 7.116235e-12
1142 4.100613e-09 7.116235e-12
1143 1.958182e-09 7.116235e-12
1144 7.287505e-10 7.116235e-12
1145 8.371149e-09 7.116235e-12
1146 8.885038e-10 7.116235e-12
1147 4.952741e-09 7.116235e-12
1148 5.486028e-10 7.116235e-12
1149 7.175042e-09 7.116235e-12
1150 7.183113e-10 7.116235e-12
1151 1.146364e-08 7.116235e-12
1152 1.085865e-09 7.116235e-12
1153 3.876344e-09 7.116235e-12
1154 4.750494e-10 7.116235e-12
1155 7.676689e-09 7.116235e-12
1156 9.905387e-10 7.116235e-12
1157 5.955206e-09 7.116235e-12
1158 5.477887e-10 7.116235e-12
1159 9.618397e-09 7.116235e-12
1160 1.029458e-09 7.116235e-12
1161 1.802167e-09 7.116235e-12
1162 2.977800e-09 7.116235e-12
1163 8.978943e-10 7.116235e-12
1164 6.030970e-09 7.116235e-12
1165 6.425358e-10 7.116235e-12
1166 1.884063e-08 7.116235e-12
1167 1.961204e-09 7.116235e-12
1168 2.340005e-09 7.116235e-12
1169 2.895726e-09 7.116235e-12
1170 1.863481e-09 7.116235e-12
1171 8.137682e-10 7.116235e-12
1172 7.643452e-09 7.116235e-12
1173 1.114900e-09 7.116235e-12
1174 2.802670e-09 7.116235e-12
1175 4.050408e-10 7.116235e-12
1176 1.520502e-08 7.116235e-12
1177 1.694036e-09 7.116235e-12
1178 1.591497e-09 7.116235e-12
1179 9.408474e-10 7.116235e-12
1180 3.685489e-09 7.116235e-12
1181 9.990806e-10 7.116235e-12
1182 1.326837e-09 7.116235e-12
1183 1.052935e-08 7.116235e-12
1184 1.095661e-09 7.116235e-12
1185 7.518817e-09 7.116235e-12
1186 8.787172e-10 7.116235e-12
1187 8.267326e-10 7.116235e-12
1188 2.858258e-08 7.116235e-12
1189 2.834468e-09 7.116235e-12
1190 1.338406e-09 7.116235e-12
1191 8.510349e-10 7.116235e-12
1192 7.022224e-09 7.116235e-12
1193 8.209941e-10 7.116235e-12
1194 3.931118e-08 7.116235e-12
1195 3.734599e-09 7.116235e-12
1196 1.155616e-09 7.116235e-12
1197 1.031974e-09 7.116235e-12
1198 8.914589e-09 7.116235e-12
1199 1.017691e-09 7.116235e-12
1200 7.804869e-10 7.116235e-12
1201 3.618829e-09 7.116235e-12
1202 6.364875e-10 7.116235e-12
1203 1.590223e-08 7.116235e-12
1204 1.809103e-09 7.116235e-12
1205 7.692658e-09 7.116235e-12
1206 8.245373e-10 7.116235e-12
1207 5.490570e-09 7.116235e-12
1208 6.454479e-10 7.116235e-12
1209 5.106211e-09 7.116235e-12
1210 8.529015e-10 7.116235e-12
1211 5.214823e-09 7.116235e-12
1212 6.356313e-10 7.116235e-12
1213 6.134570e-09 7.116235e-12
1214 7.093232e-10 7.116235e-12
1215 1.088762e-08 7.116235e-12
1216 1.184642e-09 7.116235e-12
1217 1.778106e-09 7.116235e-12
1218 1.621521e-09 7.116235e-12
1219 3.310793e-09 7.116235e-12
1220 9.365995e-10 7.116235e-12
1221 6.045520e-09 7.116235e-12
1222 6.683427e-10 7.116235e-12
1223 1.130778e-08 7.116235e-12
1224 1.474211e-09 7.116235e-12
1225 2.119949e-09 7.116235e-12
1226 2.031360e-09 7.116235e-12
1227 2.595202e-09 7.116235e-12
1228 1.512877e-09 7.116235e-12
1229 1.709462e-09 7.116235e-12
1230 3.087412e-09 7.116235e-12
1231 9.066741e-10 7.116235e-12
1232 3.215700e-09 7.116235e-12
1233 5.620025e-10 7.116235e-12
1234 1.695195e-08 7.116235e-12
1235 1.625695e-09 7.116235e-12
1236 1.330290e-09 7.116235e-12
1237 1.876658e-09 7.116235e-12
1238 6.847187e-09 7.116235e-12
1239 6.833932e-10 7.116235e-12
1240 2.021476e-09 7.116235e-12
1241 7.232348e-10 7.116235e-12
1242 3.932497e-09 7.116235e-12
1243 5.840567e-10 7.116235e-12
1244 1.401221e-08 7.116235e-12
1245 1.436455e-09 7.116235e-12
1246 2.618658e-09 7.116235e-12
1247 4.027903e-10 7.116235e-12
1248 1.789024e-08 7.116235e-12
1249 1.674468e-09 7.116235e-12
1250 2.842755e-09 7.116235e-12
1251 6.656207e-10 7.116235e-12
1252 9.356521e-09 7.116235e-12
1253 8.962044e-10 7.116235e-12
1254 1.469384e-08 7.116235e-12
1255 1.590149e-09 7.116235e-12
1256 5.220377e-09 7.116235e-12
1257 7.595851e-10 7.116235e-12
1258 9.882847e-09 7.116235e-12
1259 1.026681e-09 7.116235e-12
1260 1.938527e-09 7.116235e-12
1261 2.923147e-09 7.116235e-12
1262 1.124143e-09 7.116235e-12
1263 3.182148e-09 7.116235e-12
1264 4.501518e-09 7.116235e-12
1265 1.523795e-09 7.116235e-12
1266 2.425863e-09 7.116235e-12
1267 9.581569e-10 7.116235e-12
1268 1.650143e-09 7.116235e-12
1269 1.386116e-09 7.116235e-12
1270 2.223582e-09 7.116235e-12
1271 1.005852e-09 7.116235e-12
1272 1.450106e-09 7.116235e-12
1273 1.212771e-09 7.116235e-12
1274 4.557036e-10 7.116235e-12
1275 1.991982e-08 7.116235e-12
1276 2.015482e-09 7.116235e-12
1277 2.964398e-09 7.116235e-12
1278 2.571209e-09 7.116235e-12
1279 5.119250e-10 7.116235e-12
1280 1.991368e-08 7.116235e-12
1281 2.074091e-09 7.116235e-12
1282 1.193171e-09 7.116235e-12
1283 4.755610e-09 7.116235e-12
1284 4.842669e-10 7.116235e-12
1285 3.869539e-09 7.116235e-12
1286 6.391630e-10 7.116235e-12
1287 1.368001e-08 7.116235e-12
1288 1.442385e-09 7.116235e-12
1289 2.569943e-09 7.116235e-12
1290 7.764539e-10 7.116235e-12
1291 7.474086e-09 7.116235e-12
1292 8.153635e-10 7.116235e-12
1293 8.235100e-09 7.116235e-12
1294 8.097112e-10 7.116235e-12
1295 1.321541e-08 7.116235e-12
1296 1.305821e-09 7.116235e-12
1297 3.037835e-09 7.116235e-12
1298 6.989435e-10 7.116235e-12
1299 8.937471e-09 7.116235e-12
1300 8.899047e-10 7.116235e-12
1301 2.003317e-08 7.116235e-12
1302 1.997041e-09 7.116235e-12
1303 1.966225e-09 7.116235e-12
1304 2.170718e-09 7.116235e-12
1305 7.493277e-10 7.116235e-12
1306 1.417236e-08 7.116235e-12
1307 1.306129e-09 7.116235e-12
1308 9.661697e-09 7.116235e-12
1309 1.096401e-09 7.116235e-12
1310 5.539751e-09 7.116235e-12
1311 1.097684e-09 7.116235e-12
1312 5.592087e-09 7.116235e-12
1313 1.039826e-09 7.116235e-12
1314 1.619503e-09 7.116235e-12
1315 1.387374e-09 7.116235e-12
1316 3.694642e-09 7.116235e-12
1317 1.077929e-09 7.116235e-12
1318 1.717697e-09 7.116235e-12
1319 2.022762e-09 7.116235e-12
1320 5.607253e-09 7.116235e-12
1321 9.422464e-10 7.116235e-12
1322 4.011476e-10 7.116235e-12
1323 9.488920e-09 7.116235e-12
1324 1.029826e-09 7.116235e-12
1325 5.092925e-09 7.116235e-12
1326 6.959403e-10 7.116235e-12
1327 3.168781e-08 7.116235e-12
1328 3.309343e-09 7.116235e-12
1329 5.390227e-10 7.116235e-12
1330 2.737886e-08 7.116235e-12
1331 2.779332e-09 7.116235e-12
1332 1.475550e-09 7.116235e-12
1333 8.958059e-10 7.116235e-12
1334 7.402719e-09 7.116235e-12
1335 9.367603e-10 7.116235e-12
1336 5.427939e-09 7.116235e-12
1337 1.042737e-09 7.116235e-12
1338 5.875513e-09 7.116235e-12
1339 1.271237e-09 7.116235e-12
1340 4.356842e-09 7.116235e-12
1341 2.217015e-09 7.116235e-12
1342 7.185624e-10 7.116235e-12
1343 3.208844e-08 7.116235e-12
1344 2.952174e-09 7.116235e-12
1345 1.061612e-09 7.116235e-12
1346 6.094292e-09 7.116235e-12
1347 7.559502e-10 7.116235e-12
1348 1.793588e-08 7.116235e-12
1349 1.888175e-09 7.116235e-12
1350 3.884284e-09 7.116235e-12
1351 6.739958e-10 7.116235e-12
1352 1.796842e-08 7.116235e-12
1353 1.692255e-09 7.116235e-12
1354 2.591929e-09 7.116235e-12
1355 1.049081e-09 7.116235e-12
1356 1.041405e-08 7.116235e-12
1357 1.169757e-09 7.116235e-12
1358 3.479421e-09 7.116235e-12
1359 1.397945e-09 7.116235e-12
1360 1.074757e-09 7.116235e-12
1361 2.576831e-09 7.116235e-12
1362 1.225035e-09 7.116235e-12
1363 5.287823e-09 7.116235e-12
1364 7.780753e-10 7.116235e-12
1365 3.468201e-09 7.116235e-12
1366 5.310895e-10 7.116235e-12
1367 7.221654e-09 7.116235e-12
1368 1.126580e-09 7.116235e-12
1369 2.381213e-09 7.116235e-12
1370 1.182774e-09 7.116235e-12
1371 4.880205e-09 7.116235e-12
1372 2.030802e-09 7.116235e-12
1373 4.574951e-09 7.116235e-12
1374 8.424152e-10 7.116235e-12
1375 2.560909e-09 7.116235e-12
1376 7.065930e-10 7.116235e-12
1377 2.899432e-09 7.116235e-12
1378 1.277763e-09 7.116235e-12
1379 4.176999e-09 7.116235e-12
1380 5.754991e-10 7.116235e-12
1381 4.506890e-08 7.116235e-12
1382 4.138810e-09 7.116235e-12
1383 1.096238e-09 7.116235e-12
1384 3.129765e-09 7.116235e-12
1385 9.100999e-10 7.116235e-12
1386 7.234237e-09 7.116235e-12
1387 8.629441e-10 7.116235e-12
1388 1.265678e-08 7.116235e-12
1389 1.354628e-09 7.116235e-12
1390 1.458170e-08 7.116235e-12
1391 1.497856e-09 7.116235e-12
1392 7.472529e-09 7.116235e-12
1393 7.696143e-10 7.116235e-12
1394 1.111147e-08 7.116235e-12
1395 1.096776e-09 7.116235e-12
1396 3.255303e-09 7.116235e-12
1397 1.601247e-09 7.116235e-12
1398 1.023822e-09 7.116235e-12
1399 3.403116e-09 7.116235e-12
1400 7.336022e-10 7.116235e-12
1401 5.175923e-09 7.116235e-12
1402 6.417902e-10 7.116235e-12
1403 6.848895e-09 7.116235e-12
1404 7.786142e-10 7.116235e-12
1405 1.089447e-08 7.116235e-12
1406 1.106178e-09 7.116235e-12
1407 5.608573e-09 7.116235e-12
1408 6.685168e-10 7.116235e-12
1409 8.627483e-09 7.116235e-12
1410 9.114139e-10 7.116235e-12
1411 1.476021e-09 7.116235e-12
1412 3.301134e-09 7.116235e-12
1413 1.311702e-09 7.116235e-12
1414 1.012424e-09 7.116235e-12
1415 1.764775e-08 7.116235e-12
1416 1.731176e-09 7.116235e-12
1417 1.133454e-09 7.116235e-12
1418 3.114547e-09 7.116235e-12
1419 4.643833e-10 7.116235e-12
1420 7.293001e-09 7.116235e-12
1421 8.203860e-10 7.116235e-12
1422 2.670544e-09 7.116235e-12
1423 1.970023e-09 7.116235e-12
1424 2.516007e-09 7.116235e-12
1425 8.446343e-10 7.116235e-12
1426 4.222647e-09 7.116235e-12
1427 1.058357e-09 7.116235e-12
1428 3.596580e-09 7.116235e-12
1429 6.657906e-10 7.116235e-12
1430 1.398102e-08 7.116235e-12
1431 1.331003e-09 7.116235e-12
1432 3.729330e-09 7.116235e-12
1433 6.264272e-10 7.116235e-12
1434 2.090368e-08 7.116235e-12
1435 2.231220e-09 7.116235e-12
1436 6.314958e-10 7.116235e-12
1437 1.476951e-08 7.116235e-12
1438 1.673055e-09 7.116235e-12
1439 2.445296e-09 7.116235e-12
1440 2.304020e-09 7.116235e-12
1441 2.942072e-10 7.116235e-12
1442 9.163553e-08 7.116235e-12
1443 9.289876e-09 7.116235e-12
1444 1.027823e-09 7.116235e-12
1445 8.598468e-09 7.116235e-12
1446 9.485630e-10 7.116235e-12
1447 4.377913e-09 7.116235e-12
1448 9.873057e-10 7.116235e-12
1449 5.312404e-09 7.116235e-12
1450 8.545730e-10 7.116235e-12
1451 6.415184e-09 7.116235e-12
1452 7.803092e-10 7.116235e-12
1453 1.477147e-08 7.116235e-12
1454 1.508014e-09 7.116235e-12
1455 1.561218e-09 7.116235e-12
1456 1.891324e-09 7.116235e-12
1457 1.142070e-09 7.116235e-12
1458 4.559898e-09 7.116235e-12
1459 5.744260e-10 7.116235e-12
1460 7.994993e-09 7.116235e-12
1461 8.188025e-10 7.116235e-12
1462 2.784158e-08 7.116235e-12
1463 2.612269e-09 7.116235e-12
1464 5.217413e-10 7.116235e-12
1465 9.135277e-09 7.116235e-12
1466 9.892542e-10 7.116235e-12
1467 5.453057e-09 7.116235e-12
1468 1.219213e-09 7.116235e-12
1469 6.553708e-09 7.116235e-12
1470 7.210843e-10 7.116235e-12
1471 2.861866e-08 7.116235e-12
1472 2.943494e-09 7.116235e-12
1473 2.031307e-09 7.116235e-12
1474 1.453545e-09 7.116235e-12
1475 2.942169e-09 7.116235e-12
1476 3.120658e-09 7.116235e-12
1477 2.152522e-09 7.116235e-12
1478 1.295765e-09 7.116235e-12
1479 6.117623e-09 7.116235e-12
1480 7.180538e-10 7.116235e-12
1481 1.394875e-08 7.116235e-12
1482 1.489133e-09 7.116235e-12
1483 2.159144e-09 7.116235e-12
1484 2.167271e-09 7.116235e-12
1485 8.948195e-10 7.116235e-12
1486 5.460327e-09 7.116235e-12
1487 1.114096e-09 7.116235e-12
1488 5.880373e-09 7.116235e-12
1489 6.459123e-10 7.116235e-12
1490 1.262016e-08 7.116235e-12
1491 1.339607e-09 7.116235e-12
1492 3.178826e-08 7.116235e-12
1493 3.024933e-09 7.116235e-12
1494 1.265985e-09 7.116235e-12
1495 1.642339e-08 7.116235e-12
1496 1.701723e-09 7.116235e-12
1497 2.396445e-09 7.116235e-12
1498 2.661651e-09 7.116235e-12
1499 8.738036e-10 7.116235e-12
1500 1.663663e-08 7.116235e-12
1501 1.710173e-09 7.116235e-12
1502 4.254384e-09 7.116235e-12
1503 8.092499e-10 7.116235e-12
1504 2.619201e-09 7.116235e-12
1505 1.252071e-09 7.116235e-12
1506 2.350115e-09 7.116235e-12
1507 1.531349e-09 7.116235e-12
1508 1.376936e-09 7.116235e-12
1509 2.959856e-09 7.116235e-12
1510 1.279347e-09 7.116235e-12
1511 1.022350e-09 7.116235e-12
1512 5.870598e-09 7.116235e-12
1513 7.147180e-10 7.116235e-12
1514 3.580894e-09 7.116235e-12
1515 1.449361e-09 7.116235e-12
1516 1.526802e-09 7.116235e-12
1517 2.412888e-09 7.116235e-12
1518 7.919755e-10 7.116235e-12
1519 8.199110e-09 7.116235e-12
1520 9.436255e-10 7.116235e-12
1521 8.236148e-09 7.116235e-12
1522 8.894953e-10 7.116235e-12
1523 3.094317e-09 7.116235e-12
1524 6.258601e-10 7.116235e-12
1525 1.108371e-08 7.116235e-12
1526 1.174910e-09 7.116235e-12
1527 1.753417e-09 7.116235e-12
1528 1.239734e-09 7.116235e-12
1529 3.529466e-09 7.116235e-12
1530 1.318239e-09 7.116235e-12
1531 8.449100e-09 7.116235e-12
1532 9.923321e-10 7.116235e-12
1533 7.481981e-09 7.116235e-12
1534 8.505608e-10 7.116235e-12
1535 8.752810e-09 7.116235e-12
1536 1.131070e-09 7.116235e-12
1537 3.429770e-09 7.116235e-12
1538 9.417176e-10 7.116235e-12
1539 8.665080e-09 7.116235e-12
1540 9.970665e-10 7.116235e-12
1541 3.656670e-09 7.116235e-12
1542 6.429452e-10 7.116235e-12
1543 5.624238e-09 7.116235e-12
1544 5.840335e-10 7.116235e-12
1545 1.021407e-08 7.116235e-12
1546 1.104971e-09 7.116235e-12
1547 7.345052e-09 7.116235e-12
1548 8.554900e-10 7.116235e-12
1549 8.641009e-09 7.116235e-12
1550 8.593440e-10 7.116235e-12
1551 1.654196e-09 7.116235e-12
1552 6.270984e-10 7.116235e-12
1553 7.962668e-09 7.116235e-12
1554 8.781015e-10 7.116235e-12
1555 3.567931e-09 7.116235e-12
1556 9.298814e-10 7.116235e-12
1557 4.795969e-09 7.116235e-12
1558 6.164189e-10 7.116235e-12
1559 1.023268e-08 7.116235e-12
1560 1.009881e-09 7.116235e-12
1561 4.013328e-09 7.116235e-12
1562 8.605419e-10 7.116235e-12
1563 6.122020e-09 7.116235e-12
1564 7.167003e-10 7.116235e-12
1565 7.923195e-09 7.116235e-12
1566 8.167290e-10 7.116235e-12
1567 3.502543e-09 7.116235e-12
1568 2.340547e-09 7.116235e-12
1569 3.537268e-09 7.116235e-12
1570 1.367083e-09 7.116235e-12
1571 1.947711e-09 7.116235e-12
1572 1.900596e-09 7.116235e-12
1573 2.965507e-09 7.116235e-12
1574 5.607502e-10 7.116235e-12
1575 5.313297e-09 7.116235e-12
1576 1.152323e-09 7.116235e-12
1577 6.486429e-09 7.116235e-12
1578 7.152312e-10 7.116235e-12
1579 2.874849e-08 7.116235e-12
1580 2.844708e-09 7.116235e-12
1581 7.041937e-10 7.116235e-12
1582 1.554616e-08 7.116235e-12
1583 1.449404e-09 7.116235e-12
1584 2.033614e-09 7.116235e-12
1585 2.687151e-09 7.116235e-12
1586 1.285455e-09 7.116235e-12
1587 1.381636e-08 7.116235e-12
1588 1.463606e-09 7.116235e-12
1589 4.500820e-09 7.116235e-12
1590 1.322236e-09 7.116235e-12
1591 2.468567e-09 7.116235e-12
1592 2.328645e-09 7.116235e-12
1593 4.742570e-09 7.116235e-12
1594 7.386874e-10 7.116235e-12
1595 2.829548e-08 7.116235e-12
1596 2.738022e-09 7.116235e-12
1597 2.089881e-09 7.116235e-12
1598 1.505976e-09 7.116235e-12
1599 1.432951e-09 7.116235e-12
1600 3.549604e-09 7.116235e-12
1601 1.828216e-09 7.116235e-12
1602 3.706387e-09 7.116235e-12
1603 1.289038e-09 7.116235e-12
1604 1.924834e-09 7.116235e-12
1605 8.016899e-10 7.116235e-12
1606 6.550111e-09 7.116235e-12
1607 8.644275e-10 7.116235e-12
1608 1.666831e-08 7.116235e-12
1609 1.652728e-09 7.116235e-12
1610 5.940135e-09 7.116235e-12
1611 1.064062e-09 7.116235e-12
1612 5.141314e-09 7.116235e-12
1613 7.471738e-10 7.116235e-12
1614 1.635398e-08 7.116235e-12
1615 1.533438e-09 7.116235e-12
1616 9.204137e-09 7.116235e-12
1617 9.822584e-10 7.116235e-12
1618 1.557477e-08 7.116235e-12
1619 1.573615e-09 7.116235e-12
1620 1.467636e-08 7.116235e-12
1621 1.456990e-09 7.116235e-12
1622 3.692805e-09 7.116235e-12
1623 6.925294e-10 7.116235e-12
1624 1.757905e-08 7.116235e-12
1625 1.917169e-09 7.116235e-12
1626 2.207371e-09 7.116235e-12
1627 1.800276e-09 7.116235e-12
1628 1.636242e-09 7.116235e-12
1629 2.999708e-09 7.116235e-12
1630 8.131057e-10 7.116235e-12
1631 8.994076e-09 7.116235e-12
1632 1.070284e-09 7.116235e-12
1633 3.819398e-09 7.116235e-12
1634 1.309105e-09 7.116235e-12
1635 4.381956e-09 7.116235e-12
1636 1.218879e-09 7.116235e-12
1637 7.059810e-09 7.116235e-12
1638 9.947119e-10 7.116235e-12
1639 4.790517e-09 7.116235e-12
1640 1.002196e-09 7.116235e-12
1641 9.662817e-09 7.116235e-12
1642 1.167149e-09 7.116235e-12
1643 1.277469e-09 7.116235e-12
1644 1.286316e-08 7.116235e-12
1645 1.231983e-09 7.116235e-12
1646 1.671803e-08 7.116235e-12
1647 1.768799e-09 7.116235e-12
1648 1.028121e-08 7.116235e-12
1649 1.103295e-09 7.116235e-12
1650 3.428351e-09 7.116235e-12
1651 1.021719e-09 7.116235e-12
1652 1.081698e-08 7.116235e-12
1653 1.200425e-09 7.116235e-12
1654 1.067674e-08 7.116235e-12
1655 1.150904e-09 7.116235e-12
1656 7.792811e-09 7.116235e-12
1657 9.443843e-10 7.116235e-12
1658 3.114380e-09 7.116235e-12
1659 1.577711e-09 7.116235e-12
1660 1.022303e-09 7.116235e-12
1661 3.212896e-08 7.116235e-12
1662 3.469935e-09 7.116235e-12
1663 1.869213e-09 7.116235e-12
1664 6.466569e-09 7.116235e-12
1665 8.190455e-10 7.116235e-12
1666 7.244448e-09 7.116235e-12
1667 7.844199e-10 7.116235e-12
1668 6.376801e-09 7.116235e-12
1669 7.732672e-10 7.116235e-12
1670 8.433640e-09 7.116235e-12
1671 1.067882e-09 7.116235e-12
1672 3.146132e-09 7.116235e-12
1673 1.901110e-09 7.116235e-12
1674 2.333840e-09 7.116235e-12
1675 3.452631e-09 7.116235e-12
1676 2.619500e-09 7.116235e-12
1677 1.570805e-09 7.116235e-12
1678 3.104776e-09 7.116235e-12
1679 8.479441e-10 7.116235e-12
1680 1.986855e-08 7.116235e-12
1681 1.807830e-09 7.116235e-12
1682 5.785785e-09 7.116235e-12
1683 1.104504e-09 7.116235e-12
1684 3.566228e-09 7.116235e-12
1685 1.345638e-09 7.116235e-12
1686 5.795074e-09 7.116235e-12
1687 8.157330e-10 7.116235e-12
1688 1.074007e-08 7.116235e-12
1689 1.115332e-09 7.116235e-12
1690 1.246346e-08 7.116235e-12
1691 1.316475e-09 7.116235e-12
1692 5.205946e-09 7.116235e-12
1693 1.150867e-09 7.116235e-12
1694 3.606424e-09 7.116235e-12
1695 6.563539e-10 7.116235e-12
1696 2.651987e-08 7.116235e-12
1697 2.922037e-09 7.116235e-12
1698 1.620409e-09 7.116235e-12
1699 1.981722e-09 7.116235e-12
1700 1.150916e-09 7.116235e-12
1701 4.300266e-09 7.116235e-12
1702 1.195944e-09 7.116235e-12
1703 7.810474e-09 7.116235e-12
1704 9.975374e-10 7.116235e-12
1705 2.748965e-09 7.116235e-12
1706 6.887750e-10 7.116235e-12
1707 4.137154e-09 7.116235e-12
1708 1.494597e-09 7.116235e-12
1709 7.021592e-09 7.116235e-12
1710 8.871629e-10 7.116235e-12
1711 6.653722e-09 7.116235e-12
1712 9.362061e-10 7.116235e-12
1713 2.266782e-09 7.116235e-12
1714 1.968120e-09 7.116235e-12
1715 1.339430e-09 7.116235e-12
1716 1.312984e-08 7.116235e-12
1717 1.301108e-09 7.116235e-12
1718 1.327008e-08 7.116235e-12
1719 1.437582e-09 7.116235e-12
1720 9.065997e-09 7.116235e-12
1721 9.318890e-10 7.116235e-12
1722 3.406660e-09 7.116235e-12
1723 2.108231e-09 7.116235e-12
1724 4.636933e-09 7.116235e-12
1725 1.225729e-09 7.116235e-12
1726 7.871743e-09 7.116235e-12
1727 8.183632e-10 7.116235e-12
1728 2.633117e-08 7.116235e-12
1729 2.714764e-09 7.116235e-12
1730 2.642678e-09 7.116235e-12
1731 6.577145e-10 7.116235e-12
1732 1.809273e-08 7.116235e-12
1733 1.706810e-09 7.116235e-12
1734 3.640025e-09 7.116235e-12
1735 6.664489e-10 7.116235e-12
1736 1.647154e-08 7.116235e-12
1737 1.807399e-09 7.116235e-12
1738 8.581627e-09 7.116235e-12
1739 9.407995e-10 7.116235e-12
1740 5.953480e-09 7.116235e-12
1741 8.866832e-10 7.116235e-12
1742 7.558842e-09 7.116235e-12
1743 7.579741e-10 7.116235e-12
1744 1.781816e-08 7.116235e-12
1745 1.934345e-09 7.116235e-12
1746 3.788872e-09 7.116235e-12
1747 2.441075e-09 7.116235e-12
1748 3.799868e-10 7.116235e-12
1749 6.168430e-08 7.116235e-12
1750 6.234908e-09 7.116235e-12
1751 1.206512e-09 7.116235e-12
1752 8.748391e-09 7.116235e-12
1753 1.311333e-09 7.116235e-12
1754 5.502963e-09 7.116235e-12
1755 6.801191e-10 7.116235e-12
1756 2.561199e-08 7.116235e-12
1757 2.449398e-09 7.116235e-12
1758 6.289495e-10 7.116235e-12
1759 1.582458e-08 7.116235e-12
1760 1.691317e-09 7.116235e-12
1761 2.539639e-09 7.116235e-12
1762 1.573587e-09 7.116235e-12
1763 8.407333e-09 7.116235e-12
1764 1.129213e-09 7.116235e-12
1765 6.204885e-09 7.116235e-12
1766 7.951724e-10 7.116235e-12
1767 4.768188e-09 7.116235e-12
1768 9.696506e-10 7.116235e-12
1769 1.434822e-08 7.116235e-12
1770 1.508862e-09 7.116235e-12
1771 2.211486e-09 7.116235e-12
1772 3.437556e-09 7.116235e-12
1773 4.557521e-09 7.116235e-12
1774 7.457708e-10 7.116235e-12
1775 2.319514e-08 7.116235e-12
1776 2.373708e-09 7.116235e-12
1777 7.223305e-10 7.116235e-12
1778 8.769996e-09 7.116235e-12
1779 1.075010e-09 7.116235e-12
1780 4.986129e-09 7.116235e-12
1781 2.315605e-09 7.116235e-12
1782 1.881540e-09 7.116235e-12
1783 6.146191e-09 7.116235e-12
1784 6.771390e-10 7.116235e-12
1785 2.930186e-08 7.116235e-12
1786 2.999127e-09 7.116235e-12
1787 2.547590e-09 7.116235e-12
1788 1.734514e-09 7.116235e-12
1789 2.057257e-09 7.116235e-12
1790 3.024210e-09 7.116235e-12
1791 2.096877e-09 7.116235e-12
1792 1.803475e-09 7.116235e-12
1793 1.906836e-09 7.116235e-12
1794 1.898865e-09 7.116235e-12
1795 3.552644e-09 7.116235e-12
1796 7.587165e-10 7.116235e-12
1797 1.749086e-08 7.116235e-12
1798 1.883502e-09 7.116235e-12
1799 1.518553e-09 7.116235e-12
1800 7.735025e-09 7.116235e-12
1801 8.179022e-10 7.116235e-12
1802 5.238121e-09 7.116235e-12
1803 7.735561e-10 7.116235e-12
1804 6.369481e-09 7.116235e-12
1805 7.038588e-10 7.116235e-12
1806 7.230185e-09 7.116235e-12
1807 7.979168e-10 7.116235e-12
1808 1.338137e-08 7.116235e-12
1809 1.407178e-09 7.116235e-12
1810 2.979456e-09 7.116235e-12
1811 8.505329e-10 7.116235e-12
1812 4.378027e-08 7.116235e-12
1813 4.456637e-09 7.116235e-12
1814 8.399281e-10 7.116235e-12
1815 1.555817e-08 7.116235e-12
1816 1.682334e-09 7.116235e-12
1817 7.717116e-09 7.116235e-12
1818 1.053652e-09 7.116235e-12
1819 8.740798e-09 7.116235e-12
1820 1.087069e-09 7.116235e-12
1821 8.841844e-09 7.116235e-12
1822 9.901333e-10 7.116235e-12
1823 8.311876e-09 7.116235e-12
1824 1.017456e-09 7.116235e-12
1825 1.015920e-09 7.116235e-12
1826 1.052221e-08 7.116235e-12
1827 1.152617e-09 7.116235e-12
1828 1.203207e-08 7.116235e-12
1829 1.356845e-09 7.116235e-12
1830 2.621294e-09 7.116235e-12
1831 8.429308e-10 7.116235e-12
1832 1.144866e-08 7.116235e-12
1833 1.339587e-09 7.116235e-12
1834 4.587565e-09 7.116235e-12
1835 1.453527e-09 7.116235e-12
1836 3.626871e-09 7.116235e-12
1837 6.310213e-10 7.116235e-12
1838 2.794625e-08 7.116235e-12
1839 2.862197e-09 7.116235e-12
1840 1.583324e-09 7.116235e-12
1841 3.892629e-09 7.116235e-12
1842 3.741878e-09 7.116235e-12
1843 2.736582e-09 7.116235e-12
1844 2.346788e-09 7.116235e-12
1845 5.046925e-09 7.116235e-12
1846 8.327746e-10 7.116235e-12
1847 9.286019e-09 7.116235e-12
1848 1.434930e-09 7.116235e-12
1849 6.444307e-09 7.116235e-12
1850 1.498644e-09 7.116235e-12
1851 4.289551e-09 7.116235e-12
1852 1.295941e-09 7.116235e-12
1853 8.685056e-09 7.116235e-12
1854 9.181174e-10 7.116235e-12
1855 1.256645e-08 7.116235e-12
1856 1.459353e-09 7.116235e-12
1857 8.538991e-09 7.116235e-12
1858 1.525830e-09 7.116235e-12
1859 2.464085e-09 7.116235e-12
1860 1.013392e-09 7.116235e-12
1861 1.253757e-08 7.116235e-12
1862 1.527918e-09 7.116235e-12
1863 9.477508e-09 7.116235e-12
1864 9.929253e-10 7.116235e-12
1865 1.441148e-08 7.116235e-12
1866 1.451840e-09 7.116235e-12
1867 3.144551e-09 7.116235e-12
1868 2.998377e-09 7.116235e-12
1869 1.895787e-09 7.116235e-12
1870 9.402640e-09 7.116235e-12
1871 9.834350e-10 7.116235e-12
1872 2.279658e-08 7.116235e-12
1873 2.297063e-09 7.116235e-12
1874 3.621043e-09 7.116235e-12
1875 2.503811e-09 7.116235e-12
1876 1.454036e-09 7.116235e-12
1877 9.034784e-09 7.116235e-12
1878 9.365881e-10 7.116235e-12
1879 1.527371e-08 7.116235e-12
1880 1.475479e-09 7.116235e-12
1881 1.138647e-08 7.116235e-12
1882 1.212350e-09 7.116235e-12
1883 1.855702e-08 7.116235e-12
1884 2.058552e-09 7.116235e-12
1885 7.764652e-09 7.116235e-12
1886 8.926007e-10 7.116235e-12
1887 5.908288e-09 7.116235e-12
1888 1.675038e-09 7.116235e-12
1889 8.429229e-10 7.116235e-12
1890 1.325439e-08 7.116235e-12
1891 1.371632e-09 7.116235e-12
1892 1.527202e-09 7.116235e-12
1893 4.515009e-09 7.116235e-12
1894 9.911480e-10 7.116235e-12
1895 2.676611e-08 7.116235e-12
1896 2.837472e-09 7.116235e-12
1897 4.235626e-09 7.116235e-12
1898 5.889108e-10 7.116235e-12
1899 5.344436e-09 7.116235e-12
1900 7.590903e-10 7.116235e-12
1901 1.325904e-08 7.116235e-12
1902 1.478342e-09 7.116235e-12
1903 6.485963e-09 7.116235e-12
1904 7.825915e-10 7.116235e-12
1905 3.894820e-09 7.116235e-12
1906 7.505890e-10 7.116235e-12
1907 6.717234e-09 7.116235e-12
1908 8.130153e-10 7.116235e-12
1909 2.467895e-08 7.116235e-12
1910 2.550885e-09 7.116235e-12
1911 1.234531e-09 7.116235e-12
1912 1.291752e-08 7.116235e-12
1913 1.326756e-09 7.116235e-12
1914 1.011656e-08 7.116235e-12
1915 1.380306e-09 7.116235e-12
1916 2.036440e-09 7.116235e-12
1917 1.533679e-09 7.116235e-12
1918 3.100162e-09 7.116235e-12
1919 2.566664e-09 7.116235e-12
1920 5.211037e-09 7.116235e-12
1921 9.450376e-10 7.116235e-12
1922 9.458442e-09 7.116235e-12
1923 9.880467e-10 7.116235e-12
1924 1.273652e-08 7.116235e-12
1925 1.318107e-09 7.116235e-12
1926 3.869926e-09 7.116235e-12
1927 1.770248e-09 7.116235e-12
1928 2.197386e-09 7.116235e-12
1929 6.170952e-09 7.116235e-12
1930 9.945751e-10 7.116235e-12
1931 4.169200e-09 7.116235e-12
1932 1.048884e-09 7.116235e-12
1933 5.217762e-09 7.116235e-12
1934 1.723736e-09 7.116235e-12
1935 4.485298e-10 7.116235e-12
1936 2.259247e-08 7.116235e-12
1937 2.418687e-09 7.116235e-12
1938 3.265117e-09 7.116235e-12
1939 7.696987e-10 7.116235e-12
1940 1.390533e-08 7.116235e-12
1941 1.352898e-09 7.116235e-12
1942 3.887701e-09 7.116235e-12
1943 7.539463e-10 7.116235e-12
1944 3.780050e-09 7.116235e-12
1945 5.330514e-10 7.116235e-12
1946 9.993649e-09 7.116235e-12
1947 1.077762e-09 7.116235e-12
1948 3.983117e-09 7.116235e-12
1949 8.518041e-10 7.116235e-12
1950 2.540701e-09 7.116235e-12
1951 6.357952e-10 7.116235e-12
1952 3.500551e-08 7.116235e-12
1953 3.761807e-09 7.116235e-12
1954 1.015136e-09 7.116235e-12
1955 1.860898e-09 7.116235e-12
1956 5.472543e-09 7.116235e-12
1957 9.212862e-10 7.116235e-12
1958 1.309579e-08 7.116235e-12
1959 1.427174e-09 7.116235e-12
1960 4.573392e-09 7.116235e-12
1961 1.108470e-09 7.116235e-12
1962 4.800385e-09 7.116235e-12
1963 7.025330e-10 7.116235e-12
1964 4.255493e-09 7.116235e-12
1965 7.179350e-10 7.116235e-12
1966 4.483605e-09 7.116235e-12
1967 7.238181e-10 7.116235e-12
1968 1.057771e-08 7.116235e-12
1969 1.059965e-09 7.116235e-12
1970 4.060887e-09 7.116235e-12
1971 6.095778e-10 7.116235e-12
1972 5.465760e-09 7.116235e-12
1973 2.064245e-09 7.116235e-12
1974 4.824773e-09 7.116235e-12
1975 1.126149e-09 7.116235e-12
1976 5.391936e-09 7.116235e-12
1977 1.028356e-09 7.116235e-12
1978 2.301784e-08 7.116235e-12
1979 2.258357e-09 7.116235e-12
1980 3.845221e-09 7.116235e-12
1981 1.416069e-09 7.116235e-12
1982 2.626046e-09 7.116235e-12
1983 1.685710e-09 7.116235e-12
1984 1.783039e-09 7.116235e-12
1985 3.151038e-09 7.116235e-12
1986 9.484435e-10 7.116235e-12
1987 2.211865e-08 7.116235e-12
1988 2.139916e-09 7.116235e-12
1989 3.101840e-09 7.116235e-12
1990 8.331154e-10 7.116235e-12
1991 1.533357e-08 7.116235e-12
1992 1.503147e-09 7.116235e-12
1993 7.306291e-09 7.116235e-12
1994 1.323740e-09 7.116235e-12
1995 8.192002e-09 7.116235e-12
1996 1.064068e-09 7.116235e-12
1997 1.414924e-08 7.116235e-12
1998 1.672850e-09 7.116235e-12
1999 4.651822e-09 7.116235e-12
2000 9.372575e-10 7.116235e-12
2001 7.075354e+00 7.116235e-12
2002 5.941679e+03 7.116235e-12
2003 3.002433e+03 7.116235e-12
2004 1.080029e+03 7.116235e-12
2005 3.879027e+02 7.116235e-12
2006 1.389647e+02 7.116235e-12
2007 4.957220e+01 7.116235e-12
2008 1.775436e+01 7.116235e-12
2009 1.200924e+01 7.116235e-12
2010 4.177498e+00 7.116235e-12
2011 1.432127e+00 7.116235e-12
2012 4.915665e-01 7.116235e-12
2013 1.705244e-01 7.116235e-12
2014 5.980350e-02 7.116235e-12
2015 2.163848e-02 7.116235e-12
2016 8.522957e-03 7.116235e-12
2017 9.700522e-02 7.116235e-12
2018 3.129404e-02 7.116235e-12
2019 1.049188e-02 7.116235e-12
2020 3.910537e-03 7.116235e-12
2021 1.979612e-03 7.116235e-12
2022 1.338691e-03 7.116235e-12
2023 1.079937e-03 7.116235e-12
2024 2.770348e-02 7.116235e-12
2025 8.668775e-03 7.116235e-12
2026 2.817930e-03 7.116235e-12
2027 1.042993e-03 7.116235e-12
2028 5.675310e-04 7.116235e-12
2029 4.091404e-03 7.116235e-12
2030 1.297749e-03 7.116235e-12
2031 4.446951e-04 7.116235e-12
2032 1.931826e-04 7.116235e-12
2033 1.653118e-04 7.116235e-12
2034 7.820076e-05 7.116235e-12
2035 8.400240e-05 7.116235e-12
2036 3.145819e-05 7.116235e-12
2037 2.606856e-05 7.116235e-12
2038 1.832797e-05 7.116235e-12
2039 2.107403e-05 7.116235e-12
2040 6.405292e-06 7.116235e-12
2041 1.033503e-05 7.116235e-12
2042 2.707613e-06 7.116235e-12
2043 1.611518e-05 7.116235e-12
2044 4.611749e-06 7.116235e-12
2045 1.000803e-06 7.116235e-12
2046 3.733410e-06 7.116235e-12
2047 6.814984e-07 7.116235e-12
2048 3.308076e-06 7.116235e-12
2049 5.367381e-07 7.116235e-12
2050 5.508177e-06 7.116235e-12
2051 1.523875e-06 7.116235e-12
2052 2.656496e-07 7.116235e-12
2053 1.143780e-06 7.116235e-12
2054 3.436642e-07 7.116235e-12
2055 9.447325e-08 7.116235e-12
2056 2.585846e-08 7.116235e-12
2057 3.419076e-06 7.116235e-12
2058 1.034429e-06 7.116235e-12
2059 3.129218e-07 7.116235e-12
2060 9.456120e-08 7.116235e-12
2061 2.821009e-08 7.116235e-12
2062 6.868613e-09 7.116235e-12
2063 1.880495e-08 7.116235e-12
2064 1.926180e-09 7.116235e-12
2065 6.374993e-08 7.116235e-12
2066 1.929349e-08 7.116235e-12
2067 5.843773e-09 7.116235e-12
2068 1.774294e-09 7.116235e-12
2069 5.412085e-10 7.116235e-12
2070 1.628209e-10 7.116235e-12
2071 1.191157e-10 7.116235e-12
2072 1.268897e-09 7.116235e-12
2073 3.859494e-10 7.116235e-12
2074 1.185260e-10 7.116235e-12
2075 3.705512e-11 7.116235e-12
2076 2.189093e-11 7.116235e-12
2077 4.856948e-10 7.116235e-12
2078 1.477717e-10 7.116235e-12
2079 4.549628e-11 7.116235e-12
2080 1.449329e-11 7.116235e-12
2081 5.146083e-12 5.146083e-12
2082 3.487186e-12 3.487186e-12
2083 4.349431e-11 3.487186e-12
2084 1.339900e-11 3.487186e-12
2085 4.253654e-12 3.487186e-12
2086 1.519473e-12 1.519473e-12
2087 4.232681e-12 1.519473e-12
2088 2.050228e-12 1.519473e-12
2089 2.311647e-12 1.519473e-12
2090 1.619501e-11 1.519473e-12
2091 9.841874e-12 1.519473e-12
2092 2.961861e-12 1.519473e-12
2093 8.360902e-13 8.360902e-13
2094 3.012434e-13 3.012434e-13
2095 6.804365e-10 3.012434e-13
2096 2.058490e-10 3.012434e-13
2097 6.227983e-11 3.012434e-13
2098 1.885388e-11 3.012434e-13
2099 5.716687e-12 3.012434e-13
2100 1.725359e-12 3.012434e-13
2101 5.244900e-13 3.012434e-13
2102 1.806062e-13 1.806062e-13
2103 6.976762e-14 6.976762e-14

x:  8.675167e-02 -2.798612e-01 -3.510448e-02 -2.196258e-01  4.069377e-01  4.400455e-01 -2.542455e-01 -6.178022e-02 -4.745698e-02  4.030620e-01  3.277999e-01 -3.612000e-01 -4.461363e-02 -4.093124e-01  4.151467e-01  2.575514e-02 -4.472095e-01  1.392233e-01  5.743935e-01  6.872211e-02  3.758553e-01 -1.018598e-01  4.051233e-01 -3.358742e-01  3.381879e-01  5.202535e-02  2.096711e-01 -4.709792e-02 -4.387188e-01 -3.488233e-01  2.531308e-01  5.352168e-01  1.854769e-01 -7.974909e-02 -3.529021e-01  4.549753e-01 -4.446885e-01 -1.937550e-01  2.845261e-01 -2.848275e-01  4.449827e-01  1.801760e-01 -1.695729e-01  4.452358e-01 -1.904906e-03  4.249904e-01  2.505413e-01 -5.077887e-02  2.423485e-01 -4.354591e-01 -3.422040e-01 -7.720139e-02  2.926242e-01  4.441772e-01 -1.652811e-01 -5.714035e-01  2.352707e-01  3.803258e-01  3.331605e-01  2.983355e-01  2.277521e-01 -3.848753e-01 -2.418515e-02 -4.465592e-01  2.382913e-01  3.784406e-01 -4.132195e-01  1.710252e-01  2.251676e-01  3.863930e-01 -2.167701e-01  3.911659e-01  3.911937e-01  2.167199e-01  1.273226e-01  4.287061e-01 -2.439307e-01 -3.748304e-01  4.450544e-01 -4.389306e-02  2.964503e-01 -3.348391e-01  1.901985e-01  4.047525e-01  4.138251e-01  1.695545e-01  4.374967e-01  9.271825e-02  2.333095e-01 -3.815320e-01 -3.999274e-02 -4.454218e-01  3.490184e-01 -2.796179e-01  4.007411e-01  1.985109e-01  3.035680e-08

grad: -2.258944e-16 -6.480268e-16  8.463662e-16 -1.274804e-15  2.611752e-16 -1.169222e-16 -9.227766e-17  3.989409e-16 -2.830740e-16  1.085241e-15  1.103007e-15 -1.754750e-15 -5.073409e-16 -3.369675e-15  2.885245e-15 -8.959056e-16 -3.042575e-16  5.029829e-16  5.843228e-16 -4.435798e-16 -1.013152e-16 -2.893917e-16  1.187817e-15 -1.536778e-15  3.948408e-16  9.153497e-16  5.797590e-17 -4.134376e-16 -1.078165e-16 -8.852340e-16 -2.268098e-16  1.393676e-15  2.127954e-16  1.206107e-16 -5.638065e-16  8.543629e-16 -6.504380e-16 -1.058667e-15  9.069481e-16 -1.068156e-15  2.444489e-15 -2.128081e-16 -2.437555e-15  5.058343e-15 -9.150708e-17  2.010239e-16  5.631615e-16 -3.264611e-16  2.240050e-16 -1.090477e-15 -2.991635e-16  7.058175e-16  1.295273e-17  3.938570e-16  8.408584e-16 -2.114886e-15 -4.937847e-17  3.386637e-16 -1.117751e-16 -5.076282e-16 -9.783744e-16  5.011553e-16 -4.484035e-17 -1.737873e-16 -4.777512e-16 -9.351765e-17  2.201411e-16 -4.956146e-16 -8.769502e-17  6.119818e-17 -2.036816e-17 -9.202678e-17 -4.211886e-17 -2.471607e-16  3.569465e-16  5.536960e-17  1.638270e-17  1.027964e-15 -2.467418e-16 -1.812471e-16 -2.888495e-16  3.592728e-16 -3.362320e-16 -3.478385e-16  3.861438e-16 -4.734819e-16 -6.690926e-16 -8.579382e-16  1.009560e-15 -5.570540e-16 -1.164721e-16  1.688290e-16 -7.363855e-17 -1.729925e-16  2.171458e-16 -4.999813e-16  6.908276e-14

finished in 2103 iterations (0.61 seconds total)
max viol = 2.08206e-07

---------------------
MUBs:
---------------------

{(1,0), (0,0), (0,0), (0,0), (0,0)}, {(0,0), (1,0), (0,0), (0,0), (0,0)}, {(0,0), (0,0), (1,0), (0,0), (0,0)}, {}, {}


{(0.447214,0), (0.447214,0), (0.447214,0), (0.447214,0), (0.447214,0)}, {(0.447214,0), (0.0867517,-0.438719), (-0.279861,-0.348823), (-0.0351045,0.253131), (-0.219626,0.535217)}, {}, {}, {}


{(0.447214,0), (0.406938,0.185477), (0.440046,-0.0797491), (-0.254246,-0.352902), (-0.0617802,0.454975)}, {(0.447214,0), (-0.047457,-0.444688), (0.403062,-0.193755), (0.3278,0.284526), (-0.3612,-0.284827)}, {}, {}, {}


{(0.447214,0), (-0.0446136,0.444983), (-0.409312,0.180176), (0.415147,-0.169573), (0.0257551,0.445236)}, {}, {}, {}, {}


{(0.447214,0), (-0.44721,-0.00190491), (0.139223,0.42499), (0.574393,0.250541), (0.0687221,-0.0507789)}, {}, {}, {}, {}


{(0.447214,0), (0.375855,0.242348), (-0.10186,-0.435459), (0.405123,-0.342204), (-0.335874,-0.0772014)}, {}, {}, {}, {}


{(0.447214,0), (0.338188,0.292624), (0.0520254,0.444177), (0.209671,-0.165281), (-0.0470979,-0.571404)}, {}, {}, {}, {}

---------------------
Abs of Gram matrix:
---------------------

 { { +1.0000, +0.0000, +0.0000, +0.0000, +0.0000, +0.4472, +0.4472, +0.0000, +0.0000, +0.0000, +0.4472, +0.4472, +0.0000, +0.0000, +0.0000, +0.4472, +0.0000, +0.0000, +0.0000, +0.0000, +0.4472, +0.0000, +0.0000, +0.0000, +0.0000, +0.4472, +0.0000, +0.0000, +0.0000, +0.0000, +0.4472, +0.0000, +0.0000, +0.0000, +0.0000}, 
   { +0.0000, +1.0000, +0.0000, +0.0000, +0.0000, +0.4472, +0.4472, +0.0000, +0.0000, +0.0000, +0.4472, +0.4472, +0.0000, +0.0000, +0.0000, +0.4472, +0.0000, +0.0000, +0.0000, +0.0000, +0.4472, +0.0000, +0.0000, +0.0000, +0.0000, +0.4472, +0.0000, +0.0000, +0.0000, +0.0000, +0.4472, +0.0000, +0.0000, +0.0000, +0.0000}, 
   { +0.0000, +0.0000, +1.0000, +0.0000, +0.0000, +0.4472, +0.4472, +0.0000, +0.0000, +0.0000, +0.4472, +0.4472, +0.0000, +0.0000, +0.0000, +0.4472, +0.0000, +0.0000, +0.0000, +0.0000, +0.4472, +0.0000, +0.0000, +0.0000, +0.0000, +0.4472, +0.0000, +0.0000, +0.0000, +0.0000, +0.4472, +0.0000, +0.0000, +0.0000, +0.0000}, 
   { +0.0000, +0.0000, +0.0000, +0.0000, +0.0000, +0.0000, +0.0000, +0.0000, +0.0000, +0.0000, +0.0000, +0.0000, +0.0000, +0.0000, +0.0000, +0.0000, +0.0000, +0.0000, +0.0000, +0.0000, +0.0000, +0.0000, +0.0000, +0.0000, +0.0000, +0.0000, +0.0000, +0.0000, +0.0000, +0.0000, +0.0000, +0.0000, +0.0000, +0.0000, +0.0000}, 
   { +0.0000, +0.0000, +0.0000, +0.0000, +0.0000, +0.0000, +0.0000, +0.0000, +0.0000, +0.0000, +0.0000, +0.0000, +0.0000, +0.0000, +0.0000, +0.0000, +0.0000, +0.0000, +0.0000, +0.0000, +0.0000, +0.0000, +0.0000, +0.0000, +0.0000, +0.0000, +0.0000, +0.0000, +0.0000, +0.0000, +0.0000, +0.0000, +0.0000, +0.0000, +0.0000}, 
   { +0.4472, +0.4472, +0.4472, +0.0000, +0.0000, +1.0000, +0.0005, +0.0000, +0.0000, +0.0000, +0.4472, +0.4472, +0.0000, +0.0000, +0.0000, +0.4472, +0.0000, +0.0000, +0.0000, +0.0000, +0.4472, +0.0000, +0.0000, +0.0000, +0.0000, +0.4472, +0.0000, +0.0000, +0.0000, +0.0000, +0.4472, +0.0000, +0.0000, +0.0000, +0.0000}, 
   { +0.4472, +0.4472, +0.4472, +0.0000, +0.0000, +0.0005, +1.0000, +0.0000, +0.0000, +0.0000, +0.4472, +0.4472, +0.0000, +0.0000, +0.0000, +0.4472, +0.0000, +0.0000, +0.0000, +0.0000, +0.4472, +0.0000, +0.0000, +0.0000, +0.0000, +0.4472, +0.0000, +0.0000, +0.0000, +0.0000, +0.4472, +0.0000, +0.0000, +0.0000, +0.0000}, 
   { +0.0000, +0.0000, +0.0000, +0.0000, +0.0000, +0.0000, +0.0000, +0.0000, +0.0000, +0.0000, +0.0000, +0.0000, +0.0000, +0.0000, +0.0000, +0.0000, +0.0000, +0.0000, +0.0000, +0.0000, +0.0000, +0.0000, +0.0000, +0.0000, +0.0000, +0.0000, +0.0000, +0.0000, +0.0000, +0.0000, +0.0000, +0.0000, +0.0000, +0.0000, +0.0000}, 
   { +0.0000, +0.0000, +0.0000, +0.0000, +0.0000, +0.0000, +0.0000, +0.0000, +0.0000, +0.0000, +0.0000, +0.0000, +0.0000, +0.0000, +0.0000, +0.0000, +0.0000, +0.0000, +0.0000, +0.0000, +0.0000, +0.0000, +0.0000, +0.0000, +0.0000, +0.0000, +0.0000, +0.0000, +0.0000, +0.0000, +0.0000, +0.0000, +0.0000, +0.0000, +0.0000}, 
   { +0.0000, +0.0000, +0.0000, +0.0000, +0.0000, +0.0000, +0.0000, +0.0000, +0.0000, +0.0000, +0.0000, +0.0000, +0.0000, +0.0000, +0.0000, +0.0000, +0.0000, +0.0000, +0.0000, +0.0000, +0.0000, +0.0000, +0.0000, +0.0000, +0.0000, +0.0000, +0.0000, +0.0000, +0.0000, +0.0000, +0.0000, +0.0000, +0.0000, +0.0000, +0.0000}, 
   { +0.4472, +0.4472, +0.4472, +0.0000, +0.0000, +0.4472, +0.4472, +0.0000, +0.0000, +0.0000, +1.0000, +0.0000, +0.0000, +0.0000, +0.0000, +0.4472, +0.0000, +0.0000, +0.0000, +0.0000, +0.4472, +0.0000, +0.0000, +0.0000, +0.0000, +0.4472, +0.0000, +0.0000, +0.0000, +0.0000, +0.4472, +0.0000, +0.0000, +0.0000, +0.0000}, 
   { +0.4472, +0.4472, +0.4472, +0.0000, +0.0000, +0.4472, +0.4472, +0.0000, +0.0000, +0.0000, +0.0000, +1.0000, +0.0000, +0.0000, +0.0000, +0.4472, +0.0000, +0.0000, +0.0000, +0.0000, +0.4472, +0.0000, +0.0000, +0.0000, +0.0000, +0.4472, +0.0000, +0.0000, +0.0000, +0.0000, +0.4472, +0.0000, +0.0000, +0.0000, +0.0000}, 
   { +0.0000, +0.0000, +0.0000, +0.0000, +0.0000, +0.0000, +0.0000, +0.0000, +0.0000, +0.0000, +0.0000, +0.0000, +0.0000, +0.0000, +0.0000, +0.0000, +0.0000, +0.0000, +0.0000, +0.0000, +0.0000, +0.0000, +0.0000, +0.0000, +0.0000, +0.0000, +0.0000, +0.0000, +0.0000, +0.0000, +0.0000, +0.0000, +0.0000, +0.0000, +0.0000}, 
   { +0.0000, +0.0000, +0.0000, +0.0000, +0.0000, +0.0000, +0.0000, +0.0000, +0.0000, +0.0000, +0.0000, +0.0000, +0.0000, +0.0000, +0.0000, +0.0000, +0.0000, +0.0000, +0.0000, +0.0000, +0.0000, +0.0000, +0.0000, +0.0000, +0.0000, +0.0000, +0.0000, +0.0000, +0.0000, +0.0000, +0.0000, +0.0000, +0.0000, +0.0000, +0.0000}, 
   { +0.0000, +0.0000, +0.0000, +0.0000, +0.0000, +0.0000, +0.0000, +0.0000, +0.0000, +0.0000, +0.0000, +0.0000, +0.0000, +0.0000, +0.0000, +0.0000, +0.0000, +0.0000, +0.0000, +0.0000, +0.0000, +0.0000, +0.0000, +0.0000, +0.0000, +0.0000, +0.0000, +0.0000, +0.0000, +0.0000, +0.0000, +0.0000, +0.0000, +0.0000, +0.0000}, 
   { +0.4472, +0.4472, +0.4472, +0.0000, +0.0000, +0.4472, +0.4472, +0.0000, +0.0000, +0.0000, +0.4472, +0.4472, +0.0000, +0.0000, +0.0000, +1.0000, +0.0000, +0.0000, +0.0000, +0.0000, +0.4472, +0.0000, +0.0000, +0.0000, +0.0000, +0.4472, +0.0000, +0.0000, +0.0000, +0.0000, +0.4472, +0.0000, +0.0000, +0.0000, +0.0000}, 
   { +0.0000, +0.0000, +0.0000, +0.0000, +0.0000, +0.0000, +0.0000, +0.0000, +0.0000, +0.0000, +0.0000, +0.0000, +0.0000, +0.0000, +0.0000, +0.0000, +0.0000, +0.0000, +0.0000, +0.0000, +0.0000, +0.0000, +0.0000, +0.0000, +0.0000, +0.0000, +0.0000, +0.0000, +0.0000, +0.0000, +0.0000, +0.0000, +0.0000, +0.0000, +0.0000}, 
   { +0.0000, +0.0000, +0.0000, +0.0000, +0.0000, +0.0000, +0.0000, +0.0000, +0.0000, +0.0000, +0.0000, +0.0000, +0.0000, +0.0000, +0.0000, +0.0000, +0.0000, +0.0000, +0.0000, +0.0000, +0.0000, +0.0000, +0.0000, +0.0000, +0.0000, +0.0000, +0.0000, +0.0000, +0.0000, +0.0000, +0.0000, +0.0000, +0.0000, +0.0000, +0.0000}, 
   { +0.0000, +0.0000, +0.0000, +0.0000, +0.0000, +0.0000, +0.0000, +0.0000, +0.0000, +0.0000, +0.0000, +0.0000, +0.0000, +0.0000, +0.0000, +0.0000, +0.0000, +0.0000, +0.0000, +0.0000, +0.0000, +0.0000, +0.0000, +0.0000, +0.0000, +0.0000, +0.0000, +0.0000, +0.0000, +0.0000, +0.0000, +0.0000, +0.0000, +0.0000, +0.0000}, 
   { +0.0000, +0.0000, +0.0000, +0.0000, +0.0000, +0.0000, +0.0000, +0.0000, +0.0000, +0.0000, +0.0000, +0.0000, +0.0000, +0.0000, +0.0000, +0.0000, +0.0000, +0.0000, +0.0000, +0.0000, +0.0000, +0.0000, +0.0000, +0.0000, +0.0000, +0.0000, +0.0000, +0.0000, +0.0000, +0.0000, +0.0000, +0.0000, +0.0000, +0.0000, +0.0000}, 
   { +0.4472, +0.4472, +0.4472, +0.0000, +0.0000, +0.4472, +0.4472, +0.0000, +0.0000, +0.0000, +0.4472, +0.4472, +0.0000, +0.0000, +0.0000, +0.4472, +0.0000, +0.0000, +0.0000, +0.0000, +1.0000, +0.0000, +0.0000, +0.0000, +0.0000, +0.4472, +0.0000, +0.0000, +0.0000, +0.0000, +0.4472, +0.0000, +0.0000, +0.0000, +0.0000}, 
   { +0.0000, +0.0000, +0.0000, +0.0000, +0.0000, +0.0000, +0.0000, +0.0000, +0.0000, +0.0000, +0.0000, +0.0000, +0.0000, +0.0000, +0.0000, +0.0000, +0.0000, +0.0000, +0.0000, +0.0000, +0.0000, +0.0000, +0.0000, +0.0000, +0.0000, +0.0000, +0.0000, +0.0000, +0.0000, +0.0000, +0.0000, +0.0000, +0.0000, +0.0000, +0.0000}, 
   { +0.0000, +0.0000, +0.0000, +0.0000, +0.0000, +0.0000, +0.0000, +0.0000, +0.0000, +0.0000, +0.0000, +0.0000, +0.0000, +0.0000, +0.0000, +0.0000, +0.0000, +0.0000, +0.0000, +0.0000, +0.0000, +0.0000, +0.0000, +0.0000, +0.0000, +0.0000, +0.0000, +0.0000, +0.0000, +0.0000, +0.0000, +0.0000, +0.0000, +0.0000, +0.0000}, 
   { +0.0000, +0.0000, +0.0000, +0.0000, +0.0000, +0.0000, +0.0000, +0.0000, +0.0000, +0.0000, +0.0000, +0.0000, +0.0000, +0.0000, +0.0000, +0.0000, +0.0000, +0.0000, +0.0000, +0.0000, +0.0000, +0.0000, +0.0000, +0.0000, +0.0000, +0.0000, +0.0000, +0.0000, +0.0000, +0.0000, +0.0000, +0.0000, +0.0000, +0.0000, +0.0000}, 
   { +0.0000, +0.0000, +0.0000, +0.0000, +0.0000, +0.0000, +0.0000, +0.0000, +0.0000, +0.0000, +0.0000, +0.0000, +0.0000, +0.0000, +0.0000, +0.0000, +0.0000, +0.0000, +0.0000, +0.0000, +0.0000, +0.0000, +0.0000, +0.0000, +0.0000, +0.0000, +0.0000, +0.0000, +0.0000, +0.0000, +0.0000, +0.0000, +0.0000, +0.0000, +0.0000}, 
   { +0.4472, +0.4472, +0.4472, +0.0000, +0.0000, +0.4472, +0.4472, +0.0000, +0.0000, +0.0000, +0.4472, +0.4472, +0.0000, +0.0000, +0.0000, +0.4472, +0.0000, +0.0000, +0.0000, +0.0000, +0.4472, +0.0000, +0.0000, +0.0000, +0.0000, +1.0000, +0.0000, +0.0000, +0.0000, +0.0000, +0.4472, +0.0000, +0.0000, +0.0000, +0.0000}, 
   { +0.0000, +0.0000, +0.0000, +0.0000, +0.0000, +0.0000, +0.0000, +0.0000, +0.0000, +0.0000, +0.0000, +0.0000, +0.0000, +0.0000, +0.0000, +0.0000, +0.0000, +0.0000, +0.0000, +0.0000, +0.0000, +0.0000, +0.0000, +0.0000, +0.0000, +0.0000, +0.0000, +0.0000, +0.0000, +0.0000, +0.0000, +0.0000, +0.0000, +0.0000, +0.0000}, 
   { +0.0000, +0.0000, +0.0000, +0.0000, +0.0000, +0.0000, +0.0000, +0.0000, +0.0000, +0.0000, +0.0000, +0.0000, +0.0000, +0.0000, +0.0000, +0.0000, +0.0000, +0.0000, +0.0000, +0.0000, +0.0000, +0.0000, +0.0000, +0.0000, +0.0000, +0.0000, +0.0000, +0.0000, +0.0000, +0.0000, +0.0000, +0.0000, +0.0000, +0.0000, +0.0000}, 
   { +0.0000, +0.0000, +0.0000, +0.0000, +0.0000, +0.0000, +0.0000, +0.0000, +0.0000, +0.0000, +0.0000, +0.0000, +0.0000, +0.0000, +0.0000, +0.0000, +0.0000, +0.0000, +0.0000, +0.0000, +0.0000, +0.0000, +0.0000, +0.0000, +0.0000, +0.0000, +0.0000, +0.0000, +0.0000, +0.0000, +0.0000, +0.0000, +0.0000, +0.0000, +0.0000}, 
   { +0.0000, +0.0000, +0.0000, +0.0000, +0.0000, +0.0000, +0.0000, +0.0000, +0.0000, +0.0000, +0.0000, +0.0000, +0.0000, +0.0000, +0.0000, +0.0000, +0.0000, +0.0000, +0.0000, +0.0000, +0.0000, +0.0000, +0.0000, +0.0000, +0.0000, +0.0000, +0.0000, +0.0000, +0.0000, +0.0000, +0.0000, +0.0000, +0.0000, +0.0000, +0.0000}, 
   { +0.4472, +0.4472, +0.4472, +0.0000, +0.0000, +0.4472, +0.4472, +0.0000, +0.0000, +0.0000, +0.4472, +0.4472, +0.0000, +0.0000, +0.0000, +0.4472, +0.0000, +0.0000, +0.0000, +0.0000, +0.4472, +0.0000, +0.0000, +0.0000, +0.0000, +0.4472, +0.0000, +0.0000, +0.0000, +0.0000, +1.0000, +0.0000, +0.0000, +0.0000, +0.0000}, 
   { +0.0000, +0.0000, +0.0000, +0.0000, +0.0000, +0.0000, +0.0000, +0.0000, +0.0000, +0.0000, +0.0000, +0.0000, +0.0000, +0.0000, +0.0000, +0.0000, +0.0000, +0.0000, +0.0000, +0.0000, +0.0000, +0.0000, +0.0000, +0.0000, +0.0000, +0.0000, +0.0000, +0.0000, +0.0000, +0.0000, +0.0000, +0.0000, +0.0000, +0.0000, +0.0000}, 
   { +0.0000, +0.0000, +0.0000, +0.0000, +0.0000, +0.0000, +0.0000, +0.0000, +0.0000, +0.0000, +0.0000, +0.0000, +0.0000, +0.0000, +0.0000, +0.0000, +0.0000, +0.0000, +0.0000, +0.0000, +0.0000, +0.0000, +0.0000, +0.0000, +0.0000, +0.0000, +0.0000, +0.0000, +0.0000, +0.0000, +0.0000, +0.0000, +0.0000, +0.0000, +0.0000}, 
   { +0.0000, +0.0000, +0.0000, +0.0000, +0.0000, +0.0000, +0.0000, +0.0000, +0.0000, +0.0000, +0.0000, +0.0000, +0.0000, +0.0000, +0.0000, +0.0000, +0.0000, +0.0000, +0.0000, +0.0000, +0.0000, +0.0000, +0.0000, +0.0000, +0.0000, +0.0000, +0.0000, +0.0000, +0.0000, +0.0000, +0.0000, +0.0000, +0.0000, +0.0000, +0.0000}, 
   { +0.0000, +0.0000, +0.0000, +0.0000, +0.0000, +0.0000, +0.0000, +0.0000, +0.0000, +0.0000, +0.0000, +0.0000, +0.0000, +0.0000, +0.0000, +0.0000, +0.0000, +0.0000, +0.0000, +0.0000, +0.0000, +0.0000, +0.0000, +0.0000, +0.0000, +0.0000, +0.0000, +0.0000, +0.0000, +0.0000, +0.0000, +0.0000, +0.0000, +0.0000, +0.0000} } 
