---------------------
Basis Indices:
---------------------

{1, 0, 0, 0, 0}, {1, 0, 0, 0, 0}, {1, 0, 0, 0, 0}, {1, 0, 0, 0, 0}, {}


{0.447, 0.447, 0.447, 0.447, 0.447}, {0.447, x_31+i*x_206, x_32+i*x_207, x_33+i*x_208, x_34+i*x_209}, {}, {}, {}


{0.447, x_51+i*x_226, x_52+i*x_227, x_53+i*x_228, x_54+i*x_229}, {}, {}, {}, {}


{0.447, x_76+i*x_251, x_77+i*x_252, x_78+i*x_253, x_79+i*x_254}, {}, {}, {}, {}


{0.447, x_101+i*x_276, x_102+i*x_277, x_103+i*x_278, x_104+i*x_279}, {}, {}, {}, {}


{0.447, x_126+i*x_301, x_127+i*x_302, x_128+i*x_303, x_129+i*x_304}, {}, {}, {}, {}


{0.447, x_151+i*x_326, x_152+i*x_327, x_153+i*x_328, x_154+i*x_329}, {}, {}, {}, {}

---------------------
Problem: 
---------------------
Find a point satisfying:

-0.2*{} + 1*{ 351 351} + 1*{ 350 350} = 0 

1*{ 208 228} + 1*{  33  53} + 1*{ 207 227} + 1*{  32  52} + 1*{ 209 229} + 1*{  34  54} + 1*{  31  51} + 1*{ 206 226} + 0.2*{} + -1*{ 350} = 0 

-1*{  53 208} + 1*{  31 226} + -1*{  52 207} + 1*{  33 228} + 1*{  32 227} + -1*{  51 206} + 1*{  34 229} + -1*{  54 209} + -1*{ 351} = 0 

-0.2*{} + 1*{ 353 353} + 1*{ 352 352} = 0 

1*{ 207 252} + 1*{ 208 253} + 1*{  32  77} + -1*{ 352} + 1*{  33  78} + 1*{ 206 251} + 0.2*{} + 1*{  31  76} + 1*{  34  79} + 1*{ 209 254} = 0 

1*{  33 253} + -1*{  77 207} + 1*{  32 252} + -1*{  78 208} + 1*{  34 254} + -1*{  76 206} + -1*{  79 209} + 1*{  31 251} + -1*{ 353} = 0 

-0.2*{} + 1*{ 355 355} + 1*{ 354 354} = 0 

1*{ 208 278} + 1*{  33 103} + 0.2*{} + 1*{  32 102} + 1*{ 207 277} + 1*{ 206 276} + 1*{  31 101} + 1*{ 209 279} + 1*{  34 104} + -1*{ 354} = 0 

1*{  32 277} + -1*{ 101 206} + -1*{ 102 207} + -1*{ 103 208} + 1*{  34 279} + 1*{  31 276} + -1*{ 104 209} + 1*{  33 278} + -1*{ 355} = 0 

-0.2*{} + 1*{ 357 357} + 1*{ 356 356} = 0 

1*{ 208 303} + 1*{  33 128} + -1*{ 356} + 1*{  32 127} + 1*{ 206 301} + 1*{ 207 302} + 1*{ 209 304} + 1*{  31 126} + 0.2*{} + 1*{  34 129} = 0 

-1*{ 127 207} + 1*{  33 303} + 1*{  32 302} + -1*{ 126 206} + 1*{  31 301} + -1*{ 129 209} + -1*{ 357} + -1*{ 128 208} + 1*{  34 304} = 0 

-0.2*{} + 1*{ 359 359} + 1*{ 358 358} = 0 

1*{ 208 328} + 1*{  33 153} + 1*{ 206 326} + 0.2*{} + 1*{  32 152} + 1*{ 209 329} + 1*{ 207 327} + -1*{ 358} + 1*{  31 151} + 1*{  34 154} = 0 

-1*{ 152 207} + -1*{ 151 206} + -1*{ 359} + 1*{  32 327} + -1*{ 153 208} + 1*{  31 326} + 1*{  34 329} + 1*{  33 328} + -1*{ 154 209} = 0 

-0.2*{} + 1*{ 206 206} + 1*{  31  31} = 0 

-0.2*{} + 1*{ 207 207} + 1*{  32  32} = 0 

-0.2*{} + 1*{ 208 208} + 1*{  33  33} = 0 

-0.8*{} + 1*{  33  33} + 1*{ 208 208} + 1*{  31  31} + 1*{ 206 206} + 1*{  32  32} + 1*{ 207 207} + 1*{  34  34} + 1*{ 209 209} = 0 

0.4*{  32  33} + 0.2*{ 206 206} + 0.4*{ 206 209} + 0.2*{  31  31} + 0.4*{  31  32} + 0.2*{  32  32} + 0.178885*{  34} + 0.4*{  31  34} + 0.178885*{  33} + 0.178885*{  32} + 0.2*{  33  33} + 0.4*{  33  34} + 0.04*{} + 0.4*{ 207 208} + 0.4*{ 207 209} + 0.2*{ 208 208} + 0.4*{  31  33} + 0.2*{ 207 207} + 0.4*{ 208 209} + 0.4*{ 206 207} + 0.2*{ 209 209} + 0.2*{  34  34} + 0.178885*{  31} + 0.4*{ 206 208} + 0.4*{  32  34} = 0 

-0.2*{} + 1*{ 361 361} + 1*{ 360 360} = 0 

1*{ 228 253} + 1*{  53  78} + 1*{ 226 251} + 1*{  52  77} + 1*{  54  79} + 1*{ 229 254} + 0.2*{} + 1*{ 227 252} + 1*{  51  76} + -1*{ 360} = 0 

1*{  53 253} + -1*{  79 229} + -1*{  78 228} + -1*{ 361} + -1*{  77 227} + 1*{  52 252} + 1*{  54 254} + -1*{  76 226} + 1*{  51 251} = 0 

-0.2*{} + 1*{ 363 363} + 1*{ 362 362} = 0 

1*{ 227 277} + 1*{  52 102} + 1*{ 229 279} + 1*{ 228 278} + 1*{ 226 276} + 1*{  53 103} + 1*{  51 101} + 1*{  54 104} + -1*{ 362} + 0.2*{} = 0 

-1*{ 103 228} + 1*{  53 278} + -1*{ 102 227} + -1*{ 101 226} + 1*{  51 276} + -1*{ 363} + 1*{  52 277} + 1*{  54 279} + -1*{ 104 229} = 0 

-0.2*{} + 1*{ 365 365} + 1*{ 364 364} = 0 

1*{ 228 303} + 1*{  53 128} + -1*{ 364} + 1*{  54 129} + 1*{ 227 302} + 1*{  52 127} + 1*{ 226 301} + 1*{  51 126} + 0.2*{} + 1*{ 229 304} = 0 

-1*{ 128 228} + -1*{ 127 227} + 1*{  52 302} + 1*{  51 301} + 1*{  54 304} + 1*{  53 303} + -1*{ 126 226} + -1*{ 129 229} + -1*{ 365} = 0 

-0.2*{} + 1*{ 367 367} + 1*{ 366 366} = 0 

1*{  52 152} + 0.2*{} + 1*{ 226 326} + 1*{  53 153} + 1*{ 228 328} + 1*{  51 151} + 1*{ 229 329} + 1*{ 227 327} + 1*{  54 154} + -1*{ 366} = 0 

1*{  51 326} + 1*{  53 328} + -1*{ 152 227} + 1*{  52 327} + -1*{ 153 228} + -1*{ 151 226} + 1*{  54 329} + -1*{ 154 229} + -1*{ 367} = 0 

-0.2*{} + 1*{ 226 226} + 1*{  51  51} = 0 

-0.2*{} + 1*{ 227 227} + 1*{  52  52} = 0 

1*{ 228 228} + -0.2*{} + 1*{  53  53} = 0 

-0.8*{} + 1*{  53  53} + 1*{  51  51} + 1*{ 226 226} + 1*{  52  52} + 1*{  54  54} + 1*{ 227 227} + 1*{ 229 229} + 1*{ 228 228} = 0 

0.4*{ 226 227} + 0.4*{ 227 228} + 0.4*{  51  53} + 0.4*{  51  52} + 0.2*{ 228 228} + 0.178885*{  53} + 0.2*{ 226 226} + -0.16*{} + 0.2*{  54  54} + 0.4*{ 228 229} + 0.178885*{  54} + 0.2*{  53  53} + 0.4*{ 226 228} + 0.4*{  52  53} + 0.4*{  53  54} + 0.2*{  52  52} + 0.4*{ 227 229} + 0.178885*{  51} + 0.2*{  51  51} + 0.4*{  51  54} + 0.2*{ 229 229} + 0.178885*{  52} + 0.2*{ 227 227} + 0.4*{  52  54} + 0.4*{ 226 229} = 0 

-0.2*{} + 1*{ 369 369} + 1*{ 368 368} = 0 

1*{ 253 278} + 1*{  77 102} + 1*{ 251 276} + 1*{  78 103} + 1*{  79 104} + 1*{  76 101} + -1*{ 368} + 1*{ 252 277} + 1*{ 254 279} + 0.2*{} = 0 

-1*{ 103 253} + 1*{  76 276} + -1*{ 102 252} + 1*{  79 279} + 1*{  78 278} + 1*{  77 277} + -1*{ 104 254} + -1*{ 369} + -1*{ 101 251} = 0 

-0.2*{} + 1*{ 371 371} + 1*{ 370 370} = 0 

1*{  78 128} + 1*{  77 127} + 1*{ 253 303} + 1*{ 251 301} + 1*{  79 129} + 0.2*{} + 1*{ 254 304} + 1*{ 252 302} + 1*{  76 126} + -1*{ 370} = 0 

1*{  78 303} + -1*{ 128 253} + -1*{ 127 252} + -1*{ 126 251} + 1*{  77 302} + 1*{  76 301} + 1*{  79 304} + -1*{ 129 254} + -1*{ 371} = 0 

-0.2*{} + 1*{ 373 373} + 1*{ 372 372} = 0 

1*{ 252 327} + 1*{ 251 326} + 1*{  76 151} + 1*{  77 152} + 0.2*{} + 1*{  78 153} + 1*{  79 154} + 1*{ 253 328} + 1*{ 254 329} + -1*{ 372} = 0 

-1*{ 151 251} + -1*{ 153 253} + 1*{  78 328} + 1*{  77 327} + -1*{ 154 254} + 1*{  76 326} + -1*{ 152 252} + 1*{  79 329} + -1*{ 373} = 0 

-0.2*{} + 1*{ 251 251} + 1*{  76  76} = 0 

-0.2*{} + 1*{ 252 252} + 1*{  77  77} = 0 

-0.2*{} + 1*{ 253 253} + 1*{  78  78} = 0 

-0.8*{} + 1*{  76  76} + 1*{  78  78} + 1*{ 251 251} + 1*{  79  79} + 1*{  77  77} + 1*{ 252 252} + 1*{ 253 253} + 1*{ 254 254} = 0 

0.4*{  77  79} + 0.2*{  76  76} + 0.4*{  76  77} + 0.4*{  76  79} + 0.178885*{  77} + 0.2*{ 252 252} + 0.178885*{  76} + 0.2*{ 251 251} + 0.178885*{  79} + 0.2*{ 254 254} + 0.4*{ 252 253} + 0.2*{  78  78} + -0.16*{} + 0.4*{  77  78} + 0.4*{ 252 254} + 0.4*{  78  79} + 0.2*{  79  79} + 0.2*{ 253 253} + 0.2*{  77  77} + 0.178885*{  78} + 0.4*{  76  78} + 0.4*{ 251 252} + 0.4*{ 251 253} + 0.4*{ 251 254} + 0.4*{ 253 254} = 0 

-0.2*{} + 1*{ 375 375} + 1*{ 374 374} = 0 

1*{ 103 128} + 1*{ 277 302} + -1*{ 374} + 1*{ 278 303} + 1*{ 102 127} + 1*{ 276 301} + 1*{ 101 126} + 0.2*{} + 1*{ 104 129} + 1*{ 279 304} = 0 

-1*{ 128 278} + -1*{ 127 277} + 1*{ 102 302} + -1*{ 129 279} + 1*{ 104 304} + 1*{ 101 301} + 1*{ 103 303} + -1*{ 126 276} + -1*{ 375} = 0 

1*{ 377 377} + -0.2*{} + 1*{ 376 376} = 0 

1*{ 278 328} + -1*{ 376} + 1*{ 277 327} + 1*{ 104 154} + 1*{ 276 326} + 1*{ 101 151} + 1*{ 103 153} + 0.2*{} + 1*{ 102 152} + 1*{ 279 329} = 0 

-1*{ 153 278} + -1*{ 152 277} + 1*{ 103 328} + 1*{ 102 327} + 1*{ 101 326} + -1*{ 151 276} + -1*{ 154 279} + 1*{ 104 329} + -1*{ 377} = 0 

-0.2*{} + 1*{ 276 276} + 1*{ 101 101} = 0 

-0.2*{} + 1*{ 277 277} + 1*{ 102 102} = 0 

-0.2*{} + 1*{ 278 278} + 1*{ 103 103} = 0 

-0.8*{} + 1*{ 101 101} + 1*{ 276 276} + 1*{ 102 102} + 1*{ 277 277} + 1*{ 279 279} + 1*{ 103 103} + 1*{ 104 104} + 1*{ 278 278} = 0 

0.4*{ 276 278} + 0.4*{ 103 104} + 0.4*{ 102 103} + 0.2*{ 102 102} + 0.178885*{ 101} + 0.2*{ 101 101} + 0.2*{ 103 103} + 0.2*{ 279 279} + 0.4*{ 276 279} + 0.2*{ 277 277} + 0.4*{ 277 278} + 0.2*{ 104 104} + 0.178885*{ 103} + 0.178885*{ 104} + 0.4*{ 276 277} + 0.4*{ 101 102} + 0.4*{ 277 279} + 0.2*{ 278 278} + 0.4*{ 278 279} + 0.4*{ 101 104} + 0.178885*{ 102} + 0.4*{ 102 104} + 0.2*{ 276 276} + -0.16*{} + 0.4*{ 101 103} = 0 

-0.2*{} + 1*{ 379 379} + 1*{ 378 378} = 0 

1*{ 303 328} + 1*{ 128 153} + 1*{ 302 327} + 1*{ 127 152} + 1*{ 301 326} + -1*{ 378} + 1*{ 126 151} + 1*{ 129 154} + 0.2*{} + 1*{ 304 329} = 0 

-1*{ 153 303} + -1*{ 152 302} + 1*{ 126 326} + 1*{ 127 327} + -1*{ 151 301} + -1*{ 154 304} + 1*{ 128 328} + 1*{ 129 329} + -1*{ 379} = 0 

-0.2*{} + 1*{ 301 301} + 1*{ 126 126} = 0 

-0.2*{} + 1*{ 302 302} + 1*{ 127 127} = 0 

-0.2*{} + 1*{ 303 303} + 1*{ 128 128} = 0 

-0.8*{} + 1*{ 303 303} + 1*{ 126 126} + 1*{ 301 301} + 1*{ 302 302} + 1*{ 127 127} + 1*{ 128 128} + 1*{ 129 129} + 1*{ 304 304} = 0 

0.2*{ 126 126} + 0.2*{ 129 129} + 0.4*{ 126 129} + 0.4*{ 127 129} + 0.4*{ 301 304} + 0.178885*{ 128} + 0.4*{ 127 128} + 0.4*{ 302 304} + 0.2*{ 127 127} + 0.178885*{ 127} + 0.2*{ 303 303} + 0.4*{ 128 129} + 0.178885*{ 129} + 0.2*{ 304 304} + 0.2*{ 301 301} + 0.2*{ 302 302} + 0.178885*{ 126} + 0.2*{ 128 128} + -0.16*{} + 0.4*{ 126 128} + 0.4*{ 301 303} + 0.4*{ 303 304} + 0.4*{ 302 303} + 0.4*{ 126 127} + 0.4*{ 301 302} = 0 

-0.2*{} + 1*{ 326 326} + 1*{ 151 151} = 0 

-0.2*{} + 1*{ 327 327} + 1*{ 152 152} = 0 

-0.2*{} + 1*{ 328 328} + 1*{ 153 153} = 0 

-0.8*{} + 1*{ 151 151} + 1*{ 326 326} + 1*{ 152 152} + 1*{ 327 327} + 1*{ 153 153} + 1*{ 328 328} + 1*{ 329 329} + 1*{ 154 154} = 0 

0.4*{ 326 327} + 0.4*{ 151 152} + 0.2*{ 329 329} + 0.4*{ 151 153} + 0.4*{ 326 329} + 0.178885*{ 151} + 0.4*{ 152 153} + -0.16*{} + 0.4*{ 153 154} + 0.2*{ 151 151} + 0.2*{ 154 154} + 0.4*{ 326 328} + 0.178885*{ 154} + 0.2*{ 328 328} + 0.4*{ 151 154} + 0.4*{ 327 329} + 0.2*{ 326 326} + 0.4*{ 328 329} + 0.2*{ 152 152} + 0.2*{ 327 327} + 0.4*{ 152 154} + 0.4*{ 327 328} + 0.178885*{ 153} + 0.2*{ 153 153} + 0.178885*{ 152} = 0 

---------------------
Summary:
---------------------
set sizes: {4, 2, 1, 1, 1, 1, 1}, vars: 78, vectors: 11, equations: 75, indep eqn: 75

---------------------
Optimization:
---------------------
1 5.164e+00 5.164e+00
2 6.106e+01 5.164e+00
3 4.532e+03 5.164e+00
4 1.634e+03 5.164e+00
5 5.886e+02 5.164e+00
6 2.118e+02 5.164e+00
7 7.607e+01 5.164e+00
8 2.727e+01 5.164e+00
9 9.704e+00 5.164e+00
10 3.431e+00 3.431e+00
11 1.211e+00 1.211e+00
12 4.381e-01 4.381e-01
13 3.674e+00 4.381e-01
14 1.271e+00 4.381e-01
15 4.282e-01 4.282e-01
16 1.456e-01 1.456e-01
17 5.157e-02 5.157e-02
18 2.000e-02 2.000e-02
19 9.117e-03 9.117e-03
20 4.996e-03 4.996e-03
21 4.458e-03 4.458e-03
22 1.832e-02 4.458e-03
23 6.010e-03 4.458e-03
24 2.169e-03 2.169e-03
25 1.073e-03 1.073e-03
26 1.312e-02 1.073e-03
27 4.137e-03 1.073e-03
28 1.347e-03 1.073e-03
29 4.923e-04 4.923e-04
30 2.620e-04 2.620e-04
31 1.294e-03 2.620e-04
32 4.198e-04 2.620e-04
33 1.580e-04 1.580e-04
34 1.022e-04 1.022e-04
35 1.278e+02 1.022e-04
36 4.519e+01 1.022e-04
37 1.585e+01 1.022e-04
38 5.505e+00 1.022e-04
39 1.894e+00 1.022e-04
40 6.461e-01 1.022e-04
41 2.196e-01 1.022e-04
42 7.451e-02 1.022e-04
43 2.512e-02 1.022e-04
44 8.483e-03 1.022e-04
45 2.908e-03 1.022e-04
46 1.018e-03 1.022e-04
47 3.707e-04 1.022e-04
48 1.517e-04 1.022e-04
49 8.981e-05 8.981e-05
50 6.204e-05 6.204e-05
51 1.751e-02 6.204e-05
52 5.395e-03 6.204e-05
53 1.660e-03 6.204e-05
54 5.120e-04 6.204e-05
55 1.602e-04 6.204e-05
56 5.268e-05 5.268e-05
57 2.050e-05 2.050e-05
58 1.532e-05 1.532e-05
59 2.080e-04 1.532e-05
60 6.765e-05 1.532e-05
61 2.574e-05 1.532e-05
62 1.560e-05 1.532e-05
63 3.516e-04 1.532e-05
64 1.097e-04 1.532e-05
65 3.610e-05 1.532e-05
66 1.396e-05 1.396e-05
67 9.055e-06 9.055e-06
68 3.384e-04 9.055e-06
69 1.043e-04 9.055e-06
70 3.317e-05 9.055e-06
71 1.172e-05 9.055e-06
72 5.931e-06 5.931e-06
73 7.235e-05 5.931e-06
74 2.253e-05 5.931e-06
75 7.475e-06 5.931e-06
76 3.137e-06 3.137e-06
77 2.569e-06 2.569e-06
78 1.875e+02 2.569e-06
79 6.640e+01 2.569e-06
80 2.324e+01 2.569e-06
81 8.073e+00 2.569e-06
82 2.794e+00 2.569e-06
83 9.700e-01 2.569e-06
84 3.402e-01 2.569e-06
85 1.200e-01 2.569e-06
86 4.429e-02 2.569e-06
87 1.515e-02 2.569e-06
88 5.438e-03 2.569e-06
89 2.142e-03 2.569e-06
90 9.792e-04 2.569e-06
91 5.273e-04 2.569e-06
92 2.903e-04 2.569e-06
93 4.533e-04 2.569e-06
94 1.740e-04 2.569e-06
95 1.082e-04 2.569e-06
96 1.509e-02 2.569e-06
97 4.662e-03 2.569e-06
98 1.454e-03 2.569e-06
99 4.715e-04 2.569e-06
100 1.720e-04 2.569e-06
101 8.585e-05 2.569e-06
102 5.070e-04 2.569e-06
103 1.633e-04 2.569e-06
104 6.059e-05 2.569e-06
105 4.050e-05 2.569e-06
106 1.664e-02 2.569e-06
107 5.144e-03 2.569e-06
108 1.593e-03 2.569e-06
109 5.006e-04 2.569e-06
110 1.654e-04 2.569e-06
111 6.442e-05 2.569e-06
112 4.314e-05 2.569e-06
113 2.502e-03 2.569e-06
114 7.682e-04 2.569e-06
115 2.397e-04 2.569e-06
116 7.943e-05 2.569e-06
117 3.261e-05 2.569e-06
118 2.999e-05 2.569e-06
119 4.877e-05 2.569e-06
120 2.625e-05 2.569e-06
121 5.737e-03 2.569e-06
122 1.770e-03 2.569e-06
123 5.517e-04 2.569e-06
124 1.788e-04 2.569e-06
125 6.586e-05 2.569e-06
126 3.520e-05 2.569e-06
127 5.512e-04 2.569e-06
128 1.723e-04 2.569e-06
129 5.712e-05 2.569e-06
130 2.381e-05 2.569e-06
131 3.687e-05 2.569e-06
132 1.944e-05 2.569e-06
133 6.798e-02 2.569e-06
134 2.114e-02 2.569e-06
135 6.545e-03 2.569e-06
136 2.022e-03 2.569e-06
137 6.269e-04 2.569e-06
138 1.975e-04 2.569e-06
139 6.505e-05 2.569e-06
140 2.392e-05 2.569e-06
141 1.099e-05 2.569e-06
142 7.022e-06 2.569e-06
143 4.206e-06 2.569e-06
144 2.576e-04 2.569e-06
145 7.928e-05 2.569e-06
146 2.495e-05 2.569e-06
147 8.489e-06 2.569e-06
148 3.828e-06 2.569e-06
149 3.359e-06 2.569e-06
150 3.576e-06 2.569e-06
151 2.093e-06 2.093e-06
152 3.870e-05 2.093e-06
153 1.190e-05 2.093e-06
154 3.788e-06 2.093e-06
155 1.364e-06 1.364e-06
156 8.098e-07 8.098e-07
157 2.126e-05 8.098e-07
158 6.499e-06 8.098e-07
159 2.029e-06 8.098e-07
160 6.825e-07 6.825e-07
161 3.043e-07 3.043e-07
162 3.978e-07 3.043e-07
163 7.238e-06 3.043e-07
164 2.332e-06 3.043e-07
165 8.525e-07 3.043e-07
166 4.388e-07 3.043e-07
167 6.749e-07 3.043e-07
168 2.567e-07 2.567e-07
169 1.727e-07 1.727e-07
170 9.029e-02 1.727e-07
171 2.816e-02 1.727e-07
172 8.744e-03 1.727e-07
173 2.722e-03 1.727e-07
174 8.610e-04 1.727e-07
175 2.850e-04 1.727e-07
176 1.048e-04 1.727e-07
177 4.491e-05 1.727e-07
178 2.398e-05 1.727e-07
179 1.251e-05 1.727e-07
180 4.706e-05 1.727e-07
181 1.531e-05 1.727e-07
182 5.910e-06 1.727e-07
183 3.785e-06 1.727e-07
184 4.485e-02 1.727e-07
185 1.407e-02 1.727e-07
186 4.445e-03 1.727e-07
187 1.441e-03 1.727e-07
188 4.935e-04 1.727e-07
189 1.821e-04 1.727e-07
190 7.321e-05 1.727e-07
191 3.431e-05 1.727e-07
192 4.392e-05 1.727e-07
193 1.639e-05 1.727e-07
194 8.660e-06 1.727e-07
195 2.850e-02 1.727e-07
196 8.981e-03 1.727e-07
197 2.823e-03 1.727e-07
198 8.875e-04 1.727e-07
199 2.812e-04 1.727e-07
200 9.058e-05 1.727e-07
201 2.987e-05 1.727e-07
202 1.017e-05 1.727e-07
203 3.687e-06 1.727e-07
204 1.595e-06 1.727e-07
205 9.803e-07 1.727e-07
206 6.251e-07 1.727e-07
207 4.552e-07 1.727e-07
208 2.714e-07 1.727e-07
209 9.859e-07 1.727e-07
210 3.239e-07 1.727e-07
211 1.310e-07 1.310e-07
212 1.092e-07 1.092e-07
213 2.119e-06 1.092e-07
214 6.731e-07 1.092e-07
215 2.403e-07 1.092e-07
216 1.312e-07 1.092e-07
217 1.954e-06 1.092e-07
218 6.018e-07 1.092e-07
219 1.931e-07 1.092e-07
220 7.169e-08 7.169e-08
221 4.825e-08 4.825e-08
222 2.810e-06 4.825e-08
223 8.539e-07 4.825e-08
224 2.620e-07 4.825e-08
225 8.569e-08 4.825e-08
226 3.090e-08 3.090e-08
227 1.917e-08 1.917e-08
228 3.103e-03 1.917e-08
229 9.848e-04 1.917e-08
230 3.261e-04 1.917e-08
231 1.177e-04 1.917e-08
232 4.627e-05 1.917e-08
233 1.866e-05 1.917e-08
234 7.649e-06 1.917e-08
235 3.202e-06 1.917e-08
236 1.465e-06 1.917e-08
237 7.122e-07 1.917e-08
238 5.487e-07 1.917e-08
239 2.608e-07 1.917e-08
240 4.857e-07 1.917e-08
241 1.740e-07 1.917e-08
242 9.495e-08 1.917e-08
243 2.203e-06 1.917e-08
244 6.738e-07 1.917e-08
245 2.113e-07 1.917e-08
246 7.197e-08 1.917e-08
247 3.246e-08 1.917e-08
248 6.688e-06 1.917e-08
249 2.036e-06 1.917e-08
250 6.279e-07 1.917e-08
251 2.017e-07 1.917e-08
252 8.272e-08 1.917e-08
253 3.604e-05 1.917e-08
254 1.093e-05 1.917e-08
255 3.355e-06 1.917e-08
256 1.277e-06 1.917e-08
257 4.448e-07 1.917e-08
258 2.240e-07 1.917e-08
259 5.898e-07 1.917e-08
260 1.924e-07 1.917e-08
261 7.425e-08 1.917e-08
262 4.768e-08 1.917e-08
263 4.255e-08 1.917e-08
264 2.405e-08 1.917e-08
265 1.457e-08 1.457e-08
266 9.061e-09 9.061e-09
267 1.446e-08 9.061e-09
268 6.869e-09 6.869e-09
269 7.873e-09 6.869e-09
270 3.616e-09 3.616e-09
271 6.845e-09 3.616e-09
272 2.540e-09 2.540e-09
273 1.604e-09 1.604e-09
274 7.468e-08 1.604e-09
275 2.275e-08 1.604e-09
276 7.036e-09 1.604e-09
277 2.286e-09 1.604e-09
278 8.903e-10 8.903e-10
279 8.400e-10 8.400e-10
280 8.257e-10 8.257e-10
281 6.517e-10 6.517e-10
282 8.167e-07 6.517e-10
283 2.472e-07 6.517e-10
284 7.492e-08 6.517e-10
285 2.279e-08 6.517e-10
286 7.027e-09 6.517e-10
287 2.267e-09 6.517e-10
288 8.592e-10 6.517e-10
289 7.207e-10 6.517e-10
290 6.115e-09 6.517e-10
291 2.089e-09 6.517e-10
292 9.168e-10 6.517e-10
293 3.042e-09 6.517e-10
294 1.185e-09 6.517e-10
295 1.105e-09 6.517e-10
296 8.449e-10 6.517e-10
297 1.027e-09 6.517e-10
298 6.857e-10 6.517e-10
299 2.657e-09 6.517e-10
300 9.097e-10 6.517e-10
301 5.652e-10 5.652e-10
302 1.192e-09 5.652e-10
303 5.334e-10 5.334e-10
304 3.498e-10 3.498e-10
305 4.202e-10 3.498e-10
306 1.598e-08 3.498e-10
307 4.867e-09 3.498e-10
308 1.506e-09 3.498e-10
309 4.918e-10 3.498e-10
310 1.962e-10 1.962e-10
311 2.194e-10 1.962e-10
312 1.771e-10 1.771e-10
313 2.428e-10 1.771e-10
314 1.522e-10 1.522e-10
315 6.362e-09 1.522e-10
316 1.948e-09 1.522e-10
317 6.138e-10 1.522e-10
318 2.132e-10 1.522e-10
319 1.086e-10 1.086e-10
320 2.387e-08 1.086e-10
321 7.259e-09 1.086e-10
322 2.234e-09 1.086e-10
323 7.137e-10 1.086e-10
324 2.572e-10 1.086e-10
325 1.333e-10 1.086e-10
326 6.549e-10 1.086e-10
327 2.170e-10 1.086e-10
328 9.212e-11 9.212e-11
329 1.612e-10 9.212e-11
330 8.154e-11 8.154e-11
331 4.955e-07 8.154e-11
332 1.501e-07 8.154e-11
333 4.562e-08 8.154e-11
334 1.396e-08 8.154e-11
335 4.371e-09 8.154e-11
336 1.463e-09 8.154e-11
337 5.879e-10 8.154e-11
338 3.362e-10 8.154e-11
339 2.542e-10 8.154e-11
340 1.563e-10 8.154e-11
341 1.252e-10 8.154e-11
342 2.028e-10 8.154e-11
343 8.522e-11 8.154e-11
344 4.561e-10 8.154e-11
345 1.476e-10 8.154e-11
346 3.907e-07 8.154e-11
347 1.183e-07 8.154e-11
348 3.585e-08 8.154e-11
349 1.090e-08 8.154e-11
350 3.351e-09 8.154e-11
351 1.068e-09 8.154e-11
352 3.861e-10 8.154e-11
353 2.223e-10 8.154e-11
354 3.243e-07 8.154e-11
355 9.835e-08 8.154e-11
356 2.988e-08 8.154e-11
357 9.117e-09 8.154e-11
358 2.817e-09 8.154e-11
359 9.088e-10 8.154e-11
360 3.425e-10 8.154e-11
361 2.455e-10 8.154e-11
362 1.131e-08 8.154e-11
363 3.544e-09 8.154e-11
364 1.203e-09 8.154e-11
365 5.279e-10 8.154e-11
366 4.017e-10 8.154e-11
367 2.403e-10 8.154e-11
368 6.058e+01 8.154e-11
369 2.132e+01 8.154e-11
370 7.380e+00 8.154e-11
371 2.529e+00 8.154e-11
372 8.629e-01 8.154e-11
373 2.975e-01 8.154e-11
374 1.047e-01 8.154e-11
375 3.913e-02 8.154e-11
376 2.829e-02 8.154e-11
377 1.179e-02 8.154e-11
378 8.950e-03 8.154e-11
379 4.538e-03 8.154e-11
380 5.850e-01 8.154e-11
381 1.909e-01 8.154e-11
382 6.226e-02 8.154e-11
383 2.046e-02 8.154e-11
384 6.810e-03 8.154e-11
385 2.319e-03 8.154e-11
386 8.374e-04 8.154e-11
387 3.507e-04 8.154e-11
388 2.187e-04 8.154e-11
389 1.251e-04 8.154e-11
390 1.145e-03 8.154e-11
391 3.635e-04 8.154e-11
392 1.273e-04 8.154e-11
393 6.223e-05 8.154e-11
394 8.889e-04 8.154e-11
395 2.751e-04 8.154e-11
396 8.744e-05 8.154e-11
397 3.062e-05 8.154e-11
398 1.493e-05 8.154e-11
399 5.099e-05 8.154e-11
400 1.660e-05 8.154e-11
401 6.407e-06 8.154e-11
402 3.817e-06 8.154e-11
403 1.575e-04 8.154e-11
404 4.816e-05 8.154e-11
405 1.499e-05 8.154e-11
406 4.954e-06 8.154e-11
407 2.006e-06 8.154e-11
408 1.744e-06 8.154e-11
409 1.151e-06 8.154e-11
410 1.437e-06 8.154e-11
411 6.234e-07 8.154e-11
412 7.873e-07 8.154e-11
413 3.561e-07 8.154e-11
414 1.229e-06 8.154e-11
415 4.151e-07 8.154e-11
416 1.877e-07 8.154e-11
417 6.904e-07 8.154e-11
418 2.332e-07 8.154e-11
419 1.054e-07 8.154e-11
420 6.054e-07 8.154e-11
421 1.958e-07 8.154e-11
422 7.486e-08 8.154e-11
423 5.544e-08 8.154e-11
424 1.294e-02 8.154e-11
425 3.984e-03 8.154e-11
426 1.225e-03 8.154e-11
427 3.776e-04 8.154e-11
428 1.170e-04 8.154e-11
429 3.650e-05 8.154e-11
430 1.151e-05 8.154e-11
431 3.713e-06 8.154e-11
432 1.270e-06 8.154e-11
433 5.060e-07 8.154e-11
434 2.757e-07 8.154e-11
435 4.468e-07 8.154e-11
436 1.755e-07 8.154e-11
437 1.337e-07 8.154e-11
438 7.265e-06 8.154e-11
439 2.243e-06 8.154e-11
440 7.240e-07 8.154e-11
441 2.702e-07 8.154e-11
442 1.573e-07 8.154e-11
443 3.984e-03 8.154e-11
444 1.231e-03 8.154e-11
445 3.822e-04 8.154e-11
446 1.201e-04 8.154e-11
447 3.845e-05 8.154e-11
448 1.253e-05 8.154e-11
449 4.208e-06 8.154e-11
450 1.553e-06 8.154e-11
451 7.478e-07 8.154e-11
452 3.202e-06 8.154e-11
453 1.030e-06 8.154e-11
454 3.804e-07 8.154e-11
455 2.130e-07 8.154e-11
456 5.575e-04 8.154e-11
457 1.700e-04 8.154e-11
458 5.190e-05 8.154e-11
459 1.589e-05 8.154e-11
460 4.910e-06 8.154e-11
461 1.564e-06 8.154e-11
462 5.544e-07 8.154e-11
463 2.964e-07 8.154e-11
464 4.308e-04 8.154e-11
465 1.313e-04 8.154e-11
466 4.028e-05 8.154e-11
467 1.269e-05 8.154e-11
468 4.363e-06 8.154e-11
469 1.986e-06 8.154e-11
470 1.593e-04 8.154e-11
471 4.869e-05 8.154e-11
472 1.513e-05 8.154e-11
473 4.958e-06 8.154e-11
474 1.121e-04 8.154e-11
475 3.522e-05 8.154e-11
476 1.136e-05 8.154e-11
477 1.115e+00 8.154e-11
478 3.661e-01 8.154e-11
479 1.200e-01 8.154e-11
480 3.992e-02 8.154e-11
481 1.393e-02 8.154e-11
482 5.506e-03 8.154e-11
483 2.591e-03 8.154e-11
484 1.645e-03 8.154e-11
485 7.813e-04 8.154e-11
486 5.045e-04 8.154e-11
487 2.237e-04 8.154e-11
488 1.095e-04 8.154e-11
489 5.519e-05 8.154e-11
490 4.670e-05 8.154e-11
491 1.979e-05 8.154e-11
492 1.116e-05 8.154e-11
493 1.154e-05 8.154e-11
494 5.144e-06 8.154e-11
495 4.851e-06 8.154e-11
496 2.359e-06 8.154e-11
497 8.733e-06 8.154e-11
498 2.864e-06 8.154e-11
499 1.150e-06 8.154e-11
500 8.817e-07 8.154e-11
501 9.864e-03 8.154e-11
502 3.051e-03 8.154e-11
503 9.466e-04 8.154e-11
504 2.975e-04 8.154e-11
505 9.669e-05 8.154e-11
506 3.368e-05 8.154e-11
507 1.324e-05 8.154e-11
508 6.530e-06 8.154e-11
509 7.686e-06 8.154e-11
510 3.455e-06 8.154e-11
511 1.252e-05 8.154e-11
512 4.181e-06 8.154e-11
513 1.786e-06 8.154e-11
514 2.737e-06 8.154e-11
515 1.324e-06 8.154e-11
516 1.466e-06 8.154e-11
517 8.260e-07 8.154e-11
518 2.045e-05 8.154e-11
519 6.259e-06 8.154e-11
520 1.965e-06 8.154e-11
521 6.740e-07 8.154e-11
522 3.257e-07 8.154e-11
523 5.583e-06 8.154e-11
524 1.720e-06 8.154e-11
525 5.531e-07 8.154e-11
526 2.072e-07 8.154e-11
527 1.464e-07 8.154e-11
528 5.529e-03 8.154e-11
529 1.715e-03 8.154e-11
530 5.379e-04 8.154e-11
531 1.753e-04 8.154e-11
532 6.309e-05 8.154e-11
533 2.721e-05 8.154e-11
534 1.317e-05 8.154e-11
535 6.650e-06 8.154e-11
536 4.058e-06 8.154e-11
537 2.235e-02 8.154e-11
538 6.987e-03 8.154e-11
539 2.180e-03 8.154e-11
540 6.835e-04 8.154e-11
541 2.195e-04 8.154e-11
542 3.783e-04 8.154e-11
543 4.811e-03 8.154e-11
544 1.492e-03 8.154e-11
545 4.800e-04 8.154e-11
546 2.231e-04 8.154e-11
547 3.298e-04 8.154e-11
548 2.370e-04 8.154e-11
549 1.053e-04 8.154e-11
550 7.909e-05 8.154e-11
551 5.339e-05 8.154e-11
552 3.798e-05 8.154e-11
553 2.388e-05 8.154e-11
554 1.926e-05 8.154e-11
555 9.778e-06 8.154e-11
556 1.517e-05 8.154e-11
557 5.287e-06 8.154e-11
558 2.423e-06 8.154e-11
559 1.274e-06 8.154e-11
560 5.763e-07 8.154e-11
561 2.700e-07 8.154e-11
562 1.304e-07 8.154e-11
563 7.961e-08 8.154e-11
564 4.158e-08 8.154e-11
565 5.775e-08 8.154e-11
566 2.367e-08 8.154e-11
567 2.328e-08 8.154e-11
568 8.245e-07 8.154e-11
569 2.531e-07 8.154e-11
570 8.010e-08 8.154e-11
571 2.793e-08 8.154e-11
572 1.375e-08 8.154e-11
573 4.600e-08 8.154e-11
574 1.613e-08 8.154e-11
575 8.307e-09 8.154e-11
576 3.168e-07 8.154e-11
577 9.696e-08 8.154e-11
578 3.044e-08 8.154e-11
579 1.039e-08 8.154e-11
580 4.810e-09 8.154e-11
581 1.263e-08 8.154e-11
582 4.797e-09 8.154e-11
583 3.244e-09 8.154e-11
584 5.845e-04 8.154e-11
585 1.790e-04 8.154e-11
586 5.543e-05 8.154e-11
587 1.775e-05 8.154e-11
588 6.192e-06 8.154e-11
589 2.485e-06 8.154e-11
590 1.052e-06 8.154e-11
591 4.567e-07 8.154e-11
592 2.097e-07 8.154e-11
593 1.019e-07 8.154e-11
594 5.135e-08 8.154e-11
595 3.471e-08 8.154e-11
596 1.905e-08 8.154e-11
597 1.123e-07 8.154e-11
598 3.575e-08 8.154e-11
599 1.285e-08 8.154e-11
600 7.195e-09 8.154e-11
601 3.651e-05 8.154e-11
602 1.108e-05 8.154e-11
603 3.366e-06 8.154e-11
604 1.025e-06 8.154e-11
605 3.144e-07 8.154e-11
606 9.832e-08 8.154e-11
607 3.257e-08 8.154e-11
608 4.577e-08 8.154e-11
609 6.636e-07 8.154e-11
610 2.031e-07 8.154e-11
611 8.706e-08 8.154e-11
612 3.110e-08 8.154e-11
613 1.764e-08 8.154e-11
614 1.514e-08 8.154e-11
615 9.967e-09 8.154e-11
616 1.920e-08 8.154e-11
617 7.826e-09 8.154e-11
618 7.863e-09 8.154e-11
619 7.205e-09 8.154e-11
620 6.313e-09 8.154e-11
621 1.195e-05 8.154e-11
622 3.754e-06 8.154e-11
623 1.251e-06 8.154e-11
624 4.718e-07 8.154e-11
625 1.986e-07 8.154e-11
626 9.190e-08 8.154e-11
627 4.005e-08 8.154e-11
628 1.951e-08 8.154e-11
629 9.268e-09 8.154e-11
630 6.128e-09 8.154e-11
631 4.066e-09 8.154e-11
632 7.594e-09 8.154e-11
633 4.702e-09 8.154e-11
634 3.326e-09 8.154e-11
635 4.287e-06 8.154e-11
636 1.312e-06 8.154e-11
637 4.098e-07 8.154e-11
638 1.358e-07 8.154e-11
639 5.194e-08 8.154e-11
640 2.344e-08 8.154e-11
641 1.592e-08 8.154e-11
642 8.355e-09 8.154e-11
643 1.524e-06 8.154e-11
644 4.620e-07 8.154e-11
645 1.405e-07 8.154e-11
646 4.325e-08 8.154e-11
647 1.386e-08 8.154e-11
648 5.137e-09 8.154e-11
649 3.547e-09 8.154e-11
650 3.977e-04 8.154e-11
651 1.222e-04 8.154e-11
652 3.804e-05 8.154e-11
653 1.227e-05 8.154e-11
654 4.287e-06 8.154e-11
655 1.885e-06 8.154e-11
656 8.263e-07 8.154e-11
657 5.658e-05 8.154e-11
658 1.901e-05 8.154e-11
659 7.574e-06 8.154e-11
660 8.383e-06 8.154e-11
661 1.501e-05 8.154e-11
662 1.424e-05 8.154e-11
663 3.580e-05 8.154e-11
664 3.741e-05 8.154e-11
665 8.813e-05 8.154e-11
666 2.849e-05 8.154e-11
667 1.004e-05 8.154e-11
668 4.275e-06 8.154e-11
669 2.064e-06 8.154e-11
670 1.225e-06 8.154e-11
671 8.026e-07 8.154e-11
672 4.275e-07 8.154e-11
673 2.372e-07 8.154e-11
674 1.235e-07 8.154e-11
675 7.771e-08 8.154e-11
676 3.885e-08 8.154e-11
677 2.928e-08 8.154e-11
678 1.423e-08 8.154e-11
679 1.583e-08 8.154e-11
680 6.745e-09 8.154e-11
681 4.386e-09 8.154e-11
682 9.187e-04 8.154e-11
683 2.804e-04 8.154e-11
684 8.576e-05 8.154e-11
685 2.649e-05 8.154e-11
686 8.425e-06 8.154e-11
687 2.911e-06 8.154e-11
688 1.226e-06 8.154e-11
689 6.728e-07 8.154e-11
690 3.219e-07 8.154e-11
691 2.794e-07 8.154e-11
692 1.142e-07 8.154e-11
693 5.594e-08 8.154e-11
694 3.383e-08 8.154e-11
695 1.667e-08 8.154e-11
696 2.116e-08 8.154e-11
697 8.174e-09 8.154e-11
698 4.659e-09 8.154e-11
699 3.446e-07 8.154e-11
700 1.049e-07 8.154e-11
701 3.237e-08 8.154e-11
702 1.044e-08 8.154e-11
703 3.942e-09 8.154e-11
704 2.678e-09 8.154e-11
705 3.561e-07 8.154e-11
706 1.081e-07 8.154e-11
707 3.305e-08 8.154e-11
708 1.033e-08 8.154e-11
709 3.483e-09 8.154e-11
710 1.577e-09 8.154e-11
711 3.254e-09 8.154e-11
712 1.512e-09 8.154e-11
713 4.424e-09 8.154e-11
714 1.613e-09 8.154e-11
715 1.043e-09 8.154e-11
716 7.966e-06 8.154e-11
717 2.430e-06 8.154e-11
718 7.479e-07 8.154e-11
719 2.337e-07 8.154e-11
720 7.526e-08 8.154e-11
721 2.606e-08 8.154e-11
722 1.062e-08 8.154e-11
723 5.546e-09 8.154e-11
724 3.956e-09 8.154e-11
725 2.681e-09 8.154e-11
726 9.813e-04 8.154e-11
727 2.996e-04 8.154e-11
728 9.149e-05 8.154e-11
729 2.800e-05 8.154e-11
730 8.621e-06 8.154e-11
731 2.685e-06 8.154e-11
732 8.565e-07 8.154e-11
733 2.896e-07 8.154e-11
734 1.155e-07 8.154e-11
735 7.180e-08 8.154e-11
736 5.580e+06 8.154e-11
737 2.644e+06 8.154e-11
738 9.537e+05 8.154e-11
739 3.439e+05 8.154e-11
740 1.240e+05 8.154e-11
741 4.470e+04 8.154e-11
742 1.611e+04 8.154e-11
743 5.800e+03 8.154e-11
744 2.086e+03 8.154e-11
745 7.488e+02 8.154e-11
746 2.680e+02 8.154e-11
747 9.552e+01 8.154e-11
748 3.383e+01 8.154e-11
749 1.189e+01 8.154e-11
750 4.150e+00 8.154e-11
751 1.449e+00 8.154e-11
752 8.940e-01 8.154e-11
753 7.008e+04 8.154e-11
754 2.527e+04 8.154e-11
755 9.111e+03 8.154e-11
756 3.283e+03 8.154e-11
757 1.182e+03 8.154e-11
758 4.252e+02 8.154e-11
759 1.527e+02 8.154e-11
760 5.467e+01 8.154e-11
761 1.951e+01 8.154e-11
762 6.918e+00 8.154e-11
763 1.408e+02 8.154e-11
764 5.025e+01 8.154e-11
765 1.785e+01 8.154e-11
766 6.374e+00 8.154e-11
767 2.254e+00 8.154e-11
768 8.285e-01 8.154e-11
769 3.168e-01 8.154e-11
770 2.677e+00 8.154e-11
771 9.012e-01 8.154e-11
772 3.061e-01 8.154e-11
773 1.072e-01 8.154e-11
774 4.031e-02 8.154e-11
775 1.840e-02 8.154e-11
776 2.189e-02 8.154e-11
777 1.018e-02 8.154e-11
778 5.331e-02 8.154e-11
779 1.795e-02 8.154e-11
780 7.307e-03 8.154e-11
781 6.143e-03 8.154e-11
782 3.634e+01 8.154e-11
783 1.273e+01 8.154e-11
784 4.377e+00 8.154e-11
785 1.493e+00 8.154e-11
786 5.099e-01 8.154e-11
787 1.775e-01 8.154e-11
788 6.383e-02 8.154e-11
789 2.445e-02 8.154e-11
790 1.109e-02 8.154e-11
791 8.558e-03 8.154e-11
792 4.706e-03 8.154e-11
793 1.446e+00 8.154e-11
794 4.697e-01 8.154e-11
795 1.514e-01 8.154e-11
796 4.863e-02 8.154e-11
797 1.580e-02 8.154e-11
798 5.416e-03 8.154e-11
799 2.272e-03 8.154e-11
800 2.032e-03 8.154e-11
801 2.446e-02 8.154e-11
802 8.439e-03 8.154e-11
803 3.375e-03 8.154e-11
804 2.314e-03 8.154e-11
805 1.662e-03 8.154e-11
806 2.549e-02 8.154e-11
807 8.282e-03 8.154e-11
808 2.789e-03 8.154e-11
809 1.006e-03 8.154e-11
810 4.309e-04 8.154e-11
811 3.448e-04 8.154e-11
812 2.058e-04 8.154e-11
813 1.877e+00 8.154e-11
814 6.221e-01 8.154e-11
815 2.058e-01 8.154e-11
816 6.860e-02 8.154e-11
817 2.350e-02 8.154e-11
818 8.538e-03 8.154e-11
819 3.434e-03 8.154e-11
820 1.599e-03 8.154e-11
821 2.291e-01 8.154e-11
822 7.441e-02 8.154e-11
823 2.457e-02 8.154e-11
824 9.827e-03 8.154e-11
825 3.935e-03 8.154e-11
826 5.127e+00 8.154e-11
827 1.748e+00 8.154e-11
828 5.909e-01 8.154e-11
829 2.721e-01 8.154e-11
830 1.250e-01 8.154e-11
831 9.907e-02 8.154e-11
832 4.143e-02 8.154e-11
833 2.669e-02 8.154e-11
834 4.834e-01 8.154e-11
835 5.384e+01 8.154e-11
836 3.871e+03 8.154e-11
837 1.827e+03 8.154e-11
838 6.588e+02 8.154e-11
839 2.469e+02 8.154e-11
840 1.445e+05 8.154e-11
841 5.211e+04 8.154e-11
842 1.879e+04 8.154e-11
843 6.779e+03 8.154e-11
844 2.460e+03 8.154e-11
845 1.107e+08 8.154e-11
846 3.994e+07 8.154e-11
847 1.441e+07 8.154e-11
848 5.197e+06 8.154e-11
849 1.875e+06 8.154e-11
850 6.841e+05 8.154e-11
851 2.470e+05 8.154e-11
852 1.346e+08 8.154e-11
853 4.856e+07 8.154e-11
854 1.752e+07 8.154e-11
855 6.321e+06 8.154e-11
856 2.281e+06 8.154e-11
857 8.229e+05 8.154e-11
858 4.595e+05 8.154e-11
859 1.712e+05 8.154e-11
860 6.532e+04 8.154e-11
861 7.611e+06 8.154e-11
862 2.747e+06 8.154e-11
863 1.993e+06 8.154e-11
864 1.807e+06 8.154e-11
865 6.814e+05 8.154e-11
866 3.469e+05 8.154e-11
867 5.382e+05 8.154e-11
868 2.144e+05 8.154e-11
869 8.176e+04 8.154e-11
870 3.022e+04 8.154e-11
871 1.109e+04 8.154e-11
872 4.076e+03 8.154e-11
873 1.503e+03 8.154e-11
874 5.542e+02 8.154e-11
875 2.036e+02 8.154e-11
876 7.437e+01 8.154e-11
877 2.702e+01 8.154e-11
878 9.751e+00 8.154e-11
879 3.497e+00 8.154e-11
880 1.282e+00 8.154e-11
881 5.267e-01 8.154e-11
882 2.733e-01 8.154e-11
883 1.394e-01 8.154e-11
884 8.327e-02 8.154e-11
885 4.124e-01 8.154e-11
886 1.407e-01 8.154e-11
887 5.208e-02 8.154e-11
888 2.455e-02 8.154e-11
889 2.826e-02 8.154e-11
890 1.228e-02 8.154e-11
891 8.168e-03 8.154e-11
892 5.128e-03 8.154e-11
893 9.657e-03 8.154e-11
894 3.497e-03 8.154e-11
895 1.772e-03 8.154e-11
896 5.633e-03 8.154e-11
897 1.938e-03 8.154e-11
898 8.864e-04 8.154e-11
899 1.562e-03 8.154e-11
900 7.576e-04 8.154e-11
901 1.616e+03 8.154e-11
902 5.822e+02 8.154e-11
903 2.080e+02 8.154e-11
904 7.396e+01 8.154e-11
905 2.613e+01 8.154e-11
906 9.163e+00 8.154e-11
907 3.187e+00 8.154e-11
908 1.103e+00 8.154e-11
909 3.829e-01 8.154e-11
910 1.348e-01 8.154e-11
911 4.844e-02 8.154e-11
912 1.920e-02 8.154e-11
913 6.844e-03 8.154e-11
914 2.576e-03 8.154e-11
915 1.047e-03 8.154e-11
916 5.443e-04 8.154e-11
917 4.395e-04 8.154e-11
918 9.372e-04 8.154e-11
919 4.151e-04 8.154e-11
920 2.090e-04 8.154e-11
921 1.997e-03 8.154e-11
922 6.232e-04 8.154e-11
923 2.059e-04 8.154e-11
924 8.380e-05 8.154e-11
925 5.566e-05 8.154e-11
926 5.576e+03 8.154e-11
927 2.729e+03 8.154e-11
928 9.800e+02 8.154e-11
929 3.510e+02 8.154e-11
930 1.252e+02 8.154e-11
931 4.443e+01 8.154e-11
932 1.567e+01 8.154e-11
933 5.490e+00 8.154e-11
934 1.966e+00 8.154e-11
935 6.790e-01 8.154e-11
936 2.375e-01 8.154e-11
937 8.778e-02 8.154e-11
938 3.637e-02 8.154e-11
939 1.161e-01 8.154e-11
940 4.004e-02 8.154e-11
941 1.595e-02 8.154e-11
942 1.328e-02 8.154e-11
943 7.291e-03 8.154e-11
944 5.880e-01 8.154e-11
945 1.931e-01 8.154e-11
946 6.348e-02 8.154e-11
947 2.139e-02 8.154e-11
948 7.927e-03 8.154e-11
949 3.921e-03 8.154e-11
950 1.712e-02 8.154e-11
951 5.549e-03 8.154e-11
952 2.004e-03 8.154e-11
953 1.016e-03 8.154e-11
954 2.093e+01 8.154e-11
955 7.221e+00 8.154e-11
956 2.466e+00 8.154e-11
957 8.362e-01 8.154e-11
958 2.828e-01 8.154e-11
959 9.583e-02 8.154e-11
960 3.668e-02 8.154e-11
961 1.277e-02 8.154e-11
962 2.338e-01 8.154e-11
963 7.629e-02 8.154e-11
964 1.154e-01 8.154e-11
965 1.372e-01 8.154e-11
966 1.667e-01 8.154e-11
967 4.291e+04 8.154e-11
968 1.869e+04 8.154e-11
969 1.374e+05 8.154e-11
970 4.957e+04 8.154e-11
971 2.163e+04 8.154e-11
972 4.354e+04 8.154e-11
973 1.584e+04 8.154e-11
974 5.739e+03 8.154e-11
975 2.869e+04 8.154e-11
976 1.067e+04 8.154e-11
977 4.969e+03 8.154e-11
978 1.456e+04 8.154e-11
979 1.159e+04 8.154e-11
980 4.743e+03 8.154e-11
981 1.388e+08 8.154e-11
982 5.007e+07 8.154e-11
983 1.806e+07 8.154e-11
984 6.515e+06 8.154e-11
985 2.350e+06 8.154e-11
986 8.479e+05 8.154e-11
987 3.062e+05 8.154e-11
988 1.108e+05 8.154e-11
989 4.037e+04 8.154e-11
990 1.487e+04 8.154e-11
991 5.564e+03 8.154e-11
992 2.111e+03 8.154e-11
993 8.000e+02 8.154e-11
994 2.972e+02 8.154e-11
995 1.081e+02 8.154e-11
996 3.879e+01 8.154e-11
997 1.381e+01 8.154e-11
998 4.889e+00 8.154e-11
999 1.743e+00 8.154e-11
1000 6.496e-01 8.154e-11
1001 2.824e-01 8.154e-11
1002 1.525e-01 8.154e-11
1003 3.293e-01 8.154e-11
1004 1.181e-01 8.154e-11
1005 4.990e-02 8.154e-11
1006 3.216e-02 8.154e-11
1007 2.893e-02 8.154e-11
1008 1.381e-02 8.154e-11
1009 1.352e-02 8.154e-11
1010 5.633e-03 8.154e-11
1011 3.273e-03 8.154e-11
1012 4.281e-03 8.154e-11
1013 1.731e-03 8.154e-11
1014 1.316e-03 8.154e-11
1015 2.688e-03 8.154e-11
1016 1.152e-03 8.154e-11
1017 1.046e-03 8.154e-11
1018 1.138e-02 8.154e-11
1019 3.868e-03 8.154e-11
1020 1.606e-03 8.154e-11
1021 1.093e-03 8.154e-11
1022 3.810e+01 8.154e-11
1023 1.326e+01 8.154e-11
1024 4.560e+00 8.154e-11
1025 1.553e+00 8.154e-11
1026 5.295e-01 8.154e-11
1027 1.821e-01 8.154e-11
1028 6.478e-02 8.154e-11
1029 2.528e-02 8.154e-11
1030 1.225e-02 8.154e-11
1031 9.117e-03 8.154e-11
1032 4.414e-03 8.154e-11
1033 1.885e-02 8.154e-11
1034 6.091e-03 8.154e-11
1035 2.132e-03 8.154e-11
1036 9.125e-04 8.154e-11
1037 5.651e-04 8.154e-11
1038 2.847e-04 8.154e-11
1039 8.307e-04 8.154e-11
1040 2.867e-04 8.154e-11
1041 1.328e-04 8.154e-11
1042 9.391e-04 8.154e-11
1043 3.040e-04 8.154e-11
1044 1.127e-04 8.154e-11
1045 7.071e-05 8.154e-11
1046 2.296e-01 8.154e-11
1047 7.329e-02 8.154e-11
1048 2.335e-02 8.154e-11
1049 7.532e-03 8.154e-11
1050 2.530e-03 8.154e-11
1051 9.385e-04 8.154e-11
1052 4.323e-04 8.154e-11
1053 4.350e-04 8.154e-11
1054 1.794e-04 8.154e-11
1055 1.334e-04 8.154e-11
1056 1.077e-04 8.154e-11
1057 6.084e-05 8.154e-11
1058 3.100e-03 8.154e-11
1059 9.593e-04 8.154e-11
1060 3.052e-04 8.154e-11
1061 1.078e-04 8.154e-11
1062 5.805e-05 8.154e-11
1063 3.179e+03 8.154e-11
1064 1.714e+03 8.154e-11
1065 6.143e+02 8.154e-11
1066 2.195e+02 8.154e-11
1067 7.808e+01 8.154e-11
1068 2.763e+01 8.154e-11
1069 9.729e+00 8.154e-11
1070 3.414e+00 8.154e-11
1071 1.206e+00 8.154e-11
1072 4.359e-01 8.154e-11
1073 2.001e+01 8.154e-11
1074 6.995e+00 8.154e-11
1075 2.428e+00 8.154e-11
1076 8.467e-01 8.154e-11
1077 3.045e-01 8.154e-11
1078 1.462e-01 8.154e-11
1079 5.472e-02 8.154e-11
1080 2.275e-02 8.154e-11
1081 1.175e-02 8.154e-11
1082 3.509e-02 8.154e-11
1083 1.204e-02 8.154e-11
1084 5.042e-03 8.154e-11
1085 3.676e-03 8.154e-11
1086 5.618e-03 8.154e-11
1087 2.113e-03 8.154e-11
1088 1.119e-03 8.154e-11
1089 5.016e-03 8.154e-11
1090 1.632e-03 8.154e-11
1091 5.962e-04 8.154e-11
1092 3.322e-04 8.154e-11
1093 2.701e-03 8.154e-11
1094 8.691e-04 8.154e-11
1095 3.111e-04 8.154e-11
1096 1.719e-04 8.154e-11
1097 9.514e-03 8.154e-11
1098 2.958e-03 8.154e-11
1099 9.431e-04 8.154e-11
1100 3.289e-04 8.154e-11
1101 1.557e-04 8.154e-11
1102 5.574e-04 8.154e-11
1103 2.030e-04 8.154e-11
1104 1.193e-04 8.154e-11
1105 2.282e-02 8.154e-11
1106 7.236e-03 8.154e-11
1107 2.356e-03 8.154e-11
1108 8.417e-04 8.154e-11
1109 3.811e-04 8.154e-11
1110 3.167e-04 8.154e-11
1111 1.574e-04 8.154e-11
1112 1.328e-03 8.154e-11
1113 4.347e-04 8.154e-11
1114 1.672e-04 8.154e-11
1115 1.245e-04 8.154e-11
1116 5.939e-02 8.154e-11
1117 1.904e-02 8.154e-11
1118 6.230e-03 8.154e-11
1119 2.176e-03 8.154e-11
1120 8.816e-04 8.154e-11
1121 4.183e-04 8.154e-11
1122 2.180e-04 8.154e-11
1123 1.760e-04 8.154e-11
1124 1.447e-04 8.154e-11
1125 3.615e-03 8.154e-11
1126 1.155e-03 8.154e-11
1127 4.069e-04 8.154e-11
1128 2.073e-04 8.154e-11
1129 4.096e+04 8.154e-11
1130 1.488e+04 8.154e-11
1131 5.361e+03 8.154e-11
1132 1.930e+03 8.154e-11
1133 6.936e+02 8.154e-11
1134 2.488e+02 8.154e-11
1135 8.897e+01 8.154e-11
1136 3.168e+01 8.154e-11
1137 1.122e+01 8.154e-11
1138 3.953e+00 8.154e-11
1139 1.412e+00 8.154e-11
1140 5.055e-01 8.154e-11
1141 1.918e-01 8.154e-11
1142 6.279e+03 8.154e-11
1143 2.808e+06 8.154e-11
1144 1.013e+06 8.154e-11
1145 3.655e+05 8.154e-11
1146 1.319e+05 8.154e-11
1147 4.757e+04 8.154e-11
1148 1.716e+04 8.154e-11
1149 6.191e+03 8.154e-11
1150 2.233e+03 8.154e-11
1151 8.055e+02 8.154e-11
1152 2.904e+02 8.154e-11
1153 1.046e+02 8.154e-11
1154 3.764e+01 8.154e-11
1155 1.350e+01 8.154e-11
1156 4.822e+00 8.154e-11
1157 1.713e+00 8.154e-11
1158 6.282e-01 8.154e-11
1159 3.239e-01 8.154e-11
1160 1.163e-01 8.154e-11
1161 4.944e-02 8.154e-11
1162 2.419e-02 8.154e-11
1163 1.698e-01 8.154e-11
1164 5.745e-02 8.154e-11
1165 2.000e-02 8.154e-11
1166 7.945e-03 8.154e-11
1167 4.621e-03 8.154e-11
1168 1.883e+00 8.154e-11
1169 6.371e-01 8.154e-11
1170 2.123e-01 8.154e-11
1171 7.002e-02 8.154e-11
1172 2.316e-02 8.154e-11
1173 8.004e-03 8.154e-11
1174 3.264e-03 8.154e-11
1175 2.204e-03 8.154e-11
1176 2.016e-03 8.154e-11
1177 2.507e-01 8.154e-11
1178 8.082e-02 8.154e-11
1179 2.609e-02 8.154e-11
1180 8.604e-03 8.154e-11
1181 3.092e-03 8.154e-11
1182 1.550e-03 8.154e-11
1183 2.207e-02 8.154e-11
1184 7.068e-03 8.154e-11
1185 2.451e-03 8.154e-11
1186 1.155e-03 8.154e-11
1187 6.002e-03 8.154e-11
1188 2.256e-03 8.154e-11
1189 5.252e-03 8.154e-11
1190 1.896e-03 8.154e-11
1191 1.076e-03 8.154e-11
1192 6.764e-01 8.154e-11
1193 2.190e-01 8.154e-11
1194 7.021e-02 8.154e-11
1195 2.243e-02 8.154e-11
1196 7.223e-03 8.154e-11
1197 2.421e-03 8.154e-11
1198 9.325e-04 8.154e-11
1199 5.362e-04 8.154e-11
1200 6.806e-03 8.154e-11
1201 2.145e-03 8.154e-11
1202 7.049e-04 8.154e-11
1203 2.709e-04 8.154e-11
1204 1.961e-04 8.154e-11
1205 6.139e+01 8.154e-11
1206 2.146e+01 8.154e-11
1207 7.437e+00 8.154e-11
1208 2.550e+00 8.154e-11
1209 8.637e-01 8.154e-11
1210 2.890e-01 8.154e-11
1211 9.589e-02 8.154e-11
1212 3.183e-02 8.154e-11
1213 1.074e-02 8.154e-11
1214 3.849e-03 8.154e-11
1215 1.690e-03 8.154e-11
1216 1.642e-03 8.154e-11
1217 2.763e-02 8.154e-11
1218 8.864e-03 8.154e-11
1219 3.011e-03 8.154e-11
1220 1.282e-03 8.154e-11
1221 1.566e-03 8.154e-11
1222 9.851e-04 8.154e-11
1223 3.957e-03 8.154e-11
1224 1.435e-03 8.154e-11
1225 6.481e-04 8.154e-11
1226 2.910e-03 8.154e-11
1227 9.729e-04 8.154e-11
1228 4.138e-04 8.154e-11
1229 5.099e-04 8.154e-11
1230 3.361e-04 8.154e-11
1231 3.555e-01 8.154e-11
1232 1.160e-01 8.154e-11
1233 3.745e-02 8.154e-11
1234 1.213e-02 8.154e-11
1235 4.034e-03 8.154e-11
1236 1.451e-03 8.154e-11
1237 6.575e-04 8.154e-11
1238 5.068e-04 8.154e-11
1239 3.575e-04 8.154e-11
1240 1.024e-01 8.154e-11
1241 3.235e-02 8.154e-11
1242 1.025e-02 8.154e-11
1243 3.313e-03 8.154e-11
1244 1.140e-03 8.154e-11
1245 4.740e-04 8.154e-11
1246 3.720e-04 8.154e-11
1247 4.720e-04 8.154e-11
1248 1.233e-03 8.154e-11
1249 4.671e-04 8.154e-11
1250 6.146e-04 8.154e-11
1251 7.980e-04 8.154e-11
1252 3.699e-04 8.154e-11
1253 3.720e-03 8.154e-11
1254 1.204e-03 8.154e-11
1255 4.591e-04 8.154e-11
1256 3.774e-04 8.154e-11
1257 2.895e-04 8.154e-11
1258 1.669e-03 8.154e-11
1259 1.712e-03 8.154e-11
1260 6.437e-04 8.154e-11
1261 3.430e-04 8.154e-11
1262 1.142e-01 8.154e-11
1263 3.620e-02 8.154e-11
1264 1.144e-02 8.154e-11
1265 3.653e-03 8.154e-11
1266 1.221e-03 8.154e-11
1267 4.708e-04 8.154e-11
1268 2.914e-04 8.154e-11
1269 4.016e-03 8.154e-11
1270 1.283e-03 8.154e-11
1271 4.463e-04 8.154e-11
1272 2.082e-04 8.154e-11
1273 1.075e-03 8.154e-11
1274 3.987e-03 8.154e-11
1275 1.324e-03 8.154e-11
1276 5.085e-04 8.154e-11
1277 2.782e-04 8.154e-11
1278 2.293e-01 8.154e-11
1279 7.315e-02 8.154e-11
1280 2.317e-02 8.154e-11
1281 7.342e-03 8.154e-11
1282 2.367e-03 8.154e-11
1283 8.046e-04 8.154e-11
1284 3.036e-04 8.154e-11
1285 1.330e-04 8.154e-11
1286 8.030e-05 8.154e-11
1287 1.683e-01 8.154e-11
1288 5.398e-02 8.154e-11
1289 1.712e-02 8.154e-11
1290 5.405e-03 8.154e-11
1291 1.722e-03 8.154e-11
1292 5.745e-04 8.154e-11
1293 2.250e-04 8.154e-11
1294 1.629e-04 8.154e-11
1295 1.688e+01 8.154e-11
1296 6.011e+00 8.154e-11
1297 2.081e+00 8.154e-11
1298 7.117e-01 8.154e-11
1299 2.414e-01 8.154e-11
1300 8.174e-02 8.154e-11
1301 2.773e-02 8.154e-11
1302 9.831e-03 8.154e-11
1303 3.778e-03 8.154e-11
1304 1.879e-03 8.154e-11
1305 1.038e-03 8.154e-11
1306 1.162e-01 8.154e-11
1307 3.758e-02 8.154e-11
1308 1.205e-02 8.154e-11
1309 3.895e-03 8.154e-11
1310 1.393e-03 8.154e-11
1311 8.421e-04 8.154e-11
1312 6.626e+00 8.154e-11
1313 2.236e+00 8.154e-11
1314 7.474e-01 8.154e-11
1315 2.487e-01 8.154e-11
1316 8.360e-02 8.154e-11
1317 2.943e-02 8.154e-11
1318 1.525e-01 8.154e-11
1319 1.003e-01 8.154e-11
1320 3.188e-02 8.154e-11
1321 1.491e-02 8.154e-11
1322 3.100e-01 8.154e-11
1323 8.480e-01 8.154e-11
1324 5.674e+02 8.154e-11
1325 1.037e+05 8.154e-11
1326 3.741e+04 8.154e-11
1327 1.374e+04 8.154e-11
1328 4.960e+03 8.154e-11
1329 1.838e+03 8.154e-11
1330 6.662e+02 8.154e-11
1331 2.187e+10 8.154e-11
1332 3.441e+10 8.154e-11
1333 1.241e+10 8.154e-11
1334 4.478e+09 8.154e-11
1335 1.615e+09 8.154e-11
1336 5.828e+08 8.154e-11
1337 2.102e+08 8.154e-11
1338 7.584e+07 8.154e-11
1339 2.736e+07 8.154e-11
1340 9.870e+06 8.154e-11
1341 3.561e+06 8.154e-11
1342 1.285e+06 8.154e-11
1343 4.646e+05 8.154e-11
1344 1.708e+05 8.154e-11
1345 1.053e+05 8.154e-11
1346 4.496e+04 8.154e-11
1347 4.440e+05 8.154e-11
1348 2.292e+05 8.154e-11
1349 9.955e+05 8.154e-11
1350 3.982e+05 8.154e-11
1351 2.282e+05 8.154e-11
1352 2.606e+05 8.154e-11
1353 2.163e+05 8.154e-11
1354 8.580e+04 8.154e-11
1355 3.173e+04 8.154e-11
1356 1.167e+04 8.154e-11
1357 4.292e+03 8.154e-11
1358 1.577e+03 8.154e-11
1359 5.781e+02 8.154e-11
1360 2.106e+02 8.154e-11
1361 7.606e+01 8.154e-11
1362 2.714e+01 8.154e-11
1363 9.624e+00 8.154e-11
1364 3.425e+00 8.154e-11
1365 1.239e+00 8.154e-11
1366 4.843e-01 8.154e-11
1367 2.507e-01 8.154e-11
1368 4.010e-01 8.154e-11
1369 1.451e-01 8.154e-11
1370 5.982e-02 8.154e-11
1371 2.824e-02 8.154e-11
1372 1.475e-02 8.154e-11
1373 9.164e-03 8.154e-11
1374 6.351e-03 8.154e-11
1375 3.163e-03 8.154e-11
1376 1.996e-03 8.154e-11
1377 3.874e-02 8.154e-11
1378 1.226e-02 8.154e-11
1379 4.006e-03 8.154e-11
1380 1.477e-03 8.154e-11
1381 8.895e-04 8.154e-11
1382 1.859e-03 8.154e-11
1383 7.141e-04 8.154e-11
1384 5.024e-04 8.154e-11
1385 1.157e+00 8.154e-11
1386 3.767e-01 8.154e-11
1387 1.219e-01 8.154e-11
1388 3.935e-02 8.154e-11
1389 1.382e-02 8.154e-11
1390 5.500e-03 8.154e-11
1391 1.053e-02 8.154e-11
1392 1.537e-01 8.154e-11
1393 5.568e-02 8.154e-11
1394 2.137e-02 8.154e-11
1395 7.278e-03 8.154e-11
1396 2.533e-03 8.154e-11
1397 9.780e-04 8.154e-11
1398 4.910e-04 8.154e-11
1399 2.941e-04 8.154e-11
1400 3.035e-04 8.154e-11
1401 3.447e-02 8.154e-11
1402 1.070e-02 8.154e-11
1403 3.327e-03 8.154e-11
1404 1.059e-03 8.154e-11
1405 3.703e-04 8.154e-11
1406 1.892e-04 8.154e-11
1407 5.806e-04 8.154e-11
1408 2.561e-04 8.154e-11
1409 1.362e-04 8.154e-11
1410 1.305e-03 8.154e-11
1411 4.436e-04 8.154e-11
1412 1.847e-04 8.154e-11
1413 1.256e-04 8.154e-11
1414 1.081e-02 8.154e-11
1415 3.332e-03 8.154e-11
1416 1.035e-03 8.154e-11
1417 3.345e-04 8.154e-11
1418 1.254e-04 8.154e-11
1419 9.273e-05 8.154e-11
1420 2.172e+01 8.154e-11
1421 7.549e+00 8.154e-11
1422 2.585e+00 8.154e-11
1423 8.750e-01 8.154e-11
1424 2.949e-01 8.154e-11
1425 9.976e-02 8.154e-11
1426 3.439e-02 8.154e-11
1427 1.175e-02 8.154e-11
1428 4.162e-03 8.154e-11
1429 1.582e-03 8.154e-11
1430 6.732e-04 8.154e-11
1431 3.183e-04 8.154e-11
1432 1.378e-04 8.154e-11
1433 7.577e-05 8.154e-11
1434 3.333e-05 8.154e-11
1435 1.774e-05 8.154e-11
1436 7.781e-06 8.154e-11
1437 3.819e-06 8.154e-11
1438 1.830e-06 8.154e-11
1439 1.493e-06 8.154e-11
1440 7.137e-07 8.154e-11
1441 1.340e-06 8.154e-11
1442 4.834e-07 8.154e-11
1443 2.756e-07 8.154e-11
1444 2.200e-06 8.154e-11
1445 6.865e-07 8.154e-11
1446 2.304e-07 8.154e-11
1447 1.014e-07 8.154e-11
1448 7.707e-08 8.154e-11
1449 1.031e-05 8.154e-11
1450 3.157e-06 8.154e-11
1451 9.892e-07 8.154e-11
1452 3.343e-07 8.154e-11
1453 1.475e-07 8.154e-11
1454 1.431e-07 8.154e-11
1455 7.083e-08 8.154e-11
1456 3.938e-07 8.154e-11
1457 1.248e-07 8.154e-11
1458 4.428e-08 8.154e-11
1459 2.383e-08 8.154e-11
1460 1.783e-07 8.154e-11
1461 5.576e-08 8.154e-11
1462 1.885e-08 8.154e-11
1463 8.502e-09 8.154e-11
1464 4.997e-09 8.154e-11
1465 3.475e-09 8.154e-11
1466 2.643e-09 8.154e-11
1467 1.325e-07 8.154e-11
1468 4.018e-08 8.154e-11
1469 1.224e-08 8.154e-11
1470 3.795e-09 8.154e-11
1471 1.255e-09 8.154e-11
1472 5.006e-10 8.154e-11
1473 5.882e-10 8.154e-11
1474 5.174e-10 8.154e-11
1475 1.886e-09 8.154e-11
1476 9.228e-10 8.154e-11
1477 1.006e-05 8.154e-11
1478 3.067e-06 8.154e-11
1479 9.468e-07 8.154e-11
1480 3.017e-07 8.154e-11
1481 1.027e-07 8.154e-11
1482 3.848e-08 8.154e-11
1483 1.533e-08 8.154e-11
1484 6.156e-09 8.154e-11
1485 2.472e-09 8.154e-11
1486 9.924e-10 8.154e-11
1487 3.989e-10 8.154e-11
1488 1.606e-10 8.154e-11
1489 6.501e-11 6.501e-11
1490 2.660e-11 2.660e-11
1491 1.114e-11 1.114e-11
1492 4.853e-12 4.853e-12
1493 2.295e-12 2.295e-12
1494 1.337e-12 1.337e-12
1495 9.748e-13 9.748e-13
1496 1.296e-09 9.748e-13
1497 3.923e-10 9.748e-13
1498 1.189e-10 9.748e-13
1499 3.625e-11 9.748e-13
1500 1.119e-11 9.748e-13
1501 3.600e-12 9.748e-13
1502 1.270e-12 9.748e-13
1503 6.107e-13 6.107e-13
1504 1.046e-12 6.107e-13
1505 2.719e-13 2.719e-13
1506 6.438e-12 2.719e-13
1507 1.929e-12 2.719e-13
1508 4.746e-13 2.719e-13
1509 8.164e-13 2.719e-13
1510 3.703e-10 2.719e-13
1511 1.120e-10 2.719e-13
1512 3.388e-11 2.719e-13
1513 1.025e-11 2.719e-13
1514 3.101e-12 2.719e-13
1515 9.383e-13 2.719e-13
1516 2.838e-13 2.719e-13
1517 9.203e-14 9.203e-14
1 (precision) 2.839e-14 2.839e-14 (from 9.203e-14)
2 (precision) 5.190e-15 5.190e-15 (from 9.203e-14)
3 (precision) 1.137e-13 5.190e-15 (from 9.203e-14)
4 (precision) 2.997e-14 5.190e-15 (from 9.203e-14)
5 (precision) 1.006e-14 5.190e-15 (from 9.203e-14)
6 (precision) 1.756e-14 5.190e-15 (from 9.203e-14)
7 (precision) 1.283e-05 5.190e-15 (from 9.203e-14)
8 (precision) 3.540e-06 5.190e-15 (from 9.203e-14)
9 (precision) 9.781e-07 5.190e-15 (from 9.203e-14)
10 (precision) 2.714e-07 5.190e-15 (from 9.203e-14)
11 (precision) 7.623e-08 5.190e-15 (from 9.203e-14)
12 (precision) 2.220e-08 5.190e-15 (from 9.203e-14)
13 (precision) 7.127e-09 5.190e-15 (from 9.203e-14)
14 (precision) 2.888e-09 5.190e-15 (from 9.203e-14)
15 (precision) 1.758e-09 5.190e-15 (from 9.203e-14)
16 (precision) 9.641e-10 5.190e-15 (from 9.203e-14)
17 (precision) 9.164e-08 5.190e-15 (from 9.203e-14)
18 (precision) 2.532e-08 5.190e-15 (from 9.203e-14)
19 (precision) 7.042e-09 5.190e-15 (from 9.203e-14)
20 (precision) 2.002e-09 5.190e-15 (from 9.203e-14)
21 (precision) 6.162e-10 5.190e-15 (from 9.203e-14)
22 (precision) 2.519e-10 5.190e-15 (from 9.203e-14)
23 (precision) 3.712e-10 5.190e-15 (from 9.203e-14)
24 (precision) 1.379e-10 5.190e-15 (from 9.203e-14)
25 (precision) 8.968e-11 5.190e-15 (from 9.203e-14)
26 (precision) 2.562e-09 5.190e-15 (from 9.203e-14)
27 (precision) 7.187e-10 5.190e-15 (from 9.203e-14)
28 (precision) 2.106e-10 5.190e-15 (from 9.203e-14)
29 (precision) 7.181e-11 5.190e-15 (from 9.203e-14)
30 (precision) 3.834e-11 5.190e-15 (from 9.203e-14)
31 (precision) 3.434e-10 5.190e-15 (from 9.203e-14)
32 (precision) 9.772e-11 5.190e-15 (from 9.203e-14)
33 (precision) 3.021e-11 5.190e-15 (from 9.203e-14)
34 (precision) 1.278e-11 5.190e-15 (from 9.203e-14)
35 (precision) 2.634e-11 5.190e-15 (from 9.203e-14)
36 (precision) 8.788e-12 5.190e-15 (from 9.203e-14)
37 (precision) 4.857e-12 5.190e-15 (from 9.203e-14)
38 (precision) 6.497e-11 5.190e-15 (from 9.203e-14)
39 (precision) 1.828e-11 5.190e-15 (from 9.203e-14)
40 (precision) 5.428e-12 5.190e-15 (from 9.203e-14)
41 (precision) 1.960e-12 5.190e-15 (from 9.203e-14)
42 (precision) 1.266e-12 5.190e-15 (from 9.203e-14)
43 (precision) 1.134e-09 5.190e-15 (from 9.203e-14)
44 (precision) 3.128e-10 5.190e-15 (from 9.203e-14)
45 (precision) 8.638e-11 5.190e-15 (from 9.203e-14)
46 (precision) 2.399e-11 5.190e-15 (from 9.203e-14)
47 (precision) 6.793e-12 5.190e-15 (from 9.203e-14)
48 (precision) 2.057e-12 5.190e-15 (from 9.203e-14)
49 (precision) 7.942e-13 5.190e-15 (from 9.203e-14)
50 (precision) 7.011e-13 5.190e-15 (from 9.203e-14)
51 (precision) 3.423e-13 5.190e-15 (from 9.203e-14)
52 (precision) 3.085e-12 5.190e-15 (from 9.203e-14)
53 (precision) 8.660e-13 5.190e-15 (from 9.203e-14)
54 (precision) 2.742e-13 5.190e-15 (from 9.203e-14)
55 (precision) 1.173e-13 5.190e-15 (from 9.203e-14)
56 (precision) 3.595e-13 5.190e-15 (from 9.203e-14)
57 (precision) 1.098e-13 5.190e-15 (from 9.203e-14)
58 (precision) 4.502e-14 5.190e-15 (from 9.203e-14)
59 (precision) 4.217e-14 5.190e-15 (from 9.203e-14)
60 (precision) 2.657e-14 5.190e-15 (from 9.203e-14)
61 (precision) 4.901e-14 5.190e-15 (from 9.203e-14)
62 (precision) 1.662e-14 5.190e-15 (from 9.203e-14)
63 (precision) 1.233e-14 5.190e-15 (from 9.203e-14)
64 (precision) 5.618e-14 5.190e-15 (from 9.203e-14)
65 (precision) 8.055e-15 5.190e-15 (from 9.203e-14)
66 (precision) 3.676e-15 3.676e-15 (from 9.203e-14)
67 (precision) 2.686e-15 2.686e-15 (from 9.203e-14)
68 (precision) 4.443e-16 4.443e-16 (from 9.203e-14)
69 (precision) 6.255e-15 4.443e-16 (from 9.203e-14)
70 (precision) 2.060e-15 4.443e-16 (from 9.203e-14)
71 (precision) 9.473e-12 4.443e-16 (from 9.203e-14)
72 (precision) 2.616e-12 4.443e-16 (from 9.203e-14)
73 (precision) 7.248e-13 4.443e-16 (from 9.203e-14)
74 (precision) 1.830e-13 4.443e-16 (from 9.203e-14)
75 (precision) 5.686e-14 4.443e-16 (from 9.203e-14)
76 (precision) 2.088e-14 4.443e-16 (from 9.203e-14)
77 (precision) 1.197e-14 4.443e-16 (from 9.203e-14)
78 (precision) 7.860e-15 4.443e-16 (from 9.203e-14)
79 (precision) 4.579e-15 4.443e-16 (from 9.203e-14)
80 (precision) 6.888e-14 4.443e-16 (from 9.203e-14)
81 (precision) 2.784e-14 4.443e-16 (from 9.203e-14)
82 (precision) 5.601e-15 4.443e-16 (from 9.203e-14)
83 (precision) 9.722e-16 4.443e-16 (from 9.203e-14)
84 (precision) 2.353e-15 4.443e-16 (from 9.203e-14)
85 (precision) 1.673e-14 4.443e-16 (from 9.203e-14)
86 (precision) 1.146e-14 4.443e-16 (from 9.203e-14)
87 (precision) 6.478e-15 4.443e-16 (from 9.203e-14)
88 (precision) 1.084e-11 4.443e-16 (from 9.203e-14)
89 (precision) 2.986e-12 4.443e-16 (from 9.203e-14)
90 (precision) 8.334e-13 4.443e-16 (from 9.203e-14)
91 (precision) 2.293e-13 4.443e-16 (from 9.203e-14)
92 (precision) 6.270e-14 4.443e-16 (from 9.203e-14)
93 (precision) 2.384e-14 4.443e-16 (from 9.203e-14)
94 (precision) 6.390e-15 4.443e-16 (from 9.203e-14)
95 (precision) 3.852e-14 4.443e-16 (from 9.203e-14)
96 (precision) 1.834e-14 4.443e-16 (from 9.203e-14)
97 (precision) 7.243e-15 4.443e-16 (from 9.203e-14)
98 (precision) 1.576e-13 4.443e-16 (from 9.203e-14)
99 (precision) 4.593e-14 4.443e-16 (from 9.203e-14)
100 (precision) 1.259e-14 4.443e-16 (from 9.203e-14)

x: -4.124e-01  3.621e-01 -1.112e-01 -2.855e-01  3.271e-02 -4.431e-01 -1.291e-01  4.472e-01 -8.291e-02  4.297e-01  3.107e-01 -1.879e-01  2.429e-02  2.578e-03  1.813e-01  3.378e-01  4.465e-01  7.987e-02 -2.871e-01  1.928e-01 -4.221e-01  3.998e-01  9.749e-02  4.361e-01 -1.730e-01  2.625e-01 -4.332e-01  3.442e-01  4.460e-01  6.073e-02  4.282e-01 -5.905e-05 -4.395e-01  1.240e-01  3.217e-01 -4.058e-01  4.466e-01 -4.472e-01 -4.088e-01  2.931e-01  2.437e-02 -4.400e-01  3.429e-01 -4.035e-01  1.478e-01 -2.003e-01  4.365e-01 -9.904e-02 -3.340e-01 -2.974e-01  2.384e-01  3.784e-01  1.576e-01 -4.185e-01 -3.855e-01 -2.267e-01  8.219e-02 -4.396e-01 -1.679e-01 -4.145e-01  3.243e-01  3.080e-01  4.335e-01 -1.100e-01  4.321e-01  1.152e-01 -3.102e-01 -3.221e-01  2.807e-01  3.482e-01  4.459e-01 -3.360e-02  1.733e-01 -4.123e-01  3.039e-01  3.281e-01  3.809e-01  2.344e-01 -1.854e-10

grad: -3.640e-16  1.669e-15  7.599e-16 -6.304e-16  1.173e-15 -3.127e-15 -1.360e-15  2.143e-15 -9.468e-16  2.996e-15  1.016e-15 -1.152e-15 -4.116e-16  4.576e-16  4.439e-17  1.081e-15  1.100e-15 -4.601e-16 -1.036e-15  9.981e-16 -1.581e-15  1.441e-15  2.931e-16  5.839e-16 -8.881e-16  8.944e-16  1.134e-15  6.284e-17  1.541e-15  5.052e-16  4.041e-15 -7.085e-16 -2.280e-15  1.453e-15  8.539e-16 -6.842e-16  2.409e-15 -2.834e-15 -1.609e-15  1.207e-15  6.211e-16 -1.454e-15  9.552e-16 -8.360e-16  8.106e-16 -7.360e-16  5.326e-16  3.554e-16  6.935e-16 -1.955e-16 -9.340e-16 -9.450e-17  4.601e-16  1.112e-15  3.143e-16  1.619e-16 -2.077e-16  8.950e-16  4.034e-16  4.120e-16  6.777e-16 -4.206e-16 -5.018e-16 -5.691e-16  1.372e-16  2.064e-16  6.612e-16  7.568e-16  4.425e-17  2.219e-17 -3.534e-16  5.645e-16 -7.038e-17  6.021e-16 -2.182e-16 -5.994e-16 -1.457e-16 -3.417e-16  7.254e-15

finished in 1517 iterations (0.4 seconds total)
max viol = 6.31e-08

---------------------
Result:
---------------------

{(1,0), (0,0), (0,0), (0,0), (0,0)}, {(0,0), (1,0), (0,0), (0,0), (0,0)}, {(0,0), (0,0), (1,0), (0,0), (0,0)}, {(0,0), (0,0), (0,0), (1,0), (0,0)}, {}


{(0.447,0), (0.447,0), (0.447,0), (0.447,0), (0.447,0)}, {(0.447,0), (-0.412,-0.173), (0.362,0.262), (-0.111,-0.433), (-0.285,0.344)}, {}, {}, {}


{(0.447,0), (0.0327,0.446), (-0.443,0.0607), (-0.129,0.428), (0.447,-5.9e-05)}, {}, {}, {}, {}


{(0.447,0), (-0.0829,-0.439), (0.43,0.124), (0.311,0.322), (-0.188,-0.406)}, {}, {}, {}, {}


{(0.447,0), (0.0243,0.447), (0.00258,-0.447), (0.181,-0.409), (0.338,0.293)}, {}, {}, {}, {}


{(0.447,0), (0.447,0.0244), (0.0799,-0.44), (-0.287,0.343), (0.193,-0.404)}, {}, {}, {}, {}


{(0.447,0), (-0.422,0.148), (0.4,-0.2), (0.0975,0.436), (0.436,-0.099)}, {}, {}, {}, {}

---------------------
Abs of Gram matrix:
---------------------

 { { +1.0000, +0.0000, +0.0000, +0.0000, +0.0000, +0.4472, +0.4472, +0.0000, +0.0000, +0.0000, +0.4472, +0.0000, +0.0000, +0.0000, +0.0000, +0.4472, +0.0000, +0.0000, +0.0000, +0.0000, +0.4472, +0.0000, +0.0000, +0.0000, +0.0000, +0.4472, +0.0000, +0.0000, +0.0000, +0.0000, +0.4472, +0.0000, +0.0000, +0.0000, +0.0000}, 
   { +0.0000, +1.0000, +0.0000, +0.0000, +0.0000, +0.4472, +0.4472, +0.0000, +0.0000, +0.0000, +0.4472, +0.0000, +0.0000, +0.0000, +0.0000, +0.4472, +0.0000, +0.0000, +0.0000, +0.0000, +0.4472, +0.0000, +0.0000, +0.0000, +0.0000, +0.4472, +0.0000, +0.0000, +0.0000, +0.0000, +0.4472, +0.0000, +0.0000, +0.0000, +0.0000}, 
   { +0.0000, +0.0000, +1.0000, +0.0000, +0.0000, +0.4472, +0.4472, +0.0000, +0.0000, +0.0000, +0.4472, +0.0000, +0.0000, +0.0000, +0.0000, +0.4472, +0.0000, +0.0000, +0.0000, +0.0000, +0.4472, +0.0000, +0.0000, +0.0000, +0.0000, +0.4472, +0.0000, +0.0000, +0.0000, +0.0000, +0.4472, +0.0000, +0.0000, +0.0000, +0.0000}, 
   { +0.0000, +0.0000, +0.0000, +1.0000, +0.0000, +0.4472, +0.4472, +0.0000, +0.0000, +0.0000, +0.4472, +0.0000, +0.0000, +0.0000, +0.0000, +0.4472, +0.0000, +0.0000, +0.0000, +0.0000, +0.4472, +0.0000, +0.0000, +0.0000, +0.0000, +0.4472, +0.0000, +0.0000, +0.0000, +0.0000, +0.4472, +0.0000, +0.0000, +0.0000, +0.0000}, 
   { +0.0000, +0.0000, +0.0000, +0.0000, +0.0000, +0.0000, +0.0000, +0.0000, +0.0000, +0.0000, +0.0000, +0.0000, +0.0000, +0.0000, +0.0000, +0.0000, +0.0000, +0.0000, +0.0000, +0.0000, +0.0000, +0.0000, +0.0000, +0.0000, +0.0000, +0.0000, +0.0000, +0.0000, +0.0000, +0.0000, +0.0000, +0.0000, +0.0000, +0.0000, +0.0000}, 
   { +0.4472, +0.4472, +0.4472, +0.4472, +0.0000, +1.0000, +0.0003, +0.0000, +0.0000, +0.0000, +0.4472, +0.0000, +0.0000, +0.0000, +0.0000, +0.4472, +0.0000, +0.0000, +0.0000, +0.0000, +0.4472, +0.0000, +0.0000, +0.0000, +0.0000, +0.4472, +0.0000, +0.0000, +0.0000, +0.0000, +0.4472, +0.0000, +0.0000, +0.0000, +0.0000}, 
   { +0.4472, +0.4472, +0.4472, +0.4472, +0.0000, +0.0003, +1.0000, +0.0000, +0.0000, +0.0000, +0.4472, +0.0000, +0.0000, +0.0000, +0.0000, +0.4472, +0.0000, +0.0000, +0.0000, +0.0000, +0.4472, +0.0000, +0.0000, +0.0000, +0.0000, +0.4472, +0.0000, +0.0000, +0.0000, +0.0000, +0.4472, +0.0000, +0.0000, +0.0000, +0.0000}, 
   { +0.0000, +0.0000, +0.0000, +0.0000, +0.0000, +0.0000, +0.0000, +0.0000, +0.0000, +0.0000, +0.0000, +0.0000, +0.0000, +0.0000, +0.0000, +0.0000, +0.0000, +0.0000, +0.0000, +0.0000, +0.0000, +0.0000, +0.0000, +0.0000, +0.0000, +0.0000, +0.0000, +0.0000, +0.0000, +0.0000, +0.0000, +0.0000, +0.0000, +0.0000, +0.0000}, 
   { +0.0000, +0.0000, +0.0000, +0.0000, +0.0000, +0.0000, +0.0000, +0.0000, +0.0000, +0.0000, +0.0000, +0.0000, +0.0000, +0.0000, +0.0000, +0.0000, +0.0000, +0.0000, +0.0000, +0.0000, +0.0000, +0.0000, +0.0000, +0.0000, +0.0000, +0.0000, +0.0000, +0.0000, +0.0000, +0.0000, +0.0000, +0.0000, +0.0000, +0.0000, +0.0000}, 
   { +0.0000, +0.0000, +0.0000, +0.0000, +0.0000, +0.0000, +0.0000, +0.0000, +0.0000, +0.0000, +0.0000, +0.0000, +0.0000, +0.0000, +0.0000, +0.0000, +0.0000, +0.0000, +0.0000, +0.0000, +0.0000, +0.0000, +0.0000, +0.0000, +0.0000, +0.0000, +0.0000, +0.0000, +0.0000, +0.0000, +0.0000, +0.0000, +0.0000, +0.0000, +0.0000}, 
   { +0.4472, +0.4472, +0.4472, +0.4472, +0.0000, +0.4472, +0.4472, +0.0000, +0.0000, +0.0000, +1.0000, +0.0000, +0.0000, +0.0000, +0.0000, +0.4472, +0.0000, +0.0000, +0.0000, +0.0000, +0.4472, +0.0000, +0.0000, +0.0000, +0.0000, +0.4472, +0.0000, +0.0000, +0.0000, +0.0000, +0.4472, +0.0000, +0.0000, +0.0000, +0.0000}, 
   { +0.0000, +0.0000, +0.0000, +0.0000, +0.0000, +0.0000, +0.0000, +0.0000, +0.0000, +0.0000, +0.0000, +0.0000, +0.0000, +0.0000, +0.0000, +0.0000, +0.0000, +0.0000, +0.0000, +0.0000, +0.0000, +0.0000, +0.0000, +0.0000, +0.0000, +0.0000, +0.0000, +0.0000, +0.0000, +0.0000, +0.0000, +0.0000, +0.0000, +0.0000, +0.0000}, 
   { +0.0000, +0.0000, +0.0000, +0.0000, +0.0000, +0.0000, +0.0000, +0.0000, +0.0000, +0.0000, +0.0000, +0.0000, +0.0000, +0.0000, +0.0000, +0.0000, +0.0000, +0.0000, +0.0000, +0.0000, +0.0000, +0.0000, +0.0000, +0.0000, +0.0000, +0.0000, +0.0000, +0.0000, +0.0000, +0.0000, +0.0000, +0.0000, +0.0000, +0.0000, +0.0000}, 
   { +0.0000, +0.0000, +0.0000, +0.0000, +0.0000, +0.0000, +0.0000, +0.0000, +0.0000, +0.0000, +0.0000, +0.0000, +0.0000, +0.0000, +0.0000, +0.0000, +0.0000, +0.0000, +0.0000, +0.0000, +0.0000, +0.0000, +0.0000, +0.0000, +0.0000, +0.0000, +0.0000, +0.0000, +0.0000, +0.0000, +0.0000, +0.0000, +0.0000, +0.0000, +0.0000}, 
   { +0.0000, +0.0000, +0.0000, +0.0000, +0.0000, +0.0000, +0.0000, +0.0000, +0.0000, +0.0000, +0.0000, +0.0000, +0.0000, +0.0000, +0.0000, +0.0000, +0.0000, +0.0000, +0.0000, +0.0000, +0.0000, +0.0000, +0.0000, +0.0000, +0.0000, +0.0000, +0.0000, +0.0000, +0.0000, +0.0000, +0.0000, +0.0000, +0.0000, +0.0000, +0.0000}, 
   { +0.4472, +0.4472, +0.4472, +0.4472, +0.0000, +0.4472, +0.4472, +0.0000, +0.0000, +0.0000, +0.4472, +0.0000, +0.0000, +0.0000, +0.0000, +1.0000, +0.0000, +0.0000, +0.0000, +0.0000, +0.4472, +0.0000, +0.0000, +0.0000, +0.0000, +0.4472, +0.0000, +0.0000, +0.0000, +0.0000, +0.4472, +0.0000, +0.0000, +0.0000, +0.0000}, 
   { +0.0000, +0.0000, +0.0000, +0.0000, +0.0000, +0.0000, +0.0000, +0.0000, +0.0000, +0.0000, +0.0000, +0.0000, +0.0000, +0.0000, +0.0000, +0.0000, +0.0000, +0.0000, +0.0000, +0.0000, +0.0000, +0.0000, +0.0000, +0.0000, +0.0000, +0.0000, +0.0000, +0.0000, +0.0000, +0.0000, +0.0000, +0.0000, +0.0000, +0.0000, +0.0000}, 
   { +0.0000, +0.0000, +0.0000, +0.0000, +0.0000, +0.0000, +0.0000, +0.0000, +0.0000, +0.0000, +0.0000, +0.0000, +0.0000, +0.0000, +0.0000, +0.0000, +0.0000, +0.0000, +0.0000, +0.0000, +0.0000, +0.0000, +0.0000, +0.0000, +0.0000, +0.0000, +0.0000, +0.0000, +0.0000, +0.0000, +0.0000, +0.0000, +0.0000, +0.0000, +0.0000}, 
   { +0.0000, +0.0000, +0.0000, +0.0000, +0.0000, +0.0000, +0.0000, +0.0000, +0.0000, +0.0000, +0.0000, +0.0000, +0.0000, +0.0000, +0.0000, +0.0000, +0.0000, +0.0000, +0.0000, +0.0000, +0.0000, +0.0000, +0.0000, +0.0000, +0.0000, +0.0000, +0.0000, +0.0000, +0.0000, +0.0000, +0.0000, +0.0000, +0.0000, +0.0000, +0.0000}, 
   { +0.0000, +0.0000, +0.0000, +0.0000, +0.0000, +0.0000, +0.0000, +0.0000, +0.0000, +0.0000, +0.0000, +0.0000, +0.0000, +0.0000, +0.0000, +0.0000, +0.0000, +0.0000, +0.0000, +0.0000, +0.0000, +0.0000, +0.0000, +0.0000, +0.0000, +0.0000, +0.0000, +0.0000, +0.0000, +0.0000, +0.0000, +0.0000, +0.0000, +0.0000, +0.0000}, 
   { +0.4472, +0.4472, +0.4472, +0.4472, +0.0000, +0.4472, +0.4472, +0.0000, +0.0000, +0.0000, +0.4472, +0.0000, +0.0000, +0.0000, +0.0000, +0.4472, +0.0000, +0.0000, +0.0000, +0.0000, +1.0000, +0.0000, +0.0000, +0.0000, +0.0000, +0.4472, +0.0000, +0.0000, +0.0000, +0.0000, +0.4472, +0.0000, +0.0000, +0.0000, +0.0000}, 
   { +0.0000, +0.0000, +0.0000, +0.0000, +0.0000, +0.0000, +0.0000, +0.0000, +0.0000, +0.0000, +0.0000, +0.0000, +0.0000, +0.0000, +0.0000, +0.0000, +0.0000, +0.0000, +0.0000, +0.0000, +0.0000, +0.0000, +0.0000, +0.0000, +0.0000, +0.0000, +0.0000, +0.0000, +0.0000, +0.0000, +0.0000, +0.0000, +0.0000, +0.0000, +0.0000}, 
   { +0.0000, +0.0000, +0.0000, +0.0000, +0.0000, +0.0000, +0.0000, +0.0000, +0.0000, +0.0000, +0.0000, +0.0000, +0.0000, +0.0000, +0.0000, +0.0000, +0.0000, +0.0000, +0.0000, +0.0000, +0.0000, +0.0000, +0.0000, +0.0000, +0.0000, +0.0000, +0.0000, +0.0000, +0.0000, +0.0000, +0.0000, +0.0000, +0.0000, +0.0000, +0.0000}, 
   { +0.0000, +0.0000, +0.0000, +0.0000, +0.0000, +0.0000, +0.0000, +0.0000, +0.0000, +0.0000, +0.0000, +0.0000, +0.0000, +0.0000, +0.0000, +0.0000, +0.0000, +0.0000, +0.0000, +0.0000, +0.0000, +0.0000, +0.0000, +0.0000, +0.0000, +0.0000, +0.0000, +0.0000, +0.0000, +0.0000, +0.0000, +0.0000, +0.0000, +0.0000, +0.0000}, 
   { +0.0000, +0.0000, +0.0000, +0.0000, +0.0000, +0.0000, +0.0000, +0.0000, +0.0000, +0.0000, +0.0000, +0.0000, +0.0000, +0.0000, +0.0000, +0.0000, +0.0000, +0.0000, +0.0000, +0.0000, +0.0000, +0.0000, +0.0000, +0.0000, +0.0000, +0.0000, +0.0000, +0.0000, +0.0000, +0.0000, +0.0000, +0.0000, +0.0000, +0.0000, +0.0000}, 
   { +0.4472, +0.4472, +0.4472, +0.4472, +0.0000, +0.4472, +0.4472, +0.0000, +0.0000, +0.0000, +0.4472, +0.0000, +0.0000, +0.0000, +0.0000, +0.4472, +0.0000, +0.0000, +0.0000, +0.0000, +0.4472, +0.0000, +0.0000, +0.0000, +0.0000, +1.0000, +0.0000, +0.0000, +0.0000, +0.0000, +0.4472, +0.0000, +0.0000, +0.0000, +0.0000}, 
   { +0.0000, +0.0000, +0.0000, +0.0000, +0.0000, +0.0000, +0.0000, +0.0000, +0.0000, +0.0000, +0.0000, +0.0000, +0.0000, +0.0000, +0.0000, +0.0000, +0.0000, +0.0000, +0.0000, +0.0000, +0.0000, +0.0000, +0.0000, +0.0000, +0.0000, +0.0000, +0.0000, +0.0000, +0.0000, +0.0000, +0.0000, +0.0000, +0.0000, +0.0000, +0.0000}, 
   { +0.0000, +0.0000, +0.0000, +0.0000, +0.0000, +0.0000, +0.0000, +0.0000, +0.0000, +0.0000, +0.0000, +0.0000, +0.0000, +0.0000, +0.0000, +0.0000, +0.0000, +0.0000, +0.0000, +0.0000, +0.0000, +0.0000, +0.0000, +0.0000, +0.0000, +0.0000, +0.0000, +0.0000, +0.0000, +0.0000, +0.0000, +0.0000, +0.0000, +0.0000, +0.0000}, 
   { +0.0000, +0.0000, +0.0000, +0.0000, +0.0000, +0.0000, +0.0000, +0.0000, +0.0000, +0.0000, +0.0000, +0.0000, +0.0000, +0.0000, +0.0000, +0.0000, +0.0000, +0.0000, +0.0000, +0.0000, +0.0000, +0.0000, +0.0000, +0.0000, +0.0000, +0.0000, +0.0000, +0.0000, +0.0000, +0.0000, +0.0000, +0.0000, +0.0000, +0.0000, +0.0000}, 
   { +0.0000, +0.0000, +0.0000, +0.0000, +0.0000, +0.0000, +0.0000, +0.0000, +0.0000, +0.0000, +0.0000, +0.0000, +0.0000, +0.0000, +0.0000, +0.0000, +0.0000, +0.0000, +0.0000, +0.0000, +0.0000, +0.0000, +0.0000, +0.0000, +0.0000, +0.0000, +0.0000, +0.0000, +0.0000, +0.0000, +0.0000, +0.0000, +0.0000, +0.0000, +0.0000}, 
   { +0.4472, +0.4472, +0.4472, +0.4472, +0.0000, +0.4472, +0.4472, +0.0000, +0.0000, +0.0000, +0.4472, +0.0000, +0.0000, +0.0000, +0.0000, +0.4472, +0.0000, +0.0000, +0.0000, +0.0000, +0.4472, +0.0000, +0.0000, +0.0000, +0.0000, +0.4472, +0.0000, +0.0000, +0.0000, +0.0000, +1.0000, +0.0000, +0.0000, +0.0000, +0.0000}, 
   { +0.0000, +0.0000, +0.0000, +0.0000, +0.0000, +0.0000, +0.0000, +0.0000, +0.0000, +0.0000, +0.0000, +0.0000, +0.0000, +0.0000, +0.0000, +0.0000, +0.0000, +0.0000, +0.0000, +0.0000, +0.0000, +0.0000, +0.0000, +0.0000, +0.0000, +0.0000, +0.0000, +0.0000, +0.0000, +0.0000, +0.0000, +0.0000, +0.0000, +0.0000, +0.0000}, 
   { +0.0000, +0.0000, +0.0000, +0.0000, +0.0000, +0.0000, +0.0000, +0.0000, +0.0000, +0.0000, +0.0000, +0.0000, +0.0000, +0.0000, +0.0000, +0.0000, +0.0000, +0.0000, +0.0000, +0.0000, +0.0000, +0.0000, +0.0000, +0.0000, +0.0000, +0.0000, +0.0000, +0.0000, +0.0000, +0.0000, +0.0000, +0.0000, +0.0000, +0.0000, +0.0000}, 
   { +0.0000, +0.0000, +0.0000, +0.0000, +0.0000, +0.0000, +0.0000, +0.0000, +0.0000, +0.0000, +0.0000, +0.0000, +0.0000, +0.0000, +0.0000, +0.0000, +0.0000, +0.0000, +0.0000, +0.0000, +0.0000, +0.0000, +0.0000, +0.0000, +0.0000, +0.0000, +0.0000, +0.0000, +0.0000, +0.0000, +0.0000, +0.0000, +0.0000, +0.0000, +0.0000}, 
   { +0.0000, +0.0000, +0.0000, +0.0000, +0.0000, +0.0000, +0.0000, +0.0000, +0.0000, +0.0000, +0.0000, +0.0000, +0.0000, +0.0000, +0.0000, +0.0000, +0.0000, +0.0000, +0.0000, +0.0000, +0.0000, +0.0000, +0.0000, +0.0000, +0.0000, +0.0000, +0.0000, +0.0000, +0.0000, +0.0000, +0.0000, +0.0000, +0.0000, +0.0000, +0.0000} } 
