---------------------
Basis Indices:
---------------------

{-, -, -, -, -}, {-, -, -, -, -}, {-, -, -, -, -}, {-, -, -, -, -}, {-, -, -, -, -}


{-, -, -, -, -}, {-, 31+i131, 32+i132, 33+i133, 34+i134}, {}, {}, {}


{-, 51+i151, 52+i152, 53+i153, 54+i154}, {-, 56+i156, 57+i157, 58+i158, 59+i159}, {}, {}, {}


{-, 76+i176, 77+i177, 78+i178, 79+i179}, {}, {}, {}, {}

---------------------
Index Mapping: 
---------------------

{214: 38, 207: 33, 206: 32, 205: 31, 204: 30, 179: 29, 76: 11, 56: 7, 54: 6, 53: 5, 52: 4, 77: 12, 51: 3, 178: 28, 32: 1, 59: 10, 177: 27, 57: 8, 31: 0, 58: 9, 176: 26, 78: 13, 79: 14, 131: 15, 132: 16, 133: 17, 210: 34, 33: 2, 151: 18, 211: 35, 152: 19, 212: 36, 153: 20, 213: 37, 154: 21, 215: 39, 156: 22, 157: 23, 158: 24, 159: 25}

---------------------
Final Problem: 
---------------------
Find a point satisfying:

0.4*{1921} + 0.4*{ 4 5} + 0.178885*{ 3} + 0.4*{2021} + 0.4*{1920} + 0.4*{ 3 6} + 0.4*{ 3 5} + 0.4*{1820} + 0.4*{1819} + 0.4*{ 3 4} + 0.178885*{ 6} + 0.178885*{ 4} + 0.178885*{ 5} + 0.4*{1821} + 0.4*{ 4 6} + 0.4*{ 5 6} = 0 

0.178885*{10} + 0.4*{2225} + 0.4*{2224} + 0.4*{2324} + 0.4*{ 810} + 0.4*{ 7 9} + 0.4*{2325} + 0.4*{2425} + 0.178885*{ 7} + 0.178885*{ 8} + 0.4*{ 7 8} + 0.178885*{ 9} + 0.4*{ 710} + 0.4*{2223} + 0.4*{ 910} + 0.4*{ 8 9} = 0 

-0.2*{} + 1*{3131} + 1*{3030} = 0 

1*{1518} + -1*{ 0 6} + 1*{1619} + 1*{ 1 4} + -1*{1621} + 1*{ 0 3} + -1*{1521} + 1*{ 2 5} + -1*{ 2 6} + 0.2*{} + 1*{1720} + -1*{1721} + -1*{30} + -1*{ 1 6} + -0.447214*{ 6} = 0 

1*{ 617} + -1*{ 021} + 1*{ 220} + 1*{ 018} + 1*{ 615} + -1*{31} + -1*{ 517} + -1*{ 315} + -1*{ 416} + 1*{ 119} + -1*{ 221} + -1*{ 121} + 1*{ 616} + -0.447214*{21} = 0 

-0.2*{} + 1*{3333} + 1*{3232} = 0 

1*{ 0 7} + -0.447214*{10} + -1*{1525} + -1*{32} + 0.2*{} + 1*{1522} + -1*{ 210} + -1*{1725} + 1*{1724} + -1*{ 110} + -1*{ 010} + 1*{ 1 8} + 1*{ 2 9} + 1*{1623} + -1*{1625} = 0 

-1*{ 125} + -1*{ 917} + 1*{ 224} + 1*{1017} + 1*{ 022} + -0.447214*{25} + -1*{ 816} + -1*{ 025} + -1*{ 225} + 1*{1016} + 1*{ 123} + 1*{1015} + -1*{33} + -1*{ 715} = 0 

0.178885*{14} + 0.4*{2829} + 0.4*{1113} + 0.178885*{13} + 0.178885*{12} + 0.4*{2627} + 0.4*{2728} + 0.4*{2729} + 0.4*{1114} + 0.4*{1112} + 0.4*{2628} + 0.4*{2629} + 0.4*{1214} + 0.4*{1314} + 0.4*{1213} + 0.178885*{11} = 0 

-0.2*{} + 1*{3535} + 1*{3434} = 0 

-1*{1529} + 1*{1627} + -0.447214*{14} + -1*{34} + 1*{1526} + 1*{1728} + 1*{ 213} + -1*{1729} + 1*{ 011} + 0.2*{} + -1*{1629} + -1*{ 214} + 1*{ 112} + -1*{ 114} + -1*{ 014} = 0 

-1*{1317} + -1*{ 229} + 1*{1417} + -1*{ 029} + 1*{ 026} + -1*{35} + 1*{ 228} + -1*{1115} + -1*{ 129} + 1*{ 127} + 1*{1416} + -0.447214*{29} + 1*{1415} + -1*{1216} = 0 

1*{1923} + 1*{ 4 8} + 1*{1822} + 1*{ 5 9} + 1*{2125} + 1*{2024} + 0.2*{} + 1*{ 3 7} + 1*{ 610} = 0 

1*{ 524} + -1*{1021} + -1*{ 718} + 1*{ 322} + -1*{ 819} + 1*{ 625} + 1*{ 423} + -1*{ 920} = 0 

-0.2*{} + 1*{3737} + 1*{3636} = 0 

1*{ 311} + 1*{ 513} + 1*{1927} + -1*{36} + 1*{2028} + 1*{ 614} + 0.2*{} + 1*{ 412} + 1*{1826} + 1*{2129} = 0 

1*{ 427} + -1*{37} + 1*{ 629} + -1*{1118} + 1*{ 326} + -1*{1219} + -1*{1320} + -1*{1421} + 1*{ 528} = 0 

-0.2*{} + 1*{3838} + 1*{3939} = 0 

1*{2529} + 1*{2428} + 0.2*{} + 1*{2327} + 1*{2226} + 1*{ 913} + 1*{ 711} + 1*{1014} + 1*{ 812} + -1*{38} = 0 

-1*{1223} + -1*{39} + 1*{ 928} + 1*{1029} + -1*{1324} + -1*{1122} + 1*{ 726} + -1*{1425} + 1*{ 827} = 0 

1*{1515} + -0.2*{} + 1*{ 0 0} = 0 

-0.2*{} + 1*{ 1 1} + 1*{1616} = 0 

1*{1717} + -0.2*{} + 1*{ 2 2} = 0 

0.6*{} + 2*{ 0 1} + 0.894427*{ 0} + 2*{ 0 2} + 2*{1517} + 0.894427*{ 1} + 2*{1516} + 2*{ 1 2} + 0.894427*{ 2} + 2*{1617} = 0 

-0.2*{} + 1*{1818} + 1*{ 3 3} = 0 

-0.2*{} + 1*{1919} + 1*{ 4 4} = 0 

1*{2020} + -0.2*{} + 1*{ 5 5} = 0 

-0.2*{} + 1*{2121} + 1*{ 6 6} = 0 

-0.2*{} + 1*{ 7 7} + 1*{2222} = 0 

-0.2*{} + 1*{2323} + 1*{ 8 8} = 0 

1*{2424} + -0.2*{} + 1*{ 9 9} = 0 

-0.2*{} + 1*{2525} + 1*{1010} = 0 

-0.2*{} + 1*{2626} + 1*{1111} = 0 

-0.2*{} + 1*{2727} + 1*{1212} = 0 

-0.2*{} + 1*{2828} + 1*{1313} = 0 

-0.2*{} + 1*{2929} + 1*{1414} = 0 

128*{ 3} + 32*{ 4} + -8*{ 9} + -4*{24} + 4*{20} + 1*{21} + -2*{10} + -64*{22} + -16*{23} + -128*{ 7} + 2*{ 6} + 16*{19} + 64*{18} + 8*{ 5} + -1*{25} + -32*{ 8} > 0 

6*{ 2} + 3*{17} + -4*{20} + -1*{21} + -128*{ 3} + -64*{18} + -8*{ 5} + 126*{ 0} + -32*{ 4} + -2*{ 6} + 30*{ 1} + 63*{15} + -16*{19} + -0.894427*{} + 15*{16} > 0 

8*{ 5} + -128*{11} + 64*{18} + 128*{ 3} + -8*{13} + -1*{29} + -32*{12} + -4*{28} + -16*{27} + 16*{19} + 1*{21} + 4*{20} + 32*{ 4} + -64*{26} + 2*{ 6} + -2*{14} > 0 

-128*{ 1} + -1*{27} + -2*{12} + -32*{ 4} + 32*{ 3} + 2*{11} + 16*{18} + 128*{ 0} + -64*{16} + -8*{ 8} + -16*{19} + 64*{15} + 1*{26} + 8*{ 7} + 4*{22} + -4*{23} > 0 

1*{27} + 128*{ 1} + -4*{24} + -32*{ 5} + -1*{28} + -64*{17} + -8*{ 9} + 32*{ 4} + -16*{20} + 8*{ 8} + 64*{16} + 4*{23} + 2*{12} + -128*{ 2} + -2*{13} + 16*{19} > 0 

64*{16} + 57.2433*{} + 256*{ 2} + 4*{24} + 16*{20} + -16*{21} + 128*{17} + 1*{28} + -8*{10} + 2*{13} + 64*{15} + -1*{29} + 128*{ 1} + -2*{14} + -32*{ 6} + 32*{ 5} + 128*{ 0} + -4*{25} + 8*{ 9} > 0 

1*{29} > 0 

{5, 2, 2, 1, 1, 1, 1} 40
1 2.159750e+00 2.159750e+00
2 1.423030e+00 1.423030e+00
3 1.012909e+00 1.012909e+00
4 2.831133e+00 1.012909e+00
5 1.088016e+00 1.012909e+00
6 2.268232e+04 1.012909e+00
7 2.298442e+05 1.012909e+00
8 8.291002e+04 1.012909e+00
9 2.990536e+04 1.012909e+00
10 1.078612e+04 1.012909e+00
11 3.890000e+03 1.012909e+00
12 6.063178e+06 1.012909e+00
13 2.190392e+06 1.012909e+00
14 7.901027e+05 1.012909e+00
15 2.849832e+05 1.012909e+00
16 1.027841e+05 1.012909e+00
17 3.706775e+04 1.012909e+00
18 1.337108e+04 1.012909e+00
19 4.821574e+03 1.012909e+00
20 1.737482e+03 1.012909e+00
21 6.259528e+02 1.012909e+00
22 2.254341e+02 1.012909e+00
23 8.118934e+01 1.012909e+00
24 2.928792e+01 1.012909e+00
25 1.064414e+01 1.012909e+00
26 1.111704e+02 1.012909e+00
27 4.085950e+01 1.012909e+00
28 1.457830e+01 1.012909e+00
29 5.430206e+00 1.012909e+00
30 2.090794e+00 1.012909e+00
31 9.402217e-01 9.402217e-01
32 5.808519e-01 5.808519e-01
33 3.594224e-01 3.594224e-01
34 2.229754e-01 2.229754e-01
35 6.963510e+04 2.229754e-01
36 3.781897e+02 2.229754e-01
37 9.979676e+00 2.229754e-01
38 5.683727e+00 2.229754e-01
39 5.145734e+01 2.229754e-01
40 2.133248e+01 2.229754e-01
41 3.126131e+01 2.229754e-01
42 1.176341e+01 2.229754e-01
43 4.148357e+00 2.229754e-01
44 1.459747e+00 2.229754e-01
45 5.124212e-01 2.229754e-01
46 3.158766e-01 2.229754e-01
47 1.946890e-01 1.946890e-01
48 1.199928e-01 1.199928e-01
49 7.392506e-02 7.392506e-02
50 4.565325e-02 4.565325e-02
51 2.837460e-02 2.837460e-02
52 1.781043e-02 1.781043e-02
53 1.131591e-02 1.131591e-02
54 7.270189e-03 7.270189e-03
55 4.692167e-03 4.692167e-03
56 3.038378e-03 3.038378e-03
57 1.972163e-03 1.972163e-03
58 1.280916e-03 1.280916e-03
59 8.504850e-04 8.504850e-04
60 5.597945e-04 5.597945e-04
61 7.056614e-04 5.597945e-04
62 4.204598e-04 4.204598e-04
63 2.567275e-04 2.567275e-04
64 1.633790e-04 1.633790e-04
65 1.178990e-04 1.178990e-04
66 8.717754e-05 8.717754e-05
67 6.302618e-05 6.302618e-05
68 4.399777e-05 4.399777e-05
69 2.983313e-05 2.983313e-05
70 1.973414e-05 1.973414e-05
71 1.279258e-05 1.279258e-05
72 8.159034e-06 8.159034e-06
73 5.136826e-06 5.136826e-06
74 3.201094e-06 3.201094e-06
75 1.978761e-06 1.978761e-06
76 1.215441e-06 1.215441e-06
77 7.428778e-07 7.428778e-07
78 4.522891e-07 4.522891e-07
79 2.745371e-07 2.745371e-07
80 1.662504e-07 1.662504e-07
81 1.004913e-07 1.004913e-07
82 6.065621e-08 6.065621e-08
83 3.657140e-08 3.657140e-08
84 2.203102e-08 2.203102e-08
85 1.326289e-08 1.326289e-08
86 7.980262e-09 7.980262e-09
87 4.799785e-09 4.799785e-09
88 2.885966e-09 2.885966e-09
89 1.734826e-09 1.734826e-09
90 1.042652e-09 1.042652e-09
91 6.265559e-10 6.265559e-10
92 3.764707e-10 3.764707e-10
93 2.261858e-10 2.261858e-10
94 1.358847e-10 1.358847e-10
95 8.163047e-11 8.163047e-11
96 4.903646e-11 4.903646e-11
97 2.945509e-11 2.945509e-11
98 1.769296e-11 1.769296e-11
99 1.062774e-11 1.062774e-11
100 6.383123e-12 6.383123e-12
101 3.834491e-12 3.834491e-12
102 2.303110e-12 2.303110e-12
103 1.383048e-12 1.383048e-12
104 8.311347e-13 8.311347e-13
finished in 104 iterations (0.026 seconds total)
max viol = 1.80453e-07
max viol of orig = 0.443293
In a nicer form:
 { { (+1.0000000,+0.0000000), (+0.0000000,+0.0000000), (+0.0000000,+0.0000000), (+0.0000000,+0.0000000), (+0.0000000,+0.0000000)}, 
   { (+0.0000000,+0.0000000), (+1.0000000,+0.0000000), (+0.0000000,+0.0000000), (+0.0000000,+0.0000000), (+0.0000000,+0.0000000)}, 
   { (+0.0000000,+0.0000000), (+0.0000000,+0.0000000), (+1.0000000,+0.0000000), (+0.0000000,+0.0000000), (+0.0000000,+0.0000000)}, 
   { (+0.0000000,+0.0000000), (+0.0000000,+0.0000000), (+0.0000000,+0.0000000), (+1.0000000,+0.0000000), (+0.0000000,+0.0000000)}, 
   { (+0.0000000,+0.0000000), (+0.0000000,+0.0000000), (+0.0000000,+0.0000000), (+0.0000000,+0.0000000), (+1.0000000,+0.0000000)} } 
 { { (+0.4472136,+0.0000000), (+0.4472136,+0.0000000), (+0.4472136,+0.0000000), (+0.4472136,+0.0000000), (+0.4472136,+0.0000000)}, 
   { (+0.4472136,+0.0000000), (-0.1454416,-0.4229028), (+0.2788564,+0.3496271), (-0.2479697,+0.3721707), (+0.0000000,+0.0000000)}, 
   { (+0.4472136,+0.0000000), (+0.0000000,+0.0000000), (+0.0000000,+0.0000000), (+0.0000000,+0.0000000), (+0.0000000,+0.0000000)}, 
   { (+0.4472136,+0.0000000), (+0.0000000,+0.0000000), (+0.0000000,+0.0000000), (+0.0000000,+0.0000000), (+0.0000000,+0.0000000)}, 
   { (+0.4472136,+0.0000000), (+0.0000000,+0.0000000), (+0.0000000,+0.0000000), (+0.0000000,+0.0000000), (+0.0000000,+0.0000000)} } 
 { { (+0.4472136,+0.0000000), (+0.2441743,-0.3746718), (+0.4009700,+0.1980483), (+0.1882909,-0.4056434), (-0.4461164,+0.0313088)}, 
   { (+0.4472136,+0.0000000), (-0.4402353,+0.0786953), (-0.4188436,+0.1567486), (-0.3641495,-0.2596058), (-0.1136029,-0.4325441)}, 
   { (+0.4472136,+0.0000000), (+0.0000000,+0.0000000), (+0.0000000,+0.0000000), (+0.0000000,+0.0000000), (+0.0000000,+0.0000000)}, 
   { (+0.4472136,+0.0000000), (+0.0000000,+0.0000000), (+0.0000000,+0.0000000), (+0.0000000,+0.0000000), (+0.0000000,+0.0000000)}, 
   { (+0.4472136,+0.0000000), (+0.0000000,+0.0000000), (+0.0000000,+0.0000000), (+0.0000000,+0.0000000), (+0.0000000,+0.0000000)} } 
 { { (+0.4472136,+0.0000000), (-0.3288478,+0.3030827), (+0.4357667,+0.1005357), (-0.4246001,+0.1404095), (+0.0025832,+0.4472063)}, 
   { (+0.4472136,+0.0000000), (+0.0000000,+0.0000000), (+0.0000000,+0.0000000), (+0.0000000,+0.0000000), (+0.0000000,+0.0000000)}, 
   { (+0.4472136,+0.0000000), (+0.0000000,+0.0000000), (+0.0000000,+0.0000000), (+0.0000000,+0.0000000), (+0.0000000,+0.0000000)}, 
   { (+0.4472136,+0.0000000), (+0.0000000,+0.0000000), (+0.0000000,+0.0000000), (+0.0000000,+0.0000000), (+0.0000000,+0.0000000)}, 
   { (+0.4472136,+0.0000000), (+0.0000000,+0.0000000), (+0.0000000,+0.0000000), (+0.0000000,+0.0000000), (+0.0000000,+0.0000000)} } 
