---------------------
Basis Indices:
---------------------

{-, -, -, -, -}, {-, -, -, -, -}, {-, -, -, -, -}, {-, -, -, -, -}, {-, -, -, -, -}


{-, -, -, -, -}, {-, 31+i206, 32+i207, 33+i208, 34+i209}, {}, {}, {}


{-, 51+i226, 52+i227, 53+i228, 54+i229}, {}, {}, {}, {}


{-, 76+i251, 77+i252, 78+i253, 79+i254}, {}, {}, {}, {}


{-, 101+i276, 102+i277, 103+i278, 104+i279}, {}, {}, {}, {}


{-, 126+i301, 127+i302, 128+i303, 129+i304}, {}, {}, {}, {}


{-, 151+i326, 152+i327, 153+i328, 154+i329}, {}, {}, {}, {}

---------------------
Problem: 
---------------------
Find a point satisfying:

-0.2*{} + 1*{ 351 351} + 1*{ 350 350} = 0 

1*{ 208 228} + 1*{  33  53} + 1*{ 207 227} + 1*{  32  52} + 1*{ 209 229} + 1*{  34  54} + 1*{  31  51} + 1*{ 206 226} + 0.2*{} + -1*{ 350} = 0 

-1*{  53 208} + 1*{  31 226} + -1*{  52 207} + 1*{  33 228} + 1*{  32 227} + -1*{  51 206} + 1*{  34 229} + -1*{  54 209} + -1*{ 351} = 0 

-0.2*{} + 1*{ 353 353} + 1*{ 352 352} = 0 

1*{ 207 252} + 1*{ 208 253} + 1*{  32  77} + -1*{ 352} + 1*{  33  78} + 1*{ 206 251} + 0.2*{} + 1*{  31  76} + 1*{  34  79} + 1*{ 209 254} = 0 

1*{  33 253} + -1*{  77 207} + 1*{  32 252} + -1*{  78 208} + 1*{  34 254} + -1*{  76 206} + -1*{  79 209} + 1*{  31 251} + -1*{ 353} = 0 

-0.2*{} + 1*{ 355 355} + 1*{ 354 354} = 0 

1*{ 208 278} + 1*{  33 103} + 0.2*{} + 1*{  32 102} + 1*{ 207 277} + 1*{ 206 276} + 1*{  31 101} + 1*{ 209 279} + 1*{  34 104} + -1*{ 354} = 0 

1*{  32 277} + -1*{ 101 206} + -1*{ 102 207} + -1*{ 103 208} + 1*{  34 279} + 1*{  31 276} + -1*{ 104 209} + 1*{  33 278} + -1*{ 355} = 0 

-0.2*{} + 1*{ 357 357} + 1*{ 356 356} = 0 

1*{ 208 303} + 1*{  33 128} + -1*{ 356} + 1*{  32 127} + 1*{ 206 301} + 1*{ 207 302} + 1*{ 209 304} + 1*{  31 126} + 0.2*{} + 1*{  34 129} = 0 

-1*{ 127 207} + 1*{  33 303} + 1*{  32 302} + -1*{ 126 206} + 1*{  31 301} + -1*{ 129 209} + -1*{ 357} + -1*{ 128 208} + 1*{  34 304} = 0 

-0.2*{} + 1*{ 359 359} + 1*{ 358 358} = 0 

1*{ 208 328} + 1*{  33 153} + 1*{ 206 326} + 0.2*{} + 1*{  32 152} + 1*{ 209 329} + 1*{ 207 327} + -1*{ 358} + 1*{  31 151} + 1*{  34 154} = 0 

-1*{ 152 207} + -1*{ 151 206} + -1*{ 359} + 1*{  32 327} + -1*{ 153 208} + 1*{  31 326} + 1*{  34 329} + 1*{  33 328} + -1*{ 154 209} = 0 

-0.2*{} + 1*{ 206 206} + 1*{  31  31} = 0 

-0.2*{} + 1*{ 207 207} + 1*{  32  32} = 0 

-0.2*{} + 1*{ 208 208} + 1*{  33  33} = 0 

-0.2*{} + 1*{ 209 209} + 1*{  34  34} = 0 

0.4*{  32  33} + 0.2*{ 206 206} + 0.4*{ 206 209} + 0.2*{  31  31} + 0.4*{  31  32} + 0.2*{  32  32} + 0.178885*{  34} + 0.4*{  31  34} + 0.178885*{  33} + 0.178885*{  32} + 0.2*{  33  33} + 0.4*{  33  34} + 0.04*{} + 0.4*{ 207 208} + 0.4*{ 207 209} + 0.2*{ 208 208} + 0.4*{  31  33} + 0.2*{ 207 207} + 0.4*{ 208 209} + 0.4*{ 206 207} + 0.2*{ 209 209} + 0.2*{  34  34} + 0.178885*{  31} + 0.4*{ 206 208} + 0.4*{  32  34} = 0 

-0.2*{} + 1*{ 361 361} + 1*{ 360 360} = 0 

1*{ 228 253} + 1*{  53  78} + 1*{ 226 251} + 1*{  52  77} + 1*{  54  79} + 1*{ 229 254} + 0.2*{} + 1*{ 227 252} + 1*{  51  76} + -1*{ 360} = 0 

1*{  53 253} + -1*{  79 229} + -1*{  78 228} + -1*{ 361} + -1*{  77 227} + 1*{  52 252} + 1*{  54 254} + -1*{  76 226} + 1*{  51 251} = 0 

-0.2*{} + 1*{ 363 363} + 1*{ 362 362} = 0 

1*{ 227 277} + 1*{  52 102} + 1*{ 229 279} + 1*{ 228 278} + 1*{ 226 276} + 1*{  53 103} + 1*{  51 101} + 1*{  54 104} + -1*{ 362} + 0.2*{} = 0 

-1*{ 103 228} + 1*{  53 278} + -1*{ 102 227} + -1*{ 101 226} + 1*{  51 276} + -1*{ 363} + 1*{  52 277} + 1*{  54 279} + -1*{ 104 229} = 0 

-0.2*{} + 1*{ 365 365} + 1*{ 364 364} = 0 

1*{ 228 303} + 1*{  53 128} + -1*{ 364} + 1*{  54 129} + 1*{ 227 302} + 1*{  52 127} + 1*{ 226 301} + 1*{  51 126} + 0.2*{} + 1*{ 229 304} = 0 

-1*{ 128 228} + -1*{ 127 227} + 1*{  52 302} + 1*{  51 301} + 1*{  54 304} + 1*{  53 303} + -1*{ 126 226} + -1*{ 129 229} + -1*{ 365} = 0 

-0.2*{} + 1*{ 367 367} + 1*{ 366 366} = 0 

1*{  52 152} + 0.2*{} + 1*{ 226 326} + 1*{  53 153} + 1*{ 228 328} + 1*{  51 151} + 1*{ 229 329} + 1*{ 227 327} + 1*{  54 154} + -1*{ 366} = 0 

1*{  51 326} + 1*{  53 328} + -1*{ 152 227} + 1*{  52 327} + -1*{ 153 228} + -1*{ 151 226} + 1*{  54 329} + -1*{ 154 229} + -1*{ 367} = 0 

-0.2*{} + 1*{ 226 226} + 1*{  51  51} = 0 

-0.2*{} + 1*{ 227 227} + 1*{  52  52} = 0 

1*{ 228 228} + -0.2*{} + 1*{  53  53} = 0 

-0.2*{} + 1*{ 229 229} + 1*{  54  54} = 0 

0.4*{ 226 227} + 0.4*{ 227 228} + 0.4*{  51  53} + 0.4*{  51  52} + 0.2*{ 228 228} + 0.178885*{  53} + 0.2*{ 226 226} + -0.16*{} + 0.2*{  54  54} + 0.4*{ 228 229} + 0.178885*{  54} + 0.2*{  53  53} + 0.4*{ 226 228} + 0.4*{  52  53} + 0.4*{  53  54} + 0.2*{  52  52} + 0.4*{ 227 229} + 0.178885*{  51} + 0.2*{  51  51} + 0.4*{  51  54} + 0.2*{ 229 229} + 0.178885*{  52} + 0.2*{ 227 227} + 0.4*{  52  54} + 0.4*{ 226 229} = 0 

-0.2*{} + 1*{ 369 369} + 1*{ 368 368} = 0 

1*{ 253 278} + 1*{  77 102} + 1*{ 251 276} + 1*{  78 103} + 1*{  79 104} + 1*{  76 101} + -1*{ 368} + 1*{ 252 277} + 1*{ 254 279} + 0.2*{} = 0 

-1*{ 103 253} + 1*{  76 276} + -1*{ 102 252} + 1*{  79 279} + 1*{  78 278} + 1*{  77 277} + -1*{ 104 254} + -1*{ 369} + -1*{ 101 251} = 0 

-0.2*{} + 1*{ 371 371} + 1*{ 370 370} = 0 

1*{  78 128} + 1*{  77 127} + 1*{ 253 303} + 1*{ 251 301} + 1*{  79 129} + 0.2*{} + 1*{ 254 304} + 1*{ 252 302} + 1*{  76 126} + -1*{ 370} = 0 

1*{  78 303} + -1*{ 128 253} + -1*{ 127 252} + -1*{ 126 251} + 1*{  77 302} + 1*{  76 301} + 1*{  79 304} + -1*{ 129 254} + -1*{ 371} = 0 

-0.2*{} + 1*{ 373 373} + 1*{ 372 372} = 0 

1*{ 252 327} + 1*{ 251 326} + 1*{  76 151} + 1*{  77 152} + 0.2*{} + 1*{  78 153} + 1*{  79 154} + 1*{ 253 328} + 1*{ 254 329} + -1*{ 372} = 0 

-1*{ 151 251} + -1*{ 153 253} + 1*{  78 328} + 1*{  77 327} + -1*{ 154 254} + 1*{  76 326} + -1*{ 152 252} + 1*{  79 329} + -1*{ 373} = 0 

-0.2*{} + 1*{ 251 251} + 1*{  76  76} = 0 

-0.2*{} + 1*{ 252 252} + 1*{  77  77} = 0 

-0.2*{} + 1*{ 253 253} + 1*{  78  78} = 0 

-0.2*{} + 1*{ 254 254} + 1*{  79  79} = 0 

0.4*{  77  79} + 0.2*{  76  76} + 0.4*{  76  77} + 0.4*{  76  79} + 0.178885*{  77} + 0.2*{ 252 252} + 0.178885*{  76} + 0.2*{ 251 251} + 0.178885*{  79} + 0.2*{ 254 254} + 0.4*{ 252 253} + 0.2*{  78  78} + -0.16*{} + 0.4*{  77  78} + 0.4*{ 252 254} + 0.4*{  78  79} + 0.2*{  79  79} + 0.2*{ 253 253} + 0.2*{  77  77} + 0.178885*{  78} + 0.4*{  76  78} + 0.4*{ 251 252} + 0.4*{ 251 253} + 0.4*{ 251 254} + 0.4*{ 253 254} = 0 

-0.2*{} + 1*{ 375 375} + 1*{ 374 374} = 0 

1*{ 103 128} + 1*{ 277 302} + -1*{ 374} + 1*{ 278 303} + 1*{ 102 127} + 1*{ 276 301} + 1*{ 101 126} + 0.2*{} + 1*{ 104 129} + 1*{ 279 304} = 0 

-1*{ 128 278} + -1*{ 127 277} + 1*{ 102 302} + -1*{ 129 279} + 1*{ 104 304} + 1*{ 101 301} + 1*{ 103 303} + -1*{ 126 276} + -1*{ 375} = 0 

1*{ 377 377} + -0.2*{} + 1*{ 376 376} = 0 

1*{ 278 328} + -1*{ 376} + 1*{ 277 327} + 1*{ 104 154} + 1*{ 276 326} + 1*{ 101 151} + 1*{ 103 153} + 0.2*{} + 1*{ 102 152} + 1*{ 279 329} = 0 

-1*{ 153 278} + -1*{ 152 277} + 1*{ 103 328} + 1*{ 102 327} + 1*{ 101 326} + -1*{ 151 276} + -1*{ 154 279} + 1*{ 104 329} + -1*{ 377} = 0 

-0.2*{} + 1*{ 276 276} + 1*{ 101 101} = 0 

-0.2*{} + 1*{ 277 277} + 1*{ 102 102} = 0 

-0.2*{} + 1*{ 278 278} + 1*{ 103 103} = 0 

-0.2*{} + 1*{ 279 279} + 1*{ 104 104} = 0 

0.4*{ 276 278} + 0.4*{ 103 104} + 0.4*{ 102 103} + 0.2*{ 102 102} + 0.178885*{ 101} + 0.2*{ 101 101} + 0.2*{ 103 103} + 0.2*{ 279 279} + 0.4*{ 276 279} + 0.2*{ 277 277} + 0.4*{ 277 278} + 0.2*{ 104 104} + 0.178885*{ 103} + 0.178885*{ 104} + 0.4*{ 276 277} + 0.4*{ 101 102} + 0.4*{ 277 279} + 0.2*{ 278 278} + 0.4*{ 278 279} + 0.4*{ 101 104} + 0.178885*{ 102} + 0.4*{ 102 104} + 0.2*{ 276 276} + -0.16*{} + 0.4*{ 101 103} = 0 

-0.2*{} + 1*{ 379 379} + 1*{ 378 378} = 0 

1*{ 303 328} + 1*{ 128 153} + 1*{ 302 327} + 1*{ 127 152} + 1*{ 301 326} + -1*{ 378} + 1*{ 126 151} + 1*{ 129 154} + 0.2*{} + 1*{ 304 329} = 0 

-1*{ 153 303} + -1*{ 152 302} + 1*{ 126 326} + 1*{ 127 327} + -1*{ 151 301} + -1*{ 154 304} + 1*{ 128 328} + 1*{ 129 329} + -1*{ 379} = 0 

-0.2*{} + 1*{ 301 301} + 1*{ 126 126} = 0 

-0.2*{} + 1*{ 302 302} + 1*{ 127 127} = 0 

-0.2*{} + 1*{ 303 303} + 1*{ 128 128} = 0 

-0.2*{} + 1*{ 304 304} + 1*{ 129 129} = 0 

0.2*{ 126 126} + 0.2*{ 129 129} + 0.4*{ 126 129} + 0.4*{ 127 129} + 0.4*{ 301 304} + 0.178885*{ 128} + 0.4*{ 127 128} + 0.4*{ 302 304} + 0.2*{ 127 127} + 0.178885*{ 127} + 0.2*{ 303 303} + 0.4*{ 128 129} + 0.178885*{ 129} + 0.2*{ 304 304} + 0.2*{ 301 301} + 0.2*{ 302 302} + 0.178885*{ 126} + 0.2*{ 128 128} + -0.16*{} + 0.4*{ 126 128} + 0.4*{ 301 303} + 0.4*{ 303 304} + 0.4*{ 302 303} + 0.4*{ 126 127} + 0.4*{ 301 302} = 0 

-0.2*{} + 1*{ 326 326} + 1*{ 151 151} = 0 

-0.2*{} + 1*{ 327 327} + 1*{ 152 152} = 0 

-0.2*{} + 1*{ 328 328} + 1*{ 153 153} = 0 

-0.2*{} + 1*{ 329 329} + 1*{ 154 154} = 0 

0.4*{ 326 327} + 0.4*{ 151 152} + 0.2*{ 329 329} + 0.4*{ 151 153} + 0.4*{ 326 329} + 0.178885*{ 151} + 0.4*{ 152 153} + -0.16*{} + 0.4*{ 153 154} + 0.2*{ 151 151} + 0.2*{ 154 154} + 0.4*{ 326 328} + 0.178885*{ 154} + 0.2*{ 328 328} + 0.4*{ 151 154} + 0.4*{ 327 329} + 0.2*{ 326 326} + 0.4*{ 328 329} + 0.2*{ 152 152} + 0.2*{ 327 327} + 0.4*{ 152 154} + 0.4*{ 327 328} + 0.178885*{ 153} + 0.2*{ 153 153} + 0.178885*{ 152} = 0 

set sizes: {5, 2, 1, 1, 1, 1, 1}, vars: 78, vectors: 12
1 7.306655e+00 7.306655e+00
2 1.223738e+04 7.306655e+00
3 4.538832e+03 7.306655e+00
4 1.676283e+03 7.306655e+00
5 6.019167e+02 7.306655e+00
6 2.156575e+02 7.306655e+00
7 7.694367e+01 7.306655e+00
8 2.759088e+01 7.306655e+00
9 9.891166e+00 7.306655e+00
10 9.351987e+03 7.306655e+00
11 6.697803e+03 7.306655e+00
12 9.977329e+03 7.306655e+00
13 3.597122e+03 7.306655e+00
14 1.296694e+03 7.306655e+00
15 4.671969e+02 7.306655e+00
16 1.688062e+02 7.306655e+00
17 6.069773e+01 7.306655e+00
18 1.925616e+02 7.306655e+00
19 5.617219e+02 7.306655e+00
20 3.211094e+03 7.306655e+00
21 1.156935e+03 7.306655e+00
22 4.165574e+02 7.306655e+00
23 1.498255e+02 7.306655e+00
24 5.379414e+01 7.306655e+00
25 1.925906e+01 7.306655e+00
26 6.862853e+00 6.862853e+00
27 2.429497e+00 2.429497e+00
28 8.524045e-01 8.524045e-01
29 2.971235e-01 2.971235e-01
30 1.042899e-01 1.042899e-01
31 5.626065e-01 1.042899e-01
32 1.223290e+00 1.042899e-01
33 1.424810e+00 1.042899e-01
34 4.900165e-01 1.042899e-01
35 1.667223e-01 1.042899e-01
36 5.836788e-02 5.836788e-02
37 2.804390e-01 5.836788e-02
38 9.818891e-02 5.836788e-02
39 3.450209e-02 3.450209e-02
40 2.196254e-02 2.196254e-02
41 2.197685e-02 2.196254e-02
42 3.615272e-02 2.196254e-02
43 2.211734e-02 2.196254e-02
44 1.599894e+00 2.196254e-02
45 4.097820e+00 2.196254e-02
46 1.517405e+00 2.196254e-02
47 5.230664e-01 2.196254e-02
48 1.786562e-01 2.196254e-02
49 6.053554e-02 2.196254e-02
50 2.057111e-02 2.057111e-02
51 7.236868e-03 7.236868e-03
52 2.928984e-03 2.928984e-03
53 2.765204e-03 2.765204e-03
54 1.417231e-03 1.417231e-03
55 2.416581e-03 1.417231e-03
56 9.318915e-04 9.318915e-04
57 1.363571e-02 9.318915e-04
58 4.889755e-03 9.318915e-04
59 1.798441e-03 9.318915e-04
60 1.020422e-03 9.318915e-04
61 5.355620e-02 9.318915e-04
62 1.706114e-02 9.318915e-04
63 9.814097e-03 9.318915e-04
64 3.170052e-03 9.318915e-04
65 1.119451e-03 9.318915e-04
66 5.169039e-04 5.169039e-04
67 1.194645e-03 5.169039e-04
68 4.299578e-04 4.299578e-04
69 2.472259e-04 2.472259e-04
70 2.329193e+01 2.472259e-04
71 6.331527e+04 2.472259e-04
72 8.899109e+12 2.472259e-04
73 3.210360e+12 2.472259e-04
74 1.158139e+12 2.472259e-04
75 4.177990e+11 2.472259e-04
76 1.507212e+11 2.472259e-04
77 5.437273e+10 2.472259e-04
78 1.961498e+10 2.472259e-04
79 7.076112e+09 2.472259e-04
80 2.552709e+09 2.472259e-04
81 9.208906e+08 2.472259e-04
82 3.322115e+08 2.472259e-04
83 1.198453e+08 2.472259e-04
84 4.323423e+07 2.472259e-04
85 1.559675e+07 2.472259e-04
86 5.626528e+06 2.472259e-04
87 2.029767e+06 2.472259e-04
88 7.322355e+05 2.472259e-04
89 2.641517e+05 2.472259e-04
90 9.529099e+04 2.472259e-04
91 3.437496e+04 2.472259e-04
92 1.239986e+04 2.472259e-04
93 4.472601e+03 2.472259e-04
94 1.613031e+03 2.472259e-04
95 5.815783e+02 2.472259e-04
96 2.095795e+02 2.472259e-04
97 7.545091e+01 2.472259e-04
98 2.711418e+01 2.472259e-04
99 9.712549e+00 2.472259e-04
100 3.460368e+00 2.472259e-04
101 1.222680e+00 2.472259e-04
102 4.274216e-01 2.472259e-04
103 1.480439e-01 2.472259e-04
104 5.134163e-02 2.472259e-04
105 1.828934e-02 2.472259e-04
106 7.127201e-03 2.472259e-04
107 3.574868e-03 2.472259e-04
108 3.953285e-03 2.472259e-04
109 1.924548e-03 2.472259e-04
110 3.005370e-02 2.472259e-04
111 9.516700e-03 2.472259e-04
112 3.154490e-03 2.472259e-04
113 1.226309e-03 2.472259e-04
114 9.062981e-04 2.472259e-04
115 6.305801e+06 2.472259e-04
116 2.272900e+06 2.472259e-04
117 8.195854e+05 2.472259e-04
118 2.955218e+05 2.472259e-04
119 1.076506e+05 2.472259e-04
120 3.880003e+04 2.472259e-04
121 1.398578e+04 2.472259e-04
122 5.035217e+03 2.472259e-04
123 1.810784e+03 2.472259e-04
124 6.500251e+02 2.472259e-04
125 2.326419e+02 2.472259e-04
126 8.354574e+01 2.472259e-04
127 1.846037e+06 2.472259e-04
128 6.733870e+05 2.472259e-04
129 2.428563e+05 2.472259e-04
130 8.757978e+04 2.472259e-04
131 3.157748e+04 2.472259e-04
132 1.138244e+04 2.472259e-04
133 4.101214e+03 2.472259e-04
134 1.476754e+03 2.472259e-04
135 5.312852e+02 2.472259e-04
136 2.187628e+02 2.472259e-04
137 7.839229e+01 2.472259e-04
138 2.804419e+01 2.472259e-04
139 1.103187e+01 2.472259e-04
140 3.940222e+00 2.472259e-04
141 2.768807e+00 2.472259e-04
142 2.171639e+00 2.472259e-04
143 1.068986e+03 2.472259e-04
144 6.700473e+02 2.472259e-04
145 2.871925e+03 2.472259e-04
146 1.118668e+03 2.472259e-04
147 4.023938e+02 2.472259e-04
148 1.457564e+02 2.472259e-04
149 5.227577e+01 2.472259e-04
150 1.870302e+01 2.472259e-04
151 6.681332e+00 2.472259e-04
152 2.659266e+00 2.472259e-04
153 1.051546e+00 2.472259e-04
154 2.982220e+01 2.472259e-04
155 2.201138e+04 2.472259e-04
156 7.938338e+03 2.472259e-04
157 2.864247e+03 2.472259e-04
158 1.033119e+03 2.472259e-04
159 3.786622e+02 2.472259e-04
160 1.511945e+02 2.472259e-04
161 8.271734e+01 2.472259e-04
162 7.119085e+03 2.472259e-04
163 4.931996e+03 2.472259e-04
164 1.789659e+03 2.472259e-04
165 9.218750e+02 2.472259e-04
166 2.163208e+04 2.472259e-04
167 1.034637e+04 2.472259e-04
168 3.927699e+03 2.472259e-04
169 2.103502e+03 2.472259e-04
170 7.159968e+03 2.472259e-04
171 7.875138e+03 2.472259e-04
172 4.944543e+03 2.472259e-04
173 2.157041e+03 2.472259e-04
174 8.076462e+02 2.472259e-04
175 2.984309e+02 2.472259e-04
176 1.093968e+02 2.472259e-04
177 3.970910e+01 2.472259e-04
178 1.433154e+01 2.472259e-04
179 5.187215e+00 2.472259e-04
180 1.909031e+00 2.472259e-04
181 7.448861e-01 2.472259e-04
182 3.304377e-01 2.472259e-04
183 1.900270e-01 2.472259e-04
184 1.821107e-01 2.472259e-04
185 6.735819e-02 2.472259e-04
186 3.722310e-02 2.472259e-04
187 2.386541e-02 2.472259e-04
188 4.556249e-02 2.472259e-04
189 1.687913e-02 2.472259e-04
190 8.439393e-03 2.472259e-04
191 1.207944e-02 2.472259e-04
192 4.867931e-03 2.472259e-04
193 2.870697e-03 2.472259e-04
194 1.934062e-02 2.472259e-04
195 6.254700e-03 2.472259e-04
196 2.229796e-03 2.472259e-04
197 1.168766e-03 2.472259e-04
198 1.907053e-02 2.472259e-04
199 5.348399e+01 2.472259e-04
200 4.271285e+03 2.472259e-04
201 1.901345e+04 2.472259e-04
202 7.322433e+03 2.472259e-04
203 2.640226e+03 2.472259e-04
204 9.507350e+02 2.472259e-04
205 3.420067e+02 2.472259e-04
206 1.228257e+02 2.472259e-04
207 4.399388e+01 2.472259e-04
208 1.569041e+01 2.472259e-04
209 5.560580e+00 2.472259e-04
210 1.958865e+00 2.472259e-04
211 6.912277e-01 2.472259e-04
212 2.295424e+00 2.472259e-04
213 1.071874e+02 2.472259e-04
214 1.320676e+06 2.472259e-04
215 1.729042e+06 2.472259e-04
216 6.264941e+05 2.472259e-04
217 2.265844e+05 2.472259e-04
218 8.172662e+04 2.472259e-04
219 2.947524e+04 2.472259e-04
220 1.062881e+04 2.472259e-04
221 3.831893e+03 2.472259e-04
222 1.381432e+03 2.472259e-04
223 4.966413e+02 2.472259e-04
224 1.783932e+02 2.472259e-04
225 6.403041e+01 2.472259e-04
226 2.298335e+01 2.472259e-04
227 8.278504e+00 2.472259e-04
228 3.017493e+00 2.472259e-04
229 1.132115e+00 2.472259e-04
230 4.537776e-01 2.472259e-04
231 2.126634e-01 2.472259e-04
232 1.352268e-01 2.472259e-04
233 6.939740e-02 2.472259e-04
234 3.433307e-02 2.472259e-04
235 1.876403e-02 2.472259e-04
236 1.047495e-02 2.472259e-04
237 1.159420e-02 2.472259e-04
238 3.128800e-02 2.472259e-04
239 1.153585e-02 2.472259e-04
240 6.140666e-03 2.472259e-04
241 3.955251e-02 2.472259e-04
242 1.331586e-02 2.472259e-04
243 5.018341e-03 2.472259e-04
244 2.936563e-03 2.472259e-04
245 1.105344e-01 2.472259e-04
246 3.591013e-02 2.472259e-04
247 1.156953e-02 2.472259e-04
248 3.918776e-03 2.472259e-04
249 1.604121e-03 2.472259e-04
250 1.325447e-03 2.472259e-04
251 2.477437e-03 2.472259e-04
252 9.330541e-04 2.472259e-04
253 6.106784e-04 2.472259e-04
254 5.106725e-03 2.472259e-04
255 1.641892e-03 2.472259e-04
256 5.885288e-04 2.472259e-04
257 3.278835e-04 2.472259e-04
258 2.471492e-02 2.472259e-04
259 7.950649e-03 2.472259e-04
260 2.533875e-03 2.472259e-04
261 8.250809e-04 2.472259e-04
262 2.977172e-04 2.472259e-04
263 1.630461e-04 1.630461e-04
264 1.410264e-02 1.630461e-04
265 4.392917e-03 1.630461e-04
266 1.379384e-03 1.630461e-04
267 4.582004e-04 1.630461e-04
268 1.674662e-04 1.630461e-04
269 8.745455e-05 8.745455e-05
270 4.215327e-04 8.745455e-05
271 1.550857e-04 8.745455e-05
272 8.219572e-05 8.219572e-05
273 7.690192e-04 8.219572e-05
274 5.119619e-02 8.219572e-05
275 1.650668e-02 8.219572e-05
276 5.178604e-03 8.219572e-05
277 1.644840e-03 8.219572e-05
278 5.529243e-04 8.219572e-05
279 2.267617e-04 8.219572e-05
280 1.795960e-04 8.219572e-05
281 1.943225e-03 8.219572e-05
282 6.229973e-04 8.219572e-05
283 2.243593e-04 8.219572e-05
284 1.282576e-04 8.219572e-05
285 2.234629e-02 8.219572e-05
286 6.981494e-03 8.219572e-05
287 2.487992e-03 8.219572e-05
288 7.867913e-04 8.219572e-05
289 2.648531e-04 8.219572e-05
290 1.123815e-04 8.219572e-05
291 1.419337e-04 8.219572e-05
292 8.997192e-05 8.219572e-05
293 8.658802e-03 8.219572e-05
294 2.699947e-03 8.219572e-05
295 8.517315e-04 8.219572e-05
296 2.817033e-04 8.219572e-05
297 1.097227e-04 8.219572e-05
298 7.973028e-05 7.973028e-05
299 9.006829e-04 7.973028e-05
300 3.294240e-04 7.973028e-05
301 1.220142e-04 7.973028e-05
302 8.171382e-05 7.973028e-05
303 4.692662e-02 7.973028e-05
304 1.504068e-02 7.973028e-05
305 4.829040e-03 7.973028e-05
306 1.775489e-03 7.973028e-05
307 6.735128e-04 7.973028e-05
308 3.304325e-04 7.973028e-05
309 1.287410e-02 7.973028e-05
310 4.061362e-03 7.973028e-05
311 1.270956e-03 7.973028e-05
312 4.140655e-04 7.973028e-05
313 1.563109e-04 7.973028e-05
314 1.077426e-04 7.973028e-05
315 1.056381e+00 7.973028e-05
316 3.540166e-01 7.973028e-05
317 1.161524e-01 7.973028e-05
318 3.782133e-02 7.973028e-05
319 1.263182e-02 7.973028e-05
320 4.385612e-03 7.973028e-05
321 1.741176e-03 7.973028e-05
322 9.115939e-04 7.973028e-05
323 9.950732e-03 7.973028e-05
324 3.152785e-03 7.973028e-05
325 1.047149e-03 7.973028e-05
326 4.107884e-04 7.973028e-05
327 3.116448e-04 7.973028e-05
328 2.555078e-04 7.973028e-05
329 5.931606e-02 7.973028e-05
330 9.619289e-02 7.973028e-05
331 3.135065e-02 7.973028e-05
332 1.048883e-02 7.973028e-05
333 3.762086e-03 7.973028e-05
334 1.499413e-03 7.973028e-05
335 6.513070e-04 7.973028e-05
336 3.014132e-04 7.973028e-05
337 2.135846e-04 7.973028e-05
338 5.304898e-03 7.973028e-05
339 1.688448e-03 7.973028e-05
340 5.890524e-04 7.973028e-05
341 2.009622e-04 7.973028e-05
342 9.009114e-05 7.973028e-05
343 1.647100e-04 7.973028e-05
344 6.301363e-05 6.301363e-05
345 4.648175e-05 4.648175e-05
346 2.831707e+00 4.648175e-05
347 1.596221e+02 4.648175e-05
348 5.687045e+01 4.648175e-05
349 7.598127e+01 4.648175e-05
350 1.150961e+02 4.648175e-05
351 4.108921e+01 4.648175e-05
352 2.811953e+01 4.648175e-05
353 9.957854e+00 4.648175e-05
354 3.497587e+00 4.648175e-05
355 1.229962e+00 4.648175e-05
356 4.385623e-01 4.648175e-05
357 1.616569e-01 4.648175e-05
358 6.096889e-02 4.648175e-05
359 6.350017e-02 4.648175e-05
360 2.392894e-02 4.648175e-05
361 1.186290e-02 4.648175e-05
362 2.874138e+01 4.648175e-05
363 1.144744e+01 4.648175e-05
364 4.040471e+00 4.648175e-05
365 1.416694e+00 4.648175e-05
366 4.934385e-01 4.648175e-05
367 1.727108e-01 4.648175e-05
368 6.260818e-02 4.648175e-05
369 2.453043e-02 4.648175e-05
370 5.718672e+01 4.648175e-05
371 4.222033e+01 4.648175e-05
372 4.256616e+01 4.648175e-05
373 1.515964e+01 4.648175e-05
374 5.365206e+00 4.648175e-05
375 1.879302e+00 4.648175e-05
376 6.550596e-01 4.648175e-05
377 2.252006e-01 4.648175e-05
378 7.811499e-02 4.648175e-05
379 1.796335e-01 4.648175e-05
380 4.083002e+00 4.648175e-05
381 1.459726e+00 4.648175e-05
382 1.123222e+02 4.648175e-05
383 1.381013e+03 4.648175e-05
384 6.782114e+02 4.648175e-05
385 2.430173e+02 4.648175e-05
386 8.677896e+01 4.648175e-05
387 3.094381e+01 4.648175e-05
388 1.102642e+01 4.648175e-05
389 1.472293e+03 4.648175e-05
390 8.844805e+02 4.648175e-05
391 3.182779e+02 4.648175e-05
392 1.153513e+02 4.648175e-05
393 7.711371e+01 4.648175e-05
394 5.791904e+01 4.648175e-05
395 2.441942e+01 4.648175e-05
396 1.160445e+06 4.648175e-05
397 4.224452e+05 4.648175e-05
398 1.523814e+05 4.648175e-05
399 5.797797e+04 4.648175e-05
400 9.396302e+04 4.648175e-05
401 4.227324e+04 4.648175e-05
402 1.008807e+06 4.648175e-05
403 3.918428e+05 4.648175e-05
404 1.194851e+08 4.648175e-05
405 4.311055e+07 4.648175e-05
406 1.555856e+07 4.648175e-05
407 5.886354e+06 4.648175e-05
408 3.820092e+06 4.648175e-05
409 3.874866e+07 4.648175e-05
410 1.399578e+07 4.648175e-05
411 5.086632e+06 4.648175e-05
412 2.116294e+06 4.648175e-05
413 3.443831e+06 4.648175e-05
414 1.429994e+06 4.648175e-05
415 5.427429e+06 4.648175e-05
416 4.773318e+06 4.648175e-05
417 1.857839e+06 4.648175e-05
418 7.019674e+05 4.648175e-05
419 2.607267e+05 4.648175e-05
420 9.619000e+04 4.648175e-05
421 3.548091e+04 4.648175e-05
422 1.309815e+04 4.648175e-05
423 4.833714e+03 4.648175e-05
424 1.779277e+03 4.648175e-05
425 6.516126e+02 4.648175e-05
426 2.369326e+02 4.648175e-05
427 8.550235e+01 4.648175e-05
428 3.073478e+01 4.648175e-05
429 1.110266e+01 4.648175e-05
430 4.076020e+00 4.648175e-05
431 1.549893e+00 4.648175e-05
432 6.316413e-01 4.648175e-05
433 2.844313e-01 4.648175e-05
434 1.615201e-01 4.648175e-05
435 9.379366e-02 4.648175e-05
436 5.004824e-02 4.648175e-05
437 1.127789e-01 4.648175e-05
438 4.434498e-02 4.648175e-05
439 2.762919e-02 4.648175e-05
440 1.099200e+00 4.648175e-05
441 8.871205e+00 4.648175e-05
442 3.289105e+00 4.648175e-05
443 1.146382e+00 4.648175e-05
444 4.076426e-01 4.648175e-05
445 1.601835e-01 4.648175e-05
446 1.037241e-01 4.648175e-05
447 8.869354e-02 4.648175e-05
448 9.503874e-01 4.648175e-05
449 3.418646e-01 4.648175e-05
450 1.298561e-01 4.648175e-05
451 6.663424e-02 4.648175e-05
452 6.656116e-02 4.648175e-05
453 7.164072e+00 4.648175e-05
454 2.517464e+00 4.648175e-05
455 8.704885e-01 4.648175e-05
456 1.381922e+04 4.648175e-05
457 1.837195e+04 4.648175e-05
458 6.615802e+03 4.648175e-05
459 5.876053e+03 4.648175e-05
460 2.120837e+03 4.648175e-05
461 7.633581e+02 4.648175e-05
462 2.745481e+02 4.648175e-05
463 9.861299e+01 4.648175e-05
464 3.533804e+01 4.648175e-05
465 1.262137e+01 4.648175e-05
466 4.488362e+00 4.648175e-05
467 1.588429e+00 4.648175e-05
468 5.627291e-01 4.648175e-05
469 2.019819e-01 4.648175e-05
470 7.528724e-02 4.648175e-05
471 3.179461e-02 4.648175e-05
472 1.944649e-02 4.648175e-05
473 1.568775e-02 4.648175e-05
474 8.987645e-03 4.648175e-05
475 8.638798e-03 4.648175e-05
476 1.504232e-02 4.648175e-05
477 5.793990e-03 4.648175e-05
478 3.359738e-03 4.648175e-05
479 1.527348e+01 4.648175e-05
480 2.968648e+02 4.648175e-05
481 1.152652e+02 4.648175e-05
482 2.069380e+04 4.648175e-05
483 1.646586e+04 4.648175e-05
484 5.936635e+03 4.648175e-05
485 2.148464e+03 4.648175e-05
486 9.017450e+03 4.648175e-05
487 1.335541e+06 4.648175e-05
488 4.821480e+05 4.648175e-05
489 1.760787e+05 4.648175e-05
490 5.354467e+05 4.648175e-05
491 1.931492e+05 4.648175e-05
492 6.964935e+04 4.648175e-05
493 2.512182e+04 4.648175e-05
494 9.063529e+03 4.648175e-05
495 3.268844e+03 4.648175e-05
496 1.191071e+03 4.648175e-05
497 9.622696e+02 4.648175e-05
498 3.473025e+02 4.648175e-05
499 1.274967e+02 4.648175e-05
500 5.037654e+01 4.648175e-05
501 1.196272e+03 4.648175e-05
502 7.365867e+02 4.648175e-05
503 3.811393e+02 4.648175e-05
504 4.616678e+10 4.648175e-05
505 1.680385e+10 4.648175e-05
506 6.061981e+09 4.648175e-05
507 2.186855e+09 4.648175e-05
508 7.889047e+08 4.648175e-05
509 2.845955e+08 4.648175e-05
510 1.026669e+08 4.648175e-05
511 3.703667e+07 4.648175e-05
512 1.337623e+07 4.648175e-05
513 4.825714e+06 4.648175e-05
514 1.741670e+06 4.648175e-05
515 6.293472e+05 4.648175e-05
516 2.281558e+05 4.648175e-05
517 8.330772e+04 4.648175e-05
518 3.077368e+04 4.648175e-05
519 1.149185e+04 4.648175e-05
520 4.288675e+03 4.648175e-05
521 1.580090e+03 4.648175e-05
522 5.749081e+02 4.648175e-05
523 2.075446e+02 4.648175e-05
524 7.450888e+01 4.648175e-05
525 2.660917e+01 4.648175e-05
526 9.450901e+00 4.648175e-05
527 3.342646e+00 4.648175e-05
528 1.186719e+00 4.648175e-05
529 4.348952e-01 4.648175e-05
530 1.792989e-01 4.648175e-05
531 1.010868e-01 4.648175e-05
532 6.555165e-02 4.648175e-05
533 3.260907e-02 4.648175e-05
534 2.843166e-02 4.648175e-05
535 5.228722e+00 4.648175e-05
536 1.356578e+01 4.648175e-05
537 5.104191e+00 4.648175e-05
538 2.531918e+01 4.648175e-05
539 1.528582e+01 4.648175e-05
540 3.428340e+01 4.648175e-05
541 1.900580e+02 4.648175e-05
542 7.308875e+01 4.648175e-05
543 2.758765e+01 4.648175e-05
544 1.027465e+01 4.648175e-05
545 3.776474e+00 4.648175e-05
546 1.387586e+00 4.648175e-05
547 5.625685e-01 4.648175e-05
548 2.575947e-01 4.648175e-05
549 9.193190e-02 4.648175e-05
550 4.618865e-02 4.648175e-05
551 2.305647e-02 4.648175e-05
552 1.296640e-02 4.648175e-05
553 1.423702e-02 4.648175e-05
554 7.096320e-03 4.648175e-05
555 2.490226e-02 4.648175e-05
556 1.122567e-02 4.648175e-05
557 4.290505e-03 4.648175e-05
558 2.639593e-03 4.648175e-05
559 2.648794e-02 4.648175e-05
560 8.547741e-03 4.648175e-05
561 3.044126e-03 4.648175e-05
562 1.644431e-03 4.648175e-05
563 1.304516e+00 4.648175e-05
564 4.704890e-01 4.648175e-05
565 7.171052e+02 4.648175e-05
566 5.291755e+03 4.648175e-05
567 2.621539e+03 4.648175e-05
568 9.452333e+02 4.648175e-05
569 3.400814e+02 4.648175e-05
570 1.222519e+02 4.648175e-05
571 4.408588e+01 4.648175e-05
572 1.575692e+01 4.648175e-05
573 5.591561e+00 4.648175e-05
574 2.103335e+00 4.648175e-05
575 1.775851e+01 4.648175e-05
576 6.304155e+00 4.648175e-05
577 2.227092e+00 4.648175e-05
578 8.032691e-01 4.648175e-05
579 2.815686e-01 4.648175e-05
580 9.997122e-02 4.648175e-05
581 3.762102e-02 4.648175e-05
582 1.716925e-02 4.648175e-05
583 1.317388e-02 4.648175e-05
584 8.560201e-03 4.648175e-05
585 3.463681e-02 4.648175e-05
586 2.579496e-02 4.648175e-05
587 9.803380e-03 4.648175e-05
588 5.958705e-03 4.648175e-05
589 1.725292e+00 4.648175e-05
590 1.184145e+00 4.648175e-05
591 4.013257e-01 4.648175e-05
592 1.599246e-01 4.648175e-05
593 5.577606e-02 4.648175e-05
594 2.060987e-02 4.648175e-05
595 9.060706e-03 4.648175e-05
596 6.293330e-03 4.648175e-05
597 5.467844e-02 4.648175e-05
598 1.966388e-02 4.648175e-05
599 7.497751e-03 4.648175e-05
600 4.378067e-03 4.648175e-05
601 7.028213e-01 4.648175e-05
602 2.641836e-01 4.648175e-05
603 9.472270e-02 4.648175e-05
604 3.165020e-02 4.648175e-05
605 1.107098e-02 4.648175e-05
606 4.581312e-03 4.648175e-05
607 3.914276e-03 4.648175e-05
608 3.298657e-03 4.648175e-05
609 1.414329e-01 4.648175e-05
610 5.269719e-02 4.648175e-05
611 1.822395e-02 4.648175e-05
612 7.091147e-03 4.648175e-05
613 4.169229e-03 4.648175e-05
614 1.004529e-01 4.648175e-05
615 3.287781e-02 4.648175e-05
616 1.113126e-02 4.648175e-05
617 4.395777e-03 4.648175e-05
618 3.278444e-03 4.648175e-05
619 1.928254e-01 4.648175e-05
620 6.549490e-02 4.648175e-05
621 1.322852e-01 4.648175e-05
622 1.328120e+01 4.648175e-05
623 5.377835e+00 4.648175e-05
624 2.715283e+08 4.648175e-05
625 9.794888e+07 4.648175e-05
626 3.533221e+07 4.648175e-05
627 1.274466e+07 4.648175e-05
628 4.596979e+06 4.648175e-05
629 1.658039e+06 4.648175e-05
630 5.979422e+05 4.648175e-05
631 3.585230e+07 4.648175e-05
632 1.294158e+07 4.648175e-05
633 2.117771e+07 4.648175e-05
634 7.639678e+06 4.648175e-05
635 2.755905e+06 4.648175e-05
636 9.941417e+05 4.648175e-05
637 3.586098e+05 4.648175e-05
638 1.293538e+05 4.648175e-05
639 4.665626e+04 4.648175e-05
640 1.682671e+04 4.648175e-05
641 6.067700e+03 4.648175e-05
642 2.187531e+03 4.648175e-05
643 7.884890e+02 4.648175e-05
644 2.847536e+02 4.648175e-05
645 1.025301e+02 4.648175e-05
646 3.687978e+01 4.648175e-05
647 1.642380e+02 4.648175e-05
648 3.387478e+02 4.648175e-05
649 1.215630e+02 4.648175e-05
650 4.349676e+01 4.648175e-05
651 1.560836e+01 4.648175e-05
652 5.623746e+00 4.648175e-05
653 2.289667e+00 4.648175e-05
654 2.702287e+00 4.648175e-05
655 1.381933e+00 4.648175e-05
656 9.583303e-01 4.648175e-05
657 5.281007e-01 4.648175e-05
658 1.610493e+00 4.648175e-05
659 6.933567e-01 4.648175e-05
660 3.887809e-01 4.648175e-05
661 2.770334e-01 4.648175e-05
662 1.071181e-01 4.648175e-05
663 4.869079e-02 4.648175e-05
664 2.267971e-02 4.648175e-05
665 1.308712e-02 4.648175e-05
666 1.149164e-02 4.648175e-05
667 1.367442e-02 4.648175e-05
668 5.648426e-03 4.648175e-05
669 4.377528e-03 4.648175e-05
670 1.643887e+00 4.648175e-05
671 4.501562e+00 4.648175e-05
672 1.574211e+00 4.648175e-05
673 2.229271e+00 4.648175e-05
674 7.804950e-01 4.648175e-05
675 2.895863e-01 4.648175e-05
676 1.043964e-01 4.648175e-05
677 3.962904e-02 4.648175e-05
678 1.717979e-02 4.648175e-05
679 1.077481e-02 4.648175e-05
680 6.306668e+02 4.648175e-05
681 6.691139e+02 4.648175e-05
682 2.405654e+02 4.648175e-05
683 8.635606e+01 4.648175e-05
684 5.728493e+10 4.648175e-05
685 2.844156e+10 4.648175e-05
686 1.026026e+10 4.648175e-05
687 3.701370e+09 4.648175e-05
688 1.335258e+09 4.648175e-05
689 4.816883e+08 4.648175e-05
690 1.737656e+08 4.648175e-05
691 6.268408e+07 4.648175e-05
692 2.261230e+07 4.648175e-05
693 8.156814e+06 4.648175e-05
694 2.942257e+06 4.648175e-05
695 1.061249e+06 4.648175e-05
696 3.827585e+05 4.648175e-05
697 1.380354e+05 4.648175e-05
698 6.056174e+10 4.648175e-05
699 7.336398e+10 4.648175e-05
700 2.646605e+10 4.648175e-05
701 9.547621e+09 4.648175e-05
702 3.444300e+09 4.648175e-05
703 1.242528e+09 4.648175e-05
704 4.482404e+08 4.648175e-05
705 1.617017e+08 4.648175e-05
706 5.833390e+07 4.648175e-05
707 2.104446e+07 4.648175e-05
708 7.592473e+06 4.648175e-05
709 2.736514e+06 4.648175e-05
710 9.614063e+05 4.648175e-05
711 3.490758e+05 4.648175e-05
712 1.277859e+05 4.648175e-05
713 4.735807e+04 4.648175e-05
714 1.774582e+04 4.648175e-05
715 6.652941e+03 4.648175e-05
716 2.467847e+03 4.648175e-05
717 9.040460e+02 4.648175e-05
718 3.280613e+02 4.648175e-05
719 1.182645e+02 4.648175e-05
720 4.242151e+01 4.648175e-05
721 1.515853e+01 4.648175e-05
722 5.415114e+00 4.648175e-05
723 1.958056e+00 4.648175e-05
724 7.427159e-01 4.648175e-05
725 3.280806e-01 4.648175e-05
726 2.239237e-01 4.648175e-05
727 2.595781e+01 4.648175e-05
728 9.261264e+00 4.648175e-05
729 3.278096e+00 4.648175e-05
730 1.160636e+00 4.648175e-05
731 4.146483e-01 4.648175e-05
732 1.538456e-01 4.648175e-05
733 6.469872e-02 4.648175e-05
734 3.680288e-02 4.648175e-05
735 2.235500e-02 4.648175e-05
736 9.002488e-03 4.648175e-05
737 3.645064e-03 4.648175e-05
738 1.752049e-03 4.648175e-05
739 9.836720e-04 4.648175e-05
740 6.877652e-04 4.648175e-05
741 1.099894e-03 4.648175e-05
742 4.678821e-04 4.648175e-05
743 8.738892e-04 4.648175e-05
744 2.824158e-03 4.648175e-05
745 9.649244e-04 4.648175e-05
746 4.134793e-04 4.648175e-05
747 3.878893e-04 4.648175e-05
748 2.091265e-04 4.648175e-05
749 1.680455e-03 4.648175e-05
750 5.311114e-04 4.648175e-05
751 1.801915e-04 4.648175e-05
752 8.147123e-05 4.648175e-05
753 9.277109e-05 4.648175e-05
754 4.458831e-05 4.458831e-05
755 2.235976e-03 4.458831e-05
756 6.905573e-04 4.458831e-05
757 2.420726e-04 4.458831e-05
758 1.591760e-03 4.458831e-05
759 4.981749e-04 4.458831e-05
760 1.628821e-04 4.458831e-05
761 6.226723e-05 4.458831e-05
762 4.109257e-05 4.109257e-05
763 3.256049e-04 4.109257e-05
764 1.026176e-04 4.109257e-05
765 3.514909e-05 3.514909e-05
766 1.677428e-05 1.677428e-05
767 2.940639e-05 1.677428e-05
768 1.214108e-05 1.214108e-05
769 5.879649e-03 1.214108e-05
770 1.824390e-03 1.214108e-05
771 5.691317e-04 1.214108e-05
772 1.838004e-04 1.214108e-05
773 6.761886e-05 1.214108e-05
774 3.750078e-05 1.214108e-05
775 3.956317e-04 1.214108e-05
776 1.234617e-04 1.214108e-05
777 4.069198e-05 1.214108e-05
778 1.627864e-05 1.214108e-05
779 1.257008e-05 1.214108e-05
780 7.442327e-05 1.214108e-05
781 2.421564e-05 1.214108e-05
782 9.037596e-06 9.037596e-06
783 5.071047e-06 5.071047e-06
784 3.732462e-06 3.732462e-06
785 1.936927e-06 1.936927e-06
786 3.720797e-06 1.936927e-06
787 1.270323e-06 1.270323e-06
788 5.657862e-07 5.657862e-07
789 3.080608e-07 3.080608e-07
790 1.655398e-07 1.655398e-07
791 2.416048e-07 1.655398e-07
792 8.812984e-08 8.812984e-08
793 4.967203e-08 4.967203e-08
794 1.151091e-07 4.967203e-08
795 3.923593e-08 3.923593e-08
796 1.821534e-08 1.821534e-08
797 1.173107e-08 1.173107e-08
798 7.124704e-09 7.124704e-09
799 2.126055e-08 7.124704e-09
800 6.978607e-09 6.978607e-09
801 2.801481e-09 2.801481e-09
802 2.461067e-09 2.461067e-09
803 8.177150e-08 2.461067e-09
804 2.493273e-08 2.461067e-09
805 7.729505e-09 2.461067e-09
806 2.620447e-09 2.461067e-09
807 1.125507e-09 1.125507e-09
808 1.019757e-08 1.125507e-09
809 3.268781e-08 1.125507e-09
810 1.203502e-08 1.125507e-09
811 5.883916e-09 1.125507e-09
812 2.599343e-05 1.125507e-09
813 4.545716e-04 1.125507e-09
814 1.398508e-04 1.125507e-09
815 4.319449e-05 1.125507e-09
816 1.349994e-05 1.125507e-09
817 4.348995e-06 1.125507e-09
818 1.516044e-06 1.125507e-09
819 5.915734e-07 1.125507e-09
820 3.359362e-07 1.125507e-09
821 2.000584e-07 1.125507e-09
822 2.282155e-07 1.125507e-09
823 7.835904e-08 1.125507e-09
824 3.676440e-08 1.125507e-09
825 2.242506e-08 1.125507e-09
826 1.030746e-08 1.125507e-09
827 4.083221e-09 1.125507e-09
828 1.754523e-09 1.125507e-09
829 7.898513e-10 7.898513e-10
830 3.738133e-10 3.738133e-10
831 1.902630e-10 1.902630e-10
832 1.037922e-10 1.037922e-10
833 6.487258e-11 6.487258e-11
834 4.586166e-11 4.586166e-11
835 2.507456e-11 2.507456e-11
836 5.688722e-11 2.507456e-11
837 1.985373e-11 1.985373e-11
838 9.104141e-12 9.104141e-12
839 6.536596e-12 6.536596e-12
840 3.439431e-12 3.439431e-12
841 6.841650e-12 3.439431e-12
842 2.349994e-12 2.349994e-12
843 1.299224e-12 1.299224e-12
844 1.718621e-12 1.299224e-12
845 5.581020e-13 5.581020e-13
846 2.514214e-12 5.581020e-13
847 6.557071e-13 5.581020e-13
848 5.498227e-13 5.498227e-13
849 4.258612e-12 5.498227e-13
850 1.269396e-12 5.498227e-13
851 3.037798e-13 3.037798e-13
852 3.814192e-13 3.037798e-13
853 2.631296e-12 3.037798e-13
854 7.609684e-13 3.037798e-13
855 2.629675e-14 2.629675e-14

x: -1.641166e-01 -1.768558e-01 -7.307145e-02 -3.321254e-02 -3.454965e-01 -2.388713e-01  4.449603e-01 -3.381484e-01  1.207257e-01 -4.470890e-01  4.165158e-01  4.430988e-01  4.404939e-01 -1.593636e-01 -4.189318e-01  3.915621e-01  3.188589e-01  1.725525e-01 -3.633315e-01  4.244863e-01  3.042195e-01  1.197976e-01  4.322424e-01 -3.090464e-01 -4.160118e-01  4.107579e-01 -4.412035e-01  4.459786e-01 -2.839581e-01 -3.780747e-01 -4.483694e-02 -2.926699e-01 -4.306104e-01  1.055726e-02  1.628330e-01  6.052626e-02 -7.723475e-02  4.178556e-01  1.565124e-01  2.160535e-01  3.135747e-01 -4.125841e-01  2.607493e-01 -1.407529e-01 -3.277964e-01  4.308695e-01  1.147456e-01 -3.232496e-01  1.297548e-01  4.279763e-01  3.527317e-01  2.749188e-01  4.045687e-01 -1.905891e-01 -3.481353e-01 -2.807167e-01  2.261269e-01  3.858324e-01  3.938550e-01  2.118449e-01 -4.392349e-01  8.409947e-02 -1.601414e-01  4.175580e-01  3.827514e-01  2.313036e-01  3.996694e-01  2.006599e-01  9.265930e-02  4.375091e-01  3.710852e-01 -2.495912e-01  4.451616e-01 -4.279210e-02  1.663029e-01 -4.151426e-01 -1.756991e-01 -4.112540e-01  8.558614e-06

grad: -1.418899e-15 -3.715794e-15  6.727860e-16  1.123081e-15 -1.058983e-15 -5.152695e-17  1.110134e-15 -1.764681e-15  1.458987e-15  4.274523e-16 -1.787284e-16  4.487403e-15  7.113284e-15 -2.631523e-15  4.676008e-16 -3.886188e-17  5.153406e-15  2.542155e-16 -1.037115e-15  1.319982e-15  6.394016e-16  1.623778e-15  1.037598e-15 -1.074325e-15 -4.506683e-15  8.193640e-15  1.439229e-16  2.576548e-15  8.263638e-16 -1.297068e-15 -5.672226e-16 -2.606974e-15 -2.698820e-15  4.707379e-16  1.219350e-15  5.572524e-16 -3.198382e-15 -2.568368e-16  6.181748e-16  2.166488e-15  5.831365e-15 -3.319594e-15  1.544211e-15  3.266851e-16  2.301133e-15 -7.922737e-17 -9.629812e-16  9.447306e-16  8.514170e-16 -1.200772e-15 -1.387349e-15  1.879745e-16 -2.168932e-15 -3.125979e-15  3.707626e-15 -9.193190e-16  2.748807e-15  2.645154e-15  1.035382e-15 -1.646317e-15  9.503657e-16 -4.135457e-16 -3.903353e-16 -1.732335e-17  4.435823e-15  1.958231e-15 -1.252702e-15 -1.767553e-15 -3.629047e-16 -8.669429e-16  2.926352e-15 -1.102540e-15 -1.322410e-15 -3.669329e-15  3.519242e-15 -6.751458e-15 -3.541898e-16 -3.870037e-15  1.381187e-14

finished in 855 iterations (0.194 seconds total)
max viol = 1.09573e-07

---------------------
MUBs:
---------------------

{(1,0), (0,0), (0,0), (0,0), (0,0)}, {(0,0), (1,0), (0,0), (0,0), (0,0)}, {(0,0), (0,0), (1,0), (0,0), (0,0)}, {(0,0), (0,0), (0,0), (1,0), (0,0)}, {(0,0), (0,0), (0,0), (0,0), (1,0)}


{(0.447214,0), (0.447214,0), (0.447214,0), (0.447214,0), (0.447214,0)}, {(0.447214,0), (-0.164117,-0.416012), (-0.176856,0.410758), (-0.0730714,-0.441204), (-0.0332125,0.445979)}, {}, {}, {}


{(0.447214,0), (-0.345496,-0.283958), (-0.238871,-0.378075), (0.44496,-0.0448369), (-0.338148,-0.29267)}, {}, {}, {}, {}


{(0.447214,0), (0.120726,-0.43061), (-0.447089,0.0105573), (0.416516,0.162833), (0.443099,0.0605263)}, {}, {}, {}, {}


{(0.447214,0), (0.440494,-0.0772347), (-0.159364,0.417856), (-0.418932,0.156512), (0.391562,0.216054)}, {}, {}, {}, {}


{(0.447214,0), (0.318859,0.313575), (0.172552,-0.412584), (-0.363331,0.260749), (0.424486,-0.140753)}, {}, {}, {}, {}


{(0.447214,0), (0.304219,-0.327796), (0.119798,0.43087), (0.432242,0.114746), (-0.309046,-0.32325)}, {}, {}, {}, {}

---------------------
Abs of Gram matrix:
---------------------

 { { +1.0000, +0.0000, +0.0000, +0.0000, +0.0000, +0.4472, +0.4472, +0.0000, +0.0000, +0.0000, +0.4472, +0.0000, +0.0000, +0.0000, +0.0000, +0.4472, +0.0000, +0.0000, +0.0000, +0.0000, +0.4472, +0.0000, +0.0000, +0.0000, +0.0000, +0.4472, +0.0000, +0.0000, +0.0000, +0.0000, +0.4472, +0.0000, +0.0000, +0.0000, +0.0000}, 
   { +0.0000, +1.0000, +0.0000, +0.0000, +0.0000, +0.4472, +0.4472, +0.0000, +0.0000, +0.0000, +0.4472, +0.0000, +0.0000, +0.0000, +0.0000, +0.4472, +0.0000, +0.0000, +0.0000, +0.0000, +0.4472, +0.0000, +0.0000, +0.0000, +0.0000, +0.4472, +0.0000, +0.0000, +0.0000, +0.0000, +0.4472, +0.0000, +0.0000, +0.0000, +0.0000}, 
   { +0.0000, +0.0000, +1.0000, +0.0000, +0.0000, +0.4472, +0.4472, +0.0000, +0.0000, +0.0000, +0.4472, +0.0000, +0.0000, +0.0000, +0.0000, +0.4472, +0.0000, +0.0000, +0.0000, +0.0000, +0.4472, +0.0000, +0.0000, +0.0000, +0.0000, +0.4472, +0.0000, +0.0000, +0.0000, +0.0000, +0.4472, +0.0000, +0.0000, +0.0000, +0.0000}, 
   { +0.0000, +0.0000, +0.0000, +1.0000, +0.0000, +0.4472, +0.4472, +0.0000, +0.0000, +0.0000, +0.4472, +0.0000, +0.0000, +0.0000, +0.0000, +0.4472, +0.0000, +0.0000, +0.0000, +0.0000, +0.4472, +0.0000, +0.0000, +0.0000, +0.0000, +0.4472, +0.0000, +0.0000, +0.0000, +0.0000, +0.4472, +0.0000, +0.0000, +0.0000, +0.0000}, 
   { +0.0000, +0.0000, +0.0000, +0.0000, +1.0000, +0.4472, +0.4472, +0.0000, +0.0000, +0.0000, +0.4472, +0.0000, +0.0000, +0.0000, +0.0000, +0.4472, +0.0000, +0.0000, +0.0000, +0.0000, +0.4472, +0.0000, +0.0000, +0.0000, +0.0000, +0.4472, +0.0000, +0.0000, +0.0000, +0.0000, +0.4472, +0.0000, +0.0000, +0.0000, +0.0000}, 
   { +0.4472, +0.4472, +0.4472, +0.4472, +0.4472, +1.0000, +0.0002, +0.0000, +0.0000, +0.0000, +0.4472, +0.0000, +0.0000, +0.0000, +0.0000, +0.4472, +0.0000, +0.0000, +0.0000, +0.0000, +0.4472, +0.0000, +0.0000, +0.0000, +0.0000, +0.4472, +0.0000, +0.0000, +0.0000, +0.0000, +0.4472, +0.0000, +0.0000, +0.0000, +0.0000}, 
   { +0.4472, +0.4472, +0.4472, +0.4472, +0.4472, +0.0002, +1.0000, +0.0000, +0.0000, +0.0000, +0.4472, +0.0000, +0.0000, +0.0000, +0.0000, +0.4472, +0.0000, +0.0000, +0.0000, +0.0000, +0.4472, +0.0000, +0.0000, +0.0000, +0.0000, +0.4472, +0.0000, +0.0000, +0.0000, +0.0000, +0.4472, +0.0000, +0.0000, +0.0000, +0.0000}, 
   { +0.0000, +0.0000, +0.0000, +0.0000, +0.0000, +0.0000, +0.0000, +0.0000, +0.0000, +0.0000, +0.0000, +0.0000, +0.0000, +0.0000, +0.0000, +0.0000, +0.0000, +0.0000, +0.0000, +0.0000, +0.0000, +0.0000, +0.0000, +0.0000, +0.0000, +0.0000, +0.0000, +0.0000, +0.0000, +0.0000, +0.0000, +0.0000, +0.0000, +0.0000, +0.0000}, 
   { +0.0000, +0.0000, +0.0000, +0.0000, +0.0000, +0.0000, +0.0000, +0.0000, +0.0000, +0.0000, +0.0000, +0.0000, +0.0000, +0.0000, +0.0000, +0.0000, +0.0000, +0.0000, +0.0000, +0.0000, +0.0000, +0.0000, +0.0000, +0.0000, +0.0000, +0.0000, +0.0000, +0.0000, +0.0000, +0.0000, +0.0000, +0.0000, +0.0000, +0.0000, +0.0000}, 
   { +0.0000, +0.0000, +0.0000, +0.0000, +0.0000, +0.0000, +0.0000, +0.0000, +0.0000, +0.0000, +0.0000, +0.0000, +0.0000, +0.0000, +0.0000, +0.0000, +0.0000, +0.0000, +0.0000, +0.0000, +0.0000, +0.0000, +0.0000, +0.0000, +0.0000, +0.0000, +0.0000, +0.0000, +0.0000, +0.0000, +0.0000, +0.0000, +0.0000, +0.0000, +0.0000}, 
   { +0.4472, +0.4472, +0.4472, +0.4472, +0.4472, +0.4472, +0.4472, +0.0000, +0.0000, +0.0000, +1.0000, +0.0000, +0.0000, +0.0000, +0.0000, +0.4472, +0.0000, +0.0000, +0.0000, +0.0000, +0.4472, +0.0000, +0.0000, +0.0000, +0.0000, +0.4472, +0.0000, +0.0000, +0.0000, +0.0000, +0.4472, +0.0000, +0.0000, +0.0000, +0.0000}, 
   { +0.0000, +0.0000, +0.0000, +0.0000, +0.0000, +0.0000, +0.0000, +0.0000, +0.0000, +0.0000, +0.0000, +0.0000, +0.0000, +0.0000, +0.0000, +0.0000, +0.0000, +0.0000, +0.0000, +0.0000, +0.0000, +0.0000, +0.0000, +0.0000, +0.0000, +0.0000, +0.0000, +0.0000, +0.0000, +0.0000, +0.0000, +0.0000, +0.0000, +0.0000, +0.0000}, 
   { +0.0000, +0.0000, +0.0000, +0.0000, +0.0000, +0.0000, +0.0000, +0.0000, +0.0000, +0.0000, +0.0000, +0.0000, +0.0000, +0.0000, +0.0000, +0.0000, +0.0000, +0.0000, +0.0000, +0.0000, +0.0000, +0.0000, +0.0000, +0.0000, +0.0000, +0.0000, +0.0000, +0.0000, +0.0000, +0.0000, +0.0000, +0.0000, +0.0000, +0.0000, +0.0000}, 
   { +0.0000, +0.0000, +0.0000, +0.0000, +0.0000, +0.0000, +0.0000, +0.0000, +0.0000, +0.0000, +0.0000, +0.0000, +0.0000, +0.0000, +0.0000, +0.0000, +0.0000, +0.0000, +0.0000, +0.0000, +0.0000, +0.0000, +0.0000, +0.0000, +0.0000, +0.0000, +0.0000, +0.0000, +0.0000, +0.0000, +0.0000, +0.0000, +0.0000, +0.0000, +0.0000}, 
   { +0.0000, +0.0000, +0.0000, +0.0000, +0.0000, +0.0000, +0.0000, +0.0000, +0.0000, +0.0000, +0.0000, +0.0000, +0.0000, +0.0000, +0.0000, +0.0000, +0.0000, +0.0000, +0.0000, +0.0000, +0.0000, +0.0000, +0.0000, +0.0000, +0.0000, +0.0000, +0.0000, +0.0000, +0.0000, +0.0000, +0.0000, +0.0000, +0.0000, +0.0000, +0.0000}, 
   { +0.4472, +0.4472, +0.4472, +0.4472, +0.4472, +0.4472, +0.4472, +0.0000, +0.0000, +0.0000, +0.4472, +0.0000, +0.0000, +0.0000, +0.0000, +1.0000, +0.0000, +0.0000, +0.0000, +0.0000, +0.4472, +0.0000, +0.0000, +0.0000, +0.0000, +0.4472, +0.0000, +0.0000, +0.0000, +0.0000, +0.4472, +0.0000, +0.0000, +0.0000, +0.0000}, 
   { +0.0000, +0.0000, +0.0000, +0.0000, +0.0000, +0.0000, +0.0000, +0.0000, +0.0000, +0.0000, +0.0000, +0.0000, +0.0000, +0.0000, +0.0000, +0.0000, +0.0000, +0.0000, +0.0000, +0.0000, +0.0000, +0.0000, +0.0000, +0.0000, +0.0000, +0.0000, +0.0000, +0.0000, +0.0000, +0.0000, +0.0000, +0.0000, +0.0000, +0.0000, +0.0000}, 
   { +0.0000, +0.0000, +0.0000, +0.0000, +0.0000, +0.0000, +0.0000, +0.0000, +0.0000, +0.0000, +0.0000, +0.0000, +0.0000, +0.0000, +0.0000, +0.0000, +0.0000, +0.0000, +0.0000, +0.0000, +0.0000, +0.0000, +0.0000, +0.0000, +0.0000, +0.0000, +0.0000, +0.0000, +0.0000, +0.0000, +0.0000, +0.0000, +0.0000, +0.0000, +0.0000}, 
   { +0.0000, +0.0000, +0.0000, +0.0000, +0.0000, +0.0000, +0.0000, +0.0000, +0.0000, +0.0000, +0.0000, +0.0000, +0.0000, +0.0000, +0.0000, +0.0000, +0.0000, +0.0000, +0.0000, +0.0000, +0.0000, +0.0000, +0.0000, +0.0000, +0.0000, +0.0000, +0.0000, +0.0000, +0.0000, +0.0000, +0.0000, +0.0000, +0.0000, +0.0000, +0.0000}, 
   { +0.0000, +0.0000, +0.0000, +0.0000, +0.0000, +0.0000, +0.0000, +0.0000, +0.0000, +0.0000, +0.0000, +0.0000, +0.0000, +0.0000, +0.0000, +0.0000, +0.0000, +0.0000, +0.0000, +0.0000, +0.0000, +0.0000, +0.0000, +0.0000, +0.0000, +0.0000, +0.0000, +0.0000, +0.0000, +0.0000, +0.0000, +0.0000, +0.0000, +0.0000, +0.0000}, 
   { +0.4472, +0.4472, +0.4472, +0.4472, +0.4472, +0.4472, +0.4472, +0.0000, +0.0000, +0.0000, +0.4472, +0.0000, +0.0000, +0.0000, +0.0000, +0.4472, +0.0000, +0.0000, +0.0000, +0.0000, +1.0000, +0.0000, +0.0000, +0.0000, +0.0000, +0.4472, +0.0000, +0.0000, +0.0000, +0.0000, +0.4472, +0.0000, +0.0000, +0.0000, +0.0000}, 
   { +0.0000, +0.0000, +0.0000, +0.0000, +0.0000, +0.0000, +0.0000, +0.0000, +0.0000, +0.0000, +0.0000, +0.0000, +0.0000, +0.0000, +0.0000, +0.0000, +0.0000, +0.0000, +0.0000, +0.0000, +0.0000, +0.0000, +0.0000, +0.0000, +0.0000, +0.0000, +0.0000, +0.0000, +0.0000, +0.0000, +0.0000, +0.0000, +0.0000, +0.0000, +0.0000}, 
   { +0.0000, +0.0000, +0.0000, +0.0000, +0.0000, +0.0000, +0.0000, +0.0000, +0.0000, +0.0000, +0.0000, +0.0000, +0.0000, +0.0000, +0.0000, +0.0000, +0.0000, +0.0000, +0.0000, +0.0000, +0.0000, +0.0000, +0.0000, +0.0000, +0.0000, +0.0000, +0.0000, +0.0000, +0.0000, +0.0000, +0.0000, +0.0000, +0.0000, +0.0000, +0.0000}, 
   { +0.0000, +0.0000, +0.0000, +0.0000, +0.0000, +0.0000, +0.0000, +0.0000, +0.0000, +0.0000, +0.0000, +0.0000, +0.0000, +0.0000, +0.0000, +0.0000, +0.0000, +0.0000, +0.0000, +0.0000, +0.0000, +0.0000, +0.0000, +0.0000, +0.0000, +0.0000, +0.0000, +0.0000, +0.0000, +0.0000, +0.0000, +0.0000, +0.0000, +0.0000, +0.0000}, 
   { +0.0000, +0.0000, +0.0000, +0.0000, +0.0000, +0.0000, +0.0000, +0.0000, +0.0000, +0.0000, +0.0000, +0.0000, +0.0000, +0.0000, +0.0000, +0.0000, +0.0000, +0.0000, +0.0000, +0.0000, +0.0000, +0.0000, +0.0000, +0.0000, +0.0000, +0.0000, +0.0000, +0.0000, +0.0000, +0.0000, +0.0000, +0.0000, +0.0000, +0.0000, +0.0000}, 
   { +0.4472, +0.4472, +0.4472, +0.4472, +0.4472, +0.4472, +0.4472, +0.0000, +0.0000, +0.0000, +0.4472, +0.0000, +0.0000, +0.0000, +0.0000, +0.4472, +0.0000, +0.0000, +0.0000, +0.0000, +0.4472, +0.0000, +0.0000, +0.0000, +0.0000, +1.0000, +0.0000, +0.0000, +0.0000, +0.0000, +0.4472, +0.0000, +0.0000, +0.0000, +0.0000}, 
   { +0.0000, +0.0000, +0.0000, +0.0000, +0.0000, +0.0000, +0.0000, +0.0000, +0.0000, +0.0000, +0.0000, +0.0000, +0.0000, +0.0000, +0.0000, +0.0000, +0.0000, +0.0000, +0.0000, +0.0000, +0.0000, +0.0000, +0.0000, +0.0000, +0.0000, +0.0000, +0.0000, +0.0000, +0.0000, +0.0000, +0.0000, +0.0000, +0.0000, +0.0000, +0.0000}, 
   { +0.0000, +0.0000, +0.0000, +0.0000, +0.0000, +0.0000, +0.0000, +0.0000, +0.0000, +0.0000, +0.0000, +0.0000, +0.0000, +0.0000, +0.0000, +0.0000, +0.0000, +0.0000, +0.0000, +0.0000, +0.0000, +0.0000, +0.0000, +0.0000, +0.0000, +0.0000, +0.0000, +0.0000, +0.0000, +0.0000, +0.0000, +0.0000, +0.0000, +0.0000, +0.0000}, 
   { +0.0000, +0.0000, +0.0000, +0.0000, +0.0000, +0.0000, +0.0000, +0.0000, +0.0000, +0.0000, +0.0000, +0.0000, +0.0000, +0.0000, +0.0000, +0.0000, +0.0000, +0.0000, +0.0000, +0.0000, +0.0000, +0.0000, +0.0000, +0.0000, +0.0000, +0.0000, +0.0000, +0.0000, +0.0000, +0.0000, +0.0000, +0.0000, +0.0000, +0.0000, +0.0000}, 
   { +0.0000, +0.0000, +0.0000, +0.0000, +0.0000, +0.0000, +0.0000, +0.0000, +0.0000, +0.0000, +0.0000, +0.0000, +0.0000, +0.0000, +0.0000, +0.0000, +0.0000, +0.0000, +0.0000, +0.0000, +0.0000, +0.0000, +0.0000, +0.0000, +0.0000, +0.0000, +0.0000, +0.0000, +0.0000, +0.0000, +0.0000, +0.0000, +0.0000, +0.0000, +0.0000}, 
   { +0.4472, +0.4472, +0.4472, +0.4472, +0.4472, +0.4472, +0.4472, +0.0000, +0.0000, +0.0000, +0.4472, +0.0000, +0.0000, +0.0000, +0.0000, +0.4472, +0.0000, +0.0000, +0.0000, +0.0000, +0.4472, +0.0000, +0.0000, +0.0000, +0.0000, +0.4472, +0.0000, +0.0000, +0.0000, +0.0000, +1.0000, +0.0000, +0.0000, +0.0000, +0.0000}, 
   { +0.0000, +0.0000, +0.0000, +0.0000, +0.0000, +0.0000, +0.0000, +0.0000, +0.0000, +0.0000, +0.0000, +0.0000, +0.0000, +0.0000, +0.0000, +0.0000, +0.0000, +0.0000, +0.0000, +0.0000, +0.0000, +0.0000, +0.0000, +0.0000, +0.0000, +0.0000, +0.0000, +0.0000, +0.0000, +0.0000, +0.0000, +0.0000, +0.0000, +0.0000, +0.0000}, 
   { +0.0000, +0.0000, +0.0000, +0.0000, +0.0000, +0.0000, +0.0000, +0.0000, +0.0000, +0.0000, +0.0000, +0.0000, +0.0000, +0.0000, +0.0000, +0.0000, +0.0000, +0.0000, +0.0000, +0.0000, +0.0000, +0.0000, +0.0000, +0.0000, +0.0000, +0.0000, +0.0000, +0.0000, +0.0000, +0.0000, +0.0000, +0.0000, +0.0000, +0.0000, +0.0000}, 
   { +0.0000, +0.0000, +0.0000, +0.0000, +0.0000, +0.0000, +0.0000, +0.0000, +0.0000, +0.0000, +0.0000, +0.0000, +0.0000, +0.0000, +0.0000, +0.0000, +0.0000, +0.0000, +0.0000, +0.0000, +0.0000, +0.0000, +0.0000, +0.0000, +0.0000, +0.0000, +0.0000, +0.0000, +0.0000, +0.0000, +0.0000, +0.0000, +0.0000, +0.0000, +0.0000}, 
   { +0.0000, +0.0000, +0.0000, +0.0000, +0.0000, +0.0000, +0.0000, +0.0000, +0.0000, +0.0000, +0.0000, +0.0000, +0.0000, +0.0000, +0.0000, +0.0000, +0.0000, +0.0000, +0.0000, +0.0000, +0.0000, +0.0000, +0.0000, +0.0000, +0.0000, +0.0000, +0.0000, +0.0000, +0.0000, +0.0000, +0.0000, +0.0000, +0.0000, +0.0000, +0.0000} } 
