---------------------
Basis Indices:
---------------------

{-, -, -, -, -}, {-, -, -, -, -}, {-, -, -, -, -}, {-, -, -, -, -}, {-, -, -, -, -}


{-, -, -, -, -}, {-, 31+i156, 32+i157, 33+i158, 34+i159}, {}, {}, {}


{-, 51+i176, 52+i177, 53+i178, 54+i179}, {-, 56+i181, 57+i182, 58+i183, 59+i184}, {}, {}, {}


{-, 76+i201, 77+i202, 78+i203, 79+i204}, {}, {}, {}, {}


{-, 101+i226, 102+i227, 103+i228, 104+i229}, {}, {}, {}, {}

---------------------
Index Mapping: 
---------------------

{273: 53, 272: 52, 271: 51, 270: 50, 266: 46, 265: 45, 264: 44, 257: 41, 227: 35, 226: 34, 204: 33, 203: 32, 261: 43, 202: 31, 260: 42, 201: 30, 184: 29, 76: 11, 56: 7, 54: 6, 53: 5, 229: 37, 52: 4, 254: 38, 77: 12, 228: 36, 51: 3, 269: 49, 33: 2, 178: 24, 268: 48, 32: 1, 59: 10, 177: 23, 57: 8, 267: 47, 31: 0, 58: 9, 176: 22, 255: 39, 78: 13, 256: 40, 79: 14, 101: 15, 102: 16, 103: 17, 104: 18, 274: 54, 156: 19, 275: 55, 157: 20, 158: 21, 179: 25, 181: 26, 182: 27, 183: 28}

---------------------
Final Problem: 
---------------------
Find a point satisfying:

0.178885*{ 5} + 0.178885*{ 3} + 0.4*{2324} + 0.4*{2225} + 0.4*{2224} + 0.4*{ 3 5} + 0.4*{ 3 4} + 0.178885*{ 6} + 0.4*{2325} + 0.4*{ 4 6} + 0.4*{ 5 6} + 0.178885*{ 4} + 0.4*{2223} + 0.4*{ 4 5} + 0.4*{2425} + 0.4*{ 3 6} = 0 

0.4*{2728} + 0.178885*{ 9} + 0.4*{ 710} + 0.178885*{ 8} + 0.4*{ 7 8} + 0.4*{2627} + 0.4*{ 810} + 0.4*{ 7 9} + 0.178885*{ 7} + 0.4*{2729} + 0.4*{2829} + 0.4*{ 8 9} + 0.4*{ 910} + 0.178885*{10} + 0.4*{2629} + 0.4*{2628} = 0 

-0.2*{} + 1*{3838} + 1*{3939} = 0 

1*{ 0 3} + -1*{ 0 6} + 1*{ 2 5} + -1*{ 1 6} + 1*{2124} + -1*{2025} + 1*{ 1 4} + -1*{38} + -1*{2125} + 0.2*{} + -1*{ 2 6} + -0.447214*{ 6} + -1*{1925} + 1*{2023} + 1*{1922} = 0 

-1*{ 420} + 1*{ 224} + -1*{ 025} + -1*{ 225} + -1*{ 521} + 1*{ 022} + 1*{ 620} + -1*{ 319} + -1*{ 125} + 1*{ 619} + -1*{39} + 1*{ 123} + 1*{ 621} + -0.447214*{25} = 0 

-0.2*{} + 1*{4141} + 1*{4040} = 0 

-1*{ 010} + -1*{ 210} + -1*{40} + -1*{2029} + 1*{2128} + 0.2*{} + -1*{ 110} + -1*{2129} + 1*{1926} + 1*{ 1 8} + -1*{1929} + 1*{ 2 9} + -0.447214*{10} + 1*{ 0 7} + 1*{2027} = 0 

-1*{ 719} + 1*{ 228} + -1*{ 921} + -1*{41} + -1*{ 129} + -1*{ 029} + 1*{1020} + 1*{ 026} + 1*{1019} + -1*{ 229} + 1*{1021} + -1*{ 820} + -0.447214*{29} + 1*{ 127} = 0 

0.178885*{12} + 0.4*{1214} + 0.4*{3233} + 0.178885*{11} + 0.4*{3133} + 0.178885*{13} + 0.4*{1113} + 0.4*{3031} + 0.4*{3033} + 0.178885*{14} + 0.4*{3132} + 0.4*{1213} + 0.4*{1314} + 0.4*{1114} + 0.4*{3032} + 0.4*{1112} = 0 

-0.2*{} + 1*{4343} + 1*{4242} = 0 

1*{ 213} + 1*{2132} + -1*{ 014} + 1*{1930} + -0.447214*{14} + -1*{1933} + 0.2*{} + -1*{2133} + 1*{ 011} + -1*{2033} + -1*{ 214} + 1*{ 112} + -1*{42} + -1*{ 114} + 1*{2031} = 0 

-0.447214*{33} + -1*{ 033} + -1*{ 233} + -1*{43} + 1*{ 131} + -1*{1220} + 1*{ 030} + 1*{1421} + 1*{ 232} + -1*{ 133} + 1*{1419} + 1*{1420} + -1*{1321} + -1*{1119} = 0 

0.178885*{16} + 0.4*{3437} + 0.4*{1618} + 0.4*{3637} + 0.4*{1617} + 0.4*{3435} + 0.4*{1517} + 0.178885*{18} + 0.4*{3436} + 0.4*{3536} + 0.4*{1518} + 0.4*{3537} + 0.178885*{17} + 0.4*{1718} + 0.4*{1516} + 0.178885*{15} = 0 

-0.2*{} + 1*{4545} + 1*{4444} = 0 

-1*{44} + -1*{1937} + 1*{ 015} + 1*{2035} + 1*{2136} + 0.2*{} + 1*{1934} + -1*{ 218} + -1*{2137} + -1*{2037} + 1*{ 116} + -0.447214*{18} + -1*{ 018} + 1*{ 217} + -1*{ 118} = 0 

-1*{1721} + 1*{ 034} + 1*{1819} + -1*{1620} + -1*{45} + -1*{ 037} + 1*{ 135} + -0.447214*{37} + -1*{ 237} + 1*{1820} + 1*{1821} + -1*{ 137} + -1*{1519} + 1*{ 236} = 0 

1*{ 5 9} + 1*{2226} + 1*{ 4 8} + 1*{2327} + 1*{2529} + 0.2*{} + 1*{2428} + 1*{ 3 7} + 1*{ 610} = 0 

-1*{1025} + 1*{ 629} + -1*{ 823} + -1*{ 924} + 1*{ 528} + -1*{ 722} + 1*{ 326} + 1*{ 427} = 0 

-0.2*{} + 1*{4747} + 1*{4646} = 0 

1*{2331} + -1*{46} + 1*{2533} + 1*{2230} + 1*{ 614} + 1*{ 513} + 1*{ 311} + 1*{2432} + 1*{ 412} + 0.2*{} = 0 

-1*{47} + 1*{ 431} + -1*{1223} + 1*{ 330} + -1*{1425} + 1*{ 633} + 1*{ 532} + -1*{1122} + -1*{1324} = 0 

-0.2*{} + 1*{4848} + 1*{4949} = 0 

1*{2832} + 0.2*{} + 1*{ 812} + 1*{1014} + 1*{ 711} + 1*{ 913} + -1*{48} + 1*{2630} + 1*{2731} + 1*{2933} = 0 

1*{ 831} + -1*{1227} + 1*{1033} + 1*{ 730} + -1*{1328} + -1*{1429} + 1*{ 932} + -1*{1126} + -1*{49} = 0 

-0.2*{} + 1*{5151} + 1*{5050} = 0 

1*{2234} + 1*{ 618} + 1*{2537} + 1*{2335} + 1*{ 416} + 0.2*{} + 1*{ 517} + 1*{ 315} + 1*{2436} + -1*{50} = 0 

-1*{1522} + -1*{1825} + 1*{ 334} + 1*{ 637} + 1*{ 536} + 1*{ 435} + -1*{51} + -1*{1724} + -1*{1623} = 0 

-0.2*{} + 1*{5353} + 1*{5252} = 0 

1*{2634} + 1*{ 715} + 1*{ 816} + 1*{2836} + 1*{2735} + 1*{2937} + -1*{52} + 0.2*{} + 1*{1018} + 1*{ 917} = 0 

-1*{53} + 1*{ 835} + -1*{1526} + -1*{1829} + 1*{ 936} + -1*{1627} + -1*{1728} + 1*{ 734} + 1*{1037} = 0 

-0.2*{} + 1*{5555} + 1*{5454} = 0 

1*{3337} + 0.2*{} + 1*{1317} + 1*{1216} + 1*{1418} + 1*{1115} + -1*{54} + 1*{3135} + 1*{3236} + 1*{3034} = 0 

-1*{1530} + -1*{1833} + -1*{1732} + -1*{1631} + 1*{1336} + 1*{1235} + 1*{1134} + 1*{1437} + -1*{55} = 0 

1*{1919} + -0.2*{} + 1*{ 0 0} = 0 

-0.2*{} + 1*{ 1 1} + 1*{2020} = 0 

1*{2121} + -0.2*{} + 1*{ 2 2} = 0 

0.6*{} + 0.894427*{ 1} + 0.894427*{ 2} + 2*{2021} + 2*{1920} + 2*{1921} + 2*{ 0 1} + 2*{ 0 2} + 2*{ 1 2} + 0.894427*{ 0} = 0 

-0.2*{} + 1*{2222} + 1*{ 3 3} = 0 

-0.2*{} + 1*{2323} + 1*{ 4 4} = 0 

1*{2424} + -0.2*{} + 1*{ 5 5} = 0 

-0.2*{} + 1*{2525} + 1*{ 6 6} = 0 

-0.2*{} + 1*{ 7 7} + 1*{2626} = 0 

-0.2*{} + 1*{2727} + 1*{ 8 8} = 0 

-0.2*{} + 1*{2828} + 1*{ 9 9} = 0 

-0.2*{} + 1*{2929} + 1*{1010} = 0 

-0.2*{} + 1*{3030} + 1*{1111} = 0 

-0.2*{} + 1*{3131} + 1*{1212} = 0 

-0.2*{} + 1*{3232} + 1*{1313} = 0 

-0.2*{} + 1*{3333} + 1*{1414} = 0 

-0.2*{} + 1*{3434} + 1*{1515} = 0 

-0.2*{} + 1*{3535} + 1*{1616} = 0 

-0.2*{} + 1*{3636} + 1*{1717} = 0 

-0.2*{} + 1*{3737} + 1*{1818} = 0 

64*{22} + 16*{23} + -16*{27} + -2*{10} + -1*{29} + 32*{ 4} + -8*{ 9} + 4*{24} + 128*{ 3} + -4*{28} + 8*{ 5} + -128*{ 7} + 2*{ 6} + -64*{26} + 1*{25} + -32*{ 8} > 0 

30*{ 1} + -4*{24} + -2*{ 6} + -64*{22} + -16*{23} + -8*{ 5} + 126*{ 0} + -128*{ 3} + -1*{25} + 3*{21} + 15*{20} + -32*{ 4} + 6*{ 2} + 63*{19} + -0.894427*{} > 0 

-32*{12} + 16*{23} + -1*{33} + 64*{22} + -128*{11} + 4*{24} + 128*{ 3} + 32*{ 4} + 8*{ 5} + -16*{31} + -8*{13} + -64*{30} + -4*{32} + 1*{25} + -2*{14} + 2*{ 6} > 0 

32*{12} + 1*{33} + -4*{36} + 16*{31} + -8*{17} + -64*{34} + -32*{16} + -16*{35} + -2*{18} + 128*{11} + 2*{14} + -1*{37} + 64*{30} + 4*{32} + 8*{13} + -128*{15} > 0 

-128*{20} + 128*{19} + -1*{16} + 512*{ 0} + -4*{12} + -16*{23} + -2*{31} + -32*{27} + 16*{22} + 256*{34} + 2*{30} + -8*{ 8} + 8*{ 7} + 32*{26} + -64*{ 4} + -256*{35} + -512*{ 1} + 64*{ 3} + 4*{11} + 1*{15} > 0 

32*{27} + 512*{ 1} + 4*{12} + 16*{23} + -2*{32} + 8*{ 8} + 256*{35} + 64*{ 4} + -8*{ 9} + -1*{17} + -32*{28} + 2*{31} + 128*{20} + -128*{21} + -16*{24} + 1*{16} + -4*{13} + -512*{ 2} + -64*{ 5} + -256*{36} > 0 

1024*{ 2} + -8*{10} + 16*{24} + 228.973*{} + 128*{19} + 128*{20} + 256*{21} + 512*{ 0} + 256*{36} + 64*{ 5} + 1*{17} + 32*{28} + -1*{18} + 8*{ 9} + -2*{33} + 512*{ 1} + -256*{37} + -4*{14} + -64*{ 6} + 4*{13} + -32*{29} + 2*{32} + -16*{25} > 0 

1*{37} > 0 

{5, 2, 2, 1, 1, 1, 1} 56
1 3.641159e+00 3.641159e+00
2 3.484891e+02 3.641159e+00
3 1.322420e+01 3.641159e+00
4 4.420370e+03 3.641159e+00
5 1.818920e+02 3.641159e+00
6 6.445483e+00 3.641159e+00
7 5.548921e+01 3.641159e+00
8 7.810124e+00 3.641159e+00
9 2.702902e+02 3.641159e+00
10 1.019639e+02 3.641159e+00
11 1.626686e+02 3.641159e+00
12 5.788029e+01 3.641159e+00
13 2.640166e+01 3.641159e+00
14 9.219370e+00 3.641159e+00
15 8.156621e+00 3.641159e+00
16 2.912143e+00 2.912143e+00
17 6.129881e+02 2.912143e+00
18 2.244942e+02 2.912143e+00
19 8.192248e+01 2.912143e+00
20 3.194265e+01 2.912143e+00
21 1.150662e+01 2.912143e+00
22 1.394865e+01 2.912143e+00
23 6.465696e+00 2.912143e+00
24 1.487964e+01 2.912143e+00
25 5.232211e+00 2.912143e+00
26 1.823334e+00 1.823334e+00
27 6.363181e-01 6.363181e-01
28 3.929146e-01 3.929146e-01
29 2.426541e-01 2.426541e-01
30 1.504926e-01 1.504926e-01
31 9.383258e-02 9.383258e-02
32 5.899940e-02 5.899940e-02
33 3.755027e-02 3.755027e-02
34 2.475307e-02 2.475307e-02
35 1.725785e-02 1.725785e-02
36 1.181395e-02 1.181395e-02
37 4.034289e-02 1.181395e-02
38 2.481970e-02 1.181395e-02
39 1.527546e-02 1.181395e-02
40 9.492844e-03 9.492844e-03
41 6.023068e-03 6.023068e-03
42 4.169639e-03 4.169639e-03
43 5.810335e-03 4.169639e-03
44 5.822287e-03 4.169639e-03
45 3.733180e-03 3.733180e-03
46 2.433008e-03 2.433008e-03
47 1.711000e-03 1.711000e-03
48 1.179128e-03 1.179128e-03
49 9.160752e-03 1.179128e-03
50 5.555975e-03 1.179128e-03
51 3.371819e-03 1.179128e-03
52 2.053284e-03 1.179128e-03
53 1.257825e-03 1.179128e-03
54 7.782066e-04 7.782066e-04
55 4.887423e-04 4.887423e-04
56 3.125653e-04 3.125653e-04
57 2.026376e-04 2.026376e-04
58 1.311115e-04 1.311115e-04
59 8.386931e-05 8.386931e-05
60 5.299981e-05 5.299981e-05
61 3.314704e-05 3.314704e-05
62 2.055763e-05 2.055763e-05
63 1.266444e-05 1.266444e-05
64 7.760199e-06 7.760199e-06
65 4.734867e-06 4.734867e-06
66 2.879207e-06 2.879207e-06
67 1.746123e-06 1.746123e-06
68 1.056719e-06 1.056719e-06
69 6.384449e-07 6.384449e-07
70 3.852316e-07 3.852316e-07
71 2.322085e-07 2.322085e-07
72 1.398585e-07 1.398585e-07
73 8.418421e-08 8.418421e-08
74 5.064805e-08 5.064805e-08
75 3.046013e-08 3.046013e-08
76 1.831361e-08 1.831361e-08
77 1.100824e-08 1.100824e-08
78 6.615847e-09 6.615847e-09
79 3.975517e-09 3.975517e-09
80 2.388668e-09 2.388668e-09
81 1.435101e-09 1.435101e-09
82 8.621446e-10 8.621446e-10
83 5.179165e-10 5.179165e-10
84 3.111132e-10 3.111132e-10
85 1.868833e-10 1.868833e-10
86 1.122553e-10 1.122553e-10
87 6.742668e-11 6.742668e-11
88 4.050024e-11 4.050024e-11
89 2.432540e-11 2.432540e-11
90 1.461109e-11 1.461109e-11
91 8.776911e-12 8.776911e-12
92 5.270920e-12 5.270920e-12
93 3.166633e-12 3.166633e-12
94 1.901780e-12 1.901780e-12
95 1.140717e-12 1.140717e-12
96 6.876722e-13 6.876722e-13
finished in 96 iterations (0.03 seconds total)
max viol = 2.09269e-07
max viol of orig = 0.432241
In a nicer form:
 { { (+1.0000000,+0.0000000), (+0.0000000,+0.0000000), (+0.0000000,+0.0000000), (+0.0000000,+0.0000000), (+0.0000000,+0.0000000)}, 
   { (+0.0000000,+0.0000000), (+1.0000000,+0.0000000), (+0.0000000,+0.0000000), (+0.0000000,+0.0000000), (+0.0000000,+0.0000000)}, 
   { (+0.0000000,+0.0000000), (+0.0000000,+0.0000000), (+1.0000000,+0.0000000), (+0.0000000,+0.0000000), (+0.0000000,+0.0000000)}, 
   { (+0.0000000,+0.0000000), (+0.0000000,+0.0000000), (+0.0000000,+0.0000000), (+1.0000000,+0.0000000), (+0.0000000,+0.0000000)}, 
   { (+0.0000000,+0.0000000), (+0.0000000,+0.0000000), (+0.0000000,+0.0000000), (+0.0000000,+0.0000000), (+1.0000000,+0.0000000)} } 
 { { (+0.4472136,+0.0000000), (+0.4472136,+0.0000000), (+0.4472136,+0.0000000), (+0.4472136,+0.0000000), (+0.4472136,+0.0000000)}, 
   { (+0.4472136,+0.0000000), (-0.0277843,-0.4463498), (-0.1829725,-0.4080699), (-0.1753592,+0.4113991), (+0.0000000,+0.0000000)}, 
   { (+0.4472136,+0.0000000), (+0.0000000,+0.0000000), (+0.0000000,+0.0000000), (+0.0000000,+0.0000000), (+0.0000000,+0.0000000)}, 
   { (+0.4472136,+0.0000000), (+0.0000000,+0.0000000), (+0.0000000,+0.0000000), (+0.0000000,+0.0000000), (+0.0000000,+0.0000000)}, 
   { (+0.4472136,+0.0000000), (+0.0000000,+0.0000000), (+0.0000000,+0.0000000), (+0.0000000,+0.0000000), (+0.0000000,+0.0000000)} } 
 { { (+0.4472136,+0.0000000), (-0.0110666,+0.4470769), (-0.2126352,-0.3934290), (+0.3116008,+0.3207882), (+0.4314077,-0.1178452)}, 
   { (+0.4472136,+0.0000000), (+0.3471297,+0.2819592), (+0.3093921,+0.3229187), (-0.2326501,+0.3819345), (-0.4390723,-0.0849449)}, 
   { (+0.4472136,+0.0000000), (+0.0000000,+0.0000000), (+0.0000000,+0.0000000), (+0.0000000,+0.0000000), (+0.0000000,+0.0000000)}, 
   { (+0.4472136,+0.0000000), (+0.0000000,+0.0000000), (+0.0000000,+0.0000000), (+0.0000000,+0.0000000), (+0.0000000,+0.0000000)}, 
   { (+0.4472136,+0.0000000), (+0.0000000,+0.0000000), (+0.0000000,+0.0000000), (+0.0000000,+0.0000000), (+0.0000000,+0.0000000)} } 
 { { (+0.4472136,+0.0000000), (-0.3741363,-0.2449942), (-0.0573283,+0.4435238), (-0.3974685,+0.2049850), (-0.3515727,+0.2763997)}, 
   { (+0.4472136,+0.0000000), (+0.0000000,+0.0000000), (+0.0000000,+0.0000000), (+0.0000000,+0.0000000), (+0.0000000,+0.0000000)}, 
   { (+0.4472136,+0.0000000), (+0.0000000,+0.0000000), (+0.0000000,+0.0000000), (+0.0000000,+0.0000000), (+0.0000000,+0.0000000)}, 
   { (+0.4472136,+0.0000000), (+0.0000000,+0.0000000), (+0.0000000,+0.0000000), (+0.0000000,+0.0000000), (+0.0000000,+0.0000000)}, 
   { (+0.4472136,+0.0000000), (+0.0000000,+0.0000000), (+0.0000000,+0.0000000), (+0.0000000,+0.0000000), (+0.0000000,+0.0000000)} } 
 { { (+0.4472136,+0.0000000), (-0.2585113,+0.3649274), (-0.3893291,-0.2200519), (-0.1622222,+0.4167543), (-0.4464724,+0.0257372)}, 
   { (+0.4472136,+0.0000000), (+0.0000000,+0.0000000), (+0.0000000,+0.0000000), (+0.0000000,+0.0000000), (+0.0000000,+0.0000000)}, 
   { (+0.4472136,+0.0000000), (+0.0000000,+0.0000000), (+0.0000000,+0.0000000), (+0.0000000,+0.0000000), (+0.0000000,+0.0000000)}, 
   { (+0.4472136,+0.0000000), (+0.0000000,+0.0000000), (+0.0000000,+0.0000000), (+0.0000000,+0.0000000), (+0.0000000,+0.0000000)}, 
   { (+0.4472136,+0.0000000), (+0.0000000,+0.0000000), (+0.0000000,+0.0000000), (+0.0000000,+0.0000000), (+0.0000000,+0.0000000)} } 
