---------------------
Basis Indices:
---------------------

{-, -, -, -, -}, {-, -, -, -, -}, {-, -, -, -, -}, {-, -, -, -, -}, {-, -, -, -, -}


{-, -, -, -, -}, {-, 31+i181, 32+i182, 33+i183, 34+i184}, {}, {}, {}


{-, 51+i201, 52+i202, 53+i203, 54+i204}, {-, 56+i206, 57+i207, 58+i208, 59+i209}, {}, {}, {}


{-, 76+i226, 77+i227, 78+i228, 79+i229}, {}, {}, {}, {}


{-, 101+i251, 102+i252, 103+i253, 104+i254}, {}, {}, {}, {}


{-, 126+i276, 127+i277, 128+i278, 129+i279}, {}, {}, {}, {}

---------------------
Index Mapping: 
---------------------

{337: 73, 327: 63, 326: 62, 325: 61, 324: 60, 323: 59, 182: 24, 129: 22, 128: 21, 304: 46, 104: 18, 103: 17, 279: 45, 278: 44, 315: 53, 332: 68, 78: 13, 314: 52, 31: 0, 335: 71, 208: 32, 329: 65, 202: 27, 320: 56, 32: 1, 336: 72, 209: 33, 321: 57, 58: 9, 33: 2, 59: 10, 305: 47, 51: 3, 101: 15, 228: 36, 127: 20, 254: 41, 306: 48, 52: 4, 102: 16, 229: 37, 181: 23, 54: 6, 328: 64, 201: 26, 319: 55, 330: 66, 203: 28, 76: 11, 126: 19, 253: 40, 331: 67, 77: 12, 204: 29, 322: 58, 333: 69, 79: 14, 206: 30, 334: 70, 207: 31, 226: 34, 227: 35, 251: 38, 183: 25, 56: 7, 310: 50, 252: 39, 57: 8, 311: 51, 276: 42, 277: 43, 53: 5, 307: 49, 318: 54}

---------------------
Final Problem: 
---------------------
Find a point satisfying:

0.4*{2829} + 0.4*{ 4 5} + 0.4*{ 3 5} + 0.178885*{ 5} + 0.4*{ 5 6} + 0.4*{ 4 6} + 0.4*{ 3 6} + 0.4*{2728} + 0.4*{2729} + 0.178885*{ 4} + 0.4*{2628} + 0.4*{2629} + 0.4*{2627} + 0.4*{ 3 4} + 0.178885*{ 6} + 0.178885*{ 3} = 0 

0.4*{ 910} + 0.178885*{10} + 0.4*{3133} + 0.4*{ 810} + 0.4*{ 7 9} + 0.4*{3033} + 0.4*{ 8 9} + 0.4*{3031} + 0.178885*{ 7} + 0.4*{3132} + 0.4*{3233} + 0.178885*{ 8} + 0.4*{ 7 8} + 0.4*{ 710} + 0.4*{3032} + 0.178885*{ 9} = 0 

-0.2*{} + 1*{4747} + 1*{4646} = 0 

-1*{ 0 6} + 1*{ 0 3} + 1*{2427} + 1*{2326} + -1*{2429} + -1*{2529} + -0.447214*{ 6} + 0.2*{} + -1*{ 2 6} + -1*{ 1 6} + 1*{ 2 5} + -1*{2329} + 1*{2528} + 1*{ 1 4} + -1*{46} = 0 

-1*{ 229} + -1*{ 323} + 1*{ 625} + 1*{ 127} + 1*{ 624} + -1*{ 129} + -1*{47} + 1*{ 228} + -1*{ 424} + -1*{ 029} + 1*{ 026} + -0.447214*{29} + -1*{ 525} + 1*{ 623} = 0 

-0.2*{} + 1*{4848} + 1*{4949} = 0 

-0.447214*{10} + -1*{2333} + 0.2*{} + 1*{ 2 9} + 1*{ 1 8} + -1*{2433} + 1*{2431} + -1*{ 210} + -1*{48} + -1*{2533} + 1*{2330} + 1*{2532} + -1*{ 110} + -1*{ 010} + 1*{ 0 7} = 0 

-1*{ 925} + 1*{1024} + 1*{ 030} + -1*{ 723} + 1*{1025} + 1*{ 131} + -1*{ 233} + 1*{ 232} + -1*{ 824} + -1*{ 033} + -0.447214*{33} + -1*{ 133} + 1*{1023} + -1*{49} = 0 

0.178885*{13} + 0.4*{3437} + 0.178885*{14} + 0.4*{3637} + 0.4*{3537} + 0.178885*{12} + 0.4*{3435} + 0.178885*{11} + 0.4*{1314} + 0.4*{1213} + 0.4*{1113} + 0.4*{3436} + 0.4*{3536} + 0.4*{1214} + 0.4*{1112} + 0.4*{1114} = 0 

-0.2*{} + 1*{5151} + 1*{5050} = 0 

-1*{ 114} + -1*{2537} + 1*{ 011} + -1*{ 014} + -1*{2437} + 0.2*{} + 1*{2435} + -1*{50} + 1*{2536} + 1*{ 112} + -1*{ 214} + 1*{2334} + -0.447214*{14} + 1*{ 213} + -1*{2337} = 0 

-1*{1224} + 1*{ 236} + -1*{1325} + 1*{1423} + -1*{ 137} + -1*{ 237} + -1*{51} + -1*{1123} + 1*{ 034} + -0.447214*{37} + 1*{ 135} + 1*{1425} + 1*{1424} + -1*{ 037} = 0 

0.178885*{15} + 0.4*{1518} + 0.178885*{18} + 0.4*{1618} + 0.4*{1516} + 0.4*{1718} + 0.4*{3839} + 0.178885*{16} + 0.4*{1517} + 0.4*{3941} + 0.178885*{17} + 0.4*{3940} + 0.4*{3840} + 0.4*{3841} + 0.4*{4041} + 0.4*{1617} = 0 

-0.2*{} + 1*{5353} + 1*{5252} = 0 

0.2*{} + 1*{2439} + 1*{2540} + 1*{ 015} + -1*{2441} + 1*{2338} + -1*{ 018} + 1*{ 217} + -0.447214*{18} + 1*{ 116} + -1*{2541} + -1*{52} + -1*{2341} + -1*{ 118} + -1*{ 218} = 0 

-1*{1624} + -1*{ 041} + -0.447214*{41} + -1*{ 141} + -1*{ 241} + 1*{1824} + 1*{ 240} + 1*{1823} + 1*{ 139} + -1*{1725} + 1*{ 038} + -1*{1523} + 1*{1825} + -1*{53} = 0 

0.4*{4244} + 0.4*{2021} + 0.4*{4243} + 0.4*{4245} + 0.4*{2022} + 0.4*{4344} + 0.178885*{21} + 0.178885*{20} + 0.4*{4345} + 0.4*{2122} + 0.4*{1920} + 0.178885*{19} + 0.178885*{22} + 0.4*{1921} + 0.4*{1922} + 0.4*{4445} = 0 

-0.2*{} + 1*{5555} + 1*{5454} = 0 

1*{2342} + -1*{ 122} + -0.447214*{22} + 0.2*{} + -1*{2445} + -1*{2545} + -1*{ 222} + -1*{ 022} + -1*{2345} + -1*{54} + 1*{2443} + 1*{ 120} + 1*{ 221} + 1*{ 019} + 1*{2544} = 0 

-0.447214*{45} + -1*{2024} + 1*{ 042} + 1*{2223} + -1*{1923} + 1*{ 244} + -1*{2125} + -1*{ 045} + 1*{2225} + -1*{ 145} + 1*{ 143} + -1*{ 245} + 1*{2224} + -1*{55} = 0 

1*{2832} + 1*{ 5 9} + 1*{2630} + 1*{2933} + 1*{ 3 7} + 0.2*{} + 1*{ 610} + 1*{2731} + 1*{ 4 8} = 0 

-1*{ 827} + 1*{ 431} + -1*{1029} + -1*{ 928} + 1*{ 330} + 1*{ 532} + 1*{ 633} + -1*{ 726} = 0 

1*{5757} + -0.2*{} + 1*{5656} = 0 

1*{ 513} + 1*{ 311} + 1*{2937} + 1*{2735} + 1*{2836} + -1*{56} + 1*{2634} + 1*{ 614} + 1*{ 412} + 0.2*{} = 0 

1*{ 637} + -1*{1126} + 1*{ 334} + 1*{ 435} + -1*{1227} + -1*{57} + 1*{ 536} + -1*{1328} + -1*{1429} = 0 

-0.2*{} + 1*{5858} + 1*{5959} = 0 

0.2*{} + 1*{3135} + 1*{ 711} + 1*{1014} + 1*{ 812} + 1*{ 913} + 1*{3337} + -1*{58} + 1*{3034} + 1*{3236} = 0 

-1*{1332} + 1*{1037} + 1*{ 936} + 1*{ 734} + 1*{ 835} + -1*{1130} + -1*{1433} + -1*{59} + -1*{1231} = 0 

-0.2*{} + 1*{6161} + 1*{6060} = 0 

-1*{60} + 1*{2638} + 1*{2941} + 0.2*{} + 1*{2840} + 1*{ 517} + 1*{ 315} + 1*{ 416} + 1*{ 618} + 1*{2739} = 0 

1*{ 338} + -1*{1829} + 1*{ 439} + 1*{ 641} + 1*{ 540} + -1*{1627} + -1*{1728} + -1*{1526} + -1*{61} = 0 

-0.2*{} + 1*{6363} + 1*{6262} = 0 

1*{3038} + 1*{ 715} + 1*{3139} + 1*{3341} + 1*{3240} + 1*{1018} + 0.2*{} + 1*{ 917} + 1*{ 816} + -1*{62} = 0 

1*{ 940} + 1*{1041} + 1*{ 839} + -1*{1631} + 1*{ 738} + -1*{1530} + -1*{63} + -1*{1732} + -1*{1833} = 0 

-0.2*{} + 1*{6565} + 1*{6464} = 0 

1*{ 420} + 0.2*{} + 1*{ 319} + 1*{2642} + -1*{64} + 1*{ 521} + 1*{2844} + 1*{2743} + 1*{ 622} + 1*{2945} = 0 

-1*{2229} + -1*{1926} + 1*{ 645} + -1*{2128} + 1*{ 443} + -1*{2027} + -1*{65} + 1*{ 342} + 1*{ 544} = 0 

-0.2*{} + 1*{6767} + 1*{6666} = 0 

1*{3143} + 1*{ 921} + 1*{ 820} + 0.2*{} + -1*{66} + 1*{3345} + 1*{1022} + 1*{3042} + 1*{3244} + 1*{ 719} = 0 

1*{ 843} + 1*{ 742} + -1*{2031} + -1*{2132} + -1*{2233} + -1*{1930} + 1*{1045} + -1*{67} + 1*{ 944} = 0 

-0.2*{} + 1*{6969} + 1*{6868} = 0 

-1*{68} + 1*{3640} + 1*{3539} + 0.2*{} + 1*{3438} + 1*{1317} + 1*{1115} + 1*{3741} + 1*{1216} + 1*{1418} = 0 

-1*{1837} + 1*{1340} + -1*{1736} + -1*{1534} + 1*{1441} + -1*{69} + 1*{1138} + 1*{1239} + -1*{1635} = 0 

-0.2*{} + 1*{7171} + 1*{7070} = 0 

1*{1220} + 1*{1422} + 1*{3745} + 1*{1321} + 0.2*{} + 1*{3543} + 1*{3442} + -1*{70} + 1*{1119} + 1*{3644} = 0 

1*{1445} + -1*{2035} + 1*{1243} + 1*{1344} + -1*{2237} + -1*{1934} + -1*{2136} + -1*{71} + 1*{1142} = 0 

1*{7373} + -0.2*{} + 1*{7272} = 0 

1*{4044} + 1*{1620} + 1*{3943} + 1*{1822} + 1*{3842} + 1*{1721} + 0.2*{} + 1*{4145} + 1*{1519} + -1*{72} = 0 

1*{1744} + -1*{2140} + -1*{73} + 1*{1643} + 1*{1542} + -1*{1938} + -1*{2241} + -1*{2039} + 1*{1845} = 0 

1*{2323} + -0.2*{} + 1*{ 0 0} = 0 

-0.2*{} + 1*{ 1 1} + 1*{2424} = 0 

-0.2*{} + 1*{2525} + 1*{ 2 2} = 0 

2*{2324} + 2*{ 0 1} + 2*{ 0 2} + 0.894427*{ 0} + 0.894427*{ 2} + 2*{ 1 2} + 2*{2325} + 0.894427*{ 1} + 0.6*{} + 2*{2425} = 0 

-0.2*{} + 1*{2626} + 1*{ 3 3} = 0 

-0.2*{} + 1*{2727} + 1*{ 4 4} = 0 

1*{2828} + -0.2*{} + 1*{ 5 5} = 0 

-0.2*{} + 1*{2929} + 1*{ 6 6} = 0 

-0.2*{} + 1*{ 7 7} + 1*{3030} = 0 

-0.2*{} + 1*{3131} + 1*{ 8 8} = 0 

-0.2*{} + 1*{3232} + 1*{ 9 9} = 0 

-0.2*{} + 1*{3333} + 1*{1010} = 0 

-0.2*{} + 1*{3434} + 1*{1111} = 0 

-0.2*{} + 1*{3535} + 1*{1212} = 0 

-0.2*{} + 1*{3636} + 1*{1313} = 0 

-0.2*{} + 1*{3737} + 1*{1414} = 0 

-0.2*{} + 1*{3838} + 1*{1515} = 0 

-0.2*{} + 1*{3939} + 1*{1616} = 0 

-0.2*{} + 1*{4040} + 1*{1717} = 0 

-0.2*{} + 1*{4141} + 1*{1818} = 0 

-0.2*{} + 1*{4242} + 1*{1919} = 0 

-0.2*{} + 1*{4343} + 1*{2020} = 0 

-0.2*{} + 1*{4444} + 1*{2121} = 0 

-0.2*{} + 1*{4545} + 1*{2222} = 0 

32*{ 4} + 8*{ 5} + -16*{31} + 4*{28} + 1*{29} + 16*{27} + -2*{10} + 64*{26} + -128*{ 7} + 2*{ 6} + -8*{ 9} + -1*{33} + 128*{ 3} + -64*{30} + -32*{ 8} + -4*{32} > 0 

63*{23} + -32*{ 4} + -16*{27} + -4*{28} + 126*{ 0} + -8*{ 5} + 30*{ 1} + 15*{24} + -128*{ 3} + 6*{ 2} + -1*{29} + 3*{25} + -2*{ 6} + -64*{26} + -0.894427*{} > 0 

-64*{34} + -32*{12} + 4*{28} + 16*{27} + -128*{11} + 128*{ 3} + 8*{ 5} + -4*{36} + 1*{29} + -8*{13} + 2*{ 6} + -1*{37} + 64*{26} + -2*{14} + -16*{35} + 32*{ 4} > 0 

-32*{16} + -16*{39} + 16*{35} + 32*{12} + -8*{17} + 2*{14} + 1*{37} + -64*{38} + 64*{34} + -1*{41} + -128*{15} + -4*{40} + 8*{13} + 128*{11} + -2*{18} + 4*{36} > 0 

32*{16} + -16*{43} + -128*{19} + -4*{44} + -64*{42} + 1*{41} + -8*{21} + -32*{20} + 16*{39} + 8*{17} + 4*{40} + 128*{15} + 2*{18} + -2*{22} + -1*{45} + 64*{38} > 0 

4*{15} + 8*{11} + 64*{ 7} + 128*{26} + 1024*{34} + -32*{39} + 2*{19} + -4*{16} + 32*{38} + -1*{43} + 2048*{ 0} + 512*{23} + -64*{ 8} + 16*{30} + -8*{12} + -2048*{ 1} + 256*{ 3} + -512*{24} + -2*{20} + -1024*{35} + -256*{ 4} + -16*{31} + 1*{42} + -128*{27} > 0 

-2048*{ 2} + 512*{24} + -8*{13} + -32*{40} + 32*{39} + 8*{12} + 2048*{ 1} + 64*{ 8} + -512*{25} + -16*{32} + 2*{20} + -2*{21} + -1*{44} + 4*{16} + 16*{31} + 128*{27} + -4*{17} + -128*{28} + 1024*{35} + 256*{ 4} + -64*{ 9} + -256*{ 5} + -1024*{36} + 1*{43} > 0 

915.893*{} + 512*{23} + -32*{41} + -64*{10} + 2*{21} + -1*{45} + -2*{22} + -4*{18} + 64*{ 9} + -16*{33} + 1024*{25} + 16*{32} + 1*{44} + 4096*{ 2} + -128*{29} + 32*{40} + 8*{13} + 4*{17} + 128*{28} + 2048*{ 0} + 1024*{36} + 256*{ 5} + 2048*{ 1} + 512*{24} + -8*{14} + -256*{ 6} + -1024*{37} > 0 

1*{45} > 0 

{5, 2, 2, 1, 1, 1, 1} 74
1 5.927194e+00 5.927194e+00
2 1.287958e+04 5.927194e+00
3 1.388305e+09 5.927194e+00
4 1.409751e+07 5.927194e+00
5 3.714071e+04 5.927194e+00
6 4.970911e+04 5.927194e+00
7 1.793668e+04 5.927194e+00
8 6.467870e+03 5.927194e+00
9 1.062981e+06 5.927194e+00
10 3.833632e+05 5.927194e+00
11 1.468867e+05 5.927194e+00
12 5.293487e+04 5.927194e+00
13 1.907404e+04 5.927194e+00
14 6.912264e+03 5.927194e+00
15 2.487781e+03 5.927194e+00
16 8.944987e+02 5.927194e+00
17 3.211790e+02 5.927194e+00
18 1.151028e+02 5.927194e+00
19 4.116017e+01 5.927194e+00
20 1.467815e+01 5.927194e+00
21 1.909596e+01 5.927194e+00
22 1.789121e+01 5.927194e+00
23 6.359837e+00 5.927194e+00
24 2.239602e+00 2.239602e+00
25 7.882585e-01 7.882585e-01
26 4.876764e-01 4.876764e-01
27 3.268776e-01 3.268776e-01
28 7.519906e+04 3.268776e-01
29 2.884527e+04 3.268776e-01
30 1.041828e+04 3.268776e-01
31 3.755088e+03 3.268776e-01
32 1.352788e+03 3.268776e-01
33 4.869583e+02 3.268776e-01
34 1.750645e+02 3.268776e-01
35 6.279909e+01 3.268776e-01
36 2.245149e+01 3.268776e-01
37 8.022904e+00 3.268776e-01
38 2.907251e+00 3.268776e-01
39 1.042891e+00 3.268776e-01
40 3.845959e-01 3.268776e-01
41 2.418813e-01 2.418813e-01
42 1.519548e-01 1.519548e-01
43 9.714325e-02 9.714325e-02
44 7.578563e-02 7.578563e-02
45 1.226439e+01 7.578563e-02
46 5.622344e+00 7.578563e-02
47 4.125790e+00 7.578563e-02
48 1.503310e+00 7.578563e-02
49 5.323284e-01 7.578563e-02
50 3.409280e-01 7.578563e-02
51 4.307615e-01 7.578563e-02
52 3.974950e-01 7.578563e-02
53 2.443727e-01 7.578563e-02
54 1.507589e-01 7.578563e-02
55 9.353181e-02 7.578563e-02
56 5.848952e-02 5.848952e-02
57 3.757116e-02 3.757116e-02
58 2.369894e-02 2.369894e-02
59 1.506248e-02 1.506248e-02
60 9.648885e-03 9.648885e-03
61 6.228697e-03 6.228697e-03
62 4.052274e-03 4.052274e-03
63 2.660034e-03 2.660034e-03
64 1.763606e-03 1.763606e-03
65 1.196711e-03 1.196711e-03
66 8.424067e-04 8.424067e-04
67 7.372597e-04 7.372597e-04
68 5.330102e-04 5.330102e-04
69 8.710383e-04 5.330102e-04
70 5.479249e-04 5.330102e-04
71 3.609999e-04 3.609999e-04
72 2.590761e-04 2.590761e-04
73 2.570154e-04 2.570154e-04
74 1.712969e-04 1.712969e-04
75 1.211903e-04 1.211903e-04
76 1.024840e-04 1.024840e-04
77 7.130249e-05 7.130249e-05
78 5.586297e-05 5.586297e-05
79 4.223671e-05 4.223671e-05
80 8.168903e-04 4.223671e-05
81 4.926436e-04 4.223671e-05
82 2.976086e-04 4.223671e-05
83 1.803456e-04 4.223671e-05
84 1.099119e-04 4.223671e-05
85 6.772407e-05 4.223671e-05
86 4.270595e-05 4.223671e-05
87 2.856614e-05 2.856614e-05
88 2.232322e-05 2.232322e-05
89 7.919819e-05 2.232322e-05
90 3.181471e+00 2.232322e-05
91 8.581020e+01 2.232322e-05
92 7.500436e+03 2.232322e-05
93 3.216603e+02 2.232322e-05
94 1.147253e+02 2.232322e-05
95 1.305685e+05 2.232322e-05
96 4.710578e+04 2.232322e-05
97 1.698638e+04 2.232322e-05
98 6.134667e+03 2.232322e-05
99 2.211354e+03 2.232322e-05
100 7.138215e+04 2.232322e-05
101 4.819351e+04 2.232322e-05
102 1.848921e+04 2.232322e-05
103 6.661976e+03 2.232322e-05
104 2.399381e+03 2.232322e-05
105 8.645949e+02 2.232322e-05
106 3.110741e+02 2.232322e-05
107 1.117590e+02 2.232322e-05
108 4.021547e+01 2.232322e-05
109 1.443759e+01 2.232322e-05
110 5.787441e+00 2.232322e-05
111 4.853010e+00 2.232322e-05
112 1.752455e+00 2.232322e-05
113 6.420086e-01 2.232322e-05
114 4.118332e-01 2.232322e-05
115 3.232164e-01 2.232322e-05
116 2.331060e-01 2.232322e-05
117 1.492636e-01 2.232322e-05
118 2.998495e-01 2.232322e-05
119 1.896420e-01 2.232322e-05
120 1.206934e-01 2.232322e-05
121 7.988009e-02 2.232322e-05
122 1.216444e-01 2.232322e-05
123 7.620670e-02 2.232322e-05
124 4.578808e-01 2.232322e-05
125 2.811738e-01 2.232322e-05
126 1.741385e-01 2.232322e-05
127 1.847555e-01 2.232322e-05
128 1.181931e-01 2.232322e-05
129 7.719176e-02 2.232322e-05
130 4.953900e-02 2.232322e-05
131 3.329013e-02 2.232322e-05
132 8.006748e+02 2.232322e-05
133 1.114922e+01 2.232322e-05
134 9.436148e+02 2.232322e-05
135 4.613452e+02 2.232322e-05
136 1.661291e+02 2.232322e-05
137 5.966300e+01 2.232322e-05
138 3.847045e+01 2.232322e-05
139 1.361914e+01 2.232322e-05
140 4.792522e+00 2.232322e-05
141 1.678843e+00 2.232322e-05
142 6.432011e-01 2.232322e-05
143 5.195188e-01 2.232322e-05
144 3.216760e-01 2.232322e-05
145 1.994719e-01 2.232322e-05
146 1.245945e-01 2.232322e-05
147 7.848597e-02 2.232322e-05
148 4.997522e-02 2.232322e-05
149 3.279723e-02 2.232322e-05
150 2.844615e-02 2.232322e-05
151 1.768649e+00 2.232322e-05
152 6.094047e-01 2.232322e-05
153 3.727019e-01 2.232322e-05
154 2.278481e-01 2.232322e-05
155 1.393313e-01 2.232322e-05
156 1.311320e-01 2.232322e-05
157 8.024598e-02 2.232322e-05
158 4.919530e-02 2.232322e-05
159 3.025112e-02 2.232322e-05
160 1.869641e-02 2.232322e-05
161 1.164660e-02 2.232322e-05
162 7.338517e-03 2.232322e-05
163 4.741184e-03 2.232322e-05
164 3.071197e-03 2.232322e-05
165 2.057691e-03 2.232322e-05
166 1.324366e-03 2.232322e-05
167 8.514472e-04 2.232322e-05
168 5.500461e-04 2.232322e-05
169 3.624060e-04 2.232322e-05
170 2.476208e-04 2.232322e-05
171 1.983153e-04 2.232322e-05
172 1.567770e-04 2.232322e-05
173 3.500197e-04 2.232322e-05
174 1.863522e-04 2.232322e-05
175 4.812157e-04 2.232322e-05
176 3.914265e-04 2.232322e-05
177 5.051769e-04 2.232322e-05
178 2.300838e-04 2.232322e-05
179 2.142064e-02 2.232322e-05
180 1.290617e-02 2.232322e-05
181 7.774184e-03 2.232322e-05
182 4.681030e-03 2.232322e-05
183 2.817550e-03 2.232322e-05
184 1.695400e-03 2.232322e-05
185 1.019936e-03 2.232322e-05
186 6.134860e-04 2.232322e-05
187 3.689800e-04 2.232322e-05
188 2.219263e-04 2.232322e-05
189 1.334973e-04 2.232322e-05
190 8.032475e-05 2.232322e-05
191 4.834785e-05 2.232322e-05
192 2.910744e-05 2.232322e-05
193 1.751862e-05 1.751862e-05
194 1.055614e-05 1.055614e-05
195 6.614678e-06 6.614678e-06
196 5.311142e-06 5.311142e-06
197 5.289211e-06 5.289211e-06
198 5.074814e-06 5.074814e-06
199 4.759790e-06 4.759790e-06
200 4.329043e-06 4.329043e-06
201 3.769958e-06 3.769958e-06
202 3.145926e-06 3.145926e-06
203 2.515247e-06 2.515247e-06
204 1.930396e-06 1.930396e-06
205 1.426298e-06 1.426298e-06
206 1.018231e-06 1.018231e-06
207 7.051706e-07 7.051706e-07
208 4.757051e-07 4.757051e-07
209 3.138362e-07 3.138362e-07
210 2.032304e-07 2.032304e-07
211 1.296054e-07 1.296054e-07
212 8.162937e-08 8.162937e-08
213 5.089910e-08 5.089910e-08
214 3.148395e-08 3.148395e-08
215 1.935090e-08 1.935090e-08
216 1.183388e-08 1.183388e-08
217 7.208310e-09 7.208310e-09
218 4.377147e-09 4.377147e-09
219 2.651514e-09 2.651514e-09
220 1.603148e-09 1.603148e-09
221 9.678596e-10 9.678596e-10
222 5.836475e-10 5.836475e-10
223 3.516433e-10 3.516433e-10
224 2.117149e-10 2.117149e-10
225 1.273989e-10 1.273989e-10
226 7.662993e-11 7.662993e-11
227 4.607766e-11 4.607766e-11
228 2.769952e-11 2.769952e-11
229 1.664813e-11 1.664813e-11
230 1.000434e-11 1.000434e-11
231 6.010228e-12 6.010228e-12
232 3.610339e-12 3.610339e-12
233 2.168830e-12 2.168830e-12
234 1.302713e-12 1.302713e-12
235 7.825926e-13 7.825926e-13
finished in 235 iterations (0.096 seconds total)
max viol = 2.11971e-08
max viol of orig = 0.429376
In a nicer form:
 { { (+1.0000000,+0.0000000), (+0.0000000,+0.0000000), (+0.0000000,+0.0000000), (+0.0000000,+0.0000000), (+0.0000000,+0.0000000)}, 
   { (+0.0000000,+0.0000000), (+1.0000000,+0.0000000), (+0.0000000,+0.0000000), (+0.0000000,+0.0000000), (+0.0000000,+0.0000000)}, 
   { (+0.0000000,+0.0000000), (+0.0000000,+0.0000000), (+1.0000000,+0.0000000), (+0.0000000,+0.0000000), (+0.0000000,+0.0000000)}, 
   { (+0.0000000,+0.0000000), (+0.0000000,+0.0000000), (+0.0000000,+0.0000000), (+1.0000000,+0.0000000), (+0.0000000,+0.0000000)}, 
   { (+0.0000000,+0.0000000), (+0.0000000,+0.0000000), (+0.0000000,+0.0000000), (+0.0000000,+0.0000000), (+1.0000000,+0.0000000)} } 
 { { (+0.4472136,+0.0000000), (+0.4472136,+0.0000000), (+0.4472136,+0.0000000), (+0.4472136,+0.0000000), (+0.4472136,+0.0000000)}, 
   { (+0.4472136,+0.0000000), (+0.3620876,+0.2624739), (-0.3801937,-0.2354841), (-0.2391706,+0.3778855), (+0.0000000,+0.0000000)}, 
   { (+0.4472136,+0.0000000), (+0.0000000,+0.0000000), (+0.0000000,+0.0000000), (+0.0000000,+0.0000000), (+0.0000000,+0.0000000)}, 
   { (+0.4472136,+0.0000000), (+0.0000000,+0.0000000), (+0.0000000,+0.0000000), (+0.0000000,+0.0000000), (+0.0000000,+0.0000000)}, 
   { (+0.4472136,+0.0000000), (+0.0000000,+0.0000000), (+0.0000000,+0.0000000), (+0.0000000,+0.0000000), (+0.0000000,+0.0000000)} } 
 { { (+0.4472136,+0.0000000), (-0.4442558,-0.0513495), (-0.4252451,-0.1384436), (-0.0702837,+0.4416562), (-0.3853097,+0.2270165)}, 
   { (+0.4472136,+0.0000000), (+0.3717071,-0.2486641), (-0.0581574,+0.4434160), (-0.2107852,+0.3944232), (+0.3833874,-0.2302479)}, 
   { (+0.4472136,+0.0000000), (+0.0000000,+0.0000000), (+0.0000000,+0.0000000), (+0.0000000,+0.0000000), (+0.0000000,+0.0000000)}, 
   { (+0.4472136,+0.0000000), (+0.0000000,+0.0000000), (+0.0000000,+0.0000000), (+0.0000000,+0.0000000), (+0.0000000,+0.0000000)}, 
   { (+0.4472136,+0.0000000), (+0.0000000,+0.0000000), (+0.0000000,+0.0000000), (+0.0000000,+0.0000000), (+0.0000000,+0.0000000)} } 
 { { (+0.4472136,+0.0000000), (-0.3964122,+0.2070204), (+0.0296148,-0.4462320), (-0.0674015,-0.4421053), (-0.3685256,-0.2533553)}, 
   { (+0.4472136,+0.0000000), (+0.0000000,+0.0000000), (+0.0000000,+0.0000000), (+0.0000000,+0.0000000), (+0.0000000,+0.0000000)}, 
   { (+0.4472136,+0.0000000), (+0.0000000,+0.0000000), (+0.0000000,+0.0000000), (+0.0000000,+0.0000000), (+0.0000000,+0.0000000)}, 
   { (+0.4472136,+0.0000000), (+0.0000000,+0.0000000), (+0.0000000,+0.0000000), (+0.0000000,+0.0000000), (+0.0000000,+0.0000000)}, 
   { (+0.4472136,+0.0000000), (+0.0000000,+0.0000000), (+0.0000000,+0.0000000), (+0.0000000,+0.0000000), (+0.0000000,+0.0000000)} } 
 { { (+0.4472136,+0.0000000), (-0.2592860,-0.3643773), (-0.0704379,+0.4416316), (+0.4471666,-0.0064835), (+0.3954578,+0.2088377)}, 
   { (+0.4472136,+0.0000000), (+0.0000000,+0.0000000), (+0.0000000,+0.0000000), (+0.0000000,+0.0000000), (+0.0000000,+0.0000000)}, 
   { (+0.4472136,+0.0000000), (+0.0000000,+0.0000000), (+0.0000000,+0.0000000), (+0.0000000,+0.0000000), (+0.0000000,+0.0000000)}, 
   { (+0.4472136,+0.0000000), (+0.0000000,+0.0000000), (+0.0000000,+0.0000000), (+0.0000000,+0.0000000), (+0.0000000,+0.0000000)}, 
   { (+0.4472136,+0.0000000), (+0.0000000,+0.0000000), (+0.0000000,+0.0000000), (+0.0000000,+0.0000000), (+0.0000000,+0.0000000)} } 
 { { (+0.4472136,+0.0000000), (-0.1306281,-0.4277105), (-0.4045301,-0.1906710), (+0.4310469,+0.1191579), (-0.0190296,-0.4468086)}, 
   { (+0.4472136,+0.0000000), (+0.0000000,+0.0000000), (+0.0000000,+0.0000000), (+0.0000000,+0.0000000), (+0.0000000,+0.0000000)}, 
   { (+0.4472136,+0.0000000), (+0.0000000,+0.0000000), (+0.0000000,+0.0000000), (+0.0000000,+0.0000000), (+0.0000000,+0.0000000)}, 
   { (+0.4472136,+0.0000000), (+0.0000000,+0.0000000), (+0.0000000,+0.0000000), (+0.0000000,+0.0000000), (+0.0000000,+0.0000000)}, 
   { (+0.4472136,+0.0000000), (+0.0000000,+0.0000000), (+0.0000000,+0.0000000), (+0.0000000,+0.0000000), (+0.0000000,+0.0000000)} } 
