---------------------
Basis Indices:
---------------------

{1, 0, 0, 0, 0, 0}, {}, {}, {}, {}, {}


{0.408, 0.408, 0.408, 0.408, 0.408, 0.408}, {}, {}, {}, {}, {}


{0.408, x_73+i*x_217, x_74+i*x_218, x_75+i*x_219, x_76+i*x_220, x_77+i*x_221}, {}, {}, {}, {}, {}


{0.408, x_109+i*x_253, x_110+i*x_254, x_111+i*x_255, x_112+i*x_256, x_113+i*x_257}, {}, {}, {}, {}, {}

---------------------
Problem: 
---------------------
Find a point satisfying:

-0.166667*{} + 1*{ 289 289} + 1*{ 288 288} = 0 

1*{  74 110} + 0.166667*{} + 1*{ 220 256} + 1*{  75 111} + 1*{  77 113} + 1*{ 218 254} + 1*{ 217 253} + -1*{ 288} + 1*{ 219 255} + 1*{  73 109} + 1*{  76 112} + 1*{ 221 257} = 0 

-1*{ 111 219} + -1*{ 110 218} + 1*{  74 254} + 1*{  75 255} + 1*{  73 253} + 1*{  76 256} + -1*{ 109 217} + -1*{ 112 220} + -1*{ 289} + 1*{  77 257} + -1*{ 113 221} = 0 

-0.833333*{} + 1*{ 219 219} + 1*{  73  73} + 1*{  75  75} + 1*{  77  77} + 1*{ 217 217} + 1*{  74  74} + 1*{ 218 218} + 1*{ 221 221} + 1*{  76  76} + 1*{ 220 220} = 0 

0.333333*{ 219 220} + 0.166667*{  75  75} + 0.333333*{  74  77} + 0.333333*{  75  76} + 0.333333*{ 218 219} + 0.333333*{ 218 221} + 0.333333*{ 218 220} + 0.333333*{ 220 221} + 0.166667*{ 221 221} + 0.136083*{  77} + 0.333333*{ 219 221} + 0.136083*{  75} + 0.333333*{  73  74} + 0.166667*{ 219 219} + 0.333333*{  73  77} + 0.333333*{ 217 218} + 0.166667*{ 218 218} + 0.166667*{  76  76} + 0.333333*{  73  76} + 0.333333*{ 217 221} + 0.333333*{ 217 219} + 0.333333*{  74  75} + 0.333333*{  73  75} + 0.166667*{  74  74} + 0.333333*{ 217 220} + 0.166667*{  73  73} + 0.166667*{ 220 220} + 0.333333*{  75  77} + 0.136083*{  73} + 0.166667*{ 217 217} + 0.136083*{  74} + -0.138889*{} + 0.333333*{  74  76} + 0.333333*{  76  77} + 0.166667*{  77  77} + 0.136083*{  76} = 0 

-0.833333*{} + 1*{ 109 109} + 1*{ 257 257} + 1*{ 253 253} + 1*{ 254 254} + 1*{ 110 110} + 1*{ 111 111} + 1*{ 255 255} + 1*{ 112 112} + 1*{ 256 256} + 1*{ 113 113} = 0 

0.333333*{ 110 111} + 0.166667*{ 256 256} + 0.333333*{ 255 256} + 0.333333*{ 254 256} + 0.166667*{ 112 112} + 0.333333*{ 110 112} + 0.136083*{ 111} + 0.333333*{ 110 113} + 0.333333*{ 109 113} + 0.333333*{ 253 255} + 0.333333*{ 109 112} + 0.333333*{ 111 112} + 0.166667*{ 111 111} + 0.333333*{ 109 111} + 0.333333*{ 254 255} + 0.136083*{ 110} + 0.166667*{ 113 113} + 0.333333*{ 254 257} + 0.333333*{ 109 110} + 0.333333*{ 111 113} + 0.166667*{ 257 257} + 0.166667*{ 110 110} + 0.333333*{ 253 256} + 0.333333*{ 255 257} + 0.166667*{ 255 255} + 0.136083*{ 112} + 0.333333*{ 112 113} + 0.166667*{ 254 254} + 0.333333*{ 256 257} + 0.166667*{ 109 109} + 0.136083*{ 109} + -0.138889*{} + 0.136083*{ 113} + 0.333333*{ 253 257} + 0.333333*{ 253 254} + 0.166667*{ 253 253} = 0 

---------------------
Summary:
---------------------
set sizes: {1, 1, 1, 1}, vars: 22, vectors: 4, equations: 7, indep eqn: 7

---------------------
Optimization:
---------------------
1 9.837e-01 9.837e-01
2 7.473e+02 9.837e-01
3 2.682e+02 9.837e-01
4 9.594e+01 9.837e-01
5 3.416e+01 9.837e-01
6 1.208e+01 9.837e-01
7 4.241e+00 9.837e-01
8 1.478e+00 9.837e-01
9 5.120e-01 5.120e-01
10 1.771e-01 1.771e-01
11 6.114e-02 6.114e-02
12 2.098e-02 2.098e-02
13 7.072e-03 7.072e-03
14 2.323e-03 2.323e-03
15 7.436e-04 7.436e-04
16 2.332e-04 2.332e-04
17 7.210e-05 7.210e-05
18 2.209e-05 2.209e-05
19 6.729e-06 6.729e-06
20 2.044e-06 2.044e-06
21 6.196e-07 6.196e-07
22 1.877e-07 1.877e-07
23 5.681e-08 5.681e-08
24 1.719e-08 1.719e-08
25 5.202e-09 5.202e-09
26 1.574e-09 1.574e-09
27 4.761e-10 4.761e-10
28 1.440e-10 1.440e-10
29 4.356e-11 4.356e-11
30 1.318e-11 1.318e-11
31 3.986e-12 3.986e-12
32 1.205e-12 1.205e-12
33 3.653e-13 3.653e-13
34 1.101e-13 1.101e-13
35 3.304e-14 3.304e-14
1 (precision) 9.635e-15 9.635e-15 (from 3.304e-14)
2 (precision) 2.629e-15 2.629e-15 (from 3.304e-14)
3 (precision) 8.199e-16 8.199e-16 (from 3.304e-14)
4 (precision) 6.586e-16 6.586e-16 (from 3.304e-14)
5 (precision) 1.890e-15 6.586e-16 (from 3.304e-14)
6 (precision) 1.407e-15 6.586e-16 (from 3.304e-14)
7 (precision) 1.911e-15 6.586e-16 (from 3.304e-14)
8 (precision) 1.384e-15 6.586e-16 (from 3.304e-14)
9 (precision) 2.249e-13 6.586e-16 (from 3.304e-14)
10 (precision) 6.200e-14 6.586e-16 (from 3.304e-14)
11 (precision) 1.735e-14 6.586e-16 (from 3.304e-14)
12 (precision) 5.577e-15 6.586e-16 (from 3.304e-14)
13 (precision) 1.874e-15 6.586e-16 (from 3.304e-14)
14 (precision) 4.185e-15 6.586e-16 (from 3.304e-14)
15 (precision) 1.604e-15 6.586e-16 (from 3.304e-14)
16 (precision) 4.751e-15 6.586e-16 (from 3.304e-14)
17 (precision) 1.144e-15 6.586e-16 (from 3.304e-14)
18 (precision) 1.661e-15 6.586e-16 (from 3.304e-14)
19 (precision) 1.238e-15 6.586e-16 (from 3.304e-14)
20 (precision) 3.236e-15 6.586e-16 (from 3.304e-14)
21 (precision) 1.058e-15 6.586e-16 (from 3.304e-14)
22 (precision) 3.573e-16 3.573e-16 (from 3.304e-14)
23 (precision) 1.420e-15 3.573e-16 (from 3.304e-14)
24 (precision) 1.041e-14 3.573e-16 (from 3.304e-14)
25 (precision) 2.818e-15 3.573e-16 (from 3.304e-14)
26 (precision) 9.523e-16 3.573e-16 (from 3.304e-14)
27 (precision) 6.205e-17 6.205e-17 (from 3.304e-14)
28 (precision) 1.748e-14 6.205e-17 (from 3.304e-14)
29 (precision) 2.010e-14 6.205e-17 (from 3.304e-14)
30 (precision) 1.663e-14 6.205e-17 (from 3.304e-14)
31 (precision) 4.928e-12 6.205e-17 (from 3.304e-14)
32 (precision) 1.352e-12 6.205e-17 (from 3.304e-14)
33 (precision) 3.242e-13 6.205e-17 (from 3.304e-14)
34 (precision) 8.288e-14 6.205e-17 (from 3.304e-14)
35 (precision) 3.252e-11 6.205e-17 (from 3.304e-14)
36 (precision) 8.653e-12 6.205e-17 (from 3.304e-14)
37 (precision) 1.863e-12 6.205e-17 (from 3.304e-14)
38 (precision) 8.360e-13 6.205e-17 (from 3.304e-14)
39 (precision) 1.327e-13 6.205e-17 (from 3.304e-14)
40 (precision) 2.777e-14 6.205e-17 (from 3.304e-14)
41 (precision) 1.129e-13 6.205e-17 (from 3.304e-14)
42 (precision) 2.800e-14 6.205e-17 (from 3.304e-14)
43 (precision) 2.997e-11 6.205e-17 (from 3.304e-14)
44 (precision) 8.162e-12 6.205e-17 (from 3.304e-14)
45 (precision) 1.100e-12 6.205e-17 (from 3.304e-14)
46 (precision) 9.919e-14 6.205e-17 (from 3.304e-14)
47 (precision) 1.109e-10 6.205e-17 (from 3.304e-14)
48 (precision) 3.033e-11 6.205e-17 (from 3.304e-14)
49 (precision) 6.893e-12 6.205e-17 (from 3.304e-14)
50 (precision) 4.149e-11 6.205e-17 (from 3.304e-14)
51 (precision) 7.559e-12 6.205e-17 (from 3.304e-14)
52 (precision) 2.338e-12 6.205e-17 (from 3.304e-14)
53 (precision) 4.151e-13 6.205e-17 (from 3.304e-14)
54 (precision) 7.553e-11 6.205e-17 (from 3.304e-14)
55 (precision) 2.075e-11 6.205e-17 (from 3.304e-14)
56 (precision) 5.006e-12 6.205e-17 (from 3.304e-14)
57 (precision) 2.180e-13 6.205e-17 (from 3.304e-14)
58 (precision) 1.553e-12 6.205e-17 (from 3.304e-14)
59 (precision) 7.880e-14 6.205e-17 (from 3.304e-14)
60 (precision) 1.841e-09 6.205e-17 (from 3.304e-14)
61 (precision) 5.075e-10 6.205e-17 (from 3.304e-14)
62 (precision) 1.377e-10 6.205e-17 (from 3.304e-14)
63 (precision) 3.608e-11 6.205e-17 (from 3.304e-14)
64 (precision) 4.282e-11 6.205e-17 (from 3.304e-14)
65 (precision) 1.162e-11 6.205e-17 (from 3.304e-14)
66 (precision) 1.033e-12 6.205e-17 (from 3.304e-14)
67 (precision) 3.574e-09 6.205e-17 (from 3.304e-14)
68 (precision) 9.850e-10 6.205e-17 (from 3.304e-14)
69 (precision) 1.880e-10 6.205e-17 (from 3.304e-14)
70 (precision) 1.588e-11 6.205e-17 (from 3.304e-14)
71 (precision) 1.518e-11 6.205e-17 (from 3.304e-14)
72 (precision) 1.663e-10 6.205e-17 (from 3.304e-14)
73 (precision) 2.739e-11 6.205e-17 (from 3.304e-14)
74 (precision) 7.417e-11 6.205e-17 (from 3.304e-14)
75 (precision) 1.789e-11 6.205e-17 (from 3.304e-14)
76 (precision) 6.337e-11 6.205e-17 (from 3.304e-14)
77 (precision) 1.615e-11 6.205e-17 (from 3.304e-14)
78 (precision) 2.439e-11 6.205e-17 (from 3.304e-14)
79 (precision) 8.557e-12 6.205e-17 (from 3.304e-14)
80 (precision) 5.766e-11 6.205e-17 (from 3.304e-14)
81 (precision) 1.863e-10 6.205e-17 (from 3.304e-14)
82 (precision) 1.074e-11 6.205e-17 (from 3.304e-14)
83 (precision) 2.819e-12 6.205e-17 (from 3.304e-14)
84 (precision) 2.747e-10 6.205e-17 (from 3.304e-14)
85 (precision) 7.531e-11 6.205e-17 (from 3.304e-14)
86 (precision) 1.543e-11 6.205e-17 (from 3.304e-14)
87 (precision) 3.642e-12 6.205e-17 (from 3.304e-14)
88 (precision) 6.384e-13 6.205e-17 (from 3.304e-14)
89 (precision) 8.987e-10 6.205e-17 (from 3.304e-14)
90 (precision) 2.472e-10 6.205e-17 (from 3.304e-14)
91 (precision) 6.586e-11 6.205e-17 (from 3.304e-14)
92 (precision) 8.302e-12 6.205e-17 (from 3.304e-14)
93 (precision) 3.775e-08 6.205e-17 (from 3.304e-14)
94 (precision) 1.040e-08 6.205e-17 (from 3.304e-14)
95 (precision) 2.864e-09 6.205e-17 (from 3.304e-14)
96 (precision) 1.816e-10 6.205e-17 (from 3.304e-14)
97 (precision) 4.754e-11 6.205e-17 (from 3.304e-14)
98 (precision) 2.330e-12 6.205e-17 (from 3.304e-14)
99 (precision) 8.465e-07 6.205e-17 (from 3.304e-14)
100 (precision) 2.333e-07 6.205e-17 (from 3.304e-14)

x: -1.215e-01 -3.942e-01  1.873e-01 -3.858e-01  1.359e-01  8.275e-02 -4.239e-01 -1.579e-01  8.648e-02 -2.944e-01  4.439e-01  3.281e-01  2.364e-03 -1.531e-01  3.642e-01 -3.195e-02 -2.269e-02  1.284e-02  3.759e-01  6.203e-01  3.676e-01  1.777e-01 -3.864e-07

grad: -2.277e-08 -5.189e-08  2.025e-08 -6.960e-08 -2.198e-09  2.576e-08 -5.655e-08 -3.087e-08  1.286e-08 -4.200e-08  9.890e-08  6.879e-08  3.281e-08  1.408e-08  6.804e-08 -4.550e-10  1.064e-08  4.300e-09  8.255e-08  1.001e-07  2.569e-08  3.443e-08  9.046e-14

finished in 35 iterations (0.02 seconds total)
max viol = 2.05e-08

---------------------
Result:
---------------------

{(1,0), (0,0), (0,0), (0,0), (0,0), (0,0)}, {}, {}, {}, {}, {}


{(0.408,0), (0.408,0), (0.408,0), (0.408,0), (0.408,0), (0.408,0)}, {}, {}, {}, {}, {}


{(0.408,0), (-0.122,0.444), (-0.394,0.328), (0.187,0.00236), (-0.386,-0.153), (0.136,0.364)}, {}, {}, {}, {}, {}


{(0.408,0), (0.0827,-0.032), (-0.424,-0.0227), (-0.158,0.0128), (0.0865,0.376), (-0.294,0.62)}, {}, {}, {}, {}, {}

---------------------
Abs of Gram matrix:
---------------------

 { { +1.0000, +0.0000, +0.0000, +0.0000, +0.0000, +0.0000, +0.4082, +0.0000, +0.0000, +0.0000, +0.0000, +0.0000, +0.4082, +0.0000, +0.0000, +0.0000, +0.0000, +0.0000, +0.4082, +0.0000, +0.0000, +0.0000, +0.0000, +0.0000}, 
   { +0.0000, +0.0000, +0.0000, +0.0000, +0.0000, +0.0000, +0.0000, +0.0000, +0.0000, +0.0000, +0.0000, +0.0000, +0.0000, +0.0000, +0.0000, +0.0000, +0.0000, +0.0000, +0.0000, +0.0000, +0.0000, +0.0000, +0.0000, +0.0000}, 
   { +0.0000, +0.0000, +0.0000, +0.0000, +0.0000, +0.0000, +0.0000, +0.0000, +0.0000, +0.0000, +0.0000, +0.0000, +0.0000, +0.0000, +0.0000, +0.0000, +0.0000, +0.0000, +0.0000, +0.0000, +0.0000, +0.0000, +0.0000, +0.0000}, 
   { +0.0000, +0.0000, +0.0000, +0.0000, +0.0000, +0.0000, +0.0000, +0.0000, +0.0000, +0.0000, +0.0000, +0.0000, +0.0000, +0.0000, +0.0000, +0.0000, +0.0000, +0.0000, +0.0000, +0.0000, +0.0000, +0.0000, +0.0000, +0.0000}, 
   { +0.0000, +0.0000, +0.0000, +0.0000, +0.0000, +0.0000, +0.0000, +0.0000, +0.0000, +0.0000, +0.0000, +0.0000, +0.0000, +0.0000, +0.0000, +0.0000, +0.0000, +0.0000, +0.0000, +0.0000, +0.0000, +0.0000, +0.0000, +0.0000}, 
   { +0.0000, +0.0000, +0.0000, +0.0000, +0.0000, +0.0000, +0.0000, +0.0000, +0.0000, +0.0000, +0.0000, +0.0000, +0.0000, +0.0000, +0.0000, +0.0000, +0.0000, +0.0000, +0.0000, +0.0000, +0.0000, +0.0000, +0.0000, +0.0000}, 
   { +0.4082, +0.0000, +0.0000, +0.0000, +0.0000, +0.0000, +1.0000, +0.0000, +0.0000, +0.0000, +0.0000, +0.0000, +0.4082, +0.0000, +0.0000, +0.0000, +0.0000, +0.0000, +0.4082, +0.0000, +0.0000, +0.0000, +0.0000, +0.0000}, 
   { +0.0000, +0.0000, +0.0000, +0.0000, +0.0000, +0.0000, +0.0000, +0.0000, +0.0000, +0.0000, +0.0000, +0.0000, +0.0000, +0.0000, +0.0000, +0.0000, +0.0000, +0.0000, +0.0000, +0.0000, +0.0000, +0.0000, +0.0000, +0.0000}, 
   { +0.0000, +0.0000, +0.0000, +0.0000, +0.0000, +0.0000, +0.0000, +0.0000, +0.0000, +0.0000, +0.0000, +0.0000, +0.0000, +0.0000, +0.0000, +0.0000, +0.0000, +0.0000, +0.0000, +0.0000, +0.0000, +0.0000, +0.0000, +0.0000}, 
   { +0.0000, +0.0000, +0.0000, +0.0000, +0.0000, +0.0000, +0.0000, +0.0000, +0.0000, +0.0000, +0.0000, +0.0000, +0.0000, +0.0000, +0.0000, +0.0000, +0.0000, +0.0000, +0.0000, +0.0000, +0.0000, +0.0000, +0.0000, +0.0000}, 
   { +0.0000, +0.0000, +0.0000, +0.0000, +0.0000, +0.0000, +0.0000, +0.0000, +0.0000, +0.0000, +0.0000, +0.0000, +0.0000, +0.0000, +0.0000, +0.0000, +0.0000, +0.0000, +0.0000, +0.0000, +0.0000, +0.0000, +0.0000, +0.0000}, 
   { +0.0000, +0.0000, +0.0000, +0.0000, +0.0000, +0.0000, +0.0000, +0.0000, +0.0000, +0.0000, +0.0000, +0.0000, +0.0000, +0.0000, +0.0000, +0.0000, +0.0000, +0.0000, +0.0000, +0.0000, +0.0000, +0.0000, +0.0000, +0.0000}, 
   { +0.4082, +0.0000, +0.0000, +0.0000, +0.0000, +0.0000, +0.4082, +0.0000, +0.0000, +0.0000, +0.0000, +0.0000, +1.0000, +0.0000, +0.0000, +0.0000, +0.0000, +0.0000, +0.4082, +0.0000, +0.0000, +0.0000, +0.0000, +0.0000}, 
   { +0.0000, +0.0000, +0.0000, +0.0000, +0.0000, +0.0000, +0.0000, +0.0000, +0.0000, +0.0000, +0.0000, +0.0000, +0.0000, +0.0000, +0.0000, +0.0000, +0.0000, +0.0000, +0.0000, +0.0000, +0.0000, +0.0000, +0.0000, +0.0000}, 
   { +0.0000, +0.0000, +0.0000, +0.0000, +0.0000, +0.0000, +0.0000, +0.0000, +0.0000, +0.0000, +0.0000, +0.0000, +0.0000, +0.0000, +0.0000, +0.0000, +0.0000, +0.0000, +0.0000, +0.0000, +0.0000, +0.0000, +0.0000, +0.0000}, 
   { +0.0000, +0.0000, +0.0000, +0.0000, +0.0000, +0.0000, +0.0000, +0.0000, +0.0000, +0.0000, +0.0000, +0.0000, +0.0000, +0.0000, +0.0000, +0.0000, +0.0000, +0.0000, +0.0000, +0.0000, +0.0000, +0.0000, +0.0000, +0.0000}, 
   { +0.0000, +0.0000, +0.0000, +0.0000, +0.0000, +0.0000, +0.0000, +0.0000, +0.0000, +0.0000, +0.0000, +0.0000, +0.0000, +0.0000, +0.0000, +0.0000, +0.0000, +0.0000, +0.0000, +0.0000, +0.0000, +0.0000, +0.0000, +0.0000}, 
   { +0.0000, +0.0000, +0.0000, +0.0000, +0.0000, +0.0000, +0.0000, +0.0000, +0.0000, +0.0000, +0.0000, +0.0000, +0.0000, +0.0000, +0.0000, +0.0000, +0.0000, +0.0000, +0.0000, +0.0000, +0.0000, +0.0000, +0.0000, +0.0000}, 
   { +0.4082, +0.0000, +0.0000, +0.0000, +0.0000, +0.0000, +0.4082, +0.0000, +0.0000, +0.0000, +0.0000, +0.0000, +0.4082, +0.0000, +0.0000, +0.0000, +0.0000, +0.0000, +1.0000, +0.0000, +0.0000, +0.0000, +0.0000, +0.0000}, 
   { +0.0000, +0.0000, +0.0000, +0.0000, +0.0000, +0.0000, +0.0000, +0.0000, +0.0000, +0.0000, +0.0000, +0.0000, +0.0000, +0.0000, +0.0000, +0.0000, +0.0000, +0.0000, +0.0000, +0.0000, +0.0000, +0.0000, +0.0000, +0.0000}, 
   { +0.0000, +0.0000, +0.0000, +0.0000, +0.0000, +0.0000, +0.0000, +0.0000, +0.0000, +0.0000, +0.0000, +0.0000, +0.0000, +0.0000, +0.0000, +0.0000, +0.0000, +0.0000, +0.0000, +0.0000, +0.0000, +0.0000, +0.0000, +0.0000}, 
   { +0.0000, +0.0000, +0.0000, +0.0000, +0.0000, +0.0000, +0.0000, +0.0000, +0.0000, +0.0000, +0.0000, +0.0000, +0.0000, +0.0000, +0.0000, +0.0000, +0.0000, +0.0000, +0.0000, +0.0000, +0.0000, +0.0000, +0.0000, +0.0000}, 
   { +0.0000, +0.0000, +0.0000, +0.0000, +0.0000, +0.0000, +0.0000, +0.0000, +0.0000, +0.0000, +0.0000, +0.0000, +0.0000, +0.0000, +0.0000, +0.0000, +0.0000, +0.0000, +0.0000, +0.0000, +0.0000, +0.0000, +0.0000, +0.0000}, 
   { +0.0000, +0.0000, +0.0000, +0.0000, +0.0000, +0.0000, +0.0000, +0.0000, +0.0000, +0.0000, +0.0000, +0.0000, +0.0000, +0.0000, +0.0000, +0.0000, +0.0000, +0.0000, +0.0000, +0.0000, +0.0000, +0.0000, +0.0000, +0.0000} } 
