---------------------
Basis Indices:
---------------------

{1, 0, 0, 0, 0, 0}, {1, 0, 0, 0, 0, 0}, {}, {}, {}, {}


{0.408, 0.408, 0.408, 0.408, 0.408, 0.408}, {0.408, x_43+i*x_187, x_44+i*x_188, x_45+i*x_189, x_46+i*x_190, x_47+i*x_191}, {}, {}, {}, {}


{0.408, x_73+i*x_217, x_74+i*x_218, x_75+i*x_219, x_76+i*x_220, x_77+i*x_221}, {0.408, x_79+i*x_223, x_80+i*x_224, x_81+i*x_225, x_82+i*x_226, x_83+i*x_227}, {}, {}, {}, {}


{0.408, x_109+i*x_253, x_110+i*x_254, x_111+i*x_255, x_112+i*x_256, x_113+i*x_257}, {0.408, x_115+i*x_259, x_116+i*x_260, x_117+i*x_261, x_118+i*x_262, x_119+i*x_263}, {}, {}, {}, {}

---------------------
Problem: 
---------------------
Find a point satisfying:

-0.166667*{} + 1*{ 289 289} + 1*{ 288 288} = 0 

1*{ 189 219} + 1*{ 188 218} + 1*{ 187 217} + 1*{  45  75} + 1*{  44  74} + 1*{  43  73} + 0.166667*{} + 1*{  46  76} + 1*{ 190 220} + 1*{  47  77} + 1*{ 191 221} + -1*{ 288} = 0 

-1*{  75 189} + 1*{  45 219} + 1*{  46 220} + 1*{  44 218} + -1*{  74 188} + 1*{  43 217} + -1*{ 289} + -1*{  73 187} + 1*{  47 221} + -1*{  76 190} + -1*{  77 191} = 0 

-0.166667*{} + 1*{ 291 291} + 1*{ 290 290} = 0 

-1*{ 290} + 1*{ 189 225} + 1*{  45  81} + 1*{  44  80} + 1*{ 187 223} + 1*{  43  79} + 1*{ 191 227} + 0.166667*{} + 1*{ 188 224} + 1*{  46  82} + 1*{ 190 226} + 1*{  47  83} = 0 

-1*{  81 189} + -1*{  82 190} + 1*{  44 224} + 1*{  43 223} + 1*{  46 226} + -1*{  79 187} + 1*{  45 225} + -1*{ 291} + -1*{  80 188} + 1*{  47 227} + -1*{  83 191} = 0 

-0.166667*{} + 1*{ 293 293} + 1*{ 292 292} = 0 

1*{  45 111} + 1*{ 188 254} + 1*{ 189 255} + -1*{ 292} + 1*{  46 112} + 1*{ 187 253} + 0.166667*{} + 1*{  43 109} + 1*{  44 110} + 1*{ 190 256} + 1*{  47 113} + 1*{ 191 257} = 0 

-1*{ 110 188} + 1*{  45 255} + -1*{ 109 187} + -1*{ 111 189} + -1*{ 293} + 1*{  43 253} + 1*{  47 257} + 1*{  44 254} + 1*{  46 256} + -1*{ 112 190} + -1*{ 113 191} = 0 

-0.166667*{} + 1*{ 295 295} + 1*{ 294 294} = 0 

1*{  43 115} + 1*{  44 116} + 1*{ 188 260} + 1*{  45 117} + 1*{  47 119} + 0.166667*{} + 1*{ 189 261} + 1*{  46 118} + -1*{ 294} + 1*{ 190 262} + 1*{ 187 259} + 1*{ 191 263} = 0 

-1*{ 117 189} + 1*{  45 261} + 1*{  44 260} + -1*{ 115 187} + -1*{ 295} + -1*{ 119 191} + 1*{  46 262} + -1*{ 118 190} + -1*{ 116 188} + 1*{  43 259} + 1*{  47 263} = 0 

-0.166667*{} + 1*{ 187 187} + 1*{  43  43} = 0 

-0.833333*{} + 1*{  43  43} + 1*{ 187 187} + 1*{  44  44} + 1*{ 188 188} + 1*{  45  45} + 1*{ 189 189} + 1*{  46  46} + 1*{ 190 190} + 1*{  47  47} + 1*{ 191 191} = 0 

0.333333*{  45  46} + 0.166667*{  44  44} + 0.333333*{  44  46} + 0.166667*{  47  47} + 0.333333*{  46  47} + 0.166667*{ 188 188} + 0.166667*{  45  45} + 0.333333*{  43  44} + 0.136083*{  45} + 0.333333*{  43  45} + 0.333333*{ 189 190} + 0.333333*{ 190 191} + 0.136083*{  47} + 0.333333*{  43  46} + 0.333333*{ 189 191} + 0.333333*{ 187 190} + 0.333333*{ 188 191} + 0.333333*{  44  45} + 0.166667*{ 191 191} + 0.166667*{  43  43} + 0.166667*{ 190 190} + 0.333333*{ 187 188} + 0.166667*{ 187 187} + 0.166667*{ 189 189} + 0.333333*{ 188 189} + 0.136083*{  44} + 0.0277778*{} + 0.333333*{  45  47} + 0.136083*{  43} + 0.136083*{  46} + 0.333333*{ 187 189} + 0.333333*{ 188 190} + 0.333333*{  44  47} + 0.333333*{  43  47} + 0.333333*{ 187 191} + 0.166667*{  46  46} = 0 

1*{ 220 226} + 1*{  74  80} + 1*{  75  81} + 1*{ 221 227} + 1*{  77  83} + 1*{ 217 223} + 1*{ 219 225} + 1*{  73  79} + 1*{ 218 224} + 0.166667*{} + 1*{  76  82} = 0 

-1*{  81 219} + -1*{  80 218} + 1*{  74 224} + -1*{  79 217} + 1*{  75 225} + -1*{  83 221} + 1*{  76 226} + 1*{  73 223} + -1*{  82 220} + 1*{  77 227} = 0 

-0.166667*{} + 1*{ 297 297} + 1*{ 296 296} = 0 

1*{  74 110} + 0.166667*{} + 1*{ 220 256} + 1*{  75 111} + 1*{  77 113} + 1*{ 218 254} + 1*{ 217 253} + 1*{ 219 255} + 1*{  73 109} + 1*{  76 112} + -1*{ 296} + 1*{ 221 257} = 0 

-1*{ 111 219} + -1*{ 110 218} + 1*{  74 254} + 1*{  75 255} + 1*{  73 253} + 1*{  76 256} + -1*{ 109 217} + -1*{ 112 220} + 1*{  77 257} + -1*{ 297} + -1*{ 113 221} = 0 

-0.166667*{} + 1*{ 299 299} + 1*{ 298 298} = 0 

1*{ 219 261} + 1*{ 218 260} + 1*{  74 116} + -1*{ 298} + 1*{  75 117} + 1*{ 217 259} + 0.166667*{} + 1*{  76 118} + 1*{  73 115} + 1*{ 220 262} + 1*{  77 119} + 1*{ 221 263} = 0 

-1*{ 117 219} + 1*{  74 260} + -1*{ 115 217} + 1*{  76 262} + 1*{  75 261} + -1*{ 116 218} + 1*{  73 259} + 1*{  77 263} + -1*{ 118 220} + -1*{ 119 221} + -1*{ 299} = 0 

-0.166667*{} + 1*{ 217 217} + 1*{  73  73} = 0 

-0.833333*{} + 1*{ 219 219} + 1*{  73  73} + 1*{  75  75} + 1*{  77  77} + 1*{ 217 217} + 1*{  74  74} + 1*{ 218 218} + 1*{ 221 221} + 1*{  76  76} + 1*{ 220 220} = 0 

0.333333*{ 219 220} + 0.166667*{  75  75} + 0.333333*{  74  77} + 0.333333*{  75  76} + 0.333333*{ 218 219} + 0.333333*{ 218 221} + 0.333333*{ 218 220} + 0.333333*{ 220 221} + 0.166667*{ 221 221} + 0.136083*{  77} + 0.333333*{ 219 221} + 0.136083*{  75} + 0.333333*{  73  74} + 0.166667*{ 219 219} + 0.333333*{  73  77} + 0.333333*{ 217 218} + 0.166667*{ 218 218} + 0.166667*{  76  76} + 0.333333*{  73  76} + 0.333333*{ 217 221} + 0.333333*{ 217 219} + 0.333333*{  74  75} + 0.333333*{  73  75} + 0.166667*{  74  74} + 0.333333*{ 217 220} + 0.166667*{  73  73} + 0.166667*{ 220 220} + 0.333333*{  75  77} + 0.136083*{  73} + 0.166667*{ 217 217} + 0.136083*{  74} + -0.138889*{} + 0.333333*{  74  76} + 0.333333*{  76  77} + 0.166667*{  77  77} + 0.136083*{  76} = 0 

-0.166667*{} + 1*{ 301 301} + 1*{ 300 300} = 0 

1*{ 224 254} + 1*{ 223 253} + 1*{  81 111} + 1*{  80 110} + 1*{ 227 257} + 0.166667*{} + 1*{  79 109} + 1*{ 226 256} + 1*{ 225 255} + 1*{  83 113} + 1*{  82 112} + -1*{ 300} = 0 

-1*{ 109 223} + 1*{  81 255} + -1*{ 110 224} + -1*{ 301} + -1*{ 111 225} + -1*{ 112 226} + -1*{ 113 227} + 1*{  79 253} + 1*{  80 254} + 1*{  82 256} + 1*{  83 257} = 0 

-0.166667*{} + 1*{ 303 303} + 1*{ 302 302} = 0 

1*{  81 117} + 1*{ 224 260} + 1*{ 226 262} + 1*{  80 116} + 1*{ 223 259} + 1*{  79 115} + 0.166667*{} + 1*{  82 118} + 1*{  83 119} + -1*{ 302} + 1*{ 225 261} + 1*{ 227 263} = 0 

-1*{ 117 225} + 1*{  81 261} + -1*{ 116 224} + 1*{  80 260} + 1*{  79 259} + -1*{ 115 223} + -1*{ 119 227} + 1*{  83 263} + 1*{  82 262} + -1*{ 118 226} + -1*{ 303} = 0 

-0.166667*{} + 1*{ 223 223} + 1*{  79  79} = 0 

-0.833333*{} + 1*{  83  83} + 1*{  79  79} + 1*{ 223 223} + 1*{  80  80} + 1*{ 224 224} + 1*{ 226 226} + 1*{  81  81} + 1*{ 225 225} + 1*{  82  82} + 1*{ 227 227} = 0 

0.166667*{  80  80} + 0.333333*{  80  83} + 0.333333*{  79  82} + 0.166667*{ 223 223} + 0.333333*{ 223 225} + 0.333333*{  80  81} + 0.166667*{ 227 227} + 0.333333*{ 224 227} + 0.333333*{ 226 227} + 0.166667*{ 225 225} + 0.166667*{  82  82} + 0.333333*{  79  83} + 0.333333*{  81  82} + 0.166667*{  81  81} + 0.333333*{  80  82} + 0.333333*{ 225 227} + 0.333333*{ 224 226} + 0.166667*{  79  79} + 0.333333*{ 225 226} + 0.166667*{ 224 224} + 0.333333*{  79  80} + 0.166667*{ 226 226} + 0.333333*{  81  83} + 0.333333*{ 224 225} + -0.138889*{} + 0.166667*{  83  83} + 0.136083*{  81} + 0.333333*{ 223 224} + 0.136083*{  80} + 0.333333*{  82  83} + 0.136083*{  83} + 0.136083*{  82} + 0.333333*{  79  81} + 0.136083*{  79} + 0.333333*{ 223 227} + 0.333333*{ 223 226} = 0 

1*{ 255 261} + 1*{ 111 117} + 1*{ 254 260} + 1*{ 110 116} + 1*{ 112 118} + 1*{ 253 259} + 1*{ 109 115} + 1*{ 113 119} + 1*{ 257 263} + 0.166667*{} + 1*{ 256 262} = 0 

-1*{ 117 255} + 1*{ 111 261} + 1*{ 110 260} + -1*{ 116 254} + -1*{ 115 253} + -1*{ 119 257} + 1*{ 109 259} + -1*{ 118 256} + 1*{ 112 262} + 1*{ 113 263} = 0 

-0.166667*{} + 1*{ 253 253} + 1*{ 109 109} = 0 

-0.833333*{} + 1*{ 109 109} + 1*{ 257 257} + 1*{ 253 253} + 1*{ 254 254} + 1*{ 110 110} + 1*{ 111 111} + 1*{ 255 255} + 1*{ 112 112} + 1*{ 256 256} + 1*{ 113 113} = 0 

0.333333*{ 110 111} + 0.166667*{ 256 256} + 0.333333*{ 255 256} + 0.333333*{ 254 256} + 0.166667*{ 112 112} + 0.333333*{ 110 112} + 0.136083*{ 111} + 0.333333*{ 110 113} + 0.333333*{ 109 113} + 0.333333*{ 253 255} + 0.333333*{ 109 112} + 0.333333*{ 111 112} + 0.166667*{ 111 111} + 0.333333*{ 109 111} + 0.333333*{ 254 255} + 0.136083*{ 110} + 0.166667*{ 113 113} + 0.333333*{ 254 257} + 0.333333*{ 109 110} + 0.333333*{ 111 113} + 0.166667*{ 257 257} + 0.166667*{ 110 110} + 0.333333*{ 253 256} + 0.333333*{ 255 257} + 0.166667*{ 255 255} + 0.136083*{ 112} + 0.333333*{ 112 113} + 0.166667*{ 254 254} + 0.333333*{ 256 257} + 0.166667*{ 109 109} + 0.136083*{ 109} + -0.138889*{} + 0.136083*{ 113} + 0.333333*{ 253 257} + 0.333333*{ 253 254} + 0.166667*{ 253 253} = 0 

-0.166667*{} + 1*{ 259 259} + 1*{ 115 115} = 0 

-0.833333*{} + 1*{ 115 115} + 1*{ 261 261} + 1*{ 118 118} + 1*{ 259 259} + 1*{ 262 262} + 1*{ 116 116} + 1*{ 119 119} + 1*{ 260 260} + 1*{ 263 263} + 1*{ 117 117} = 0 

0.333333*{ 261 263} + 0.166667*{ 117 117} + 0.166667*{ 260 260} + 0.333333*{ 116 118} + 0.333333*{ 260 262} + 0.333333*{ 259 261} + 0.136083*{ 118} + -0.138889*{} + 0.166667*{ 259 259} + 0.333333*{ 115 118} + 0.333333*{ 259 262} + 0.333333*{ 115 117} + 0.166667*{ 263 263} + 0.333333*{ 115 119} + 0.166667*{ 262 262} + 0.136083*{ 115} + 0.333333*{ 261 262} + 0.333333*{ 118 119} + 0.166667*{ 261 261} + 0.166667*{ 118 118} + 0.333333*{ 117 118} + 0.166667*{ 115 115} + 0.136083*{ 117} + 0.333333*{ 115 116} + 0.136083*{ 119} + 0.333333*{ 116 119} + 0.333333*{ 262 263} + 0.136083*{ 116} + 0.333333*{ 259 263} + 0.333333*{ 260 263} + 0.333333*{ 260 261} + 0.333333*{ 117 119} + 0.166667*{ 119 119} + 0.333333*{ 259 260} + 0.166667*{ 116 116} + 0.333333*{ 116 117} = 0 

---------------------
Summary:
---------------------
set sizes: {2, 2, 2, 2}, vars: 66, vectors: 8, equations: 43, indep eqn: 43

---------------------
Optimization:
---------------------
1 2.604e+00 2.604e+00
2 5.770e+03 2.604e+00
3 2.074e+03 2.604e+00
4 7.438e+02 2.604e+00
5 2.658e+02 2.604e+00
6 9.438e+01 2.604e+00
7 3.313e+01 2.604e+00
8 1.153e+01 2.604e+00
9 3.972e+00 2.604e+00
10 1.354e+00 1.354e+00
11 4.589e-01 4.589e-01
12 1.558e-01 1.558e-01
13 5.283e-02 5.283e-02
14 1.748e-02 1.748e-02
15 5.737e-03 5.737e-03
16 1.892e-03 1.892e-03
17 6.371e-04 6.371e-04
18 2.223e-04 2.223e-04
19 8.039e-05 8.039e-05
20 2.968e-05 2.968e-05
21 1.103e-05 1.103e-05
22 4.105e-06 4.105e-06
23 1.531e-06 1.531e-06
24 5.716e-07 5.716e-07
25 2.141e-07 2.141e-07
26 8.055e-08 8.055e-08
27 3.055e-08 3.055e-08
28 1.176e-08 1.176e-08
29 4.617e-09 4.617e-09
30 1.892e-09 1.892e-09
31 7.935e-10 7.935e-10
32 3.554e-10 3.554e-10
33 1.623e-10 1.623e-10
34 7.904e-11 7.904e-11
35 3.803e-11 3.803e-11
36 1.935e-11 1.935e-11
37 9.493e-12 9.493e-12
38 4.887e-12 4.887e-12
39 2.440e-12 2.440e-12
40 1.240e-12 1.240e-12
41 6.067e-13 6.067e-13
42 3.729e-13 3.729e-13
43 2.211e-13 2.211e-13
44 1.073e-13 1.073e-13
45 1.157e-10 1.073e-13
46 3.400e-11 1.073e-13
47 1.022e-11 1.073e-13
48 3.935e-12 1.073e-13
49 1.723e-12 1.073e-13
50 1.158e-12 1.073e-13
51 1.294e-12 1.073e-13
52 3.605e-13 1.073e-13
53 7.424e-12 1.073e-13
54 2.126e-12 1.073e-13
55 2.915e-12 1.073e-13
56 3.779e-12 1.073e-13
57 2.173e-13 1.073e-13
58 3.476e-14 3.476e-14
1 (precision) 1.105e-14 1.105e-14 (from 3.476e-14)
2 (precision) 1.946e-14 1.105e-14 (from 3.476e-14)
3 (precision) 1.647e-15 1.647e-15 (from 3.476e-14)
4 (precision) 5.092e-15 1.647e-15 (from 3.476e-14)
5 (precision) 3.036e-15 1.647e-15 (from 3.476e-14)
6 (precision) 2.253e-11 1.647e-15 (from 3.476e-14)
7 (precision) 6.210e-12 1.647e-15 (from 3.476e-14)
8 (precision) 1.717e-12 1.647e-15 (from 3.476e-14)
9 (precision) 4.710e-13 1.647e-15 (from 3.476e-14)
10 (precision) 1.323e-13 1.647e-15 (from 3.476e-14)
11 (precision) 3.389e-14 1.647e-15 (from 3.476e-14)
12 (precision) 9.424e-15 1.647e-15 (from 3.476e-14)
13 (precision) 5.136e-15 1.647e-15 (from 3.476e-14)
14 (precision) 1.340e-14 1.647e-15 (from 3.476e-14)
15 (precision) 1.035e-15 1.035e-15 (from 3.476e-14)
16 (precision) 7.744e-16 7.744e-16 (from 3.476e-14)
17 (precision) 7.771e-15 7.744e-16 (from 3.476e-14)
18 (precision) 6.911e-13 7.744e-16 (from 3.476e-14)
19 (precision) 2.332e-13 7.744e-16 (from 3.476e-14)
20 (precision) 7.901e-14 7.744e-16 (from 3.476e-14)
21 (precision) 3.252e-14 7.744e-16 (from 3.476e-14)
22 (precision) 7.591e-15 7.744e-16 (from 3.476e-14)
23 (precision) 4.553e-15 7.744e-16 (from 3.476e-14)
24 (precision) 3.297e-15 7.744e-16 (from 3.476e-14)
25 (precision) 1.481e-14 7.744e-16 (from 3.476e-14)
26 (precision) 7.626e-15 7.744e-16 (from 3.476e-14)
27 (precision) 2.640e-14 7.744e-16 (from 3.476e-14)
28 (precision) 3.383e-15 7.744e-16 (from 3.476e-14)
29 (precision) 1.531e-11 7.744e-16 (from 3.476e-14)
30 (precision) 4.229e-12 7.744e-16 (from 3.476e-14)
31 (precision) 1.171e-12 7.744e-16 (from 3.476e-14)
32 (precision) 3.192e-13 7.744e-16 (from 3.476e-14)
33 (precision) 7.771e-14 7.744e-16 (from 3.476e-14)
34 (precision) 2.771e-14 7.744e-16 (from 3.476e-14)
35 (precision) 4.854e-15 7.744e-16 (from 3.476e-14)
36 (precision) 9.204e-15 7.744e-16 (from 3.476e-14)
37 (precision) 1.769e-14 7.744e-16 (from 3.476e-14)
38 (precision) 1.582e-14 7.744e-16 (from 3.476e-14)
39 (precision) 1.139e-16 1.139e-16 (from 3.476e-14)
40 (precision) 2.404e-15 1.139e-16 (from 3.476e-14)
41 (precision) 5.799e-10 1.139e-16 (from 3.476e-14)
42 (precision) 1.599e-10 1.139e-16 (from 3.476e-14)
43 (precision) 4.408e-11 1.139e-16 (from 3.476e-14)
44 (precision) 1.217e-11 1.139e-16 (from 3.476e-14)
45 (precision) 3.377e-12 1.139e-16 (from 3.476e-14)
46 (precision) 9.502e-13 1.139e-16 (from 3.476e-14)
47 (precision) 2.811e-13 1.139e-16 (from 3.476e-14)
48 (precision) 8.065e-14 1.139e-16 (from 3.476e-14)
49 (precision) 2.488e-14 1.139e-16 (from 3.476e-14)
50 (precision) 5.239e-15 1.139e-16 (from 3.476e-14)
51 (precision) 8.592e-15 1.139e-16 (from 3.476e-14)
52 (precision) 2.178e-15 1.139e-16 (from 3.476e-14)
53 (precision) 4.485e-15 1.139e-16 (from 3.476e-14)
54 (precision) 1.972e-15 1.139e-16 (from 3.476e-14)
55 (precision) 7.012e-16 1.139e-16 (from 3.476e-14)
56 (precision) 1.251e-14 1.139e-16 (from 3.476e-14)
57 (precision) 2.795e-15 1.139e-16 (from 3.476e-14)
58 (precision) 9.153e-15 1.139e-16 (from 3.476e-14)
59 (precision) 2.184e-14 1.139e-16 (from 3.476e-14)
60 (precision) 1.556e-15 1.139e-16 (from 3.476e-14)
61 (precision) 7.566e-16 1.139e-16 (from 3.476e-14)
62 (precision) 1.062e-14 1.139e-16 (from 3.476e-14)
63 (precision) 1.012e-13 1.139e-16 (from 3.476e-14)
64 (precision) 2.174e-14 1.139e-16 (from 3.476e-14)
65 (precision) 7.546e-15 1.139e-16 (from 3.476e-14)
66 (precision) 2.386e-15 1.139e-16 (from 3.476e-14)
67 (precision) 1.219e-14 1.139e-16 (from 3.476e-14)
68 (precision) 1.129e-14 1.139e-16 (from 3.476e-14)
69 (precision) 3.601e-15 1.139e-16 (from 3.476e-14)
70 (precision) 8.604e-15 1.139e-16 (from 3.476e-14)
71 (precision) 6.566e-15 1.139e-16 (from 3.476e-14)
72 (precision) 1.594e-14 1.139e-16 (from 3.476e-14)
73 (precision) 4.268e-15 1.139e-16 (from 3.476e-14)
74 (precision) 4.861e-15 1.139e-16 (from 3.476e-14)
75 (precision) 2.317e-15 1.139e-16 (from 3.476e-14)
76 (precision) 1.732e-14 1.139e-16 (from 3.476e-14)
77 (precision) 5.964e-15 1.139e-16 (from 3.476e-14)
78 (precision) 4.217e-15 1.139e-16 (from 3.476e-14)
79 (precision) 3.345e-15 1.139e-16 (from 3.476e-14)
80 (precision) 2.553e-14 1.139e-16 (from 3.476e-14)
81 (precision) 4.408e-15 1.139e-16 (from 3.476e-14)
82 (precision) 2.287e-14 1.139e-16 (from 3.476e-14)
83 (precision) 1.829e-15 1.139e-16 (from 3.476e-14)
84 (precision) 7.896e-15 1.139e-16 (from 3.476e-14)
85 (precision) 2.351e-15 1.139e-16 (from 3.476e-14)
86 (precision) 5.834e-14 1.139e-16 (from 3.476e-14)
87 (precision) 9.453e-15 1.139e-16 (from 3.476e-14)
88 (precision) 1.674e-14 1.139e-16 (from 3.476e-14)
89 (precision) 1.042e-14 1.139e-16 (from 3.476e-14)
90 (precision) 2.575e-13 1.139e-16 (from 3.476e-14)
91 (precision) 5.830e-14 1.139e-16 (from 3.476e-14)
92 (precision) 3.006e-14 1.139e-16 (from 3.476e-14)
93 (precision) 6.953e-15 1.139e-16 (from 3.476e-14)
94 (precision) 4.414e-15 1.139e-16 (from 3.476e-14)
95 (precision) 2.067e-13 1.139e-16 (from 3.476e-14)
96 (precision) 6.341e-14 1.139e-16 (from 3.476e-14)
97 (precision) 1.151e-14 1.139e-16 (from 3.476e-14)
98 (precision) 3.161e-15 1.139e-16 (from 3.476e-14)
99 (precision) 1.226e-15 1.139e-16 (from 3.476e-14)
100 (precision) 4.134e-15 1.139e-16 (from 3.476e-14)

x: -2.048e-01 -1.520e-01 -2.969e-02  2.884e-02 -5.075e-02 -3.914e-01 -1.662e-01  2.172e-01 -2.691e-01 -1.330e-01  3.265e-01  8.398e-02 -2.769e-01 -8.728e-03  3.400e-01  2.251e-01  3.983e-02 -6.090e-01  4.518e-01  3.405e-02 -3.830e-01 -2.806e-01  1.216e-01 -3.552e-02 -6.308e-01 -3.531e-01 -4.169e-01  5.898e-01  3.153e-01 -1.349e-01  1.161e-01  6.268e-01  2.099e-01 -1.850e-01  1.747e-01  2.451e-01 -2.485e-01  4.989e-01 -2.838e-01  2.757e-01 -3.406e-01 -6.113e-03 -1.492e-01 -2.370e-01 -1.023e-01  1.414e-01 -1.271e-01 -3.354e-01 -8.265e-02 -1.961e-01  4.244e-03 -4.082e-01  2.624e-01  3.128e-01  1.178e-01  3.909e-01  1.208e-01 -3.900e-01 -2.352e-01  3.337e-01  3.305e-01  2.397e-01  3.024e-01  2.743e-01 -3.615e-01  1.897e-01  6.606e-11

grad:  3.941e-23  3.237e-23  2.547e-23 -1.635e-23  1.841e-23  9.551e-24  7.204e-24 -1.033e-23  9.460e-25  5.174e-24 -7.865e-24 -6.659e-25  4.612e-24 -1.828e-24 -1.260e-23  2.697e-24  3.127e-24  1.544e-23 -1.608e-23  6.635e-24  4.184e-24 -5.004e-25  5.931e-24  4.495e-24  1.632e-23  7.047e-23  6.808e-23 -9.238e-23 -5.483e-23  1.162e-23 -7.486e-25 -9.193e-24 -2.332e-25 -7.077e-25  1.007e-24 -4.856e-24  6.589e-24 -1.896e-23  9.899e-24 -8.398e-24  6.882e-24  2.744e-24  3.080e-25  8.735e-25 -1.952e-24  1.949e-24  3.029e-24  1.745e-23 -5.078e-24  8.330e-24  1.680e-24  4.436e-23 -4.475e-24 -1.135e-23  1.374e-23 -1.816e-23  3.347e-24  1.979e-23  8.007e-25 -2.690e-24  1.746e-24 -2.393e-24 -2.240e-24  7.655e-24 -9.210e-24  4.060e-25  4.134e-15

finished in 58 iterations (0.094 seconds total)
max viol = 2.53e-08

---------------------
Result:
---------------------

{(1,0), (0,0), (0,0), (0,0), (0,0), (0,0)}, {(0,0), (1,0), (0,0), (0,0), (0,0), (0,0)}, {}, {}, {}, {}


{(0.408,0), (0.408,0), (0.408,0), (0.408,0), (0.408,0), (0.408,0)}, {(0.408,0), (-0.205,-0.353), (-0.152,-0.417), (-0.0297,0.59), (0.0288,0.315), (-0.0508,-0.135)}, {}, {}, {}, {}


{(0.408,0), (-0.391,0.116), (-0.166,0.627), (0.217,0.21), (-0.269,-0.185), (-0.133,0.175)}, {(0.408,0), (0.326,0.245), (0.084,-0.249), (-0.277,0.499), (-0.00873,-0.284), (0.34,0.276)}, {}, {}, {}, {}


{(0.408,0), (0.225,-0.341), (0.0398,-0.00611), (-0.609,-0.149), (0.452,-0.237), (0.034,-0.102)}, {(0.408,0), (-0.383,0.141), (-0.281,-0.127), (0.122,-0.335), (-0.0355,-0.0827), (-0.631,-0.196)}, {}, {}, {}, {}

---------------------
Abs of Gram matrix:
---------------------

 { { +1.0000, +0.0000, +0.0000, +0.0000, +0.0000, +0.0000, +0.4082, +0.4082, +0.0000, +0.0000, +0.0000, +0.0000, +0.4082, +0.4082, +0.0000, +0.0000, +0.0000, +0.0000, +0.4082, +0.4082, +0.0000, +0.0000, +0.0000, +0.0000}, 
   { +0.0000, +1.0000, +0.0000, +0.0000, +0.0000, +0.0000, +0.4082, +0.4082, +0.0000, +0.0000, +0.0000, +0.0000, +0.4082, +0.4082, +0.0000, +0.0000, +0.0000, +0.0000, +0.4082, +0.4082, +0.0000, +0.0000, +0.0000, +0.0000}, 
   { +0.0000, +0.0000, +0.0000, +0.0000, +0.0000, +0.0000, +0.0000, +0.0000, +0.0000, +0.0000, +0.0000, +0.0000, +0.0000, +0.0000, +0.0000, +0.0000, +0.0000, +0.0000, +0.0000, +0.0000, +0.0000, +0.0000, +0.0000, +0.0000}, 
   { +0.0000, +0.0000, +0.0000, +0.0000, +0.0000, +0.0000, +0.0000, +0.0000, +0.0000, +0.0000, +0.0000, +0.0000, +0.0000, +0.0000, +0.0000, +0.0000, +0.0000, +0.0000, +0.0000, +0.0000, +0.0000, +0.0000, +0.0000, +0.0000}, 
   { +0.0000, +0.0000, +0.0000, +0.0000, +0.0000, +0.0000, +0.0000, +0.0000, +0.0000, +0.0000, +0.0000, +0.0000, +0.0000, +0.0000, +0.0000, +0.0000, +0.0000, +0.0000, +0.0000, +0.0000, +0.0000, +0.0000, +0.0000, +0.0000}, 
   { +0.0000, +0.0000, +0.0000, +0.0000, +0.0000, +0.0000, +0.0000, +0.0000, +0.0000, +0.0000, +0.0000, +0.0000, +0.0000, +0.0000, +0.0000, +0.0000, +0.0000, +0.0000, +0.0000, +0.0000, +0.0000, +0.0000, +0.0000, +0.0000}, 
   { +0.4082, +0.4082, +0.0000, +0.0000, +0.0000, +0.0000, +1.0000, +0.0001, +0.0000, +0.0000, +0.0000, +0.0000, +0.4082, +0.4082, +0.0000, +0.0000, +0.0000, +0.0000, +0.4082, +0.4082, +0.0000, +0.0000, +0.0000, +0.0000}, 
   { +0.4082, +0.4082, +0.0000, +0.0000, +0.0000, +0.0000, +0.0001, +1.0000, +0.0000, +0.0000, +0.0000, +0.0000, +0.4082, +0.4082, +0.0000, +0.0000, +0.0000, +0.0000, +0.4082, +0.4082, +0.0000, +0.0000, +0.0000, +0.0000}, 
   { +0.0000, +0.0000, +0.0000, +0.0000, +0.0000, +0.0000, +0.0000, +0.0000, +0.0000, +0.0000, +0.0000, +0.0000, +0.0000, +0.0000, +0.0000, +0.0000, +0.0000, +0.0000, +0.0000, +0.0000, +0.0000, +0.0000, +0.0000, +0.0000}, 
   { +0.0000, +0.0000, +0.0000, +0.0000, +0.0000, +0.0000, +0.0000, +0.0000, +0.0000, +0.0000, +0.0000, +0.0000, +0.0000, +0.0000, +0.0000, +0.0000, +0.0000, +0.0000, +0.0000, +0.0000, +0.0000, +0.0000, +0.0000, +0.0000}, 
   { +0.0000, +0.0000, +0.0000, +0.0000, +0.0000, +0.0000, +0.0000, +0.0000, +0.0000, +0.0000, +0.0000, +0.0000, +0.0000, +0.0000, +0.0000, +0.0000, +0.0000, +0.0000, +0.0000, +0.0000, +0.0000, +0.0000, +0.0000, +0.0000}, 
   { +0.0000, +0.0000, +0.0000, +0.0000, +0.0000, +0.0000, +0.0000, +0.0000, +0.0000, +0.0000, +0.0000, +0.0000, +0.0000, +0.0000, +0.0000, +0.0000, +0.0000, +0.0000, +0.0000, +0.0000, +0.0000, +0.0000, +0.0000, +0.0000}, 
   { +0.4082, +0.4082, +0.0000, +0.0000, +0.0000, +0.0000, +0.4082, +0.4082, +0.0000, +0.0000, +0.0000, +0.0000, +1.0000, +0.0000, +0.0000, +0.0000, +0.0000, +0.0000, +0.4082, +0.4082, +0.0000, +0.0000, +0.0000, +0.0000}, 
   { +0.4082, +0.4082, +0.0000, +0.0000, +0.0000, +0.0000, +0.4082, +0.4082, +0.0000, +0.0000, +0.0000, +0.0000, +0.0000, +1.0000, +0.0000, +0.0000, +0.0000, +0.0000, +0.4082, +0.4082, +0.0000, +0.0000, +0.0000, +0.0000}, 
   { +0.0000, +0.0000, +0.0000, +0.0000, +0.0000, +0.0000, +0.0000, +0.0000, +0.0000, +0.0000, +0.0000, +0.0000, +0.0000, +0.0000, +0.0000, +0.0000, +0.0000, +0.0000, +0.0000, +0.0000, +0.0000, +0.0000, +0.0000, +0.0000}, 
   { +0.0000, +0.0000, +0.0000, +0.0000, +0.0000, +0.0000, +0.0000, +0.0000, +0.0000, +0.0000, +0.0000, +0.0000, +0.0000, +0.0000, +0.0000, +0.0000, +0.0000, +0.0000, +0.0000, +0.0000, +0.0000, +0.0000, +0.0000, +0.0000}, 
   { +0.0000, +0.0000, +0.0000, +0.0000, +0.0000, +0.0000, +0.0000, +0.0000, +0.0000, +0.0000, +0.0000, +0.0000, +0.0000, +0.0000, +0.0000, +0.0000, +0.0000, +0.0000, +0.0000, +0.0000, +0.0000, +0.0000, +0.0000, +0.0000}, 
   { +0.0000, +0.0000, +0.0000, +0.0000, +0.0000, +0.0000, +0.0000, +0.0000, +0.0000, +0.0000, +0.0000, +0.0000, +0.0000, +0.0000, +0.0000, +0.0000, +0.0000, +0.0000, +0.0000, +0.0000, +0.0000, +0.0000, +0.0000, +0.0000}, 
   { +0.4082, +0.4082, +0.0000, +0.0000, +0.0000, +0.0000, +0.4082, +0.4082, +0.0000, +0.0000, +0.0000, +0.0000, +0.4082, +0.4082, +0.0000, +0.0000, +0.0000, +0.0000, +1.0000, +0.0000, +0.0000, +0.0000, +0.0000, +0.0000}, 
   { +0.4082, +0.4082, +0.0000, +0.0000, +0.0000, +0.0000, +0.4082, +0.4082, +0.0000, +0.0000, +0.0000, +0.0000, +0.4082, +0.4082, +0.0000, +0.0000, +0.0000, +0.0000, +0.0000, +1.0000, +0.0000, +0.0000, +0.0000, +0.0000}, 
   { +0.0000, +0.0000, +0.0000, +0.0000, +0.0000, +0.0000, +0.0000, +0.0000, +0.0000, +0.0000, +0.0000, +0.0000, +0.0000, +0.0000, +0.0000, +0.0000, +0.0000, +0.0000, +0.0000, +0.0000, +0.0000, +0.0000, +0.0000, +0.0000}, 
   { +0.0000, +0.0000, +0.0000, +0.0000, +0.0000, +0.0000, +0.0000, +0.0000, +0.0000, +0.0000, +0.0000, +0.0000, +0.0000, +0.0000, +0.0000, +0.0000, +0.0000, +0.0000, +0.0000, +0.0000, +0.0000, +0.0000, +0.0000, +0.0000}, 
   { +0.0000, +0.0000, +0.0000, +0.0000, +0.0000, +0.0000, +0.0000, +0.0000, +0.0000, +0.0000, +0.0000, +0.0000, +0.0000, +0.0000, +0.0000, +0.0000, +0.0000, +0.0000, +0.0000, +0.0000, +0.0000, +0.0000, +0.0000, +0.0000}, 
   { +0.0000, +0.0000, +0.0000, +0.0000, +0.0000, +0.0000, +0.0000, +0.0000, +0.0000, +0.0000, +0.0000, +0.0000, +0.0000, +0.0000, +0.0000, +0.0000, +0.0000, +0.0000, +0.0000, +0.0000, +0.0000, +0.0000, +0.0000, +0.0000} } 
