---------------------
Basis Indices:
---------------------

{1, 0, 0, 0, 0, 0}, {1, 0, 0, 0, 0, 0}, {}, {}, {}, {}


{0.408, 0.408, 0.408, 0.408, 0.408, 0.408}, {0.408, x_43+i*x_187, x_44+i*x_188, x_45+i*x_189, x_46+i*x_190, x_47+i*x_191}, {}, {}, {}, {}


{0.408, x_73+i*x_217, x_74+i*x_218, x_75+i*x_219, x_76+i*x_220, x_77+i*x_221}, {0.408, x_79+i*x_223, x_80+i*x_224, x_81+i*x_225, x_82+i*x_226, x_83+i*x_227}, {}, {}, {}, {}


{0.408, x_109+i*x_253, x_110+i*x_254, x_111+i*x_255, x_112+i*x_256, x_113+i*x_257}, {}, {}, {}, {}, {}

---------------------
Problem: 
---------------------
Find a point satisfying:

-0.166667*{} + 1*{ 289 289} + 1*{ 288 288} = 0 

1*{ 189 219} + 1*{ 188 218} + 1*{ 187 217} + 1*{  45  75} + 1*{  44  74} + 1*{  43  73} + 0.166667*{} + 1*{  46  76} + 1*{ 190 220} + 1*{  47  77} + 1*{ 191 221} + -1*{ 288} = 0 

-1*{  75 189} + 1*{  45 219} + 1*{  46 220} + 1*{  44 218} + -1*{  74 188} + 1*{  43 217} + -1*{ 289} + -1*{  73 187} + 1*{  47 221} + -1*{  76 190} + -1*{  77 191} = 0 

-0.166667*{} + 1*{ 291 291} + 1*{ 290 290} = 0 

-1*{ 290} + 1*{ 189 225} + 1*{  45  81} + 1*{  44  80} + 1*{ 187 223} + 1*{  43  79} + 1*{ 191 227} + 0.166667*{} + 1*{ 188 224} + 1*{  46  82} + 1*{ 190 226} + 1*{  47  83} = 0 

-1*{  81 189} + -1*{  82 190} + 1*{  44 224} + 1*{  43 223} + 1*{  46 226} + -1*{  79 187} + 1*{  45 225} + -1*{ 291} + -1*{  80 188} + 1*{  47 227} + -1*{  83 191} = 0 

-0.166667*{} + 1*{ 293 293} + 1*{ 292 292} = 0 

1*{  45 111} + 1*{ 188 254} + 1*{ 189 255} + -1*{ 292} + 1*{  46 112} + 1*{ 187 253} + 0.166667*{} + 1*{  43 109} + 1*{  44 110} + 1*{ 190 256} + 1*{  47 113} + 1*{ 191 257} = 0 

-1*{ 110 188} + 1*{  45 255} + -1*{ 109 187} + -1*{ 111 189} + -1*{ 293} + 1*{  43 253} + 1*{  47 257} + 1*{  44 254} + 1*{  46 256} + -1*{ 112 190} + -1*{ 113 191} = 0 

-0.166667*{} + 1*{ 187 187} + 1*{  43  43} = 0 

-0.833333*{} + 1*{  43  43} + 1*{ 187 187} + 1*{  44  44} + 1*{ 188 188} + 1*{  45  45} + 1*{ 189 189} + 1*{  46  46} + 1*{ 190 190} + 1*{  47  47} + 1*{ 191 191} = 0 

0.333333*{  45  46} + 0.166667*{  44  44} + 0.333333*{  44  46} + 0.166667*{  47  47} + 0.333333*{  46  47} + 0.166667*{ 188 188} + 0.166667*{  45  45} + 0.333333*{  43  44} + 0.136083*{  45} + 0.333333*{  43  45} + 0.333333*{ 189 190} + 0.333333*{ 190 191} + 0.136083*{  47} + 0.333333*{  43  46} + 0.333333*{ 189 191} + 0.333333*{ 187 190} + 0.333333*{ 188 191} + 0.333333*{  44  45} + 0.166667*{ 191 191} + 0.166667*{  43  43} + 0.166667*{ 190 190} + 0.333333*{ 187 188} + 0.166667*{ 187 187} + 0.166667*{ 189 189} + 0.333333*{ 188 189} + 0.136083*{  44} + 0.0277778*{} + 0.333333*{  45  47} + 0.136083*{  43} + 0.136083*{  46} + 0.333333*{ 187 189} + 0.333333*{ 188 190} + 0.333333*{  44  47} + 0.333333*{  43  47} + 0.333333*{ 187 191} + 0.166667*{  46  46} = 0 

1*{ 220 226} + 1*{  74  80} + 1*{  75  81} + 1*{ 221 227} + 1*{  77  83} + 1*{ 217 223} + 1*{ 219 225} + 1*{  73  79} + 1*{ 218 224} + 0.166667*{} + 1*{  76  82} = 0 

-1*{  81 219} + -1*{  80 218} + 1*{  74 224} + -1*{  79 217} + 1*{  75 225} + -1*{  83 221} + 1*{  76 226} + 1*{  73 223} + -1*{  82 220} + 1*{  77 227} = 0 

-0.166667*{} + 1*{ 295 295} + 1*{ 294 294} = 0 

1*{  74 110} + 0.166667*{} + 1*{  75 111} + 1*{  77 113} + 1*{ 218 254} + 1*{ 217 253} + 1*{ 219 255} + 1*{  73 109} + 1*{  76 112} + 1*{ 221 257} + 1*{ 220 256} + -1*{ 294} = 0 

1*{  74 254} + -1*{ 111 219} + -1*{ 110 218} + -1*{ 295} + 1*{  75 255} + 1*{  73 253} + 1*{  76 256} + -1*{ 109 217} + -1*{ 112 220} + 1*{  77 257} + -1*{ 113 221} = 0 

-0.166667*{} + 1*{ 217 217} + 1*{  73  73} = 0 

-0.833333*{} + 1*{ 219 219} + 1*{  73  73} + 1*{  75  75} + 1*{  77  77} + 1*{ 217 217} + 1*{  74  74} + 1*{ 218 218} + 1*{ 221 221} + 1*{  76  76} + 1*{ 220 220} = 0 

0.333333*{ 219 220} + 0.166667*{  75  75} + 0.333333*{  74  77} + 0.333333*{  75  76} + 0.333333*{ 218 219} + 0.333333*{ 218 221} + 0.333333*{ 218 220} + 0.333333*{ 220 221} + 0.166667*{ 221 221} + 0.136083*{  77} + 0.333333*{ 219 221} + 0.136083*{  75} + 0.333333*{  73  74} + 0.166667*{ 219 219} + 0.333333*{  73  77} + 0.333333*{ 217 218} + 0.166667*{ 218 218} + 0.166667*{  76  76} + 0.333333*{  73  76} + 0.333333*{ 217 221} + 0.333333*{ 217 219} + 0.333333*{  74  75} + 0.333333*{  73  75} + 0.166667*{  74  74} + 0.333333*{ 217 220} + 0.166667*{  73  73} + 0.166667*{ 220 220} + 0.333333*{  75  77} + 0.136083*{  73} + 0.166667*{ 217 217} + 0.136083*{  74} + -0.138889*{} + 0.333333*{  74  76} + 0.333333*{  76  77} + 0.166667*{  77  77} + 0.136083*{  76} = 0 

-0.166667*{} + 1*{ 297 297} + 1*{ 296 296} = 0 

1*{  81 111} + 1*{  80 110} + 1*{ 227 257} + 0.166667*{} + 1*{ 224 254} + 1*{ 223 253} + -1*{ 296} + 1*{  82 112} + 1*{  79 109} + 1*{ 226 256} + 1*{ 225 255} + 1*{  83 113} = 0 

-1*{ 109 223} + 1*{  81 255} + -1*{ 110 224} + -1*{ 111 225} + -1*{ 112 226} + -1*{ 113 227} + 1*{  79 253} + 1*{  80 254} + 1*{  82 256} + -1*{ 297} + 1*{  83 257} = 0 

-0.166667*{} + 1*{ 223 223} + 1*{  79  79} = 0 

-0.833333*{} + 1*{  83  83} + 1*{  79  79} + 1*{ 223 223} + 1*{  80  80} + 1*{ 224 224} + 1*{ 226 226} + 1*{  81  81} + 1*{ 225 225} + 1*{  82  82} + 1*{ 227 227} = 0 

0.166667*{  80  80} + 0.333333*{  80  83} + 0.333333*{  79  82} + 0.166667*{ 223 223} + 0.333333*{ 223 225} + 0.333333*{  80  81} + 0.166667*{ 227 227} + 0.333333*{ 224 227} + 0.333333*{ 226 227} + 0.166667*{ 225 225} + 0.166667*{  82  82} + 0.333333*{  79  83} + 0.333333*{  81  82} + 0.166667*{  81  81} + 0.333333*{  80  82} + 0.333333*{ 225 227} + 0.333333*{ 224 226} + 0.166667*{  79  79} + 0.333333*{ 225 226} + 0.166667*{ 224 224} + 0.333333*{  79  80} + 0.166667*{ 226 226} + 0.333333*{  81  83} + 0.333333*{ 224 225} + -0.138889*{} + 0.166667*{  83  83} + 0.136083*{  81} + 0.333333*{ 223 224} + 0.136083*{  80} + 0.333333*{  82  83} + 0.136083*{  83} + 0.136083*{  82} + 0.333333*{  79  81} + 0.136083*{  79} + 0.333333*{ 223 227} + 0.333333*{ 223 226} = 0 

-0.166667*{} + 1*{ 253 253} + 1*{ 109 109} = 0 

-0.833333*{} + 1*{ 109 109} + 1*{ 257 257} + 1*{ 253 253} + 1*{ 254 254} + 1*{ 110 110} + 1*{ 111 111} + 1*{ 255 255} + 1*{ 112 112} + 1*{ 256 256} + 1*{ 113 113} = 0 

0.333333*{ 110 111} + 0.166667*{ 256 256} + 0.333333*{ 255 256} + 0.333333*{ 254 256} + 0.166667*{ 112 112} + 0.333333*{ 110 112} + 0.136083*{ 111} + 0.333333*{ 110 113} + 0.333333*{ 109 113} + 0.333333*{ 253 255} + 0.333333*{ 109 112} + 0.333333*{ 111 112} + 0.166667*{ 111 111} + 0.333333*{ 109 111} + 0.333333*{ 254 255} + 0.136083*{ 110} + 0.166667*{ 113 113} + 0.333333*{ 254 257} + 0.333333*{ 109 110} + 0.333333*{ 111 113} + 0.166667*{ 257 257} + 0.166667*{ 110 110} + 0.333333*{ 253 256} + 0.333333*{ 255 257} + 0.166667*{ 255 255} + 0.136083*{ 112} + 0.333333*{ 112 113} + 0.166667*{ 254 254} + 0.333333*{ 256 257} + 0.166667*{ 109 109} + 0.136083*{ 109} + -0.138889*{} + 0.136083*{ 113} + 0.333333*{ 253 257} + 0.333333*{ 253 254} + 0.166667*{ 253 253} = 0 

---------------------
Summary:
---------------------
set sizes: {2, 2, 2, 1}, vars: 50, vectors: 7, equations: 29, indep eqn: 29

---------------------
Optimization:
---------------------
1 2.256e+00 2.256e+00
2 3.334e+02 2.256e+00
3 1.461e+02 2.256e+00
4 5.180e+01 2.256e+00
5 1.823e+01 2.256e+00
6 6.363e+00 2.256e+00
7 2.204e+00 2.204e+00
8 7.587e-01 7.587e-01
9 5.328e-01 5.328e-01
10 1.766e-01 1.766e-01
11 5.916e-02 5.916e-02
12 2.037e-02 2.037e-02
13 7.238e-03 7.238e-03
14 6.899e-03 6.899e-03
15 2.222e-03 2.222e-03
16 7.356e-04 7.356e-04
17 2.533e-04 2.533e-04
18 9.120e-05 9.120e-05
19 3.393e-05 3.393e-05
20 1.280e-05 1.280e-05
21 4.849e-06 4.849e-06
22 1.839e-06 1.839e-06
23 6.992e-07 6.992e-07
24 2.683e-07 2.683e-07
25 1.021e-07 1.021e-07
26 3.886e-08 3.886e-08
27 1.484e-08 1.484e-08
28 5.700e-09 5.700e-09
29 2.213e-09 2.213e-09
30 8.596e-10 8.596e-10
31 3.445e-10 3.445e-10
32 1.402e-10 1.402e-10
33 6.223e-11 6.223e-11
34 2.727e-11 2.727e-11
35 1.350e-11 1.350e-11
36 6.429e-12 6.429e-12
37 3.466e-12 3.466e-12
38 1.708e-12 1.708e-12
39 9.242e-13 9.242e-13
40 4.774e-13 4.774e-13
41 2.743e-13 2.743e-13
42 1.406e-13 1.406e-13
43 8.044e-14 8.044e-14
1 (precision) 8.680e-14 8.044e-14 (from 8.044e-14)
2 (precision) 9.273e-13 8.044e-14 (from 8.044e-14)
3 (precision) 8.505e-12 8.044e-14 (from 8.044e-14)
4 (precision) 2.215e-12 8.044e-14 (from 8.044e-14)
5 (precision) 8.868e-12 8.044e-14 (from 8.044e-14)
6 (precision) 9.186e-12 8.044e-14 (from 8.044e-14)
7 (precision) 2.532e-12 8.044e-14 (from 8.044e-14)
8 (precision) 7.495e-14 7.495e-14 (from 8.044e-14)
9 (precision) 2.113e-14 2.113e-14 (from 8.044e-14)
10 (precision) 1.825e-13 2.113e-14 (from 8.044e-14)
11 (precision) 5.052e-14 2.113e-14 (from 8.044e-14)
12 (precision) 6.962e-15 6.962e-15 (from 8.044e-14)
13 (precision) 1.370e-10 6.962e-15 (from 8.044e-14)
14 (precision) 3.763e-11 6.962e-15 (from 8.044e-14)
15 (precision) 1.008e-11 6.962e-15 (from 8.044e-14)
16 (precision) 2.648e-12 6.962e-15 (from 8.044e-14)
17 (precision) 9.880e-13 6.962e-15 (from 8.044e-14)
18 (precision) 5.969e-13 6.962e-15 (from 8.044e-14)
19 (precision) 2.807e-13 6.962e-15 (from 8.044e-14)
20 (precision) 1.007e-13 6.962e-15 (from 8.044e-14)
21 (precision) 4.388e-14 6.962e-15 (from 8.044e-14)
22 (precision) 4.650e-12 6.962e-15 (from 8.044e-14)
23 (precision) 1.262e-12 6.962e-15 (from 8.044e-14)
24 (precision) 3.658e-13 6.962e-15 (from 8.044e-14)
25 (precision) 7.570e-14 6.962e-15 (from 8.044e-14)
26 (precision) 2.113e-14 6.962e-15 (from 8.044e-14)
27 (precision) 4.330e-14 6.962e-15 (from 8.044e-14)
28 (precision) 1.712e-14 6.962e-15 (from 8.044e-14)
29 (precision) 2.612e-15 2.612e-15 (from 8.044e-14)
30 (precision) 6.363e-14 2.612e-15 (from 8.044e-14)
31 (precision) 2.113e-14 2.612e-15 (from 8.044e-14)
32 (precision) 6.259e-15 2.612e-15 (from 8.044e-14)
33 (precision) 2.151e-15 2.151e-15 (from 8.044e-14)
34 (precision) 4.167e-15 2.151e-15 (from 8.044e-14)
35 (precision) 1.356e-13 2.151e-15 (from 8.044e-14)
36 (precision) 3.559e-14 2.151e-15 (from 8.044e-14)
37 (precision) 8.978e-15 2.151e-15 (from 8.044e-14)
38 (precision) 3.842e-15 2.151e-15 (from 8.044e-14)
39 (precision) 3.178e-15 2.151e-15 (from 8.044e-14)
40 (precision) 5.393e-16 5.393e-16 (from 8.044e-14)
41 (precision) 8.232e-16 5.393e-16 (from 8.044e-14)
42 (precision) 2.128e-15 5.393e-16 (from 8.044e-14)
43 (precision) 4.819e-15 5.393e-16 (from 8.044e-14)
44 (precision) 1.130e-15 5.393e-16 (from 8.044e-14)
45 (precision) 5.613e-15 5.393e-16 (from 8.044e-14)
46 (precision) 4.633e-15 5.393e-16 (from 8.044e-14)
47 (precision) 3.775e-15 5.393e-16 (from 8.044e-14)
48 (precision) 1.372e-14 5.393e-16 (from 8.044e-14)
49 (precision) 3.371e-15 5.393e-16 (from 8.044e-14)
50 (precision) 2.627e-17 2.627e-17 (from 8.044e-14)
51 (precision) 4.429e-15 2.627e-17 (from 8.044e-14)
52 (precision) 4.744e-15 2.627e-17 (from 8.044e-14)
53 (precision) 1.390e-15 2.627e-17 (from 8.044e-14)
54 (precision) 1.942e-13 2.627e-17 (from 8.044e-14)
55 (precision) 5.168e-14 2.627e-17 (from 8.044e-14)
56 (precision) 1.722e-14 2.627e-17 (from 8.044e-14)
57 (precision) 3.448e-15 2.627e-17 (from 8.044e-14)
58 (precision) 6.482e-15 2.627e-17 (from 8.044e-14)
59 (precision) 2.297e-14 2.627e-17 (from 8.044e-14)
60 (precision) 3.986e-11 2.627e-17 (from 8.044e-14)
61 (precision) 1.098e-11 2.627e-17 (from 8.044e-14)
62 (precision) 3.026e-12 2.627e-17 (from 8.044e-14)
63 (precision) 8.338e-13 2.627e-17 (from 8.044e-14)
64 (precision) 2.250e-13 2.627e-17 (from 8.044e-14)
65 (precision) 7.041e-14 2.627e-17 (from 8.044e-14)
66 (precision) 1.601e-14 2.627e-17 (from 8.044e-14)
67 (precision) 2.956e-15 2.627e-17 (from 8.044e-14)
68 (precision) 1.110e-15 2.627e-17 (from 8.044e-14)
69 (precision) 1.629e-15 2.627e-17 (from 8.044e-14)
70 (precision) 4.900e-15 2.627e-17 (from 8.044e-14)
71 (precision) 2.838e-15 2.627e-17 (from 8.044e-14)
72 (precision) 1.938e-15 2.627e-17 (from 8.044e-14)
73 (precision) 2.225e-16 2.627e-17 (from 8.044e-14)
74 (precision) 6.862e-16 2.627e-17 (from 8.044e-14)
75 (precision) 5.372e-15 2.627e-17 (from 8.044e-14)
76 (precision) 1.350e-15 2.627e-17 (from 8.044e-14)
77 (precision) 1.285e-16 2.627e-17 (from 8.044e-14)
78 (precision) 3.669e-16 2.627e-17 (from 8.044e-14)
79 (precision) 1.010e-14 2.627e-17 (from 8.044e-14)
80 (precision) 3.741e-14 2.627e-17 (from 8.044e-14)
81 (precision) 1.376e-14 2.627e-17 (from 8.044e-14)
82 (precision) 7.573e-16 2.627e-17 (from 8.044e-14)
83 (precision) 1.164e-15 2.627e-17 (from 8.044e-14)
84 (precision) 1.737e-15 2.627e-17 (from 8.044e-14)
85 (precision) 9.421e-15 2.627e-17 (from 8.044e-14)
86 (precision) 4.914e-15 2.627e-17 (from 8.044e-14)
87 (precision) 1.106e-14 2.627e-17 (from 8.044e-14)
88 (precision) 8.227e-15 2.627e-17 (from 8.044e-14)
89 (precision) 2.844e-15 2.627e-17 (from 8.044e-14)
90 (precision) 2.752e-13 2.627e-17 (from 8.044e-14)
91 (precision) 7.511e-14 2.627e-17 (from 8.044e-14)
92 (precision) 2.317e-14 2.627e-17 (from 8.044e-14)
93 (precision) 9.546e-15 2.627e-17 (from 8.044e-14)
94 (precision) 2.989e-15 2.627e-17 (from 8.044e-14)
95 (precision) 2.972e-14 2.627e-17 (from 8.044e-14)
96 (precision) 4.068e-15 2.627e-17 (from 8.044e-14)
97 (precision) 5.732e-16 2.627e-17 (from 8.044e-14)
98 (precision) 3.507e-15 2.627e-17 (from 8.044e-14)
99 (precision) 2.790e-15 2.627e-17 (from 8.044e-14)
100 (precision) 2.353e-14 2.627e-17 (from 8.044e-14)

x:  2.890e-01 -2.321e-01 -5.356e-01  3.569e-01 -2.865e-01 -1.588e-02 -9.969e-03 -1.666e-03  2.447e-01 -2.378e-01  3.607e-01  4.006e-01  3.712e-02 -2.819e-01 -1.415e-01 -2.864e-01 -1.549e-01  1.594e-01 -5.243e-01  4.147e-02 -2.883e-01  2.567e-01 -8.142e-02 -8.047e-02  1.935e-01 -4.079e-01 -3.932e-02 -8.389e-02  2.870e-01 -6.777e-01 -1.912e-01  9.418e-03  1.624e-01 -6.154e-01  1.325e-02  2.909e-01 -7.964e-02  4.179e-01 -8.531e-02  3.904e-01  2.809e-01  2.963e-01  1.944e-01 -3.590e-01 -2.204e-01 -3.436e-01 -4.053e-01 -4.924e-02  2.183e-01 -3.450e-01  2.819e-12

grad: -9.996e-26 -1.234e-26  3.168e-26 -6.594e-26  5.542e-26 -2.855e-25 -1.823e-25 -5.618e-26 -4.875e-26  1.445e-25 -1.669e-24 -1.731e-24 -2.770e-25  6.723e-25  6.451e-25  2.773e-26  4.156e-25 -5.459e-26 -1.980e-25 -2.120e-25  2.414e-26 -7.214e-26 -1.449e-26  6.742e-26  2.022e-26  2.711e-25 -5.949e-26 -4.223e-26  2.531e-25  3.399e-25  9.792e-25 -2.538e-25 -2.866e-25  2.074e-24  5.138e-25 -3.030e-25 -9.880e-26 -1.786e-25 -9.351e-26 -9.832e-28  2.817e-26 -4.383e-27  8.834e-26 -5.323e-26  1.962e-26  4.073e-26 -1.367e-25  1.130e-25 -3.670e-25  2.980e-25  2.353e-14

finished in 43 iterations (0.069 seconds total)
max viol = 1.69e-08

---------------------
Result:
---------------------

{(1,0), (0,0), (0,0), (0,0), (0,0), (0,0)}, {(0,0), (1,0), (0,0), (0,0), (0,0), (0,0)}, {}, {}, {}, {}


{(0.408,0), (0.408,0), (0.408,0), (0.408,0), (0.408,0), (0.408,0)}, {(0.408,0), (0.289,-0.288), (-0.232,0.257), (-0.536,-0.0814), (0.357,-0.0805), (-0.287,0.194)}, {}, {}, {}, {}


{(0.408,0), (-0.0159,-0.408), (-0.00997,-0.0393), (-0.00167,-0.0839), (0.245,0.287), (-0.238,-0.678)}, {(0.408,0), (0.361,-0.191), (0.401,0.00942), (0.0371,0.162), (-0.282,-0.615), (-0.141,0.0132)}, {}, {}, {}, {}


{(0.408,0), (-0.286,0.291), (-0.155,-0.0796), (0.159,0.418), (-0.524,-0.0853), (0.0415,0.39)}, {}, {}, {}, {}, {}

---------------------
Abs of Gram matrix:
---------------------

 { { +1.0000, +0.0000, +0.0000, +0.0000, +0.0000, +0.0000, +0.4082, +0.4082, +0.0000, +0.0000, +0.0000, +0.0000, +0.4082, +0.4082, +0.0000, +0.0000, +0.0000, +0.0000, +0.4082, +0.0000, +0.0000, +0.0000, +0.0000, +0.0000}, 
   { +0.0000, +1.0000, +0.0000, +0.0000, +0.0000, +0.0000, +0.4082, +0.4082, +0.0000, +0.0000, +0.0000, +0.0000, +0.4082, +0.4082, +0.0000, +0.0000, +0.0000, +0.0000, +0.4082, +0.0000, +0.0000, +0.0000, +0.0000, +0.0000}, 
   { +0.0000, +0.0000, +0.0000, +0.0000, +0.0000, +0.0000, +0.0000, +0.0000, +0.0000, +0.0000, +0.0000, +0.0000, +0.0000, +0.0000, +0.0000, +0.0000, +0.0000, +0.0000, +0.0000, +0.0000, +0.0000, +0.0000, +0.0000, +0.0000}, 
   { +0.0000, +0.0000, +0.0000, +0.0000, +0.0000, +0.0000, +0.0000, +0.0000, +0.0000, +0.0000, +0.0000, +0.0000, +0.0000, +0.0000, +0.0000, +0.0000, +0.0000, +0.0000, +0.0000, +0.0000, +0.0000, +0.0000, +0.0000, +0.0000}, 
   { +0.0000, +0.0000, +0.0000, +0.0000, +0.0000, +0.0000, +0.0000, +0.0000, +0.0000, +0.0000, +0.0000, +0.0000, +0.0000, +0.0000, +0.0000, +0.0000, +0.0000, +0.0000, +0.0000, +0.0000, +0.0000, +0.0000, +0.0000, +0.0000}, 
   { +0.0000, +0.0000, +0.0000, +0.0000, +0.0000, +0.0000, +0.0000, +0.0000, +0.0000, +0.0000, +0.0000, +0.0000, +0.0000, +0.0000, +0.0000, +0.0000, +0.0000, +0.0000, +0.0000, +0.0000, +0.0000, +0.0000, +0.0000, +0.0000}, 
   { +0.4082, +0.4082, +0.0000, +0.0000, +0.0000, +0.0000, +1.0000, +0.0000, +0.0000, +0.0000, +0.0000, +0.0000, +0.4082, +0.4082, +0.0000, +0.0000, +0.0000, +0.0000, +0.4082, +0.0000, +0.0000, +0.0000, +0.0000, +0.0000}, 
   { +0.4082, +0.4082, +0.0000, +0.0000, +0.0000, +0.0000, +0.0000, +1.0000, +0.0000, +0.0000, +0.0000, +0.0000, +0.4082, +0.4082, +0.0000, +0.0000, +0.0000, +0.0000, +0.4082, +0.0000, +0.0000, +0.0000, +0.0000, +0.0000}, 
   { +0.0000, +0.0000, +0.0000, +0.0000, +0.0000, +0.0000, +0.0000, +0.0000, +0.0000, +0.0000, +0.0000, +0.0000, +0.0000, +0.0000, +0.0000, +0.0000, +0.0000, +0.0000, +0.0000, +0.0000, +0.0000, +0.0000, +0.0000, +0.0000}, 
   { +0.0000, +0.0000, +0.0000, +0.0000, +0.0000, +0.0000, +0.0000, +0.0000, +0.0000, +0.0000, +0.0000, +0.0000, +0.0000, +0.0000, +0.0000, +0.0000, +0.0000, +0.0000, +0.0000, +0.0000, +0.0000, +0.0000, +0.0000, +0.0000}, 
   { +0.0000, +0.0000, +0.0000, +0.0000, +0.0000, +0.0000, +0.0000, +0.0000, +0.0000, +0.0000, +0.0000, +0.0000, +0.0000, +0.0000, +0.0000, +0.0000, +0.0000, +0.0000, +0.0000, +0.0000, +0.0000, +0.0000, +0.0000, +0.0000}, 
   { +0.0000, +0.0000, +0.0000, +0.0000, +0.0000, +0.0000, +0.0000, +0.0000, +0.0000, +0.0000, +0.0000, +0.0000, +0.0000, +0.0000, +0.0000, +0.0000, +0.0000, +0.0000, +0.0000, +0.0000, +0.0000, +0.0000, +0.0000, +0.0000}, 
   { +0.4082, +0.4082, +0.0000, +0.0000, +0.0000, +0.0000, +0.4082, +0.4082, +0.0000, +0.0000, +0.0000, +0.0000, +1.0000, +0.0000, +0.0000, +0.0000, +0.0000, +0.0000, +0.4082, +0.0000, +0.0000, +0.0000, +0.0000, +0.0000}, 
   { +0.4082, +0.4082, +0.0000, +0.0000, +0.0000, +0.0000, +0.4082, +0.4082, +0.0000, +0.0000, +0.0000, +0.0000, +0.0000, +1.0000, +0.0000, +0.0000, +0.0000, +0.0000, +0.4082, +0.0000, +0.0000, +0.0000, +0.0000, +0.0000}, 
   { +0.0000, +0.0000, +0.0000, +0.0000, +0.0000, +0.0000, +0.0000, +0.0000, +0.0000, +0.0000, +0.0000, +0.0000, +0.0000, +0.0000, +0.0000, +0.0000, +0.0000, +0.0000, +0.0000, +0.0000, +0.0000, +0.0000, +0.0000, +0.0000}, 
   { +0.0000, +0.0000, +0.0000, +0.0000, +0.0000, +0.0000, +0.0000, +0.0000, +0.0000, +0.0000, +0.0000, +0.0000, +0.0000, +0.0000, +0.0000, +0.0000, +0.0000, +0.0000, +0.0000, +0.0000, +0.0000, +0.0000, +0.0000, +0.0000}, 
   { +0.0000, +0.0000, +0.0000, +0.0000, +0.0000, +0.0000, +0.0000, +0.0000, +0.0000, +0.0000, +0.0000, +0.0000, +0.0000, +0.0000, +0.0000, +0.0000, +0.0000, +0.0000, +0.0000, +0.0000, +0.0000, +0.0000, +0.0000, +0.0000}, 
   { +0.0000, +0.0000, +0.0000, +0.0000, +0.0000, +0.0000, +0.0000, +0.0000, +0.0000, +0.0000, +0.0000, +0.0000, +0.0000, +0.0000, +0.0000, +0.0000, +0.0000, +0.0000, +0.0000, +0.0000, +0.0000, +0.0000, +0.0000, +0.0000}, 
   { +0.4082, +0.4082, +0.0000, +0.0000, +0.0000, +0.0000, +0.4082, +0.4082, +0.0000, +0.0000, +0.0000, +0.0000, +0.4082, +0.4082, +0.0000, +0.0000, +0.0000, +0.0000, +1.0000, +0.0000, +0.0000, +0.0000, +0.0000, +0.0000}, 
   { +0.0000, +0.0000, +0.0000, +0.0000, +0.0000, +0.0000, +0.0000, +0.0000, +0.0000, +0.0000, +0.0000, +0.0000, +0.0000, +0.0000, +0.0000, +0.0000, +0.0000, +0.0000, +0.0000, +0.0000, +0.0000, +0.0000, +0.0000, +0.0000}, 
   { +0.0000, +0.0000, +0.0000, +0.0000, +0.0000, +0.0000, +0.0000, +0.0000, +0.0000, +0.0000, +0.0000, +0.0000, +0.0000, +0.0000, +0.0000, +0.0000, +0.0000, +0.0000, +0.0000, +0.0000, +0.0000, +0.0000, +0.0000, +0.0000}, 
   { +0.0000, +0.0000, +0.0000, +0.0000, +0.0000, +0.0000, +0.0000, +0.0000, +0.0000, +0.0000, +0.0000, +0.0000, +0.0000, +0.0000, +0.0000, +0.0000, +0.0000, +0.0000, +0.0000, +0.0000, +0.0000, +0.0000, +0.0000, +0.0000}, 
   { +0.0000, +0.0000, +0.0000, +0.0000, +0.0000, +0.0000, +0.0000, +0.0000, +0.0000, +0.0000, +0.0000, +0.0000, +0.0000, +0.0000, +0.0000, +0.0000, +0.0000, +0.0000, +0.0000, +0.0000, +0.0000, +0.0000, +0.0000, +0.0000}, 
   { +0.0000, +0.0000, +0.0000, +0.0000, +0.0000, +0.0000, +0.0000, +0.0000, +0.0000, +0.0000, +0.0000, +0.0000, +0.0000, +0.0000, +0.0000, +0.0000, +0.0000, +0.0000, +0.0000, +0.0000, +0.0000, +0.0000, +0.0000, +0.0000} } 
