---------------------
Basis Indices:
---------------------

{1, 0, 0, 0, 0, 0}, {1, 0, 0, 0, 0, 0}, {}, {}, {}, {}


{0.408, 0.408, 0.408, 0.408, 0.408, 0.408}, {0.408, x_43+i*x_187, x_44+i*x_188, x_45+i*x_189, x_46+i*x_190, x_47+i*x_191}, {}, {}, {}, {}


{0.408, x_73+i*x_217, x_74+i*x_218, x_75+i*x_219, x_76+i*x_220, x_77+i*x_221}, {}, {}, {}, {}, {}


{0.408, x_109+i*x_253, x_110+i*x_254, x_111+i*x_255, x_112+i*x_256, x_113+i*x_257}, {}, {}, {}, {}, {}

---------------------
Problem: 
---------------------
Find a point satisfying:

-0.166667*{} + 1*{ 289 289} + 1*{ 288 288} = 0 

1*{ 189 219} + 1*{ 188 218} + 1*{ 187 217} + 1*{  45  75} + 1*{  44  74} + 1*{  43  73} + 0.166667*{} + 1*{  46  76} + 1*{ 190 220} + 1*{  47  77} + 1*{ 191 221} + -1*{ 288} = 0 

-1*{  75 189} + 1*{  45 219} + 1*{  46 220} + 1*{  44 218} + -1*{  74 188} + 1*{  43 217} + -1*{ 289} + -1*{  73 187} + 1*{  47 221} + -1*{  76 190} + -1*{  77 191} = 0 

-0.166667*{} + 1*{ 291 291} + 1*{ 290 290} = 0 

1*{ 189 255} + 1*{  45 111} + 1*{  46 112} + 1*{ 187 253} + 0.166667*{} + 1*{  43 109} + 1*{  44 110} + 1*{ 190 256} + 1*{  47 113} + 1*{ 191 257} + 1*{ 188 254} + -1*{ 290} = 0 

-1*{ 110 188} + 1*{  45 255} + -1*{ 109 187} + -1*{ 111 189} + 1*{  43 253} + 1*{  47 257} + 1*{  44 254} + 1*{  46 256} + -1*{ 112 190} + -1*{ 113 191} + -1*{ 291} = 0 

-0.166667*{} + 1*{ 187 187} + 1*{  43  43} = 0 

-0.833333*{} + 1*{  43  43} + 1*{ 187 187} + 1*{  44  44} + 1*{ 188 188} + 1*{  45  45} + 1*{ 189 189} + 1*{  46  46} + 1*{ 190 190} + 1*{  47  47} + 1*{ 191 191} = 0 

0.333333*{  45  46} + 0.166667*{  44  44} + 0.333333*{  44  46} + 0.166667*{  47  47} + 0.333333*{  46  47} + 0.166667*{ 188 188} + 0.166667*{  45  45} + 0.333333*{  43  44} + 0.136083*{  45} + 0.333333*{  43  45} + 0.333333*{ 189 190} + 0.333333*{ 190 191} + 0.136083*{  47} + 0.333333*{  43  46} + 0.333333*{ 189 191} + 0.333333*{ 187 190} + 0.333333*{ 188 191} + 0.333333*{  44  45} + 0.166667*{ 191 191} + 0.166667*{  43  43} + 0.166667*{ 190 190} + 0.333333*{ 187 188} + 0.166667*{ 187 187} + 0.166667*{ 189 189} + 0.333333*{ 188 189} + 0.136083*{  44} + 0.0277778*{} + 0.333333*{  45  47} + 0.136083*{  43} + 0.136083*{  46} + 0.333333*{ 187 189} + 0.333333*{ 188 190} + 0.333333*{  44  47} + 0.333333*{  43  47} + 0.333333*{ 187 191} + 0.166667*{  46  46} = 0 

-0.166667*{} + 1*{ 293 293} + 1*{ 292 292} = 0 

1*{  74 110} + 0.166667*{} + 1*{ 220 256} + 1*{  75 111} + 1*{  77 113} + 1*{ 218 254} + 1*{ 217 253} + 1*{ 219 255} + 1*{  73 109} + 1*{  76 112} + 1*{ 221 257} + -1*{ 292} = 0 

-1*{ 111 219} + -1*{ 110 218} + 1*{  74 254} + 1*{  75 255} + 1*{  73 253} + -1*{ 293} + 1*{  76 256} + -1*{ 109 217} + -1*{ 112 220} + 1*{  77 257} + -1*{ 113 221} = 0 

-0.166667*{} + 1*{ 217 217} + 1*{  73  73} = 0 

-0.833333*{} + 1*{ 219 219} + 1*{  73  73} + 1*{  75  75} + 1*{  77  77} + 1*{ 217 217} + 1*{  74  74} + 1*{ 218 218} + 1*{ 221 221} + 1*{  76  76} + 1*{ 220 220} = 0 

0.333333*{ 219 220} + 0.166667*{  75  75} + 0.333333*{  74  77} + 0.333333*{  75  76} + 0.333333*{ 218 219} + 0.333333*{ 218 221} + 0.333333*{ 218 220} + 0.333333*{ 220 221} + 0.166667*{ 221 221} + 0.136083*{  77} + 0.333333*{ 219 221} + 0.136083*{  75} + 0.333333*{  73  74} + 0.166667*{ 219 219} + 0.333333*{  73  77} + 0.333333*{ 217 218} + 0.166667*{ 218 218} + 0.166667*{  76  76} + 0.333333*{  73  76} + 0.333333*{ 217 221} + 0.333333*{ 217 219} + 0.333333*{  74  75} + 0.333333*{  73  75} + 0.166667*{  74  74} + 0.333333*{ 217 220} + 0.166667*{  73  73} + 0.166667*{ 220 220} + 0.333333*{  75  77} + 0.136083*{  73} + 0.166667*{ 217 217} + 0.136083*{  74} + -0.138889*{} + 0.333333*{  74  76} + 0.333333*{  76  77} + 0.166667*{  77  77} + 0.136083*{  76} = 0 

-0.166667*{} + 1*{ 253 253} + 1*{ 109 109} = 0 

-0.833333*{} + 1*{ 109 109} + 1*{ 257 257} + 1*{ 253 253} + 1*{ 254 254} + 1*{ 110 110} + 1*{ 111 111} + 1*{ 255 255} + 1*{ 112 112} + 1*{ 256 256} + 1*{ 113 113} = 0 

0.333333*{ 110 111} + 0.166667*{ 256 256} + 0.333333*{ 255 256} + 0.333333*{ 254 256} + 0.166667*{ 112 112} + 0.333333*{ 110 112} + 0.136083*{ 111} + 0.333333*{ 110 113} + 0.333333*{ 109 113} + 0.333333*{ 253 255} + 0.333333*{ 109 112} + 0.333333*{ 111 112} + 0.166667*{ 111 111} + 0.333333*{ 109 111} + 0.333333*{ 254 255} + 0.136083*{ 110} + 0.166667*{ 113 113} + 0.333333*{ 254 257} + 0.333333*{ 109 110} + 0.333333*{ 111 113} + 0.166667*{ 257 257} + 0.166667*{ 110 110} + 0.333333*{ 253 256} + 0.333333*{ 255 257} + 0.166667*{ 255 255} + 0.136083*{ 112} + 0.333333*{ 112 113} + 0.166667*{ 254 254} + 0.333333*{ 256 257} + 0.166667*{ 109 109} + 0.136083*{ 109} + -0.138889*{} + 0.136083*{ 113} + 0.333333*{ 253 257} + 0.333333*{ 253 254} + 0.166667*{ 253 253} = 0 

---------------------
Summary:
---------------------
set sizes: {2, 2, 1, 1}, vars: 36, vectors: 6, equations: 18, indep eqn: 18

---------------------
Optimization:
---------------------
1 8.330e-01 8.330e-01
2 9.429e+02 8.330e-01
3 3.372e+02 8.330e-01
4 1.201e+02 8.330e-01
5 4.252e+01 8.330e-01
6 1.491e+01 8.330e-01
7 5.169e+00 8.330e-01
8 1.772e+00 8.330e-01
9 6.045e-01 6.045e-01
10 2.073e-01 2.073e-01
11 7.525e-02 7.525e-02
12 2.516e-02 2.516e-02
13 8.395e-03 8.395e-03
14 2.813e-03 2.813e-03
15 9.600e-04 9.600e-04
16 3.375e-04 3.375e-04
17 1.225e-04 1.225e-04
18 4.531e-05 4.531e-05
19 1.685e-05 1.685e-05
20 6.274e-06 6.274e-06
21 2.338e-06 2.338e-06
22 8.723e-07 8.723e-07
23 3.257e-07 3.257e-07
24 1.217e-07 1.217e-07
25 4.552e-08 4.552e-08
26 1.704e-08 1.704e-08
27 6.389e-09 6.389e-09
28 2.399e-09 2.399e-09
29 9.025e-10 9.025e-10
30 3.406e-10 3.406e-10
31 1.293e-10 1.293e-10
32 4.951e-11 4.951e-11
33 1.926e-11 1.926e-11
34 7.684e-12 7.684e-12
35 3.185e-12 3.185e-12
36 1.387e-12 1.387e-12
37 6.387e-13 6.387e-13
38 3.730e-13 3.730e-13
39 1.917e-13 1.917e-13
40 1.039e-13 1.039e-13
41 5.107e-14 5.107e-14
1 (precision) 4.816e-14 4.816e-14 (from 5.107e-14)
2 (precision) 1.646e-14 1.646e-14 (from 5.107e-14)
3 (precision) 2.369e-15 2.369e-15 (from 5.107e-14)
4 (precision) 3.436e-15 2.369e-15 (from 5.107e-14)
5 (precision) 2.001e-15 2.001e-15 (from 5.107e-14)
6 (precision) 1.153e-15 1.153e-15 (from 5.107e-14)
7 (precision) 5.235e-14 1.153e-15 (from 5.107e-14)
8 (precision) 1.705e-14 1.153e-15 (from 5.107e-14)
9 (precision) 2.880e-15 1.153e-15 (from 5.107e-14)
10 (precision) 8.773e-15 1.153e-15 (from 5.107e-14)
11 (precision) 1.900e-14 1.153e-15 (from 5.107e-14)
12 (precision) 5.217e-15 1.153e-15 (from 5.107e-14)
13 (precision) 1.382e-14 1.153e-15 (from 5.107e-14)
14 (precision) 3.423e-15 1.153e-15 (from 5.107e-14)
15 (precision) 1.021e-15 1.021e-15 (from 5.107e-14)
16 (precision) 4.420e-15 1.021e-15 (from 5.107e-14)
17 (precision) 6.079e-15 1.021e-15 (from 5.107e-14)
18 (precision) 1.678e-09 1.021e-15 (from 5.107e-14)
19 (precision) 4.627e-10 1.021e-15 (from 5.107e-14)
20 (precision) 1.278e-10 1.021e-15 (from 5.107e-14)
21 (precision) 3.550e-11 1.021e-15 (from 5.107e-14)
22 (precision) 9.984e-12 1.021e-15 (from 5.107e-14)
23 (precision) 2.893e-12 1.021e-15 (from 5.107e-14)
24 (precision) 8.865e-13 1.021e-15 (from 5.107e-14)
25 (precision) 2.956e-13 1.021e-15 (from 5.107e-14)
26 (precision) 1.073e-13 1.021e-15 (from 5.107e-14)
27 (precision) 3.458e-14 1.021e-15 (from 5.107e-14)
28 (precision) 1.845e-14 1.021e-15 (from 5.107e-14)
29 (precision) 7.775e-15 1.021e-15 (from 5.107e-14)
30 (precision) 3.911e-16 3.911e-16 (from 5.107e-14)
31 (precision) 3.397e-15 3.911e-16 (from 5.107e-14)
32 (precision) 4.929e-16 3.911e-16 (from 5.107e-14)
33 (precision) 1.030e-13 3.911e-16 (from 5.107e-14)
34 (precision) 3.008e-14 3.911e-16 (from 5.107e-14)
35 (precision) 5.162e-15 3.911e-16 (from 5.107e-14)
36 (precision) 4.662e-15 3.911e-16 (from 5.107e-14)
37 (precision) 5.427e-15 3.911e-16 (from 5.107e-14)
38 (precision) 2.326e-15 3.911e-16 (from 5.107e-14)
39 (precision) 5.399e-13 3.911e-16 (from 5.107e-14)
40 (precision) 1.591e-13 3.911e-16 (from 5.107e-14)
41 (precision) 5.020e-14 3.911e-16 (from 5.107e-14)
42 (precision) 2.280e-14 3.911e-16 (from 5.107e-14)
43 (precision) 3.598e-15 3.911e-16 (from 5.107e-14)
44 (precision) 4.097e-15 3.911e-16 (from 5.107e-14)
45 (precision) 2.875e-16 2.875e-16 (from 5.107e-14)
46 (precision) 6.440e-15 2.875e-16 (from 5.107e-14)
47 (precision) 5.839e-12 2.875e-16 (from 5.107e-14)
48 (precision) 1.618e-12 2.875e-16 (from 5.107e-14)
49 (precision) 4.463e-13 2.875e-16 (from 5.107e-14)
50 (precision) 1.294e-13 2.875e-16 (from 5.107e-14)
51 (precision) 3.649e-14 2.875e-16 (from 5.107e-14)
52 (precision) 7.562e-15 2.875e-16 (from 5.107e-14)
53 (precision) 6.313e-15 2.875e-16 (from 5.107e-14)
54 (precision) 7.427e-17 7.427e-17 (from 5.107e-14)
55 (precision) 5.638e-15 7.427e-17 (from 5.107e-14)
56 (precision) 4.446e-12 7.427e-17 (from 5.107e-14)
57 (precision) 1.222e-12 7.427e-17 (from 5.107e-14)
58 (precision) 3.380e-13 7.427e-17 (from 5.107e-14)
59 (precision) 9.258e-14 7.427e-17 (from 5.107e-14)
60 (precision) 2.085e-14 7.427e-17 (from 5.107e-14)
61 (precision) 1.434e-14 7.427e-17 (from 5.107e-14)
62 (precision) 2.661e-15 7.427e-17 (from 5.107e-14)
63 (precision) 2.103e-15 7.427e-17 (from 5.107e-14)
64 (precision) 8.294e-10 7.427e-17 (from 5.107e-14)
65 (precision) 2.286e-10 7.427e-17 (from 5.107e-14)
66 (precision) 6.305e-11 7.427e-17 (from 5.107e-14)
67 (precision) 1.741e-11 7.427e-17 (from 5.107e-14)
68 (precision) 4.830e-12 7.427e-17 (from 5.107e-14)
69 (precision) 1.355e-12 7.427e-17 (from 5.107e-14)
70 (precision) 3.854e-13 7.427e-17 (from 5.107e-14)
71 (precision) 1.202e-13 7.427e-17 (from 5.107e-14)
72 (precision) 3.563e-14 7.427e-17 (from 5.107e-14)
73 (precision) 1.109e-14 7.427e-17 (from 5.107e-14)
74 (precision) 4.366e-15 7.427e-17 (from 5.107e-14)
75 (precision) 4.893e-15 7.427e-17 (from 5.107e-14)
76 (precision) 2.331e-15 7.427e-17 (from 5.107e-14)
77 (precision) 1.459e-15 7.427e-17 (from 5.107e-14)
78 (precision) 1.609e-15 7.427e-17 (from 5.107e-14)
79 (precision) 7.367e-15 7.427e-17 (from 5.107e-14)
80 (precision) 1.716e-15 7.427e-17 (from 5.107e-14)
81 (precision) 3.896e-15 7.427e-17 (from 5.107e-14)
82 (precision) 1.623e-15 7.427e-17 (from 5.107e-14)
83 (precision) 7.071e-16 7.427e-17 (from 5.107e-14)
84 (precision) 6.189e-15 7.427e-17 (from 5.107e-14)
85 (precision) 1.553e-14 7.427e-17 (from 5.107e-14)
86 (precision) 1.694e-15 7.427e-17 (from 5.107e-14)
87 (precision) 1.448e-15 7.427e-17 (from 5.107e-14)
88 (precision) 1.080e-15 7.427e-17 (from 5.107e-14)
89 (precision) 1.468e-15 7.427e-17 (from 5.107e-14)
90 (precision) 5.530e-15 7.427e-17 (from 5.107e-14)
91 (precision) 2.473e-15 7.427e-17 (from 5.107e-14)
92 (precision) 1.115e-15 7.427e-17 (from 5.107e-14)
93 (precision) 5.223e-15 7.427e-17 (from 5.107e-14)
94 (precision) 2.563e-15 7.427e-17 (from 5.107e-14)
95 (precision) 5.636e-15 7.427e-17 (from 5.107e-14)
96 (precision) 1.742e-14 7.427e-17 (from 5.107e-14)
97 (precision) 6.083e-15 7.427e-17 (from 5.107e-14)
98 (precision) 5.264e-15 7.427e-17 (from 5.107e-14)
99 (precision) 1.541e-15 7.427e-17 (from 5.107e-14)
100 (precision) 3.176e-15 7.427e-17 (from 5.107e-14)

x:  2.894e-01 -1.668e-01 -6.138e-01 -1.205e-01  2.031e-01  2.797e-01 -1.983e-01  2.715e-01 -3.795e-02 -4.379e-01  8.429e-02 -4.613e-02 -5.261e-02  1.200e-01 -7.461e-02  2.879e-01 -3.383e-01 -2.136e-02  2.467e-01 -1.749e-01 -2.974e-01  9.560e-02  7.474e-02 -4.207e-01 -4.107e-01 -3.995e-01 -9.115e-02 -2.242e-01  4.404e-01 -6.240e-01 -1.217e-01 -3.897e-01  3.398e-01 -2.262e-01  3.776e-01  1.553e-01  3.635e-13

grad: -6.138e-24  3.419e-24  1.492e-23  2.905e-24 -5.554e-24 -5.864e-24  2.539e-24 -5.394e-24  3.241e-25  6.949e-24 -9.765e-27  6.700e-27  7.337e-27 -8.502e-27 -4.166e-27 -7.281e-24  8.064e-24  7.819e-25 -6.692e-24  3.051e-24  7.530e-24 -2.061e-24 -1.000e-24  6.917e-24  5.811e-24  3.268e-27  4.324e-27 -7.501e-27 -9.665e-27  1.572e-26 -1.868e-24  1.074e-24 -3.350e-24  2.223e-24 -1.545e-25 -5.189e-26  3.176e-15

finished in 41 iterations (0.043 seconds total)
max viol = 1.96e-08

---------------------
Result:
---------------------

{(1,0), (0,0), (0,0), (0,0), (0,0), (0,0)}, {(0,0), (1,0), (0,0), (0,0), (0,0), (0,0)}, {}, {}, {}, {}


{(0.408,0), (0.408,0), (0.408,0), (0.408,0), (0.408,0), (0.408,0)}, {(0.408,0), (0.289,0.288), (-0.167,-0.338), (-0.614,-0.0214), (-0.121,0.247), (0.203,-0.175)}, {}, {}, {}, {}


{(0.408,0), (0.28,-0.297), (-0.198,0.0956), (0.271,0.0747), (-0.038,-0.421), (-0.438,-0.411)}, {}, {}, {}, {}, {}


{(0.408,0), (0.0843,-0.399), (-0.0461,-0.0912), (-0.0526,-0.224), (0.12,0.44), (-0.0746,-0.624)}, {}, {}, {}, {}, {}

---------------------
Abs of Gram matrix:
---------------------

 { { +1.0000, +0.0000, +0.0000, +0.0000, +0.0000, +0.0000, +0.4082, +0.4082, +0.0000, +0.0000, +0.0000, +0.0000, +0.4082, +0.0000, +0.0000, +0.0000, +0.0000, +0.0000, +0.4082, +0.0000, +0.0000, +0.0000, +0.0000, +0.0000}, 
   { +0.0000, +1.0000, +0.0000, +0.0000, +0.0000, +0.0000, +0.4082, +0.4082, +0.0000, +0.0000, +0.0000, +0.0000, +0.4082, +0.0000, +0.0000, +0.0000, +0.0000, +0.0000, +0.4082, +0.0000, +0.0000, +0.0000, +0.0000, +0.0000}, 
   { +0.0000, +0.0000, +0.0000, +0.0000, +0.0000, +0.0000, +0.0000, +0.0000, +0.0000, +0.0000, +0.0000, +0.0000, +0.0000, +0.0000, +0.0000, +0.0000, +0.0000, +0.0000, +0.0000, +0.0000, +0.0000, +0.0000, +0.0000, +0.0000}, 
   { +0.0000, +0.0000, +0.0000, +0.0000, +0.0000, +0.0000, +0.0000, +0.0000, +0.0000, +0.0000, +0.0000, +0.0000, +0.0000, +0.0000, +0.0000, +0.0000, +0.0000, +0.0000, +0.0000, +0.0000, +0.0000, +0.0000, +0.0000, +0.0000}, 
   { +0.0000, +0.0000, +0.0000, +0.0000, +0.0000, +0.0000, +0.0000, +0.0000, +0.0000, +0.0000, +0.0000, +0.0000, +0.0000, +0.0000, +0.0000, +0.0000, +0.0000, +0.0000, +0.0000, +0.0000, +0.0000, +0.0000, +0.0000, +0.0000}, 
   { +0.0000, +0.0000, +0.0000, +0.0000, +0.0000, +0.0000, +0.0000, +0.0000, +0.0000, +0.0000, +0.0000, +0.0000, +0.0000, +0.0000, +0.0000, +0.0000, +0.0000, +0.0000, +0.0000, +0.0000, +0.0000, +0.0000, +0.0000, +0.0000}, 
   { +0.4082, +0.4082, +0.0000, +0.0000, +0.0000, +0.0000, +1.0000, +0.0001, +0.0000, +0.0000, +0.0000, +0.0000, +0.4082, +0.0000, +0.0000, +0.0000, +0.0000, +0.0000, +0.4082, +0.0000, +0.0000, +0.0000, +0.0000, +0.0000}, 
   { +0.4082, +0.4082, +0.0000, +0.0000, +0.0000, +0.0000, +0.0001, +1.0000, +0.0000, +0.0000, +0.0000, +0.0000, +0.4082, +0.0000, +0.0000, +0.0000, +0.0000, +0.0000, +0.4082, +0.0000, +0.0000, +0.0000, +0.0000, +0.0000}, 
   { +0.0000, +0.0000, +0.0000, +0.0000, +0.0000, +0.0000, +0.0000, +0.0000, +0.0000, +0.0000, +0.0000, +0.0000, +0.0000, +0.0000, +0.0000, +0.0000, +0.0000, +0.0000, +0.0000, +0.0000, +0.0000, +0.0000, +0.0000, +0.0000}, 
   { +0.0000, +0.0000, +0.0000, +0.0000, +0.0000, +0.0000, +0.0000, +0.0000, +0.0000, +0.0000, +0.0000, +0.0000, +0.0000, +0.0000, +0.0000, +0.0000, +0.0000, +0.0000, +0.0000, +0.0000, +0.0000, +0.0000, +0.0000, +0.0000}, 
   { +0.0000, +0.0000, +0.0000, +0.0000, +0.0000, +0.0000, +0.0000, +0.0000, +0.0000, +0.0000, +0.0000, +0.0000, +0.0000, +0.0000, +0.0000, +0.0000, +0.0000, +0.0000, +0.0000, +0.0000, +0.0000, +0.0000, +0.0000, +0.0000}, 
   { +0.0000, +0.0000, +0.0000, +0.0000, +0.0000, +0.0000, +0.0000, +0.0000, +0.0000, +0.0000, +0.0000, +0.0000, +0.0000, +0.0000, +0.0000, +0.0000, +0.0000, +0.0000, +0.0000, +0.0000, +0.0000, +0.0000, +0.0000, +0.0000}, 
   { +0.4082, +0.4082, +0.0000, +0.0000, +0.0000, +0.0000, +0.4082, +0.4082, +0.0000, +0.0000, +0.0000, +0.0000, +1.0000, +0.0000, +0.0000, +0.0000, +0.0000, +0.0000, +0.4082, +0.0000, +0.0000, +0.0000, +0.0000, +0.0000}, 
   { +0.0000, +0.0000, +0.0000, +0.0000, +0.0000, +0.0000, +0.0000, +0.0000, +0.0000, +0.0000, +0.0000, +0.0000, +0.0000, +0.0000, +0.0000, +0.0000, +0.0000, +0.0000, +0.0000, +0.0000, +0.0000, +0.0000, +0.0000, +0.0000}, 
   { +0.0000, +0.0000, +0.0000, +0.0000, +0.0000, +0.0000, +0.0000, +0.0000, +0.0000, +0.0000, +0.0000, +0.0000, +0.0000, +0.0000, +0.0000, +0.0000, +0.0000, +0.0000, +0.0000, +0.0000, +0.0000, +0.0000, +0.0000, +0.0000}, 
   { +0.0000, +0.0000, +0.0000, +0.0000, +0.0000, +0.0000, +0.0000, +0.0000, +0.0000, +0.0000, +0.0000, +0.0000, +0.0000, +0.0000, +0.0000, +0.0000, +0.0000, +0.0000, +0.0000, +0.0000, +0.0000, +0.0000, +0.0000, +0.0000}, 
   { +0.0000, +0.0000, +0.0000, +0.0000, +0.0000, +0.0000, +0.0000, +0.0000, +0.0000, +0.0000, +0.0000, +0.0000, +0.0000, +0.0000, +0.0000, +0.0000, +0.0000, +0.0000, +0.0000, +0.0000, +0.0000, +0.0000, +0.0000, +0.0000}, 
   { +0.0000, +0.0000, +0.0000, +0.0000, +0.0000, +0.0000, +0.0000, +0.0000, +0.0000, +0.0000, +0.0000, +0.0000, +0.0000, +0.0000, +0.0000, +0.0000, +0.0000, +0.0000, +0.0000, +0.0000, +0.0000, +0.0000, +0.0000, +0.0000}, 
   { +0.4082, +0.4082, +0.0000, +0.0000, +0.0000, +0.0000, +0.4082, +0.4082, +0.0000, +0.0000, +0.0000, +0.0000, +0.4082, +0.0000, +0.0000, +0.0000, +0.0000, +0.0000, +1.0000, +0.0000, +0.0000, +0.0000, +0.0000, +0.0000}, 
   { +0.0000, +0.0000, +0.0000, +0.0000, +0.0000, +0.0000, +0.0000, +0.0000, +0.0000, +0.0000, +0.0000, +0.0000, +0.0000, +0.0000, +0.0000, +0.0000, +0.0000, +0.0000, +0.0000, +0.0000, +0.0000, +0.0000, +0.0000, +0.0000}, 
   { +0.0000, +0.0000, +0.0000, +0.0000, +0.0000, +0.0000, +0.0000, +0.0000, +0.0000, +0.0000, +0.0000, +0.0000, +0.0000, +0.0000, +0.0000, +0.0000, +0.0000, +0.0000, +0.0000, +0.0000, +0.0000, +0.0000, +0.0000, +0.0000}, 
   { +0.0000, +0.0000, +0.0000, +0.0000, +0.0000, +0.0000, +0.0000, +0.0000, +0.0000, +0.0000, +0.0000, +0.0000, +0.0000, +0.0000, +0.0000, +0.0000, +0.0000, +0.0000, +0.0000, +0.0000, +0.0000, +0.0000, +0.0000, +0.0000}, 
   { +0.0000, +0.0000, +0.0000, +0.0000, +0.0000, +0.0000, +0.0000, +0.0000, +0.0000, +0.0000, +0.0000, +0.0000, +0.0000, +0.0000, +0.0000, +0.0000, +0.0000, +0.0000, +0.0000, +0.0000, +0.0000, +0.0000, +0.0000, +0.0000}, 
   { +0.0000, +0.0000, +0.0000, +0.0000, +0.0000, +0.0000, +0.0000, +0.0000, +0.0000, +0.0000, +0.0000, +0.0000, +0.0000, +0.0000, +0.0000, +0.0000, +0.0000, +0.0000, +0.0000, +0.0000, +0.0000, +0.0000, +0.0000, +0.0000} } 
