---------------------
Basis Indices:
---------------------

{1, 0, 0, 0, 0, 0}, {1, 0, 0, 0, 0, 0}, {}, {}, {}, {}


{0.408, 0.408, 0.408, 0.408, 0.408, 0.408}, {}, {}, {}, {}, {}


{0.408, x_73+i*x_217, x_74+i*x_218, x_75+i*x_219, x_76+i*x_220, x_77+i*x_221}, {}, {}, {}, {}, {}


{0.408, x_109+i*x_253, x_110+i*x_254, x_111+i*x_255, x_112+i*x_256, x_113+i*x_257}, {}, {}, {}, {}, {}

---------------------
Problem: 
---------------------
Find a point satisfying:

-0.166667*{} + 1*{ 289 289} + 1*{ 288 288} = 0 

1*{  74 110} + 0.166667*{} + 1*{ 220 256} + 1*{  75 111} + 1*{  77 113} + 1*{ 218 254} + 1*{ 217 253} + -1*{ 288} + 1*{ 219 255} + 1*{  73 109} + 1*{  76 112} + 1*{ 221 257} = 0 

-1*{ 111 219} + -1*{ 110 218} + 1*{  74 254} + 1*{  75 255} + 1*{  73 253} + 1*{  76 256} + -1*{ 109 217} + -1*{ 112 220} + -1*{ 289} + 1*{  77 257} + -1*{ 113 221} = 0 

-0.166667*{} + 1*{ 217 217} + 1*{  73  73} = 0 

-0.833333*{} + 1*{ 219 219} + 1*{  73  73} + 1*{  75  75} + 1*{  77  77} + 1*{ 217 217} + 1*{  74  74} + 1*{ 218 218} + 1*{ 221 221} + 1*{  76  76} + 1*{ 220 220} = 0 

0.333333*{ 219 220} + 0.166667*{  75  75} + 0.333333*{  74  77} + 0.333333*{  75  76} + 0.333333*{ 218 219} + 0.333333*{ 218 221} + 0.333333*{ 218 220} + 0.333333*{ 220 221} + 0.166667*{ 221 221} + 0.136083*{  77} + 0.333333*{ 219 221} + 0.136083*{  75} + 0.333333*{  73  74} + 0.166667*{ 219 219} + 0.333333*{  73  77} + 0.333333*{ 217 218} + 0.166667*{ 218 218} + 0.166667*{  76  76} + 0.333333*{  73  76} + 0.333333*{ 217 221} + 0.333333*{ 217 219} + 0.333333*{  74  75} + 0.333333*{  73  75} + 0.166667*{  74  74} + 0.333333*{ 217 220} + 0.166667*{  73  73} + 0.166667*{ 220 220} + 0.333333*{  75  77} + 0.136083*{  73} + 0.166667*{ 217 217} + 0.136083*{  74} + -0.138889*{} + 0.333333*{  74  76} + 0.333333*{  76  77} + 0.166667*{  77  77} + 0.136083*{  76} = 0 

-0.166667*{} + 1*{ 253 253} + 1*{ 109 109} = 0 

-0.833333*{} + 1*{ 109 109} + 1*{ 257 257} + 1*{ 253 253} + 1*{ 254 254} + 1*{ 110 110} + 1*{ 111 111} + 1*{ 255 255} + 1*{ 112 112} + 1*{ 256 256} + 1*{ 113 113} = 0 

0.333333*{ 110 111} + 0.166667*{ 256 256} + 0.333333*{ 255 256} + 0.333333*{ 254 256} + 0.166667*{ 112 112} + 0.333333*{ 110 112} + 0.136083*{ 111} + 0.333333*{ 110 113} + 0.333333*{ 109 113} + 0.333333*{ 253 255} + 0.333333*{ 109 112} + 0.333333*{ 111 112} + 0.166667*{ 111 111} + 0.333333*{ 109 111} + 0.333333*{ 254 255} + 0.136083*{ 110} + 0.166667*{ 113 113} + 0.333333*{ 254 257} + 0.333333*{ 109 110} + 0.333333*{ 111 113} + 0.166667*{ 257 257} + 0.166667*{ 110 110} + 0.333333*{ 253 256} + 0.333333*{ 255 257} + 0.166667*{ 255 255} + 0.136083*{ 112} + 0.333333*{ 112 113} + 0.166667*{ 254 254} + 0.333333*{ 256 257} + 0.166667*{ 109 109} + 0.136083*{ 109} + -0.138889*{} + 0.136083*{ 113} + 0.333333*{ 253 257} + 0.333333*{ 253 254} + 0.166667*{ 253 253} = 0 

---------------------
Summary:
---------------------
set sizes: {2, 1, 1, 1}, vars: 22, vectors: 5, equations: 9, indep eqn: 9

---------------------
Optimization:
---------------------
1 9.920e-01 9.920e-01
2 5.023e+03 9.920e-01
3 1.807e+03 9.920e-01
4 6.494e+02 9.920e-01
5 2.328e+02 9.920e-01
6 8.314e+01 9.920e-01
7 2.953e+01 9.920e-01
8 1.041e+01 9.920e-01
9 3.639e+00 9.920e-01
10 1.265e+00 9.920e-01
11 4.392e-01 4.392e-01
12 1.547e-01 1.547e-01
13 5.204e-02 5.204e-02
14 1.725e-02 1.725e-02
15 5.615e-03 5.615e-03
16 1.793e-03 1.793e-03
17 5.626e-04 5.626e-04
18 1.742e-04 1.742e-04
19 5.344e-05 5.344e-05
20 1.630e-05 1.630e-05
21 4.952e-06 4.952e-06
22 1.502e-06 1.502e-06
23 4.550e-07 4.550e-07
24 1.377e-07 1.377e-07
25 4.168e-08 4.168e-08
26 1.261e-08 1.261e-08
27 3.816e-09 3.816e-09
28 1.154e-09 1.154e-09
29 3.492e-10 3.492e-10
30 1.056e-10 1.056e-10
31 3.196e-11 3.196e-11
32 9.667e-12 9.667e-12
33 2.925e-12 2.925e-12
34 8.839e-13 8.839e-13
35 2.685e-13 2.685e-13
36 7.933e-14 7.933e-14
1 (precision) 2.295e-14 2.295e-14 (from 7.933e-14)
2 (precision) 7.761e-15 7.761e-15 (from 7.933e-14)
3 (precision) 2.472e-15 2.472e-15 (from 7.933e-14)
4 (precision) 2.786e-16 2.786e-16 (from 7.933e-14)
5 (precision) 4.043e-16 2.786e-16 (from 7.933e-14)
6 (precision) 1.834e-16 1.834e-16 (from 7.933e-14)
7 (precision) 2.488e-15 1.834e-16 (from 7.933e-14)
8 (precision) 4.667e-16 1.834e-16 (from 7.933e-14)
9 (precision) 1.073e-14 1.834e-16 (from 7.933e-14)
10 (precision) 2.921e-15 1.834e-16 (from 7.933e-14)
11 (precision) 1.899e-15 1.834e-16 (from 7.933e-14)
12 (precision) 8.241e-16 1.834e-16 (from 7.933e-14)
13 (precision) 7.231e-16 1.834e-16 (from 7.933e-14)
14 (precision) 1.458e-16 1.458e-16 (from 7.933e-14)
15 (precision) 1.660e-15 1.458e-16 (from 7.933e-14)
16 (precision) 4.863e-15 1.458e-16 (from 7.933e-14)
17 (precision) 7.626e-16 1.458e-16 (from 7.933e-14)
18 (precision) 7.251e-16 1.458e-16 (from 7.933e-14)
19 (precision) 3.979e-15 1.458e-16 (from 7.933e-14)
20 (precision) 1.099e-16 1.099e-16 (from 7.933e-14)
21 (precision) 1.695e-15 1.099e-16 (from 7.933e-14)
22 (precision) 1.904e-14 1.099e-16 (from 7.933e-14)
23 (precision) 5.224e-15 1.099e-16 (from 7.933e-14)
24 (precision) 2.617e-15 1.099e-16 (from 7.933e-14)
25 (precision) 8.188e-16 1.099e-16 (from 7.933e-14)
26 (precision) 3.054e-15 1.099e-16 (from 7.933e-14)
27 (precision) 1.897e-15 1.099e-16 (from 7.933e-14)
28 (precision) 1.556e-14 1.099e-16 (from 7.933e-14)
29 (precision) 4.488e-15 1.099e-16 (from 7.933e-14)
30 (precision) 9.751e-16 1.099e-16 (from 7.933e-14)
31 (precision) 8.212e-14 1.099e-16 (from 7.933e-14)
32 (precision) 2.260e-14 1.099e-16 (from 7.933e-14)
33 (precision) 3.465e-15 1.099e-16 (from 7.933e-14)
34 (precision) 9.064e-16 1.099e-16 (from 7.933e-14)
35 (precision) 1.032e-15 1.099e-16 (from 7.933e-14)
36 (precision) 6.693e-16 1.099e-16 (from 7.933e-14)
37 (precision) 2.326e-15 1.099e-16 (from 7.933e-14)
38 (precision) 2.085e-15 1.099e-16 (from 7.933e-14)
39 (precision) 1.400e-15 1.099e-16 (from 7.933e-14)
40 (precision) 3.083e-16 1.099e-16 (from 7.933e-14)
41 (precision) 1.223e-15 1.099e-16 (from 7.933e-14)
42 (precision) 3.683e-15 1.099e-16 (from 7.933e-14)
43 (precision) 2.395e-16 1.099e-16 (from 7.933e-14)
44 (precision) 1.621e-15 1.099e-16 (from 7.933e-14)
45 (precision) 2.113e-15 1.099e-16 (from 7.933e-14)
46 (precision) 1.988e-15 1.099e-16 (from 7.933e-14)
47 (precision) 2.524e-15 1.099e-16 (from 7.933e-14)
48 (precision) 1.225e-15 1.099e-16 (from 7.933e-14)
49 (precision) 2.056e-16 1.099e-16 (from 7.933e-14)
50 (precision) 5.999e-16 1.099e-16 (from 7.933e-14)
51 (precision) 9.555e-16 1.099e-16 (from 7.933e-14)
52 (precision) 2.320e-16 1.099e-16 (from 7.933e-14)
53 (precision) 1.163e-15 1.099e-16 (from 7.933e-14)
54 (precision) 2.005e-15 1.099e-16 (from 7.933e-14)
55 (precision) 6.645e-15 1.099e-16 (from 7.933e-14)
56 (precision) 3.399e-15 1.099e-16 (from 7.933e-14)
57 (precision) 1.447e-15 1.099e-16 (from 7.933e-14)
58 (precision) 5.118e-15 1.099e-16 (from 7.933e-14)
59 (precision) 3.031e-15 1.099e-16 (from 7.933e-14)
60 (precision) 1.615e-16 1.099e-16 (from 7.933e-14)
61 (precision) 3.181e-16 1.099e-16 (from 7.933e-14)
62 (precision) 4.093e-16 1.099e-16 (from 7.933e-14)
63 (precision) 1.727e-15 1.099e-16 (from 7.933e-14)
64 (precision) 6.667e-16 1.099e-16 (from 7.933e-14)
65 (precision) 1.741e-15 1.099e-16 (from 7.933e-14)
66 (precision) 4.052e-16 1.099e-16 (from 7.933e-14)
67 (precision) 1.573e-15 1.099e-16 (from 7.933e-14)
68 (precision) 1.122e-14 1.099e-16 (from 7.933e-14)
69 (precision) 1.738e-15 1.099e-16 (from 7.933e-14)
70 (precision) 8.193e-16 1.099e-16 (from 7.933e-14)
71 (precision) 1.061e-16 1.061e-16 (from 7.933e-14)
72 (precision) 5.986e-16 1.061e-16 (from 7.933e-14)
73 (precision) 5.963e-16 1.061e-16 (from 7.933e-14)
74 (precision) 7.725e-16 1.061e-16 (from 7.933e-14)
75 (precision) 1.557e-15 1.061e-16 (from 7.933e-14)
76 (precision) 1.244e-15 1.061e-16 (from 7.933e-14)
77 (precision) 2.083e-16 1.061e-16 (from 7.933e-14)
78 (precision) 4.243e-16 1.061e-16 (from 7.933e-14)
79 (precision) 1.051e-15 1.061e-16 (from 7.933e-14)
80 (precision) 2.993e-16 1.061e-16 (from 7.933e-14)
81 (precision) 2.530e-15 1.061e-16 (from 7.933e-14)
82 (precision) 9.193e-17 9.193e-17 (from 7.933e-14)
83 (precision) 1.193e-15 9.193e-17 (from 7.933e-14)
84 (precision) 3.093e-15 9.193e-17 (from 7.933e-14)
85 (precision) 1.103e-14 9.193e-17 (from 7.933e-14)
86 (precision) 4.614e-15 9.193e-17 (from 7.933e-14)
87 (precision) 2.640e-16 9.193e-17 (from 7.933e-14)
88 (precision) 1.546e-16 9.193e-17 (from 7.933e-14)
89 (precision) 2.143e-15 9.193e-17 (from 7.933e-14)
90 (precision) 5.598e-15 9.193e-17 (from 7.933e-14)
91 (precision) 1.895e-15 9.193e-17 (from 7.933e-14)
92 (precision) 9.553e-16 9.193e-17 (from 7.933e-14)
93 (precision) 5.547e-14 9.193e-17 (from 7.933e-14)
94 (precision) 1.618e-14 9.193e-17 (from 7.933e-14)
95 (precision) 4.407e-15 9.193e-17 (from 7.933e-14)
96 (precision) 1.932e-15 9.193e-17 (from 7.933e-14)
97 (precision) 4.545e-16 9.193e-17 (from 7.933e-14)
98 (precision) 6.967e-16 9.193e-17 (from 7.933e-14)
99 (precision) 1.704e-16 9.193e-17 (from 7.933e-14)
100 (precision) 1.781e-15 9.193e-17 (from 7.933e-14)

x: -3.250e-01 -4.696e-01  4.027e-02 -3.572e-03  2.059e-01 -3.741e-01  3.326e-02 -3.298e-01  1.848e-01 -2.027e-01  2.471e-01  2.482e-01 -6.424e-02 -2.099e-02  5.796e-01  1.633e-01 -6.420e-04 -7.193e-02  6.567e-01  2.124e-01  3.711e-01  1.701e-01 -2.613e-13

grad: -1.159e-17 -7.199e-18 -1.961e-18  1.171e-19  9.444e-19 -5.668e-18 -2.142e-18 -2.778e-18  8.621e-19 -2.143e-18  1.708e-17  1.212e-17  8.381e-18  1.062e-17  1.736e-17  3.839e-18  2.010e-18  1.135e-18  6.656e-18  5.572e-18  3.905e-18  1.959e-18  1.781e-15

finished in 36 iterations (0.02 seconds total)
max viol = 1.6e-08

---------------------
Result:
---------------------

{(1,0), (0,0), (0,0), (0,0), (0,0), (0,0)}, {(0,0), (1,0), (0,0), (0,0), (0,0), (0,0)}, {}, {}, {}, {}


{(0.408,0), (0.408,0), (0.408,0), (0.408,0), (0.408,0), (0.408,0)}, {}, {}, {}, {}, {}


{(0.408,0), (-0.325,0.247), (-0.47,0.248), (0.0403,-0.0642), (-0.00357,-0.021), (0.206,0.58)}, {}, {}, {}, {}, {}


{(0.408,0), (-0.374,0.163), (0.0333,-0.000642), (-0.33,-0.0719), (0.185,0.657), (-0.203,0.212)}, {}, {}, {}, {}, {}

---------------------
Abs of Gram matrix:
---------------------

 { { +1.0000, +0.0000, +0.0000, +0.0000, +0.0000, +0.0000, +0.4082, +0.0000, +0.0000, +0.0000, +0.0000, +0.0000, +0.4082, +0.0000, +0.0000, +0.0000, +0.0000, +0.0000, +0.4082, +0.0000, +0.0000, +0.0000, +0.0000, +0.0000}, 
   { +0.0000, +1.0000, +0.0000, +0.0000, +0.0000, +0.0000, +0.4082, +0.0000, +0.0000, +0.0000, +0.0000, +0.0000, +0.4082, +0.0000, +0.0000, +0.0000, +0.0000, +0.0000, +0.4082, +0.0000, +0.0000, +0.0000, +0.0000, +0.0000}, 
   { +0.0000, +0.0000, +0.0000, +0.0000, +0.0000, +0.0000, +0.0000, +0.0000, +0.0000, +0.0000, +0.0000, +0.0000, +0.0000, +0.0000, +0.0000, +0.0000, +0.0000, +0.0000, +0.0000, +0.0000, +0.0000, +0.0000, +0.0000, +0.0000}, 
   { +0.0000, +0.0000, +0.0000, +0.0000, +0.0000, +0.0000, +0.0000, +0.0000, +0.0000, +0.0000, +0.0000, +0.0000, +0.0000, +0.0000, +0.0000, +0.0000, +0.0000, +0.0000, +0.0000, +0.0000, +0.0000, +0.0000, +0.0000, +0.0000}, 
   { +0.0000, +0.0000, +0.0000, +0.0000, +0.0000, +0.0000, +0.0000, +0.0000, +0.0000, +0.0000, +0.0000, +0.0000, +0.0000, +0.0000, +0.0000, +0.0000, +0.0000, +0.0000, +0.0000, +0.0000, +0.0000, +0.0000, +0.0000, +0.0000}, 
   { +0.0000, +0.0000, +0.0000, +0.0000, +0.0000, +0.0000, +0.0000, +0.0000, +0.0000, +0.0000, +0.0000, +0.0000, +0.0000, +0.0000, +0.0000, +0.0000, +0.0000, +0.0000, +0.0000, +0.0000, +0.0000, +0.0000, +0.0000, +0.0000}, 
   { +0.4082, +0.4082, +0.0000, +0.0000, +0.0000, +0.0000, +1.0000, +0.0000, +0.0000, +0.0000, +0.0000, +0.0000, +0.4082, +0.0000, +0.0000, +0.0000, +0.0000, +0.0000, +0.4082, +0.0000, +0.0000, +0.0000, +0.0000, +0.0000}, 
   { +0.0000, +0.0000, +0.0000, +0.0000, +0.0000, +0.0000, +0.0000, +0.0000, +0.0000, +0.0000, +0.0000, +0.0000, +0.0000, +0.0000, +0.0000, +0.0000, +0.0000, +0.0000, +0.0000, +0.0000, +0.0000, +0.0000, +0.0000, +0.0000}, 
   { +0.0000, +0.0000, +0.0000, +0.0000, +0.0000, +0.0000, +0.0000, +0.0000, +0.0000, +0.0000, +0.0000, +0.0000, +0.0000, +0.0000, +0.0000, +0.0000, +0.0000, +0.0000, +0.0000, +0.0000, +0.0000, +0.0000, +0.0000, +0.0000}, 
   { +0.0000, +0.0000, +0.0000, +0.0000, +0.0000, +0.0000, +0.0000, +0.0000, +0.0000, +0.0000, +0.0000, +0.0000, +0.0000, +0.0000, +0.0000, +0.0000, +0.0000, +0.0000, +0.0000, +0.0000, +0.0000, +0.0000, +0.0000, +0.0000}, 
   { +0.0000, +0.0000, +0.0000, +0.0000, +0.0000, +0.0000, +0.0000, +0.0000, +0.0000, +0.0000, +0.0000, +0.0000, +0.0000, +0.0000, +0.0000, +0.0000, +0.0000, +0.0000, +0.0000, +0.0000, +0.0000, +0.0000, +0.0000, +0.0000}, 
   { +0.0000, +0.0000, +0.0000, +0.0000, +0.0000, +0.0000, +0.0000, +0.0000, +0.0000, +0.0000, +0.0000, +0.0000, +0.0000, +0.0000, +0.0000, +0.0000, +0.0000, +0.0000, +0.0000, +0.0000, +0.0000, +0.0000, +0.0000, +0.0000}, 
   { +0.4082, +0.4082, +0.0000, +0.0000, +0.0000, +0.0000, +0.4082, +0.0000, +0.0000, +0.0000, +0.0000, +0.0000, +1.0000, +0.0000, +0.0000, +0.0000, +0.0000, +0.0000, +0.4082, +0.0000, +0.0000, +0.0000, +0.0000, +0.0000}, 
   { +0.0000, +0.0000, +0.0000, +0.0000, +0.0000, +0.0000, +0.0000, +0.0000, +0.0000, +0.0000, +0.0000, +0.0000, +0.0000, +0.0000, +0.0000, +0.0000, +0.0000, +0.0000, +0.0000, +0.0000, +0.0000, +0.0000, +0.0000, +0.0000}, 
   { +0.0000, +0.0000, +0.0000, +0.0000, +0.0000, +0.0000, +0.0000, +0.0000, +0.0000, +0.0000, +0.0000, +0.0000, +0.0000, +0.0000, +0.0000, +0.0000, +0.0000, +0.0000, +0.0000, +0.0000, +0.0000, +0.0000, +0.0000, +0.0000}, 
   { +0.0000, +0.0000, +0.0000, +0.0000, +0.0000, +0.0000, +0.0000, +0.0000, +0.0000, +0.0000, +0.0000, +0.0000, +0.0000, +0.0000, +0.0000, +0.0000, +0.0000, +0.0000, +0.0000, +0.0000, +0.0000, +0.0000, +0.0000, +0.0000}, 
   { +0.0000, +0.0000, +0.0000, +0.0000, +0.0000, +0.0000, +0.0000, +0.0000, +0.0000, +0.0000, +0.0000, +0.0000, +0.0000, +0.0000, +0.0000, +0.0000, +0.0000, +0.0000, +0.0000, +0.0000, +0.0000, +0.0000, +0.0000, +0.0000}, 
   { +0.0000, +0.0000, +0.0000, +0.0000, +0.0000, +0.0000, +0.0000, +0.0000, +0.0000, +0.0000, +0.0000, +0.0000, +0.0000, +0.0000, +0.0000, +0.0000, +0.0000, +0.0000, +0.0000, +0.0000, +0.0000, +0.0000, +0.0000, +0.0000}, 
   { +0.4082, +0.4082, +0.0000, +0.0000, +0.0000, +0.0000, +0.4082, +0.0000, +0.0000, +0.0000, +0.0000, +0.0000, +0.4082, +0.0000, +0.0000, +0.0000, +0.0000, +0.0000, +1.0000, +0.0000, +0.0000, +0.0000, +0.0000, +0.0000}, 
   { +0.0000, +0.0000, +0.0000, +0.0000, +0.0000, +0.0000, +0.0000, +0.0000, +0.0000, +0.0000, +0.0000, +0.0000, +0.0000, +0.0000, +0.0000, +0.0000, +0.0000, +0.0000, +0.0000, +0.0000, +0.0000, +0.0000, +0.0000, +0.0000}, 
   { +0.0000, +0.0000, +0.0000, +0.0000, +0.0000, +0.0000, +0.0000, +0.0000, +0.0000, +0.0000, +0.0000, +0.0000, +0.0000, +0.0000, +0.0000, +0.0000, +0.0000, +0.0000, +0.0000, +0.0000, +0.0000, +0.0000, +0.0000, +0.0000}, 
   { +0.0000, +0.0000, +0.0000, +0.0000, +0.0000, +0.0000, +0.0000, +0.0000, +0.0000, +0.0000, +0.0000, +0.0000, +0.0000, +0.0000, +0.0000, +0.0000, +0.0000, +0.0000, +0.0000, +0.0000, +0.0000, +0.0000, +0.0000, +0.0000}, 
   { +0.0000, +0.0000, +0.0000, +0.0000, +0.0000, +0.0000, +0.0000, +0.0000, +0.0000, +0.0000, +0.0000, +0.0000, +0.0000, +0.0000, +0.0000, +0.0000, +0.0000, +0.0000, +0.0000, +0.0000, +0.0000, +0.0000, +0.0000, +0.0000}, 
   { +0.0000, +0.0000, +0.0000, +0.0000, +0.0000, +0.0000, +0.0000, +0.0000, +0.0000, +0.0000, +0.0000, +0.0000, +0.0000, +0.0000, +0.0000, +0.0000, +0.0000, +0.0000, +0.0000, +0.0000, +0.0000, +0.0000, +0.0000, +0.0000} } 
