---------------------
Basis Indices:
---------------------

{-, -, -, -, -, -}, {-, -, -, -, -, -}, {-, -, -, -, -, -}, {-, -, -, -, -, -}, {-, -, -, -, -, -}, {-, -, -, -, -, -}


{-, -, -, -, -, -}, {-, 43+i115, 44+i116, 45+i117, 46+i118, 47+i119}, {-, 49+i121, 50+i122, 51+i123, 52+i124, 53+i125}, {-, 55+i127, 56+i128, 57+i129, 58+i130, 59+i131}, {-, 61+i133, 62+i134, 63+i135, 64+i136, 65+i137}, {}

---------------------
Index Mapping: 
---------------------

{136: 31, 135: 30, 134: 29, 61: 12, 55: 8, 52: 7, 51: 6, 50: 5, 49: 4, 46: 3, 133: 28, 45: 2, 116: 17, 57: 10, 44: 1, 115: 16, 56: 9, 43: 0, 130: 27, 62: 13, 121: 20, 63: 14, 122: 21, 58: 11, 117: 18, 118: 19, 64: 15, 123: 22, 124: 23, 127: 24, 128: 25, 129: 26}

---------------------
Final Problem: 
---------------------
Find a point satisfying:

1*{1821} + 1*{ 3 6} + 0.408248*{ 6} + 1*{1621} + 1*{1820} + 1*{1920} + 0.408248*{ 1} + 2*{ 1 5} + 1*{1722} + 1*{ 1 7} + 1*{ 3 4} + 0.408248*{ 7} + 1*{ 0 6} + 0.408248*{ 2} + 1*{1622} + 0.408248*{ 4} + 0.333333*{} + 1*{ 2 5} + 0.408248*{ 0} + 1*{1723} + 1*{ 1 6} + 1*{1921} + 1*{1823} + 1*{ 0 7} + 2*{1721} + 1*{1922} + 1*{ 2 7} + 2*{1822} + 1*{ 2 4} + 1*{1720} + 2*{ 0 4} + 0.408248*{ 5} + 2*{ 3 7} + 0.408248*{ 3} + 1*{ 1 4} + 1*{ 3 5} + 2*{1923} + 1*{1623} + 2*{1620} + 2*{ 2 6} + 1*{ 0 5} = 0 

-1*{ 417} + -1*{ 418} + 1*{ 221} + 0.408248*{20} + 1*{ 322} + 1*{ 123} + 1*{ 120} + -1*{ 616} + 1*{ 220} + -1*{ 619} + -1*{ 516} + -0.408248*{18} + -2*{ 719} + 0.408248*{22} + 1*{ 122} + -1*{ 717} + 0.408248*{21} + 0.408248*{23} + -1*{ 519} + -1*{ 716} + -1*{ 419} + 1*{ 223} + -1*{ 617} + -0.408248*{19} + -1*{ 518} + 1*{ 022} + 1*{ 321} + 2*{ 323} + -0.408248*{17} + -2*{ 416} + -2*{ 517} + 2*{ 020} + -2*{ 618} + 1*{ 320} + 1*{ 021} + 1*{ 023} + -1*{ 718} + -0.408248*{16} + 2*{ 222} + 2*{ 121} = 0 

1*{1627} + 1*{ 3 8} + 1*{1726} + 1*{1924} + 1*{ 2 9} + 2*{1927} + 1*{1727} + 0.408248*{ 9} + 1*{ 110} + 2*{1826} + 2*{ 1 9} + 0.408248*{ 1} + 1*{1824} + 1*{ 2 8} + 1*{1626} + 0.408248*{ 8} + 2*{ 311} + 0.408248*{10} + 2*{ 210} + 1*{ 211} + 0.408248*{ 3} + 1*{1625} + 0.408248*{11} + 2*{1624} + 1*{1925} + 2*{ 0 8} + 1*{ 011} + 0.408248*{ 2} + 1*{ 3 9} + 1*{1926} + 1*{ 010} + 1*{1827} + 2*{1725} + 1*{ 0 9} + 1*{ 310} + 1*{ 111} + 1*{1724} + 1*{ 1 8} + 1*{1825} + 0.408248*{ 0} + 0.333333*{} = 0 

-1*{ 817} + -1*{1117} + -1*{ 919} + 1*{ 124} + -2*{ 917} + 1*{ 326} + -2*{ 816} + -1*{ 819} + -2*{1018} + 0.408248*{25} + -1*{1017} + -1*{1116} + 1*{ 127} + 1*{ 325} + 0.408248*{26} + -1*{ 916} + -0.408248*{19} + 0.408248*{27} + 2*{ 327} + -0.408248*{16} + 1*{ 224} + 2*{ 125} + 2*{ 024} + -1*{1016} + -1*{1118} + -0.408248*{18} + 1*{ 126} + 1*{ 026} + 1*{ 025} + -1*{ 818} + -2*{1119} + 1*{ 324} + 1*{ 225} + 1*{ 027} + 1*{ 227} + -1*{ 918} + 0.408248*{24} + 2*{ 226} + -1*{1019} + -0.408248*{17} = 0 

2*{ 214} + 2*{ 113} + 2*{1729} + 0.408248*{13} + 1*{ 115} + 2*{1931} + 2*{ 012} + 0.408248*{14} + 1*{ 212} + 1*{1728} + 1*{ 215} + 1*{1730} + 2*{1830} + 1*{ 114} + 1*{1631} + 2*{ 315} + 1*{1831} + 0.408248*{ 2} + 1*{ 112} + 0.408248*{15} + 1*{1630} + 1*{1928} + 1*{ 014} + 1*{ 015} + 0.408248*{ 0} + 1*{1731} + 0.408248*{12} + 1*{1829} + 0.333333*{} + 0.408248*{ 1} + 1*{ 213} + 1*{ 013} + 2*{1628} + 0.408248*{ 3} + 1*{1930} + 1*{1828} + 1*{ 314} + 1*{1629} + 1*{1929} + 1*{ 313} + 1*{ 312} = 0 

0.408248*{30} + -1*{1516} + -0.408248*{19} + -1*{1217} + 1*{ 329} + -1*{1319} + -1*{1416} + 0.408248*{28} + 2*{ 028} + -2*{1216} + -0.408248*{17} + 1*{ 330} + 1*{ 328} + -2*{1418} + 0.408248*{31} + -1*{1219} + 1*{ 030} + 1*{ 131} + -1*{1417} + -1*{1316} + -1*{1318} + -0.408248*{18} + 1*{ 031} + 1*{ 029} + 1*{ 128} + -1*{1218} + -2*{1317} + -1*{1419} + 1*{ 228} + 1*{ 231} + -2*{1519} + -1*{1517} + 2*{ 230} + 2*{ 331} + -1*{1518} + 1*{ 229} + -0.408248*{16} + 2*{ 129} + 1*{ 130} + 0.408248*{29} = 0 

2*{ 5 9} + 1*{2124} + 2*{ 4 8} + 1*{ 7 8} + 1*{2324} + 1*{ 710} + 2*{2226} + 1*{ 6 9} + 0.408248*{ 5} + 1*{ 4 9} + 1*{2127} + 2*{2125} + 2*{ 610} + 1*{2025} + 1*{ 511} + 1*{2225} + 1*{2026} + 2*{2327} + 2*{2024} + 1*{2326} + 0.333333*{} + 1*{ 611} + 0.408248*{ 4} + 1*{2325} + 1*{ 410} + 0.408248*{ 6} + 1*{ 7 9} + 0.408248*{ 7} + 1*{2227} + 1*{2126} + 0.408248*{10} + 1*{ 5 8} + 1*{2027} + 1*{ 411} + 2*{ 711} + 0.408248*{11} + 1*{2224} + 0.408248*{ 8} + 1*{ 510} + 1*{ 6 8} + 0.408248*{ 9} = 0 

1*{ 527} + -1*{ 922} + 1*{ 526} + -1*{ 821} + -2*{ 921} + -0.408248*{20} + -1*{1020} + 1*{ 726} + 1*{ 725} + -0.408248*{22} + 1*{ 524} + 0.408248*{26} + -2*{1022} + 2*{ 727} + -1*{1122} + 2*{ 424} + 1*{ 425} + -1*{1023} + 1*{ 627} + 1*{ 625} + 0.408248*{27} + -1*{1121} + 1*{ 426} + 1*{ 427} + 0.408248*{24} + -1*{1021} + -1*{ 823} + -0.408248*{23} + 2*{ 626} + -0.408248*{21} + 2*{ 525} + -2*{ 820} + -1*{ 920} + 1*{ 724} + 0.408248*{25} + -1*{ 923} + -1*{ 822} + -1*{1120} + -2*{1123} + 1*{ 624} = 0 

1*{ 515} + 1*{ 714} + 0.408248*{ 6} + 0.408248*{ 4} + 1*{2131} + 2*{ 614} + 1*{2031} + 1*{ 612} + 0.408248*{12} + 1*{2231} + 1*{2330} + 1*{2228} + 2*{ 513} + 0.408248*{ 5} + 0.408248*{14} + 1*{ 414} + 1*{ 712} + 1*{2328} + 0.408248*{ 7} + 1*{ 512} + 1*{ 514} + 2*{ 412} + 0.333333*{} + 0.408248*{15} + 2*{2028} + 1*{ 613} + 0.408248*{13} + 2*{2331} + 2*{ 715} + 1*{2029} + 1*{ 615} + 1*{ 415} + 1*{2030} + 2*{2129} + 1*{2229} + 1*{ 413} + 1*{2128} + 1*{2130} + 1*{2329} + 2*{2230} + 1*{ 713} = 0 

1*{ 431} + -0.408248*{21} + -0.408248*{23} + -1*{1322} + -2*{1321} + 1*{ 730} + -0.408248*{22} + 0.408248*{28} + 1*{ 729} + 1*{ 531} + 0.408248*{29} + -1*{1522} + 2*{ 731} + -1*{1421} + -1*{1420} + 1*{ 631} + 0.408248*{31} + -1*{1223} + -2*{1523} + -1*{1521} + 1*{ 629} + -1*{1221} + 1*{ 429} + 2*{ 428} + -1*{1520} + -2*{1220} + 2*{ 630} + 1*{ 430} + -1*{1222} + -1*{1320} + 1*{ 528} + -2*{1422} + -0.408248*{20} + 1*{ 530} + -1*{1423} + 0.408248*{30} + 1*{ 728} + 1*{ 628} + -1*{1323} + 2*{ 529} = 0 

1*{2631} + 0.408248*{ 8} + 0.333333*{} + 2*{2630} + 0.408248*{ 9} + 1*{2628} + 1*{2528} + 0.408248*{12} + 2*{1014} + 1*{2629} + 1*{2429} + 0.408248*{10} + 1*{2530} + 2*{2529} + 1*{ 915} + 2*{2428} + 0.408248*{11} + 2*{1115} + 1*{1113} + 2*{ 812} + 1*{2431} + 1*{1114} + 0.408248*{13} + 0.408248*{15} + 1*{1112} + 1*{ 914} + 2*{2731} + 1*{2730} + 1*{2729} + 1*{1013} + 0.408248*{14} + 1*{ 815} + 1*{ 814} + 1*{1015} + 1*{2531} + 1*{1012} + 1*{ 912} + 1*{ 813} + 2*{ 913} + 1*{2430} + 1*{2728} = 0 

-1*{1227} + -2*{1325} + -2*{1527} + -1*{1425} + -1*{1526} + 1*{ 930} + 2*{ 828} + 0.408248*{31} + -0.408248*{24} + 1*{ 831} + -1*{1525} + 1*{ 829} + 1*{1028} + 1*{1031} + -1*{1326} + 2*{1030} + 1*{ 928} + 1*{ 830} + -0.408248*{26} + -0.408248*{25} + 1*{1130} + 0.408248*{28} + -1*{1524} + -2*{1224} + 1*{1129} + -1*{1327} + -1*{1424} + 1*{1029} + 2*{1131} + 2*{ 929} + -1*{1324} + -1*{1225} + 1*{ 931} + 0.408248*{29} + 0.408248*{30} + -0.408248*{27} + -1*{1226} + 1*{1128} + -2*{1426} + -1*{1427} = 0 

1*{1616} + -0.166667*{} + 1*{ 0 0} = 0 

-0.166667*{} + 1*{ 1 1} + 1*{1717} = 0 

-0.166667*{} + 1*{1818} + 1*{ 2 2} = 0 

-0.166667*{} + 1*{1919} + 1*{ 3 3} = 0 

2*{ 2 3} + 2*{1819} + 2*{1719} + 2*{1718} + 0.816497*{ 2} + 2*{1617} + 2*{1618} + 0.816497*{ 1} + 0.666667*{} + 2*{ 0 2} + 2*{ 1 3} + 2*{ 0 3} + 2*{ 1 2} + 2*{ 0 1} + 0.816497*{ 3} + 2*{1619} + 0.816497*{ 0} = 0 

-0.166667*{} + 1*{2020} + 1*{ 4 4} = 0 

-0.166667*{} + 1*{2121} + 1*{ 5 5} = 0 

-0.166667*{} + 1*{2222} + 1*{ 6 6} = 0 

-0.166667*{} + 1*{ 7 7} + 1*{2323} = 0 

2*{2122} + 2*{ 4 5} + 0.816497*{ 7} + 0.816497*{ 6} + 0.816497*{ 4} + 2*{ 5 6} + 2*{ 4 6} + 0.816497*{ 5} + 2*{2123} + 2*{ 5 7} + 0.666667*{} + 2*{2022} + 2*{ 6 7} + 2*{2023} + 2*{2223} + 2*{ 4 7} + 2*{2021} = 0 

-0.166667*{} + 1*{2424} + 1*{ 8 8} = 0 

-0.166667*{} + 1*{2525} + 1*{ 9 9} = 0 

-0.166667*{} + 1*{2626} + 1*{1010} = 0 

1*{2727} + -0.166667*{} + 1*{1111} = 0 

2*{2526} + 2*{2527} + 2*{ 810} + 2*{ 811} + 0.666667*{} + 2*{2627} + 2*{2427} + 2*{ 911} + 2*{ 910} + 0.816497*{10} + 0.816497*{ 9} + 2*{2426} + 0.816497*{ 8} + 0.816497*{11} + 2*{2425} + 2*{1011} + 2*{ 8 9} = 0 

-0.166667*{} + 1*{2828} + 1*{1212} = 0 

-0.166667*{} + 1*{2929} + 1*{1313} = 0 

-0.166667*{} + 1*{3030} + 1*{1414} = 0 

-0.166667*{} + 1*{3131} + 1*{1515} = 0 

2*{2930} + 2*{1315} + 0.816497*{12} + 0.666667*{} + 2*{1213} + 2*{1314} + 2*{1215} + 2*{2830} + 2*{2831} + 0.816497*{13} + 0.816497*{15} + 0.816497*{14} + 2*{3031} + 2*{1415} + 2*{2829} + 2*{2931} + 2*{1214} = 0 

6*{ 3} + 63*{17} + -510*{ 4} + -255*{20} + -63*{21} + 30*{ 2} + 15*{18} + -126*{ 5} + 510*{ 0} + 126*{ 1} + -15*{22} + -3*{23} + -30*{ 6} + -6*{ 7} + 3*{19} + 255*{16} > 0 

255*{20} + 63*{21} + -3*{27} + -30*{10} + -6*{11} + -255*{24} + 126*{ 5} + -126*{ 9} + 510*{ 4} + 15*{22} + 3*{23} + -510*{ 8} + -63*{25} + -15*{26} + 6*{ 7} + 30*{ 6} > 0 

-510*{12} + 510*{ 8} + 63*{25} + -15*{30} + 6*{11} + 255*{24} + -255*{28} + -3*{31} + 30*{10} + 3*{27} + 126*{ 9} + -6*{15} + -63*{29} + -126*{13} + -30*{14} + 15*{26} > 0 

4*{ 8} + -8*{25} + 32*{16} + -32*{17} + 2*{28} + -4*{ 9} + 16*{ 4} + -64*{21} + 64*{20} + -16*{ 5} + 128*{ 0} + 1*{12} + -128*{ 1} + -2*{29} + -1*{13} + 8*{24} > 0 

64*{21} + -2*{30} + 8*{25} + -32*{18} + -64*{22} + -4*{10} + 32*{17} + 16*{ 5} + -128*{ 2} + 2*{29} + 1*{13} + 128*{ 1} + 4*{ 9} + -16*{ 6} + -1*{14} + -8*{26} > 0 

-32*{19} + -8*{27} + 4*{10} + -1*{15} + 128*{ 2} + 2*{30} + -64*{23} + 64*{22} + -128*{ 3} + 32*{18} + -4*{11} + -16*{ 7} + 16*{ 6} + 8*{26} + 1*{14} + -2*{31} > 0 

16*{ 4} + 64*{21} + 128*{23} + 4*{ 8} + 2*{30} + 8*{25} + 1*{13} + 2*{29} + 2*{15} + 64*{22} + 1*{14} + 32*{ 7} + 16*{ 6} + 8*{26} + 16*{ 5} + 128*{ 0} + 4*{31} + 8*{24} + 256*{ 3} + 32*{17} + 4*{ 9} + 60.829*{} + 1*{12} + 64*{19} + 4*{10} + 16*{27} + 64*{20} + 128*{ 2} + 128*{ 1} + 2*{28} + 32*{18} + 8*{11} + 32*{16} > 0 

-1*{31} + -1*{28} + -1*{29} + -1*{30} > 0 

{6, 5, 3, 1} 32
1 4.004215e+00 4.004215e+00
2 6.080021e+02 4.004215e+00
3 2.198885e+02 4.004215e+00
4 7.868805e+01 4.004215e+00
5 2.805808e+01 4.004215e+00
6 9.960979e+00 4.004215e+00
7 3.523714e+00 3.523714e+00
8 1.246813e+00 1.246813e+00
9 6.604731e+01 1.246813e+00
10 6.131342e+02 1.246813e+00
11 2.925279e+02 1.246813e+00
12 1.051081e+02 1.246813e+00
13 3.770696e+01 1.246813e+00
14 1.351082e+01 1.246813e+00
15 4.847638e+00 1.246813e+00
16 1.758401e+00 1.246813e+00
17 6.675532e-01 6.675532e-01
18 6.135259e-01 6.135259e-01
19 5.368979e-01 5.368979e-01
20 3.450267e-01 3.450267e-01
21 2.157866e-01 2.157866e-01
22 1.363332e-01 1.363332e-01
23 8.661257e-02 8.661257e-02
24 5.608375e-02 5.608375e-02
25 3.598424e-02 3.598424e-02
26 2.434125e-02 2.434125e-02
27 5.527858e+00 2.434125e-02
28 2.978909e+00 2.434125e-02
29 1.030091e+00 2.434125e-02
30 3.531061e-01 2.434125e-02
31 2.166077e-01 2.434125e-02
32 1.329572e-01 2.434125e-02
33 1.396223e-01 2.434125e-02
34 8.577538e-02 2.434125e-02
35 5.273837e-02 2.434125e-02
36 3.247165e-02 2.434125e-02
37 1.997119e-02 1.997119e-02
38 1.222367e-02 1.222367e-02
39 7.444901e-03 7.444901e-03
40 4.519311e-03 4.519311e-03
41 2.737471e-03 2.737471e-03
42 1.655632e-03 1.655632e-03
43 1.000138e-03 1.000138e-03
44 6.035666e-04 6.035666e-04
45 3.639350e-04 3.639350e-04
46 2.192853e-04 2.192853e-04
47 1.320477e-04 1.320477e-04
48 7.947510e-05 7.947510e-05
49 4.781338e-05 4.781338e-05
50 2.875540e-05 2.875540e-05
51 1.728900e-05 1.728900e-05
52 1.039261e-05 1.039261e-05
53 6.246018e-06 6.246018e-06
54 3.753374e-06 3.753374e-06
55 2.255242e-06 2.255242e-06
56 1.354963e-06 1.354963e-06
57 8.140153e-07 8.140153e-07
58 4.890070e-07 4.890070e-07
59 2.937514e-07 2.937514e-07
60 1.764538e-07 1.764538e-07
61 1.059916e-07 1.059916e-07
62 6.366545e-08 6.366545e-08
63 3.824101e-08 3.824101e-08
64 2.296943e-08 2.296943e-08
65 1.379644e-08 1.379644e-08
66 8.286678e-09 8.286678e-09
67 4.977275e-09 4.977275e-09
68 2.989530e-09 2.989530e-09
69 1.795608e-09 1.795608e-09
70 1.078486e-09 1.078486e-09
71 6.477810e-10 6.477810e-10
72 3.890735e-10 3.890735e-10
73 2.336861e-10 2.336861e-10
74 1.403630e-10 1.403630e-10
75 8.431165e-11 8.431165e-11
76 5.062665e-11 5.062665e-11
77 3.040596e-11 3.040596e-11
78 1.827763e-11 1.827763e-11
79 1.095702e-11 1.095702e-11
80 6.589616e-12 6.589616e-12
81 3.957053e-12 3.957053e-12
82 2.375609e-12 2.375609e-12
83 1.430847e-12 1.430847e-12
84 8.512086e-13 8.512086e-13
finished in 84 iterations (0.036 seconds total)
max viol = 3.62651e-07
max viol of orig = 0.166667
In a nicer form:
 { { (+1.0000000,+0.0000000), (+0.0000000,+0.0000000), (+0.0000000,+0.0000000), (+0.0000000,+0.0000000), (+0.0000000,+0.0000000), (+0.0000000,+0.0000000)}, 
   { (+0.0000000,+0.0000000), (+1.0000000,+0.0000000), (+0.0000000,+0.0000000), (+0.0000000,+0.0000000), (+0.0000000,+0.0000000), (+0.0000000,+0.0000000)}, 
   { (+0.0000000,+0.0000000), (+0.0000000,+0.0000000), (+1.0000000,+0.0000000), (+0.0000000,+0.0000000), (+0.0000000,+0.0000000), (+0.0000000,+0.0000000)}, 
   { (+0.0000000,+0.0000000), (+0.0000000,+0.0000000), (+0.0000000,+0.0000000), (+1.0000000,+0.0000000), (+0.0000000,+0.0000000), (+0.0000000,+0.0000000)}, 
   { (+0.0000000,+0.0000000), (+0.0000000,+0.0000000), (+0.0000000,+0.0000000), (+0.0000000,+0.0000000), (+1.0000000,+0.0000000), (+0.0000000,+0.0000000)}, 
   { (+0.0000000,+0.0000000), (+0.0000000,+0.0000000), (+0.0000000,+0.0000000), (+0.0000000,+0.0000000), (+0.0000000,+0.0000000), (+1.0000000,+0.0000000)} } 
 { { (+0.4082483,+0.0000000), (+0.4082483,+0.0000000), (+0.4082483,+0.0000000), (+0.4082483,+0.0000000), (+0.4082483,+0.0000000), (+0.4082483,+0.0000000)}, 
   { (+0.4082483,+0.0000000), (-0.3582777,+0.1957135), (+0.2352053,-0.3336839), (-0.2313939,+0.3363383), (+0.3544442,-0.2025733), (+0.0000000,+0.0000000)}, 
   { (+0.4082483,+0.0000000), (+0.2386616,-0.3312212), (-0.3988754,-0.0869781), (+0.1805973,+0.3661303), (-0.1725315,+0.3699994), (+0.0000000,+0.0000000)}, 
   { (+0.4082483,+0.0000000), (+0.1029542,+0.3950535), (+0.1383354,+0.3840964), (+0.0719516,-0.4018581), (-0.3749763,-0.1614304), (+0.0000000,+0.0000000)}, 
   { (+0.4082483,+0.0000000), (-0.3802643,+0.1485458), (-0.2256890,-0.3401928), (-0.0351871,-0.4067291), (-0.1185591,+0.3906537), (+0.0000000,+0.0000000)}, 
   { (+0.4082483,+0.0000000), (+0.0000000,+0.0000000), (+0.0000000,+0.0000000), (+0.0000000,+0.0000000), (+0.0000000,+0.0000000), (+0.0000000,+0.0000000)} } 
