---------------------
Basis Indices:
---------------------

{1, 0, 0, 0, 0, 0}, {1, 0, 0, 0, 0, 0}, {1, 0, 0, 0, 0, 0}, {}, {}, {}


{0.408, 0.408, 0.408, 0.408, 0.408, 0.408}, {0.408, x_43+i*x_187, x_44+i*x_188, x_45+i*x_189, x_46+i*x_190, x_47+i*x_191}, {0.408, x_49+i*x_193, x_50+i*x_194, x_51+i*x_195, x_52+i*x_196, x_53+i*x_197}, {}, {}, {}


{0.408, x_73+i*x_217, x_74+i*x_218, x_75+i*x_219, x_76+i*x_220, x_77+i*x_221}, {0.408, x_79+i*x_223, x_80+i*x_224, x_81+i*x_225, x_82+i*x_226, x_83+i*x_227}, {0.408, x_85+i*x_229, x_86+i*x_230, x_87+i*x_231, x_88+i*x_232, x_89+i*x_233}, {}, {}, {}


{0.408, x_109+i*x_253, x_110+i*x_254, x_111+i*x_255, x_112+i*x_256, x_113+i*x_257}, {0.408, x_115+i*x_259, x_116+i*x_260, x_117+i*x_261, x_118+i*x_262, x_119+i*x_263}, {}, {}, {}, {}

---------------------
Problem: 
---------------------
Find a point satisfying:

1*{  44  50} + 1*{  46  52} + 1*{ 188 194} + 1*{ 187 193} + 1*{  47  53} + 1*{  45  51} + 1*{  43  49} + 1*{ 189 195} + 0.166667*{} + 1*{ 190 196} + 1*{ 191 197} = 0 

-1*{  51 189} + 1*{  45 195} + -1*{  50 188} + 1*{  44 194} + 1*{  43 193} + -1*{  53 191} + 1*{  46 196} + -1*{  52 190} + -1*{  49 187} + 1*{  47 197} = 0 

-0.166667*{} + 1*{ 289 289} + 1*{ 288 288} = 0 

1*{ 189 219} + 1*{ 188 218} + 1*{ 187 217} + 1*{  45  75} + 1*{  44  74} + 1*{  43  73} + 0.166667*{} + 1*{  46  76} + 1*{ 190 220} + 1*{  47  77} + 1*{ 191 221} + -1*{ 288} = 0 

-1*{  75 189} + 1*{  45 219} + 1*{  46 220} + 1*{  44 218} + -1*{  74 188} + 1*{  43 217} + -1*{ 289} + -1*{  73 187} + 1*{  47 221} + -1*{  76 190} + -1*{  77 191} = 0 

-0.166667*{} + 1*{ 291 291} + 1*{ 290 290} = 0 

-1*{ 290} + 1*{ 189 225} + 1*{  45  81} + 1*{  44  80} + 1*{ 187 223} + 1*{  43  79} + 1*{ 191 227} + 0.166667*{} + 1*{ 188 224} + 1*{  46  82} + 1*{ 190 226} + 1*{  47  83} = 0 

-1*{  81 189} + -1*{  82 190} + 1*{  44 224} + 1*{  43 223} + 1*{  46 226} + -1*{  79 187} + 1*{  45 225} + -1*{ 291} + -1*{  80 188} + 1*{  47 227} + -1*{  83 191} = 0 

-0.166667*{} + 1*{ 293 293} + 1*{ 292 292} = 0 

1*{ 189 231} + 1*{  45  87} + 1*{ 188 230} + 1*{ 187 229} + 1*{ 190 232} + 1*{  44  86} + 1*{  43  85} + 0.166667*{} + -1*{ 292} + 1*{  47  89} + 1*{  46  88} + 1*{ 191 233} = 0 

1*{  45 231} + 1*{  44 230} + 1*{  43 229} + 1*{  46 232} + -1*{  85 187} + -1*{  87 189} + -1*{  86 188} + -1*{  88 190} + 1*{  47 233} + -1*{  89 191} + -1*{ 293} = 0 

-0.166667*{} + 1*{ 295 295} + 1*{ 294 294} = 0 

1*{ 189 255} + 1*{  45 111} + 1*{ 188 254} + 1*{  46 112} + 1*{ 187 253} + 0.166667*{} + 1*{  43 109} + 1*{  44 110} + 1*{ 190 256} + 1*{ 191 257} + 1*{  47 113} + -1*{ 294} = 0 

-1*{ 110 188} + 1*{  45 255} + -1*{ 109 187} + -1*{ 111 189} + 1*{  43 253} + 1*{  47 257} + 1*{  44 254} + 1*{  46 256} + -1*{ 112 190} + -1*{ 113 191} + -1*{ 295} = 0 

-0.166667*{} + 1*{ 297 297} + 1*{ 296 296} = 0 

1*{  43 115} + 1*{  44 116} + 1*{ 188 260} + 1*{  45 117} + 1*{  47 119} + 0.166667*{} + 1*{ 189 261} + -1*{ 296} + 1*{  46 118} + 1*{ 190 262} + 1*{ 187 259} + 1*{ 191 263} = 0 

-1*{ 117 189} + 1*{  45 261} + 1*{  44 260} + -1*{ 115 187} + -1*{ 119 191} + 1*{  46 262} + -1*{ 118 190} + -1*{ 116 188} + 1*{  43 259} + 1*{  47 263} + -1*{ 297} = 0 

-0.166667*{} + 1*{ 187 187} + 1*{  43  43} = 0 

-0.166667*{} + 1*{ 188 188} + 1*{  44  44} = 0 

-0.833333*{} + 1*{  43  43} + 1*{ 187 187} + 1*{  44  44} + 1*{ 188 188} + 1*{  45  45} + 1*{ 189 189} + 1*{  46  46} + 1*{ 190 190} + 1*{  47  47} + 1*{ 191 191} = 0 

0.333333*{  45  46} + 0.166667*{  44  44} + 0.333333*{  44  46} + 0.166667*{  47  47} + 0.333333*{  46  47} + 0.166667*{ 188 188} + 0.166667*{  45  45} + 0.333333*{  43  44} + 0.136083*{  45} + 0.333333*{  43  45} + 0.333333*{ 189 190} + 0.333333*{ 190 191} + 0.136083*{  47} + 0.333333*{  43  46} + 0.333333*{ 189 191} + 0.333333*{ 187 190} + 0.333333*{ 188 191} + 0.333333*{  44  45} + 0.166667*{ 191 191} + 0.166667*{  43  43} + 0.166667*{ 190 190} + 0.333333*{ 187 188} + 0.166667*{ 187 187} + 0.166667*{ 189 189} + 0.333333*{ 188 189} + 0.136083*{  44} + 0.0277778*{} + 0.333333*{  45  47} + 0.136083*{  43} + 0.136083*{  46} + 0.333333*{ 187 189} + 0.333333*{ 188 190} + 0.333333*{  44  47} + 0.333333*{  43  47} + 0.333333*{ 187 191} + 0.166667*{  46  46} = 0 

-0.166667*{} + 1*{ 299 299} + 1*{ 298 298} = 0 

1*{  53  77} + 1*{  51  75} + 1*{ 194 218} + 1*{ 196 220} + -1*{ 298} + 1*{ 197 221} + 1*{  50  74} + 1*{  52  76} + 1*{ 195 219} + 1*{ 193 217} + 1*{  49  73} + 0.166667*{} = 0 

1*{  51 219} + 1*{  50 218} + -1*{ 299} + -1*{  75 195} + 1*{  49 217} + -1*{  77 197} + -1*{  74 194} + 1*{  52 220} + 1*{  53 221} + -1*{  73 193} + -1*{  76 196} = 0 

-0.166667*{} + 1*{ 301 301} + 1*{ 300 300} = 0 

1*{  51  81} + 1*{  49  79} + 1*{  50  80} + 0.166667*{} + 1*{ 195 225} + 1*{ 194 224} + 1*{  52  82} + 1*{ 196 226} + 1*{  53  83} + 1*{ 193 223} + 1*{ 197 227} + -1*{ 300} = 0 

-1*{  81 195} + -1*{  80 194} + -1*{  79 193} + 1*{  50 224} + -1*{ 301} + 1*{  51 225} + 1*{  49 223} + 1*{  53 227} + 1*{  52 226} + -1*{  82 196} + -1*{  83 197} = 0 

-0.166667*{} + 1*{ 303 303} + 1*{ 302 302} = 0 

-1*{ 302} + 1*{  49  85} + 1*{  52  88} + 1*{  51  87} + 1*{ 194 230} + 1*{  50  86} + 1*{ 193 229} + 0.166667*{} + 1*{ 196 232} + 1*{  53  89} + 1*{ 195 231} + 1*{ 197 233} = 0 

1*{  51 231} + -1*{  88 196} + -1*{  87 195} + -1*{  85 193} + 1*{  50 230} + 1*{  53 233} + -1*{  86 194} + -1*{  89 197} + 1*{  49 229} + 1*{  52 232} + -1*{ 303} = 0 

-0.166667*{} + 1*{ 305 305} + 1*{ 304 304} = 0 

1*{  52 112} + 1*{  51 111} + 1*{ 194 254} + 1*{  50 110} + 1*{ 193 253} + 1*{ 195 255} + 1*{  49 109} + 0.166667*{} + 1*{ 197 257} + 1*{ 196 256} + -1*{ 304} + 1*{  53 113} = 0 

-1*{ 111 195} + 1*{  51 255} + -1*{ 109 193} + -1*{ 110 194} + 1*{  49 253} + 1*{  50 254} + 1*{  52 256} + 1*{  53 257} + -1*{ 112 196} + -1*{ 305} + -1*{ 113 197} = 0 

-0.166667*{} + 1*{ 307 307} + 1*{ 306 306} = 0 

1*{ 195 261} + -1*{ 306} + 1*{  51 117} + 1*{ 194 260} + 1*{  53 119} + 0.166667*{} + 1*{ 197 263} + 1*{ 193 259} + 1*{  49 115} + 1*{  50 116} + 1*{  52 118} + 1*{ 196 262} = 0 

-1*{ 117 195} + 1*{  51 261} + -1*{ 116 194} + 1*{  50 260} + 1*{  52 262} + -1*{ 115 193} + 1*{  49 259} + -1*{ 119 197} + -1*{ 118 196} + 1*{  53 263} + -1*{ 307} = 0 

-0.166667*{} + 1*{ 193 193} + 1*{  49  49} = 0 

-0.166667*{} + 1*{ 194 194} + 1*{  50  50} = 0 

-0.833333*{} + 1*{ 195 195} + 1*{  53  53} + 1*{  49  49} + 1*{ 193 193} + 1*{  50  50} + 1*{ 194 194} + 1*{  52  52} + 1*{  51  51} + 1*{ 196 196} + 1*{ 197 197} = 0 

0.333333*{ 195 196} + 0.333333*{ 195 197} + 0.333333*{ 194 195} + 0.333333*{  51  52} + 0.333333*{  51  53} + 0.136083*{  52} + 0.333333*{  50  51} + 0.333333*{  49  52} + 0.136083*{  53} + 0.166667*{ 197 197} + 0.333333*{  50  52} + 0.333333*{  49  51} + 0.333333*{ 194 197} + 0.333333*{ 193 197} + 0.166667*{ 195 195} + 0.166667*{ 193 193} + 0.166667*{ 196 196} + 0.333333*{  49  53} + 0.166667*{  51  51} + 0.136083*{  51} + 0.136083*{  49} + 0.0277778*{} + 0.136083*{  50} + 0.166667*{  49  49} + 0.333333*{  49  50} + 0.166667*{  50  50} + 0.333333*{ 196 197} + 0.333333*{ 193 196} + 0.333333*{  50  53} + 0.333333*{ 193 195} + 0.166667*{  53  53} + 0.333333*{ 193 194} + 0.166667*{ 194 194} + 0.333333*{  52  53} + 0.166667*{  52  52} + 0.333333*{ 194 196} = 0 

1*{ 220 226} + 1*{  74  80} + 1*{  75  81} + 1*{ 221 227} + 1*{  77  83} + 1*{ 217 223} + 1*{ 219 225} + 1*{  73  79} + 1*{ 218 224} + 0.166667*{} + 1*{  76  82} = 0 

-1*{  81 219} + -1*{  80 218} + 1*{  74 224} + -1*{  79 217} + 1*{  75 225} + -1*{  83 221} + 1*{  76 226} + 1*{  73 223} + -1*{  82 220} + 1*{  77 227} = 0 

1*{ 218 230} + 1*{ 217 229} + 1*{  74  86} + 1*{  73  85} + 0.166667*{} + 1*{  75  87} + 1*{  76  88} + 1*{ 219 231} + 1*{  77  89} + 1*{ 220 232} + 1*{ 221 233} = 0 

1*{  74 230} + -1*{  85 217} + 1*{  73 229} + -1*{  86 218} + -1*{  87 219} + 1*{  76 232} + 1*{  75 231} + -1*{  88 220} + 1*{  77 233} + -1*{  89 221} = 0 

-0.166667*{} + 1*{ 309 309} + 1*{ 308 308} = 0 

1*{  74 110} + 0.166667*{} + 1*{  75 111} + 1*{  77 113} + 1*{ 218 254} + 1*{ 217 253} + 1*{ 219 255} + 1*{  73 109} + 1*{  76 112} + 1*{ 221 257} + 1*{ 220 256} + -1*{ 308} = 0 

1*{  74 254} + -1*{ 111 219} + -1*{ 110 218} + -1*{ 309} + 1*{  75 255} + 1*{  73 253} + 1*{  76 256} + -1*{ 109 217} + -1*{ 112 220} + 1*{  77 257} + -1*{ 113 221} = 0 

-0.166667*{} + 1*{ 311 311} + 1*{ 310 310} = 0 

1*{ 219 261} + 1*{ 218 260} + 1*{  74 116} + 0.166667*{} + 1*{  76 118} + 1*{  73 115} + 1*{ 220 262} + 1*{  77 119} + 1*{ 221 263} + 1*{  75 117} + 1*{ 217 259} + -1*{ 310} = 0 

-1*{ 117 219} + 1*{  74 260} + -1*{ 115 217} + 1*{  76 262} + 1*{  75 261} + -1*{ 311} + -1*{ 116 218} + 1*{  73 259} + 1*{  77 263} + -1*{ 118 220} + -1*{ 119 221} = 0 

-0.166667*{} + 1*{ 217 217} + 1*{  73  73} = 0 

-0.166667*{} + 1*{ 218 218} + 1*{  74  74} = 0 

-0.833333*{} + 1*{ 219 219} + 1*{  73  73} + 1*{  75  75} + 1*{  77  77} + 1*{ 217 217} + 1*{  74  74} + 1*{ 218 218} + 1*{ 221 221} + 1*{  76  76} + 1*{ 220 220} = 0 

0.333333*{ 219 220} + 0.166667*{  75  75} + 0.333333*{  74  77} + 0.333333*{  75  76} + 0.333333*{ 218 219} + 0.333333*{ 218 221} + 0.333333*{ 218 220} + 0.333333*{ 220 221} + 0.166667*{ 221 221} + 0.136083*{  77} + 0.333333*{ 219 221} + 0.136083*{  75} + 0.333333*{  73  74} + 0.166667*{ 219 219} + 0.333333*{  73  77} + 0.333333*{ 217 218} + 0.166667*{ 218 218} + 0.166667*{  76  76} + 0.333333*{  73  76} + 0.333333*{ 217 221} + 0.333333*{ 217 219} + 0.333333*{  74  75} + 0.333333*{  73  75} + 0.166667*{  74  74} + 0.333333*{ 217 220} + 0.166667*{  73  73} + 0.166667*{ 220 220} + 0.333333*{  75  77} + 0.136083*{  73} + 0.166667*{ 217 217} + 0.136083*{  74} + -0.138889*{} + 0.333333*{  74  76} + 0.333333*{  76  77} + 0.166667*{  77  77} + 0.136083*{  76} = 0 

1*{  81  87} + 1*{ 223 229} + 1*{ 224 230} + 1*{  79  85} + 1*{  80  86} + 0.166667*{} + 1*{ 225 231} + 1*{  82  88} + 1*{ 226 232} + 1*{  83  89} + 1*{ 227 233} = 0 

1*{  81 231} + 1*{  83 233} + -1*{  89 227} + -1*{  85 223} + 1*{  79 229} + -1*{  88 226} + -1*{  87 225} + -1*{  86 224} + 1*{  80 230} + 1*{  82 232} = 0 

-0.166667*{} + 1*{ 313 313} + 1*{ 312 312} = 0 

1*{ 224 254} + 1*{ 223 253} + 1*{  81 111} + 1*{  80 110} + 1*{ 227 257} + 0.166667*{} + 1*{  82 112} + 1*{ 225 255} + 1*{  83 113} + 1*{  79 109} + 1*{ 226 256} + -1*{ 312} = 0 

-1*{ 109 223} + 1*{  81 255} + -1*{ 110 224} + -1*{ 111 225} + -1*{ 112 226} + -1*{ 113 227} + 1*{  79 253} + 1*{  80 254} + 1*{  82 256} + 1*{  83 257} + -1*{ 313} = 0 

-0.166667*{} + 1*{ 315 315} + 1*{ 314 314} = 0 

1*{  81 117} + 1*{ 224 260} + 1*{ 226 262} + 1*{  80 116} + 1*{ 223 259} + 1*{  79 115} + 0.166667*{} + 1*{  82 118} + 1*{  83 119} + 1*{ 225 261} + 1*{ 227 263} + -1*{ 314} = 0 

-1*{ 117 225} + 1*{  81 261} + -1*{ 116 224} + 1*{  80 260} + 1*{  79 259} + -1*{ 315} + -1*{ 115 223} + -1*{ 119 227} + 1*{  83 263} + 1*{  82 262} + -1*{ 118 226} = 0 

-0.166667*{} + 1*{ 223 223} + 1*{  79  79} = 0 

-0.166667*{} + 1*{ 224 224} + 1*{  80  80} = 0 

-0.833333*{} + 1*{  83  83} + 1*{  79  79} + 1*{ 223 223} + 1*{  80  80} + 1*{ 224 224} + 1*{ 226 226} + 1*{  81  81} + 1*{ 225 225} + 1*{  82  82} + 1*{ 227 227} = 0 

0.166667*{  80  80} + 0.333333*{  80  83} + 0.333333*{  79  82} + 0.166667*{ 223 223} + 0.333333*{ 223 225} + 0.333333*{  80  81} + 0.166667*{ 227 227} + 0.333333*{ 224 227} + 0.333333*{ 226 227} + 0.166667*{ 225 225} + 0.166667*{  82  82} + 0.333333*{  79  83} + 0.333333*{  81  82} + 0.166667*{  81  81} + 0.333333*{  80  82} + 0.333333*{ 225 227} + 0.333333*{ 224 226} + 0.166667*{  79  79} + 0.333333*{ 225 226} + 0.166667*{ 224 224} + 0.333333*{  79  80} + 0.166667*{ 226 226} + 0.333333*{  81  83} + 0.333333*{ 224 225} + -0.138889*{} + 0.166667*{  83  83} + 0.136083*{  81} + 0.333333*{ 223 224} + 0.136083*{  80} + 0.333333*{  82  83} + 0.136083*{  83} + 0.136083*{  82} + 0.333333*{  79  81} + 0.136083*{  79} + 0.333333*{ 223 227} + 0.333333*{ 223 226} = 0 

-0.166667*{} + 1*{ 317 317} + 1*{ 316 316} = 0 

1*{ 230 254} + 1*{  86 110} + 1*{  87 111} + 1*{  89 113} + 1*{  85 109} + 1*{ 231 255} + 1*{ 233 257} + 1*{ 229 253} + -1*{ 316} + 0.166667*{} + 1*{  88 112} + 1*{ 232 256} = 0 

-1*{ 111 231} + 1*{  87 255} + -1*{ 109 229} + -1*{ 317} + -1*{ 110 230} + 1*{  85 253} + 1*{  86 254} + -1*{ 112 232} + 1*{  88 256} + -1*{ 113 233} + 1*{  89 257} = 0 

-0.166667*{} + 1*{ 319 319} + 1*{ 318 318} = 0 

1*{  85 115} + 1*{  87 117} + 1*{  86 116} + 1*{ 229 259} + 0.166667*{} + 1*{ 231 261} + 1*{ 232 262} + 1*{  89 119} + 1*{ 230 260} + 1*{ 233 263} + 1*{  88 118} + -1*{ 318} = 0 

1*{  87 261} + 1*{  86 260} + 1*{  88 262} + -1*{ 115 229} + -1*{ 117 231} + -1*{ 118 232} + 1*{  85 259} + -1*{ 319} + -1*{ 116 230} + 1*{  89 263} + -1*{ 119 233} = 0 

-0.166667*{} + 1*{ 229 229} + 1*{  85  85} = 0 

-0.166667*{} + 1*{ 230 230} + 1*{  86  86} = 0 

-0.833333*{} + 1*{ 230 230} + 1*{  89  89} + 1*{  85  85} + 1*{  86  86} + 1*{ 232 232} + 1*{ 229 229} + 1*{  87  87} + 1*{  88  88} + 1*{ 231 231} + 1*{ 233 233} = 0 

0.333333*{ 231 233} + 0.166667*{  87  87} + 0.333333*{  87  89} + 0.333333*{ 230 233} + 0.166667*{  86  86} + 0.166667*{ 229 229} + 0.333333*{  86  88} + 0.136083*{  89} + 0.333333*{ 229 230} + 0.333333*{ 232 233} + 0.166667*{  85  85} + 0.166667*{ 232 232} + 0.166667*{ 230 230} + 0.166667*{ 231 231} + 0.333333*{  87  88} + 0.333333*{  85  86} + 0.333333*{  85  87} + 0.333333*{  85  88} + 0.166667*{  88  88} + 0.333333*{ 231 232} + 0.166667*{  89  89} + 0.136083*{  88} + 0.333333*{  88  89} + 0.333333*{ 229 233} + 0.166667*{ 233 233} + 0.136083*{  86} + 0.136083*{  85} + 0.333333*{  85  89} + 0.333333*{ 230 232} + 0.333333*{ 229 232} + 0.136083*{  87} + -0.138889*{} + 0.333333*{  86  89} + 0.333333*{ 230 231} + 0.333333*{ 229 231} + 0.333333*{  86  87} = 0 

1*{ 255 261} + 1*{ 111 117} + 1*{ 254 260} + 1*{ 110 116} + 1*{ 112 118} + 1*{ 253 259} + 1*{ 109 115} + 1*{ 113 119} + 1*{ 257 263} + 0.166667*{} + 1*{ 256 262} = 0 

-1*{ 117 255} + 1*{ 111 261} + 1*{ 110 260} + -1*{ 116 254} + -1*{ 115 253} + -1*{ 119 257} + 1*{ 109 259} + -1*{ 118 256} + 1*{ 112 262} + 1*{ 113 263} = 0 

-0.166667*{} + 1*{ 253 253} + 1*{ 109 109} = 0 

-0.166667*{} + 1*{ 254 254} + 1*{ 110 110} = 0 

-0.833333*{} + 1*{ 109 109} + 1*{ 257 257} + 1*{ 253 253} + 1*{ 254 254} + 1*{ 110 110} + 1*{ 111 111} + 1*{ 255 255} + 1*{ 112 112} + 1*{ 256 256} + 1*{ 113 113} = 0 

0.333333*{ 110 111} + 0.166667*{ 256 256} + 0.333333*{ 255 256} + 0.333333*{ 254 256} + 0.166667*{ 112 112} + 0.333333*{ 110 112} + 0.136083*{ 111} + 0.333333*{ 110 113} + 0.333333*{ 109 113} + 0.333333*{ 253 255} + 0.333333*{ 109 112} + 0.333333*{ 111 112} + 0.166667*{ 111 111} + 0.333333*{ 109 111} + 0.333333*{ 254 255} + 0.136083*{ 110} + 0.166667*{ 113 113} + 0.333333*{ 254 257} + 0.333333*{ 109 110} + 0.333333*{ 111 113} + 0.166667*{ 257 257} + 0.166667*{ 110 110} + 0.333333*{ 253 256} + 0.333333*{ 255 257} + 0.166667*{ 255 255} + 0.136083*{ 112} + 0.333333*{ 112 113} + 0.166667*{ 254 254} + 0.333333*{ 256 257} + 0.166667*{ 109 109} + 0.136083*{ 109} + -0.138889*{} + 0.136083*{ 113} + 0.333333*{ 253 257} + 0.333333*{ 253 254} + 0.166667*{ 253 253} = 0 

-0.166667*{} + 1*{ 259 259} + 1*{ 115 115} = 0 

-0.166667*{} + 1*{ 260 260} + 1*{ 116 116} = 0 

-0.833333*{} + 1*{ 115 115} + 1*{ 261 261} + 1*{ 118 118} + 1*{ 259 259} + 1*{ 262 262} + 1*{ 116 116} + 1*{ 119 119} + 1*{ 260 260} + 1*{ 263 263} + 1*{ 117 117} = 0 

0.333333*{ 261 263} + 0.166667*{ 117 117} + 0.166667*{ 260 260} + 0.333333*{ 116 118} + 0.333333*{ 260 262} + 0.333333*{ 259 261} + 0.136083*{ 118} + -0.138889*{} + 0.166667*{ 259 259} + 0.333333*{ 115 118} + 0.333333*{ 259 262} + 0.333333*{ 115 117} + 0.166667*{ 263 263} + 0.333333*{ 115 119} + 0.166667*{ 262 262} + 0.136083*{ 115} + 0.333333*{ 261 262} + 0.333333*{ 118 119} + 0.166667*{ 261 261} + 0.166667*{ 118 118} + 0.333333*{ 117 118} + 0.166667*{ 115 115} + 0.136083*{ 117} + 0.333333*{ 115 116} + 0.136083*{ 119} + 0.333333*{ 116 119} + 0.333333*{ 262 263} + 0.136083*{ 116} + 0.333333*{ 259 263} + 0.333333*{ 260 263} + 0.333333*{ 260 261} + 0.333333*{ 117 119} + 0.166667*{ 119 119} + 0.333333*{ 259 260} + 0.166667*{ 116 116} + 0.333333*{ 116 117} = 0 

---------------------
Summary:
---------------------
set sizes: {3, 3, 3, 2}, vars: 102, vectors: 11, equations: 86, indep eqn: 86

---------------------
Optimization:
---------------------
1 5.371e+00 5.371e+00
2 3.635e+02 5.371e+00
3 2.081e+02 5.371e+00
4 7.426e+01 5.371e+00
5 2.644e+01 5.371e+00
6 9.402e+00 5.371e+00
7 3.353e+00 3.353e+00
8 1.550e+00 1.550e+00
9 5.854e-01 5.854e-01
10 1.822e+01 5.854e-01
11 6.429e+00 5.854e-01
12 2.251e+00 5.854e-01
13 7.868e-01 5.854e-01
14 2.748e-01 2.748e-01
15 1.084e-01 1.084e-01
16 3.671e-02 3.671e-02
17 1.259e-02 1.259e-02
18 4.456e-03 4.456e-03
19 1.835e-03 1.835e-03
20 6.916e-04 6.916e-04
21 2.839e-04 2.839e-04
22 1.133e-04 1.133e-04
23 4.746e-05 4.746e-05
24 2.004e-05 2.004e-05
25 8.860e-06 8.860e-06
26 4.078e-06 4.078e-06
27 1.940e-06 1.940e-06
28 9.839e-07 9.839e-07
29 5.756e-07 5.756e-07
30 3.537e-07 3.537e-07
31 2.089e-07 2.089e-07
32 1.263e-07 1.263e-07
33 8.611e-08 8.611e-08
34 5.676e-08 5.676e-08
35 3.452e-08 3.452e-08
36 2.108e-08 2.108e-08
37 1.483e-08 1.483e-08
38 9.832e-09 9.832e-09
39 5.970e-09 5.970e-09
40 3.618e-09 3.618e-09
41 2.612e-09 2.612e-09
42 1.739e-09 1.739e-09
43 1.043e-09 1.043e-09
44 6.231e-10 6.231e-10
45 4.403e-10 4.403e-10
46 2.551e-10 2.551e-10
47 1.643e-10 1.643e-10
48 1.641e-10 1.641e-10
49 6.710e-11 6.710e-11
50 1.089e-10 6.710e-11
51 3.899e-10 6.710e-11
52 3.759e-10 6.710e-11
53 1.134e-10 6.710e-11
54 3.374e-11 3.374e-11
55 7.530e-12 7.530e-12
56 4.958e-10 7.530e-12
57 1.498e-10 7.530e-12
58 3.914e-12 3.914e-12
59 1.168e-12 1.168e-12
60 2.816e-13 2.816e-13
61 3.640e-11 2.816e-13
62 1.101e-11 2.816e-13
63 3.326e-12 2.816e-13
64 4.750e-10 2.816e-13
65 1.437e-10 2.816e-13
66 4.347e-11 2.816e-13
67 1.315e-11 2.816e-13
68 3.977e-12 2.816e-13
69 1.203e-12 2.816e-13
70 3.688e-13 2.816e-13
71 5.497e-11 2.816e-13
72 1.676e-11 2.816e-13
73 5.330e-12 2.816e-13
74 2.368e-12 2.816e-13
75 1.598e-12 2.816e-13
76 7.242e-13 2.816e-13
77 4.456e-13 2.816e-13
78 2.914e-13 2.816e-13
79 1.449e-13 1.449e-13
80 7.668e-14 7.668e-14
1 (precision) 3.733e-14 3.733e-14 (from 7.668e-14)
2 (precision) 2.381e-14 2.381e-14 (from 7.668e-14)
3 (precision) 1.640e-13 2.381e-14 (from 7.668e-14)
4 (precision) 4.568e-14 2.381e-14 (from 7.668e-14)
5 (precision) 1.383e-14 1.383e-14 (from 7.668e-14)
6 (precision) 1.208e-14 1.208e-14 (from 7.668e-14)
7 (precision) 3.758e-15 3.758e-15 (from 7.668e-14)
8 (precision) 1.104e-07 3.758e-15 (from 7.668e-14)
9 (precision) 3.054e-08 3.758e-15 (from 7.668e-14)
10 (precision) 8.511e-09 3.758e-15 (from 7.668e-14)
11 (precision) 2.415e-09 3.758e-15 (from 7.668e-14)
12 (precision) 7.151e-10 3.758e-15 (from 7.668e-14)
13 (precision) 2.324e-10 3.758e-15 (from 7.668e-14)
14 (precision) 8.662e-11 3.758e-15 (from 7.668e-14)
15 (precision) 3.415e-11 3.758e-15 (from 7.668e-14)
16 (precision) 1.367e-11 3.758e-15 (from 7.668e-14)
17 (precision) 5.787e-12 3.758e-15 (from 7.668e-14)
18 (precision) 2.501e-12 3.758e-15 (from 7.668e-14)
19 (precision) 1.056e-12 3.758e-15 (from 7.668e-14)
20 (precision) 4.770e-13 3.758e-15 (from 7.668e-14)
21 (precision) 1.935e-13 3.758e-15 (from 7.668e-14)
22 (precision) 9.962e-14 3.758e-15 (from 7.668e-14)
23 (precision) 4.032e-14 3.758e-15 (from 7.668e-14)
24 (precision) 3.144e-14 3.758e-15 (from 7.668e-14)
25 (precision) 2.040e-14 3.758e-15 (from 7.668e-14)
26 (precision) 1.905e-14 3.758e-15 (from 7.668e-14)
27 (precision) 9.567e-09 3.758e-15 (from 7.668e-14)
28 (precision) 2.638e-09 3.758e-15 (from 7.668e-14)
29 (precision) 7.281e-10 3.758e-15 (from 7.668e-14)
30 (precision) 2.016e-10 3.758e-15 (from 7.668e-14)
31 (precision) 5.624e-11 3.758e-15 (from 7.668e-14)
32 (precision) 1.600e-11 3.758e-15 (from 7.668e-14)
33 (precision) 4.810e-12 3.758e-15 (from 7.668e-14)
34 (precision) 1.589e-12 3.758e-15 (from 7.668e-14)
35 (precision) 6.236e-13 3.758e-15 (from 7.668e-14)
36 (precision) 2.521e-13 3.758e-15 (from 7.668e-14)
37 (precision) 1.147e-13 3.758e-15 (from 7.668e-14)
38 (precision) 4.863e-14 3.758e-15 (from 7.668e-14)
39 (precision) 2.234e-14 3.758e-15 (from 7.668e-14)
40 (precision) 3.533e-15 3.533e-15 (from 7.668e-14)
41 (precision) 8.094e-15 3.533e-15 (from 7.668e-14)
42 (precision) 4.708e-15 3.533e-15 (from 7.668e-14)
43 (precision) 1.884e-15 1.884e-15 (from 7.668e-14)
44 (precision) 2.977e-15 1.884e-15 (from 7.668e-14)
45 (precision) 1.337e-14 1.884e-15 (from 7.668e-14)
46 (precision) 3.574e-16 3.574e-16 (from 7.668e-14)
47 (precision) 1.325e-15 3.574e-16 (from 7.668e-14)
48 (precision) 5.898e-15 3.574e-16 (from 7.668e-14)
49 (precision) 1.837e-14 3.574e-16 (from 7.668e-14)
50 (precision) 7.837e-15 3.574e-16 (from 7.668e-14)
51 (precision) 1.076e-16 1.076e-16 (from 7.668e-14)
52 (precision) 1.563e-14 1.076e-16 (from 7.668e-14)
53 (precision) 5.252e-10 1.076e-16 (from 7.668e-14)
54 (precision) 1.473e-10 1.076e-16 (from 7.668e-14)
55 (precision) 4.295e-11 1.076e-16 (from 7.668e-14)
56 (precision) 1.402e-11 1.076e-16 (from 7.668e-14)
57 (precision) 5.620e-12 1.076e-16 (from 7.668e-14)
58 (precision) 2.580e-12 1.076e-16 (from 7.668e-14)
59 (precision) 1.071e-12 1.076e-16 (from 7.668e-14)
60 (precision) 6.838e-13 1.076e-16 (from 7.668e-14)
61 (precision) 2.632e-13 1.076e-16 (from 7.668e-14)
62 (precision) 9.827e-14 1.076e-16 (from 7.668e-14)
63 (precision) 5.173e-14 1.076e-16 (from 7.668e-14)
64 (precision) 1.709e-14 1.076e-16 (from 7.668e-14)
65 (precision) 4.909e-15 1.076e-16 (from 7.668e-14)
66 (precision) 4.247e-15 1.076e-16 (from 7.668e-14)
67 (precision) 1.245e-14 1.076e-16 (from 7.668e-14)
68 (precision) 1.395e-14 1.076e-16 (from 7.668e-14)
69 (precision) 1.336e-14 1.076e-16 (from 7.668e-14)
70 (precision) 3.457e-14 1.076e-16 (from 7.668e-14)
71 (precision) 5.738e-15 1.076e-16 (from 7.668e-14)
72 (precision) 1.471e-14 1.076e-16 (from 7.668e-14)
73 (precision) 1.597e-14 1.076e-16 (from 7.668e-14)
74 (precision) 3.900e-15 1.076e-16 (from 7.668e-14)
75 (precision) 5.936e-15 1.076e-16 (from 7.668e-14)
76 (precision) 1.788e-14 1.076e-16 (from 7.668e-14)
77 (precision) 2.129e-14 1.076e-16 (from 7.668e-14)
78 (precision) 4.796e-14 1.076e-16 (from 7.668e-14)
79 (precision) 1.108e-14 1.076e-16 (from 7.668e-14)
80 (precision) 2.844e-14 1.076e-16 (from 7.668e-14)
81 (precision) 1.511e-13 1.076e-16 (from 7.668e-14)
82 (precision) 4.697e-14 1.076e-16 (from 7.668e-14)
83 (precision) 1.127e-14 1.076e-16 (from 7.668e-14)
84 (precision) 2.200e-14 1.076e-16 (from 7.668e-14)
85 (precision) 4.146e-15 1.076e-16 (from 7.668e-14)
86 (precision) 2.671e-14 1.076e-16 (from 7.668e-14)
87 (precision) 2.431e-13 1.076e-16 (from 7.668e-14)
88 (precision) 5.828e-14 1.076e-16 (from 7.668e-14)
89 (precision) 9.558e-15 1.076e-16 (from 7.668e-14)
90 (precision) 1.311e-14 1.076e-16 (from 7.668e-14)
91 (precision) 3.465e-14 1.076e-16 (from 7.668e-14)
92 (precision) 1.429e-08 1.076e-16 (from 7.668e-14)
93 (precision) 3.938e-09 1.076e-16 (from 7.668e-14)
94 (precision) 1.086e-09 1.076e-16 (from 7.668e-14)
95 (precision) 2.993e-10 1.076e-16 (from 7.668e-14)
96 (precision) 8.249e-11 1.076e-16 (from 7.668e-14)
97 (precision) 2.277e-11 1.076e-16 (from 7.668e-14)
98 (precision) 6.297e-12 1.076e-16 (from 7.668e-14)
99 (precision) 1.767e-12 1.076e-16 (from 7.668e-14)
100 (precision) 5.064e-13 1.076e-16 (from 7.668e-14)

x: -2.341e-01  2.489e-01  1.837e-02 -2.016e-01 -2.396e-01 -1.684e-01 -2.108e-01 -1.537e-01  2.939e-01 -1.689e-01  4.651e-02 -3.940e-01 -5.641e-02 -3.743e-01  1.705e-01 -2.924e-01  3.325e-01  8.600e-02 -3.915e-01 -3.491e-02 -3.265e-01  1.630e-01 -2.165e-01  6.597e-01 -4.669e-02 -3.351e-01 -2.621e-01 -4.355e-01  1.139e-01 -4.736e-01 -2.344e-01  3.101e-01  9.438e-02  7.238e-02  2.127e-01 -3.345e-01  3.236e-01  1.967e-01  3.229e-01 -5.086e-01 -3.719e-01  3.496e-01 -6.037e-02 -3.795e-01  4.624e-01 -4.056e-01 -1.070e-01 -5.132e-01 -1.548e-01  2.007e-01  2.849e-01 -2.369e-01  2.529e-01  2.167e-01  4.767e-01 -2.450e-01 -3.743e-01 -7.645e-02  2.492e-02 -9.652e-02  2.332e-01  3.130e-01 -5.584e-02 -5.388e-02 -2.589e-01  3.342e-01 -2.655e-01 -4.531e-01 -3.977e-01  2.777e-01 -6.071e-02  4.037e-01  1.121e-01 -3.926e-01  1.608e-01 -3.752e-01  3.890e-01 -1.240e-01 -3.216e-01 -2.515e-01  4.077e-01  2.109e-02 -4.243e-02 -4.060e-01  3.331e-01  2.360e-01  3.856e-01  1.342e-01  2.012e-01 -3.552e-01  1.244e-02 -4.081e-01  2.801e-01  2.970e-01 -4.493e-02  4.058e-01  4.004e-01 -7.965e-02  2.785e-01 -2.985e-01  3.265e-01 -2.450e-01  2.181e-12

grad: -9.980e-21  1.363e-20 -2.531e-21 -5.701e-21 -1.328e-20 -7.521e-21 -8.002e-22 -6.694e-22  1.820e-20 -1.390e-20  6.603e-21 -8.683e-21 -1.634e-21 -1.654e-20  1.471e-20  3.131e-21  1.314e-21  1.312e-21 -1.343e-20  9.142e-21 -1.276e-20  4.602e-21 -4.888e-21  2.617e-20 -1.760e-20 -6.480e-21 -6.374e-22 -4.332e-21  1.044e-20 -1.097e-20  1.961e-21 -1.769e-22  2.169e-21 -4.693e-21  5.951e-21 -2.685e-20  1.942e-20  8.483e-21  4.907e-20 -4.948e-20  3.205e-22  7.107e-22  2.617e-22 -1.249e-20  1.313e-20 -4.664e-21 -1.055e-21 -9.859e-21 -6.675e-21  3.575e-21  3.165e-21 -2.513e-22  2.196e-21  4.696e-22  2.454e-21 -6.455e-21 -3.003e-21  1.028e-21  7.038e-21 -6.106e-21 -1.427e-21  2.373e-21 -1.550e-23  3.169e-21 -3.926e-21  4.488e-21 -2.945e-21 -3.019e-21 -8.343e-21  6.915e-21  4.190e-21 -5.295e-21  5.064e-22 -9.501e-21 -4.575e-21  1.095e-20 -2.307e-21  7.591e-21  5.792e-21 -3.434e-21  2.851e-21  4.379e-21  3.994e-21  2.015e-21 -5.265e-21 -5.615e-21 -2.523e-21 -2.892e-21  7.828e-22  2.733e-21  2.095e-21  1.574e-21 -1.963e-21 -1.853e-21  3.284e-21 -4.169e-23 -1.082e-21 -1.238e-21 -5.587e-21 -3.314e-22  4.057e-21  1.792e-21  5.064e-13

finished in 80 iterations (0.227 seconds total)
max viol = 1.41e-08

---------------------
Result:
---------------------

{(1,0), (0,0), (0,0), (0,0), (0,0), (0,0)}, {(0,0), (1,0), (0,0), (0,0), (0,0), (0,0)}, {(0,0), (0,0), (1,0), (0,0), (0,0), (0,0)}, {}, {}, {}


{(0.408,0), (0.408,0), (0.408,0), (0.408,0), (0.408,0), (0.408,0)}, {(0.408,0), (-0.234,-0.334), (0.249,0.324), (0.0184,0.197), (-0.202,0.323), (-0.24,-0.509)}, {(0.408,0), (-0.168,-0.372), (-0.211,0.35), (-0.154,-0.0604), (0.294,-0.38), (-0.169,0.462)}, {}, {}, {}


{(0.408,0), (0.0465,-0.406), (-0.394,-0.107), (-0.0564,-0.513), (-0.374,-0.155), (0.171,0.201)}, {(0.408,0), (-0.292,0.285), (0.332,-0.237), (0.086,0.253), (-0.392,0.217), (-0.0349,0.477)}, {(0.408,0), (-0.327,-0.245), (0.163,-0.374), (-0.217,-0.0764), (0.66,0.0249), (-0.0467,-0.0965)}, {}, {}, {}


{(0.408,0), (-0.335,0.233), (-0.262,0.313), (-0.436,-0.0558), (0.114,-0.0539), (-0.474,-0.259)}, {(0.408,0), (-0.234,0.334), (0.31,-0.265), (0.0944,-0.453), (0.0724,-0.398), (0.213,0.278)}, {}, {}, {}, {}

---------------------
Abs of Gram matrix:
---------------------

 { { +1.0000, +0.0000, +0.0000, +0.0000, +0.0000, +0.0000, +0.4082, +0.4082, +0.4082, +0.0000, +0.0000, +0.0000, +0.4082, +0.4082, +0.4082, +0.0000, +0.0000, +0.0000, +0.4082, +0.4082, +0.0000, +0.0000, +0.0000, +0.0000}, 
   { +0.0000, +1.0000, +0.0000, +0.0000, +0.0000, +0.0000, +0.4082, +0.4082, +0.4082, +0.0000, +0.0000, +0.0000, +0.4082, +0.4082, +0.4082, +0.0000, +0.0000, +0.0000, +0.4082, +0.4082, +0.0000, +0.0000, +0.0000, +0.0000}, 
   { +0.0000, +0.0000, +1.0000, +0.0000, +0.0000, +0.0000, +0.4082, +0.4082, +0.4082, +0.0000, +0.0000, +0.0000, +0.4082, +0.4082, +0.4082, +0.0000, +0.0000, +0.0000, +0.4082, +0.4082, +0.0000, +0.0000, +0.0000, +0.0000}, 
   { +0.0000, +0.0000, +0.0000, +0.0000, +0.0000, +0.0000, +0.0000, +0.0000, +0.0000, +0.0000, +0.0000, +0.0000, +0.0000, +0.0000, +0.0000, +0.0000, +0.0000, +0.0000, +0.0000, +0.0000, +0.0000, +0.0000, +0.0000, +0.0000}, 
   { +0.0000, +0.0000, +0.0000, +0.0000, +0.0000, +0.0000, +0.0000, +0.0000, +0.0000, +0.0000, +0.0000, +0.0000, +0.0000, +0.0000, +0.0000, +0.0000, +0.0000, +0.0000, +0.0000, +0.0000, +0.0000, +0.0000, +0.0000, +0.0000}, 
   { +0.0000, +0.0000, +0.0000, +0.0000, +0.0000, +0.0000, +0.0000, +0.0000, +0.0000, +0.0000, +0.0000, +0.0000, +0.0000, +0.0000, +0.0000, +0.0000, +0.0000, +0.0000, +0.0000, +0.0000, +0.0000, +0.0000, +0.0000, +0.0000}, 
   { +0.4082, +0.4082, +0.4082, +0.0000, +0.0000, +0.0000, +1.0000, +0.0001, +0.0001, +0.0000, +0.0000, +0.0000, +0.4082, +0.4082, +0.4082, +0.0000, +0.0000, +0.0000, +0.4082, +0.4082, +0.0000, +0.0000, +0.0000, +0.0000}, 
   { +0.4082, +0.4082, +0.4082, +0.0000, +0.0000, +0.0000, +0.0001, +1.0000, +0.0000, +0.0000, +0.0000, +0.0000, +0.4082, +0.4082, +0.4082, +0.0000, +0.0000, +0.0000, +0.4082, +0.4082, +0.0000, +0.0000, +0.0000, +0.0000}, 
   { +0.4082, +0.4082, +0.4082, +0.0000, +0.0000, +0.0000, +0.0001, +0.0000, +1.0000, +0.0000, +0.0000, +0.0000, +0.4082, +0.4082, +0.4082, +0.0000, +0.0000, +0.0000, +0.4082, +0.4082, +0.0000, +0.0000, +0.0000, +0.0000}, 
   { +0.0000, +0.0000, +0.0000, +0.0000, +0.0000, +0.0000, +0.0000, +0.0000, +0.0000, +0.0000, +0.0000, +0.0000, +0.0000, +0.0000, +0.0000, +0.0000, +0.0000, +0.0000, +0.0000, +0.0000, +0.0000, +0.0000, +0.0000, +0.0000}, 
   { +0.0000, +0.0000, +0.0000, +0.0000, +0.0000, +0.0000, +0.0000, +0.0000, +0.0000, +0.0000, +0.0000, +0.0000, +0.0000, +0.0000, +0.0000, +0.0000, +0.0000, +0.0000, +0.0000, +0.0000, +0.0000, +0.0000, +0.0000, +0.0000}, 
   { +0.0000, +0.0000, +0.0000, +0.0000, +0.0000, +0.0000, +0.0000, +0.0000, +0.0000, +0.0000, +0.0000, +0.0000, +0.0000, +0.0000, +0.0000, +0.0000, +0.0000, +0.0000, +0.0000, +0.0000, +0.0000, +0.0000, +0.0000, +0.0000}, 
   { +0.4082, +0.4082, +0.4082, +0.0000, +0.0000, +0.0000, +0.4082, +0.4082, +0.4082, +0.0000, +0.0000, +0.0000, +1.0000, +0.0000, +0.0000, +0.0000, +0.0000, +0.0000, +0.4082, +0.4082, +0.0000, +0.0000, +0.0000, +0.0000}, 
   { +0.4082, +0.4082, +0.4082, +0.0000, +0.0000, +0.0000, +0.4082, +0.4082, +0.4082, +0.0000, +0.0000, +0.0000, +0.0000, +1.0000, +0.0000, +0.0000, +0.0000, +0.0000, +0.4082, +0.4082, +0.0000, +0.0000, +0.0000, +0.0000}, 
   { +0.4082, +0.4082, +0.4082, +0.0000, +0.0000, +0.0000, +0.4082, +0.4082, +0.4082, +0.0000, +0.0000, +0.0000, +0.0000, +0.0000, +1.0000, +0.0000, +0.0000, +0.0000, +0.4082, +0.4082, +0.0000, +0.0000, +0.0000, +0.0000}, 
   { +0.0000, +0.0000, +0.0000, +0.0000, +0.0000, +0.0000, +0.0000, +0.0000, +0.0000, +0.0000, +0.0000, +0.0000, +0.0000, +0.0000, +0.0000, +0.0000, +0.0000, +0.0000, +0.0000, +0.0000, +0.0000, +0.0000, +0.0000, +0.0000}, 
   { +0.0000, +0.0000, +0.0000, +0.0000, +0.0000, +0.0000, +0.0000, +0.0000, +0.0000, +0.0000, +0.0000, +0.0000, +0.0000, +0.0000, +0.0000, +0.0000, +0.0000, +0.0000, +0.0000, +0.0000, +0.0000, +0.0000, +0.0000, +0.0000}, 
   { +0.0000, +0.0000, +0.0000, +0.0000, +0.0000, +0.0000, +0.0000, +0.0000, +0.0000, +0.0000, +0.0000, +0.0000, +0.0000, +0.0000, +0.0000, +0.0000, +0.0000, +0.0000, +0.0000, +0.0000, +0.0000, +0.0000, +0.0000, +0.0000}, 
   { +0.4082, +0.4082, +0.4082, +0.0000, +0.0000, +0.0000, +0.4082, +0.4082, +0.4082, +0.0000, +0.0000, +0.0000, +0.4082, +0.4082, +0.4082, +0.0000, +0.0000, +0.0000, +1.0000, +0.0000, +0.0000, +0.0000, +0.0000, +0.0000}, 
   { +0.4082, +0.4082, +0.4082, +0.0000, +0.0000, +0.0000, +0.4082, +0.4082, +0.4082, +0.0000, +0.0000, +0.0000, +0.4082, +0.4082, +0.4082, +0.0000, +0.0000, +0.0000, +0.0000, +1.0000, +0.0000, +0.0000, +0.0000, +0.0000}, 
   { +0.0000, +0.0000, +0.0000, +0.0000, +0.0000, +0.0000, +0.0000, +0.0000, +0.0000, +0.0000, +0.0000, +0.0000, +0.0000, +0.0000, +0.0000, +0.0000, +0.0000, +0.0000, +0.0000, +0.0000, +0.0000, +0.0000, +0.0000, +0.0000}, 
   { +0.0000, +0.0000, +0.0000, +0.0000, +0.0000, +0.0000, +0.0000, +0.0000, +0.0000, +0.0000, +0.0000, +0.0000, +0.0000, +0.0000, +0.0000, +0.0000, +0.0000, +0.0000, +0.0000, +0.0000, +0.0000, +0.0000, +0.0000, +0.0000}, 
   { +0.0000, +0.0000, +0.0000, +0.0000, +0.0000, +0.0000, +0.0000, +0.0000, +0.0000, +0.0000, +0.0000, +0.0000, +0.0000, +0.0000, +0.0000, +0.0000, +0.0000, +0.0000, +0.0000, +0.0000, +0.0000, +0.0000, +0.0000, +0.0000}, 
   { +0.0000, +0.0000, +0.0000, +0.0000, +0.0000, +0.0000, +0.0000, +0.0000, +0.0000, +0.0000, +0.0000, +0.0000, +0.0000, +0.0000, +0.0000, +0.0000, +0.0000, +0.0000, +0.0000, +0.0000, +0.0000, +0.0000, +0.0000, +0.0000} } 
