---------------------
Basis Indices:
---------------------

{1, 0, 0, 0, 0, 0}, {1, 0, 0, 0, 0, 0}, {1, 0, 0, 0, 0, 0}, {}, {}, {}


{0.408, 0.408, 0.408, 0.408, 0.408, 0.408}, {0.408, x_43+i*x_187, x_44+i*x_188, x_45+i*x_189, x_46+i*x_190, x_47+i*x_191}, {0.408, x_49+i*x_193, x_50+i*x_194, x_51+i*x_195, x_52+i*x_196, x_53+i*x_197}, {}, {}, {}


{0.408, x_73+i*x_217, x_74+i*x_218, x_75+i*x_219, x_76+i*x_220, x_77+i*x_221}, {}, {}, {}, {}, {}


{0.408, x_109+i*x_253, x_110+i*x_254, x_111+i*x_255, x_112+i*x_256, x_113+i*x_257}, {}, {}, {}, {}, {}

---------------------
Problem: 
---------------------
Find a point satisfying:

1*{  44  50} + 1*{  46  52} + 1*{ 188 194} + 1*{ 187 193} + 1*{  47  53} + 1*{  45  51} + 1*{  43  49} + 1*{ 189 195} + 0.166667*{} + 1*{ 190 196} + 1*{ 191 197} = 0 

-1*{  51 189} + 1*{  45 195} + -1*{  50 188} + 1*{  44 194} + 1*{  43 193} + -1*{  53 191} + 1*{  46 196} + -1*{  52 190} + -1*{  49 187} + 1*{  47 197} = 0 

-0.166667*{} + 1*{ 289 289} + 1*{ 288 288} = 0 

1*{ 189 219} + 1*{ 188 218} + 1*{ 187 217} + 1*{  45  75} + 1*{  44  74} + 1*{  43  73} + 0.166667*{} + 1*{  46  76} + 1*{ 190 220} + 1*{  47  77} + 1*{ 191 221} + -1*{ 288} = 0 

-1*{  75 189} + 1*{  45 219} + 1*{  46 220} + 1*{  44 218} + -1*{  74 188} + 1*{  43 217} + -1*{ 289} + -1*{  73 187} + 1*{  47 221} + -1*{  76 190} + -1*{  77 191} = 0 

-0.166667*{} + 1*{ 291 291} + 1*{ 290 290} = 0 

1*{ 189 255} + 1*{  45 111} + 1*{  46 112} + 1*{ 187 253} + 0.166667*{} + 1*{  43 109} + 1*{  44 110} + 1*{ 190 256} + 1*{  47 113} + 1*{ 191 257} + 1*{ 188 254} + -1*{ 290} = 0 

-1*{ 110 188} + 1*{  45 255} + -1*{ 109 187} + -1*{ 111 189} + 1*{  43 253} + 1*{  47 257} + 1*{  44 254} + 1*{  46 256} + -1*{ 112 190} + -1*{ 113 191} + -1*{ 291} = 0 

-0.166667*{} + 1*{ 187 187} + 1*{  43  43} = 0 

-0.166667*{} + 1*{ 188 188} + 1*{  44  44} = 0 

-0.833333*{} + 1*{  43  43} + 1*{ 187 187} + 1*{  44  44} + 1*{ 188 188} + 1*{  45  45} + 1*{ 189 189} + 1*{  46  46} + 1*{ 190 190} + 1*{  47  47} + 1*{ 191 191} = 0 

0.333333*{  45  46} + 0.166667*{  44  44} + 0.333333*{  44  46} + 0.166667*{  47  47} + 0.333333*{  46  47} + 0.166667*{ 188 188} + 0.166667*{  45  45} + 0.333333*{  43  44} + 0.136083*{  45} + 0.333333*{  43  45} + 0.333333*{ 189 190} + 0.333333*{ 190 191} + 0.136083*{  47} + 0.333333*{  43  46} + 0.333333*{ 189 191} + 0.333333*{ 187 190} + 0.333333*{ 188 191} + 0.333333*{  44  45} + 0.166667*{ 191 191} + 0.166667*{  43  43} + 0.166667*{ 190 190} + 0.333333*{ 187 188} + 0.166667*{ 187 187} + 0.166667*{ 189 189} + 0.333333*{ 188 189} + 0.136083*{  44} + 0.0277778*{} + 0.333333*{  45  47} + 0.136083*{  43} + 0.136083*{  46} + 0.333333*{ 187 189} + 0.333333*{ 188 190} + 0.333333*{  44  47} + 0.333333*{  43  47} + 0.333333*{ 187 191} + 0.166667*{  46  46} = 0 

-0.166667*{} + 1*{ 293 293} + 1*{ 292 292} = 0 

1*{  53  77} + 1*{  51  75} + -1*{ 292} + 1*{ 194 218} + 1*{ 196 220} + 1*{ 197 221} + 1*{  50  74} + 1*{  52  76} + 1*{ 195 219} + 1*{ 193 217} + 1*{  49  73} + 0.166667*{} = 0 

1*{  51 219} + -1*{  75 195} + 1*{  49 217} + 1*{  50 218} + -1*{ 293} + -1*{  77 197} + -1*{  74 194} + 1*{  52 220} + 1*{  53 221} + -1*{  73 193} + -1*{  76 196} = 0 

-0.166667*{} + 1*{ 295 295} + 1*{ 294 294} = 0 

1*{  52 112} + 1*{  51 111} + 1*{ 194 254} + 1*{ 193 253} + 1*{ 195 255} + 1*{  49 109} + 1*{  50 110} + -1*{ 294} + 0.166667*{} + 1*{ 197 257} + 1*{ 196 256} + 1*{  53 113} = 0 

-1*{ 111 195} + 1*{  51 255} + -1*{ 109 193} + -1*{ 110 194} + 1*{  49 253} + 1*{  50 254} + -1*{ 295} + 1*{  52 256} + 1*{  53 257} + -1*{ 112 196} + -1*{ 113 197} = 0 

-0.166667*{} + 1*{ 193 193} + 1*{  49  49} = 0 

-0.166667*{} + 1*{ 194 194} + 1*{  50  50} = 0 

-0.833333*{} + 1*{ 195 195} + 1*{  53  53} + 1*{  49  49} + 1*{ 193 193} + 1*{  50  50} + 1*{ 194 194} + 1*{  52  52} + 1*{  51  51} + 1*{ 196 196} + 1*{ 197 197} = 0 

0.333333*{ 195 196} + 0.333333*{ 195 197} + 0.333333*{ 194 195} + 0.333333*{  51  52} + 0.333333*{  51  53} + 0.136083*{  52} + 0.333333*{  50  51} + 0.333333*{  49  52} + 0.136083*{  53} + 0.166667*{ 197 197} + 0.333333*{  50  52} + 0.333333*{  49  51} + 0.333333*{ 194 197} + 0.333333*{ 193 197} + 0.166667*{ 195 195} + 0.166667*{ 193 193} + 0.166667*{ 196 196} + 0.333333*{  49  53} + 0.166667*{  51  51} + 0.136083*{  51} + 0.136083*{  49} + 0.0277778*{} + 0.136083*{  50} + 0.166667*{  49  49} + 0.333333*{  49  50} + 0.166667*{  50  50} + 0.333333*{ 196 197} + 0.333333*{ 193 196} + 0.333333*{  50  53} + 0.333333*{ 193 195} + 0.166667*{  53  53} + 0.333333*{ 193 194} + 0.166667*{ 194 194} + 0.333333*{  52  53} + 0.166667*{  52  52} + 0.333333*{ 194 196} = 0 

-0.166667*{} + 1*{ 297 297} + 1*{ 296 296} = 0 

1*{  74 110} + 0.166667*{} + 1*{ 220 256} + 1*{  75 111} + 1*{  77 113} + 1*{ 218 254} + 1*{ 217 253} + 1*{ 219 255} + 1*{  73 109} + 1*{  76 112} + -1*{ 296} + 1*{ 221 257} = 0 

-1*{ 111 219} + -1*{ 110 218} + 1*{  74 254} + 1*{  75 255} + 1*{  73 253} + 1*{  76 256} + -1*{ 109 217} + -1*{ 112 220} + 1*{  77 257} + -1*{ 297} + -1*{ 113 221} = 0 

-0.166667*{} + 1*{ 217 217} + 1*{  73  73} = 0 

-0.166667*{} + 1*{ 218 218} + 1*{  74  74} = 0 

-0.833333*{} + 1*{ 219 219} + 1*{  73  73} + 1*{  75  75} + 1*{  77  77} + 1*{ 217 217} + 1*{  74  74} + 1*{ 218 218} + 1*{ 221 221} + 1*{  76  76} + 1*{ 220 220} = 0 

0.333333*{ 219 220} + 0.166667*{  75  75} + 0.333333*{  74  77} + 0.333333*{  75  76} + 0.333333*{ 218 219} + 0.333333*{ 218 221} + 0.333333*{ 218 220} + 0.333333*{ 220 221} + 0.166667*{ 221 221} + 0.136083*{  77} + 0.333333*{ 219 221} + 0.136083*{  75} + 0.333333*{  73  74} + 0.166667*{ 219 219} + 0.333333*{  73  77} + 0.333333*{ 217 218} + 0.166667*{ 218 218} + 0.166667*{  76  76} + 0.333333*{  73  76} + 0.333333*{ 217 221} + 0.333333*{ 217 219} + 0.333333*{  74  75} + 0.333333*{  73  75} + 0.166667*{  74  74} + 0.333333*{ 217 220} + 0.166667*{  73  73} + 0.166667*{ 220 220} + 0.333333*{  75  77} + 0.136083*{  73} + 0.166667*{ 217 217} + 0.136083*{  74} + -0.138889*{} + 0.333333*{  74  76} + 0.333333*{  76  77} + 0.166667*{  77  77} + 0.136083*{  76} = 0 

-0.166667*{} + 1*{ 253 253} + 1*{ 109 109} = 0 

-0.166667*{} + 1*{ 254 254} + 1*{ 110 110} = 0 

-0.833333*{} + 1*{ 109 109} + 1*{ 257 257} + 1*{ 253 253} + 1*{ 254 254} + 1*{ 110 110} + 1*{ 111 111} + 1*{ 255 255} + 1*{ 112 112} + 1*{ 256 256} + 1*{ 113 113} = 0 

0.333333*{ 110 111} + 0.166667*{ 256 256} + 0.333333*{ 255 256} + 0.333333*{ 254 256} + 0.166667*{ 112 112} + 0.333333*{ 110 112} + 0.136083*{ 111} + 0.333333*{ 110 113} + 0.333333*{ 109 113} + 0.333333*{ 253 255} + 0.333333*{ 109 112} + 0.333333*{ 111 112} + 0.166667*{ 111 111} + 0.333333*{ 109 111} + 0.333333*{ 254 255} + 0.136083*{ 110} + 0.166667*{ 113 113} + 0.333333*{ 254 257} + 0.333333*{ 109 110} + 0.333333*{ 111 113} + 0.166667*{ 257 257} + 0.166667*{ 110 110} + 0.333333*{ 253 256} + 0.333333*{ 255 257} + 0.166667*{ 255 255} + 0.136083*{ 112} + 0.333333*{ 112 113} + 0.166667*{ 254 254} + 0.333333*{ 256 257} + 0.166667*{ 109 109} + 0.136083*{ 109} + -0.138889*{} + 0.136083*{ 113} + 0.333333*{ 253 257} + 0.333333*{ 253 254} + 0.166667*{ 253 253} = 0 

---------------------
Summary:
---------------------
set sizes: {3, 3, 1, 1}, vars: 50, vectors: 8, equations: 33, indep eqn: 33

---------------------
Optimization:
---------------------
1 1.898e+00 1.898e+00
2 2.885e+03 1.898e+00
3 1.090e+03 1.898e+00
4 3.907e+02 1.898e+00
5 1.395e+02 1.898e+00
6 4.957e+01 1.898e+00
7 1.750e+01 1.898e+00
8 6.134e+00 1.898e+00
9 2.142e+00 1.898e+00
10 7.518e-01 7.518e-01
11 2.897e-01 2.897e-01
12 1.009e-01 1.009e-01
13 3.563e-02 3.563e-02
14 1.268e-02 1.268e-02
15 4.631e-03 4.631e-03
16 1.754e-03 1.754e-03
17 6.788e-04 6.788e-04
18 2.637e-04 2.637e-04
19 1.026e-04 1.026e-04
20 3.992e-05 3.992e-05
21 1.554e-05 1.554e-05
22 6.058e-06 6.058e-06
23 2.375e-06 2.375e-06
24 9.331e-07 9.331e-07
25 3.688e-07 3.688e-07
26 1.460e-07 1.460e-07
27 5.946e-08 5.946e-08
28 2.433e-08 2.433e-08
29 1.092e-08 1.092e-08
30 4.811e-09 4.811e-09
31 2.536e-09 2.536e-09
32 1.219e-09 1.219e-09
33 7.282e-10 7.282e-10
34 3.642e-10 3.642e-10
35 2.276e-10 2.276e-10
36 1.153e-10 1.153e-10
37 7.295e-11 7.295e-11
38 3.700e-11 3.700e-11
39 2.354e-11 2.354e-11
40 1.190e-11 1.190e-11
41 7.545e-12 7.545e-12
42 3.826e-12 3.826e-12
43 2.373e-12 2.373e-12
44 1.208e-12 1.208e-12
45 3.868e-13 3.868e-13
46 1.267e-13 1.267e-13
47 7.521e-13 1.267e-13
48 1.253e-13 1.253e-13
49 4.951e-11 1.253e-13
50 1.497e-11 1.253e-13
51 4.361e-12 1.253e-13
52 1.312e-12 1.253e-13
53 3.575e-13 1.253e-13
54 8.459e-14 8.459e-14
1 (precision) 9.028e-13 8.459e-14 (from 8.459e-14)
2 (precision) 1.796e-13 8.459e-14 (from 8.459e-14)
3 (precision) 6.579e-14 6.579e-14 (from 8.459e-14)
4 (precision) 9.336e-11 6.579e-14 (from 8.459e-14)
5 (precision) 2.566e-11 6.579e-14 (from 8.459e-14)
6 (precision) 6.910e-12 6.579e-14 (from 8.459e-14)
7 (precision) 2.019e-12 6.579e-14 (from 8.459e-14)
8 (precision) 8.177e-13 6.579e-14 (from 8.459e-14)
9 (precision) 2.993e-11 6.579e-14 (from 8.459e-14)
10 (precision) 8.157e-12 6.579e-14 (from 8.459e-14)
11 (precision) 1.317e-12 6.579e-14 (from 8.459e-14)
12 (precision) 6.910e-13 6.579e-14 (from 8.459e-14)
13 (precision) 4.208e-13 6.579e-14 (from 8.459e-14)
14 (precision) 1.934e-12 6.579e-14 (from 8.459e-14)
15 (precision) 5.522e-13 6.579e-14 (from 8.459e-14)
16 (precision) 3.334e-13 6.579e-14 (from 8.459e-14)
17 (precision) 1.039e-14 1.039e-14 (from 8.459e-14)
18 (precision) 5.869e-15 5.869e-15 (from 8.459e-14)
19 (precision) 5.042e-13 5.869e-15 (from 8.459e-14)
20 (precision) 6.180e-14 5.869e-15 (from 8.459e-14)
21 (precision) 1.714e-14 5.869e-15 (from 8.459e-14)
22 (precision) 8.054e-15 5.869e-15 (from 8.459e-14)
23 (precision) 3.045e-10 5.869e-15 (from 8.459e-14)
24 (precision) 9.021e-11 5.869e-15 (from 8.459e-14)
25 (precision) 2.965e-11 5.869e-15 (from 8.459e-14)
26 (precision) 1.083e-11 5.869e-15 (from 8.459e-14)
27 (precision) 4.061e-12 5.869e-15 (from 8.459e-14)
28 (precision) 1.540e-12 5.869e-15 (from 8.459e-14)
29 (precision) 6.178e-13 5.869e-15 (from 8.459e-14)
30 (precision) 2.446e-13 5.869e-15 (from 8.459e-14)
31 (precision) 1.133e-13 5.869e-15 (from 8.459e-14)
32 (precision) 5.171e-14 5.869e-15 (from 8.459e-14)
33 (precision) 3.490e-14 5.869e-15 (from 8.459e-14)
34 (precision) 1.525e-14 5.869e-15 (from 8.459e-14)
35 (precision) 2.042e-14 5.869e-15 (from 8.459e-14)
36 (precision) 8.703e-14 5.869e-15 (from 8.459e-14)
37 (precision) 1.267e-14 5.869e-15 (from 8.459e-14)
38 (precision) 6.044e-15 5.869e-15 (from 8.459e-14)
39 (precision) 1.373e-14 5.869e-15 (from 8.459e-14)
40 (precision) 2.840e-15 2.840e-15 (from 8.459e-14)
41 (precision) 3.136e-15 2.840e-15 (from 8.459e-14)
42 (precision) 1.242e-14 2.840e-15 (from 8.459e-14)
43 (precision) 6.048e-15 2.840e-15 (from 8.459e-14)
44 (precision) 5.662e-15 2.840e-15 (from 8.459e-14)
45 (precision) 2.552e-14 2.840e-15 (from 8.459e-14)
46 (precision) 3.811e-15 2.840e-15 (from 8.459e-14)
47 (precision) 3.289e-15 2.840e-15 (from 8.459e-14)
48 (precision) 1.622e-15 1.622e-15 (from 8.459e-14)
49 (precision) 4.679e-15 1.622e-15 (from 8.459e-14)
50 (precision) 1.651e-15 1.622e-15 (from 8.459e-14)
51 (precision) 9.661e-16 9.661e-16 (from 8.459e-14)
52 (precision) 2.698e-15 9.661e-16 (from 8.459e-14)
53 (precision) 1.961e-14 9.661e-16 (from 8.459e-14)
54 (precision) 6.599e-15 9.661e-16 (from 8.459e-14)
55 (precision) 1.348e-14 9.661e-16 (from 8.459e-14)
56 (precision) 8.902e-15 9.661e-16 (from 8.459e-14)
57 (precision) 1.205e-13 9.661e-16 (from 8.459e-14)
58 (precision) 3.294e-14 9.661e-16 (from 8.459e-14)
59 (precision) 1.131e-14 9.661e-16 (from 8.459e-14)
60 (precision) 6.610e-15 9.661e-16 (from 8.459e-14)
61 (precision) 7.988e-15 9.661e-16 (from 8.459e-14)
62 (precision) 9.580e-15 9.661e-16 (from 8.459e-14)
63 (precision) 2.432e-15 9.661e-16 (from 8.459e-14)
64 (precision) 6.101e-11 9.661e-16 (from 8.459e-14)
65 (precision) 1.698e-11 9.661e-16 (from 8.459e-14)
66 (precision) 4.794e-12 9.661e-16 (from 8.459e-14)
67 (precision) 1.382e-12 9.661e-16 (from 8.459e-14)
68 (precision) 4.278e-13 9.661e-16 (from 8.459e-14)
69 (precision) 1.684e-13 9.661e-16 (from 8.459e-14)
70 (precision) 8.445e-14 9.661e-16 (from 8.459e-14)
71 (precision) 4.104e-14 9.661e-16 (from 8.459e-14)
72 (precision) 1.816e-14 9.661e-16 (from 8.459e-14)
73 (precision) 9.965e-15 9.661e-16 (from 8.459e-14)
74 (precision) 6.762e-15 9.661e-16 (from 8.459e-14)
75 (precision) 1.264e-14 9.661e-16 (from 8.459e-14)
76 (precision) 5.144e-11 9.661e-16 (from 8.459e-14)
77 (precision) 1.420e-11 9.661e-16 (from 8.459e-14)
78 (precision) 3.919e-12 9.661e-16 (from 8.459e-14)
79 (precision) 1.068e-12 9.661e-16 (from 8.459e-14)
80 (precision) 2.834e-13 9.661e-16 (from 8.459e-14)
81 (precision) 1.051e-13 9.661e-16 (from 8.459e-14)
82 (precision) 5.490e-14 9.661e-16 (from 8.459e-14)
83 (precision) 3.634e-14 9.661e-16 (from 8.459e-14)
84 (precision) 1.444e-14 9.661e-16 (from 8.459e-14)
85 (precision) 1.776e-13 9.661e-16 (from 8.459e-14)
86 (precision) 5.147e-14 9.661e-16 (from 8.459e-14)
87 (precision) 2.637e-14 9.661e-16 (from 8.459e-14)
88 (precision) 3.458e-13 9.661e-16 (from 8.459e-14)
89 (precision) 9.304e-14 9.661e-16 (from 8.459e-14)
90 (precision) 4.629e-15 9.661e-16 (from 8.459e-14)
91 (precision) 2.440e-06 9.661e-16 (from 8.459e-14)
92 (precision) 6.776e-07 9.661e-16 (from 8.459e-14)
93 (precision) 1.899e-07 9.661e-16 (from 8.459e-14)
94 (precision) 5.416e-08 9.661e-16 (from 8.459e-14)
95 (precision) 1.981e-08 9.661e-16 (from 8.459e-14)
96 (precision) 1.001e-08 9.661e-16 (from 8.459e-14)
97 (precision) 5.480e-09 9.661e-16 (from 8.459e-14)
98 (precision) 2.846e-09 9.661e-16 (from 8.459e-14)
99 (precision) 1.818e-09 9.661e-16 (from 8.459e-14)
100 (precision) 8.183e-10 9.661e-16 (from 8.459e-14)

x:  1.204e-01 -3.814e-01 -5.932e-01  2.766e-01  1.695e-01 -3.438e-01 -3.492e-01  2.039e-01  1.828e-01 -1.017e-01 -3.944e-01 -2.195e-01 -1.895e-01  1.004e-01 -3.793e-01 -3.674e-01  3.824e-01  7.520e-02 -7.182e-02  2.212e-01 -3.901e-01  1.455e-01  1.591e-01 -4.087e-02  1.263e-01  2.201e-01  2.115e-01 -2.474e-01  3.180e-01 -5.023e-01  1.056e-01  3.442e-01  5.129e-02 -2.549e-01  4.925e-01 -1.780e-01 -1.428e-01  5.060e-01  1.935e-01  3.831e-01  3.685e-01 -1.758e-01  1.192e-01 -3.905e-01  1.521e-01 -3.789e-01 -1.863e-01  3.632e-01  2.195e-01 -3.442e-01  5.885e-09

grad: -1.735e-11  1.852e-10  2.216e-10 -1.305e-10 -5.319e-11  1.949e-10  3.039e-10 -3.753e-11 -1.501e-10  2.976e-11  8.630e-11  8.053e-11  5.234e-11  7.233e-12  5.993e-11  9.812e-11 -1.550e-10 -2.165e-11  3.301e-11 -8.074e-11  1.231e-10 -1.270e-10 -3.072e-11 -1.592e-11 -1.041e-11 -1.450e-10 -1.857e-10  1.726e-10 -2.008e-10  3.048e-10  1.632e-12 -3.747e-11 -1.349e-12  1.119e-11 -1.166e-10  5.419e-11  4.387e-11 -1.773e-10 -3.873e-11 -1.546e-10  1.513e-11  6.383e-11 -1.680e-11  1.237e-11  8.068e-12  7.523e-11 -5.532e-11  1.309e-12 -8.552e-12  2.035e-11  8.304e-11

finished in 54 iterations (0.064 seconds total)
max viol = 1.75e-08

---------------------
Result:
---------------------

{(1,0), (0,0), (0,0), (0,0), (0,0), (0,0)}, {(0,0), (1,0), (0,0), (0,0), (0,0), (0,0)}, {(0,0), (0,0), (1,0), (0,0), (0,0), (0,0)}, {}, {}, {}


{(0.408,0), (0.408,0), (0.408,0), (0.408,0), (0.408,0), (0.408,0)}, {(0.408,0), (0.12,-0.39), (-0.381,0.146), (-0.593,0.159), (0.277,-0.0409), (0.169,0.126)}, {(0.408,0), (-0.344,0.22), (-0.349,0.212), (0.204,-0.247), (0.183,0.318), (-0.102,-0.502)}, {}, {}, {}


{(0.408,0), (-0.394,0.106), (-0.219,0.344), (-0.19,0.0513), (0.1,-0.255), (-0.379,0.492)}, {}, {}, {}, {}, {}


{(0.408,0), (-0.367,-0.178), (0.382,-0.143), (0.0752,0.506), (-0.0718,0.193), (0.221,0.383)}, {}, {}, {}, {}, {}

---------------------
Abs of Gram matrix:
---------------------

 { { +1.0000, +0.0000, +0.0000, +0.0000, +0.0000, +0.0000, +0.4082, +0.4082, +0.4082, +0.0000, +0.0000, +0.0000, +0.4082, +0.0000, +0.0000, +0.0000, +0.0000, +0.0000, +0.4082, +0.0000, +0.0000, +0.0000, +0.0000, +0.0000}, 
   { +0.0000, +1.0000, +0.0000, +0.0000, +0.0000, +0.0000, +0.4082, +0.4082, +0.4082, +0.0000, +0.0000, +0.0000, +0.4082, +0.0000, +0.0000, +0.0000, +0.0000, +0.0000, +0.4082, +0.0000, +0.0000, +0.0000, +0.0000, +0.0000}, 
   { +0.0000, +0.0000, +1.0000, +0.0000, +0.0000, +0.0000, +0.4082, +0.4082, +0.4082, +0.0000, +0.0000, +0.0000, +0.4082, +0.0000, +0.0000, +0.0000, +0.0000, +0.0000, +0.4082, +0.0000, +0.0000, +0.0000, +0.0000, +0.0000}, 
   { +0.0000, +0.0000, +0.0000, +0.0000, +0.0000, +0.0000, +0.0000, +0.0000, +0.0000, +0.0000, +0.0000, +0.0000, +0.0000, +0.0000, +0.0000, +0.0000, +0.0000, +0.0000, +0.0000, +0.0000, +0.0000, +0.0000, +0.0000, +0.0000}, 
   { +0.0000, +0.0000, +0.0000, +0.0000, +0.0000, +0.0000, +0.0000, +0.0000, +0.0000, +0.0000, +0.0000, +0.0000, +0.0000, +0.0000, +0.0000, +0.0000, +0.0000, +0.0000, +0.0000, +0.0000, +0.0000, +0.0000, +0.0000, +0.0000}, 
   { +0.0000, +0.0000, +0.0000, +0.0000, +0.0000, +0.0000, +0.0000, +0.0000, +0.0000, +0.0000, +0.0000, +0.0000, +0.0000, +0.0000, +0.0000, +0.0000, +0.0000, +0.0000, +0.0000, +0.0000, +0.0000, +0.0000, +0.0000, +0.0000}, 
   { +0.4082, +0.4082, +0.4082, +0.0000, +0.0000, +0.0000, +1.0000, +0.0001, +0.0001, +0.0000, +0.0000, +0.0000, +0.4082, +0.0000, +0.0000, +0.0000, +0.0000, +0.0000, +0.4082, +0.0000, +0.0000, +0.0000, +0.0000, +0.0000}, 
   { +0.4082, +0.4082, +0.4082, +0.0000, +0.0000, +0.0000, +0.0001, +1.0000, +0.0000, +0.0000, +0.0000, +0.0000, +0.4082, +0.0000, +0.0000, +0.0000, +0.0000, +0.0000, +0.4082, +0.0000, +0.0000, +0.0000, +0.0000, +0.0000}, 
   { +0.4082, +0.4082, +0.4082, +0.0000, +0.0000, +0.0000, +0.0001, +0.0000, +1.0000, +0.0000, +0.0000, +0.0000, +0.4082, +0.0000, +0.0000, +0.0000, +0.0000, +0.0000, +0.4082, +0.0000, +0.0000, +0.0000, +0.0000, +0.0000}, 
   { +0.0000, +0.0000, +0.0000, +0.0000, +0.0000, +0.0000, +0.0000, +0.0000, +0.0000, +0.0000, +0.0000, +0.0000, +0.0000, +0.0000, +0.0000, +0.0000, +0.0000, +0.0000, +0.0000, +0.0000, +0.0000, +0.0000, +0.0000, +0.0000}, 
   { +0.0000, +0.0000, +0.0000, +0.0000, +0.0000, +0.0000, +0.0000, +0.0000, +0.0000, +0.0000, +0.0000, +0.0000, +0.0000, +0.0000, +0.0000, +0.0000, +0.0000, +0.0000, +0.0000, +0.0000, +0.0000, +0.0000, +0.0000, +0.0000}, 
   { +0.0000, +0.0000, +0.0000, +0.0000, +0.0000, +0.0000, +0.0000, +0.0000, +0.0000, +0.0000, +0.0000, +0.0000, +0.0000, +0.0000, +0.0000, +0.0000, +0.0000, +0.0000, +0.0000, +0.0000, +0.0000, +0.0000, +0.0000, +0.0000}, 
   { +0.4082, +0.4082, +0.4082, +0.0000, +0.0000, +0.0000, +0.4082, +0.4082, +0.4082, +0.0000, +0.0000, +0.0000, +1.0000, +0.0000, +0.0000, +0.0000, +0.0000, +0.0000, +0.4082, +0.0000, +0.0000, +0.0000, +0.0000, +0.0000}, 
   { +0.0000, +0.0000, +0.0000, +0.0000, +0.0000, +0.0000, +0.0000, +0.0000, +0.0000, +0.0000, +0.0000, +0.0000, +0.0000, +0.0000, +0.0000, +0.0000, +0.0000, +0.0000, +0.0000, +0.0000, +0.0000, +0.0000, +0.0000, +0.0000}, 
   { +0.0000, +0.0000, +0.0000, +0.0000, +0.0000, +0.0000, +0.0000, +0.0000, +0.0000, +0.0000, +0.0000, +0.0000, +0.0000, +0.0000, +0.0000, +0.0000, +0.0000, +0.0000, +0.0000, +0.0000, +0.0000, +0.0000, +0.0000, +0.0000}, 
   { +0.0000, +0.0000, +0.0000, +0.0000, +0.0000, +0.0000, +0.0000, +0.0000, +0.0000, +0.0000, +0.0000, +0.0000, +0.0000, +0.0000, +0.0000, +0.0000, +0.0000, +0.0000, +0.0000, +0.0000, +0.0000, +0.0000, +0.0000, +0.0000}, 
   { +0.0000, +0.0000, +0.0000, +0.0000, +0.0000, +0.0000, +0.0000, +0.0000, +0.0000, +0.0000, +0.0000, +0.0000, +0.0000, +0.0000, +0.0000, +0.0000, +0.0000, +0.0000, +0.0000, +0.0000, +0.0000, +0.0000, +0.0000, +0.0000}, 
   { +0.0000, +0.0000, +0.0000, +0.0000, +0.0000, +0.0000, +0.0000, +0.0000, +0.0000, +0.0000, +0.0000, +0.0000, +0.0000, +0.0000, +0.0000, +0.0000, +0.0000, +0.0000, +0.0000, +0.0000, +0.0000, +0.0000, +0.0000, +0.0000}, 
   { +0.4082, +0.4082, +0.4082, +0.0000, +0.0000, +0.0000, +0.4082, +0.4082, +0.4082, +0.0000, +0.0000, +0.0000, +0.4082, +0.0000, +0.0000, +0.0000, +0.0000, +0.0000, +1.0000, +0.0000, +0.0000, +0.0000, +0.0000, +0.0000}, 
   { +0.0000, +0.0000, +0.0000, +0.0000, +0.0000, +0.0000, +0.0000, +0.0000, +0.0000, +0.0000, +0.0000, +0.0000, +0.0000, +0.0000, +0.0000, +0.0000, +0.0000, +0.0000, +0.0000, +0.0000, +0.0000, +0.0000, +0.0000, +0.0000}, 
   { +0.0000, +0.0000, +0.0000, +0.0000, +0.0000, +0.0000, +0.0000, +0.0000, +0.0000, +0.0000, +0.0000, +0.0000, +0.0000, +0.0000, +0.0000, +0.0000, +0.0000, +0.0000, +0.0000, +0.0000, +0.0000, +0.0000, +0.0000, +0.0000}, 
   { +0.0000, +0.0000, +0.0000, +0.0000, +0.0000, +0.0000, +0.0000, +0.0000, +0.0000, +0.0000, +0.0000, +0.0000, +0.0000, +0.0000, +0.0000, +0.0000, +0.0000, +0.0000, +0.0000, +0.0000, +0.0000, +0.0000, +0.0000, +0.0000}, 
   { +0.0000, +0.0000, +0.0000, +0.0000, +0.0000, +0.0000, +0.0000, +0.0000, +0.0000, +0.0000, +0.0000, +0.0000, +0.0000, +0.0000, +0.0000, +0.0000, +0.0000, +0.0000, +0.0000, +0.0000, +0.0000, +0.0000, +0.0000, +0.0000}, 
   { +0.0000, +0.0000, +0.0000, +0.0000, +0.0000, +0.0000, +0.0000, +0.0000, +0.0000, +0.0000, +0.0000, +0.0000, +0.0000, +0.0000, +0.0000, +0.0000, +0.0000, +0.0000, +0.0000, +0.0000, +0.0000, +0.0000, +0.0000, +0.0000} } 
