---------------------
Basis Indices:
---------------------

{1, 0, 0, 0, 0, 0}, {1, 0, 0, 0, 0, 0}, {1, 0, 0, 0, 0, 0}, {}, {}, {}


{0.408, 0.408, 0.408, 0.408, 0.408, 0.408}, {}, {}, {}, {}, {}


{0.408, x_73+i*x_217, x_74+i*x_218, x_75+i*x_219, x_76+i*x_220, x_77+i*x_221}, {}, {}, {}, {}, {}


{0.408, x_109+i*x_253, x_110+i*x_254, x_111+i*x_255, x_112+i*x_256, x_113+i*x_257}, {}, {}, {}, {}, {}

---------------------
Problem: 
---------------------
Find a point satisfying:

-0.166667*{} + 1*{ 289 289} + 1*{ 288 288} = 0 

1*{  74 110} + 0.166667*{} + 1*{ 220 256} + 1*{  75 111} + 1*{  77 113} + 1*{ 218 254} + 1*{ 217 253} + -1*{ 288} + 1*{ 219 255} + 1*{  73 109} + 1*{  76 112} + 1*{ 221 257} = 0 

-1*{ 111 219} + -1*{ 110 218} + 1*{  74 254} + 1*{  75 255} + 1*{  73 253} + 1*{  76 256} + -1*{ 109 217} + -1*{ 112 220} + -1*{ 289} + 1*{  77 257} + -1*{ 113 221} = 0 

-0.166667*{} + 1*{ 217 217} + 1*{  73  73} = 0 

-0.166667*{} + 1*{ 218 218} + 1*{  74  74} = 0 

-0.833333*{} + 1*{ 219 219} + 1*{  73  73} + 1*{  75  75} + 1*{  77  77} + 1*{ 217 217} + 1*{  74  74} + 1*{ 218 218} + 1*{ 221 221} + 1*{  76  76} + 1*{ 220 220} = 0 

0.333333*{ 219 220} + 0.166667*{  75  75} + 0.333333*{  74  77} + 0.333333*{  75  76} + 0.333333*{ 218 219} + 0.333333*{ 218 221} + 0.333333*{ 218 220} + 0.333333*{ 220 221} + 0.166667*{ 221 221} + 0.136083*{  77} + 0.333333*{ 219 221} + 0.136083*{  75} + 0.333333*{  73  74} + 0.166667*{ 219 219} + 0.333333*{  73  77} + 0.333333*{ 217 218} + 0.166667*{ 218 218} + 0.166667*{  76  76} + 0.333333*{  73  76} + 0.333333*{ 217 221} + 0.333333*{ 217 219} + 0.333333*{  74  75} + 0.333333*{  73  75} + 0.166667*{  74  74} + 0.333333*{ 217 220} + 0.166667*{  73  73} + 0.166667*{ 220 220} + 0.333333*{  75  77} + 0.136083*{  73} + 0.166667*{ 217 217} + 0.136083*{  74} + -0.138889*{} + 0.333333*{  74  76} + 0.333333*{  76  77} + 0.166667*{  77  77} + 0.136083*{  76} = 0 

-0.166667*{} + 1*{ 253 253} + 1*{ 109 109} = 0 

-0.166667*{} + 1*{ 254 254} + 1*{ 110 110} = 0 

-0.833333*{} + 1*{ 109 109} + 1*{ 257 257} + 1*{ 253 253} + 1*{ 254 254} + 1*{ 110 110} + 1*{ 111 111} + 1*{ 255 255} + 1*{ 112 112} + 1*{ 256 256} + 1*{ 113 113} = 0 

0.333333*{ 110 111} + 0.166667*{ 256 256} + 0.333333*{ 255 256} + 0.333333*{ 254 256} + 0.166667*{ 112 112} + 0.333333*{ 110 112} + 0.136083*{ 111} + 0.333333*{ 110 113} + 0.333333*{ 109 113} + 0.333333*{ 253 255} + 0.333333*{ 109 112} + 0.333333*{ 111 112} + 0.166667*{ 111 111} + 0.333333*{ 109 111} + 0.333333*{ 254 255} + 0.136083*{ 110} + 0.166667*{ 113 113} + 0.333333*{ 254 257} + 0.333333*{ 109 110} + 0.333333*{ 111 113} + 0.166667*{ 257 257} + 0.166667*{ 110 110} + 0.333333*{ 253 256} + 0.333333*{ 255 257} + 0.166667*{ 255 255} + 0.136083*{ 112} + 0.333333*{ 112 113} + 0.166667*{ 254 254} + 0.333333*{ 256 257} + 0.166667*{ 109 109} + 0.136083*{ 109} + -0.138889*{} + 0.136083*{ 113} + 0.333333*{ 253 257} + 0.333333*{ 253 254} + 0.166667*{ 253 253} = 0 

---------------------
Summary:
---------------------
set sizes: {3, 1, 1, 1}, vars: 22, vectors: 6, equations: 11, indep eqn: 11

---------------------
Optimization:
---------------------
1 1.026e+00 1.026e+00
2 7.288e+02 1.026e+00
3 2.610e+02 1.026e+00
4 9.312e+01 1.026e+00
5 3.305e+01 1.026e+00
6 1.164e+01 1.026e+00
7 4.064e+00 1.026e+00
8 1.413e+00 1.026e+00
9 4.927e-01 4.927e-01
10 4.624e-01 4.624e-01
11 1.522e-01 1.522e-01
12 4.987e-02 4.987e-02
13 1.645e-02 1.645e-02
14 5.565e-03 5.565e-03
15 1.938e-03 1.938e-03
16 6.620e-04 6.620e-04
17 2.166e-04 2.166e-04
18 6.854e-05 6.854e-05
19 2.126e-05 2.126e-05
20 6.523e-06 6.523e-06
21 1.989e-06 1.989e-06
22 6.042e-07 6.042e-07
23 1.832e-07 1.832e-07
24 5.549e-08 5.549e-08
25 1.680e-08 1.680e-08
26 5.083e-09 5.083e-09
27 1.538e-09 1.538e-09
28 4.653e-10 4.653e-10
29 1.408e-10 1.408e-10
30 4.258e-11 4.258e-11
31 1.288e-11 1.288e-11
32 3.899e-12 3.899e-12
33 1.179e-12 1.179e-12
34 3.544e-13 3.544e-13
35 1.104e-13 1.104e-13
36 3.331e-14 3.331e-14
1 (precision) 9.180e-15 9.180e-15 (from 3.331e-14)
2 (precision) 2.553e-15 2.553e-15 (from 3.331e-14)
3 (precision) 1.218e-15 1.218e-15 (from 3.331e-14)
4 (precision) 4.271e-16 4.271e-16 (from 3.331e-14)
5 (precision) 8.953e-16 4.271e-16 (from 3.331e-14)
6 (precision) 1.232e-09 4.271e-16 (from 3.331e-14)
7 (precision) 3.397e-10 4.271e-16 (from 3.331e-14)
8 (precision) 9.362e-11 4.271e-16 (from 3.331e-14)
9 (precision) 2.580e-11 4.271e-16 (from 3.331e-14)
10 (precision) 7.114e-12 4.271e-16 (from 3.331e-14)
11 (precision) 1.961e-12 4.271e-16 (from 3.331e-14)
12 (precision) 5.404e-13 4.271e-16 (from 3.331e-14)
13 (precision) 1.489e-13 4.271e-16 (from 3.331e-14)
14 (precision) 3.984e-14 4.271e-16 (from 3.331e-14)
15 (precision) 1.261e-14 4.271e-16 (from 3.331e-14)
16 (precision) 2.691e-15 4.271e-16 (from 3.331e-14)
17 (precision) 4.264e-16 4.264e-16 (from 3.331e-14)
18 (precision) 3.383e-16 3.383e-16 (from 3.331e-14)
19 (precision) 1.035e-15 3.383e-16 (from 3.331e-14)
20 (precision) 7.493e-16 3.383e-16 (from 3.331e-14)
21 (precision) 9.271e-16 3.383e-16 (from 3.331e-14)
22 (precision) 7.291e-15 3.383e-16 (from 3.331e-14)
23 (precision) 2.510e-15 3.383e-16 (from 3.331e-14)
24 (precision) 2.690e-16 2.690e-16 (from 3.331e-14)
25 (precision) 1.364e-15 2.690e-16 (from 3.331e-14)
26 (precision) 1.111e-15 2.690e-16 (from 3.331e-14)
27 (precision) 2.380e-14 2.690e-16 (from 3.331e-14)
28 (precision) 5.566e-15 2.690e-16 (from 3.331e-14)
29 (precision) 3.889e-15 2.690e-16 (from 3.331e-14)
30 (precision) 6.338e-17 6.338e-17 (from 3.331e-14)
31 (precision) 4.253e-16 6.338e-17 (from 3.331e-14)
32 (precision) 8.443e-16 6.338e-17 (from 3.331e-14)
33 (precision) 5.215e-17 5.215e-17 (from 3.331e-14)
34 (precision) 1.429e-15 5.215e-17 (from 3.331e-14)
35 (precision) 2.035e-15 5.215e-17 (from 3.331e-14)
36 (precision) 4.777e-16 5.215e-17 (from 3.331e-14)
37 (precision) 9.460e-16 5.215e-17 (from 3.331e-14)
38 (precision) 1.273e-14 5.215e-17 (from 3.331e-14)
39 (precision) 2.183e-15 5.215e-17 (from 3.331e-14)
40 (precision) 8.704e-17 5.215e-17 (from 3.331e-14)
41 (precision) 2.015e-15 5.215e-17 (from 3.331e-14)
42 (precision) 4.400e-15 5.215e-17 (from 3.331e-14)
43 (precision) 2.626e-15 5.215e-17 (from 3.331e-14)
44 (precision) 1.644e-16 5.215e-17 (from 3.331e-14)
45 (precision) 1.508e-15 5.215e-17 (from 3.331e-14)
46 (precision) 4.127e-15 5.215e-17 (from 3.331e-14)
47 (precision) 2.735e-15 5.215e-17 (from 3.331e-14)
48 (precision) 3.051e-15 5.215e-17 (from 3.331e-14)
49 (precision) 1.586e-15 5.215e-17 (from 3.331e-14)
50 (precision) 4.361e-15 5.215e-17 (from 3.331e-14)
51 (precision) 3.769e-16 5.215e-17 (from 3.331e-14)
52 (precision) 1.112e-15 5.215e-17 (from 3.331e-14)
53 (precision) 2.242e-15 5.215e-17 (from 3.331e-14)
54 (precision) 1.743e-15 5.215e-17 (from 3.331e-14)
55 (precision) 7.364e-15 5.215e-17 (from 3.331e-14)
56 (precision) 4.563e-16 5.215e-17 (from 3.331e-14)
57 (precision) 7.054e-16 5.215e-17 (from 3.331e-14)
58 (precision) 2.406e-15 5.215e-17 (from 3.331e-14)
59 (precision) 6.916e-16 5.215e-17 (from 3.331e-14)
60 (precision) 6.669e-16 5.215e-17 (from 3.331e-14)
61 (precision) 2.876e-15 5.215e-17 (from 3.331e-14)
62 (precision) 1.892e-16 5.215e-17 (from 3.331e-14)
63 (precision) 6.309e-17 5.215e-17 (from 3.331e-14)
64 (precision) 8.867e-16 5.215e-17 (from 3.331e-14)
65 (precision) 2.119e-14 5.215e-17 (from 3.331e-14)
66 (precision) 3.285e-15 5.215e-17 (from 3.331e-14)
67 (precision) 1.978e-15 5.215e-17 (from 3.331e-14)
68 (precision) 2.899e-16 5.215e-17 (from 3.331e-14)
69 (precision) 9.069e-16 5.215e-17 (from 3.331e-14)
70 (precision) 1.089e-15 5.215e-17 (from 3.331e-14)
71 (precision) 9.908e-16 5.215e-17 (from 3.331e-14)
72 (precision) 1.783e-15 5.215e-17 (from 3.331e-14)
73 (precision) 2.276e-15 5.215e-17 (from 3.331e-14)
74 (precision) 8.813e-16 5.215e-17 (from 3.331e-14)
75 (precision) 1.953e-15 5.215e-17 (from 3.331e-14)
76 (precision) 2.379e-13 5.215e-17 (from 3.331e-14)
77 (precision) 6.585e-14 5.215e-17 (from 3.331e-14)
78 (precision) 1.693e-14 5.215e-17 (from 3.331e-14)
79 (precision) 3.217e-15 5.215e-17 (from 3.331e-14)
80 (precision) 2.376e-15 5.215e-17 (from 3.331e-14)
81 (precision) 2.380e-15 5.215e-17 (from 3.331e-14)
82 (precision) 1.187e-15 5.215e-17 (from 3.331e-14)
83 (precision) 5.295e-15 5.215e-17 (from 3.331e-14)
84 (precision) 3.989e-15 5.215e-17 (from 3.331e-14)
85 (precision) 2.390e-15 5.215e-17 (from 3.331e-14)
86 (precision) 1.870e-15 5.215e-17 (from 3.331e-14)
87 (precision) 1.118e-15 5.215e-17 (from 3.331e-14)
88 (precision) 2.663e-14 5.215e-17 (from 3.331e-14)
89 (precision) 7.006e-15 5.215e-17 (from 3.331e-14)
90 (precision) 2.038e-15 5.215e-17 (from 3.331e-14)
91 (precision) 2.584e-15 5.215e-17 (from 3.331e-14)
92 (precision) 7.648e-16 5.215e-17 (from 3.331e-14)
93 (precision) 9.449e-16 5.215e-17 (from 3.331e-14)
94 (precision) 1.057e-15 5.215e-17 (from 3.331e-14)
95 (precision) 8.152e-15 5.215e-17 (from 3.331e-14)
96 (precision) 2.470e-15 5.215e-17 (from 3.331e-14)
97 (precision) 1.641e-15 5.215e-17 (from 3.331e-14)
98 (precision) 5.819e-14 5.215e-17 (from 3.331e-14)
99 (precision) 1.518e-14 5.215e-17 (from 3.331e-14)
100 (precision) 4.133e-15 5.215e-17 (from 3.331e-14)

x: -3.323e-01  3.194e-01  4.267e-01 -3.667e-01  1.693e-01  3.808e-01 -4.014e-01  4.859e-01 -1.171e-01  2.409e-01 -2.371e-01 -2.543e-01  5.966e-02 -3.871e-01  3.793e-02 -1.471e-01  7.448e-02  1.645e-01 -2.964e-01  2.780e-01  3.540e-01  2.034e-01  1.141e-11

grad: -8.096e-16  8.721e-16  2.282e-16 -3.280e-16  7.853e-18  1.884e-15 -2.036e-15  1.682e-15 -2.940e-16  8.722e-16 -2.087e-16 -6.443e-16  4.445e-17 -4.353e-16 -1.679e-16 -3.289e-16  4.333e-16  5.034e-16 -7.875e-16  1.082e-15  8.646e-16  3.054e-16  5.274e-16

finished in 36 iterations (0.022 seconds total)
max viol = 1.09e-08

---------------------
Result:
---------------------

{(1,0), (0,0), (0,0), (0,0), (0,0), (0,0)}, {(0,0), (1,0), (0,0), (0,0), (0,0), (0,0)}, {(0,0), (0,0), (1,0), (0,0), (0,0), (0,0)}, {}, {}, {}


{(0.408,0), (0.408,0), (0.408,0), (0.408,0), (0.408,0), (0.408,0)}, {}, {}, {}, {}, {}


{(0.408,0), (-0.332,-0.237), (0.319,-0.254), (0.427,0.0597), (-0.367,-0.387), (0.169,0.0379)}, {}, {}, {}, {}, {}


{(0.408,0), (0.381,-0.147), (-0.401,0.0745), (0.486,0.165), (-0.117,-0.296), (0.241,0.278)}, {}, {}, {}, {}, {}

---------------------
Abs of Gram matrix:
---------------------

 { { +1.0000, +0.0000, +0.0000, +0.0000, +0.0000, +0.0000, +0.4082, +0.0000, +0.0000, +0.0000, +0.0000, +0.0000, +0.4082, +0.0000, +0.0000, +0.0000, +0.0000, +0.0000, +0.4082, +0.0000, +0.0000, +0.0000, +0.0000, +0.0000}, 
   { +0.0000, +1.0000, +0.0000, +0.0000, +0.0000, +0.0000, +0.4082, +0.0000, +0.0000, +0.0000, +0.0000, +0.0000, +0.4082, +0.0000, +0.0000, +0.0000, +0.0000, +0.0000, +0.4082, +0.0000, +0.0000, +0.0000, +0.0000, +0.0000}, 
   { +0.0000, +0.0000, +1.0000, +0.0000, +0.0000, +0.0000, +0.4082, +0.0000, +0.0000, +0.0000, +0.0000, +0.0000, +0.4082, +0.0000, +0.0000, +0.0000, +0.0000, +0.0000, +0.4082, +0.0000, +0.0000, +0.0000, +0.0000, +0.0000}, 
   { +0.0000, +0.0000, +0.0000, +0.0000, +0.0000, +0.0000, +0.0000, +0.0000, +0.0000, +0.0000, +0.0000, +0.0000, +0.0000, +0.0000, +0.0000, +0.0000, +0.0000, +0.0000, +0.0000, +0.0000, +0.0000, +0.0000, +0.0000, +0.0000}, 
   { +0.0000, +0.0000, +0.0000, +0.0000, +0.0000, +0.0000, +0.0000, +0.0000, +0.0000, +0.0000, +0.0000, +0.0000, +0.0000, +0.0000, +0.0000, +0.0000, +0.0000, +0.0000, +0.0000, +0.0000, +0.0000, +0.0000, +0.0000, +0.0000}, 
   { +0.0000, +0.0000, +0.0000, +0.0000, +0.0000, +0.0000, +0.0000, +0.0000, +0.0000, +0.0000, +0.0000, +0.0000, +0.0000, +0.0000, +0.0000, +0.0000, +0.0000, +0.0000, +0.0000, +0.0000, +0.0000, +0.0000, +0.0000, +0.0000}, 
   { +0.4082, +0.4082, +0.4082, +0.0000, +0.0000, +0.0000, +1.0000, +0.0000, +0.0000, +0.0000, +0.0000, +0.0000, +0.4082, +0.0000, +0.0000, +0.0000, +0.0000, +0.0000, +0.4082, +0.0000, +0.0000, +0.0000, +0.0000, +0.0000}, 
   { +0.0000, +0.0000, +0.0000, +0.0000, +0.0000, +0.0000, +0.0000, +0.0000, +0.0000, +0.0000, +0.0000, +0.0000, +0.0000, +0.0000, +0.0000, +0.0000, +0.0000, +0.0000, +0.0000, +0.0000, +0.0000, +0.0000, +0.0000, +0.0000}, 
   { +0.0000, +0.0000, +0.0000, +0.0000, +0.0000, +0.0000, +0.0000, +0.0000, +0.0000, +0.0000, +0.0000, +0.0000, +0.0000, +0.0000, +0.0000, +0.0000, +0.0000, +0.0000, +0.0000, +0.0000, +0.0000, +0.0000, +0.0000, +0.0000}, 
   { +0.0000, +0.0000, +0.0000, +0.0000, +0.0000, +0.0000, +0.0000, +0.0000, +0.0000, +0.0000, +0.0000, +0.0000, +0.0000, +0.0000, +0.0000, +0.0000, +0.0000, +0.0000, +0.0000, +0.0000, +0.0000, +0.0000, +0.0000, +0.0000}, 
   { +0.0000, +0.0000, +0.0000, +0.0000, +0.0000, +0.0000, +0.0000, +0.0000, +0.0000, +0.0000, +0.0000, +0.0000, +0.0000, +0.0000, +0.0000, +0.0000, +0.0000, +0.0000, +0.0000, +0.0000, +0.0000, +0.0000, +0.0000, +0.0000}, 
   { +0.0000, +0.0000, +0.0000, +0.0000, +0.0000, +0.0000, +0.0000, +0.0000, +0.0000, +0.0000, +0.0000, +0.0000, +0.0000, +0.0000, +0.0000, +0.0000, +0.0000, +0.0000, +0.0000, +0.0000, +0.0000, +0.0000, +0.0000, +0.0000}, 
   { +0.4082, +0.4082, +0.4082, +0.0000, +0.0000, +0.0000, +0.4082, +0.0000, +0.0000, +0.0000, +0.0000, +0.0000, +1.0000, +0.0000, +0.0000, +0.0000, +0.0000, +0.0000, +0.4082, +0.0000, +0.0000, +0.0000, +0.0000, +0.0000}, 
   { +0.0000, +0.0000, +0.0000, +0.0000, +0.0000, +0.0000, +0.0000, +0.0000, +0.0000, +0.0000, +0.0000, +0.0000, +0.0000, +0.0000, +0.0000, +0.0000, +0.0000, +0.0000, +0.0000, +0.0000, +0.0000, +0.0000, +0.0000, +0.0000}, 
   { +0.0000, +0.0000, +0.0000, +0.0000, +0.0000, +0.0000, +0.0000, +0.0000, +0.0000, +0.0000, +0.0000, +0.0000, +0.0000, +0.0000, +0.0000, +0.0000, +0.0000, +0.0000, +0.0000, +0.0000, +0.0000, +0.0000, +0.0000, +0.0000}, 
   { +0.0000, +0.0000, +0.0000, +0.0000, +0.0000, +0.0000, +0.0000, +0.0000, +0.0000, +0.0000, +0.0000, +0.0000, +0.0000, +0.0000, +0.0000, +0.0000, +0.0000, +0.0000, +0.0000, +0.0000, +0.0000, +0.0000, +0.0000, +0.0000}, 
   { +0.0000, +0.0000, +0.0000, +0.0000, +0.0000, +0.0000, +0.0000, +0.0000, +0.0000, +0.0000, +0.0000, +0.0000, +0.0000, +0.0000, +0.0000, +0.0000, +0.0000, +0.0000, +0.0000, +0.0000, +0.0000, +0.0000, +0.0000, +0.0000}, 
   { +0.0000, +0.0000, +0.0000, +0.0000, +0.0000, +0.0000, +0.0000, +0.0000, +0.0000, +0.0000, +0.0000, +0.0000, +0.0000, +0.0000, +0.0000, +0.0000, +0.0000, +0.0000, +0.0000, +0.0000, +0.0000, +0.0000, +0.0000, +0.0000}, 
   { +0.4082, +0.4082, +0.4082, +0.0000, +0.0000, +0.0000, +0.4082, +0.0000, +0.0000, +0.0000, +0.0000, +0.0000, +0.4082, +0.0000, +0.0000, +0.0000, +0.0000, +0.0000, +1.0000, +0.0000, +0.0000, +0.0000, +0.0000, +0.0000}, 
   { +0.0000, +0.0000, +0.0000, +0.0000, +0.0000, +0.0000, +0.0000, +0.0000, +0.0000, +0.0000, +0.0000, +0.0000, +0.0000, +0.0000, +0.0000, +0.0000, +0.0000, +0.0000, +0.0000, +0.0000, +0.0000, +0.0000, +0.0000, +0.0000}, 
   { +0.0000, +0.0000, +0.0000, +0.0000, +0.0000, +0.0000, +0.0000, +0.0000, +0.0000, +0.0000, +0.0000, +0.0000, +0.0000, +0.0000, +0.0000, +0.0000, +0.0000, +0.0000, +0.0000, +0.0000, +0.0000, +0.0000, +0.0000, +0.0000}, 
   { +0.0000, +0.0000, +0.0000, +0.0000, +0.0000, +0.0000, +0.0000, +0.0000, +0.0000, +0.0000, +0.0000, +0.0000, +0.0000, +0.0000, +0.0000, +0.0000, +0.0000, +0.0000, +0.0000, +0.0000, +0.0000, +0.0000, +0.0000, +0.0000}, 
   { +0.0000, +0.0000, +0.0000, +0.0000, +0.0000, +0.0000, +0.0000, +0.0000, +0.0000, +0.0000, +0.0000, +0.0000, +0.0000, +0.0000, +0.0000, +0.0000, +0.0000, +0.0000, +0.0000, +0.0000, +0.0000, +0.0000, +0.0000, +0.0000}, 
   { +0.0000, +0.0000, +0.0000, +0.0000, +0.0000, +0.0000, +0.0000, +0.0000, +0.0000, +0.0000, +0.0000, +0.0000, +0.0000, +0.0000, +0.0000, +0.0000, +0.0000, +0.0000, +0.0000, +0.0000, +0.0000, +0.0000, +0.0000, +0.0000} } 
