---------------------
Basis Indices:
---------------------

{1, 0, 0, 0, 0, 0}, {1, 0, 0, 0, 0, 0}, {1, 0, 0, 0, 0, 0}, {}, {}, {}


{0.408, 0.408, 0.408, 0.408, 0.408, 0.408}, {0.408, x_43+i*x_187, x_44+i*x_188, x_45+i*x_189, x_46+i*x_190, x_47+i*x_191}, {0.408, x_49+i*x_193, x_50+i*x_194, x_51+i*x_195, x_52+i*x_196, x_53+i*x_197}, {}, {}, {}


{0.408, x_73+i*x_217, x_74+i*x_218, x_75+i*x_219, x_76+i*x_220, x_77+i*x_221}, {0.408, x_79+i*x_223, x_80+i*x_224, x_81+i*x_225, x_82+i*x_226, x_83+i*x_227}, {0.408, x_85+i*x_229, x_86+i*x_230, x_87+i*x_231, x_88+i*x_232, x_89+i*x_233}, {}, {}, {}


{0.408, x_109+i*x_253, x_110+i*x_254, x_111+i*x_255, x_112+i*x_256, x_113+i*x_257}, {0.408, x_115+i*x_259, x_116+i*x_260, x_117+i*x_261, x_118+i*x_262, x_119+i*x_263}, {0.408, x_121+i*x_265, x_122+i*x_266, x_123+i*x_267, x_124+i*x_268, x_125+i*x_269}, {}, {}, {}

---------------------
Problem: 
---------------------
Find a point satisfying:

1*{  44  50} + 1*{  46  52} + 1*{ 188 194} + 1*{ 187 193} + 1*{  47  53} + 1*{  45  51} + 1*{  43  49} + 1*{ 189 195} + 0.166667*{} + 1*{ 190 196} + 1*{ 191 197} = 0 

-1*{  51 189} + 1*{  45 195} + -1*{  50 188} + 1*{  44 194} + 1*{  43 193} + -1*{  53 191} + 1*{  46 196} + -1*{  52 190} + -1*{  49 187} + 1*{  47 197} = 0 

-0.166667*{} + 1*{ 289 289} + 1*{ 288 288} = 0 

1*{ 189 219} + 1*{ 188 218} + 1*{ 187 217} + 1*{  45  75} + 1*{  44  74} + 1*{  43  73} + 0.166667*{} + 1*{  46  76} + 1*{ 190 220} + 1*{  47  77} + 1*{ 191 221} + -1*{ 288} = 0 

-1*{  75 189} + 1*{  45 219} + 1*{  46 220} + 1*{  44 218} + -1*{  74 188} + 1*{  43 217} + -1*{ 289} + -1*{  73 187} + 1*{  47 221} + -1*{  76 190} + -1*{  77 191} = 0 

-0.166667*{} + 1*{ 291 291} + 1*{ 290 290} = 0 

-1*{ 290} + 1*{ 189 225} + 1*{  45  81} + 1*{  44  80} + 1*{ 187 223} + 1*{  43  79} + 1*{ 191 227} + 0.166667*{} + 1*{ 188 224} + 1*{  46  82} + 1*{ 190 226} + 1*{  47  83} = 0 

-1*{  81 189} + -1*{  82 190} + 1*{  44 224} + 1*{  43 223} + 1*{  46 226} + -1*{  79 187} + 1*{  45 225} + -1*{ 291} + -1*{  80 188} + 1*{  47 227} + -1*{  83 191} = 0 

-0.166667*{} + 1*{ 293 293} + 1*{ 292 292} = 0 

1*{ 189 231} + 1*{  45  87} + 1*{ 188 230} + 1*{ 187 229} + 1*{ 190 232} + 1*{  44  86} + 1*{  43  85} + 0.166667*{} + -1*{ 292} + 1*{  47  89} + 1*{  46  88} + 1*{ 191 233} = 0 

1*{  45 231} + 1*{  44 230} + 1*{  43 229} + 1*{  46 232} + -1*{  85 187} + -1*{  87 189} + -1*{  86 188} + -1*{  88 190} + 1*{  47 233} + -1*{  89 191} + -1*{ 293} = 0 

-0.166667*{} + 1*{ 295 295} + 1*{ 294 294} = 0 

1*{ 189 255} + 1*{  45 111} + 1*{ 188 254} + 1*{  46 112} + 1*{ 187 253} + 0.166667*{} + 1*{  43 109} + 1*{  44 110} + 1*{ 190 256} + 1*{ 191 257} + 1*{  47 113} + -1*{ 294} = 0 

-1*{ 110 188} + 1*{  45 255} + -1*{ 109 187} + -1*{ 111 189} + 1*{  43 253} + 1*{  47 257} + 1*{  44 254} + 1*{  46 256} + -1*{ 112 190} + -1*{ 113 191} + -1*{ 295} = 0 

-0.166667*{} + 1*{ 297 297} + 1*{ 296 296} = 0 

1*{  43 115} + 1*{  44 116} + 1*{ 188 260} + 1*{  45 117} + 1*{  47 119} + 0.166667*{} + 1*{ 189 261} + -1*{ 296} + 1*{  46 118} + 1*{ 190 262} + 1*{ 187 259} + 1*{ 191 263} = 0 

-1*{ 117 189} + 1*{  45 261} + 1*{  44 260} + -1*{ 115 187} + -1*{ 119 191} + 1*{  46 262} + -1*{ 118 190} + -1*{ 116 188} + 1*{  43 259} + 1*{  47 263} + -1*{ 297} = 0 

-0.166667*{} + 1*{ 299 299} + 1*{ 298 298} = 0 

1*{  45 123} + 1*{  47 125} + 1*{  44 122} + 1*{ 188 266} + 1*{ 190 268} + 1*{  43 121} + 1*{ 189 267} + 1*{  46 124} + -1*{ 298} + 0.166667*{} + 1*{ 187 265} + 1*{ 191 269} = 0 

-1*{ 124 190} + 1*{  44 266} + -1*{ 299} + 1*{  45 267} + -1*{ 123 189} + -1*{ 121 187} + -1*{ 125 191} + 1*{  43 265} + 1*{  46 268} + -1*{ 122 188} + 1*{  47 269} = 0 

-0.166667*{} + 1*{ 187 187} + 1*{  43  43} = 0 

-0.166667*{} + 1*{ 188 188} + 1*{  44  44} = 0 

-0.833333*{} + 1*{  43  43} + 1*{ 187 187} + 1*{  44  44} + 1*{ 188 188} + 1*{  45  45} + 1*{ 189 189} + 1*{  46  46} + 1*{ 190 190} + 1*{  47  47} + 1*{ 191 191} = 0 

0.333333*{  45  46} + 0.166667*{  44  44} + 0.333333*{  44  46} + 0.166667*{  47  47} + 0.333333*{  46  47} + 0.166667*{ 188 188} + 0.166667*{  45  45} + 0.333333*{  43  44} + 0.136083*{  45} + 0.333333*{  43  45} + 0.333333*{ 189 190} + 0.333333*{ 190 191} + 0.136083*{  47} + 0.333333*{  43  46} + 0.333333*{ 189 191} + 0.333333*{ 187 190} + 0.333333*{ 188 191} + 0.333333*{  44  45} + 0.166667*{ 191 191} + 0.166667*{  43  43} + 0.166667*{ 190 190} + 0.333333*{ 187 188} + 0.166667*{ 187 187} + 0.166667*{ 189 189} + 0.333333*{ 188 189} + 0.136083*{  44} + 0.0277778*{} + 0.333333*{  45  47} + 0.136083*{  43} + 0.136083*{  46} + 0.333333*{ 187 189} + 0.333333*{ 188 190} + 0.333333*{  44  47} + 0.333333*{  43  47} + 0.333333*{ 187 191} + 0.166667*{  46  46} = 0 

-0.166667*{} + 1*{ 301 301} + 1*{ 300 300} = 0 

1*{  51  75} + 1*{ 194 218} + 1*{ 196 220} + 1*{ 197 221} + 1*{  50  74} + 1*{  52  76} + 1*{ 195 219} + 1*{ 193 217} + 1*{  49  73} + 0.166667*{} + 1*{  53  77} + -1*{ 300} = 0 

1*{  51 219} + 1*{  50 218} + -1*{  75 195} + 1*{  49 217} + -1*{  77 197} + -1*{  74 194} + 1*{  52 220} + 1*{  53 221} + -1*{  73 193} + -1*{  76 196} + -1*{ 301} = 0 

-0.166667*{} + 1*{ 303 303} + 1*{ 302 302} = 0 

1*{  49  79} + 1*{  50  80} + 1*{  51  81} + -1*{ 302} + 0.166667*{} + 1*{ 195 225} + 1*{ 194 224} + 1*{  52  82} + 1*{ 196 226} + 1*{  53  83} + 1*{ 193 223} + 1*{ 197 227} = 0 

-1*{  81 195} + -1*{  80 194} + -1*{ 303} + -1*{  79 193} + 1*{  50 224} + 1*{  51 225} + 1*{  49 223} + 1*{  53 227} + 1*{  52 226} + -1*{  82 196} + -1*{  83 197} = 0 

-0.166667*{} + 1*{ 305 305} + 1*{ 304 304} = 0 

1*{  49  85} + 1*{  52  88} + 1*{  51  87} + 1*{ 194 230} + 1*{  50  86} + 1*{ 193 229} + 0.166667*{} + 1*{ 196 232} + 1*{  53  89} + 1*{ 195 231} + -1*{ 304} + 1*{ 197 233} = 0 

1*{  51 231} + -1*{  88 196} + -1*{  87 195} + -1*{  85 193} + 1*{  50 230} + 1*{  53 233} + -1*{  86 194} + -1*{  89 197} + 1*{  49 229} + 1*{  52 232} + -1*{ 305} = 0 

-0.166667*{} + 1*{ 307 307} + 1*{ 306 306} = 0 

1*{  52 112} + 1*{  51 111} + 1*{ 194 254} + 1*{  50 110} + 1*{ 195 255} + 1*{  49 109} + 0.166667*{} + 1*{ 197 257} + 1*{ 196 256} + 1*{  53 113} + 1*{ 193 253} + -1*{ 306} = 0 

-1*{ 111 195} + 1*{  51 255} + -1*{ 109 193} + -1*{ 110 194} + 1*{  49 253} + 1*{  50 254} + 1*{  52 256} + -1*{ 307} + 1*{  53 257} + -1*{ 112 196} + -1*{ 113 197} = 0 

-0.166667*{} + 1*{ 309 309} + 1*{ 308 308} = 0 

1*{ 195 261} + 1*{  51 117} + 1*{ 194 260} + 1*{  53 119} + 0.166667*{} + 1*{ 197 263} + 1*{ 193 259} + 1*{  50 116} + 1*{  52 118} + 1*{ 196 262} + 1*{  49 115} + -1*{ 308} = 0 

-1*{ 117 195} + 1*{  51 261} + -1*{ 116 194} + -1*{ 309} + 1*{  50 260} + 1*{  52 262} + -1*{ 115 193} + 1*{  49 259} + -1*{ 119 197} + -1*{ 118 196} + 1*{  53 263} = 0 

-0.166667*{} + 1*{ 311 311} + 1*{ 310 310} = 0 

1*{ 195 267} + 1*{  51 123} + 1*{  50 122} + 1*{ 194 266} + 1*{ 193 265} + 1*{  49 121} + 0.166667*{} + 1*{  52 124} + 1*{ 196 268} + 1*{  53 125} + 1*{ 197 269} + -1*{ 310} = 0 

-1*{ 123 195} + -1*{ 125 197} + -1*{ 311} + -1*{ 122 194} + 1*{  50 266} + -1*{ 121 193} + 1*{  49 265} + 1*{  51 267} + 1*{  52 268} + -1*{ 124 196} + 1*{  53 269} = 0 

-0.166667*{} + 1*{ 193 193} + 1*{  49  49} = 0 

-0.166667*{} + 1*{ 194 194} + 1*{  50  50} = 0 

-0.833333*{} + 1*{ 195 195} + 1*{  53  53} + 1*{  49  49} + 1*{ 193 193} + 1*{  50  50} + 1*{ 194 194} + 1*{  52  52} + 1*{  51  51} + 1*{ 196 196} + 1*{ 197 197} = 0 

0.333333*{ 195 196} + 0.333333*{ 195 197} + 0.333333*{ 194 195} + 0.333333*{  51  52} + 0.333333*{  51  53} + 0.136083*{  52} + 0.333333*{  50  51} + 0.333333*{  49  52} + 0.136083*{  53} + 0.166667*{ 197 197} + 0.333333*{  50  52} + 0.333333*{  49  51} + 0.333333*{ 194 197} + 0.333333*{ 193 197} + 0.166667*{ 195 195} + 0.166667*{ 193 193} + 0.166667*{ 196 196} + 0.333333*{  49  53} + 0.166667*{  51  51} + 0.136083*{  51} + 0.136083*{  49} + 0.0277778*{} + 0.136083*{  50} + 0.166667*{  49  49} + 0.333333*{  49  50} + 0.166667*{  50  50} + 0.333333*{ 196 197} + 0.333333*{ 193 196} + 0.333333*{  50  53} + 0.333333*{ 193 195} + 0.166667*{  53  53} + 0.333333*{ 193 194} + 0.166667*{ 194 194} + 0.333333*{  52  53} + 0.166667*{  52  52} + 0.333333*{ 194 196} = 0 

1*{ 220 226} + 1*{  74  80} + 1*{  75  81} + 1*{ 221 227} + 1*{  77  83} + 1*{ 217 223} + 1*{ 219 225} + 1*{  73  79} + 1*{ 218 224} + 0.166667*{} + 1*{  76  82} = 0 

-1*{  81 219} + -1*{  80 218} + 1*{  74 224} + -1*{  79 217} + 1*{  75 225} + -1*{  83 221} + 1*{  76 226} + 1*{  73 223} + -1*{  82 220} + 1*{  77 227} = 0 

1*{ 218 230} + 1*{ 217 229} + 1*{  74  86} + 1*{  73  85} + 0.166667*{} + 1*{  75  87} + 1*{  76  88} + 1*{ 219 231} + 1*{  77  89} + 1*{ 220 232} + 1*{ 221 233} = 0 

1*{  74 230} + -1*{  85 217} + 1*{  73 229} + -1*{  86 218} + -1*{  87 219} + 1*{  76 232} + 1*{  75 231} + -1*{  88 220} + 1*{  77 233} + -1*{  89 221} = 0 

-0.166667*{} + 1*{ 313 313} + 1*{ 312 312} = 0 

1*{  74 110} + 0.166667*{} + 1*{ 220 256} + 1*{  75 111} + -1*{ 312} + 1*{  77 113} + 1*{ 218 254} + 1*{ 217 253} + 1*{ 219 255} + 1*{  73 109} + 1*{  76 112} + 1*{ 221 257} = 0 

-1*{ 111 219} + -1*{ 110 218} + 1*{  74 254} + 1*{  75 255} + 1*{  73 253} + 1*{  76 256} + -1*{ 109 217} + -1*{ 112 220} + 1*{  77 257} + -1*{ 113 221} + -1*{ 313} = 0 

-0.166667*{} + 1*{ 315 315} + 1*{ 314 314} = 0 

1*{ 219 261} + 1*{ 218 260} + 1*{  74 116} + 1*{  75 117} + 1*{ 217 259} + 0.166667*{} + 1*{  76 118} + 1*{  73 115} + 1*{ 220 262} + 1*{  77 119} + -1*{ 314} + 1*{ 221 263} = 0 

-1*{ 117 219} + 1*{  74 260} + -1*{ 115 217} + 1*{  76 262} + 1*{  75 261} + -1*{ 116 218} + 1*{  73 259} + 1*{  77 263} + -1*{ 118 220} + -1*{ 119 221} + -1*{ 315} = 0 

-0.166667*{} + 1*{ 317 317} + 1*{ 316 316} = 0 

1*{ 218 266} + 1*{  74 122} + 1*{  73 121} + 1*{  75 123} + 1*{ 219 267} + 0.166667*{} + -1*{ 316} + 1*{  76 124} + 1*{ 220 268} + 1*{  77 125} + 1*{ 217 265} + 1*{ 221 269} = 0 

1*{  75 267} + -1*{ 125 221} + -1*{ 123 219} + -1*{ 121 217} + -1*{ 124 220} + 1*{  73 265} + 1*{  76 268} + -1*{ 122 218} + 1*{  74 266} + 1*{  77 269} + -1*{ 317} = 0 

-0.166667*{} + 1*{ 217 217} + 1*{  73  73} = 0 

-0.166667*{} + 1*{ 218 218} + 1*{  74  74} = 0 

-0.833333*{} + 1*{ 219 219} + 1*{  73  73} + 1*{  75  75} + 1*{  77  77} + 1*{ 217 217} + 1*{  74  74} + 1*{ 218 218} + 1*{ 221 221} + 1*{  76  76} + 1*{ 220 220} = 0 

0.333333*{ 219 220} + 0.166667*{  75  75} + 0.333333*{  74  77} + 0.333333*{  75  76} + 0.333333*{ 218 219} + 0.333333*{ 218 221} + 0.333333*{ 218 220} + 0.333333*{ 220 221} + 0.166667*{ 221 221} + 0.136083*{  77} + 0.333333*{ 219 221} + 0.136083*{  75} + 0.333333*{  73  74} + 0.166667*{ 219 219} + 0.333333*{  73  77} + 0.333333*{ 217 218} + 0.166667*{ 218 218} + 0.166667*{  76  76} + 0.333333*{  73  76} + 0.333333*{ 217 221} + 0.333333*{ 217 219} + 0.333333*{  74  75} + 0.333333*{  73  75} + 0.166667*{  74  74} + 0.333333*{ 217 220} + 0.166667*{  73  73} + 0.166667*{ 220 220} + 0.333333*{  75  77} + 0.136083*{  73} + 0.166667*{ 217 217} + 0.136083*{  74} + -0.138889*{} + 0.333333*{  74  76} + 0.333333*{  76  77} + 0.166667*{  77  77} + 0.136083*{  76} = 0 

1*{  81  87} + 1*{ 223 229} + 1*{ 224 230} + 1*{  79  85} + 1*{  80  86} + 0.166667*{} + 1*{ 225 231} + 1*{  82  88} + 1*{ 226 232} + 1*{  83  89} + 1*{ 227 233} = 0 

1*{  81 231} + 1*{  83 233} + -1*{  89 227} + -1*{  85 223} + 1*{  79 229} + -1*{  88 226} + -1*{  87 225} + -1*{  86 224} + 1*{  80 230} + 1*{  82 232} = 0 

-0.166667*{} + 1*{ 319 319} + 1*{ 318 318} = 0 

1*{ 224 254} + 1*{ 223 253} + 1*{  81 111} + 1*{  80 110} + 1*{ 227 257} + 0.166667*{} + 1*{  82 112} + 1*{  79 109} + 1*{ 226 256} + 1*{ 225 255} + 1*{  83 113} + -1*{ 318} = 0 

-1*{ 109 223} + 1*{  81 255} + -1*{ 110 224} + 1*{  79 253} + 1*{  80 254} + 1*{  82 256} + 1*{  83 257} + -1*{ 111 225} + -1*{ 112 226} + -1*{ 113 227} + -1*{ 319} = 0 

-0.166667*{} + 1*{ 321 321} + 1*{ 320 320} = 0 

1*{  81 117} + 1*{ 224 260} + 1*{  80 116} + 1*{ 223 259} + 1*{  79 115} + 0.166667*{} + 1*{  82 118} + 1*{  83 119} + 1*{ 226 262} + -1*{ 320} + 1*{ 225 261} + 1*{ 227 263} = 0 

-1*{ 117 225} + -1*{ 321} + 1*{  81 261} + -1*{ 116 224} + 1*{  80 260} + 1*{  79 259} + -1*{ 115 223} + -1*{ 119 227} + 1*{  83 263} + 1*{  82 262} + -1*{ 118 226} = 0 

-0.166667*{} + 1*{ 323 323} + 1*{ 322 322} = 0 

1*{ 224 266} + 1*{  80 122} + 1*{ 225 267} + 1*{ 223 265} + 1*{  79 121} + 1*{  82 124} + 1*{ 226 268} + 1*{  83 125} + 1*{ 227 269} + 1*{  81 123} + 0.166667*{} + -1*{ 322} = 0 

1*{  81 267} + 1*{  83 269} + 1*{  80 266} + 1*{  79 265} + -1*{ 123 225} + -1*{ 122 224} + -1*{ 121 223} + 1*{  82 268} + -1*{ 323} + -1*{ 124 226} + -1*{ 125 227} = 0 

-0.166667*{} + 1*{ 223 223} + 1*{  79  79} = 0 

-0.166667*{} + 1*{ 224 224} + 1*{  80  80} = 0 

-0.833333*{} + 1*{  83  83} + 1*{  79  79} + 1*{ 223 223} + 1*{  80  80} + 1*{ 224 224} + 1*{ 226 226} + 1*{  81  81} + 1*{ 225 225} + 1*{  82  82} + 1*{ 227 227} = 0 

0.166667*{  80  80} + 0.333333*{  80  83} + 0.333333*{  79  82} + 0.166667*{ 223 223} + 0.333333*{ 223 225} + 0.333333*{  80  81} + 0.166667*{ 227 227} + 0.333333*{ 224 227} + 0.333333*{ 226 227} + 0.166667*{ 225 225} + 0.166667*{  82  82} + 0.333333*{  79  83} + 0.333333*{  81  82} + 0.166667*{  81  81} + 0.333333*{  80  82} + 0.333333*{ 225 227} + 0.333333*{ 224 226} + 0.166667*{  79  79} + 0.333333*{ 225 226} + 0.166667*{ 224 224} + 0.333333*{  79  80} + 0.166667*{ 226 226} + 0.333333*{  81  83} + 0.333333*{ 224 225} + -0.138889*{} + 0.166667*{  83  83} + 0.136083*{  81} + 0.333333*{ 223 224} + 0.136083*{  80} + 0.333333*{  82  83} + 0.136083*{  83} + 0.136083*{  82} + 0.333333*{  79  81} + 0.136083*{  79} + 0.333333*{ 223 227} + 0.333333*{ 223 226} = 0 

-0.166667*{} + 1*{ 325 325} + 1*{ 324 324} = 0 

1*{  86 110} + 1*{  87 111} + 1*{  89 113} + 1*{  85 109} + 1*{ 231 255} + 1*{ 233 257} + 1*{ 229 253} + 0.166667*{} + 1*{  88 112} + 1*{ 232 256} + 1*{ 230 254} + -1*{ 324} = 0 

-1*{ 111 231} + 1*{  87 255} + -1*{ 109 229} + -1*{ 110 230} + 1*{  85 253} + 1*{  86 254} + -1*{ 112 232} + 1*{  88 256} + -1*{ 113 233} + 1*{  89 257} + -1*{ 325} = 0 

-0.166667*{} + 1*{ 327 327} + 1*{ 326 326} = 0 

1*{  85 115} + 1*{  87 117} + 1*{  86 116} + 1*{ 229 259} + 0.166667*{} + 1*{ 231 261} + 1*{ 232 262} + 1*{  89 119} + 1*{ 230 260} + 1*{ 233 263} + 1*{  88 118} + -1*{ 326} = 0 

1*{  87 261} + -1*{ 327} + 1*{  86 260} + 1*{  88 262} + -1*{ 115 229} + 1*{  85 259} + -1*{ 117 231} + -1*{ 118 232} + -1*{ 116 230} + 1*{  89 263} + -1*{ 119 233} = 0 

-0.166667*{} + 1*{ 329 329} + 1*{ 328 328} = 0 

1*{  87 123} + 1*{  86 122} + 1*{ 231 267} + 1*{ 233 269} + 1*{ 229 265} + 0.166667*{} + 1*{ 230 266} + 1*{  88 124} + 1*{  89 125} + 1*{ 232 268} + 1*{  85 121} + -1*{ 328} = 0 

1*{  86 266} + -1*{ 122 230} + -1*{ 121 229} + 1*{  85 265} + -1*{ 125 233} + 1*{  87 267} + 1*{  88 268} + -1*{ 124 232} + -1*{ 123 231} + -1*{ 329} + 1*{  89 269} = 0 

-0.166667*{} + 1*{ 229 229} + 1*{  85  85} = 0 

-0.166667*{} + 1*{ 230 230} + 1*{  86  86} = 0 

-0.833333*{} + 1*{ 230 230} + 1*{  89  89} + 1*{  85  85} + 1*{  86  86} + 1*{ 232 232} + 1*{ 229 229} + 1*{  87  87} + 1*{  88  88} + 1*{ 231 231} + 1*{ 233 233} = 0 

0.333333*{ 231 233} + 0.166667*{  87  87} + 0.333333*{  87  89} + 0.333333*{ 230 233} + 0.166667*{  86  86} + 0.166667*{ 229 229} + 0.333333*{  86  88} + 0.136083*{  89} + 0.333333*{ 229 230} + 0.333333*{ 232 233} + 0.166667*{  85  85} + 0.166667*{ 232 232} + 0.166667*{ 230 230} + 0.166667*{ 231 231} + 0.333333*{  87  88} + 0.333333*{  85  86} + 0.333333*{  85  87} + 0.333333*{  85  88} + 0.166667*{  88  88} + 0.333333*{ 231 232} + 0.166667*{  89  89} + 0.136083*{  88} + 0.333333*{  88  89} + 0.333333*{ 229 233} + 0.166667*{ 233 233} + 0.136083*{  86} + 0.136083*{  85} + 0.333333*{  85  89} + 0.333333*{ 230 232} + 0.333333*{ 229 232} + 0.136083*{  87} + -0.138889*{} + 0.333333*{  86  89} + 0.333333*{ 230 231} + 0.333333*{ 229 231} + 0.333333*{  86  87} = 0 

1*{ 255 261} + 1*{ 111 117} + 1*{ 254 260} + 1*{ 110 116} + 1*{ 112 118} + 1*{ 253 259} + 1*{ 109 115} + 1*{ 113 119} + 1*{ 257 263} + 0.166667*{} + 1*{ 256 262} = 0 

-1*{ 117 255} + 1*{ 111 261} + 1*{ 110 260} + -1*{ 116 254} + -1*{ 115 253} + -1*{ 119 257} + 1*{ 109 259} + -1*{ 118 256} + 1*{ 112 262} + 1*{ 113 263} = 0 

1*{ 113 125} + 1*{ 255 267} + 1*{ 256 268} + 1*{ 110 122} + 1*{ 111 123} + 1*{ 109 121} + 1*{ 253 265} + 0.166667*{} + 1*{ 254 266} + 1*{ 257 269} + 1*{ 112 124} = 0 

-1*{ 123 255} + 1*{ 111 267} + 1*{ 110 266} + -1*{ 122 254} + -1*{ 124 256} + 1*{ 109 265} + -1*{ 121 253} + 1*{ 112 268} + 1*{ 113 269} + -1*{ 125 257} = 0 

-0.166667*{} + 1*{ 253 253} + 1*{ 109 109} = 0 

-0.166667*{} + 1*{ 254 254} + 1*{ 110 110} = 0 

-0.833333*{} + 1*{ 109 109} + 1*{ 257 257} + 1*{ 253 253} + 1*{ 254 254} + 1*{ 110 110} + 1*{ 111 111} + 1*{ 255 255} + 1*{ 112 112} + 1*{ 256 256} + 1*{ 113 113} = 0 

0.333333*{ 110 111} + 0.166667*{ 256 256} + 0.333333*{ 255 256} + 0.333333*{ 254 256} + 0.166667*{ 112 112} + 0.333333*{ 110 112} + 0.136083*{ 111} + 0.333333*{ 110 113} + 0.333333*{ 109 113} + 0.333333*{ 253 255} + 0.333333*{ 109 112} + 0.333333*{ 111 112} + 0.166667*{ 111 111} + 0.333333*{ 109 111} + 0.333333*{ 254 255} + 0.136083*{ 110} + 0.166667*{ 113 113} + 0.333333*{ 254 257} + 0.333333*{ 109 110} + 0.333333*{ 111 113} + 0.166667*{ 257 257} + 0.166667*{ 110 110} + 0.333333*{ 253 256} + 0.333333*{ 255 257} + 0.166667*{ 255 255} + 0.136083*{ 112} + 0.333333*{ 112 113} + 0.166667*{ 254 254} + 0.333333*{ 256 257} + 0.166667*{ 109 109} + 0.136083*{ 109} + -0.138889*{} + 0.136083*{ 113} + 0.333333*{ 253 257} + 0.333333*{ 253 254} + 0.166667*{ 253 253} = 0 

1*{ 117 123} + 1*{ 261 267} + 1*{ 116 122} + 1*{ 118 124} + 0.166667*{} + 1*{ 259 265} + 1*{ 263 269} + 1*{ 115 121} + 1*{ 262 268} + 1*{ 260 266} + 1*{ 119 125} = 0 

-1*{ 123 261} + -1*{ 122 260} + 1*{ 118 268} + 1*{ 117 267} + 1*{ 116 266} + -1*{ 124 262} + -1*{ 121 259} + 1*{ 115 265} + 1*{ 119 269} + -1*{ 125 263} = 0 

-0.166667*{} + 1*{ 259 259} + 1*{ 115 115} = 0 

-0.166667*{} + 1*{ 260 260} + 1*{ 116 116} = 0 

-0.833333*{} + 1*{ 115 115} + 1*{ 261 261} + 1*{ 118 118} + 1*{ 259 259} + 1*{ 262 262} + 1*{ 116 116} + 1*{ 119 119} + 1*{ 260 260} + 1*{ 263 263} + 1*{ 117 117} = 0 

0.333333*{ 261 263} + 0.166667*{ 117 117} + 0.166667*{ 260 260} + 0.333333*{ 116 118} + 0.333333*{ 260 262} + 0.333333*{ 259 261} + 0.136083*{ 118} + -0.138889*{} + 0.166667*{ 259 259} + 0.333333*{ 115 118} + 0.333333*{ 259 262} + 0.333333*{ 115 117} + 0.166667*{ 263 263} + 0.333333*{ 115 119} + 0.166667*{ 262 262} + 0.136083*{ 115} + 0.333333*{ 261 262} + 0.333333*{ 118 119} + 0.166667*{ 261 261} + 0.166667*{ 118 118} + 0.333333*{ 117 118} + 0.166667*{ 115 115} + 0.136083*{ 117} + 0.333333*{ 115 116} + 0.136083*{ 119} + 0.333333*{ 116 119} + 0.333333*{ 262 263} + 0.136083*{ 116} + 0.333333*{ 259 263} + 0.333333*{ 260 263} + 0.333333*{ 260 261} + 0.333333*{ 117 119} + 0.166667*{ 119 119} + 0.333333*{ 259 260} + 0.166667*{ 116 116} + 0.333333*{ 116 117} = 0 

-0.166667*{} + 1*{ 265 265} + 1*{ 121 121} = 0 

1*{ 266 266} + -0.166667*{} + 1*{ 122 122} = 0 

-0.833333*{} + 1*{ 122 122} + 1*{ 121 121} + 1*{ 265 265} + 1*{ 266 266} + 1*{ 269 269} + 1*{ 123 123} + 1*{ 267 267} + 1*{ 268 268} + 1*{ 124 124} + 1*{ 125 125} = 0 

0.136083*{ 124} + 0.333333*{ 267 269} + 0.166667*{ 122 122} + 0.166667*{ 267 267} + 0.333333*{ 121 124} + 0.333333*{ 121 125} + 0.333333*{ 265 266} + 0.166667*{ 125 125} + 0.333333*{ 123 125} + 0.333333*{ 122 124} + 0.166667*{ 265 265} + 0.333333*{ 265 268} + 0.333333*{ 265 269} + 0.333333*{ 122 125} + 0.136083*{ 123} + 0.166667*{ 266 266} + 0.136083*{ 125} + 0.333333*{ 122 123} + 0.333333*{ 123 124} + 0.166667*{ 124 124} + 0.333333*{ 267 268} + 0.333333*{ 121 123} + 0.166667*{ 268 268} + 0.136083*{ 122} + 0.166667*{ 269 269} + 0.166667*{ 123 123} + 0.333333*{ 266 269} + 0.333333*{ 121 122} + 0.333333*{ 266 268} + 0.333333*{ 266 267} + 0.136083*{ 121} + 0.333333*{ 268 269} + 0.333333*{ 124 125} + -0.138889*{} + 0.333333*{ 265 267} + 0.166667*{ 121 121} = 0 

---------------------
Summary:
---------------------
set sizes: {3, 3, 3, 3}, vars: 122, vectors: 12, equations: 109, indep eqn: 109

---------------------
Optimization:
---------------------
1 5.701e+00 5.701e+00
2 2.977e+02 5.701e+00
3 1.270e+02 5.701e+00
4 4.757e+01 5.701e+00
5 1.671e+01 5.701e+00
6 5.813e+00 5.701e+00
7 2.005e+00 2.005e+00
8 1.331e+00 1.331e+00
9 4.553e-01 4.553e-01
10 1.639e-01 1.639e-01
11 1.799e-01 1.639e-01
12 6.223e-02 6.223e-02
13 4.908e-01 6.223e-02
14 1.681e-01 6.223e-02
15 5.841e-02 5.841e-02
16 2.061e-02 2.061e-02
17 7.606e-03 7.606e-03
18 3.129e-03 3.129e-03
19 2.404e+00 3.129e-03
20 7.981e-01 3.129e-03
21 2.646e-01 3.129e-03
22 8.902e-02 3.129e-03
23 3.087e-02 3.129e-03
24 1.097e-02 3.129e-03
25 1.117e-02 3.129e-03
26 3.694e-03 3.129e-03
27 1.295e-03 1.295e-03
28 4.776e-04 4.776e-04
29 1.753e-04 1.753e-04
30 6.189e-05 6.189e-05
31 2.107e-05 2.107e-05
32 7.039e-06 7.039e-06
33 2.372e-06 2.372e-06
34 8.315e-07 8.315e-07
35 3.106e-07 3.106e-07
36 1.227e-07 1.227e-07
37 4.943e-08 4.943e-08
38 2.000e-08 2.000e-08
39 8.111e-09 8.111e-09
40 3.298e-09 3.298e-09
41 1.346e-09 1.346e-09
42 5.517e-10 5.517e-10
43 2.284e-10 2.284e-10
44 1.009e-10 1.009e-10
45 7.308e-11 7.308e-11
46 3.886e-10 7.308e-11
47 1.201e-10 7.308e-11
48 1.940e-10 7.308e-11
49 6.369e-11 6.369e-11
50 2.006e-11 2.006e-11
51 6.768e-12 6.768e-12
52 3.104e-12 3.104e-12
53 2.584e-11 3.104e-12
54 1.106e-11 3.104e-12
55 1.232e-11 3.104e-12
56 4.340e-12 3.104e-12
57 2.391e-12 2.391e-12
58 1.289e-12 1.289e-12
59 6.432e-13 6.432e-13
60 3.102e-13 3.102e-13
61 1.666e-13 1.666e-13
62 1.502e-13 1.502e-13
63 7.052e-14 7.052e-14
1 (precision) 2.294e-13 7.052e-14 (from 7.052e-14)
2 (precision) 6.626e-13 7.052e-14 (from 7.052e-14)
3 (precision) 1.812e-13 7.052e-14 (from 7.052e-14)
4 (precision) 1.137e-13 7.052e-14 (from 7.052e-14)
5 (precision) 1.097e-14 1.097e-14 (from 7.052e-14)
6 (precision) 3.597e-16 3.597e-16 (from 7.052e-14)
7 (precision) 1.703e-14 3.597e-16 (from 7.052e-14)
8 (precision) 9.383e-15 3.597e-16 (from 7.052e-14)
9 (precision) 3.762e-15 3.597e-16 (from 7.052e-14)
10 (precision) 9.481e-15 3.597e-16 (from 7.052e-14)
11 (precision) 1.299e-14 3.597e-16 (from 7.052e-14)
12 (precision) 5.041e-13 3.597e-16 (from 7.052e-14)
13 (precision) 1.396e-13 3.597e-16 (from 7.052e-14)
14 (precision) 3.725e-14 3.597e-16 (from 7.052e-14)
15 (precision) 2.726e-14 3.597e-16 (from 7.052e-14)
16 (precision) 7.192e-15 3.597e-16 (from 7.052e-14)
17 (precision) 1.634e-14 3.597e-16 (from 7.052e-14)
18 (precision) 7.387e-15 3.597e-16 (from 7.052e-14)
19 (precision) 7.601e-08 3.597e-16 (from 7.052e-14)
20 (precision) 2.102e-08 3.597e-16 (from 7.052e-14)
21 (precision) 5.856e-09 3.597e-16 (from 7.052e-14)
22 (precision) 1.669e-09 3.597e-16 (from 7.052e-14)
23 (precision) 5.057e-10 3.597e-16 (from 7.052e-14)
24 (precision) 1.747e-10 3.597e-16 (from 7.052e-14)
25 (precision) 6.878e-11 3.597e-16 (from 7.052e-14)
26 (precision) 2.832e-11 3.597e-16 (from 7.052e-14)
27 (precision) 1.150e-11 3.597e-16 (from 7.052e-14)
28 (precision) 5.076e-12 3.597e-16 (from 7.052e-14)
29 (precision) 2.085e-12 3.597e-16 (from 7.052e-14)
30 (precision) 8.660e-13 3.597e-16 (from 7.052e-14)
31 (precision) 3.709e-13 3.597e-16 (from 7.052e-14)
32 (precision) 1.673e-13 3.597e-16 (from 7.052e-14)
33 (precision) 6.002e-14 3.597e-16 (from 7.052e-14)
34 (precision) 2.573e-14 3.597e-16 (from 7.052e-14)
35 (precision) 1.016e-14 3.597e-16 (from 7.052e-14)
36 (precision) 1.768e-14 3.597e-16 (from 7.052e-14)
37 (precision) 1.818e-14 3.597e-16 (from 7.052e-14)
38 (precision) 1.796e-16 1.796e-16 (from 7.052e-14)
39 (precision) 3.139e-16 1.796e-16 (from 7.052e-14)
40 (precision) 1.174e-14 1.796e-16 (from 7.052e-14)
41 (precision) 7.054e-14 1.796e-16 (from 7.052e-14)
42 (precision) 3.774e-14 1.796e-16 (from 7.052e-14)
43 (precision) 2.263e-15 1.796e-16 (from 7.052e-14)
44 (precision) 3.346e-13 1.796e-16 (from 7.052e-14)
45 (precision) 9.724e-14 1.796e-16 (from 7.052e-14)
46 (precision) 2.516e-14 1.796e-16 (from 7.052e-14)
47 (precision) 1.176e-15 1.796e-16 (from 7.052e-14)
48 (precision) 1.377e-14 1.796e-16 (from 7.052e-14)
49 (precision) 2.239e-14 1.796e-16 (from 7.052e-14)
50 (precision) 1.648e-14 1.796e-16 (from 7.052e-14)
51 (precision) 4.392e-15 1.796e-16 (from 7.052e-14)
52 (precision) 7.227e-15 1.796e-16 (from 7.052e-14)
53 (precision) 3.721e-15 1.796e-16 (from 7.052e-14)
54 (precision) 1.845e-14 1.796e-16 (from 7.052e-14)
55 (precision) 2.328e-15 1.796e-16 (from 7.052e-14)
56 (precision) 1.229e-14 1.796e-16 (from 7.052e-14)
57 (precision) 2.819e-15 1.796e-16 (from 7.052e-14)
58 (precision) 1.028e-14 1.796e-16 (from 7.052e-14)
59 (precision) 3.620e-14 1.796e-16 (from 7.052e-14)
60 (precision) 6.467e-15 1.796e-16 (from 7.052e-14)
61 (precision) 5.130e-15 1.796e-16 (from 7.052e-14)
62 (precision) 6.985e-16 1.796e-16 (from 7.052e-14)
63 (precision) 3.324e-15 1.796e-16 (from 7.052e-14)
64 (precision) 4.061e-15 1.796e-16 (from 7.052e-14)
65 (precision) 5.389e-15 1.796e-16 (from 7.052e-14)
66 (precision) 2.356e-14 1.796e-16 (from 7.052e-14)
67 (precision) 1.635e-10 1.796e-16 (from 7.052e-14)
68 (precision) 4.510e-11 1.796e-16 (from 7.052e-14)
69 (precision) 1.244e-11 1.796e-16 (from 7.052e-14)
70 (precision) 3.462e-12 1.796e-16 (from 7.052e-14)
71 (precision) 9.532e-13 1.796e-16 (from 7.052e-14)
72 (precision) 2.923e-13 1.796e-16 (from 7.052e-14)
73 (precision) 1.132e-13 1.796e-16 (from 7.052e-14)
74 (precision) 1.981e-13 1.796e-16 (from 7.052e-14)
75 (precision) 1.019e-13 1.796e-16 (from 7.052e-14)
76 (precision) 4.556e-13 1.796e-16 (from 7.052e-14)
77 (precision) 1.381e-13 1.796e-16 (from 7.052e-14)
78 (precision) 6.431e-14 1.796e-16 (from 7.052e-14)
79 (precision) 1.116e-13 1.796e-16 (from 7.052e-14)
80 (precision) 4.067e-14 1.796e-16 (from 7.052e-14)
81 (precision) 7.252e-14 1.796e-16 (from 7.052e-14)
82 (precision) 3.229e-14 1.796e-16 (from 7.052e-14)
83 (precision) 1.544e-14 1.796e-16 (from 7.052e-14)
84 (precision) 2.403e-14 1.796e-16 (from 7.052e-14)
85 (precision) 4.670e-14 1.796e-16 (from 7.052e-14)
86 (precision) 1.948e-14 1.796e-16 (from 7.052e-14)
87 (precision) 8.850e-15 1.796e-16 (from 7.052e-14)
88 (precision) 1.486e-15 1.796e-16 (from 7.052e-14)
89 (precision) 2.642e-15 1.796e-16 (from 7.052e-14)
90 (precision) 1.484e-14 1.796e-16 (from 7.052e-14)
91 (precision) 3.726e-14 1.796e-16 (from 7.052e-14)
92 (precision) 9.942e-15 1.796e-16 (from 7.052e-14)
93 (precision) 2.737e-15 1.796e-16 (from 7.052e-14)
94 (precision) 3.245e-16 1.796e-16 (from 7.052e-14)
95 (precision) 7.897e-15 1.796e-16 (from 7.052e-14)
96 (precision) 3.053e-16 1.796e-16 (from 7.052e-14)
97 (precision) 1.746e-14 1.796e-16 (from 7.052e-14)
98 (precision) 3.376e-14 1.796e-16 (from 7.052e-14)
99 (precision) 9.653e-15 1.796e-16 (from 7.052e-14)
100 (precision) 8.597e-15 1.796e-16 (from 7.052e-14)

x: -1.755e-01  7.060e-02 -2.308e-01 -2.883e-01  2.158e-01 -4.032e-01 -3.802e-01 -2.517e-01  3.649e-01  2.623e-01  3.917e-01 -3.275e-02  1.260e-01 -2.518e-01  3.116e-01  4.619e-02  4.046e-01  1.846e-01 -8.723e-03 -1.083e-01 -3.113e-01 -3.562e-01  1.935e-01  2.109e-01 -3.078e-01 -5.961e-02 -4.082e-01  4.307e-01  1.933e-01  4.218e-01 -2.856e-02  1.944e-01 -2.998e-01  3.853e-01  2.648e-01 -2.679e-01  3.752e-01  4.624e-01  1.468e-01 -2.389e-01 -3.686e-01  4.021e-01 -1.968e-02  3.908e-01 -4.049e-01 -6.403e-02 -1.486e-01  3.532e-01 -2.940e-01  1.534e-01  1.151e-01 -4.069e-01  3.889e-01 -4.149e-01  1.462e-02  4.056e-01  5.428e-02 -3.668e-01  8.915e-02 -5.582e-01  2.642e-01 -1.995e-01  3.405e-01  4.291e-01  1.524e-01 -4.039e-01 -5.191e-03 -1.367e-01  1.264e-01  2.540e-01  4.072e-01 -3.590e-01  3.756e-02  4.184e-01 -1.229e-01  3.080e-01  1.609e-01  1.981e-01 -3.733e-01  1.702e-01 -1.754e-01  3.687e-01  2.640e-01 -3.114e-01 -5.405e-02 -4.047e-01  1.802e-01  3.663e-01  1.187e-01 -3.906e-01 -2.280e-01 -3.387e-01  2.940e-01 -2.832e-01 -3.593e-01 -1.938e-01  4.054e-01  4.820e-02  3.988e-01  8.748e-02  2.885e-01  2.889e-01  1.688e-01 -3.717e-01  1.474e-01 -3.807e-01  1.290e-01  3.873e-01  2.007e-01  3.555e-01 -2.136e-01  3.479e-01  3.944e-01 -1.053e-01  3.488e-01  2.122e-01  2.656e-01 -3.100e-01  4.009e-01  7.718e-02  2.929e-01 -2.844e-01  2.636e-12

grad: -2.424e-25  1.046e-25 -2.122e-25 -1.182e-25  1.011e-25  6.937e-27 -1.935e-26  9.481e-27  5.564e-27  7.662e-27  9.026e-26 -8.289e-27  5.698e-26  1.916e-26 -1.119e-26 -5.496e-27  2.551e-25  3.299e-26 -9.097e-28 -5.993e-26 -7.160e-26 -2.573e-26  1.526e-26  8.560e-26 -5.633e-26  3.002e-26 -2.399e-25  1.342e-25  1.796e-26  1.660e-25 -3.374e-26  3.529e-26 -5.606e-26  5.418e-26  2.208e-26 -5.639e-26  6.526e-26  3.247e-26  4.392e-26 -2.389e-26 -1.778e-25  3.682e-25 -3.391e-26  2.681e-25 -3.243e-25 -4.957e-27 -7.419e-27  1.973e-27 -4.379e-27  1.372e-26  3.995e-26 -1.166e-25  6.514e-26 -7.241e-26  7.629e-26  1.506e-25  4.983e-26 -1.186e-25  1.512e-26 -1.636e-25  4.903e-26 -3.776e-26  1.120e-25  8.123e-26  2.458e-26 -1.351e-25 -1.077e-26 -3.382e-26 -1.125e-26  1.310e-25  4.281e-26 -5.689e-26  3.623e-27  9.942e-26 -3.212e-26  6.348e-26  2.266e-26  1.559e-26  9.795e-27 -1.824e-26  9.680e-26  3.636e-26  7.389e-28  3.566e-26 -2.119e-26  6.828e-26  5.686e-26 -1.073e-25 -3.934e-26 -2.948e-26 -3.936e-26  1.007e-26 -1.314e-27 -5.522e-27 -2.220e-26 -1.782e-26  5.856e-27 -3.427e-27 -3.705e-27  4.563e-27  1.228e-26  1.129e-26  2.410e-28 -1.297e-27 -6.206e-27  3.293e-26  1.856e-26  4.547e-27  1.624e-27 -3.235e-27  5.165e-26 -6.751e-27  5.130e-27  2.940e-26  4.698e-26  3.565e-26 -3.350e-27  1.672e-26 -2.425e-26 -2.522e-26 -7.484e-27  3.731e-28  8.597e-15

finished in 63 iterations (0.291 seconds total)
max viol = 1.62e-08

---------------------
Result:
---------------------

{(1,0), (0,0), (0,0), (0,0), (0,0), (0,0)}, {(0,0), (1,0), (0,0), (0,0), (0,0), (0,0)}, {(0,0), (0,0), (1,0), (0,0), (0,0), (0,0)}, {}, {}, {}


{(0.408,0), (0.408,0), (0.408,0), (0.408,0), (0.408,0), (0.408,0)}, {(0.408,0), (-0.176,-0.369), (0.0706,0.402), (-0.231,-0.0197), (-0.288,0.391), (0.216,-0.405)}, {(0.408,0), (-0.403,-0.064), (-0.38,-0.149), (-0.252,0.353), (0.365,-0.294), (0.262,0.153)}, {}, {}, {}


{(0.408,0), (0.392,0.115), (-0.0327,-0.407), (0.126,0.389), (-0.252,-0.415), (0.312,0.0146)}, {(0.408,0), (0.0462,0.406), (0.405,0.0543), (0.185,-0.367), (-0.00872,0.0891), (-0.108,-0.558)}, {(0.408,0), (-0.311,0.264), (-0.356,-0.2), (0.193,0.341), (0.211,0.429), (-0.308,0.152)}, {}, {}, {}


{(0.408,0), (-0.0596,-0.404), (-0.408,-0.00519), (0.431,-0.137), (0.193,0.126), (0.422,0.254)}, {(0.408,0), (-0.0286,0.407), (0.194,-0.359), (-0.3,0.0376), (0.385,0.418), (0.265,-0.123)}, {(0.408,0), (-0.268,0.308), (0.375,0.161), (0.462,0.198), (0.147,-0.373), (-0.239,0.17)}, {}, {}, {}

---------------------
Abs of Gram matrix:
---------------------

 { { +1.0000, +0.0000, +0.0000, +0.0000, +0.0000, +0.0000, +0.4082, +0.4082, +0.4082, +0.0000, +0.0000, +0.0000, +0.4082, +0.4082, +0.4082, +0.0000, +0.0000, +0.0000, +0.4082, +0.4082, +0.4082, +0.0000, +0.0000, +0.0000}, 
   { +0.0000, +1.0000, +0.0000, +0.0000, +0.0000, +0.0000, +0.4082, +0.4082, +0.4082, +0.0000, +0.0000, +0.0000, +0.4082, +0.4082, +0.4082, +0.0000, +0.0000, +0.0000, +0.4082, +0.4082, +0.4082, +0.0000, +0.0000, +0.0000}, 
   { +0.0000, +0.0000, +1.0000, +0.0000, +0.0000, +0.0000, +0.4082, +0.4082, +0.4082, +0.0000, +0.0000, +0.0000, +0.4082, +0.4082, +0.4082, +0.0000, +0.0000, +0.0000, +0.4082, +0.4082, +0.4082, +0.0000, +0.0000, +0.0000}, 
   { +0.0000, +0.0000, +0.0000, +0.0000, +0.0000, +0.0000, +0.0000, +0.0000, +0.0000, +0.0000, +0.0000, +0.0000, +0.0000, +0.0000, +0.0000, +0.0000, +0.0000, +0.0000, +0.0000, +0.0000, +0.0000, +0.0000, +0.0000, +0.0000}, 
   { +0.0000, +0.0000, +0.0000, +0.0000, +0.0000, +0.0000, +0.0000, +0.0000, +0.0000, +0.0000, +0.0000, +0.0000, +0.0000, +0.0000, +0.0000, +0.0000, +0.0000, +0.0000, +0.0000, +0.0000, +0.0000, +0.0000, +0.0000, +0.0000}, 
   { +0.0000, +0.0000, +0.0000, +0.0000, +0.0000, +0.0000, +0.0000, +0.0000, +0.0000, +0.0000, +0.0000, +0.0000, +0.0000, +0.0000, +0.0000, +0.0000, +0.0000, +0.0000, +0.0000, +0.0000, +0.0000, +0.0000, +0.0000, +0.0000}, 
   { +0.4082, +0.4082, +0.4082, +0.0000, +0.0000, +0.0000, +1.0000, +0.0001, +0.0001, +0.0000, +0.0000, +0.0000, +0.4082, +0.4082, +0.4082, +0.0000, +0.0000, +0.0000, +0.4082, +0.4082, +0.4082, +0.0000, +0.0000, +0.0000}, 
   { +0.4082, +0.4082, +0.4082, +0.0000, +0.0000, +0.0000, +0.0001, +1.0000, +0.0000, +0.0000, +0.0000, +0.0000, +0.4082, +0.4082, +0.4082, +0.0000, +0.0000, +0.0000, +0.4082, +0.4082, +0.4082, +0.0000, +0.0000, +0.0000}, 
   { +0.4082, +0.4082, +0.4082, +0.0000, +0.0000, +0.0000, +0.0001, +0.0000, +1.0000, +0.0000, +0.0000, +0.0000, +0.4082, +0.4082, +0.4082, +0.0000, +0.0000, +0.0000, +0.4082, +0.4082, +0.4082, +0.0000, +0.0000, +0.0000}, 
   { +0.0000, +0.0000, +0.0000, +0.0000, +0.0000, +0.0000, +0.0000, +0.0000, +0.0000, +0.0000, +0.0000, +0.0000, +0.0000, +0.0000, +0.0000, +0.0000, +0.0000, +0.0000, +0.0000, +0.0000, +0.0000, +0.0000, +0.0000, +0.0000}, 
   { +0.0000, +0.0000, +0.0000, +0.0000, +0.0000, +0.0000, +0.0000, +0.0000, +0.0000, +0.0000, +0.0000, +0.0000, +0.0000, +0.0000, +0.0000, +0.0000, +0.0000, +0.0000, +0.0000, +0.0000, +0.0000, +0.0000, +0.0000, +0.0000}, 
   { +0.0000, +0.0000, +0.0000, +0.0000, +0.0000, +0.0000, +0.0000, +0.0000, +0.0000, +0.0000, +0.0000, +0.0000, +0.0000, +0.0000, +0.0000, +0.0000, +0.0000, +0.0000, +0.0000, +0.0000, +0.0000, +0.0000, +0.0000, +0.0000}, 
   { +0.4082, +0.4082, +0.4082, +0.0000, +0.0000, +0.0000, +0.4082, +0.4082, +0.4082, +0.0000, +0.0000, +0.0000, +1.0000, +0.0000, +0.0000, +0.0000, +0.0000, +0.0000, +0.4082, +0.4082, +0.4082, +0.0000, +0.0000, +0.0000}, 
   { +0.4082, +0.4082, +0.4082, +0.0000, +0.0000, +0.0000, +0.4082, +0.4082, +0.4082, +0.0000, +0.0000, +0.0000, +0.0000, +1.0000, +0.0000, +0.0000, +0.0000, +0.0000, +0.4082, +0.4082, +0.4082, +0.0000, +0.0000, +0.0000}, 
   { +0.4082, +0.4082, +0.4082, +0.0000, +0.0000, +0.0000, +0.4082, +0.4082, +0.4082, +0.0000, +0.0000, +0.0000, +0.0000, +0.0000, +1.0000, +0.0000, +0.0000, +0.0000, +0.4082, +0.4082, +0.4082, +0.0000, +0.0000, +0.0000}, 
   { +0.0000, +0.0000, +0.0000, +0.0000, +0.0000, +0.0000, +0.0000, +0.0000, +0.0000, +0.0000, +0.0000, +0.0000, +0.0000, +0.0000, +0.0000, +0.0000, +0.0000, +0.0000, +0.0000, +0.0000, +0.0000, +0.0000, +0.0000, +0.0000}, 
   { +0.0000, +0.0000, +0.0000, +0.0000, +0.0000, +0.0000, +0.0000, +0.0000, +0.0000, +0.0000, +0.0000, +0.0000, +0.0000, +0.0000, +0.0000, +0.0000, +0.0000, +0.0000, +0.0000, +0.0000, +0.0000, +0.0000, +0.0000, +0.0000}, 
   { +0.0000, +0.0000, +0.0000, +0.0000, +0.0000, +0.0000, +0.0000, +0.0000, +0.0000, +0.0000, +0.0000, +0.0000, +0.0000, +0.0000, +0.0000, +0.0000, +0.0000, +0.0000, +0.0000, +0.0000, +0.0000, +0.0000, +0.0000, +0.0000}, 
   { +0.4082, +0.4082, +0.4082, +0.0000, +0.0000, +0.0000, +0.4082, +0.4082, +0.4082, +0.0000, +0.0000, +0.0000, +0.4082, +0.4082, +0.4082, +0.0000, +0.0000, +0.0000, +1.0000, +0.0000, +0.0000, +0.0000, +0.0000, +0.0000}, 
   { +0.4082, +0.4082, +0.4082, +0.0000, +0.0000, +0.0000, +0.4082, +0.4082, +0.4082, +0.0000, +0.0000, +0.0000, +0.4082, +0.4082, +0.4082, +0.0000, +0.0000, +0.0000, +0.0000, +1.0000, +0.0000, +0.0000, +0.0000, +0.0000}, 
   { +0.4082, +0.4082, +0.4082, +0.0000, +0.0000, +0.0000, +0.4082, +0.4082, +0.4082, +0.0000, +0.0000, +0.0000, +0.4082, +0.4082, +0.4082, +0.0000, +0.0000, +0.0000, +0.0000, +0.0000, +1.0000, +0.0000, +0.0000, +0.0000}, 
   { +0.0000, +0.0000, +0.0000, +0.0000, +0.0000, +0.0000, +0.0000, +0.0000, +0.0000, +0.0000, +0.0000, +0.0000, +0.0000, +0.0000, +0.0000, +0.0000, +0.0000, +0.0000, +0.0000, +0.0000, +0.0000, +0.0000, +0.0000, +0.0000}, 
   { +0.0000, +0.0000, +0.0000, +0.0000, +0.0000, +0.0000, +0.0000, +0.0000, +0.0000, +0.0000, +0.0000, +0.0000, +0.0000, +0.0000, +0.0000, +0.0000, +0.0000, +0.0000, +0.0000, +0.0000, +0.0000, +0.0000, +0.0000, +0.0000}, 
   { +0.0000, +0.0000, +0.0000, +0.0000, +0.0000, +0.0000, +0.0000, +0.0000, +0.0000, +0.0000, +0.0000, +0.0000, +0.0000, +0.0000, +0.0000, +0.0000, +0.0000, +0.0000, +0.0000, +0.0000, +0.0000, +0.0000, +0.0000, +0.0000} } 
