---------------------
Basis Indices:
---------------------

{1, 0, 0, 0, 0, 0}, {1, 0, 0, 0, 0, 0}, {1, 0, 0, 0, 0, 0}, {}, {}, {}


{0.408, 0.408, 0.408, 0.408, 0.408, 0.408}, {0.408, x_43+i*x_187, x_44+i*x_188, x_45+i*x_189, x_46+i*x_190, x_47+i*x_191}, {}, {}, {}, {}


{0.408, x_73+i*x_217, x_74+i*x_218, x_75+i*x_219, x_76+i*x_220, x_77+i*x_221}, {}, {}, {}, {}, {}


{0.408, x_109+i*x_253, x_110+i*x_254, x_111+i*x_255, x_112+i*x_256, x_113+i*x_257}, {}, {}, {}, {}, {}

---------------------
Problem: 
---------------------
Find a point satisfying:

-0.166667*{} + 1*{ 289 289} + 1*{ 288 288} = 0 

1*{ 189 219} + 1*{ 188 218} + 1*{ 187 217} + 1*{  45  75} + 1*{  44  74} + 1*{  43  73} + 0.166667*{} + 1*{  46  76} + 1*{ 190 220} + 1*{  47  77} + 1*{ 191 221} + -1*{ 288} = 0 

-1*{  75 189} + 1*{  45 219} + 1*{  46 220} + 1*{  44 218} + -1*{  74 188} + 1*{  43 217} + -1*{ 289} + -1*{  73 187} + 1*{  47 221} + -1*{  76 190} + -1*{  77 191} = 0 

-0.166667*{} + 1*{ 291 291} + 1*{ 290 290} = 0 

1*{ 189 255} + 1*{  45 111} + 1*{  46 112} + 1*{ 187 253} + 0.166667*{} + 1*{  43 109} + 1*{  44 110} + 1*{ 190 256} + 1*{  47 113} + 1*{ 191 257} + 1*{ 188 254} + -1*{ 290} = 0 

-1*{ 110 188} + 1*{  45 255} + -1*{ 109 187} + -1*{ 111 189} + 1*{  43 253} + 1*{  47 257} + 1*{  44 254} + 1*{  46 256} + -1*{ 112 190} + -1*{ 113 191} + -1*{ 291} = 0 

-0.166667*{} + 1*{ 187 187} + 1*{  43  43} = 0 

-0.166667*{} + 1*{ 188 188} + 1*{  44  44} = 0 

-0.833333*{} + 1*{  43  43} + 1*{ 187 187} + 1*{  44  44} + 1*{ 188 188} + 1*{  45  45} + 1*{ 189 189} + 1*{  46  46} + 1*{ 190 190} + 1*{  47  47} + 1*{ 191 191} = 0 

0.333333*{  45  46} + 0.166667*{  44  44} + 0.333333*{  44  46} + 0.166667*{  47  47} + 0.333333*{  46  47} + 0.166667*{ 188 188} + 0.166667*{  45  45} + 0.333333*{  43  44} + 0.136083*{  45} + 0.333333*{  43  45} + 0.333333*{ 189 190} + 0.333333*{ 190 191} + 0.136083*{  47} + 0.333333*{  43  46} + 0.333333*{ 189 191} + 0.333333*{ 187 190} + 0.333333*{ 188 191} + 0.333333*{  44  45} + 0.166667*{ 191 191} + 0.166667*{  43  43} + 0.166667*{ 190 190} + 0.333333*{ 187 188} + 0.166667*{ 187 187} + 0.166667*{ 189 189} + 0.333333*{ 188 189} + 0.136083*{  44} + 0.0277778*{} + 0.333333*{  45  47} + 0.136083*{  43} + 0.136083*{  46} + 0.333333*{ 187 189} + 0.333333*{ 188 190} + 0.333333*{  44  47} + 0.333333*{  43  47} + 0.333333*{ 187 191} + 0.166667*{  46  46} = 0 

-0.166667*{} + 1*{ 293 293} + 1*{ 292 292} = 0 

1*{  74 110} + 0.166667*{} + 1*{ 220 256} + 1*{  75 111} + 1*{  77 113} + 1*{ 218 254} + 1*{ 217 253} + 1*{ 219 255} + 1*{  73 109} + 1*{  76 112} + 1*{ 221 257} + -1*{ 292} = 0 

-1*{ 111 219} + -1*{ 110 218} + 1*{  74 254} + 1*{  75 255} + 1*{  73 253} + -1*{ 293} + 1*{  76 256} + -1*{ 109 217} + -1*{ 112 220} + 1*{  77 257} + -1*{ 113 221} = 0 

-0.166667*{} + 1*{ 217 217} + 1*{  73  73} = 0 

-0.166667*{} + 1*{ 218 218} + 1*{  74  74} = 0 

-0.833333*{} + 1*{ 219 219} + 1*{  73  73} + 1*{  75  75} + 1*{  77  77} + 1*{ 217 217} + 1*{  74  74} + 1*{ 218 218} + 1*{ 221 221} + 1*{  76  76} + 1*{ 220 220} = 0 

0.333333*{ 219 220} + 0.166667*{  75  75} + 0.333333*{  74  77} + 0.333333*{  75  76} + 0.333333*{ 218 219} + 0.333333*{ 218 221} + 0.333333*{ 218 220} + 0.333333*{ 220 221} + 0.166667*{ 221 221} + 0.136083*{  77} + 0.333333*{ 219 221} + 0.136083*{  75} + 0.333333*{  73  74} + 0.166667*{ 219 219} + 0.333333*{  73  77} + 0.333333*{ 217 218} + 0.166667*{ 218 218} + 0.166667*{  76  76} + 0.333333*{  73  76} + 0.333333*{ 217 221} + 0.333333*{ 217 219} + 0.333333*{  74  75} + 0.333333*{  73  75} + 0.166667*{  74  74} + 0.333333*{ 217 220} + 0.166667*{  73  73} + 0.166667*{ 220 220} + 0.333333*{  75  77} + 0.136083*{  73} + 0.166667*{ 217 217} + 0.136083*{  74} + -0.138889*{} + 0.333333*{  74  76} + 0.333333*{  76  77} + 0.166667*{  77  77} + 0.136083*{  76} = 0 

-0.166667*{} + 1*{ 253 253} + 1*{ 109 109} = 0 

-0.166667*{} + 1*{ 254 254} + 1*{ 110 110} = 0 

-0.833333*{} + 1*{ 109 109} + 1*{ 257 257} + 1*{ 253 253} + 1*{ 254 254} + 1*{ 110 110} + 1*{ 111 111} + 1*{ 255 255} + 1*{ 112 112} + 1*{ 256 256} + 1*{ 113 113} = 0 

0.333333*{ 110 111} + 0.166667*{ 256 256} + 0.333333*{ 255 256} + 0.333333*{ 254 256} + 0.166667*{ 112 112} + 0.333333*{ 110 112} + 0.136083*{ 111} + 0.333333*{ 110 113} + 0.333333*{ 109 113} + 0.333333*{ 253 255} + 0.333333*{ 109 112} + 0.333333*{ 111 112} + 0.166667*{ 111 111} + 0.333333*{ 109 111} + 0.333333*{ 254 255} + 0.136083*{ 110} + 0.166667*{ 113 113} + 0.333333*{ 254 257} + 0.333333*{ 109 110} + 0.333333*{ 111 113} + 0.166667*{ 257 257} + 0.166667*{ 110 110} + 0.333333*{ 253 256} + 0.333333*{ 255 257} + 0.166667*{ 255 255} + 0.136083*{ 112} + 0.333333*{ 112 113} + 0.166667*{ 254 254} + 0.333333*{ 256 257} + 0.166667*{ 109 109} + 0.136083*{ 109} + -0.138889*{} + 0.136083*{ 113} + 0.333333*{ 253 257} + 0.333333*{ 253 254} + 0.166667*{ 253 253} = 0 

---------------------
Summary:
---------------------
set sizes: {3, 2, 1, 1}, vars: 36, vectors: 7, equations: 21, indep eqn: 21

---------------------
Optimization:
---------------------
1 8.696e-01 8.696e-01
2 3.022e+00 8.696e-01
3 7.958e+02 8.696e-01
4 2.856e+02 8.696e-01
5 1.021e+02 8.696e-01
6 3.636e+01 8.696e-01
7 1.285e+01 8.696e-01
8 4.509e+00 8.696e-01
9 1.556e+00 8.696e-01
10 5.303e-01 5.303e-01
11 1.800e-01 1.800e-01
12 6.133e-02 6.133e-02
13 2.065e-02 2.065e-02
14 6.800e-03 6.800e-03
15 2.212e-03 2.212e-03
16 7.229e-04 7.229e-04
17 2.424e-04 2.424e-04
18 8.500e-05 8.500e-05
19 3.106e-05 3.106e-05
20 1.155e-05 1.155e-05
21 4.304e-06 4.304e-06
22 1.606e-06 1.606e-06
23 6.038e-07 6.038e-07
24 2.257e-07 2.257e-07
25 8.414e-08 8.414e-08
26 3.138e-08 3.138e-08
27 1.173e-08 1.173e-08
28 4.399e-09 4.399e-09
29 1.642e-09 1.642e-09
30 6.131e-10 6.131e-10
31 2.291e-10 2.291e-10
32 8.583e-11 8.583e-11
33 3.219e-11 3.219e-11
34 1.215e-11 1.215e-11
35 4.576e-12 4.576e-12
36 2.938e-12 2.938e-12
37 9.902e-13 9.902e-13
38 3.619e-13 3.619e-13
39 3.873e-13 3.619e-13
40 1.294e-13 1.294e-13
41 4.900e-14 4.900e-14
1 (precision) 2.568e-14 2.568e-14 (from 4.900e-14)
2 (precision) 6.337e-15 6.337e-15 (from 4.900e-14)
3 (precision) 4.018e-15 4.018e-15 (from 4.900e-14)
4 (precision) 6.137e-16 6.137e-16 (from 4.900e-14)
5 (precision) 1.950e-15 6.137e-16 (from 4.900e-14)
6 (precision) 2.025e-15 6.137e-16 (from 4.900e-14)
7 (precision) 2.035e-15 6.137e-16 (from 4.900e-14)
8 (precision) 2.609e-15 6.137e-16 (from 4.900e-14)
9 (precision) 4.329e-16 4.329e-16 (from 4.900e-14)
10 (precision) 6.609e-16 4.329e-16 (from 4.900e-14)
11 (precision) 8.291e-13 4.329e-16 (from 4.900e-14)
12 (precision) 2.342e-13 4.329e-16 (from 4.900e-14)
13 (precision) 6.447e-14 4.329e-16 (from 4.900e-14)
14 (precision) 1.992e-14 4.329e-16 (from 4.900e-14)
15 (precision) 8.338e-15 4.329e-16 (from 4.900e-14)
16 (precision) 4.694e-16 4.329e-16 (from 4.900e-14)
17 (precision) 1.848e-15 4.329e-16 (from 4.900e-14)
18 (precision) 1.428e-15 4.329e-16 (from 4.900e-14)
19 (precision) 2.037e-15 4.329e-16 (from 4.900e-14)
20 (precision) 1.869e-16 1.869e-16 (from 4.900e-14)
21 (precision) 7.459e-16 1.869e-16 (from 4.900e-14)
22 (precision) 6.041e-16 1.869e-16 (from 4.900e-14)
23 (precision) 1.318e-15 1.869e-16 (from 4.900e-14)
24 (precision) 1.140e-15 1.869e-16 (from 4.900e-14)
25 (precision) 3.602e-15 1.869e-16 (from 4.900e-14)
26 (precision) 2.487e-16 1.869e-16 (from 4.900e-14)
27 (precision) 3.756e-15 1.869e-16 (from 4.900e-14)
28 (precision) 1.481e-13 1.869e-16 (from 4.900e-14)
29 (precision) 4.035e-14 1.869e-16 (from 4.900e-14)
30 (precision) 8.530e-15 1.869e-16 (from 4.900e-14)
31 (precision) 3.479e-15 1.869e-16 (from 4.900e-14)
32 (precision) 7.778e-16 1.869e-16 (from 4.900e-14)
33 (precision) 3.516e-15 1.869e-16 (from 4.900e-14)
34 (precision) 1.577e-15 1.869e-16 (from 4.900e-14)
35 (precision) 3.396e-15 1.869e-16 (from 4.900e-14)
36 (precision) 1.240e-16 1.240e-16 (from 4.900e-14)
37 (precision) 1.068e-15 1.240e-16 (from 4.900e-14)
38 (precision) 3.195e-15 1.240e-16 (from 4.900e-14)
39 (precision) 5.016e-16 1.240e-16 (from 4.900e-14)
40 (precision) 2.279e-16 1.240e-16 (from 4.900e-14)
41 (precision) 4.467e-15 1.240e-16 (from 4.900e-14)
42 (precision) 2.534e-15 1.240e-16 (from 4.900e-14)
43 (precision) 5.842e-16 1.240e-16 (from 4.900e-14)
44 (precision) 6.041e-15 1.240e-16 (from 4.900e-14)
45 (precision) 1.366e-15 1.240e-16 (from 4.900e-14)
46 (precision) 6.913e-16 1.240e-16 (from 4.900e-14)
47 (precision) 3.571e-11 1.240e-16 (from 4.900e-14)
48 (precision) 9.883e-12 1.240e-16 (from 4.900e-14)
49 (precision) 2.760e-12 1.240e-16 (from 4.900e-14)
50 (precision) 7.905e-13 1.240e-16 (from 4.900e-14)
51 (precision) 2.434e-13 1.240e-16 (from 4.900e-14)
52 (precision) 9.590e-14 1.240e-16 (from 4.900e-14)
53 (precision) 5.128e-14 1.240e-16 (from 4.900e-14)
54 (precision) 2.468e-14 1.240e-16 (from 4.900e-14)
55 (precision) 1.055e-14 1.240e-16 (from 4.900e-14)
56 (precision) 5.866e-15 1.240e-16 (from 4.900e-14)
57 (precision) 3.758e-15 1.240e-16 (from 4.900e-14)
58 (precision) 3.453e-15 1.240e-16 (from 4.900e-14)
59 (precision) 1.162e-15 1.240e-16 (from 4.900e-14)
60 (precision) 8.242e-16 1.240e-16 (from 4.900e-14)
61 (precision) 5.948e-16 1.240e-16 (from 4.900e-14)
62 (precision) 1.769e-15 1.240e-16 (from 4.900e-14)
63 (precision) 2.818e-15 1.240e-16 (from 4.900e-14)
64 (precision) 6.863e-15 1.240e-16 (from 4.900e-14)
65 (precision) 6.898e-16 1.240e-16 (from 4.900e-14)
66 (precision) 8.936e-16 1.240e-16 (from 4.900e-14)
67 (precision) 2.052e-15 1.240e-16 (from 4.900e-14)
68 (precision) 9.344e-16 1.240e-16 (from 4.900e-14)
69 (precision) 2.953e-15 1.240e-16 (from 4.900e-14)
70 (precision) 2.093e-15 1.240e-16 (from 4.900e-14)
71 (precision) 1.099e-14 1.240e-16 (from 4.900e-14)
72 (precision) 5.121e-15 1.240e-16 (from 4.900e-14)
73 (precision) 1.599e-15 1.240e-16 (from 4.900e-14)
74 (precision) 9.675e-16 1.240e-16 (from 4.900e-14)
75 (precision) 1.576e-16 1.240e-16 (from 4.900e-14)
76 (precision) 9.491e-16 1.240e-16 (from 4.900e-14)
77 (precision) 5.176e-16 1.240e-16 (from 4.900e-14)
78 (precision) 5.636e-15 1.240e-16 (from 4.900e-14)
79 (precision) 3.244e-15 1.240e-16 (from 4.900e-14)
80 (precision) 1.156e-16 1.156e-16 (from 4.900e-14)
81 (precision) 4.279e-15 1.156e-16 (from 4.900e-14)
82 (precision) 6.310e-15 1.156e-16 (from 4.900e-14)
83 (precision) 1.733e-15 1.156e-16 (from 4.900e-14)
84 (precision) 4.210e-15 1.156e-16 (from 4.900e-14)
85 (precision) 3.938e-15 1.156e-16 (from 4.900e-14)
86 (precision) 7.040e-13 1.156e-16 (from 4.900e-14)
87 (precision) 1.932e-13 1.156e-16 (from 4.900e-14)
88 (precision) 5.166e-14 1.156e-16 (from 4.900e-14)
89 (precision) 1.793e-14 1.156e-16 (from 4.900e-14)
90 (precision) 3.185e-15 1.156e-16 (from 4.900e-14)
91 (precision) 2.482e-15 1.156e-16 (from 4.900e-14)
92 (precision) 3.097e-15 1.156e-16 (from 4.900e-14)
93 (precision) 4.254e-16 1.156e-16 (from 4.900e-14)
94 (precision) 6.648e-16 1.156e-16 (from 4.900e-14)
95 (precision) 3.160e-15 1.156e-16 (from 4.900e-14)
96 (precision) 2.477e-15 1.156e-16 (from 4.900e-14)
97 (precision) 4.180e-14 1.156e-16 (from 4.900e-14)
98 (precision) 9.462e-15 1.156e-16 (from 4.900e-14)
99 (precision) 1.700e-15 1.156e-16 (from 4.900e-14)
100 (precision) 6.117e-15 1.156e-16 (from 4.900e-14)

x: -2.832e-01 -1.361e-01  5.385e-02  3.723e-02 -8.057e-02  2.888e-01 -4.082e-01  6.063e-02 -5.234e-02  2.856e-01 -6.455e-03  3.239e-01  8.249e-02  1.621e-01 -2.390e-01  2.941e-01 -3.849e-01  4.159e-01  2.005e-01 -5.254e-01 -2.886e-01  5.975e-03  1.667e-01 -8.239e-02 -6.144e-01 -4.082e-01 -2.485e-01 -1.166e-01  4.883e-01 -3.971e-01  4.072e-01  2.960e-02  3.878e-01  1.275e-01  2.615e-01 -3.135e-01  2.467e-20

grad: -1.052e-24 -1.838e-24  8.090e-26  3.204e-25  6.625e-25  1.448e-24 -3.040e-24  9.417e-25  1.548e-25  2.058e-25  2.196e-26  5.903e-25  1.687e-25  3.122e-25 -4.364e-25  2.042e-24 -5.187e-24  2.639e-24  1.051e-24 -2.967e-24 -5.641e-25  1.721e-26  7.769e-25 -2.185e-25 -2.604e-24 -8.365e-25 -4.851e-25 -2.125e-25  9.483e-25 -8.467e-25 -5.364e-25  1.601e-24  7.976e-26  2.439e-26 -5.082e-26 -7.563e-26  6.117e-15

finished in 41 iterations (0.03 seconds total)
max viol = 4.63e-08

---------------------
Result:
---------------------

{(1,0), (0,0), (0,0), (0,0), (0,0), (0,0)}, {(0,0), (1,0), (0,0), (0,0), (0,0), (0,0)}, {(0,0), (0,0), (1,0), (0,0), (0,0), (0,0)}, {}, {}, {}


{(0.408,0), (0.408,0), (0.408,0), (0.408,0), (0.408,0), (0.408,0)}, {(0.408,0), (-0.283,0.294), (-0.136,-0.385), (0.0539,0.416), (0.0372,0.201), (-0.0806,-0.525)}, {}, {}, {}, {}


{(0.408,0), (0.289,-0.289), (-0.408,0.00598), (0.0606,0.167), (-0.0523,-0.0824), (0.286,-0.614)}, {}, {}, {}, {}, {}


{(0.408,0), (-0.00646,-0.408), (0.324,-0.249), (0.0825,-0.117), (0.162,0.488), (-0.239,-0.397)}, {}, {}, {}, {}, {}

---------------------
Abs of Gram matrix:
---------------------

 { { +1.0000, +0.0000, +0.0000, +0.0000, +0.0000, +0.0000, +0.4082, +0.4082, +0.0000, +0.0000, +0.0000, +0.0000, +0.4082, +0.0000, +0.0000, +0.0000, +0.0000, +0.0000, +0.4082, +0.0000, +0.0000, +0.0000, +0.0000, +0.0000}, 
   { +0.0000, +1.0000, +0.0000, +0.0000, +0.0000, +0.0000, +0.4082, +0.4082, +0.0000, +0.0000, +0.0000, +0.0000, +0.4082, +0.0000, +0.0000, +0.0000, +0.0000, +0.0000, +0.4082, +0.0000, +0.0000, +0.0000, +0.0000, +0.0000}, 
   { +0.0000, +0.0000, +1.0000, +0.0000, +0.0000, +0.0000, +0.4082, +0.4082, +0.0000, +0.0000, +0.0000, +0.0000, +0.4082, +0.0000, +0.0000, +0.0000, +0.0000, +0.0000, +0.4082, +0.0000, +0.0000, +0.0000, +0.0000, +0.0000}, 
   { +0.0000, +0.0000, +0.0000, +0.0000, +0.0000, +0.0000, +0.0000, +0.0000, +0.0000, +0.0000, +0.0000, +0.0000, +0.0000, +0.0000, +0.0000, +0.0000, +0.0000, +0.0000, +0.0000, +0.0000, +0.0000, +0.0000, +0.0000, +0.0000}, 
   { +0.0000, +0.0000, +0.0000, +0.0000, +0.0000, +0.0000, +0.0000, +0.0000, +0.0000, +0.0000, +0.0000, +0.0000, +0.0000, +0.0000, +0.0000, +0.0000, +0.0000, +0.0000, +0.0000, +0.0000, +0.0000, +0.0000, +0.0000, +0.0000}, 
   { +0.0000, +0.0000, +0.0000, +0.0000, +0.0000, +0.0000, +0.0000, +0.0000, +0.0000, +0.0000, +0.0000, +0.0000, +0.0000, +0.0000, +0.0000, +0.0000, +0.0000, +0.0000, +0.0000, +0.0000, +0.0000, +0.0000, +0.0000, +0.0000}, 
   { +0.4082, +0.4082, +0.4082, +0.0000, +0.0000, +0.0000, +1.0000, +0.0002, +0.0000, +0.0000, +0.0000, +0.0000, +0.4082, +0.0000, +0.0000, +0.0000, +0.0000, +0.0000, +0.4082, +0.0000, +0.0000, +0.0000, +0.0000, +0.0000}, 
   { +0.4082, +0.4082, +0.4082, +0.0000, +0.0000, +0.0000, +0.0002, +1.0000, +0.0000, +0.0000, +0.0000, +0.0000, +0.4082, +0.0000, +0.0000, +0.0000, +0.0000, +0.0000, +0.4082, +0.0000, +0.0000, +0.0000, +0.0000, +0.0000}, 
   { +0.0000, +0.0000, +0.0000, +0.0000, +0.0000, +0.0000, +0.0000, +0.0000, +0.0000, +0.0000, +0.0000, +0.0000, +0.0000, +0.0000, +0.0000, +0.0000, +0.0000, +0.0000, +0.0000, +0.0000, +0.0000, +0.0000, +0.0000, +0.0000}, 
   { +0.0000, +0.0000, +0.0000, +0.0000, +0.0000, +0.0000, +0.0000, +0.0000, +0.0000, +0.0000, +0.0000, +0.0000, +0.0000, +0.0000, +0.0000, +0.0000, +0.0000, +0.0000, +0.0000, +0.0000, +0.0000, +0.0000, +0.0000, +0.0000}, 
   { +0.0000, +0.0000, +0.0000, +0.0000, +0.0000, +0.0000, +0.0000, +0.0000, +0.0000, +0.0000, +0.0000, +0.0000, +0.0000, +0.0000, +0.0000, +0.0000, +0.0000, +0.0000, +0.0000, +0.0000, +0.0000, +0.0000, +0.0000, +0.0000}, 
   { +0.0000, +0.0000, +0.0000, +0.0000, +0.0000, +0.0000, +0.0000, +0.0000, +0.0000, +0.0000, +0.0000, +0.0000, +0.0000, +0.0000, +0.0000, +0.0000, +0.0000, +0.0000, +0.0000, +0.0000, +0.0000, +0.0000, +0.0000, +0.0000}, 
   { +0.4082, +0.4082, +0.4082, +0.0000, +0.0000, +0.0000, +0.4082, +0.4082, +0.0000, +0.0000, +0.0000, +0.0000, +1.0000, +0.0000, +0.0000, +0.0000, +0.0000, +0.0000, +0.4082, +0.0000, +0.0000, +0.0000, +0.0000, +0.0000}, 
   { +0.0000, +0.0000, +0.0000, +0.0000, +0.0000, +0.0000, +0.0000, +0.0000, +0.0000, +0.0000, +0.0000, +0.0000, +0.0000, +0.0000, +0.0000, +0.0000, +0.0000, +0.0000, +0.0000, +0.0000, +0.0000, +0.0000, +0.0000, +0.0000}, 
   { +0.0000, +0.0000, +0.0000, +0.0000, +0.0000, +0.0000, +0.0000, +0.0000, +0.0000, +0.0000, +0.0000, +0.0000, +0.0000, +0.0000, +0.0000, +0.0000, +0.0000, +0.0000, +0.0000, +0.0000, +0.0000, +0.0000, +0.0000, +0.0000}, 
   { +0.0000, +0.0000, +0.0000, +0.0000, +0.0000, +0.0000, +0.0000, +0.0000, +0.0000, +0.0000, +0.0000, +0.0000, +0.0000, +0.0000, +0.0000, +0.0000, +0.0000, +0.0000, +0.0000, +0.0000, +0.0000, +0.0000, +0.0000, +0.0000}, 
   { +0.0000, +0.0000, +0.0000, +0.0000, +0.0000, +0.0000, +0.0000, +0.0000, +0.0000, +0.0000, +0.0000, +0.0000, +0.0000, +0.0000, +0.0000, +0.0000, +0.0000, +0.0000, +0.0000, +0.0000, +0.0000, +0.0000, +0.0000, +0.0000}, 
   { +0.0000, +0.0000, +0.0000, +0.0000, +0.0000, +0.0000, +0.0000, +0.0000, +0.0000, +0.0000, +0.0000, +0.0000, +0.0000, +0.0000, +0.0000, +0.0000, +0.0000, +0.0000, +0.0000, +0.0000, +0.0000, +0.0000, +0.0000, +0.0000}, 
   { +0.4082, +0.4082, +0.4082, +0.0000, +0.0000, +0.0000, +0.4082, +0.4082, +0.0000, +0.0000, +0.0000, +0.0000, +0.4082, +0.0000, +0.0000, +0.0000, +0.0000, +0.0000, +1.0000, +0.0000, +0.0000, +0.0000, +0.0000, +0.0000}, 
   { +0.0000, +0.0000, +0.0000, +0.0000, +0.0000, +0.0000, +0.0000, +0.0000, +0.0000, +0.0000, +0.0000, +0.0000, +0.0000, +0.0000, +0.0000, +0.0000, +0.0000, +0.0000, +0.0000, +0.0000, +0.0000, +0.0000, +0.0000, +0.0000}, 
   { +0.0000, +0.0000, +0.0000, +0.0000, +0.0000, +0.0000, +0.0000, +0.0000, +0.0000, +0.0000, +0.0000, +0.0000, +0.0000, +0.0000, +0.0000, +0.0000, +0.0000, +0.0000, +0.0000, +0.0000, +0.0000, +0.0000, +0.0000, +0.0000}, 
   { +0.0000, +0.0000, +0.0000, +0.0000, +0.0000, +0.0000, +0.0000, +0.0000, +0.0000, +0.0000, +0.0000, +0.0000, +0.0000, +0.0000, +0.0000, +0.0000, +0.0000, +0.0000, +0.0000, +0.0000, +0.0000, +0.0000, +0.0000, +0.0000}, 
   { +0.0000, +0.0000, +0.0000, +0.0000, +0.0000, +0.0000, +0.0000, +0.0000, +0.0000, +0.0000, +0.0000, +0.0000, +0.0000, +0.0000, +0.0000, +0.0000, +0.0000, +0.0000, +0.0000, +0.0000, +0.0000, +0.0000, +0.0000, +0.0000}, 
   { +0.0000, +0.0000, +0.0000, +0.0000, +0.0000, +0.0000, +0.0000, +0.0000, +0.0000, +0.0000, +0.0000, +0.0000, +0.0000, +0.0000, +0.0000, +0.0000, +0.0000, +0.0000, +0.0000, +0.0000, +0.0000, +0.0000, +0.0000, +0.0000} } 
