---------------------
Basis Indices:
---------------------

{1, 0, 0, 0, 0, 0}, {1, 0, 0, 0, 0, 0}, {1, 0, 0, 0, 0, 0}, {}, {}, {}


{0.408, 0.408, 0.408, 0.408, 0.408, 0.408}, {0.408, x_43+i*x_187, x_44+i*x_188, x_45+i*x_189, x_46+i*x_190, x_47+i*x_191}, {}, {}, {}, {}


{0.408, x_73+i*x_217, x_74+i*x_218, x_75+i*x_219, x_76+i*x_220, x_77+i*x_221}, {0.408, x_79+i*x_223, x_80+i*x_224, x_81+i*x_225, x_82+i*x_226, x_83+i*x_227}, {}, {}, {}, {}


{0.408, x_109+i*x_253, x_110+i*x_254, x_111+i*x_255, x_112+i*x_256, x_113+i*x_257}, {}, {}, {}, {}, {}

---------------------
Problem: 
---------------------
Find a point satisfying:

-0.166667*{} + 1*{ 289 289} + 1*{ 288 288} = 0 

1*{ 189 219} + 1*{ 188 218} + 1*{ 187 217} + 1*{  45  75} + 1*{  44  74} + 1*{  43  73} + 0.166667*{} + 1*{  46  76} + 1*{ 190 220} + 1*{  47  77} + 1*{ 191 221} + -1*{ 288} = 0 

-1*{  75 189} + 1*{  45 219} + 1*{  46 220} + 1*{  44 218} + -1*{  74 188} + 1*{  43 217} + -1*{ 289} + -1*{  73 187} + 1*{  47 221} + -1*{  76 190} + -1*{  77 191} = 0 

-0.166667*{} + 1*{ 291 291} + 1*{ 290 290} = 0 

-1*{ 290} + 1*{ 189 225} + 1*{  45  81} + 1*{  44  80} + 1*{ 187 223} + 1*{  43  79} + 1*{ 191 227} + 0.166667*{} + 1*{ 188 224} + 1*{  46  82} + 1*{ 190 226} + 1*{  47  83} = 0 

-1*{  81 189} + -1*{  82 190} + 1*{  44 224} + 1*{  43 223} + 1*{  46 226} + -1*{  79 187} + 1*{  45 225} + -1*{ 291} + -1*{  80 188} + 1*{  47 227} + -1*{  83 191} = 0 

-0.166667*{} + 1*{ 293 293} + 1*{ 292 292} = 0 

1*{  45 111} + 1*{ 188 254} + 1*{ 189 255} + -1*{ 292} + 1*{  46 112} + 1*{ 187 253} + 0.166667*{} + 1*{  43 109} + 1*{  44 110} + 1*{ 190 256} + 1*{  47 113} + 1*{ 191 257} = 0 

-1*{ 110 188} + 1*{  45 255} + -1*{ 109 187} + -1*{ 111 189} + -1*{ 293} + 1*{  43 253} + 1*{  47 257} + 1*{  44 254} + 1*{  46 256} + -1*{ 112 190} + -1*{ 113 191} = 0 

-0.166667*{} + 1*{ 187 187} + 1*{  43  43} = 0 

-0.166667*{} + 1*{ 188 188} + 1*{  44  44} = 0 

-0.833333*{} + 1*{  43  43} + 1*{ 187 187} + 1*{  44  44} + 1*{ 188 188} + 1*{  45  45} + 1*{ 189 189} + 1*{  46  46} + 1*{ 190 190} + 1*{  47  47} + 1*{ 191 191} = 0 

0.333333*{  45  46} + 0.166667*{  44  44} + 0.333333*{  44  46} + 0.166667*{  47  47} + 0.333333*{  46  47} + 0.166667*{ 188 188} + 0.166667*{  45  45} + 0.333333*{  43  44} + 0.136083*{  45} + 0.333333*{  43  45} + 0.333333*{ 189 190} + 0.333333*{ 190 191} + 0.136083*{  47} + 0.333333*{  43  46} + 0.333333*{ 189 191} + 0.333333*{ 187 190} + 0.333333*{ 188 191} + 0.333333*{  44  45} + 0.166667*{ 191 191} + 0.166667*{  43  43} + 0.166667*{ 190 190} + 0.333333*{ 187 188} + 0.166667*{ 187 187} + 0.166667*{ 189 189} + 0.333333*{ 188 189} + 0.136083*{  44} + 0.0277778*{} + 0.333333*{  45  47} + 0.136083*{  43} + 0.136083*{  46} + 0.333333*{ 187 189} + 0.333333*{ 188 190} + 0.333333*{  44  47} + 0.333333*{  43  47} + 0.333333*{ 187 191} + 0.166667*{  46  46} = 0 

1*{ 220 226} + 1*{  74  80} + 1*{  75  81} + 1*{ 221 227} + 1*{  77  83} + 1*{ 217 223} + 1*{ 219 225} + 1*{  73  79} + 1*{ 218 224} + 0.166667*{} + 1*{  76  82} = 0 

-1*{  81 219} + -1*{  80 218} + 1*{  74 224} + -1*{  79 217} + 1*{  75 225} + -1*{  83 221} + 1*{  76 226} + 1*{  73 223} + -1*{  82 220} + 1*{  77 227} = 0 

-0.166667*{} + 1*{ 295 295} + 1*{ 294 294} = 0 

1*{  74 110} + 0.166667*{} + 1*{  75 111} + 1*{  77 113} + 1*{ 218 254} + 1*{ 217 253} + 1*{ 219 255} + 1*{  73 109} + 1*{  76 112} + 1*{ 221 257} + 1*{ 220 256} + -1*{ 294} = 0 

1*{  74 254} + -1*{ 111 219} + -1*{ 110 218} + -1*{ 295} + 1*{  75 255} + 1*{  73 253} + 1*{  76 256} + -1*{ 109 217} + -1*{ 112 220} + 1*{  77 257} + -1*{ 113 221} = 0 

-0.166667*{} + 1*{ 217 217} + 1*{  73  73} = 0 

-0.166667*{} + 1*{ 218 218} + 1*{  74  74} = 0 

-0.833333*{} + 1*{ 219 219} + 1*{  73  73} + 1*{  75  75} + 1*{  77  77} + 1*{ 217 217} + 1*{  74  74} + 1*{ 218 218} + 1*{ 221 221} + 1*{  76  76} + 1*{ 220 220} = 0 

0.333333*{ 219 220} + 0.166667*{  75  75} + 0.333333*{  74  77} + 0.333333*{  75  76} + 0.333333*{ 218 219} + 0.333333*{ 218 221} + 0.333333*{ 218 220} + 0.333333*{ 220 221} + 0.166667*{ 221 221} + 0.136083*{  77} + 0.333333*{ 219 221} + 0.136083*{  75} + 0.333333*{  73  74} + 0.166667*{ 219 219} + 0.333333*{  73  77} + 0.333333*{ 217 218} + 0.166667*{ 218 218} + 0.166667*{  76  76} + 0.333333*{  73  76} + 0.333333*{ 217 221} + 0.333333*{ 217 219} + 0.333333*{  74  75} + 0.333333*{  73  75} + 0.166667*{  74  74} + 0.333333*{ 217 220} + 0.166667*{  73  73} + 0.166667*{ 220 220} + 0.333333*{  75  77} + 0.136083*{  73} + 0.166667*{ 217 217} + 0.136083*{  74} + -0.138889*{} + 0.333333*{  74  76} + 0.333333*{  76  77} + 0.166667*{  77  77} + 0.136083*{  76} = 0 

-0.166667*{} + 1*{ 297 297} + 1*{ 296 296} = 0 

1*{  81 111} + 1*{  80 110} + 1*{ 227 257} + 0.166667*{} + 1*{ 224 254} + 1*{ 223 253} + -1*{ 296} + 1*{  82 112} + 1*{  79 109} + 1*{ 226 256} + 1*{ 225 255} + 1*{  83 113} = 0 

-1*{ 109 223} + 1*{  81 255} + -1*{ 110 224} + -1*{ 111 225} + -1*{ 112 226} + -1*{ 113 227} + 1*{  79 253} + 1*{  80 254} + 1*{  82 256} + -1*{ 297} + 1*{  83 257} = 0 

-0.166667*{} + 1*{ 223 223} + 1*{  79  79} = 0 

-0.166667*{} + 1*{ 224 224} + 1*{  80  80} = 0 

-0.833333*{} + 1*{  83  83} + 1*{  79  79} + 1*{ 223 223} + 1*{  80  80} + 1*{ 224 224} + 1*{ 226 226} + 1*{  81  81} + 1*{ 225 225} + 1*{  82  82} + 1*{ 227 227} = 0 

0.166667*{  80  80} + 0.333333*{  80  83} + 0.333333*{  79  82} + 0.166667*{ 223 223} + 0.333333*{ 223 225} + 0.333333*{  80  81} + 0.166667*{ 227 227} + 0.333333*{ 224 227} + 0.333333*{ 226 227} + 0.166667*{ 225 225} + 0.166667*{  82  82} + 0.333333*{  79  83} + 0.333333*{  81  82} + 0.166667*{  81  81} + 0.333333*{  80  82} + 0.333333*{ 225 227} + 0.333333*{ 224 226} + 0.166667*{  79  79} + 0.333333*{ 225 226} + 0.166667*{ 224 224} + 0.333333*{  79  80} + 0.166667*{ 226 226} + 0.333333*{  81  83} + 0.333333*{ 224 225} + -0.138889*{} + 0.166667*{  83  83} + 0.136083*{  81} + 0.333333*{ 223 224} + 0.136083*{  80} + 0.333333*{  82  83} + 0.136083*{  83} + 0.136083*{  82} + 0.333333*{  79  81} + 0.136083*{  79} + 0.333333*{ 223 227} + 0.333333*{ 223 226} = 0 

-0.166667*{} + 1*{ 253 253} + 1*{ 109 109} = 0 

-0.166667*{} + 1*{ 254 254} + 1*{ 110 110} = 0 

-0.833333*{} + 1*{ 109 109} + 1*{ 257 257} + 1*{ 253 253} + 1*{ 254 254} + 1*{ 110 110} + 1*{ 111 111} + 1*{ 255 255} + 1*{ 112 112} + 1*{ 256 256} + 1*{ 113 113} = 0 

0.333333*{ 110 111} + 0.166667*{ 256 256} + 0.333333*{ 255 256} + 0.333333*{ 254 256} + 0.166667*{ 112 112} + 0.333333*{ 110 112} + 0.136083*{ 111} + 0.333333*{ 110 113} + 0.333333*{ 109 113} + 0.333333*{ 253 255} + 0.333333*{ 109 112} + 0.333333*{ 111 112} + 0.166667*{ 111 111} + 0.333333*{ 109 111} + 0.333333*{ 254 255} + 0.136083*{ 110} + 0.166667*{ 113 113} + 0.333333*{ 254 257} + 0.333333*{ 109 110} + 0.333333*{ 111 113} + 0.166667*{ 257 257} + 0.166667*{ 110 110} + 0.333333*{ 253 256} + 0.333333*{ 255 257} + 0.166667*{ 255 255} + 0.136083*{ 112} + 0.333333*{ 112 113} + 0.166667*{ 254 254} + 0.333333*{ 256 257} + 0.166667*{ 109 109} + 0.136083*{ 109} + -0.138889*{} + 0.136083*{ 113} + 0.333333*{ 253 257} + 0.333333*{ 253 254} + 0.166667*{ 253 253} = 0 

---------------------
Summary:
---------------------
set sizes: {3, 2, 2, 1}, vars: 50, vectors: 8, equations: 33, indep eqn: 33

---------------------
Optimization:
---------------------
1 2.303e+00 2.303e+00
2 1.315e+01 2.303e+00
3 1.301e+04 2.303e+00
4 4.687e+03 2.303e+00
5 1.686e+03 2.303e+00
6 6.059e+02 2.303e+00
7 2.172e+02 2.303e+00
8 7.756e+01 2.303e+00
9 2.756e+01 2.303e+00
10 9.728e+00 2.303e+00
11 3.408e+00 2.303e+00
12 1.187e+00 1.187e+00
13 4.139e-01 4.139e-01
14 1.556e-01 1.556e-01
15 5.424e-02 5.424e-02
16 1.899e-02 1.899e-02
17 6.560e-03 6.560e-03
18 2.229e-03 2.229e-03
19 7.514e-04 7.514e-04
20 2.548e-04 2.548e-04
21 8.820e-05 8.820e-05
22 3.145e-05 3.145e-05
23 1.149e-05 1.149e-05
24 4.243e-06 4.243e-06
25 1.573e-06 1.573e-06
26 5.833e-07 5.833e-07
27 2.164e-07 2.164e-07
28 8.027e-08 8.027e-08
29 2.978e-08 2.978e-08
30 1.105e-08 1.105e-08
31 4.104e-09 4.104e-09
32 1.527e-09 1.527e-09
33 5.676e-10 5.676e-10
34 2.110e-10 2.110e-10
35 7.852e-11 7.852e-11
36 2.928e-11 2.928e-11
37 1.095e-11 1.095e-11
38 4.125e-12 4.125e-12
39 1.558e-12 1.558e-12
40 6.065e-13 6.065e-13
41 2.383e-13 2.383e-13
42 9.817e-14 9.817e-14
1 (precision) 4.167e-14 4.167e-14 (from 9.817e-14)
2 (precision) 1.682e-14 1.682e-14 (from 9.817e-14)
3 (precision) 9.452e-15 9.452e-15 (from 9.817e-14)
4 (precision) 4.224e-15 4.224e-15 (from 9.817e-14)
5 (precision) 6.292e-15 4.224e-15 (from 9.817e-14)
6 (precision) 4.625e-13 4.224e-15 (from 9.817e-14)
7 (precision) 1.310e-13 4.224e-15 (from 9.817e-14)
8 (precision) 3.587e-14 4.224e-15 (from 9.817e-14)
9 (precision) 1.354e-14 4.224e-15 (from 9.817e-14)
10 (precision) 6.682e-15 4.224e-15 (from 9.817e-14)
11 (precision) 6.167e-15 4.224e-15 (from 9.817e-14)
12 (precision) 3.086e-12 4.224e-15 (from 9.817e-14)
13 (precision) 8.506e-13 4.224e-15 (from 9.817e-14)
14 (precision) 2.333e-13 4.224e-15 (from 9.817e-14)
15 (precision) 6.407e-14 4.224e-15 (from 9.817e-14)
16 (precision) 1.777e-14 4.224e-15 (from 9.817e-14)
17 (precision) 4.705e-15 4.224e-15 (from 9.817e-14)
18 (precision) 6.024e-15 4.224e-15 (from 9.817e-14)
19 (precision) 5.651e-15 4.224e-15 (from 9.817e-14)
20 (precision) 2.068e-14 4.224e-15 (from 9.817e-14)
21 (precision) 8.799e-15 4.224e-15 (from 9.817e-14)
22 (precision) 2.256e-15 2.256e-15 (from 9.817e-14)
23 (precision) 1.521e-14 2.256e-15 (from 9.817e-14)
24 (precision) 1.015e-14 2.256e-15 (from 9.817e-14)
25 (precision) 2.164e-14 2.256e-15 (from 9.817e-14)
26 (precision) 6.421e-15 2.256e-15 (from 9.817e-14)
27 (precision) 3.037e-14 2.256e-15 (from 9.817e-14)
28 (precision) 1.225e-14 2.256e-15 (from 9.817e-14)
29 (precision) 5.747e-15 2.256e-15 (from 9.817e-14)
30 (precision) 2.862e-08 2.256e-15 (from 9.817e-14)
31 (precision) 7.889e-09 2.256e-15 (from 9.817e-14)
32 (precision) 2.174e-09 2.256e-15 (from 9.817e-14)
33 (precision) 5.993e-10 2.256e-15 (from 9.817e-14)
34 (precision) 1.652e-10 2.256e-15 (from 9.817e-14)
35 (precision) 4.553e-11 2.256e-15 (from 9.817e-14)
36 (precision) 1.256e-11 2.256e-15 (from 9.817e-14)
37 (precision) 3.458e-12 2.256e-15 (from 9.817e-14)
38 (precision) 9.531e-13 2.256e-15 (from 9.817e-14)
39 (precision) 2.568e-13 2.256e-15 (from 9.817e-14)
40 (precision) 7.416e-14 2.256e-15 (from 9.817e-14)
41 (precision) 1.806e-14 2.256e-15 (from 9.817e-14)
42 (precision) 5.984e-15 2.256e-15 (from 9.817e-14)
43 (precision) 1.158e-14 2.256e-15 (from 9.817e-14)
44 (precision) 2.167e-15 2.167e-15 (from 9.817e-14)
45 (precision) 9.896e-16 9.896e-16 (from 9.817e-14)
46 (precision) 9.109e-12 9.896e-16 (from 9.817e-14)
47 (precision) 2.709e-12 9.896e-16 (from 9.817e-14)
48 (precision) 8.809e-13 9.896e-16 (from 9.817e-14)
49 (precision) 3.206e-13 9.896e-16 (from 9.817e-14)
50 (precision) 1.074e-13 9.896e-16 (from 9.817e-14)
51 (precision) 4.455e-14 9.896e-16 (from 9.817e-14)
52 (precision) 1.225e-14 9.896e-16 (from 9.817e-14)
53 (precision) 4.779e-15 9.896e-16 (from 9.817e-14)
54 (precision) 3.399e-15 9.896e-16 (from 9.817e-14)
55 (precision) 1.095e-14 9.896e-16 (from 9.817e-14)
56 (precision) 1.702e-14 9.896e-16 (from 9.817e-14)
57 (precision) 6.582e-16 6.582e-16 (from 9.817e-14)
58 (precision) 3.399e-15 6.582e-16 (from 9.817e-14)
59 (precision) 1.153e-15 6.582e-16 (from 9.817e-14)
60 (precision) 1.444e-15 6.582e-16 (from 9.817e-14)
61 (precision) 2.942e-16 2.942e-16 (from 9.817e-14)
62 (precision) 1.087e-16 1.087e-16 (from 9.817e-14)
63 (precision) 6.413e-15 1.087e-16 (from 9.817e-14)
64 (precision) 1.835e-14 1.087e-16 (from 9.817e-14)
65 (precision) 1.017e-15 1.087e-16 (from 9.817e-14)
66 (precision) 7.246e-15 1.087e-16 (from 9.817e-14)
67 (precision) 2.997e-15 1.087e-16 (from 9.817e-14)
68 (precision) 3.104e-14 1.087e-16 (from 9.817e-14)
69 (precision) 1.027e-14 1.087e-16 (from 9.817e-14)
70 (precision) 3.472e-15 1.087e-16 (from 9.817e-14)
71 (precision) 1.694e-14 1.087e-16 (from 9.817e-14)
72 (precision) 4.984e-15 1.087e-16 (from 9.817e-14)
73 (precision) 4.635e-15 1.087e-16 (from 9.817e-14)
74 (precision) 2.642e-14 1.087e-16 (from 9.817e-14)
75 (precision) 3.290e-15 1.087e-16 (from 9.817e-14)
76 (precision) 5.004e-15 1.087e-16 (from 9.817e-14)
77 (precision) 1.135e-14 1.087e-16 (from 9.817e-14)
78 (precision) 6.704e-16 1.087e-16 (from 9.817e-14)
79 (precision) 1.063e-15 1.087e-16 (from 9.817e-14)
80 (precision) 2.551e-15 1.087e-16 (from 9.817e-14)
81 (precision) 1.351e-15 1.087e-16 (from 9.817e-14)
82 (precision) 1.173e-14 1.087e-16 (from 9.817e-14)
83 (precision) 5.502e-16 1.087e-16 (from 9.817e-14)
84 (precision) 2.900e-16 1.087e-16 (from 9.817e-14)
85 (precision) 1.439e-15 1.087e-16 (from 9.817e-14)
86 (precision) 2.872e-15 1.087e-16 (from 9.817e-14)
87 (precision) 1.729e-14 1.087e-16 (from 9.817e-14)
88 (precision) 8.291e-15 1.087e-16 (from 9.817e-14)
89 (precision) 1.931e-15 1.087e-16 (from 9.817e-14)
90 (precision) 4.661e-15 1.087e-16 (from 9.817e-14)
91 (precision) 1.349e-15 1.087e-16 (from 9.817e-14)
92 (precision) 2.268e-15 1.087e-16 (from 9.817e-14)
93 (precision) 6.859e-15 1.087e-16 (from 9.817e-14)
94 (precision) 6.086e-15 1.087e-16 (from 9.817e-14)
95 (precision) 9.271e-15 1.087e-16 (from 9.817e-14)
96 (precision) 1.725e-14 1.087e-16 (from 9.817e-14)
97 (precision) 9.130e-15 1.087e-16 (from 9.817e-14)
98 (precision) 3.597e-15 1.087e-16 (from 9.817e-14)
99 (precision) 2.084e-15 1.087e-16 (from 9.817e-14)
100 (precision) 3.822e-15 1.087e-16 (from 9.817e-14)

x:  3.504e-01 -4.079e-01 -1.341e-01 -1.863e-01 -3.052e-02 -3.858e-01  1.156e-01  2.810e-01 -2.843e-02 -4.888e-02  1.449e-01  1.474e-01 -1.367e-01 -1.976e-01 -3.096e-01  3.895e-01  3.138e-01 -2.293e-01 -3.896e-01  5.050e-01 -2.094e-01 -1.587e-02 -3.841e-01  6.699e-02  5.425e-01  1.335e-01 -3.915e-01 -2.300e-01  1.366e-01 -5.885e-01 -3.817e-01 -3.807e-01  1.354e-01 -5.457e-01  1.742e-01 -1.224e-01 -2.612e-01  1.011e-01  4.462e-02  1.685e-01 -2.901e-01  2.873e-01  3.138e-01  2.611e-01  3.484e-01 -2.128e-01 -5.576e-02  4.044e-01  3.862e-01 -1.324e-01 -5.116e-17

grad: -8.458e-26  1.068e-25  3.154e-26  4.203e-26  2.011e-26  1.377e-26 -5.398e-27 -1.440e-26 -4.915e-27  8.720e-27 -1.228e-26  6.026e-27  1.190e-26  7.497e-27  1.775e-26 -9.270e-28 -3.338e-27 -2.814e-27  3.179e-27 -6.215e-28  5.808e-26  1.447e-26  9.403e-26 -9.664e-27 -1.234e-25 -9.074e-27  1.887e-26  1.774e-26 -4.673e-27  2.995e-26  1.418e-26  1.228e-26  5.752e-27  1.892e-26 -1.924e-26 -4.168e-27  2.973e-27 -4.229e-27 -9.931e-30  8.269e-28  8.370e-27  4.192e-27  1.499e-26 -7.830e-27 -1.050e-26  9.639e-27 -4.397e-27  8.901e-29 -3.918e-27 -4.070e-27  3.822e-15

finished in 42 iterations (0.068 seconds total)
max viol = 3.18e-08

---------------------
Result:
---------------------

{(1,0), (0,0), (0,0), (0,0), (0,0), (0,0)}, {(0,0), (1,0), (0,0), (0,0), (0,0), (0,0)}, {(0,0), (0,0), (1,0), (0,0), (0,0), (0,0)}, {}, {}, {}


{(0.408,0), (0.408,0), (0.408,0), (0.408,0), (0.408,0), (0.408,0)}, {(0.408,0), (0.35,-0.209), (-0.408,-0.0159), (-0.134,-0.384), (-0.186,0.067), (-0.0305,0.543)}, {}, {}, {}, {}


{(0.408,0), (-0.386,0.134), (0.116,-0.392), (0.281,-0.23), (-0.0284,0.137), (-0.0489,-0.588)}, {(0.408,0), (0.145,-0.382), (0.147,-0.381), (-0.137,0.135), (-0.198,-0.546), (-0.31,0.174)}, {}, {}, {}, {}


{(0.408,0), (0.389,-0.122), (0.314,-0.261), (-0.229,0.101), (-0.39,0.0446), (0.505,0.169)}, {}, {}, {}, {}, {}

---------------------
Abs of Gram matrix:
---------------------

 { { +1.0000, +0.0000, +0.0000, +0.0000, +0.0000, +0.0000, +0.4082, +0.4082, +0.0000, +0.0000, +0.0000, +0.0000, +0.4082, +0.4082, +0.0000, +0.0000, +0.0000, +0.0000, +0.4082, +0.0000, +0.0000, +0.0000, +0.0000, +0.0000}, 
   { +0.0000, +1.0000, +0.0000, +0.0000, +0.0000, +0.0000, +0.4082, +0.4082, +0.0000, +0.0000, +0.0000, +0.0000, +0.4082, +0.4082, +0.0000, +0.0000, +0.0000, +0.0000, +0.4082, +0.0000, +0.0000, +0.0000, +0.0000, +0.0000}, 
   { +0.0000, +0.0000, +1.0000, +0.0000, +0.0000, +0.0000, +0.4082, +0.4082, +0.0000, +0.0000, +0.0000, +0.0000, +0.4082, +0.4082, +0.0000, +0.0000, +0.0000, +0.0000, +0.4082, +0.0000, +0.0000, +0.0000, +0.0000, +0.0000}, 
   { +0.0000, +0.0000, +0.0000, +0.0000, +0.0000, +0.0000, +0.0000, +0.0000, +0.0000, +0.0000, +0.0000, +0.0000, +0.0000, +0.0000, +0.0000, +0.0000, +0.0000, +0.0000, +0.0000, +0.0000, +0.0000, +0.0000, +0.0000, +0.0000}, 
   { +0.0000, +0.0000, +0.0000, +0.0000, +0.0000, +0.0000, +0.0000, +0.0000, +0.0000, +0.0000, +0.0000, +0.0000, +0.0000, +0.0000, +0.0000, +0.0000, +0.0000, +0.0000, +0.0000, +0.0000, +0.0000, +0.0000, +0.0000, +0.0000}, 
   { +0.0000, +0.0000, +0.0000, +0.0000, +0.0000, +0.0000, +0.0000, +0.0000, +0.0000, +0.0000, +0.0000, +0.0000, +0.0000, +0.0000, +0.0000, +0.0000, +0.0000, +0.0000, +0.0000, +0.0000, +0.0000, +0.0000, +0.0000, +0.0000}, 
   { +0.4082, +0.4082, +0.4082, +0.0000, +0.0000, +0.0000, +1.0000, +0.0001, +0.0000, +0.0000, +0.0000, +0.0000, +0.4082, +0.4082, +0.0000, +0.0000, +0.0000, +0.0000, +0.4082, +0.0000, +0.0000, +0.0000, +0.0000, +0.0000}, 
   { +0.4082, +0.4082, +0.4082, +0.0000, +0.0000, +0.0000, +0.0001, +1.0000, +0.0000, +0.0000, +0.0000, +0.0000, +0.4082, +0.4082, +0.0000, +0.0000, +0.0000, +0.0000, +0.4082, +0.0000, +0.0000, +0.0000, +0.0000, +0.0000}, 
   { +0.0000, +0.0000, +0.0000, +0.0000, +0.0000, +0.0000, +0.0000, +0.0000, +0.0000, +0.0000, +0.0000, +0.0000, +0.0000, +0.0000, +0.0000, +0.0000, +0.0000, +0.0000, +0.0000, +0.0000, +0.0000, +0.0000, +0.0000, +0.0000}, 
   { +0.0000, +0.0000, +0.0000, +0.0000, +0.0000, +0.0000, +0.0000, +0.0000, +0.0000, +0.0000, +0.0000, +0.0000, +0.0000, +0.0000, +0.0000, +0.0000, +0.0000, +0.0000, +0.0000, +0.0000, +0.0000, +0.0000, +0.0000, +0.0000}, 
   { +0.0000, +0.0000, +0.0000, +0.0000, +0.0000, +0.0000, +0.0000, +0.0000, +0.0000, +0.0000, +0.0000, +0.0000, +0.0000, +0.0000, +0.0000, +0.0000, +0.0000, +0.0000, +0.0000, +0.0000, +0.0000, +0.0000, +0.0000, +0.0000}, 
   { +0.0000, +0.0000, +0.0000, +0.0000, +0.0000, +0.0000, +0.0000, +0.0000, +0.0000, +0.0000, +0.0000, +0.0000, +0.0000, +0.0000, +0.0000, +0.0000, +0.0000, +0.0000, +0.0000, +0.0000, +0.0000, +0.0000, +0.0000, +0.0000}, 
   { +0.4082, +0.4082, +0.4082, +0.0000, +0.0000, +0.0000, +0.4082, +0.4082, +0.0000, +0.0000, +0.0000, +0.0000, +1.0000, +0.0000, +0.0000, +0.0000, +0.0000, +0.0000, +0.4082, +0.0000, +0.0000, +0.0000, +0.0000, +0.0000}, 
   { +0.4082, +0.4082, +0.4082, +0.0000, +0.0000, +0.0000, +0.4082, +0.4082, +0.0000, +0.0000, +0.0000, +0.0000, +0.0000, +1.0000, +0.0000, +0.0000, +0.0000, +0.0000, +0.4082, +0.0000, +0.0000, +0.0000, +0.0000, +0.0000}, 
   { +0.0000, +0.0000, +0.0000, +0.0000, +0.0000, +0.0000, +0.0000, +0.0000, +0.0000, +0.0000, +0.0000, +0.0000, +0.0000, +0.0000, +0.0000, +0.0000, +0.0000, +0.0000, +0.0000, +0.0000, +0.0000, +0.0000, +0.0000, +0.0000}, 
   { +0.0000, +0.0000, +0.0000, +0.0000, +0.0000, +0.0000, +0.0000, +0.0000, +0.0000, +0.0000, +0.0000, +0.0000, +0.0000, +0.0000, +0.0000, +0.0000, +0.0000, +0.0000, +0.0000, +0.0000, +0.0000, +0.0000, +0.0000, +0.0000}, 
   { +0.0000, +0.0000, +0.0000, +0.0000, +0.0000, +0.0000, +0.0000, +0.0000, +0.0000, +0.0000, +0.0000, +0.0000, +0.0000, +0.0000, +0.0000, +0.0000, +0.0000, +0.0000, +0.0000, +0.0000, +0.0000, +0.0000, +0.0000, +0.0000}, 
   { +0.0000, +0.0000, +0.0000, +0.0000, +0.0000, +0.0000, +0.0000, +0.0000, +0.0000, +0.0000, +0.0000, +0.0000, +0.0000, +0.0000, +0.0000, +0.0000, +0.0000, +0.0000, +0.0000, +0.0000, +0.0000, +0.0000, +0.0000, +0.0000}, 
   { +0.4082, +0.4082, +0.4082, +0.0000, +0.0000, +0.0000, +0.4082, +0.4082, +0.0000, +0.0000, +0.0000, +0.0000, +0.4082, +0.4082, +0.0000, +0.0000, +0.0000, +0.0000, +1.0000, +0.0000, +0.0000, +0.0000, +0.0000, +0.0000}, 
   { +0.0000, +0.0000, +0.0000, +0.0000, +0.0000, +0.0000, +0.0000, +0.0000, +0.0000, +0.0000, +0.0000, +0.0000, +0.0000, +0.0000, +0.0000, +0.0000, +0.0000, +0.0000, +0.0000, +0.0000, +0.0000, +0.0000, +0.0000, +0.0000}, 
   { +0.0000, +0.0000, +0.0000, +0.0000, +0.0000, +0.0000, +0.0000, +0.0000, +0.0000, +0.0000, +0.0000, +0.0000, +0.0000, +0.0000, +0.0000, +0.0000, +0.0000, +0.0000, +0.0000, +0.0000, +0.0000, +0.0000, +0.0000, +0.0000}, 
   { +0.0000, +0.0000, +0.0000, +0.0000, +0.0000, +0.0000, +0.0000, +0.0000, +0.0000, +0.0000, +0.0000, +0.0000, +0.0000, +0.0000, +0.0000, +0.0000, +0.0000, +0.0000, +0.0000, +0.0000, +0.0000, +0.0000, +0.0000, +0.0000}, 
   { +0.0000, +0.0000, +0.0000, +0.0000, +0.0000, +0.0000, +0.0000, +0.0000, +0.0000, +0.0000, +0.0000, +0.0000, +0.0000, +0.0000, +0.0000, +0.0000, +0.0000, +0.0000, +0.0000, +0.0000, +0.0000, +0.0000, +0.0000, +0.0000}, 
   { +0.0000, +0.0000, +0.0000, +0.0000, +0.0000, +0.0000, +0.0000, +0.0000, +0.0000, +0.0000, +0.0000, +0.0000, +0.0000, +0.0000, +0.0000, +0.0000, +0.0000, +0.0000, +0.0000, +0.0000, +0.0000, +0.0000, +0.0000, +0.0000} } 
