---------------------
Basis Indices:
---------------------

{1, 0, 0, 0, 0, 0}, {1, 0, 0, 0, 0, 0}, {1, 0, 0, 0, 0, 0}, {}, {}, {}


{0.408, 0.408, 0.408, 0.408, 0.408, 0.408}, {0.408, x_43+i*x_187, x_44+i*x_188, x_45+i*x_189, x_46+i*x_190, x_47+i*x_191}, {0.408, x_49+i*x_193, x_50+i*x_194, x_51+i*x_195, x_52+i*x_196, x_53+i*x_197}, {}, {}, {}


{0.408, x_73+i*x_217, x_74+i*x_218, x_75+i*x_219, x_76+i*x_220, x_77+i*x_221}, {0.408, x_79+i*x_223, x_80+i*x_224, x_81+i*x_225, x_82+i*x_226, x_83+i*x_227}, {}, {}, {}, {}


{0.408, x_109+i*x_253, x_110+i*x_254, x_111+i*x_255, x_112+i*x_256, x_113+i*x_257}, {0.408, x_115+i*x_259, x_116+i*x_260, x_117+i*x_261, x_118+i*x_262, x_119+i*x_263}, {}, {}, {}, {}

---------------------
Problem: 
---------------------
Find a point satisfying:

1*{  44  50} + 1*{  46  52} + 1*{ 188 194} + 1*{ 187 193} + 1*{  47  53} + 1*{  45  51} + 1*{  43  49} + 1*{ 189 195} + 0.166667*{} + 1*{ 190 196} + 1*{ 191 197} = 0 

-1*{  51 189} + 1*{  45 195} + -1*{  50 188} + 1*{  44 194} + 1*{  43 193} + -1*{  53 191} + 1*{  46 196} + -1*{  52 190} + -1*{  49 187} + 1*{  47 197} = 0 

-0.166667*{} + 1*{ 289 289} + 1*{ 288 288} = 0 

1*{ 189 219} + 1*{ 188 218} + 1*{ 187 217} + 1*{  45  75} + 1*{  44  74} + 1*{  43  73} + 0.166667*{} + 1*{  46  76} + 1*{ 190 220} + 1*{  47  77} + 1*{ 191 221} + -1*{ 288} = 0 

-1*{  75 189} + 1*{  45 219} + 1*{  46 220} + 1*{  44 218} + -1*{  74 188} + 1*{  43 217} + -1*{ 289} + -1*{  73 187} + 1*{  47 221} + -1*{  76 190} + -1*{  77 191} = 0 

-0.166667*{} + 1*{ 291 291} + 1*{ 290 290} = 0 

-1*{ 290} + 1*{ 189 225} + 1*{  45  81} + 1*{  44  80} + 1*{ 187 223} + 1*{  43  79} + 1*{ 191 227} + 0.166667*{} + 1*{ 188 224} + 1*{  46  82} + 1*{ 190 226} + 1*{  47  83} = 0 

-1*{  81 189} + -1*{  82 190} + 1*{  44 224} + 1*{  43 223} + 1*{  46 226} + -1*{  79 187} + 1*{  45 225} + -1*{ 291} + -1*{  80 188} + 1*{  47 227} + -1*{  83 191} = 0 

-0.166667*{} + 1*{ 293 293} + 1*{ 292 292} = 0 

1*{  45 111} + 1*{ 188 254} + 1*{ 189 255} + -1*{ 292} + 1*{  46 112} + 1*{ 187 253} + 0.166667*{} + 1*{  43 109} + 1*{  44 110} + 1*{ 190 256} + 1*{  47 113} + 1*{ 191 257} = 0 

-1*{ 110 188} + 1*{  45 255} + -1*{ 109 187} + -1*{ 111 189} + -1*{ 293} + 1*{  43 253} + 1*{  47 257} + 1*{  44 254} + 1*{  46 256} + -1*{ 112 190} + -1*{ 113 191} = 0 

-0.166667*{} + 1*{ 295 295} + 1*{ 294 294} = 0 

1*{  43 115} + 1*{  44 116} + 1*{ 188 260} + 1*{  45 117} + 1*{  47 119} + 0.166667*{} + 1*{ 189 261} + 1*{  46 118} + -1*{ 294} + 1*{ 190 262} + 1*{ 187 259} + 1*{ 191 263} = 0 

-1*{ 117 189} + 1*{  45 261} + 1*{  44 260} + -1*{ 115 187} + -1*{ 295} + -1*{ 119 191} + 1*{  46 262} + -1*{ 118 190} + -1*{ 116 188} + 1*{  43 259} + 1*{  47 263} = 0 

-0.166667*{} + 1*{ 187 187} + 1*{  43  43} = 0 

-0.166667*{} + 1*{ 188 188} + 1*{  44  44} = 0 

-0.833333*{} + 1*{  43  43} + 1*{ 187 187} + 1*{  44  44} + 1*{ 188 188} + 1*{  45  45} + 1*{ 189 189} + 1*{  46  46} + 1*{ 190 190} + 1*{  47  47} + 1*{ 191 191} = 0 

0.333333*{  45  46} + 0.166667*{  44  44} + 0.333333*{  44  46} + 0.166667*{  47  47} + 0.333333*{  46  47} + 0.166667*{ 188 188} + 0.166667*{  45  45} + 0.333333*{  43  44} + 0.136083*{  45} + 0.333333*{  43  45} + 0.333333*{ 189 190} + 0.333333*{ 190 191} + 0.136083*{  47} + 0.333333*{  43  46} + 0.333333*{ 189 191} + 0.333333*{ 187 190} + 0.333333*{ 188 191} + 0.333333*{  44  45} + 0.166667*{ 191 191} + 0.166667*{  43  43} + 0.166667*{ 190 190} + 0.333333*{ 187 188} + 0.166667*{ 187 187} + 0.166667*{ 189 189} + 0.333333*{ 188 189} + 0.136083*{  44} + 0.0277778*{} + 0.333333*{  45  47} + 0.136083*{  43} + 0.136083*{  46} + 0.333333*{ 187 189} + 0.333333*{ 188 190} + 0.333333*{  44  47} + 0.333333*{  43  47} + 0.333333*{ 187 191} + 0.166667*{  46  46} = 0 

-0.166667*{} + 1*{ 297 297} + 1*{ 296 296} = 0 

1*{  53  77} + 1*{ 196 220} + 1*{ 197 221} + 1*{  50  74} + 1*{  52  76} + 1*{ 195 219} + 1*{ 193 217} + 1*{  49  73} + 0.166667*{} + 1*{  51  75} + 1*{ 194 218} + -1*{ 296} = 0 

1*{  51 219} + 1*{  50 218} + -1*{  75 195} + 1*{  49 217} + -1*{  77 197} + -1*{  74 194} + 1*{  52 220} + 1*{  53 221} + -1*{  73 193} + -1*{ 297} + -1*{  76 196} = 0 

-0.166667*{} + 1*{ 299 299} + 1*{ 298 298} = 0 

1*{  51  81} + 1*{  49  79} + 1*{  50  80} + 0.166667*{} + 1*{  53  83} + 1*{ 193 223} + 1*{ 197 227} + 1*{ 195 225} + 1*{ 194 224} + 1*{  52  82} + 1*{ 196 226} + -1*{ 298} = 0 

-1*{  81 195} + -1*{  80 194} + -1*{  79 193} + 1*{  50 224} + 1*{  51 225} + 1*{  49 223} + -1*{  83 197} + 1*{  53 227} + 1*{  52 226} + -1*{  82 196} + -1*{ 299} = 0 

-0.166667*{} + 1*{ 301 301} + 1*{ 300 300} = 0 

1*{  51 111} + 1*{ 194 254} + 1*{  50 110} + 1*{ 193 253} + 1*{ 195 255} + 1*{  49 109} + 0.166667*{} + 1*{ 197 257} + 1*{ 196 256} + 1*{  53 113} + 1*{  52 112} + -1*{ 300} = 0 

-1*{ 111 195} + 1*{  51 255} + -1*{ 301} + -1*{ 109 193} + -1*{ 110 194} + 1*{  49 253} + 1*{  50 254} + 1*{  52 256} + 1*{  53 257} + -1*{ 112 196} + -1*{ 113 197} = 0 

-0.166667*{} + 1*{ 303 303} + 1*{ 302 302} = 0 

1*{ 195 261} + 1*{  53 119} + 0.166667*{} + 1*{ 197 263} + 1*{ 193 259} + 1*{  49 115} + 1*{  50 116} + 1*{  52 118} + 1*{  51 117} + 1*{ 194 260} + -1*{ 302} + 1*{ 196 262} = 0 

-1*{ 117 195} + 1*{  51 261} + -1*{ 116 194} + 1*{  50 260} + 1*{  52 262} + -1*{ 118 196} + 1*{  53 263} + -1*{ 115 193} + 1*{  49 259} + -1*{ 119 197} + -1*{ 303} = 0 

-0.166667*{} + 1*{ 193 193} + 1*{  49  49} = 0 

-0.166667*{} + 1*{ 194 194} + 1*{  50  50} = 0 

-0.833333*{} + 1*{ 195 195} + 1*{  53  53} + 1*{  49  49} + 1*{ 193 193} + 1*{  50  50} + 1*{ 194 194} + 1*{  52  52} + 1*{  51  51} + 1*{ 196 196} + 1*{ 197 197} = 0 

0.333333*{ 195 196} + 0.333333*{ 195 197} + 0.333333*{ 194 195} + 0.333333*{  51  52} + 0.333333*{  51  53} + 0.136083*{  52} + 0.333333*{  50  51} + 0.333333*{  49  52} + 0.136083*{  53} + 0.166667*{ 197 197} + 0.333333*{  50  52} + 0.333333*{  49  51} + 0.333333*{ 194 197} + 0.333333*{ 193 197} + 0.166667*{ 195 195} + 0.166667*{ 193 193} + 0.166667*{ 196 196} + 0.333333*{  49  53} + 0.166667*{  51  51} + 0.136083*{  51} + 0.136083*{  49} + 0.0277778*{} + 0.136083*{  50} + 0.166667*{  49  49} + 0.333333*{  49  50} + 0.166667*{  50  50} + 0.333333*{ 196 197} + 0.333333*{ 193 196} + 0.333333*{  50  53} + 0.333333*{ 193 195} + 0.166667*{  53  53} + 0.333333*{ 193 194} + 0.166667*{ 194 194} + 0.333333*{  52  53} + 0.166667*{  52  52} + 0.333333*{ 194 196} = 0 

1*{ 220 226} + 1*{  74  80} + 1*{  75  81} + 1*{ 221 227} + 1*{  77  83} + 1*{ 217 223} + 1*{ 219 225} + 1*{  73  79} + 1*{ 218 224} + 0.166667*{} + 1*{  76  82} = 0 

-1*{  81 219} + -1*{  80 218} + 1*{  74 224} + -1*{  79 217} + 1*{  75 225} + -1*{  83 221} + 1*{  76 226} + 1*{  73 223} + -1*{  82 220} + 1*{  77 227} = 0 

-0.166667*{} + 1*{ 305 305} + 1*{ 304 304} = 0 

0.166667*{} + 1*{ 220 256} + 1*{  75 111} + 1*{  77 113} + 1*{ 218 254} + 1*{ 217 253} + 1*{ 219 255} + 1*{  73 109} + 1*{  76 112} + 1*{ 221 257} + 1*{  74 110} + -1*{ 304} = 0 

-1*{ 111 219} + -1*{ 110 218} + 1*{  74 254} + 1*{  75 255} + 1*{  73 253} + 1*{  76 256} + -1*{ 109 217} + -1*{ 112 220} + -1*{ 305} + 1*{  77 257} + -1*{ 113 221} = 0 

-0.166667*{} + 1*{ 307 307} + 1*{ 306 306} = 0 

1*{ 219 261} + 1*{ 218 260} + 1*{  74 116} + 0.166667*{} + 1*{  76 118} + 1*{  73 115} + 1*{ 220 262} + 1*{  77 119} + 1*{ 221 263} + 1*{  75 117} + 1*{ 217 259} + -1*{ 306} = 0 

1*{  74 260} + -1*{ 115 217} + 1*{  76 262} + 1*{  75 261} + -1*{ 117 219} + -1*{ 307} + -1*{ 116 218} + 1*{  73 259} + 1*{  77 263} + -1*{ 118 220} + -1*{ 119 221} = 0 

-0.166667*{} + 1*{ 217 217} + 1*{  73  73} = 0 

-0.166667*{} + 1*{ 218 218} + 1*{  74  74} = 0 

-0.833333*{} + 1*{ 219 219} + 1*{  73  73} + 1*{  75  75} + 1*{  77  77} + 1*{ 217 217} + 1*{  74  74} + 1*{ 218 218} + 1*{ 221 221} + 1*{  76  76} + 1*{ 220 220} = 0 

0.333333*{ 219 220} + 0.166667*{  75  75} + 0.333333*{  74  77} + 0.333333*{  75  76} + 0.333333*{ 218 219} + 0.333333*{ 218 221} + 0.333333*{ 218 220} + 0.333333*{ 220 221} + 0.166667*{ 221 221} + 0.136083*{  77} + 0.333333*{ 219 221} + 0.136083*{  75} + 0.333333*{  73  74} + 0.166667*{ 219 219} + 0.333333*{  73  77} + 0.333333*{ 217 218} + 0.166667*{ 218 218} + 0.166667*{  76  76} + 0.333333*{  73  76} + 0.333333*{ 217 221} + 0.333333*{ 217 219} + 0.333333*{  74  75} + 0.333333*{  73  75} + 0.166667*{  74  74} + 0.333333*{ 217 220} + 0.166667*{  73  73} + 0.166667*{ 220 220} + 0.333333*{  75  77} + 0.136083*{  73} + 0.166667*{ 217 217} + 0.136083*{  74} + -0.138889*{} + 0.333333*{  74  76} + 0.333333*{  76  77} + 0.166667*{  77  77} + 0.136083*{  76} = 0 

-0.166667*{} + 1*{ 309 309} + 1*{ 308 308} = 0 

1*{ 224 254} + 1*{ 223 253} + 1*{  81 111} + 1*{  80 110} + 1*{ 227 257} + 0.166667*{} + 1*{  82 112} + 1*{  79 109} + 1*{ 226 256} + 1*{ 225 255} + 1*{  83 113} + -1*{ 308} = 0 

-1*{ 109 223} + 1*{  81 255} + -1*{ 110 224} + -1*{ 111 225} + -1*{ 112 226} + -1*{ 113 227} + 1*{  79 253} + 1*{  80 254} + 1*{  82 256} + 1*{  83 257} + -1*{ 309} = 0 

-0.166667*{} + 1*{ 311 311} + 1*{ 310 310} = 0 

1*{ 224 260} + 1*{ 226 262} + 1*{  80 116} + 1*{ 223 259} + 1*{  79 115} + 0.166667*{} + 1*{  82 118} + 1*{  83 119} + 1*{  81 117} + -1*{ 310} + 1*{ 225 261} + 1*{ 227 263} = 0 

-1*{ 117 225} + 1*{  81 261} + -1*{ 116 224} + 1*{  80 260} + 1*{  79 259} + -1*{ 115 223} + -1*{ 119 227} + 1*{  83 263} + 1*{  82 262} + -1*{ 118 226} + -1*{ 311} = 0 

-0.166667*{} + 1*{ 223 223} + 1*{  79  79} = 0 

-0.166667*{} + 1*{ 224 224} + 1*{  80  80} = 0 

-0.833333*{} + 1*{  83  83} + 1*{  79  79} + 1*{ 223 223} + 1*{  80  80} + 1*{ 224 224} + 1*{ 226 226} + 1*{  81  81} + 1*{ 225 225} + 1*{  82  82} + 1*{ 227 227} = 0 

0.166667*{  80  80} + 0.333333*{  80  83} + 0.333333*{  79  82} + 0.166667*{ 223 223} + 0.333333*{ 223 225} + 0.333333*{  80  81} + 0.166667*{ 227 227} + 0.333333*{ 224 227} + 0.333333*{ 226 227} + 0.166667*{ 225 225} + 0.166667*{  82  82} + 0.333333*{  79  83} + 0.333333*{  81  82} + 0.166667*{  81  81} + 0.333333*{  80  82} + 0.333333*{ 225 227} + 0.333333*{ 224 226} + 0.166667*{  79  79} + 0.333333*{ 225 226} + 0.166667*{ 224 224} + 0.333333*{  79  80} + 0.166667*{ 226 226} + 0.333333*{  81  83} + 0.333333*{ 224 225} + -0.138889*{} + 0.166667*{  83  83} + 0.136083*{  81} + 0.333333*{ 223 224} + 0.136083*{  80} + 0.333333*{  82  83} + 0.136083*{  83} + 0.136083*{  82} + 0.333333*{  79  81} + 0.136083*{  79} + 0.333333*{ 223 227} + 0.333333*{ 223 226} = 0 

1*{ 255 261} + 1*{ 111 117} + 1*{ 254 260} + 1*{ 110 116} + 1*{ 112 118} + 1*{ 253 259} + 1*{ 109 115} + 1*{ 113 119} + 1*{ 257 263} + 0.166667*{} + 1*{ 256 262} = 0 

-1*{ 117 255} + 1*{ 111 261} + 1*{ 110 260} + -1*{ 116 254} + -1*{ 115 253} + -1*{ 119 257} + 1*{ 109 259} + -1*{ 118 256} + 1*{ 112 262} + 1*{ 113 263} = 0 

-0.166667*{} + 1*{ 253 253} + 1*{ 109 109} = 0 

-0.166667*{} + 1*{ 254 254} + 1*{ 110 110} = 0 

-0.833333*{} + 1*{ 109 109} + 1*{ 257 257} + 1*{ 253 253} + 1*{ 254 254} + 1*{ 110 110} + 1*{ 111 111} + 1*{ 255 255} + 1*{ 112 112} + 1*{ 256 256} + 1*{ 113 113} = 0 

0.333333*{ 110 111} + 0.166667*{ 256 256} + 0.333333*{ 255 256} + 0.333333*{ 254 256} + 0.166667*{ 112 112} + 0.333333*{ 110 112} + 0.136083*{ 111} + 0.333333*{ 110 113} + 0.333333*{ 109 113} + 0.333333*{ 253 255} + 0.333333*{ 109 112} + 0.333333*{ 111 112} + 0.166667*{ 111 111} + 0.333333*{ 109 111} + 0.333333*{ 254 255} + 0.136083*{ 110} + 0.166667*{ 113 113} + 0.333333*{ 254 257} + 0.333333*{ 109 110} + 0.333333*{ 111 113} + 0.166667*{ 257 257} + 0.166667*{ 110 110} + 0.333333*{ 253 256} + 0.333333*{ 255 257} + 0.166667*{ 255 255} + 0.136083*{ 112} + 0.333333*{ 112 113} + 0.166667*{ 254 254} + 0.333333*{ 256 257} + 0.166667*{ 109 109} + 0.136083*{ 109} + -0.138889*{} + 0.136083*{ 113} + 0.333333*{ 253 257} + 0.333333*{ 253 254} + 0.166667*{ 253 253} = 0 

-0.166667*{} + 1*{ 259 259} + 1*{ 115 115} = 0 

-0.166667*{} + 1*{ 260 260} + 1*{ 116 116} = 0 

-0.833333*{} + 1*{ 115 115} + 1*{ 261 261} + 1*{ 118 118} + 1*{ 259 259} + 1*{ 262 262} + 1*{ 116 116} + 1*{ 119 119} + 1*{ 260 260} + 1*{ 263 263} + 1*{ 117 117} = 0 

0.333333*{ 261 263} + 0.166667*{ 117 117} + 0.166667*{ 260 260} + 0.333333*{ 116 118} + 0.333333*{ 260 262} + 0.333333*{ 259 261} + 0.136083*{ 118} + -0.138889*{} + 0.166667*{ 259 259} + 0.333333*{ 115 118} + 0.333333*{ 259 262} + 0.333333*{ 115 117} + 0.166667*{ 263 263} + 0.333333*{ 115 119} + 0.166667*{ 262 262} + 0.136083*{ 115} + 0.333333*{ 261 262} + 0.333333*{ 118 119} + 0.166667*{ 261 261} + 0.166667*{ 118 118} + 0.333333*{ 117 118} + 0.166667*{ 115 115} + 0.136083*{ 117} + 0.333333*{ 115 116} + 0.136083*{ 119} + 0.333333*{ 116 119} + 0.333333*{ 262 263} + 0.136083*{ 116} + 0.333333*{ 259 263} + 0.333333*{ 260 263} + 0.333333*{ 260 261} + 0.333333*{ 117 119} + 0.166667*{ 119 119} + 0.333333*{ 259 260} + 0.166667*{ 116 116} + 0.333333*{ 116 117} = 0 

---------------------
Summary:
---------------------
set sizes: {3, 3, 2, 2}, vars: 84, vectors: 10, equations: 66, indep eqn: 66

---------------------
Optimization:
---------------------
1 3.713e+00 3.713e+00
2 1.122e+04 3.713e+00
3 4.268e+03 3.713e+00
4 1.533e+03 3.713e+00
5 5.495e+02 3.713e+00
6 1.963e+02 3.713e+00
7 6.975e+01 3.713e+00
8 2.462e+01 3.713e+00
9 8.624e+00 3.713e+00
10 3.003e+00 3.003e+00
11 1.056e+00 1.056e+00
12 3.624e-01 3.624e-01
13 1.241e-01 1.241e-01
14 4.235e-02 4.235e-02
15 1.483e-02 1.483e-02
16 5.121e-03 5.121e-03
17 1.837e-03 1.837e-03
18 6.993e-04 6.993e-04
19 2.833e-04 2.833e-04
20 1.168e-04 1.168e-04
21 4.810e-05 4.810e-05
22 2.056e-05 2.056e-05
23 8.416e-06 8.416e-06
24 3.555e-06 3.555e-06
25 1.564e-06 1.564e-06
26 7.571e-07 7.571e-07
27 3.794e-07 3.794e-07
28 2.106e-07 2.106e-07
29 1.203e-07 1.203e-07
30 7.371e-08 7.371e-08
31 4.352e-08 4.352e-08
32 2.706e-08 2.706e-08
33 1.613e-08 1.613e-08
34 1.012e-08 1.012e-08
35 6.041e-09 6.041e-09
36 3.788e-09 3.788e-09
37 2.261e-09 2.261e-09
38 1.419e-09 1.419e-09
39 8.473e-10 8.473e-10
40 5.304e-10 5.304e-10
41 3.164e-10 3.164e-10
42 1.964e-10 1.964e-10
43 1.159e-10 1.159e-10
44 7.559e-11 7.559e-11
45 5.035e-11 5.035e-11
46 4.503e-11 4.503e-11
47 4.010e-11 4.010e-11
48 3.815e-12 3.815e-12
49 8.438e-13 8.438e-13
50 3.789e-13 3.789e-13
51 6.918e-14 6.918e-14
1 (precision) 9.860e-13 6.918e-14 (from 6.918e-14)
2 (precision) 1.022e-11 6.918e-14 (from 6.918e-14)
3 (precision) 2.524e-12 6.918e-14 (from 6.918e-14)
4 (precision) 1.186e-11 6.918e-14 (from 6.918e-14)
5 (precision) 3.243e-12 6.918e-14 (from 6.918e-14)
6 (precision) 8.597e-13 6.918e-14 (from 6.918e-14)
7 (precision) 8.393e-13 6.918e-14 (from 6.918e-14)
8 (precision) 7.435e-14 6.918e-14 (from 6.918e-14)
9 (precision) 3.312e-14 3.312e-14 (from 6.918e-14)
10 (precision) 8.455e-13 3.312e-14 (from 6.918e-14)
11 (precision) 1.895e-13 3.312e-14 (from 6.918e-14)
12 (precision) 3.932e-13 3.312e-14 (from 6.918e-14)
13 (precision) 6.560e-13 3.312e-14 (from 6.918e-14)
14 (precision) 6.829e-12 3.312e-14 (from 6.918e-14)
15 (precision) 1.524e-12 3.312e-14 (from 6.918e-14)
16 (precision) 1.195e-11 3.312e-14 (from 6.918e-14)
17 (precision) 2.398e-12 3.312e-14 (from 6.918e-14)
18 (precision) 5.618e-13 3.312e-14 (from 6.918e-14)
19 (precision) 1.300e-15 1.300e-15 (from 6.918e-14)
20 (precision) 3.982e-16 3.982e-16 (from 6.918e-14)
21 (precision) 9.678e-15 3.982e-16 (from 6.918e-14)
22 (precision) 8.361e-14 3.982e-16 (from 6.918e-14)
23 (precision) 1.285e-14 3.982e-16 (from 6.918e-14)
24 (precision) 8.552e-15 3.982e-16 (from 6.918e-14)
25 (precision) 5.881e-16 3.982e-16 (from 6.918e-14)
26 (precision) 4.321e-15 3.982e-16 (from 6.918e-14)
27 (precision) 4.383e-12 3.982e-16 (from 6.918e-14)
28 (precision) 1.238e-12 3.982e-16 (from 6.918e-14)
29 (precision) 3.674e-13 3.982e-16 (from 6.918e-14)
30 (precision) 1.090e-13 3.982e-16 (from 6.918e-14)
31 (precision) 4.100e-14 3.982e-16 (from 6.918e-14)
32 (precision) 2.288e-14 3.982e-16 (from 6.918e-14)
33 (precision) 9.376e-15 3.982e-16 (from 6.918e-14)
34 (precision) 2.743e-14 3.982e-16 (from 6.918e-14)
35 (precision) 8.033e-15 3.982e-16 (from 6.918e-14)
36 (precision) 3.433e-15 3.982e-16 (from 6.918e-14)
37 (precision) 2.063e-15 3.982e-16 (from 6.918e-14)
38 (precision) 2.904e-15 3.982e-16 (from 6.918e-14)
39 (precision) 1.110e-15 3.982e-16 (from 6.918e-14)
40 (precision) 5.098e-15 3.982e-16 (from 6.918e-14)
41 (precision) 1.256e-14 3.982e-16 (from 6.918e-14)
42 (precision) 5.910e-15 3.982e-16 (from 6.918e-14)
43 (precision) 7.031e-15 3.982e-16 (from 6.918e-14)
44 (precision) 1.392e-10 3.982e-16 (from 6.918e-14)
45 (precision) 4.262e-11 3.982e-16 (from 6.918e-14)
46 (precision) 1.438e-11 3.982e-16 (from 6.918e-14)
47 (precision) 5.143e-12 3.982e-16 (from 6.918e-14)
48 (precision) 1.855e-12 3.982e-16 (from 6.918e-14)
49 (precision) 6.663e-13 3.982e-16 (from 6.918e-14)
50 (precision) 2.401e-13 3.982e-16 (from 6.918e-14)
51 (precision) 8.581e-14 3.982e-16 (from 6.918e-14)
52 (precision) 2.868e-14 3.982e-16 (from 6.918e-14)
53 (precision) 1.867e-14 3.982e-16 (from 6.918e-14)
54 (precision) 2.327e-15 3.982e-16 (from 6.918e-14)
55 (precision) 5.115e-15 3.982e-16 (from 6.918e-14)
56 (precision) 9.571e-16 3.982e-16 (from 6.918e-14)
57 (precision) 5.882e-15 3.982e-16 (from 6.918e-14)
58 (precision) 7.202e-10 3.982e-16 (from 6.918e-14)
59 (precision) 2.137e-10 3.982e-16 (from 6.918e-14)
60 (precision) 7.029e-11 3.982e-16 (from 6.918e-14)
61 (precision) 2.574e-11 3.982e-16 (from 6.918e-14)
62 (precision) 9.531e-12 3.982e-16 (from 6.918e-14)
63 (precision) 3.520e-12 3.982e-16 (from 6.918e-14)
64 (precision) 1.321e-12 3.982e-16 (from 6.918e-14)
65 (precision) 4.851e-13 3.982e-16 (from 6.918e-14)
66 (precision) 1.809e-13 3.982e-16 (from 6.918e-14)
67 (precision) 7.071e-14 3.982e-16 (from 6.918e-14)
68 (precision) 2.436e-14 3.982e-16 (from 6.918e-14)
69 (precision) 8.702e-15 3.982e-16 (from 6.918e-14)
70 (precision) 1.069e-14 3.982e-16 (from 6.918e-14)
71 (precision) 4.588e-15 3.982e-16 (from 6.918e-14)
72 (precision) 5.980e-15 3.982e-16 (from 6.918e-14)
73 (precision) 1.435e-14 3.982e-16 (from 6.918e-14)
74 (precision) 1.155e-14 3.982e-16 (from 6.918e-14)
75 (precision) 5.720e-15 3.982e-16 (from 6.918e-14)
76 (precision) 1.244e-14 3.982e-16 (from 6.918e-14)
77 (precision) 3.107e-15 3.982e-16 (from 6.918e-14)
78 (precision) 4.097e-13 3.982e-16 (from 6.918e-14)
79 (precision) 1.253e-13 3.982e-16 (from 6.918e-14)
80 (precision) 3.819e-14 3.982e-16 (from 6.918e-14)
81 (precision) 1.963e-14 3.982e-16 (from 6.918e-14)
82 (precision) 1.005e-14 3.982e-16 (from 6.918e-14)
83 (precision) 5.577e-15 3.982e-16 (from 6.918e-14)
84 (precision) 2.683e-15 3.982e-16 (from 6.918e-14)
85 (precision) 2.678e-15 3.982e-16 (from 6.918e-14)
86 (precision) 2.577e-16 2.577e-16 (from 6.918e-14)
87 (precision) 5.336e-15 2.577e-16 (from 6.918e-14)
88 (precision) 9.409e-15 2.577e-16 (from 6.918e-14)
89 (precision) 3.364e-15 2.577e-16 (from 6.918e-14)
90 (precision) 1.407e-14 2.577e-16 (from 6.918e-14)
91 (precision) 1.092e-15 2.577e-16 (from 6.918e-14)
92 (precision) 1.816e-15 2.577e-16 (from 6.918e-14)
93 (precision) 3.153e-15 2.577e-16 (from 6.918e-14)
94 (precision) 4.780e-15 2.577e-16 (from 6.918e-14)
95 (precision) 3.973e-15 2.577e-16 (from 6.918e-14)
96 (precision) 4.025e-15 2.577e-16 (from 6.918e-14)
97 (precision) 1.348e-14 2.577e-16 (from 6.918e-14)
98 (precision) 3.216e-15 2.577e-16 (from 6.918e-14)
99 (precision) 3.226e-15 2.577e-16 (from 6.918e-14)
100 (precision) 6.488e-15 2.577e-16 (from 6.918e-14)

x: -4.080e-01 -3.929e-01  4.360e-01 -1.699e-01  1.265e-01  1.019e-01 -4.081e-01 -3.549e-02  4.095e-01 -4.760e-01 -2.629e-01 -2.233e-01 -2.638e-01  3.142e-01  1.621e-01  4.057e-01 -2.786e-01 -5.567e-04 -3.154e-01 -1.314e-01  4.074e-01 -2.075e-01  2.610e-01  2.638e-01 -1.988e-01 -1.492e-01 -3.920e-01  1.756e-01 -1.360e-01 -4.768e-01 -1.447e-02 -1.109e-01  1.167e-01 -3.503e-01  3.588e-01  3.953e-01 -1.025e-02 -1.697e-01  5.428e-02 -2.697e-01  3.123e-01  3.418e-01 -1.607e-01 -3.036e-02  5.278e-01 -4.557e-02 -2.984e-01 -2.019e-01 -5.724e-01  1.221e-01 -2.602e-02 -3.516e-01 -2.299e-03  2.080e-01  5.286e-01 -3.800e-01  1.141e-01  8.078e-02 -2.338e-01 -4.027e-01  3.526e-01 -2.057e-01  4.018e-01  7.228e-02  2.817e-01  2.955e-01  3.606e-01  1.915e-01  2.951e-01 -2.821e-01  2.104e-01 -3.499e-01  3.487e-01 -2.124e-01  4.072e-01 -2.865e-02  2.325e-01  3.356e-01 -1.711e-01  3.707e-01  3.846e-01  1.370e-01  3.724e-01 -1.673e-01  4.355e-11

grad:  2.434e-19  3.030e-19 -2.881e-19 -4.638e-20  1.290e-19 -4.449e-20  2.679e-19 -6.032e-20 -2.268e-19  2.466e-19  8.242e-20  3.781e-20  1.031e-20 -6.663e-20 -7.152e-20 -3.247e-19  1.966e-19 -3.138e-21  1.796e-19 -2.460e-20 -1.191e-19  1.241e-19 -1.289e-19 -1.399e-19  4.461e-20  7.953e-20  1.374e-19 -4.415e-20 -1.622e-20  1.263e-19 -5.550e-20  3.000e-20 -3.540e-20  2.309e-19 -3.005e-19 -9.626e-20  1.061e-19 -5.309e-21  6.876e-20  9.472e-20 -9.020e-20 -6.813e-20  3.306e-20 -1.106e-20 -1.524e-19  3.085e-20  1.565e-19  1.908e-19  3.393e-19 -7.990e-20 -6.831e-20  1.815e-19  1.261e-20  2.801e-20 -1.533e-19  1.644e-19 -9.914e-21 -3.838e-20  8.470e-20  4.423e-20  4.314e-20 -4.584e-20 -1.053e-19 -1.259e-19  9.556e-20 -7.740e-21  6.846e-20  7.138e-20 -6.368e-20  2.374e-20 -7.966e-21 -2.628e-20  3.772e-20  4.931e-20 -1.089e-19 -1.652e-20  4.458e-20 -1.514e-20 -3.898e-24  6.193e-22  4.046e-20  9.232e-20 -4.081e-20 -9.724e-21  6.488e-15

finished in 51 iterations (0.14 seconds total)
max viol = 1.37e-08

---------------------
Result:
---------------------

{(1,0), (0,0), (0,0), (0,0), (0,0), (0,0)}, {(0,0), (1,0), (0,0), (0,0), (0,0), (0,0)}, {(0,0), (0,0), (1,0), (0,0), (0,0), (0,0)}, {}, {}, {}


{(0.408,0), (0.408,0), (0.408,0), (0.408,0), (0.408,0), (0.408,0)}, {(0.408,0), (-0.408,-0.0145), (-0.393,-0.111), (0.436,0.117), (-0.17,-0.35), (0.127,0.359)}, {(0.408,0), (0.102,0.395), (-0.408,-0.0103), (-0.0355,-0.17), (0.41,0.0543), (-0.476,-0.27)}, {}, {}, {}


{(0.408,0), (-0.263,0.312), (-0.223,0.342), (-0.264,-0.161), (0.314,-0.0304), (0.162,0.528)}, {(0.408,0), (0.406,-0.0456), (-0.279,-0.298), (-0.000557,-0.202), (-0.315,-0.572), (-0.131,0.122)}, {}, {}, {}, {}


{(0.408,0), (0.407,-0.026), (-0.207,-0.352), (0.261,-0.0023), (0.264,0.208), (-0.199,0.529)}, {(0.408,0), (-0.149,-0.38), (-0.392,0.114), (0.176,0.0808), (-0.136,-0.234), (-0.477,-0.403)}, {}, {}, {}, {}

---------------------
Abs of Gram matrix:
---------------------

 { { +1.0000, +0.0000, +0.0000, +0.0000, +0.0000, +0.0000, +0.4082, +0.4082, +0.4082, +0.0000, +0.0000, +0.0000, +0.4082, +0.4082, +0.0000, +0.0000, +0.0000, +0.0000, +0.4082, +0.4082, +0.0000, +0.0000, +0.0000, +0.0000}, 
   { +0.0000, +1.0000, +0.0000, +0.0000, +0.0000, +0.0000, +0.4082, +0.4082, +0.4082, +0.0000, +0.0000, +0.0000, +0.4082, +0.4082, +0.0000, +0.0000, +0.0000, +0.0000, +0.4082, +0.4082, +0.0000, +0.0000, +0.0000, +0.0000}, 
   { +0.0000, +0.0000, +1.0000, +0.0000, +0.0000, +0.0000, +0.4082, +0.4082, +0.4082, +0.0000, +0.0000, +0.0000, +0.4082, +0.4082, +0.0000, +0.0000, +0.0000, +0.0000, +0.4082, +0.4082, +0.0000, +0.0000, +0.0000, +0.0000}, 
   { +0.0000, +0.0000, +0.0000, +0.0000, +0.0000, +0.0000, +0.0000, +0.0000, +0.0000, +0.0000, +0.0000, +0.0000, +0.0000, +0.0000, +0.0000, +0.0000, +0.0000, +0.0000, +0.0000, +0.0000, +0.0000, +0.0000, +0.0000, +0.0000}, 
   { +0.0000, +0.0000, +0.0000, +0.0000, +0.0000, +0.0000, +0.0000, +0.0000, +0.0000, +0.0000, +0.0000, +0.0000, +0.0000, +0.0000, +0.0000, +0.0000, +0.0000, +0.0000, +0.0000, +0.0000, +0.0000, +0.0000, +0.0000, +0.0000}, 
   { +0.0000, +0.0000, +0.0000, +0.0000, +0.0000, +0.0000, +0.0000, +0.0000, +0.0000, +0.0000, +0.0000, +0.0000, +0.0000, +0.0000, +0.0000, +0.0000, +0.0000, +0.0000, +0.0000, +0.0000, +0.0000, +0.0000, +0.0000, +0.0000}, 
   { +0.4082, +0.4082, +0.4082, +0.0000, +0.0000, +0.0000, +1.0000, +0.0000, +0.0000, +0.0000, +0.0000, +0.0000, +0.4082, +0.4082, +0.0000, +0.0000, +0.0000, +0.0000, +0.4082, +0.4082, +0.0000, +0.0000, +0.0000, +0.0000}, 
   { +0.4082, +0.4082, +0.4082, +0.0000, +0.0000, +0.0000, +0.0000, +1.0000, +0.0000, +0.0000, +0.0000, +0.0000, +0.4082, +0.4082, +0.0000, +0.0000, +0.0000, +0.0000, +0.4082, +0.4082, +0.0000, +0.0000, +0.0000, +0.0000}, 
   { +0.4082, +0.4082, +0.4082, +0.0000, +0.0000, +0.0000, +0.0000, +0.0000, +1.0000, +0.0000, +0.0000, +0.0000, +0.4082, +0.4082, +0.0000, +0.0000, +0.0000, +0.0000, +0.4082, +0.4082, +0.0000, +0.0000, +0.0000, +0.0000}, 
   { +0.0000, +0.0000, +0.0000, +0.0000, +0.0000, +0.0000, +0.0000, +0.0000, +0.0000, +0.0000, +0.0000, +0.0000, +0.0000, +0.0000, +0.0000, +0.0000, +0.0000, +0.0000, +0.0000, +0.0000, +0.0000, +0.0000, +0.0000, +0.0000}, 
   { +0.0000, +0.0000, +0.0000, +0.0000, +0.0000, +0.0000, +0.0000, +0.0000, +0.0000, +0.0000, +0.0000, +0.0000, +0.0000, +0.0000, +0.0000, +0.0000, +0.0000, +0.0000, +0.0000, +0.0000, +0.0000, +0.0000, +0.0000, +0.0000}, 
   { +0.0000, +0.0000, +0.0000, +0.0000, +0.0000, +0.0000, +0.0000, +0.0000, +0.0000, +0.0000, +0.0000, +0.0000, +0.0000, +0.0000, +0.0000, +0.0000, +0.0000, +0.0000, +0.0000, +0.0000, +0.0000, +0.0000, +0.0000, +0.0000}, 
   { +0.4082, +0.4082, +0.4082, +0.0000, +0.0000, +0.0000, +0.4082, +0.4082, +0.4082, +0.0000, +0.0000, +0.0000, +1.0000, +0.0000, +0.0000, +0.0000, +0.0000, +0.0000, +0.4082, +0.4082, +0.0000, +0.0000, +0.0000, +0.0000}, 
   { +0.4082, +0.4082, +0.4082, +0.0000, +0.0000, +0.0000, +0.4082, +0.4082, +0.4082, +0.0000, +0.0000, +0.0000, +0.0000, +1.0000, +0.0000, +0.0000, +0.0000, +0.0000, +0.4082, +0.4082, +0.0000, +0.0000, +0.0000, +0.0000}, 
   { +0.0000, +0.0000, +0.0000, +0.0000, +0.0000, +0.0000, +0.0000, +0.0000, +0.0000, +0.0000, +0.0000, +0.0000, +0.0000, +0.0000, +0.0000, +0.0000, +0.0000, +0.0000, +0.0000, +0.0000, +0.0000, +0.0000, +0.0000, +0.0000}, 
   { +0.0000, +0.0000, +0.0000, +0.0000, +0.0000, +0.0000, +0.0000, +0.0000, +0.0000, +0.0000, +0.0000, +0.0000, +0.0000, +0.0000, +0.0000, +0.0000, +0.0000, +0.0000, +0.0000, +0.0000, +0.0000, +0.0000, +0.0000, +0.0000}, 
   { +0.0000, +0.0000, +0.0000, +0.0000, +0.0000, +0.0000, +0.0000, +0.0000, +0.0000, +0.0000, +0.0000, +0.0000, +0.0000, +0.0000, +0.0000, +0.0000, +0.0000, +0.0000, +0.0000, +0.0000, +0.0000, +0.0000, +0.0000, +0.0000}, 
   { +0.0000, +0.0000, +0.0000, +0.0000, +0.0000, +0.0000, +0.0000, +0.0000, +0.0000, +0.0000, +0.0000, +0.0000, +0.0000, +0.0000, +0.0000, +0.0000, +0.0000, +0.0000, +0.0000, +0.0000, +0.0000, +0.0000, +0.0000, +0.0000}, 
   { +0.4082, +0.4082, +0.4082, +0.0000, +0.0000, +0.0000, +0.4082, +0.4082, +0.4082, +0.0000, +0.0000, +0.0000, +0.4082, +0.4082, +0.0000, +0.0000, +0.0000, +0.0000, +1.0000, +0.0000, +0.0000, +0.0000, +0.0000, +0.0000}, 
   { +0.4082, +0.4082, +0.4082, +0.0000, +0.0000, +0.0000, +0.4082, +0.4082, +0.4082, +0.0000, +0.0000, +0.0000, +0.4082, +0.4082, +0.0000, +0.0000, +0.0000, +0.0000, +0.0000, +1.0000, +0.0000, +0.0000, +0.0000, +0.0000}, 
   { +0.0000, +0.0000, +0.0000, +0.0000, +0.0000, +0.0000, +0.0000, +0.0000, +0.0000, +0.0000, +0.0000, +0.0000, +0.0000, +0.0000, +0.0000, +0.0000, +0.0000, +0.0000, +0.0000, +0.0000, +0.0000, +0.0000, +0.0000, +0.0000}, 
   { +0.0000, +0.0000, +0.0000, +0.0000, +0.0000, +0.0000, +0.0000, +0.0000, +0.0000, +0.0000, +0.0000, +0.0000, +0.0000, +0.0000, +0.0000, +0.0000, +0.0000, +0.0000, +0.0000, +0.0000, +0.0000, +0.0000, +0.0000, +0.0000}, 
   { +0.0000, +0.0000, +0.0000, +0.0000, +0.0000, +0.0000, +0.0000, +0.0000, +0.0000, +0.0000, +0.0000, +0.0000, +0.0000, +0.0000, +0.0000, +0.0000, +0.0000, +0.0000, +0.0000, +0.0000, +0.0000, +0.0000, +0.0000, +0.0000}, 
   { +0.0000, +0.0000, +0.0000, +0.0000, +0.0000, +0.0000, +0.0000, +0.0000, +0.0000, +0.0000, +0.0000, +0.0000, +0.0000, +0.0000, +0.0000, +0.0000, +0.0000, +0.0000, +0.0000, +0.0000, +0.0000, +0.0000, +0.0000, +0.0000} } 
