---------------------
Basis Indices:
---------------------

{1, 0, 0, 0, 0, 0}, {1, 0, 0, 0, 0, 0}, {1, 0, 0, 0, 0, 0}, {}, {}, {}


{0.408, 0.408, 0.408, 0.408, 0.408, 0.408}, {0.408, x_43+i*x_187, x_44+i*x_188, x_45+i*x_189, x_46+i*x_190, x_47+i*x_191}, {}, {}, {}, {}


{0.408, x_73+i*x_217, x_74+i*x_218, x_75+i*x_219, x_76+i*x_220, x_77+i*x_221}, {0.408, x_79+i*x_223, x_80+i*x_224, x_81+i*x_225, x_82+i*x_226, x_83+i*x_227}, {}, {}, {}, {}


{0.408, x_109+i*x_253, x_110+i*x_254, x_111+i*x_255, x_112+i*x_256, x_113+i*x_257}, {0.408, x_115+i*x_259, x_116+i*x_260, x_117+i*x_261, x_118+i*x_262, x_119+i*x_263}, {}, {}, {}, {}

---------------------
Problem: 
---------------------
Find a point satisfying:

-0.166667*{} + 1*{ 289 289} + 1*{ 288 288} = 0 

1*{ 189 219} + 1*{ 188 218} + 1*{ 187 217} + 1*{  45  75} + 1*{  44  74} + 1*{  43  73} + 0.166667*{} + 1*{  46  76} + 1*{ 190 220} + 1*{  47  77} + 1*{ 191 221} + -1*{ 288} = 0 

-1*{  75 189} + 1*{  45 219} + 1*{  46 220} + 1*{  44 218} + -1*{  74 188} + 1*{  43 217} + -1*{ 289} + -1*{  73 187} + 1*{  47 221} + -1*{  76 190} + -1*{  77 191} = 0 

-0.166667*{} + 1*{ 291 291} + 1*{ 290 290} = 0 

-1*{ 290} + 1*{ 189 225} + 1*{  45  81} + 1*{  44  80} + 1*{ 187 223} + 1*{  43  79} + 1*{ 191 227} + 0.166667*{} + 1*{ 188 224} + 1*{  46  82} + 1*{ 190 226} + 1*{  47  83} = 0 

-1*{  81 189} + -1*{  82 190} + 1*{  44 224} + 1*{  43 223} + 1*{  46 226} + -1*{  79 187} + 1*{  45 225} + -1*{ 291} + -1*{  80 188} + 1*{  47 227} + -1*{  83 191} = 0 

-0.166667*{} + 1*{ 293 293} + 1*{ 292 292} = 0 

1*{  45 111} + 1*{ 188 254} + 1*{ 189 255} + -1*{ 292} + 1*{  46 112} + 1*{ 187 253} + 0.166667*{} + 1*{  43 109} + 1*{  44 110} + 1*{ 190 256} + 1*{  47 113} + 1*{ 191 257} = 0 

-1*{ 110 188} + 1*{  45 255} + -1*{ 109 187} + -1*{ 111 189} + -1*{ 293} + 1*{  43 253} + 1*{  47 257} + 1*{  44 254} + 1*{  46 256} + -1*{ 112 190} + -1*{ 113 191} = 0 

-0.166667*{} + 1*{ 295 295} + 1*{ 294 294} = 0 

1*{  43 115} + 1*{  44 116} + 1*{ 188 260} + 1*{  45 117} + 1*{  47 119} + 0.166667*{} + 1*{ 189 261} + 1*{  46 118} + -1*{ 294} + 1*{ 190 262} + 1*{ 187 259} + 1*{ 191 263} = 0 

-1*{ 117 189} + 1*{  45 261} + 1*{  44 260} + -1*{ 115 187} + -1*{ 295} + -1*{ 119 191} + 1*{  46 262} + -1*{ 118 190} + -1*{ 116 188} + 1*{  43 259} + 1*{  47 263} = 0 

-0.166667*{} + 1*{ 187 187} + 1*{  43  43} = 0 

-0.166667*{} + 1*{ 188 188} + 1*{  44  44} = 0 

-0.833333*{} + 1*{  43  43} + 1*{ 187 187} + 1*{  44  44} + 1*{ 188 188} + 1*{  45  45} + 1*{ 189 189} + 1*{  46  46} + 1*{ 190 190} + 1*{  47  47} + 1*{ 191 191} = 0 

0.333333*{  45  46} + 0.166667*{  44  44} + 0.333333*{  44  46} + 0.166667*{  47  47} + 0.333333*{  46  47} + 0.166667*{ 188 188} + 0.166667*{  45  45} + 0.333333*{  43  44} + 0.136083*{  45} + 0.333333*{  43  45} + 0.333333*{ 189 190} + 0.333333*{ 190 191} + 0.136083*{  47} + 0.333333*{  43  46} + 0.333333*{ 189 191} + 0.333333*{ 187 190} + 0.333333*{ 188 191} + 0.333333*{  44  45} + 0.166667*{ 191 191} + 0.166667*{  43  43} + 0.166667*{ 190 190} + 0.333333*{ 187 188} + 0.166667*{ 187 187} + 0.166667*{ 189 189} + 0.333333*{ 188 189} + 0.136083*{  44} + 0.0277778*{} + 0.333333*{  45  47} + 0.136083*{  43} + 0.136083*{  46} + 0.333333*{ 187 189} + 0.333333*{ 188 190} + 0.333333*{  44  47} + 0.333333*{  43  47} + 0.333333*{ 187 191} + 0.166667*{  46  46} = 0 

1*{ 220 226} + 1*{  74  80} + 1*{  75  81} + 1*{ 221 227} + 1*{  77  83} + 1*{ 217 223} + 1*{ 219 225} + 1*{  73  79} + 1*{ 218 224} + 0.166667*{} + 1*{  76  82} = 0 

-1*{  81 219} + -1*{  80 218} + 1*{  74 224} + -1*{  79 217} + 1*{  75 225} + -1*{  83 221} + 1*{  76 226} + 1*{  73 223} + -1*{  82 220} + 1*{  77 227} = 0 

-0.166667*{} + 1*{ 297 297} + 1*{ 296 296} = 0 

1*{  74 110} + 0.166667*{} + 1*{ 220 256} + 1*{  75 111} + 1*{  77 113} + 1*{ 218 254} + 1*{ 217 253} + 1*{ 219 255} + 1*{  73 109} + 1*{  76 112} + -1*{ 296} + 1*{ 221 257} = 0 

-1*{ 111 219} + -1*{ 110 218} + 1*{  74 254} + 1*{  75 255} + 1*{  73 253} + 1*{  76 256} + -1*{ 109 217} + -1*{ 112 220} + 1*{  77 257} + -1*{ 297} + -1*{ 113 221} = 0 

-0.166667*{} + 1*{ 299 299} + 1*{ 298 298} = 0 

1*{ 219 261} + 1*{ 218 260} + 1*{  74 116} + -1*{ 298} + 1*{  75 117} + 1*{ 217 259} + 0.166667*{} + 1*{  76 118} + 1*{  73 115} + 1*{ 220 262} + 1*{  77 119} + 1*{ 221 263} = 0 

-1*{ 117 219} + 1*{  74 260} + -1*{ 115 217} + 1*{  76 262} + 1*{  75 261} + -1*{ 116 218} + 1*{  73 259} + 1*{  77 263} + -1*{ 118 220} + -1*{ 119 221} + -1*{ 299} = 0 

-0.166667*{} + 1*{ 217 217} + 1*{  73  73} = 0 

-0.166667*{} + 1*{ 218 218} + 1*{  74  74} = 0 

-0.833333*{} + 1*{ 219 219} + 1*{  73  73} + 1*{  75  75} + 1*{  77  77} + 1*{ 217 217} + 1*{  74  74} + 1*{ 218 218} + 1*{ 221 221} + 1*{  76  76} + 1*{ 220 220} = 0 

0.333333*{ 219 220} + 0.166667*{  75  75} + 0.333333*{  74  77} + 0.333333*{  75  76} + 0.333333*{ 218 219} + 0.333333*{ 218 221} + 0.333333*{ 218 220} + 0.333333*{ 220 221} + 0.166667*{ 221 221} + 0.136083*{  77} + 0.333333*{ 219 221} + 0.136083*{  75} + 0.333333*{  73  74} + 0.166667*{ 219 219} + 0.333333*{  73  77} + 0.333333*{ 217 218} + 0.166667*{ 218 218} + 0.166667*{  76  76} + 0.333333*{  73  76} + 0.333333*{ 217 221} + 0.333333*{ 217 219} + 0.333333*{  74  75} + 0.333333*{  73  75} + 0.166667*{  74  74} + 0.333333*{ 217 220} + 0.166667*{  73  73} + 0.166667*{ 220 220} + 0.333333*{  75  77} + 0.136083*{  73} + 0.166667*{ 217 217} + 0.136083*{  74} + -0.138889*{} + 0.333333*{  74  76} + 0.333333*{  76  77} + 0.166667*{  77  77} + 0.136083*{  76} = 0 

-0.166667*{} + 1*{ 301 301} + 1*{ 300 300} = 0 

1*{ 224 254} + 1*{ 223 253} + 1*{  81 111} + 1*{  80 110} + 1*{ 227 257} + 0.166667*{} + 1*{  79 109} + 1*{ 226 256} + 1*{ 225 255} + 1*{  83 113} + 1*{  82 112} + -1*{ 300} = 0 

-1*{ 109 223} + 1*{  81 255} + -1*{ 110 224} + -1*{ 301} + -1*{ 111 225} + -1*{ 112 226} + -1*{ 113 227} + 1*{  79 253} + 1*{  80 254} + 1*{  82 256} + 1*{  83 257} = 0 

-0.166667*{} + 1*{ 303 303} + 1*{ 302 302} = 0 

1*{  81 117} + 1*{ 224 260} + 1*{ 226 262} + 1*{  80 116} + 1*{ 223 259} + 1*{  79 115} + 0.166667*{} + 1*{  82 118} + 1*{  83 119} + -1*{ 302} + 1*{ 225 261} + 1*{ 227 263} = 0 

-1*{ 117 225} + 1*{  81 261} + -1*{ 116 224} + 1*{  80 260} + 1*{  79 259} + -1*{ 115 223} + -1*{ 119 227} + 1*{  83 263} + 1*{  82 262} + -1*{ 118 226} + -1*{ 303} = 0 

-0.166667*{} + 1*{ 223 223} + 1*{  79  79} = 0 

-0.166667*{} + 1*{ 224 224} + 1*{  80  80} = 0 

-0.833333*{} + 1*{  83  83} + 1*{  79  79} + 1*{ 223 223} + 1*{  80  80} + 1*{ 224 224} + 1*{ 226 226} + 1*{  81  81} + 1*{ 225 225} + 1*{  82  82} + 1*{ 227 227} = 0 

0.166667*{  80  80} + 0.333333*{  80  83} + 0.333333*{  79  82} + 0.166667*{ 223 223} + 0.333333*{ 223 225} + 0.333333*{  80  81} + 0.166667*{ 227 227} + 0.333333*{ 224 227} + 0.333333*{ 226 227} + 0.166667*{ 225 225} + 0.166667*{  82  82} + 0.333333*{  79  83} + 0.333333*{  81  82} + 0.166667*{  81  81} + 0.333333*{  80  82} + 0.333333*{ 225 227} + 0.333333*{ 224 226} + 0.166667*{  79  79} + 0.333333*{ 225 226} + 0.166667*{ 224 224} + 0.333333*{  79  80} + 0.166667*{ 226 226} + 0.333333*{  81  83} + 0.333333*{ 224 225} + -0.138889*{} + 0.166667*{  83  83} + 0.136083*{  81} + 0.333333*{ 223 224} + 0.136083*{  80} + 0.333333*{  82  83} + 0.136083*{  83} + 0.136083*{  82} + 0.333333*{  79  81} + 0.136083*{  79} + 0.333333*{ 223 227} + 0.333333*{ 223 226} = 0 

1*{ 255 261} + 1*{ 111 117} + 1*{ 254 260} + 1*{ 110 116} + 1*{ 112 118} + 1*{ 253 259} + 1*{ 109 115} + 1*{ 113 119} + 1*{ 257 263} + 0.166667*{} + 1*{ 256 262} = 0 

-1*{ 117 255} + 1*{ 111 261} + 1*{ 110 260} + -1*{ 116 254} + -1*{ 115 253} + -1*{ 119 257} + 1*{ 109 259} + -1*{ 118 256} + 1*{ 112 262} + 1*{ 113 263} = 0 

-0.166667*{} + 1*{ 253 253} + 1*{ 109 109} = 0 

-0.166667*{} + 1*{ 254 254} + 1*{ 110 110} = 0 

-0.833333*{} + 1*{ 109 109} + 1*{ 257 257} + 1*{ 253 253} + 1*{ 254 254} + 1*{ 110 110} + 1*{ 111 111} + 1*{ 255 255} + 1*{ 112 112} + 1*{ 256 256} + 1*{ 113 113} = 0 

0.333333*{ 110 111} + 0.166667*{ 256 256} + 0.333333*{ 255 256} + 0.333333*{ 254 256} + 0.166667*{ 112 112} + 0.333333*{ 110 112} + 0.136083*{ 111} + 0.333333*{ 110 113} + 0.333333*{ 109 113} + 0.333333*{ 253 255} + 0.333333*{ 109 112} + 0.333333*{ 111 112} + 0.166667*{ 111 111} + 0.333333*{ 109 111} + 0.333333*{ 254 255} + 0.136083*{ 110} + 0.166667*{ 113 113} + 0.333333*{ 254 257} + 0.333333*{ 109 110} + 0.333333*{ 111 113} + 0.166667*{ 257 257} + 0.166667*{ 110 110} + 0.333333*{ 253 256} + 0.333333*{ 255 257} + 0.166667*{ 255 255} + 0.136083*{ 112} + 0.333333*{ 112 113} + 0.166667*{ 254 254} + 0.333333*{ 256 257} + 0.166667*{ 109 109} + 0.136083*{ 109} + -0.138889*{} + 0.136083*{ 113} + 0.333333*{ 253 257} + 0.333333*{ 253 254} + 0.166667*{ 253 253} = 0 

-0.166667*{} + 1*{ 259 259} + 1*{ 115 115} = 0 

-0.166667*{} + 1*{ 260 260} + 1*{ 116 116} = 0 

-0.833333*{} + 1*{ 115 115} + 1*{ 261 261} + 1*{ 118 118} + 1*{ 259 259} + 1*{ 262 262} + 1*{ 116 116} + 1*{ 119 119} + 1*{ 260 260} + 1*{ 263 263} + 1*{ 117 117} = 0 

0.333333*{ 261 263} + 0.166667*{ 117 117} + 0.166667*{ 260 260} + 0.333333*{ 116 118} + 0.333333*{ 260 262} + 0.333333*{ 259 261} + 0.136083*{ 118} + -0.138889*{} + 0.166667*{ 259 259} + 0.333333*{ 115 118} + 0.333333*{ 259 262} + 0.333333*{ 115 117} + 0.166667*{ 263 263} + 0.333333*{ 115 119} + 0.166667*{ 262 262} + 0.136083*{ 115} + 0.333333*{ 261 262} + 0.333333*{ 118 119} + 0.166667*{ 261 261} + 0.166667*{ 118 118} + 0.333333*{ 117 118} + 0.166667*{ 115 115} + 0.136083*{ 117} + 0.333333*{ 115 116} + 0.136083*{ 119} + 0.333333*{ 116 119} + 0.333333*{ 262 263} + 0.136083*{ 116} + 0.333333*{ 259 263} + 0.333333*{ 260 263} + 0.333333*{ 260 261} + 0.333333*{ 117 119} + 0.166667*{ 119 119} + 0.333333*{ 259 260} + 0.166667*{ 116 116} + 0.333333*{ 116 117} = 0 

---------------------
Summary:
---------------------
set sizes: {3, 2, 2, 2}, vars: 66, vectors: 9, equations: 48, indep eqn: 48

---------------------
Optimization:
---------------------
1 2.653e+00 2.653e+00
2 7.020e+02 2.653e+00
3 2.508e+02 2.653e+00
4 8.915e+01 2.653e+00
5 3.146e+01 2.653e+00
6 1.100e+01 2.653e+00
7 3.806e+00 2.653e+00
8 1.300e+00 1.300e+00
9 5.080e-01 5.080e-01
10 1.769e-01 1.769e-01
11 6.560e-02 6.560e-02
12 2.271e-02 2.271e-02
13 8.014e-03 8.014e-03
14 2.855e-03 2.855e-03
15 1.021e-03 1.021e-03
16 3.649e-04 3.649e-04
17 1.312e-04 1.312e-04
18 4.718e-05 4.718e-05
19 1.759e-05 1.759e-05
20 6.797e-06 6.797e-06
21 2.674e-06 2.674e-06
22 1.062e-06 1.062e-06
23 4.273e-07 4.273e-07
24 1.761e-07 1.761e-07
25 7.576e-08 7.576e-08
26 3.488e-08 3.488e-08
27 1.744e-08 1.744e-08
28 9.437e-09 9.437e-09
29 5.403e-09 5.403e-09
30 3.206e-09 3.206e-09
31 1.964e-09 1.964e-09
32 1.245e-09 1.245e-09
33 7.521e-10 7.521e-10
34 4.313e-10 4.313e-10
35 2.604e-10 2.604e-10
36 1.571e-10 1.571e-10
37 9.456e-11 9.456e-11
38 5.607e-11 5.607e-11
39 3.430e-11 3.430e-11
40 2.051e-11 2.051e-11
41 1.288e-11 1.288e-11
42 5.682e-12 5.682e-12
43 2.349e-12 2.349e-12
44 8.290e-12 2.349e-12
45 2.536e-12 2.349e-12
46 8.402e-12 2.349e-12
47 6.167e-13 6.167e-13
48 6.767e-10 6.167e-13
49 2.047e-10 6.167e-13
50 6.189e-11 6.167e-13
51 1.842e-11 6.167e-13
52 4.503e-12 6.167e-13
53 1.588e-13 1.588e-13
54 1.319e-14 1.319e-14
1 (precision) 2.632e-12 1.319e-14 (from 1.319e-14)
2 (precision) 6.634e-13 1.319e-14 (from 1.319e-14)
3 (precision) 7.907e-13 1.319e-14 (from 1.319e-14)
4 (precision) 1.534e-13 1.319e-14 (from 1.319e-14)
5 (precision) 6.775e-12 1.319e-14 (from 1.319e-14)
6 (precision) 1.562e-12 1.319e-14 (from 1.319e-14)
7 (precision) 3.409e-13 1.319e-14 (from 1.319e-14)
8 (precision) 8.557e-14 1.319e-14 (from 1.319e-14)
9 (precision) 1.637e-15 1.637e-15 (from 1.319e-14)
10 (precision) 1.065e-14 1.637e-15 (from 1.319e-14)
11 (precision) 7.518e-16 7.518e-16 (from 1.319e-14)
12 (precision) 7.031e-16 7.031e-16 (from 1.319e-14)
13 (precision) 5.676e-15 7.031e-16 (from 1.319e-14)
14 (precision) 8.580e-15 7.031e-16 (from 1.319e-14)
15 (precision) 1.445e-14 7.031e-16 (from 1.319e-14)
16 (precision) 3.441e-16 3.441e-16 (from 1.319e-14)
17 (precision) 1.362e-14 3.441e-16 (from 1.319e-14)
18 (precision) 2.515e-15 3.441e-16 (from 1.319e-14)
19 (precision) 1.479e-09 3.441e-16 (from 1.319e-14)
20 (precision) 4.328e-10 3.441e-16 (from 1.319e-14)
21 (precision) 1.377e-10 3.441e-16 (from 1.319e-14)
22 (precision) 4.905e-11 3.441e-16 (from 1.319e-14)
23 (precision) 1.806e-11 3.441e-16 (from 1.319e-14)
24 (precision) 6.698e-12 3.441e-16 (from 1.319e-14)
25 (precision) 2.487e-12 3.441e-16 (from 1.319e-14)
26 (precision) 9.377e-13 3.441e-16 (from 1.319e-14)
27 (precision) 3.535e-13 3.441e-16 (from 1.319e-14)
28 (precision) 1.303e-13 3.441e-16 (from 1.319e-14)
29 (precision) 4.814e-14 3.441e-16 (from 1.319e-14)
30 (precision) 2.921e-14 3.441e-16 (from 1.319e-14)
31 (precision) 9.558e-15 3.441e-16 (from 1.319e-14)
32 (precision) 9.738e-16 3.441e-16 (from 1.319e-14)
33 (precision) 4.466e-15 3.441e-16 (from 1.319e-14)
34 (precision) 9.055e-16 3.441e-16 (from 1.319e-14)
35 (precision) 1.691e-15 3.441e-16 (from 1.319e-14)
36 (precision) 3.500e-15 3.441e-16 (from 1.319e-14)
37 (precision) 4.437e-15 3.441e-16 (from 1.319e-14)
38 (precision) 1.569e-14 3.441e-16 (from 1.319e-14)
39 (precision) 2.212e-16 2.212e-16 (from 1.319e-14)
40 (precision) 7.052e-15 2.212e-16 (from 1.319e-14)
41 (precision) 8.374e-15 2.212e-16 (from 1.319e-14)
42 (precision) 9.764e-15 2.212e-16 (from 1.319e-14)
43 (precision) 7.029e-15 2.212e-16 (from 1.319e-14)
44 (precision) 1.557e-14 2.212e-16 (from 1.319e-14)
45 (precision) 8.795e-15 2.212e-16 (from 1.319e-14)
46 (precision) 1.183e-14 2.212e-16 (from 1.319e-14)
47 (precision) 1.168e-14 2.212e-16 (from 1.319e-14)
48 (precision) 8.188e-16 2.212e-16 (from 1.319e-14)
49 (precision) 5.019e-15 2.212e-16 (from 1.319e-14)
50 (precision) 2.292e-14 2.212e-16 (from 1.319e-14)
51 (precision) 6.649e-15 2.212e-16 (from 1.319e-14)
52 (precision) 3.391e-15 2.212e-16 (from 1.319e-14)
53 (precision) 2.035e-14 2.212e-16 (from 1.319e-14)
54 (precision) 1.562e-15 2.212e-16 (from 1.319e-14)
55 (precision) 1.067e-14 2.212e-16 (from 1.319e-14)
56 (precision) 4.660e-15 2.212e-16 (from 1.319e-14)
57 (precision) 4.603e-15 2.212e-16 (from 1.319e-14)
58 (precision) 1.137e-14 2.212e-16 (from 1.319e-14)
59 (precision) 8.949e-15 2.212e-16 (from 1.319e-14)
60 (precision) 1.468e-14 2.212e-16 (from 1.319e-14)
61 (precision) 8.248e-15 2.212e-16 (from 1.319e-14)
62 (precision) 5.928e-15 2.212e-16 (from 1.319e-14)
63 (precision) 1.774e-13 2.212e-16 (from 1.319e-14)
64 (precision) 3.627e-14 2.212e-16 (from 1.319e-14)
65 (precision) 1.633e-14 2.212e-16 (from 1.319e-14)
66 (precision) 1.014e-14 2.212e-16 (from 1.319e-14)
67 (precision) 1.723e-14 2.212e-16 (from 1.319e-14)
68 (precision) 6.095e-15 2.212e-16 (from 1.319e-14)
69 (precision) 6.824e-15 2.212e-16 (from 1.319e-14)
70 (precision) 7.449e-15 2.212e-16 (from 1.319e-14)
71 (precision) 3.045e-11 2.212e-16 (from 1.319e-14)
72 (precision) 8.489e-12 2.212e-16 (from 1.319e-14)
73 (precision) 2.451e-12 2.212e-16 (from 1.319e-14)
74 (precision) 7.991e-13 2.212e-16 (from 1.319e-14)
75 (precision) 4.446e-13 2.212e-16 (from 1.319e-14)
76 (precision) 3.223e-13 2.212e-16 (from 1.319e-14)
77 (precision) 1.522e-13 2.212e-16 (from 1.319e-14)
78 (precision) 1.071e-13 2.212e-16 (from 1.319e-14)
79 (precision) 5.887e-14 2.212e-16 (from 1.319e-14)
80 (precision) 5.611e-13 2.212e-16 (from 1.319e-14)
81 (precision) 1.645e-13 2.212e-16 (from 1.319e-14)
82 (precision) 6.320e-14 2.212e-16 (from 1.319e-14)
83 (precision) 6.251e-14 2.212e-16 (from 1.319e-14)
84 (precision) 5.100e-14 2.212e-16 (from 1.319e-14)
85 (precision) 3.155e-14 2.212e-16 (from 1.319e-14)
86 (precision) 1.951e-14 2.212e-16 (from 1.319e-14)
87 (precision) 1.145e-14 2.212e-16 (from 1.319e-14)
88 (precision) 1.093e-14 2.212e-16 (from 1.319e-14)
89 (precision) 4.672e-15 2.212e-16 (from 1.319e-14)
90 (precision) 1.213e-14 2.212e-16 (from 1.319e-14)
91 (precision) 3.154e-14 2.212e-16 (from 1.319e-14)
92 (precision) 1.252e-14 2.212e-16 (from 1.319e-14)
93 (precision) 1.437e-14 2.212e-16 (from 1.319e-14)
94 (precision) 4.782e-13 2.212e-16 (from 1.319e-14)
95 (precision) 1.242e-13 2.212e-16 (from 1.319e-14)
96 (precision) 5.171e-14 2.212e-16 (from 1.319e-14)
97 (precision) 8.582e-15 2.212e-16 (from 1.319e-14)
98 (precision) 4.339e-15 2.212e-16 (from 1.319e-14)
99 (precision) 2.939e-15 2.212e-16 (from 1.319e-14)
100 (precision) 2.360e-14 2.212e-16 (from 1.319e-14)

x: -1.307e-01 -2.026e-01 -7.300e-02 -1.989e-02  1.808e-02 -3.742e-01 -1.838e-01  3.415e-01 -4.060e-01 -2.662e-01  2.365e-01  1.815e-01 -2.878e-01  5.603e-02  2.638e-01  1.998e-01  3.954e-01 -4.925e-01  4.909e-01 -1.818e-02 -4.037e-01 -3.835e-01 -6.185e-02  1.326e-01 -5.894e-01 -3.868e-01 -3.544e-01  5.509e-01  3.885e-01 -1.988e-01  1.632e-01  3.645e-01  2.646e-01 -1.502e-01  2.348e-01  3.328e-01 -3.657e-01  4.181e-01 -2.200e-01  3.482e-01 -3.560e-01  1.015e-01  3.433e-02  1.042e-01 -6.403e-02  6.089e-02 -1.399e-01 -3.565e-01  4.255e-02 -4.787e-02  7.956e-02 -4.004e-01  2.002e-01  3.558e-01  2.601e-01  3.146e-01  1.440e-01 -3.820e-01 -3.861e-01  1.326e-01  3.172e-01  2.571e-01  2.637e-01  3.117e-01 -2.323e-01  3.357e-01  2.908e-16

grad:  1.269e-23 -8.275e-22  1.831e-22 -5.668e-22  1.431e-21 -8.076e-22 -7.539e-22  1.004e-21 -1.637e-22 -6.115e-22  2.164e-22  1.323e-22 -2.122e-22  3.895e-24  1.789e-22  1.699e-23  2.307e-22 -1.844e-22  2.270e-22 -2.974e-22 -7.350e-21 -7.517e-21 -6.643e-22  2.920e-21 -1.097e-20 -2.750e-21 -2.704e-21  3.957e-21  1.544e-21 -1.755e-21  3.338e-22  9.225e-22  8.803e-23  2.406e-23  9.402e-23  2.231e-22 -1.714e-22  1.677e-22 -1.520e-22  2.013e-22  1.651e-22  1.635e-22 -6.765e-22 -5.660e-23  8.315e-23  2.045e-21 -1.650e-21 -7.802e-21 -4.478e-23 -3.480e-22  2.404e-22  5.624e-22  1.068e-22 -3.360e-23  6.297e-22 -1.298e-22  2.500e-21  8.494e-22  7.924e-24  2.520e-22  2.182e-22  6.989e-22  5.140e-23  3.504e-23 -9.637e-22  1.405e-21  2.360e-14

finished in 54 iterations (0.087 seconds total)
max viol = 5.24e-08

---------------------
Result:
---------------------

{(1,0), (0,0), (0,0), (0,0), (0,0), (0,0)}, {(0,0), (1,0), (0,0), (0,0), (0,0), (0,0)}, {(0,0), (0,0), (1,0), (0,0), (0,0), (0,0)}, {}, {}, {}


{(0.408,0), (0.408,0), (0.408,0), (0.408,0), (0.408,0), (0.408,0)}, {(0.408,0), (-0.131,-0.387), (-0.203,-0.354), (-0.073,0.551), (-0.0199,0.389), (0.0181,-0.199)}, {}, {}, {}, {}


{(0.408,0), (-0.374,0.163), (-0.184,0.365), (0.341,0.265), (-0.406,-0.15), (-0.266,0.235)}, {(0.408,0), (0.237,0.333), (0.181,-0.366), (-0.288,0.418), (0.056,-0.22), (0.264,0.348)}, {}, {}, {}, {}


{(0.408,0), (0.2,-0.356), (0.395,0.102), (-0.493,0.0343), (0.491,0.104), (-0.0182,-0.064)}, {(0.408,0), (-0.404,0.0609), (-0.384,-0.14), (-0.0619,-0.356), (0.133,0.0426), (-0.589,-0.0479)}, {}, {}, {}, {}

---------------------
Abs of Gram matrix:
---------------------

 { { +1.0000, +0.0000, +0.0000, +0.0000, +0.0000, +0.0000, +0.4082, +0.4082, +0.0000, +0.0000, +0.0000, +0.0000, +0.4082, +0.4082, +0.0000, +0.0000, +0.0000, +0.0000, +0.4082, +0.4082, +0.0000, +0.0000, +0.0000, +0.0000}, 
   { +0.0000, +1.0000, +0.0000, +0.0000, +0.0000, +0.0000, +0.4082, +0.4082, +0.0000, +0.0000, +0.0000, +0.0000, +0.4082, +0.4082, +0.0000, +0.0000, +0.0000, +0.0000, +0.4082, +0.4082, +0.0000, +0.0000, +0.0000, +0.0000}, 
   { +0.0000, +0.0000, +1.0000, +0.0000, +0.0000, +0.0000, +0.4082, +0.4082, +0.0000, +0.0000, +0.0000, +0.0000, +0.4082, +0.4082, +0.0000, +0.0000, +0.0000, +0.0000, +0.4082, +0.4082, +0.0000, +0.0000, +0.0000, +0.0000}, 
   { +0.0000, +0.0000, +0.0000, +0.0000, +0.0000, +0.0000, +0.0000, +0.0000, +0.0000, +0.0000, +0.0000, +0.0000, +0.0000, +0.0000, +0.0000, +0.0000, +0.0000, +0.0000, +0.0000, +0.0000, +0.0000, +0.0000, +0.0000, +0.0000}, 
   { +0.0000, +0.0000, +0.0000, +0.0000, +0.0000, +0.0000, +0.0000, +0.0000, +0.0000, +0.0000, +0.0000, +0.0000, +0.0000, +0.0000, +0.0000, +0.0000, +0.0000, +0.0000, +0.0000, +0.0000, +0.0000, +0.0000, +0.0000, +0.0000}, 
   { +0.0000, +0.0000, +0.0000, +0.0000, +0.0000, +0.0000, +0.0000, +0.0000, +0.0000, +0.0000, +0.0000, +0.0000, +0.0000, +0.0000, +0.0000, +0.0000, +0.0000, +0.0000, +0.0000, +0.0000, +0.0000, +0.0000, +0.0000, +0.0000}, 
   { +0.4082, +0.4082, +0.4082, +0.0000, +0.0000, +0.0000, +1.0000, +0.0002, +0.0000, +0.0000, +0.0000, +0.0000, +0.4082, +0.4082, +0.0000, +0.0000, +0.0000, +0.0000, +0.4082, +0.4082, +0.0000, +0.0000, +0.0000, +0.0000}, 
   { +0.4082, +0.4082, +0.4082, +0.0000, +0.0000, +0.0000, +0.0002, +1.0000, +0.0000, +0.0000, +0.0000, +0.0000, +0.4082, +0.4082, +0.0000, +0.0000, +0.0000, +0.0000, +0.4082, +0.4082, +0.0000, +0.0000, +0.0000, +0.0000}, 
   { +0.0000, +0.0000, +0.0000, +0.0000, +0.0000, +0.0000, +0.0000, +0.0000, +0.0000, +0.0000, +0.0000, +0.0000, +0.0000, +0.0000, +0.0000, +0.0000, +0.0000, +0.0000, +0.0000, +0.0000, +0.0000, +0.0000, +0.0000, +0.0000}, 
   { +0.0000, +0.0000, +0.0000, +0.0000, +0.0000, +0.0000, +0.0000, +0.0000, +0.0000, +0.0000, +0.0000, +0.0000, +0.0000, +0.0000, +0.0000, +0.0000, +0.0000, +0.0000, +0.0000, +0.0000, +0.0000, +0.0000, +0.0000, +0.0000}, 
   { +0.0000, +0.0000, +0.0000, +0.0000, +0.0000, +0.0000, +0.0000, +0.0000, +0.0000, +0.0000, +0.0000, +0.0000, +0.0000, +0.0000, +0.0000, +0.0000, +0.0000, +0.0000, +0.0000, +0.0000, +0.0000, +0.0000, +0.0000, +0.0000}, 
   { +0.0000, +0.0000, +0.0000, +0.0000, +0.0000, +0.0000, +0.0000, +0.0000, +0.0000, +0.0000, +0.0000, +0.0000, +0.0000, +0.0000, +0.0000, +0.0000, +0.0000, +0.0000, +0.0000, +0.0000, +0.0000, +0.0000, +0.0000, +0.0000}, 
   { +0.4082, +0.4082, +0.4082, +0.0000, +0.0000, +0.0000, +0.4082, +0.4082, +0.0000, +0.0000, +0.0000, +0.0000, +1.0000, +0.0000, +0.0000, +0.0000, +0.0000, +0.0000, +0.4082, +0.4082, +0.0000, +0.0000, +0.0000, +0.0000}, 
   { +0.4082, +0.4082, +0.4082, +0.0000, +0.0000, +0.0000, +0.4082, +0.4082, +0.0000, +0.0000, +0.0000, +0.0000, +0.0000, +1.0000, +0.0000, +0.0000, +0.0000, +0.0000, +0.4082, +0.4082, +0.0000, +0.0000, +0.0000, +0.0000}, 
   { +0.0000, +0.0000, +0.0000, +0.0000, +0.0000, +0.0000, +0.0000, +0.0000, +0.0000, +0.0000, +0.0000, +0.0000, +0.0000, +0.0000, +0.0000, +0.0000, +0.0000, +0.0000, +0.0000, +0.0000, +0.0000, +0.0000, +0.0000, +0.0000}, 
   { +0.0000, +0.0000, +0.0000, +0.0000, +0.0000, +0.0000, +0.0000, +0.0000, +0.0000, +0.0000, +0.0000, +0.0000, +0.0000, +0.0000, +0.0000, +0.0000, +0.0000, +0.0000, +0.0000, +0.0000, +0.0000, +0.0000, +0.0000, +0.0000}, 
   { +0.0000, +0.0000, +0.0000, +0.0000, +0.0000, +0.0000, +0.0000, +0.0000, +0.0000, +0.0000, +0.0000, +0.0000, +0.0000, +0.0000, +0.0000, +0.0000, +0.0000, +0.0000, +0.0000, +0.0000, +0.0000, +0.0000, +0.0000, +0.0000}, 
   { +0.0000, +0.0000, +0.0000, +0.0000, +0.0000, +0.0000, +0.0000, +0.0000, +0.0000, +0.0000, +0.0000, +0.0000, +0.0000, +0.0000, +0.0000, +0.0000, +0.0000, +0.0000, +0.0000, +0.0000, +0.0000, +0.0000, +0.0000, +0.0000}, 
   { +0.4082, +0.4082, +0.4082, +0.0000, +0.0000, +0.0000, +0.4082, +0.4082, +0.0000, +0.0000, +0.0000, +0.0000, +0.4082, +0.4082, +0.0000, +0.0000, +0.0000, +0.0000, +1.0000, +0.0000, +0.0000, +0.0000, +0.0000, +0.0000}, 
   { +0.4082, +0.4082, +0.4082, +0.0000, +0.0000, +0.0000, +0.4082, +0.4082, +0.0000, +0.0000, +0.0000, +0.0000, +0.4082, +0.4082, +0.0000, +0.0000, +0.0000, +0.0000, +0.0000, +1.0000, +0.0000, +0.0000, +0.0000, +0.0000}, 
   { +0.0000, +0.0000, +0.0000, +0.0000, +0.0000, +0.0000, +0.0000, +0.0000, +0.0000, +0.0000, +0.0000, +0.0000, +0.0000, +0.0000, +0.0000, +0.0000, +0.0000, +0.0000, +0.0000, +0.0000, +0.0000, +0.0000, +0.0000, +0.0000}, 
   { +0.0000, +0.0000, +0.0000, +0.0000, +0.0000, +0.0000, +0.0000, +0.0000, +0.0000, +0.0000, +0.0000, +0.0000, +0.0000, +0.0000, +0.0000, +0.0000, +0.0000, +0.0000, +0.0000, +0.0000, +0.0000, +0.0000, +0.0000, +0.0000}, 
   { +0.0000, +0.0000, +0.0000, +0.0000, +0.0000, +0.0000, +0.0000, +0.0000, +0.0000, +0.0000, +0.0000, +0.0000, +0.0000, +0.0000, +0.0000, +0.0000, +0.0000, +0.0000, +0.0000, +0.0000, +0.0000, +0.0000, +0.0000, +0.0000}, 
   { +0.0000, +0.0000, +0.0000, +0.0000, +0.0000, +0.0000, +0.0000, +0.0000, +0.0000, +0.0000, +0.0000, +0.0000, +0.0000, +0.0000, +0.0000, +0.0000, +0.0000, +0.0000, +0.0000, +0.0000, +0.0000, +0.0000, +0.0000, +0.0000} } 
