---------------------
Basis Indices:
---------------------

{-, -, -, -, -, -}, {-, -, -, -, -, -}, {-, -, -, -, -, -}, {-, -, -, -, -, -}, {-, -, -, -, -, -}, {-, -, -, -, -, -}


{-, -, -, -, -, -}, {-, 43+i151, 44+i152, 45+i153, 46+i154, 47+i155}, {-, 49+i157, 50+i158, 51+i159, 52+i160, 53+i161}, {-, 55+i163, 56+i164, 57+i165, 58+i166, 59+i167}, {-, 61+i169, 62+i170, 63+i171, 64+i172, 65+i173}, {}


{-, 73+i181, 74+i182, 75+i183, 76+i184, 77+i185}, {-, 79+i187, 80+i188, 81+i189, 82+i190, 83+i191}, {-, 85+i193, 86+i194, 87+i195, 88+i196, 89+i197}, {}, {}, {}

---------------------
Index Mapping: 
---------------------

{245: 85, 244: 84, 243: 83, 242: 82, 241: 81, 240: 80, 239: 79, 238: 78, 237: 77, 236: 76, 235: 75, 234: 74, 233: 73, 232: 72, 231: 71, 230: 70, 229: 69, 228: 68, 227: 67, 226: 66, 225: 65, 224: 64, 223: 63, 222: 62, 197: 61, 196: 60, 195: 59, 83: 25, 82: 24, 77: 20, 76: 19, 194: 58, 181: 47, 85: 26, 73: 16, 64: 15, 191: 56, 86: 27, 74: 17, 163: 39, 87: 28, 75: 18, 193: 57, 46: 3, 164: 40, 49: 4, 79: 21, 50: 5, 80: 22, 51: 6, 169: 43, 81: 23, 52: 7, 43: 0, 170: 44, 182: 48, 55: 8, 88: 29, 89: 30, 151: 31, 152: 32, 153: 33, 154: 34, 157: 35, 158: 36, 159: 37, 160: 38, 165: 41, 166: 42, 44: 1, 171: 45, 45: 2, 172: 46, 56: 9, 183: 49, 57: 10, 184: 50, 58: 11, 185: 51, 187: 52, 61: 12, 188: 53, 62: 13, 189: 54, 63: 14, 190: 55}

---------------------
Final Problem: 
---------------------
Find a point satisfying:

1*{3335} + 2*{ 1 5} + 0.408248*{ 1} + 1*{ 3 5} + 0.408248*{ 2} + 1*{3237} + 0.408248*{ 7} + 1*{ 0 6} + 1*{ 1 7} + 0.408248*{ 5} + 2*{ 3 7} + 1*{3238} + 1*{3435} + 0.408248*{ 4} + 2*{3236} + 1*{ 0 7} + 1*{ 3 6} + 1*{3138} + 0.333333*{} + 2*{3438} + 0.408248*{ 6} + 1*{ 3 4} + 1*{3137} + 1*{ 1 6} + 2*{ 2 6} + 1*{ 0 5} + 1*{3136} + 1*{3437} + 0.408248*{ 0} + 1*{ 2 4} + 1*{ 2 7} + 1*{3338} + 2*{ 0 4} + 2*{3135} + 1*{3436} + 1*{ 2 5} + 1*{3235} + 1*{3336} + 1*{ 1 4} + 0.408248*{ 3} + 2*{3337} = 0 

-0.408248*{33} + 0.408248*{36} + 0.408248*{35} + 1*{ 137} + -1*{ 534} + 0.408248*{38} + -1*{ 731} + 1*{ 038} + 1*{ 336} + 1*{ 135} + -1*{ 733} + -0.408248*{34} + 1*{ 138} + 1*{ 235} + -1*{ 631} + 1*{ 037} + 1*{ 337} + -2*{ 633} + -1*{ 533} + 2*{ 035} + -1*{ 433} + -1*{ 732} + 0.408248*{37} + -1*{ 434} + 1*{ 335} + 2*{ 237} + -2*{ 431} + -1*{ 634} + 1*{ 238} + 1*{ 036} + -1*{ 632} + -1*{ 432} + 1*{ 236} + -1*{ 531} + -2*{ 734} + 2*{ 338} + -0.408248*{31} + 2*{ 136} + -2*{ 532} + -0.408248*{32} = 0 

0.408248*{ 8} + 0.408248*{ 9} + 0.408248*{11} + 1*{ 3 9} + 0.408248*{ 2} + 1*{3439} + 2*{3442} + 0.408248*{ 1} + 2*{ 1 9} + 1*{3242} + 2*{3139} + 2*{3240} + 1*{ 3 8} + 1*{ 2 8} + 2*{ 0 8} + 1*{ 011} + 1*{ 2 9} + 1*{3340} + 1*{3140} + 2*{ 210} + 0.408248*{10} + 1*{3141} + 1*{3241} + 1*{ 1 8} + 0.408248*{ 0} + 0.333333*{} + 1*{3441} + 1*{3440} + 1*{ 110} + 1*{3339} + 2*{3341} + 1*{3142} + 1*{ 0 9} + 1*{ 310} + 1*{ 111} + 2*{ 311} + 1*{ 010} + 0.408248*{ 3} + 1*{3239} + 1*{ 211} + 1*{3342} = 0 

2*{ 342} + -2*{ 932} + -1*{ 933} + 2*{ 140} + 1*{ 142} + -1*{1034} + 0.408248*{39} + 0.408248*{42} + 0.408248*{41} + 1*{ 042} + -1*{1031} + -2*{1134} + -1*{1133} + -2*{1033} + 2*{ 039} + -1*{ 934} + 1*{ 239} + 1*{ 341} + 2*{ 241} + 1*{ 141} + 1*{ 242} + 1*{ 340} + -1*{ 834} + 1*{ 339} + 1*{ 240} + -0.408248*{34} + -2*{ 831} + -0.408248*{33} + -1*{ 833} + 1*{ 041} + -0.408248*{31} + -1*{ 832} + -1*{ 931} + 0.408248*{40} + 1*{ 139} + 1*{ 040} + -1*{1032} + -1*{1131} + -1*{1132} + -0.408248*{32} = 0 

0.408248*{13} + 0.333333*{} + 1*{ 014} + 1*{ 114} + 1*{3443} + 0.408248*{ 1} + 0.408248*{12} + 0.408248*{ 0} + 1*{3344} + 2*{ 214} + 1*{ 112} + 2*{3446} + 1*{ 212} + 1*{3444} + 0.408248*{ 3} + 2*{ 315} + 1*{3144} + 2*{3143} + 1*{ 314} + 1*{3343} + 1*{3246} + 2*{3345} + 1*{ 215} + 1*{3346} + 1*{3445} + 0.408248*{15} + 1*{ 115} + 2*{3244} + 2*{ 113} + 1*{ 013} + 1*{ 213} + 1*{3245} + 1*{3146} + 1*{ 015} + 0.408248*{14} + 2*{ 012} + 1*{3145} + 1*{3243} + 0.408248*{ 2} + 1*{ 313} + 1*{ 312} = 0 

1*{ 146} + -1*{1432} + 0.408248*{46} + 0.408248*{43} + -1*{1532} + 1*{ 244} + 1*{ 044} + -1*{1233} + -1*{1232} + 1*{ 243} + -1*{1531} + -1*{1234} + -1*{1431} + 1*{ 345} + -0.408248*{31} + 2*{ 144} + -1*{1333} + -0.408248*{32} + -1*{1434} + 0.408248*{45} + -2*{1433} + -0.408248*{33} + -2*{1332} + 2*{ 043} + 1*{ 046} + -0.408248*{34} + -2*{1534} + 1*{ 343} + 2*{ 346} + 1*{ 045} + 1*{ 246} + -1*{1331} + -1*{1334} + -2*{1231} + -1*{1533} + 2*{ 245} + 1*{ 143} + 0.408248*{44} + 1*{ 145} + 1*{ 344} = 0 

1*{ 411} + 1*{ 5 8} + 2*{ 711} + 0.408248*{ 4} + 2*{3640} + 1*{3641} + 2*{ 4 8} + 0.408248*{ 5} + 1*{ 511} + 2*{3741} + 2*{ 610} + 1*{ 7 8} + 1*{ 4 9} + 0.408248*{ 8} + 2*{3842} + 0.408248*{11} + 1*{3839} + 0.333333*{} + 1*{ 611} + 1*{ 710} + 0.408248*{ 9} + 1*{ 6 8} + 1*{3642} + 1*{ 510} + 2*{ 5 9} + 1*{3541} + 0.408248*{10} + 1*{3739} + 1*{3542} + 1*{3540} + 1*{3841} + 1*{3639} + 1*{ 6 9} + 1*{3742} + 1*{3740} + 1*{3840} + 2*{3539} + 1*{ 410} + 0.408248*{ 6} + 1*{ 7 9} + 0.408248*{ 7} = 0 

1*{ 740} + 0.408248*{41} + -1*{1038} + 0.408248*{39} + -1*{1036} + -0.408248*{37} + -2*{ 835} + 1*{ 541} + -1*{ 935} + 2*{ 439} + -2*{ 936} + -1*{ 938} + -1*{ 837} + -1*{ 937} + 1*{ 539} + 1*{ 639} + -1*{ 838} + -1*{1136} + -0.408248*{38} + 1*{ 640} + -1*{1135} + -1*{ 836} + 0.408248*{40} + 1*{ 542} + 1*{ 642} + -1*{1035} + 1*{ 441} + 2*{ 742} + 2*{ 540} + -1*{1137} + 1*{ 739} + 1*{ 440} + 0.408248*{42} + -2*{1138} + -2*{1037} + -0.408248*{35} + -0.408248*{36} + 1*{ 741} + 1*{ 442} + 2*{ 641} = 0 

1*{ 713} + 2*{3846} + 1*{3646} + 1*{3545} + 1*{ 515} + 1*{3744} + 1*{ 414} + 0.408248*{14} + 1*{3743} + 1*{ 714} + 1*{3645} + 2*{3745} + 1*{3843} + 1*{3844} + 1*{ 712} + 1*{ 615} + 1*{ 415} + 2*{3644} + 0.408248*{15} + 1*{ 613} + 2*{3543} + 1*{3845} + 0.408248*{13} + 0.408248*{ 7} + 0.408248*{ 6} + 2*{ 715} + 1*{3546} + 0.408248*{ 5} + 1*{ 413} + 1*{3746} + 2*{ 412} + 0.333333*{} + 0.408248*{12} + 1*{ 514} + 1*{ 512} + 1*{ 612} + 1*{3643} + 2*{ 614} + 0.408248*{ 4} + 2*{ 513} + 1*{3544} = 0 

1*{ 444} + -1*{1237} + -0.408248*{35} + 0.408248*{43} + 0.408248*{46} + -1*{1435} + -1*{1536} + 1*{ 445} + 1*{ 446} + 0.408248*{44} + -1*{1338} + 1*{ 745} + -1*{1236} + -1*{1335} + 1*{ 643} + 1*{ 743} + -1*{1238} + 1*{ 644} + 2*{ 746} + 1*{ 646} + -0.408248*{36} + 0.408248*{45} + -2*{1336} + -1*{1337} + -0.408248*{38} + 1*{ 744} + -0.408248*{37} + -1*{1436} + -1*{1535} + -1*{1438} + -1*{1537} + -2*{1235} + 2*{ 645} + 1*{ 545} + 1*{ 543} + 2*{ 443} + -2*{1437} + -2*{1538} + 2*{ 544} + 1*{ 546} = 0 

0.408248*{12} + 1*{3945} + 1*{ 815} + 0.333333*{} + 0.408248*{ 9} + 0.408248*{ 8} + 1*{4243} + 1*{4146} + 2*{ 812} + 0.408248*{14} + 1*{1012} + 1*{ 915} + 1*{4245} + 1*{1112} + 1*{ 914} + 0.408248*{11} + 2*{3943} + 1*{1114} + 1*{4144} + 0.408248*{13} + 0.408248*{15} + 1*{1113} + 2*{4044} + 2*{1115} + 1*{1015} + 1*{4045} + 1*{1013} + 1*{4244} + 1*{ 814} + 1*{4143} + 2*{4145} + 1*{4043} + 2*{4246} + 1*{ 912} + 1*{ 813} + 2*{ 913} + 2*{1014} + 1*{3944} + 1*{3946} + 1*{4046} + 0.408248*{10} = 0 

1*{1043} + -0.408248*{42} + 1*{1044} + -2*{1542} + 1*{ 845} + 1*{ 844} + 0.408248*{46} + 0.408248*{43} + 1*{1143} + -0.408248*{39} + 1*{ 945} + -1*{1539} + 0.408248*{44} + 1*{ 846} + 2*{1045} + -1*{1241} + -2*{1239} + 1*{1144} + -2*{1340} + -1*{1242} + 2*{ 944} + 0.408248*{45} + -1*{1342} + 2*{1146} + 1*{ 946} + -0.408248*{41} + -1*{1339} + -1*{1439} + 1*{1145} + -1*{1442} + -0.408248*{40} + 1*{ 943} + -1*{1440} + -1*{1540} + -1*{1341} + 1*{1046} + 2*{ 843} + -1*{1240} + -1*{1541} + -2*{1441} = 0 

0.333333*{1617} + 0.333333*{4950} + 0.333333*{5051} + 0.333333*{4849} + 0.136083*{16} + 0.136083*{19} + 0.333333*{1920} + 0.333333*{4851} + 0.333333*{1819} + 0.333333*{1618} + 0.136083*{20} + 0.333333*{1620} + 0.333333*{4751} + 0.333333*{4749} + 0.333333*{4750} + 0.333333*{1720} + 0.333333*{4951} + 0.333333*{1718} + 0.333333*{1820} + 0.333333*{4748} + 0.333333*{1719} + 0.136083*{17} + 0.333333*{1619} + 0.333333*{4850} + 0.136083*{18} = 0 

0.333333*{5354} + 0.333333*{2425} + 0.136083*{24} + 0.333333*{2224} + 0.333333*{5253} + 0.333333*{5556} + 0.136083*{25} + 0.333333*{2123} + 0.333333*{2125} + 0.136083*{23} + 0.333333*{5254} + 0.333333*{2325} + 0.136083*{22} + 0.333333*{5255} + 0.333333*{5356} + 0.333333*{5355} + 0.333333*{2223} + 0.136083*{21} + 0.333333*{5456} + 0.333333*{2124} + 0.333333*{2122} + 0.333333*{2324} + 0.333333*{5455} + 0.333333*{5256} + 0.333333*{2225} = 0 

0.333333*{2730} + 0.136083*{26} + 0.333333*{5961} + 0.136083*{28} + 0.333333*{5861} + 0.333333*{2830} + 0.136083*{30} + 0.333333*{5758} + 0.333333*{2728} + 0.333333*{5761} + 0.333333*{2729} + 0.333333*{5760} + 0.333333*{2930} + 0.333333*{6061} + 0.333333*{2629} + 0.333333*{2628} + 0.333333*{5860} + 0.333333*{2627} + 0.333333*{5859} + 0.333333*{5960} + 0.333333*{5759} + 0.136083*{29} + 0.333333*{2630} + 0.333333*{2829} + 0.136083*{27} = 0 

-0.166667*{} + 1*{6363} + 1*{6262} = 0 

1*{ 319} + -1*{3351} + -1*{ 020} + 1*{3450} + 1*{3349} + -1*{3251} + -1*{ 320} + 1*{ 117} + -1*{62} + 1*{3147} + -1*{ 120} + 1*{3248} + 1*{ 218} + 0.166667*{} + -1*{3151} + 1*{ 016} + -1*{ 220} + -1*{3451} + -0.408248*{20} = 0 

1*{2034} + 1*{2032} + -1*{1934} + -1*{ 351} + 1*{ 047} + -1*{ 151} + -1*{ 251} + -1*{ 051} + 1*{ 350} + 1*{2033} + -1*{63} + 1*{ 249} + 1*{ 148} + 1*{2031} + -0.408248*{51} + -1*{1631} + -1*{1732} + -1*{1833} = 0 

-0.166667*{} + 1*{6565} + 1*{6464} = 0 

-0.408248*{25} + 1*{ 324} + -1*{3356} + -1*{3156} + 0.166667*{} + -1*{ 125} + 1*{3455} + -1*{64} + -1*{3456} + 1*{ 021} + 1*{3253} + -1*{ 325} + 1*{3152} + -1*{ 225} + -1*{ 025} + 1*{ 122} + -1*{3256} + 1*{3354} + 1*{ 223} = 0 

-1*{2131} + -1*{ 056} + -1*{65} + 1*{ 052} + 1*{ 355} + 1*{2531} + -1*{2434} + -1*{2333} + 1*{2533} + 1*{ 153} + -1*{ 356} + 1*{2534} + 1*{ 254} + -0.408248*{56} + -1*{2232} + 1*{2532} + -1*{ 256} + -1*{ 156} = 0 

-0.166667*{} + 1*{6767} + 1*{6666} = 0 

1*{3258} + 0.166667*{} + 1*{ 329} + 1*{ 127} + -1*{ 030} + -1*{ 330} + 1*{ 228} + -1*{3361} + 1*{3157} + -0.408248*{30} + -1*{ 130} + -1*{3161} + 1*{3460} + -1*{66} + 1*{ 026} + -1*{ 230} + 1*{3359} + -1*{3261} + -1*{3461} = 0 

-1*{2732} + -1*{ 261} + 1*{3033} + -1*{ 061} + -1*{ 161} + 1*{ 259} + -1*{2631} + -0.408248*{61} + -1*{67} + 1*{3032} + -1*{2833} + -1*{ 361} + 1*{ 360} + 1*{3034} + -1*{2934} + 1*{ 057} + 1*{3031} + 1*{ 158} = 0 

-0.166667*{} + 1*{6969} + 1*{6868} = 0 

1*{ 416} + 1*{ 618} + -1*{68} + -1*{ 520} + 0.166667*{} + -1*{ 420} + 1*{3850} + 1*{ 719} + 1*{ 517} + 1*{3648} + -1*{3651} + -1*{3551} + -1*{3751} + -0.408248*{20} + 1*{3749} + 1*{3547} + -1*{3851} + -1*{ 720} + -1*{ 620} = 0 

-1*{1736} + 1*{2038} + -1*{ 751} + -1*{1635} + 1*{ 447} + -0.408248*{51} + 1*{2035} + -1*{ 551} + -1*{ 451} + -1*{1837} + -1*{ 651} + 1*{ 649} + -1*{1938} + 1*{ 750} + 1*{2037} + -1*{69} + 1*{ 548} + 1*{2036} = 0 

1*{7171} + -0.166667*{} + 1*{7070} = 0 

1*{3754} + 1*{ 522} + 1*{ 421} + -1*{3856} + 1*{3552} + -1*{ 525} + 1*{ 623} + -1*{3756} + -1*{3556} + 1*{ 724} + 1*{3855} + 1*{3653} + -1*{ 625} + -0.408248*{25} + -1*{ 725} + -1*{ 425} + -1*{3656} + 0.166667*{} + -1*{70} = 0 

1*{ 755} + -1*{ 756} + -1*{2438} + -1*{2236} + -1*{71} + 1*{2535} + 1*{ 654} + 1*{2538} + 1*{2536} + -1*{ 556} + -1*{2135} + 1*{ 452} + -1*{ 456} + -0.408248*{56} + -1*{2337} + 1*{2537} + 1*{ 553} + -1*{ 656} = 0 

-0.166667*{} + 1*{7373} + 1*{7272} = 0 

1*{ 729} + -1*{3761} + -0.408248*{30} + 1*{ 426} + 1*{3860} + -1*{ 530} + -1*{ 630} + -1*{ 730} + -1*{3661} + -1*{ 430} + 0.166667*{} + 1*{ 628} + 1*{3658} + 1*{ 527} + -1*{3561} + -1*{72} + 1*{3557} + 1*{3759} + -1*{3861} = 0 

1*{3038} + -0.408248*{61} + 1*{ 558} + -1*{2736} + 1*{ 659} + -1*{2837} + -1*{2635} + -1*{ 761} + 1*{3035} + 1*{ 457} + -1*{ 661} + 1*{3037} + 1*{ 760} + -1*{73} + 1*{3036} + -1*{ 561} + -1*{2938} + -1*{ 461} = 0 

-0.166667*{} + 1*{7575} + 1*{7474} = 0 

-1*{4251} + -0.408248*{20} + 1*{1119} + 1*{4250} + 1*{3947} + -1*{1120} + 1*{4149} + 1*{1018} + -1*{ 820} + 0.166667*{} + -1*{1020} + -1*{4051} + 1*{ 816} + -1*{4151} + -1*{3951} + 1*{ 917} + -1*{74} + 1*{4048} + -1*{ 920} = 0 

-1*{1151} + -1*{1740} + -1*{ 851} + 1*{ 948} + -1*{75} + 1*{2040} + -1*{1051} + 1*{2039} + 1*{2041} + -1*{ 951} + 1*{1150} + 1*{2042} + -1*{1841} + -1*{1942} + 1*{1049} + 1*{ 847} + -0.408248*{51} + -1*{1639} = 0 

-0.166667*{} + 1*{7777} + 1*{7676} = 0 

-1*{ 925} + 1*{4053} + -1*{1125} + -1*{4156} + 1*{1023} + -1*{ 825} + 1*{4255} + -1*{3956} + 1*{ 922} + 1*{1124} + -0.408248*{25} + -1*{4256} + -1*{4056} + 0.166667*{} + 1*{3952} + 1*{4154} + -1*{1025} + -1*{76} + 1*{ 821} = 0 

1*{ 953} + -1*{2139} + -1*{2240} + -1*{ 856} + 1*{2539} + -1*{1156} + -1*{2341} + -1*{77} + 1*{2540} + -0.408248*{56} + 1*{2542} + 1*{ 852} + 1*{2541} + -1*{2442} + 1*{1054} + -1*{1056} + -1*{ 956} + 1*{1155} = 0 

1*{7979} + -0.166667*{} + 1*{7878} = 0 

-1*{78} + 1*{3957} + -1*{4261} + 1*{1129} + -1*{ 930} + 1*{4159} + -1*{3961} + 1*{4260} + -1*{1130} + -1*{ 830} + 1*{ 927} + 1*{1028} + -1*{4161} + -1*{4061} + 0.166667*{} + 1*{ 826} + -0.408248*{30} + 1*{4058} + -1*{1030} = 0 

-1*{ 961} + -0.408248*{61} + -1*{79} + -1*{2942} + 1*{1059} + 1*{1160} + 1*{3040} + 1*{3041} + 1*{3039} + 1*{ 958} + 1*{3042} + -1*{ 861} + -1*{2841} + 1*{ 857} + -1*{1161} + -1*{1061} + -1*{2639} + -1*{2740} = 0 

-0.166667*{} + 1*{8181} + 1*{8080} = 0 

-1*{80} + -1*{1320} + 1*{4650} + 1*{1519} + -1*{1220} + -1*{1420} + -1*{4651} + 1*{1216} + -1*{4351} + -0.408248*{20} + 1*{1418} + 1*{4549} + 1*{4448} + 0.166667*{} + -1*{4451} + -1*{4551} + 1*{4347} + -1*{1520} + 1*{1317} = 0 

1*{1348} + 1*{1449} + -1*{1551} + -1*{1946} + 1*{2046} + 1*{2043} + 1*{2045} + -1*{1845} + 1*{1550} + -1*{1744} + -1*{1351} + -1*{1451} + 1*{1247} + -1*{1251} + -0.408248*{51} + -1*{1643} + 1*{2044} + -1*{81} = 0 

-0.166667*{} + 1*{8383} + 1*{8282} = 0 

-1*{4356} + 0.166667*{} + 1*{1322} + -1*{1225} + -1*{4556} + -0.408248*{25} + 1*{1221} + 1*{1524} + 1*{4453} + -1*{4456} + 1*{4554} + -1*{1525} + -1*{82} + 1*{4352} + 1*{1423} + -1*{4656} + -1*{1325} + 1*{4655} + -1*{1425} = 0 

1*{2544} + -1*{1456} + 1*{2546} + -1*{2244} + 1*{1252} + -1*{2143} + 1*{1454} + -1*{1356} + -1*{2345} + -1*{1256} + -1*{83} + 1*{1353} + 1*{2543} + -1*{2446} + 1*{1555} + 1*{2545} + -1*{1556} + -0.408248*{56} = 0 

-0.166667*{} + 1*{8585} + 1*{8484} = 0 

-1*{4461} + 1*{4357} + 1*{1529} + -1*{1430} + -1*{4661} + 1*{1327} + 1*{1428} + -1*{1230} + -0.408248*{30} + 1*{1226} + -1*{4361} + 1*{4458} + -1*{4561} + -1*{1530} + 1*{4660} + -1*{84} + -1*{1330} + 1*{4559} + 0.166667*{} = 0 

-1*{1561} + -1*{2946} + -1*{2845} + -1*{2643} + 1*{1560} + -1*{1361} + 1*{1257} + 1*{3043} + -1*{2744} + -1*{1261} + 1*{1358} + -0.408248*{61} + -1*{1461} + 1*{3046} + 1*{3044} + -1*{85} + 1*{1459} + 1*{3045} = 0 

1*{4752} + 1*{5156} + 1*{1823} + 1*{1722} + 0.166667*{} + 1*{4954} + 1*{2025} + 1*{1924} + 1*{1621} + 1*{4853} + 1*{5055} = 0 

-1*{2147} + 1*{1652} + 1*{2056} + -1*{2551} + -1*{2450} + 1*{1854} + 1*{1955} + 1*{1753} + -1*{2349} + -1*{2248} = 0 

1*{1929} + 1*{1828} + 1*{1727} + 1*{2030} + 1*{1626} + 1*{4858} + 0.166667*{} + 1*{4959} + 1*{5060} + 1*{4757} + 1*{5161} = 0 

1*{1657} + -1*{2950} + 1*{1859} + -1*{2647} + -1*{2748} + -1*{3051} + -1*{2849} + 1*{1758} + 1*{2061} + 1*{1960} = 0 

1*{2429} + 1*{2530} + 1*{5358} + 1*{5257} + 1*{2328} + 1*{2227} + 1*{2126} + 1*{5459} + 0.166667*{} + 1*{5560} + 1*{5661} = 0 

1*{2157} + -1*{2955} + -1*{2753} + -1*{2652} + 1*{2258} + 1*{2460} + 1*{2561} + -1*{3056} + -1*{2854} + 1*{2359} = 0 

1*{3131} + -0.166667*{} + 1*{ 0 0} = 0 

-0.166667*{} + 1*{ 1 1} + 1*{3232} = 0 

-0.166667*{} + 1*{3333} + 1*{ 2 2} = 0 

-0.166667*{} + 1*{3434} + 1*{ 3 3} = 0 

0.816497*{ 1} + 2*{ 0 1} + 2*{3132} + 2*{3234} + 0.816497*{ 3} + 2*{ 2 3} + 2*{3233} + 2*{3133} + 0.816497*{ 2} + 2*{ 1 2} + 2*{ 0 3} + 2*{3134} + 0.816497*{ 0} + 2*{3334} + 2*{ 0 2} + 2*{ 1 3} + 0.666667*{} = 0 

-0.166667*{} + 1*{3535} + 1*{ 4 4} = 0 

-0.166667*{} + 1*{3636} + 1*{ 5 5} = 0 

-0.166667*{} + 1*{3737} + 1*{ 6 6} = 0 

-0.166667*{} + 1*{3838} + 1*{ 7 7} = 0 

2*{3638} + 2*{3537} + 0.816497*{ 4} + 2*{3637} + 2*{3538} + 2*{ 6 7} + 0.666667*{} + 2*{ 4 5} + 0.816497*{ 6} + 0.816497*{ 7} + 0.816497*{ 5} + 2*{ 5 6} + 2*{ 4 6} + 2*{ 5 7} + 2*{3738} + 2*{3536} + 2*{ 4 7} = 0 

-0.166667*{} + 1*{3939} + 1*{ 8 8} = 0 

-0.166667*{} + 1*{4040} + 1*{ 9 9} = 0 

-0.166667*{} + 1*{4141} + 1*{1010} = 0 

1*{4242} + -0.166667*{} + 1*{1111} = 0 

0.816497*{ 8} + 0.816497*{11} + 2*{4142} + 0.816497*{ 9} + 2*{3941} + 2*{4042} + 0.816497*{10} + 2*{3940} + 2*{3942} + 2*{ 810} + 2*{4041} + 0.666667*{} + 2*{1011} + 2*{ 8 9} + 2*{ 811} + 2*{ 910} + 2*{ 911} = 0 

-0.166667*{} + 1*{4343} + 1*{1212} = 0 

-0.166667*{} + 1*{4444} + 1*{1313} = 0 

-0.166667*{} + 1*{4545} + 1*{1414} = 0 

-0.166667*{} + 1*{4646} + 1*{1515} = 0 

2*{4344} + 2*{4546} + 0.816497*{14} + 0.816497*{12} + 0.666667*{} + 2*{4345} + 2*{1314} + 2*{1213} + 2*{4445} + 0.816497*{15} + 0.816497*{13} + 2*{1215} + 2*{1315} + 2*{1214} + 2*{1415} + 2*{4446} + 2*{4346} = 0 

-0.166667*{} + 1*{4747} + 1*{1616} = 0 

-0.166667*{} + 1*{4848} + 1*{1717} = 0 

-0.166667*{} + 1*{4949} + 1*{1818} = 0 

-0.166667*{} + 1*{5050} + 1*{1919} = 0 

-0.166667*{} + 1*{5151} + 1*{2020} = 0 

-0.166667*{} + 1*{5252} + 1*{2121} = 0 

-0.166667*{} + 1*{5353} + 1*{2222} = 0 

-0.166667*{} + 1*{5454} + 1*{2323} = 0 

-0.166667*{} + 1*{5555} + 1*{2424} = 0 

1*{5656} + -0.166667*{} + 1*{2525} = 0 

-0.166667*{} + 1*{5757} + 1*{2626} = 0 

1*{5858} + -0.166667*{} + 1*{2727} = 0 

-0.166667*{} + 1*{5959} + 1*{2828} = 0 

-0.166667*{} + 1*{6060} + 1*{2929} = 0 

-0.166667*{} + 1*{6161} + 1*{3030} = 0 

7*{33} + -64*{ 1} + 255*{31} + 31*{32} + 384*{ 0} + 64*{ 5} + -31*{36} + 1*{34} + -124*{ 3} + 112*{ 6} + 124*{ 7} + -7*{37} + -384*{ 4} + -255*{35} + -1*{38} + -112*{ 2} > 0 

7*{37} + -124*{ 7} + -112*{ 6} + 1*{38} + 124*{11} + -384*{ 8} + -64*{ 5} + 31*{36} + -255*{39} + 64*{ 9} + -31*{40} + -1*{42} + 112*{10} + -7*{41} + 384*{ 4} + 255*{35} > 0 

255*{39} + -255*{43} + -7*{45} + -64*{ 9} + 112*{14} + -384*{12} + -31*{44} + -1*{46} + 384*{ 8} + 64*{13} + 31*{40} + 124*{15} + 1*{42} + 7*{41} + -112*{10} + -124*{11} > 0 

-128*{25} + -8*{54} + -64*{22} + -4*{24} + 2*{50} + -16*{23} + -256*{52} + 64*{17} + -2*{55} + 8*{49} + 1*{51} + -32*{53} + 256*{47} + 16*{18} + 32*{48} + 4*{19} + -1*{56} + 512*{16} + -512*{21} + 128*{20} > 0 

4*{24} + 128*{25} + -128*{30} + -64*{27} + -256*{57} + 64*{22} + 8*{54} + -1*{61} + 2*{55} + -16*{28} + 16*{23} + 256*{52} + -2*{60} + 32*{53} + -32*{58} + -512*{26} + 1*{56} + -4*{29} + 512*{21} + -8*{59} > 0 

7*{33} + -52.2558*{} + -512*{16} + -4*{19} + -1*{51} + 1*{34} + -128*{20} + -64*{17} + 255*{31} + -16*{18} + -32*{48} + -64*{ 1} + -124*{ 3} + -8*{49} + -256*{47} + 384*{ 0} + 31*{32} + -2*{50} + -112*{ 2} > 0 

-512*{27} + 1*{57} + -64*{22} + 512*{26} + -4*{32} + 128*{ 8} + -2*{ 1} + -8192*{53} + 8192*{52} + 4*{31} + -2048*{44} + 8*{16} + -128*{ 9} + 4096*{47} + 32*{35} + -1*{58} + 16*{ 4} + 256*{39} + 1024*{12} + -256*{40} + -1024*{13} + -8*{17} + -4096*{48} + -16*{ 5} + 2048*{43} + 2*{ 0} + -32*{36} + 64*{21} > 0 

8192*{53} + 2*{ 1} + 64*{22} + -8192*{54} + -2048*{45} + -1*{59} + -4096*{49} + -64*{23} + -2*{ 2} + 1*{58} + -512*{28} + 8*{17} + 32*{36} + 16*{ 5} + -8*{18} + 4096*{48} + 2048*{44} + 128*{ 9} + -4*{33} + 512*{27} + -256*{41} + -128*{10} + -32*{37} + -16*{ 6} + -1024*{14} + 1024*{13} + 256*{40} + 4*{32} > 0 

-8*{19} + -64*{24} + 64*{23} + 1024*{14} + 16*{ 6} + 32*{37} + -16*{ 7} + -1*{60} + 2048*{45} + 4096*{49} + -1024*{15} + -512*{29} + 4*{33} + -8192*{55} + -2048*{46} + 512*{28} + 8192*{54} + 2*{ 2} + -32*{38} + -4*{34} + -4096*{50} + -256*{42} + 128*{10} + 256*{41} + -2*{ 3} + 8*{18} + -128*{11} + 1*{59} > 0 

-64*{25} + 128*{10} + 32*{ 7} + 16*{ 4} + 64*{38} + 2048*{43} + 1024*{13} + 4*{ 3} + 4096*{46} + 4*{32} + 2048*{44} + 1024*{12} + 512*{42} + 256*{41} + 4096*{50} + 2*{ 1} + 8*{19} + 2*{ 2} + -8*{20} + 32*{36} + 2*{ 0} + -8192*{56} + 512*{29} + 2048*{15} + 16*{ 5} + 32*{37} + 8*{34} + 1024*{14} + 64*{24} + 256*{39} + 256*{11} + -1*{61} + 477.65*{} + -512*{30} + 2048*{45} + -4096*{51} + 1*{60} + 32*{35} + 16*{ 6} + 4*{33} + 256*{40} + 128*{ 9} + 8192*{55} + 4*{31} + 128*{ 8} > 0 

1*{61} > 0 

{6, 5, 3, 1} 86
1 2.868788e+01 2.868788e+01
2 7.742202e+05 2.868788e+01
3 4.217566e+05 2.868788e+01
4 1.521170e+05 2.868788e+01
5 5.485814e+04 2.868788e+01
6 1.978046e+04 2.868788e+01
7 7.130823e+03 2.868788e+01
8 2.569838e+03 2.868788e+01
9 9.256747e+02 2.868788e+01
10 3.331813e+02 2.868788e+01
11 1.198036e+02 2.868788e+01
12 4.311230e+01 2.868788e+01
13 1.658662e+01 1.658662e+01
14 5.913673e+00 5.913673e+00
15 2.094844e+00 2.094844e+00
16 7.442144e-01 7.442144e-01
17 4.602917e-01 4.602917e-01
18 2.852197e-01 2.852197e-01
19 1.772184e-01 1.772184e-01
20 1.104920e-01 1.104920e-01
21 6.911462e-02 6.911462e-02
22 4.330834e-02 4.330834e-02
23 2.711713e-02 2.711713e-02
24 1.701620e-02 1.701620e-02
25 1.079277e-02 1.079277e-02
26 7.002976e-03 7.002976e-03
27 4.726089e-03 4.726089e-03
28 3.319232e-03 3.319232e-03
29 2.341009e-03 2.341009e-03
30 1.629655e-03 1.629655e-03
31 1.104224e-03 1.104224e-03
32 7.384322e-04 7.384322e-04
33 4.830294e-04 4.830294e-04
34 3.121507e-04 3.121507e-04
35 1.988892e-04 1.988892e-04
36 1.254253e-04 1.254253e-04
37 7.842370e-05 7.842370e-05
38 4.868365e-05 4.868365e-05
39 3.003895e-05 3.003895e-05
40 1.844054e-05 1.844054e-05
41 1.127241e-05 1.127241e-05
42 6.866481e-06 6.866481e-06
43 4.170636e-06 4.170636e-06
44 2.527302e-06 2.527302e-06
45 1.528611e-06 1.528611e-06
46 9.231787e-07 9.231787e-07
47 5.568753e-07 5.568753e-07
48 3.356000e-07 3.356000e-07
49 2.020993e-07 2.020993e-07
50 1.216343e-07 1.216343e-07
51 7.317290e-08 7.317290e-08
52 4.400386e-08 4.400386e-08
53 2.645522e-08 2.645522e-08
54 1.590152e-08 1.590152e-08
55 9.556380e-09 9.556380e-09
56 5.742395e-09 5.742395e-09
57 3.450225e-09 3.450225e-09
58 2.072849e-09 2.072849e-09
59 1.245265e-09 1.245265e-09
60 7.480533e-10 7.480533e-10
61 4.493597e-10 4.493597e-10
62 2.699253e-10 2.699253e-10
63 1.621353e-10 1.621353e-10
64 9.738678e-11 9.738678e-11
65 5.849369e-11 5.849369e-11
66 3.513991e-11 3.513991e-11
67 2.110019e-11 2.110019e-11
68 1.267280e-11 1.267280e-11
69 7.622275e-12 7.622275e-12
70 4.590177e-12 4.590177e-12
71 2.753156e-12 2.753156e-12
72 1.637581e-12 1.637581e-12
73 9.911612e-13 9.911612e-13
finished in 73 iterations (0.146 seconds total)
max viol = 2.41973e-07
max viol of orig = 0.405563
In a nicer form:
 { { (+1.0000000,+0.0000000), (+0.0000000,+0.0000000), (+0.0000000,+0.0000000), (+0.0000000,+0.0000000), (+0.0000000,+0.0000000), (+0.0000000,+0.0000000)}, 
   { (+0.0000000,+0.0000000), (+1.0000000,+0.0000000), (+0.0000000,+0.0000000), (+0.0000000,+0.0000000), (+0.0000000,+0.0000000), (+0.0000000,+0.0000000)}, 
   { (+0.0000000,+0.0000000), (+0.0000000,+0.0000000), (+1.0000000,+0.0000000), (+0.0000000,+0.0000000), (+0.0000000,+0.0000000), (+0.0000000,+0.0000000)}, 
   { (+0.0000000,+0.0000000), (+0.0000000,+0.0000000), (+0.0000000,+0.0000000), (+1.0000000,+0.0000000), (+0.0000000,+0.0000000), (+0.0000000,+0.0000000)}, 
   { (+0.0000000,+0.0000000), (+0.0000000,+0.0000000), (+0.0000000,+0.0000000), (+0.0000000,+0.0000000), (+1.0000000,+0.0000000), (+0.0000000,+0.0000000)}, 
   { (+0.0000000,+0.0000000), (+0.0000000,+0.0000000), (+0.0000000,+0.0000000), (+0.0000000,+0.0000000), (+0.0000000,+0.0000000), (+1.0000000,+0.0000000)} } 
 { { (+0.4082483,+0.0000000), (+0.4082483,+0.0000000), (+0.4082483,+0.0000000), (+0.4082483,+0.0000000), (+0.4082483,+0.0000000), (+0.4082483,+0.0000000)}, 
   { (+0.4082483,+0.0000000), (-0.1056854,-0.3943313), (-0.1383507,+0.3840909), (+0.1056832,+0.3943321), (-0.4082482,-0.0000017), (+0.0000000,+0.0000000)}, 
   { (+0.4082483,+0.0000000), (-0.4066533,+0.0360525), (+0.1383526,-0.3840900), (+0.0123879,+0.4080604), (+0.0704505,-0.4021236), (+0.0000000,+0.0000000)}, 
   { (+0.4082483,+0.0000000), (+0.2521258,+0.3210908), (+0.0236928,+0.4075605), (-0.1056834,-0.3943319), (-0.1717298,-0.3703722), (+0.0000000,+0.0000000)}, 
   { (+0.4082483,+0.0000000), (-0.1717299,-0.3703722), (-0.4082484,-0.0000011), (-0.0123874,-0.4080603), (+0.1717278,+0.3703732), (+0.0000000,+0.0000000)}, 
   { (+0.4082483,+0.0000000), (+0.0000000,+0.0000000), (+0.0000000,+0.0000000), (+0.0000000,+0.0000000), (+0.0000000,+0.0000000), (+0.0000000,+0.0000000)} } 
 { { (+0.4082483,+0.0000000), (-0.3932131,-0.1097723), (+0.4065508,+0.0371899), (-0.1670378,+0.3725117), (+0.2356013,+0.3334047), (+0.3819838,-0.1440663)}, 
   { (+0.4082483,+0.0000000), (+0.2916725,-0.2856461), (-0.0949291,+0.3970582), (+0.3616967,-0.1893207), (+0.3424929,+0.2221830), (-0.3157579,-0.2587736)}, 
   { (+0.4082483,+0.0000000), (+0.1015410,+0.3954189), (+0.3588856,-0.1945964), (+0.3148233,-0.2599096), (-0.3175326,+0.2565926), (-0.0662254,+0.4028410)}, 
   { (+0.4082483,+0.0000000), (+0.0000000,+0.0000000), (+0.0000000,+0.0000000), (+0.0000000,+0.0000000), (+0.0000000,+0.0000000), (+0.0000000,+0.0000000)}, 
   { (+0.4082483,+0.0000000), (+0.0000000,+0.0000000), (+0.0000000,+0.0000000), (+0.0000000,+0.0000000), (+0.0000000,+0.0000000), (+0.0000000,+0.0000000)}, 
   { (+0.4082483,+0.0000000), (+0.0000000,+0.0000000), (+0.0000000,+0.0000000), (+0.0000000,+0.0000000), (+0.0000000,+0.0000000), (+0.0000000,+0.0000000)} } 
