---------------------
Basis Indices:
---------------------

{1, 0, 0, 0, 0, 0}, {1, 0, 0, 0, 0, 0}, {1, 0, 0, 0, 0, 0}, {1, 0, 0, 0, 0, 0}, {}, {}


{0.408, 0.408, 0.408, 0.408, 0.408, 0.408}, {0.408, x_43+i*x_187, x_44+i*x_188, x_45+i*x_189, x_46+i*x_190, x_47+i*x_191}, {0.408, x_49+i*x_193, x_50+i*x_194, x_51+i*x_195, x_52+i*x_196, x_53+i*x_197}, {}, {}, {}


{0.408, x_73+i*x_217, x_74+i*x_218, x_75+i*x_219, x_76+i*x_220, x_77+i*x_221}, {0.408, x_79+i*x_223, x_80+i*x_224, x_81+i*x_225, x_82+i*x_226, x_83+i*x_227}, {0.408, x_85+i*x_229, x_86+i*x_230, x_87+i*x_231, x_88+i*x_232, x_89+i*x_233}, {}, {}, {}


{0.408, x_109+i*x_253, x_110+i*x_254, x_111+i*x_255, x_112+i*x_256, x_113+i*x_257}, {0.408, x_115+i*x_259, x_116+i*x_260, x_117+i*x_261, x_118+i*x_262, x_119+i*x_263}, {0.408, x_121+i*x_265, x_122+i*x_266, x_123+i*x_267, x_124+i*x_268, x_125+i*x_269}, {}, {}, {}

---------------------
Problem: 
---------------------
Find a point satisfying:

1*{  44  50} + 1*{  46  52} + 1*{ 188 194} + 1*{ 187 193} + 1*{  47  53} + 1*{  45  51} + 1*{  43  49} + 1*{ 189 195} + 0.166667*{} + 1*{ 190 196} + 1*{ 191 197} = 0 

-1*{  51 189} + 1*{  45 195} + -1*{  50 188} + 1*{  44 194} + 1*{  43 193} + -1*{  53 191} + 1*{  46 196} + -1*{  52 190} + -1*{  49 187} + 1*{  47 197} = 0 

-0.166667*{} + 1*{ 289 289} + 1*{ 288 288} = 0 

1*{ 189 219} + 1*{ 188 218} + 1*{ 187 217} + 1*{  45  75} + 1*{  44  74} + 1*{  43  73} + 0.166667*{} + 1*{  46  76} + 1*{ 190 220} + 1*{  47  77} + 1*{ 191 221} + -1*{ 288} = 0 

-1*{  75 189} + 1*{  45 219} + 1*{  46 220} + 1*{  44 218} + -1*{  74 188} + 1*{  43 217} + -1*{ 289} + -1*{  73 187} + 1*{  47 221} + -1*{  76 190} + -1*{  77 191} = 0 

-0.166667*{} + 1*{ 291 291} + 1*{ 290 290} = 0 

-1*{ 290} + 1*{ 189 225} + 1*{  45  81} + 1*{  44  80} + 1*{ 187 223} + 1*{  43  79} + 1*{ 191 227} + 0.166667*{} + 1*{ 188 224} + 1*{  46  82} + 1*{ 190 226} + 1*{  47  83} = 0 

-1*{  81 189} + -1*{  82 190} + 1*{  44 224} + 1*{  43 223} + 1*{  46 226} + -1*{  79 187} + 1*{  45 225} + -1*{ 291} + -1*{  80 188} + 1*{  47 227} + -1*{  83 191} = 0 

-0.166667*{} + 1*{ 293 293} + 1*{ 292 292} = 0 

1*{ 189 231} + 1*{  45  87} + 1*{ 188 230} + 1*{ 187 229} + 1*{ 190 232} + 1*{  44  86} + 1*{  43  85} + 0.166667*{} + -1*{ 292} + 1*{  47  89} + 1*{  46  88} + 1*{ 191 233} = 0 

1*{  45 231} + 1*{  44 230} + 1*{  43 229} + 1*{  46 232} + -1*{  85 187} + -1*{  87 189} + -1*{  86 188} + -1*{  88 190} + 1*{  47 233} + -1*{  89 191} + -1*{ 293} = 0 

-0.166667*{} + 1*{ 295 295} + 1*{ 294 294} = 0 

1*{ 189 255} + 1*{  45 111} + 1*{ 188 254} + 1*{  46 112} + 1*{ 187 253} + 0.166667*{} + 1*{  43 109} + 1*{  44 110} + 1*{ 190 256} + 1*{ 191 257} + 1*{  47 113} + -1*{ 294} = 0 

-1*{ 110 188} + 1*{  45 255} + -1*{ 109 187} + -1*{ 111 189} + 1*{  43 253} + 1*{  47 257} + 1*{  44 254} + 1*{  46 256} + -1*{ 112 190} + -1*{ 113 191} + -1*{ 295} = 0 

-0.166667*{} + 1*{ 297 297} + 1*{ 296 296} = 0 

1*{  43 115} + 1*{  44 116} + 1*{ 188 260} + 1*{  45 117} + 1*{  47 119} + 0.166667*{} + 1*{ 189 261} + -1*{ 296} + 1*{  46 118} + 1*{ 190 262} + 1*{ 187 259} + 1*{ 191 263} = 0 

-1*{ 117 189} + 1*{  45 261} + 1*{  44 260} + -1*{ 115 187} + -1*{ 119 191} + 1*{  46 262} + -1*{ 118 190} + -1*{ 116 188} + 1*{  43 259} + 1*{  47 263} + -1*{ 297} = 0 

-0.166667*{} + 1*{ 299 299} + 1*{ 298 298} = 0 

1*{  45 123} + 1*{  47 125} + 1*{  44 122} + 1*{ 188 266} + 1*{ 190 268} + 1*{  43 121} + 1*{ 189 267} + 1*{  46 124} + -1*{ 298} + 0.166667*{} + 1*{ 187 265} + 1*{ 191 269} = 0 

-1*{ 124 190} + 1*{  44 266} + -1*{ 299} + 1*{  45 267} + -1*{ 123 189} + -1*{ 121 187} + -1*{ 125 191} + 1*{  43 265} + 1*{  46 268} + -1*{ 122 188} + 1*{  47 269} = 0 

-0.166667*{} + 1*{ 187 187} + 1*{  43  43} = 0 

-0.166667*{} + 1*{ 188 188} + 1*{  44  44} = 0 

-0.166667*{} + 1*{ 189 189} + 1*{  45  45} = 0 

-0.833333*{} + 1*{  43  43} + 1*{ 187 187} + 1*{  44  44} + 1*{ 188 188} + 1*{  45  45} + 1*{ 189 189} + 1*{  46  46} + 1*{ 190 190} + 1*{  47  47} + 1*{ 191 191} = 0 

0.333333*{  45  46} + 0.166667*{  44  44} + 0.333333*{  44  46} + 0.166667*{  47  47} + 0.333333*{  46  47} + 0.166667*{ 188 188} + 0.166667*{  45  45} + 0.333333*{  43  44} + 0.136083*{  45} + 0.333333*{  43  45} + 0.333333*{ 189 190} + 0.333333*{ 190 191} + 0.136083*{  47} + 0.333333*{  43  46} + 0.333333*{ 189 191} + 0.333333*{ 187 190} + 0.333333*{ 188 191} + 0.333333*{  44  45} + 0.166667*{ 191 191} + 0.166667*{  43  43} + 0.166667*{ 190 190} + 0.333333*{ 187 188} + 0.166667*{ 187 187} + 0.166667*{ 189 189} + 0.333333*{ 188 189} + 0.136083*{  44} + 0.0277778*{} + 0.333333*{  45  47} + 0.136083*{  43} + 0.136083*{  46} + 0.333333*{ 187 189} + 0.333333*{ 188 190} + 0.333333*{  44  47} + 0.333333*{  43  47} + 0.333333*{ 187 191} + 0.166667*{  46  46} = 0 

-0.166667*{} + 1*{ 301 301} + 1*{ 300 300} = 0 

1*{  51  75} + 1*{ 194 218} + 1*{ 196 220} + 1*{ 197 221} + 1*{  50  74} + 1*{  52  76} + 1*{ 195 219} + 1*{ 193 217} + 1*{  49  73} + 0.166667*{} + 1*{  53  77} + -1*{ 300} = 0 

1*{  51 219} + 1*{  50 218} + -1*{  75 195} + 1*{  49 217} + -1*{  77 197} + -1*{  74 194} + 1*{  52 220} + 1*{  53 221} + -1*{  73 193} + -1*{  76 196} + -1*{ 301} = 0 

-0.166667*{} + 1*{ 303 303} + 1*{ 302 302} = 0 

1*{  49  79} + 1*{  50  80} + 1*{  51  81} + -1*{ 302} + 0.166667*{} + 1*{ 195 225} + 1*{ 194 224} + 1*{  52  82} + 1*{ 196 226} + 1*{  53  83} + 1*{ 193 223} + 1*{ 197 227} = 0 

-1*{  81 195} + -1*{  80 194} + -1*{ 303} + -1*{  79 193} + 1*{  50 224} + 1*{  51 225} + 1*{  49 223} + 1*{  53 227} + 1*{  52 226} + -1*{  82 196} + -1*{  83 197} = 0 

-0.166667*{} + 1*{ 305 305} + 1*{ 304 304} = 0 

1*{  49  85} + 1*{  52  88} + 1*{  51  87} + 1*{ 194 230} + 1*{  50  86} + 1*{ 193 229} + 0.166667*{} + 1*{ 196 232} + 1*{  53  89} + 1*{ 195 231} + -1*{ 304} + 1*{ 197 233} = 0 

1*{  51 231} + -1*{  88 196} + -1*{  87 195} + -1*{  85 193} + 1*{  50 230} + 1*{  53 233} + -1*{  86 194} + -1*{  89 197} + 1*{  49 229} + 1*{  52 232} + -1*{ 305} = 0 

-0.166667*{} + 1*{ 307 307} + 1*{ 306 306} = 0 

1*{  52 112} + 1*{  51 111} + 1*{ 194 254} + 1*{  50 110} + 1*{ 195 255} + 1*{  49 109} + 0.166667*{} + 1*{ 197 257} + 1*{ 196 256} + 1*{  53 113} + 1*{ 193 253} + -1*{ 306} = 0 

-1*{ 111 195} + 1*{  51 255} + -1*{ 109 193} + -1*{ 110 194} + 1*{  49 253} + 1*{  50 254} + 1*{  52 256} + -1*{ 307} + 1*{  53 257} + -1*{ 112 196} + -1*{ 113 197} = 0 

-0.166667*{} + 1*{ 309 309} + 1*{ 308 308} = 0 

1*{ 195 261} + 1*{  51 117} + 1*{ 194 260} + 1*{  53 119} + 0.166667*{} + 1*{ 197 263} + 1*{ 193 259} + 1*{  50 116} + 1*{  52 118} + 1*{ 196 262} + 1*{  49 115} + -1*{ 308} = 0 

-1*{ 117 195} + 1*{  51 261} + -1*{ 116 194} + -1*{ 309} + 1*{  50 260} + 1*{  52 262} + -1*{ 115 193} + 1*{  49 259} + -1*{ 119 197} + -1*{ 118 196} + 1*{  53 263} = 0 

-0.166667*{} + 1*{ 311 311} + 1*{ 310 310} = 0 

1*{ 195 267} + 1*{  51 123} + 1*{  50 122} + 1*{ 194 266} + 1*{ 193 265} + 1*{  49 121} + 0.166667*{} + 1*{  52 124} + 1*{ 196 268} + 1*{  53 125} + 1*{ 197 269} + -1*{ 310} = 0 

-1*{ 123 195} + -1*{ 125 197} + -1*{ 311} + -1*{ 122 194} + 1*{  50 266} + -1*{ 121 193} + 1*{  49 265} + 1*{  51 267} + 1*{  52 268} + -1*{ 124 196} + 1*{  53 269} = 0 

-0.166667*{} + 1*{ 193 193} + 1*{  49  49} = 0 

-0.166667*{} + 1*{ 194 194} + 1*{  50  50} = 0 

-0.166667*{} + 1*{ 195 195} + 1*{  51  51} = 0 

-0.833333*{} + 1*{ 195 195} + 1*{  53  53} + 1*{  49  49} + 1*{ 193 193} + 1*{  50  50} + 1*{ 194 194} + 1*{  52  52} + 1*{  51  51} + 1*{ 196 196} + 1*{ 197 197} = 0 

0.333333*{ 195 196} + 0.333333*{ 195 197} + 0.333333*{ 194 195} + 0.333333*{  51  52} + 0.333333*{  51  53} + 0.136083*{  52} + 0.333333*{  50  51} + 0.333333*{  49  52} + 0.136083*{  53} + 0.166667*{ 197 197} + 0.333333*{  50  52} + 0.333333*{  49  51} + 0.333333*{ 194 197} + 0.333333*{ 193 197} + 0.166667*{ 195 195} + 0.166667*{ 193 193} + 0.166667*{ 196 196} + 0.333333*{  49  53} + 0.166667*{  51  51} + 0.136083*{  51} + 0.136083*{  49} + 0.0277778*{} + 0.136083*{  50} + 0.166667*{  49  49} + 0.333333*{  49  50} + 0.166667*{  50  50} + 0.333333*{ 196 197} + 0.333333*{ 193 196} + 0.333333*{  50  53} + 0.333333*{ 193 195} + 0.166667*{  53  53} + 0.333333*{ 193 194} + 0.166667*{ 194 194} + 0.333333*{  52  53} + 0.166667*{  52  52} + 0.333333*{ 194 196} = 0 

1*{ 220 226} + 1*{  74  80} + 1*{  75  81} + 1*{ 221 227} + 1*{  77  83} + 1*{ 217 223} + 1*{ 219 225} + 1*{  73  79} + 1*{ 218 224} + 0.166667*{} + 1*{  76  82} = 0 

-1*{  81 219} + -1*{  80 218} + 1*{  74 224} + -1*{  79 217} + 1*{  75 225} + -1*{  83 221} + 1*{  76 226} + 1*{  73 223} + -1*{  82 220} + 1*{  77 227} = 0 

1*{ 218 230} + 1*{ 217 229} + 1*{  74  86} + 1*{  73  85} + 0.166667*{} + 1*{  75  87} + 1*{  76  88} + 1*{ 219 231} + 1*{  77  89} + 1*{ 220 232} + 1*{ 221 233} = 0 

1*{  74 230} + -1*{  85 217} + 1*{  73 229} + -1*{  86 218} + -1*{  87 219} + 1*{  76 232} + 1*{  75 231} + -1*{  88 220} + 1*{  77 233} + -1*{  89 221} = 0 

-0.166667*{} + 1*{ 313 313} + 1*{ 312 312} = 0 

1*{  74 110} + 0.166667*{} + 1*{ 220 256} + 1*{  75 111} + -1*{ 312} + 1*{  77 113} + 1*{ 218 254} + 1*{ 217 253} + 1*{ 219 255} + 1*{  73 109} + 1*{  76 112} + 1*{ 221 257} = 0 

-1*{ 111 219} + -1*{ 110 218} + 1*{  74 254} + 1*{  75 255} + 1*{  73 253} + 1*{  76 256} + -1*{ 109 217} + -1*{ 112 220} + 1*{  77 257} + -1*{ 113 221} + -1*{ 313} = 0 

-0.166667*{} + 1*{ 315 315} + 1*{ 314 314} = 0 

1*{ 219 261} + 1*{ 218 260} + 1*{  74 116} + 1*{  75 117} + 1*{ 217 259} + 0.166667*{} + 1*{  76 118} + 1*{  73 115} + 1*{ 220 262} + 1*{  77 119} + -1*{ 314} + 1*{ 221 263} = 0 

-1*{ 117 219} + 1*{  74 260} + -1*{ 115 217} + 1*{  76 262} + 1*{  75 261} + -1*{ 116 218} + 1*{  73 259} + 1*{  77 263} + -1*{ 118 220} + -1*{ 119 221} + -1*{ 315} = 0 

-0.166667*{} + 1*{ 317 317} + 1*{ 316 316} = 0 

1*{ 218 266} + 1*{  74 122} + 1*{  73 121} + 1*{  75 123} + 1*{ 219 267} + 0.166667*{} + -1*{ 316} + 1*{  76 124} + 1*{ 220 268} + 1*{  77 125} + 1*{ 217 265} + 1*{ 221 269} = 0 

1*{  75 267} + -1*{ 125 221} + -1*{ 123 219} + -1*{ 121 217} + -1*{ 124 220} + 1*{  73 265} + 1*{  76 268} + -1*{ 122 218} + 1*{  74 266} + 1*{  77 269} + -1*{ 317} = 0 

-0.166667*{} + 1*{ 217 217} + 1*{  73  73} = 0 

-0.166667*{} + 1*{ 218 218} + 1*{  74  74} = 0 

-0.166667*{} + 1*{ 219 219} + 1*{  75  75} = 0 

-0.833333*{} + 1*{ 219 219} + 1*{  73  73} + 1*{  75  75} + 1*{  77  77} + 1*{ 217 217} + 1*{  74  74} + 1*{ 218 218} + 1*{ 221 221} + 1*{  76  76} + 1*{ 220 220} = 0 

0.333333*{ 219 220} + 0.166667*{  75  75} + 0.333333*{  74  77} + 0.333333*{  75  76} + 0.333333*{ 218 219} + 0.333333*{ 218 221} + 0.333333*{ 218 220} + 0.333333*{ 220 221} + 0.166667*{ 221 221} + 0.136083*{  77} + 0.333333*{ 219 221} + 0.136083*{  75} + 0.333333*{  73  74} + 0.166667*{ 219 219} + 0.333333*{  73  77} + 0.333333*{ 217 218} + 0.166667*{ 218 218} + 0.166667*{  76  76} + 0.333333*{  73  76} + 0.333333*{ 217 221} + 0.333333*{ 217 219} + 0.333333*{  74  75} + 0.333333*{  73  75} + 0.166667*{  74  74} + 0.333333*{ 217 220} + 0.166667*{  73  73} + 0.166667*{ 220 220} + 0.333333*{  75  77} + 0.136083*{  73} + 0.166667*{ 217 217} + 0.136083*{  74} + -0.138889*{} + 0.333333*{  74  76} + 0.333333*{  76  77} + 0.166667*{  77  77} + 0.136083*{  76} = 0 

1*{  81  87} + 1*{ 223 229} + 1*{ 224 230} + 1*{  79  85} + 1*{  80  86} + 0.166667*{} + 1*{ 225 231} + 1*{  82  88} + 1*{ 226 232} + 1*{  83  89} + 1*{ 227 233} = 0 

1*{  81 231} + 1*{  83 233} + -1*{  89 227} + -1*{  85 223} + 1*{  79 229} + -1*{  88 226} + -1*{  87 225} + -1*{  86 224} + 1*{  80 230} + 1*{  82 232} = 0 

-0.166667*{} + 1*{ 319 319} + 1*{ 318 318} = 0 

1*{ 224 254} + 1*{ 223 253} + 1*{  81 111} + 1*{  80 110} + 1*{ 227 257} + 0.166667*{} + 1*{  82 112} + 1*{  79 109} + 1*{ 226 256} + 1*{ 225 255} + 1*{  83 113} + -1*{ 318} = 0 

-1*{ 109 223} + 1*{  81 255} + -1*{ 110 224} + 1*{  79 253} + 1*{  80 254} + 1*{  82 256} + 1*{  83 257} + -1*{ 111 225} + -1*{ 112 226} + -1*{ 113 227} + -1*{ 319} = 0 

-0.166667*{} + 1*{ 321 321} + 1*{ 320 320} = 0 

1*{  81 117} + 1*{ 224 260} + 1*{  80 116} + 1*{ 223 259} + 1*{  79 115} + 0.166667*{} + 1*{  82 118} + 1*{  83 119} + 1*{ 226 262} + -1*{ 320} + 1*{ 225 261} + 1*{ 227 263} = 0 

-1*{ 117 225} + -1*{ 321} + 1*{  81 261} + -1*{ 116 224} + 1*{  80 260} + 1*{  79 259} + -1*{ 115 223} + -1*{ 119 227} + 1*{  83 263} + 1*{  82 262} + -1*{ 118 226} = 0 

-0.166667*{} + 1*{ 323 323} + 1*{ 322 322} = 0 

1*{ 224 266} + 1*{  80 122} + 1*{ 225 267} + 1*{ 223 265} + 1*{  79 121} + 1*{  82 124} + 1*{ 226 268} + 1*{  83 125} + 1*{ 227 269} + 1*{  81 123} + 0.166667*{} + -1*{ 322} = 0 

1*{  81 267} + 1*{  83 269} + 1*{  80 266} + 1*{  79 265} + -1*{ 123 225} + -1*{ 122 224} + -1*{ 121 223} + 1*{  82 268} + -1*{ 323} + -1*{ 124 226} + -1*{ 125 227} = 0 

-0.166667*{} + 1*{ 223 223} + 1*{  79  79} = 0 

-0.166667*{} + 1*{ 224 224} + 1*{  80  80} = 0 

-0.166667*{} + 1*{ 225 225} + 1*{  81  81} = 0 

-0.833333*{} + 1*{  83  83} + 1*{  79  79} + 1*{ 223 223} + 1*{  80  80} + 1*{ 224 224} + 1*{ 226 226} + 1*{  81  81} + 1*{ 225 225} + 1*{  82  82} + 1*{ 227 227} = 0 

0.166667*{  80  80} + 0.333333*{  80  83} + 0.333333*{  79  82} + 0.166667*{ 223 223} + 0.333333*{ 223 225} + 0.333333*{  80  81} + 0.166667*{ 227 227} + 0.333333*{ 224 227} + 0.333333*{ 226 227} + 0.166667*{ 225 225} + 0.166667*{  82  82} + 0.333333*{  79  83} + 0.333333*{  81  82} + 0.166667*{  81  81} + 0.333333*{  80  82} + 0.333333*{ 225 227} + 0.333333*{ 224 226} + 0.166667*{  79  79} + 0.333333*{ 225 226} + 0.166667*{ 224 224} + 0.333333*{  79  80} + 0.166667*{ 226 226} + 0.333333*{  81  83} + 0.333333*{ 224 225} + -0.138889*{} + 0.166667*{  83  83} + 0.136083*{  81} + 0.333333*{ 223 224} + 0.136083*{  80} + 0.333333*{  82  83} + 0.136083*{  83} + 0.136083*{  82} + 0.333333*{  79  81} + 0.136083*{  79} + 0.333333*{ 223 227} + 0.333333*{ 223 226} = 0 

-0.166667*{} + 1*{ 325 325} + 1*{ 324 324} = 0 

1*{  86 110} + 1*{  87 111} + 1*{  89 113} + 1*{  85 109} + 1*{ 231 255} + 1*{ 233 257} + 1*{ 229 253} + 0.166667*{} + 1*{  88 112} + 1*{ 232 256} + 1*{ 230 254} + -1*{ 324} = 0 

-1*{ 111 231} + 1*{  87 255} + -1*{ 109 229} + -1*{ 110 230} + 1*{  85 253} + 1*{  86 254} + -1*{ 112 232} + 1*{  88 256} + -1*{ 113 233} + 1*{  89 257} + -1*{ 325} = 0 

-0.166667*{} + 1*{ 327 327} + 1*{ 326 326} = 0 

1*{  85 115} + 1*{  87 117} + 1*{  86 116} + 1*{ 229 259} + 0.166667*{} + 1*{ 231 261} + 1*{ 232 262} + 1*{  89 119} + 1*{ 230 260} + 1*{ 233 263} + 1*{  88 118} + -1*{ 326} = 0 

1*{  87 261} + -1*{ 327} + 1*{  86 260} + 1*{  88 262} + -1*{ 115 229} + 1*{  85 259} + -1*{ 117 231} + -1*{ 118 232} + -1*{ 116 230} + 1*{  89 263} + -1*{ 119 233} = 0 

-0.166667*{} + 1*{ 329 329} + 1*{ 328 328} = 0 

1*{  87 123} + 1*{  86 122} + 1*{ 231 267} + 1*{ 233 269} + 1*{ 229 265} + 0.166667*{} + 1*{ 230 266} + 1*{  88 124} + 1*{  89 125} + 1*{ 232 268} + 1*{  85 121} + -1*{ 328} = 0 

1*{  86 266} + -1*{ 122 230} + -1*{ 121 229} + 1*{  85 265} + -1*{ 125 233} + 1*{  87 267} + 1*{  88 268} + -1*{ 124 232} + -1*{ 123 231} + -1*{ 329} + 1*{  89 269} = 0 

-0.166667*{} + 1*{ 229 229} + 1*{  85  85} = 0 

-0.166667*{} + 1*{ 230 230} + 1*{  86  86} = 0 

-0.166667*{} + 1*{ 231 231} + 1*{  87  87} = 0 

-0.833333*{} + 1*{ 230 230} + 1*{  89  89} + 1*{  85  85} + 1*{  86  86} + 1*{ 232 232} + 1*{ 229 229} + 1*{  87  87} + 1*{  88  88} + 1*{ 231 231} + 1*{ 233 233} = 0 

0.333333*{ 231 233} + 0.166667*{  87  87} + 0.333333*{  87  89} + 0.333333*{ 230 233} + 0.166667*{  86  86} + 0.166667*{ 229 229} + 0.333333*{  86  88} + 0.136083*{  89} + 0.333333*{ 229 230} + 0.333333*{ 232 233} + 0.166667*{  85  85} + 0.166667*{ 232 232} + 0.166667*{ 230 230} + 0.166667*{ 231 231} + 0.333333*{  87  88} + 0.333333*{  85  86} + 0.333333*{  85  87} + 0.333333*{  85  88} + 0.166667*{  88  88} + 0.333333*{ 231 232} + 0.166667*{  89  89} + 0.136083*{  88} + 0.333333*{  88  89} + 0.333333*{ 229 233} + 0.166667*{ 233 233} + 0.136083*{  86} + 0.136083*{  85} + 0.333333*{  85  89} + 0.333333*{ 230 232} + 0.333333*{ 229 232} + 0.136083*{  87} + -0.138889*{} + 0.333333*{  86  89} + 0.333333*{ 230 231} + 0.333333*{ 229 231} + 0.333333*{  86  87} = 0 

1*{ 255 261} + 1*{ 111 117} + 1*{ 254 260} + 1*{ 110 116} + 1*{ 112 118} + 1*{ 253 259} + 1*{ 109 115} + 1*{ 113 119} + 1*{ 257 263} + 0.166667*{} + 1*{ 256 262} = 0 

-1*{ 117 255} + 1*{ 111 261} + 1*{ 110 260} + -1*{ 116 254} + -1*{ 115 253} + -1*{ 119 257} + 1*{ 109 259} + -1*{ 118 256} + 1*{ 112 262} + 1*{ 113 263} = 0 

1*{ 113 125} + 1*{ 255 267} + 1*{ 256 268} + 1*{ 110 122} + 1*{ 111 123} + 1*{ 109 121} + 1*{ 253 265} + 0.166667*{} + 1*{ 254 266} + 1*{ 257 269} + 1*{ 112 124} = 0 

-1*{ 123 255} + 1*{ 111 267} + 1*{ 110 266} + -1*{ 122 254} + -1*{ 124 256} + 1*{ 109 265} + -1*{ 121 253} + 1*{ 112 268} + 1*{ 113 269} + -1*{ 125 257} = 0 

-0.166667*{} + 1*{ 253 253} + 1*{ 109 109} = 0 

-0.166667*{} + 1*{ 254 254} + 1*{ 110 110} = 0 

-0.166667*{} + 1*{ 255 255} + 1*{ 111 111} = 0 

-0.833333*{} + 1*{ 109 109} + 1*{ 257 257} + 1*{ 253 253} + 1*{ 254 254} + 1*{ 110 110} + 1*{ 111 111} + 1*{ 255 255} + 1*{ 112 112} + 1*{ 256 256} + 1*{ 113 113} = 0 

0.333333*{ 110 111} + 0.166667*{ 256 256} + 0.333333*{ 255 256} + 0.333333*{ 254 256} + 0.166667*{ 112 112} + 0.333333*{ 110 112} + 0.136083*{ 111} + 0.333333*{ 110 113} + 0.333333*{ 109 113} + 0.333333*{ 253 255} + 0.333333*{ 109 112} + 0.333333*{ 111 112} + 0.166667*{ 111 111} + 0.333333*{ 109 111} + 0.333333*{ 254 255} + 0.136083*{ 110} + 0.166667*{ 113 113} + 0.333333*{ 254 257} + 0.333333*{ 109 110} + 0.333333*{ 111 113} + 0.166667*{ 257 257} + 0.166667*{ 110 110} + 0.333333*{ 253 256} + 0.333333*{ 255 257} + 0.166667*{ 255 255} + 0.136083*{ 112} + 0.333333*{ 112 113} + 0.166667*{ 254 254} + 0.333333*{ 256 257} + 0.166667*{ 109 109} + 0.136083*{ 109} + -0.138889*{} + 0.136083*{ 113} + 0.333333*{ 253 257} + 0.333333*{ 253 254} + 0.166667*{ 253 253} = 0 

1*{ 117 123} + 1*{ 261 267} + 1*{ 116 122} + 1*{ 118 124} + 0.166667*{} + 1*{ 259 265} + 1*{ 263 269} + 1*{ 115 121} + 1*{ 262 268} + 1*{ 260 266} + 1*{ 119 125} = 0 

-1*{ 123 261} + -1*{ 122 260} + 1*{ 118 268} + 1*{ 117 267} + 1*{ 116 266} + -1*{ 124 262} + -1*{ 121 259} + 1*{ 115 265} + 1*{ 119 269} + -1*{ 125 263} = 0 

-0.166667*{} + 1*{ 259 259} + 1*{ 115 115} = 0 

-0.166667*{} + 1*{ 260 260} + 1*{ 116 116} = 0 

-0.166667*{} + 1*{ 261 261} + 1*{ 117 117} = 0 

-0.833333*{} + 1*{ 115 115} + 1*{ 261 261} + 1*{ 118 118} + 1*{ 259 259} + 1*{ 262 262} + 1*{ 116 116} + 1*{ 119 119} + 1*{ 260 260} + 1*{ 263 263} + 1*{ 117 117} = 0 

0.333333*{ 261 263} + 0.166667*{ 117 117} + 0.166667*{ 260 260} + 0.333333*{ 116 118} + 0.333333*{ 260 262} + 0.333333*{ 259 261} + 0.136083*{ 118} + -0.138889*{} + 0.166667*{ 259 259} + 0.333333*{ 115 118} + 0.333333*{ 259 262} + 0.333333*{ 115 117} + 0.166667*{ 263 263} + 0.333333*{ 115 119} + 0.166667*{ 262 262} + 0.136083*{ 115} + 0.333333*{ 261 262} + 0.333333*{ 118 119} + 0.166667*{ 261 261} + 0.166667*{ 118 118} + 0.333333*{ 117 118} + 0.166667*{ 115 115} + 0.136083*{ 117} + 0.333333*{ 115 116} + 0.136083*{ 119} + 0.333333*{ 116 119} + 0.333333*{ 262 263} + 0.136083*{ 116} + 0.333333*{ 259 263} + 0.333333*{ 260 263} + 0.333333*{ 260 261} + 0.333333*{ 117 119} + 0.166667*{ 119 119} + 0.333333*{ 259 260} + 0.166667*{ 116 116} + 0.333333*{ 116 117} = 0 

-0.166667*{} + 1*{ 265 265} + 1*{ 121 121} = 0 

1*{ 266 266} + -0.166667*{} + 1*{ 122 122} = 0 

-0.166667*{} + 1*{ 267 267} + 1*{ 123 123} = 0 

-0.833333*{} + 1*{ 122 122} + 1*{ 121 121} + 1*{ 265 265} + 1*{ 266 266} + 1*{ 269 269} + 1*{ 123 123} + 1*{ 267 267} + 1*{ 268 268} + 1*{ 124 124} + 1*{ 125 125} = 0 

0.136083*{ 124} + 0.333333*{ 267 269} + 0.166667*{ 122 122} + 0.166667*{ 267 267} + 0.333333*{ 121 124} + 0.333333*{ 121 125} + 0.333333*{ 265 266} + 0.166667*{ 125 125} + 0.333333*{ 123 125} + 0.333333*{ 122 124} + 0.166667*{ 265 265} + 0.333333*{ 265 268} + 0.333333*{ 265 269} + 0.333333*{ 122 125} + 0.136083*{ 123} + 0.166667*{ 266 266} + 0.136083*{ 125} + 0.333333*{ 122 123} + 0.333333*{ 123 124} + 0.166667*{ 124 124} + 0.333333*{ 267 268} + 0.333333*{ 121 123} + 0.166667*{ 268 268} + 0.136083*{ 122} + 0.166667*{ 269 269} + 0.166667*{ 123 123} + 0.333333*{ 266 269} + 0.333333*{ 121 122} + 0.333333*{ 266 268} + 0.333333*{ 266 267} + 0.136083*{ 121} + 0.333333*{ 268 269} + 0.333333*{ 124 125} + -0.138889*{} + 0.333333*{ 265 267} + 0.166667*{ 121 121} = 0 

---------------------
Summary:
---------------------
set sizes: {4, 3, 3, 3}, vars: 122, vectors: 13, equations: 117, indep eqn: 117

---------------------
Optimization:
---------------------
1 5.746e+00 5.746e+00
2 8.288e+05 5.746e+00
3 3.302e+05 5.746e+00
4 1.195e+05 5.746e+00
5 4.305e+04 5.746e+00
6 1.550e+04 5.746e+00
7 5.577e+03 5.746e+00
8 2.003e+03 5.746e+00
9 7.178e+02 5.746e+00
10 2.563e+02 5.746e+00
11 9.110e+01 5.746e+00
12 3.221e+01 5.746e+00
13 1.135e+01 5.746e+00
14 3.992e+00 3.992e+00
15 1.630e+02 3.992e+00
16 6.045e+01 3.992e+00
17 2.132e+01 3.992e+00
18 7.482e+00 3.992e+00
19 9.503e+00 3.992e+00
20 3.336e+00 3.336e+00
21 1.174e+00 1.174e+00
22 4.281e-01 4.281e-01
23 2.043e-01 2.043e-01
24 8.578e-02 8.578e-02
25 3.260e-02 3.260e-02
26 1.549e-02 1.549e-02
27 1.692e-02 1.549e-02
28 1.038e-02 1.038e-02
29 1.308e-02 1.038e-02
30 2.144e-02 1.038e-02
31 7.246e-03 7.246e-03
32 2.776e-03 2.776e-03
33 1.497e-03 1.497e-03
34 8.780e-04 8.780e-04
35 2.702e-02 8.780e-04
36 8.441e-03 8.780e-04
37 2.681e-03 8.780e-04
38 9.046e-04 8.780e-04
39 3.611e-04 3.611e-04
40 2.053e-04 2.053e-04
41 1.116e-04 1.116e-04
42 4.024e-04 1.116e-04
43 1.325e-04 1.116e-04
44 5.193e-05 5.193e-05
45 3.382e-05 3.382e-05
46 4.105e-02 3.382e-05
47 1.270e-02 3.382e-05
48 3.909e-03 3.382e-05
49 1.202e-03 3.382e-05
50 3.723e-04 3.382e-05
51 1.181e-04 3.382e-05
52 4.001e-05 3.382e-05
53 1.543e-05 1.543e-05
54 6.650e-06 6.650e-06
55 2.742e-06 2.742e-06
56 1.120e-06 1.120e-06
57 4.898e-07 4.898e-07
58 2.884e-07 2.884e-07
59 1.998e-07 1.998e-07
60 2.238e-05 1.998e-07
61 6.798e-06 1.998e-07
62 2.076e-06 1.998e-07
63 6.452e-07 1.998e-07
64 2.121e-07 1.998e-07
65 8.314e-08 8.314e-08
66 5.821e-08 5.821e-08
67 1.965e-02 5.821e-08
68 6.065e-03 5.821e-08
69 1.867e-03 5.821e-08
70 5.735e-04 5.821e-08
71 1.757e-04 5.821e-08
72 5.381e-05 5.821e-08
73 1.652e-05 5.821e-08
74 5.131e-06 5.821e-08
75 1.647e-06 5.821e-08
76 5.699e-07 5.821e-08
77 2.313e-07 5.821e-08
78 1.599e-07 5.821e-08
79 1.470e-05 5.821e-08
80 4.460e-06 5.821e-08
81 1.358e-06 5.821e-08
82 4.233e-07 5.821e-08
83 1.386e-07 5.821e-08
84 5.517e-08 5.517e-08
85 6.571e-08 5.517e-08
86 6.847e-08 5.517e-08
87 1.322e-07 5.517e-08
88 1.925e-07 5.517e-08
89 2.307e-07 5.517e-08
90 1.120e-07 5.517e-08
91 1.045e-07 5.517e-08
92 9.879e-05 5.517e-08
93 3.155e-05 5.517e-08
94 1.098e-05 5.517e-08
95 4.354e-06 5.517e-08
96 1.847e-06 5.517e-08
97 7.907e-07 5.517e-08
98 2.346e-03 5.517e-08
99 7.261e-04 5.517e-08
100 2.274e-04 5.517e-08
101 7.278e-05 5.517e-08
102 2.404e-05 5.517e-08
103 8.491e-06 5.517e-08
104 1.217e-05 5.517e-08
105 6.391e-06 5.517e-08
106 8.391e-05 5.517e-08
107 3.588e-05 5.517e-08
108 1.583e-05 5.517e-08
109 8.776e-06 5.517e-08
110 3.219e-03 5.517e-08
111 1.016e-03 5.517e-08
112 3.374e-04 5.517e-08
113 1.252e-04 5.517e-08
114 5.049e-05 5.517e-08
115 1.799e-05 5.517e-08
116 6.759e-06 5.517e-08
117 2.766e-06 5.517e-08
118 1.419e-06 5.517e-08
119 1.257e-06 5.517e-08
120 5.690e-07 5.517e-08
121 3.612e-07 5.517e-08
122 2.180e-07 5.517e-08
123 2.266e-06 5.517e-08
124 7.017e-07 5.517e-08
125 2.291e-07 5.517e-08
126 9.043e-08 5.517e-08
127 8.235e-08 5.517e-08
128 8.889e-08 5.517e-08
129 3.979e-08 3.979e-08
130 3.541e-08 3.541e-08
131 3.219e-05 3.541e-08
132 9.760e-06 3.541e-08
133 2.966e-06 3.541e-08
134 9.084e-07 3.541e-08
135 2.845e-07 3.541e-08
136 9.556e-08 3.541e-08
137 4.080e-08 3.541e-08
138 3.469e-08 3.469e-08
139 3.865e-08 3.469e-08
140 1.671e-08 1.671e-08
141 1.726e-08 1.671e-08
142 8.307e-09 8.307e-09
143 5.759e-09 5.759e-09
144 3.475e-09 3.475e-09
145 2.122e-08 3.475e-09
146 6.756e-09 3.475e-09
147 2.425e-09 2.425e-09
148 1.355e-09 1.355e-09
149 1.172e-08 1.355e-09
150 3.658e-09 1.355e-09
151 1.229e-09 1.229e-09
152 5.435e-10 5.435e-10
153 3.912e-10 3.912e-10
154 2.123e-05 3.912e-10
155 6.456e-06 3.912e-10
156 1.980e-06 3.912e-10
157 6.210e-07 3.912e-10
158 2.054e-07 3.912e-10
159 7.441e-08 3.912e-10
160 2.902e-08 3.912e-10
161 1.164e-08 3.912e-10
162 4.721e-09 3.912e-10
163 1.945e-09 3.912e-10
164 8.269e-10 3.912e-10
165 6.339e-10 3.912e-10
166 2.446e-10 2.446e-10
167 1.396e-10 1.396e-10
168 1.940e-10 1.396e-10
169 1.653e-10 1.396e-10
170 8.356e-11 8.356e-11
171 2.813e-05 8.356e-11
172 8.579e-06 8.356e-11
173 2.649e-06 8.356e-11
174 8.445e-07 8.356e-11
175 2.896e-07 8.356e-11
176 1.113e-07 8.356e-11
177 4.502e-08 8.356e-11
178 1.833e-08 8.356e-11
179 7.443e-09 8.356e-11
180 3.029e-09 8.356e-11
181 1.233e-09 8.356e-11
182 5.051e-10 8.356e-11
183 2.083e-10 8.356e-11
184 8.732e-11 8.356e-11
185 3.768e-11 3.768e-11
186 1.722e-11 1.722e-11
187 8.811e-12 8.811e-12
188 5.811e-12 5.811e-12
189 4.139e-12 4.139e-12
190 4.818e-10 4.139e-12
191 1.460e-10 4.139e-12
192 4.450e-11 4.139e-12
193 1.375e-11 4.139e-12
194 5.300e-11 4.139e-12
195 1.639e-11 4.139e-12
196 5.567e-12 4.139e-12
197 2.289e-12 2.289e-12
198 3.855e-12 2.289e-12
199 3.272e-12 2.289e-12
200 5.232e-12 2.289e-12
201 1.884e-12 1.884e-12
202 1.106e-12 1.106e-12
203 2.056e-12 1.106e-12
204 7.687e-13 7.687e-13
205 5.748e-13 5.748e-13
206 3.436e-12 5.748e-13
207 1.094e-12 5.748e-13
208 3.635e-13 3.635e-13
209 2.395e-13 2.395e-13
210 2.622e-12 2.395e-13
211 7.800e-13 2.395e-13
212 1.514e-13 1.514e-13
213 2.522e-12 1.514e-13
214 3.330e-13 1.514e-13
215 8.742e-12 1.514e-13
216 2.500e-12 1.514e-13
217 2.701e-13 1.514e-13
218 1.255e-12 1.514e-13
219 3.606e-13 1.514e-13
220 3.730e-13 1.514e-13
221 2.084e-11 1.514e-13
222 6.305e-12 1.514e-13
223 1.907e-12 1.514e-13
224 5.607e-13 1.514e-13
225 1.715e-13 1.514e-13
226 1.034e-13 1.034e-13
227 8.818e-15 8.818e-15
1 (precision) 2.511e-14 8.818e-15 (from 8.818e-15)
2 (precision) 5.694e-14 8.818e-15 (from 8.818e-15)
3 (precision) 1.272e-12 8.818e-15 (from 8.818e-15)
4 (precision) 3.493e-13 8.818e-15 (from 8.818e-15)
5 (precision) 9.744e-14 8.818e-15 (from 8.818e-15)
6 (precision) 2.299e-14 8.818e-15 (from 8.818e-15)
7 (precision) 1.628e-14 8.818e-15 (from 8.818e-15)
8 (precision) 4.734e-09 8.818e-15 (from 8.818e-15)
9 (precision) 1.305e-09 8.818e-15 (from 8.818e-15)
10 (precision) 3.598e-10 8.818e-15 (from 8.818e-15)
11 (precision) 9.930e-11 8.818e-15 (from 8.818e-15)
12 (precision) 2.749e-11 8.818e-15 (from 8.818e-15)
13 (precision) 7.670e-12 8.818e-15 (from 8.818e-15)
14 (precision) 2.223e-12 8.818e-15 (from 8.818e-15)
15 (precision) 7.212e-13 8.818e-15 (from 8.818e-15)
16 (precision) 2.749e-13 8.818e-15 (from 8.818e-15)
17 (precision) 2.360e-13 8.818e-15 (from 8.818e-15)
18 (precision) 1.098e-13 8.818e-15 (from 8.818e-15)
19 (precision) 1.964e-13 8.818e-15 (from 8.818e-15)
20 (precision) 6.128e-14 8.818e-15 (from 8.818e-15)
21 (precision) 2.629e-14 8.818e-15 (from 8.818e-15)
22 (precision) 8.523e-13 8.818e-15 (from 8.818e-15)
23 (precision) 2.448e-13 8.818e-15 (from 8.818e-15)
24 (precision) 6.678e-14 8.818e-15 (from 8.818e-15)
25 (precision) 5.231e-15 5.231e-15 (from 8.818e-15)
26 (precision) 2.341e-15 2.341e-15 (from 8.818e-15)
27 (precision) 1.522e-14 2.341e-15 (from 8.818e-15)
28 (precision) 3.550e-16 3.550e-16 (from 8.818e-15)
29 (precision) 1.027e-14 3.550e-16 (from 8.818e-15)
30 (precision) 3.903e-14 3.550e-16 (from 8.818e-15)
31 (precision) 1.087e-14 3.550e-16 (from 8.818e-15)
32 (precision) 6.529e-15 3.550e-16 (from 8.818e-15)
33 (precision) 1.463e-14 3.550e-16 (from 8.818e-15)
34 (precision) 1.187e-14 3.550e-16 (from 8.818e-15)
35 (precision) 2.638e-14 3.550e-16 (from 8.818e-15)
36 (precision) 4.885e-14 3.550e-16 (from 8.818e-15)
37 (precision) 2.566e-14 3.550e-16 (from 8.818e-15)
38 (precision) 2.920e-15 3.550e-16 (from 8.818e-15)
39 (precision) 1.768e-14 3.550e-16 (from 8.818e-15)
40 (precision) 1.306e-14 3.550e-16 (from 8.818e-15)
41 (precision) 8.822e-15 3.550e-16 (from 8.818e-15)
42 (precision) 1.925e-14 3.550e-16 (from 8.818e-15)
43 (precision) 3.977e-15 3.550e-16 (from 8.818e-15)
44 (precision) 1.377e-14 3.550e-16 (from 8.818e-15)
45 (precision) 2.617e-15 3.550e-16 (from 8.818e-15)
46 (precision) 7.205e-15 3.550e-16 (from 8.818e-15)
47 (precision) 9.089e-15 3.550e-16 (from 8.818e-15)
48 (precision) 1.657e-14 3.550e-16 (from 8.818e-15)
49 (precision) 3.737e-15 3.550e-16 (from 8.818e-15)
50 (precision) 4.668e-15 3.550e-16 (from 8.818e-15)
51 (precision) 3.286e-14 3.550e-16 (from 8.818e-15)
52 (precision) 3.693e-14 3.550e-16 (from 8.818e-15)
53 (precision) 1.326e-14 3.550e-16 (from 8.818e-15)
54 (precision) 3.226e-15 3.550e-16 (from 8.818e-15)
55 (precision) 6.508e-15 3.550e-16 (from 8.818e-15)
56 (precision) 2.271e-14 3.550e-16 (from 8.818e-15)
57 (precision) 4.107e-14 3.550e-16 (from 8.818e-15)
58 (precision) 2.929e-14 3.550e-16 (from 8.818e-15)
59 (precision) 7.108e-15 3.550e-16 (from 8.818e-15)
60 (precision) 2.510e-14 3.550e-16 (from 8.818e-15)
61 (precision) 4.760e-15 3.550e-16 (from 8.818e-15)
62 (precision) 8.989e-15 3.550e-16 (from 8.818e-15)
63 (precision) 1.772e-14 3.550e-16 (from 8.818e-15)
64 (precision) 4.314e-15 3.550e-16 (from 8.818e-15)
65 (precision) 8.148e-15 3.550e-16 (from 8.818e-15)
66 (precision) 1.294e-14 3.550e-16 (from 8.818e-15)
67 (precision) 4.777e-09 3.550e-16 (from 8.818e-15)
68 (precision) 1.318e-09 3.550e-16 (from 8.818e-15)
69 (precision) 3.639e-10 3.550e-16 (from 8.818e-15)
70 (precision) 1.010e-10 3.550e-16 (from 8.818e-15)
71 (precision) 2.847e-11 3.550e-16 (from 8.818e-15)
72 (precision) 8.377e-12 3.550e-16 (from 8.818e-15)
73 (precision) 2.836e-12 3.550e-16 (from 8.818e-15)
74 (precision) 1.268e-12 3.550e-16 (from 8.818e-15)
75 (precision) 2.518e-12 3.550e-16 (from 8.818e-15)
76 (precision) 8.405e-13 3.550e-16 (from 8.818e-15)
77 (precision) 4.572e-13 3.550e-16 (from 8.818e-15)
78 (precision) 6.636e-11 3.550e-16 (from 8.818e-15)
79 (precision) 1.832e-11 3.550e-16 (from 8.818e-15)
80 (precision) 5.049e-12 3.550e-16 (from 8.818e-15)
81 (precision) 1.422e-12 3.550e-16 (from 8.818e-15)
82 (precision) 4.316e-13 3.550e-16 (from 8.818e-15)
83 (precision) 1.680e-13 3.550e-16 (from 8.818e-15)
84 (precision) 2.000e-13 3.550e-16 (from 8.818e-15)
85 (precision) 1.218e-13 3.550e-16 (from 8.818e-15)
86 (precision) 2.174e-13 3.550e-16 (from 8.818e-15)
87 (precision) 6.910e-14 3.550e-16 (from 8.818e-15)
88 (precision) 6.772e-14 3.550e-16 (from 8.818e-15)
89 (precision) 4.431e-14 3.550e-16 (from 8.818e-15)
90 (precision) 2.872e-11 3.550e-16 (from 8.818e-15)
91 (precision) 7.938e-12 3.550e-16 (from 8.818e-15)
92 (precision) 2.188e-12 3.550e-16 (from 8.818e-15)
93 (precision) 6.071e-13 3.550e-16 (from 8.818e-15)
94 (precision) 1.930e-13 3.550e-16 (from 8.818e-15)
95 (precision) 7.264e-14 3.550e-16 (from 8.818e-15)
96 (precision) 4.366e-14 3.550e-16 (from 8.818e-15)
97 (precision) 3.805e-14 3.550e-16 (from 8.818e-15)
98 (precision) 9.250e-15 3.550e-16 (from 8.818e-15)
99 (precision) 2.158e-14 3.550e-16 (from 8.818e-15)
100 (precision) 1.923e-14 3.550e-16 (from 8.818e-15)

x: -2.025e-01 -3.569e-01 -2.232e-01  2.031e-01  1.713e-01  3.808e-01 -3.625e-01 -2.965e-01 -3.239e-01  1.938e-01  1.161e-01 -3.990e-01 -8.812e-02 -2.182e-01  1.844e-02 -3.338e-01  2.055e-01  4.082e-01 -2.731e-03  3.093e-01  2.414e-03  3.201e-01  3.954e-01 -2.456e-01  1.185e-01  2.125e-01 -3.488e-01 -2.775e-02 -5.875e-03  3.767e-01  1.269e-01 -4.141e-03  4.079e-01  1.272e-01 -4.047e-01 -4.003e-01  1.312e-01 -2.166e-01 -2.257e-01 -5.054e-01 -3.545e-01  1.981e-01 -3.418e-01  5.124e-01 -1.346e-02  1.472e-01  1.878e-01  2.806e-01 -2.851e-01 -3.310e-01 -3.914e-01  8.652e-02 -3.986e-01 -4.918e-01  2.086e-01 -2.351e-01 -3.528e-01  2.593e-03  3.141e-01  3.728e-01  4.082e-01  2.534e-01  1.016e-01 -3.826e-01 -3.355e-01 -3.486e-01  2.121e-01  4.073e-01  8.933e-02  4.283e-01 -3.880e-01 -4.082e-01  1.722e-02  2.910e-01 -2.621e-01  8.001e-02  3.866e-01  3.460e-01 -1.422e-01 -8.200e-02  3.014e-01  2.753e-01  2.907e-01  2.866e-01 -3.867e-01 -1.309e-01  3.840e-01  1.385e-01  2.114e-01  3.493e-01 -2.501e-02 -4.075e-01  3.739e-01  1.640e-01 -4.082e-01  5.658e-03  3.932e-01 -1.099e-01  3.928e-01 -1.113e-01 -1.493e-01 -3.800e-01  2.552e-01 -3.187e-01  3.790e-01 -1.517e-01  2.380e-02  4.076e-01  4.389e-02 -4.059e-01  3.252e-01  2.469e-01  3.934e-01  1.090e-01 -1.464e-01  3.811e-01 -1.344e-01  3.855e-01 -3.579e-02 -4.067e-01  3.653e-01  1.822e-01  3.498e-12

grad: -1.312e-20 -5.897e-21  5.348e-21  7.008e-21  2.551e-21  3.509e-21 -5.764e-21 -5.084e-21 -3.440e-21  1.771e-22  2.413e-21 -4.682e-21 -2.629e-21 -6.458e-23  2.407e-21 -1.139e-20  1.060e-21  5.548e-21  6.958e-21  3.475e-21  2.088e-21  1.017e-20  1.288e-20 -5.038e-21 -6.973e-22  5.361e-21 -2.967e-22  2.786e-21 -2.507e-21 -5.890e-22  2.391e-21 -2.368e-21  6.004e-21 -1.460e-21 -1.795e-21 -6.013e-21  1.805e-21 -4.779e-21 -5.435e-21 -6.290e-21 -2.283e-20  3.163e-21 -1.041e-20  2.043e-20  4.591e-21  2.055e-21  2.994e-21  4.925e-21 -6.084e-21 -4.119e-21 -4.620e-21 -1.379e-21 -7.574e-21 -4.681e-21 -1.115e-21 -9.353e-21 -4.704e-21 -4.962e-21  9.037e-21  5.060e-21  7.175e-21  7.306e-21  2.859e-21 -2.900e-21 -3.284e-21 -5.809e-21 -2.242e-21  1.138e-21  3.988e-21  2.161e-21 -1.383e-20 -3.838e-21  3.590e-22  8.355e-21  1.091e-21  2.060e-21  7.569e-21  9.381e-21 -1.576e-22 -2.176e-21  3.652e-21  3.672e-21 -7.525e-21  3.775e-21 -1.660e-20 -6.752e-21  4.314e-22 -2.542e-21 -4.069e-21 -4.365e-21  6.682e-22 -6.759e-21  1.518e-22 -1.291e-21  2.163e-21 -7.337e-22  2.700e-21  4.275e-21  1.800e-21  2.318e-22 -8.146e-22 -6.843e-22 -1.877e-21  2.492e-21 -3.808e-22 -8.921e-22 -9.112e-23  2.433e-21  3.049e-21  2.869e-21  1.904e-22 -2.678e-21 -2.621e-21 -3.630e-21  9.248e-22 -2.927e-22 -4.383e-22  5.017e-21  2.183e-21 -3.018e-21  4.963e-22 -2.713e-21  1.923e-14

finished in 227 iterations (0.386 seconds total)
max viol = 9.26e-08

---------------------
Result:
---------------------

{(1,0), (0,0), (0,0), (0,0), (0,0), (0,0)}, {(0,0), (1,0), (0,0), (0,0), (0,0), (0,0)}, {(0,0), (0,0), (1,0), (0,0), (0,0), (0,0)}, {(0,0), (0,0), (0,0), (1,0), (0,0), (0,0)}, {}, {}


{(0.408,0), (0.408,0), (0.408,0), (0.408,0), (0.408,0), (0.408,0)}, {(0.408,0), (-0.202,-0.355), (-0.357,0.198), (-0.223,-0.342), (0.203,0.512), (0.171,-0.0135)}, {(0.408,0), (0.381,0.147), (-0.362,0.188), (-0.297,0.281), (-0.324,-0.285), (0.194,-0.331)}, {}, {}, {}


{(0.408,0), (0.116,-0.391), (-0.399,0.0865), (-0.0881,-0.399), (-0.218,-0.492), (0.0184,0.209)}, {(0.408,0), (-0.334,-0.235), (0.206,-0.353), (0.408,0.00259), (-0.00273,0.314), (0.309,0.373)}, {(0.408,0), (0.00241,0.408), (0.32,0.253), (0.395,0.102), (-0.246,-0.383), (0.118,-0.336)}, {}, {}, {}


{(0.408,0), (0.213,-0.349), (-0.349,0.212), (-0.0277,0.407), (-0.00587,0.0893), (0.377,0.428)}, {(0.408,0), (0.127,-0.388), (-0.00414,-0.408), (0.408,0.0172), (0.127,0.291), (-0.405,-0.262)}, {(0.408,0), (-0.4,0.08), (0.131,0.387), (-0.217,0.346), (-0.226,-0.142), (-0.505,-0.082)}, {}, {}, {}

---------------------
Abs of Gram matrix:
---------------------

 { { +1.0000, +0.0000, +0.0000, +0.0000, +0.0000, +0.0000, +0.4082, +0.4082, +0.4082, +0.0000, +0.0000, +0.0000, +0.4082, +0.4082, +0.4082, +0.0000, +0.0000, +0.0000, +0.4082, +0.4082, +0.4082, +0.0000, +0.0000, +0.0000}, 
   { +0.0000, +1.0000, +0.0000, +0.0000, +0.0000, +0.0000, +0.4082, +0.4082, +0.4082, +0.0000, +0.0000, +0.0000, +0.4082, +0.4082, +0.4082, +0.0000, +0.0000, +0.0000, +0.4082, +0.4082, +0.4082, +0.0000, +0.0000, +0.0000}, 
   { +0.0000, +0.0000, +1.0000, +0.0000, +0.0000, +0.0000, +0.4082, +0.4082, +0.4082, +0.0000, +0.0000, +0.0000, +0.4082, +0.4082, +0.4082, +0.0000, +0.0000, +0.0000, +0.4082, +0.4082, +0.4082, +0.0000, +0.0000, +0.0000}, 
   { +0.0000, +0.0000, +0.0000, +1.0000, +0.0000, +0.0000, +0.4082, +0.4082, +0.4082, +0.0000, +0.0000, +0.0000, +0.4082, +0.4082, +0.4082, +0.0000, +0.0000, +0.0000, +0.4082, +0.4082, +0.4082, +0.0000, +0.0000, +0.0000}, 
   { +0.0000, +0.0000, +0.0000, +0.0000, +0.0000, +0.0000, +0.0000, +0.0000, +0.0000, +0.0000, +0.0000, +0.0000, +0.0000, +0.0000, +0.0000, +0.0000, +0.0000, +0.0000, +0.0000, +0.0000, +0.0000, +0.0000, +0.0000, +0.0000}, 
   { +0.0000, +0.0000, +0.0000, +0.0000, +0.0000, +0.0000, +0.0000, +0.0000, +0.0000, +0.0000, +0.0000, +0.0000, +0.0000, +0.0000, +0.0000, +0.0000, +0.0000, +0.0000, +0.0000, +0.0000, +0.0000, +0.0000, +0.0000, +0.0000}, 
   { +0.4082, +0.4082, +0.4082, +0.4082, +0.0000, +0.0000, +1.0000, +0.0003, +0.0002, +0.0000, +0.0000, +0.0000, +0.4082, +0.4082, +0.4082, +0.0000, +0.0000, +0.0000, +0.4082, +0.4082, +0.4082, +0.0000, +0.0000, +0.0000}, 
   { +0.4082, +0.4082, +0.4082, +0.4082, +0.0000, +0.0000, +0.0003, +1.0000, +0.0000, +0.0000, +0.0000, +0.0000, +0.4082, +0.4082, +0.4082, +0.0000, +0.0000, +0.0000, +0.4082, +0.4082, +0.4082, +0.0000, +0.0000, +0.0000}, 
   { +0.4082, +0.4082, +0.4082, +0.4082, +0.0000, +0.0000, +0.0002, +0.0000, +1.0000, +0.0000, +0.0000, +0.0000, +0.4082, +0.4082, +0.4082, +0.0000, +0.0000, +0.0000, +0.4082, +0.4082, +0.4082, +0.0000, +0.0000, +0.0000}, 
   { +0.0000, +0.0000, +0.0000, +0.0000, +0.0000, +0.0000, +0.0000, +0.0000, +0.0000, +0.0000, +0.0000, +0.0000, +0.0000, +0.0000, +0.0000, +0.0000, +0.0000, +0.0000, +0.0000, +0.0000, +0.0000, +0.0000, +0.0000, +0.0000}, 
   { +0.0000, +0.0000, +0.0000, +0.0000, +0.0000, +0.0000, +0.0000, +0.0000, +0.0000, +0.0000, +0.0000, +0.0000, +0.0000, +0.0000, +0.0000, +0.0000, +0.0000, +0.0000, +0.0000, +0.0000, +0.0000, +0.0000, +0.0000, +0.0000}, 
   { +0.0000, +0.0000, +0.0000, +0.0000, +0.0000, +0.0000, +0.0000, +0.0000, +0.0000, +0.0000, +0.0000, +0.0000, +0.0000, +0.0000, +0.0000, +0.0000, +0.0000, +0.0000, +0.0000, +0.0000, +0.0000, +0.0000, +0.0000, +0.0000}, 
   { +0.4082, +0.4082, +0.4082, +0.4082, +0.0000, +0.0000, +0.4082, +0.4082, +0.4082, +0.0000, +0.0000, +0.0000, +1.0000, +0.0000, +0.0000, +0.0000, +0.0000, +0.0000, +0.4082, +0.4082, +0.4082, +0.0000, +0.0000, +0.0000}, 
   { +0.4082, +0.4082, +0.4082, +0.4082, +0.0000, +0.0000, +0.4082, +0.4082, +0.4082, +0.0000, +0.0000, +0.0000, +0.0000, +1.0000, +0.0000, +0.0000, +0.0000, +0.0000, +0.4082, +0.4082, +0.4082, +0.0000, +0.0000, +0.0000}, 
   { +0.4082, +0.4082, +0.4082, +0.4082, +0.0000, +0.0000, +0.4082, +0.4082, +0.4082, +0.0000, +0.0000, +0.0000, +0.0000, +0.0000, +1.0000, +0.0000, +0.0000, +0.0000, +0.4082, +0.4082, +0.4082, +0.0000, +0.0000, +0.0000}, 
   { +0.0000, +0.0000, +0.0000, +0.0000, +0.0000, +0.0000, +0.0000, +0.0000, +0.0000, +0.0000, +0.0000, +0.0000, +0.0000, +0.0000, +0.0000, +0.0000, +0.0000, +0.0000, +0.0000, +0.0000, +0.0000, +0.0000, +0.0000, +0.0000}, 
   { +0.0000, +0.0000, +0.0000, +0.0000, +0.0000, +0.0000, +0.0000, +0.0000, +0.0000, +0.0000, +0.0000, +0.0000, +0.0000, +0.0000, +0.0000, +0.0000, +0.0000, +0.0000, +0.0000, +0.0000, +0.0000, +0.0000, +0.0000, +0.0000}, 
   { +0.0000, +0.0000, +0.0000, +0.0000, +0.0000, +0.0000, +0.0000, +0.0000, +0.0000, +0.0000, +0.0000, +0.0000, +0.0000, +0.0000, +0.0000, +0.0000, +0.0000, +0.0000, +0.0000, +0.0000, +0.0000, +0.0000, +0.0000, +0.0000}, 
   { +0.4082, +0.4082, +0.4082, +0.4082, +0.0000, +0.0000, +0.4082, +0.4082, +0.4082, +0.0000, +0.0000, +0.0000, +0.4082, +0.4082, +0.4082, +0.0000, +0.0000, +0.0000, +1.0000, +0.0000, +0.0000, +0.0000, +0.0000, +0.0000}, 
   { +0.4082, +0.4082, +0.4082, +0.4082, +0.0000, +0.0000, +0.4082, +0.4082, +0.4082, +0.0000, +0.0000, +0.0000, +0.4082, +0.4082, +0.4082, +0.0000, +0.0000, +0.0000, +0.0000, +1.0000, +0.0000, +0.0000, +0.0000, +0.0000}, 
   { +0.4082, +0.4082, +0.4082, +0.4082, +0.0000, +0.0000, +0.4082, +0.4082, +0.4082, +0.0000, +0.0000, +0.0000, +0.4082, +0.4082, +0.4082, +0.0000, +0.0000, +0.0000, +0.0000, +0.0000, +1.0000, +0.0000, +0.0000, +0.0000}, 
   { +0.0000, +0.0000, +0.0000, +0.0000, +0.0000, +0.0000, +0.0000, +0.0000, +0.0000, +0.0000, +0.0000, +0.0000, +0.0000, +0.0000, +0.0000, +0.0000, +0.0000, +0.0000, +0.0000, +0.0000, +0.0000, +0.0000, +0.0000, +0.0000}, 
   { +0.0000, +0.0000, +0.0000, +0.0000, +0.0000, +0.0000, +0.0000, +0.0000, +0.0000, +0.0000, +0.0000, +0.0000, +0.0000, +0.0000, +0.0000, +0.0000, +0.0000, +0.0000, +0.0000, +0.0000, +0.0000, +0.0000, +0.0000, +0.0000}, 
   { +0.0000, +0.0000, +0.0000, +0.0000, +0.0000, +0.0000, +0.0000, +0.0000, +0.0000, +0.0000, +0.0000, +0.0000, +0.0000, +0.0000, +0.0000, +0.0000, +0.0000, +0.0000, +0.0000, +0.0000, +0.0000, +0.0000, +0.0000, +0.0000} } 
