---------------------
Basis Indices:
---------------------

{1, 0, 0, 0, 0, 0}, {1, 0, 0, 0, 0, 0}, {1, 0, 0, 0, 0, 0}, {1, 0, 0, 0, 0, 0}, {}, {}


{0.408, 0.408, 0.408, 0.408, 0.408, 0.408}, {}, {}, {}, {}, {}


{0.408, x_73+i*x_217, x_74+i*x_218, x_75+i*x_219, x_76+i*x_220, x_77+i*x_221}, {}, {}, {}, {}, {}


{0.408, x_109+i*x_253, x_110+i*x_254, x_111+i*x_255, x_112+i*x_256, x_113+i*x_257}, {}, {}, {}, {}, {}

---------------------
Problem: 
---------------------
Find a point satisfying:

-0.166667*{} + 1*{ 289 289} + 1*{ 288 288} = 0 

1*{  74 110} + 0.166667*{} + 1*{ 220 256} + 1*{  75 111} + 1*{  77 113} + 1*{ 218 254} + 1*{ 217 253} + -1*{ 288} + 1*{ 219 255} + 1*{  73 109} + 1*{  76 112} + 1*{ 221 257} = 0 

-1*{ 111 219} + -1*{ 110 218} + 1*{  74 254} + 1*{  75 255} + 1*{  73 253} + 1*{  76 256} + -1*{ 109 217} + -1*{ 112 220} + -1*{ 289} + 1*{  77 257} + -1*{ 113 221} = 0 

-0.166667*{} + 1*{ 217 217} + 1*{  73  73} = 0 

-0.166667*{} + 1*{ 218 218} + 1*{  74  74} = 0 

-0.166667*{} + 1*{ 219 219} + 1*{  75  75} = 0 

-0.833333*{} + 1*{ 219 219} + 1*{  73  73} + 1*{  75  75} + 1*{  77  77} + 1*{ 217 217} + 1*{  74  74} + 1*{ 218 218} + 1*{ 221 221} + 1*{  76  76} + 1*{ 220 220} = 0 

0.333333*{ 219 220} + 0.166667*{  75  75} + 0.333333*{  74  77} + 0.333333*{  75  76} + 0.333333*{ 218 219} + 0.333333*{ 218 221} + 0.333333*{ 218 220} + 0.333333*{ 220 221} + 0.166667*{ 221 221} + 0.136083*{  77} + 0.333333*{ 219 221} + 0.136083*{  75} + 0.333333*{  73  74} + 0.166667*{ 219 219} + 0.333333*{  73  77} + 0.333333*{ 217 218} + 0.166667*{ 218 218} + 0.166667*{  76  76} + 0.333333*{  73  76} + 0.333333*{ 217 221} + 0.333333*{ 217 219} + 0.333333*{  74  75} + 0.333333*{  73  75} + 0.166667*{  74  74} + 0.333333*{ 217 220} + 0.166667*{  73  73} + 0.166667*{ 220 220} + 0.333333*{  75  77} + 0.136083*{  73} + 0.166667*{ 217 217} + 0.136083*{  74} + -0.138889*{} + 0.333333*{  74  76} + 0.333333*{  76  77} + 0.166667*{  77  77} + 0.136083*{  76} = 0 

-0.166667*{} + 1*{ 253 253} + 1*{ 109 109} = 0 

-0.166667*{} + 1*{ 254 254} + 1*{ 110 110} = 0 

-0.166667*{} + 1*{ 255 255} + 1*{ 111 111} = 0 

-0.833333*{} + 1*{ 109 109} + 1*{ 257 257} + 1*{ 253 253} + 1*{ 254 254} + 1*{ 110 110} + 1*{ 111 111} + 1*{ 255 255} + 1*{ 112 112} + 1*{ 256 256} + 1*{ 113 113} = 0 

0.333333*{ 110 111} + 0.166667*{ 256 256} + 0.333333*{ 255 256} + 0.333333*{ 254 256} + 0.166667*{ 112 112} + 0.333333*{ 110 112} + 0.136083*{ 111} + 0.333333*{ 110 113} + 0.333333*{ 109 113} + 0.333333*{ 253 255} + 0.333333*{ 109 112} + 0.333333*{ 111 112} + 0.166667*{ 111 111} + 0.333333*{ 109 111} + 0.333333*{ 254 255} + 0.136083*{ 110} + 0.166667*{ 113 113} + 0.333333*{ 254 257} + 0.333333*{ 109 110} + 0.333333*{ 111 113} + 0.166667*{ 257 257} + 0.166667*{ 110 110} + 0.333333*{ 253 256} + 0.333333*{ 255 257} + 0.166667*{ 255 255} + 0.136083*{ 112} + 0.333333*{ 112 113} + 0.166667*{ 254 254} + 0.333333*{ 256 257} + 0.166667*{ 109 109} + 0.136083*{ 109} + -0.138889*{} + 0.136083*{ 113} + 0.333333*{ 253 257} + 0.333333*{ 253 254} + 0.166667*{ 253 253} = 0 

---------------------
Summary:
---------------------
set sizes: {4, 1, 1, 1}, vars: 22, vectors: 7, equations: 13, indep eqn: 13

---------------------
Optimization:
---------------------
1 1.042e+00 1.042e+00
2 4.090e+01 1.042e+00
3 1.438e+01 1.042e+00
4 5.022e+00 1.042e+00
5 1.743e+00 1.042e+00
6 6.031e-01 6.031e-01
7 2.106e-01 2.106e-01
8 7.811e-02 7.811e-02
9 2.797e-02 2.797e-02
10 1.007e-02 1.007e-02
11 3.794e-03 3.794e-03
12 1.877e-03 1.877e-03
13 5.804e-04 5.804e-04
14 1.787e-04 1.787e-04
15 5.471e-05 5.471e-05
16 1.667e-05 1.667e-05
17 5.066e-06 5.066e-06
18 1.536e-06 1.536e-06
19 4.654e-07 4.654e-07
20 1.409e-07 1.409e-07
21 4.263e-08 4.263e-08
22 1.290e-08 1.290e-08
23 3.903e-09 3.903e-09
24 1.181e-09 1.181e-09
25 3.572e-10 3.572e-10
26 1.080e-10 1.080e-10
27 3.268e-11 3.268e-11
28 9.887e-12 9.887e-12
29 2.992e-12 2.992e-12
30 9.047e-13 9.047e-13
31 2.741e-13 2.741e-13
32 8.289e-14 8.289e-14
1 (precision) 2.524e-14 2.524e-14 (from 8.289e-14)
2 (precision) 6.446e-15 6.446e-15 (from 8.289e-14)
3 (precision) 1.634e-15 1.634e-15 (from 8.289e-14)
4 (precision) 4.280e-16 4.280e-16 (from 8.289e-14)
5 (precision) 1.566e-15 4.280e-16 (from 8.289e-14)
6 (precision) 9.805e-16 4.280e-16 (from 8.289e-14)
7 (precision) 8.344e-14 4.280e-16 (from 8.289e-14)
8 (precision) 2.225e-14 4.280e-16 (from 8.289e-14)
9 (precision) 6.311e-15 4.280e-16 (from 8.289e-14)
10 (precision) 2.298e-15 4.280e-16 (from 8.289e-14)
11 (precision) 2.189e-15 4.280e-16 (from 8.289e-14)
12 (precision) 3.382e-11 4.280e-16 (from 8.289e-14)
13 (precision) 9.322e-12 4.280e-16 (from 8.289e-14)
14 (precision) 2.569e-12 4.280e-16 (from 8.289e-14)
15 (precision) 7.082e-13 4.280e-16 (from 8.289e-14)
16 (precision) 1.952e-13 4.280e-16 (from 8.289e-14)
17 (precision) 5.380e-14 4.280e-16 (from 8.289e-14)
18 (precision) 1.480e-14 4.280e-16 (from 8.289e-14)
19 (precision) 8.510e-15 4.280e-16 (from 8.289e-14)
20 (precision) 3.122e-14 4.280e-16 (from 8.289e-14)
21 (precision) 2.075e-12 4.280e-16 (from 8.289e-14)
22 (precision) 5.717e-13 4.280e-16 (from 8.289e-14)
23 (precision) 1.541e-13 4.280e-16 (from 8.289e-14)
24 (precision) 3.779e-14 4.280e-16 (from 8.289e-14)
25 (precision) 1.047e-14 4.280e-16 (from 8.289e-14)
26 (precision) 9.728e-14 4.280e-16 (from 8.289e-14)
27 (precision) 2.540e-14 4.280e-16 (from 8.289e-14)
28 (precision) 2.037e-13 4.280e-16 (from 8.289e-14)
29 (precision) 4.750e-14 4.280e-16 (from 8.289e-14)
30 (precision) 2.135e-13 4.280e-16 (from 8.289e-14)
31 (precision) 4.001e-14 4.280e-16 (from 8.289e-14)
32 (precision) 1.004e-11 4.280e-16 (from 8.289e-14)
33 (precision) 2.280e-12 4.280e-16 (from 8.289e-14)
34 (precision) 5.902e-14 4.280e-16 (from 8.289e-14)
35 (precision) 3.599e-15 4.280e-16 (from 8.289e-14)
36 (precision) 1.459e-11 4.280e-16 (from 8.289e-14)
37 (precision) 3.992e-12 4.280e-16 (from 8.289e-14)
38 (precision) 9.345e-13 4.280e-16 (from 8.289e-14)
39 (precision) 1.465e-13 4.280e-16 (from 8.289e-14)
40 (precision) 3.727e-11 4.280e-16 (from 8.289e-14)
41 (precision) 1.014e-11 4.280e-16 (from 8.289e-14)
42 (precision) 2.793e-12 4.280e-16 (from 8.289e-14)
43 (precision) 2.917e-12 4.280e-16 (from 8.289e-14)
44 (precision) 2.036e-12 4.280e-16 (from 8.289e-14)
45 (precision) 2.181e-11 4.280e-16 (from 8.289e-14)
46 (precision) 3.933e-12 4.280e-16 (from 8.289e-14)
47 (precision) 1.674e-10 4.280e-16 (from 8.289e-14)
48 (precision) 4.513e-11 4.280e-16 (from 8.289e-14)
49 (precision) 9.370e-11 4.280e-16 (from 8.289e-14)
50 (precision) 2.562e-11 4.280e-16 (from 8.289e-14)
51 (precision) 2.723e-11 4.280e-16 (from 8.289e-14)
52 (precision) 1.885e-11 4.280e-16 (from 8.289e-14)
53 (precision) 3.302e-12 4.280e-16 (from 8.289e-14)
54 (precision) 2.195e-11 4.280e-16 (from 8.289e-14)
55 (precision) 3.791e-12 4.280e-16 (from 8.289e-14)
56 (precision) 1.105e-09 4.280e-16 (from 8.289e-14)
57 (precision) 3.046e-10 4.280e-16 (from 8.289e-14)
58 (precision) 6.516e-11 4.280e-16 (from 8.289e-14)
59 (precision) 1.784e-11 4.280e-16 (from 8.289e-14)
60 (precision) 4.459e-09 4.280e-16 (from 8.289e-14)
61 (precision) 1.226e-09 4.280e-16 (from 8.289e-14)
62 (precision) 3.335e-10 4.280e-16 (from 8.289e-14)
63 (precision) 7.618e-11 4.280e-16 (from 8.289e-14)
64 (precision) 2.114e-10 4.280e-16 (from 8.289e-14)
65 (precision) 1.192e-10 4.280e-16 (from 8.289e-14)
66 (precision) 8.174e-10 4.280e-16 (from 8.289e-14)
67 (precision) 8.819e-10 4.280e-16 (from 8.289e-14)
68 (precision) 1.015e-10 4.280e-16 (from 8.289e-14)
69 (precision) 7.332e-08 4.280e-16 (from 8.289e-14)
70 (precision) 2.021e-08 4.280e-16 (from 8.289e-14)
71 (precision) 3.983e-09 4.280e-16 (from 8.289e-14)
72 (precision) 8.300e-10 4.280e-16 (from 8.289e-14)
73 (precision) 2.194e-10 4.280e-16 (from 8.289e-14)
74 (precision) 7.726e-10 4.280e-16 (from 8.289e-14)
75 (precision) 1.858e-10 4.280e-16 (from 8.289e-14)
76 (precision) 1.392e-11 4.280e-16 (from 8.289e-14)
77 (precision) 2.119e-06 4.280e-16 (from 8.289e-14)
78 (precision) 5.842e-07 4.280e-16 (from 8.289e-14)
79 (precision) 1.610e-07 4.280e-16 (from 8.289e-14)
80 (precision) 4.437e-08 4.280e-16 (from 8.289e-14)
81 (precision) 1.220e-08 4.280e-16 (from 8.289e-14)
82 (precision) 1.765e-09 4.280e-16 (from 8.289e-14)
83 (precision) 8.824e-11 4.280e-16 (from 8.289e-14)
84 (precision) 3.709e-12 4.280e-16 (from 8.289e-14)
85 (precision) 5.010e-10 4.280e-16 (from 8.289e-14)
86 (precision) 2.506e-11 4.280e-16 (from 8.289e-14)
87 (precision) 1.841e-11 4.280e-16 (from 8.289e-14)
88 (precision) 2.131e-10 4.280e-16 (from 8.289e-14)
89 (precision) 1.739e-11 4.280e-16 (from 8.289e-14)
90 (precision) 2.112e-11 4.280e-16 (from 8.289e-14)
91 (precision) 9.634e-12 4.280e-16 (from 8.289e-14)
92 (precision) 2.453e-11 4.280e-16 (from 8.289e-14)
93 (precision) 1.509e-11 4.280e-16 (from 8.289e-14)
94 (precision) 6.903e-11 4.280e-16 (from 8.289e-14)
95 (precision) 2.782e-11 4.280e-16 (from 8.289e-14)
96 (precision) 6.678e-11 4.280e-16 (from 8.289e-14)
97 (precision) 2.889e-11 4.280e-16 (from 8.289e-14)
98 (precision) 5.131e-11 4.280e-16 (from 8.289e-14)
99 (precision) 9.299e-11 4.280e-16 (from 8.289e-14)
100 (precision) 2.342e-10 4.280e-16 (from 8.289e-14)

x: -2.655e-01 -1.931e-01  3.798e-01 -2.799e-01  8.901e-02  3.115e-01 -4.076e-01  3.198e-01  4.347e-02  3.170e-01  3.101e-01  3.597e-01 -1.498e-01 -2.606e-02  4.964e-01 -2.639e-01  2.363e-02  2.537e-01 -4.011e-01  2.648e-01  3.307e-01  2.394e-01  1.208e-09

grad: -6.494e-11 -5.167e-11  9.398e-11 -6.829e-11  2.234e-11  2.244e-12 -1.588e-12  1.633e-12  4.848e-13  1.682e-12  8.059e-11  1.012e-10 -3.295e-11 -2.308e-12  1.262e-10 -1.665e-12  2.042e-14  1.173e-12 -1.726e-12  9.768e-13  1.126e-11  8.140e-12 -3.114e-16

finished in 32 iterations (0.02 seconds total)
max viol = 1.82e-08

---------------------
Result:
---------------------

{(1,0), (0,0), (0,0), (0,0), (0,0), (0,0)}, {(0,0), (1,0), (0,0), (0,0), (0,0), (0,0)}, {(0,0), (0,0), (1,0), (0,0), (0,0), (0,0)}, {(0,0), (0,0), (0,0), (1,0), (0,0), (0,0)}, {}, {}


{(0.408,0), (0.408,0), (0.408,0), (0.408,0), (0.408,0), (0.408,0)}, {}, {}, {}, {}, {}


{(0.408,0), (-0.265,0.31), (-0.193,0.36), (0.38,-0.15), (-0.28,-0.0261), (0.089,0.496)}, {}, {}, {}, {}, {}


{(0.408,0), (0.311,-0.264), (-0.408,0.0236), (0.32,0.254), (0.0435,-0.401), (0.317,0.265)}, {}, {}, {}, {}, {}

---------------------
Abs of Gram matrix:
---------------------

 { { +1.0000, +0.0000, +0.0000, +0.0000, +0.0000, +0.0000, +0.4082, +0.0000, +0.0000, +0.0000, +0.0000, +0.0000, +0.4082, +0.0000, +0.0000, +0.0000, +0.0000, +0.0000, +0.4082, +0.0000, +0.0000, +0.0000, +0.0000, +0.0000}, 
   { +0.0000, +1.0000, +0.0000, +0.0000, +0.0000, +0.0000, +0.4082, +0.0000, +0.0000, +0.0000, +0.0000, +0.0000, +0.4082, +0.0000, +0.0000, +0.0000, +0.0000, +0.0000, +0.4082, +0.0000, +0.0000, +0.0000, +0.0000, +0.0000}, 
   { +0.0000, +0.0000, +1.0000, +0.0000, +0.0000, +0.0000, +0.4082, +0.0000, +0.0000, +0.0000, +0.0000, +0.0000, +0.4082, +0.0000, +0.0000, +0.0000, +0.0000, +0.0000, +0.4082, +0.0000, +0.0000, +0.0000, +0.0000, +0.0000}, 
   { +0.0000, +0.0000, +0.0000, +1.0000, +0.0000, +0.0000, +0.4082, +0.0000, +0.0000, +0.0000, +0.0000, +0.0000, +0.4082, +0.0000, +0.0000, +0.0000, +0.0000, +0.0000, +0.4082, +0.0000, +0.0000, +0.0000, +0.0000, +0.0000}, 
   { +0.0000, +0.0000, +0.0000, +0.0000, +0.0000, +0.0000, +0.0000, +0.0000, +0.0000, +0.0000, +0.0000, +0.0000, +0.0000, +0.0000, +0.0000, +0.0000, +0.0000, +0.0000, +0.0000, +0.0000, +0.0000, +0.0000, +0.0000, +0.0000}, 
   { +0.0000, +0.0000, +0.0000, +0.0000, +0.0000, +0.0000, +0.0000, +0.0000, +0.0000, +0.0000, +0.0000, +0.0000, +0.0000, +0.0000, +0.0000, +0.0000, +0.0000, +0.0000, +0.0000, +0.0000, +0.0000, +0.0000, +0.0000, +0.0000}, 
   { +0.4082, +0.4082, +0.4082, +0.4082, +0.0000, +0.0000, +1.0000, +0.0000, +0.0000, +0.0000, +0.0000, +0.0000, +0.4082, +0.0000, +0.0000, +0.0000, +0.0000, +0.0000, +0.4082, +0.0000, +0.0000, +0.0000, +0.0000, +0.0000}, 
   { +0.0000, +0.0000, +0.0000, +0.0000, +0.0000, +0.0000, +0.0000, +0.0000, +0.0000, +0.0000, +0.0000, +0.0000, +0.0000, +0.0000, +0.0000, +0.0000, +0.0000, +0.0000, +0.0000, +0.0000, +0.0000, +0.0000, +0.0000, +0.0000}, 
   { +0.0000, +0.0000, +0.0000, +0.0000, +0.0000, +0.0000, +0.0000, +0.0000, +0.0000, +0.0000, +0.0000, +0.0000, +0.0000, +0.0000, +0.0000, +0.0000, +0.0000, +0.0000, +0.0000, +0.0000, +0.0000, +0.0000, +0.0000, +0.0000}, 
   { +0.0000, +0.0000, +0.0000, +0.0000, +0.0000, +0.0000, +0.0000, +0.0000, +0.0000, +0.0000, +0.0000, +0.0000, +0.0000, +0.0000, +0.0000, +0.0000, +0.0000, +0.0000, +0.0000, +0.0000, +0.0000, +0.0000, +0.0000, +0.0000}, 
   { +0.0000, +0.0000, +0.0000, +0.0000, +0.0000, +0.0000, +0.0000, +0.0000, +0.0000, +0.0000, +0.0000, +0.0000, +0.0000, +0.0000, +0.0000, +0.0000, +0.0000, +0.0000, +0.0000, +0.0000, +0.0000, +0.0000, +0.0000, +0.0000}, 
   { +0.0000, +0.0000, +0.0000, +0.0000, +0.0000, +0.0000, +0.0000, +0.0000, +0.0000, +0.0000, +0.0000, +0.0000, +0.0000, +0.0000, +0.0000, +0.0000, +0.0000, +0.0000, +0.0000, +0.0000, +0.0000, +0.0000, +0.0000, +0.0000}, 
   { +0.4082, +0.4082, +0.4082, +0.4082, +0.0000, +0.0000, +0.4082, +0.0000, +0.0000, +0.0000, +0.0000, +0.0000, +1.0000, +0.0000, +0.0000, +0.0000, +0.0000, +0.0000, +0.4082, +0.0000, +0.0000, +0.0000, +0.0000, +0.0000}, 
   { +0.0000, +0.0000, +0.0000, +0.0000, +0.0000, +0.0000, +0.0000, +0.0000, +0.0000, +0.0000, +0.0000, +0.0000, +0.0000, +0.0000, +0.0000, +0.0000, +0.0000, +0.0000, +0.0000, +0.0000, +0.0000, +0.0000, +0.0000, +0.0000}, 
   { +0.0000, +0.0000, +0.0000, +0.0000, +0.0000, +0.0000, +0.0000, +0.0000, +0.0000, +0.0000, +0.0000, +0.0000, +0.0000, +0.0000, +0.0000, +0.0000, +0.0000, +0.0000, +0.0000, +0.0000, +0.0000, +0.0000, +0.0000, +0.0000}, 
   { +0.0000, +0.0000, +0.0000, +0.0000, +0.0000, +0.0000, +0.0000, +0.0000, +0.0000, +0.0000, +0.0000, +0.0000, +0.0000, +0.0000, +0.0000, +0.0000, +0.0000, +0.0000, +0.0000, +0.0000, +0.0000, +0.0000, +0.0000, +0.0000}, 
   { +0.0000, +0.0000, +0.0000, +0.0000, +0.0000, +0.0000, +0.0000, +0.0000, +0.0000, +0.0000, +0.0000, +0.0000, +0.0000, +0.0000, +0.0000, +0.0000, +0.0000, +0.0000, +0.0000, +0.0000, +0.0000, +0.0000, +0.0000, +0.0000}, 
   { +0.0000, +0.0000, +0.0000, +0.0000, +0.0000, +0.0000, +0.0000, +0.0000, +0.0000, +0.0000, +0.0000, +0.0000, +0.0000, +0.0000, +0.0000, +0.0000, +0.0000, +0.0000, +0.0000, +0.0000, +0.0000, +0.0000, +0.0000, +0.0000}, 
   { +0.4082, +0.4082, +0.4082, +0.4082, +0.0000, +0.0000, +0.4082, +0.0000, +0.0000, +0.0000, +0.0000, +0.0000, +0.4082, +0.0000, +0.0000, +0.0000, +0.0000, +0.0000, +1.0000, +0.0000, +0.0000, +0.0000, +0.0000, +0.0000}, 
   { +0.0000, +0.0000, +0.0000, +0.0000, +0.0000, +0.0000, +0.0000, +0.0000, +0.0000, +0.0000, +0.0000, +0.0000, +0.0000, +0.0000, +0.0000, +0.0000, +0.0000, +0.0000, +0.0000, +0.0000, +0.0000, +0.0000, +0.0000, +0.0000}, 
   { +0.0000, +0.0000, +0.0000, +0.0000, +0.0000, +0.0000, +0.0000, +0.0000, +0.0000, +0.0000, +0.0000, +0.0000, +0.0000, +0.0000, +0.0000, +0.0000, +0.0000, +0.0000, +0.0000, +0.0000, +0.0000, +0.0000, +0.0000, +0.0000}, 
   { +0.0000, +0.0000, +0.0000, +0.0000, +0.0000, +0.0000, +0.0000, +0.0000, +0.0000, +0.0000, +0.0000, +0.0000, +0.0000, +0.0000, +0.0000, +0.0000, +0.0000, +0.0000, +0.0000, +0.0000, +0.0000, +0.0000, +0.0000, +0.0000}, 
   { +0.0000, +0.0000, +0.0000, +0.0000, +0.0000, +0.0000, +0.0000, +0.0000, +0.0000, +0.0000, +0.0000, +0.0000, +0.0000, +0.0000, +0.0000, +0.0000, +0.0000, +0.0000, +0.0000, +0.0000, +0.0000, +0.0000, +0.0000, +0.0000}, 
   { +0.0000, +0.0000, +0.0000, +0.0000, +0.0000, +0.0000, +0.0000, +0.0000, +0.0000, +0.0000, +0.0000, +0.0000, +0.0000, +0.0000, +0.0000, +0.0000, +0.0000, +0.0000, +0.0000, +0.0000, +0.0000, +0.0000, +0.0000, +0.0000} } 
