---------------------
Basis Indices:
---------------------

{1, 0, 0, 0, 0, 0}, {1, 0, 0, 0, 0, 0}, {1, 0, 0, 0, 0, 0}, {1, 0, 0, 0, 0, 0}, {}, {}


{0.408, 0.408, 0.408, 0.408, 0.408, 0.408}, {0.408, x_43+i*x_187, x_44+i*x_188, x_45+i*x_189, x_46+i*x_190, x_47+i*x_191}, {}, {}, {}, {}


{0.408, x_73+i*x_217, x_74+i*x_218, x_75+i*x_219, x_76+i*x_220, x_77+i*x_221}, {}, {}, {}, {}, {}


{0.408, x_109+i*x_253, x_110+i*x_254, x_111+i*x_255, x_112+i*x_256, x_113+i*x_257}, {}, {}, {}, {}, {}

---------------------
Problem: 
---------------------
Find a point satisfying:

-0.166667*{} + 1*{ 289 289} + 1*{ 288 288} = 0 

1*{ 189 219} + 1*{ 188 218} + 1*{ 187 217} + 1*{  45  75} + 1*{  44  74} + 1*{  43  73} + 0.166667*{} + 1*{  46  76} + 1*{ 190 220} + 1*{  47  77} + 1*{ 191 221} + -1*{ 288} = 0 

-1*{  75 189} + 1*{  45 219} + 1*{  46 220} + 1*{  44 218} + -1*{  74 188} + 1*{  43 217} + -1*{ 289} + -1*{  73 187} + 1*{  47 221} + -1*{  76 190} + -1*{  77 191} = 0 

-0.166667*{} + 1*{ 291 291} + 1*{ 290 290} = 0 

1*{ 189 255} + 1*{  45 111} + 1*{  46 112} + 1*{ 187 253} + 0.166667*{} + 1*{  43 109} + 1*{  44 110} + 1*{ 190 256} + 1*{  47 113} + 1*{ 191 257} + 1*{ 188 254} + -1*{ 290} = 0 

-1*{ 110 188} + 1*{  45 255} + -1*{ 109 187} + -1*{ 111 189} + 1*{  43 253} + 1*{  47 257} + 1*{  44 254} + 1*{  46 256} + -1*{ 112 190} + -1*{ 113 191} + -1*{ 291} = 0 

-0.166667*{} + 1*{ 187 187} + 1*{  43  43} = 0 

-0.166667*{} + 1*{ 188 188} + 1*{  44  44} = 0 

-0.166667*{} + 1*{ 189 189} + 1*{  45  45} = 0 

-0.833333*{} + 1*{  43  43} + 1*{ 187 187} + 1*{  44  44} + 1*{ 188 188} + 1*{  45  45} + 1*{ 189 189} + 1*{  46  46} + 1*{ 190 190} + 1*{  47  47} + 1*{ 191 191} = 0 

0.333333*{  45  46} + 0.166667*{  44  44} + 0.333333*{  44  46} + 0.166667*{  47  47} + 0.333333*{  46  47} + 0.166667*{ 188 188} + 0.166667*{  45  45} + 0.333333*{  43  44} + 0.136083*{  45} + 0.333333*{  43  45} + 0.333333*{ 189 190} + 0.333333*{ 190 191} + 0.136083*{  47} + 0.333333*{  43  46} + 0.333333*{ 189 191} + 0.333333*{ 187 190} + 0.333333*{ 188 191} + 0.333333*{  44  45} + 0.166667*{ 191 191} + 0.166667*{  43  43} + 0.166667*{ 190 190} + 0.333333*{ 187 188} + 0.166667*{ 187 187} + 0.166667*{ 189 189} + 0.333333*{ 188 189} + 0.136083*{  44} + 0.0277778*{} + 0.333333*{  45  47} + 0.136083*{  43} + 0.136083*{  46} + 0.333333*{ 187 189} + 0.333333*{ 188 190} + 0.333333*{  44  47} + 0.333333*{  43  47} + 0.333333*{ 187 191} + 0.166667*{  46  46} = 0 

-0.166667*{} + 1*{ 293 293} + 1*{ 292 292} = 0 

1*{  74 110} + 0.166667*{} + 1*{ 220 256} + 1*{  75 111} + 1*{  77 113} + 1*{ 218 254} + 1*{ 217 253} + 1*{ 219 255} + 1*{  73 109} + 1*{  76 112} + 1*{ 221 257} + -1*{ 292} = 0 

-1*{ 111 219} + -1*{ 110 218} + 1*{  74 254} + 1*{  75 255} + 1*{  73 253} + -1*{ 293} + 1*{  76 256} + -1*{ 109 217} + -1*{ 112 220} + 1*{  77 257} + -1*{ 113 221} = 0 

-0.166667*{} + 1*{ 217 217} + 1*{  73  73} = 0 

-0.166667*{} + 1*{ 218 218} + 1*{  74  74} = 0 

-0.166667*{} + 1*{ 219 219} + 1*{  75  75} = 0 

-0.833333*{} + 1*{ 219 219} + 1*{  73  73} + 1*{  75  75} + 1*{  77  77} + 1*{ 217 217} + 1*{  74  74} + 1*{ 218 218} + 1*{ 221 221} + 1*{  76  76} + 1*{ 220 220} = 0 

0.333333*{ 219 220} + 0.166667*{  75  75} + 0.333333*{  74  77} + 0.333333*{  75  76} + 0.333333*{ 218 219} + 0.333333*{ 218 221} + 0.333333*{ 218 220} + 0.333333*{ 220 221} + 0.166667*{ 221 221} + 0.136083*{  77} + 0.333333*{ 219 221} + 0.136083*{  75} + 0.333333*{  73  74} + 0.166667*{ 219 219} + 0.333333*{  73  77} + 0.333333*{ 217 218} + 0.166667*{ 218 218} + 0.166667*{  76  76} + 0.333333*{  73  76} + 0.333333*{ 217 221} + 0.333333*{ 217 219} + 0.333333*{  74  75} + 0.333333*{  73  75} + 0.166667*{  74  74} + 0.333333*{ 217 220} + 0.166667*{  73  73} + 0.166667*{ 220 220} + 0.333333*{  75  77} + 0.136083*{  73} + 0.166667*{ 217 217} + 0.136083*{  74} + -0.138889*{} + 0.333333*{  74  76} + 0.333333*{  76  77} + 0.166667*{  77  77} + 0.136083*{  76} = 0 

-0.166667*{} + 1*{ 253 253} + 1*{ 109 109} = 0 

-0.166667*{} + 1*{ 254 254} + 1*{ 110 110} = 0 

-0.166667*{} + 1*{ 255 255} + 1*{ 111 111} = 0 

-0.833333*{} + 1*{ 109 109} + 1*{ 257 257} + 1*{ 253 253} + 1*{ 254 254} + 1*{ 110 110} + 1*{ 111 111} + 1*{ 255 255} + 1*{ 112 112} + 1*{ 256 256} + 1*{ 113 113} = 0 

0.333333*{ 110 111} + 0.166667*{ 256 256} + 0.333333*{ 255 256} + 0.333333*{ 254 256} + 0.166667*{ 112 112} + 0.333333*{ 110 112} + 0.136083*{ 111} + 0.333333*{ 110 113} + 0.333333*{ 109 113} + 0.333333*{ 253 255} + 0.333333*{ 109 112} + 0.333333*{ 111 112} + 0.166667*{ 111 111} + 0.333333*{ 109 111} + 0.333333*{ 254 255} + 0.136083*{ 110} + 0.166667*{ 113 113} + 0.333333*{ 254 257} + 0.333333*{ 109 110} + 0.333333*{ 111 113} + 0.166667*{ 257 257} + 0.166667*{ 110 110} + 0.333333*{ 253 256} + 0.333333*{ 255 257} + 0.166667*{ 255 255} + 0.136083*{ 112} + 0.333333*{ 112 113} + 0.166667*{ 254 254} + 0.333333*{ 256 257} + 0.166667*{ 109 109} + 0.136083*{ 109} + -0.138889*{} + 0.136083*{ 113} + 0.333333*{ 253 257} + 0.333333*{ 253 254} + 0.166667*{ 253 253} = 0 

---------------------
Summary:
---------------------
set sizes: {4, 2, 1, 1}, vars: 36, vectors: 8, equations: 24, indep eqn: 24

---------------------
Optimization:
---------------------
1 8.800e-01 8.800e-01
2 2.307e+00 8.800e-01
3 9.116e-01 8.800e-01
4 3.200e-01 3.200e-01
5 1.162e-01 1.162e-01
6 4.173e-02 4.173e-02
7 1.454e-02 1.454e-02
8 5.050e-03 5.050e-03
9 1.764e-03 1.764e-03
10 6.255e-04 6.255e-04
11 2.274e-04 2.274e-04
12 8.458e-05 8.458e-05
13 3.181e-05 3.181e-05
14 1.201e-05 1.201e-05
15 4.538e-06 4.538e-06
16 1.717e-06 1.717e-06
17 6.502e-07 6.502e-07
18 2.469e-07 2.469e-07
19 9.413e-08 9.413e-08
20 3.616e-08 3.616e-08
21 1.404e-08 1.404e-08
22 5.582e-09 5.582e-09
23 2.284e-09 2.284e-09
24 9.896e-10 9.896e-10
25 4.442e-10 4.442e-10
26 2.141e-10 2.141e-10
27 1.048e-10 1.048e-10
28 5.429e-11 5.429e-11
29 2.761e-11 2.761e-11
30 1.469e-11 1.469e-11
31 7.564e-12 7.564e-12
32 4.071e-12 4.071e-12
33 2.094e-12 2.094e-12
34 1.158e-12 1.158e-12
35 2.455e-11 1.158e-12
36 7.427e-12 1.158e-12
37 2.247e-12 1.158e-12
38 6.901e-13 6.901e-13
39 6.747e-12 6.901e-13
40 2.039e-12 6.901e-13
41 6.169e-13 6.169e-13
42 1.890e-13 1.890e-13
43 5.871e-14 5.871e-14
1 (precision) 1.844e-14 1.844e-14 (from 5.871e-14)
2 (precision) 6.575e-15 6.575e-15 (from 5.871e-14)
3 (precision) 1.409e-15 1.409e-15 (from 5.871e-14)
4 (precision) 7.853e-16 7.853e-16 (from 5.871e-14)
5 (precision) 4.604e-15 7.853e-16 (from 5.871e-14)
6 (precision) 1.338e-15 7.853e-16 (from 5.871e-14)
7 (precision) 1.534e-15 7.853e-16 (from 5.871e-14)
8 (precision) 4.468e-16 4.468e-16 (from 5.871e-14)
9 (precision) 3.097e-15 4.468e-16 (from 5.871e-14)
10 (precision) 4.063e-16 4.063e-16 (from 5.871e-14)
11 (precision) 2.171e-15 4.063e-16 (from 5.871e-14)
12 (precision) 2.165e-15 4.063e-16 (from 5.871e-14)
13 (precision) 1.934e-12 4.063e-16 (from 5.871e-14)
14 (precision) 6.209e-13 4.063e-16 (from 5.871e-14)
15 (precision) 2.114e-13 4.063e-16 (from 5.871e-14)
16 (precision) 7.466e-14 4.063e-16 (from 5.871e-14)
17 (precision) 2.710e-14 4.063e-16 (from 5.871e-14)
18 (precision) 9.582e-15 4.063e-16 (from 5.871e-14)
19 (precision) 2.916e-15 4.063e-16 (from 5.871e-14)
20 (precision) 2.323e-15 4.063e-16 (from 5.871e-14)
21 (precision) 4.884e-16 4.063e-16 (from 5.871e-14)
22 (precision) 1.844e-15 4.063e-16 (from 5.871e-14)
23 (precision) 2.891e-15 4.063e-16 (from 5.871e-14)
24 (precision) 9.033e-13 4.063e-16 (from 5.871e-14)
25 (precision) 2.559e-13 4.063e-16 (from 5.871e-14)
26 (precision) 7.256e-14 4.063e-16 (from 5.871e-14)
27 (precision) 2.725e-14 4.063e-16 (from 5.871e-14)
28 (precision) 1.022e-14 4.063e-16 (from 5.871e-14)
29 (precision) 4.074e-15 4.063e-16 (from 5.871e-14)
30 (precision) 1.893e-15 4.063e-16 (from 5.871e-14)
31 (precision) 9.042e-16 4.063e-16 (from 5.871e-14)
32 (precision) 3.620e-15 4.063e-16 (from 5.871e-14)
33 (precision) 3.637e-15 4.063e-16 (from 5.871e-14)
34 (precision) 1.312e-13 4.063e-16 (from 5.871e-14)
35 (precision) 3.499e-14 4.063e-16 (from 5.871e-14)
36 (precision) 9.364e-15 4.063e-16 (from 5.871e-14)
37 (precision) 6.450e-15 4.063e-16 (from 5.871e-14)
38 (precision) 1.245e-15 4.063e-16 (from 5.871e-14)
39 (precision) 3.338e-15 4.063e-16 (from 5.871e-14)
40 (precision) 2.804e-15 4.063e-16 (from 5.871e-14)
41 (precision) 1.533e-15 4.063e-16 (from 5.871e-14)
42 (precision) 3.710e-15 4.063e-16 (from 5.871e-14)
43 (precision) 9.559e-16 4.063e-16 (from 5.871e-14)
44 (precision) 3.099e-15 4.063e-16 (from 5.871e-14)
45 (precision) 4.464e-16 4.063e-16 (from 5.871e-14)
46 (precision) 1.552e-15 4.063e-16 (from 5.871e-14)
47 (precision) 3.456e-15 4.063e-16 (from 5.871e-14)
48 (precision) 2.682e-15 4.063e-16 (from 5.871e-14)
49 (precision) 2.147e-15 4.063e-16 (from 5.871e-14)
50 (precision) 6.555e-15 4.063e-16 (from 5.871e-14)
51 (precision) 7.553e-16 4.063e-16 (from 5.871e-14)
52 (precision) 8.854e-16 4.063e-16 (from 5.871e-14)
53 (precision) 3.333e-15 4.063e-16 (from 5.871e-14)
54 (precision) 1.631e-15 4.063e-16 (from 5.871e-14)
55 (precision) 6.280e-15 4.063e-16 (from 5.871e-14)
56 (precision) 3.399e-15 4.063e-16 (from 5.871e-14)
57 (precision) 2.192e-15 4.063e-16 (from 5.871e-14)
58 (precision) 3.933e-15 4.063e-16 (from 5.871e-14)
59 (precision) 3.286e-15 4.063e-16 (from 5.871e-14)
60 (precision) 2.134e-14 4.063e-16 (from 5.871e-14)
61 (precision) 1.095e-14 4.063e-16 (from 5.871e-14)
62 (precision) 8.785e-16 4.063e-16 (from 5.871e-14)
63 (precision) 3.710e-15 4.063e-16 (from 5.871e-14)
64 (precision) 5.326e-15 4.063e-16 (from 5.871e-14)
65 (precision) 3.137e-15 4.063e-16 (from 5.871e-14)
66 (precision) 1.105e-14 4.063e-16 (from 5.871e-14)
67 (precision) 1.405e-15 4.063e-16 (from 5.871e-14)
68 (precision) 1.549e-15 4.063e-16 (from 5.871e-14)
69 (precision) 2.736e-15 4.063e-16 (from 5.871e-14)
70 (precision) 1.150e-15 4.063e-16 (from 5.871e-14)
71 (precision) 3.684e-15 4.063e-16 (from 5.871e-14)
72 (precision) 1.273e-15 4.063e-16 (from 5.871e-14)
73 (precision) 4.715e-15 4.063e-16 (from 5.871e-14)
74 (precision) 4.428e-15 4.063e-16 (from 5.871e-14)
75 (precision) 6.240e-16 4.063e-16 (from 5.871e-14)
76 (precision) 7.875e-16 4.063e-16 (from 5.871e-14)
77 (precision) 1.961e-16 1.961e-16 (from 5.871e-14)
78 (precision) 1.737e-15 1.961e-16 (from 5.871e-14)
79 (precision) 1.199e-15 1.961e-16 (from 5.871e-14)
80 (precision) 3.204e-15 1.961e-16 (from 5.871e-14)
81 (precision) 5.731e-09 1.961e-16 (from 5.871e-14)
82 (precision) 1.580e-09 1.961e-16 (from 5.871e-14)
83 (precision) 4.354e-10 1.961e-16 (from 5.871e-14)
84 (precision) 1.200e-10 1.961e-16 (from 5.871e-14)
85 (precision) 3.308e-11 1.961e-16 (from 5.871e-14)
86 (precision) 9.118e-12 1.961e-16 (from 5.871e-14)
87 (precision) 2.515e-12 1.961e-16 (from 5.871e-14)
88 (precision) 6.943e-13 1.961e-16 (from 5.871e-14)
89 (precision) 1.894e-13 1.961e-16 (from 5.871e-14)
90 (precision) 5.130e-14 1.961e-16 (from 5.871e-14)
91 (precision) 1.476e-14 1.961e-16 (from 5.871e-14)
92 (precision) 3.150e-15 1.961e-16 (from 5.871e-14)
93 (precision) 3.626e-16 1.961e-16 (from 5.871e-14)
94 (precision) 5.575e-16 1.961e-16 (from 5.871e-14)
95 (precision) 1.794e-15 1.961e-16 (from 5.871e-14)
96 (precision) 1.973e-15 1.961e-16 (from 5.871e-14)
97 (precision) 1.916e-15 1.961e-16 (from 5.871e-14)
98 (precision) 3.318e-15 1.961e-16 (from 5.871e-14)
99 (precision) 2.636e-15 1.961e-16 (from 5.871e-14)
100 (precision) 7.136e-16 1.961e-16 (from 5.871e-14)

x:  2.675e-02 -1.489e-01 -3.355e-01 -2.843e-01  3.337e-01 -2.715e-02 -4.054e-01  3.974e-01 -3.115e-01 -1.064e-01  4.066e-01  2.814e-02  9.578e-02 -1.394e-01  5.024e-02  4.074e-01 -3.801e-01  2.327e-01  1.017e-01 -3.616e-01 -4.073e-01 -4.838e-02 -9.352e-02  2.394e-02 -4.737e-01 -3.698e-02 -4.073e-01 -3.969e-01  5.189e-01 -2.053e-01  1.505e-01 -3.795e-01  3.720e-01 -1.681e-01  4.019e-01  7.164e-02 -6.824e-13

grad: -1.082e-24 -5.717e-24 -1.124e-23 -2.911e-24  7.404e-24 -4.961e-24 -3.489e-24  2.190e-23 -1.809e-23  1.894e-25  1.775e-22  2.450e-23  4.211e-23 -5.354e-23  1.349e-23  9.254e-24 -9.364e-24  7.751e-24  1.008e-25 -7.039e-24 -3.694e-24  5.290e-24  3.977e-24 -9.301e-24 -9.315e-24 -1.410e-23 -1.907e-22 -2.106e-22  2.388e-22 -8.427e-23  2.733e-24 -9.857e-25  1.780e-23 -1.097e-23  3.298e-23  2.618e-23  7.136e-16

finished in 43 iterations (0.044 seconds total)
max viol = 3.87e-08

---------------------
Result:
---------------------

{(1,0), (0,0), (0,0), (0,0), (0,0), (0,0)}, {(0,0), (1,0), (0,0), (0,0), (0,0), (0,0)}, {(0,0), (0,0), (1,0), (0,0), (0,0), (0,0)}, {(0,0), (0,0), (0,0), (1,0), (0,0), (0,0)}, {}, {}


{(0.408,0), (0.408,0), (0.408,0), (0.408,0), (0.408,0), (0.408,0)}, {(0.408,0), (0.0268,0.407), (-0.149,-0.38), (-0.335,0.233), (-0.284,0.102), (0.334,-0.362)}, {}, {}, {}, {}


{(0.408,0), (-0.0272,-0.407), (-0.405,-0.0484), (0.397,-0.0935), (-0.312,0.0239), (-0.106,-0.474)}, {}, {}, {}, {}, {}


{(0.408,0), (0.407,-0.037), (0.0281,-0.407), (0.0958,-0.397), (-0.139,0.519), (0.0502,-0.205)}, {}, {}, {}, {}, {}

---------------------
Abs of Gram matrix:
---------------------

 { { +1.0000, +0.0000, +0.0000, +0.0000, +0.0000, +0.0000, +0.4082, +0.4082, +0.0000, +0.0000, +0.0000, +0.0000, +0.4082, +0.0000, +0.0000, +0.0000, +0.0000, +0.0000, +0.4082, +0.0000, +0.0000, +0.0000, +0.0000, +0.0000}, 
   { +0.0000, +1.0000, +0.0000, +0.0000, +0.0000, +0.0000, +0.4082, +0.4082, +0.0000, +0.0000, +0.0000, +0.0000, +0.4082, +0.0000, +0.0000, +0.0000, +0.0000, +0.0000, +0.4082, +0.0000, +0.0000, +0.0000, +0.0000, +0.0000}, 
   { +0.0000, +0.0000, +1.0000, +0.0000, +0.0000, +0.0000, +0.4082, +0.4082, +0.0000, +0.0000, +0.0000, +0.0000, +0.4082, +0.0000, +0.0000, +0.0000, +0.0000, +0.0000, +0.4082, +0.0000, +0.0000, +0.0000, +0.0000, +0.0000}, 
   { +0.0000, +0.0000, +0.0000, +1.0000, +0.0000, +0.0000, +0.4082, +0.4082, +0.0000, +0.0000, +0.0000, +0.0000, +0.4082, +0.0000, +0.0000, +0.0000, +0.0000, +0.0000, +0.4082, +0.0000, +0.0000, +0.0000, +0.0000, +0.0000}, 
   { +0.0000, +0.0000, +0.0000, +0.0000, +0.0000, +0.0000, +0.0000, +0.0000, +0.0000, +0.0000, +0.0000, +0.0000, +0.0000, +0.0000, +0.0000, +0.0000, +0.0000, +0.0000, +0.0000, +0.0000, +0.0000, +0.0000, +0.0000, +0.0000}, 
   { +0.0000, +0.0000, +0.0000, +0.0000, +0.0000, +0.0000, +0.0000, +0.0000, +0.0000, +0.0000, +0.0000, +0.0000, +0.0000, +0.0000, +0.0000, +0.0000, +0.0000, +0.0000, +0.0000, +0.0000, +0.0000, +0.0000, +0.0000, +0.0000}, 
   { +0.4082, +0.4082, +0.4082, +0.4082, +0.0000, +0.0000, +1.0000, +0.0000, +0.0000, +0.0000, +0.0000, +0.0000, +0.4082, +0.0000, +0.0000, +0.0000, +0.0000, +0.0000, +0.4082, +0.0000, +0.0000, +0.0000, +0.0000, +0.0000}, 
   { +0.4082, +0.4082, +0.4082, +0.4082, +0.0000, +0.0000, +0.0000, +1.0000, +0.0000, +0.0000, +0.0000, +0.0000, +0.4082, +0.0000, +0.0000, +0.0000, +0.0000, +0.0000, +0.4082, +0.0000, +0.0000, +0.0000, +0.0000, +0.0000}, 
   { +0.0000, +0.0000, +0.0000, +0.0000, +0.0000, +0.0000, +0.0000, +0.0000, +0.0000, +0.0000, +0.0000, +0.0000, +0.0000, +0.0000, +0.0000, +0.0000, +0.0000, +0.0000, +0.0000, +0.0000, +0.0000, +0.0000, +0.0000, +0.0000}, 
   { +0.0000, +0.0000, +0.0000, +0.0000, +0.0000, +0.0000, +0.0000, +0.0000, +0.0000, +0.0000, +0.0000, +0.0000, +0.0000, +0.0000, +0.0000, +0.0000, +0.0000, +0.0000, +0.0000, +0.0000, +0.0000, +0.0000, +0.0000, +0.0000}, 
   { +0.0000, +0.0000, +0.0000, +0.0000, +0.0000, +0.0000, +0.0000, +0.0000, +0.0000, +0.0000, +0.0000, +0.0000, +0.0000, +0.0000, +0.0000, +0.0000, +0.0000, +0.0000, +0.0000, +0.0000, +0.0000, +0.0000, +0.0000, +0.0000}, 
   { +0.0000, +0.0000, +0.0000, +0.0000, +0.0000, +0.0000, +0.0000, +0.0000, +0.0000, +0.0000, +0.0000, +0.0000, +0.0000, +0.0000, +0.0000, +0.0000, +0.0000, +0.0000, +0.0000, +0.0000, +0.0000, +0.0000, +0.0000, +0.0000}, 
   { +0.4082, +0.4082, +0.4082, +0.4082, +0.0000, +0.0000, +0.4082, +0.4082, +0.0000, +0.0000, +0.0000, +0.0000, +1.0000, +0.0000, +0.0000, +0.0000, +0.0000, +0.0000, +0.4082, +0.0000, +0.0000, +0.0000, +0.0000, +0.0000}, 
   { +0.0000, +0.0000, +0.0000, +0.0000, +0.0000, +0.0000, +0.0000, +0.0000, +0.0000, +0.0000, +0.0000, +0.0000, +0.0000, +0.0000, +0.0000, +0.0000, +0.0000, +0.0000, +0.0000, +0.0000, +0.0000, +0.0000, +0.0000, +0.0000}, 
   { +0.0000, +0.0000, +0.0000, +0.0000, +0.0000, +0.0000, +0.0000, +0.0000, +0.0000, +0.0000, +0.0000, +0.0000, +0.0000, +0.0000, +0.0000, +0.0000, +0.0000, +0.0000, +0.0000, +0.0000, +0.0000, +0.0000, +0.0000, +0.0000}, 
   { +0.0000, +0.0000, +0.0000, +0.0000, +0.0000, +0.0000, +0.0000, +0.0000, +0.0000, +0.0000, +0.0000, +0.0000, +0.0000, +0.0000, +0.0000, +0.0000, +0.0000, +0.0000, +0.0000, +0.0000, +0.0000, +0.0000, +0.0000, +0.0000}, 
   { +0.0000, +0.0000, +0.0000, +0.0000, +0.0000, +0.0000, +0.0000, +0.0000, +0.0000, +0.0000, +0.0000, +0.0000, +0.0000, +0.0000, +0.0000, +0.0000, +0.0000, +0.0000, +0.0000, +0.0000, +0.0000, +0.0000, +0.0000, +0.0000}, 
   { +0.0000, +0.0000, +0.0000, +0.0000, +0.0000, +0.0000, +0.0000, +0.0000, +0.0000, +0.0000, +0.0000, +0.0000, +0.0000, +0.0000, +0.0000, +0.0000, +0.0000, +0.0000, +0.0000, +0.0000, +0.0000, +0.0000, +0.0000, +0.0000}, 
   { +0.4082, +0.4082, +0.4082, +0.4082, +0.0000, +0.0000, +0.4082, +0.4082, +0.0000, +0.0000, +0.0000, +0.0000, +0.4082, +0.0000, +0.0000, +0.0000, +0.0000, +0.0000, +1.0000, +0.0000, +0.0000, +0.0000, +0.0000, +0.0000}, 
   { +0.0000, +0.0000, +0.0000, +0.0000, +0.0000, +0.0000, +0.0000, +0.0000, +0.0000, +0.0000, +0.0000, +0.0000, +0.0000, +0.0000, +0.0000, +0.0000, +0.0000, +0.0000, +0.0000, +0.0000, +0.0000, +0.0000, +0.0000, +0.0000}, 
   { +0.0000, +0.0000, +0.0000, +0.0000, +0.0000, +0.0000, +0.0000, +0.0000, +0.0000, +0.0000, +0.0000, +0.0000, +0.0000, +0.0000, +0.0000, +0.0000, +0.0000, +0.0000, +0.0000, +0.0000, +0.0000, +0.0000, +0.0000, +0.0000}, 
   { +0.0000, +0.0000, +0.0000, +0.0000, +0.0000, +0.0000, +0.0000, +0.0000, +0.0000, +0.0000, +0.0000, +0.0000, +0.0000, +0.0000, +0.0000, +0.0000, +0.0000, +0.0000, +0.0000, +0.0000, +0.0000, +0.0000, +0.0000, +0.0000}, 
   { +0.0000, +0.0000, +0.0000, +0.0000, +0.0000, +0.0000, +0.0000, +0.0000, +0.0000, +0.0000, +0.0000, +0.0000, +0.0000, +0.0000, +0.0000, +0.0000, +0.0000, +0.0000, +0.0000, +0.0000, +0.0000, +0.0000, +0.0000, +0.0000}, 
   { +0.0000, +0.0000, +0.0000, +0.0000, +0.0000, +0.0000, +0.0000, +0.0000, +0.0000, +0.0000, +0.0000, +0.0000, +0.0000, +0.0000, +0.0000, +0.0000, +0.0000, +0.0000, +0.0000, +0.0000, +0.0000, +0.0000, +0.0000, +0.0000} } 
