---------------------
Basis Indices:
---------------------

{1, 0, 0, 0, 0, 0}, {1, 0, 0, 0, 0, 0}, {1, 0, 0, 0, 0, 0}, {1, 0, 0, 0, 0, 0}, {1, 0, 0, 0, 0, 0}, {1, 0, 0, 0, 0, 0}


{0.408, 0.408, 0.408, 0.408, 0.408, 0.408}, {0.408, x_43+i*x_187, x_44+i*x_188, x_45+i*x_189, x_46+i*x_190, x_47+i*x_191}, {0.408, x_49+i*x_193, x_50+i*x_194, x_51+i*x_195, x_52+i*x_196, x_53+i*x_197}, {0.408, x_55+i*x_199, x_56+i*x_200, x_57+i*x_201, x_58+i*x_202, x_59+i*x_203}, {0.408, x_61+i*x_205, x_62+i*x_206, x_63+i*x_207, x_64+i*x_208, x_65+i*x_209}, {}


{0.408, x_73+i*x_217, x_74+i*x_218, x_75+i*x_219, x_76+i*x_220, x_77+i*x_221}, {0.408, x_79+i*x_223, x_80+i*x_224, x_81+i*x_225, x_82+i*x_226, x_83+i*x_227}, {}, {}, {}, {}


{0.408, x_109+i*x_253, x_110+i*x_254, x_111+i*x_255, x_112+i*x_256, x_113+i*x_257}, {}, {}, {}, {}, {}

---------------------
Problem: 
---------------------
Find a point satisfying:

1*{  44  50} + 1*{  46  52} + 1*{ 188 194} + 1*{ 187 193} + 1*{  47  53} + 1*{  45  51} + 1*{  43  49} + 1*{ 189 195} + 0.166667*{} + 1*{ 190 196} + 1*{ 191 197} = 0 

-1*{  51 189} + 1*{  45 195} + -1*{  50 188} + 1*{  44 194} + 1*{  43 193} + -1*{  53 191} + 1*{  46 196} + -1*{  52 190} + -1*{  49 187} + 1*{  47 197} = 0 

1*{ 189 201} + 1*{  43  55} + 1*{  44  56} + 0.166667*{} + 1*{ 187 199} + 1*{ 188 200} + 1*{  46  58} + 1*{  45  57} + 1*{ 191 203} + 1*{ 190 202} + 1*{  47  59} = 0 

-1*{  56 188} + 1*{  46 202} + 1*{  45 201} + 1*{  44 200} + -1*{  55 187} + 1*{  43 199} + -1*{  57 189} + -1*{  58 190} + 1*{  47 203} + -1*{  59 191} = 0 

1*{  45  63} + 1*{ 188 206} + 0.166667*{} + 1*{ 189 207} + 1*{  43  61} + 1*{ 190 208} + 1*{  44  62} + 1*{  46  64} + 1*{ 187 205} + 1*{  47  65} + 1*{ 191 209} = 0 

-1*{  63 189} + 1*{  45 207} + -1*{  64 190} + -1*{  61 187} + 1*{  43 205} + 1*{  46 208} + -1*{  62 188} + 1*{  47 209} + 1*{  44 206} + -1*{  65 191} = 0 

-0.166667*{} + 1*{ 289 289} + 1*{ 288 288} = 0 

1*{ 189 219} + 1*{ 188 218} + 1*{ 187 217} + 1*{  45  75} + 1*{  44  74} + 1*{  43  73} + 0.166667*{} + 1*{  46  76} + 1*{ 190 220} + 1*{  47  77} + 1*{ 191 221} + -1*{ 288} = 0 

-1*{  75 189} + 1*{  45 219} + 1*{  46 220} + 1*{  44 218} + -1*{  74 188} + 1*{  43 217} + -1*{ 289} + -1*{  73 187} + 1*{  47 221} + -1*{  76 190} + -1*{  77 191} = 0 

-0.166667*{} + 1*{ 291 291} + 1*{ 290 290} = 0 

-1*{ 290} + 1*{ 189 225} + 1*{  45  81} + 1*{  44  80} + 1*{ 187 223} + 1*{  43  79} + 1*{ 191 227} + 0.166667*{} + 1*{ 188 224} + 1*{  46  82} + 1*{ 190 226} + 1*{  47  83} = 0 

-1*{  81 189} + -1*{  82 190} + 1*{  44 224} + 1*{  43 223} + 1*{  46 226} + -1*{  79 187} + 1*{  45 225} + -1*{ 291} + -1*{  80 188} + 1*{  47 227} + -1*{  83 191} = 0 

-0.166667*{} + 1*{ 293 293} + 1*{ 292 292} = 0 

1*{  45 111} + 1*{ 188 254} + 1*{ 189 255} + -1*{ 292} + 1*{  46 112} + 1*{ 187 253} + 0.166667*{} + 1*{  43 109} + 1*{  44 110} + 1*{ 190 256} + 1*{  47 113} + 1*{ 191 257} = 0 

-1*{ 110 188} + 1*{  45 255} + -1*{ 109 187} + -1*{ 111 189} + -1*{ 293} + 1*{  43 253} + 1*{  47 257} + 1*{  44 254} + 1*{  46 256} + -1*{ 112 190} + -1*{ 113 191} = 0 

-0.166667*{} + 1*{ 187 187} + 1*{  43  43} = 0 

-0.166667*{} + 1*{ 188 188} + 1*{  44  44} = 0 

-0.166667*{} + 1*{ 189 189} + 1*{  45  45} = 0 

-0.166667*{} + 1*{ 190 190} + 1*{  46  46} = 0 

-0.166667*{} + 1*{ 191 191} + 1*{  47  47} = 0 

0.333333*{  45  46} + 0.166667*{  44  44} + 0.333333*{  44  46} + 0.166667*{  47  47} + 0.333333*{  46  47} + 0.166667*{ 188 188} + 0.166667*{  45  45} + 0.333333*{  43  44} + 0.136083*{  45} + 0.333333*{  43  45} + 0.333333*{ 189 190} + 0.333333*{ 190 191} + 0.136083*{  47} + 0.333333*{  43  46} + 0.333333*{ 189 191} + 0.333333*{ 187 190} + 0.333333*{ 188 191} + 0.333333*{  44  45} + 0.166667*{ 191 191} + 0.166667*{  43  43} + 0.166667*{ 190 190} + 0.333333*{ 187 188} + 0.166667*{ 187 187} + 0.166667*{ 189 189} + 0.333333*{ 188 189} + 0.136083*{  44} + 0.0277778*{} + 0.333333*{  45  47} + 0.136083*{  43} + 0.136083*{  46} + 0.333333*{ 187 189} + 0.333333*{ 188 190} + 0.333333*{  44  47} + 0.333333*{  43  47} + 0.333333*{ 187 191} + 0.166667*{  46  46} = 0 

1*{ 195 201} + 1*{  50  56} + 1*{ 194 200} + 1*{  52  58} + 1*{ 196 202} + 1*{  51  57} + 1*{ 193 199} + 1*{  53  59} + 1*{  49  55} + 0.166667*{} + 1*{ 197 203} = 0 

1*{  51 201} + 1*{  53 203} + 1*{  50 200} + -1*{  57 195} + 1*{  49 199} + -1*{  56 194} + -1*{  55 193} + 1*{  52 202} + -1*{  58 196} + -1*{  59 197} = 0 

1*{  51  63} + 1*{ 195 207} + 1*{  50  62} + 0.166667*{} + 1*{ 194 206} + 1*{ 196 208} + 1*{  52  64} + 1*{  53  65} + 1*{ 193 205} + 1*{  49  61} + 1*{ 197 209} = 0 

-1*{  62 194} + 1*{  51 207} + 1*{  50 206} + -1*{  65 197} + -1*{  61 193} + 1*{  49 205} + -1*{  63 195} + -1*{  64 196} + 1*{  52 208} + 1*{  53 209} = 0 

-0.166667*{} + 1*{ 295 295} + 1*{ 294 294} = 0 

1*{  53  77} + 1*{  51  75} + 1*{ 194 218} + 1*{ 196 220} + 1*{ 197 221} + 1*{ 195 219} + 1*{ 193 217} + 1*{  49  73} + 0.166667*{} + 1*{  50  74} + 1*{  52  76} + -1*{ 294} = 0 

1*{  51 219} + 1*{  50 218} + -1*{  75 195} + 1*{  49 217} + -1*{  77 197} + -1*{  74 194} + -1*{ 295} + 1*{  52 220} + 1*{  53 221} + -1*{  73 193} + -1*{  76 196} = 0 

-0.166667*{} + 1*{ 297 297} + 1*{ 296 296} = 0 

1*{  49  79} + 1*{  50  80} + 0.166667*{} + 1*{  51  81} + -1*{ 296} + 1*{ 195 225} + 1*{ 194 224} + 1*{  52  82} + 1*{ 196 226} + 1*{  53  83} + 1*{ 193 223} + 1*{ 197 227} = 0 

-1*{  81 195} + -1*{  80 194} + -1*{  79 193} + 1*{  50 224} + 1*{  51 225} + 1*{  49 223} + 1*{  53 227} + 1*{  52 226} + -1*{  82 196} + -1*{  83 197} + -1*{ 297} = 0 

-0.166667*{} + 1*{ 299 299} + 1*{ 298 298} = 0 

1*{  52 112} + 1*{  51 111} + 1*{ 194 254} + 1*{  50 110} + 1*{ 193 253} + 1*{ 195 255} + 1*{  49 109} + 0.166667*{} + 1*{ 197 257} + 1*{  53 113} + 1*{ 196 256} + -1*{ 298} = 0 

-1*{ 111 195} + 1*{  51 255} + -1*{ 109 193} + -1*{ 110 194} + 1*{  49 253} + -1*{ 299} + 1*{  50 254} + 1*{  52 256} + 1*{  53 257} + -1*{ 112 196} + -1*{ 113 197} = 0 

-0.166667*{} + 1*{ 193 193} + 1*{  49  49} = 0 

-0.166667*{} + 1*{ 194 194} + 1*{  50  50} = 0 

-0.166667*{} + 1*{ 195 195} + 1*{  51  51} = 0 

-0.166667*{} + 1*{ 196 196} + 1*{  52  52} = 0 

1*{ 197 197} + -0.166667*{} + 1*{  53  53} = 0 

0.333333*{ 195 196} + 0.333333*{ 195 197} + 0.333333*{ 194 195} + 0.333333*{  51  52} + 0.333333*{  51  53} + 0.136083*{  52} + 0.333333*{  50  51} + 0.333333*{  49  52} + 0.136083*{  53} + 0.166667*{ 197 197} + 0.333333*{  50  52} + 0.333333*{  49  51} + 0.333333*{ 194 197} + 0.333333*{ 193 197} + 0.166667*{ 195 195} + 0.166667*{ 193 193} + 0.166667*{ 196 196} + 0.333333*{  49  53} + 0.166667*{  51  51} + 0.136083*{  51} + 0.136083*{  49} + 0.0277778*{} + 0.136083*{  50} + 0.166667*{  49  49} + 0.333333*{  49  50} + 0.166667*{  50  50} + 0.333333*{ 196 197} + 0.333333*{ 193 196} + 0.333333*{  50  53} + 0.333333*{ 193 195} + 0.166667*{  53  53} + 0.333333*{ 193 194} + 0.166667*{ 194 194} + 0.333333*{  52  53} + 0.166667*{  52  52} + 0.333333*{ 194 196} = 0 

1*{ 200 206} + 1*{  56  62} + 1*{ 202 208} + 1*{ 199 205} + 1*{  59  65} + 1*{  57  63} + 1*{  55  61} + 0.166667*{} + 1*{ 201 207} + 1*{  58  64} + 1*{ 203 209} = 0 

1*{  57 207} + -1*{  62 200} + -1*{  63 201} + -1*{  61 199} + 1*{  55 205} + 1*{  56 206} + 1*{  58 208} + -1*{  64 202} + 1*{  59 209} + -1*{  65 203} = 0 

-0.166667*{} + 1*{ 301 301} + 1*{ 300 300} = 0 

1*{ 201 219} + 1*{  56  74} + 1*{ 200 218} + 1*{ 199 217} + 1*{  55  73} + -1*{ 300} + 1*{  58  76} + 1*{  57  75} + 1*{ 202 220} + 1*{  59  77} + 0.166667*{} + 1*{ 203 221} = 0 

-1*{ 301} + 1*{  56 218} + -1*{  75 201} + 1*{  59 221} + -1*{  73 199} + 1*{  55 217} + 1*{  58 220} + -1*{  76 202} + 1*{  57 219} + -1*{  74 200} + -1*{  77 203} = 0 

-0.166667*{} + 1*{ 303 303} + 1*{ 302 302} = 0 

1*{ 201 225} + 1*{  58  82} + 1*{  57  81} + 1*{  55  79} + 1*{ 199 223} + 0.166667*{} + 1*{ 200 224} + 1*{  59  83} + 1*{ 203 227} + 1*{  56  80} + 1*{ 202 226} + -1*{ 302} = 0 

1*{  56 224} + -1*{  81 201} + -1*{ 303} + -1*{  79 199} + 1*{  57 225} + 1*{  55 223} + 1*{  58 226} + -1*{  83 203} + -1*{  80 200} + -1*{  82 202} + 1*{  59 227} = 0 

-0.166667*{} + 1*{ 305 305} + 1*{ 304 304} = 0 

1*{  57 111} + 1*{ 200 254} + 1*{  59 113} + 1*{  56 110} + 1*{ 199 253} + 1*{ 203 257} + -1*{ 304} + 0.166667*{} + 1*{  55 109} + 1*{ 201 255} + 1*{ 202 256} + 1*{  58 112} = 0 

1*{  57 255} + 1*{  59 257} + -1*{ 305} + 1*{  58 256} + 1*{  56 254} + -1*{ 111 201} + -1*{ 113 203} + -1*{ 110 200} + -1*{ 109 199} + 1*{  55 253} + -1*{ 112 202} = 0 

-0.166667*{} + 1*{ 199 199} + 1*{  55  55} = 0 

-0.166667*{} + 1*{ 200 200} + 1*{  56  56} = 0 

-0.166667*{} + 1*{ 201 201} + 1*{  57  57} = 0 

1*{ 202 202} + -0.166667*{} + 1*{  58  58} = 0 

-0.166667*{} + 1*{ 203 203} + 1*{  59  59} = 0 

0.333333*{ 201 203} + 0.136083*{  57} + 0.333333*{  57  58} + 0.333333*{ 200 203} + 0.333333*{  56  57} + 0.333333*{  57  59} + 0.166667*{  56  56} + 0.333333*{  55  56} + 0.333333*{ 199 202} + 0.333333*{ 201 202} + 0.333333*{ 200 202} + 0.333333*{ 199 200} + 0.333333*{  56  59} + 0.0277778*{} + 0.333333*{  55  58} + 0.333333*{  58  59} + 0.333333*{  55  59} + 0.166667*{ 201 201} + 0.166667*{  59  59} + 0.333333*{ 200 201} + 0.333333*{  55  57} + 0.166667*{ 200 200} + 0.166667*{ 202 202} + 0.166667*{ 203 203} + 0.333333*{  56  58} + 0.136083*{  56} + 0.166667*{  55  55} + 0.333333*{ 199 201} + 0.136083*{  55} + 0.166667*{  58  58} + 0.136083*{  59} + 0.166667*{  57  57} + 0.136083*{  58} + 0.166667*{ 199 199} + 0.333333*{ 202 203} + 0.333333*{ 199 203} = 0 

-0.166667*{} + 1*{ 307 307} + 1*{ 306 306} = 0 

1*{  61  73} + 1*{ 207 219} + 1*{ 206 218} + 1*{  62  74} + 1*{  63  75} + 1*{ 205 217} + 1*{ 209 221} + 1*{  64  76} + 1*{ 208 220} + 0.166667*{} + 1*{  65  77} + -1*{ 306} = 0 

-1*{ 307} + 1*{  62 218} + -1*{  76 208} + -1*{  73 205} + 1*{  61 217} + -1*{  75 207} + 1*{  64 220} + 1*{  63 219} + -1*{  74 206} + 1*{  65 221} + -1*{  77 209} = 0 

-0.166667*{} + 1*{ 309 309} + 1*{ 308 308} = 0 

1*{  63  81} + -1*{ 308} + 1*{ 206 224} + 1*{  62  80} + 1*{  64  82} + 1*{ 205 223} + 0.166667*{} + 1*{ 207 225} + 1*{ 208 226} + 1*{  61  79} + 1*{  65  83} + 1*{ 209 227} = 0 

1*{  63 225} + 1*{  62 224} + -1*{  80 206} + -1*{  81 207} + -1*{  79 205} + 1*{  61 223} + 1*{  64 226} + -1*{  82 208} + 1*{  65 227} + -1*{  83 209} + -1*{ 309} = 0 

-0.166667*{} + 1*{ 311 311} + 1*{ 310 310} = 0 

1*{ 206 254} + 1*{  64 112} + 1*{ 207 255} + 1*{  62 110} + 1*{ 209 257} + 1*{ 205 253} + 1*{  63 111} + 1*{  61 109} + 0.166667*{} + 1*{ 208 256} + 1*{  65 113} + -1*{ 310} = 0 

1*{  63 255} + -1*{ 109 205} + 1*{  62 254} + 1*{  61 253} + -1*{ 112 208} + -1*{ 111 207} + 1*{  64 256} + 1*{  65 257} + -1*{ 113 209} + -1*{ 110 206} + -1*{ 311} = 0 

-0.166667*{} + 1*{ 205 205} + 1*{  61  61} = 0 

-0.166667*{} + 1*{ 206 206} + 1*{  62  62} = 0 

-0.166667*{} + 1*{ 207 207} + 1*{  63  63} = 0 

-0.166667*{} + 1*{ 208 208} + 1*{  64  64} = 0 

-0.166667*{} + 1*{ 209 209} + 1*{  65  65} = 0 

0.333333*{  63  64} + 0.166667*{  61  61} + 0.333333*{  63  65} + 0.166667*{ 206 206} + 0.333333*{ 206 209} + 0.333333*{ 207 209} + 0.333333*{ 206 208} + 0.333333*{ 205 209} + 0.333333*{  62  63} + 0.136083*{  65} + 0.333333*{  61  64} + 0.333333*{ 205 207} + 0.333333*{  61  63} + 0.333333*{  62  65} + 0.333333*{  64  65} + 0.166667*{ 208 208} + 0.166667*{  65  65} + 0.0277778*{} + 0.333333*{ 208 209} + 0.166667*{  64  64} + 0.166667*{ 209 209} + 0.136083*{  64} + 0.136083*{  61} + 0.136083*{  63} + 0.136083*{  62} + 0.333333*{  61  65} + 0.333333*{  61  62} + 0.333333*{  62  64} + 0.333333*{ 207 208} + 0.333333*{ 205 206} + 0.333333*{ 206 207} + 0.166667*{ 205 205} + 0.166667*{  63  63} + 0.333333*{ 205 208} + 0.166667*{  62  62} + 0.166667*{ 207 207} = 0 

1*{ 220 226} + 1*{  74  80} + 1*{  75  81} + 1*{ 221 227} + 1*{  77  83} + 1*{ 217 223} + 1*{ 219 225} + 1*{  73  79} + 1*{ 218 224} + 0.166667*{} + 1*{  76  82} = 0 

-1*{  81 219} + -1*{  80 218} + 1*{  74 224} + -1*{  79 217} + 1*{  75 225} + -1*{  83 221} + 1*{  76 226} + 1*{  73 223} + -1*{  82 220} + 1*{  77 227} = 0 

-0.166667*{} + 1*{ 313 313} + 1*{ 312 312} = 0 

1*{  74 110} + 0.166667*{} + 1*{ 220 256} + 1*{  75 111} + -1*{ 312} + 1*{  77 113} + 1*{ 218 254} + 1*{ 217 253} + 1*{ 219 255} + 1*{  73 109} + 1*{  76 112} + 1*{ 221 257} = 0 

-1*{ 111 219} + -1*{ 110 218} + 1*{  74 254} + 1*{  75 255} + 1*{  73 253} + 1*{  76 256} + -1*{ 109 217} + -1*{ 112 220} + 1*{  77 257} + -1*{ 113 221} + -1*{ 313} = 0 

-0.166667*{} + 1*{ 217 217} + 1*{  73  73} = 0 

-0.166667*{} + 1*{ 218 218} + 1*{  74  74} = 0 

-0.166667*{} + 1*{ 219 219} + 1*{  75  75} = 0 

-0.166667*{} + 1*{ 220 220} + 1*{  76  76} = 0 

-0.166667*{} + 1*{ 221 221} + 1*{  77  77} = 0 

0.333333*{ 219 220} + 0.166667*{  75  75} + 0.333333*{  74  77} + 0.333333*{  75  76} + 0.333333*{ 218 219} + 0.333333*{ 218 221} + 0.333333*{ 218 220} + 0.333333*{ 220 221} + 0.166667*{ 221 221} + 0.136083*{  77} + 0.333333*{ 219 221} + 0.136083*{  75} + 0.333333*{  73  74} + 0.166667*{ 219 219} + 0.333333*{  73  77} + 0.333333*{ 217 218} + 0.166667*{ 218 218} + 0.166667*{  76  76} + 0.333333*{  73  76} + 0.333333*{ 217 221} + 0.333333*{ 217 219} + 0.333333*{  74  75} + 0.333333*{  73  75} + 0.166667*{  74  74} + 0.333333*{ 217 220} + 0.166667*{  73  73} + 0.166667*{ 220 220} + 0.333333*{  75  77} + 0.136083*{  73} + 0.166667*{ 217 217} + 0.136083*{  74} + -0.138889*{} + 0.333333*{  74  76} + 0.333333*{  76  77} + 0.166667*{  77  77} + 0.136083*{  76} = 0 

-0.166667*{} + 1*{ 315 315} + 1*{ 314 314} = 0 

1*{ 224 254} + 1*{ 223 253} + 1*{  81 111} + 1*{  80 110} + 1*{ 227 257} + 0.166667*{} + 1*{  82 112} + 1*{  79 109} + 1*{ 226 256} + 1*{ 225 255} + 1*{  83 113} + -1*{ 314} = 0 

-1*{ 109 223} + 1*{  81 255} + -1*{ 110 224} + -1*{ 111 225} + -1*{ 112 226} + -1*{ 113 227} + 1*{  79 253} + 1*{  80 254} + 1*{  82 256} + 1*{  83 257} + -1*{ 315} = 0 

-0.166667*{} + 1*{ 223 223} + 1*{  79  79} = 0 

-0.166667*{} + 1*{ 224 224} + 1*{  80  80} = 0 

-0.166667*{} + 1*{ 225 225} + 1*{  81  81} = 0 

-0.166667*{} + 1*{ 226 226} + 1*{  82  82} = 0 

1*{ 227 227} + -0.166667*{} + 1*{  83  83} = 0 

0.166667*{  80  80} + 0.333333*{  80  83} + 0.333333*{  79  82} + 0.166667*{ 223 223} + 0.333333*{ 223 225} + 0.333333*{  80  81} + 0.166667*{ 227 227} + 0.333333*{ 224 227} + 0.333333*{ 226 227} + 0.166667*{ 225 225} + 0.166667*{  82  82} + 0.333333*{  79  83} + 0.333333*{  81  82} + 0.166667*{  81  81} + 0.333333*{  80  82} + 0.333333*{ 225 227} + 0.333333*{ 224 226} + 0.166667*{  79  79} + 0.333333*{ 225 226} + 0.166667*{ 224 224} + 0.333333*{  79  80} + 0.166667*{ 226 226} + 0.333333*{  81  83} + 0.333333*{ 224 225} + -0.138889*{} + 0.166667*{  83  83} + 0.136083*{  81} + 0.333333*{ 223 224} + 0.136083*{  80} + 0.333333*{  82  83} + 0.136083*{  83} + 0.136083*{  82} + 0.333333*{  79  81} + 0.136083*{  79} + 0.333333*{ 223 227} + 0.333333*{ 223 226} = 0 

-0.166667*{} + 1*{ 253 253} + 1*{ 109 109} = 0 

-0.166667*{} + 1*{ 254 254} + 1*{ 110 110} = 0 

-0.166667*{} + 1*{ 255 255} + 1*{ 111 111} = 0 

-0.166667*{} + 1*{ 256 256} + 1*{ 112 112} = 0 

-0.166667*{} + 1*{ 257 257} + 1*{ 113 113} = 0 

0.333333*{ 110 111} + 0.166667*{ 256 256} + 0.333333*{ 255 256} + 0.333333*{ 254 256} + 0.166667*{ 112 112} + 0.333333*{ 110 112} + 0.136083*{ 111} + 0.333333*{ 110 113} + 0.333333*{ 109 113} + 0.333333*{ 253 255} + 0.333333*{ 109 112} + 0.333333*{ 111 112} + 0.166667*{ 111 111} + 0.333333*{ 109 111} + 0.333333*{ 254 255} + 0.136083*{ 110} + 0.166667*{ 113 113} + 0.333333*{ 254 257} + 0.333333*{ 109 110} + 0.333333*{ 111 113} + 0.166667*{ 257 257} + 0.166667*{ 110 110} + 0.333333*{ 253 256} + 0.333333*{ 255 257} + 0.166667*{ 255 255} + 0.136083*{ 112} + 0.333333*{ 112 113} + 0.166667*{ 254 254} + 0.333333*{ 256 257} + 0.166667*{ 109 109} + 0.136083*{ 109} + -0.138889*{} + 0.136083*{ 113} + 0.333333*{ 253 257} + 0.333333*{ 253 254} + 0.166667*{ 253 253} = 0 

---------------------
Summary:
---------------------
set sizes: {6, 5, 2, 1}, vars: 98, vectors: 14, equations: 98, indep eqn: 98

---------------------
Optimization:
---------------------
1 3.803e+00 3.803e+00
2 3.030e+02 3.803e+00
3 1.171e+02 3.803e+00
4 5.493e+01 3.803e+00
5 1.995e+01 3.803e+00
6 1.026e+01 3.803e+00
7 3.645e+00 3.645e+00
8 1.317e+00 1.317e+00
9 4.857e-01 4.857e-01
10 3.107e+00 4.857e-01
11 3.477e+01 4.857e-01
12 3.046e+01 4.857e-01
13 1.143e+01 4.857e-01
14 4.074e+00 4.857e-01
15 1.811e+00 4.857e-01
16 7.119e-01 4.857e-01
17 2.523e-01 2.523e-01
18 9.533e-02 9.533e-02
19 4.125e-02 4.125e-02
20 1.250e+00 4.125e-02
21 6.858e-01 4.125e-02
22 3.291e-01 4.125e-02
23 1.756e-01 4.125e-02
24 6.508e-02 4.125e-02
25 2.490e-02 2.490e-02
26 1.047e-02 1.047e-02
27 5.887e-03 5.887e-03
28 5.183e-03 5.183e-03
29 1.835e-01 5.183e-03
30 6.064e-02 5.183e-03
31 6.620e+00 5.183e-03
32 1.002e+03 5.183e-03
33 3.836e+02 5.183e-03
34 1.393e+02 5.183e-03
35 5.126e+01 5.183e-03
36 2.575e+02 5.183e-03
37 1.386e+02 5.183e-03
38 5.741e+02 5.183e-03
39 2.064e+02 5.183e-03
40 7.485e+01 5.183e-03
41 2.995e+01 5.183e-03
42 1.068e+01 5.183e-03
43 3.797e+00 5.183e-03
44 1.351e+00 5.183e-03
45 5.212e-01 5.183e-03
46 3.836e+05 5.183e-03
47 1.433e+05 5.183e-03
48 5.167e+04 5.183e-03
49 1.863e+04 5.183e-03
50 7.012e+03 5.183e-03
51 2.527e+03 5.183e-03
52 9.097e+02 5.183e-03
53 3.562e+02 5.183e-03
54 1.291e+02 5.183e-03
55 4.618e+01 5.183e-03
56 1.648e+01 5.183e-03
57 5.866e+00 5.183e-03
58 2.087e+00 5.183e-03
59 9.199e-01 5.183e-03
60 4.199e-01 5.183e-03
61 1.525e-01 5.183e-03
62 6.128e-02 5.183e-03
63 7.622e-01 5.183e-03
64 2.868e-01 5.183e-03
65 6.917e+04 5.183e-03
66 5.928e+06 5.183e-03
67 1.903e+08 5.183e-03
68 6.865e+07 5.183e-03
69 2.488e+07 5.183e-03
70 8.977e+06 5.183e-03
71 3.238e+06 5.183e-03
72 1.168e+06 5.183e-03
73 4.215e+05 5.183e-03
74 1.521e+05 5.183e-03
75 5.485e+04 5.183e-03
76 1.979e+04 5.183e-03
77 7.146e+03 5.183e-03
78 2.577e+03 5.183e-03
79 9.294e+02 5.183e-03
80 3.350e+02 5.183e-03
81 1.207e+02 5.183e-03
82 4.399e+01 5.183e-03
83 1.579e+01 5.183e-03
84 5.650e+00 5.183e-03
85 2.028e+00 5.183e-03
86 7.197e-01 5.183e-03
87 2.589e-01 5.183e-03
88 9.317e-02 5.183e-03
89 1.084e+01 5.183e-03
90 1.075e+03 5.183e-03
91 5.714e+03 5.183e-03
92 2.063e+03 5.183e-03
93 7.470e+02 5.183e-03
94 2.853e+02 5.183e-03
95 1.027e+02 5.183e-03
96 3.690e+01 5.183e-03
97 1.325e+01 5.183e-03
98 4.743e+00 5.183e-03
99 1.696e+00 5.183e-03
100 6.096e-01 5.183e-03
101 2.260e-01 5.183e-03
102 9.349e-02 5.183e-03
103 5.279e-02 5.183e-03
104 7.199e-02 5.183e-03
105 2.704e-02 5.183e-03
106 1.501e-02 5.183e-03
107 7.620e-02 5.183e-03
108 2.610e-02 5.183e-03
109 2.486e+01 5.183e-03
110 3.420e+02 5.183e-03
111 1.236e+02 5.183e-03
112 4.607e+01 5.183e-03
113 1.646e+01 5.183e-03
114 5.903e+00 5.183e-03
115 3.814e+00 5.183e-03
116 1.347e+00 5.183e-03
117 4.789e-01 5.183e-03
118 1.725e-01 5.183e-03
119 7.026e-02 5.183e-03
120 3.655e-02 5.183e-03
121 3.782e-02 5.183e-03
122 1.945e-02 5.183e-03
123 5.290e-02 5.183e-03
124 1.834e-02 5.183e-03
125 7.626e-03 5.183e-03
126 6.121e-03 5.183e-03
127 1.102e-01 5.183e-03
128 3.716e-02 5.183e-03
129 1.425e-02 5.183e-03
130 6.242e-03 5.183e-03
131 5.071e-03 5.071e-03
132 4.380e-01 5.071e-03
133 1.559e-01 5.071e-03
134 6.943e-02 5.071e-03
135 2.399e-02 5.071e-03
136 9.751e-03 5.071e-03
137 6.114e-03 5.071e-03
138 7.507e-01 5.071e-03
139 2.524e-01 5.071e-03
140 3.765e+03 5.071e-03
141 2.837e+03 5.071e-03
142 1.024e+03 5.071e-03
143 4.284e+02 5.071e-03
144 1.565e+02 5.071e-03
145 5.605e+01 5.071e-03
146 2.004e+01 5.071e-03
147 7.161e+00 5.071e-03
148 2.565e+00 5.071e-03
149 9.305e-01 5.071e-03
150 3.473e-01 5.071e-03
151 1.377e-01 5.071e-03
152 6.551e-02 5.071e-03
153 8.013e-02 5.071e-03
154 4.281e-02 5.071e-03
155 5.995e-01 5.071e-03
156 5.126e+01 5.071e-03
157 2.599e+01 5.071e-03
158 1.097e+01 5.071e-03
159 5.745e+00 5.071e-03
160 8.945e+03 5.071e-03
161 1.208e+04 5.071e-03
162 4.414e+03 5.071e-03
163 1.598e+03 5.071e-03
164 5.753e+02 5.071e-03
165 2.070e+02 5.071e-03
166 7.427e+01 5.071e-03
167 2.666e+01 5.071e-03
168 9.567e+00 5.071e-03
169 3.458e+00 5.071e-03
170 1.278e+00 5.071e-03
171 5.042e-01 5.071e-03
172 2.315e-01 5.071e-03
173 1.554e-01 5.071e-03
174 1.613e-01 5.071e-03
175 6.766e-02 5.071e-03
176 4.289e-02 5.071e-03
177 5.320e-02 5.071e-03
178 2.032e-02 5.071e-03
179 1.048e-02 5.071e-03
180 1.282e-02 5.071e-03
181 5.200e-03 5.071e-03
182 3.748e-03 3.748e-03
183 2.317e-02 3.748e-03
184 7.663e-03 3.748e-03
185 2.890e-03 2.890e-03
186 1.494e-03 1.494e-03
187 6.921e-03 1.494e-03
188 2.501e-03 1.494e-03
189 9.687e-04 9.687e-04
190 7.820e-04 7.820e-04
191 2.089e+00 7.820e-04
192 7.102e-01 7.820e-04
193 2.388e-01 7.820e-04
194 8.014e-02 7.820e-04
195 4.604e+00 7.820e-04
196 6.907e+02 7.820e-04
197 2.511e+02 7.820e-04
198 9.056e+01 7.820e-04
199 3.850e+01 7.820e-04
200 1.852e+03 7.820e-04
201 6.807e+02 7.820e-04
202 4.315e+02 7.820e-04
203 1.558e+02 7.820e-04
204 5.594e+01 7.820e-04
205 2.263e+01 7.820e-04
206 8.137e+00 7.820e-04
207 4.409e+00 7.820e-04
208 1.924e+00 7.820e-04
209 6.975e-01 7.820e-04
210 2.587e-01 7.820e-04
211 9.798e-02 7.820e-04
212 3.933e-02 7.820e-04
213 1.806e-02 7.820e-04
214 1.148e-02 7.820e-04
215 4.542e-03 7.820e-04
216 2.272e-03 7.820e-04
217 1.662e-03 7.820e-04
218 9.223e-04 7.820e-04
219 3.925e-03 7.820e-04
220 1.281e-03 7.820e-04
221 4.789e-04 4.789e-04
222 2.797e-04 2.797e-04
223 8.109e-04 2.797e-04
224 2.878e-04 2.797e-04
225 1.555e-04 1.555e-04
226 9.180e-03 1.555e-04
227 2.870e-03 1.555e-04
228 9.109e-04 1.555e-04
229 3.049e-04 1.555e-04
230 1.194e-04 1.194e-04
231 7.393e-05 7.393e-05
232 5.068e-04 7.393e-05
233 1.640e-04 7.393e-05
234 5.916e-05 5.916e-05
235 3.030e-05 3.030e-05
236 5.381e-05 3.030e-05
237 2.063e-05 2.063e-05
238 1.471e-05 1.471e-05
239 1.720e-01 1.471e-05
240 8.615e-02 1.471e-05
241 2.804e-02 1.471e-05
242 9.039e-03 1.471e-05
243 2.950e-03 1.471e-05
244 1.018e-03 1.471e-05
245 4.149e-04 1.471e-05
246 2.852e-04 1.471e-05
247 6.949e-02 1.471e-05
248 7.494e-02 1.471e-05
249 3.346e-02 1.471e-05
250 1.150e-02 1.471e-05
251 4.304e-03 1.471e-05
252 1.735e-03 1.471e-05
253 9.039e-04 1.471e-05
254 8.384e-03 1.471e-05
255 2.945e-03 1.471e-05
256 9.613e-04 1.471e-05
257 3.105e-04 1.471e-05
258 1.079e-04 1.471e-05
259 4.536e-05 1.471e-05
260 2.921e-05 1.471e-05
261 1.204e-05 1.204e-05
262 6.686e-05 1.204e-05
263 3.377e-05 1.204e-05
264 7.756e-05 1.204e-05
265 3.938e-05 1.204e-05
266 1.808e-05 1.204e-05
267 9.346e-06 9.346e-06
268 6.430e-06 6.430e-06
269 3.958e-06 3.958e-06
270 2.590e-06 2.590e-06
271 1.490e-06 1.490e-06
272 8.891e-07 8.891e-07
273 6.030e-07 6.030e-07
274 3.306e-07 3.306e-07
275 6.611e-07 3.306e-07
276 2.549e-07 2.549e-07
277 2.046e-07 2.046e-07
278 1.454e-06 2.046e-07
279 4.950e-07 2.046e-07
280 2.191e-07 2.046e-07
281 2.531e-07 2.046e-07
282 1.310e-07 1.310e-07
283 1.836e-07 1.310e-07
284 8.453e-08 8.453e-08
285 4.645e-06 8.453e-08
286 1.440e-06 8.453e-08
287 4.493e-07 8.453e-08
288 1.494e-07 8.453e-08
289 6.089e-08 6.089e-08
290 5.363e-08 5.363e-08
291 3.413e-08 3.413e-08
292 1.004e-06 3.413e-08
293 4.434e-06 3.413e-08
294 1.473e-06 3.413e-08
295 4.631e-07 3.413e-08
296 1.632e-07 3.413e-08
297 1.131e-07 3.413e-08
298 1.082e-07 3.413e-08
299 2.296e-07 3.413e-08
300 8.995e-08 3.413e-08
301 8.367e-08 3.413e-08
302 6.208e-08 3.413e-08
303 5.737e-08 3.413e-08
304 3.407e-08 3.407e-08
305 6.063e-08 3.407e-08
306 2.469e-08 2.469e-08
307 2.695e-08 2.469e-08
308 4.129e-08 2.469e-08
309 1.628e-08 1.628e-08
310 1.463e-08 1.463e-08
311 2.453e-06 1.463e-08
312 7.457e-07 1.463e-08
313 2.291e-07 1.463e-08
314 7.291e-08 1.463e-08
315 2.627e-08 1.463e-08
316 1.590e-08 1.463e-08
317 1.296e-05 1.463e-08
318 3.926e-06 1.463e-08
319 1.190e-06 1.463e-08
320 3.613e-07 1.463e-08
321 1.105e-07 1.463e-08
322 3.461e-08 1.463e-08
323 1.173e-08 1.173e-08
324 5.397e-09 5.397e-09
325 9.697e-09 5.397e-09
326 3.935e-09 3.935e-09
327 4.737e-06 3.935e-09
328 1.435e-06 3.935e-09
329 4.360e-07 3.935e-09
330 1.337e-07 3.935e-09
331 4.228e-08 3.935e-09
332 1.497e-08 3.935e-09
333 9.534e-09 3.935e-09
334 3.252e-08 3.935e-09
335 1.230e-08 3.935e-09
336 8.632e-09 3.935e-09
337 8.632e-09 3.935e-09
338 4.701e-09 3.935e-09
339 5.248e-09 3.935e-09
340 3.064e-09 3.064e-09
341 3.257e-09 3.064e-09
342 1.380e-09 1.380e-09
343 1.028e-09 1.028e-09
344 5.669e-10 5.669e-10
345 5.901e-10 5.669e-10
346 2.784e-10 2.784e-10
347 4.882e-10 2.784e-10
348 1.798e-10 1.798e-10
349 1.089e-10 1.089e-10
350 6.371e-10 1.089e-10
351 2.010e-10 1.089e-10
352 7.011e-11 7.011e-11
353 3.608e-11 3.608e-11
354 1.134e-10 3.608e-11
355 3.751e-11 3.608e-11
356 1.547e-11 1.547e-11
357 1.175e-11 1.175e-11
358 9.089e-09 1.175e-11
359 3.142e-09 1.175e-11
360 9.693e-10 1.175e-11
361 3.104e-10 1.175e-11
362 1.103e-10 1.175e-11
363 5.014e-11 1.175e-11
364 4.298e-11 1.175e-11
365 1.955e-11 1.175e-11
366 2.234e-11 1.175e-11
367 9.215e-12 9.215e-12
368 5.143e-12 5.143e-12
369 3.687e-11 5.143e-12
370 1.144e-11 5.143e-12
371 3.742e-12 3.742e-12
372 1.657e-12 1.657e-12
373 2.145e-11 1.657e-12
374 6.586e-12 1.657e-12
375 2.090e-12 1.657e-12
376 7.365e-13 7.365e-13
377 9.970e-13 7.365e-13
378 2.861e-12 7.365e-13
379 5.788e-13 5.788e-13
380 5.582e-12 5.788e-13
381 1.604e-12 5.788e-13
382 1.981e-13 1.981e-13
383 6.744e-12 1.981e-13
384 2.038e-12 1.981e-13
385 5.988e-13 1.981e-13
386 5.816e-14 5.816e-14
1 (precision) 4.465e-12 5.816e-14 (from 5.816e-14)
2 (precision) 1.218e-12 5.816e-14 (from 5.816e-14)
3 (precision) 2.029e-13 5.816e-14 (from 5.816e-14)
4 (precision) 4.833e-12 5.816e-14 (from 5.816e-14)
5 (precision) 1.330e-12 5.816e-14 (from 5.816e-14)
6 (precision) 3.666e-13 5.816e-14 (from 5.816e-14)
7 (precision) 1.014e-13 5.816e-14 (from 5.816e-14)
8 (precision) 2.761e-14 2.761e-14 (from 5.816e-14)
9 (precision) 2.784e-13 2.761e-14 (from 5.816e-14)
10 (precision) 6.560e-14 2.761e-14 (from 5.816e-14)
11 (precision) 3.176e-13 2.761e-14 (from 5.816e-14)
12 (precision) 7.928e-14 2.761e-14 (from 5.816e-14)
13 (precision) 3.445e-14 2.761e-14 (from 5.816e-14)
14 (precision) 1.080e-14 1.080e-14 (from 5.816e-14)
15 (precision) 6.618e-15 6.618e-15 (from 5.816e-14)
16 (precision) 1.275e-09 6.618e-15 (from 5.816e-14)
17 (precision) 3.515e-10 6.618e-15 (from 5.816e-14)
18 (precision) 9.689e-11 6.618e-15 (from 5.816e-14)
19 (precision) 2.672e-11 6.618e-15 (from 5.816e-14)
20 (precision) 7.364e-12 6.618e-15 (from 5.816e-14)
21 (precision) 2.024e-12 6.618e-15 (from 5.816e-14)
22 (precision) 5.584e-13 6.618e-15 (from 5.816e-14)
23 (precision) 1.480e-13 6.618e-15 (from 5.816e-14)
24 (precision) 5.063e-14 6.618e-15 (from 5.816e-14)
25 (precision) 1.371e-14 6.618e-15 (from 5.816e-14)
26 (precision) 4.987e-16 4.987e-16 (from 5.816e-14)
27 (precision) 1.823e-15 4.987e-16 (from 5.816e-14)
28 (precision) 2.681e-15 4.987e-16 (from 5.816e-14)
29 (precision) 7.535e-15 4.987e-16 (from 5.816e-14)
30 (precision) 2.612e-15 4.987e-16 (from 5.816e-14)
31 (precision) 7.350e-14 4.987e-16 (from 5.816e-14)
32 (precision) 2.361e-14 4.987e-16 (from 5.816e-14)
33 (precision) 2.465e-15 4.987e-16 (from 5.816e-14)
34 (precision) 2.084e-15 4.987e-16 (from 5.816e-14)
35 (precision) 4.972e-15 4.987e-16 (from 5.816e-14)
36 (precision) 1.619e-14 4.987e-16 (from 5.816e-14)
37 (precision) 4.560e-15 4.987e-16 (from 5.816e-14)
38 (precision) 2.785e-15 4.987e-16 (from 5.816e-14)
39 (precision) 4.673e-15 4.987e-16 (from 5.816e-14)
40 (precision) 1.285e-15 4.987e-16 (from 5.816e-14)
41 (precision) 3.059e-14 4.987e-16 (from 5.816e-14)
42 (precision) 8.740e-15 4.987e-16 (from 5.816e-14)
43 (precision) 1.036e-14 4.987e-16 (from 5.816e-14)
44 (precision) 6.364e-16 4.987e-16 (from 5.816e-14)
45 (precision) 2.182e-14 4.987e-16 (from 5.816e-14)
46 (precision) 3.935e-15 4.987e-16 (from 5.816e-14)
47 (precision) 5.374e-16 4.987e-16 (from 5.816e-14)
48 (precision) 1.223e-15 4.987e-16 (from 5.816e-14)
49 (precision) 9.022e-16 4.987e-16 (from 5.816e-14)
50 (precision) 2.659e-15 4.987e-16 (from 5.816e-14)
51 (precision) 1.253e-15 4.987e-16 (from 5.816e-14)
52 (precision) 3.005e-15 4.987e-16 (from 5.816e-14)
53 (precision) 7.319e-16 4.987e-16 (from 5.816e-14)
54 (precision) 6.690e-15 4.987e-16 (from 5.816e-14)
55 (precision) 2.280e-14 4.987e-16 (from 5.816e-14)
56 (precision) 9.356e-15 4.987e-16 (from 5.816e-14)
57 (precision) 4.979e-15 4.987e-16 (from 5.816e-14)
58 (precision) 1.849e-15 4.987e-16 (from 5.816e-14)
59 (precision) 1.443e-16 1.443e-16 (from 5.816e-14)
60 (precision) 9.407e-16 1.443e-16 (from 5.816e-14)
61 (precision) 6.339e-15 1.443e-16 (from 5.816e-14)
62 (precision) 3.516e-15 1.443e-16 (from 5.816e-14)
63 (precision) 1.420e-15 1.443e-16 (from 5.816e-14)
64 (precision) 6.468e-17 6.468e-17 (from 5.816e-14)
65 (precision) 1.314e-15 6.468e-17 (from 5.816e-14)
66 (precision) 1.245e-15 6.468e-17 (from 5.816e-14)
67 (precision) 2.605e-15 6.468e-17 (from 5.816e-14)
68 (precision) 2.056e-15 6.468e-17 (from 5.816e-14)
69 (precision) 4.057e-16 6.468e-17 (from 5.816e-14)
70 (precision) 6.084e-16 6.468e-17 (from 5.816e-14)
71 (precision) 2.590e-15 6.468e-17 (from 5.816e-14)
72 (precision) 1.705e-15 6.468e-17 (from 5.816e-14)
73 (precision) 2.828e-15 6.468e-17 (from 5.816e-14)
74 (precision) 3.439e-15 6.468e-17 (from 5.816e-14)
75 (precision) 4.578e-15 6.468e-17 (from 5.816e-14)
76 (precision) 1.062e-15 6.468e-17 (from 5.816e-14)
77 (precision) 2.317e-15 6.468e-17 (from 5.816e-14)
78 (precision) 1.925e-15 6.468e-17 (from 5.816e-14)
79 (precision) 6.854e-16 6.468e-17 (from 5.816e-14)
80 (precision) 5.033e-17 5.033e-17 (from 5.816e-14)
81 (precision) 2.707e-15 5.033e-17 (from 5.816e-14)
82 (precision) 4.161e-15 5.033e-17 (from 5.816e-14)
83 (precision) 7.068e-15 5.033e-17 (from 5.816e-14)
84 (precision) 3.828e-15 5.033e-17 (from 5.816e-14)
85 (precision) 1.425e-15 5.033e-17 (from 5.816e-14)
86 (precision) 2.200e-16 5.033e-17 (from 5.816e-14)
87 (precision) 7.134e-16 5.033e-17 (from 5.816e-14)
88 (precision) 1.438e-15 5.033e-17 (from 5.816e-14)
89 (precision) 8.907e-16 5.033e-17 (from 5.816e-14)
90 (precision) 1.678e-15 5.033e-17 (from 5.816e-14)
91 (precision) 2.677e-16 5.033e-17 (from 5.816e-14)
92 (precision) 5.143e-17 5.033e-17 (from 5.816e-14)
93 (precision) 5.569e-16 5.033e-17 (from 5.816e-14)
94 (precision) 5.491e-16 5.033e-17 (from 5.816e-14)
95 (precision) 6.476e-16 5.033e-17 (from 5.816e-14)
96 (precision) 1.919e-15 5.033e-17 (from 5.816e-14)
97 (precision) 1.395e-15 5.033e-17 (from 5.816e-14)
98 (precision) 3.916e-16 5.033e-17 (from 5.816e-14)
99 (precision) 2.013e-19 2.013e-19 (from 5.816e-14)
100 (precision) 2.994e-16 2.013e-19 (from 5.816e-14)

x: -1.931e-01  1.901e-01 -3.986e-01 -5.791e-02  5.112e-02 -4.070e-01 -1.902e-01  2.899e-01 -2.038e-01  1.029e-01  2.663e-02 -1.553e-01 -1.674e-01  2.921e-01 -4.042e-01  7.618e-02 -4.082e-01 -7.610e-02 -3.570e-02  3.560e-02  9.513e-02 -2.118e-02  4.059e-01 -2.245e-01 -3.235e-01  4.047e-01  2.124e-02 -1.866e-01  3.549e-01 -1.750e-01 -1.158e-01 -2.835e-01  4.081e-01 -9.236e-02  3.032e-01  3.597e-01  3.613e-01  8.811e-02 -4.041e-01 -4.050e-01  3.237e-02 -3.612e-01  2.875e-01 -3.537e-01  3.951e-01  4.074e-01 -3.775e-01 -3.724e-01  2.852e-01  5.729e-02 -4.011e-01 -4.123e-05  4.011e-01  4.067e-01 -4.067e-01  3.970e-01  4.077e-01  4.376e-02  3.410e-01 -2.491e-01  5.380e-02 -4.077e-01  3.631e-01 -2.018e-01 -3.689e-01 -3.915e-01  2.937e-01 -9.453e-03 -3.977e-01 -2.734e-01  2.360e-01 -3.331e-01  2.724e-01 -3.041e-01  2.292e-01  3.379e-01 -7.874e-02 -4.006e-01  3.256e-02  4.069e-01  3.472e-01 -2.148e-01  2.442e-01  3.271e-01  3.417e-01 -2.234e-01 -4.062e-01  4.094e-02  2.464e-01 -3.255e-01  3.762e-01  1.586e-01  3.593e-01 -1.938e-01  1.464e-01  3.811e-01 -1.135e-02 -4.081e-01  1.977e-57

grad: -5.203e-66 -3.897e-65 -9.925e-66  4.056e-65 -3.002e-65 -5.147e-66  2.266e-64 -4.592e-65 -3.903e-65 -4.423e-65 -8.833e-66  8.780e-66 -7.706e-67 -2.684e-65  4.125e-65  2.913e-65  5.021e-66 -1.554e-65  1.035e-65 -9.619e-66  2.877e-65  3.923e-65 -5.327e-65  4.153e-65 -3.970e-65 -9.753e-66 -4.661e-65  3.516e-65 -2.811e-65  5.575e-65  5.417e-65  1.070e-64 -6.522e-65  4.270e-65 -5.518e-65 -3.134e-65 -1.135e-64  6.335e-65 -4.915e-65  7.373e-65  1.169e-64  7.755e-65 -8.916e-65  3.761e-65 -3.909e-65  4.134e-65  6.296e-65 -3.911e-65  2.692e-65 -3.855e-65  8.987e-66  3.635e-65 -6.607e-65  4.086e-65 -2.578e-65 -2.857e-65 -1.043e-64  3.934e-65 -1.492e-66  2.374e-65  2.669e-65  1.054e-64 -3.874e-65 -8.937e-66 -1.747e-66 -2.858e-65 -8.518e-65  1.649e-65  1.571e-65 -2.146e-66  1.828e-65  1.806e-65 -1.737e-65 -3.323e-65  1.730e-65  4.855e-65 -1.105e-65 -8.571e-65 -2.917e-66  7.972e-65  4.504e-65 -8.364e-65 -9.565e-66 -8.106e-66  2.105e-65  3.213e-65 -1.284e-65 -1.938e-65 -2.633e-66 -1.721e-65 -7.019e-67  2.306e-66 -2.572e-66 -1.663e-65  3.717e-65  2.584e-65 -3.262e-65 -2.228e-65  2.994e-16

finished in 386 iterations (0.211 seconds total)
max viol = 2.21e-08

---------------------
Result:
---------------------

{(1,0), (0,0), (0,0), (0,0), (0,0), (0,0)}, {(0,0), (1,0), (0,0), (0,0), (0,0), (0,0)}, {(0,0), (0,0), (1,0), (0,0), (0,0), (0,0)}, {(0,0), (0,0), (0,0), (1,0), (0,0), (0,0)}, {(0,0), (0,0), (0,0), (0,0), (1,0), (0,0)}, {(0,0), (0,0), (0,0), (0,0), (0,0), (1,0)}


{(0.408,0), (0.408,0), (0.408,0), (0.408,0), (0.408,0), (0.408,0)}, {(0.408,0), (-0.193,0.36), (0.19,0.361), (-0.399,0.0881), (-0.0579,-0.404), (0.0511,-0.405)}, {(0.408,0), (-0.407,0.0324), (-0.19,-0.361), (0.29,0.287), (-0.204,-0.354), (0.103,0.395)}, {(0.408,0), (0.0266,0.407), (-0.155,-0.378), (-0.167,-0.372), (0.292,0.285), (-0.404,0.0573)}, {(0.408,0), (0.0762,-0.401), (-0.408,-4.12e-05), (-0.0761,0.401), (-0.0357,0.407), (0.0356,-0.407)}, {}


{(0.408,0), (0.0951,0.397), (-0.0212,0.408), (0.406,0.0438), (-0.224,0.341), (-0.323,-0.249)}, {(0.408,0), (0.405,0.0538), (0.0212,-0.408), (-0.187,0.363), (0.355,-0.202), (-0.175,-0.369)}, {}, {}, {}, {}


{(0.408,0), (-0.116,-0.391), (-0.284,0.294), (0.408,-0.00945), (-0.0924,-0.398), (0.303,-0.273)}, {}, {}, {}, {}, {}

---------------------
Abs of Gram matrix:
---------------------

 { { +1.0000, +0.0000, +0.0000, +0.0000, +0.0000, +0.0000, +0.4082, +0.4082, +0.4082, +0.4082, +0.4082, +0.0000, +0.4082, +0.4082, +0.0000, +0.0000, +0.0000, +0.0000, +0.4082, +0.0000, +0.0000, +0.0000, +0.0000, +0.0000}, 
   { +0.0000, +1.0000, +0.0000, +0.0000, +0.0000, +0.0000, +0.4082, +0.4082, +0.4082, +0.4082, +0.4082, +0.0000, +0.4082, +0.4082, +0.0000, +0.0000, +0.0000, +0.0000, +0.4082, +0.0000, +0.0000, +0.0000, +0.0000, +0.0000}, 
   { +0.0000, +0.0000, +1.0000, +0.0000, +0.0000, +0.0000, +0.4082, +0.4082, +0.4082, +0.4082, +0.4082, +0.0000, +0.4082, +0.4082, +0.0000, +0.0000, +0.0000, +0.0000, +0.4082, +0.0000, +0.0000, +0.0000, +0.0000, +0.0000}, 
   { +0.0000, +0.0000, +0.0000, +1.0000, +0.0000, +0.0000, +0.4082, +0.4082, +0.4082, +0.4082, +0.4082, +0.0000, +0.4082, +0.4082, +0.0000, +0.0000, +0.0000, +0.0000, +0.4082, +0.0000, +0.0000, +0.0000, +0.0000, +0.0000}, 
   { +0.0000, +0.0000, +0.0000, +0.0000, +1.0000, +0.0000, +0.4082, +0.4082, +0.4082, +0.4082, +0.4082, +0.0000, +0.4082, +0.4082, +0.0000, +0.0000, +0.0000, +0.0000, +0.4082, +0.0000, +0.0000, +0.0000, +0.0000, +0.0000}, 
   { +0.0000, +0.0000, +0.0000, +0.0000, +0.0000, +1.0000, +0.4082, +0.4082, +0.4082, +0.4082, +0.4082, +0.0000, +0.4082, +0.4082, +0.0000, +0.0000, +0.0000, +0.0000, +0.4082, +0.0000, +0.0000, +0.0000, +0.0000, +0.0000}, 
   { +0.4082, +0.4082, +0.4082, +0.4082, +0.4082, +0.4082, +1.0000, +0.0001, +0.0000, +0.0000, +0.0000, +0.0000, +0.4082, +0.4082, +0.0000, +0.0000, +0.0000, +0.0000, +0.4082, +0.0000, +0.0000, +0.0000, +0.0000, +0.0000}, 
   { +0.4082, +0.4082, +0.4082, +0.4082, +0.4082, +0.4082, +0.0001, +1.0000, +0.0000, +0.0000, +0.0000, +0.0000, +0.4082, +0.4082, +0.0000, +0.0000, +0.0000, +0.0000, +0.4082, +0.0000, +0.0000, +0.0000, +0.0000, +0.0000}, 
   { +0.4082, +0.4082, +0.4082, +0.4082, +0.4082, +0.4082, +0.0000, +0.0000, +1.0000, +0.0000, +0.0000, +0.0000, +0.4082, +0.4082, +0.0000, +0.0000, +0.0000, +0.0000, +0.4082, +0.0000, +0.0000, +0.0000, +0.0000, +0.0000}, 
   { +0.4082, +0.4082, +0.4082, +0.4082, +0.4082, +0.4082, +0.0000, +0.0000, +0.0000, +1.0000, +0.0000, +0.0000, +0.4082, +0.4082, +0.0000, +0.0000, +0.0000, +0.0000, +0.4082, +0.0000, +0.0000, +0.0000, +0.0000, +0.0000}, 
   { +0.4082, +0.4082, +0.4082, +0.4082, +0.4082, +0.4082, +0.0000, +0.0000, +0.0000, +0.0000, +1.0000, +0.0000, +0.4082, +0.4082, +0.0000, +0.0000, +0.0000, +0.0000, +0.4082, +0.0000, +0.0000, +0.0000, +0.0000, +0.0000}, 
   { +0.0000, +0.0000, +0.0000, +0.0000, +0.0000, +0.0000, +0.0000, +0.0000, +0.0000, +0.0000, +0.0000, +0.0000, +0.0000, +0.0000, +0.0000, +0.0000, +0.0000, +0.0000, +0.0000, +0.0000, +0.0000, +0.0000, +0.0000, +0.0000}, 
   { +0.4082, +0.4082, +0.4082, +0.4082, +0.4082, +0.4082, +0.4082, +0.4082, +0.4082, +0.4082, +0.4082, +0.0000, +1.0000, +0.0000, +0.0000, +0.0000, +0.0000, +0.0000, +0.4082, +0.0000, +0.0000, +0.0000, +0.0000, +0.0000}, 
   { +0.4082, +0.4082, +0.4082, +0.4082, +0.4082, +0.4082, +0.4082, +0.4082, +0.4082, +0.4082, +0.4082, +0.0000, +0.0000, +1.0000, +0.0000, +0.0000, +0.0000, +0.0000, +0.4082, +0.0000, +0.0000, +0.0000, +0.0000, +0.0000}, 
   { +0.0000, +0.0000, +0.0000, +0.0000, +0.0000, +0.0000, +0.0000, +0.0000, +0.0000, +0.0000, +0.0000, +0.0000, +0.0000, +0.0000, +0.0000, +0.0000, +0.0000, +0.0000, +0.0000, +0.0000, +0.0000, +0.0000, +0.0000, +0.0000}, 
   { +0.0000, +0.0000, +0.0000, +0.0000, +0.0000, +0.0000, +0.0000, +0.0000, +0.0000, +0.0000, +0.0000, +0.0000, +0.0000, +0.0000, +0.0000, +0.0000, +0.0000, +0.0000, +0.0000, +0.0000, +0.0000, +0.0000, +0.0000, +0.0000}, 
   { +0.0000, +0.0000, +0.0000, +0.0000, +0.0000, +0.0000, +0.0000, +0.0000, +0.0000, +0.0000, +0.0000, +0.0000, +0.0000, +0.0000, +0.0000, +0.0000, +0.0000, +0.0000, +0.0000, +0.0000, +0.0000, +0.0000, +0.0000, +0.0000}, 
   { +0.0000, +0.0000, +0.0000, +0.0000, +0.0000, +0.0000, +0.0000, +0.0000, +0.0000, +0.0000, +0.0000, +0.0000, +0.0000, +0.0000, +0.0000, +0.0000, +0.0000, +0.0000, +0.0000, +0.0000, +0.0000, +0.0000, +0.0000, +0.0000}, 
   { +0.4082, +0.4082, +0.4082, +0.4082, +0.4082, +0.4082, +0.4082, +0.4082, +0.4082, +0.4082, +0.4082, +0.0000, +0.4082, +0.4082, +0.0000, +0.0000, +0.0000, +0.0000, +1.0000, +0.0000, +0.0000, +0.0000, +0.0000, +0.0000}, 
   { +0.0000, +0.0000, +0.0000, +0.0000, +0.0000, +0.0000, +0.0000, +0.0000, +0.0000, +0.0000, +0.0000, +0.0000, +0.0000, +0.0000, +0.0000, +0.0000, +0.0000, +0.0000, +0.0000, +0.0000, +0.0000, +0.0000, +0.0000, +0.0000}, 
   { +0.0000, +0.0000, +0.0000, +0.0000, +0.0000, +0.0000, +0.0000, +0.0000, +0.0000, +0.0000, +0.0000, +0.0000, +0.0000, +0.0000, +0.0000, +0.0000, +0.0000, +0.0000, +0.0000, +0.0000, +0.0000, +0.0000, +0.0000, +0.0000}, 
   { +0.0000, +0.0000, +0.0000, +0.0000, +0.0000, +0.0000, +0.0000, +0.0000, +0.0000, +0.0000, +0.0000, +0.0000, +0.0000, +0.0000, +0.0000, +0.0000, +0.0000, +0.0000, +0.0000, +0.0000, +0.0000, +0.0000, +0.0000, +0.0000}, 
   { +0.0000, +0.0000, +0.0000, +0.0000, +0.0000, +0.0000, +0.0000, +0.0000, +0.0000, +0.0000, +0.0000, +0.0000, +0.0000, +0.0000, +0.0000, +0.0000, +0.0000, +0.0000, +0.0000, +0.0000, +0.0000, +0.0000, +0.0000, +0.0000}, 
   { +0.0000, +0.0000, +0.0000, +0.0000, +0.0000, +0.0000, +0.0000, +0.0000, +0.0000, +0.0000, +0.0000, +0.0000, +0.0000, +0.0000, +0.0000, +0.0000, +0.0000, +0.0000, +0.0000, +0.0000, +0.0000, +0.0000, +0.0000, +0.0000} } 
