---------------------
Basis Indices:
---------------------

{1, 0, 0, 0, 0, 0}, {1, 0, 0, 0, 0, 0}, {1, 0, 0, 0, 0, 0}, {1, 0, 0, 0, 0, 0}, {1, 0, 0, 0, 0, 0}, {1, 0, 0, 0, 0, 0}


{0.408, 0.408, 0.408, 0.408, 0.408, 0.408}, {0.408, x_43+i*x_187, x_44+i*x_188, x_45+i*x_189, x_46+i*x_190, x_47+i*x_191}, {}, {}, {}, {}


{0.408, x_73+i*x_217, x_74+i*x_218, x_75+i*x_219, x_76+i*x_220, x_77+i*x_221}, {}, {}, {}, {}, {}


{0.408, x_109+i*x_253, x_110+i*x_254, x_111+i*x_255, x_112+i*x_256, x_113+i*x_257}, {}, {}, {}, {}, {}

---------------------
Problem: 
---------------------
Find a point satisfying:

-0.166667*{} + 1*{ 289 289} + 1*{ 288 288} = 0 

1*{ 189 219} + 1*{ 188 218} + 1*{ 187 217} + 1*{  45  75} + 1*{  44  74} + 1*{  43  73} + 0.166667*{} + 1*{  46  76} + 1*{ 190 220} + 1*{  47  77} + 1*{ 191 221} + -1*{ 288} = 0 

-1*{  75 189} + 1*{  45 219} + 1*{  46 220} + 1*{  44 218} + -1*{  74 188} + 1*{  43 217} + -1*{ 289} + -1*{  73 187} + 1*{  47 221} + -1*{  76 190} + -1*{  77 191} = 0 

-0.166667*{} + 1*{ 291 291} + 1*{ 290 290} = 0 

1*{ 189 255} + 1*{  45 111} + 1*{  46 112} + 1*{ 187 253} + 0.166667*{} + 1*{  43 109} + 1*{  44 110} + 1*{ 190 256} + 1*{  47 113} + 1*{ 191 257} + 1*{ 188 254} + -1*{ 290} = 0 

-1*{ 110 188} + 1*{  45 255} + -1*{ 109 187} + -1*{ 111 189} + 1*{  43 253} + 1*{  47 257} + 1*{  44 254} + 1*{  46 256} + -1*{ 112 190} + -1*{ 113 191} + -1*{ 291} = 0 

-0.166667*{} + 1*{ 187 187} + 1*{  43  43} = 0 

-0.166667*{} + 1*{ 188 188} + 1*{  44  44} = 0 

-0.166667*{} + 1*{ 189 189} + 1*{  45  45} = 0 

-0.166667*{} + 1*{ 190 190} + 1*{  46  46} = 0 

-0.166667*{} + 1*{ 191 191} + 1*{  47  47} = 0 

0.333333*{  45  46} + 0.166667*{  44  44} + 0.333333*{  44  46} + 0.166667*{  47  47} + 0.333333*{  46  47} + 0.166667*{ 188 188} + 0.166667*{  45  45} + 0.333333*{  43  44} + 0.136083*{  45} + 0.333333*{  43  45} + 0.333333*{ 189 190} + 0.333333*{ 190 191} + 0.136083*{  47} + 0.333333*{  43  46} + 0.333333*{ 189 191} + 0.333333*{ 187 190} + 0.333333*{ 188 191} + 0.333333*{  44  45} + 0.166667*{ 191 191} + 0.166667*{  43  43} + 0.166667*{ 190 190} + 0.333333*{ 187 188} + 0.166667*{ 187 187} + 0.166667*{ 189 189} + 0.333333*{ 188 189} + 0.136083*{  44} + 0.0277778*{} + 0.333333*{  45  47} + 0.136083*{  43} + 0.136083*{  46} + 0.333333*{ 187 189} + 0.333333*{ 188 190} + 0.333333*{  44  47} + 0.333333*{  43  47} + 0.333333*{ 187 191} + 0.166667*{  46  46} = 0 

-0.166667*{} + 1*{ 293 293} + 1*{ 292 292} = 0 

1*{  74 110} + 0.166667*{} + 1*{ 220 256} + 1*{  75 111} + 1*{  77 113} + 1*{ 218 254} + 1*{ 217 253} + 1*{ 219 255} + 1*{  73 109} + 1*{  76 112} + 1*{ 221 257} + -1*{ 292} = 0 

-1*{ 111 219} + -1*{ 110 218} + 1*{  74 254} + 1*{  75 255} + 1*{  73 253} + -1*{ 293} + 1*{  76 256} + -1*{ 109 217} + -1*{ 112 220} + 1*{  77 257} + -1*{ 113 221} = 0 

-0.166667*{} + 1*{ 217 217} + 1*{  73  73} = 0 

-0.166667*{} + 1*{ 218 218} + 1*{  74  74} = 0 

-0.166667*{} + 1*{ 219 219} + 1*{  75  75} = 0 

-0.166667*{} + 1*{ 220 220} + 1*{  76  76} = 0 

-0.166667*{} + 1*{ 221 221} + 1*{  77  77} = 0 

0.333333*{ 219 220} + 0.166667*{  75  75} + 0.333333*{  74  77} + 0.333333*{  75  76} + 0.333333*{ 218 219} + 0.333333*{ 218 221} + 0.333333*{ 218 220} + 0.333333*{ 220 221} + 0.166667*{ 221 221} + 0.136083*{  77} + 0.333333*{ 219 221} + 0.136083*{  75} + 0.333333*{  73  74} + 0.166667*{ 219 219} + 0.333333*{  73  77} + 0.333333*{ 217 218} + 0.166667*{ 218 218} + 0.166667*{  76  76} + 0.333333*{  73  76} + 0.333333*{ 217 221} + 0.333333*{ 217 219} + 0.333333*{  74  75} + 0.333333*{  73  75} + 0.166667*{  74  74} + 0.333333*{ 217 220} + 0.166667*{  73  73} + 0.166667*{ 220 220} + 0.333333*{  75  77} + 0.136083*{  73} + 0.166667*{ 217 217} + 0.136083*{  74} + -0.138889*{} + 0.333333*{  74  76} + 0.333333*{  76  77} + 0.166667*{  77  77} + 0.136083*{  76} = 0 

-0.166667*{} + 1*{ 253 253} + 1*{ 109 109} = 0 

-0.166667*{} + 1*{ 254 254} + 1*{ 110 110} = 0 

-0.166667*{} + 1*{ 255 255} + 1*{ 111 111} = 0 

-0.166667*{} + 1*{ 256 256} + 1*{ 112 112} = 0 

-0.166667*{} + 1*{ 257 257} + 1*{ 113 113} = 0 

0.333333*{ 110 111} + 0.166667*{ 256 256} + 0.333333*{ 255 256} + 0.333333*{ 254 256} + 0.166667*{ 112 112} + 0.333333*{ 110 112} + 0.136083*{ 111} + 0.333333*{ 110 113} + 0.333333*{ 109 113} + 0.333333*{ 253 255} + 0.333333*{ 109 112} + 0.333333*{ 111 112} + 0.166667*{ 111 111} + 0.333333*{ 109 111} + 0.333333*{ 254 255} + 0.136083*{ 110} + 0.166667*{ 113 113} + 0.333333*{ 254 257} + 0.333333*{ 109 110} + 0.333333*{ 111 113} + 0.166667*{ 257 257} + 0.166667*{ 110 110} + 0.333333*{ 253 256} + 0.333333*{ 255 257} + 0.166667*{ 255 255} + 0.136083*{ 112} + 0.333333*{ 112 113} + 0.166667*{ 254 254} + 0.333333*{ 256 257} + 0.166667*{ 109 109} + 0.136083*{ 109} + -0.138889*{} + 0.136083*{ 113} + 0.333333*{ 253 257} + 0.333333*{ 253 254} + 0.166667*{ 253 253} = 0 

---------------------
Summary:
---------------------
set sizes: {6, 2, 1, 1}, vars: 36, vectors: 10, equations: 27, indep eqn: 27

---------------------
Optimization:
---------------------
1 6.986e-01 6.986e-01
2 3.715e+05 6.986e-01
3 1.340e+05 6.986e-01
4 4.884e+04 6.986e-01
5 1.761e+04 6.986e-01
6 6.349e+03 6.986e-01
7 2.287e+03 6.986e-01
8 8.236e+02 6.986e-01
9 2.961e+02 6.986e-01
10 1.062e+02 6.986e-01
11 3.800e+01 6.986e-01
12 1.355e+01 6.986e-01
13 4.862e+00 6.986e-01
14 1.701e+00 6.986e-01
15 6.147e-01 6.147e-01
16 2.332e-01 2.332e-01
17 2.989e+00 2.332e-01
18 6.325e+01 2.332e-01
19 2.269e+01 2.332e-01
20 2.025e+01 2.332e-01
21 7.181e+00 2.332e-01
22 2.541e+00 2.332e-01
23 8.947e-01 2.332e-01
24 3.128e-01 2.332e-01
25 1.085e-01 1.085e-01
26 3.801e-02 3.801e-02
27 1.305e-02 1.305e-02
28 4.552e-03 4.552e-03
29 1.601e-03 1.601e-03
30 5.575e-04 5.575e-04
31 1.917e-04 1.917e-04
32 7.297e-05 7.297e-05
33 2.583e-05 2.583e-05
34 8.962e-06 8.962e-06
35 3.289e-06 3.289e-06
36 1.255e-06 1.255e-06
37 4.861e-07 4.861e-07
38 1.935e-07 1.935e-07
39 1.199e-07 1.199e-07
40 2.403e-07 1.199e-07
41 8.996e-08 8.996e-08
42 2.952e-08 2.952e-08
43 1.058e-08 1.058e-08
44 5.294e-09 5.294e-09
45 5.392e-09 5.294e-09
46 1.998e-09 1.998e-09
47 9.789e-10 9.789e-10
48 1.367e-09 9.789e-10
49 1.381e-09 9.789e-10
50 4.353e-10 4.353e-10
51 2.234e-09 4.353e-10
52 8.193e-10 4.353e-10
53 1.429e-09 4.353e-10
54 1.844e-09 4.353e-10
55 2.370e-08 4.353e-10
56 7.604e-09 4.353e-10
57 2.607e-09 4.353e-10
58 1.006e-09 4.353e-10
59 3.869e-10 3.869e-10
60 1.436e-10 1.436e-10
61 5.373e-11 5.373e-11
62 1.995e-11 1.995e-11
63 7.509e-12 7.509e-12
64 2.825e-12 2.825e-12
65 1.086e-12 1.086e-12
66 4.216e-13 4.216e-13
67 1.690e-13 1.690e-13
68 7.128e-14 7.128e-14
1 (precision) 3.198e-14 3.198e-14 (from 7.128e-14)
2 (precision) 5.051e-14 3.198e-14 (from 7.128e-14)
3 (precision) 3.824e-14 3.198e-14 (from 7.128e-14)
4 (precision) 1.136e-14 1.136e-14 (from 7.128e-14)
5 (precision) 2.177e-15 2.177e-15 (from 7.128e-14)
6 (precision) 4.329e-15 2.177e-15 (from 7.128e-14)
7 (precision) 3.086e-11 2.177e-15 (from 7.128e-14)
8 (precision) 8.503e-12 2.177e-15 (from 7.128e-14)
9 (precision) 2.345e-12 2.177e-15 (from 7.128e-14)
10 (precision) 6.467e-13 2.177e-15 (from 7.128e-14)
11 (precision) 1.788e-13 2.177e-15 (from 7.128e-14)
12 (precision) 4.894e-14 2.177e-15 (from 7.128e-14)
13 (precision) 1.212e-14 2.177e-15 (from 7.128e-14)
14 (precision) 5.019e-15 2.177e-15 (from 7.128e-14)
15 (precision) 7.618e-16 7.618e-16 (from 7.128e-14)
16 (precision) 3.411e-16 3.411e-16 (from 7.128e-14)
17 (precision) 3.411e-16 3.411e-16 (from 7.128e-14)
18 (precision) 2.837e-15 3.411e-16 (from 7.128e-14)
19 (precision) 6.225e-15 3.411e-16 (from 7.128e-14)
20 (precision) 1.673e-15 3.411e-16 (from 7.128e-14)
21 (precision) 1.540e-15 3.411e-16 (from 7.128e-14)
22 (precision) 3.624e-15 3.411e-16 (from 7.128e-14)
23 (precision) 9.980e-16 3.411e-16 (from 7.128e-14)
24 (precision) 3.089e-16 3.089e-16 (from 7.128e-14)
25 (precision) 2.699e-15 3.089e-16 (from 7.128e-14)
26 (precision) 1.715e-15 3.089e-16 (from 7.128e-14)
27 (precision) 1.420e-15 3.089e-16 (from 7.128e-14)
28 (precision) 4.884e-15 3.089e-16 (from 7.128e-14)
29 (precision) 1.341e-15 3.089e-16 (from 7.128e-14)
30 (precision) 1.609e-15 3.089e-16 (from 7.128e-14)
31 (precision) 3.131e-12 3.089e-16 (from 7.128e-14)
32 (precision) 8.874e-13 3.089e-16 (from 7.128e-14)
33 (precision) 2.585e-13 3.089e-16 (from 7.128e-14)
34 (precision) 8.088e-14 3.089e-16 (from 7.128e-14)
35 (precision) 2.594e-14 3.089e-16 (from 7.128e-14)
36 (precision) 7.771e-15 3.089e-16 (from 7.128e-14)
37 (precision) 5.065e-15 3.089e-16 (from 7.128e-14)
38 (precision) 1.207e-15 3.089e-16 (from 7.128e-14)
39 (precision) 2.856e-15 3.089e-16 (from 7.128e-14)
40 (precision) 6.064e-14 3.089e-16 (from 7.128e-14)
41 (precision) 1.650e-14 3.089e-16 (from 7.128e-14)
42 (precision) 4.492e-15 3.089e-16 (from 7.128e-14)
43 (precision) 1.501e-15 3.089e-16 (from 7.128e-14)
44 (precision) 1.982e-15 3.089e-16 (from 7.128e-14)
45 (precision) 1.645e-14 3.089e-16 (from 7.128e-14)
46 (precision) 5.904e-15 3.089e-16 (from 7.128e-14)
47 (precision) 2.122e-15 3.089e-16 (from 7.128e-14)
48 (precision) 1.196e-15 3.089e-16 (from 7.128e-14)
49 (precision) 1.327e-13 3.089e-16 (from 7.128e-14)
50 (precision) 3.607e-14 3.089e-16 (from 7.128e-14)
51 (precision) 1.026e-14 3.089e-16 (from 7.128e-14)
52 (precision) 3.818e-15 3.089e-16 (from 7.128e-14)
53 (precision) 9.029e-16 3.089e-16 (from 7.128e-14)
54 (precision) 5.376e-14 3.089e-16 (from 7.128e-14)
55 (precision) 1.268e-14 3.089e-16 (from 7.128e-14)
56 (precision) 5.090e-15 3.089e-16 (from 7.128e-14)
57 (precision) 1.539e-15 3.089e-16 (from 7.128e-14)
58 (precision) 4.176e-16 3.089e-16 (from 7.128e-14)
59 (precision) 5.775e-13 3.089e-16 (from 7.128e-14)
60 (precision) 1.589e-13 3.089e-16 (from 7.128e-14)
61 (precision) 4.304e-14 3.089e-16 (from 7.128e-14)
62 (precision) 1.330e-14 3.089e-16 (from 7.128e-14)
63 (precision) 3.037e-15 3.089e-16 (from 7.128e-14)
64 (precision) 3.548e-15 3.089e-16 (from 7.128e-14)
65 (precision) 1.554e-15 3.089e-16 (from 7.128e-14)
66 (precision) 8.000e-16 3.089e-16 (from 7.128e-14)
67 (precision) 2.113e-16 2.113e-16 (from 7.128e-14)
68 (precision) 2.473e-15 2.113e-16 (from 7.128e-14)
69 (precision) 5.332e-16 2.113e-16 (from 7.128e-14)
70 (precision) 6.848e-15 2.113e-16 (from 7.128e-14)
71 (precision) 1.032e-17 1.032e-17 (from 7.128e-14)
72 (precision) 1.881e-15 1.032e-17 (from 7.128e-14)
73 (precision) 1.543e-15 1.032e-17 (from 7.128e-14)
74 (precision) 4.803e-15 1.032e-17 (from 7.128e-14)
75 (precision) 3.158e-17 1.032e-17 (from 7.128e-14)
76 (precision) 2.527e-15 1.032e-17 (from 7.128e-14)
77 (precision) 6.819e-16 1.032e-17 (from 7.128e-14)
78 (precision) 9.664e-16 1.032e-17 (from 7.128e-14)
79 (precision) 1.337e-16 1.032e-17 (from 7.128e-14)
80 (precision) 7.248e-16 1.032e-17 (from 7.128e-14)
81 (precision) 8.470e-16 1.032e-17 (from 7.128e-14)
82 (precision) 3.351e-15 1.032e-17 (from 7.128e-14)
83 (precision) 5.329e-15 1.032e-17 (from 7.128e-14)
84 (precision) 2.246e-15 1.032e-17 (from 7.128e-14)
85 (precision) 6.562e-16 1.032e-17 (from 7.128e-14)
86 (precision) 1.207e-15 1.032e-17 (from 7.128e-14)
87 (precision) 2.795e-15 1.032e-17 (from 7.128e-14)
88 (precision) 4.770e-16 1.032e-17 (from 7.128e-14)
89 (precision) 3.816e-16 1.032e-17 (from 7.128e-14)
90 (precision) 2.503e-15 1.032e-17 (from 7.128e-14)
91 (precision) 2.945e-17 1.032e-17 (from 7.128e-14)
92 (precision) 7.753e-17 1.032e-17 (from 7.128e-14)
93 (precision) 6.836e-17 1.032e-17 (from 7.128e-14)
94 (precision) 1.677e-15 1.032e-17 (from 7.128e-14)
95 (precision) 1.133e-15 1.032e-17 (from 7.128e-14)
96 (precision) 4.694e-16 1.032e-17 (from 7.128e-14)
97 (precision) 1.502e-15 1.032e-17 (from 7.128e-14)
98 (precision) 8.121e-16 1.032e-17 (from 7.128e-14)
99 (precision) 2.385e-15 1.032e-17 (from 7.128e-14)
100 (precision) 1.933e-15 1.032e-17 (from 7.128e-14)

x:  3.051e-01 -2.653e-01  2.777e-01 -3.291e-01 -3.966e-01  2.215e-02  9.806e-02  1.148e-02 -3.697e-01 -1.330e-01  2.495e-01  3.680e-01  4.082e-01 -3.431e-01 -1.541e-01 -2.713e-01  3.103e-01  2.992e-01 -2.416e-01 -9.674e-02 -4.076e-01 -3.963e-01 -4.081e-01 -1.732e-01  3.860e-01  3.231e-01  1.768e-01  7.157e-03  2.212e-01 -3.780e-01  1.950e-01 -3.587e-01  3.851e-01 -1.356e-01 -2.864e-02  4.072e-01  4.947e-12

grad:  4.112e-23 -5.357e-23  7.696e-23  4.477e-24 -4.098e-23 -4.185e-23 -3.245e-24 -1.600e-23  1.532e-24  2.543e-23  1.892e-23  2.155e-23  6.060e-23 -3.259e-24  2.464e-23 -2.321e-23  7.488e-23  7.238e-23 -4.107e-24 -1.199e-23 -1.365e-23 -6.344e-23 -1.207e-22 -3.082e-23  4.063e-23  6.566e-23  3.680e-23  3.235e-23  4.989e-23 -6.476e-23  2.881e-23 -1.095e-23  1.165e-23 -2.138e-23  5.074e-23  1.018e-22  1.933e-15

finished in 68 iterations (0.036 seconds total)
max viol = 2.4e-08

---------------------
Result:
---------------------

{(1,0), (0,0), (0,0), (0,0), (0,0), (0,0)}, {(0,0), (1,0), (0,0), (0,0), (0,0), (0,0)}, {(0,0), (0,0), (1,0), (0,0), (0,0), (0,0)}, {(0,0), (0,0), (0,0), (1,0), (0,0), (0,0)}, {(0,0), (0,0), (0,0), (0,0), (1,0), (0,0)}, {(0,0), (0,0), (0,0), (0,0), (0,0), (1,0)}


{(0.408,0), (0.408,0), (0.408,0), (0.408,0), (0.408,0), (0.408,0)}, {(0.408,0), (0.305,-0.271), (-0.265,0.31), (0.278,0.299), (-0.329,-0.242), (-0.397,-0.0967)}, {}, {}, {}, {}


{(0.408,0), (0.0221,-0.408), (0.0981,-0.396), (0.0115,-0.408), (-0.37,-0.173), (-0.133,0.386)}, {}, {}, {}, {}, {}


{(0.408,0), (0.25,0.323), (0.368,0.177), (0.408,0.00716), (-0.343,0.221), (-0.154,-0.378)}, {}, {}, {}, {}, {}

---------------------
Abs of Gram matrix:
---------------------

 { { +1.0000, +0.0000, +0.0000, +0.0000, +0.0000, +0.0000, +0.4082, +0.4082, +0.0000, +0.0000, +0.0000, +0.0000, +0.4082, +0.0000, +0.0000, +0.0000, +0.0000, +0.0000, +0.4082, +0.0000, +0.0000, +0.0000, +0.0000, +0.0000}, 
   { +0.0000, +1.0000, +0.0000, +0.0000, +0.0000, +0.0000, +0.4082, +0.4082, +0.0000, +0.0000, +0.0000, +0.0000, +0.4082, +0.0000, +0.0000, +0.0000, +0.0000, +0.0000, +0.4082, +0.0000, +0.0000, +0.0000, +0.0000, +0.0000}, 
   { +0.0000, +0.0000, +1.0000, +0.0000, +0.0000, +0.0000, +0.4082, +0.4082, +0.0000, +0.0000, +0.0000, +0.0000, +0.4082, +0.0000, +0.0000, +0.0000, +0.0000, +0.0000, +0.4082, +0.0000, +0.0000, +0.0000, +0.0000, +0.0000}, 
   { +0.0000, +0.0000, +0.0000, +1.0000, +0.0000, +0.0000, +0.4082, +0.4082, +0.0000, +0.0000, +0.0000, +0.0000, +0.4082, +0.0000, +0.0000, +0.0000, +0.0000, +0.0000, +0.4082, +0.0000, +0.0000, +0.0000, +0.0000, +0.0000}, 
   { +0.0000, +0.0000, +0.0000, +0.0000, +1.0000, +0.0000, +0.4082, +0.4082, +0.0000, +0.0000, +0.0000, +0.0000, +0.4082, +0.0000, +0.0000, +0.0000, +0.0000, +0.0000, +0.4082, +0.0000, +0.0000, +0.0000, +0.0000, +0.0000}, 
   { +0.0000, +0.0000, +0.0000, +0.0000, +0.0000, +1.0000, +0.4082, +0.4082, +0.0000, +0.0000, +0.0000, +0.0000, +0.4082, +0.0000, +0.0000, +0.0000, +0.0000, +0.0000, +0.4082, +0.0000, +0.0000, +0.0000, +0.0000, +0.0000}, 
   { +0.4082, +0.4082, +0.4082, +0.4082, +0.4082, +0.4082, +1.0000, +0.0000, +0.0000, +0.0000, +0.0000, +0.0000, +0.4082, +0.0000, +0.0000, +0.0000, +0.0000, +0.0000, +0.4082, +0.0000, +0.0000, +0.0000, +0.0000, +0.0000}, 
   { +0.4082, +0.4082, +0.4082, +0.4082, +0.4082, +0.4082, +0.0000, +1.0000, +0.0000, +0.0000, +0.0000, +0.0000, +0.4082, +0.0000, +0.0000, +0.0000, +0.0000, +0.0000, +0.4082, +0.0000, +0.0000, +0.0000, +0.0000, +0.0000}, 
   { +0.0000, +0.0000, +0.0000, +0.0000, +0.0000, +0.0000, +0.0000, +0.0000, +0.0000, +0.0000, +0.0000, +0.0000, +0.0000, +0.0000, +0.0000, +0.0000, +0.0000, +0.0000, +0.0000, +0.0000, +0.0000, +0.0000, +0.0000, +0.0000}, 
   { +0.0000, +0.0000, +0.0000, +0.0000, +0.0000, +0.0000, +0.0000, +0.0000, +0.0000, +0.0000, +0.0000, +0.0000, +0.0000, +0.0000, +0.0000, +0.0000, +0.0000, +0.0000, +0.0000, +0.0000, +0.0000, +0.0000, +0.0000, +0.0000}, 
   { +0.0000, +0.0000, +0.0000, +0.0000, +0.0000, +0.0000, +0.0000, +0.0000, +0.0000, +0.0000, +0.0000, +0.0000, +0.0000, +0.0000, +0.0000, +0.0000, +0.0000, +0.0000, +0.0000, +0.0000, +0.0000, +0.0000, +0.0000, +0.0000}, 
   { +0.0000, +0.0000, +0.0000, +0.0000, +0.0000, +0.0000, +0.0000, +0.0000, +0.0000, +0.0000, +0.0000, +0.0000, +0.0000, +0.0000, +0.0000, +0.0000, +0.0000, +0.0000, +0.0000, +0.0000, +0.0000, +0.0000, +0.0000, +0.0000}, 
   { +0.4082, +0.4082, +0.4082, +0.4082, +0.4082, +0.4082, +0.4082, +0.4082, +0.0000, +0.0000, +0.0000, +0.0000, +1.0000, +0.0000, +0.0000, +0.0000, +0.0000, +0.0000, +0.4082, +0.0000, +0.0000, +0.0000, +0.0000, +0.0000}, 
   { +0.0000, +0.0000, +0.0000, +0.0000, +0.0000, +0.0000, +0.0000, +0.0000, +0.0000, +0.0000, +0.0000, +0.0000, +0.0000, +0.0000, +0.0000, +0.0000, +0.0000, +0.0000, +0.0000, +0.0000, +0.0000, +0.0000, +0.0000, +0.0000}, 
   { +0.0000, +0.0000, +0.0000, +0.0000, +0.0000, +0.0000, +0.0000, +0.0000, +0.0000, +0.0000, +0.0000, +0.0000, +0.0000, +0.0000, +0.0000, +0.0000, +0.0000, +0.0000, +0.0000, +0.0000, +0.0000, +0.0000, +0.0000, +0.0000}, 
   { +0.0000, +0.0000, +0.0000, +0.0000, +0.0000, +0.0000, +0.0000, +0.0000, +0.0000, +0.0000, +0.0000, +0.0000, +0.0000, +0.0000, +0.0000, +0.0000, +0.0000, +0.0000, +0.0000, +0.0000, +0.0000, +0.0000, +0.0000, +0.0000}, 
   { +0.0000, +0.0000, +0.0000, +0.0000, +0.0000, +0.0000, +0.0000, +0.0000, +0.0000, +0.0000, +0.0000, +0.0000, +0.0000, +0.0000, +0.0000, +0.0000, +0.0000, +0.0000, +0.0000, +0.0000, +0.0000, +0.0000, +0.0000, +0.0000}, 
   { +0.0000, +0.0000, +0.0000, +0.0000, +0.0000, +0.0000, +0.0000, +0.0000, +0.0000, +0.0000, +0.0000, +0.0000, +0.0000, +0.0000, +0.0000, +0.0000, +0.0000, +0.0000, +0.0000, +0.0000, +0.0000, +0.0000, +0.0000, +0.0000}, 
   { +0.4082, +0.4082, +0.4082, +0.4082, +0.4082, +0.4082, +0.4082, +0.4082, +0.0000, +0.0000, +0.0000, +0.0000, +0.4082, +0.0000, +0.0000, +0.0000, +0.0000, +0.0000, +1.0000, +0.0000, +0.0000, +0.0000, +0.0000, +0.0000}, 
   { +0.0000, +0.0000, +0.0000, +0.0000, +0.0000, +0.0000, +0.0000, +0.0000, +0.0000, +0.0000, +0.0000, +0.0000, +0.0000, +0.0000, +0.0000, +0.0000, +0.0000, +0.0000, +0.0000, +0.0000, +0.0000, +0.0000, +0.0000, +0.0000}, 
   { +0.0000, +0.0000, +0.0000, +0.0000, +0.0000, +0.0000, +0.0000, +0.0000, +0.0000, +0.0000, +0.0000, +0.0000, +0.0000, +0.0000, +0.0000, +0.0000, +0.0000, +0.0000, +0.0000, +0.0000, +0.0000, +0.0000, +0.0000, +0.0000}, 
   { +0.0000, +0.0000, +0.0000, +0.0000, +0.0000, +0.0000, +0.0000, +0.0000, +0.0000, +0.0000, +0.0000, +0.0000, +0.0000, +0.0000, +0.0000, +0.0000, +0.0000, +0.0000, +0.0000, +0.0000, +0.0000, +0.0000, +0.0000, +0.0000}, 
   { +0.0000, +0.0000, +0.0000, +0.0000, +0.0000, +0.0000, +0.0000, +0.0000, +0.0000, +0.0000, +0.0000, +0.0000, +0.0000, +0.0000, +0.0000, +0.0000, +0.0000, +0.0000, +0.0000, +0.0000, +0.0000, +0.0000, +0.0000, +0.0000}, 
   { +0.0000, +0.0000, +0.0000, +0.0000, +0.0000, +0.0000, +0.0000, +0.0000, +0.0000, +0.0000, +0.0000, +0.0000, +0.0000, +0.0000, +0.0000, +0.0000, +0.0000, +0.0000, +0.0000, +0.0000, +0.0000, +0.0000, +0.0000, +0.0000} } 
