---------------------
Basis Indices:
---------------------

{1, 0, 0, 0, 0, 0}, {1, 0, 0, 0, 0, 0}, {1, 0, 0, 0, 0, 0}, {1, 0, 0, 0, 0, 0}, {1, 0, 0, 0, 0, 0}, {1, 0, 0, 0, 0, 0}


{0.408, 0.408, 0.408, 0.408, 0.408, 0.408}, {}, {}, {}, {}, {}


{0.408, x_73+i*x_217, x_74+i*x_218, x_75+i*x_219, x_76+i*x_220, x_77+i*x_221}, {}, {}, {}, {}, {}


{0.408, x_109+i*x_253, x_110+i*x_254, x_111+i*x_255, x_112+i*x_256, x_113+i*x_257}, {}, {}, {}, {}, {}

---------------------
Problem: 
---------------------
Find a point satisfying:

-0.166667*{} + 1*{ 289 289} + 1*{ 288 288} = 0 

1*{  74 110} + 0.166667*{} + 1*{ 220 256} + 1*{  75 111} + 1*{  77 113} + 1*{ 218 254} + 1*{ 217 253} + -1*{ 288} + 1*{ 219 255} + 1*{  73 109} + 1*{  76 112} + 1*{ 221 257} = 0 

-1*{ 111 219} + -1*{ 110 218} + 1*{  74 254} + 1*{  75 255} + 1*{  73 253} + 1*{  76 256} + -1*{ 109 217} + -1*{ 112 220} + -1*{ 289} + 1*{  77 257} + -1*{ 113 221} = 0 

-0.166667*{} + 1*{ 217 217} + 1*{  73  73} = 0 

-0.166667*{} + 1*{ 218 218} + 1*{  74  74} = 0 

-0.166667*{} + 1*{ 219 219} + 1*{  75  75} = 0 

-0.166667*{} + 1*{ 220 220} + 1*{  76  76} = 0 

-0.166667*{} + 1*{ 221 221} + 1*{  77  77} = 0 

0.333333*{ 219 220} + 0.166667*{  75  75} + 0.333333*{  74  77} + 0.333333*{  75  76} + 0.333333*{ 218 219} + 0.333333*{ 218 221} + 0.333333*{ 218 220} + 0.333333*{ 220 221} + 0.166667*{ 221 221} + 0.136083*{  77} + 0.333333*{ 219 221} + 0.136083*{  75} + 0.333333*{  73  74} + 0.166667*{ 219 219} + 0.333333*{  73  77} + 0.333333*{ 217 218} + 0.166667*{ 218 218} + 0.166667*{  76  76} + 0.333333*{  73  76} + 0.333333*{ 217 221} + 0.333333*{ 217 219} + 0.333333*{  74  75} + 0.333333*{  73  75} + 0.166667*{  74  74} + 0.333333*{ 217 220} + 0.166667*{  73  73} + 0.166667*{ 220 220} + 0.333333*{  75  77} + 0.136083*{  73} + 0.166667*{ 217 217} + 0.136083*{  74} + -0.138889*{} + 0.333333*{  74  76} + 0.333333*{  76  77} + 0.166667*{  77  77} + 0.136083*{  76} = 0 

-0.166667*{} + 1*{ 253 253} + 1*{ 109 109} = 0 

-0.166667*{} + 1*{ 254 254} + 1*{ 110 110} = 0 

-0.166667*{} + 1*{ 255 255} + 1*{ 111 111} = 0 

-0.166667*{} + 1*{ 256 256} + 1*{ 112 112} = 0 

-0.166667*{} + 1*{ 257 257} + 1*{ 113 113} = 0 

0.333333*{ 110 111} + 0.166667*{ 256 256} + 0.333333*{ 255 256} + 0.333333*{ 254 256} + 0.166667*{ 112 112} + 0.333333*{ 110 112} + 0.136083*{ 111} + 0.333333*{ 110 113} + 0.333333*{ 109 113} + 0.333333*{ 253 255} + 0.333333*{ 109 112} + 0.333333*{ 111 112} + 0.166667*{ 111 111} + 0.333333*{ 109 111} + 0.333333*{ 254 255} + 0.136083*{ 110} + 0.166667*{ 113 113} + 0.333333*{ 254 257} + 0.333333*{ 109 110} + 0.333333*{ 111 113} + 0.166667*{ 257 257} + 0.166667*{ 110 110} + 0.333333*{ 253 256} + 0.333333*{ 255 257} + 0.166667*{ 255 255} + 0.136083*{ 112} + 0.333333*{ 112 113} + 0.166667*{ 254 254} + 0.333333*{ 256 257} + 0.166667*{ 109 109} + 0.136083*{ 109} + -0.138889*{} + 0.136083*{ 113} + 0.333333*{ 253 257} + 0.333333*{ 253 254} + 0.166667*{ 253 253} = 0 

---------------------
Summary:
---------------------
set sizes: {6, 1, 1, 1}, vars: 22, vectors: 9, equations: 15, indep eqn: 15

---------------------
Optimization:
---------------------
1 7.679e-01 7.679e-01
2 1.451e+01 7.679e-01
3 5.120e+00 7.679e-01
4 1.801e+00 7.679e-01
5 6.326e-01 6.326e-01
6 2.222e-01 2.222e-01
7 2.285e-01 2.222e-01
8 7.824e-02 7.824e-02
9 3.082e-02 3.082e-02
10 5.306e-01 3.082e-02
11 2.706e+04 3.082e-02
12 9.750e+03 3.082e-02
13 3.485e+03 3.082e-02
14 1.255e+03 3.082e-02
15 4.515e+02 3.082e-02
16 1.624e+02 3.082e-02
17 5.832e+01 3.082e-02
18 2.089e+01 3.082e-02
19 7.454e+00 3.082e-02
20 2.645e+00 3.082e-02
21 9.297e-01 3.082e-02
22 3.249e-01 3.082e-02
23 1.194e-01 3.082e-02
24 4.853e+02 3.082e-02
25 1.983e+02 3.082e-02
26 7.108e+01 3.082e-02
27 2.553e+01 3.082e-02
28 9.138e+00 3.082e-02
29 3.250e+00 3.082e-02
30 1.163e+00 3.082e-02
31 4.161e-01 3.082e-02
32 1.629e-01 3.082e-02
33 5.338e-01 3.082e-02
34 6.518e+08 3.082e-02
35 2.351e+08 3.082e-02
36 8.482e+07 3.082e-02
37 3.060e+07 3.082e-02
38 1.104e+07 3.082e-02
39 3.982e+06 3.082e-02
40 1.436e+06 3.082e-02
41 5.180e+05 3.082e-02
42 1.868e+05 3.082e-02
43 6.732e+04 3.082e-02
44 2.427e+04 3.082e-02
45 8.748e+03 3.082e-02
46 3.152e+03 3.082e-02
47 1.136e+03 3.082e-02
48 4.088e+02 3.082e-02
49 1.470e+02 3.082e-02
50 5.279e+01 3.082e-02
51 1.892e+01 3.082e-02
52 6.769e+00 3.082e-02
53 2.422e+00 3.082e-02
54 8.735e-01 3.082e-02
55 6.172e-01 3.082e-02
56 2.165e-01 3.082e-02
57 8.425e-02 3.082e-02
58 1.438e+00 3.082e-02
59 5.046e-01 3.082e-02
60 1.787e-01 3.082e-02
61 6.370e-02 3.082e-02
62 3.811e-02 3.082e-02
63 8.375e-02 3.082e-02
64 2.834e-02 2.834e-02
65 1.032e-02 1.032e-02
66 4.159e-03 4.159e-03
67 1.628e-03 1.628e-03
68 6.733e-04 6.733e-04
69 2.610e-04 2.610e-04
70 9.176e-05 9.176e-05
71 3.104e-05 3.104e-05
72 1.013e-05 1.013e-05
73 3.216e-06 3.216e-06
74 1.001e-06 1.001e-06
75 3.079e-07 3.079e-07
76 9.400e-08 9.400e-08
77 2.858e-08 2.858e-08
78 8.672e-09 8.672e-09
79 2.627e-09 2.627e-09
80 7.955e-10 7.955e-10
81 2.408e-10 2.408e-10
82 7.285e-11 7.285e-11
83 2.204e-11 2.204e-11
84 6.668e-12 6.668e-12
85 2.017e-12 2.017e-12
86 6.100e-13 6.100e-13
87 1.846e-13 1.846e-13
88 5.609e-14 5.609e-14
1 (precision) 1.716e-14 1.716e-14 (from 5.609e-14)
2 (precision) 4.735e-15 4.735e-15 (from 5.609e-14)
3 (precision) 1.001e-15 1.001e-15 (from 5.609e-14)
4 (precision) 6.382e-16 6.382e-16 (from 5.609e-14)
5 (precision) 4.565e-16 4.565e-16 (from 5.609e-14)
6 (precision) 3.617e-15 4.565e-16 (from 5.609e-14)
7 (precision) 9.719e-16 4.565e-16 (from 5.609e-14)
8 (precision) 3.388e-16 3.388e-16 (from 5.609e-14)
9 (precision) 1.025e-15 3.388e-16 (from 5.609e-14)
10 (precision) 7.217e-16 3.388e-16 (from 5.609e-14)
11 (precision) 2.917e-15 3.388e-16 (from 5.609e-14)
12 (precision) 1.035e-15 3.388e-16 (from 5.609e-14)
13 (precision) 2.147e-17 2.147e-17 (from 5.609e-14)
14 (precision) 3.762e-16 2.147e-17 (from 5.609e-14)
15 (precision) 4.565e-16 2.147e-17 (from 5.609e-14)
16 (precision) 2.537e-13 2.147e-17 (from 5.609e-14)
17 (precision) 6.992e-14 2.147e-17 (from 5.609e-14)
18 (precision) 1.913e-14 2.147e-17 (from 5.609e-14)
19 (precision) 5.217e-15 2.147e-17 (from 5.609e-14)
20 (precision) 1.995e-15 2.147e-17 (from 5.609e-14)
21 (precision) 3.416e-16 2.147e-17 (from 5.609e-14)
22 (precision) 3.377e-16 2.147e-17 (from 5.609e-14)
23 (precision) 7.539e-14 2.147e-17 (from 5.609e-14)
24 (precision) 2.077e-14 2.147e-17 (from 5.609e-14)
25 (precision) 5.579e-15 2.147e-17 (from 5.609e-14)
26 (precision) 1.023e-14 2.147e-17 (from 5.609e-14)
27 (precision) 5.866e-15 2.147e-17 (from 5.609e-14)
28 (precision) 1.077e-14 2.147e-17 (from 5.609e-14)
29 (precision) 3.480e-15 2.147e-17 (from 5.609e-14)
30 (precision) 6.019e-16 2.147e-17 (from 5.609e-14)
31 (precision) 5.908e-14 2.147e-17 (from 5.609e-14)
32 (precision) 1.449e-13 2.147e-17 (from 5.609e-14)
33 (precision) 3.992e-14 2.147e-17 (from 5.609e-14)
34 (precision) 3.659e-13 2.147e-17 (from 5.609e-14)
35 (precision) 8.716e-14 2.147e-17 (from 5.609e-14)
36 (precision) 1.120e-14 2.147e-17 (from 5.609e-14)
37 (precision) 1.024e-15 2.147e-17 (from 5.609e-14)
38 (precision) 1.387e-14 2.147e-17 (from 5.609e-14)
39 (precision) 3.393e-15 2.147e-17 (from 5.609e-14)
40 (precision) 7.210e-16 2.147e-17 (from 5.609e-14)
41 (precision) 1.978e-16 2.147e-17 (from 5.609e-14)
42 (precision) 1.698e-15 2.147e-17 (from 5.609e-14)
43 (precision) 7.382e-16 2.147e-17 (from 5.609e-14)
44 (precision) 4.898e-09 2.147e-17 (from 5.609e-14)
45 (precision) 1.350e-09 2.147e-17 (from 5.609e-14)
46 (precision) 3.721e-10 2.147e-17 (from 5.609e-14)
47 (precision) 1.026e-10 2.147e-17 (from 5.609e-14)
48 (precision) 2.827e-11 2.147e-17 (from 5.609e-14)
49 (precision) 7.791e-12 2.147e-17 (from 5.609e-14)
50 (precision) 2.147e-12 2.147e-17 (from 5.609e-14)
51 (precision) 5.917e-13 2.147e-17 (from 5.609e-14)
52 (precision) 1.611e-13 2.147e-17 (from 5.609e-14)
53 (precision) 4.212e-14 2.147e-17 (from 5.609e-14)
54 (precision) 1.173e-14 2.147e-17 (from 5.609e-14)
55 (precision) 2.587e-11 2.147e-17 (from 5.609e-14)
56 (precision) 7.126e-12 2.147e-17 (from 5.609e-14)
57 (precision) 1.937e-12 2.147e-17 (from 5.609e-14)
58 (precision) 4.872e-13 2.147e-17 (from 5.609e-14)
59 (precision) 1.064e-11 2.147e-17 (from 5.609e-14)
60 (precision) 2.308e-12 2.147e-17 (from 5.609e-14)
61 (precision) 4.740e-13 2.147e-17 (from 5.609e-14)
62 (precision) 4.529e-12 2.147e-17 (from 5.609e-14)
63 (precision) 1.049e-12 2.147e-17 (from 5.609e-14)
64 (precision) 2.811e-12 2.147e-17 (from 5.609e-14)
65 (precision) 4.334e-11 2.147e-17 (from 5.609e-14)
66 (precision) 4.848e-12 2.147e-17 (from 5.609e-14)
67 (precision) 7.687e-12 2.147e-17 (from 5.609e-14)
68 (precision) 1.881e-10 2.147e-17 (from 5.609e-14)
69 (precision) 9.119e-11 2.147e-17 (from 5.609e-14)
70 (precision) 1.068e-10 2.147e-17 (from 5.609e-14)
71 (precision) 1.001e-10 2.147e-17 (from 5.609e-14)
72 (precision) 1.665e-10 2.147e-17 (from 5.609e-14)
73 (precision) 4.197e-11 2.147e-17 (from 5.609e-14)
74 (precision) 1.260e-09 2.147e-17 (from 5.609e-14)
75 (precision) 3.177e-10 2.147e-17 (from 5.609e-14)
76 (precision) 2.390e-11 2.147e-17 (from 5.609e-14)
77 (precision) 1.196e-12 2.147e-17 (from 5.609e-14)
78 (precision) 1.006e-12 2.147e-17 (from 5.609e-14)
79 (precision) 3.635e-12 2.147e-17 (from 5.609e-14)
80 (precision) 2.105e-11 2.147e-17 (from 5.609e-14)
81 (precision) 1.044e-12 2.147e-17 (from 5.609e-14)
82 (precision) 3.734e-13 2.147e-17 (from 5.609e-14)
83 (precision) 2.540e-12 2.147e-17 (from 5.609e-14)
84 (precision) 8.852e-12 2.147e-17 (from 5.609e-14)
85 (precision) 4.408e-13 2.147e-17 (from 5.609e-14)
86 (precision) 1.022e-11 2.147e-17 (from 5.609e-14)
87 (precision) 5.147e-13 2.147e-17 (from 5.609e-14)
88 (precision) 1.383e-12 2.147e-17 (from 5.609e-14)
89 (precision) 2.842e-11 2.147e-17 (from 5.609e-14)
90 (precision) 7.434e-08 2.147e-17 (from 5.609e-14)
91 (precision) 2.044e-08 2.147e-17 (from 5.609e-14)
92 (precision) 5.569e-09 2.147e-17 (from 5.609e-14)
93 (precision) 2.785e-10 2.147e-17 (from 5.609e-14)
94 (precision) 1.394e-11 2.147e-17 (from 5.609e-14)
95 (precision) 6.686e-12 2.147e-17 (from 5.609e-14)
96 (precision) 1.591e-10 2.147e-17 (from 5.609e-14)
97 (precision) 7.443e-12 2.147e-17 (from 5.609e-14)
98 (precision) 1.241e-10 2.147e-17 (from 5.609e-14)
99 (precision) 1.108e-11 2.147e-17 (from 5.609e-14)
100 (precision) 3.786e-11 2.147e-17 (from 5.609e-14)

x: -4.043e-01  2.635e-02  3.200e-01  3.299e-01  1.941e-01  3.266e-01 -3.133e-01 -4.078e-01 -4.062e-01 -3.102e-01 -5.692e-02  4.074e-01  2.535e-01  2.405e-01 -3.592e-01 -2.449e-01 -2.617e-01  1.992e-02  4.054e-02 -2.654e-01 -2.809e-01  2.962e-01 -9.599e-08

grad:  7.149e-12 -1.387e-12 -8.573e-12 -7.627e-12 -1.846e-12 -6.038e-12  9.806e-12  1.437e-11  1.937e-11  8.899e-15  3.824e-13 -9.002e-12 -6.575e-12 -5.251e-12 -5.382e-12  4.950e-12  9.313e-12  1.177e-13 -1.040e-12 -5.317e-12 -1.125e-11  9.110e-12 -3.863e-16

finished in 88 iterations (0.023 seconds total)
max viol = 3.49e-09

---------------------
Result:
---------------------

{(1,0), (0,0), (0,0), (0,0), (0,0), (0,0)}, {(0,0), (1,0), (0,0), (0,0), (0,0), (0,0)}, {(0,0), (0,0), (1,0), (0,0), (0,0), (0,0)}, {(0,0), (0,0), (0,0), (1,0), (0,0), (0,0)}, {(0,0), (0,0), (0,0), (0,0), (1,0), (0,0)}, {(0,0), (0,0), (0,0), (0,0), (0,0), (1,0)}


{(0.408,0), (0.408,0), (0.408,0), (0.408,0), (0.408,0), (0.408,0)}, {}, {}, {}, {}, {}


{(0.408,0), (-0.404,-0.0569), (0.0263,0.407), (0.32,0.253), (0.33,0.241), (0.194,-0.359)}, {}, {}, {}, {}, {}


{(0.408,0), (0.327,-0.245), (-0.313,-0.262), (-0.408,0.0199), (-0.406,0.0405), (-0.31,-0.265)}, {}, {}, {}, {}, {}

---------------------
Abs of Gram matrix:
---------------------

 { { +1.0000, +0.0000, +0.0000, +0.0000, +0.0000, +0.0000, +0.4082, +0.0000, +0.0000, +0.0000, +0.0000, +0.0000, +0.4082, +0.0000, +0.0000, +0.0000, +0.0000, +0.0000, +0.4082, +0.0000, +0.0000, +0.0000, +0.0000, +0.0000}, 
   { +0.0000, +1.0000, +0.0000, +0.0000, +0.0000, +0.0000, +0.4082, +0.0000, +0.0000, +0.0000, +0.0000, +0.0000, +0.4082, +0.0000, +0.0000, +0.0000, +0.0000, +0.0000, +0.4082, +0.0000, +0.0000, +0.0000, +0.0000, +0.0000}, 
   { +0.0000, +0.0000, +1.0000, +0.0000, +0.0000, +0.0000, +0.4082, +0.0000, +0.0000, +0.0000, +0.0000, +0.0000, +0.4082, +0.0000, +0.0000, +0.0000, +0.0000, +0.0000, +0.4082, +0.0000, +0.0000, +0.0000, +0.0000, +0.0000}, 
   { +0.0000, +0.0000, +0.0000, +1.0000, +0.0000, +0.0000, +0.4082, +0.0000, +0.0000, +0.0000, +0.0000, +0.0000, +0.4082, +0.0000, +0.0000, +0.0000, +0.0000, +0.0000, +0.4082, +0.0000, +0.0000, +0.0000, +0.0000, +0.0000}, 
   { +0.0000, +0.0000, +0.0000, +0.0000, +1.0000, +0.0000, +0.4082, +0.0000, +0.0000, +0.0000, +0.0000, +0.0000, +0.4082, +0.0000, +0.0000, +0.0000, +0.0000, +0.0000, +0.4082, +0.0000, +0.0000, +0.0000, +0.0000, +0.0000}, 
   { +0.0000, +0.0000, +0.0000, +0.0000, +0.0000, +1.0000, +0.4082, +0.0000, +0.0000, +0.0000, +0.0000, +0.0000, +0.4082, +0.0000, +0.0000, +0.0000, +0.0000, +0.0000, +0.4082, +0.0000, +0.0000, +0.0000, +0.0000, +0.0000}, 
   { +0.4082, +0.4082, +0.4082, +0.4082, +0.4082, +0.4082, +1.0000, +0.0000, +0.0000, +0.0000, +0.0000, +0.0000, +0.4082, +0.0000, +0.0000, +0.0000, +0.0000, +0.0000, +0.4082, +0.0000, +0.0000, +0.0000, +0.0000, +0.0000}, 
   { +0.0000, +0.0000, +0.0000, +0.0000, +0.0000, +0.0000, +0.0000, +0.0000, +0.0000, +0.0000, +0.0000, +0.0000, +0.0000, +0.0000, +0.0000, +0.0000, +0.0000, +0.0000, +0.0000, +0.0000, +0.0000, +0.0000, +0.0000, +0.0000}, 
   { +0.0000, +0.0000, +0.0000, +0.0000, +0.0000, +0.0000, +0.0000, +0.0000, +0.0000, +0.0000, +0.0000, +0.0000, +0.0000, +0.0000, +0.0000, +0.0000, +0.0000, +0.0000, +0.0000, +0.0000, +0.0000, +0.0000, +0.0000, +0.0000}, 
   { +0.0000, +0.0000, +0.0000, +0.0000, +0.0000, +0.0000, +0.0000, +0.0000, +0.0000, +0.0000, +0.0000, +0.0000, +0.0000, +0.0000, +0.0000, +0.0000, +0.0000, +0.0000, +0.0000, +0.0000, +0.0000, +0.0000, +0.0000, +0.0000}, 
   { +0.0000, +0.0000, +0.0000, +0.0000, +0.0000, +0.0000, +0.0000, +0.0000, +0.0000, +0.0000, +0.0000, +0.0000, +0.0000, +0.0000, +0.0000, +0.0000, +0.0000, +0.0000, +0.0000, +0.0000, +0.0000, +0.0000, +0.0000, +0.0000}, 
   { +0.0000, +0.0000, +0.0000, +0.0000, +0.0000, +0.0000, +0.0000, +0.0000, +0.0000, +0.0000, +0.0000, +0.0000, +0.0000, +0.0000, +0.0000, +0.0000, +0.0000, +0.0000, +0.0000, +0.0000, +0.0000, +0.0000, +0.0000, +0.0000}, 
   { +0.4082, +0.4082, +0.4082, +0.4082, +0.4082, +0.4082, +0.4082, +0.0000, +0.0000, +0.0000, +0.0000, +0.0000, +1.0000, +0.0000, +0.0000, +0.0000, +0.0000, +0.0000, +0.4082, +0.0000, +0.0000, +0.0000, +0.0000, +0.0000}, 
   { +0.0000, +0.0000, +0.0000, +0.0000, +0.0000, +0.0000, +0.0000, +0.0000, +0.0000, +0.0000, +0.0000, +0.0000, +0.0000, +0.0000, +0.0000, +0.0000, +0.0000, +0.0000, +0.0000, +0.0000, +0.0000, +0.0000, +0.0000, +0.0000}, 
   { +0.0000, +0.0000, +0.0000, +0.0000, +0.0000, +0.0000, +0.0000, +0.0000, +0.0000, +0.0000, +0.0000, +0.0000, +0.0000, +0.0000, +0.0000, +0.0000, +0.0000, +0.0000, +0.0000, +0.0000, +0.0000, +0.0000, +0.0000, +0.0000}, 
   { +0.0000, +0.0000, +0.0000, +0.0000, +0.0000, +0.0000, +0.0000, +0.0000, +0.0000, +0.0000, +0.0000, +0.0000, +0.0000, +0.0000, +0.0000, +0.0000, +0.0000, +0.0000, +0.0000, +0.0000, +0.0000, +0.0000, +0.0000, +0.0000}, 
   { +0.0000, +0.0000, +0.0000, +0.0000, +0.0000, +0.0000, +0.0000, +0.0000, +0.0000, +0.0000, +0.0000, +0.0000, +0.0000, +0.0000, +0.0000, +0.0000, +0.0000, +0.0000, +0.0000, +0.0000, +0.0000, +0.0000, +0.0000, +0.0000}, 
   { +0.0000, +0.0000, +0.0000, +0.0000, +0.0000, +0.0000, +0.0000, +0.0000, +0.0000, +0.0000, +0.0000, +0.0000, +0.0000, +0.0000, +0.0000, +0.0000, +0.0000, +0.0000, +0.0000, +0.0000, +0.0000, +0.0000, +0.0000, +0.0000}, 
   { +0.4082, +0.4082, +0.4082, +0.4082, +0.4082, +0.4082, +0.4082, +0.0000, +0.0000, +0.0000, +0.0000, +0.0000, +0.4082, +0.0000, +0.0000, +0.0000, +0.0000, +0.0000, +1.0000, +0.0000, +0.0000, +0.0000, +0.0000, +0.0000}, 
   { +0.0000, +0.0000, +0.0000, +0.0000, +0.0000, +0.0000, +0.0000, +0.0000, +0.0000, +0.0000, +0.0000, +0.0000, +0.0000, +0.0000, +0.0000, +0.0000, +0.0000, +0.0000, +0.0000, +0.0000, +0.0000, +0.0000, +0.0000, +0.0000}, 
   { +0.0000, +0.0000, +0.0000, +0.0000, +0.0000, +0.0000, +0.0000, +0.0000, +0.0000, +0.0000, +0.0000, +0.0000, +0.0000, +0.0000, +0.0000, +0.0000, +0.0000, +0.0000, +0.0000, +0.0000, +0.0000, +0.0000, +0.0000, +0.0000}, 
   { +0.0000, +0.0000, +0.0000, +0.0000, +0.0000, +0.0000, +0.0000, +0.0000, +0.0000, +0.0000, +0.0000, +0.0000, +0.0000, +0.0000, +0.0000, +0.0000, +0.0000, +0.0000, +0.0000, +0.0000, +0.0000, +0.0000, +0.0000, +0.0000}, 
   { +0.0000, +0.0000, +0.0000, +0.0000, +0.0000, +0.0000, +0.0000, +0.0000, +0.0000, +0.0000, +0.0000, +0.0000, +0.0000, +0.0000, +0.0000, +0.0000, +0.0000, +0.0000, +0.0000, +0.0000, +0.0000, +0.0000, +0.0000, +0.0000}, 
   { +0.0000, +0.0000, +0.0000, +0.0000, +0.0000, +0.0000, +0.0000, +0.0000, +0.0000, +0.0000, +0.0000, +0.0000, +0.0000, +0.0000, +0.0000, +0.0000, +0.0000, +0.0000, +0.0000, +0.0000, +0.0000, +0.0000, +0.0000, +0.0000} } 
