---------------------
Basis Indices:
---------------------

{1, 0, 0, 0, 0, 0}, {1, 0, 0, 0, 0, 0}, {1, 0, 0, 0, 0, 0}, {1, 0, 0, 0, 0, 0}, {1, 0, 0, 0, 0, 0}, {1, 0, 0, 0, 0, 0}


{0.408, 0.408, 0.408, 0.408, 0.408, 0.408}, {0.408, x_43+i*x_331, x_44+i*x_332, x_45+i*x_333, x_46+i*x_334, x_47+i*x_335}, {}, {}, {}, {}


{0.408, x_73+i*x_361, x_74+i*x_362, x_75+i*x_363, x_76+i*x_364, x_77+i*x_365}, {0.408, x_79+i*x_367, x_80+i*x_368, x_81+i*x_369, x_82+i*x_370, x_83+i*x_371}, {}, {}, {}, {}


{0.408, x_109+i*x_397, x_110+i*x_398, x_111+i*x_399, x_112+i*x_400, x_113+i*x_401}, {}, {}, {}, {}, {}


{0.408, x_145+i*x_433, x_146+i*x_434, x_147+i*x_435, x_148+i*x_436, x_149+i*x_437}, {}, {}, {}, {}, {}


{0.408, x_181+i*x_469, x_182+i*x_470, x_183+i*x_471, x_184+i*x_472, x_185+i*x_473}, {}, {}, {}, {}, {}


{0.408, x_217+i*x_505, x_218+i*x_506, x_219+i*x_507, x_220+i*x_508, x_221+i*x_509}, {}, {}, {}, {}, {}


{0.408, x_253+i*x_541, x_254+i*x_542, x_255+i*x_543, x_256+i*x_544, x_257+i*x_545}, {}, {}, {}, {}, {}

---------------------
Problem: 
---------------------
Find a point satisfying:

-0.166667*{} + 1*{ 577 577} + 1*{ 576 576} = 0 

1*{ 335 365} + 1*{  47  77} + 1*{  45  75} + 1*{  44  74} + 1*{ 331 361} + 1*{  43  73} + 0.166667*{} + 1*{  46  76} + 1*{ 333 363} + 1*{ 332 362} + 1*{ 334 364} + -1*{ 576} = 0 

-1*{  74 332} + 1*{  44 362} + 1*{  45 363} + -1*{  73 331} + -1*{  77 335} + -1*{ 577} + 1*{  46 364} + -1*{  75 333} + 1*{  43 361} + -1*{  76 334} + 1*{  47 365} = 0 

-0.166667*{} + 1*{ 579 579} + 1*{ 578 578} = 0 

1*{ 332 368} + -1*{ 578} + 1*{  45  81} + 1*{  43  79} + 1*{ 331 367} + 0.166667*{} + 1*{ 333 369} + 1*{  46  82} + 1*{  47  83} + 1*{ 334 370} + 1*{  44  80} + 1*{ 335 371} = 0 

-1*{  81 333} + 1*{  45 369} + 1*{  44 368} + -1*{  79 331} + 1*{  43 367} + -1*{  83 335} + -1*{  80 332} + 1*{  47 371} + 1*{  46 370} + -1*{  82 334} + -1*{ 579} = 0 

-0.166667*{} + 1*{ 581 581} + 1*{ 580 580} = 0 

1*{ 332 398} + 1*{ 331 397} + 1*{  44 110} + 1*{  45 111} + 1*{  47 113} + 1*{  46 112} + 0.166667*{} + 1*{  43 109} + -1*{ 580} + 1*{ 334 400} + 1*{ 333 399} + 1*{ 335 401} = 0 

-1*{ 112 334} + -1*{ 111 333} + -1*{ 110 332} + -1*{ 113 335} + 1*{  44 398} + -1*{ 109 331} + 1*{  45 399} + 1*{  46 400} + 1*{  43 397} + -1*{ 581} + 1*{  47 401} = 0 

-0.166667*{} + 1*{ 583 583} + 1*{ 582 582} = 0 

1*{ 333 435} + 1*{ 334 436} + 1*{ 332 434} + 1*{  44 146} + 1*{ 335 437} + 1*{  45 147} + 1*{ 331 433} + 1*{  43 145} + -1*{ 582} + 1*{  46 148} + 0.166667*{} + 1*{  47 149} = 0 

-1*{ 145 331} + -1*{ 147 333} + -1*{ 146 332} + 1*{  43 433} + 1*{  45 435} + 1*{  46 436} + -1*{ 148 334} + 1*{  44 434} + -1*{ 149 335} + 1*{  47 437} + -1*{ 583} = 0 

-0.166667*{} + 1*{ 585 585} + 1*{ 584 584} = 0 

1*{  44 182} + 1*{ 332 470} + 1*{  47 185} + 1*{ 333 471} + 1*{  43 181} + 1*{  45 183} + 1*{ 335 473} + 0.166667*{} + 1*{  46 184} + 1*{ 331 469} + 1*{ 334 472} + -1*{ 584} = 0 

1*{  44 470} + -1*{ 185 335} + -1*{ 182 332} + 1*{  46 472} + 1*{  43 469} + 1*{  45 471} + -1*{ 181 331} + 1*{  47 473} + -1*{ 183 333} + -1*{ 184 334} + -1*{ 585} = 0 

-0.166667*{} + 1*{ 587 587} + 1*{ 586 586} = 0 

1*{ 332 506} + 1*{  44 218} + 1*{  43 217} + 1*{  45 219} + 1*{  46 220} + -1*{ 586} + 1*{ 334 508} + 1*{ 333 507} + 1*{ 331 505} + 1*{  47 221} + 0.166667*{} + 1*{ 335 509} = 0 

1*{  47 509} + -1*{ 217 331} + -1*{ 219 333} + -1*{ 587} + 1*{  44 506} + 1*{  43 505} + -1*{ 218 332} + -1*{ 221 335} + -1*{ 220 334} + 1*{  45 507} + 1*{  46 508} = 0 

-0.166667*{} + 1*{ 589 589} + 1*{ 588 588} = 0 

1*{ 332 542} + 1*{  46 256} + 1*{ 333 543} + 1*{  44 254} + 1*{ 331 541} + 1*{  45 255} + 0.166667*{} + 1*{ 334 544} + 1*{  47 257} + 1*{  43 253} + 1*{ 335 545} + -1*{ 588} = 0 

1*{  45 543} + -1*{ 256 334} + 1*{  44 542} + -1*{ 255 333} + 1*{  43 541} + 1*{  46 544} + -1*{ 253 331} + -1*{ 257 335} + -1*{ 254 332} + -1*{ 589} + 1*{  47 545} = 0 

-0.166667*{} + 1*{ 331 331} + 1*{  43  43} = 0 

-0.166667*{} + 1*{ 332 332} + 1*{  44  44} = 0 

-0.166667*{} + 1*{ 333 333} + 1*{  45  45} = 0 

-0.166667*{} + 1*{ 334 334} + 1*{  46  46} = 0 

-0.166667*{} + 1*{ 335 335} + 1*{  47  47} = 0 

0.333333*{ 333 335} + 0.166667*{  45  45} + 0.333333*{  45  46} + 0.333333*{  46  47} + 0.333333*{  44  45} + 0.333333*{ 331 333} + 0.333333*{ 331 335} + 0.333333*{  43  46} + 0.166667*{  43  43} + 0.333333*{  43  45} + 0.136083*{  45} + 0.333333*{  43  44} + 0.333333*{  43  47} + 0.333333*{  44  47} + 0.166667*{ 335 335} + 0.166667*{  47  47} + 0.166667*{  46  46} + 0.333333*{ 333 334} + 0.333333*{ 332 335} + 0.333333*{ 334 335} + 0.166667*{  44  44} + 0.333333*{ 331 332} + 0.333333*{ 332 334} + 0.166667*{ 334 334} + 0.166667*{ 333 333} + 0.136083*{  47} + 0.136083*{  43} + 0.136083*{  46} + 0.333333*{ 332 333} + 0.136083*{  44} + 0.333333*{ 331 334} + 0.0277778*{} + 0.333333*{  45  47} + 0.166667*{ 331 331} + 0.333333*{  44  46} + 0.166667*{ 332 332} = 0 

1*{  75  81} + 1*{ 363 369} + 1*{  74  80} + 1*{ 361 367} + 1*{ 365 371} + 1*{  73  79} + 0.166667*{} + 1*{ 362 368} + 1*{  76  82} + 1*{  77  83} + 1*{ 364 370} = 0 

-1*{  81 363} + 1*{  75 369} + -1*{  79 361} + -1*{  80 362} + 1*{  74 368} + 1*{  73 367} + -1*{  82 364} + 1*{  76 370} + 1*{  77 371} + -1*{  83 365} = 0 

-0.166667*{} + 1*{ 591 591} + 1*{ 590 590} = 0 

1*{  74 110} + -1*{ 590} + 1*{ 363 399} + 1*{ 361 397} + 1*{  73 109} + 0.166667*{} + 1*{ 362 398} + 1*{  76 112} + 1*{ 365 401} + 1*{  75 111} + 1*{ 364 400} + 1*{  77 113} = 0 

1*{  75 399} + -1*{ 110 362} + 1*{  73 397} + 1*{  74 398} + -1*{ 113 365} + 1*{  76 400} + -1*{ 112 364} + -1*{ 111 363} + -1*{ 109 361} + 1*{  77 401} + -1*{ 591} = 0 

-0.166667*{} + 1*{ 593 593} + 1*{ 592 592} = 0 

1*{ 363 435} + 1*{ 362 434} + 0.166667*{} + 1*{  74 146} + 1*{  75 147} + 1*{  73 145} + -1*{ 592} + 1*{ 361 433} + 1*{  76 148} + 1*{ 364 436} + 1*{  77 149} + 1*{ 365 437} = 0 

1*{  75 435} + 1*{  74 434} + -1*{ 146 362} + -1*{ 145 361} + -1*{ 149 365} + 1*{  73 433} + 1*{  76 436} + -1*{ 148 364} + -1*{ 147 363} + 1*{  77 437} + -1*{ 593} = 0 

-0.166667*{} + 1*{ 595 595} + 1*{ 594 594} = 0 

1*{ 363 471} + 1*{  75 183} + 1*{  74 182} + 1*{  73 181} + 1*{ 361 469} + 1*{ 365 473} + 0.166667*{} + 1*{  76 184} + 1*{ 364 472} + 1*{ 362 470} + 1*{  77 185} + -1*{ 594} = 0 

-1*{ 183 363} + 1*{  75 471} + -1*{ 595} + 1*{  74 470} + -1*{ 181 361} + 1*{  76 472} + 1*{  73 469} + -1*{ 184 364} + 1*{  77 473} + -1*{ 182 362} + -1*{ 185 365} = 0 

-0.166667*{} + 1*{ 597 597} + 1*{ 596 596} = 0 

1*{ 363 507} + 1*{  76 220} + 1*{ 362 506} + 1*{ 361 505} + 1*{  74 218} + 1*{ 364 508} + 0.166667*{} + 1*{ 365 509} + 1*{  75 219} + 1*{  77 221} + 1*{  73 217} + -1*{ 596} = 0 

1*{  74 506} + -1*{ 217 361} + -1*{ 597} + -1*{ 219 363} + 1*{  75 507} + 1*{  73 505} + 1*{  76 508} + -1*{ 218 362} + 1*{  77 509} + -1*{ 220 364} + -1*{ 221 365} = 0 

-0.166667*{} + 1*{ 599 599} + 1*{ 598 598} = 0 

1*{  74 254} + 1*{ 361 541} + 1*{  77 257} + 0.166667*{} + 1*{  76 256} + 1*{ 364 544} + 1*{ 365 545} + 1*{ 363 543} + 1*{  75 255} + 1*{ 362 542} + 1*{  73 253} + -1*{ 598} = 0 

-1*{ 255 363} + 1*{  77 545} + 1*{  74 542} + -1*{ 254 362} + 1*{  73 541} + -1*{ 256 364} + -1*{ 253 361} + -1*{ 257 365} + 1*{  75 543} + 1*{  76 544} + -1*{ 599} = 0 

-0.166667*{} + 1*{ 361 361} + 1*{  73  73} = 0 

-0.166667*{} + 1*{ 362 362} + 1*{  74  74} = 0 

-0.166667*{} + 1*{ 363 363} + 1*{  75  75} = 0 

-0.166667*{} + 1*{ 364 364} + 1*{  76  76} = 0 

-0.166667*{} + 1*{ 365 365} + 1*{  77  77} = 0 

0.333333*{ 364 365} + 0.166667*{  75  75} + 0.333333*{  75  77} + 0.166667*{  74  74} + 0.136083*{  73} + 0.333333*{  75  76} + 0.333333*{ 361 363} + 0.333333*{  73  75} + 0.333333*{ 363 365} + 0.166667*{ 361 361} + 0.333333*{ 362 364} + 0.333333*{  74  76} + 0.166667*{ 365 365} + 0.166667*{  73  73} + 0.333333*{ 363 364} + 0.166667*{ 362 362} + 0.333333*{  73  74} + 0.166667*{  76  76} + 0.333333*{  73  76} + 0.166667*{ 364 364} + 0.166667*{  77  77} + 0.333333*{ 362 365} + 0.136083*{  76} + 0.333333*{  73  77} + 0.333333*{ 361 362} + 0.333333*{  74  75} + 0.333333*{ 362 363} + 0.333333*{ 361 364} + 0.136083*{  77} + 0.166667*{ 363 363} + -0.138889*{} + 0.136083*{  74} + 0.333333*{  76  77} + 0.136083*{  75} + 0.333333*{ 361 365} + 0.333333*{  74  77} = 0 

-0.166667*{} + 1*{ 601 601} + 1*{ 600 600} = 0 

1*{ 368 398} + 1*{  80 110} + 1*{  81 111} + 1*{ 370 400} + 1*{ 367 397} + 1*{ 369 399} + 1*{  79 109} + 0.166667*{} + 1*{  82 112} + 1*{  83 113} + 1*{ 371 401} + -1*{ 600} = 0 

1*{  80 398} + 1*{  81 399} + 1*{  79 397} + -1*{ 111 369} + -1*{ 112 370} + -1*{ 601} + 1*{  82 400} + -1*{ 110 368} + 1*{  83 401} + -1*{ 109 367} + -1*{ 113 371} = 0 

-0.166667*{} + 1*{ 603 603} + 1*{ 602 602} = 0 

1*{ 371 437} + 1*{ 368 434} + 1*{  81 147} + 1*{  79 145} + 1*{  80 146} + 0.166667*{} + 1*{ 367 433} + 1*{  82 148} + 1*{ 369 435} + 1*{ 370 436} + 1*{  83 149} + -1*{ 602} = 0 

-1*{ 147 369} + 1*{  81 435} + 1*{  80 434} + 1*{  79 433} + -1*{ 145 367} + 1*{  83 437} + -1*{ 146 368} + 1*{  82 436} + -1*{ 148 370} + -1*{ 149 371} + -1*{ 603} = 0 

-0.166667*{} + 1*{ 605 605} + 1*{ 604 604} = 0 

1*{ 368 470} + 1*{  80 182} + 1*{ 367 469} + 1*{ 369 471} + 1*{  79 181} + 0.166667*{} + 1*{  82 184} + 1*{  81 183} + 1*{ 370 472} + 1*{  83 185} + 1*{ 371 473} + -1*{ 604} = 0 

-1*{ 183 369} + -1*{ 182 368} + 1*{  81 471} + 1*{  80 470} + -1*{ 181 367} + 1*{  79 469} + 1*{  82 472} + -1*{ 184 370} + 1*{  83 473} + -1*{ 185 371} + -1*{ 605} = 0 

-0.166667*{} + 1*{ 607 607} + 1*{ 606 606} = 0 

1*{ 369 507} + 1*{ 370 508} + 1*{ 368 506} + 1*{  80 218} + 1*{  81 219} + -1*{ 606} + 1*{ 367 505} + 1*{  79 217} + 0.166667*{} + 1*{  82 220} + 1*{  83 221} + 1*{ 371 509} = 0 

-1*{ 218 368} + 1*{  80 506} + -1*{ 221 371} + 1*{  82 508} + -1*{ 219 369} + 1*{  79 505} + 1*{  81 507} + 1*{  83 509} + -1*{ 217 367} + -1*{ 220 370} + -1*{ 607} = 0 

-0.166667*{} + 1*{ 609 609} + 1*{ 608 608} = 0 

1*{  81 255} + 1*{  79 253} + 1*{ 369 543} + 1*{  83 257} + 1*{  80 254} + 1*{ 368 542} + 0.166667*{} + 1*{  82 256} + 1*{ 370 544} + 1*{ 367 541} + 1*{ 371 545} + -1*{ 608} = 0 

1*{  79 541} + -1*{ 255 369} + -1*{ 253 367} + 1*{  83 545} + -1*{ 254 368} + -1*{ 256 370} + 1*{  81 543} + 1*{  82 544} + -1*{ 257 371} + 1*{  80 542} + -1*{ 609} = 0 

-0.166667*{} + 1*{ 367 367} + 1*{  79  79} = 0 

-0.166667*{} + 1*{ 368 368} + 1*{  80  80} = 0 

-0.166667*{} + 1*{ 369 369} + 1*{  81  81} = 0 

-0.166667*{} + 1*{ 370 370} + 1*{  82  82} = 0 

1*{ 371 371} + -0.166667*{} + 1*{  83  83} = 0 

0.333333*{ 368 370} + 0.333333*{  81  83} + 0.166667*{ 371 371} + 0.166667*{ 369 369} + 0.333333*{ 368 369} + 0.166667*{  83  83} + 0.166667*{  80  80} + 0.166667*{ 367 367} + 0.136083*{  83} + 0.136083*{  82} + 0.333333*{  81  82} + 0.333333*{  79  82} + 0.333333*{ 367 369} + 0.136083*{  79} + 0.333333*{  79  81} + 0.333333*{  79  83} + 0.166667*{  82  82} + 0.333333*{ 369 370} + 0.136083*{  80} + 0.333333*{  82  83} + 0.166667*{  81  81} + 0.333333*{ 367 371} + 0.333333*{ 367 370} + 0.333333*{ 370 371} + 0.333333*{  79  80} + 0.333333*{  80  83} + 0.166667*{ 370 370} + 0.333333*{  80  82} + 0.166667*{ 368 368} + 0.333333*{ 367 368} + 0.136083*{  81} + -0.138889*{} + 0.333333*{ 368 371} + 0.166667*{  79  79} + 0.333333*{ 369 371} + 0.333333*{  80  81} = 0 

-0.166667*{} + 1*{ 611 611} + 1*{ 610 610} = 0 

1*{ 111 147} + 1*{ 397 433} + 1*{ 110 146} + -1*{ 610} + 0.166667*{} + 1*{ 399 435} + 1*{ 112 148} + 1*{ 400 436} + 1*{ 109 145} + 1*{ 113 149} + 1*{ 398 434} + 1*{ 401 437} = 0 

1*{ 109 433} + -1*{ 148 400} + -1*{ 147 399} + 1*{ 111 435} + 1*{ 110 434} + 1*{ 112 436} + -1*{ 146 398} + -1*{ 611} + 1*{ 113 437} + -1*{ 145 397} + -1*{ 149 401} = 0 

-0.166667*{} + 1*{ 613 613} + 1*{ 612 612} = 0 

1*{ 398 470} + 1*{ 111 183} + 1*{ 110 182} + 1*{ 109 181} + -1*{ 612} + 0.166667*{} + 1*{ 399 471} + 1*{ 112 184} + 1*{ 400 472} + 1*{ 113 185} + 1*{ 397 469} + 1*{ 401 473} = 0 

1*{ 110 470} + 1*{ 109 469} + -1*{ 183 399} + -1*{ 181 397} + 1*{ 113 473} + -1*{ 184 400} + 1*{ 111 471} + -1*{ 182 398} + -1*{ 185 401} + 1*{ 112 472} + -1*{ 613} = 0 

-0.166667*{} + 1*{ 615 615} + 1*{ 614 614} = 0 

1*{ 400 508} + 1*{ 399 507} + 0.166667*{} + 1*{ 111 219} + 1*{ 110 218} + 1*{ 397 505} + 1*{ 109 217} + 1*{ 112 220} + 1*{ 398 506} + 1*{ 113 221} + -1*{ 614} + 1*{ 401 509} = 0 

1*{ 110 506} + -1*{ 219 399} + 1*{ 113 509} + -1*{ 217 397} + 1*{ 112 508} + -1*{ 218 398} + 1*{ 109 505} + -1*{ 220 400} + 1*{ 111 507} + -1*{ 221 401} + -1*{ 615} = 0 

-0.166667*{} + 1*{ 617 617} + 1*{ 616 616} = 0 

1*{ 399 543} + 1*{ 111 255} + 1*{ 113 257} + 1*{ 401 545} + 1*{ 398 542} + 1*{ 110 254} + 1*{ 397 541} + 0.166667*{} + 1*{ 112 256} + 1*{ 109 253} + 1*{ 400 544} + -1*{ 616} = 0 

-1*{ 253 397} + 1*{ 109 541} + -1*{ 255 399} + 1*{ 110 542} + 1*{ 113 545} + 1*{ 112 544} + 1*{ 111 543} + -1*{ 257 401} + -1*{ 254 398} + -1*{ 256 400} + -1*{ 617} = 0 

-0.166667*{} + 1*{ 397 397} + 1*{ 109 109} = 0 

-0.166667*{} + 1*{ 398 398} + 1*{ 110 110} = 0 

-0.166667*{} + 1*{ 399 399} + 1*{ 111 111} = 0 

-0.166667*{} + 1*{ 400 400} + 1*{ 112 112} = 0 

-0.166667*{} + 1*{ 401 401} + 1*{ 113 113} = 0 

0.166667*{ 110 110} + 0.333333*{ 110 112} + 0.333333*{ 400 401} + 0.333333*{ 398 401} + 0.333333*{ 399 400} + 0.333333*{ 110 113} + 0.166667*{ 113 113} + 0.333333*{ 397 398} + 0.333333*{ 109 110} + 0.166667*{ 400 400} + 0.333333*{ 398 400} + 0.333333*{ 109 112} + 0.333333*{ 399 401} + 0.166667*{ 398 398} + 0.333333*{ 111 113} + 0.136083*{ 111} + 0.333333*{ 111 112} + 0.166667*{ 111 111} + 0.333333*{ 110 111} + 0.166667*{ 397 397} + 0.333333*{ 397 401} + 0.166667*{ 401 401} + 0.333333*{ 397 399} + 0.333333*{ 109 111} + 0.166667*{ 112 112} + 0.166667*{ 109 109} + 0.136083*{ 109} + -0.138889*{} + 0.333333*{ 112 113} + 0.136083*{ 112} + 0.333333*{ 109 113} + 0.136083*{ 110} + 0.166667*{ 399 399} + 0.333333*{ 397 400} + 0.333333*{ 398 399} + 0.136083*{ 113} = 0 

-0.166667*{} + 1*{ 619 619} + 1*{ 618 618} = 0 

1*{ 435 471} + 1*{ 146 182} + 1*{ 433 469} + 1*{ 147 183} + 0.166667*{} + 1*{ 434 470} + 1*{ 148 184} + 1*{ 145 181} + 1*{ 149 185} + 1*{ 437 473} + 1*{ 436 472} + -1*{ 618} = 0 

1*{ 146 470} + 1*{ 145 469} + -1*{ 185 437} + 1*{ 147 471} + -1*{ 182 434} + -1*{ 181 433} + -1*{ 183 435} + -1*{ 184 436} + -1*{ 619} + 1*{ 148 472} + 1*{ 149 473} = 0 

-0.166667*{} + 1*{ 621 621} + 1*{ 620 620} = 0 

0.166667*{} + 1*{ 147 219} + 1*{ 149 221} + 1*{ 433 505} + 1*{ 435 507} + 1*{ 434 506} + 1*{ 146 218} + 1*{ 148 220} + 1*{ 436 508} + -1*{ 620} + 1*{ 145 217} + 1*{ 437 509} = 0 

-1*{ 219 435} + 1*{ 147 507} + 1*{ 146 506} + -1*{ 621} + -1*{ 218 434} + -1*{ 217 433} + 1*{ 149 509} + -1*{ 221 437} + 1*{ 145 505} + 1*{ 148 508} + -1*{ 220 436} = 0 

-0.166667*{} + 1*{ 623 623} + 1*{ 622 622} = 0 

1*{ 435 543} + 1*{ 434 542} + 1*{ 147 255} + 1*{ 433 541} + 0.166667*{} + 1*{ 145 253} + 1*{ 146 254} + 1*{ 148 256} + 1*{ 149 257} + 1*{ 437 545} + 1*{ 436 544} + -1*{ 622} = 0 

1*{ 146 542} + -1*{ 623} + -1*{ 253 433} + -1*{ 256 436} + -1*{ 255 435} + 1*{ 147 543} + 1*{ 149 545} + -1*{ 254 434} + 1*{ 145 541} + 1*{ 148 544} + -1*{ 257 437} = 0 

-0.166667*{} + 1*{ 433 433} + 1*{ 145 145} = 0 

-0.166667*{} + 1*{ 434 434} + 1*{ 146 146} = 0 

-0.166667*{} + 1*{ 435 435} + 1*{ 147 147} = 0 

-0.166667*{} + 1*{ 436 436} + 1*{ 148 148} = 0 

-0.166667*{} + 1*{ 437 437} + 1*{ 149 149} = 0 

0.333333*{ 434 436} + 0.333333*{ 434 435} + 0.333333*{ 147 148} + 0.166667*{ 437 437} + 0.333333*{ 434 437} + 0.166667*{ 435 435} + 0.333333*{ 435 437} + 0.333333*{ 145 147} + 0.333333*{ 146 149} + -0.138889*{} + 0.136083*{ 149} + 0.166667*{ 147 147} + 0.333333*{ 146 148} + 0.333333*{ 433 435} + 0.166667*{ 436 436} + 0.333333*{ 145 149} + 0.333333*{ 433 436} + 0.136083*{ 147} + 0.166667*{ 148 148} + 0.333333*{ 433 437} + 0.333333*{ 145 146} + 0.166667*{ 146 146} + 0.333333*{ 147 149} + 0.333333*{ 436 437} + 0.166667*{ 434 434} + 0.136083*{ 146} + 0.333333*{ 148 149} + 0.333333*{ 146 147} + 0.136083*{ 145} + 0.333333*{ 145 148} + 0.136083*{ 148} + 0.333333*{ 433 434} + 0.166667*{ 145 145} + 0.333333*{ 435 436} + 0.166667*{ 433 433} + 0.166667*{ 149 149} = 0 

-0.166667*{} + 1*{ 625 625} + 1*{ 624 624} = 0 

1*{ 182 218} + 1*{ 471 507} + 1*{ 183 219} + 0.166667*{} + 1*{ 473 509} + 1*{ 469 505} + 1*{ 181 217} + 1*{ 184 220} + 1*{ 472 508} + 1*{ 185 221} + 1*{ 470 506} + -1*{ 624} = 0 

-1*{ 219 471} + 1*{ 185 509} + -1*{ 218 470} + -1*{ 217 469} + 1*{ 182 506} + 1*{ 181 505} + 1*{ 184 508} + -1*{ 220 472} + 1*{ 183 507} + -1*{ 221 473} + -1*{ 625} = 0 

-0.166667*{} + 1*{ 627 627} + 1*{ 626 626} = 0 

1*{ 472 544} + 1*{ 470 542} + 1*{ 182 254} + 1*{ 181 253} + 1*{ 183 255} + 0.166667*{} + 1*{ 471 543} + 1*{ 184 256} + 1*{ 469 541} + 1*{ 185 257} + 1*{ 473 545} + -1*{ 626} = 0 

-1*{ 254 470} + 1*{ 183 543} + -1*{ 257 473} + 1*{ 184 544} + -1*{ 256 472} + -1*{ 253 469} + 1*{ 185 545} + 1*{ 182 542} + -1*{ 255 471} + 1*{ 181 541} + -1*{ 627} = 0 

-0.166667*{} + 1*{ 469 469} + 1*{ 181 181} = 0 

-0.166667*{} + 1*{ 470 470} + 1*{ 182 182} = 0 

1*{ 471 471} + -0.166667*{} + 1*{ 183 183} = 0 

-0.166667*{} + 1*{ 472 472} + 1*{ 184 184} = 0 

1*{ 473 473} + -0.166667*{} + 1*{ 185 185} = 0 

0.333333*{ 471 472} + 0.166667*{ 183 183} + 0.333333*{ 472 473} + 0.333333*{ 183 184} + -0.138889*{} + 0.333333*{ 471 473} + 0.333333*{ 183 185} + 0.136083*{ 185} + 0.333333*{ 181 184} + 0.136083*{ 184} + 0.333333*{ 182 184} + 0.166667*{ 470 470} + 0.166667*{ 473 473} + 0.166667*{ 182 182} + 0.166667*{ 181 181} + 0.333333*{ 469 472} + 0.333333*{ 181 185} + 0.333333*{ 182 183} + 0.333333*{ 184 185} + 0.166667*{ 184 184} + 0.166667*{ 185 185} + 0.166667*{ 471 471} + 0.333333*{ 470 471} + 0.333333*{ 181 182} + 0.136083*{ 183} + 0.136083*{ 181} + 0.333333*{ 469 470} + 0.333333*{ 469 471} + 0.333333*{ 470 473} + 0.166667*{ 469 469} + 0.333333*{ 182 185} + 0.333333*{ 469 473} + 0.136083*{ 182} + 0.333333*{ 181 183} + 0.166667*{ 472 472} + 0.333333*{ 470 472} = 0 

-0.166667*{} + 1*{ 629 629} + 1*{ 628 628} = 0 

1*{ 508 544} + 1*{ 219 255} + 1*{ 509 545} + 1*{ 506 542} + 1*{ 507 543} + 1*{ 217 253} + 1*{ 218 254} + 1*{ 505 541} + 1*{ 220 256} + 1*{ 221 257} + 0.166667*{} + -1*{ 628} = 0 

1*{ 219 543} + -1*{ 256 508} + -1*{ 255 507} + 1*{ 217 541} + -1*{ 253 505} + -1*{ 629} + 1*{ 220 544} + 1*{ 221 545} + -1*{ 254 506} + 1*{ 218 542} + -1*{ 257 509} = 0 

-0.166667*{} + 1*{ 505 505} + 1*{ 217 217} = 0 

-0.166667*{} + 1*{ 506 506} + 1*{ 218 218} = 0 

1*{ 507 507} + -0.166667*{} + 1*{ 219 219} = 0 

-0.166667*{} + 1*{ 508 508} + 1*{ 220 220} = 0 

-0.166667*{} + 1*{ 509 509} + 1*{ 221 221} = 0 

0.333333*{ 507 509} + 0.166667*{ 221 221} + 0.166667*{ 219 219} + 0.333333*{ 218 221} + 0.333333*{ 219 220} + 0.333333*{ 507 508} + 0.333333*{ 217 221} + 0.136083*{ 217} + 0.333333*{ 218 219} + 0.166667*{ 506 506} + 0.166667*{ 505 505} + 0.166667*{ 220 220} + 0.333333*{ 505 508} + 0.136083*{ 219} + 0.333333*{ 505 509} + 0.166667*{ 217 217} + 0.333333*{ 217 218} + 0.166667*{ 218 218} + 0.166667*{ 509 509} + 0.333333*{ 219 221} + 0.333333*{ 220 221} + 0.333333*{ 505 506} + -0.138889*{} + 0.136083*{ 220} + 0.136083*{ 218} + 0.333333*{ 505 507} + 0.333333*{ 508 509} + 0.166667*{ 507 507} + 0.333333*{ 506 508} + 0.333333*{ 506 509} + 0.166667*{ 508 508} + 0.333333*{ 217 219} + 0.333333*{ 217 220} + 0.333333*{ 506 507} + 0.136083*{ 221} + 0.333333*{ 218 220} = 0 

-0.166667*{} + 1*{ 541 541} + 1*{ 253 253} = 0 

-0.166667*{} + 1*{ 542 542} + 1*{ 254 254} = 0 

-0.166667*{} + 1*{ 543 543} + 1*{ 255 255} = 0 

-0.166667*{} + 1*{ 544 544} + 1*{ 256 256} = 0 

-0.166667*{} + 1*{ 545 545} + 1*{ 257 257} = 0 

0.333333*{ 542 544} + 0.333333*{ 542 545} + 0.166667*{ 254 254} + -0.138889*{} + 0.333333*{ 254 257} + 0.166667*{ 543 543} + 0.166667*{ 255 255} + 0.333333*{ 541 544} + 0.333333*{ 254 255} + 0.166667*{ 256 256} + 0.333333*{ 253 256} + 0.333333*{ 256 257} + 0.166667*{ 253 253} + 0.333333*{ 253 255} + 0.333333*{ 255 256} + 0.333333*{ 543 544} + 0.333333*{ 541 543} + 0.333333*{ 254 256} + 0.166667*{ 542 542} + 0.136083*{ 254} + 0.166667*{ 544 544} + 0.136083*{ 255} + 0.136083*{ 256} + 0.166667*{ 541 541} + 0.333333*{ 544 545} + 0.333333*{ 253 254} + 0.333333*{ 543 545} + 0.333333*{ 255 257} + 0.333333*{ 542 543} + 0.166667*{ 257 257} + 0.136083*{ 253} + 0.333333*{ 541 545} + 0.333333*{ 541 542} + 0.166667*{ 545 545} + 0.333333*{ 253 257} + 0.136083*{ 257} = 0 

---------------------
Summary:
---------------------
set sizes: {6, 2, 2, 1, 1, 1, 1, 1}, vars: 134, vectors: 15, equations: 131, true vars: 80

---------------------
Optimization:
---------------------
1 5.941e+00 5.941e+00
2 4.822e+00 4.822e+00
3 4.232e+01 4.822e+00
4 2.040e+01 4.822e+00
5 1.969e+02 4.822e+00
6 7.450e+01 4.822e+00
7 3.281e+01 4.822e+00
8 1.367e+01 4.822e+00
9 1.280e+03 4.822e+00
10 7.512e+03 4.822e+00
11 3.104e+03 4.822e+00
12 1.160e+03 4.822e+00
13 4.186e+02 4.822e+00
14 1.504e+02 4.822e+00
15 5.406e+01 4.822e+00
16 1.937e+01 4.822e+00
17 6.925e+00 4.822e+00
18 2.843e+00 2.843e+00
19 6.347e+02 2.843e+00
20 5.118e+03 2.843e+00
21 2.038e+03 2.843e+00
22 7.926e+03 2.843e+00
23 2.856e+03 2.843e+00
24 1.024e+03 2.843e+00
25 3.725e+02 2.843e+00
26 1.362e+02 2.843e+00
27 4.858e+01 2.843e+00
28 1.730e+01 2.843e+00
29 3.120e+02 2.843e+00
30 1.971e+03 2.843e+00
31 7.713e+02 2.843e+00
32 9.069e+03 2.843e+00
33 3.270e+03 2.843e+00
34 1.179e+03 2.843e+00
35 4.256e+02 2.843e+00
36 1.532e+02 2.843e+00
37 5.511e+01 2.843e+00
38 1.978e+01 2.843e+00
39 7.212e+00 2.843e+00
40 2.653e+00 2.653e+00
41 9.521e-01 9.521e-01
42 4.603e-01 4.603e-01
43 1.859e-01 1.859e-01
44 6.109e+01 1.859e-01
45 2.464e+01 1.859e-01
46 1.006e+01 1.859e-01
47 3.836e+00 1.859e-01
48 1.391e+00 1.859e-01
49 9.560e-01 1.859e-01
50 1.414e+00 1.859e-01
51 3.080e+01 1.859e-01
52 1.455e+03 1.859e-01
53 5.654e+02 1.859e-01
54 2.156e+02 1.859e-01
55 7.813e+01 1.859e-01
56 3.516e+01 1.859e-01
57 1.255e+01 1.859e-01
58 4.463e+00 1.859e-01
59 1.587e+00 1.859e-01
60 1.133e+03 1.859e-01
61 2.264e+04 1.859e-01
62 1.076e+04 1.859e-01
63 3.881e+03 1.859e-01
64 1.397e+03 1.859e-01
65 6.046e+02 1.859e-01
66 2.170e+02 1.859e-01
67 7.772e+01 1.859e-01
68 2.774e+01 1.859e-01
69 9.857e+00 1.859e-01
70 3.484e+00 1.859e-01
71 1.229e+00 1.859e-01
72 5.294e+03 1.859e-01
73 2.112e+04 1.859e-01
74 7.616e+03 1.859e-01
75 2.747e+03 1.859e-01
76 1.002e+03 1.859e-01
77 3.611e+02 1.859e-01
78 1.300e+02 1.859e-01
79 4.697e+01 1.859e-01
80 1.824e+01 1.859e-01
81 1.464e+01 1.859e-01
82 7.765e+00 1.859e-01
83 1.213e+01 1.859e-01
84 1.641e+02 1.859e-01
85 7.855e+03 1.859e-01
86 6.751e+04 1.859e-01
87 2.515e+04 1.859e-01
88 1.203e+04 1.859e-01
89 4.398e+03 1.859e-01
90 2.931e+03 1.859e-01
91 3.683e+03 1.859e-01
92 2.107e+04 1.859e-01
93 2.891e+18 1.859e-01
94 1.043e+18 1.859e-01
95 3.762e+17 1.859e-01
96 1.357e+17 1.859e-01
97 4.896e+16 1.859e-01
98 1.766e+16 1.859e-01
99 6.372e+15 1.859e-01
100 2.299e+15 1.859e-01
101 8.293e+14 1.859e-01
102 2.992e+14 1.859e-01
103 1.079e+14 1.859e-01
104 3.893e+13 1.859e-01
105 1.404e+13 1.859e-01
106 5.067e+12 1.859e-01
107 1.828e+12 1.859e-01
108 6.594e+11 1.859e-01
109 2.379e+11 1.859e-01
110 8.581e+10 1.859e-01
111 3.096e+10 1.859e-01
112 1.117e+10 1.859e-01
113 4.040e+09 1.859e-01
114 1.457e+09 1.859e-01
115 5.257e+08 1.859e-01
116 1.896e+08 1.859e-01
117 6.859e+07 1.859e-01
118 2.475e+07 1.859e-01
119 8.936e+06 1.859e-01
120 3.208e+06 1.859e-01
121 1.168e+06 1.859e-01
122 4.302e+05 1.859e-01
123 1.611e+05 1.859e-01
124 6.095e+04 1.859e-01
125 2.285e+04 1.859e-01
126 8.410e+03 1.859e-01
127 3.059e+03 1.859e-01
128 1.106e+03 1.859e-01
129 3.986e+02 1.859e-01
130 1.433e+02 1.859e-01
131 5.135e+01 1.859e-01
132 1.834e+01 1.859e-01
133 6.541e+00 1.859e-01
134 2.347e+00 1.859e-01
135 8.712e-01 1.859e-01
136 3.665e-01 1.859e-01
137 2.355e-01 1.859e-01
138 2.769e-01 1.859e-01
139 9.643e+01 1.859e-01
140 1.334e+02 1.859e-01
141 2.572e+02 1.859e-01
142 9.242e+01 1.859e-01
143 3.297e+01 1.859e-01
144 1.176e+01 1.859e-01
145 4.184e+00 1.859e-01
146 1.493e+00 1.859e-01
147 5.440e-01 1.859e-01
148 2.131e-01 1.859e-01
149 9.901e-02 9.901e-02
150 5.160e-02 5.160e-02
151 2.411e-02 2.411e-02
152 1.331e-02 1.331e-02
153 1.157e-02 1.157e-02
154 2.948e+04 1.157e-02
155 5.574e+05 1.157e-02
156 2.012e+05 1.157e-02
157 7.293e+04 1.157e-02
158 2.630e+04 1.157e-02
159 9.487e+03 1.157e-02
160 3.422e+03 1.157e-02
161 1.234e+03 1.157e-02
162 4.446e+02 1.157e-02
163 1.601e+02 1.157e-02
164 5.762e+01 1.157e-02
165 2.093e+01 1.157e-02
166 7.491e+00 1.157e-02
167 2.676e+00 1.157e-02
168 9.573e-01 1.157e-02
169 3.465e-01 1.157e-02
170 1.278e-01 1.157e-02
171 5.091e-02 1.157e-02
172 2.570e-02 1.157e-02
173 3.296e-02 1.157e-02
174 6.224e-02 1.157e-02
175 4.178e-02 1.157e-02
176 1.659e-02 1.157e-02
177 1.204e-02 1.157e-02
178 5.656e+01 1.157e-02
179 8.241e+02 1.157e-02
180 1.044e+03 1.157e-02
181 3.740e+02 1.157e-02
182 1.344e+02 1.157e-02
183 4.805e+01 1.157e-02
184 1.705e+01 1.157e-02
185 6.023e+00 1.157e-02
186 2.121e+00 1.157e-02
187 7.480e-01 1.157e-02
188 2.704e-01 1.157e-02
189 1.073e-01 1.157e-02
190 5.532e-02 1.157e-02
191 1.888e-01 1.157e-02
192 6.485e-02 1.157e-02
193 2.374e-02 1.157e-02
194 1.094e-02 1.094e-02
195 1.082e-02 1.082e-02
196 6.130e-03 6.130e-03
197 8.267e-03 6.130e-03
198 1.173e+03 6.130e-03
199 1.403e+04 6.130e-03
200 5.057e+03 6.130e-03
201 1.843e+03 6.130e-03
202 6.683e+02 6.130e-03
203 2.405e+02 6.130e-03
204 8.637e+01 6.130e-03
205 3.093e+01 6.130e-03
206 1.102e+01 6.130e-03
207 3.901e+00 6.130e-03
208 1.375e+00 6.130e-03
209 4.867e-01 6.130e-03
210 1.765e-01 6.130e-03
211 6.897e-02 6.130e-03
212 3.405e-02 6.130e-03
213 3.930e-02 6.130e-03
214 1.737e+02 6.130e-03
215 2.221e+02 6.130e-03
216 9.674e+01 6.130e-03
217 3.448e+01 6.130e-03
218 1.459e+01 6.130e-03
219 5.163e+00 6.130e-03
220 1.823e+00 6.130e-03
221 8.562e-01 6.130e-03
222 3.029e-01 6.130e-03
223 1.115e-01 6.130e-03
224 4.398e-02 6.130e-03
225 2.207e-02 6.130e-03
226 1.077e-02 6.130e-03
227 7.582e-03 6.130e-03
228 3.507e-02 6.130e-03
229 4.649e-02 6.130e-03
230 1.548e-02 6.130e-03
231 5.828e-03 5.828e-03
232 3.120e-03 3.120e-03
233 2.975e-03 2.975e-03
234 1.221e-03 1.221e-03
235 6.946e-04 6.946e-04
236 1.623e-03 6.946e-04
237 5.763e-04 5.763e-04
238 2.649e-04 2.649e-04
239 1.545e-04 1.545e-04
240 7.423e-05 7.423e-05
241 4.753e-05 4.753e-05
242 2.066e-05 2.066e-05
243 8.971e-06 8.971e-06
244 3.864e-06 3.864e-06
245 1.812e-06 1.812e-06
246 8.888e-07 8.888e-07
247 5.695e-07 5.695e-07
248 3.675e-07 3.675e-07
249 2.340e-07 2.340e-07
250 1.239e-06 2.340e-07
251 3.915e-07 2.340e-07
252 1.367e-07 1.367e-07
253 6.889e-08 6.889e-08
254 1.361e-07 6.889e-08
255 4.737e-08 4.737e-08
256 2.340e-08 2.340e-08
257 4.371e-08 2.340e-08
258 1.539e-08 1.539e-08
259 7.884e-09 7.884e-09
260 2.461e-08 7.884e-09
261 8.066e-09 7.884e-09
262 3.217e-09 3.217e-09
263 2.311e-09 2.311e-09
264 1.323e-04 2.311e-09
265 4.011e-05 2.311e-09
266 1.216e-05 2.311e-09
267 3.896e-06 2.311e-09
268 1.181e-06 2.311e-09
269 3.579e-07 2.311e-09
270 1.086e-07 2.311e-09
271 3.311e-08 2.311e-09
272 1.026e-08 2.311e-09
273 3.641e-09 2.311e-09
274 1.495e-09 1.495e-09
275 2.130e-09 1.495e-09
276 1.490e-09 1.490e-09
277 8.276e-07 1.490e-09
278 2.504e-07 1.490e-09
279 7.579e-08 1.490e-09
280 2.295e-08 1.490e-09
281 6.969e-09 1.490e-09
282 2.134e-09 1.490e-09
283 6.727e-10 6.727e-10
284 2.350e-10 2.350e-10
285 1.284e-10 1.284e-10
286 9.976e-08 1.284e-10
287 3.018e-08 1.284e-10
288 9.129e-09 1.284e-10
289 2.758e-09 1.284e-10
290 8.156e-10 1.284e-10
291 1.286e-10 1.284e-10
292 1.396e-08 1.284e-10
293 3.933e-09 1.284e-10
294 1.042e-05 1.284e-10
295 3.162e-06 1.284e-10
296 9.554e-07 1.284e-10
297 2.893e-07 1.284e-10
298 8.768e-08 1.284e-10
299 2.669e-08 1.284e-10
300 8.240e-09 1.284e-10
301 2.659e-09 1.284e-10
302 1.000e-09 1.284e-10
303 9.814e-10 1.284e-10
304 1.597e-09 1.284e-10
305 5.943e-10 1.284e-10
306 9.637e-09 1.284e-10
307 2.828e-09 1.284e-10
308 3.602e-10 1.284e-10
309 2.926e-08 1.284e-10
310 8.831e-09 1.284e-10
311 2.590e-09 1.284e-10
312 2.886e-10 1.284e-10
313 2.802e-08 1.284e-10
314 8.454e-09 1.284e-10
315 2.468e-09 1.284e-10
316 1.542e-10 1.284e-10
317 7.339e-08 1.284e-10
318 2.220e-08 1.284e-10
319 6.702e-09 1.284e-10
320 1.976e-09 1.284e-10
321 2.770e-10 1.284e-10
322 3.754e-08 1.284e-10
323 1.124e-08 1.284e-10
324 2.793e-09 1.284e-10
325 1.183e-08 1.284e-10
326 8.255e-09 1.284e-10
327 1.189e-07 1.284e-10
328 2.893e-08 1.284e-10
329 8.041e-06 1.284e-10
330 2.432e-06 1.284e-10
331 7.356e-07 1.284e-10
332 2.220e-07 1.284e-10
333 6.558e-08 1.284e-10
334 1.231e-08 1.284e-10
335 1.827e-07 1.284e-10
336 5.188e-08 1.284e-10
337 3.992e-08 1.284e-10
338 8.832e-06 1.284e-10
339 2.671e-06 1.284e-10
340 8.079e-07 1.284e-10
341 2.443e-07 1.284e-10
342 7.371e-08 1.284e-10
343 2.197e-08 1.284e-10
344 5.771e-09 1.284e-10
345 1.600e-08 1.284e-10
346 1.895e-09 1.284e-10
347 1.018e-04 1.284e-10
348 3.077e-05 1.284e-10
349 9.307e-06 1.284e-10
350 2.815e-06 1.284e-10
351 8.516e-07 1.284e-10
352 2.576e-07 1.284e-10
353 7.793e-08 1.284e-10
354 2.357e-08 1.284e-10
355 7.124e-09 1.284e-10
356 2.140e-09 1.284e-10
357 5.974e-10 1.284e-10
358 2.460e-10 1.284e-10
359 5.940e-09 1.284e-10
360 1.775e-09 1.284e-10
361 4.369e-10 1.284e-10
362 1.246e-09 1.284e-10
363 1.624e-09 1.284e-10
364 7.224e-09 1.284e-10
365 2.169e-09 1.284e-10
366 5.797e-10 1.284e-10
367 6.633e-10 1.284e-10
368 2.629e-07 1.284e-10
369 7.954e-08 1.284e-10
370 2.406e-08 1.284e-10
371 7.275e-09 1.284e-10
372 2.191e-09 1.284e-10
373 6.232e-10 1.284e-10
374 1.926e-10 1.284e-10
375 1.992e-08 1.284e-10
376 6.024e-09 1.284e-10
377 1.811e-09 1.284e-10
378 4.981e-10 1.284e-10
379 4.418e-10 1.284e-10
380 8.826e-08 1.284e-10
381 2.670e-08 1.284e-10
382 8.075e-09 1.284e-10
383 2.437e-09 1.284e-10
384 7.144e-10 1.284e-10
385 5.754e-11 5.754e-11
386 1.218e-06 5.754e-11
387 3.683e-07 5.754e-11
388 1.114e-07 5.754e-11
389 3.370e-08 5.754e-11
390 1.019e-08 5.754e-11
391 3.076e-09 5.754e-11
392 8.993e-10 5.754e-11
393 3.854e-11 3.854e-11
394 3.037e-04 3.854e-11
395 9.189e-05 3.854e-11
396 2.780e-05 3.854e-11
397 8.409e-06 3.854e-11
398 2.543e-06 3.854e-11
399 7.652e-07 3.854e-11
400 2.152e-07 3.854e-11
401 5.817e-08 3.854e-11
402 2.700e-06 3.854e-11
403 8.170e-07 3.854e-11
404 2.472e-07 3.854e-11
405 7.478e-08 3.854e-11
406 2.260e-08 3.854e-11
407 6.765e-09 3.854e-11
408 2.033e-09 3.854e-11
409 3.160e-09 3.854e-11
410 8.214e-09 3.854e-11
411 1.834e-09 3.854e-11
412 1.277e-08 3.854e-11
413 3.837e-09 3.854e-11
414 1.055e-09 3.854e-11
415 4.510e-09 3.854e-11
416 1.356e-09 3.854e-11
417 2.168e-09 3.854e-11
418 6.557e-10 3.854e-11
419 4.523e-10 3.854e-11
420 1.378e-10 3.854e-11
421 4.073e-11 3.854e-11
422 1.546e-11 1.546e-11
423 6.379e-09 1.546e-11
424 1.921e-09 1.546e-11
425 5.499e-10 1.546e-11
426 1.181e-08 1.546e-11
427 3.565e-09 1.546e-11
428 1.069e-09 1.546e-11
429 3.132e-10 1.546e-11
430 1.059e-10 1.546e-11
431 9.220e-08 1.546e-11
432 2.789e-08 1.546e-11
433 8.437e-09 1.546e-11
434 2.552e-09 1.546e-11
435 7.713e-10 1.546e-11
436 2.308e-10 1.546e-11
437 5.686e-11 1.546e-11
438 3.109e-10 1.546e-11
439 5.363e-10 1.546e-11
440 1.569e-11 1.546e-11
441 1.267e-07 1.546e-11
442 3.833e-08 1.546e-11
443 1.159e-08 1.546e-11
444 3.498e-09 1.546e-11
445 1.026e-09 1.546e-11
446 8.845e-11 1.546e-11
447 4.654e-07 1.546e-11
448 1.408e-07 1.546e-11
449 4.258e-08 1.546e-11
450 1.287e-08 1.546e-11
451 3.858e-09 1.546e-11
452 9.903e-10 1.546e-11
453 3.560e-09 1.546e-11
454 2.627e-09 1.546e-11
455 1.890e-07 1.546e-11
456 5.707e-08 1.546e-11
457 1.459e-08 1.546e-11
458 4.795e-08 1.546e-11
459 5.393e-09 1.546e-11
460 5.767e-08 1.546e-11
461 1.073e-08 1.546e-11
462 2.343e-07 1.546e-11
463 5.700e-08 1.546e-11
464 1.273e-08 1.546e-11
465 3.507e-07 1.546e-11
466 6.547e-08 1.546e-11
467 1.825e-08 1.546e-11
468 6.683e-07 1.546e-11
469 1.907e-07 1.546e-11
470 3.647e-08 1.546e-11
471 3.510e-08 1.546e-11
472 4.941e-08 1.546e-11
473 2.141e-07 1.546e-11
474 1.866e-08 1.546e-11
475 5.086e-08 1.546e-11
476 1.274e-08 1.546e-11
477 6.677e-07 1.546e-11
478 1.728e-07 1.546e-11
479 1.897e-08 1.546e-11
480 5.874e-08 1.546e-11
481 1.586e-08 1.546e-11
482 1.366e-07 1.546e-11
483 1.333e-08 1.546e-11
484 1.012e-07 1.546e-11
485 1.330e-08 1.546e-11
486 1.209e-07 1.546e-11
487 1.974e-08 1.546e-11
488 9.211e-08 1.546e-11
489 2.330e-08 1.546e-11
490 1.113e-07 1.546e-11
491 2.672e-08 1.546e-11
492 7.384e-08 1.546e-11
493 2.991e-08 1.546e-11
494 1.122e-07 1.546e-11
495 2.449e-08 1.546e-11
496 5.939e-08 1.546e-11
497 3.101e-08 1.546e-11
498 1.153e-07 1.546e-11
499 2.257e-08 1.546e-11
500 4.789e-08 1.546e-11
501 2.981e-08 1.546e-11
502 1.252e-07 1.546e-11
503 2.128e-08 1.546e-11
504 3.858e-08 1.546e-11
505 2.488e-08 1.546e-11
506 1.398e-07 1.546e-11
507 2.222e-08 1.546e-11
508 3.380e-08 1.546e-11
509 1.863e-08 1.546e-11
510 9.680e-08 1.546e-11
511 2.502e-08 1.546e-11
512 3.141e-08 1.546e-11
513 2.384e-08 1.546e-11
514 1.163e-07 1.546e-11
515 2.063e-08 1.546e-11
516 2.545e-08 1.546e-11
517 1.887e-08 1.546e-11
518 9.729e-08 1.546e-11
519 2.154e-08 1.546e-11
520 2.222e-08 1.546e-11
521 2.082e-08 1.546e-11
522 9.616e-08 1.546e-11
523 1.980e-08 1.546e-11
524 1.924e-08 1.546e-11
525 1.961e-08 1.546e-11
526 8.174e-08 1.546e-11
527 1.888e-08 1.546e-11
528 1.784e-08 1.546e-11
529 1.924e-08 1.546e-11
530 7.952e-08 1.546e-11
531 1.674e-08 1.546e-11
532 1.542e-08 1.546e-11
533 1.795e-08 1.546e-11
534 6.684e-08 1.546e-11
535 1.597e-08 1.546e-11
536 1.427e-08 1.546e-11
537 1.729e-08 1.546e-11
538 6.303e-08 1.546e-11
539 1.399e-08 1.546e-11
540 1.245e-08 1.546e-11
541 1.614e-08 1.546e-11
542 5.283e-08 1.546e-11
543 1.326e-08 1.546e-11
544 1.134e-08 1.546e-11
545 1.495e-08 1.546e-11
546 4.938e-08 1.546e-11
547 1.180e-08 1.546e-11
548 9.779e-09 1.546e-11
549 1.394e-08 1.546e-11
550 3.946e-08 1.546e-11
551 1.097e-08 1.546e-11
552 9.531e-09 1.546e-11
553 1.299e-08 1.546e-11
554 4.167e-08 1.546e-11
555 9.107e-09 1.546e-11
556 7.429e-09 1.546e-11
557 1.196e-08 1.546e-11
558 2.673e-08 1.546e-11
559 8.509e-09 1.546e-11
560 8.897e-09 1.546e-11
561 1.216e-08 1.546e-11
562 3.582e-08 1.546e-11
563 6.234e-09 1.546e-11
564 5.928e-09 1.546e-11
565 9.824e-09 1.546e-11
566 1.773e-08 1.546e-11
567 6.653e-09 1.546e-11
568 8.950e-09 1.546e-11
569 1.207e-08 1.546e-11
570 2.115e-08 1.546e-11
571 4.028e-09 1.546e-11
572 7.166e-09 1.546e-11
573 6.639e-09 1.546e-11
574 2.476e-08 1.546e-11
575 7.994e-09 1.546e-11
576 3.024e-09 1.546e-11
577 5.799e-09 1.546e-11
578 2.630e-08 1.546e-11
579 3.646e-09 1.546e-11
580 3.441e-09 1.546e-11
581 1.138e-08 1.546e-11
582 2.226e-08 1.546e-11
583 2.710e-09 1.546e-11
584 3.912e-09 1.546e-11
585 4.961e-09 1.546e-11
586 2.618e-09 1.546e-11
587 1.021e-08 1.546e-11
588 8.894e-09 1.546e-11
589 1.481e-09 1.546e-11
590 6.446e-09 1.546e-11
591 2.988e-09 1.546e-11
592 1.890e-08 1.546e-11
593 4.085e-09 1.546e-11
594 1.120e-09 1.546e-11
595 6.497e-09 1.546e-11
596 1.275e-09 1.546e-11
597 3.089e-09 1.546e-11
598 1.727e-09 1.546e-11
599 4.110e-08 1.546e-11
600 4.129e-09 1.546e-11
601 6.735e-09 1.546e-11
602 7.444e-10 1.546e-11
603 2.191e-08 1.546e-11
604 2.329e-09 1.546e-11
605 2.396e-06 1.546e-11
606 7.100e-07 1.546e-11
607 1.946e-07 1.546e-11
608 3.709e-08 1.546e-11
609 3.999e-09 1.546e-11
610 1.413e-08 1.546e-11
611 1.687e-09 1.546e-11
612 4.977e-08 1.546e-11
613 5.613e-09 1.546e-11
614 1.861e-09 1.546e-11
615 1.075e-07 1.546e-11
616 1.335e-08 1.546e-11
617 1.368e-09 1.546e-11
618 2.323e-09 1.546e-11
619 6.025e-10 1.546e-11
620 2.277e-08 1.546e-11
621 2.333e-09 1.546e-11
622 1.495e-08 1.546e-11
623 1.501e-09 1.546e-11
624 1.379e-09 1.546e-11
625 4.477e-10 1.546e-11
626 2.782e-09 1.546e-11
627 1.257e-09 1.546e-11
628 1.172e-08 1.546e-11
629 1.190e-09 1.546e-11
630 3.788e-09 1.546e-11
631 5.335e-10 1.546e-11
632 1.611e-09 1.546e-11
633 4.686e-10 1.546e-11
634 1.126e-07 1.546e-11
635 1.923e-08 1.546e-11
636 2.011e-09 1.546e-11
637 1.904e-08 1.546e-11
638 1.929e-09 1.546e-11
639 8.299e-07 1.546e-11
640 2.505e-07 1.546e-11
641 7.508e-08 1.546e-11
642 2.182e-08 1.546e-11
643 5.446e-09 1.546e-11
644 6.268e-09 1.546e-11
645 8.235e-10 1.546e-11
646 5.219e-09 1.546e-11
647 7.381e-10 1.546e-11
648 5.043e-09 1.546e-11
649 7.164e-10 1.546e-11
650 3.267e-09 1.546e-11
651 3.031e-08 1.546e-11
652 9.006e-09 1.546e-11
653 2.500e-09 1.546e-11
654 2.426e-08 1.546e-11
655 7.336e-09 1.546e-11
656 2.217e-09 1.546e-11
657 6.682e-10 1.546e-11
658 2.007e-10 1.546e-11
659 5.031e-11 1.546e-11
660 1.422e-11 1.422e-11
661 3.898e-12 3.898e-12
662 8.653e-13 8.653e-13
1 (precision) 1.624e-13 1.624e-13 (from 8.653e-13)
2 (precision) 1.893e-14 1.893e-14 (from 8.653e-13)
3 (precision) 5.052e-10 1.893e-14 (from 8.653e-13)
4 (precision) 1.393e-10 1.893e-14 (from 8.653e-13)
5 (precision) 3.838e-11 1.893e-14 (from 8.653e-13)
6 (precision) 1.058e-11 1.893e-14 (from 8.653e-13)
7 (precision) 2.916e-12 1.893e-14 (from 8.653e-13)
8 (precision) 8.028e-13 1.893e-14 (from 8.653e-13)
9 (precision) 2.206e-13 1.893e-14 (from 8.653e-13)
10 (precision) 6.511e-14 1.893e-14 (from 8.653e-13)
11 (precision) 6.644e-14 1.893e-14 (from 8.653e-13)
12 (precision) 3.891e-10 1.893e-14 (from 8.653e-13)
13 (precision) 1.073e-10 1.893e-14 (from 8.653e-13)
14 (precision) 2.962e-11 1.893e-14 (from 8.653e-13)
15 (precision) 8.221e-12 1.893e-14 (from 8.653e-13)
16 (precision) 2.319e-12 1.893e-14 (from 8.653e-13)
17 (precision) 6.939e-13 1.893e-14 (from 8.653e-13)
18 (precision) 2.685e-13 1.893e-14 (from 8.653e-13)
19 (precision) 3.445e-13 1.893e-14 (from 8.653e-13)
20 (precision) 1.682e-13 1.893e-14 (from 8.653e-13)
21 (precision) 7.383e-11 1.893e-14 (from 8.653e-13)
22 (precision) 2.036e-11 1.893e-14 (from 8.653e-13)
23 (precision) 5.607e-12 1.893e-14 (from 8.653e-13)
24 (precision) 1.558e-12 1.893e-14 (from 8.653e-13)
25 (precision) 4.304e-13 1.893e-14 (from 8.653e-13)
26 (precision) 1.316e-13 1.893e-14 (from 8.653e-13)
27 (precision) 3.444e-14 1.893e-14 (from 8.653e-13)
28 (precision) 1.673e-14 1.673e-14 (from 8.653e-13)
29 (precision) 1.087e-14 1.087e-14 (from 8.653e-13)
30 (precision) 2.143e-14 1.087e-14 (from 8.653e-13)
31 (precision) 7.708e-15 7.708e-15 (from 8.653e-13)
32 (precision) 3.142e-15 3.142e-15 (from 8.653e-13)
33 (precision) 1.784e-14 3.142e-15 (from 8.653e-13)
34 (precision) 4.753e-11 3.142e-15 (from 8.653e-13)
35 (precision) 1.311e-11 3.142e-15 (from 8.653e-13)
36 (precision) 3.627e-12 3.142e-15 (from 8.653e-13)
37 (precision) 1.010e-12 3.142e-15 (from 8.653e-13)
38 (precision) 2.921e-13 3.142e-15 (from 8.653e-13)
39 (precision) 6.458e-14 3.142e-15 (from 8.653e-13)
40 (precision) 2.840e-14 3.142e-15 (from 8.653e-13)
41 (precision) 2.402e-14 3.142e-15 (from 8.653e-13)
42 (precision) 5.170e-12 3.142e-15 (from 8.653e-13)
43 (precision) 1.434e-12 3.142e-15 (from 8.653e-13)
44 (precision) 3.961e-13 3.142e-15 (from 8.653e-13)
45 (precision) 1.106e-13 3.142e-15 (from 8.653e-13)
46 (precision) 3.669e-14 3.142e-15 (from 8.653e-13)
47 (precision) 8.711e-15 3.142e-15 (from 8.653e-13)
48 (precision) 9.303e-16 9.303e-16 (from 8.653e-13)
49 (precision) 6.384e-15 9.303e-16 (from 8.653e-13)
50 (precision) 6.343e-15 9.303e-16 (from 8.653e-13)
51 (precision) 8.389e-12 9.303e-16 (from 8.653e-13)
52 (precision) 2.308e-12 9.303e-16 (from 8.653e-13)
53 (precision) 6.344e-13 9.303e-16 (from 8.653e-13)
54 (precision) 1.795e-13 9.303e-16 (from 8.653e-13)
55 (precision) 6.376e-14 9.303e-16 (from 8.653e-13)
56 (precision) 1.411e-14 9.303e-16 (from 8.653e-13)
57 (precision) 7.829e-15 9.303e-16 (from 8.653e-13)
58 (precision) 8.407e-14 9.303e-16 (from 8.653e-13)
59 (precision) 2.222e-14 9.303e-16 (from 8.653e-13)
60 (precision) 8.758e-15 9.303e-16 (from 8.653e-13)
61 (precision) 1.599e-14 9.303e-16 (from 8.653e-13)
62 (precision) 1.587e-13 9.303e-16 (from 8.653e-13)
63 (precision) 5.865e-14 9.303e-16 (from 8.653e-13)
64 (precision) 1.297e-14 9.303e-16 (from 8.653e-13)
65 (precision) 2.610e-15 9.303e-16 (from 8.653e-13)
66 (precision) 8.333e-15 9.303e-16 (from 8.653e-13)
67 (precision) 3.228e-13 9.303e-16 (from 8.653e-13)
68 (precision) 8.715e-14 9.303e-16 (from 8.653e-13)
69 (precision) 2.351e-14 9.303e-16 (from 8.653e-13)
70 (precision) 6.893e-15 9.303e-16 (from 8.653e-13)
71 (precision) 5.249e-15 9.303e-16 (from 8.653e-13)
72 (precision) 7.013e-15 9.303e-16 (from 8.653e-13)
73 (precision) 5.341e-15 9.303e-16 (from 8.653e-13)
74 (precision) 5.035e-15 9.303e-16 (from 8.653e-13)
75 (precision) 6.644e-16 6.644e-16 (from 8.653e-13)
76 (precision) 5.413e-15 6.644e-16 (from 8.653e-13)
77 (precision) 1.448e-14 6.644e-16 (from 8.653e-13)
78 (precision) 5.430e-15 6.644e-16 (from 8.653e-13)
79 (precision) 2.530e-15 6.644e-16 (from 8.653e-13)
80 (precision) 7.315e-15 6.644e-16 (from 8.653e-13)
81 (precision) 1.015e-14 6.644e-16 (from 8.653e-13)
82 (precision) 7.398e-15 6.644e-16 (from 8.653e-13)
83 (precision) 8.947e-14 6.644e-16 (from 8.653e-13)
84 (precision) 2.238e-14 6.644e-16 (from 8.653e-13)
85 (precision) 2.435e-15 6.644e-16 (from 8.653e-13)
86 (precision) 7.510e-15 6.644e-16 (from 8.653e-13)
87 (precision) 5.776e-15 6.644e-16 (from 8.653e-13)
88 (precision) 5.225e-15 6.644e-16 (from 8.653e-13)
89 (precision) 1.363e-14 6.644e-16 (from 8.653e-13)
90 (precision) 4.163e-15 6.644e-16 (from 8.653e-13)
91 (precision) 1.029e-14 6.644e-16 (from 8.653e-13)
92 (precision) 4.514e-17 4.514e-17 (from 8.653e-13)
93 (precision) 4.947e-15 4.514e-17 (from 8.653e-13)
94 (precision) 1.962e-14 4.514e-17 (from 8.653e-13)
95 (precision) 1.688e-14 4.514e-17 (from 8.653e-13)
96 (precision) 5.485e-13 4.514e-17 (from 8.653e-13)
97 (precision) 1.554e-13 4.514e-17 (from 8.653e-13)
98 (precision) 4.596e-14 4.514e-17 (from 8.653e-13)
99 (precision) 2.619e-15 4.514e-17 (from 8.653e-13)
100 (precision) 8.789e-15 4.514e-17 (from 8.653e-13)

x:  3.929e-01 -3.655e-01 -3.876e-01 -3.335e-01  2.853e-01 -1.115e-01 -4.061e-01 -2.916e-01 -9.115e-02 -3.052e-01 -4.075e-01 -2.669e-01  4.079e-01  1.581e-01 -2.524e-01  3.860e-01  1.451e-01 -3.753e-01  3.468e-01 -1.719e-01  2.948e-01 -6.074e-02 -3.606e-01  1.636e-01  4.078e-01  2.002e-01  3.950e-02  1.816e-01  3.657e-01 -2.297e-01  3.683e-01  3.725e-01  1.451e-01 -2.571e-02 -4.042e-01 -2.163e-01 -3.223e-02 -2.689e-01  3.610e-01 -3.201e-01 -1.109e-01  1.820e-01 -1.282e-01 -2.355e-01  2.920e-01 -3.927e-01  4.141e-02  2.857e-01  3.979e-01  2.712e-01  2.462e-02 -3.089e-01 -1.734e-02 -3.764e-01 -3.208e-01 -1.329e-01  3.816e-01 -1.608e-01  2.154e-01  3.703e-01 -2.824e-01 -4.037e-01 -1.913e-01  3.740e-01 -1.830e-02 -3.558e-01  4.063e-01  3.656e-01  1.815e-01 -3.375e-01  1.762e-01  1.670e-01 -3.816e-01 -4.074e-01 -5.735e-02 -3.462e-01 -4.070e-01 -3.072e-01 -1.907e-01  2.534e-01  3.275e-01 -2.437e-01 -2.405e-01  3.299e-01  4.082e-01  4.618e-03  3.952e-01 -1.023e-01 -1.018e-01 -3.954e-01  1.512e-01  3.792e-01  1.086e-01  3.935e-01  4.031e-01 -6.450e-02  3.077e-01  2.684e-01  3.538e-01 -2.037e-01 -2.913e-01  2.860e-01  3.712e-01  1.699e-01 -4.025e-01 -6.846e-02 -1.753e-01  3.687e-01  1.638e-01  3.740e-01  2.054e-01 -3.528e-01  4.046e-01  5.414e-02  3.817e-01 -1.449e-01  4.055e-01 -4.761e-02  3.617e-01  1.894e-01  3.524e-01 -2.060e-01  6.451e-02 -4.031e-01 -1.643e-01  3.737e-01  3.752e-01 -1.608e-01  1.759e-01 -3.684e-01  4.104e-03 -4.082e-01  2.075e-01 -3.516e-01 -6.460e-18

grad:  1.892e-24 -5.980e-25 -6.461e-25 -3.646e-25  1.778e-25 -8.946e-26  1.510e-25 -5.576e-26 -4.073e-26 -2.135e-25 -4.031e-25  2.921e-25  1.250e-25 -2.142e-26  1.729e-25  1.927e-24  4.091e-25 -1.382e-24 -1.219e-24  6.156e-25  1.572e-25 -5.945e-26 -3.127e-25 -2.336e-25  7.459e-26 -1.904e-25 -1.448e-25 -9.479e-26 -6.362e-26  2.205e-25  6.692e-25 -1.571e-25 -8.466e-26  9.666e-26 -3.044e-25 -4.057e-25 -3.680e-25  4.133e-25  1.752e-25 -1.552e-25 -2.616e-25  7.117e-25 -5.510e-26  1.827e-25  3.831e-25 -1.574e-25  3.754e-25  2.688e-25  4.692e-25 -6.185e-26 -5.990e-26 -3.882e-25  1.628e-25  9.099e-26 -4.426e-25 -3.467e-25  3.602e-25 -5.040e-25  2.852e-25  9.653e-26 -5.016e-26 -1.017e-25 -1.444e-25  9.860e-26  1.307e-25  2.154e-26  1.011e-25  3.378e-25 -5.479e-25  1.866e-25  3.388e-25  6.463e-25 -2.971e-25  7.270e-25  3.645e-25  5.593e-25 -7.459e-25  1.835e-25 -3.363e-25  3.993e-26  2.696e-25  3.942e-25  3.410e-25  5.031e-25 -5.251e-25  4.872e-25 -1.735e-25  1.605e-25 -5.159e-25 -6.547e-25  1.268e-25  2.694e-25  2.910e-25 -8.168e-25  4.394e-25 -4.340e-25 -1.341e-25 -1.392e-25  1.792e-25 -1.719e-26 -1.052e-24  1.153e-24  7.860e-26  3.679e-25 -6.254e-25 -3.233e-25 -1.033e-25  2.365e-25  2.495e-25  2.508e-25  6.827e-25 -4.942e-25  2.128e-25  1.313e-25  7.814e-27 -1.689e-26  5.438e-25  4.035e-25 -4.516e-25 -8.672e-25  1.192e-24  1.077e-25  3.032e-25 -1.637e-25 -1.205e-25  2.272e-25  2.345e-25  5.314e-26  7.750e-26 -3.565e-26 -1.515e-25 -9.532e-25  1.417e-25 -3.450e-26  8.789e-15

finished in 662 iterations (0.787 seconds total)
max viol = 7.45e-08

---------------------
Result:
---------------------

{(1,0), (0,0), (0,0), (0,0), (0,0), (0,0)}, {(0,0), (1,0), (0,0), (0,0), (0,0), (0,0)}, {(0,0), (0,0), (1,0), (0,0), (0,0), (0,0)}, {(0,0), (0,0), (0,0), (1,0), (0,0), (0,0)}, {(0,0), (0,0), (0,0), (0,0), (1,0), (0,0)}, {(0,0), (0,0), (0,0), (0,0), (0,0), (1,0)}


{(0.408,0), (0.408,0), (0.408,0), (0.408,0), (0.408,0), (0.408,0)}, {(0.408,0), (0.393,-0.111), (-0.365,0.182), (-0.388,-0.128), (-0.333,-0.236), (0.285,0.292)}, {}, {}, {}, {}


{(0.408,0), (-0.112,-0.393), (-0.406,0.0414), (-0.292,0.286), (-0.0911,0.398), (-0.305,0.271)}, {(0.408,0), (-0.408,0.0246), (-0.267,-0.309), (0.408,-0.0173), (0.158,-0.376), (-0.252,-0.321)}, {}, {}, {}, {}


{(0.408,0), (0.386,-0.133), (0.145,0.382), (-0.375,-0.161), (0.347,0.215), (-0.172,0.37)}, {}, {}, {}, {}, {}


{(0.408,0), (0.295,-0.282), (-0.0607,-0.404), (-0.361,-0.191), (0.164,0.374), (0.408,-0.0183)}, {}, {}, {}, {}, {}


{(0.408,0), (0.2,-0.356), (0.0395,0.406), (0.182,0.366), (0.366,0.182), (-0.23,-0.338)}, {}, {}, {}, {}, {}


{(0.408,0), (0.368,0.176), (0.373,0.167), (0.145,-0.382), (-0.0257,-0.407), (-0.404,-0.0574)}, {}, {}, {}, {}, {}


{(0.408,0), (-0.216,-0.346), (-0.0322,-0.407), (-0.269,-0.307), (0.361,-0.191), (-0.32,0.253)}, {}, {}, {}, {}, {}

---------------------
Abs of Gram matrix:
---------------------

 { { +1.0000, +0.0000, +0.0000, +0.0000, +0.0000, +0.0000, +0.4082, +0.4082, +0.0000, +0.0000, +0.0000, +0.0000, +0.4082, +0.4082, +0.0000, +0.0000, +0.0000, +0.0000, +0.4082, +0.0000, +0.0000, +0.0000, +0.0000, +0.0000, +0.4082, +0.0000, +0.0000, +0.0000, +0.0000, +0.0000, +0.4082, +0.0000, +0.0000, +0.0000, +0.0000, +0.0000, +0.4082, +0.0000, +0.0000, +0.0000, +0.0000, +0.0000, +0.4082, +0.0000, +0.0000, +0.0000, +0.0000, +0.0000}, 
   { +0.0000, +1.0000, +0.0000, +0.0000, +0.0000, +0.0000, +0.4082, +0.4082, +0.0000, +0.0000, +0.0000, +0.0000, +0.4082, +0.4082, +0.0000, +0.0000, +0.0000, +0.0000, +0.4082, +0.0000, +0.0000, +0.0000, +0.0000, +0.0000, +0.4082, +0.0000, +0.0000, +0.0000, +0.0000, +0.0000, +0.4082, +0.0000, +0.0000, +0.0000, +0.0000, +0.0000, +0.4082, +0.0000, +0.0000, +0.0000, +0.0000, +0.0000, +0.4082, +0.0000, +0.0000, +0.0000, +0.0000, +0.0000}, 
   { +0.0000, +0.0000, +1.0000, +0.0000, +0.0000, +0.0000, +0.4082, +0.4082, +0.0000, +0.0000, +0.0000, +0.0000, +0.4082, +0.4082, +0.0000, +0.0000, +0.0000, +0.0000, +0.4082, +0.0000, +0.0000, +0.0000, +0.0000, +0.0000, +0.4082, +0.0000, +0.0000, +0.0000, +0.0000, +0.0000, +0.4082, +0.0000, +0.0000, +0.0000, +0.0000, +0.0000, +0.4082, +0.0000, +0.0000, +0.0000, +0.0000, +0.0000, +0.4082, +0.0000, +0.0000, +0.0000, +0.0000, +0.0000}, 
   { +0.0000, +0.0000, +0.0000, +1.0000, +0.0000, +0.0000, +0.4082, +0.4082, +0.0000, +0.0000, +0.0000, +0.0000, +0.4082, +0.4082, +0.0000, +0.0000, +0.0000, +0.0000, +0.4082, +0.0000, +0.0000, +0.0000, +0.0000, +0.0000, +0.4082, +0.0000, +0.0000, +0.0000, +0.0000, +0.0000, +0.4082, +0.0000, +0.0000, +0.0000, +0.0000, +0.0000, +0.4082, +0.0000, +0.0000, +0.0000, +0.0000, +0.0000, +0.4082, +0.0000, +0.0000, +0.0000, +0.0000, +0.0000}, 
   { +0.0000, +0.0000, +0.0000, +0.0000, +1.0000, +0.0000, +0.4082, +0.4082, +0.0000, +0.0000, +0.0000, +0.0000, +0.4082, +0.4082, +0.0000, +0.0000, +0.0000, +0.0000, +0.4082, +0.0000, +0.0000, +0.0000, +0.0000, +0.0000, +0.4082, +0.0000, +0.0000, +0.0000, +0.0000, +0.0000, +0.4082, +0.0000, +0.0000, +0.0000, +0.0000, +0.0000, +0.4082, +0.0000, +0.0000, +0.0000, +0.0000, +0.0000, +0.4082, +0.0000, +0.0000, +0.0000, +0.0000, +0.0000}, 
   { +0.0000, +0.0000, +0.0000, +0.0000, +0.0000, +1.0000, +0.4082, +0.4082, +0.0000, +0.0000, +0.0000, +0.0000, +0.4082, +0.4082, +0.0000, +0.0000, +0.0000, +0.0000, +0.4082, +0.0000, +0.0000, +0.0000, +0.0000, +0.0000, +0.4082, +0.0000, +0.0000, +0.0000, +0.0000, +0.0000, +0.4082, +0.0000, +0.0000, +0.0000, +0.0000, +0.0000, +0.4082, +0.0000, +0.0000, +0.0000, +0.0000, +0.0000, +0.4082, +0.0000, +0.0000, +0.0000, +0.0000, +0.0000}, 
   { +0.4082, +0.4082, +0.4082, +0.4082, +0.4082, +0.4082, +1.0000, +0.0003, +0.0000, +0.0000, +0.0000, +0.0000, +0.4082, +0.4082, +0.0000, +0.0000, +0.0000, +0.0000, +0.4082, +0.0000, +0.0000, +0.0000, +0.0000, +0.0000, +0.4082, +0.0000, +0.0000, +0.0000, +0.0000, +0.0000, +0.4082, +0.0000, +0.0000, +0.0000, +0.0000, +0.0000, +0.4082, +0.0000, +0.0000, +0.0000, +0.0000, +0.0000, +0.4082, +0.0000, +0.0000, +0.0000, +0.0000, +0.0000}, 
   { +0.4082, +0.4082, +0.4082, +0.4082, +0.4082, +0.4082, +0.0003, +1.0000, +0.0000, +0.0000, +0.0000, +0.0000, +0.4082, +0.4082, +0.0000, +0.0000, +0.0000, +0.0000, +0.4082, +0.0000, +0.0000, +0.0000, +0.0000, +0.0000, +0.4082, +0.0000, +0.0000, +0.0000, +0.0000, +0.0000, +0.4082, +0.0000, +0.0000, +0.0000, +0.0000, +0.0000, +0.4082, +0.0000, +0.0000, +0.0000, +0.0000, +0.0000, +0.4082, +0.0000, +0.0000, +0.0000, +0.0000, +0.0000}, 
   { +0.0000, +0.0000, +0.0000, +0.0000, +0.0000, +0.0000, +0.0000, +0.0000, +0.0000, +0.0000, +0.0000, +0.0000, +0.0000, +0.0000, +0.0000, +0.0000, +0.0000, +0.0000, +0.0000, +0.0000, +0.0000, +0.0000, +0.0000, +0.0000, +0.0000, +0.0000, +0.0000, +0.0000, +0.0000, +0.0000, +0.0000, +0.0000, +0.0000, +0.0000, +0.0000, +0.0000, +0.0000, +0.0000, +0.0000, +0.0000, +0.0000, +0.0000, +0.0000, +0.0000, +0.0000, +0.0000, +0.0000, +0.0000}, 
   { +0.0000, +0.0000, +0.0000, +0.0000, +0.0000, +0.0000, +0.0000, +0.0000, +0.0000, +0.0000, +0.0000, +0.0000, +0.0000, +0.0000, +0.0000, +0.0000, +0.0000, +0.0000, +0.0000, +0.0000, +0.0000, +0.0000, +0.0000, +0.0000, +0.0000, +0.0000, +0.0000, +0.0000, +0.0000, +0.0000, +0.0000, +0.0000, +0.0000, +0.0000, +0.0000, +0.0000, +0.0000, +0.0000, +0.0000, +0.0000, +0.0000, +0.0000, +0.0000, +0.0000, +0.0000, +0.0000, +0.0000, +0.0000}, 
   { +0.0000, +0.0000, +0.0000, +0.0000, +0.0000, +0.0000, +0.0000, +0.0000, +0.0000, +0.0000, +0.0000, +0.0000, +0.0000, +0.0000, +0.0000, +0.0000, +0.0000, +0.0000, +0.0000, +0.0000, +0.0000, +0.0000, +0.0000, +0.0000, +0.0000, +0.0000, +0.0000, +0.0000, +0.0000, +0.0000, +0.0000, +0.0000, +0.0000, +0.0000, +0.0000, +0.0000, +0.0000, +0.0000, +0.0000, +0.0000, +0.0000, +0.0000, +0.0000, +0.0000, +0.0000, +0.0000, +0.0000, +0.0000}, 
   { +0.0000, +0.0000, +0.0000, +0.0000, +0.0000, +0.0000, +0.0000, +0.0000, +0.0000, +0.0000, +0.0000, +0.0000, +0.0000, +0.0000, +0.0000, +0.0000, +0.0000, +0.0000, +0.0000, +0.0000, +0.0000, +0.0000, +0.0000, +0.0000, +0.0000, +0.0000, +0.0000, +0.0000, +0.0000, +0.0000, +0.0000, +0.0000, +0.0000, +0.0000, +0.0000, +0.0000, +0.0000, +0.0000, +0.0000, +0.0000, +0.0000, +0.0000, +0.0000, +0.0000, +0.0000, +0.0000, +0.0000, +0.0000}, 
   { +0.4082, +0.4082, +0.4082, +0.4082, +0.4082, +0.4082, +0.4082, +0.4082, +0.0000, +0.0000, +0.0000, +0.0000, +1.0000, +0.0000, +0.0000, +0.0000, +0.0000, +0.0000, +0.4082, +0.0000, +0.0000, +0.0000, +0.0000, +0.0000, +0.4082, +0.0000, +0.0000, +0.0000, +0.0000, +0.0000, +0.4082, +0.0000, +0.0000, +0.0000, +0.0000, +0.0000, +0.4082, +0.0000, +0.0000, +0.0000, +0.0000, +0.0000, +0.4082, +0.0000, +0.0000, +0.0000, +0.0000, +0.0000}, 
   { +0.4082, +0.4082, +0.4082, +0.4082, +0.4082, +0.4082, +0.4082, +0.4082, +0.0000, +0.0000, +0.0000, +0.0000, +0.0000, +1.0000, +0.0000, +0.0000, +0.0000, +0.0000, +0.4082, +0.0000, +0.0000, +0.0000, +0.0000, +0.0000, +0.4082, +0.0000, +0.0000, +0.0000, +0.0000, +0.0000, +0.4082, +0.0000, +0.0000, +0.0000, +0.0000, +0.0000, +0.4082, +0.0000, +0.0000, +0.0000, +0.0000, +0.0000, +0.4082, +0.0000, +0.0000, +0.0000, +0.0000, +0.0000}, 
   { +0.0000, +0.0000, +0.0000, +0.0000, +0.0000, +0.0000, +0.0000, +0.0000, +0.0000, +0.0000, +0.0000, +0.0000, +0.0000, +0.0000, +0.0000, +0.0000, +0.0000, +0.0000, +0.0000, +0.0000, +0.0000, +0.0000, +0.0000, +0.0000, +0.0000, +0.0000, +0.0000, +0.0000, +0.0000, +0.0000, +0.0000, +0.0000, +0.0000, +0.0000, +0.0000, +0.0000, +0.0000, +0.0000, +0.0000, +0.0000, +0.0000, +0.0000, +0.0000, +0.0000, +0.0000, +0.0000, +0.0000, +0.0000}, 
   { +0.0000, +0.0000, +0.0000, +0.0000, +0.0000, +0.0000, +0.0000, +0.0000, +0.0000, +0.0000, +0.0000, +0.0000, +0.0000, +0.0000, +0.0000, +0.0000, +0.0000, +0.0000, +0.0000, +0.0000, +0.0000, +0.0000, +0.0000, +0.0000, +0.0000, +0.0000, +0.0000, +0.0000, +0.0000, +0.0000, +0.0000, +0.0000, +0.0000, +0.0000, +0.0000, +0.0000, +0.0000, +0.0000, +0.0000, +0.0000, +0.0000, +0.0000, +0.0000, +0.0000, +0.0000, +0.0000, +0.0000, +0.0000}, 
   { +0.0000, +0.0000, +0.0000, +0.0000, +0.0000, +0.0000, +0.0000, +0.0000, +0.0000, +0.0000, +0.0000, +0.0000, +0.0000, +0.0000, +0.0000, +0.0000, +0.0000, +0.0000, +0.0000, +0.0000, +0.0000, +0.0000, +0.0000, +0.0000, +0.0000, +0.0000, +0.0000, +0.0000, +0.0000, +0.0000, +0.0000, +0.0000, +0.0000, +0.0000, +0.0000, +0.0000, +0.0000, +0.0000, +0.0000, +0.0000, +0.0000, +0.0000, +0.0000, +0.0000, +0.0000, +0.0000, +0.0000, +0.0000}, 
   { +0.0000, +0.0000, +0.0000, +0.0000, +0.0000, +0.0000, +0.0000, +0.0000, +0.0000, +0.0000, +0.0000, +0.0000, +0.0000, +0.0000, +0.0000, +0.0000, +0.0000, +0.0000, +0.0000, +0.0000, +0.0000, +0.0000, +0.0000, +0.0000, +0.0000, +0.0000, +0.0000, +0.0000, +0.0000, +0.0000, +0.0000, +0.0000, +0.0000, +0.0000, +0.0000, +0.0000, +0.0000, +0.0000, +0.0000, +0.0000, +0.0000, +0.0000, +0.0000, +0.0000, +0.0000, +0.0000, +0.0000, +0.0000}, 
   { +0.4082, +0.4082, +0.4082, +0.4082, +0.4082, +0.4082, +0.4082, +0.4082, +0.0000, +0.0000, +0.0000, +0.0000, +0.4082, +0.4082, +0.0000, +0.0000, +0.0000, +0.0000, +1.0000, +0.0000, +0.0000, +0.0000, +0.0000, +0.0000, +0.4082, +0.0000, +0.0000, +0.0000, +0.0000, +0.0000, +0.4082, +0.0000, +0.0000, +0.0000, +0.0000, +0.0000, +0.4082, +0.0000, +0.0000, +0.0000, +0.0000, +0.0000, +0.4082, +0.0000, +0.0000, +0.0000, +0.0000, +0.0000}, 
   { +0.0000, +0.0000, +0.0000, +0.0000, +0.0000, +0.0000, +0.0000, +0.0000, +0.0000, +0.0000, +0.0000, +0.0000, +0.0000, +0.0000, +0.0000, +0.0000, +0.0000, +0.0000, +0.0000, +0.0000, +0.0000, +0.0000, +0.0000, +0.0000, +0.0000, +0.0000, +0.0000, +0.0000, +0.0000, +0.0000, +0.0000, +0.0000, +0.0000, +0.0000, +0.0000, +0.0000, +0.0000, +0.0000, +0.0000, +0.0000, +0.0000, +0.0000, +0.0000, +0.0000, +0.0000, +0.0000, +0.0000, +0.0000}, 
   { +0.0000, +0.0000, +0.0000, +0.0000, +0.0000, +0.0000, +0.0000, +0.0000, +0.0000, +0.0000, +0.0000, +0.0000, +0.0000, +0.0000, +0.0000, +0.0000, +0.0000, +0.0000, +0.0000, +0.0000, +0.0000, +0.0000, +0.0000, +0.0000, +0.0000, +0.0000, +0.0000, +0.0000, +0.0000, +0.0000, +0.0000, +0.0000, +0.0000, +0.0000, +0.0000, +0.0000, +0.0000, +0.0000, +0.0000, +0.0000, +0.0000, +0.0000, +0.0000, +0.0000, +0.0000, +0.0000, +0.0000, +0.0000}, 
   { +0.0000, +0.0000, +0.0000, +0.0000, +0.0000, +0.0000, +0.0000, +0.0000, +0.0000, +0.0000, +0.0000, +0.0000, +0.0000, +0.0000, +0.0000, +0.0000, +0.0000, +0.0000, +0.0000, +0.0000, +0.0000, +0.0000, +0.0000, +0.0000, +0.0000, +0.0000, +0.0000, +0.0000, +0.0000, +0.0000, +0.0000, +0.0000, +0.0000, +0.0000, +0.0000, +0.0000, +0.0000, +0.0000, +0.0000, +0.0000, +0.0000, +0.0000, +0.0000, +0.0000, +0.0000, +0.0000, +0.0000, +0.0000}, 
   { +0.0000, +0.0000, +0.0000, +0.0000, +0.0000, +0.0000, +0.0000, +0.0000, +0.0000, +0.0000, +0.0000, +0.0000, +0.0000, +0.0000, +0.0000, +0.0000, +0.0000, +0.0000, +0.0000, +0.0000, +0.0000, +0.0000, +0.0000, +0.0000, +0.0000, +0.0000, +0.0000, +0.0000, +0.0000, +0.0000, +0.0000, +0.0000, +0.0000, +0.0000, +0.0000, +0.0000, +0.0000, +0.0000, +0.0000, +0.0000, +0.0000, +0.0000, +0.0000, +0.0000, +0.0000, +0.0000, +0.0000, +0.0000}, 
   { +0.0000, +0.0000, +0.0000, +0.0000, +0.0000, +0.0000, +0.0000, +0.0000, +0.0000, +0.0000, +0.0000, +0.0000, +0.0000, +0.0000, +0.0000, +0.0000, +0.0000, +0.0000, +0.0000, +0.0000, +0.0000, +0.0000, +0.0000, +0.0000, +0.0000, +0.0000, +0.0000, +0.0000, +0.0000, +0.0000, +0.0000, +0.0000, +0.0000, +0.0000, +0.0000, +0.0000, +0.0000, +0.0000, +0.0000, +0.0000, +0.0000, +0.0000, +0.0000, +0.0000, +0.0000, +0.0000, +0.0000, +0.0000}, 
   { +0.4082, +0.4082, +0.4082, +0.4082, +0.4082, +0.4082, +0.4082, +0.4082, +0.0000, +0.0000, +0.0000, +0.0000, +0.4082, +0.4082, +0.0000, +0.0000, +0.0000, +0.0000, +0.4082, +0.0000, +0.0000, +0.0000, +0.0000, +0.0000, +1.0000, +0.0000, +0.0000, +0.0000, +0.0000, +0.0000, +0.4082, +0.0000, +0.0000, +0.0000, +0.0000, +0.0000, +0.4082, +0.0000, +0.0000, +0.0000, +0.0000, +0.0000, +0.4082, +0.0000, +0.0000, +0.0000, +0.0000, +0.0000}, 
   { +0.0000, +0.0000, +0.0000, +0.0000, +0.0000, +0.0000, +0.0000, +0.0000, +0.0000, +0.0000, +0.0000, +0.0000, +0.0000, +0.0000, +0.0000, +0.0000, +0.0000, +0.0000, +0.0000, +0.0000, +0.0000, +0.0000, +0.0000, +0.0000, +0.0000, +0.0000, +0.0000, +0.0000, +0.0000, +0.0000, +0.0000, +0.0000, +0.0000, +0.0000, +0.0000, +0.0000, +0.0000, +0.0000, +0.0000, +0.0000, +0.0000, +0.0000, +0.0000, +0.0000, +0.0000, +0.0000, +0.0000, +0.0000}, 
   { +0.0000, +0.0000, +0.0000, +0.0000, +0.0000, +0.0000, +0.0000, +0.0000, +0.0000, +0.0000, +0.0000, +0.0000, +0.0000, +0.0000, +0.0000, +0.0000, +0.0000, +0.0000, +0.0000, +0.0000, +0.0000, +0.0000, +0.0000, +0.0000, +0.0000, +0.0000, +0.0000, +0.0000, +0.0000, +0.0000, +0.0000, +0.0000, +0.0000, +0.0000, +0.0000, +0.0000, +0.0000, +0.0000, +0.0000, +0.0000, +0.0000, +0.0000, +0.0000, +0.0000, +0.0000, +0.0000, +0.0000, +0.0000}, 
   { +0.0000, +0.0000, +0.0000, +0.0000, +0.0000, +0.0000, +0.0000, +0.0000, +0.0000, +0.0000, +0.0000, +0.0000, +0.0000, +0.0000, +0.0000, +0.0000, +0.0000, +0.0000, +0.0000, +0.0000, +0.0000, +0.0000, +0.0000, +0.0000, +0.0000, +0.0000, +0.0000, +0.0000, +0.0000, +0.0000, +0.0000, +0.0000, +0.0000, +0.0000, +0.0000, +0.0000, +0.0000, +0.0000, +0.0000, +0.0000, +0.0000, +0.0000, +0.0000, +0.0000, +0.0000, +0.0000, +0.0000, +0.0000}, 
   { +0.0000, +0.0000, +0.0000, +0.0000, +0.0000, +0.0000, +0.0000, +0.0000, +0.0000, +0.0000, +0.0000, +0.0000, +0.0000, +0.0000, +0.0000, +0.0000, +0.0000, +0.0000, +0.0000, +0.0000, +0.0000, +0.0000, +0.0000, +0.0000, +0.0000, +0.0000, +0.0000, +0.0000, +0.0000, +0.0000, +0.0000, +0.0000, +0.0000, +0.0000, +0.0000, +0.0000, +0.0000, +0.0000, +0.0000, +0.0000, +0.0000, +0.0000, +0.0000, +0.0000, +0.0000, +0.0000, +0.0000, +0.0000}, 
   { +0.0000, +0.0000, +0.0000, +0.0000, +0.0000, +0.0000, +0.0000, +0.0000, +0.0000, +0.0000, +0.0000, +0.0000, +0.0000, +0.0000, +0.0000, +0.0000, +0.0000, +0.0000, +0.0000, +0.0000, +0.0000, +0.0000, +0.0000, +0.0000, +0.0000, +0.0000, +0.0000, +0.0000, +0.0000, +0.0000, +0.0000, +0.0000, +0.0000, +0.0000, +0.0000, +0.0000, +0.0000, +0.0000, +0.0000, +0.0000, +0.0000, +0.0000, +0.0000, +0.0000, +0.0000, +0.0000, +0.0000, +0.0000}, 
   { +0.4082, +0.4082, +0.4082, +0.4082, +0.4082, +0.4082, +0.4082, +0.4082, +0.0000, +0.0000, +0.0000, +0.0000, +0.4082, +0.4082, +0.0000, +0.0000, +0.0000, +0.0000, +0.4082, +0.0000, +0.0000, +0.0000, +0.0000, +0.0000, +0.4082, +0.0000, +0.0000, +0.0000, +0.0000, +0.0000, +1.0000, +0.0000, +0.0000, +0.0000, +0.0000, +0.0000, +0.4082, +0.0000, +0.0000, +0.0000, +0.0000, +0.0000, +0.4082, +0.0000, +0.0000, +0.0000, +0.0000, +0.0000}, 
   { +0.0000, +0.0000, +0.0000, +0.0000, +0.0000, +0.0000, +0.0000, +0.0000, +0.0000, +0.0000, +0.0000, +0.0000, +0.0000, +0.0000, +0.0000, +0.0000, +0.0000, +0.0000, +0.0000, +0.0000, +0.0000, +0.0000, +0.0000, +0.0000, +0.0000, +0.0000, +0.0000, +0.0000, +0.0000, +0.0000, +0.0000, +0.0000, +0.0000, +0.0000, +0.0000, +0.0000, +0.0000, +0.0000, +0.0000, +0.0000, +0.0000, +0.0000, +0.0000, +0.0000, +0.0000, +0.0000, +0.0000, +0.0000}, 
   { +0.0000, +0.0000, +0.0000, +0.0000, +0.0000, +0.0000, +0.0000, +0.0000, +0.0000, +0.0000, +0.0000, +0.0000, +0.0000, +0.0000, +0.0000, +0.0000, +0.0000, +0.0000, +0.0000, +0.0000, +0.0000, +0.0000, +0.0000, +0.0000, +0.0000, +0.0000, +0.0000, +0.0000, +0.0000, +0.0000, +0.0000, +0.0000, +0.0000, +0.0000, +0.0000, +0.0000, +0.0000, +0.0000, +0.0000, +0.0000, +0.0000, +0.0000, +0.0000, +0.0000, +0.0000, +0.0000, +0.0000, +0.0000}, 
   { +0.0000, +0.0000, +0.0000, +0.0000, +0.0000, +0.0000, +0.0000, +0.0000, +0.0000, +0.0000, +0.0000, +0.0000, +0.0000, +0.0000, +0.0000, +0.0000, +0.0000, +0.0000, +0.0000, +0.0000, +0.0000, +0.0000, +0.0000, +0.0000, +0.0000, +0.0000, +0.0000, +0.0000, +0.0000, +0.0000, +0.0000, +0.0000, +0.0000, +0.0000, +0.0000, +0.0000, +0.0000, +0.0000, +0.0000, +0.0000, +0.0000, +0.0000, +0.0000, +0.0000, +0.0000, +0.0000, +0.0000, +0.0000}, 
   { +0.0000, +0.0000, +0.0000, +0.0000, +0.0000, +0.0000, +0.0000, +0.0000, +0.0000, +0.0000, +0.0000, +0.0000, +0.0000, +0.0000, +0.0000, +0.0000, +0.0000, +0.0000, +0.0000, +0.0000, +0.0000, +0.0000, +0.0000, +0.0000, +0.0000, +0.0000, +0.0000, +0.0000, +0.0000, +0.0000, +0.0000, +0.0000, +0.0000, +0.0000, +0.0000, +0.0000, +0.0000, +0.0000, +0.0000, +0.0000, +0.0000, +0.0000, +0.0000, +0.0000, +0.0000, +0.0000, +0.0000, +0.0000}, 
   { +0.0000, +0.0000, +0.0000, +0.0000, +0.0000, +0.0000, +0.0000, +0.0000, +0.0000, +0.0000, +0.0000, +0.0000, +0.0000, +0.0000, +0.0000, +0.0000, +0.0000, +0.0000, +0.0000, +0.0000, +0.0000, +0.0000, +0.0000, +0.0000, +0.0000, +0.0000, +0.0000, +0.0000, +0.0000, +0.0000, +0.0000, +0.0000, +0.0000, +0.0000, +0.0000, +0.0000, +0.0000, +0.0000, +0.0000, +0.0000, +0.0000, +0.0000, +0.0000, +0.0000, +0.0000, +0.0000, +0.0000, +0.0000}, 
   { +0.4082, +0.4082, +0.4082, +0.4082, +0.4082, +0.4082, +0.4082, +0.4082, +0.0000, +0.0000, +0.0000, +0.0000, +0.4082, +0.4082, +0.0000, +0.0000, +0.0000, +0.0000, +0.4082, +0.0000, +0.0000, +0.0000, +0.0000, +0.0000, +0.4082, +0.0000, +0.0000, +0.0000, +0.0000, +0.0000, +0.4082, +0.0000, +0.0000, +0.0000, +0.0000, +0.0000, +1.0000, +0.0000, +0.0000, +0.0000, +0.0000, +0.0000, +0.4082, +0.0000, +0.0000, +0.0000, +0.0000, +0.0000}, 
   { +0.0000, +0.0000, +0.0000, +0.0000, +0.0000, +0.0000, +0.0000, +0.0000, +0.0000, +0.0000, +0.0000, +0.0000, +0.0000, +0.0000, +0.0000, +0.0000, +0.0000, +0.0000, +0.0000, +0.0000, +0.0000, +0.0000, +0.0000, +0.0000, +0.0000, +0.0000, +0.0000, +0.0000, +0.0000, +0.0000, +0.0000, +0.0000, +0.0000, +0.0000, +0.0000, +0.0000, +0.0000, +0.0000, +0.0000, +0.0000, +0.0000, +0.0000, +0.0000, +0.0000, +0.0000, +0.0000, +0.0000, +0.0000}, 
   { +0.0000, +0.0000, +0.0000, +0.0000, +0.0000, +0.0000, +0.0000, +0.0000, +0.0000, +0.0000, +0.0000, +0.0000, +0.0000, +0.0000, +0.0000, +0.0000, +0.0000, +0.0000, +0.0000, +0.0000, +0.0000, +0.0000, +0.0000, +0.0000, +0.0000, +0.0000, +0.0000, +0.0000, +0.0000, +0.0000, +0.0000, +0.0000, +0.0000, +0.0000, +0.0000, +0.0000, +0.0000, +0.0000, +0.0000, +0.0000, +0.0000, +0.0000, +0.0000, +0.0000, +0.0000, +0.0000, +0.0000, +0.0000}, 
   { +0.0000, +0.0000, +0.0000, +0.0000, +0.0000, +0.0000, +0.0000, +0.0000, +0.0000, +0.0000, +0.0000, +0.0000, +0.0000, +0.0000, +0.0000, +0.0000, +0.0000, +0.0000, +0.0000, +0.0000, +0.0000, +0.0000, +0.0000, +0.0000, +0.0000, +0.0000, +0.0000, +0.0000, +0.0000, +0.0000, +0.0000, +0.0000, +0.0000, +0.0000, +0.0000, +0.0000, +0.0000, +0.0000, +0.0000, +0.0000, +0.0000, +0.0000, +0.0000, +0.0000, +0.0000, +0.0000, +0.0000, +0.0000}, 
   { +0.0000, +0.0000, +0.0000, +0.0000, +0.0000, +0.0000, +0.0000, +0.0000, +0.0000, +0.0000, +0.0000, +0.0000, +0.0000, +0.0000, +0.0000, +0.0000, +0.0000, +0.0000, +0.0000, +0.0000, +0.0000, +0.0000, +0.0000, +0.0000, +0.0000, +0.0000, +0.0000, +0.0000, +0.0000, +0.0000, +0.0000, +0.0000, +0.0000, +0.0000, +0.0000, +0.0000, +0.0000, +0.0000, +0.0000, +0.0000, +0.0000, +0.0000, +0.0000, +0.0000, +0.0000, +0.0000, +0.0000, +0.0000}, 
   { +0.0000, +0.0000, +0.0000, +0.0000, +0.0000, +0.0000, +0.0000, +0.0000, +0.0000, +0.0000, +0.0000, +0.0000, +0.0000, +0.0000, +0.0000, +0.0000, +0.0000, +0.0000, +0.0000, +0.0000, +0.0000, +0.0000, +0.0000, +0.0000, +0.0000, +0.0000, +0.0000, +0.0000, +0.0000, +0.0000, +0.0000, +0.0000, +0.0000, +0.0000, +0.0000, +0.0000, +0.0000, +0.0000, +0.0000, +0.0000, +0.0000, +0.0000, +0.0000, +0.0000, +0.0000, +0.0000, +0.0000, +0.0000}, 
   { +0.4082, +0.4082, +0.4082, +0.4082, +0.4082, +0.4082, +0.4082, +0.4082, +0.0000, +0.0000, +0.0000, +0.0000, +0.4082, +0.4082, +0.0000, +0.0000, +0.0000, +0.0000, +0.4082, +0.0000, +0.0000, +0.0000, +0.0000, +0.0000, +0.4082, +0.0000, +0.0000, +0.0000, +0.0000, +0.0000, +0.4082, +0.0000, +0.0000, +0.0000, +0.0000, +0.0000, +0.4082, +0.0000, +0.0000, +0.0000, +0.0000, +0.0000, +1.0000, +0.0000, +0.0000, +0.0000, +0.0000, +0.0000}, 
   { +0.0000, +0.0000, +0.0000, +0.0000, +0.0000, +0.0000, +0.0000, +0.0000, +0.0000, +0.0000, +0.0000, +0.0000, +0.0000, +0.0000, +0.0000, +0.0000, +0.0000, +0.0000, +0.0000, +0.0000, +0.0000, +0.0000, +0.0000, +0.0000, +0.0000, +0.0000, +0.0000, +0.0000, +0.0000, +0.0000, +0.0000, +0.0000, +0.0000, +0.0000, +0.0000, +0.0000, +0.0000, +0.0000, +0.0000, +0.0000, +0.0000, +0.0000, +0.0000, +0.0000, +0.0000, +0.0000, +0.0000, +0.0000}, 
   { +0.0000, +0.0000, +0.0000, +0.0000, +0.0000, +0.0000, +0.0000, +0.0000, +0.0000, +0.0000, +0.0000, +0.0000, +0.0000, +0.0000, +0.0000, +0.0000, +0.0000, +0.0000, +0.0000, +0.0000, +0.0000, +0.0000, +0.0000, +0.0000, +0.0000, +0.0000, +0.0000, +0.0000, +0.0000, +0.0000, +0.0000, +0.0000, +0.0000, +0.0000, +0.0000, +0.0000, +0.0000, +0.0000, +0.0000, +0.0000, +0.0000, +0.0000, +0.0000, +0.0000, +0.0000, +0.0000, +0.0000, +0.0000}, 
   { +0.0000, +0.0000, +0.0000, +0.0000, +0.0000, +0.0000, +0.0000, +0.0000, +0.0000, +0.0000, +0.0000, +0.0000, +0.0000, +0.0000, +0.0000, +0.0000, +0.0000, +0.0000, +0.0000, +0.0000, +0.0000, +0.0000, +0.0000, +0.0000, +0.0000, +0.0000, +0.0000, +0.0000, +0.0000, +0.0000, +0.0000, +0.0000, +0.0000, +0.0000, +0.0000, +0.0000, +0.0000, +0.0000, +0.0000, +0.0000, +0.0000, +0.0000, +0.0000, +0.0000, +0.0000, +0.0000, +0.0000, +0.0000}, 
   { +0.0000, +0.0000, +0.0000, +0.0000, +0.0000, +0.0000, +0.0000, +0.0000, +0.0000, +0.0000, +0.0000, +0.0000, +0.0000, +0.0000, +0.0000, +0.0000, +0.0000, +0.0000, +0.0000, +0.0000, +0.0000, +0.0000, +0.0000, +0.0000, +0.0000, +0.0000, +0.0000, +0.0000, +0.0000, +0.0000, +0.0000, +0.0000, +0.0000, +0.0000, +0.0000, +0.0000, +0.0000, +0.0000, +0.0000, +0.0000, +0.0000, +0.0000, +0.0000, +0.0000, +0.0000, +0.0000, +0.0000, +0.0000}, 
   { +0.0000, +0.0000, +0.0000, +0.0000, +0.0000, +0.0000, +0.0000, +0.0000, +0.0000, +0.0000, +0.0000, +0.0000, +0.0000, +0.0000, +0.0000, +0.0000, +0.0000, +0.0000, +0.0000, +0.0000, +0.0000, +0.0000, +0.0000, +0.0000, +0.0000, +0.0000, +0.0000, +0.0000, +0.0000, +0.0000, +0.0000, +0.0000, +0.0000, +0.0000, +0.0000, +0.0000, +0.0000, +0.0000, +0.0000, +0.0000, +0.0000, +0.0000, +0.0000, +0.0000, +0.0000, +0.0000, +0.0000, +0.0000} } 
