---------------------
Basis Indices:
---------------------

{1, 0, 0, 0, 0, 0}, {1, 0, 0, 0, 0, 0}, {1, 0, 0, 0, 0, 0}, {1, 0, 0, 0, 0, 0}, {1, 0, 0, 0, 0, 0}, {1, 0, 0, 0, 0, 0}


{0.408, 0.408, 0.408, 0.408, 0.408, 0.408}, {0.408, x_43+i*x_187, x_44+i*x_188, x_45+i*x_189, x_46+i*x_190, x_47+i*x_191}, {0.408, x_49+i*x_193, x_50+i*x_194, x_51+i*x_195, x_52+i*x_196, x_53+i*x_197}, {0.408, x_55+i*x_199, x_56+i*x_200, x_57+i*x_201, x_58+i*x_202, x_59+i*x_203}, {}, {}


{0.408, x_73+i*x_217, x_74+i*x_218, x_75+i*x_219, x_76+i*x_220, x_77+i*x_221}, {}, {}, {}, {}, {}


{0.408, x_109+i*x_253, x_110+i*x_254, x_111+i*x_255, x_112+i*x_256, x_113+i*x_257}, {}, {}, {}, {}, {}

---------------------
Problem: 
---------------------
Find a point satisfying:

1*{  44  50} + 1*{  46  52} + 1*{ 188 194} + 1*{ 187 193} + 1*{  47  53} + 1*{  45  51} + 1*{  43  49} + 1*{ 189 195} + 0.166667*{} + 1*{ 190 196} + 1*{ 191 197} = 0 

-1*{  51 189} + 1*{  45 195} + -1*{  50 188} + 1*{  44 194} + 1*{  43 193} + -1*{  53 191} + 1*{  46 196} + -1*{  52 190} + -1*{  49 187} + 1*{  47 197} = 0 

1*{ 189 201} + 1*{  43  55} + 1*{  44  56} + 0.166667*{} + 1*{ 187 199} + 1*{ 188 200} + 1*{  46  58} + 1*{  45  57} + 1*{ 191 203} + 1*{ 190 202} + 1*{  47  59} = 0 

-1*{  56 188} + 1*{  46 202} + 1*{  45 201} + 1*{  44 200} + -1*{  55 187} + 1*{  43 199} + -1*{  57 189} + -1*{  58 190} + 1*{  47 203} + -1*{  59 191} = 0 

-0.166667*{} + 1*{ 289 289} + 1*{ 288 288} = 0 

1*{ 189 219} + 1*{ 188 218} + 1*{ 187 217} + 1*{  45  75} + 1*{  44  74} + 1*{  43  73} + 0.166667*{} + 1*{  46  76} + 1*{ 190 220} + 1*{  47  77} + 1*{ 191 221} + -1*{ 288} = 0 

-1*{  75 189} + 1*{  45 219} + 1*{  46 220} + 1*{  44 218} + -1*{  74 188} + 1*{  43 217} + -1*{ 289} + -1*{  73 187} + 1*{  47 221} + -1*{  76 190} + -1*{  77 191} = 0 

-0.166667*{} + 1*{ 291 291} + 1*{ 290 290} = 0 

1*{ 189 255} + 1*{  45 111} + 1*{  46 112} + 1*{ 187 253} + 0.166667*{} + 1*{  43 109} + 1*{  44 110} + 1*{ 190 256} + 1*{  47 113} + 1*{ 191 257} + 1*{ 188 254} + -1*{ 290} = 0 

-1*{ 110 188} + 1*{  45 255} + -1*{ 109 187} + -1*{ 111 189} + 1*{  43 253} + 1*{  47 257} + 1*{  44 254} + 1*{  46 256} + -1*{ 112 190} + -1*{ 113 191} + -1*{ 291} = 0 

-0.166667*{} + 1*{ 187 187} + 1*{  43  43} = 0 

-0.166667*{} + 1*{ 188 188} + 1*{  44  44} = 0 

-0.166667*{} + 1*{ 189 189} + 1*{  45  45} = 0 

-0.166667*{} + 1*{ 190 190} + 1*{  46  46} = 0 

-0.166667*{} + 1*{ 191 191} + 1*{  47  47} = 0 

0.333333*{  45  46} + 0.166667*{  44  44} + 0.333333*{  44  46} + 0.166667*{  47  47} + 0.333333*{  46  47} + 0.166667*{ 188 188} + 0.166667*{  45  45} + 0.333333*{  43  44} + 0.136083*{  45} + 0.333333*{  43  45} + 0.333333*{ 189 190} + 0.333333*{ 190 191} + 0.136083*{  47} + 0.333333*{  43  46} + 0.333333*{ 189 191} + 0.333333*{ 187 190} + 0.333333*{ 188 191} + 0.333333*{  44  45} + 0.166667*{ 191 191} + 0.166667*{  43  43} + 0.166667*{ 190 190} + 0.333333*{ 187 188} + 0.166667*{ 187 187} + 0.166667*{ 189 189} + 0.333333*{ 188 189} + 0.136083*{  44} + 0.0277778*{} + 0.333333*{  45  47} + 0.136083*{  43} + 0.136083*{  46} + 0.333333*{ 187 189} + 0.333333*{ 188 190} + 0.333333*{  44  47} + 0.333333*{  43  47} + 0.333333*{ 187 191} + 0.166667*{  46  46} = 0 

1*{ 195 201} + 1*{  50  56} + 1*{ 194 200} + 1*{  52  58} + 1*{ 196 202} + 1*{  51  57} + 1*{ 193 199} + 1*{  53  59} + 1*{  49  55} + 0.166667*{} + 1*{ 197 203} = 0 

1*{  51 201} + 1*{  53 203} + 1*{  50 200} + -1*{  57 195} + 1*{  49 199} + -1*{  56 194} + -1*{  55 193} + 1*{  52 202} + -1*{  58 196} + -1*{  59 197} = 0 

-0.166667*{} + 1*{ 293 293} + 1*{ 292 292} = 0 

1*{  53  77} + 1*{  51  75} + -1*{ 292} + 1*{ 194 218} + 1*{ 196 220} + 1*{ 197 221} + 1*{  50  74} + 1*{  52  76} + 1*{ 195 219} + 1*{ 193 217} + 1*{  49  73} + 0.166667*{} = 0 

1*{  51 219} + -1*{  75 195} + 1*{  49 217} + 1*{  50 218} + -1*{ 293} + -1*{  77 197} + -1*{  74 194} + 1*{  52 220} + 1*{  53 221} + -1*{  73 193} + -1*{  76 196} = 0 

-0.166667*{} + 1*{ 295 295} + 1*{ 294 294} = 0 

1*{  52 112} + 1*{  51 111} + 1*{ 194 254} + 1*{ 193 253} + 1*{ 195 255} + 1*{  49 109} + 1*{  50 110} + -1*{ 294} + 0.166667*{} + 1*{ 197 257} + 1*{ 196 256} + 1*{  53 113} = 0 

-1*{ 111 195} + 1*{  51 255} + -1*{ 109 193} + -1*{ 110 194} + 1*{  49 253} + 1*{  50 254} + -1*{ 295} + 1*{  52 256} + 1*{  53 257} + -1*{ 112 196} + -1*{ 113 197} = 0 

-0.166667*{} + 1*{ 193 193} + 1*{  49  49} = 0 

-0.166667*{} + 1*{ 194 194} + 1*{  50  50} = 0 

-0.166667*{} + 1*{ 195 195} + 1*{  51  51} = 0 

-0.166667*{} + 1*{ 196 196} + 1*{  52  52} = 0 

1*{ 197 197} + -0.166667*{} + 1*{  53  53} = 0 

0.333333*{ 195 196} + 0.333333*{ 195 197} + 0.333333*{ 194 195} + 0.333333*{  51  52} + 0.333333*{  51  53} + 0.136083*{  52} + 0.333333*{  50  51} + 0.333333*{  49  52} + 0.136083*{  53} + 0.166667*{ 197 197} + 0.333333*{  50  52} + 0.333333*{  49  51} + 0.333333*{ 194 197} + 0.333333*{ 193 197} + 0.166667*{ 195 195} + 0.166667*{ 193 193} + 0.166667*{ 196 196} + 0.333333*{  49  53} + 0.166667*{  51  51} + 0.136083*{  51} + 0.136083*{  49} + 0.0277778*{} + 0.136083*{  50} + 0.166667*{  49  49} + 0.333333*{  49  50} + 0.166667*{  50  50} + 0.333333*{ 196 197} + 0.333333*{ 193 196} + 0.333333*{  50  53} + 0.333333*{ 193 195} + 0.166667*{  53  53} + 0.333333*{ 193 194} + 0.166667*{ 194 194} + 0.333333*{  52  53} + 0.166667*{  52  52} + 0.333333*{ 194 196} = 0 

-0.166667*{} + 1*{ 297 297} + 1*{ 296 296} = 0 

1*{ 201 219} + 1*{  56  74} + 1*{ 200 218} + -1*{ 296} + 1*{ 199 217} + 1*{  55  73} + 1*{  58  76} + 1*{  57  75} + 1*{ 202 220} + 1*{  59  77} + 0.166667*{} + 1*{ 203 221} = 0 

1*{  56 218} + 1*{  55 217} + 1*{  58 220} + -1*{  76 202} + -1*{  75 201} + 1*{  59 221} + -1*{  73 199} + -1*{ 297} + 1*{  57 219} + -1*{  74 200} + -1*{  77 203} = 0 

-0.166667*{} + 1*{ 299 299} + 1*{ 298 298} = 0 

1*{  57 111} + 1*{  59 113} + 1*{  56 110} + 1*{ 199 253} + 1*{ 203 257} + 0.166667*{} + 1*{  55 109} + 1*{ 201 255} + 1*{ 202 256} + 1*{  58 112} + 1*{ 200 254} + -1*{ 298} = 0 

1*{  57 255} + 1*{  59 257} + 1*{  58 256} + 1*{  56 254} + -1*{ 111 201} + -1*{ 113 203} + -1*{ 110 200} + -1*{ 109 199} + 1*{  55 253} + -1*{ 112 202} + -1*{ 299} = 0 

-0.166667*{} + 1*{ 199 199} + 1*{  55  55} = 0 

-0.166667*{} + 1*{ 200 200} + 1*{  56  56} = 0 

-0.166667*{} + 1*{ 201 201} + 1*{  57  57} = 0 

1*{ 202 202} + -0.166667*{} + 1*{  58  58} = 0 

-0.166667*{} + 1*{ 203 203} + 1*{  59  59} = 0 

0.333333*{ 201 203} + 0.136083*{  57} + 0.333333*{  57  58} + 0.333333*{ 200 203} + 0.333333*{  56  57} + 0.333333*{  57  59} + 0.166667*{  56  56} + 0.333333*{  55  56} + 0.333333*{ 199 202} + 0.333333*{ 201 202} + 0.333333*{ 200 202} + 0.333333*{ 199 200} + 0.333333*{  56  59} + 0.0277778*{} + 0.333333*{  55  58} + 0.333333*{  58  59} + 0.333333*{  55  59} + 0.166667*{ 201 201} + 0.166667*{  59  59} + 0.333333*{ 200 201} + 0.333333*{  55  57} + 0.166667*{ 200 200} + 0.166667*{ 202 202} + 0.166667*{ 203 203} + 0.333333*{  56  58} + 0.136083*{  56} + 0.166667*{  55  55} + 0.333333*{ 199 201} + 0.136083*{  55} + 0.166667*{  58  58} + 0.136083*{  59} + 0.166667*{  57  57} + 0.136083*{  58} + 0.166667*{ 199 199} + 0.333333*{ 202 203} + 0.333333*{ 199 203} = 0 

-0.166667*{} + 1*{ 301 301} + 1*{ 300 300} = 0 

1*{  74 110} + 0.166667*{} + 1*{ 220 256} + 1*{  75 111} + 1*{  77 113} + 1*{ 218 254} + 1*{ 217 253} + 1*{ 219 255} + 1*{  73 109} + 1*{  76 112} + 1*{ 221 257} + -1*{ 300} = 0 

-1*{ 111 219} + -1*{ 110 218} + 1*{  74 254} + 1*{  75 255} + 1*{  73 253} + 1*{  76 256} + -1*{ 109 217} + -1*{ 112 220} + 1*{  77 257} + -1*{ 113 221} + -1*{ 301} = 0 

-0.166667*{} + 1*{ 217 217} + 1*{  73  73} = 0 

-0.166667*{} + 1*{ 218 218} + 1*{  74  74} = 0 

-0.166667*{} + 1*{ 219 219} + 1*{  75  75} = 0 

-0.166667*{} + 1*{ 220 220} + 1*{  76  76} = 0 

-0.166667*{} + 1*{ 221 221} + 1*{  77  77} = 0 

0.333333*{ 219 220} + 0.166667*{  75  75} + 0.333333*{  74  77} + 0.333333*{  75  76} + 0.333333*{ 218 219} + 0.333333*{ 218 221} + 0.333333*{ 218 220} + 0.333333*{ 220 221} + 0.166667*{ 221 221} + 0.136083*{  77} + 0.333333*{ 219 221} + 0.136083*{  75} + 0.333333*{  73  74} + 0.166667*{ 219 219} + 0.333333*{  73  77} + 0.333333*{ 217 218} + 0.166667*{ 218 218} + 0.166667*{  76  76} + 0.333333*{  73  76} + 0.333333*{ 217 221} + 0.333333*{ 217 219} + 0.333333*{  74  75} + 0.333333*{  73  75} + 0.166667*{  74  74} + 0.333333*{ 217 220} + 0.166667*{  73  73} + 0.166667*{ 220 220} + 0.333333*{  75  77} + 0.136083*{  73} + 0.166667*{ 217 217} + 0.136083*{  74} + -0.138889*{} + 0.333333*{  74  76} + 0.333333*{  76  77} + 0.166667*{  77  77} + 0.136083*{  76} = 0 

-0.166667*{} + 1*{ 253 253} + 1*{ 109 109} = 0 

-0.166667*{} + 1*{ 254 254} + 1*{ 110 110} = 0 

-0.166667*{} + 1*{ 255 255} + 1*{ 111 111} = 0 

-0.166667*{} + 1*{ 256 256} + 1*{ 112 112} = 0 

-0.166667*{} + 1*{ 257 257} + 1*{ 113 113} = 0 

0.333333*{ 110 111} + 0.166667*{ 256 256} + 0.333333*{ 255 256} + 0.333333*{ 254 256} + 0.166667*{ 112 112} + 0.333333*{ 110 112} + 0.136083*{ 111} + 0.333333*{ 110 113} + 0.333333*{ 109 113} + 0.333333*{ 253 255} + 0.333333*{ 109 112} + 0.333333*{ 111 112} + 0.166667*{ 111 111} + 0.333333*{ 109 111} + 0.333333*{ 254 255} + 0.136083*{ 110} + 0.166667*{ 113 113} + 0.333333*{ 254 257} + 0.333333*{ 109 110} + 0.333333*{ 111 113} + 0.166667*{ 257 257} + 0.166667*{ 110 110} + 0.333333*{ 253 256} + 0.333333*{ 255 257} + 0.166667*{ 255 255} + 0.136083*{ 112} + 0.333333*{ 112 113} + 0.166667*{ 254 254} + 0.333333*{ 256 257} + 0.166667*{ 109 109} + 0.136083*{ 109} + -0.138889*{} + 0.136083*{ 113} + 0.333333*{ 253 257} + 0.333333*{ 253 254} + 0.166667*{ 253 253} = 0 

---------------------
Summary:
---------------------
set sizes: {6, 4, 1, 1}, vars: 64, vectors: 12, equations: 57, indep eqn: 57

---------------------
Optimization:
---------------------
1 3.234e+00 3.234e+00
2 1.700e+01 3.234e+00
3 6.371e+00 3.234e+00
4 2.589e+00 2.589e+00
5 9.577e-01 9.577e-01
6 1.301e+00 9.577e-01
7 9.894e+00 9.577e-01
8 4.384e+00 9.577e-01
9 1.550e+00 9.577e-01
10 1.207e+03 9.577e-01
11 5.126e+02 9.577e-01
12 2.535e+02 9.577e-01
13 9.118e+01 9.577e-01
14 3.265e+01 9.577e-01
15 1.165e+01 9.577e-01
16 4.142e+00 9.577e-01
17 1.514e+00 9.577e-01
18 3.120e+05 9.577e-01
19 1.232e+05 9.577e-01
20 4.444e+04 9.577e-01
21 2.231e+04 9.577e-01
22 4.182e+07 9.577e-01
23 1.571e+07 9.577e-01
24 5.677e+06 9.577e-01
25 2.048e+06 9.577e-01
26 7.387e+05 9.577e-01
27 2.665e+05 9.577e-01
28 9.611e+04 9.577e-01
29 3.467e+04 9.577e-01
30 1.251e+04 9.577e-01
31 4.509e+03 9.577e-01
32 1.625e+03 9.577e-01
33 6.481e+02 9.577e-01
34 2.332e+02 9.577e-01
35 8.569e+01 9.577e-01
36 3.078e+01 9.577e-01
37 1.124e+01 9.577e-01
38 4.056e+00 9.577e-01
39 5.552e+03 9.577e-01
40 3.541e+03 9.577e-01
41 1.293e+03 9.577e-01
42 4.656e+02 9.577e-01
43 1.675e+02 9.577e-01
44 6.123e+02 9.577e-01
45 2.245e+02 9.577e-01
46 8.084e+01 9.577e-01
47 2.887e+01 9.577e-01
48 5.821e+01 9.577e-01
49 1.093e+02 9.577e-01
50 8.313e+02 9.577e-01
51 3.121e+02 9.577e-01
52 1.311e+04 9.577e-01
53 4.855e+04 9.577e-01
54 5.062e+13 9.577e-01
55 2.237e+13 9.577e-01
56 8.070e+12 9.577e-01
57 2.911e+12 9.577e-01
58 1.050e+12 9.577e-01
59 3.789e+11 9.577e-01
60 1.367e+11 9.577e-01
61 4.931e+10 9.577e-01
62 1.779e+10 9.577e-01
63 6.417e+09 9.577e-01
64 2.315e+09 9.577e-01
65 8.350e+08 9.577e-01
66 3.012e+08 9.577e-01
67 1.087e+08 9.577e-01
68 3.920e+07 9.577e-01
69 1.414e+07 9.577e-01
70 5.101e+06 9.577e-01
71 1.840e+06 9.577e-01
72 6.636e+05 9.577e-01
73 2.393e+05 9.577e-01
74 8.631e+04 9.577e-01
75 3.112e+04 9.577e-01
76 1.122e+04 9.577e-01
77 4.043e+03 9.577e-01
78 1.457e+03 9.577e-01
79 5.236e+02 9.577e-01
80 4.396e+04 9.577e-01
81 3.276e+04 9.577e-01
82 1.180e+04 9.577e-01
83 4.248e+03 9.577e-01
84 1.530e+03 9.577e-01
85 5.504e+02 9.577e-01
86 1.977e+02 9.577e-01
87 7.086e+01 9.577e-01
88 2.534e+01 9.577e-01
89 9.042e+00 9.577e-01
90 3.234e+00 9.577e-01
91 1.265e+00 9.577e-01
92 5.076e-01 5.076e-01
93 2.173e-01 2.173e-01
94 2.196e-01 2.173e-01
95 2.046e-01 2.046e-01
96 4.968e+01 2.046e-01
97 2.337e+01 2.046e-01
98 8.314e+00 2.046e-01
99 2.206e+01 2.046e-01
100 8.058e+00 2.046e-01
101 1.156e+01 2.046e-01
102 4.137e+00 2.046e-01
103 1.476e+00 2.046e-01
104 5.951e-01 2.046e-01
105 3.835e-01 2.046e-01
106 1.465e-01 1.465e-01
107 5.719e-01 1.465e-01
108 6.792e-01 1.465e-01
109 4.491e-01 1.465e-01
110 8.739e-01 1.465e-01
111 5.844e+00 1.465e-01
112 2.245e+00 1.465e-01
113 1.304e+00 1.465e-01
114 1.455e+02 1.465e-01
115 1.820e+02 1.465e-01
116 1.349e+02 1.465e-01
117 6.106e+02 1.465e-01
118 2.649e+02 1.465e-01
119 1.793e+02 1.465e-01
120 1.160e+02 1.465e-01
121 5.237e+01 1.465e-01
122 1.948e+01 1.465e-01
123 6.951e+00 1.465e-01
124 2.423e+00 1.465e-01
125 8.679e-01 1.465e-01
126 3.433e-01 1.465e-01
127 1.503e-01 1.465e-01
128 6.682e-02 6.682e-02
129 2.306e-02 2.306e-02
130 8.712e-03 8.712e-03
131 3.658e-03 3.658e-03
132 2.127e-03 2.127e-03
133 1.173e-03 1.173e-03
134 7.613e-04 7.613e-04
135 3.848e-04 3.848e-04
136 2.129e-04 2.129e-04
137 4.087e-04 2.129e-04
138 1.348e-04 1.348e-04
139 5.706e-05 5.706e-05
140 4.155e-05 4.155e-05
141 3.216e-05 3.216e-05
142 1.674e-05 1.674e-05
143 1.453e-05 1.453e-05
144 6.431e-06 6.431e-06
145 4.147e-06 4.147e-06
146 4.076e-06 4.076e-06
147 3.083e-06 3.083e-06
148 1.261e-06 1.261e-06
149 9.034e-07 9.034e-07
150 9.704e-05 9.034e-07
151 2.986e-05 9.034e-07
152 9.572e-06 9.034e-07
153 3.124e-06 9.034e-07
154 1.197e-06 9.034e-07
155 7.736e-07 7.736e-07
156 9.804e-07 7.736e-07
157 4.228e-07 4.228e-07
158 3.287e-07 3.287e-07
159 1.657e-06 3.287e-07
160 5.573e-07 3.287e-07
161 1.545e-03 3.287e-07
162 4.751e-04 3.287e-07
163 1.485e-04 3.287e-07
164 4.990e-05 3.287e-07
165 1.834e+00 3.287e-07
166 1.444e+00 3.287e-07
167 4.952e-01 3.287e-07
168 2.115e-01 3.287e-07
169 1.193e-01 3.287e-07
170 9.426e-02 3.287e-07
171 3.179e-02 3.287e-07
172 1.100e-02 3.287e-07
173 3.954e-03 3.287e-07
174 1.328e-03 3.287e-07
175 4.487e-04 3.287e-07
176 1.557e-04 3.287e-07
177 5.822e-05 3.287e-07
178 2.478e-05 3.287e-07
179 1.084e-05 3.287e-07
180 5.327e-06 3.287e-07
181 3.674e-06 3.287e-07
182 2.324e-06 3.287e-07
183 1.432e-05 3.287e-07
184 4.511e-06 3.287e-07
185 1.561e-06 3.287e-07
186 7.852e-07 3.287e-07
187 1.553e-06 3.287e-07
188 1.248e-06 3.287e-07
189 4.877e-07 3.287e-07
190 2.863e-07 2.863e-07
191 9.551e+09 2.863e-07
192 3.445e+09 2.863e-07
193 1.243e+09 2.863e-07
194 4.484e+08 2.863e-07
195 1.618e+08 2.863e-07
196 5.835e+07 2.863e-07
197 2.105e+07 2.863e-07
198 7.594e+06 2.863e-07
199 2.739e+06 2.863e-07
200 9.881e+05 2.863e-07
201 3.564e+05 2.863e-07
202 1.286e+05 2.863e-07
203 4.636e+04 2.863e-07
204 1.672e+04 2.863e-07
205 6.026e+03 2.863e-07
206 2.171e+03 2.863e-07
207 7.893e+02 2.863e-07
208 2.840e+02 2.863e-07
209 1.021e+02 2.863e-07
210 3.662e+01 2.863e-07
211 1.315e+01 2.863e-07
212 4.789e+00 2.863e-07
213 2.388e+00 2.863e-07
214 9.643e-01 2.863e-07
215 5.352e-01 2.863e-07
216 1.918e-01 2.863e-07
217 7.099e-02 2.863e-07
218 2.660e-02 2.863e-07
219 1.243e-02 2.863e-07
220 4.036e-02 2.863e-07
221 1.632e-02 2.863e-07
222 7.805e-03 2.863e-07
223 3.761e-03 2.863e-07
224 4.821e-03 2.863e-07
225 9.323e-03 2.863e-07
226 3.223e-03 2.863e-07
227 1.100e-03 2.863e-07
228 4.100e-04 2.863e-07
229 1.706e-04 2.863e-07
230 7.394e-05 2.863e-07
231 5.721e-05 2.863e-07
232 1.198e-04 2.863e-07
233 3.820e-05 2.863e-07
234 1.303e-05 2.863e-07
235 5.471e-06 2.863e-07
236 2.440e-06 2.863e-07
237 1.149e-06 2.863e-07
238 5.470e-07 2.863e-07
239 2.608e-07 2.608e-07
240 1.288e-07 1.288e-07
241 6.165e-08 6.165e-08
242 3.196e-08 3.196e-08
243 1.511e-08 1.511e-08
244 7.712e-09 7.712e-09
245 3.643e-09 3.643e-09
246 1.864e-09 1.864e-09
247 8.785e-10 8.785e-10
248 4.498e-10 4.498e-10
249 2.114e-10 2.114e-10
250 1.085e-10 1.085e-10
251 5.085e-11 5.085e-11
252 2.612e-11 2.612e-11
253 1.221e-11 1.221e-11
254 6.299e-12 6.299e-12
255 2.939e-12 2.939e-12
256 1.528e-12 1.528e-12
257 7.022e-13 7.022e-13
258 4.132e-13 4.132e-13
259 1.672e-13 1.672e-13
260 2.116e-13 1.672e-13
261 5.885e-14 5.885e-14
1 (precision) 2.477e-13 5.885e-14 (from 5.885e-14)
2 (precision) 9.997e-13 5.885e-14 (from 5.885e-14)
3 (precision) 2.191e-12 5.885e-14 (from 5.885e-14)
4 (precision) 1.513e-11 5.885e-14 (from 5.885e-14)
5 (precision) 4.389e-12 5.885e-14 (from 5.885e-14)
6 (precision) 2.831e-11 5.885e-14 (from 5.885e-14)
7 (precision) 7.961e-12 5.885e-14 (from 5.885e-14)
8 (precision) 2.315e-12 5.885e-14 (from 5.885e-14)
9 (precision) 8.231e-13 5.885e-14 (from 5.885e-14)
10 (precision) 3.068e-13 5.885e-14 (from 5.885e-14)
11 (precision) 1.310e-13 5.885e-14 (from 5.885e-14)
12 (precision) 1.021e-13 5.885e-14 (from 5.885e-14)
13 (precision) 1.303e-12 5.885e-14 (from 5.885e-14)
14 (precision) 4.384e-13 5.885e-14 (from 5.885e-14)
15 (precision) 1.474e-13 5.885e-14 (from 5.885e-14)
16 (precision) 5.017e-14 5.017e-14 (from 5.885e-14)
17 (precision) 2.248e-14 2.248e-14 (from 5.885e-14)
18 (precision) 2.743e-15 2.743e-15 (from 5.885e-14)
19 (precision) 4.313e-15 2.743e-15 (from 5.885e-14)
20 (precision) 6.089e-15 2.743e-15 (from 5.885e-14)
21 (precision) 2.801e-13 2.743e-15 (from 5.885e-14)
22 (precision) 7.686e-14 2.743e-15 (from 5.885e-14)
23 (precision) 2.190e-14 2.743e-15 (from 5.885e-14)
24 (precision) 7.589e-15 2.743e-15 (from 5.885e-14)
25 (precision) 6.887e-15 2.743e-15 (from 5.885e-14)
26 (precision) 6.993e-15 2.743e-15 (from 5.885e-14)
27 (precision) 9.551e-15 2.743e-15 (from 5.885e-14)
28 (precision) 1.359e-15 1.359e-15 (from 5.885e-14)
29 (precision) 1.510e-15 1.359e-15 (from 5.885e-14)
30 (precision) 1.057e-14 1.359e-15 (from 5.885e-14)
31 (precision) 1.195e-14 1.359e-15 (from 5.885e-14)
32 (precision) 2.453e-15 1.359e-15 (from 5.885e-14)
33 (precision) 3.624e-10 1.359e-15 (from 5.885e-14)
34 (precision) 1.017e-10 1.359e-15 (from 5.885e-14)
35 (precision) 2.911e-11 1.359e-15 (from 5.885e-14)
36 (precision) 1.240e-11 1.359e-15 (from 5.885e-14)
37 (precision) 4.124e-12 1.359e-15 (from 5.885e-14)
38 (precision) 9.729e-12 1.359e-15 (from 5.885e-14)
39 (precision) 2.826e-12 1.359e-15 (from 5.885e-14)
40 (precision) 9.151e-13 1.359e-15 (from 5.885e-14)
41 (precision) 7.441e-13 1.359e-15 (from 5.885e-14)
42 (precision) 3.521e-13 1.359e-15 (from 5.885e-14)
43 (precision) 1.131e-13 1.359e-15 (from 5.885e-14)
44 (precision) 5.465e-14 1.359e-15 (from 5.885e-14)
45 (precision) 1.778e-13 1.359e-15 (from 5.885e-14)
46 (precision) 4.995e-14 1.359e-15 (from 5.885e-14)
47 (precision) 2.278e-14 1.359e-15 (from 5.885e-14)
48 (precision) 1.667e-14 1.359e-15 (from 5.885e-14)
49 (precision) 3.394e-15 1.359e-15 (from 5.885e-14)
50 (precision) 9.975e-16 9.975e-16 (from 5.885e-14)
51 (precision) 9.900e-16 9.900e-16 (from 5.885e-14)
52 (precision) 1.568e-15 9.900e-16 (from 5.885e-14)
53 (precision) 1.962e-15 9.900e-16 (from 5.885e-14)
54 (precision) 3.816e-15 9.900e-16 (from 5.885e-14)
55 (precision) 1.030e-14 9.900e-16 (from 5.885e-14)
56 (precision) 6.956e-16 6.956e-16 (from 5.885e-14)
57 (precision) 2.291e-16 2.291e-16 (from 5.885e-14)
58 (precision) 2.153e-15 2.291e-16 (from 5.885e-14)
59 (precision) 1.430e-15 2.291e-16 (from 5.885e-14)
60 (precision) 3.843e-15 2.291e-16 (from 5.885e-14)
61 (precision) 1.495e-15 2.291e-16 (from 5.885e-14)
62 (precision) 4.233e-15 2.291e-16 (from 5.885e-14)
63 (precision) 1.538e-13 2.291e-16 (from 5.885e-14)
64 (precision) 4.550e-14 2.291e-16 (from 5.885e-14)
65 (precision) 1.051e-14 2.291e-16 (from 5.885e-14)
66 (precision) 7.742e-16 2.291e-16 (from 5.885e-14)
67 (precision) 5.571e-15 2.291e-16 (from 5.885e-14)
68 (precision) 2.198e-15 2.291e-16 (from 5.885e-14)
69 (precision) 2.153e-16 2.153e-16 (from 5.885e-14)
70 (precision) 9.333e-15 2.153e-16 (from 5.885e-14)
71 (precision) 2.533e-15 2.153e-16 (from 5.885e-14)
72 (precision) 3.515e-13 2.153e-16 (from 5.885e-14)
73 (precision) 1.008e-13 2.153e-16 (from 5.885e-14)
74 (precision) 2.339e-14 2.153e-16 (from 5.885e-14)
75 (precision) 8.196e-15 2.153e-16 (from 5.885e-14)
76 (precision) 5.864e-15 2.153e-16 (from 5.885e-14)
77 (precision) 5.825e-15 2.153e-16 (from 5.885e-14)
78 (precision) 1.652e-13 2.153e-16 (from 5.885e-14)
79 (precision) 5.012e-14 2.153e-16 (from 5.885e-14)
80 (precision) 1.153e-14 2.153e-16 (from 5.885e-14)
81 (precision) 2.203e-15 2.153e-16 (from 5.885e-14)
82 (precision) 1.322e-15 2.153e-16 (from 5.885e-14)
83 (precision) 3.053e-15 2.153e-16 (from 5.885e-14)
84 (precision) 5.007e-15 2.153e-16 (from 5.885e-14)
85 (precision) 1.538e-14 2.153e-16 (from 5.885e-14)
86 (precision) 1.700e-15 2.153e-16 (from 5.885e-14)
87 (precision) 6.886e-15 2.153e-16 (from 5.885e-14)
88 (precision) 1.207e-15 2.153e-16 (from 5.885e-14)
89 (precision) 1.055e-15 2.153e-16 (from 5.885e-14)
90 (precision) 1.030e-15 2.153e-16 (from 5.885e-14)
91 (precision) 3.846e-15 2.153e-16 (from 5.885e-14)
92 (precision) 3.300e-16 2.153e-16 (from 5.885e-14)
93 (precision) 1.662e-14 2.153e-16 (from 5.885e-14)
94 (precision) 6.433e-15 2.153e-16 (from 5.885e-14)
95 (precision) 9.924e-15 2.153e-16 (from 5.885e-14)
96 (precision) 2.653e-15 2.153e-16 (from 5.885e-14)
97 (precision) 2.929e-15 2.153e-16 (from 5.885e-14)
98 (precision) 1.686e-16 1.686e-16 (from 5.885e-14)
99 (precision) 2.418e-15 1.686e-16 (from 5.885e-14)
100 (precision) 1.613e-14 1.686e-16 (from 5.885e-14)

x:  4.059e-01  3.021e-02 -7.629e-02 -3.775e-01 -3.908e-01 -4.079e-01 -1.656e-02 -3.647e-01  3.726e-01  8.270e-03 -4.037e-01 -1.585e-01  3.983e-01  1.627e-01 -4.071e-01 -2.594e-01 -3.324e-01  1.737e-01  2.015e-01  2.159e-01  3.670e-02 -3.558e-01  2.654e-01  2.663e-01 -5.022e-02 -4.352e-02  4.071e-01 -4.011e-01  1.555e-01 -1.181e-01 -1.620e-02  4.079e-01  1.834e-01 -1.669e-01 -4.082e-01  6.058e-02 -3.762e-01 -8.958e-02  3.744e-01  3.083e-02  3.153e-01  2.370e-01  3.695e-01 -3.550e-01  3.465e-01  4.066e-01  2.001e-01  3.102e-01  3.095e-01 -4.051e-01 -2.839e-01  2.934e-01  1.050e-01  3.945e-01  3.686e-01 -1.754e-01  4.053e-01 -4.937e-02  1.127e-01 -3.924e-01  4.026e-01 -6.752e-02  4.043e-01 -5.657e-02 -5.937e-16

grad:  1.151e-21  2.481e-22  3.174e-22 -2.490e-22  8.951e-23 -1.518e-21 -2.597e-22 -8.935e-23  2.877e-22  2.199e-22 -7.555e-22 -2.027e-22 -2.537e-22  3.037e-22  2.265e-22 -3.348e-22 -3.720e-22  1.834e-22  1.612e-22 -1.999e-23  9.384e-23 -2.155e-22  4.235e-22 -7.655e-23 -3.787e-23 -1.454e-23  3.608e-22 -3.560e-22 -1.795e-22  1.447e-22 -5.881e-23 -6.830e-22  5.171e-22  1.975e-22  2.169e-22  8.206e-23 -2.195e-22  4.519e-22 -8.979e-23 -6.601e-23  6.357e-22  1.203e-22  2.168e-22 -1.598e-22 -2.374e-22  9.901e-22  2.413e-22  8.589e-23 -5.508e-22  4.006e-23  1.266e-22 -3.568e-22 -4.809e-23 -5.070e-22 -1.738e-22  2.923e-22  8.413e-23  5.393e-22 -1.303e-22  2.414e-22 -4.989e-24  3.406e-22 -2.773e-22  1.699e-22  1.613e-14

finished in 261 iterations (0.117 seconds total)
max viol = 6.06e-09

---------------------
Result:
---------------------

{(1,0), (0,0), (0,0), (0,0), (0,0), (0,0)}, {(0,0), (1,0), (0,0), (0,0), (0,0), (0,0)}, {(0,0), (0,0), (1,0), (0,0), (0,0), (0,0)}, {(0,0), (0,0), (0,0), (1,0), (0,0), (0,0)}, {(0,0), (0,0), (0,0), (0,0), (1,0), (0,0)}, {(0,0), (0,0), (0,0), (0,0), (0,0), (1,0)}


{(0.408,0), (0.408,0), (0.408,0), (0.408,0), (0.408,0), (0.408,0)}, {(0.408,0), (0.406,-0.0435), (0.0302,0.407), (-0.0763,-0.401), (-0.377,0.155), (-0.391,-0.118)}, {(0.408,0), (-0.408,-0.0162), (-0.0166,0.408), (-0.365,0.183), (0.373,-0.167), (0.00827,-0.408)}, {(0.408,0), (-0.404,0.0606), (-0.158,-0.376), (0.398,-0.0896), (0.163,0.374), (-0.407,0.0308)}, {}, {}


{(0.408,0), (-0.259,0.315), (-0.332,0.237), (0.174,0.369), (0.202,-0.355), (0.216,0.346)}, {}, {}, {}, {}, {}


{(0.408,0), (0.0367,0.407), (-0.356,0.2), (0.265,0.31), (0.266,0.309), (-0.0502,-0.405)}, {}, {}, {}, {}, {}

---------------------
Abs of Gram matrix:
---------------------

 { { +1.0000, +0.0000, +0.0000, +0.0000, +0.0000, +0.0000, +0.4082, +0.4082, +0.4082, +0.4082, +0.0000, +0.0000, +0.4082, +0.0000, +0.0000, +0.0000, +0.0000, +0.0000, +0.4082, +0.0000, +0.0000, +0.0000, +0.0000, +0.0000}, 
   { +0.0000, +1.0000, +0.0000, +0.0000, +0.0000, +0.0000, +0.4082, +0.4082, +0.4082, +0.4082, +0.0000, +0.0000, +0.4082, +0.0000, +0.0000, +0.0000, +0.0000, +0.0000, +0.4082, +0.0000, +0.0000, +0.0000, +0.0000, +0.0000}, 
   { +0.0000, +0.0000, +1.0000, +0.0000, +0.0000, +0.0000, +0.4082, +0.4082, +0.4082, +0.4082, +0.0000, +0.0000, +0.4082, +0.0000, +0.0000, +0.0000, +0.0000, +0.0000, +0.4082, +0.0000, +0.0000, +0.0000, +0.0000, +0.0000}, 
   { +0.0000, +0.0000, +0.0000, +1.0000, +0.0000, +0.0000, +0.4082, +0.4082, +0.4082, +0.4082, +0.0000, +0.0000, +0.4082, +0.0000, +0.0000, +0.0000, +0.0000, +0.0000, +0.4082, +0.0000, +0.0000, +0.0000, +0.0000, +0.0000}, 
   { +0.0000, +0.0000, +0.0000, +0.0000, +1.0000, +0.0000, +0.4082, +0.4082, +0.4082, +0.4082, +0.0000, +0.0000, +0.4082, +0.0000, +0.0000, +0.0000, +0.0000, +0.0000, +0.4082, +0.0000, +0.0000, +0.0000, +0.0000, +0.0000}, 
   { +0.0000, +0.0000, +0.0000, +0.0000, +0.0000, +1.0000, +0.4082, +0.4082, +0.4082, +0.4082, +0.0000, +0.0000, +0.4082, +0.0000, +0.0000, +0.0000, +0.0000, +0.0000, +0.4082, +0.0000, +0.0000, +0.0000, +0.0000, +0.0000}, 
   { +0.4082, +0.4082, +0.4082, +0.4082, +0.4082, +0.4082, +1.0000, +0.0001, +0.0001, +0.0000, +0.0000, +0.0000, +0.4082, +0.0000, +0.0000, +0.0000, +0.0000, +0.0000, +0.4082, +0.0000, +0.0000, +0.0000, +0.0000, +0.0000}, 
   { +0.4082, +0.4082, +0.4082, +0.4082, +0.4082, +0.4082, +0.0001, +1.0000, +0.0000, +0.0000, +0.0000, +0.0000, +0.4082, +0.0000, +0.0000, +0.0000, +0.0000, +0.0000, +0.4082, +0.0000, +0.0000, +0.0000, +0.0000, +0.0000}, 
   { +0.4082, +0.4082, +0.4082, +0.4082, +0.4082, +0.4082, +0.0001, +0.0000, +1.0000, +0.0000, +0.0000, +0.0000, +0.4082, +0.0000, +0.0000, +0.0000, +0.0000, +0.0000, +0.4082, +0.0000, +0.0000, +0.0000, +0.0000, +0.0000}, 
   { +0.4082, +0.4082, +0.4082, +0.4082, +0.4082, +0.4082, +0.0000, +0.0000, +0.0000, +1.0000, +0.0000, +0.0000, +0.4082, +0.0000, +0.0000, +0.0000, +0.0000, +0.0000, +0.4082, +0.0000, +0.0000, +0.0000, +0.0000, +0.0000}, 
   { +0.0000, +0.0000, +0.0000, +0.0000, +0.0000, +0.0000, +0.0000, +0.0000, +0.0000, +0.0000, +0.0000, +0.0000, +0.0000, +0.0000, +0.0000, +0.0000, +0.0000, +0.0000, +0.0000, +0.0000, +0.0000, +0.0000, +0.0000, +0.0000}, 
   { +0.0000, +0.0000, +0.0000, +0.0000, +0.0000, +0.0000, +0.0000, +0.0000, +0.0000, +0.0000, +0.0000, +0.0000, +0.0000, +0.0000, +0.0000, +0.0000, +0.0000, +0.0000, +0.0000, +0.0000, +0.0000, +0.0000, +0.0000, +0.0000}, 
   { +0.4082, +0.4082, +0.4082, +0.4082, +0.4082, +0.4082, +0.4082, +0.4082, +0.4082, +0.4082, +0.0000, +0.0000, +1.0000, +0.0000, +0.0000, +0.0000, +0.0000, +0.0000, +0.4082, +0.0000, +0.0000, +0.0000, +0.0000, +0.0000}, 
   { +0.0000, +0.0000, +0.0000, +0.0000, +0.0000, +0.0000, +0.0000, +0.0000, +0.0000, +0.0000, +0.0000, +0.0000, +0.0000, +0.0000, +0.0000, +0.0000, +0.0000, +0.0000, +0.0000, +0.0000, +0.0000, +0.0000, +0.0000, +0.0000}, 
   { +0.0000, +0.0000, +0.0000, +0.0000, +0.0000, +0.0000, +0.0000, +0.0000, +0.0000, +0.0000, +0.0000, +0.0000, +0.0000, +0.0000, +0.0000, +0.0000, +0.0000, +0.0000, +0.0000, +0.0000, +0.0000, +0.0000, +0.0000, +0.0000}, 
   { +0.0000, +0.0000, +0.0000, +0.0000, +0.0000, +0.0000, +0.0000, +0.0000, +0.0000, +0.0000, +0.0000, +0.0000, +0.0000, +0.0000, +0.0000, +0.0000, +0.0000, +0.0000, +0.0000, +0.0000, +0.0000, +0.0000, +0.0000, +0.0000}, 
   { +0.0000, +0.0000, +0.0000, +0.0000, +0.0000, +0.0000, +0.0000, +0.0000, +0.0000, +0.0000, +0.0000, +0.0000, +0.0000, +0.0000, +0.0000, +0.0000, +0.0000, +0.0000, +0.0000, +0.0000, +0.0000, +0.0000, +0.0000, +0.0000}, 
   { +0.0000, +0.0000, +0.0000, +0.0000, +0.0000, +0.0000, +0.0000, +0.0000, +0.0000, +0.0000, +0.0000, +0.0000, +0.0000, +0.0000, +0.0000, +0.0000, +0.0000, +0.0000, +0.0000, +0.0000, +0.0000, +0.0000, +0.0000, +0.0000}, 
   { +0.4082, +0.4082, +0.4082, +0.4082, +0.4082, +0.4082, +0.4082, +0.4082, +0.4082, +0.4082, +0.0000, +0.0000, +0.4082, +0.0000, +0.0000, +0.0000, +0.0000, +0.0000, +1.0000, +0.0000, +0.0000, +0.0000, +0.0000, +0.0000}, 
   { +0.0000, +0.0000, +0.0000, +0.0000, +0.0000, +0.0000, +0.0000, +0.0000, +0.0000, +0.0000, +0.0000, +0.0000, +0.0000, +0.0000, +0.0000, +0.0000, +0.0000, +0.0000, +0.0000, +0.0000, +0.0000, +0.0000, +0.0000, +0.0000}, 
   { +0.0000, +0.0000, +0.0000, +0.0000, +0.0000, +0.0000, +0.0000, +0.0000, +0.0000, +0.0000, +0.0000, +0.0000, +0.0000, +0.0000, +0.0000, +0.0000, +0.0000, +0.0000, +0.0000, +0.0000, +0.0000, +0.0000, +0.0000, +0.0000}, 
   { +0.0000, +0.0000, +0.0000, +0.0000, +0.0000, +0.0000, +0.0000, +0.0000, +0.0000, +0.0000, +0.0000, +0.0000, +0.0000, +0.0000, +0.0000, +0.0000, +0.0000, +0.0000, +0.0000, +0.0000, +0.0000, +0.0000, +0.0000, +0.0000}, 
   { +0.0000, +0.0000, +0.0000, +0.0000, +0.0000, +0.0000, +0.0000, +0.0000, +0.0000, +0.0000, +0.0000, +0.0000, +0.0000, +0.0000, +0.0000, +0.0000, +0.0000, +0.0000, +0.0000, +0.0000, +0.0000, +0.0000, +0.0000, +0.0000}, 
   { +0.0000, +0.0000, +0.0000, +0.0000, +0.0000, +0.0000, +0.0000, +0.0000, +0.0000, +0.0000, +0.0000, +0.0000, +0.0000, +0.0000, +0.0000, +0.0000, +0.0000, +0.0000, +0.0000, +0.0000, +0.0000, +0.0000, +0.0000, +0.0000} } 
