---------------------
Basis Indices:
---------------------

{1, 0, 0, 0, 0, 0}, {1, 0, 0, 0, 0, 0}, {1, 0, 0, 0, 0, 0}, {1, 0, 0, 0, 0, 0}, {1, 0, 0, 0, 0, 0}, {1, 0, 0, 0, 0, 0}


{0.408, 0.408, 0.408, 0.408, 0.408, 0.408}, {0.408, x_43+i*x_223, x_44+i*x_224, x_45+i*x_225, x_46+i*x_226, x_47+i*x_227}, {0.408, x_49+i*x_229, x_50+i*x_230, x_51+i*x_231, x_52+i*x_232, x_53+i*x_233}, {}, {}, {}


{0.408, x_73+i*x_253, x_74+i*x_254, x_75+i*x_255, x_76+i*x_256, x_77+i*x_257}, {0.408, x_79+i*x_259, x_80+i*x_260, x_81+i*x_261, x_82+i*x_262, x_83+i*x_263}, {}, {}, {}, {}


{0.408, x_109+i*x_289, x_110+i*x_290, x_111+i*x_291, x_112+i*x_292, x_113+i*x_293}, {0.408, x_115+i*x_295, x_116+i*x_296, x_117+i*x_297, x_118+i*x_298, x_119+i*x_299}, {}, {}, {}, {}


{0.408, x_145+i*x_325, x_146+i*x_326, x_147+i*x_327, x_148+i*x_328, x_149+i*x_329}, {}, {}, {}, {}, {}

---------------------
Problem: 
---------------------
Find a point satisfying:

1*{ 226 232} + 1*{ 225 231} + 1*{  44  50} + 1*{ 223 229} + 1*{  47  53} + 1*{ 224 230} + 1*{  45  51} + 1*{  43  49} + 0.166667*{} + 1*{  46  52} + 1*{ 227 233} = 0 

-1*{  51 225} + -1*{  50 224} + 1*{  44 230} + 1*{  43 229} + 1*{  45 231} + -1*{  49 223} + 1*{  47 233} + 1*{  46 232} + -1*{  52 226} + -1*{  53 227} = 0 

-0.166667*{} + 1*{ 361 361} + 1*{ 360 360} = 0 

1*{ 225 255} + 1*{ 224 254} + 1*{ 223 253} + 1*{  45  75} + 1*{  44  74} + 1*{ 227 257} + 1*{  43  73} + 1*{ 226 256} + 1*{  47  77} + 0.166667*{} + 1*{  46  76} + -1*{ 360} = 0 

1*{  45 255} + -1*{  73 223} + -1*{  75 225} + -1*{  76 226} + -1*{  74 224} + 1*{  44 254} + 1*{  46 256} + 1*{  43 253} + -1*{  77 227} + 1*{  47 257} + -1*{ 361} = 0 

-0.166667*{} + 1*{ 363 363} + 1*{ 362 362} = 0 

1*{  45  81} + 1*{ 226 262} + 1*{ 224 260} + 1*{ 223 259} + 1*{  43  79} + 1*{  44  80} + 1*{ 225 261} + 1*{ 227 263} + -1*{ 362} + 0.166667*{} + 1*{  46  82} + 1*{  47  83} = 0 

-1*{  81 225} + 1*{  45 261} + -1*{ 363} + -1*{  80 224} + 1*{  44 260} + 1*{  47 263} + 1*{  43 259} + 1*{  46 262} + -1*{  79 223} + -1*{  82 226} + -1*{  83 227} = 0 

-0.166667*{} + 1*{ 365 365} + 1*{ 364 364} = 0 

1*{  47 113} + 1*{ 223 289} + 1*{ 224 290} + 1*{ 225 291} + 1*{  44 110} + 1*{  46 112} + 1*{  43 109} + 0.166667*{} + 1*{ 226 292} + 1*{  45 111} + 1*{ 227 293} + -1*{ 364} = 0 

1*{  46 292} + 1*{  45 291} + 1*{  44 290} + 1*{  43 289} + -1*{ 109 223} + 1*{  47 293} + -1*{ 111 225} + -1*{ 112 226} + -1*{ 113 227} + -1*{ 110 224} + -1*{ 365} = 0 

-0.166667*{} + 1*{ 367 367} + 1*{ 366 366} = 0 

1*{  47 119} + 1*{  45 117} + 1*{  44 116} + 1*{ 223 295} + 1*{  43 115} + 1*{ 226 298} + 0.166667*{} + 1*{  46 118} + 1*{ 227 299} + 1*{ 225 297} + 1*{ 224 296} + -1*{ 366} = 0 

-1*{ 117 225} + 1*{  45 297} + -1*{ 116 224} + 1*{  47 299} + -1*{ 118 226} + 1*{  43 295} + 1*{  46 298} + 1*{  44 296} + -1*{ 119 227} + -1*{ 115 223} + -1*{ 367} = 0 

-0.166667*{} + 1*{ 369 369} + 1*{ 368 368} = 0 

1*{ 225 327} + 1*{  44 146} + 1*{ 224 326} + 1*{ 223 325} + 1*{ 227 329} + -1*{ 368} + 1*{  45 147} + 1*{  43 145} + 1*{ 226 328} + 1*{  46 148} + 0.166667*{} + 1*{  47 149} = 0 

1*{  45 327} + 1*{  44 326} + -1*{ 145 223} + -1*{ 149 227} + 1*{  43 325} + 1*{  46 328} + -1*{ 148 226} + -1*{ 369} + -1*{ 147 225} + -1*{ 146 224} + 1*{  47 329} = 0 

-0.166667*{} + 1*{ 223 223} + 1*{  43  43} = 0 

-0.166667*{} + 1*{ 224 224} + 1*{  44  44} = 0 

-0.166667*{} + 1*{ 225 225} + 1*{  45  45} = 0 

-0.166667*{} + 1*{ 226 226} + 1*{  46  46} = 0 

-0.166667*{} + 1*{ 227 227} + 1*{  47  47} = 0 

0.333333*{  45  46} + 0.333333*{  46  47} + 0.333333*{  44  45} + 0.166667*{ 225 225} + 0.333333*{  43  46} + 0.166667*{  44  44} + 0.333333*{  44  47} + 0.333333*{  43  47} + 0.166667*{ 224 224} + 0.333333*{ 225 226} + 0.166667*{  46  46} + 0.333333*{ 223 224} + 0.166667*{ 223 223} + 0.166667*{  45  45} + 0.166667*{  43  43} + 0.333333*{ 224 226} + 0.333333*{ 225 227} + 0.333333*{  44  46} + 0.166667*{ 226 226} + 0.333333*{ 223 226} + 0.166667*{  47  47} + 0.333333*{  43  45} + 0.333333*{  43  44} + 0.136083*{  45} + 0.166667*{ 227 227} + 0.333333*{ 224 227} + 0.136083*{  47} + 0.136083*{  43} + 0.136083*{  46} + 0.333333*{ 224 225} + 0.0277778*{} + 0.333333*{  45  47} + 0.136083*{  44} + 0.333333*{ 226 227} + 0.333333*{ 223 225} + 0.333333*{ 223 227} = 0 

-0.166667*{} + 1*{ 371 371} + 1*{ 370 370} = 0 

1*{  51  75} + 1*{  53  77} + 1*{ 230 254} + 1*{  49  73} + 0.166667*{} + 1*{  50  74} + 1*{  52  76} + 1*{ 231 255} + 1*{ 233 257} + 1*{ 232 256} + 1*{ 229 253} + -1*{ 370} = 0 

-1*{  73 229} + -1*{ 371} + 1*{  51 255} + -1*{  74 230} + 1*{  49 253} + -1*{  76 232} + 1*{  53 257} + -1*{  75 231} + 1*{  50 254} + 1*{  52 256} + -1*{  77 233} = 0 

-0.166667*{} + 1*{ 373 373} + 1*{ 372 372} = 0 

1*{  51  81} + 0.166667*{} + 1*{ 229 259} + 1*{  50  80} + 1*{ 233 263} + 1*{ 230 260} + 1*{  49  79} + 1*{  52  82} + 1*{ 231 261} + 1*{ 232 262} + 1*{  53  83} + -1*{ 372} = 0 

1*{  51 261} + -1*{  82 232} + -1*{  80 230} + 1*{  53 263} + 1*{  50 260} + -1*{  81 231} + 1*{  52 262} + -1*{  79 229} + 1*{  49 259} + -1*{  83 233} + -1*{ 373} = 0 

-0.166667*{} + 1*{ 375 375} + 1*{ 374 374} = 0 

1*{  51 111} + -1*{ 374} + 1*{ 229 289} + 1*{  49 109} + 0.166667*{} + 1*{  52 112} + 1*{  50 110} + 1*{ 232 292} + 1*{ 230 290} + 1*{  53 113} + 1*{ 231 291} + 1*{ 233 293} = 0 

1*{  51 291} + -1*{ 112 232} + -1*{ 110 230} + 1*{  49 289} + -1*{ 111 231} + 1*{  50 290} + -1*{ 109 229} + 1*{  52 292} + 1*{  53 293} + -1*{ 113 233} + -1*{ 375} = 0 

1*{ 377 377} + -0.166667*{} + 1*{ 376 376} = 0 

1*{  51 117} + 1*{ 232 298} + 1*{ 231 297} + 1*{ 230 296} + 1*{ 229 295} + 1*{  49 115} + 1*{  50 116} + 1*{  52 118} + 1*{ 233 299} + 0.166667*{} + 1*{  53 119} + -1*{ 376} = 0 

-1*{ 119 233} + -1*{ 116 230} + 1*{  50 296} + -1*{ 115 229} + 1*{  49 295} + 1*{  52 298} + -1*{ 117 231} + 1*{  51 297} + -1*{ 118 232} + 1*{  53 299} + -1*{ 377} = 0 

-0.166667*{} + 1*{ 379 379} + 1*{ 378 378} = 0 

1*{ 231 327} + 1*{  51 147} + 1*{  50 146} + 1*{ 230 326} + -1*{ 378} + 1*{  49 145} + 1*{  52 148} + 0.166667*{} + 1*{ 232 328} + 1*{  53 149} + 1*{ 229 325} + 1*{ 233 329} = 0 

1*{  51 327} + -1*{ 145 229} + 1*{  50 326} + -1*{ 379} + 1*{  49 325} + -1*{ 146 230} + 1*{  52 328} + -1*{ 149 233} + 1*{  53 329} + -1*{ 147 231} + -1*{ 148 232} = 0 

-0.166667*{} + 1*{ 229 229} + 1*{  49  49} = 0 

-0.166667*{} + 1*{ 230 230} + 1*{  50  50} = 0 

-0.166667*{} + 1*{ 231 231} + 1*{  51  51} = 0 

-0.166667*{} + 1*{ 232 232} + 1*{  52  52} = 0 

1*{ 233 233} + -0.166667*{} + 1*{  53  53} = 0 

0.333333*{  50  52} + 0.333333*{  50  53} + 0.166667*{  53  53} + 0.333333*{  51  52} + 0.333333*{ 231 233} + 0.333333*{ 231 232} + 0.166667*{  52  52} + 0.333333*{  52  53} + 0.166667*{  51  51} + 0.136083*{  52} + 0.166667*{  50  50} + 0.333333*{  49  50} + 0.333333*{ 230 232} + 0.333333*{  49  52} + 0.136083*{  53} + 0.333333*{ 232 233} + 0.333333*{ 229 230} + 0.136083*{  51} + 0.136083*{  49} + 0.166667*{ 232 232} + 0.166667*{ 233 233} + 0.333333*{  49  53} + 0.333333*{  50  51} + 0.333333*{ 229 233} + 0.333333*{  49  51} + 0.166667*{ 230 230} + 0.166667*{ 231 231} + 0.136083*{  50} + 0.0277778*{} + 0.166667*{  49  49} + 0.333333*{ 230 231} + 0.333333*{ 230 233} + 0.333333*{ 229 232} + 0.333333*{  51  53} + 0.333333*{ 229 231} + 0.166667*{ 229 229} = 0 

1*{  75  81} + 1*{ 254 260} + 1*{  74  80} + 1*{ 255 261} + 1*{  77  83} + 1*{ 253 259} + 1*{  73  79} + 0.166667*{} + 1*{ 256 262} + 1*{  76  82} + 1*{ 257 263} = 0 

-1*{  81 255} + 1*{  74 260} + -1*{  79 253} + 1*{  75 261} + -1*{  80 254} + 1*{  76 262} + -1*{  82 256} + 1*{  73 259} + 1*{  77 263} + -1*{  83 257} = 0 

-0.166667*{} + 1*{ 381 381} + 1*{ 380 380} = 0 

1*{  75 111} + 1*{  77 113} + 1*{ 256 292} + 1*{ 254 290} + 1*{ 253 289} + 0.166667*{} + 1*{  73 109} + 1*{  74 110} + -1*{ 380} + 1*{ 255 291} + 1*{  76 112} + 1*{ 257 293} = 0 

-1*{ 109 253} + -1*{ 110 254} + 1*{  73 289} + -1*{ 112 256} + -1*{ 381} + 1*{  76 292} + -1*{ 111 255} + 1*{  75 291} + 1*{  77 293} + 1*{  74 290} + -1*{ 113 257} = 0 

-0.166667*{} + 1*{ 383 383} + 1*{ 382 382} = 0 

1*{  75 117} + 1*{ 254 296} + 1*{  73 115} + 1*{ 256 298} + 1*{ 253 295} + 1*{ 255 297} + 1*{  77 119} + 0.166667*{} + 1*{  76 118} + -1*{ 382} + 1*{  74 116} + 1*{ 257 299} = 0 

1*{  75 297} + -1*{ 118 256} + 1*{  73 295} + -1*{ 115 253} + -1*{ 116 254} + 1*{  76 298} + -1*{ 117 255} + 1*{  77 299} + 1*{  74 296} + -1*{ 119 257} + -1*{ 383} = 0 

-0.166667*{} + 1*{ 385 385} + 1*{ 384 384} = 0 

1*{ 255 327} + 1*{ 254 326} + 1*{  73 145} + 1*{  75 147} + 1*{  74 146} + 1*{  76 148} + 1*{ 253 325} + 1*{ 256 328} + 1*{ 257 329} + 1*{  77 149} + 0.166667*{} + -1*{ 384} = 0 

-1*{ 147 255} + 1*{  75 327} + 1*{  73 325} + -1*{ 145 253} + -1*{ 146 254} + 1*{  74 326} + -1*{ 149 257} + -1*{ 148 256} + 1*{  76 328} + 1*{  77 329} + -1*{ 385} = 0 

-0.166667*{} + 1*{ 253 253} + 1*{  73  73} = 0 

-0.166667*{} + 1*{ 254 254} + 1*{  74  74} = 0 

-0.166667*{} + 1*{ 255 255} + 1*{  75  75} = 0 

-0.166667*{} + 1*{ 256 256} + 1*{  76  76} = 0 

-0.166667*{} + 1*{ 257 257} + 1*{  77  77} = 0 

0.166667*{ 254 254} + 0.333333*{ 254 257} + 0.166667*{  74  74} + 0.166667*{ 256 256} + 0.333333*{  74  75} + 0.333333*{ 254 255} + 0.333333*{ 255 257} + 0.136083*{  76} + 0.333333*{ 256 257} + 0.333333*{  73  76} + 0.333333*{ 253 256} + 0.136083*{  75} + 0.166667*{  75  75} + 0.333333*{  75  76} + 0.333333*{  76  77} + 0.333333*{ 255 256} + 0.333333*{ 253 255} + 0.166667*{  73  73} + 0.333333*{  73  74} + 0.333333*{ 254 256} + 0.166667*{  77  77} + 0.166667*{ 253 253} + 0.166667*{  76  76} + 0.166667*{ 257 257} + 0.333333*{  73  75} + 0.136083*{  77} + 0.166667*{ 255 255} + -0.138889*{} + 0.136083*{  74} + 0.333333*{  73  77} + 0.136083*{  73} + 0.333333*{ 253 257} + 0.333333*{  75  77} + 0.333333*{ 253 254} + 0.333333*{  74  77} + 0.333333*{  74  76} = 0 

-0.166667*{} + 1*{ 387 387} + 1*{ 386 386} = 0 

1*{  79 109} + 1*{  81 111} + 1*{ 260 290} + 1*{  80 110} + 1*{  82 112} + 1*{ 262 292} + -1*{ 386} + 1*{ 261 291} + 1*{  83 113} + 1*{ 259 289} + 0.166667*{} + 1*{ 263 293} = 0 

1*{  81 291} + -1*{ 110 260} + 1*{  80 290} + -1*{ 113 263} + -1*{ 112 262} + -1*{ 109 259} + 1*{  79 289} + 1*{  82 292} + -1*{ 111 261} + 1*{  83 293} + -1*{ 387} = 0 

-0.166667*{} + 1*{ 389 389} + 1*{ 388 388} = 0 

1*{ 261 297} + 1*{ 260 296} + 1*{  81 117} + 0.166667*{} + 1*{ 259 295} + 1*{  80 116} + 1*{  79 115} + 1*{  82 118} + -1*{ 388} + 1*{ 262 298} + 1*{  83 119} + 1*{ 263 299} = 0 

-1*{ 117 261} + 1*{  80 296} + 1*{  81 297} + 1*{  79 295} + -1*{ 116 260} + -1*{ 115 259} + 1*{  82 298} + -1*{ 118 262} + -1*{ 389} + -1*{ 119 263} + 1*{  83 299} = 0 

-0.166667*{} + 1*{ 391 391} + 1*{ 390 390} = 0 

1*{  82 148} + 1*{ 259 325} + 1*{  81 147} + 1*{  79 145} + 1*{ 261 327} + 1*{ 260 326} + 1*{ 262 328} + -1*{ 390} + 1*{  83 149} + 0.166667*{} + 1*{  80 146} + 1*{ 263 329} = 0 

-1*{ 147 261} + -1*{ 146 260} + 1*{  82 328} + 1*{  79 325} + 1*{  81 327} + 1*{  80 326} + -1*{ 145 259} + 1*{  83 329} + -1*{ 149 263} + -1*{ 148 262} + -1*{ 391} = 0 

-0.166667*{} + 1*{ 259 259} + 1*{  79  79} = 0 

-0.166667*{} + 1*{ 260 260} + 1*{  80  80} = 0 

-0.166667*{} + 1*{ 261 261} + 1*{  81  81} = 0 

-0.166667*{} + 1*{ 262 262} + 1*{  82  82} = 0 

1*{ 263 263} + -0.166667*{} + 1*{  83  83} = 0 

0.333333*{ 260 263} + 0.333333*{ 262 263} + 0.166667*{ 261 261} + 0.333333*{  81  83} + 0.166667*{  80  80} + 0.333333*{  80  82} + 0.333333*{ 261 262} + 0.333333*{  80  81} + 0.333333*{ 259 262} + 0.166667*{  81  81} + 0.166667*{  83  83} + 0.166667*{ 262 262} + 0.333333*{ 260 261} + 0.136083*{  79} + 0.333333*{  79  81} + 0.166667*{ 263 263} + 0.136083*{  83} + 0.333333*{ 259 263} + 0.333333*{  79  82} + 0.166667*{  82  82} + 0.333333*{  79  83} + 0.333333*{  81  82} + 0.136083*{  80} + 0.333333*{  82  83} + 0.333333*{ 260 262} + 0.333333*{ 259 261} + 0.333333*{ 259 260} + 0.333333*{  79  80} + 0.166667*{  79  79} + 0.333333*{  80  83} + 0.136083*{  82} + 0.333333*{ 261 263} + 0.166667*{ 260 260} + 0.136083*{  81} + -0.138889*{} + 0.166667*{ 259 259} = 0 

1*{ 111 117} + 1*{ 112 118} + 1*{ 292 298} + 1*{ 290 296} + 1*{ 110 116} + 0.166667*{} + 1*{ 289 295} + 1*{ 293 299} + 1*{ 109 115} + 1*{ 291 297} + 1*{ 113 119} = 0 

-1*{ 117 291} + 1*{ 110 296} + -1*{ 116 290} + 1*{ 109 295} + 1*{ 111 297} + 1*{ 112 298} + -1*{ 118 292} + -1*{ 115 289} + 1*{ 113 299} + -1*{ 119 293} = 0 

-0.166667*{} + 1*{ 393 393} + 1*{ 392 392} = 0 

1*{ 291 327} + 1*{ 111 147} + 1*{ 290 326} + 1*{ 110 146} + 1*{ 289 325} + 0.166667*{} + 1*{ 112 148} + 1*{ 293 329} + 1*{ 292 328} + -1*{ 392} + 1*{ 109 145} + 1*{ 113 149} = 0 

-1*{ 146 290} + 1*{ 110 326} + 1*{ 111 327} + -1*{ 393} + -1*{ 145 289} + -1*{ 147 291} + 1*{ 109 325} + 1*{ 112 328} + -1*{ 148 292} + 1*{ 113 329} + -1*{ 149 293} = 0 

-0.166667*{} + 1*{ 289 289} + 1*{ 109 109} = 0 

-0.166667*{} + 1*{ 290 290} + 1*{ 110 110} = 0 

-0.166667*{} + 1*{ 291 291} + 1*{ 111 111} = 0 

-0.166667*{} + 1*{ 292 292} + 1*{ 112 112} = 0 

-0.166667*{} + 1*{ 293 293} + 1*{ 113 113} = 0 

0.333333*{ 290 292} + 0.333333*{ 290 293} + 0.333333*{ 110 111} + 0.333333*{ 290 291} + 0.166667*{ 111 111} + 0.333333*{ 111 112} + 0.166667*{ 291 291} + 0.333333*{ 111 113} + 0.136083*{ 111} + 0.333333*{ 292 293} + 0.166667*{ 290 290} + 0.166667*{ 113 113} + 0.166667*{ 293 293} + 0.166667*{ 289 289} + 0.333333*{ 109 110} + 0.333333*{ 110 112} + 0.166667*{ 292 292} + 0.166667*{ 110 110} + 0.333333*{ 289 291} + 0.333333*{ 109 113} + 0.333333*{ 109 111} + 0.333333*{ 291 292} + 0.166667*{ 112 112} + 0.166667*{ 109 109} + 0.136083*{ 110} + 0.136083*{ 112} + 0.333333*{ 112 113} + 0.136083*{ 109} + -0.138889*{} + 0.136083*{ 113} + 0.333333*{ 291 293} + 0.333333*{ 289 290} + 0.333333*{ 109 112} + 0.333333*{ 110 113} + 0.333333*{ 289 292} + 0.333333*{ 289 293} = 0 

-0.166667*{} + 1*{ 395 395} + 1*{ 394 394} = 0 

1*{ 297 327} + 1*{ 295 325} + 1*{ 296 326} + 1*{ 117 147} + 1*{ 118 148} + 1*{ 116 146} + 1*{ 115 145} + 1*{ 298 328} + 1*{ 119 149} + 0.166667*{} + 1*{ 299 329} + -1*{ 394} = 0 

1*{ 117 327} + -1*{ 146 296} + 1*{ 116 326} + -1*{ 149 299} + -1*{ 147 297} + -1*{ 148 298} + -1*{ 145 295} + -1*{ 395} + 1*{ 115 325} + 1*{ 118 328} + 1*{ 119 329} = 0 

-0.166667*{} + 1*{ 295 295} + 1*{ 115 115} = 0 

-0.166667*{} + 1*{ 296 296} + 1*{ 116 116} = 0 

-0.166667*{} + 1*{ 297 297} + 1*{ 117 117} = 0 

-0.166667*{} + 1*{ 298 298} + 1*{ 118 118} = 0 

-0.166667*{} + 1*{ 299 299} + 1*{ 119 119} = 0 

0.333333*{ 297 299} + 0.333333*{ 297 298} + 0.166667*{ 116 116} + 0.333333*{ 116 117} + 0.166667*{ 299 299} + 0.333333*{ 295 296} + 0.333333*{ 116 119} + 0.136083*{ 117} + 0.166667*{ 295 295} + 0.333333*{ 115 117} + 0.333333*{ 296 299} + 0.166667*{ 298 298} + 0.333333*{ 295 297} + 0.136083*{ 115} + 0.333333*{ 115 119} + 0.333333*{ 116 118} + 0.136083*{ 119} + 0.333333*{ 115 116} + 0.333333*{ 296 297} + 0.333333*{ 118 119} + 0.333333*{ 296 298} + 0.166667*{ 296 296} + 0.333333*{ 117 119} + 0.166667*{ 119 119} + 0.333333*{ 298 299} + 0.333333*{ 115 118} + 0.136083*{ 116} + 0.166667*{ 297 297} + 0.166667*{ 118 118} + 0.136083*{ 118} + -0.138889*{} + 0.333333*{ 295 299} + 0.166667*{ 117 117} + 0.333333*{ 295 298} + 0.333333*{ 117 118} + 0.166667*{ 115 115} = 0 

-0.166667*{} + 1*{ 325 325} + 1*{ 145 145} = 0 

-0.166667*{} + 1*{ 326 326} + 1*{ 146 146} = 0 

-0.166667*{} + 1*{ 327 327} + 1*{ 147 147} = 0 

-0.166667*{} + 1*{ 328 328} + 1*{ 148 148} = 0 

-0.166667*{} + 1*{ 329 329} + 1*{ 149 149} = 0 

0.166667*{ 149 149} + 0.166667*{ 326 326} + 0.333333*{ 326 327} + 0.333333*{ 146 147} + 0.333333*{ 325 326} + 0.333333*{ 148 149} + 0.333333*{ 147 149} + 0.166667*{ 328 328} + 0.136083*{ 145} + 0.333333*{ 327 328} + 0.333333*{ 145 147} + 0.333333*{ 327 329} + 0.166667*{ 145 145} + 0.333333*{ 326 329} + 0.333333*{ 146 149} + 0.333333*{ 146 148} + 0.166667*{ 147 147} + 0.136083*{ 148} + 0.333333*{ 145 148} + 0.333333*{ 328 329} + 0.333333*{ 325 329} + 0.166667*{ 329 329} + 0.333333*{ 145 149} + 0.136083*{ 146} + 0.136083*{ 147} + 0.166667*{ 327 327} + 0.166667*{ 148 148} + 0.166667*{ 146 146} + 0.333333*{ 145 146} + 0.333333*{ 326 328} + 0.333333*{ 147 148} + 0.136083*{ 149} + -0.138889*{} + 0.333333*{ 325 328} + 0.166667*{ 325 325} + 0.333333*{ 325 327} = 0 

---------------------
Summary:
---------------------
set sizes: {6, 3, 2, 2, 1}, vars: 106, vectors: 14, equations: 102, true vars: 70

---------------------
Optimization:
---------------------
1 5.237e+00 5.237e+00
2 5.914e+01 5.237e+00
3 2.600e+01 5.237e+00
4 3.492e+01 5.237e+00
5 1.498e+01 5.237e+00
6 2.677e+02 5.237e+00
7 1.083e+03 5.237e+00
8 9.830e+06 5.237e+00
9 3.963e+07 5.237e+00
10 1.436e+07 5.237e+00
11 5.182e+06 5.237e+00
12 1.869e+06 5.237e+00
13 6.744e+05 5.237e+00
14 2.433e+05 5.237e+00
15 8.781e+04 5.237e+00
16 1.569e+05 5.237e+00
17 5.669e+04 5.237e+00
18 2.124e+04 5.237e+00
19 7.642e+03 5.237e+00
20 2.750e+03 5.237e+00
21 9.885e+02 5.237e+00
22 3.547e+02 5.237e+00
23 1.270e+02 5.237e+00
24 4.533e+01 5.237e+00
25 9.662e+04 5.237e+00
26 1.506e+06 5.237e+00
27 5.431e+05 5.237e+00
28 1.959e+05 5.237e+00
29 7.067e+04 5.237e+00
30 2.549e+04 5.237e+00
31 1.504e+04 5.237e+00
32 5.476e+03 5.237e+00
33 1.972e+03 5.237e+00
34 7.130e+02 5.237e+00
35 2.565e+02 5.237e+00
36 9.277e+01 5.237e+00
37 3.322e+01 5.237e+00
38 1.185e+01 5.237e+00
39 4.235e+00 4.235e+00
40 1.518e+00 1.518e+00
41 5.565e-01 5.565e-01
42 2.102e-01 2.102e-01
43 1.715e-01 1.715e-01
44 1.025e-01 1.025e-01
45 4.283e+00 1.025e-01
46 1.049e+01 1.025e-01
47 1.184e+01 1.025e-01
48 7.242e+00 1.025e-01
49 6.255e+00 1.025e-01
50 2.201e+00 1.025e-01
51 7.713e-01 1.025e-01
52 2.811e-01 1.025e-01
53 2.495e-01 1.025e-01
54 1.054e-01 1.025e-01
55 4.799e-01 1.025e-01
56 1.941e-01 1.025e-01
57 1.403e-01 1.025e-01
58 1.802e-01 1.025e-01
59 7.197e-02 7.197e-02
60 1.992e+00 7.197e-02
61 4.417e+06 7.197e-02
62 8.786e+08 7.197e-02
63 3.172e+08 7.197e-02
64 1.144e+08 7.197e-02
65 4.128e+07 7.197e-02
66 1.489e+07 7.197e-02
67 5.371e+06 7.197e-02
68 1.978e+06 7.197e-02
69 7.133e+05 7.197e-02
70 2.573e+05 7.197e-02
71 9.278e+04 7.197e-02
72 3.346e+04 7.197e-02
73 1.207e+04 7.197e-02
74 4.352e+03 7.197e-02
75 1.568e+03 7.197e-02
76 5.649e+02 7.197e-02
77 2.152e+02 7.197e-02
78 7.793e+01 7.197e-02
79 3.003e+01 7.197e-02
80 1.070e+01 7.197e-02
81 3.836e+00 7.197e-02
82 1.371e+00 7.197e-02
83 4.856e-01 7.197e-02
84 1.790e-01 7.197e-02
85 7.462e-02 7.197e-02
86 4.509e-02 4.509e-02
87 7.602e-02 4.509e-02
88 1.338e+00 4.509e-02
89 1.394e+00 4.509e-02
90 4.814e-01 4.509e-02
91 1.677e-01 4.509e-02
92 6.329e-02 4.509e-02
93 3.014e-02 3.014e-02
94 2.234e-02 2.234e-02
95 1.116e-02 1.116e-02
96 1.612e-02 1.116e-02
97 6.825e-03 6.825e-03
98 6.182e-03 6.182e-03
99 1.288e-01 6.182e-03
100 4.349e-02 6.182e-03
101 8.922e-01 6.182e-03
102 3.326e+01 6.182e-03
103 2.688e+01 6.182e-03
104 2.262e+02 6.182e-03
105 9.311e+01 6.182e-03
106 3.329e+01 6.182e-03
107 1.189e+01 6.182e-03
108 3.997e+04 6.182e-03
109 1.485e+04 6.182e-03
110 5.351e+03 6.182e-03
111 1.529e+09 6.182e-03
112 6.507e+08 6.182e-03
113 2.347e+08 6.182e-03
114 8.467e+07 6.182e-03
115 3.054e+07 6.182e-03
116 1.102e+07 6.182e-03
117 3.973e+06 6.182e-03
118 1.433e+06 6.182e-03
119 5.176e+05 6.182e-03
120 1.866e+05 6.182e-03
121 1.129e+05 6.182e-03
122 4.069e+04 6.182e-03
123 1.465e+04 6.182e-03
124 5.275e+03 6.182e-03
125 1.897e+03 6.182e-03
126 6.814e+02 6.182e-03
127 3.079e+02 6.182e-03
128 1.105e+02 6.182e-03
129 3.977e+01 6.182e-03
130 1.441e+01 6.182e-03
131 5.256e+00 6.182e-03
132 1.933e+00 6.182e-03
133 7.289e-01 6.182e-03
134 2.836e-01 6.182e-03
135 1.157e-01 6.182e-03
136 7.348e-02 6.182e-03
137 3.802e-02 6.182e-03
138 2.170e-02 6.182e-03
139 2.112e-02 6.182e-03
140 1.013e-02 6.182e-03
141 2.534e-02 6.182e-03
142 2.074e+00 6.182e-03
143 2.744e+00 6.182e-03
144 9.830e-01 6.182e-03
145 3.493e-01 6.182e-03
146 1.819e-01 6.182e-03
147 6.403e-02 6.182e-03
148 2.553e-02 6.182e-03
149 8.201e-02 6.182e-03
150 5.069e-01 6.182e-03
151 8.119e+00 6.182e-03
152 3.569e+00 6.182e-03
153 1.227e+00 6.182e-03
154 4.209e-01 6.182e-03
155 1.472e-01 6.182e-03
156 5.574e-02 6.182e-03
157 2.628e-02 6.182e-03
158 1.791e-02 6.182e-03
159 8.907e-03 6.182e-03
160 9.302e-03 6.182e-03
161 2.771e+00 6.182e-03
162 3.351e+00 6.182e-03
163 1.323e+00 6.182e-03
164 4.837e-01 6.182e-03
165 1.663e-01 6.182e-03
166 5.943e-02 6.182e-03
167 2.385e-02 6.182e-03
168 1.089e-02 6.182e-03
169 6.923e-03 6.182e-03
170 4.483e-03 4.483e-03
171 1.830e-02 4.483e-03
172 6.024e-03 4.483e-03
173 2.248e-03 2.248e-03
174 1.276e-03 1.276e-03
175 1.527e-03 1.276e-03
176 6.477e-04 6.477e-04
177 5.328e-04 5.328e-04
178 1.902e-02 5.328e-04
179 6.122e-03 5.328e-04
180 3.776e+00 5.328e-04
181 2.393e+01 5.328e-04
182 1.988e+02 5.328e-04
183 2.028e+02 5.328e-04
184 7.274e+01 5.328e-04
185 2.604e+01 5.328e-04
186 9.288e+00 5.328e-04
187 3.305e+00 5.328e-04
188 1.181e+00 5.328e-04
189 4.316e-01 5.328e-04
190 1.842e-01 5.328e-04
191 8.272e-02 5.328e-04
192 7.747e-02 5.328e-04
193 1.729e+00 5.328e-04
194 4.799e+00 5.328e-04
195 1.719e+00 5.328e-04
196 2.081e+00 5.328e-04
197 7.514e-01 5.328e-04
198 6.234e+00 5.328e-04
199 4.831e+03 5.328e-04
200 2.272e+03 5.328e-04
201 8.219e+02 5.328e-04
202 2.965e+02 5.328e-04
203 1.063e+02 5.328e-04
204 3.801e+01 5.328e-04
205 1.356e+01 5.328e-04
206 4.834e+00 5.328e-04
207 1.737e+00 5.328e-04
208 6.428e-01 5.328e-04
209 2.543e-01 5.328e-04
210 9.784e-02 5.328e-04
211 3.647e-02 5.328e-04
212 1.717e-02 5.328e-04
213 1.155e-02 5.328e-04
214 8.790e-03 5.328e-04
215 7.345e-03 5.328e-04
216 4.608e-03 5.328e-04
217 2.160e-01 5.328e-04
218 2.660e+00 5.328e-04
219 1.602e+05 5.328e-04
220 6.744e+04 5.328e-04
221 2.431e+04 5.328e-04
222 8.762e+03 5.328e-04
223 3.806e+03 5.328e-04
224 1.376e+03 5.328e-04
225 4.944e+02 5.328e-04
226 1.773e+02 5.328e-04
227 6.343e+01 5.328e-04
228 2.258e+01 5.328e-04
229 8.062e+00 5.328e-04
230 2.898e+00 5.328e-04
231 1.064e+00 5.328e-04
232 4.117e-01 5.328e-04
233 1.783e-01 5.328e-04
234 1.069e-01 5.328e-04
235 1.293e+01 5.328e-04
236 2.037e+03 5.328e-04
237 3.375e+06 5.328e-04
238 1.221e+06 5.328e-04
239 4.403e+05 5.328e-04
240 2.789e+05 5.328e-04
241 1.005e+05 5.328e-04
242 3.623e+04 5.328e-04
243 1.357e+04 5.328e-04
244 4.884e+03 5.328e-04
245 1.757e+03 5.328e-04
246 6.315e+02 5.328e-04
247 2.266e+02 5.328e-04
248 8.115e+01 5.328e-04
249 2.902e+01 5.328e-04
250 1.039e+01 5.328e-04
251 3.746e+00 5.328e-04
252 1.380e+00 5.328e-04
253 5.332e-01 5.328e-04
254 2.279e-01 5.328e-04
255 1.110e-01 5.328e-04
256 9.180e-02 5.328e-04
257 3.758e-02 5.328e-04
258 2.180e-02 5.328e-04
259 1.495e-02 5.328e-04
260 8.733e-03 5.328e-04
261 7.517e-03 5.328e-04
262 1.112e+03 5.328e-04
263 1.907e+06 5.328e-04
264 6.914e+05 5.328e-04
265 2.503e+05 5.328e-04
266 9.707e+04 5.328e-04
267 3.501e+04 5.328e-04
268 1.262e+04 5.328e-04
269 4.552e+03 5.328e-04
270 1.641e+03 5.328e-04
271 5.913e+02 5.328e-04
272 2.976e+02 5.328e-04
273 1.124e+02 5.328e-04
274 4.031e+01 5.328e-04
275 1.440e+01 5.328e-04
276 5.126e+00 5.328e-04
277 1.817e+00 5.328e-04
278 6.455e-01 5.328e-04
279 2.373e-01 5.328e-04
280 9.726e-02 5.328e-04
281 4.361e-02 5.328e-04
282 2.097e-02 5.328e-04
283 1.034e-02 5.328e-04
284 4.862e-03 5.328e-04
285 2.952e-03 5.328e-04
286 2.071e-03 5.328e-04
287 5.676e-03 5.328e-04
288 1.337e-02 5.328e-04
289 4.519e-03 5.328e-04
290 1.727e-03 5.328e-04
291 7.481e-04 5.328e-04
292 3.655e-04 3.655e-04
293 2.357e-04 2.357e-04
294 1.212e-04 1.212e-04
295 8.766e-05 8.766e-05
296 3.871e-05 3.871e-05
297 2.176e-05 2.176e-05
298 2.768e-05 2.176e-05
299 2.089e-04 2.176e-05
300 6.471e-05 2.176e-05
301 2.087e-05 2.087e-05
302 7.748e-06 7.748e-06
303 5.102e-06 5.102e-06
304 7.373e-06 5.102e-06
305 3.185e-06 3.185e-06
306 2.575e-06 2.575e-06
307 1.319e-06 1.319e-06
308 1.338e-06 1.319e-06
309 5.536e-07 5.536e-07
310 3.617e-07 3.617e-07
311 7.326e-07 3.617e-07
312 2.594e-07 2.594e-07
313 1.338e-07 1.338e-07
314 7.947e-07 1.338e-07
315 2.524e-07 1.338e-07
316 9.011e-08 9.011e-08
317 5.082e-08 5.082e-08
318 8.285e-07 5.082e-08
319 2.546e-07 5.082e-08
320 8.115e-08 5.082e-08
321 2.939e-08 2.939e-08
322 1.794e-08 1.794e-08
323 2.530e-07 1.794e-08
324 7.810e-08 1.794e-08
325 2.529e-08 1.794e-08
326 9.723e-09 9.723e-09
327 7.864e-09 7.864e-09
328 2.310e-03 7.864e-09
329 7.119e-04 7.864e-09
330 2.361e-03 7.864e-09
331 7.317e-04 7.864e-09
332 2.275e-04 7.864e-09
333 7.144e-05 7.864e-09
334 2.285e-05 7.864e-09
335 7.609e-06 7.864e-09
336 2.811e-06 7.864e-09
337 1.345e-06 7.864e-09
338 9.252e-07 7.864e-09
339 5.119e-07 7.864e-09
340 2.349e+01 7.864e-09
341 2.081e+05 7.864e-09
342 9.166e+05 7.864e-09
343 3.306e+05 7.864e-09
344 1.193e+05 7.864e-09
345 4.304e+04 7.864e-09
346 1.552e+04 7.864e-09
347 5.597e+03 7.864e-09
348 2.019e+03 7.864e-09
349 7.299e+02 7.864e-09
350 2.629e+02 7.864e-09
351 9.458e+01 7.864e-09
352 3.396e+01 7.864e-09
353 1.216e+01 7.864e-09
354 4.334e+00 7.864e-09
355 1.538e+00 7.864e-09
356 5.538e-01 7.864e-09
357 1.963e-01 7.864e-09
358 3.005e+02 7.864e-09
359 5.836e+02 7.864e-09
360 2.114e+02 7.864e-09
361 7.610e+01 7.864e-09
362 2.725e+01 7.864e-09
363 1.142e+01 7.864e-09
364 9.298e+02 7.864e-09
365 3.725e+07 7.864e-09
366 1.346e+07 7.864e-09
367 4.856e+06 7.864e-09
368 1.752e+06 7.864e-09
369 6.320e+05 7.864e-09
370 2.280e+05 7.864e-09
371 8.226e+04 7.864e-09
372 2.969e+04 7.864e-09
373 1.071e+04 7.864e-09
374 3.862e+03 7.864e-09
375 1.392e+03 7.864e-09
376 5.019e+02 7.864e-09
377 1.809e+02 7.864e-09
378 9.030e+01 7.864e-09
379 2.243e+07 7.864e-09
380 8.255e+06 7.864e-09
381 5.126e+06 7.864e-09
382 1.849e+06 7.864e-09
383 6.669e+05 7.864e-09
384 2.405e+05 7.864e-09
385 8.672e+04 7.864e-09
386 3.126e+04 7.864e-09
387 1.127e+04 7.864e-09
388 4.057e+03 7.864e-09
389 1.460e+03 7.864e-09
390 5.257e+02 7.864e-09
391 1.948e+02 7.864e-09
392 7.456e+01 7.864e-09
393 2.920e+01 7.864e-09
394 1.140e+01 7.864e-09
395 9.019e+00 7.864e-09
396 5.804e+04 7.864e-09
397 2.745e+04 7.864e-09
398 5.187e+10 7.864e-09
399 5.255e+10 7.864e-09
400 1.896e+10 7.864e-09
401 6.839e+09 7.864e-09
402 2.467e+09 7.864e-09
403 8.901e+08 7.864e-09
404 3.211e+08 7.864e-09
405 1.158e+08 7.864e-09
406 4.179e+07 7.864e-09
407 1.508e+07 7.864e-09
408 5.438e+06 7.864e-09
409 4.990e+06 7.864e-09
410 5.663e+06 7.864e-09
411 1.437e+07 7.864e-09
412 6.147e+07 7.864e-09
413 2.629e+07 7.864e-09
414 9.688e+06 7.864e-09
415 3.639e+06 7.864e-09
416 1.441e+06 7.864e-09
417 6.626e+06 7.864e-09
418 2.821e+06 7.864e-09
419 2.050e+06 7.864e-09
420 2.148e+09 7.864e-09
421 7.760e+08 7.864e-09
422 3.524e+08 7.864e-09
423 1.553e+08 7.864e-09
424 2.083e+08 7.864e-09
425 1.076e+08 7.864e-09
426 5.661e+07 7.864e-09
427 3.743e+08 7.864e-09
428 2.034e+10 7.864e-09
429 7.638e+09 7.864e-09
430 6.985e+14 7.864e-09
431 2.520e+14 7.864e-09
432 9.090e+13 7.864e-09
433 3.279e+13 7.864e-09
434 1.183e+13 7.864e-09
435 4.269e+12 7.864e-09
436 1.541e+12 7.864e-09
437 5.569e+11 7.864e-09
438 2.018e+11 7.864e-09
439 7.353e+10 7.864e-09
440 2.713e+10 7.864e-09
441 1.023e+10 7.864e-09
442 3.943e+09 7.864e-09
443 1.512e+09 7.864e-09
444 5.624e+08 7.864e-09
445 2.064e+08 7.864e-09
446 7.584e+07 7.864e-09
447 2.793e+07 7.864e-09
448 1.025e+07 7.864e-09
449 3.737e+06 7.864e-09
450 1.360e+06 7.864e-09
451 4.944e+05 7.864e-09
452 1.798e+05 7.864e-09
453 6.536e+04 7.864e-09
454 2.375e+04 7.864e-09
455 8.619e+03 7.864e-09
456 3.125e+03 7.864e-09
457 1.131e+03 7.864e-09
458 4.087e+02 7.864e-09
459 1.473e+02 7.864e-09
460 5.296e+01 7.864e-09
461 1.900e+01 7.864e-09
462 6.835e+00 7.864e-09
463 2.505e+00 7.864e-09
464 9.684e-01 7.864e-09
465 4.171e-01 7.864e-09
466 2.081e-01 7.864e-09
467 1.167e-01 7.864e-09
468 6.389e-02 7.864e-09
469 9.029e-02 7.864e-09
470 2.046e+00 7.864e-09
471 8.312e-01 7.864e-09
472 9.802e-01 7.864e-09
473 3.367e-01 7.864e-09
474 1.184e-01 7.864e-09
475 4.440e-02 7.864e-09
476 1.976e-02 7.864e-09
477 1.336e-02 7.864e-09
478 1.049e-02 7.864e-09
479 1.181e-01 7.864e-09
480 3.890e-02 7.864e-09
481 1.333e-02 7.864e-09
482 5.507e-03 7.864e-09
483 3.285e-03 7.864e-09
484 1.837e-03 7.864e-09
485 7.625e-04 7.864e-09
486 3.055e-04 7.864e-09
487 1.355e-04 7.864e-09
488 7.261e-05 7.864e-09
489 3.954e-05 7.864e-09
490 3.349e-05 7.864e-09
491 1.417e-05 7.864e-09
492 7.069e-06 7.864e-09
493 5.543e-06 7.864e-09
494 2.426e-06 7.864e-09
495 1.241e-06 7.864e-09
496 6.539e-07 7.864e-09
497 7.343e-07 7.864e-09
498 2.857e-07 7.864e-09
499 1.675e-07 7.864e-09
500 4.844e-07 7.864e-09
501 1.592e-07 7.864e-09
502 6.381e-08 7.864e-09
503 5.297e-08 7.864e-09
504 1.628e-04 7.864e-09
505 4.943e-05 7.864e-09
506 1.501e-05 7.864e-09
507 4.568e-06 7.864e-09
508 1.401e-06 7.864e-09
509 6.152e-07 7.864e-09
510 2.764e-07 7.864e-09
511 6.281e-06 7.864e-09
512 1.660e+05 7.864e-09
513 6.809e+04 7.864e-09
514 2.454e+04 7.864e-09
515 8.840e+03 7.864e-09
516 3.184e+03 7.864e-09
517 1.147e+03 7.864e-09
518 4.275e+02 7.864e-09
519 1.533e+02 7.864e-09
520 5.518e+01 7.864e-09
521 1.976e+01 7.864e-09
522 7.019e+00 7.864e-09
523 2.138e+01 7.864e-09
524 7.510e+00 7.864e-09
525 7.106e+00 7.864e-09
526 2.206e+01 7.864e-09
527 1.008e+01 7.864e-09
528 5.636e+00 7.864e-09
529 1.952e+00 7.864e-09
530 6.745e-01 7.864e-09
531 2.365e-01 7.864e-09
532 9.443e-02 7.864e-09
533 3.792e-02 7.864e-09
534 1.274e-01 7.864e-09
535 4.469e-02 7.864e-09
536 3.087e-01 7.864e-09
537 1.470e-01 7.864e-09
538 5.417e-02 7.864e-09
539 7.121e-02 7.864e-09
540 2.402e+03 7.864e-09
541 1.251e+03 7.864e-09
542 4.514e+02 7.864e-09
543 1.621e+02 7.864e-09
544 5.847e+01 7.864e-09
545 2.420e+01 7.864e-09
546 8.721e+00 7.864e-09
547 3.113e+00 7.864e-09
548 1.317e+00 7.864e-09
549 4.960e-01 7.864e-09
550 1.467e+02 7.864e-09
551 5.964e+01 7.864e-09
552 2.150e+01 7.864e-09
553 7.663e+00 7.864e-09
554 5.028e+00 7.864e-09
555 9.243e+03 7.864e-09
556 1.389e+07 7.864e-09
557 5.105e+06 7.864e-09
558 1.841e+06 7.864e-09
559 6.643e+05 7.864e-09
560 2.396e+05 7.864e-09
561 8.644e+04 7.864e-09
562 3.119e+04 7.864e-09
563 6.002e+05 7.864e-09
564 2.165e+05 7.864e-09
565 7.812e+04 7.864e-09
566 3.114e+04 7.864e-09
567 1.257e+04 7.864e-09
568 4.656e+03 7.864e-09
569 7.875e+03 7.864e-09
570 4.104e+03 7.864e-09
571 4.676e+03 7.864e-09
572 2.491e+03 7.864e-09
573 8.583e+07 7.864e-09
574 3.095e+07 7.864e-09
575 1.116e+07 7.864e-09
576 4.024e+06 7.864e-09
577 2.338e+06 7.864e-09
578 8.462e+05 7.864e-09
579 3.077e+05 7.864e-09
580 1.128e+05 7.864e-09
581 4.174e+04 7.864e-09
582 1.553e+04 7.864e-09
583 5.765e+03 7.864e-09
584 2.122e+03 7.864e-09
585 7.747e+02 7.864e-09
586 2.810e+02 7.864e-09
587 1.013e+02 7.864e-09
588 3.633e+01 7.864e-09
589 1.296e+01 7.864e-09
590 4.603e+00 7.864e-09
591 1.633e+00 7.864e-09
592 5.884e-01 7.864e-09
593 2.304e-01 7.864e-09
594 1.091e-01 7.864e-09
595 6.713e-02 7.864e-09
596 3.691e-02 7.864e-09
597 4.218e-02 7.864e-09
598 1.750e-02 7.864e-09
599 8.792e-03 7.864e-09
600 1.013e-02 7.864e-09
601 4.670e-03 7.864e-09
602 6.430e-03 7.864e-09
603 4.977e-03 7.864e-09
604 2.706e-03 7.864e-09
605 3.013e-03 7.864e-09
606 1.213e-02 7.864e-09
607 4.086e-03 7.864e-09
608 1.801e-03 7.864e-09
609 8.110e-04 7.864e-09
610 8.671e-04 7.864e-09
611 5.626e-04 7.864e-09
612 3.469e-04 7.864e-09
613 4.468e-01 7.864e-09
614 9.598e-01 7.864e-09
615 1.253e+00 7.864e-09
616 3.052e+00 7.864e-09
617 2.326e+00 7.864e-09
618 1.696e+00 7.864e-09
619 7.277e-01 7.864e-09
620 2.784e-01 7.864e-09
621 1.160e-01 7.864e-09
622 2.561e-01 7.864e-09
623 4.360e-01 7.864e-09
624 1.493e-01 7.864e-09
625 5.927e-02 7.864e-09
626 2.325e-02 7.864e-09
627 1.628e-02 7.864e-09
628 2.208e-02 7.864e-09
629 4.033e-01 7.864e-09
630 1.270e+01 7.864e-09
631 4.872e+01 7.864e-09
632 1.859e+01 7.864e-09
633 3.406e+01 7.864e-09
634 1.507e+01 7.864e-09
635 1.598e+01 7.864e-09
636 2.110e+03 7.864e-09
637 4.492e+03 7.864e-09
638 1.624e+03 7.864e-09
639 8.027e+02 7.864e-09
640 2.889e+02 7.864e-09
641 1.104e+02 7.864e-09
642 3.953e+01 7.864e-09
643 1.413e+01 7.864e-09
644 5.050e+00 7.864e-09
645 1.817e+00 7.864e-09
646 6.690e-01 7.864e-09
647 2.618e-01 7.864e-09
648 1.188e-01 7.864e-09
649 7.087e-02 7.864e-09
650 4.170e-02 7.864e-09
651 3.143e-02 7.864e-09
652 1.520e-02 7.864e-09
653 1.550e-02 7.864e-09
654 5.809e-03 7.864e-09
655 2.918e-03 7.864e-09
656 2.551e-03 7.864e-09
657 1.169e-03 7.864e-09
658 1.245e-03 7.864e-09
659 5.949e-04 7.864e-09
660 3.155e-03 7.864e-09
661 3.769e-03 7.864e-09
662 1.270e-03 7.864e-09
663 5.212e-04 7.864e-09
664 4.000e-04 7.864e-09
665 1.151e+02 7.864e-09
666 2.494e+04 7.864e-09
667 9.017e+03 7.864e-09
668 2.306e+04 7.864e-09
669 4.872e+07 7.864e-09
670 2.088e+07 7.864e-09
671 7.530e+06 7.864e-09
672 2.716e+06 7.864e-09
673 9.794e+05 7.864e-09
674 3.533e+05 7.864e-09
675 1.276e+05 7.864e-09
676 4.599e+04 7.864e-09
677 1.657e+04 7.864e-09
678 5.969e+03 7.864e-09
679 2.148e+03 7.864e-09
680 7.723e+02 7.864e-09
681 2.782e+02 7.864e-09
682 9.966e+01 7.864e-09
683 3.569e+01 7.864e-09
684 1.297e+01 7.864e-09
685 4.707e+00 7.864e-09
686 2.033e+00 7.864e-09
687 7.329e-01 7.864e-09
688 2.666e-01 7.864e-09
689 9.925e-02 7.864e-09
690 3.950e-02 7.864e-09
691 1.704e-02 7.864e-09
692 7.934e-03 7.864e-09
693 6.602e-03 7.864e-09
694 2.744e-03 7.864e-09
695 1.508e-03 7.864e-09
696 4.933e-03 7.864e-09
697 1.677e-03 7.864e-09
698 6.464e-04 7.864e-09
699 3.980e-04 7.864e-09
700 9.557e-04 7.864e-09
701 3.489e-04 7.864e-09
702 1.955e-04 7.864e-09
703 1.272e-03 7.864e-09
704 4.127e-04 7.864e-09
705 1.543e-04 7.864e-09
706 9.647e-05 7.864e-09
707 5.128e-02 7.864e-09
708 1.669e-02 7.864e-09
709 1.436e-02 7.864e-09
710 4.692e-03 7.864e-09
711 9.072e+01 7.864e-09
712 1.517e+03 7.864e-09
713 3.199e+06 7.864e-09
714 1.176e+06 7.864e-09
715 4.252e+05 7.864e-09
716 1.533e+05 7.864e-09
717 5.527e+04 7.864e-09
718 1.992e+04 7.864e-09
719 7.177e+03 7.864e-09
720 2.613e+03 7.864e-09
721 9.402e+02 7.864e-09
722 9.934e+03 7.864e-09
723 3.578e+03 7.864e-09
724 1.288e+03 7.864e-09
725 4.758e+02 7.864e-09
726 1.210e+03 7.864e-09
727 4.347e+02 7.864e-09
728 1.625e+02 7.864e-09
729 5.969e+01 7.864e-09
730 2.156e+01 7.864e-09
731 9.445e+00 7.864e-09
732 1.329e+01 7.864e-09
733 1.028e+01 7.864e-09
734 1.367e+01 7.864e-09
735 7.284e+00 7.864e-09
736 2.853e+00 7.864e-09
737 1.133e+00 7.864e-09
738 5.053e-01 7.864e-09
739 2.076e-01 7.864e-09
740 8.272e-02 7.864e-09
741 4.479e-02 7.864e-09
742 2.874e-02 7.864e-09
743 1.826e-02 7.864e-09
744 1.259e-02 7.864e-09
745 7.865e-03 7.864e-09
746 7.021e-03 7.864e-09
747 2.171e-01 7.864e-09
748 5.688e+00 7.864e-09
749 2.078e+00 7.864e-09
750 7.127e-01 7.864e-09
751 2.419e-01 7.864e-09
752 8.312e-02 7.864e-09
753 3.080e-02 7.864e-09
754 1.508e-02 7.864e-09
755 1.148e-02 7.864e-09
756 5.288e-03 7.864e-09
757 2.545e-03 7.864e-09
758 1.977e-03 7.864e-09
759 8.943e-04 7.864e-09
760 5.727e-04 7.864e-09
761 3.776e-04 7.864e-09
762 3.845e-04 7.864e-09
763 1.723e-04 7.864e-09
764 1.633e-04 7.864e-09
765 3.595e-03 7.864e-09
766 1.126e-03 7.864e-09
767 3.620e-04 7.864e-09
768 1.294e-04 7.864e-09
769 6.607e-05 7.864e-09
770 1.081e-04 7.864e-09
771 4.350e-05 7.864e-09
772 3.716e-05 7.864e-09
773 1.718e-03 7.864e-09
774 5.296e-04 7.864e-09
775 1.662e-04 7.864e-09
776 5.557e-05 7.864e-09
777 2.335e-05 7.864e-09
778 2.440e-05 7.864e-09
779 1.584e-05 7.864e-09
780 1.097e-04 7.864e-09
781 3.506e-05 7.864e-09
782 1.281e-05 7.864e-09
783 8.105e-06 7.864e-09
784 1.608e-03 7.864e-09
785 4.921e-04 7.864e-09
786 1.507e-04 7.864e-09
787 4.677e-05 7.864e-09
788 1.639e-05 7.864e-09
789 6.053e-06 7.864e-09
790 2.312e-05 7.864e-09
791 1.165e-05 7.864e-09
792 9.791e-04 7.864e-09
793 3.041e-04 7.864e-09
794 9.873e-05 7.864e-09
795 3.777e-05 7.864e-09
796 2.981e-05 7.864e-09
797 3.995e-05 7.864e-09
798 2.215e-05 7.864e-09
799 3.820e-05 7.864e-09
800 1.475e-05 7.864e-09
801 9.242e-06 7.864e-09
802 8.195e-06 7.864e-09
803 3.933e-06 7.864e-09
804 6.010e-06 7.864e-09
805 9.328e-05 7.864e-09
806 2.881e-05 7.864e-09
807 1.280e-03 7.864e-09
808 4.328e-04 7.864e-09
809 1.348e-04 7.864e-09
810 4.328e-05 7.864e-09
811 1.521e-05 7.864e-09
812 6.954e-06 7.864e-09
813 3.188e-06 7.864e-09
814 1.632e-06 7.864e-09
815 9.916e-07 7.864e-09
816 7.045e-07 7.864e-09
817 5.919e-07 7.864e-09
818 8.303e-07 7.864e-09
819 2.156e-06 7.864e-09
820 7.772e-07 7.864e-09
821 4.344e-07 7.864e-09
822 3.443e-06 7.864e-09
823 1.107e-06 7.864e-09
824 4.127e-07 7.864e-09
825 2.908e-07 7.864e-09
826 2.489e-06 7.864e-09
827 8.136e-07 7.864e-09
828 3.188e-07 7.864e-09
829 2.344e-07 7.864e-09
830 2.957e+00 7.864e-09
831 1.862e+00 7.864e-09
832 7.738e-01 7.864e-09
833 2.700e-01 7.864e-09
834 9.287e-02 7.864e-09
835 3.311e-02 7.864e-09
836 5.334e-02 7.864e-09
837 2.181e-02 7.864e-09
838 7.820e-03 7.864e-09
839 3.096e-03 7.864e-09
840 1.472e-03 7.864e-09
841 1.489e-03 7.864e-09
842 5.780e-04 7.864e-09
843 5.589e-04 7.864e-09
844 1.475e-02 7.864e-09
845 4.624e-03 7.864e-09
846 1.440e-03 7.864e-09
847 4.564e-04 7.864e-09
848 1.968e-04 7.864e-09
849 9.941e-05 7.864e-09
850 3.559e-05 7.864e-09
851 1.530e-05 7.864e-09
852 6.058e-06 7.864e-09
853 2.558e-06 7.864e-09
854 1.170e-06 7.864e-09
855 6.121e-07 7.864e-09
856 4.364e-07 7.864e-09
857 2.179e-07 7.864e-09
858 2.330e-07 7.864e-09
859 1.370e-07 7.864e-09
860 1.697e-07 7.864e-09
861 8.705e-08 7.864e-09
862 8.033e-07 7.864e-09
863 2.547e-07 7.864e-09
864 9.061e-08 7.864e-09
865 1.593e-02 7.864e-09
866 2.860e+02 7.864e-09
867 6.368e+02 7.864e-09
868 2.293e+02 7.864e-09
869 8.242e+01 7.864e-09
870 2.967e+01 7.864e-09
871 1.114e+01 7.864e-09
872 3.977e+00 7.864e-09
873 2.334e+01 7.864e-09
874 1.618e+02 7.864e-09
875 2.773e+02 7.864e-09
876 3.437e+03 7.864e-09
877 1.359e+03 7.864e-09
878 4.877e+02 7.864e-09
879 1.931e+02 7.864e-09
880 6.925e+01 7.864e-09
881 1.868e+05 7.864e-09
882 7.833e+05 7.864e-09
883 2.872e+05 7.864e-09
884 1.196e+05 7.864e-09
885 4.314e+04 7.864e-09
886 1.556e+04 7.864e-09
887 5.607e+03 7.864e-09
888 2.020e+03 7.864e-09
889 7.278e+02 7.864e-09
890 2.619e+02 7.864e-09
891 9.409e+01 7.864e-09
892 3.373e+01 7.864e-09
893 1.204e+01 7.864e-09
894 4.278e+00 7.864e-09
895 1.525e+00 7.864e-09
896 3.342e+01 7.864e-09
897 5.733e+01 7.864e-09
898 2.223e+01 7.864e-09
899 9.232e+00 7.864e-09
900 3.237e+00 7.864e-09
901 1.134e+00 7.864e-09
902 4.032e-01 7.864e-09
903 1.514e-01 7.864e-09
904 6.714e-02 7.864e-09
905 9.670e-02 7.864e-09
906 4.016e-02 7.864e-09
907 1.673e-02 7.864e-09
908 9.378e-03 7.864e-09
909 6.330e-03 7.864e-09
910 3.805e-03 7.864e-09
911 6.421e-03 7.864e-09
912 2.568e-03 7.864e-09
913 2.878e-03 7.864e-09
914 5.604e-01 7.864e-09
915 3.987e-01 7.864e-09
916 1.540e-01 7.864e-09
917 5.118e-02 7.864e-09
918 1.733e-02 7.864e-09
919 6.319e-03 7.864e-09
920 2.755e-03 7.864e-09
921 1.386e-03 7.864e-09
922 7.840e-04 7.864e-09
923 8.779e-04 7.864e-09
924 3.434e-04 7.864e-09
925 2.022e-04 7.864e-09
926 3.336e-04 7.864e-09
927 1.258e-04 7.864e-09
928 8.760e-05 7.864e-09
929 3.138e-04 7.864e-09
930 1.017e-03 7.864e-09
931 3.344e-04 7.864e-09
932 1.317e-04 7.864e-09
933 9.197e-05 7.864e-09
934 3.307e-02 7.864e-09
935 1.052e-02 7.864e-09
936 3.336e-03 7.864e-09
937 2.292e-03 7.864e-09
938 7.304e-04 7.864e-09
939 2.501e-04 7.864e-09
940 1.069e-04 7.864e-09
941 7.455e-05 7.864e-09
942 9.427e-05 7.864e-09
943 4.600e-05 7.864e-09
944 8.787e-05 7.864e-09
945 3.767e-05 7.864e-09
946 7.270e-04 7.864e-09
947 2.279e-04 7.864e-09
948 7.728e-05 7.864e-09
949 3.196e-05 7.864e-09
950 4.199e-05 7.864e-09
951 1.948e-05 7.864e-09
952 6.183e-02 7.864e-09
953 2.085e-02 7.864e-09
954 7.787e+00 7.864e-09
955 3.908e+00 7.864e-09
956 1.389e+00 7.864e-09
957 1.711e+01 7.864e-09
958 9.621e+00 7.864e-09
959 3.561e+00 7.864e-09
960 5.928e+01 7.864e-09
961 3.096e+02 7.864e-09
962 2.223e+02 7.864e-09
963 9.106e+01 7.864e-09
964 4.179e+01 7.864e-09
965 1.488e+01 7.864e-09
966 5.273e+00 7.864e-09
967 1.861e+00 7.864e-09
968 6.572e-01 7.864e-09
969 2.595e-01 7.864e-09
970 1.012e-01 7.864e-09
971 5.204e-02 7.864e-09
972 2.920e+02 7.864e-09
973 3.437e+04 7.864e-09
974 1.760e+05 7.864e-09
975 6.351e+04 7.864e-09
976 2.290e+04 7.864e-09
977 8.503e+03 7.864e-09
978 3.102e+03 7.864e-09
979 1.118e+03 7.864e-09
980 4.025e+02 7.864e-09
981 1.448e+02 7.864e-09
982 5.201e+01 7.864e-09
983 1.870e+01 7.864e-09
984 6.679e+00 7.864e-09
985 2.380e+00 7.864e-09
986 8.501e-01 7.864e-09
987 3.052e-01 7.864e-09
988 1.139e-01 7.864e-09
989 5.041e-02 7.864e-09
990 4.010e-02 7.864e-09
991 7.356e-02 7.864e-09
992 2.387e+05 7.864e-09
993 4.640e+05 7.864e-09
994 1.677e+05 7.864e-09
995 6.051e+04 7.864e-09
996 2.182e+04 7.864e-09
997 7.867e+03 7.864e-09
998 3.103e+03 7.864e-09
999 1.118e+03 7.864e-09
1000 4.021e+02 7.864e-09
1001 1.445e+02 7.864e-09
1002 5.187e+01 7.864e-09
1003 1.864e+01 7.864e-09
1004 6.766e+00 7.864e-09
1005 2.510e+00 7.864e-09
1006 4.636e+00 7.864e-09
1007 2.856e+01 7.864e-09
1008 4.049e+01 7.864e-09
1009 1.551e+06 7.864e-09
1010 1.843e+06 7.864e-09
1011 6.648e+05 7.864e-09
1012 2.398e+05 7.864e-09
1013 8.715e+04 7.864e-09
1014 3.167e+04 7.864e-09
1015 1.143e+04 7.864e-09
1016 4.190e+03 7.864e-09
1017 1.931e+03 7.864e-09
1018 6.585e+03 7.864e-09
1019 2.495e+03 7.864e-09
1020 3.459e+03 7.864e-09
1021 9.751e+03 7.864e-09
1022 4.666e+03 7.864e-09
1023 1.632e+06 7.864e-09
1024 5.735e+06 7.864e-09
1025 2.076e+06 7.864e-09
1026 8.906e+05 7.864e-09
1027 1.511e+07 7.864e-09
1028 6.243e+06 7.864e-09
1029 3.620e+06 7.864e-09
1030 1.554e+06 7.864e-09
1031 1.070e+06 7.864e-09
1032 4.189e+06 7.864e-09
1033 3.520e+07 7.864e-09
1034 1.456e+10 7.864e-09
1035 5.783e+09 7.864e-09
1036 2.093e+09 7.864e-09
1037 7.711e+08 7.864e-09
1038 1.123e+09 7.864e-09
1039 9.336e+08 7.864e-09
1040 1.995e+14 7.864e-09
1041 7.198e+13 7.864e-09
1042 2.597e+13 7.864e-09
1043 9.368e+12 7.864e-09
1044 3.379e+12 7.864e-09
1045 1.218e+12 7.864e-09
1046 4.391e+11 7.864e-09
1047 1.568e+11 7.864e-09
1048 5.605e+10 7.864e-09
1049 2.040e+10 7.864e-09
1050 7.508e+09 7.864e-09
1051 2.801e+09 7.864e-09
1052 1.050e+09 7.864e-09
1053 3.902e+08 7.864e-09
1054 1.439e+08 7.864e-09
1055 5.291e+07 7.864e-09
1056 1.942e+07 7.864e-09
1057 7.108e+06 7.864e-09
1058 2.591e+06 7.864e-09
1059 9.412e+05 7.864e-09
1060 3.410e+05 7.864e-09
1061 1.233e+05 7.864e-09
1062 4.455e+04 7.864e-09
1063 1.608e+04 7.864e-09
1064 5.799e+03 7.864e-09
1065 2.089e+03 7.864e-09
1066 7.519e+02 7.864e-09
1067 2.702e+02 7.864e-09
1068 9.683e+01 7.864e-09
1069 3.460e+01 7.864e-09
1070 1.233e+01 7.864e-09
1071 4.398e+00 7.864e-09
1072 1.590e+00 7.864e-09
1073 6.023e-01 7.864e-09
1074 2.500e-01 7.864e-09
1075 1.424e-01 7.864e-09
1076 9.577e-02 7.864e-09
1077 1.998e-01 7.864e-09
1078 7.046e-02 7.864e-09
1079 2.906e-02 7.864e-09
1080 1.769e-02 7.864e-09
1081 1.697e-02 7.864e-09
1082 7.365e-03 7.864e-09
1083 4.767e-03 7.864e-09
1084 1.598e-02 7.864e-09
1085 5.044e-03 7.864e-09
1086 1.633e-03 7.864e-09
1087 5.723e-04 7.864e-09
1088 2.570e-04 7.864e-09
1089 1.182e-04 7.864e-09
1090 8.372e-05 7.864e-09
1091 4.621e-05 7.864e-09
1092 3.555e-05 7.864e-09
1093 1.571e-05 7.864e-09
1094 7.574e-06 7.864e-09
1095 4.013e-06 7.864e-09
1096 5.331e-06 7.864e-09
1097 2.107e-06 7.864e-09
1098 1.570e-06 7.864e-09
1099 1.067e-03 7.864e-09
1100 3.278e-04 7.864e-09
1101 1.560e-04 7.864e-09
1102 4.864e-05 7.864e-09
1103 1.569e-05 7.864e-09
1104 5.545e-06 7.864e-09
1105 2.561e-06 7.864e-09
1106 2.557e-06 7.864e-09
1107 1.431e-06 7.864e-09
1108 1.431e-05 7.864e-09
1109 4.518e-06 7.864e-09
1110 1.578e-06 7.864e-09
1111 8.556e-07 7.864e-09
1112 4.980e-05 7.864e-09
1113 1.533e-05 7.864e-09
1114 4.861e-06 7.864e-09
1115 1.660e-06 7.864e-09
1116 7.388e-07 7.864e-09
1117 1.846e-06 7.864e-09
1118 7.727e-07 7.864e-09
1119 1.372e-06 7.864e-09
1120 6.497e-07 7.864e-09
1121 9.551e-02 7.864e-09
1122 6.625e-02 7.864e-09
1123 2.993e-02 7.864e-09
1124 9.580e-03 7.864e-09
1125 3.166e-03 7.864e-09
1126 1.109e-03 7.864e-09
1127 4.096e-04 7.864e-09
1128 1.533e-04 7.864e-09
1129 5.726e-05 7.864e-09
1130 2.204e-05 7.864e-09
1131 9.109e-06 7.864e-09
1132 4.065e-06 7.864e-09
1133 3.334e-06 7.864e-09
1134 1.455e-06 7.864e-09
1135 5.896e-07 7.864e-09
1136 2.708e-07 7.864e-09
1137 1.316e-07 7.864e-09
1138 1.311e-07 7.864e-09
1139 5.029e-08 7.864e-09
1140 2.662e-08 7.864e-09
1141 2.386e-07 7.864e-09
1142 7.439e-08 7.864e-09
1143 2.472e-08 7.864e-09
1144 1.022e-08 7.864e-09
1145 9.410e-09 7.864e-09
1146 6.871e-09 6.871e-09
1147 1.067e-08 6.871e-09
1148 4.906e-09 4.906e-09
1149 9.929e-09 4.906e-09
1150 3.283e-08 4.906e-09
1151 1.075e-04 4.906e-09
1152 3.259e-05 4.906e-09
1153 9.887e-06 4.906e-09
1154 3.011e-06 4.906e-09
1155 9.285e-07 4.906e-09
1156 2.977e-07 4.906e-09
1157 3.392e-07 4.906e-09
1158 1.205e-07 4.906e-09
1159 5.427e-08 4.906e-09
1160 3.240e-08 4.906e-09
1161 2.040e-08 4.906e-09
1162 1.475e-01 4.906e-09
1163 4.808e-02 4.906e-09
1164 1.603e-02 4.906e-09
1165 5.040e-03 4.906e-09
1166 1.572e-03 4.906e-09
1167 4.949e-04 4.906e-09
1168 1.616e-04 4.906e-09
1169 5.744e-05 4.906e-09
1170 2.338e-05 4.906e-09
1171 1.001e-05 4.906e-09
1172 4.130e-06 4.906e-09
1173 1.717e-06 4.906e-09
1174 7.855e-07 4.906e-09
1175 3.441e-07 4.906e-09
1176 2.141e-07 4.906e-09
1177 8.965e-08 4.906e-09
1178 4.791e-08 4.906e-09
1179 1.192e-06 4.906e-09
1180 3.659e-07 4.906e-09
1181 1.161e-07 4.906e-09
1182 4.125e-08 4.906e-09
1183 2.352e-08 4.906e-09
1184 4.064e-08 4.906e-09
1185 1.467e-08 4.906e-09
1186 8.115e-09 4.906e-09
1187 1.035e-08 4.906e-09
1188 4.650e-09 4.650e-09
1189 8.617e-09 4.650e-09
1190 3.531e-09 3.531e-09
1191 7.605e-07 3.531e-09
1192 2.309e-07 3.531e-09
1193 7.061e-08 3.531e-09
1194 2.207e-08 3.531e-09
1195 7.423e-09 3.531e-09
1196 3.267e-09 3.267e-09
1197 3.888e-09 3.267e-09
1198 1.779e-09 1.779e-09
1199 2.583e-09 1.779e-09
1200 1.078e-09 1.078e-09
1201 6.857e-09 1.078e-09
1202 5.133e-09 1.078e-09
1203 1.584e-09 1.078e-09
1204 5.169e-10 5.169e-10
1205 4.557e-08 5.169e-10
1206 1.380e-08 5.169e-10
1207 4.189e-09 5.169e-10
1208 1.273e-09 5.169e-10
1209 3.579e-10 3.579e-10
1210 1.327e-09 3.579e-10
1211 2.260e-09 3.579e-10
1212 2.102e-09 3.579e-10
1213 2.641e-03 3.579e-10
1214 8.116e-04 3.579e-10
1215 2.477e-04 3.579e-10
1216 7.577e-05 3.579e-10
1217 2.353e-05 3.579e-10
1218 7.262e-06 3.579e-10
1219 2.277e-06 3.579e-10
1220 7.394e-07 3.579e-10
1221 2.583e-07 3.579e-10
1222 1.028e-07 3.579e-10
1223 4.703e-08 3.579e-10
1224 3.540e-08 3.579e-10
1225 8.876e-08 3.579e-10
1226 2.794e-08 3.579e-10
1227 9.301e-09 3.579e-10
1228 3.537e-09 3.579e-10
1229 1.663e-09 3.579e-10
1230 2.758e-09 3.579e-10
1231 3.447e-09 3.579e-10
1232 1.719e-08 3.579e-10
1233 5.217e-09 3.579e-10
1234 1.600e-09 3.579e-10
1235 5.047e-10 3.579e-10
1236 1.760e-10 1.760e-10
1237 9.458e-11 9.458e-11
1238 1.649e-09 9.458e-11
1239 4.993e-10 9.458e-11
1240 1.473e-10 9.458e-11
1241 2.746e-11 2.746e-11
1242 1.417e-09 2.746e-11
1243 3.894e-10 2.746e-11
1244 2.303e-10 2.746e-11
1245 4.619e-09 2.746e-11
1246 1.382e-09 2.746e-11
1247 3.809e-10 2.746e-11
1248 2.386e-10 2.746e-11
1249 1.602e-08 2.746e-11
1250 4.782e-09 2.746e-11
1251 1.405e-09 2.746e-11
1252 2.056e-10 2.746e-11
1253 8.342e-09 2.746e-11
1254 1.057e-08 2.746e-11
1255 3.184e-09 2.746e-11
1256 9.095e-10 2.746e-11
1257 1.513e-10 2.746e-11
1258 4.609e-08 2.746e-11
1259 1.394e-08 2.746e-11
1260 4.214e-09 2.746e-11
1261 1.261e-09 2.746e-11
1262 3.141e-10 2.746e-11
1263 1.234e-09 2.746e-11
1264 3.465e-07 2.746e-11
1265 1.048e-07 2.746e-11
1266 3.171e-08 2.746e-11
1267 9.591e-09 2.746e-11
1268 2.900e-09 2.746e-11
1269 8.747e-10 2.746e-11
1270 2.555e-10 2.746e-11
1271 3.329e-11 2.746e-11
1272 3.207e-10 2.746e-11
1273 2.565e-10 2.746e-11
1274 6.703e-10 2.746e-11
1275 3.007e-10 2.746e-11
1276 5.440e-10 2.746e-11
1277 8.210e-09 2.746e-11
1278 1.007e-07 2.746e-11
1279 3.045e-08 2.746e-11
1280 9.208e-09 2.746e-11
1281 2.776e-09 2.746e-11
1282 8.136e-10 2.746e-11
1283 2.346e-10 2.746e-11
1284 2.185e-11 2.185e-11
1285 3.524e-10 2.185e-11
1286 3.901e-11 2.185e-11
1287 7.776e-10 2.185e-11
1288 1.699e-10 2.185e-11
1289 3.692e-10 2.185e-11
1290 3.731e-09 2.185e-11
1291 1.122e-09 2.185e-11
1292 3.320e-10 2.185e-11
1293 5.979e-11 2.185e-11
1294 1.732e-08 2.185e-11
1295 5.225e-09 2.185e-11
1296 1.829e-09 2.185e-11
1297 5.421e-10 2.185e-11
1298 9.526e-11 2.185e-11
1299 6.345e-11 2.185e-11
1300 5.196e-10 2.185e-11
1301 1.561e-10 2.185e-11
1302 4.096e-11 2.185e-11
1303 2.090e-10 2.185e-11
1304 6.800e-12 6.800e-12
1305 3.073e-12 3.073e-12
1306 5.085e-11 3.073e-12
1307 3.239e-10 3.073e-12
1308 6.623e-10 3.073e-12
1309 4.208e-09 3.073e-12
1310 1.240e-09 3.073e-12
1311 3.171e-10 3.073e-12
1312 4.286e-09 3.073e-12
1313 1.297e-09 3.073e-12
1314 4.103e-10 3.073e-12
1315 2.607e-10 3.073e-12
1316 1.464e-10 3.073e-12
1317 3.750e-09 3.073e-12
1318 1.133e-09 3.073e-12
1319 3.431e-10 3.073e-12
1320 1.040e-10 3.073e-12
1321 3.160e-11 3.073e-12
1322 9.260e-12 3.073e-12
1323 9.422e-12 3.073e-12
1324 5.612e-11 3.073e-12
1325 2.804e-12 2.804e-12
1326 2.786e-10 2.804e-12
1327 1.017e-11 2.804e-12
1328 4.408e-10 2.804e-12
1329 4.961e-11 2.804e-12
1330 6.975e-10 2.804e-12
1331 9.133e-11 2.804e-12
1332 6.542e-12 2.804e-12
1333 6.451e-08 2.804e-12
1334 1.932e-08 2.804e-12
1335 2.062e-07 2.804e-12
1336 6.229e-08 2.804e-12
1337 1.862e-08 2.804e-12
1338 5.866e-09 2.804e-12
1339 1.751e-09 2.804e-12
1340 4.650e-10 2.804e-12
1341 1.737e-10 2.804e-12
1342 4.384e-10 2.804e-12
1343 2.133e-10 2.804e-12
1344 2.812e-09 2.804e-12
1345 8.287e-10 2.804e-12
1346 2.484e-10 2.804e-12
1347 4.618e-12 2.804e-12
1348 2.299e-13 2.299e-13
1 (precision) 1.203e-10 2.299e-13 (from 2.299e-13)
2 (precision) 2.705e-10 2.299e-13 (from 2.299e-13)
3 (precision) 1.182e-09 2.299e-13 (from 2.299e-13)
4 (precision) 3.258e-10 2.299e-13 (from 2.299e-13)
5 (precision) 8.952e-11 2.299e-13 (from 2.299e-13)
6 (precision) 2.416e-11 2.299e-13 (from 2.299e-13)
7 (precision) 6.405e-12 2.299e-13 (from 2.299e-13)
8 (precision) 2.075e-11 2.299e-13 (from 2.299e-13)
9 (precision) 5.721e-12 2.299e-13 (from 2.299e-13)
10 (precision) 2.187e-11 2.299e-13 (from 2.299e-13)
11 (precision) 4.205e-11 2.299e-13 (from 2.299e-13)
12 (precision) 1.099e-11 2.299e-13 (from 2.299e-13)
13 (precision) 3.520e-12 2.299e-13 (from 2.299e-13)
14 (precision) 6.523e-11 2.299e-13 (from 2.299e-13)
15 (precision) 1.798e-11 2.299e-13 (from 2.299e-13)
16 (precision) 4.957e-12 2.299e-13 (from 2.299e-13)
17 (precision) 1.367e-12 2.299e-13 (from 2.299e-13)
18 (precision) 3.803e-13 2.299e-13 (from 2.299e-13)
19 (precision) 1.024e-13 1.024e-13 (from 2.299e-13)
20 (precision) 3.084e-14 3.084e-14 (from 2.299e-13)
21 (precision) 1.149e-14 1.149e-14 (from 2.299e-13)
22 (precision) 7.088e-16 7.088e-16 (from 2.299e-13)
23 (precision) 9.779e-15 7.088e-16 (from 2.299e-13)
24 (precision) 3.733e-14 7.088e-16 (from 2.299e-13)
25 (precision) 1.317e-14 7.088e-16 (from 2.299e-13)
26 (precision) 4.346e-15 7.088e-16 (from 2.299e-13)
27 (precision) 1.929e-14 7.088e-16 (from 2.299e-13)
28 (precision) 6.481e-15 7.088e-16 (from 2.299e-13)
29 (precision) 7.930e-15 7.088e-16 (from 2.299e-13)
30 (precision) 8.328e-15 7.088e-16 (from 2.299e-13)
31 (precision) 4.319e-09 7.088e-16 (from 2.299e-13)
32 (precision) 1.198e-09 7.088e-16 (from 2.299e-13)
33 (precision) 3.369e-10 7.088e-16 (from 2.299e-13)
34 (precision) 9.882e-11 7.088e-16 (from 2.299e-13)
35 (precision) 3.248e-11 7.088e-16 (from 2.299e-13)
36 (precision) 2.327e-11 7.088e-16 (from 2.299e-13)
37 (precision) 9.763e-12 7.088e-16 (from 2.299e-13)
38 (precision) 4.212e-12 7.088e-16 (from 2.299e-13)
39 (precision) 3.247e-12 7.088e-16 (from 2.299e-13)
40 (precision) 4.587e-12 7.088e-16 (from 2.299e-13)
41 (precision) 1.485e-12 7.088e-16 (from 2.299e-13)
42 (precision) 6.114e-13 7.088e-16 (from 2.299e-13)
43 (precision) 3.555e-13 7.088e-16 (from 2.299e-13)
44 (precision) 1.967e-13 7.088e-16 (from 2.299e-13)
45 (precision) 8.788e-12 7.088e-16 (from 2.299e-13)
46 (precision) 2.438e-12 7.088e-16 (from 2.299e-13)
47 (precision) 6.881e-13 7.088e-16 (from 2.299e-13)
48 (precision) 1.922e-13 7.088e-16 (from 2.299e-13)
49 (precision) 6.381e-14 7.088e-16 (from 2.299e-13)
50 (precision) 4.498e-14 7.088e-16 (from 2.299e-13)
51 (precision) 2.239e-14 7.088e-16 (from 2.299e-13)
52 (precision) 2.302e-14 7.088e-16 (from 2.299e-13)
53 (precision) 1.356e-13 7.088e-16 (from 2.299e-13)
54 (precision) 1.067e-13 7.088e-16 (from 2.299e-13)
55 (precision) 3.231e-14 7.088e-16 (from 2.299e-13)
56 (precision) 1.505e-14 7.088e-16 (from 2.299e-13)
57 (precision) 3.200e-15 7.088e-16 (from 2.299e-13)
58 (precision) 7.927e-15 7.088e-16 (from 2.299e-13)
59 (precision) 4.341e-15 7.088e-16 (from 2.299e-13)
60 (precision) 8.673e-13 7.088e-16 (from 2.299e-13)
61 (precision) 2.395e-13 7.088e-16 (from 2.299e-13)
62 (precision) 7.309e-14 7.088e-16 (from 2.299e-13)
63 (precision) 2.950e-14 7.088e-16 (from 2.299e-13)
64 (precision) 1.122e-14 7.088e-16 (from 2.299e-13)
65 (precision) 1.715e-14 7.088e-16 (from 2.299e-13)
66 (precision) 2.844e-16 2.844e-16 (from 2.299e-13)
67 (precision) 1.307e-14 2.844e-16 (from 2.299e-13)
68 (precision) 2.652e-15 2.844e-16 (from 2.299e-13)
69 (precision) 8.288e-15 2.844e-16 (from 2.299e-13)
70 (precision) 4.342e-15 2.844e-16 (from 2.299e-13)
71 (precision) 2.059e-15 2.844e-16 (from 2.299e-13)
72 (precision) 1.609e-15 2.844e-16 (from 2.299e-13)
73 (precision) 3.920e-15 2.844e-16 (from 2.299e-13)
74 (precision) 6.122e-15 2.844e-16 (from 2.299e-13)
75 (precision) 1.761e-14 2.844e-16 (from 2.299e-13)
76 (precision) 6.181e-15 2.844e-16 (from 2.299e-13)
77 (precision) 9.587e-15 2.844e-16 (from 2.299e-13)
78 (precision) 3.272e-15 2.844e-16 (from 2.299e-13)
79 (precision) 3.734e-15 2.844e-16 (from 2.299e-13)
80 (precision) 2.033e-15 2.844e-16 (from 2.299e-13)
81 (precision) 3.920e-15 2.844e-16 (from 2.299e-13)
82 (precision) 1.043e-14 2.844e-16 (from 2.299e-13)
83 (precision) 1.492e-15 2.844e-16 (from 2.299e-13)
84 (precision) 6.120e-15 2.844e-16 (from 2.299e-13)
85 (precision) 1.685e-14 2.844e-16 (from 2.299e-13)
86 (precision) 1.874e-16 1.874e-16 (from 2.299e-13)
87 (precision) 2.881e-15 1.874e-16 (from 2.299e-13)
88 (precision) 3.801e-15 1.874e-16 (from 2.299e-13)
89 (precision) 1.583e-15 1.874e-16 (from 2.299e-13)
90 (precision) 5.443e-15 1.874e-16 (from 2.299e-13)
91 (precision) 1.360e-17 1.360e-17 (from 2.299e-13)
92 (precision) 2.647e-15 1.360e-17 (from 2.299e-13)
93 (precision) 2.474e-14 1.360e-17 (from 2.299e-13)
94 (precision) 7.714e-16 1.360e-17 (from 2.299e-13)
95 (precision) 1.804e-14 1.360e-17 (from 2.299e-13)
96 (precision) 7.603e-16 1.360e-17 (from 2.299e-13)
97 (precision) 2.349e-15 1.360e-17 (from 2.299e-13)
98 (precision) 5.776e-15 1.360e-17 (from 2.299e-13)
99 (precision) 3.253e-14 1.360e-17 (from 2.299e-13)
100 (precision) 7.870e-15 1.360e-17 (from 2.299e-13)

x: -3.678e-02 -2.768e-01  2.317e-01 -4.061e-01  7.966e-02 -4.039e-01 -2.775e-01 -2.743e-01  2.400e-01  3.074e-01  3.960e-01  2.742e-01  2.662e-01 -4.061e-01 -3.985e-01 -3.390e-01 -2.372e-01 -2.039e-01 -4.011e-01 -2.099e-01 -1.501e-01  3.386e-01  3.256e-01  4.340e-02 -5.482e-02  1.315e-01  1.486e-01  2.643e-01  4.045e-01 -3.990e-01  2.958e-02  1.910e-02  3.643e-01 -1.617e-01  1.675e-01  4.066e-01 -3.001e-01  3.361e-01 -4.172e-02 -4.004e-01 -5.919e-02  2.995e-01 -3.023e-01  3.303e-01 -2.686e-01 -9.914e-02 -3.024e-01 -3.095e-01 -4.202e-02 -8.851e-02 -2.274e-01  3.323e-01  3.537e-01  7.611e-02 -3.501e-01 -3.797e-01  2.280e-01 -2.463e-01  4.059e-01  4.046e-01  3.865e-01 -3.802e-01  3.111e-01  5.500e-02 -8.651e-02  4.072e-01 -4.078e-01 -1.843e-01  3.749e-01  3.723e-01  2.547e-01 -3.191e-01  4.074e-01 -2.604e-02 -3.526e-01 -2.058e-01  3.941e-01 -1.067e-01  3.850e-01 -1.358e-01 -3.436e-01  2.204e-01  3.898e-01 -1.213e-01  2.282e-01  3.385e-01 -2.152e-01 -3.469e-01 -4.562e-03  4.082e-01  2.830e-01 -2.942e-01  3.104e-01  2.652e-01  3.708e-01 -1.708e-01  2.921e-02 -4.072e-01 -1.153e-01 -3.916e-01 -2.876e-01 -2.898e-01  3.717e-01 -1.689e-01  3.809e-01 -1.468e-01 -7.616e-20

grad:  5.343e-28 -3.860e-27 -6.518e-27  4.734e-27  3.458e-27  3.325e-27 -1.566e-27  4.391e-27 -6.226e-27 -2.851e-27 -1.465e-26 -5.066e-27 -6.158e-27 -4.384e-27  6.934e-27  6.444e-27  3.079e-27  3.293e-27 -5.473e-28 -4.813e-27  2.040e-27  3.126e-27  9.952e-28  3.272e-27 -1.016e-27 -6.583e-27 -4.110e-27 -5.193e-27  3.569e-27  8.704e-27 -2.614e-27  2.031e-27 -3.578e-27 -2.309e-28  9.729e-28 -3.549e-27  6.783e-28 -1.023e-26  2.429e-27 -4.317e-28  2.361e-27 -4.800e-27  5.098e-27 -4.943e-27 -1.962e-27 -6.058e-28  8.595e-27  1.443e-27  2.457e-27 -1.928e-27  3.357e-27 -3.262e-27 -7.664e-28 -1.728e-27 -1.846e-27  6.474e-27 -1.075e-27  2.209e-27 -1.752e-27 -2.582e-27 -6.761e-27  5.432e-27 -9.710e-28  3.037e-27  2.224e-27 -2.597e-28  1.829e-27  2.656e-27 -1.824e-27 -1.974e-27 -2.784e-27 -3.313e-27  9.730e-28  2.102e-27  2.507e-27  7.830e-28  1.325e-27 -1.752e-27  4.767e-29 -3.756e-27  3.899e-27 -5.559e-27  9.345e-28  1.984e-27  3.521e-28  2.189e-27 -1.948e-27  9.382e-28  1.652e-28  8.431e-28 -5.462e-28 -3.301e-27  6.695e-27  3.094e-27 -3.888e-28  9.487e-29  1.355e-27  3.408e-28 -2.580e-27  2.856e-28 -1.132e-27 -2.988e-28 -2.017e-28 -8.906e-28  1.251e-27 -2.303e-27  7.870e-15

finished in 1348 iterations (0.493 seconds total)
max viol = 3.74e-08

---------------------
Result:
---------------------

{(1,0), (0,0), (0,0), (0,0), (0,0), (0,0)}, {(0,0), (1,0), (0,0), (0,0), (0,0), (0,0)}, {(0,0), (0,0), (1,0), (0,0), (0,0), (0,0)}, {(0,0), (0,0), (0,0), (1,0), (0,0), (0,0)}, {(0,0), (0,0), (0,0), (0,0), (1,0), (0,0)}, {(0,0), (0,0), (0,0), (0,0), (0,0), (1,0)}


{(0.408,0), (0.408,0), (0.408,0), (0.408,0), (0.408,0), (0.408,0)}, {(0.408,0), (-0.0368,0.407), (-0.277,-0.3), (0.232,0.336), (-0.406,-0.0417), (0.0797,-0.4)}, {(0.408,0), (-0.404,-0.0592), (-0.277,0.299), (-0.274,-0.302), (0.24,0.33), (0.307,-0.269)}, {}, {}, {}


{(0.408,0), (0.396,-0.0991), (0.274,-0.302), (0.266,-0.309), (-0.406,-0.042), (-0.399,-0.0885)}, {(0.408,0), (-0.339,-0.227), (-0.237,0.332), (-0.204,0.354), (-0.401,0.0761), (-0.21,-0.35)}, {}, {}, {}, {}


{(0.408,0), (-0.15,-0.38), (0.339,0.228), (0.326,-0.246), (0.0434,0.406), (-0.0548,0.405)}, {(0.408,0), (0.132,0.386), (0.149,-0.38), (0.264,0.311), (0.405,0.055), (-0.399,-0.0865)}, {}, {}, {}, {}


{(0.408,0), (0.0296,0.407), (0.0191,-0.408), (0.364,-0.184), (-0.162,0.375), (0.167,0.372)}, {}, {}, {}, {}, {}

---------------------
Abs of Gram matrix:
---------------------

 { { +1.0000, +0.0000, +0.0000, +0.0000, +0.0000, +0.0000, +0.4082, +0.4082, +0.4082, +0.0000, +0.0000, +0.0000, +0.4082, +0.4082, +0.0000, +0.0000, +0.0000, +0.0000, +0.4082, +0.4082, +0.0000, +0.0000, +0.0000, +0.0000, +0.4082, +0.0000, +0.0000, +0.0000, +0.0000, +0.0000}, 
   { +0.0000, +1.0000, +0.0000, +0.0000, +0.0000, +0.0000, +0.4082, +0.4082, +0.4082, +0.0000, +0.0000, +0.0000, +0.4082, +0.4082, +0.0000, +0.0000, +0.0000, +0.0000, +0.4082, +0.4082, +0.0000, +0.0000, +0.0000, +0.0000, +0.4082, +0.0000, +0.0000, +0.0000, +0.0000, +0.0000}, 
   { +0.0000, +0.0000, +1.0000, +0.0000, +0.0000, +0.0000, +0.4082, +0.4082, +0.4082, +0.0000, +0.0000, +0.0000, +0.4082, +0.4082, +0.0000, +0.0000, +0.0000, +0.0000, +0.4082, +0.4082, +0.0000, +0.0000, +0.0000, +0.0000, +0.4082, +0.0000, +0.0000, +0.0000, +0.0000, +0.0000}, 
   { +0.0000, +0.0000, +0.0000, +1.0000, +0.0000, +0.0000, +0.4082, +0.4082, +0.4082, +0.0000, +0.0000, +0.0000, +0.4082, +0.4082, +0.0000, +0.0000, +0.0000, +0.0000, +0.4082, +0.4082, +0.0000, +0.0000, +0.0000, +0.0000, +0.4082, +0.0000, +0.0000, +0.0000, +0.0000, +0.0000}, 
   { +0.0000, +0.0000, +0.0000, +0.0000, +1.0000, +0.0000, +0.4082, +0.4082, +0.4082, +0.0000, +0.0000, +0.0000, +0.4082, +0.4082, +0.0000, +0.0000, +0.0000, +0.0000, +0.4082, +0.4082, +0.0000, +0.0000, +0.0000, +0.0000, +0.4082, +0.0000, +0.0000, +0.0000, +0.0000, +0.0000}, 
   { +0.0000, +0.0000, +0.0000, +0.0000, +0.0000, +1.0000, +0.4082, +0.4082, +0.4082, +0.0000, +0.0000, +0.0000, +0.4082, +0.4082, +0.0000, +0.0000, +0.0000, +0.0000, +0.4082, +0.4082, +0.0000, +0.0000, +0.0000, +0.0000, +0.4082, +0.0000, +0.0000, +0.0000, +0.0000, +0.0000}, 
   { +0.4082, +0.4082, +0.4082, +0.4082, +0.4082, +0.4082, +1.0000, +0.0002, +0.0002, +0.0000, +0.0000, +0.0000, +0.4082, +0.4082, +0.0000, +0.0000, +0.0000, +0.0000, +0.4082, +0.4082, +0.0000, +0.0000, +0.0000, +0.0000, +0.4082, +0.0000, +0.0000, +0.0000, +0.0000, +0.0000}, 
   { +0.4082, +0.4082, +0.4082, +0.4082, +0.4082, +0.4082, +0.0002, +1.0000, +0.0000, +0.0000, +0.0000, +0.0000, +0.4082, +0.4082, +0.0000, +0.0000, +0.0000, +0.0000, +0.4082, +0.4082, +0.0000, +0.0000, +0.0000, +0.0000, +0.4082, +0.0000, +0.0000, +0.0000, +0.0000, +0.0000}, 
   { +0.4082, +0.4082, +0.4082, +0.4082, +0.4082, +0.4082, +0.0002, +0.0000, +1.0000, +0.0000, +0.0000, +0.0000, +0.4082, +0.4082, +0.0000, +0.0000, +0.0000, +0.0000, +0.4082, +0.4082, +0.0000, +0.0000, +0.0000, +0.0000, +0.4082, +0.0000, +0.0000, +0.0000, +0.0000, +0.0000}, 
   { +0.0000, +0.0000, +0.0000, +0.0000, +0.0000, +0.0000, +0.0000, +0.0000, +0.0000, +0.0000, +0.0000, +0.0000, +0.0000, +0.0000, +0.0000, +0.0000, +0.0000, +0.0000, +0.0000, +0.0000, +0.0000, +0.0000, +0.0000, +0.0000, +0.0000, +0.0000, +0.0000, +0.0000, +0.0000, +0.0000}, 
   { +0.0000, +0.0000, +0.0000, +0.0000, +0.0000, +0.0000, +0.0000, +0.0000, +0.0000, +0.0000, +0.0000, +0.0000, +0.0000, +0.0000, +0.0000, +0.0000, +0.0000, +0.0000, +0.0000, +0.0000, +0.0000, +0.0000, +0.0000, +0.0000, +0.0000, +0.0000, +0.0000, +0.0000, +0.0000, +0.0000}, 
   { +0.0000, +0.0000, +0.0000, +0.0000, +0.0000, +0.0000, +0.0000, +0.0000, +0.0000, +0.0000, +0.0000, +0.0000, +0.0000, +0.0000, +0.0000, +0.0000, +0.0000, +0.0000, +0.0000, +0.0000, +0.0000, +0.0000, +0.0000, +0.0000, +0.0000, +0.0000, +0.0000, +0.0000, +0.0000, +0.0000}, 
   { +0.4082, +0.4082, +0.4082, +0.4082, +0.4082, +0.4082, +0.4082, +0.4082, +0.4082, +0.0000, +0.0000, +0.0000, +1.0000, +0.0000, +0.0000, +0.0000, +0.0000, +0.0000, +0.4082, +0.4082, +0.0000, +0.0000, +0.0000, +0.0000, +0.4082, +0.0000, +0.0000, +0.0000, +0.0000, +0.0000}, 
   { +0.4082, +0.4082, +0.4082, +0.4082, +0.4082, +0.4082, +0.4082, +0.4082, +0.4082, +0.0000, +0.0000, +0.0000, +0.0000, +1.0000, +0.0000, +0.0000, +0.0000, +0.0000, +0.4082, +0.4082, +0.0000, +0.0000, +0.0000, +0.0000, +0.4082, +0.0000, +0.0000, +0.0000, +0.0000, +0.0000}, 
   { +0.0000, +0.0000, +0.0000, +0.0000, +0.0000, +0.0000, +0.0000, +0.0000, +0.0000, +0.0000, +0.0000, +0.0000, +0.0000, +0.0000, +0.0000, +0.0000, +0.0000, +0.0000, +0.0000, +0.0000, +0.0000, +0.0000, +0.0000, +0.0000, +0.0000, +0.0000, +0.0000, +0.0000, +0.0000, +0.0000}, 
   { +0.0000, +0.0000, +0.0000, +0.0000, +0.0000, +0.0000, +0.0000, +0.0000, +0.0000, +0.0000, +0.0000, +0.0000, +0.0000, +0.0000, +0.0000, +0.0000, +0.0000, +0.0000, +0.0000, +0.0000, +0.0000, +0.0000, +0.0000, +0.0000, +0.0000, +0.0000, +0.0000, +0.0000, +0.0000, +0.0000}, 
   { +0.0000, +0.0000, +0.0000, +0.0000, +0.0000, +0.0000, +0.0000, +0.0000, +0.0000, +0.0000, +0.0000, +0.0000, +0.0000, +0.0000, +0.0000, +0.0000, +0.0000, +0.0000, +0.0000, +0.0000, +0.0000, +0.0000, +0.0000, +0.0000, +0.0000, +0.0000, +0.0000, +0.0000, +0.0000, +0.0000}, 
   { +0.0000, +0.0000, +0.0000, +0.0000, +0.0000, +0.0000, +0.0000, +0.0000, +0.0000, +0.0000, +0.0000, +0.0000, +0.0000, +0.0000, +0.0000, +0.0000, +0.0000, +0.0000, +0.0000, +0.0000, +0.0000, +0.0000, +0.0000, +0.0000, +0.0000, +0.0000, +0.0000, +0.0000, +0.0000, +0.0000}, 
   { +0.4082, +0.4082, +0.4082, +0.4082, +0.4082, +0.4082, +0.4082, +0.4082, +0.4082, +0.0000, +0.0000, +0.0000, +0.4082, +0.4082, +0.0000, +0.0000, +0.0000, +0.0000, +1.0000, +0.0000, +0.0000, +0.0000, +0.0000, +0.0000, +0.4082, +0.0000, +0.0000, +0.0000, +0.0000, +0.0000}, 
   { +0.4082, +0.4082, +0.4082, +0.4082, +0.4082, +0.4082, +0.4082, +0.4082, +0.4082, +0.0000, +0.0000, +0.0000, +0.4082, +0.4082, +0.0000, +0.0000, +0.0000, +0.0000, +0.0000, +1.0000, +0.0000, +0.0000, +0.0000, +0.0000, +0.4082, +0.0000, +0.0000, +0.0000, +0.0000, +0.0000}, 
   { +0.0000, +0.0000, +0.0000, +0.0000, +0.0000, +0.0000, +0.0000, +0.0000, +0.0000, +0.0000, +0.0000, +0.0000, +0.0000, +0.0000, +0.0000, +0.0000, +0.0000, +0.0000, +0.0000, +0.0000, +0.0000, +0.0000, +0.0000, +0.0000, +0.0000, +0.0000, +0.0000, +0.0000, +0.0000, +0.0000}, 
   { +0.0000, +0.0000, +0.0000, +0.0000, +0.0000, +0.0000, +0.0000, +0.0000, +0.0000, +0.0000, +0.0000, +0.0000, +0.0000, +0.0000, +0.0000, +0.0000, +0.0000, +0.0000, +0.0000, +0.0000, +0.0000, +0.0000, +0.0000, +0.0000, +0.0000, +0.0000, +0.0000, +0.0000, +0.0000, +0.0000}, 
   { +0.0000, +0.0000, +0.0000, +0.0000, +0.0000, +0.0000, +0.0000, +0.0000, +0.0000, +0.0000, +0.0000, +0.0000, +0.0000, +0.0000, +0.0000, +0.0000, +0.0000, +0.0000, +0.0000, +0.0000, +0.0000, +0.0000, +0.0000, +0.0000, +0.0000, +0.0000, +0.0000, +0.0000, +0.0000, +0.0000}, 
   { +0.0000, +0.0000, +0.0000, +0.0000, +0.0000, +0.0000, +0.0000, +0.0000, +0.0000, +0.0000, +0.0000, +0.0000, +0.0000, +0.0000, +0.0000, +0.0000, +0.0000, +0.0000, +0.0000, +0.0000, +0.0000, +0.0000, +0.0000, +0.0000, +0.0000, +0.0000, +0.0000, +0.0000, +0.0000, +0.0000}, 
   { +0.4082, +0.4082, +0.4082, +0.4082, +0.4082, +0.4082, +0.4082, +0.4082, +0.4082, +0.0000, +0.0000, +0.0000, +0.4082, +0.4082, +0.0000, +0.0000, +0.0000, +0.0000, +0.4082, +0.4082, +0.0000, +0.0000, +0.0000, +0.0000, +1.0000, +0.0000, +0.0000, +0.0000, +0.0000, +0.0000}, 
   { +0.0000, +0.0000, +0.0000, +0.0000, +0.0000, +0.0000, +0.0000, +0.0000, +0.0000, +0.0000, +0.0000, +0.0000, +0.0000, +0.0000, +0.0000, +0.0000, +0.0000, +0.0000, +0.0000, +0.0000, +0.0000, +0.0000, +0.0000, +0.0000, +0.0000, +0.0000, +0.0000, +0.0000, +0.0000, +0.0000}, 
   { +0.0000, +0.0000, +0.0000, +0.0000, +0.0000, +0.0000, +0.0000, +0.0000, +0.0000, +0.0000, +0.0000, +0.0000, +0.0000, +0.0000, +0.0000, +0.0000, +0.0000, +0.0000, +0.0000, +0.0000, +0.0000, +0.0000, +0.0000, +0.0000, +0.0000, +0.0000, +0.0000, +0.0000, +0.0000, +0.0000}, 
   { +0.0000, +0.0000, +0.0000, +0.0000, +0.0000, +0.0000, +0.0000, +0.0000, +0.0000, +0.0000, +0.0000, +0.0000, +0.0000, +0.0000, +0.0000, +0.0000, +0.0000, +0.0000, +0.0000, +0.0000, +0.0000, +0.0000, +0.0000, +0.0000, +0.0000, +0.0000, +0.0000, +0.0000, +0.0000, +0.0000}, 
   { +0.0000, +0.0000, +0.0000, +0.0000, +0.0000, +0.0000, +0.0000, +0.0000, +0.0000, +0.0000, +0.0000, +0.0000, +0.0000, +0.0000, +0.0000, +0.0000, +0.0000, +0.0000, +0.0000, +0.0000, +0.0000, +0.0000, +0.0000, +0.0000, +0.0000, +0.0000, +0.0000, +0.0000, +0.0000, +0.0000}, 
   { +0.0000, +0.0000, +0.0000, +0.0000, +0.0000, +0.0000, +0.0000, +0.0000, +0.0000, +0.0000, +0.0000, +0.0000, +0.0000, +0.0000, +0.0000, +0.0000, +0.0000, +0.0000, +0.0000, +0.0000, +0.0000, +0.0000, +0.0000, +0.0000, +0.0000, +0.0000, +0.0000, +0.0000, +0.0000, +0.0000} } 
