---------------------
Basis Indices:
---------------------

{1, 0, 0, 0, 0, 0}, {1, 0, 0, 0, 0, 0}, {1, 0, 0, 0, 0, 0}, {1, 0, 0, 0, 0, 0}, {1, 0, 0, 0, 0, 0}, {1, 0, 0, 0, 0, 0}


{0.408, 0.408, 0.408, 0.408, 0.408, 0.408}, {0.408, x_43+i*x_187, x_44+i*x_188, x_45+i*x_189, x_46+i*x_190, x_47+i*x_191}, {0.408, x_49+i*x_193, x_50+i*x_194, x_51+i*x_195, x_52+i*x_196, x_53+i*x_197}, {0.408, x_55+i*x_199, x_56+i*x_200, x_57+i*x_201, x_58+i*x_202, x_59+i*x_203}, {0.408, x_61+i*x_205, x_62+i*x_206, x_63+i*x_207, x_64+i*x_208, x_65+i*x_209}, {0.408, x_67+i*x_211, x_68+i*x_212, x_69+i*x_213, x_70+i*x_214, x_71+i*x_215}


{0.408, x_73+i*x_217, x_74+i*x_218, x_75+i*x_219, x_76+i*x_220, x_77+i*x_221}, {0.408, x_79+i*x_223, x_80+i*x_224, x_81+i*x_225, x_82+i*x_226, x_83+i*x_227}, {}, {}, {}, {}


{0.408, x_109+i*x_253, x_110+i*x_254, x_111+i*x_255, x_112+i*x_256, x_113+i*x_257}, {}, {}, {}, {}, {}

---------------------
Problem: 
---------------------
Find a point satisfying:

1*{  44  50} + 1*{  46  52} + 1*{ 188 194} + 1*{ 187 193} + 1*{  47  53} + 1*{  45  51} + 1*{  43  49} + 1*{ 189 195} + 0.166667*{} + 1*{ 190 196} + 1*{ 191 197} = 0 

-1*{  51 189} + 1*{  45 195} + -1*{  50 188} + 1*{  44 194} + 1*{  43 193} + -1*{  53 191} + 1*{  46 196} + -1*{  52 190} + -1*{  49 187} + 1*{  47 197} = 0 

1*{ 189 201} + 1*{  43  55} + 1*{  44  56} + 0.166667*{} + 1*{ 187 199} + 1*{ 188 200} + 1*{  46  58} + 1*{  45  57} + 1*{ 191 203} + 1*{ 190 202} + 1*{  47  59} = 0 

-1*{  56 188} + 1*{  46 202} + 1*{  45 201} + 1*{  44 200} + -1*{  55 187} + 1*{  43 199} + -1*{  57 189} + -1*{  58 190} + 1*{  47 203} + -1*{  59 191} = 0 

1*{  45  63} + 1*{ 188 206} + 0.166667*{} + 1*{ 189 207} + 1*{  43  61} + 1*{ 190 208} + 1*{  44  62} + 1*{  46  64} + 1*{ 187 205} + 1*{  47  65} + 1*{ 191 209} = 0 

-1*{  63 189} + 1*{  45 207} + -1*{  64 190} + -1*{  61 187} + 1*{  43 205} + 1*{  46 208} + -1*{  62 188} + 1*{  47 209} + 1*{  44 206} + -1*{  65 191} = 0 

1*{ 189 213} + 1*{  46  70} + 1*{ 188 212} + 1*{  44  68} + 1*{  43  67} + 1*{  45  69} + 0.166667*{} + 1*{ 187 211} + 1*{ 191 215} + 1*{ 190 214} + 1*{  47  71} = 0 

-1*{  69 189} + -1*{  71 191} + 1*{  46 214} + -1*{  67 187} + 1*{  43 211} + -1*{  68 188} + 1*{  44 212} + 1*{  45 213} + -1*{  70 190} + 1*{  47 215} = 0 

-0.166667*{} + 1*{ 289 289} + 1*{ 288 288} = 0 

1*{ 189 219} + 1*{ 188 218} + 1*{ 187 217} + 1*{  45  75} + 1*{  44  74} + 1*{  43  73} + 0.166667*{} + 1*{  46  76} + 1*{ 190 220} + 1*{  47  77} + 1*{ 191 221} + -1*{ 288} = 0 

-1*{  75 189} + 1*{  45 219} + 1*{  46 220} + 1*{  44 218} + -1*{  74 188} + 1*{  43 217} + -1*{ 289} + -1*{  73 187} + 1*{  47 221} + -1*{  76 190} + -1*{  77 191} = 0 

-0.166667*{} + 1*{ 291 291} + 1*{ 290 290} = 0 

-1*{ 290} + 1*{ 189 225} + 1*{  45  81} + 1*{  44  80} + 1*{ 187 223} + 1*{  43  79} + 1*{ 191 227} + 0.166667*{} + 1*{ 188 224} + 1*{  46  82} + 1*{ 190 226} + 1*{  47  83} = 0 

-1*{  81 189} + -1*{  82 190} + 1*{  44 224} + 1*{  43 223} + 1*{  46 226} + -1*{  79 187} + 1*{  45 225} + -1*{ 291} + -1*{  80 188} + 1*{  47 227} + -1*{  83 191} = 0 

-0.166667*{} + 1*{ 293 293} + 1*{ 292 292} = 0 

1*{  45 111} + 1*{ 188 254} + 1*{ 189 255} + -1*{ 292} + 1*{  46 112} + 1*{ 187 253} + 0.166667*{} + 1*{  43 109} + 1*{  44 110} + 1*{ 190 256} + 1*{  47 113} + 1*{ 191 257} = 0 

-1*{ 110 188} + 1*{  45 255} + -1*{ 109 187} + -1*{ 111 189} + -1*{ 293} + 1*{  43 253} + 1*{  47 257} + 1*{  44 254} + 1*{  46 256} + -1*{ 112 190} + -1*{ 113 191} = 0 

-0.166667*{} + 1*{ 187 187} + 1*{  43  43} = 0 

-0.166667*{} + 1*{ 188 188} + 1*{  44  44} = 0 

-0.166667*{} + 1*{ 189 189} + 1*{  45  45} = 0 

-0.166667*{} + 1*{ 190 190} + 1*{  46  46} = 0 

-0.166667*{} + 1*{ 191 191} + 1*{  47  47} = 0 

0.333333*{  45  46} + 0.166667*{  44  44} + 0.333333*{  44  46} + 0.166667*{  47  47} + 0.333333*{  46  47} + 0.166667*{ 188 188} + 0.166667*{  45  45} + 0.333333*{  43  44} + 0.136083*{  45} + 0.333333*{  43  45} + 0.333333*{ 189 190} + 0.333333*{ 190 191} + 0.136083*{  47} + 0.333333*{  43  46} + 0.333333*{ 189 191} + 0.333333*{ 187 190} + 0.333333*{ 188 191} + 0.333333*{  44  45} + 0.166667*{ 191 191} + 0.166667*{  43  43} + 0.166667*{ 190 190} + 0.333333*{ 187 188} + 0.166667*{ 187 187} + 0.166667*{ 189 189} + 0.333333*{ 188 189} + 0.136083*{  44} + 0.0277778*{} + 0.333333*{  45  47} + 0.136083*{  43} + 0.136083*{  46} + 0.333333*{ 187 189} + 0.333333*{ 188 190} + 0.333333*{  44  47} + 0.333333*{  43  47} + 0.333333*{ 187 191} + 0.166667*{  46  46} = 0 

1*{ 195 201} + 1*{  50  56} + 1*{ 194 200} + 1*{  52  58} + 1*{ 196 202} + 1*{  51  57} + 1*{ 193 199} + 1*{  53  59} + 1*{  49  55} + 0.166667*{} + 1*{ 197 203} = 0 

1*{  51 201} + 1*{  53 203} + 1*{  50 200} + -1*{  57 195} + 1*{  49 199} + -1*{  56 194} + -1*{  55 193} + 1*{  52 202} + -1*{  58 196} + -1*{  59 197} = 0 

1*{  51  63} + 1*{ 195 207} + 1*{  50  62} + 0.166667*{} + 1*{ 194 206} + 1*{ 196 208} + 1*{  52  64} + 1*{  53  65} + 1*{ 193 205} + 1*{  49  61} + 1*{ 197 209} = 0 

-1*{  62 194} + 1*{  51 207} + 1*{  50 206} + -1*{  65 197} + -1*{  61 193} + 1*{  49 205} + -1*{  63 195} + -1*{  64 196} + 1*{  52 208} + 1*{  53 209} = 0 

1*{ 195 213} + 1*{  51  69} + 1*{ 193 211} + 1*{  50  68} + 1*{  52  70} + 1*{ 194 212} + 1*{  49  67} + 1*{  53  71} + 1*{ 196 214} + 0.166667*{} + 1*{ 197 215} = 0 

-1*{  69 195} + -1*{  68 194} + 1*{  49 211} + 1*{  50 212} + -1*{  67 193} + 1*{  51 213} + 1*{  52 214} + -1*{  70 196} + -1*{  71 197} + 1*{  53 215} = 0 

-0.166667*{} + 1*{ 295 295} + 1*{ 294 294} = 0 

1*{  53  77} + 1*{  51  75} + 1*{ 194 218} + 1*{ 196 220} + 1*{ 197 221} + 1*{ 195 219} + 1*{ 193 217} + 1*{  49  73} + 0.166667*{} + 1*{  50  74} + 1*{  52  76} + -1*{ 294} = 0 

1*{  51 219} + 1*{  50 218} + -1*{  75 195} + 1*{  49 217} + -1*{  77 197} + -1*{  74 194} + -1*{ 295} + 1*{  52 220} + 1*{  53 221} + -1*{  73 193} + -1*{  76 196} = 0 

-0.166667*{} + 1*{ 297 297} + 1*{ 296 296} = 0 

1*{  49  79} + 1*{  50  80} + 0.166667*{} + 1*{  51  81} + -1*{ 296} + 1*{ 195 225} + 1*{ 194 224} + 1*{  52  82} + 1*{ 196 226} + 1*{  53  83} + 1*{ 193 223} + 1*{ 197 227} = 0 

-1*{  81 195} + -1*{  80 194} + -1*{  79 193} + 1*{  50 224} + 1*{  51 225} + 1*{  49 223} + 1*{  53 227} + 1*{  52 226} + -1*{  82 196} + -1*{  83 197} + -1*{ 297} = 0 

-0.166667*{} + 1*{ 299 299} + 1*{ 298 298} = 0 

1*{  52 112} + 1*{  51 111} + 1*{ 194 254} + 1*{  50 110} + 1*{ 193 253} + 1*{ 195 255} + 1*{  49 109} + 0.166667*{} + 1*{ 197 257} + 1*{  53 113} + 1*{ 196 256} + -1*{ 298} = 0 

-1*{ 111 195} + 1*{  51 255} + -1*{ 109 193} + -1*{ 110 194} + 1*{  49 253} + -1*{ 299} + 1*{  50 254} + 1*{  52 256} + 1*{  53 257} + -1*{ 112 196} + -1*{ 113 197} = 0 

-0.166667*{} + 1*{ 193 193} + 1*{  49  49} = 0 

-0.166667*{} + 1*{ 194 194} + 1*{  50  50} = 0 

-0.166667*{} + 1*{ 195 195} + 1*{  51  51} = 0 

-0.166667*{} + 1*{ 196 196} + 1*{  52  52} = 0 

1*{ 197 197} + -0.166667*{} + 1*{  53  53} = 0 

0.333333*{ 195 196} + 0.333333*{ 195 197} + 0.333333*{ 194 195} + 0.333333*{  51  52} + 0.333333*{  51  53} + 0.136083*{  52} + 0.333333*{  50  51} + 0.333333*{  49  52} + 0.136083*{  53} + 0.166667*{ 197 197} + 0.333333*{  50  52} + 0.333333*{  49  51} + 0.333333*{ 194 197} + 0.333333*{ 193 197} + 0.166667*{ 195 195} + 0.166667*{ 193 193} + 0.166667*{ 196 196} + 0.333333*{  49  53} + 0.166667*{  51  51} + 0.136083*{  51} + 0.136083*{  49} + 0.0277778*{} + 0.136083*{  50} + 0.166667*{  49  49} + 0.333333*{  49  50} + 0.166667*{  50  50} + 0.333333*{ 196 197} + 0.333333*{ 193 196} + 0.333333*{  50  53} + 0.333333*{ 193 195} + 0.166667*{  53  53} + 0.333333*{ 193 194} + 0.166667*{ 194 194} + 0.333333*{  52  53} + 0.166667*{  52  52} + 0.333333*{ 194 196} = 0 

1*{ 200 206} + 1*{  56  62} + 1*{ 202 208} + 1*{ 199 205} + 1*{  59  65} + 1*{  57  63} + 1*{  55  61} + 0.166667*{} + 1*{ 201 207} + 1*{  58  64} + 1*{ 203 209} = 0 

1*{  57 207} + -1*{  62 200} + -1*{  63 201} + -1*{  61 199} + 1*{  55 205} + 1*{  56 206} + 1*{  58 208} + -1*{  64 202} + 1*{  59 209} + -1*{  65 203} = 0 

1*{ 200 212} + 1*{  57  69} + 1*{ 201 213} + 1*{  56  68} + 1*{ 203 215} + 0.166667*{} + 1*{ 199 211} + 1*{  58  70} + 1*{  55  67} + 1*{ 202 214} + 1*{  59  71} = 0 

1*{  57 213} + -1*{  68 200} + -1*{  67 199} + 1*{  56 212} + -1*{  71 203} + 1*{  55 211} + 1*{  58 214} + -1*{  69 201} + -1*{  70 202} + 1*{  59 215} = 0 

-0.166667*{} + 1*{ 301 301} + 1*{ 300 300} = 0 

1*{ 201 219} + 1*{  56  74} + 1*{ 200 218} + 1*{ 199 217} + 1*{  55  73} + -1*{ 300} + 1*{  58  76} + 1*{  57  75} + 1*{ 202 220} + 1*{  59  77} + 0.166667*{} + 1*{ 203 221} = 0 

-1*{ 301} + 1*{  56 218} + -1*{  75 201} + 1*{  59 221} + -1*{  73 199} + 1*{  55 217} + 1*{  58 220} + -1*{  76 202} + 1*{  57 219} + -1*{  74 200} + -1*{  77 203} = 0 

-0.166667*{} + 1*{ 303 303} + 1*{ 302 302} = 0 

1*{ 201 225} + 1*{  58  82} + 1*{  57  81} + 1*{  55  79} + 1*{ 199 223} + 0.166667*{} + 1*{ 200 224} + 1*{  59  83} + 1*{ 203 227} + 1*{  56  80} + 1*{ 202 226} + -1*{ 302} = 0 

1*{  56 224} + -1*{  81 201} + -1*{ 303} + -1*{  79 199} + 1*{  57 225} + 1*{  55 223} + 1*{  58 226} + -1*{  83 203} + -1*{  80 200} + -1*{  82 202} + 1*{  59 227} = 0 

-0.166667*{} + 1*{ 305 305} + 1*{ 304 304} = 0 

1*{  57 111} + 1*{ 200 254} + 1*{  59 113} + 1*{  56 110} + 1*{ 199 253} + 1*{ 203 257} + -1*{ 304} + 0.166667*{} + 1*{  55 109} + 1*{ 201 255} + 1*{ 202 256} + 1*{  58 112} = 0 

1*{  57 255} + 1*{  59 257} + -1*{ 305} + 1*{  58 256} + 1*{  56 254} + -1*{ 111 201} + -1*{ 113 203} + -1*{ 110 200} + -1*{ 109 199} + 1*{  55 253} + -1*{ 112 202} = 0 

-0.166667*{} + 1*{ 199 199} + 1*{  55  55} = 0 

-0.166667*{} + 1*{ 200 200} + 1*{  56  56} = 0 

-0.166667*{} + 1*{ 201 201} + 1*{  57  57} = 0 

1*{ 202 202} + -0.166667*{} + 1*{  58  58} = 0 

-0.166667*{} + 1*{ 203 203} + 1*{  59  59} = 0 

0.333333*{ 201 203} + 0.136083*{  57} + 0.333333*{  57  58} + 0.333333*{ 200 203} + 0.333333*{  56  57} + 0.333333*{  57  59} + 0.166667*{  56  56} + 0.333333*{  55  56} + 0.333333*{ 199 202} + 0.333333*{ 201 202} + 0.333333*{ 200 202} + 0.333333*{ 199 200} + 0.333333*{  56  59} + 0.0277778*{} + 0.333333*{  55  58} + 0.333333*{  58  59} + 0.333333*{  55  59} + 0.166667*{ 201 201} + 0.166667*{  59  59} + 0.333333*{ 200 201} + 0.333333*{  55  57} + 0.166667*{ 200 200} + 0.166667*{ 202 202} + 0.166667*{ 203 203} + 0.333333*{  56  58} + 0.136083*{  56} + 0.166667*{  55  55} + 0.333333*{ 199 201} + 0.136083*{  55} + 0.166667*{  58  58} + 0.136083*{  59} + 0.166667*{  57  57} + 0.136083*{  58} + 0.166667*{ 199 199} + 0.333333*{ 202 203} + 0.333333*{ 199 203} = 0 

1*{ 207 213} + 1*{ 206 212} + 1*{  62  68} + 1*{  64  70} + 1*{ 205 211} + 1*{  63  69} + 1*{  61  67} + 0.166667*{} + 1*{ 209 215} + 1*{ 208 214} + 1*{  65  71} = 0 

-1*{  68 206} + -1*{  69 207} + 1*{  62 212} + -1*{  67 205} + -1*{  71 209} + 1*{  64 214} + 1*{  63 213} + 1*{  61 211} + -1*{  70 208} + 1*{  65 215} = 0 

-0.166667*{} + 1*{ 307 307} + 1*{ 306 306} = 0 

1*{  61  73} + 1*{ 207 219} + 1*{ 206 218} + 1*{  62  74} + 1*{  63  75} + 1*{ 205 217} + 1*{ 209 221} + 1*{  64  76} + 1*{ 208 220} + 0.166667*{} + 1*{  65  77} + -1*{ 306} = 0 

-1*{ 307} + 1*{  62 218} + -1*{  76 208} + -1*{  73 205} + 1*{  61 217} + -1*{  75 207} + 1*{  64 220} + 1*{  63 219} + -1*{  74 206} + 1*{  65 221} + -1*{  77 209} = 0 

-0.166667*{} + 1*{ 309 309} + 1*{ 308 308} = 0 

1*{  63  81} + -1*{ 308} + 1*{ 206 224} + 1*{  62  80} + 1*{  64  82} + 1*{ 205 223} + 0.166667*{} + 1*{ 207 225} + 1*{ 208 226} + 1*{  61  79} + 1*{  65  83} + 1*{ 209 227} = 0 

1*{  63 225} + 1*{  62 224} + -1*{  80 206} + -1*{  81 207} + -1*{  79 205} + 1*{  61 223} + 1*{  64 226} + -1*{  82 208} + 1*{  65 227} + -1*{  83 209} + -1*{ 309} = 0 

-0.166667*{} + 1*{ 311 311} + 1*{ 310 310} = 0 

1*{ 206 254} + 1*{  64 112} + 1*{ 207 255} + 1*{  62 110} + 1*{ 209 257} + 1*{ 205 253} + 1*{  63 111} + 1*{  61 109} + 0.166667*{} + 1*{ 208 256} + 1*{  65 113} + -1*{ 310} = 0 

1*{  63 255} + -1*{ 109 205} + 1*{  62 254} + 1*{  61 253} + -1*{ 112 208} + -1*{ 111 207} + 1*{  64 256} + 1*{  65 257} + -1*{ 113 209} + -1*{ 110 206} + -1*{ 311} = 0 

-0.166667*{} + 1*{ 205 205} + 1*{  61  61} = 0 

-0.166667*{} + 1*{ 206 206} + 1*{  62  62} = 0 

-0.166667*{} + 1*{ 207 207} + 1*{  63  63} = 0 

-0.166667*{} + 1*{ 208 208} + 1*{  64  64} = 0 

-0.166667*{} + 1*{ 209 209} + 1*{  65  65} = 0 

0.333333*{  63  64} + 0.166667*{  61  61} + 0.333333*{  63  65} + 0.166667*{ 206 206} + 0.333333*{ 206 209} + 0.333333*{ 207 209} + 0.333333*{ 206 208} + 0.333333*{ 205 209} + 0.333333*{  62  63} + 0.136083*{  65} + 0.333333*{  61  64} + 0.333333*{ 205 207} + 0.333333*{  61  63} + 0.333333*{  62  65} + 0.333333*{  64  65} + 0.166667*{ 208 208} + 0.166667*{  65  65} + 0.0277778*{} + 0.333333*{ 208 209} + 0.166667*{  64  64} + 0.166667*{ 209 209} + 0.136083*{  64} + 0.136083*{  61} + 0.136083*{  63} + 0.136083*{  62} + 0.333333*{  61  65} + 0.333333*{  61  62} + 0.333333*{  62  64} + 0.333333*{ 207 208} + 0.333333*{ 205 206} + 0.333333*{ 206 207} + 0.166667*{ 205 205} + 0.166667*{  63  63} + 0.333333*{ 205 208} + 0.166667*{  62  62} + 0.166667*{ 207 207} = 0 

-0.166667*{} + 1*{ 313 313} + 1*{ 312 312} = 0 

1*{ 213 219} + 0.166667*{} + 1*{  68  74} + 1*{ 212 218} + 1*{  69  75} + 1*{ 211 217} + 1*{  70  76} + 1*{  67  73} + 1*{ 214 220} + 1*{  71  77} + 1*{ 215 221} + -1*{ 312} = 0 

-1*{  75 213} + -1*{  74 212} + 1*{  68 218} + -1*{  77 215} + 1*{  69 219} + -1*{  73 211} + 1*{  71 221} + 1*{  67 217} + -1*{ 313} + 1*{  70 220} + -1*{  76 214} = 0 

-0.166667*{} + 1*{ 315 315} + 1*{ 314 314} = 0 

1*{ 213 225} + 1*{  68  80} + 1*{  69  81} + -1*{ 314} + 1*{ 211 223} + 1*{  70  82} + 1*{  67  79} + 0.166667*{} + 1*{ 214 226} + 1*{ 212 224} + 1*{  71  83} + 1*{ 215 227} = 0 

1*{  69 225} + 1*{  68 224} + -1*{  82 214} + 1*{  70 226} + -1*{  79 211} + 1*{  67 223} + -1*{ 315} + -1*{  81 213} + 1*{  71 227} + -1*{  80 212} + -1*{  83 215} = 0 

-0.166667*{} + 1*{ 317 317} + 1*{ 316 316} = 0 

1*{  69 111} + -1*{ 316} + 1*{ 212 254} + 1*{  68 110} + 1*{ 213 255} + 1*{ 211 253} + 0.166667*{} + 1*{ 214 256} + 1*{  67 109} + 1*{  70 112} + 1*{  71 113} + 1*{ 215 257} = 0 

1*{  69 255} + -1*{ 113 215} + -1*{ 109 211} + 1*{  68 254} + 1*{  67 253} + -1*{ 111 213} + 1*{  70 256} + -1*{ 110 212} + -1*{ 112 214} + 1*{  71 257} + -1*{ 317} = 0 

-0.166667*{} + 1*{ 211 211} + 1*{  67  67} = 0 

-0.166667*{} + 1*{ 212 212} + 1*{  68  68} = 0 

-0.166667*{} + 1*{ 213 213} + 1*{  69  69} = 0 

-0.166667*{} + 1*{ 214 214} + 1*{  70  70} = 0 

-0.166667*{} + 1*{ 215 215} + 1*{  71  71} = 0 

0.333333*{ 213 214} + 0.166667*{  69  69} + 0.166667*{  70  70} + 0.333333*{ 212 214} + 0.333333*{  68  69} + 0.333333*{  67  70} + 0.136083*{  71} + 0.136083*{  67} + 0.166667*{  71  71} + 0.166667*{  68  68} + 0.333333*{  67  69} + 0.333333*{ 211 214} + 0.333333*{ 214 215} + 0.333333*{  69  70} + 0.333333*{ 213 215} + 0.166667*{ 214 214} + 0.0277778*{} + 0.333333*{  68  71} + 0.136083*{  68} + 0.333333*{  67  68} + 0.333333*{ 211 213} + 0.136083*{  69} + 0.333333*{  70  71} + 0.333333*{  69  71} + 0.333333*{  67  71} + 0.166667*{ 213 213} + 0.333333*{ 212 213} + 0.136083*{  70} + 0.166667*{ 215 215} + 0.166667*{ 211 211} + 0.333333*{ 211 215} + 0.166667*{  67  67} + 0.333333*{ 212 215} + 0.166667*{ 212 212} + 0.333333*{  68  70} + 0.333333*{ 211 212} = 0 

1*{ 220 226} + 1*{  74  80} + 1*{  75  81} + 1*{ 221 227} + 1*{  77  83} + 1*{ 217 223} + 1*{ 219 225} + 1*{  73  79} + 1*{ 218 224} + 0.166667*{} + 1*{  76  82} = 0 

-1*{  81 219} + -1*{  80 218} + 1*{  74 224} + -1*{  79 217} + 1*{  75 225} + -1*{  83 221} + 1*{  76 226} + 1*{  73 223} + -1*{  82 220} + 1*{  77 227} = 0 

-0.166667*{} + 1*{ 319 319} + 1*{ 318 318} = 0 

1*{  74 110} + 0.166667*{} + 1*{  75 111} + 1*{  77 113} + 1*{ 218 254} + 1*{ 217 253} + 1*{ 219 255} + 1*{  73 109} + 1*{  76 112} + 1*{ 221 257} + 1*{ 220 256} + -1*{ 318} = 0 

-1*{ 111 219} + -1*{ 110 218} + 1*{  74 254} + 1*{  75 255} + 1*{  73 253} + 1*{  76 256} + -1*{ 109 217} + -1*{ 112 220} + -1*{ 113 221} + 1*{  77 257} + -1*{ 319} = 0 

-0.166667*{} + 1*{ 217 217} + 1*{  73  73} = 0 

-0.166667*{} + 1*{ 218 218} + 1*{  74  74} = 0 

-0.166667*{} + 1*{ 219 219} + 1*{  75  75} = 0 

-0.166667*{} + 1*{ 220 220} + 1*{  76  76} = 0 

-0.166667*{} + 1*{ 221 221} + 1*{  77  77} = 0 

0.333333*{ 219 220} + 0.166667*{  75  75} + 0.333333*{  74  77} + 0.333333*{  75  76} + 0.333333*{ 218 219} + 0.333333*{ 218 221} + 0.333333*{ 218 220} + 0.333333*{ 220 221} + 0.166667*{ 221 221} + 0.136083*{  77} + 0.333333*{ 219 221} + 0.136083*{  75} + 0.333333*{  73  74} + 0.166667*{ 219 219} + 0.333333*{  73  77} + 0.333333*{ 217 218} + 0.166667*{ 218 218} + 0.166667*{  76  76} + 0.333333*{  73  76} + 0.333333*{ 217 221} + 0.333333*{ 217 219} + 0.333333*{  74  75} + 0.333333*{  73  75} + 0.166667*{  74  74} + 0.333333*{ 217 220} + 0.166667*{  73  73} + 0.166667*{ 220 220} + 0.333333*{  75  77} + 0.136083*{  73} + 0.166667*{ 217 217} + 0.136083*{  74} + -0.138889*{} + 0.333333*{  74  76} + 0.333333*{  76  77} + 0.166667*{  77  77} + 0.136083*{  76} = 0 

-0.166667*{} + 1*{ 321 321} + 1*{ 320 320} = 0 

1*{ 224 254} + 1*{ 223 253} + 1*{  81 111} + 1*{  80 110} + 1*{ 227 257} + 0.166667*{} + 1*{  82 112} + 1*{  79 109} + 1*{ 226 256} + 1*{ 225 255} + 1*{  83 113} + -1*{ 320} = 0 

-1*{ 109 223} + -1*{ 321} + 1*{  81 255} + -1*{ 110 224} + -1*{ 111 225} + -1*{ 112 226} + -1*{ 113 227} + 1*{  79 253} + 1*{  80 254} + 1*{  82 256} + 1*{  83 257} = 0 

-0.166667*{} + 1*{ 223 223} + 1*{  79  79} = 0 

-0.166667*{} + 1*{ 224 224} + 1*{  80  80} = 0 

-0.166667*{} + 1*{ 225 225} + 1*{  81  81} = 0 

-0.166667*{} + 1*{ 226 226} + 1*{  82  82} = 0 

1*{ 227 227} + -0.166667*{} + 1*{  83  83} = 0 

0.166667*{  80  80} + 0.333333*{  80  83} + 0.333333*{  79  82} + 0.166667*{ 223 223} + 0.333333*{ 223 225} + 0.333333*{  80  81} + 0.166667*{ 227 227} + 0.333333*{ 224 227} + 0.333333*{ 226 227} + 0.166667*{ 225 225} + 0.166667*{  82  82} + 0.333333*{  79  83} + 0.333333*{  81  82} + 0.166667*{  81  81} + 0.333333*{  80  82} + 0.333333*{ 225 227} + 0.333333*{ 224 226} + 0.166667*{  79  79} + 0.333333*{ 225 226} + 0.166667*{ 224 224} + 0.333333*{  79  80} + 0.166667*{ 226 226} + 0.333333*{  81  83} + 0.333333*{ 224 225} + -0.138889*{} + 0.166667*{  83  83} + 0.136083*{  81} + 0.333333*{ 223 224} + 0.136083*{  80} + 0.333333*{  82  83} + 0.136083*{  83} + 0.136083*{  82} + 0.333333*{  79  81} + 0.136083*{  79} + 0.333333*{ 223 227} + 0.333333*{ 223 226} = 0 

-0.166667*{} + 1*{ 253 253} + 1*{ 109 109} = 0 

-0.166667*{} + 1*{ 254 254} + 1*{ 110 110} = 0 

-0.166667*{} + 1*{ 255 255} + 1*{ 111 111} = 0 

-0.166667*{} + 1*{ 256 256} + 1*{ 112 112} = 0 

-0.166667*{} + 1*{ 257 257} + 1*{ 113 113} = 0 

0.333333*{ 110 111} + 0.166667*{ 256 256} + 0.333333*{ 255 256} + 0.333333*{ 254 256} + 0.166667*{ 112 112} + 0.333333*{ 110 112} + 0.136083*{ 111} + 0.333333*{ 110 113} + 0.333333*{ 109 113} + 0.333333*{ 253 255} + 0.333333*{ 109 112} + 0.333333*{ 111 112} + 0.166667*{ 111 111} + 0.333333*{ 109 111} + 0.333333*{ 254 255} + 0.136083*{ 110} + 0.166667*{ 113 113} + 0.333333*{ 254 257} + 0.333333*{ 109 110} + 0.333333*{ 111 113} + 0.166667*{ 257 257} + 0.166667*{ 110 110} + 0.333333*{ 253 256} + 0.333333*{ 255 257} + 0.166667*{ 255 255} + 0.136083*{ 112} + 0.333333*{ 112 113} + 0.166667*{ 254 254} + 0.333333*{ 256 257} + 0.166667*{ 109 109} + 0.136083*{ 109} + -0.138889*{} + 0.136083*{ 113} + 0.333333*{ 253 257} + 0.333333*{ 253 254} + 0.166667*{ 253 253} = 0 

---------------------
Summary:
---------------------
set sizes: {6, 6, 2, 1}, vars: 114, vectors: 15, equations: 121, indep eqn: 121

---------------------
Optimization:
---------------------
1 5.161e+00 5.161e+00
2 1.304e+03 5.161e+00
3 1.169e+07 5.161e+00
4 4.217e+06 5.161e+00
5 1.521e+06 5.161e+00
6 5.488e+05 5.161e+00
7 1.980e+05 5.161e+00
8 1.464e+05 5.161e+00
9 5.282e+04 5.161e+00
10 1.910e+04 5.161e+00
11 6.883e+03 5.161e+00
12 2.482e+03 5.161e+00
13 8.937e+02 5.161e+00
14 3.216e+02 5.161e+00
15 3.281e+02 5.161e+00
16 1.181e+02 5.161e+00
17 4.222e+01 5.161e+00
18 1.505e+01 5.161e+00
19 5.427e+00 5.161e+00
20 1.997e+00 1.997e+00
21 7.726e-01 7.726e-01
22 3.239e-01 3.239e-01
23 3.805e-01 3.239e-01
24 9.820e+00 3.239e-01
25 4.228e+00 3.239e-01
26 1.588e+00 3.239e-01
27 3.584e+02 3.239e-01
28 7.885e+02 3.239e-01
29 5.101e+02 3.239e-01
30 1.843e+02 3.239e-01
31 4.507e+02 3.239e-01
32 1.628e+02 3.239e-01
33 6.152e+01 3.239e-01
34 2.209e+01 3.239e-01
35 7.996e+00 3.239e-01
36 2.936e+00 3.239e-01
37 1.175e+00 3.239e-01
38 6.846e-01 3.239e-01
39 3.359e-01 3.239e-01
40 3.938e+02 3.239e-01
41 2.750e+02 3.239e-01
42 1.481e+02 3.239e-01
43 5.309e+01 3.239e-01
44 1.899e+01 3.239e-01
45 6.786e+00 3.239e-01
46 2.430e+00 3.239e-01
47 2.392e+00 3.239e-01
48 9.493e-01 3.239e-01
49 2.024e+00 3.239e-01
50 9.659e-01 3.239e-01
51 4.313e-01 3.239e-01
52 3.009e-01 3.009e-01
53 1.320e-01 1.320e-01
54 1.757e-01 1.320e-01
55 3.010e+00 1.320e-01
56 2.204e+02 1.320e-01
57 1.542e+02 1.320e-01
58 5.648e+01 1.320e-01
59 1.632e+02 1.320e-01
60 2.552e+03 1.320e-01
61 1.102e+03 1.320e-01
62 3.953e+02 1.320e-01
63 1.415e+02 1.320e-01
64 5.067e+01 1.320e-01
65 2.948e+01 1.320e-01
66 2.220e+02 1.320e-01
67 3.791e+04 1.320e-01
68 1.368e+04 1.320e-01
69 4.987e+03 1.320e-01
70 1.796e+03 1.320e-01
71 6.463e+02 1.320e-01
72 2.335e+02 1.320e-01
73 3.216e+02 1.320e-01
74 1.152e+02 1.320e-01
75 4.249e+01 1.320e-01
76 1.530e+01 1.320e-01
77 6.186e+00 1.320e-01
78 3.878e+00 1.320e-01
79 3.680e+00 1.320e-01
80 6.242e+00 1.320e-01
81 1.029e+02 1.320e-01
82 5.954e+01 1.320e-01
83 2.165e+01 1.320e-01
84 7.750e+00 1.320e-01
85 2.931e+00 1.320e-01
86 1.085e+00 1.320e-01
87 1.132e+00 1.320e-01
88 3.704e+05 1.320e-01
89 1.707e+05 1.320e-01
90 6.156e+04 1.320e-01
91 4.791e+05 1.320e-01
92 1.730e+05 1.320e-01
93 6.236e+04 1.320e-01
94 2.247e+04 1.320e-01
95 8.094e+03 1.320e-01
96 2.957e+03 1.320e-01
97 1.065e+03 1.320e-01
98 3.828e+02 1.320e-01
99 1.639e+02 1.320e-01
100 5.858e+01 1.320e-01
101 2.092e+01 1.320e-01
102 7.485e+00 1.320e-01
103 2.814e+00 1.320e-01
104 1.047e+00 1.320e-01
105 7.003e-01 1.320e-01
106 6.237e+08 1.320e-01
107 2.250e+08 1.320e-01
108 8.118e+07 1.320e-01
109 2.928e+07 1.320e-01
110 1.056e+07 1.320e-01
111 3.811e+06 1.320e-01
112 1.375e+06 1.320e-01
113 1.410e+06 1.320e-01
114 5.116e+05 1.320e-01
115 1.845e+05 1.320e-01
116 6.662e+04 1.320e-01
117 2.401e+04 1.320e-01
118 8.651e+03 1.320e-01
119 3.117e+03 1.320e-01
120 1.124e+03 1.320e-01
121 4.103e+02 1.320e-01
122 8.927e+02 1.320e-01
123 3.210e+02 1.320e-01
124 1.153e+02 1.320e-01
125 4.136e+01 1.320e-01
126 1.485e+01 1.320e-01
127 5.300e+00 1.320e-01
128 1.960e+00 1.320e-01
129 7.728e-01 1.320e-01
130 3.498e-01 1.320e-01
131 2.393e-01 1.320e-01
132 1.342e-01 1.320e-01
133 7.925e-02 7.925e-02
134 1.107e-01 7.925e-02
135 8.359e-02 7.925e-02
136 3.309e-02 3.309e-02
137 1.652e-02 1.652e-02
138 2.293e-02 1.652e-02
139 9.529e-03 9.529e-03
140 7.273e-03 7.273e-03
141 2.057e-02 7.273e-03
142 7.423e-03 7.273e-03
143 3.275e-03 3.275e-03
144 3.729e-03 3.275e-03
145 1.903e-03 1.903e-03
146 2.645e-03 1.903e-03
147 1.495e-03 1.495e-03
148 1.162e-01 1.495e-03
149 3.696e-02 1.495e-03
150 1.186e-02 1.495e-03
151 1.450e-02 1.495e-03
152 5.194e-03 1.495e-03
153 1.921e-03 1.495e-03
154 9.616e-04 9.616e-04
155 9.789e-03 9.616e-04
156 3.115e-03 9.616e-04
157 1.122e-03 9.616e-04
158 4.288e-04 4.288e-04
159 2.494e-04 2.494e-04
160 3.845e+02 2.494e-04
161 1.399e+02 2.494e-04
162 7.625e+02 2.494e-04
163 2.849e+02 2.494e-04
164 3.925e+02 2.494e-04
165 1.459e+02 2.494e-04
166 6.104e+01 2.494e-04
167 2.326e+01 2.494e-04
168 9.385e+00 2.494e-04
169 3.421e+00 2.494e-04
170 1.318e+00 2.494e-04
171 5.386e-01 2.494e-04
172 4.187e+01 2.494e-04
173 2.141e+02 2.494e-04
174 1.821e+03 2.494e-04
175 3.220e+04 2.494e-04
176 1.161e+04 2.494e-04
177 4.188e+03 2.494e-04
178 1.516e+03 2.494e-04
179 5.466e+02 2.494e-04
180 1.970e+02 2.494e-04
181 7.337e+01 2.494e-04
182 2.632e+01 2.494e-04
183 9.424e+00 2.494e-04
184 3.375e+00 2.494e-04
185 4.131e+00 2.494e-04
186 1.666e+00 2.494e-04
187 6.254e-01 2.494e-04
188 3.189e-01 2.494e-04
189 2.616e-01 2.494e-04
190 1.300e-01 2.494e-04
191 3.928e+02 2.494e-04
192 3.445e+02 2.494e-04
193 1.232e+02 2.494e-04
194 4.376e+01 2.494e-04
195 1.551e+01 2.494e-04
196 5.489e+00 2.494e-04
197 1.952e+00 2.494e-04
198 7.073e-01 2.494e-04
199 2.681e-01 2.494e-04
200 1.113e-01 2.494e-04
201 5.625e-02 2.494e-04
202 3.982e-02 2.494e-04
203 2.606e-02 2.494e-04
204 2.526e-02 2.494e-04
205 2.621e+00 2.494e-04
206 9.446e-01 2.494e-04
207 3.190e-01 2.494e-04
208 1.100e-01 2.494e-04
209 4.039e-02 2.494e-04
210 1.788e-02 2.494e-04
211 1.110e-02 2.494e-04
212 1.192e-02 2.494e-04
213 6.440e-03 2.494e-04
214 5.461e-02 2.494e-04
215 1.789e-02 2.494e-04
216 5.989e-03 2.494e-04
217 2.329e-03 2.494e-04
218 1.353e-03 2.494e-04
219 3.136e-03 2.494e-04
220 1.068e-03 2.494e-04
221 4.516e-04 2.494e-04
222 2.909e-04 2.494e-04
223 2.186e+00 2.494e-04
224 7.899e-01 2.494e-04
225 2.944e-01 2.494e-04
226 9.925e-02 2.494e-04
227 3.285e-02 2.494e-04
228 1.096e-02 2.494e-04
229 4.571e-03 2.494e-04
230 2.339e-03 2.494e-04
231 3.213e-03 2.494e-04
232 4.150e-02 2.494e-04
233 2.616e+01 2.494e-04
234 8.366e+05 2.494e-04
235 3.051e+05 2.494e-04
236 1.101e+05 2.494e-04
237 3.971e+04 2.494e-04
238 1.432e+04 2.494e-04
239 5.317e+03 2.494e-04
240 1.274e+04 2.494e-04
241 5.276e+03 2.494e-04
242 1.901e+03 2.494e-04
243 7.334e+02 2.494e-04
244 3.018e+02 2.494e-04
245 1.394e+02 2.494e-04
246 5.149e+02 2.494e-04
247 5.586e+03 2.494e-04
248 9.065e+03 2.494e-04
249 1.674e+05 2.494e-04
250 6.673e+04 2.494e-04
251 2.850e+04 2.494e-04
252 1.779e+04 2.494e-04
253 1.871e+04 2.494e-04
254 1.369e+05 2.494e-04
255 7.453e+04 2.494e-04
256 4.567e+04 2.494e-04
257 1.752e+04 2.494e-04
258 6.525e+03 2.494e-04
259 2.408e+03 2.494e-04
260 8.835e+02 2.494e-04
261 3.224e+02 2.494e-04
262 1.169e+02 2.494e-04
263 4.212e+01 2.494e-04
264 1.516e+01 2.494e-04
265 5.506e+00 2.494e-04
266 2.067e+00 2.494e-04
267 8.391e-01 2.494e-04
268 3.927e-01 2.494e-04
269 3.322e-01 2.494e-04
270 1.726e-01 2.494e-04
271 1.272e-01 2.494e-04
272 1.112e-01 2.494e-04
273 9.897e-02 2.494e-04
274 4.345e-02 2.494e-04
275 3.248e-02 2.494e-04
276 2.066e+01 2.494e-04
277 8.221e+03 2.494e-04
278 4.043e+03 2.494e-04
279 4.244e+04 2.494e-04
280 1.542e+04 2.494e-04
281 8.943e+03 2.494e-04
282 3.223e+03 2.494e-04
283 1.159e+03 2.494e-04
284 6.097e+02 2.494e-04
285 2.182e+02 2.494e-04
286 7.790e+01 2.494e-04
287 2.771e+01 2.494e-04
288 9.840e+00 2.494e-04
289 3.514e+00 2.494e-04
290 1.291e+00 2.494e-04
291 5.191e-01 2.494e-04
292 2.480e-01 2.494e-04
293 2.902e-01 2.494e-04
294 7.077e+06 2.494e-04
295 2.076e+08 2.494e-04
296 7.490e+07 2.494e-04
297 2.704e+07 2.494e-04
298 9.752e+06 2.494e-04
299 3.518e+06 2.494e-04
300 1.269e+06 2.494e-04
301 4.683e+05 2.494e-04
302 1.689e+05 2.494e-04
303 6.090e+04 2.494e-04
304 2.196e+04 2.494e-04
305 7.921e+03 2.494e-04
306 2.861e+03 2.494e-04
307 1.037e+03 2.494e-04
308 3.791e+02 2.494e-04
309 1.399e+02 2.494e-04
310 5.170e+01 2.494e-04
311 1.890e+01 2.494e-04
312 6.821e+00 2.494e-04
313 2.473e+00 2.494e-04
314 9.414e-01 2.494e-04
315 4.199e-01 2.494e-04
316 2.774e-01 2.494e-04
317 2.340e-01 2.494e-04
318 1.197e+01 2.494e-04
319 5.949e+00 2.494e-04
320 5.408e+00 2.494e-04
321 1.871e+00 2.494e-04
322 6.647e-01 2.494e-04
323 2.523e-01 2.494e-04
324 1.142e-01 2.494e-04
325 7.454e-02 2.494e-04
326 6.390e-02 2.494e-04
327 8.128e-02 2.494e-04
328 3.318e-02 2.494e-04
329 2.048e-02 2.494e-04
330 9.875e-02 2.494e-04
331 3.365e-02 2.494e-04
332 1.302e-02 2.494e-04
333 7.802e-03 2.494e-04
334 6.780e-02 2.494e-04
335 2.184e-02 2.494e-04
336 5.158e+00 2.494e-04
337 6.143e+00 2.494e-04
338 3.481e+02 2.494e-04
339 1.142e+09 2.494e-04
340 4.118e+08 2.494e-04
341 1.486e+08 2.494e-04
342 5.359e+07 2.494e-04
343 1.933e+07 2.494e-04
344 6.974e+06 2.494e-04
345 2.516e+06 2.494e-04
346 9.075e+05 2.494e-04
347 3.273e+05 2.494e-04
348 1.181e+05 2.494e-04
349 4.259e+04 2.494e-04
350 1.536e+04 2.494e-04
351 5.537e+03 2.494e-04
352 1.997e+03 2.494e-04
353 7.211e+02 2.494e-04
354 2.613e+02 2.494e-04
355 9.551e+01 2.494e-04
356 3.541e+01 2.494e-04
357 1.332e+01 2.494e-04
358 5.025e+00 2.494e-04
359 1.916e+00 2.494e-04
360 7.877e-01 2.494e-04
361 3.917e-01 2.494e-04
362 4.285e-01 2.494e-04
363 1.185e+02 2.494e-04
364 5.630e+01 2.494e-04
365 3.011e+01 2.494e-04
366 1.073e+01 2.494e-04
367 3.828e+00 2.494e-04
368 1.404e+00 2.494e-04
369 5.538e-01 2.494e-04
370 2.690e-01 2.494e-04
371 5.389e-01 2.494e-04
372 5.139e+02 2.494e-04
373 2.065e+02 2.494e-04
374 7.692e+01 2.494e-04
375 2.763e+01 2.494e-04
376 6.495e+03 2.494e-04
377 3.862e+03 2.494e-04
378 1.388e+03 2.494e-04
379 5.178e+02 2.494e-04
380 1.862e+02 2.494e-04
381 3.093e+03 2.494e-04
382 1.263e+03 2.494e-04
383 4.529e+02 2.494e-04
384 1.625e+02 2.494e-04
385 5.817e+01 2.494e-04
386 2.091e+01 2.494e-04
387 7.583e+00 2.494e-04
388 2.799e+00 2.494e-04
389 1.058e+00 2.494e-04
390 4.177e-01 2.494e-04
391 1.868e-01 2.494e-04
392 1.119e-01 2.494e-04
393 6.518e-02 2.494e-04
394 5.182e-02 2.494e-04
395 4.699e-02 2.494e-04
396 3.255e-01 2.494e-04
397 1.327e-01 2.494e-04
398 8.842e-02 2.494e-04
399 9.459e-02 2.494e-04
400 6.136e-02 2.494e-04
401 2.449e-02 2.494e-04
402 1.322e-02 2.494e-04
403 1.427e-02 2.494e-04
404 6.079e-03 2.494e-04
405 4.904e-03 2.494e-04
406 4.113e-03 2.494e-04
407 5.209e-01 2.494e-04
408 1.736e-01 2.494e-04
409 6.494e-02 2.494e-04
410 2.638e-02 2.494e-04
411 1.017e-02 2.494e-04
412 5.165e-03 2.494e-04
413 2.053e-02 2.494e-04
414 2.246e-02 2.494e-04
415 3.500e-02 2.494e-04
416 2.076e-01 2.494e-04
417 6.689e-02 2.494e-04
418 2.127e-02 2.494e-04
419 6.859e-03 2.494e-04
420 2.341e-03 2.494e-04
421 9.901e-04 2.494e-04
422 6.933e-04 2.494e-04
423 3.862e-04 2.494e-04
424 2.005e-04 2.005e-04
425 9.684e-05 9.684e-05
426 5.040e-05 5.040e-05
427 2.842e-05 2.842e-05
428 1.437e-05 1.437e-05
429 6.472e-06 6.472e-06
430 2.636e-06 2.636e-06
431 9.542e-07 9.542e-07
432 3.520e-07 3.520e-07
433 1.286e-07 1.286e-07
434 4.963e-08 4.963e-08
435 1.884e-08 1.884e-08
436 7.204e-09 7.204e-09
437 2.736e-09 2.736e-09
438 1.056e-09 1.056e-09
439 4.035e-10 4.035e-10
440 1.581e-10 1.581e-10
441 6.134e-11 6.134e-11
442 2.464e-11 2.464e-11
443 9.830e-12 9.830e-12
444 4.078e-12 4.078e-12
445 1.671e-12 1.671e-12
446 7.242e-13 7.242e-13
447 3.213e-13 3.213e-13
448 1.773e-13 1.773e-13
449 7.639e-14 7.639e-14
1 (precision) 1.453e-13 7.639e-14 (from 7.639e-14)
2 (precision) 8.073e-14 7.639e-14 (from 7.639e-14)
3 (precision) 4.571e-14 4.571e-14 (from 7.639e-14)
4 (precision) 8.596e-14 4.571e-14 (from 7.639e-14)
5 (precision) 2.756e-14 2.756e-14 (from 7.639e-14)
6 (precision) 1.398e-13 2.756e-14 (from 7.639e-14)
7 (precision) 8.646e-15 8.646e-15 (from 7.639e-14)
8 (precision) 1.630e-14 8.646e-15 (from 7.639e-14)
9 (precision) 8.659e-15 8.646e-15 (from 7.639e-14)
10 (precision) 3.081e-14 8.646e-15 (from 7.639e-14)
11 (precision) 5.870e-15 5.870e-15 (from 7.639e-14)
12 (precision) 2.065e-14 5.870e-15 (from 7.639e-14)
13 (precision) 1.115e-14 5.870e-15 (from 7.639e-14)
14 (precision) 1.287e-13 5.870e-15 (from 7.639e-14)
15 (precision) 3.292e-14 5.870e-15 (from 7.639e-14)
16 (precision) 1.919e-14 5.870e-15 (from 7.639e-14)
17 (precision) 1.861e-15 1.861e-15 (from 7.639e-14)
18 (precision) 5.306e-15 1.861e-15 (from 7.639e-14)
19 (precision) 1.273e-15 1.273e-15 (from 7.639e-14)
20 (precision) 5.417e-17 5.417e-17 (from 7.639e-14)
21 (precision) 7.793e-15 5.417e-17 (from 7.639e-14)
22 (precision) 1.071e-14 5.417e-17 (from 7.639e-14)
23 (precision) 1.007e-13 5.417e-17 (from 7.639e-14)
24 (precision) 2.630e-14 5.417e-17 (from 7.639e-14)
25 (precision) 1.315e-14 5.417e-17 (from 7.639e-14)
26 (precision) 9.613e-15 5.417e-17 (from 7.639e-14)
27 (precision) 9.746e-15 5.417e-17 (from 7.639e-14)
28 (precision) 6.643e-16 5.417e-17 (from 7.639e-14)
29 (precision) 6.295e-15 5.417e-17 (from 7.639e-14)
30 (precision) 2.700e-15 5.417e-17 (from 7.639e-14)
31 (precision) 1.193e-15 5.417e-17 (from 7.639e-14)
32 (precision) 9.012e-16 5.417e-17 (from 7.639e-14)
33 (precision) 1.115e-15 5.417e-17 (from 7.639e-14)
34 (precision) 5.003e-15 5.417e-17 (from 7.639e-14)
35 (precision) 1.387e-14 5.417e-17 (from 7.639e-14)
36 (precision) 4.325e-13 5.417e-17 (from 7.639e-14)
37 (precision) 1.246e-13 5.417e-17 (from 7.639e-14)
38 (precision) 4.662e-14 5.417e-17 (from 7.639e-14)
39 (precision) 3.858e-15 5.417e-17 (from 7.639e-14)
40 (precision) 7.703e-15 5.417e-17 (from 7.639e-14)
41 (precision) 6.387e-16 5.417e-17 (from 7.639e-14)
42 (precision) 3.529e-15 5.417e-17 (from 7.639e-14)
43 (precision) 5.716e-15 5.417e-17 (from 7.639e-14)
44 (precision) 1.691e-14 5.417e-17 (from 7.639e-14)
45 (precision) 8.408e-15 5.417e-17 (from 7.639e-14)
46 (precision) 1.395e-15 5.417e-17 (from 7.639e-14)
47 (precision) 6.751e-15 5.417e-17 (from 7.639e-14)
48 (precision) 2.984e-16 5.417e-17 (from 7.639e-14)
49 (precision) 4.460e-15 5.417e-17 (from 7.639e-14)
50 (precision) 1.618e-14 5.417e-17 (from 7.639e-14)
51 (precision) 4.304e-11 5.417e-17 (from 7.639e-14)
52 (precision) 1.224e-11 5.417e-17 (from 7.639e-14)
53 (precision) 3.781e-12 5.417e-17 (from 7.639e-14)
54 (precision) 1.680e-12 5.417e-17 (from 7.639e-14)
55 (precision) 8.901e-13 5.417e-17 (from 7.639e-14)
56 (precision) 6.263e-13 5.417e-17 (from 7.639e-14)
57 (precision) 2.304e-12 5.417e-17 (from 7.639e-14)
58 (precision) 8.067e-13 5.417e-17 (from 7.639e-14)
59 (precision) 6.692e-13 5.417e-17 (from 7.639e-14)
60 (precision) 6.662e-13 5.417e-17 (from 7.639e-14)
61 (precision) 3.101e-13 5.417e-17 (from 7.639e-14)
62 (precision) 1.461e-13 5.417e-17 (from 7.639e-14)
63 (precision) 9.785e-14 5.417e-17 (from 7.639e-14)
64 (precision) 3.433e-14 5.417e-17 (from 7.639e-14)
65 (precision) 1.827e-14 5.417e-17 (from 7.639e-14)
66 (precision) 9.552e-15 5.417e-17 (from 7.639e-14)
67 (precision) 3.324e-15 5.417e-17 (from 7.639e-14)
68 (precision) 1.264e-14 5.417e-17 (from 7.639e-14)
69 (precision) 3.257e-14 5.417e-17 (from 7.639e-14)
70 (precision) 1.434e-15 5.417e-17 (from 7.639e-14)
71 (precision) 1.544e-17 1.544e-17 (from 7.639e-14)
72 (precision) 2.603e-15 1.544e-17 (from 7.639e-14)
73 (precision) 1.720e-14 1.544e-17 (from 7.639e-14)
74 (precision) 5.431e-13 1.544e-17 (from 7.639e-14)
75 (precision) 1.524e-13 1.544e-17 (from 7.639e-14)
76 (precision) 3.504e-14 1.544e-17 (from 7.639e-14)
77 (precision) 1.482e-14 1.544e-17 (from 7.639e-14)
78 (precision) 5.103e-15 1.544e-17 (from 7.639e-14)
79 (precision) 5.484e-15 1.544e-17 (from 7.639e-14)
80 (precision) 1.325e-14 1.544e-17 (from 7.639e-14)
81 (precision) 4.264e-15 1.544e-17 (from 7.639e-14)
82 (precision) 6.605e-15 1.544e-17 (from 7.639e-14)
83 (precision) 3.431e-16 1.544e-17 (from 7.639e-14)
84 (precision) 4.314e-15 1.544e-17 (from 7.639e-14)
85 (precision) 1.500e-14 1.544e-17 (from 7.639e-14)
86 (precision) 5.153e-16 1.544e-17 (from 7.639e-14)
87 (precision) 5.439e-15 1.544e-17 (from 7.639e-14)
88 (precision) 1.163e-14 1.544e-17 (from 7.639e-14)
89 (precision) 8.510e-16 1.544e-17 (from 7.639e-14)
90 (precision) 1.154e-14 1.544e-17 (from 7.639e-14)
91 (precision) 1.866e-14 1.544e-17 (from 7.639e-14)
92 (precision) 1.123e-14 1.544e-17 (from 7.639e-14)
93 (precision) 6.334e-15 1.544e-17 (from 7.639e-14)
94 (precision) 8.428e-15 1.544e-17 (from 7.639e-14)
95 (precision) 3.750e-16 1.544e-17 (from 7.639e-14)
96 (precision) 4.267e-16 1.544e-17 (from 7.639e-14)
97 (precision) 1.766e-15 1.544e-17 (from 7.639e-14)
98 (precision) 5.277e-16 1.544e-17 (from 7.639e-14)
99 (precision) 6.717e-16 1.544e-17 (from 7.639e-14)
100 (precision) 1.194e-15 1.544e-17 (from 7.639e-14)

x:  9.922e-02 -9.930e-02 -2.183e-02 -4.082e-01  2.151e-02 -9.961e-02  3.560e-01 -3.925e-01  1.252e-01 -3.971e-01  4.081e-01 -3.924e-01 -3.952e-01 -5.284e-03 -2.356e-02 -4.078e-01  1.246e-01  4.081e-01 -1.252e-01 -4.082e-01 -4.082e-01 -3.971e-01 -6.792e-03  5.284e-03  3.991e-01 -2.309e-01  2.528e-01 -4.028e-02 -3.078e-01  3.490e-01 -1.707e-01 -1.949e-01  3.951e-01  3.078e-01 -2.634e-01  3.077e-01 -3.772e-01  3.013e-02  1.030e-01  2.214e-01  3.960e-01 -3.960e-01  4.077e-01  2.518e-04 -4.077e-01 -3.959e-01 -1.998e-01  1.123e-01  3.886e-01  9.456e-02 -9.869e-03  1.125e-01 -1.022e-01 -4.082e-01  4.076e-01  1.845e-02  3.888e-01 -9.785e-03 -3.886e-01 -8.505e-03 -8.722e-03  9.456e-02 -4.082e-01  4.082e-01 -8.591e-02 -3.366e-01  3.206e-01 -4.063e-01 -2.682e-01 -2.118e-01 -3.709e-01 -3.587e-01 -1.028e-01  2.682e-01 -3.119e-01 -2.683e-01 -1.562e-01  4.071e-01  3.950e-01  3.430e-01 -8.690e-02  3.989e-01  1.097e-01 -3.932e-01  1.785e-01 -3.671e-01  1.769e-02  4.079e-01  3.840e-01 -1.385e-01  2.839e-01 -2.933e-01  8.663e-02 -3.990e-01 -2.409e-01  3.296e-01  3.446e-01 -2.189e-01  4.004e-01 -7.954e-02  1.953e-01  3.585e-01 -3.229e-01  2.499e-01  4.063e-01  4.015e-02  3.551e-01  2.014e-01  2.328e-01  3.354e-01 -2.591e-01  3.155e-01  2.856e-01  2.917e-01 -1.768e-16

grad:  6.305e-35  6.501e-35 -3.945e-35 -1.673e-34  4.835e-35  1.057e-34  8.008e-35 -7.091e-34 -4.582e-35  8.674e-35 -4.468e-35  1.812e-34 -3.016e-34 -4.180e-35 -1.747e-35 -3.042e-36 -1.188e-34  3.797e-34  6.051e-36  1.224e-34  4.866e-35  8.312e-35  9.953e-36 -5.071e-35 -9.653e-35  3.035e-37  1.008e-34 -7.388e-35 -1.900e-34 -3.342e-35 -2.487e-35 -1.481e-34  3.219e-34  1.632e-34  2.398e-35  2.805e-35 -5.736e-35  5.440e-35  1.111e-34 -3.145e-35 -4.229e-35 -9.821e-35  3.152e-34  3.882e-35  8.935e-35  1.954e-34 -9.910e-35  1.685e-34  1.313e-34 -2.455e-35  7.333e-35  6.843e-35 -9.664e-35 -1.821e-34 -1.504e-36 -2.479e-35  6.539e-35 -4.633e-35 -1.928e-34  3.990e-36 -5.413e-36  2.290e-35 -2.979e-34  1.885e-34 -6.509e-35  1.005e-34  1.380e-34 -3.698e-34 -1.511e-34  6.172e-36 -1.567e-35  6.005e-35 -7.155e-35  6.750e-35 -6.731e-36 -4.049e-35 -1.738e-34  3.694e-34  1.991e-34 -4.401e-35  4.322e-35 -5.748e-35  6.858e-35  1.146e-34 -6.149e-35  8.144e-35  4.761e-35 -2.233e-34  1.255e-34  1.490e-35 -6.232e-35  1.773e-34 -7.129e-35 -1.828e-35  1.112e-34 -9.097e-35  7.936e-35  6.318e-35 -3.781e-35  1.277e-34 -4.402e-35 -9.223e-36  5.417e-35 -1.102e-34 -4.383e-35 -3.881e-35 -6.345e-35 -2.905e-35  2.841e-35  1.372e-35  1.453e-34  2.427e-35 -3.388e-35 -1.116e-34  1.194e-15

finished in 449 iterations (0.341 seconds total)
max viol = 5.04e-08

---------------------
Result:
---------------------

{(1,0), (0,0), (0,0), (0,0), (0,0), (0,0)}, {(0,0), (1,0), (0,0), (0,0), (0,0), (0,0)}, {(0,0), (0,0), (1,0), (0,0), (0,0), (0,0)}, {(0,0), (0,0), (0,0), (1,0), (0,0), (0,0)}, {(0,0), (0,0), (0,0), (0,0), (1,0), (0,0)}, {(0,0), (0,0), (0,0), (0,0), (0,0), (1,0)}


{(0.408,0), (0.408,0), (0.408,0), (0.408,0), (0.408,0), (0.408,0)}, {(0.408,0), (0.0992,0.396), (-0.0993,-0.396), (-0.0218,0.408), (-0.408,0.000252), (0.0215,-0.408)}, {(0.408,0), (-0.0996,-0.396), (0.356,-0.2), (-0.393,0.112), (0.125,0.389), (-0.397,0.0946)}, {(0.408,0), (0.408,-0.00987), (-0.392,0.113), (-0.395,-0.102), (-0.00528,-0.408), (-0.0236,0.408)}, {(0.408,0), (-0.408,0.0185), (0.125,0.389), (0.408,-0.00979), (-0.125,-0.389), (-0.408,-0.0085)}, {(0.408,0), (-0.408,-0.00872), (-0.397,0.0946), (-0.00679,-0.408), (0.00528,0.408), (0.399,-0.0859)}


{(0.408,0), (-0.231,-0.337), (0.253,0.321), (-0.0403,-0.406), (-0.308,-0.268), (0.349,-0.212)}, {(0.408,0), (-0.171,-0.371), (-0.195,-0.359), (0.395,-0.103), (0.308,0.268), (-0.263,-0.312)}, {}, {}, {}, {}


{(0.408,0), (0.308,-0.268), (-0.377,-0.156), (0.0301,0.407), (0.103,0.395), (0.221,0.343)}, {}, {}, {}, {}, {}

---------------------
Abs of Gram matrix:
---------------------

 { { +1.0000, +0.0000, +0.0000, +0.0000, +0.0000, +0.0000, +0.4082, +0.4082, +0.4082, +0.4082, +0.4082, +0.4082, +0.4082, +0.4082, +0.0000, +0.0000, +0.0000, +0.0000, +0.4082, +0.0000, +0.0000, +0.0000, +0.0000, +0.0000}, 
   { +0.0000, +1.0000, +0.0000, +0.0000, +0.0000, +0.0000, +0.4082, +0.4082, +0.4082, +0.4082, +0.4082, +0.4082, +0.4082, +0.4082, +0.0000, +0.0000, +0.0000, +0.0000, +0.4082, +0.0000, +0.0000, +0.0000, +0.0000, +0.0000}, 
   { +0.0000, +0.0000, +1.0000, +0.0000, +0.0000, +0.0000, +0.4082, +0.4082, +0.4082, +0.4082, +0.4082, +0.4082, +0.4082, +0.4082, +0.0000, +0.0000, +0.0000, +0.0000, +0.4082, +0.0000, +0.0000, +0.0000, +0.0000, +0.0000}, 
   { +0.0000, +0.0000, +0.0000, +1.0000, +0.0000, +0.0000, +0.4082, +0.4082, +0.4082, +0.4082, +0.4082, +0.4082, +0.4082, +0.4082, +0.0000, +0.0000, +0.0000, +0.0000, +0.4082, +0.0000, +0.0000, +0.0000, +0.0000, +0.0000}, 
   { +0.0000, +0.0000, +0.0000, +0.0000, +1.0000, +0.0000, +0.4082, +0.4082, +0.4082, +0.4082, +0.4082, +0.4082, +0.4082, +0.4082, +0.0000, +0.0000, +0.0000, +0.0000, +0.4082, +0.0000, +0.0000, +0.0000, +0.0000, +0.0000}, 
   { +0.0000, +0.0000, +0.0000, +0.0000, +0.0000, +1.0000, +0.4082, +0.4082, +0.4082, +0.4082, +0.4082, +0.4082, +0.4082, +0.4082, +0.0000, +0.0000, +0.0000, +0.0000, +0.4082, +0.0000, +0.0000, +0.0000, +0.0000, +0.0000}, 
   { +0.4082, +0.4082, +0.4082, +0.4082, +0.4082, +0.4082, +1.0000, +0.0002, +0.0002, +0.0001, +0.0002, +0.0002, +0.4082, +0.4082, +0.0000, +0.0000, +0.0000, +0.0000, +0.4082, +0.0000, +0.0000, +0.0000, +0.0000, +0.0000}, 
   { +0.4082, +0.4082, +0.4082, +0.4082, +0.4082, +0.4082, +0.0002, +1.0000, +0.0000, +0.0000, +0.0000, +0.0000, +0.4082, +0.4082, +0.0000, +0.0000, +0.0000, +0.0000, +0.4082, +0.0000, +0.0000, +0.0000, +0.0000, +0.0000}, 
   { +0.4082, +0.4082, +0.4082, +0.4082, +0.4082, +0.4082, +0.0002, +0.0000, +1.0000, +0.0000, +0.0000, +0.0000, +0.4082, +0.4082, +0.0000, +0.0000, +0.0000, +0.0000, +0.4082, +0.0000, +0.0000, +0.0000, +0.0000, +0.0000}, 
   { +0.4082, +0.4082, +0.4082, +0.4082, +0.4082, +0.4082, +0.0001, +0.0000, +0.0000, +1.0000, +0.0000, +0.0000, +0.4082, +0.4082, +0.0000, +0.0000, +0.0000, +0.0000, +0.4082, +0.0000, +0.0000, +0.0000, +0.0000, +0.0000}, 
   { +0.4082, +0.4082, +0.4082, +0.4082, +0.4082, +0.4082, +0.0002, +0.0000, +0.0000, +0.0000, +1.0000, +0.0000, +0.4082, +0.4082, +0.0000, +0.0000, +0.0000, +0.0000, +0.4082, +0.0000, +0.0000, +0.0000, +0.0000, +0.0000}, 
   { +0.4082, +0.4082, +0.4082, +0.4082, +0.4082, +0.4082, +0.0002, +0.0000, +0.0000, +0.0000, +0.0000, +1.0000, +0.4082, +0.4082, +0.0000, +0.0000, +0.0000, +0.0000, +0.4082, +0.0000, +0.0000, +0.0000, +0.0000, +0.0000}, 
   { +0.4082, +0.4082, +0.4082, +0.4082, +0.4082, +0.4082, +0.4082, +0.4082, +0.4082, +0.4082, +0.4082, +0.4082, +1.0000, +0.0000, +0.0000, +0.0000, +0.0000, +0.0000, +0.4082, +0.0000, +0.0000, +0.0000, +0.0000, +0.0000}, 
   { +0.4082, +0.4082, +0.4082, +0.4082, +0.4082, +0.4082, +0.4082, +0.4082, +0.4082, +0.4082, +0.4082, +0.4082, +0.0000, +1.0000, +0.0000, +0.0000, +0.0000, +0.0000, +0.4082, +0.0000, +0.0000, +0.0000, +0.0000, +0.0000}, 
   { +0.0000, +0.0000, +0.0000, +0.0000, +0.0000, +0.0000, +0.0000, +0.0000, +0.0000, +0.0000, +0.0000, +0.0000, +0.0000, +0.0000, +0.0000, +0.0000, +0.0000, +0.0000, +0.0000, +0.0000, +0.0000, +0.0000, +0.0000, +0.0000}, 
   { +0.0000, +0.0000, +0.0000, +0.0000, +0.0000, +0.0000, +0.0000, +0.0000, +0.0000, +0.0000, +0.0000, +0.0000, +0.0000, +0.0000, +0.0000, +0.0000, +0.0000, +0.0000, +0.0000, +0.0000, +0.0000, +0.0000, +0.0000, +0.0000}, 
   { +0.0000, +0.0000, +0.0000, +0.0000, +0.0000, +0.0000, +0.0000, +0.0000, +0.0000, +0.0000, +0.0000, +0.0000, +0.0000, +0.0000, +0.0000, +0.0000, +0.0000, +0.0000, +0.0000, +0.0000, +0.0000, +0.0000, +0.0000, +0.0000}, 
   { +0.0000, +0.0000, +0.0000, +0.0000, +0.0000, +0.0000, +0.0000, +0.0000, +0.0000, +0.0000, +0.0000, +0.0000, +0.0000, +0.0000, +0.0000, +0.0000, +0.0000, +0.0000, +0.0000, +0.0000, +0.0000, +0.0000, +0.0000, +0.0000}, 
   { +0.4082, +0.4082, +0.4082, +0.4082, +0.4082, +0.4082, +0.4082, +0.4082, +0.4082, +0.4082, +0.4082, +0.4082, +0.4082, +0.4082, +0.0000, +0.0000, +0.0000, +0.0000, +1.0000, +0.0000, +0.0000, +0.0000, +0.0000, +0.0000}, 
   { +0.0000, +0.0000, +0.0000, +0.0000, +0.0000, +0.0000, +0.0000, +0.0000, +0.0000, +0.0000, +0.0000, +0.0000, +0.0000, +0.0000, +0.0000, +0.0000, +0.0000, +0.0000, +0.0000, +0.0000, +0.0000, +0.0000, +0.0000, +0.0000}, 
   { +0.0000, +0.0000, +0.0000, +0.0000, +0.0000, +0.0000, +0.0000, +0.0000, +0.0000, +0.0000, +0.0000, +0.0000, +0.0000, +0.0000, +0.0000, +0.0000, +0.0000, +0.0000, +0.0000, +0.0000, +0.0000, +0.0000, +0.0000, +0.0000}, 
   { +0.0000, +0.0000, +0.0000, +0.0000, +0.0000, +0.0000, +0.0000, +0.0000, +0.0000, +0.0000, +0.0000, +0.0000, +0.0000, +0.0000, +0.0000, +0.0000, +0.0000, +0.0000, +0.0000, +0.0000, +0.0000, +0.0000, +0.0000, +0.0000}, 
   { +0.0000, +0.0000, +0.0000, +0.0000, +0.0000, +0.0000, +0.0000, +0.0000, +0.0000, +0.0000, +0.0000, +0.0000, +0.0000, +0.0000, +0.0000, +0.0000, +0.0000, +0.0000, +0.0000, +0.0000, +0.0000, +0.0000, +0.0000, +0.0000}, 
   { +0.0000, +0.0000, +0.0000, +0.0000, +0.0000, +0.0000, +0.0000, +0.0000, +0.0000, +0.0000, +0.0000, +0.0000, +0.0000, +0.0000, +0.0000, +0.0000, +0.0000, +0.0000, +0.0000, +0.0000, +0.0000, +0.0000, +0.0000, +0.0000} } 
