---------------------
Basis Indices:
---------------------

{1, 0, 0, 0, 0, 0}, {1, 0, 0, 0, 0, 0}, {1, 0, 0, 0, 0, 0}, {1, 0, 0, 0, 0, 0}, {1, 0, 0, 0, 0, 0}, {1, 0, 0, 0, 0, 0}


{0.408, 0.408, 0.408, 0.408, 0.408, 0.408}, {0.408, x_43+i*x_187, x_44+i*x_188, x_45+i*x_189, x_46+i*x_190, x_47+i*x_191}, {0.408, x_49+i*x_193, x_50+i*x_194, x_51+i*x_195, x_52+i*x_196, x_53+i*x_197}, {}, {}, {}


{0.408, x_73+i*x_217, x_74+i*x_218, x_75+i*x_219, x_76+i*x_220, x_77+i*x_221}, {}, {}, {}, {}, {}


{0.408, x_109+i*x_253, x_110+i*x_254, x_111+i*x_255, x_112+i*x_256, x_113+i*x_257}, {}, {}, {}, {}, {}

---------------------
Problem: 
---------------------
Find a point satisfying:

1*{  44  50} + 1*{  46  52} + 1*{ 188 194} + 1*{ 187 193} + 1*{  47  53} + 1*{  45  51} + 1*{  43  49} + 1*{ 189 195} + 0.166667*{} + 1*{ 190 196} + 1*{ 191 197} = 0 

-1*{  51 189} + 1*{  45 195} + -1*{  50 188} + 1*{  44 194} + 1*{  43 193} + -1*{  53 191} + 1*{  46 196} + -1*{  52 190} + -1*{  49 187} + 1*{  47 197} = 0 

-0.166667*{} + 1*{ 289 289} + 1*{ 288 288} = 0 

1*{ 189 219} + 1*{ 188 218} + 1*{ 187 217} + 1*{  45  75} + 1*{  44  74} + 1*{  43  73} + 0.166667*{} + 1*{  46  76} + 1*{ 190 220} + 1*{  47  77} + 1*{ 191 221} + -1*{ 288} = 0 

-1*{  75 189} + 1*{  45 219} + 1*{  46 220} + 1*{  44 218} + -1*{  74 188} + 1*{  43 217} + -1*{ 289} + -1*{  73 187} + 1*{  47 221} + -1*{  76 190} + -1*{  77 191} = 0 

-0.166667*{} + 1*{ 291 291} + 1*{ 290 290} = 0 

1*{ 189 255} + 1*{  45 111} + 1*{  46 112} + 1*{ 187 253} + 0.166667*{} + 1*{  43 109} + 1*{  44 110} + 1*{ 190 256} + 1*{  47 113} + 1*{ 191 257} + 1*{ 188 254} + -1*{ 290} = 0 

-1*{ 110 188} + 1*{  45 255} + -1*{ 109 187} + -1*{ 111 189} + 1*{  43 253} + 1*{  47 257} + 1*{  44 254} + 1*{  46 256} + -1*{ 112 190} + -1*{ 113 191} + -1*{ 291} = 0 

-0.166667*{} + 1*{ 187 187} + 1*{  43  43} = 0 

-0.166667*{} + 1*{ 188 188} + 1*{  44  44} = 0 

-0.166667*{} + 1*{ 189 189} + 1*{  45  45} = 0 

-0.166667*{} + 1*{ 190 190} + 1*{  46  46} = 0 

-0.166667*{} + 1*{ 191 191} + 1*{  47  47} = 0 

0.333333*{  45  46} + 0.166667*{  44  44} + 0.333333*{  44  46} + 0.166667*{  47  47} + 0.333333*{  46  47} + 0.166667*{ 188 188} + 0.166667*{  45  45} + 0.333333*{  43  44} + 0.136083*{  45} + 0.333333*{  43  45} + 0.333333*{ 189 190} + 0.333333*{ 190 191} + 0.136083*{  47} + 0.333333*{  43  46} + 0.333333*{ 189 191} + 0.333333*{ 187 190} + 0.333333*{ 188 191} + 0.333333*{  44  45} + 0.166667*{ 191 191} + 0.166667*{  43  43} + 0.166667*{ 190 190} + 0.333333*{ 187 188} + 0.166667*{ 187 187} + 0.166667*{ 189 189} + 0.333333*{ 188 189} + 0.136083*{  44} + 0.0277778*{} + 0.333333*{  45  47} + 0.136083*{  43} + 0.136083*{  46} + 0.333333*{ 187 189} + 0.333333*{ 188 190} + 0.333333*{  44  47} + 0.333333*{  43  47} + 0.333333*{ 187 191} + 0.166667*{  46  46} = 0 

-0.166667*{} + 1*{ 293 293} + 1*{ 292 292} = 0 

1*{  53  77} + 1*{  51  75} + -1*{ 292} + 1*{ 194 218} + 1*{ 196 220} + 1*{ 197 221} + 1*{  50  74} + 1*{  52  76} + 1*{ 195 219} + 1*{ 193 217} + 1*{  49  73} + 0.166667*{} = 0 

1*{  51 219} + -1*{  75 195} + 1*{  49 217} + 1*{  50 218} + -1*{ 293} + -1*{  77 197} + -1*{  74 194} + 1*{  52 220} + 1*{  53 221} + -1*{  73 193} + -1*{  76 196} = 0 

-0.166667*{} + 1*{ 295 295} + 1*{ 294 294} = 0 

1*{  52 112} + 1*{  51 111} + 1*{ 194 254} + 1*{ 193 253} + 1*{ 195 255} + 1*{  49 109} + 1*{  50 110} + -1*{ 294} + 0.166667*{} + 1*{ 197 257} + 1*{ 196 256} + 1*{  53 113} = 0 

-1*{ 111 195} + 1*{  51 255} + -1*{ 109 193} + -1*{ 110 194} + 1*{  49 253} + 1*{  50 254} + -1*{ 295} + 1*{  52 256} + 1*{  53 257} + -1*{ 112 196} + -1*{ 113 197} = 0 

-0.166667*{} + 1*{ 193 193} + 1*{  49  49} = 0 

-0.166667*{} + 1*{ 194 194} + 1*{  50  50} = 0 

-0.166667*{} + 1*{ 195 195} + 1*{  51  51} = 0 

-0.166667*{} + 1*{ 196 196} + 1*{  52  52} = 0 

1*{ 197 197} + -0.166667*{} + 1*{  53  53} = 0 

0.333333*{ 195 196} + 0.333333*{ 195 197} + 0.333333*{ 194 195} + 0.333333*{  51  52} + 0.333333*{  51  53} + 0.136083*{  52} + 0.333333*{  50  51} + 0.333333*{  49  52} + 0.136083*{  53} + 0.166667*{ 197 197} + 0.333333*{  50  52} + 0.333333*{  49  51} + 0.333333*{ 194 197} + 0.333333*{ 193 197} + 0.166667*{ 195 195} + 0.166667*{ 193 193} + 0.166667*{ 196 196} + 0.333333*{  49  53} + 0.166667*{  51  51} + 0.136083*{  51} + 0.136083*{  49} + 0.0277778*{} + 0.136083*{  50} + 0.166667*{  49  49} + 0.333333*{  49  50} + 0.166667*{  50  50} + 0.333333*{ 196 197} + 0.333333*{ 193 196} + 0.333333*{  50  53} + 0.333333*{ 193 195} + 0.166667*{  53  53} + 0.333333*{ 193 194} + 0.166667*{ 194 194} + 0.333333*{  52  53} + 0.166667*{  52  52} + 0.333333*{ 194 196} = 0 

-0.166667*{} + 1*{ 297 297} + 1*{ 296 296} = 0 

1*{  74 110} + 0.166667*{} + 1*{ 220 256} + 1*{  75 111} + 1*{  77 113} + 1*{ 218 254} + 1*{ 217 253} + 1*{ 219 255} + 1*{  73 109} + 1*{  76 112} + -1*{ 296} + 1*{ 221 257} = 0 

-1*{ 111 219} + -1*{ 110 218} + 1*{  74 254} + 1*{  75 255} + 1*{  73 253} + 1*{  76 256} + -1*{ 109 217} + -1*{ 112 220} + 1*{  77 257} + -1*{ 297} + -1*{ 113 221} = 0 

-0.166667*{} + 1*{ 217 217} + 1*{  73  73} = 0 

-0.166667*{} + 1*{ 218 218} + 1*{  74  74} = 0 

-0.166667*{} + 1*{ 219 219} + 1*{  75  75} = 0 

-0.166667*{} + 1*{ 220 220} + 1*{  76  76} = 0 

-0.166667*{} + 1*{ 221 221} + 1*{  77  77} = 0 

0.333333*{ 219 220} + 0.166667*{  75  75} + 0.333333*{  74  77} + 0.333333*{  75  76} + 0.333333*{ 218 219} + 0.333333*{ 218 221} + 0.333333*{ 218 220} + 0.333333*{ 220 221} + 0.166667*{ 221 221} + 0.136083*{  77} + 0.333333*{ 219 221} + 0.136083*{  75} + 0.333333*{  73  74} + 0.166667*{ 219 219} + 0.333333*{  73  77} + 0.333333*{ 217 218} + 0.166667*{ 218 218} + 0.166667*{  76  76} + 0.333333*{  73  76} + 0.333333*{ 217 221} + 0.333333*{ 217 219} + 0.333333*{  74  75} + 0.333333*{  73  75} + 0.166667*{  74  74} + 0.333333*{ 217 220} + 0.166667*{  73  73} + 0.166667*{ 220 220} + 0.333333*{  75  77} + 0.136083*{  73} + 0.166667*{ 217 217} + 0.136083*{  74} + -0.138889*{} + 0.333333*{  74  76} + 0.333333*{  76  77} + 0.166667*{  77  77} + 0.136083*{  76} = 0 

-0.166667*{} + 1*{ 253 253} + 1*{ 109 109} = 0 

-0.166667*{} + 1*{ 254 254} + 1*{ 110 110} = 0 

-0.166667*{} + 1*{ 255 255} + 1*{ 111 111} = 0 

-0.166667*{} + 1*{ 256 256} + 1*{ 112 112} = 0 

-0.166667*{} + 1*{ 257 257} + 1*{ 113 113} = 0 

0.333333*{ 110 111} + 0.166667*{ 256 256} + 0.333333*{ 255 256} + 0.333333*{ 254 256} + 0.166667*{ 112 112} + 0.333333*{ 110 112} + 0.136083*{ 111} + 0.333333*{ 110 113} + 0.333333*{ 109 113} + 0.333333*{ 253 255} + 0.333333*{ 109 112} + 0.333333*{ 111 112} + 0.166667*{ 111 111} + 0.333333*{ 109 111} + 0.333333*{ 254 255} + 0.136083*{ 110} + 0.166667*{ 113 113} + 0.333333*{ 254 257} + 0.333333*{ 109 110} + 0.333333*{ 111 113} + 0.166667*{ 257 257} + 0.166667*{ 110 110} + 0.333333*{ 253 256} + 0.333333*{ 255 257} + 0.166667*{ 255 255} + 0.136083*{ 112} + 0.333333*{ 112 113} + 0.166667*{ 254 254} + 0.333333*{ 256 257} + 0.166667*{ 109 109} + 0.136083*{ 109} + -0.138889*{} + 0.136083*{ 113} + 0.333333*{ 253 257} + 0.333333*{ 253 254} + 0.166667*{ 253 253} = 0 

---------------------
Summary:
---------------------
set sizes: {6, 3, 1, 1}, vars: 50, vectors: 11, equations: 41, indep eqn: 41

---------------------
Optimization:
---------------------
1 1.474e+00 1.474e+00
2 4.524e+01 1.474e+00
3 1.711e+01 1.474e+00
4 8.205e+03 1.474e+00
5 3.483e+03 1.474e+00
6 1.254e+03 1.474e+00
7 4.510e+02 1.474e+00
8 1.629e+02 1.474e+00
9 5.864e+01 1.474e+00
10 2.102e+01 1.474e+00
11 7.521e+00 1.474e+00
12 2.686e+00 1.474e+00
13 9.655e-01 9.655e-01
14 3.579e-01 3.579e-01
15 1.510e-01 1.510e-01
16 5.510e-01 1.510e-01
17 7.505e-01 1.510e-01
18 2.695e-01 1.510e-01
19 1.069e-01 1.069e-01
20 4.637e-02 4.637e-02
21 7.516e-02 4.637e-02
22 3.588e-02 3.588e-02
23 1.253e-01 3.588e-02
24 1.404e-01 3.588e-02
25 5.715e-02 3.588e-02
26 3.083e-02 3.083e-02
27 2.123e+01 3.083e-02
28 6.396e+01 3.083e-02
29 4.167e+06 3.083e-02
30 1.503e+06 3.083e-02
31 5.422e+05 3.083e-02
32 1.956e+05 3.083e-02
33 7.053e+04 3.083e-02
34 2.543e+04 3.083e-02
35 9.168e+03 3.083e-02
36 3.304e+03 3.083e-02
37 1.190e+03 3.083e-02
38 4.281e+02 3.083e-02
39 1.537e+02 3.083e-02
40 8.813e+03 3.083e-02
41 4.240e+03 3.083e-02
42 1.538e+03 3.083e-02
43 5.566e+02 3.083e-02
44 2.009e+02 3.083e-02
45 7.218e+01 3.083e-02
46 2.586e+01 3.083e-02
47 9.261e+00 3.083e-02
48 3.650e+00 3.083e-02
49 1.322e+00 3.083e-02
50 1.126e+01 3.083e-02
51 3.406e+05 3.083e-02
52 1.229e+05 3.083e-02
53 4.431e+04 3.083e-02
54 1.607e+04 3.083e-02
55 5.793e+03 3.083e-02
56 2.088e+03 3.083e-02
57 7.525e+02 3.083e-02
58 2.702e+03 3.083e-02
59 1.023e+03 3.083e-02
60 3.677e+02 3.083e-02
61 1.319e+02 3.083e-02
62 4.718e+01 3.083e-02
63 1.681e+01 3.083e-02
64 2.315e+01 3.083e-02
65 8.840e+00 3.083e-02
66 3.301e+00 3.083e-02
67 1.161e+00 3.083e-02
68 4.196e-01 3.083e-02
69 1.457e-01 3.083e-02
70 5.137e-02 3.083e-02
71 1.874e-02 1.874e-02
72 4.180e-02 1.874e-02
73 1.466e-02 1.466e-02
74 6.914e-03 6.914e-03
75 2.795e-03 2.795e-03
76 4.331e-03 2.795e-03
77 1.638e-02 2.795e-03
78 8.625e-03 2.795e-03
79 3.815e-03 2.795e-03
80 1.249e-03 1.249e-03
81 4.211e-04 4.211e-04
82 1.502e-04 1.502e-04
83 5.885e-05 5.885e-05
84 2.534e-05 2.534e-05
85 1.862e-04 2.534e-05
86 5.998e-05 2.534e-05
87 4.028e-02 2.534e-05
88 1.287e-02 2.534e-05
89 4.073e-03 2.534e-05
90 1.292e-03 2.534e-05
91 4.170e-04 2.534e-05
92 1.383e-04 2.534e-05
93 4.821e-05 2.534e-05
94 1.812e-05 1.812e-05
95 7.342e-06 7.342e-06
96 2.967e-06 2.967e-06
97 1.184e-06 1.184e-06
98 4.884e-07 4.884e-07
99 2.141e-07 2.141e-07
100 1.036e-07 1.036e-07
101 5.092e-08 5.092e-08
102 3.071e-08 3.071e-08
103 1.416e-08 1.416e-08
104 6.981e-09 6.981e-09
105 3.441e-09 3.441e-09
106 2.293e-09 2.293e-09
107 9.867e-10 9.867e-10
108 4.208e-10 4.208e-10
109 1.888e-10 1.888e-10
110 8.992e-11 8.992e-11
111 7.545e-11 7.545e-11
112 2.767e-11 2.767e-11
113 1.432e-11 1.432e-11
114 8.260e-12 8.260e-12
115 3.903e-12 3.903e-12
116 1.947e-12 1.947e-12
117 9.520e-13 9.520e-13
118 6.512e-13 6.512e-13
119 2.710e-13 2.710e-13
120 2.080e-13 2.080e-13
121 8.926e-14 8.926e-14
1 (precision) 4.067e-13 8.926e-14 (from 8.926e-14)
2 (precision) 4.389e-13 8.926e-14 (from 8.926e-14)
3 (precision) 1.758e-13 8.926e-14 (from 8.926e-14)
4 (precision) 4.787e-14 4.787e-14 (from 8.926e-14)
5 (precision) 2.016e-14 2.016e-14 (from 8.926e-14)
6 (precision) 1.286e-12 2.016e-14 (from 8.926e-14)
7 (precision) 3.558e-13 2.016e-14 (from 8.926e-14)
8 (precision) 9.949e-14 2.016e-14 (from 8.926e-14)
9 (precision) 2.751e-14 2.016e-14 (from 8.926e-14)
10 (precision) 8.136e-15 8.136e-15 (from 8.926e-14)
11 (precision) 2.799e-15 2.799e-15 (from 8.926e-14)
12 (precision) 1.879e-15 1.879e-15 (from 8.926e-14)
13 (precision) 2.571e-15 1.879e-15 (from 8.926e-14)
14 (precision) 1.243e-15 1.243e-15 (from 8.926e-14)
15 (precision) 2.216e-15 1.243e-15 (from 8.926e-14)
16 (precision) 2.743e-12 1.243e-15 (from 8.926e-14)
17 (precision) 7.559e-13 1.243e-15 (from 8.926e-14)
18 (precision) 2.090e-13 1.243e-15 (from 8.926e-14)
19 (precision) 5.881e-14 1.243e-15 (from 8.926e-14)
20 (precision) 6.706e-13 1.243e-15 (from 8.926e-14)
21 (precision) 1.956e-13 1.243e-15 (from 8.926e-14)
22 (precision) 5.955e-14 1.243e-15 (from 8.926e-14)
23 (precision) 1.444e-10 1.243e-15 (from 8.926e-14)
24 (precision) 3.979e-11 1.243e-15 (from 8.926e-14)
25 (precision) 1.098e-11 1.243e-15 (from 8.926e-14)
26 (precision) 3.035e-12 1.243e-15 (from 8.926e-14)
27 (precision) 8.487e-13 1.243e-15 (from 8.926e-14)
28 (precision) 1.161e-09 1.243e-15 (from 8.926e-14)
29 (precision) 1.108e-09 1.243e-15 (from 8.926e-14)
30 (precision) 3.269e-10 1.243e-15 (from 8.926e-14)
31 (precision) 1.032e-10 1.243e-15 (from 8.926e-14)
32 (precision) 3.542e-11 1.243e-15 (from 8.926e-14)
33 (precision) 1.274e-11 1.243e-15 (from 8.926e-14)
34 (precision) 4.634e-12 1.243e-15 (from 8.926e-14)
35 (precision) 1.055e-10 1.243e-15 (from 8.926e-14)
36 (precision) 2.950e-11 1.243e-15 (from 8.926e-14)
37 (precision) 8.324e-12 1.243e-15 (from 8.926e-14)
38 (precision) 2.372e-12 1.243e-15 (from 8.926e-14)
39 (precision) 6.697e-13 1.243e-15 (from 8.926e-14)
40 (precision) 1.904e-13 1.243e-15 (from 8.926e-14)
41 (precision) 6.242e-14 1.243e-15 (from 8.926e-14)
42 (precision) 2.167e-14 1.243e-15 (from 8.926e-14)
43 (precision) 7.260e-15 1.243e-15 (from 8.926e-14)
44 (precision) 4.324e-15 1.243e-15 (from 8.926e-14)
45 (precision) 3.104e-16 3.104e-16 (from 8.926e-14)
46 (precision) 1.298e-15 3.104e-16 (from 8.926e-14)
47 (precision) 2.240e-15 3.104e-16 (from 8.926e-14)
48 (precision) 5.314e-15 3.104e-16 (from 8.926e-14)
49 (precision) 2.823e-15 3.104e-16 (from 8.926e-14)
50 (precision) 7.742e-16 3.104e-16 (from 8.926e-14)
51 (precision) 1.559e-15 3.104e-16 (from 8.926e-14)
52 (precision) 3.581e-14 3.104e-16 (from 8.926e-14)
53 (precision) 1.147e-14 3.104e-16 (from 8.926e-14)
54 (precision) 2.056e-15 3.104e-16 (from 8.926e-14)
55 (precision) 2.720e-15 3.104e-16 (from 8.926e-14)
56 (precision) 2.680e-15 3.104e-16 (from 8.926e-14)
57 (precision) 3.280e-15 3.104e-16 (from 8.926e-14)
58 (precision) 7.522e-16 3.104e-16 (from 8.926e-14)
59 (precision) 1.913e-15 3.104e-16 (from 8.926e-14)
60 (precision) 1.665e-16 1.665e-16 (from 8.926e-14)
61 (precision) 7.069e-16 1.665e-16 (from 8.926e-14)
62 (precision) 6.435e-16 1.665e-16 (from 8.926e-14)
63 (precision) 1.066e-15 1.665e-16 (from 8.926e-14)
64 (precision) 6.797e-16 1.665e-16 (from 8.926e-14)
65 (precision) 2.897e-15 1.665e-16 (from 8.926e-14)
66 (precision) 1.598e-16 1.598e-16 (from 8.926e-14)
67 (precision) 5.409e-16 1.598e-16 (from 8.926e-14)
68 (precision) 3.049e-16 1.598e-16 (from 8.926e-14)
69 (precision) 6.292e-16 1.598e-16 (from 8.926e-14)
70 (precision) 1.391e-15 1.598e-16 (from 8.926e-14)
71 (precision) 8.951e-16 1.598e-16 (from 8.926e-14)
72 (precision) 1.038e-16 1.038e-16 (from 8.926e-14)
73 (precision) 2.961e-15 1.038e-16 (from 8.926e-14)
74 (precision) 1.109e-12 1.038e-16 (from 8.926e-14)
75 (precision) 3.059e-13 1.038e-16 (from 8.926e-14)
76 (precision) 8.550e-14 1.038e-16 (from 8.926e-14)
77 (precision) 2.187e-14 1.038e-16 (from 8.926e-14)
78 (precision) 5.758e-15 1.038e-16 (from 8.926e-14)
79 (precision) 4.870e-15 1.038e-16 (from 8.926e-14)
80 (precision) 1.537e-15 1.038e-16 (from 8.926e-14)
81 (precision) 5.417e-09 1.038e-16 (from 8.926e-14)
82 (precision) 1.533e-09 1.038e-16 (from 8.926e-14)
83 (precision) 4.646e-10 1.038e-16 (from 8.926e-14)
84 (precision) 1.892e-10 1.038e-16 (from 8.926e-14)
85 (precision) 6.029e-11 1.038e-16 (from 8.926e-14)
86 (precision) 2.044e-11 1.038e-16 (from 8.926e-14)
87 (precision) 7.180e-12 1.038e-16 (from 8.926e-14)
88 (precision) 2.550e-12 1.038e-16 (from 8.926e-14)
89 (precision) 9.098e-13 1.038e-16 (from 8.926e-14)
90 (precision) 3.627e-13 1.038e-16 (from 8.926e-14)
91 (precision) 1.372e-13 1.038e-16 (from 8.926e-14)
92 (precision) 5.101e-14 1.038e-16 (from 8.926e-14)
93 (precision) 2.157e-14 1.038e-16 (from 8.926e-14)
94 (precision) 1.027e-14 1.038e-16 (from 8.926e-14)
95 (precision) 3.747e-15 1.038e-16 (from 8.926e-14)
96 (precision) 8.212e-16 1.038e-16 (from 8.926e-14)
97 (precision) 8.004e-16 1.038e-16 (from 8.926e-14)
98 (precision) 1.233e-15 1.038e-16 (from 8.926e-14)
99 (precision) 8.862e-15 1.038e-16 (from 8.926e-14)
100 (precision) 3.702e-15 1.038e-16 (from 8.926e-14)

x: -3.340e-01  1.090e-01  1.897e-02 -3.810e-01  1.788e-01 -2.424e-01 -3.079e-01 -2.305e-01  3.865e-01 -1.398e-02 -3.929e-01 -2.195e-01  3.763e-01  4.074e-01 -1.482e-02  3.322e-01  3.853e-01 -1.642e-01 -6.771e-02  1.062e-01  2.348e-01  3.934e-01 -4.078e-01  1.466e-01 -3.670e-01  3.285e-01 -2.681e-01 -3.370e-01 -1.314e-01  4.080e-01 -1.108e-01  3.442e-01  1.582e-01  2.565e-02  4.080e-01 -2.373e-01 -1.350e-01  3.737e-01  4.026e-01 -3.942e-01  2.214e-02  4.076e-01  8.181e-02 -4.000e-01  3.815e-01  1.453e-01 -4.037e-01  6.066e-02 -2.510e-01  3.220e-01  2.089e-15

grad:  1.287e-21 -3.012e-21 -2.710e-21 -8.463e-22 -3.259e-21 -2.193e-21  1.942e-21  1.422e-21  3.955e-22  1.283e-21  2.592e-21  2.733e-21 -4.554e-22  7.068e-21 -6.131e-21 -1.408e-21 -3.192e-21 -1.596e-22 -1.123e-21 -2.775e-22 -1.629e-21 -1.519e-20  3.611e-22  2.991e-21 -4.401e-21  2.763e-21  2.876e-21 -6.651e-22 -6.281e-23 -2.421e-21 -2.751e-22 -1.031e-20  1.483e-21  1.664e-21  1.427e-21 -1.134e-21 -1.720e-22  9.770e-22 -1.638e-21  1.694e-22  7.564e-21  4.912e-21 -9.803e-22 -3.016e-21 -6.541e-21 -4.472e-21  1.823e-22  2.796e-22  3.437e-21 -6.617e-21  3.702e-15

finished in 121 iterations (0.064 seconds total)
max viol = 9.82e-10

---------------------
Result:
---------------------

{(1,0), (0,0), (0,0), (0,0), (0,0), (0,0)}, {(0,0), (1,0), (0,0), (0,0), (0,0), (0,0)}, {(0,0), (0,0), (1,0), (0,0), (0,0), (0,0)}, {(0,0), (0,0), (0,0), (1,0), (0,0), (0,0)}, {(0,0), (0,0), (0,0), (0,0), (1,0), (0,0)}, {(0,0), (0,0), (0,0), (0,0), (0,0), (1,0)}


{(0.408,0), (0.408,0), (0.408,0), (0.408,0), (0.408,0), (0.408,0)}, {(0.408,0), (-0.334,0.235), (0.109,0.393), (0.019,-0.408), (-0.381,0.147), (0.179,-0.367)}, {(0.408,0), (-0.242,0.329), (-0.308,-0.268), (-0.23,-0.337), (0.387,-0.131), (-0.014,0.408)}, {}, {}, {}


{(0.408,0), (-0.393,-0.111), (-0.22,0.344), (0.376,0.158), (0.407,0.0256), (-0.0148,0.408)}, {}, {}, {}, {}, {}


{(0.408,0), (0.332,-0.237), (0.385,-0.135), (-0.164,0.374), (-0.0677,0.403), (0.106,-0.394)}, {}, {}, {}, {}, {}

---------------------
Abs of Gram matrix:
---------------------

 { { +1.0000, +0.0000, +0.0000, +0.0000, +0.0000, +0.0000, +0.4082, +0.4082, +0.4082, +0.0000, +0.0000, +0.0000, +0.4082, +0.0000, +0.0000, +0.0000, +0.0000, +0.0000, +0.4082, +0.0000, +0.0000, +0.0000, +0.0000, +0.0000}, 
   { +0.0000, +1.0000, +0.0000, +0.0000, +0.0000, +0.0000, +0.4082, +0.4082, +0.4082, +0.0000, +0.0000, +0.0000, +0.4082, +0.0000, +0.0000, +0.0000, +0.0000, +0.0000, +0.4082, +0.0000, +0.0000, +0.0000, +0.0000, +0.0000}, 
   { +0.0000, +0.0000, +1.0000, +0.0000, +0.0000, +0.0000, +0.4082, +0.4082, +0.4082, +0.0000, +0.0000, +0.0000, +0.4082, +0.0000, +0.0000, +0.0000, +0.0000, +0.0000, +0.4082, +0.0000, +0.0000, +0.0000, +0.0000, +0.0000}, 
   { +0.0000, +0.0000, +0.0000, +1.0000, +0.0000, +0.0000, +0.4082, +0.4082, +0.4082, +0.0000, +0.0000, +0.0000, +0.4082, +0.0000, +0.0000, +0.0000, +0.0000, +0.0000, +0.4082, +0.0000, +0.0000, +0.0000, +0.0000, +0.0000}, 
   { +0.0000, +0.0000, +0.0000, +0.0000, +1.0000, +0.0000, +0.4082, +0.4082, +0.4082, +0.0000, +0.0000, +0.0000, +0.4082, +0.0000, +0.0000, +0.0000, +0.0000, +0.0000, +0.4082, +0.0000, +0.0000, +0.0000, +0.0000, +0.0000}, 
   { +0.0000, +0.0000, +0.0000, +0.0000, +0.0000, +1.0000, +0.4082, +0.4082, +0.4082, +0.0000, +0.0000, +0.0000, +0.4082, +0.0000, +0.0000, +0.0000, +0.0000, +0.0000, +0.4082, +0.0000, +0.0000, +0.0000, +0.0000, +0.0000}, 
   { +0.4082, +0.4082, +0.4082, +0.4082, +0.4082, +0.4082, +1.0000, +0.0000, +0.0000, +0.0000, +0.0000, +0.0000, +0.4082, +0.0000, +0.0000, +0.0000, +0.0000, +0.0000, +0.4082, +0.0000, +0.0000, +0.0000, +0.0000, +0.0000}, 
   { +0.4082, +0.4082, +0.4082, +0.4082, +0.4082, +0.4082, +0.0000, +1.0000, +0.0000, +0.0000, +0.0000, +0.0000, +0.4082, +0.0000, +0.0000, +0.0000, +0.0000, +0.0000, +0.4082, +0.0000, +0.0000, +0.0000, +0.0000, +0.0000}, 
   { +0.4082, +0.4082, +0.4082, +0.4082, +0.4082, +0.4082, +0.0000, +0.0000, +1.0000, +0.0000, +0.0000, +0.0000, +0.4082, +0.0000, +0.0000, +0.0000, +0.0000, +0.0000, +0.4082, +0.0000, +0.0000, +0.0000, +0.0000, +0.0000}, 
   { +0.0000, +0.0000, +0.0000, +0.0000, +0.0000, +0.0000, +0.0000, +0.0000, +0.0000, +0.0000, +0.0000, +0.0000, +0.0000, +0.0000, +0.0000, +0.0000, +0.0000, +0.0000, +0.0000, +0.0000, +0.0000, +0.0000, +0.0000, +0.0000}, 
   { +0.0000, +0.0000, +0.0000, +0.0000, +0.0000, +0.0000, +0.0000, +0.0000, +0.0000, +0.0000, +0.0000, +0.0000, +0.0000, +0.0000, +0.0000, +0.0000, +0.0000, +0.0000, +0.0000, +0.0000, +0.0000, +0.0000, +0.0000, +0.0000}, 
   { +0.0000, +0.0000, +0.0000, +0.0000, +0.0000, +0.0000, +0.0000, +0.0000, +0.0000, +0.0000, +0.0000, +0.0000, +0.0000, +0.0000, +0.0000, +0.0000, +0.0000, +0.0000, +0.0000, +0.0000, +0.0000, +0.0000, +0.0000, +0.0000}, 
   { +0.4082, +0.4082, +0.4082, +0.4082, +0.4082, +0.4082, +0.4082, +0.4082, +0.4082, +0.0000, +0.0000, +0.0000, +1.0000, +0.0000, +0.0000, +0.0000, +0.0000, +0.0000, +0.4082, +0.0000, +0.0000, +0.0000, +0.0000, +0.0000}, 
   { +0.0000, +0.0000, +0.0000, +0.0000, +0.0000, +0.0000, +0.0000, +0.0000, +0.0000, +0.0000, +0.0000, +0.0000, +0.0000, +0.0000, +0.0000, +0.0000, +0.0000, +0.0000, +0.0000, +0.0000, +0.0000, +0.0000, +0.0000, +0.0000}, 
   { +0.0000, +0.0000, +0.0000, +0.0000, +0.0000, +0.0000, +0.0000, +0.0000, +0.0000, +0.0000, +0.0000, +0.0000, +0.0000, +0.0000, +0.0000, +0.0000, +0.0000, +0.0000, +0.0000, +0.0000, +0.0000, +0.0000, +0.0000, +0.0000}, 
   { +0.0000, +0.0000, +0.0000, +0.0000, +0.0000, +0.0000, +0.0000, +0.0000, +0.0000, +0.0000, +0.0000, +0.0000, +0.0000, +0.0000, +0.0000, +0.0000, +0.0000, +0.0000, +0.0000, +0.0000, +0.0000, +0.0000, +0.0000, +0.0000}, 
   { +0.0000, +0.0000, +0.0000, +0.0000, +0.0000, +0.0000, +0.0000, +0.0000, +0.0000, +0.0000, +0.0000, +0.0000, +0.0000, +0.0000, +0.0000, +0.0000, +0.0000, +0.0000, +0.0000, +0.0000, +0.0000, +0.0000, +0.0000, +0.0000}, 
   { +0.0000, +0.0000, +0.0000, +0.0000, +0.0000, +0.0000, +0.0000, +0.0000, +0.0000, +0.0000, +0.0000, +0.0000, +0.0000, +0.0000, +0.0000, +0.0000, +0.0000, +0.0000, +0.0000, +0.0000, +0.0000, +0.0000, +0.0000, +0.0000}, 
   { +0.4082, +0.4082, +0.4082, +0.4082, +0.4082, +0.4082, +0.4082, +0.4082, +0.4082, +0.0000, +0.0000, +0.0000, +0.4082, +0.0000, +0.0000, +0.0000, +0.0000, +0.0000, +1.0000, +0.0000, +0.0000, +0.0000, +0.0000, +0.0000}, 
   { +0.0000, +0.0000, +0.0000, +0.0000, +0.0000, +0.0000, +0.0000, +0.0000, +0.0000, +0.0000, +0.0000, +0.0000, +0.0000, +0.0000, +0.0000, +0.0000, +0.0000, +0.0000, +0.0000, +0.0000, +0.0000, +0.0000, +0.0000, +0.0000}, 
   { +0.0000, +0.0000, +0.0000, +0.0000, +0.0000, +0.0000, +0.0000, +0.0000, +0.0000, +0.0000, +0.0000, +0.0000, +0.0000, +0.0000, +0.0000, +0.0000, +0.0000, +0.0000, +0.0000, +0.0000, +0.0000, +0.0000, +0.0000, +0.0000}, 
   { +0.0000, +0.0000, +0.0000, +0.0000, +0.0000, +0.0000, +0.0000, +0.0000, +0.0000, +0.0000, +0.0000, +0.0000, +0.0000, +0.0000, +0.0000, +0.0000, +0.0000, +0.0000, +0.0000, +0.0000, +0.0000, +0.0000, +0.0000, +0.0000}, 
   { +0.0000, +0.0000, +0.0000, +0.0000, +0.0000, +0.0000, +0.0000, +0.0000, +0.0000, +0.0000, +0.0000, +0.0000, +0.0000, +0.0000, +0.0000, +0.0000, +0.0000, +0.0000, +0.0000, +0.0000, +0.0000, +0.0000, +0.0000, +0.0000}, 
   { +0.0000, +0.0000, +0.0000, +0.0000, +0.0000, +0.0000, +0.0000, +0.0000, +0.0000, +0.0000, +0.0000, +0.0000, +0.0000, +0.0000, +0.0000, +0.0000, +0.0000, +0.0000, +0.0000, +0.0000, +0.0000, +0.0000, +0.0000, +0.0000} } 
