---------------------
Basis Indices:
---------------------

{1, 0, 0, 0, 0, 0}, {1, 0, 0, 0, 0, 0}, {1, 0, 0, 0, 0, 0}, {1, 0, 0, 0, 0, 0}, {1, 0, 0, 0, 0, 0}, {1, 0, 0, 0, 0, 0}


{0.408, 0.408, 0.408, 0.408, 0.408, 0.408}, {0.408, x_43+i*x_187, x_44+i*x_188, x_45+i*x_189, x_46+i*x_190, x_47+i*x_191}, {0.408, x_49+i*x_193, x_50+i*x_194, x_51+i*x_195, x_52+i*x_196, x_53+i*x_197}, {0.408, x_55+i*x_199, x_56+i*x_200, x_57+i*x_201, x_58+i*x_202, x_59+i*x_203}, {0.408, x_61+i*x_205, x_62+i*x_206, x_63+i*x_207, x_64+i*x_208, x_65+i*x_209}, {}


{0.408, x_73+i*x_217, x_74+i*x_218, x_75+i*x_219, x_76+i*x_220, x_77+i*x_221}, {}, {}, {}, {}, {}


{0.408, x_109+i*x_253, x_110+i*x_254, x_111+i*x_255, x_112+i*x_256, x_113+i*x_257}, {}, {}, {}, {}, {}

---------------------
Problem: 
---------------------
Find a point satisfying:

1*{  44  50} + 1*{  46  52} + 1*{ 188 194} + 1*{ 187 193} + 1*{  47  53} + 1*{  45  51} + 1*{  43  49} + 1*{ 189 195} + 0.166667*{} + 1*{ 190 196} + 1*{ 191 197} = 0 

-1*{  51 189} + 1*{  45 195} + -1*{  50 188} + 1*{  44 194} + 1*{  43 193} + -1*{  53 191} + 1*{  46 196} + -1*{  52 190} + -1*{  49 187} + 1*{  47 197} = 0 

1*{ 189 201} + 1*{  43  55} + 1*{  44  56} + 0.166667*{} + 1*{ 187 199} + 1*{ 188 200} + 1*{  46  58} + 1*{  45  57} + 1*{ 191 203} + 1*{ 190 202} + 1*{  47  59} = 0 

-1*{  56 188} + 1*{  46 202} + 1*{  45 201} + 1*{  44 200} + -1*{  55 187} + 1*{  43 199} + -1*{  57 189} + -1*{  58 190} + 1*{  47 203} + -1*{  59 191} = 0 

1*{  45  63} + 1*{ 188 206} + 0.166667*{} + 1*{ 189 207} + 1*{  43  61} + 1*{ 190 208} + 1*{  44  62} + 1*{  46  64} + 1*{ 187 205} + 1*{  47  65} + 1*{ 191 209} = 0 

-1*{  63 189} + 1*{  45 207} + -1*{  64 190} + -1*{  61 187} + 1*{  43 205} + 1*{  46 208} + -1*{  62 188} + 1*{  47 209} + 1*{  44 206} + -1*{  65 191} = 0 

-0.166667*{} + 1*{ 289 289} + 1*{ 288 288} = 0 

1*{ 189 219} + 1*{ 188 218} + 1*{ 187 217} + 1*{  45  75} + 1*{  44  74} + 1*{  43  73} + 0.166667*{} + 1*{  46  76} + 1*{ 190 220} + 1*{  47  77} + 1*{ 191 221} + -1*{ 288} = 0 

-1*{  75 189} + 1*{  45 219} + 1*{  46 220} + 1*{  44 218} + -1*{  74 188} + 1*{  43 217} + -1*{ 289} + -1*{  73 187} + 1*{  47 221} + -1*{  76 190} + -1*{  77 191} = 0 

-0.166667*{} + 1*{ 291 291} + 1*{ 290 290} = 0 

1*{ 189 255} + 1*{  45 111} + 1*{  46 112} + 1*{ 187 253} + 0.166667*{} + 1*{  43 109} + 1*{  44 110} + 1*{ 190 256} + 1*{  47 113} + 1*{ 191 257} + 1*{ 188 254} + -1*{ 290} = 0 

-1*{ 110 188} + 1*{  45 255} + -1*{ 109 187} + -1*{ 111 189} + 1*{  43 253} + 1*{  47 257} + 1*{  44 254} + 1*{  46 256} + -1*{ 112 190} + -1*{ 113 191} + -1*{ 291} = 0 

-0.166667*{} + 1*{ 187 187} + 1*{  43  43} = 0 

-0.166667*{} + 1*{ 188 188} + 1*{  44  44} = 0 

-0.166667*{} + 1*{ 189 189} + 1*{  45  45} = 0 

-0.166667*{} + 1*{ 190 190} + 1*{  46  46} = 0 

-0.166667*{} + 1*{ 191 191} + 1*{  47  47} = 0 

0.333333*{  45  46} + 0.166667*{  44  44} + 0.333333*{  44  46} + 0.166667*{  47  47} + 0.333333*{  46  47} + 0.166667*{ 188 188} + 0.166667*{  45  45} + 0.333333*{  43  44} + 0.136083*{  45} + 0.333333*{  43  45} + 0.333333*{ 189 190} + 0.333333*{ 190 191} + 0.136083*{  47} + 0.333333*{  43  46} + 0.333333*{ 189 191} + 0.333333*{ 187 190} + 0.333333*{ 188 191} + 0.333333*{  44  45} + 0.166667*{ 191 191} + 0.166667*{  43  43} + 0.166667*{ 190 190} + 0.333333*{ 187 188} + 0.166667*{ 187 187} + 0.166667*{ 189 189} + 0.333333*{ 188 189} + 0.136083*{  44} + 0.0277778*{} + 0.333333*{  45  47} + 0.136083*{  43} + 0.136083*{  46} + 0.333333*{ 187 189} + 0.333333*{ 188 190} + 0.333333*{  44  47} + 0.333333*{  43  47} + 0.333333*{ 187 191} + 0.166667*{  46  46} = 0 

1*{ 195 201} + 1*{  50  56} + 1*{ 194 200} + 1*{  52  58} + 1*{ 196 202} + 1*{  51  57} + 1*{ 193 199} + 1*{  53  59} + 1*{  49  55} + 0.166667*{} + 1*{ 197 203} = 0 

1*{  51 201} + 1*{  53 203} + 1*{  50 200} + -1*{  57 195} + 1*{  49 199} + -1*{  56 194} + -1*{  55 193} + 1*{  52 202} + -1*{  58 196} + -1*{  59 197} = 0 

1*{  51  63} + 1*{ 195 207} + 1*{  50  62} + 0.166667*{} + 1*{ 194 206} + 1*{ 196 208} + 1*{  52  64} + 1*{  53  65} + 1*{ 193 205} + 1*{  49  61} + 1*{ 197 209} = 0 

-1*{  62 194} + 1*{  51 207} + 1*{  50 206} + -1*{  65 197} + -1*{  61 193} + 1*{  49 205} + -1*{  63 195} + -1*{  64 196} + 1*{  52 208} + 1*{  53 209} = 0 

-0.166667*{} + 1*{ 293 293} + 1*{ 292 292} = 0 

1*{  53  77} + 1*{  51  75} + -1*{ 292} + 1*{ 194 218} + 1*{ 196 220} + 1*{ 197 221} + 1*{  50  74} + 1*{  52  76} + 1*{ 195 219} + 1*{ 193 217} + 1*{  49  73} + 0.166667*{} = 0 

1*{  51 219} + -1*{  75 195} + 1*{  49 217} + 1*{  50 218} + -1*{ 293} + -1*{  77 197} + -1*{  74 194} + 1*{  52 220} + 1*{  53 221} + -1*{  73 193} + -1*{  76 196} = 0 

-0.166667*{} + 1*{ 295 295} + 1*{ 294 294} = 0 

1*{  52 112} + 1*{  51 111} + 1*{ 194 254} + 1*{ 193 253} + 1*{ 195 255} + 1*{  49 109} + 1*{  50 110} + -1*{ 294} + 0.166667*{} + 1*{ 197 257} + 1*{ 196 256} + 1*{  53 113} = 0 

-1*{ 111 195} + 1*{  51 255} + -1*{ 109 193} + -1*{ 110 194} + 1*{  49 253} + 1*{  50 254} + -1*{ 295} + 1*{  52 256} + 1*{  53 257} + -1*{ 112 196} + -1*{ 113 197} = 0 

-0.166667*{} + 1*{ 193 193} + 1*{  49  49} = 0 

-0.166667*{} + 1*{ 194 194} + 1*{  50  50} = 0 

-0.166667*{} + 1*{ 195 195} + 1*{  51  51} = 0 

-0.166667*{} + 1*{ 196 196} + 1*{  52  52} = 0 

1*{ 197 197} + -0.166667*{} + 1*{  53  53} = 0 

0.333333*{ 195 196} + 0.333333*{ 195 197} + 0.333333*{ 194 195} + 0.333333*{  51  52} + 0.333333*{  51  53} + 0.136083*{  52} + 0.333333*{  50  51} + 0.333333*{  49  52} + 0.136083*{  53} + 0.166667*{ 197 197} + 0.333333*{  50  52} + 0.333333*{  49  51} + 0.333333*{ 194 197} + 0.333333*{ 193 197} + 0.166667*{ 195 195} + 0.166667*{ 193 193} + 0.166667*{ 196 196} + 0.333333*{  49  53} + 0.166667*{  51  51} + 0.136083*{  51} + 0.136083*{  49} + 0.0277778*{} + 0.136083*{  50} + 0.166667*{  49  49} + 0.333333*{  49  50} + 0.166667*{  50  50} + 0.333333*{ 196 197} + 0.333333*{ 193 196} + 0.333333*{  50  53} + 0.333333*{ 193 195} + 0.166667*{  53  53} + 0.333333*{ 193 194} + 0.166667*{ 194 194} + 0.333333*{  52  53} + 0.166667*{  52  52} + 0.333333*{ 194 196} = 0 

1*{ 200 206} + 1*{  56  62} + 1*{ 202 208} + 1*{ 199 205} + 1*{  59  65} + 1*{  57  63} + 1*{  55  61} + 0.166667*{} + 1*{ 201 207} + 1*{  58  64} + 1*{ 203 209} = 0 

1*{  57 207} + -1*{  62 200} + -1*{  63 201} + -1*{  61 199} + 1*{  55 205} + 1*{  56 206} + 1*{  58 208} + -1*{  64 202} + 1*{  59 209} + -1*{  65 203} = 0 

-0.166667*{} + 1*{ 297 297} + 1*{ 296 296} = 0 

1*{ 201 219} + 1*{  56  74} + 1*{ 200 218} + -1*{ 296} + 1*{ 199 217} + 1*{  55  73} + 1*{  58  76} + 1*{  57  75} + 1*{ 202 220} + 1*{  59  77} + 0.166667*{} + 1*{ 203 221} = 0 

1*{  56 218} + 1*{  55 217} + 1*{  58 220} + -1*{  76 202} + -1*{  75 201} + 1*{  59 221} + -1*{  73 199} + -1*{ 297} + 1*{  57 219} + -1*{  74 200} + -1*{  77 203} = 0 

-0.166667*{} + 1*{ 299 299} + 1*{ 298 298} = 0 

1*{  57 111} + 1*{  59 113} + 1*{  56 110} + 1*{ 199 253} + 1*{ 203 257} + 0.166667*{} + 1*{  55 109} + 1*{ 201 255} + 1*{ 202 256} + 1*{  58 112} + 1*{ 200 254} + -1*{ 298} = 0 

1*{  57 255} + 1*{  59 257} + 1*{  58 256} + 1*{  56 254} + -1*{ 111 201} + -1*{ 113 203} + -1*{ 110 200} + -1*{ 109 199} + 1*{  55 253} + -1*{ 112 202} + -1*{ 299} = 0 

-0.166667*{} + 1*{ 199 199} + 1*{  55  55} = 0 

-0.166667*{} + 1*{ 200 200} + 1*{  56  56} = 0 

-0.166667*{} + 1*{ 201 201} + 1*{  57  57} = 0 

1*{ 202 202} + -0.166667*{} + 1*{  58  58} = 0 

-0.166667*{} + 1*{ 203 203} + 1*{  59  59} = 0 

0.333333*{ 201 203} + 0.136083*{  57} + 0.333333*{  57  58} + 0.333333*{ 200 203} + 0.333333*{  56  57} + 0.333333*{  57  59} + 0.166667*{  56  56} + 0.333333*{  55  56} + 0.333333*{ 199 202} + 0.333333*{ 201 202} + 0.333333*{ 200 202} + 0.333333*{ 199 200} + 0.333333*{  56  59} + 0.0277778*{} + 0.333333*{  55  58} + 0.333333*{  58  59} + 0.333333*{  55  59} + 0.166667*{ 201 201} + 0.166667*{  59  59} + 0.333333*{ 200 201} + 0.333333*{  55  57} + 0.166667*{ 200 200} + 0.166667*{ 202 202} + 0.166667*{ 203 203} + 0.333333*{  56  58} + 0.136083*{  56} + 0.166667*{  55  55} + 0.333333*{ 199 201} + 0.136083*{  55} + 0.166667*{  58  58} + 0.136083*{  59} + 0.166667*{  57  57} + 0.136083*{  58} + 0.166667*{ 199 199} + 0.333333*{ 202 203} + 0.333333*{ 199 203} = 0 

-0.166667*{} + 1*{ 301 301} + 1*{ 300 300} = 0 

1*{  61  73} + 1*{ 207 219} + 1*{ 206 218} + 1*{  62  74} + 1*{  63  75} + 1*{ 205 217} + 1*{ 208 220} + 0.166667*{} + 1*{  65  77} + 1*{ 209 221} + 1*{  64  76} + -1*{ 300} = 0 

1*{  62 218} + -1*{  76 208} + -1*{  73 205} + 1*{  61 217} + -1*{  75 207} + 1*{  64 220} + 1*{  63 219} + -1*{  74 206} + 1*{  65 221} + -1*{ 301} + -1*{  77 209} = 0 

-0.166667*{} + 1*{ 303 303} + 1*{ 302 302} = 0 

1*{ 206 254} + 1*{  64 112} + 1*{ 209 257} + 1*{ 205 253} + 1*{  63 111} + 1*{  61 109} + 0.166667*{} + 1*{ 208 256} + 1*{  65 113} + 1*{ 207 255} + 1*{  62 110} + -1*{ 302} = 0 

-1*{ 110 206} + 1*{  63 255} + -1*{ 109 205} + 1*{  62 254} + 1*{  61 253} + -1*{ 112 208} + -1*{ 111 207} + 1*{  64 256} + 1*{  65 257} + -1*{ 113 209} + -1*{ 303} = 0 

-0.166667*{} + 1*{ 205 205} + 1*{  61  61} = 0 

-0.166667*{} + 1*{ 206 206} + 1*{  62  62} = 0 

-0.166667*{} + 1*{ 207 207} + 1*{  63  63} = 0 

-0.166667*{} + 1*{ 208 208} + 1*{  64  64} = 0 

-0.166667*{} + 1*{ 209 209} + 1*{  65  65} = 0 

0.333333*{  63  64} + 0.166667*{  61  61} + 0.333333*{  63  65} + 0.166667*{ 206 206} + 0.333333*{ 206 209} + 0.333333*{ 207 209} + 0.333333*{ 206 208} + 0.333333*{ 205 209} + 0.333333*{  62  63} + 0.136083*{  65} + 0.333333*{  61  64} + 0.333333*{ 205 207} + 0.333333*{  61  63} + 0.333333*{  62  65} + 0.333333*{  64  65} + 0.166667*{ 208 208} + 0.166667*{  65  65} + 0.0277778*{} + 0.333333*{ 208 209} + 0.166667*{  64  64} + 0.166667*{ 209 209} + 0.136083*{  64} + 0.136083*{  61} + 0.136083*{  63} + 0.136083*{  62} + 0.333333*{  61  65} + 0.333333*{  61  62} + 0.333333*{  62  64} + 0.333333*{ 207 208} + 0.333333*{ 205 206} + 0.333333*{ 206 207} + 0.166667*{ 205 205} + 0.166667*{  63  63} + 0.333333*{ 205 208} + 0.166667*{  62  62} + 0.166667*{ 207 207} = 0 

-0.166667*{} + 1*{ 305 305} + 1*{ 304 304} = 0 

0.166667*{} + 1*{ 220 256} + 1*{  75 111} + 1*{  77 113} + 1*{ 218 254} + 1*{ 217 253} + 1*{ 219 255} + 1*{  73 109} + 1*{  76 112} + 1*{ 221 257} + 1*{  74 110} + -1*{ 304} = 0 

-1*{ 111 219} + -1*{ 110 218} + 1*{  74 254} + 1*{  75 255} + 1*{  73 253} + 1*{  76 256} + -1*{ 109 217} + -1*{ 112 220} + -1*{ 305} + 1*{  77 257} + -1*{ 113 221} = 0 

-0.166667*{} + 1*{ 217 217} + 1*{  73  73} = 0 

-0.166667*{} + 1*{ 218 218} + 1*{  74  74} = 0 

-0.166667*{} + 1*{ 219 219} + 1*{  75  75} = 0 

-0.166667*{} + 1*{ 220 220} + 1*{  76  76} = 0 

-0.166667*{} + 1*{ 221 221} + 1*{  77  77} = 0 

0.333333*{ 219 220} + 0.166667*{  75  75} + 0.333333*{  74  77} + 0.333333*{  75  76} + 0.333333*{ 218 219} + 0.333333*{ 218 221} + 0.333333*{ 218 220} + 0.333333*{ 220 221} + 0.166667*{ 221 221} + 0.136083*{  77} + 0.333333*{ 219 221} + 0.136083*{  75} + 0.333333*{  73  74} + 0.166667*{ 219 219} + 0.333333*{  73  77} + 0.333333*{ 217 218} + 0.166667*{ 218 218} + 0.166667*{  76  76} + 0.333333*{  73  76} + 0.333333*{ 217 221} + 0.333333*{ 217 219} + 0.333333*{  74  75} + 0.333333*{  73  75} + 0.166667*{  74  74} + 0.333333*{ 217 220} + 0.166667*{  73  73} + 0.166667*{ 220 220} + 0.333333*{  75  77} + 0.136083*{  73} + 0.166667*{ 217 217} + 0.136083*{  74} + -0.138889*{} + 0.333333*{  74  76} + 0.333333*{  76  77} + 0.166667*{  77  77} + 0.136083*{  76} = 0 

-0.166667*{} + 1*{ 253 253} + 1*{ 109 109} = 0 

-0.166667*{} + 1*{ 254 254} + 1*{ 110 110} = 0 

-0.166667*{} + 1*{ 255 255} + 1*{ 111 111} = 0 

-0.166667*{} + 1*{ 256 256} + 1*{ 112 112} = 0 

-0.166667*{} + 1*{ 257 257} + 1*{ 113 113} = 0 

0.333333*{ 110 111} + 0.166667*{ 256 256} + 0.333333*{ 255 256} + 0.333333*{ 254 256} + 0.166667*{ 112 112} + 0.333333*{ 110 112} + 0.136083*{ 111} + 0.333333*{ 110 113} + 0.333333*{ 109 113} + 0.333333*{ 253 255} + 0.333333*{ 109 112} + 0.333333*{ 111 112} + 0.166667*{ 111 111} + 0.333333*{ 109 111} + 0.333333*{ 254 255} + 0.136083*{ 110} + 0.166667*{ 113 113} + 0.333333*{ 254 257} + 0.333333*{ 109 110} + 0.333333*{ 111 113} + 0.166667*{ 257 257} + 0.166667*{ 110 110} + 0.333333*{ 253 256} + 0.333333*{ 255 257} + 0.166667*{ 255 255} + 0.136083*{ 112} + 0.333333*{ 112 113} + 0.166667*{ 254 254} + 0.333333*{ 256 257} + 0.166667*{ 109 109} + 0.136083*{ 109} + -0.138889*{} + 0.136083*{ 113} + 0.333333*{ 253 257} + 0.333333*{ 253 254} + 0.166667*{ 253 253} = 0 

---------------------
Summary:
---------------------
set sizes: {6, 5, 1, 1}, vars: 78, vectors: 13, equations: 75, indep eqn: 75

---------------------
Optimization:
---------------------
1 2.810e+00 2.810e+00
2 1.952e+06 2.810e+00
3 7.052e+05 2.810e+00
4 3.406e+05 2.810e+00
5 1.228e+05 2.810e+00
6 4.426e+04 2.810e+00
7 1.595e+04 2.810e+00
8 5.745e+03 2.810e+00
9 2.069e+03 2.810e+00
10 7.433e+02 2.810e+00
11 2.666e+02 2.810e+00
12 9.538e+01 2.810e+00
13 3.400e+01 2.810e+00
14 1.308e+01 2.810e+00
15 4.702e+00 2.810e+00
16 1.682e+00 1.682e+00
17 5.934e-01 5.934e-01
18 2.176e-01 2.176e-01
19 1.728e-01 1.728e-01
20 7.256e-01 1.728e-01
21 2.619e-01 1.728e-01
22 9.739e-02 9.739e-02
23 5.057e-02 5.057e-02
24 1.962e-02 1.962e-02
25 9.485e-03 9.485e-03
26 1.200e-02 9.485e-03
27 5.205e-02 9.485e-03
28 1.807e-02 9.485e-03
29 9.706e-03 9.485e-03
30 2.059e-02 9.485e-03
31 1.091e-02 9.485e-03
32 3.854e-03 3.854e-03
33 1.469e-03 1.469e-03
34 6.873e-04 6.873e-04
35 2.433e-04 2.433e-04
36 8.617e-05 8.617e-05
37 3.086e-05 3.086e-05
38 1.160e-05 1.160e-05
39 4.730e-06 4.730e-06
40 2.770e-06 2.770e-06
41 7.398e-06 2.770e-06
42 2.444e-06 2.444e-06
43 8.244e-07 8.244e-07
44 3.470e-07 3.470e-07
45 1.324e-07 1.324e-07
46 5.576e-08 5.576e-08
47 4.864e-08 4.864e-08
48 3.611e-06 4.864e-08
49 1.095e-06 4.864e-08
50 3.341e-07 4.864e-08
51 1.054e-07 4.864e-08
52 3.387e-08 3.387e-08
53 2.257e-08 2.257e-08
54 8.113e-09 8.113e-09
55 3.458e-09 3.458e-09
56 1.767e-09 1.767e-09
57 1.196e-09 1.196e-09
58 2.634e-08 1.196e-09
59 8.143e-09 1.196e-09
60 1.233e-04 1.196e-09
61 3.763e-05 1.196e-09
62 1.165e-05 1.196e-09
63 1.110e-04 1.196e-09
64 3.562e-05 1.196e-09
65 2.759e-05 1.196e-09
66 9.541e-06 1.196e-09
67 3.643e-06 1.196e-09
68 1.466e-06 1.196e-09
69 5.892e-07 1.196e-09
70 2.393e-07 1.196e-09
71 9.744e-08 1.196e-09
72 4.084e-08 1.196e-09
73 1.810e-08 1.196e-09
74 8.640e-09 1.196e-09
75 5.429e-09 1.196e-09
76 2.397e-09 1.196e-09
77 1.087e-09 1.087e-09
78 5.173e-10 5.173e-10
79 3.732e-10 3.732e-10
80 1.570e-10 1.570e-10
81 7.154e-11 7.154e-11
82 4.562e-11 4.562e-11
83 2.050e-11 2.050e-11
84 1.017e-11 1.017e-11
85 1.510e-11 1.017e-11
86 5.106e-12 5.106e-12
87 2.365e-12 2.365e-12
88 1.217e-12 1.217e-12
89 6.220e-13 6.220e-13
90 7.436e-13 6.220e-13
91 2.421e-13 2.421e-13
92 1.558e-13 1.558e-13
93 5.862e-13 1.558e-13
94 1.606e-13 1.558e-13
95 8.542e-14 8.542e-14
1 (precision) 4.610e-13 8.542e-14 (from 8.542e-14)
2 (precision) 1.243e-13 8.542e-14 (from 8.542e-14)
3 (precision) 9.719e-14 8.542e-14 (from 8.542e-14)
4 (precision) 7.023e-14 7.023e-14 (from 8.542e-14)
5 (precision) 2.775e-14 2.775e-14 (from 8.542e-14)
6 (precision) 1.487e-13 2.775e-14 (from 8.542e-14)
7 (precision) 4.113e-14 2.775e-14 (from 8.542e-14)
8 (precision) 8.202e-15 8.202e-15 (from 8.542e-14)
9 (precision) 4.970e-12 8.202e-15 (from 8.542e-14)
10 (precision) 1.372e-12 8.202e-15 (from 8.542e-14)
11 (precision) 3.782e-13 8.202e-15 (from 8.542e-14)
12 (precision) 1.048e-13 8.202e-15 (from 8.542e-14)
13 (precision) 3.240e-14 8.202e-15 (from 8.542e-14)
14 (precision) 9.162e-15 8.202e-15 (from 8.542e-14)
15 (precision) 2.887e-15 2.887e-15 (from 8.542e-14)
16 (precision) 4.996e-15 2.887e-15 (from 8.542e-14)
17 (precision) 1.671e-14 2.887e-15 (from 8.542e-14)
18 (precision) 4.833e-15 2.887e-15 (from 8.542e-14)
19 (precision) 2.032e-15 2.032e-15 (from 8.542e-14)
20 (precision) 1.478e-14 2.032e-15 (from 8.542e-14)
21 (precision) 3.821e-15 2.032e-15 (from 8.542e-14)
22 (precision) 1.873e-15 1.873e-15 (from 8.542e-14)
23 (precision) 1.610e-15 1.610e-15 (from 8.542e-14)
24 (precision) 1.355e-14 1.610e-15 (from 8.542e-14)
25 (precision) 7.358e-15 1.610e-15 (from 8.542e-14)
26 (precision) 2.407e-11 1.610e-15 (from 8.542e-14)
27 (precision) 6.733e-12 1.610e-15 (from 8.542e-14)
28 (precision) 2.787e-10 1.610e-15 (from 8.542e-14)
29 (precision) 7.925e-11 1.610e-15 (from 8.542e-14)
30 (precision) 2.398e-11 1.610e-15 (from 8.542e-14)
31 (precision) 8.358e-12 1.610e-15 (from 8.542e-14)
32 (precision) 3.399e-12 1.610e-15 (from 8.542e-14)
33 (precision) 3.974e-12 1.610e-15 (from 8.542e-14)
34 (precision) 5.738e-12 1.610e-15 (from 8.542e-14)
35 (precision) 9.892e-11 1.610e-15 (from 8.542e-14)
36 (precision) 2.778e-11 1.610e-15 (from 8.542e-14)
37 (precision) 8.524e-12 1.610e-15 (from 8.542e-14)
38 (precision) 3.660e-12 1.610e-15 (from 8.542e-14)
39 (precision) 1.191e-12 1.610e-15 (from 8.542e-14)
40 (precision) 1.064e-12 1.610e-15 (from 8.542e-14)
41 (precision) 3.310e-13 1.610e-15 (from 8.542e-14)
42 (precision) 1.189e-13 1.610e-15 (from 8.542e-14)
43 (precision) 4.609e-14 1.610e-15 (from 8.542e-14)
44 (precision) 1.999e-14 1.610e-15 (from 8.542e-14)
45 (precision) 1.032e-14 1.610e-15 (from 8.542e-14)
46 (precision) 3.408e-15 1.610e-15 (from 8.542e-14)
47 (precision) 2.529e-15 1.610e-15 (from 8.542e-14)
48 (precision) 1.508e-15 1.508e-15 (from 8.542e-14)
49 (precision) 4.904e-15 1.508e-15 (from 8.542e-14)
50 (precision) 1.621e-15 1.508e-15 (from 8.542e-14)
51 (precision) 6.349e-15 1.508e-15 (from 8.542e-14)
52 (precision) 4.934e-15 1.508e-15 (from 8.542e-14)
53 (precision) 1.046e-14 1.508e-15 (from 8.542e-14)
54 (precision) 3.733e-15 1.508e-15 (from 8.542e-14)
55 (precision) 1.286e-15 1.286e-15 (from 8.542e-14)
56 (precision) 6.558e-15 1.286e-15 (from 8.542e-14)
57 (precision) 7.781e-16 7.781e-16 (from 8.542e-14)
58 (precision) 3.709e-15 7.781e-16 (from 8.542e-14)
59 (precision) 1.733e-15 7.781e-16 (from 8.542e-14)
60 (precision) 8.025e-16 7.781e-16 (from 8.542e-14)
61 (precision) 4.886e-15 7.781e-16 (from 8.542e-14)
62 (precision) 3.918e-12 7.781e-16 (from 8.542e-14)
63 (precision) 1.081e-12 7.781e-16 (from 8.542e-14)
64 (precision) 3.018e-13 7.781e-16 (from 8.542e-14)
65 (precision) 8.316e-14 7.781e-16 (from 8.542e-14)
66 (precision) 2.872e-14 7.781e-16 (from 8.542e-14)
67 (precision) 1.070e-14 7.781e-16 (from 8.542e-14)
68 (precision) 5.425e-15 7.781e-16 (from 8.542e-14)
69 (precision) 5.812e-15 7.781e-16 (from 8.542e-14)
70 (precision) 4.261e-15 7.781e-16 (from 8.542e-14)
71 (precision) 1.747e-15 7.781e-16 (from 8.542e-14)
72 (precision) 1.014e-16 1.014e-16 (from 8.542e-14)
73 (precision) 8.683e-16 1.014e-16 (from 8.542e-14)
74 (precision) 2.942e-15 1.014e-16 (from 8.542e-14)
75 (precision) 5.128e-16 1.014e-16 (from 8.542e-14)
76 (precision) 1.365e-15 1.014e-16 (from 8.542e-14)
77 (precision) 1.502e-15 1.014e-16 (from 8.542e-14)
78 (precision) 2.189e-14 1.014e-16 (from 8.542e-14)
79 (precision) 1.090e-14 1.014e-16 (from 8.542e-14)
80 (precision) 2.205e-15 1.014e-16 (from 8.542e-14)
81 (precision) 9.585e-16 1.014e-16 (from 8.542e-14)
82 (precision) 4.722e-15 1.014e-16 (from 8.542e-14)
83 (precision) 1.849e-14 1.014e-16 (from 8.542e-14)
84 (precision) 3.172e-15 1.014e-16 (from 8.542e-14)
85 (precision) 5.148e-15 1.014e-16 (from 8.542e-14)
86 (precision) 2.891e-15 1.014e-16 (from 8.542e-14)
87 (precision) 1.229e-15 1.014e-16 (from 8.542e-14)
88 (precision) 1.437e-15 1.014e-16 (from 8.542e-14)
89 (precision) 3.718e-15 1.014e-16 (from 8.542e-14)
90 (precision) 7.631e-15 1.014e-16 (from 8.542e-14)
91 (precision) 2.584e-15 1.014e-16 (from 8.542e-14)
92 (precision) 1.154e-15 1.014e-16 (from 8.542e-14)
93 (precision) 9.886e-16 1.014e-16 (from 8.542e-14)
94 (precision) 2.298e-15 1.014e-16 (from 8.542e-14)
95 (precision) 6.624e-16 1.014e-16 (from 8.542e-14)
96 (precision) 2.034e-15 1.014e-16 (from 8.542e-14)
97 (precision) 6.752e-16 1.014e-16 (from 8.542e-14)
98 (precision) 7.228e-16 1.014e-16 (from 8.542e-14)
99 (precision) 2.216e-15 1.014e-16 (from 8.542e-14)
100 (precision) 1.565e-16 1.014e-16 (from 8.542e-14)

x: -4.011e-01  2.359e-01  3.595e-01 -3.868e-01 -2.158e-01 -2.135e-01  2.266e-01 -3.621e-01 -3.491e-01  2.897e-01  2.451e-01 -1.655e-01  1.077e-01 -1.872e-01 -4.080e-01 -3.507e-01 -3.903e-01 -1.051e-01  2.700e-01  1.677e-01 -3.791e-01  3.992e-02 -1.689e-01  2.304e-01 -5.402e-02 -4.067e-02 -4.023e-01  3.594e-03 -3.901e-01  4.082e-01 -7.599e-02 -3.332e-01  1.934e-01 -1.306e-01  3.466e-01  3.480e-01  3.396e-01 -1.885e-01 -2.117e-01 -2.876e-01 -3.265e-01  3.732e-01 -3.938e-01  3.628e-01 -1.542e-02 -2.090e-01 -1.198e-01  3.945e-01  3.062e-01 -3.722e-01  1.514e-01  4.063e-01  3.717e-01 -3.370e-01  4.047e-01  4.062e-01  6.953e-02  4.082e-01  1.202e-01 -4.302e-03  2.992e-01  2.777e-01  1.599e-01 -3.756e-01  2.973e-01  2.798e-01  4.012e-01 -7.578e-02 -1.448e-01 -3.817e-01 -9.358e-02  3.974e-01  1.674e-01 -3.723e-01  4.069e-01  3.254e-02  2.527e-01 -3.206e-01 -2.985e-17

grad:  1.312e-28 -1.644e-28  5.486e-28  1.876e-28 -3.364e-28  4.079e-29  3.581e-28 -6.152e-28  3.077e-29  3.427e-28  1.165e-28 -5.492e-28 -1.133e-28  3.096e-28 -1.673e-27 -2.390e-28 -4.685e-28 -2.782e-28  8.347e-28 -5.145e-28 -1.235e-27  3.670e-28 -1.036e-28  1.012e-27 -2.510e-28  1.583e-28  1.039e-28 -1.350e-29 -2.520e-28  4.881e-29 -7.821e-29 -3.363e-29  3.259e-28  1.630e-28  1.508e-29  2.894e-28  4.053e-28 -4.831e-30 -3.322e-28  8.890e-29 -6.740e-28  9.207e-29 -2.998e-28  2.999e-28 -2.417e-29 -5.816e-28 -1.049e-28  8.761e-29  7.581e-28 -2.741e-28  3.850e-28  6.491e-28 -1.222e-28 -7.840e-28  9.641e-28 -4.878e-29 -1.275e-28 -1.484e-29  8.809e-29 -1.035e-28 -7.504e-29  4.270e-29 -4.207e-29 -6.809e-29 -2.812e-28 -3.126e-28 -6.994e-29  1.410e-28  1.934e-28  1.023e-27 -5.463e-29 -4.542e-29  8.881e-29  9.999e-28  5.003e-29 -1.589e-28  1.430e-28  1.279e-28 -1.565e-16

finished in 95 iterations (0.121 seconds total)
max viol = 4.46e-08

---------------------
Result:
---------------------

{(1,0), (0,0), (0,0), (0,0), (0,0), (0,0)}, {(0,0), (1,0), (0,0), (0,0), (0,0), (0,0)}, {(0,0), (0,0), (1,0), (0,0), (0,0), (0,0)}, {(0,0), (0,0), (0,0), (1,0), (0,0), (0,0)}, {(0,0), (0,0), (0,0), (0,0), (1,0), (0,0)}, {(0,0), (0,0), (0,0), (0,0), (0,0), (1,0)}


{(0.408,0), (0.408,0), (0.408,0), (0.408,0), (0.408,0), (0.408,0)}, {(0.408,0), (-0.401,-0.076), (0.236,-0.333), (0.36,0.193), (-0.387,-0.131), (-0.216,0.347)}, {(0.408,0), (-0.214,0.348), (0.227,0.34), (-0.362,-0.188), (-0.349,-0.212), (0.29,-0.288)}, {(0.408,0), (0.245,-0.326), (-0.165,0.373), (0.108,-0.394), (-0.187,0.363), (-0.408,-0.0154)}, {(0.408,0), (-0.351,-0.209), (-0.39,-0.12), (-0.105,0.394), (0.27,0.306), (0.168,-0.372)}, {}


{(0.408,0), (-0.379,0.151), (0.0399,0.406), (-0.169,0.372), (0.23,-0.337), (-0.054,0.405)}, {}, {}, {}, {}, {}


{(0.408,0), (-0.0407,0.406), (-0.402,0.0695), (0.00359,0.408), (-0.39,0.12), (0.408,-0.0043)}, {}, {}, {}, {}, {}

---------------------
Abs of Gram matrix:
---------------------

 { { +1.0000, +0.0000, +0.0000, +0.0000, +0.0000, +0.0000, +0.4082, +0.4082, +0.4082, +0.4082, +0.4082, +0.0000, +0.4082, +0.0000, +0.0000, +0.0000, +0.0000, +0.0000, +0.4082, +0.0000, +0.0000, +0.0000, +0.0000, +0.0000}, 
   { +0.0000, +1.0000, +0.0000, +0.0000, +0.0000, +0.0000, +0.4082, +0.4082, +0.4082, +0.4082, +0.4082, +0.0000, +0.4082, +0.0000, +0.0000, +0.0000, +0.0000, +0.0000, +0.4082, +0.0000, +0.0000, +0.0000, +0.0000, +0.0000}, 
   { +0.0000, +0.0000, +1.0000, +0.0000, +0.0000, +0.0000, +0.4082, +0.4082, +0.4082, +0.4082, +0.4082, +0.0000, +0.4082, +0.0000, +0.0000, +0.0000, +0.0000, +0.0000, +0.4082, +0.0000, +0.0000, +0.0000, +0.0000, +0.0000}, 
   { +0.0000, +0.0000, +0.0000, +1.0000, +0.0000, +0.0000, +0.4082, +0.4082, +0.4082, +0.4082, +0.4082, +0.0000, +0.4082, +0.0000, +0.0000, +0.0000, +0.0000, +0.0000, +0.4082, +0.0000, +0.0000, +0.0000, +0.0000, +0.0000}, 
   { +0.0000, +0.0000, +0.0000, +0.0000, +1.0000, +0.0000, +0.4082, +0.4082, +0.4082, +0.4082, +0.4082, +0.0000, +0.4082, +0.0000, +0.0000, +0.0000, +0.0000, +0.0000, +0.4082, +0.0000, +0.0000, +0.0000, +0.0000, +0.0000}, 
   { +0.0000, +0.0000, +0.0000, +0.0000, +0.0000, +1.0000, +0.4082, +0.4082, +0.4082, +0.4082, +0.4082, +0.0000, +0.4082, +0.0000, +0.0000, +0.0000, +0.0000, +0.0000, +0.4082, +0.0000, +0.0000, +0.0000, +0.0000, +0.0000}, 
   { +0.4082, +0.4082, +0.4082, +0.4082, +0.4082, +0.4082, +1.0000, +0.0001, +0.0001, +0.0002, +0.0001, +0.0000, +0.4082, +0.0000, +0.0000, +0.0000, +0.0000, +0.0000, +0.4082, +0.0000, +0.0000, +0.0000, +0.0000, +0.0000}, 
   { +0.4082, +0.4082, +0.4082, +0.4082, +0.4082, +0.4082, +0.0001, +1.0000, +0.0000, +0.0000, +0.0000, +0.0000, +0.4082, +0.0000, +0.0000, +0.0000, +0.0000, +0.0000, +0.4082, +0.0000, +0.0000, +0.0000, +0.0000, +0.0000}, 
   { +0.4082, +0.4082, +0.4082, +0.4082, +0.4082, +0.4082, +0.0001, +0.0000, +1.0000, +0.0000, +0.0000, +0.0000, +0.4082, +0.0000, +0.0000, +0.0000, +0.0000, +0.0000, +0.4082, +0.0000, +0.0000, +0.0000, +0.0000, +0.0000}, 
   { +0.4082, +0.4082, +0.4082, +0.4082, +0.4082, +0.4082, +0.0002, +0.0000, +0.0000, +1.0000, +0.0000, +0.0000, +0.4082, +0.0000, +0.0000, +0.0000, +0.0000, +0.0000, +0.4082, +0.0000, +0.0000, +0.0000, +0.0000, +0.0000}, 
   { +0.4082, +0.4082, +0.4082, +0.4082, +0.4082, +0.4082, +0.0001, +0.0000, +0.0000, +0.0000, +1.0000, +0.0000, +0.4082, +0.0000, +0.0000, +0.0000, +0.0000, +0.0000, +0.4082, +0.0000, +0.0000, +0.0000, +0.0000, +0.0000}, 
   { +0.0000, +0.0000, +0.0000, +0.0000, +0.0000, +0.0000, +0.0000, +0.0000, +0.0000, +0.0000, +0.0000, +0.0000, +0.0000, +0.0000, +0.0000, +0.0000, +0.0000, +0.0000, +0.0000, +0.0000, +0.0000, +0.0000, +0.0000, +0.0000}, 
   { +0.4082, +0.4082, +0.4082, +0.4082, +0.4082, +0.4082, +0.4082, +0.4082, +0.4082, +0.4082, +0.4082, +0.0000, +1.0000, +0.0000, +0.0000, +0.0000, +0.0000, +0.0000, +0.4082, +0.0000, +0.0000, +0.0000, +0.0000, +0.0000}, 
   { +0.0000, +0.0000, +0.0000, +0.0000, +0.0000, +0.0000, +0.0000, +0.0000, +0.0000, +0.0000, +0.0000, +0.0000, +0.0000, +0.0000, +0.0000, +0.0000, +0.0000, +0.0000, +0.0000, +0.0000, +0.0000, +0.0000, +0.0000, +0.0000}, 
   { +0.0000, +0.0000, +0.0000, +0.0000, +0.0000, +0.0000, +0.0000, +0.0000, +0.0000, +0.0000, +0.0000, +0.0000, +0.0000, +0.0000, +0.0000, +0.0000, +0.0000, +0.0000, +0.0000, +0.0000, +0.0000, +0.0000, +0.0000, +0.0000}, 
   { +0.0000, +0.0000, +0.0000, +0.0000, +0.0000, +0.0000, +0.0000, +0.0000, +0.0000, +0.0000, +0.0000, +0.0000, +0.0000, +0.0000, +0.0000, +0.0000, +0.0000, +0.0000, +0.0000, +0.0000, +0.0000, +0.0000, +0.0000, +0.0000}, 
   { +0.0000, +0.0000, +0.0000, +0.0000, +0.0000, +0.0000, +0.0000, +0.0000, +0.0000, +0.0000, +0.0000, +0.0000, +0.0000, +0.0000, +0.0000, +0.0000, +0.0000, +0.0000, +0.0000, +0.0000, +0.0000, +0.0000, +0.0000, +0.0000}, 
   { +0.0000, +0.0000, +0.0000, +0.0000, +0.0000, +0.0000, +0.0000, +0.0000, +0.0000, +0.0000, +0.0000, +0.0000, +0.0000, +0.0000, +0.0000, +0.0000, +0.0000, +0.0000, +0.0000, +0.0000, +0.0000, +0.0000, +0.0000, +0.0000}, 
   { +0.4082, +0.4082, +0.4082, +0.4082, +0.4082, +0.4082, +0.4082, +0.4082, +0.4082, +0.4082, +0.4082, +0.0000, +0.4082, +0.0000, +0.0000, +0.0000, +0.0000, +0.0000, +1.0000, +0.0000, +0.0000, +0.0000, +0.0000, +0.0000}, 
   { +0.0000, +0.0000, +0.0000, +0.0000, +0.0000, +0.0000, +0.0000, +0.0000, +0.0000, +0.0000, +0.0000, +0.0000, +0.0000, +0.0000, +0.0000, +0.0000, +0.0000, +0.0000, +0.0000, +0.0000, +0.0000, +0.0000, +0.0000, +0.0000}, 
   { +0.0000, +0.0000, +0.0000, +0.0000, +0.0000, +0.0000, +0.0000, +0.0000, +0.0000, +0.0000, +0.0000, +0.0000, +0.0000, +0.0000, +0.0000, +0.0000, +0.0000, +0.0000, +0.0000, +0.0000, +0.0000, +0.0000, +0.0000, +0.0000}, 
   { +0.0000, +0.0000, +0.0000, +0.0000, +0.0000, +0.0000, +0.0000, +0.0000, +0.0000, +0.0000, +0.0000, +0.0000, +0.0000, +0.0000, +0.0000, +0.0000, +0.0000, +0.0000, +0.0000, +0.0000, +0.0000, +0.0000, +0.0000, +0.0000}, 
   { +0.0000, +0.0000, +0.0000, +0.0000, +0.0000, +0.0000, +0.0000, +0.0000, +0.0000, +0.0000, +0.0000, +0.0000, +0.0000, +0.0000, +0.0000, +0.0000, +0.0000, +0.0000, +0.0000, +0.0000, +0.0000, +0.0000, +0.0000, +0.0000}, 
   { +0.0000, +0.0000, +0.0000, +0.0000, +0.0000, +0.0000, +0.0000, +0.0000, +0.0000, +0.0000, +0.0000, +0.0000, +0.0000, +0.0000, +0.0000, +0.0000, +0.0000, +0.0000, +0.0000, +0.0000, +0.0000, +0.0000, +0.0000, +0.0000} } 
