---------------------
Basis Indices:
---------------------

{1, 0, 0, 0, 0, 0}, {1, 0, 0, 0, 0, 0}, {1, 0, 0, 0, 0, 0}, {1, 0, 0, 0, 0, 0}, {1, 0, 0, 0, 0, 0}, {1, 0, 0, 0, 0, 0}


{0.408, 0.408, 0.408, 0.408, 0.408, 0.408}, {0.408, x_43+i*x_187, x_44+i*x_188, x_45+i*x_189, x_46+i*x_190, x_47+i*x_191}, {0.408, x_49+i*x_193, x_50+i*x_194, x_51+i*x_195, x_52+i*x_196, x_53+i*x_197}, {0.408, x_55+i*x_199, x_56+i*x_200, x_57+i*x_201, x_58+i*x_202, x_59+i*x_203}, {0.408, x_61+i*x_205, x_62+i*x_206, x_63+i*x_207, x_64+i*x_208, x_65+i*x_209}, {0.408, x_67+i*x_211, x_68+i*x_212, x_69+i*x_213, x_70+i*x_214, x_71+i*x_215}


{0.408, x_73+i*x_217, x_74+i*x_218, x_75+i*x_219, x_76+i*x_220, x_77+i*x_221}, {}, {}, {}, {}, {}


{0.408, x_109+i*x_253, x_110+i*x_254, x_111+i*x_255, x_112+i*x_256, x_113+i*x_257}, {}, {}, {}, {}, {}

---------------------
Problem: 
---------------------
Find a point satisfying:

1*{  44  50} + 1*{  46  52} + 1*{ 188 194} + 1*{ 187 193} + 1*{  47  53} + 1*{  45  51} + 1*{  43  49} + 1*{ 189 195} + 0.166667*{} + 1*{ 190 196} + 1*{ 191 197} = 0 

-1*{  51 189} + 1*{  45 195} + -1*{  50 188} + 1*{  44 194} + 1*{  43 193} + -1*{  53 191} + 1*{  46 196} + -1*{  52 190} + -1*{  49 187} + 1*{  47 197} = 0 

1*{ 189 201} + 1*{  43  55} + 1*{  44  56} + 0.166667*{} + 1*{ 187 199} + 1*{ 188 200} + 1*{  46  58} + 1*{  45  57} + 1*{ 191 203} + 1*{ 190 202} + 1*{  47  59} = 0 

-1*{  56 188} + 1*{  46 202} + 1*{  45 201} + 1*{  44 200} + -1*{  55 187} + 1*{  43 199} + -1*{  57 189} + -1*{  58 190} + 1*{  47 203} + -1*{  59 191} = 0 

1*{  45  63} + 1*{ 188 206} + 0.166667*{} + 1*{ 189 207} + 1*{  43  61} + 1*{ 190 208} + 1*{  44  62} + 1*{  46  64} + 1*{ 187 205} + 1*{  47  65} + 1*{ 191 209} = 0 

-1*{  63 189} + 1*{  45 207} + -1*{  64 190} + -1*{  61 187} + 1*{  43 205} + 1*{  46 208} + -1*{  62 188} + 1*{  47 209} + 1*{  44 206} + -1*{  65 191} = 0 

1*{ 189 213} + 1*{  46  70} + 1*{ 188 212} + 1*{  44  68} + 1*{  43  67} + 1*{  45  69} + 0.166667*{} + 1*{ 187 211} + 1*{ 191 215} + 1*{ 190 214} + 1*{  47  71} = 0 

-1*{  69 189} + -1*{  71 191} + 1*{  46 214} + -1*{  67 187} + 1*{  43 211} + -1*{  68 188} + 1*{  44 212} + 1*{  45 213} + -1*{  70 190} + 1*{  47 215} = 0 

-0.166667*{} + 1*{ 289 289} + 1*{ 288 288} = 0 

1*{ 189 219} + 1*{ 188 218} + 1*{ 187 217} + 1*{  45  75} + 1*{  44  74} + 1*{  43  73} + 0.166667*{} + 1*{  46  76} + 1*{ 190 220} + 1*{  47  77} + 1*{ 191 221} + -1*{ 288} = 0 

-1*{  75 189} + 1*{  45 219} + 1*{  46 220} + 1*{  44 218} + -1*{  74 188} + 1*{  43 217} + -1*{ 289} + -1*{  73 187} + 1*{  47 221} + -1*{  76 190} + -1*{  77 191} = 0 

-0.166667*{} + 1*{ 291 291} + 1*{ 290 290} = 0 

1*{ 189 255} + 1*{  45 111} + 1*{  46 112} + 1*{ 187 253} + 0.166667*{} + 1*{  43 109} + 1*{  44 110} + 1*{ 190 256} + 1*{  47 113} + 1*{ 191 257} + 1*{ 188 254} + -1*{ 290} = 0 

-1*{ 110 188} + 1*{  45 255} + -1*{ 109 187} + -1*{ 111 189} + 1*{  43 253} + 1*{  47 257} + 1*{  44 254} + 1*{  46 256} + -1*{ 112 190} + -1*{ 113 191} + -1*{ 291} = 0 

-0.166667*{} + 1*{ 187 187} + 1*{  43  43} = 0 

-0.166667*{} + 1*{ 188 188} + 1*{  44  44} = 0 

-0.166667*{} + 1*{ 189 189} + 1*{  45  45} = 0 

-0.166667*{} + 1*{ 190 190} + 1*{  46  46} = 0 

-0.166667*{} + 1*{ 191 191} + 1*{  47  47} = 0 

0.333333*{  45  46} + 0.166667*{  44  44} + 0.333333*{  44  46} + 0.166667*{  47  47} + 0.333333*{  46  47} + 0.166667*{ 188 188} + 0.166667*{  45  45} + 0.333333*{  43  44} + 0.136083*{  45} + 0.333333*{  43  45} + 0.333333*{ 189 190} + 0.333333*{ 190 191} + 0.136083*{  47} + 0.333333*{  43  46} + 0.333333*{ 189 191} + 0.333333*{ 187 190} + 0.333333*{ 188 191} + 0.333333*{  44  45} + 0.166667*{ 191 191} + 0.166667*{  43  43} + 0.166667*{ 190 190} + 0.333333*{ 187 188} + 0.166667*{ 187 187} + 0.166667*{ 189 189} + 0.333333*{ 188 189} + 0.136083*{  44} + 0.0277778*{} + 0.333333*{  45  47} + 0.136083*{  43} + 0.136083*{  46} + 0.333333*{ 187 189} + 0.333333*{ 188 190} + 0.333333*{  44  47} + 0.333333*{  43  47} + 0.333333*{ 187 191} + 0.166667*{  46  46} = 0 

1*{ 195 201} + 1*{  50  56} + 1*{ 194 200} + 1*{  52  58} + 1*{ 196 202} + 1*{  51  57} + 1*{ 193 199} + 1*{  53  59} + 1*{  49  55} + 0.166667*{} + 1*{ 197 203} = 0 

1*{  51 201} + 1*{  53 203} + 1*{  50 200} + -1*{  57 195} + 1*{  49 199} + -1*{  56 194} + -1*{  55 193} + 1*{  52 202} + -1*{  58 196} + -1*{  59 197} = 0 

1*{  51  63} + 1*{ 195 207} + 1*{  50  62} + 0.166667*{} + 1*{ 194 206} + 1*{ 196 208} + 1*{  52  64} + 1*{  53  65} + 1*{ 193 205} + 1*{  49  61} + 1*{ 197 209} = 0 

-1*{  62 194} + 1*{  51 207} + 1*{  50 206} + -1*{  65 197} + -1*{  61 193} + 1*{  49 205} + -1*{  63 195} + -1*{  64 196} + 1*{  52 208} + 1*{  53 209} = 0 

1*{ 195 213} + 1*{  51  69} + 1*{ 193 211} + 1*{  50  68} + 1*{  52  70} + 1*{ 194 212} + 1*{  49  67} + 1*{  53  71} + 1*{ 196 214} + 0.166667*{} + 1*{ 197 215} = 0 

-1*{  69 195} + -1*{  68 194} + 1*{  49 211} + 1*{  50 212} + -1*{  67 193} + 1*{  51 213} + 1*{  52 214} + -1*{  70 196} + -1*{  71 197} + 1*{  53 215} = 0 

-0.166667*{} + 1*{ 293 293} + 1*{ 292 292} = 0 

1*{  53  77} + 1*{  51  75} + -1*{ 292} + 1*{ 194 218} + 1*{ 196 220} + 1*{ 197 221} + 1*{  50  74} + 1*{  52  76} + 1*{ 195 219} + 1*{ 193 217} + 1*{  49  73} + 0.166667*{} = 0 

1*{  51 219} + -1*{  75 195} + 1*{  49 217} + 1*{  50 218} + -1*{ 293} + -1*{  77 197} + -1*{  74 194} + 1*{  52 220} + 1*{  53 221} + -1*{  73 193} + -1*{  76 196} = 0 

-0.166667*{} + 1*{ 295 295} + 1*{ 294 294} = 0 

1*{  52 112} + 1*{  51 111} + 1*{ 194 254} + 1*{ 193 253} + 1*{ 195 255} + 1*{  49 109} + 1*{  50 110} + -1*{ 294} + 0.166667*{} + 1*{ 197 257} + 1*{ 196 256} + 1*{  53 113} = 0 

-1*{ 111 195} + 1*{  51 255} + -1*{ 109 193} + -1*{ 110 194} + 1*{  49 253} + 1*{  50 254} + -1*{ 295} + 1*{  52 256} + 1*{  53 257} + -1*{ 112 196} + -1*{ 113 197} = 0 

-0.166667*{} + 1*{ 193 193} + 1*{  49  49} = 0 

-0.166667*{} + 1*{ 194 194} + 1*{  50  50} = 0 

-0.166667*{} + 1*{ 195 195} + 1*{  51  51} = 0 

-0.166667*{} + 1*{ 196 196} + 1*{  52  52} = 0 

1*{ 197 197} + -0.166667*{} + 1*{  53  53} = 0 

0.333333*{ 195 196} + 0.333333*{ 195 197} + 0.333333*{ 194 195} + 0.333333*{  51  52} + 0.333333*{  51  53} + 0.136083*{  52} + 0.333333*{  50  51} + 0.333333*{  49  52} + 0.136083*{  53} + 0.166667*{ 197 197} + 0.333333*{  50  52} + 0.333333*{  49  51} + 0.333333*{ 194 197} + 0.333333*{ 193 197} + 0.166667*{ 195 195} + 0.166667*{ 193 193} + 0.166667*{ 196 196} + 0.333333*{  49  53} + 0.166667*{  51  51} + 0.136083*{  51} + 0.136083*{  49} + 0.0277778*{} + 0.136083*{  50} + 0.166667*{  49  49} + 0.333333*{  49  50} + 0.166667*{  50  50} + 0.333333*{ 196 197} + 0.333333*{ 193 196} + 0.333333*{  50  53} + 0.333333*{ 193 195} + 0.166667*{  53  53} + 0.333333*{ 193 194} + 0.166667*{ 194 194} + 0.333333*{  52  53} + 0.166667*{  52  52} + 0.333333*{ 194 196} = 0 

1*{ 200 206} + 1*{  56  62} + 1*{ 202 208} + 1*{ 199 205} + 1*{  59  65} + 1*{  57  63} + 1*{  55  61} + 0.166667*{} + 1*{ 201 207} + 1*{  58  64} + 1*{ 203 209} = 0 

1*{  57 207} + -1*{  62 200} + -1*{  63 201} + -1*{  61 199} + 1*{  55 205} + 1*{  56 206} + 1*{  58 208} + -1*{  64 202} + 1*{  59 209} + -1*{  65 203} = 0 

1*{ 200 212} + 1*{  57  69} + 1*{ 201 213} + 1*{  56  68} + 1*{ 203 215} + 0.166667*{} + 1*{ 199 211} + 1*{  58  70} + 1*{  55  67} + 1*{ 202 214} + 1*{  59  71} = 0 

1*{  57 213} + -1*{  68 200} + -1*{  67 199} + 1*{  56 212} + -1*{  71 203} + 1*{  55 211} + 1*{  58 214} + -1*{  69 201} + -1*{  70 202} + 1*{  59 215} = 0 

-0.166667*{} + 1*{ 297 297} + 1*{ 296 296} = 0 

1*{ 201 219} + 1*{  56  74} + 1*{ 200 218} + -1*{ 296} + 1*{ 199 217} + 1*{  55  73} + 1*{  58  76} + 1*{  57  75} + 1*{ 202 220} + 1*{  59  77} + 0.166667*{} + 1*{ 203 221} = 0 

1*{  56 218} + 1*{  55 217} + 1*{  58 220} + -1*{  76 202} + -1*{  75 201} + 1*{  59 221} + -1*{  73 199} + -1*{ 297} + 1*{  57 219} + -1*{  74 200} + -1*{  77 203} = 0 

-0.166667*{} + 1*{ 299 299} + 1*{ 298 298} = 0 

1*{  57 111} + 1*{  59 113} + 1*{  56 110} + 1*{ 199 253} + 1*{ 203 257} + 0.166667*{} + 1*{  55 109} + 1*{ 201 255} + 1*{ 202 256} + 1*{  58 112} + 1*{ 200 254} + -1*{ 298} = 0 

1*{  57 255} + 1*{  59 257} + 1*{  58 256} + 1*{  56 254} + -1*{ 111 201} + -1*{ 113 203} + -1*{ 110 200} + -1*{ 109 199} + 1*{  55 253} + -1*{ 112 202} + -1*{ 299} = 0 

-0.166667*{} + 1*{ 199 199} + 1*{  55  55} = 0 

-0.166667*{} + 1*{ 200 200} + 1*{  56  56} = 0 

-0.166667*{} + 1*{ 201 201} + 1*{  57  57} = 0 

1*{ 202 202} + -0.166667*{} + 1*{  58  58} = 0 

-0.166667*{} + 1*{ 203 203} + 1*{  59  59} = 0 

0.333333*{ 201 203} + 0.136083*{  57} + 0.333333*{  57  58} + 0.333333*{ 200 203} + 0.333333*{  56  57} + 0.333333*{  57  59} + 0.166667*{  56  56} + 0.333333*{  55  56} + 0.333333*{ 199 202} + 0.333333*{ 201 202} + 0.333333*{ 200 202} + 0.333333*{ 199 200} + 0.333333*{  56  59} + 0.0277778*{} + 0.333333*{  55  58} + 0.333333*{  58  59} + 0.333333*{  55  59} + 0.166667*{ 201 201} + 0.166667*{  59  59} + 0.333333*{ 200 201} + 0.333333*{  55  57} + 0.166667*{ 200 200} + 0.166667*{ 202 202} + 0.166667*{ 203 203} + 0.333333*{  56  58} + 0.136083*{  56} + 0.166667*{  55  55} + 0.333333*{ 199 201} + 0.136083*{  55} + 0.166667*{  58  58} + 0.136083*{  59} + 0.166667*{  57  57} + 0.136083*{  58} + 0.166667*{ 199 199} + 0.333333*{ 202 203} + 0.333333*{ 199 203} = 0 

1*{ 207 213} + 1*{ 206 212} + 1*{  62  68} + 1*{  64  70} + 1*{ 205 211} + 1*{  63  69} + 1*{  61  67} + 0.166667*{} + 1*{ 209 215} + 1*{ 208 214} + 1*{  65  71} = 0 

-1*{  68 206} + -1*{  69 207} + 1*{  62 212} + -1*{  67 205} + -1*{  71 209} + 1*{  64 214} + 1*{  63 213} + 1*{  61 211} + -1*{  70 208} + 1*{  65 215} = 0 

-0.166667*{} + 1*{ 301 301} + 1*{ 300 300} = 0 

1*{  61  73} + 1*{ 207 219} + 1*{ 206 218} + 1*{  62  74} + 1*{  63  75} + 1*{ 205 217} + 1*{ 208 220} + 0.166667*{} + 1*{  65  77} + 1*{ 209 221} + 1*{  64  76} + -1*{ 300} = 0 

1*{  62 218} + -1*{  76 208} + -1*{  73 205} + 1*{  61 217} + -1*{  75 207} + 1*{  64 220} + 1*{  63 219} + -1*{  74 206} + 1*{  65 221} + -1*{ 301} + -1*{  77 209} = 0 

-0.166667*{} + 1*{ 303 303} + 1*{ 302 302} = 0 

1*{ 206 254} + 1*{  64 112} + 1*{ 209 257} + 1*{ 205 253} + 1*{  63 111} + 1*{  61 109} + 0.166667*{} + 1*{ 208 256} + 1*{  65 113} + 1*{ 207 255} + 1*{  62 110} + -1*{ 302} = 0 

-1*{ 110 206} + 1*{  63 255} + -1*{ 109 205} + 1*{  62 254} + 1*{  61 253} + -1*{ 112 208} + -1*{ 111 207} + 1*{  64 256} + 1*{  65 257} + -1*{ 113 209} + -1*{ 303} = 0 

-0.166667*{} + 1*{ 205 205} + 1*{  61  61} = 0 

-0.166667*{} + 1*{ 206 206} + 1*{  62  62} = 0 

-0.166667*{} + 1*{ 207 207} + 1*{  63  63} = 0 

-0.166667*{} + 1*{ 208 208} + 1*{  64  64} = 0 

-0.166667*{} + 1*{ 209 209} + 1*{  65  65} = 0 

0.333333*{  63  64} + 0.166667*{  61  61} + 0.333333*{  63  65} + 0.166667*{ 206 206} + 0.333333*{ 206 209} + 0.333333*{ 207 209} + 0.333333*{ 206 208} + 0.333333*{ 205 209} + 0.333333*{  62  63} + 0.136083*{  65} + 0.333333*{  61  64} + 0.333333*{ 205 207} + 0.333333*{  61  63} + 0.333333*{  62  65} + 0.333333*{  64  65} + 0.166667*{ 208 208} + 0.166667*{  65  65} + 0.0277778*{} + 0.333333*{ 208 209} + 0.166667*{  64  64} + 0.166667*{ 209 209} + 0.136083*{  64} + 0.136083*{  61} + 0.136083*{  63} + 0.136083*{  62} + 0.333333*{  61  65} + 0.333333*{  61  62} + 0.333333*{  62  64} + 0.333333*{ 207 208} + 0.333333*{ 205 206} + 0.333333*{ 206 207} + 0.166667*{ 205 205} + 0.166667*{  63  63} + 0.333333*{ 205 208} + 0.166667*{  62  62} + 0.166667*{ 207 207} = 0 

-0.166667*{} + 1*{ 305 305} + 1*{ 304 304} = 0 

1*{ 213 219} + 0.166667*{} + 1*{  68  74} + 1*{ 212 218} + 1*{  69  75} + 1*{  70  76} + 1*{  67  73} + 1*{ 214 220} + 1*{ 211 217} + -1*{ 304} + 1*{  71  77} + 1*{ 215 221} = 0 

-1*{  75 213} + -1*{  74 212} + 1*{  68 218} + -1*{  77 215} + 1*{  69 219} + -1*{  73 211} + 1*{  71 221} + -1*{ 305} + 1*{  67 217} + 1*{  70 220} + -1*{  76 214} = 0 

-0.166667*{} + 1*{ 307 307} + 1*{ 306 306} = 0 

1*{  69 111} + 1*{ 212 254} + 1*{  68 110} + 1*{ 213 255} + 1*{ 211 253} + 0.166667*{} + 1*{ 214 256} + 1*{  67 109} + 1*{  71 113} + 1*{ 215 257} + 1*{  70 112} + -1*{ 306} = 0 

-1*{ 113 215} + -1*{ 109 211} + 1*{  68 254} + 1*{  67 253} + -1*{ 111 213} + 1*{  70 256} + -1*{ 110 212} + -1*{ 112 214} + 1*{  71 257} + 1*{  69 255} + -1*{ 307} = 0 

-0.166667*{} + 1*{ 211 211} + 1*{  67  67} = 0 

-0.166667*{} + 1*{ 212 212} + 1*{  68  68} = 0 

-0.166667*{} + 1*{ 213 213} + 1*{  69  69} = 0 

-0.166667*{} + 1*{ 214 214} + 1*{  70  70} = 0 

-0.166667*{} + 1*{ 215 215} + 1*{  71  71} = 0 

0.333333*{ 213 214} + 0.166667*{  69  69} + 0.166667*{  70  70} + 0.333333*{ 212 214} + 0.333333*{  68  69} + 0.333333*{  67  70} + 0.136083*{  71} + 0.136083*{  67} + 0.166667*{  71  71} + 0.166667*{  68  68} + 0.333333*{  67  69} + 0.333333*{ 211 214} + 0.333333*{ 214 215} + 0.333333*{  69  70} + 0.333333*{ 213 215} + 0.166667*{ 214 214} + 0.0277778*{} + 0.333333*{  68  71} + 0.136083*{  68} + 0.333333*{  67  68} + 0.333333*{ 211 213} + 0.136083*{  69} + 0.333333*{  70  71} + 0.333333*{  69  71} + 0.333333*{  67  71} + 0.166667*{ 213 213} + 0.333333*{ 212 213} + 0.136083*{  70} + 0.166667*{ 215 215} + 0.166667*{ 211 211} + 0.333333*{ 211 215} + 0.166667*{  67  67} + 0.333333*{ 212 215} + 0.166667*{ 212 212} + 0.333333*{  68  70} + 0.333333*{ 211 212} = 0 

-0.166667*{} + 1*{ 309 309} + 1*{ 308 308} = 0 

1*{  74 110} + 0.166667*{} + 1*{  75 111} + 1*{  77 113} + 1*{ 218 254} + 1*{ 217 253} + 1*{ 219 255} + 1*{  73 109} + 1*{  76 112} + 1*{ 221 257} + 1*{ 220 256} + -1*{ 308} = 0 

1*{  74 254} + -1*{ 111 219} + -1*{ 110 218} + -1*{ 309} + 1*{  75 255} + 1*{  73 253} + 1*{  76 256} + -1*{ 109 217} + -1*{ 112 220} + 1*{  77 257} + -1*{ 113 221} = 0 

-0.166667*{} + 1*{ 217 217} + 1*{  73  73} = 0 

-0.166667*{} + 1*{ 218 218} + 1*{  74  74} = 0 

-0.166667*{} + 1*{ 219 219} + 1*{  75  75} = 0 

-0.166667*{} + 1*{ 220 220} + 1*{  76  76} = 0 

-0.166667*{} + 1*{ 221 221} + 1*{  77  77} = 0 

0.333333*{ 219 220} + 0.166667*{  75  75} + 0.333333*{  74  77} + 0.333333*{  75  76} + 0.333333*{ 218 219} + 0.333333*{ 218 221} + 0.333333*{ 218 220} + 0.333333*{ 220 221} + 0.166667*{ 221 221} + 0.136083*{  77} + 0.333333*{ 219 221} + 0.136083*{  75} + 0.333333*{  73  74} + 0.166667*{ 219 219} + 0.333333*{  73  77} + 0.333333*{ 217 218} + 0.166667*{ 218 218} + 0.166667*{  76  76} + 0.333333*{  73  76} + 0.333333*{ 217 221} + 0.333333*{ 217 219} + 0.333333*{  74  75} + 0.333333*{  73  75} + 0.166667*{  74  74} + 0.333333*{ 217 220} + 0.166667*{  73  73} + 0.166667*{ 220 220} + 0.333333*{  75  77} + 0.136083*{  73} + 0.166667*{ 217 217} + 0.136083*{  74} + -0.138889*{} + 0.333333*{  74  76} + 0.333333*{  76  77} + 0.166667*{  77  77} + 0.136083*{  76} = 0 

-0.166667*{} + 1*{ 253 253} + 1*{ 109 109} = 0 

-0.166667*{} + 1*{ 254 254} + 1*{ 110 110} = 0 

-0.166667*{} + 1*{ 255 255} + 1*{ 111 111} = 0 

-0.166667*{} + 1*{ 256 256} + 1*{ 112 112} = 0 

-0.166667*{} + 1*{ 257 257} + 1*{ 113 113} = 0 

0.333333*{ 110 111} + 0.166667*{ 256 256} + 0.333333*{ 255 256} + 0.333333*{ 254 256} + 0.166667*{ 112 112} + 0.333333*{ 110 112} + 0.136083*{ 111} + 0.333333*{ 110 113} + 0.333333*{ 109 113} + 0.333333*{ 253 255} + 0.333333*{ 109 112} + 0.333333*{ 111 112} + 0.166667*{ 111 111} + 0.333333*{ 109 111} + 0.333333*{ 254 255} + 0.136083*{ 110} + 0.166667*{ 113 113} + 0.333333*{ 254 257} + 0.333333*{ 109 110} + 0.333333*{ 111 113} + 0.166667*{ 257 257} + 0.166667*{ 110 110} + 0.333333*{ 253 256} + 0.333333*{ 255 257} + 0.166667*{ 255 255} + 0.136083*{ 112} + 0.333333*{ 112 113} + 0.166667*{ 254 254} + 0.333333*{ 256 257} + 0.166667*{ 109 109} + 0.136083*{ 109} + -0.138889*{} + 0.136083*{ 113} + 0.333333*{ 253 257} + 0.333333*{ 253 254} + 0.166667*{ 253 253} = 0 

---------------------
Summary:
---------------------
set sizes: {6, 6, 1, 1}, vars: 92, vectors: 14, equations: 95, indep eqn: 95

---------------------
Optimization:
---------------------
1 3.787e+00 3.787e+00
2 4.596e+01 3.787e+00
3 4.332e+01 3.787e+00
4 2.094e+03 3.787e+00
5 1.803e+03 3.787e+00
6 9.020e+02 3.787e+00
7 9.940e+05 3.787e+00
8 3.588e+05 3.787e+00
9 1.348e+05 3.787e+00
10 5.175e+04 3.787e+00
11 1.868e+04 3.787e+00
12 6.736e+03 3.787e+00
13 2.429e+03 3.787e+00
14 8.755e+02 3.787e+00
15 3.183e+02 3.787e+00
16 1.145e+02 3.787e+00
17 4.114e+01 3.787e+00
18 1.474e+01 3.787e+00
19 5.273e+00 3.787e+00
20 2.260e+00 2.260e+00
21 8.236e-01 8.236e-01
22 2.943e-01 2.943e-01
23 3.054e-01 2.943e-01
24 1.200e-01 1.200e-01
25 5.820e-02 5.820e-02
26 2.636e-02 2.636e-02
27 3.875e-02 2.636e-02
28 6.138e-02 2.636e-02
29 2.289e-02 2.289e-02
30 2.678e+04 2.289e-02
31 3.482e+04 2.289e-02
32 1.258e+04 2.289e-02
33 4.701e+03 2.289e-02
34 1.712e+03 2.289e-02
35 6.228e+02 2.289e-02
36 2.365e+02 2.289e-02
37 9.155e+01 2.289e-02
38 3.279e+01 2.289e-02
39 1.199e+01 2.289e-02
40 4.277e+00 2.289e-02
41 1.530e+00 2.289e-02
42 5.652e-01 2.289e-02
43 4.276e+00 2.289e-02
44 1.246e+01 2.289e-02
45 1.988e+01 2.289e-02
46 7.723e+00 2.289e-02
47 2.706e+00 2.289e-02
48 9.522e-01 2.289e-02
49 3.316e-01 2.289e-02
50 3.545e+01 2.289e-02
51 1.947e+03 2.289e-02
52 6.573e+03 2.289e-02
53 2.391e+03 2.289e-02
54 8.781e+02 2.289e-02
55 3.159e+02 2.289e-02
56 1.132e+02 2.289e-02
57 4.063e+01 2.289e-02
58 1.453e+01 2.289e-02
59 8.313e+00 2.289e-02
60 2.979e+00 2.289e-02
61 1.497e+00 2.289e-02
62 5.618e-01 2.289e-02
63 2.105e-01 2.289e-02
64 9.239e-02 2.289e-02
65 1.273e-01 2.289e-02
66 9.068e-02 2.289e-02
67 6.387e-02 2.289e-02
68 5.792e-02 2.289e-02
69 4.359e-01 2.289e-02
70 1.471e-01 2.289e-02
71 4.896e-02 2.289e-02
72 1.646e-02 1.646e-02
73 5.786e-03 5.786e-03
74 2.291e-03 2.291e-03
75 1.107e-03 1.107e-03
76 1.314e-02 1.107e-03
77 4.144e-03 1.107e-03
78 1.453e-03 1.107e-03
79 1.992e+01 1.107e-03
80 9.801e+02 1.107e-03
81 3.677e+02 1.107e-03
82 1.331e+02 1.107e-03
83 4.795e+01 1.107e-03
84 1.720e+01 1.107e-03
85 6.193e+00 1.107e-03
86 4.677e+00 1.107e-03
87 2.136e+00 1.107e-03
88 7.725e-01 1.107e-03
89 5.997e+02 1.107e-03
90 2.984e+02 1.107e-03
91 1.070e+02 1.107e-03
92 3.932e+01 1.107e-03
93 1.403e+01 1.107e-03
94 4.990e+00 1.107e-03
95 1.772e+00 1.107e-03
96 6.415e-01 1.107e-03
97 2.275e-01 1.107e-03
98 8.209e-02 1.107e-03
99 3.390e-02 1.107e-03
100 2.113e-02 1.107e-03
101 3.568e+05 1.107e-03
102 3.339e+05 1.107e-03
103 1.205e+05 1.107e-03
104 4.343e+04 1.107e-03
105 1.568e+04 1.107e-03
106 5.655e+03 1.107e-03
107 2.041e+03 1.107e-03
108 7.352e+02 1.107e-03
109 2.647e+02 1.107e-03
110 9.519e+01 1.107e-03
111 3.424e+01 1.107e-03
112 1.232e+01 1.107e-03
113 4.437e+00 1.107e-03
114 1.875e+00 1.107e-03
115 3.687e+00 1.107e-03
116 6.844e+01 1.107e-03
117 7.810e+01 1.107e-03
118 2.864e+01 1.107e-03
119 1.055e+01 1.107e-03
120 3.724e+00 1.107e-03
121 1.319e+00 1.107e-03
122 4.755e-01 1.107e-03
123 1.779e-01 1.107e-03
124 6.866e-02 1.107e-03
125 2.999e-02 1.107e-03
126 1.445e-02 1.107e-03
127 7.463e-03 1.107e-03
128 5.219e-03 1.107e-03
129 2.580e-03 1.107e-03
130 2.831e-03 1.107e-03
131 1.243e-03 1.107e-03
132 1.337e-03 1.107e-03
133 7.565e-02 1.107e-03
134 2.456e-02 1.107e-03
135 6.804e-02 1.107e-03
136 2.282e-02 1.107e-03
137 7.751e-03 1.107e-03
138 2.762e-03 1.107e-03
139 1.133e-03 1.107e-03
140 5.393e-04 5.393e-04
141 2.526e-04 2.526e-04
142 1.152e-04 1.152e-04
143 4.746e-05 4.746e-05
144 1.960e-05 1.960e-05
145 8.347e-06 8.347e-06
146 3.919e-06 3.919e-06
147 1.897e-06 1.897e-06
148 1.045e-06 1.045e-06
149 4.988e-07 4.988e-07
150 2.612e-07 2.612e-07
151 1.260e-07 1.260e-07
152 6.888e-08 6.888e-08
153 3.266e-08 3.266e-08
154 1.696e-08 1.696e-08
155 8.185e-09 8.185e-09
156 4.515e-09 4.515e-09
157 2.136e-09 2.136e-09
158 1.105e-09 1.105e-09
159 5.352e-10 5.352e-10
160 2.982e-10 2.982e-10
161 1.410e-10 1.410e-10
162 7.310e-11 7.310e-11
163 3.546e-11 3.546e-11
164 1.993e-11 1.993e-11
165 9.414e-12 9.414e-12
166 4.893e-12 4.893e-12
167 2.368e-12 2.368e-12
168 1.389e-12 1.389e-12
169 6.339e-13 6.339e-13
170 4.460e-13 4.460e-13
171 1.615e-13 1.615e-13
172 3.646e-13 1.615e-13
173 4.873e-14 4.873e-14
1 (precision) 3.054e-13 4.873e-14 (from 4.873e-14)
2 (precision) 9.000e-12 4.873e-14 (from 4.873e-14)
3 (precision) 2.475e-12 4.873e-14 (from 4.873e-14)
4 (precision) 6.844e-13 4.873e-14 (from 4.873e-14)
5 (precision) 1.872e-13 4.873e-14 (from 4.873e-14)
6 (precision) 5.063e-14 4.873e-14 (from 4.873e-14)
7 (precision) 1.606e-14 1.606e-14 (from 4.873e-14)
8 (precision) 5.088e-15 5.088e-15 (from 4.873e-14)
9 (precision) 8.784e-15 5.088e-15 (from 4.873e-14)
10 (precision) 3.151e-15 3.151e-15 (from 4.873e-14)
11 (precision) 7.923e-12 3.151e-15 (from 4.873e-14)
12 (precision) 2.251e-12 3.151e-15 (from 4.873e-14)
13 (precision) 6.740e-13 3.151e-15 (from 4.873e-14)
14 (precision) 2.252e-13 3.151e-15 (from 4.873e-14)
15 (precision) 8.304e-14 3.151e-15 (from 4.873e-14)
16 (precision) 3.187e-14 3.151e-15 (from 4.873e-14)
17 (precision) 1.101e-14 3.151e-15 (from 4.873e-14)
18 (precision) 5.565e-15 3.151e-15 (from 4.873e-14)
19 (precision) 5.172e-15 3.151e-15 (from 4.873e-14)
20 (precision) 3.033e-15 3.033e-15 (from 4.873e-14)
21 (precision) 5.251e-15 3.033e-15 (from 4.873e-14)
22 (precision) 2.681e-15 2.681e-15 (from 4.873e-14)
23 (precision) 2.960e-15 2.681e-15 (from 4.873e-14)
24 (precision) 9.177e-15 2.681e-15 (from 4.873e-14)
25 (precision) 8.439e-15 2.681e-15 (from 4.873e-14)
26 (precision) 3.506e-12 2.681e-15 (from 4.873e-14)
27 (precision) 9.695e-13 2.681e-15 (from 4.873e-14)
28 (precision) 2.617e-13 2.681e-15 (from 4.873e-14)
29 (precision) 7.603e-14 2.681e-15 (from 4.873e-14)
30 (precision) 1.718e-14 2.681e-15 (from 4.873e-14)
31 (precision) 8.014e-15 2.681e-15 (from 4.873e-14)
32 (precision) 4.582e-15 2.681e-15 (from 4.873e-14)
33 (precision) 7.485e-16 7.485e-16 (from 4.873e-14)
34 (precision) 3.727e-15 7.485e-16 (from 4.873e-14)
35 (precision) 1.174e-14 7.485e-16 (from 4.873e-14)
36 (precision) 4.966e-15 7.485e-16 (from 4.873e-14)
37 (precision) 3.016e-11 7.485e-16 (from 4.873e-14)
38 (precision) 8.455e-12 7.485e-16 (from 4.873e-14)
39 (precision) 2.388e-12 7.485e-16 (from 4.873e-14)
40 (precision) 7.313e-13 7.485e-16 (from 4.873e-14)
41 (precision) 2.514e-13 7.485e-16 (from 4.873e-14)
42 (precision) 1.163e-13 7.485e-16 (from 4.873e-14)
43 (precision) 7.229e-14 7.485e-16 (from 4.873e-14)
44 (precision) 6.586e-14 7.485e-16 (from 4.873e-14)
45 (precision) 1.628e-14 7.485e-16 (from 4.873e-14)
46 (precision) 6.822e-15 7.485e-16 (from 4.873e-14)
47 (precision) 7.035e-15 7.485e-16 (from 4.873e-14)
48 (precision) 1.746e-17 1.746e-17 (from 4.873e-14)
49 (precision) 1.371e-15 1.746e-17 (from 4.873e-14)
50 (precision) 3.839e-15 1.746e-17 (from 4.873e-14)
51 (precision) 1.081e-14 1.746e-17 (from 4.873e-14)
52 (precision) 3.923e-16 1.746e-17 (from 4.873e-14)
53 (precision) 1.786e-15 1.746e-17 (from 4.873e-14)
54 (precision) 4.303e-15 1.746e-17 (from 4.873e-14)
55 (precision) 1.205e-14 1.746e-17 (from 4.873e-14)
56 (precision) 1.566e-15 1.746e-17 (from 4.873e-14)
57 (precision) 6.960e-15 1.746e-17 (from 4.873e-14)
58 (precision) 5.475e-14 1.746e-17 (from 4.873e-14)
59 (precision) 1.459e-14 1.746e-17 (from 4.873e-14)
60 (precision) 6.595e-15 1.746e-17 (from 4.873e-14)
61 (precision) 3.890e-15 1.746e-17 (from 4.873e-14)
62 (precision) 5.724e-15 1.746e-17 (from 4.873e-14)
63 (precision) 9.574e-15 1.746e-17 (from 4.873e-14)
64 (precision) 1.318e-14 1.746e-17 (from 4.873e-14)
65 (precision) 6.062e-15 1.746e-17 (from 4.873e-14)
66 (precision) 4.378e-16 1.746e-17 (from 4.873e-14)
67 (precision) 5.092e-16 1.746e-17 (from 4.873e-14)
68 (precision) 6.125e-15 1.746e-17 (from 4.873e-14)
69 (precision) 6.233e-15 1.746e-17 (from 4.873e-14)
70 (precision) 4.467e-15 1.746e-17 (from 4.873e-14)
71 (precision) 4.890e-15 1.746e-17 (from 4.873e-14)
72 (precision) 2.225e-15 1.746e-17 (from 4.873e-14)
73 (precision) 1.309e-15 1.746e-17 (from 4.873e-14)
74 (precision) 2.517e-15 1.746e-17 (from 4.873e-14)
75 (precision) 3.469e-15 1.746e-17 (from 4.873e-14)
76 (precision) 2.009e-15 1.746e-17 (from 4.873e-14)
77 (precision) 2.953e-15 1.746e-17 (from 4.873e-14)
78 (precision) 2.439e-15 1.746e-17 (from 4.873e-14)
79 (precision) 5.340e-15 1.746e-17 (from 4.873e-14)
80 (precision) 1.995e-15 1.746e-17 (from 4.873e-14)
81 (precision) 4.285e-15 1.746e-17 (from 4.873e-14)
82 (precision) 2.328e-15 1.746e-17 (from 4.873e-14)
83 (precision) 6.490e-16 1.746e-17 (from 4.873e-14)
84 (precision) 4.057e-16 1.746e-17 (from 4.873e-14)
85 (precision) 1.634e-15 1.746e-17 (from 4.873e-14)
86 (precision) 2.808e-16 1.746e-17 (from 4.873e-14)
87 (precision) 6.212e-16 1.746e-17 (from 4.873e-14)
88 (precision) 1.273e-15 1.746e-17 (from 4.873e-14)
89 (precision) 4.576e-15 1.746e-17 (from 4.873e-14)
90 (precision) 1.988e-15 1.746e-17 (from 4.873e-14)
91 (precision) 2.049e-16 1.746e-17 (from 4.873e-14)
92 (precision) 3.988e-16 1.746e-17 (from 4.873e-14)
93 (precision) 2.114e-16 1.746e-17 (from 4.873e-14)
94 (precision) 2.127e-15 1.746e-17 (from 4.873e-14)
95 (precision) 5.549e-16 1.746e-17 (from 4.873e-14)
96 (precision) 1.971e-15 1.746e-17 (from 4.873e-14)
97 (precision) 1.910e-16 1.746e-17 (from 4.873e-14)
98 (precision) 4.300e-16 1.746e-17 (from 4.873e-14)
99 (precision) 1.516e-15 1.746e-17 (from 4.873e-14)
100 (precision) 1.559e-16 1.746e-17 (from 4.873e-14)

x:  2.229e-01 -3.880e-01 -4.968e-02 -2.206e-01  2.738e-02 -2.860e-01  2.847e-01  2.733e-01 -4.082e-01 -2.720e-01 -4.055e-01 -1.502e-01 -9.071e-02  2.221e-01  1.618e-02  5.483e-02 -1.080e-01 -1.510e-01  2.023e-01 -4.067e-01  5.468e-03 -4.677e-02 -3.901e-01 -2.037e-01  2.269e-01  2.102e-01  3.114e-02  2.142e-02 -1.654e-02  2.013e-01  9.950e-02  5.886e-02  3.043e-01 -4.057e-01 -1.552e-01  3.420e-01  1.270e-01 -4.052e-01  3.435e-01 -4.073e-01 -2.913e-01  2.926e-01  3.033e-01 -2.260e-04 -3.044e-01 -4.727e-02  3.796e-01 -3.980e-01 -3.425e-01  4.079e-01  4.045e-01 -3.937e-01  3.793e-01 -3.546e-01 -3.585e-02 -4.082e-01 -4.056e-01  1.203e-01  3.538e-01  3.394e-01  3.500e-01 -4.071e-01 -4.077e-01 -4.079e-01  3.552e-01  3.959e-01  4.040e-01 -2.722e-01  4.546e-02  3.776e-01  1.580e-01  3.765e-01  3.950e-01  1.033e-01 -3.794e-01 -1.506e-01  2.513e-01 -3.217e-01  3.502e-01 -2.098e-01  3.787e-01 -1.525e-01  3.655e-01 -1.818e-01 -3.088e-02 -4.071e-01  1.564e-01  3.771e-01 -1.208e-01  3.900e-01  3.721e-01  1.680e-01  7.280e-15

grad: -1.247e-43 -3.701e-44  1.495e-43  2.057e-44  9.030e-44  6.987e-44 -7.675e-44  7.073e-44  7.658e-44  1.974e-44 -8.246e-44  1.006e-43  1.725e-43  4.251e-44 -2.146e-43 -1.440e-43 -1.367e-44  3.732e-44  3.192e-44  6.658e-44 -8.141e-44  2.231e-44  1.678e-43  3.293e-44  4.253e-44 -5.507e-44  3.203e-44 -5.610e-44 -9.466e-44  3.685e-44 -1.613e-44 -1.021e-43 -1.304e-43  8.042e-44  6.629e-44 -1.251e-43  8.607e-44 -1.034e-43  2.386e-44  1.012e-43  1.132e-43  5.396e-44 -1.067e-43 -1.930e-43  1.892e-43  1.213e-43  9.972e-44  1.092e-43 -1.599e-43 -5.458e-44 -1.100e-43  1.820e-43  2.024e-43 -1.857e-43 -9.348e-45  1.079e-43 -1.770e-44 -9.256e-44 -4.314e-44  5.369e-44  2.116e-44  1.778e-43 -7.044e-44  1.556e-43 -1.352e-43  2.547e-44 -3.266e-44  4.037e-44 -6.879e-44  1.079e-43 -1.449e-43  2.125e-44 -1.354e-43 -4.681e-45 -3.771e-44  5.162e-44  7.550e-44 -2.693e-44 -7.429e-44  1.630e-43 -2.083e-43  9.639e-44 -4.066e-44  5.968e-44 -4.919e-44  8.047e-44 -3.036e-44  6.061e-44 -7.318e-44  7.473e-44 -2.058e-44 -1.800e-44 -1.559e-16

finished in 173 iterations (0.174 seconds total)
max viol = 3.74e-08

---------------------
Result:
---------------------

{(1,0), (0,0), (0,0), (0,0), (0,0), (0,0)}, {(0,0), (1,0), (0,0), (0,0), (0,0), (0,0)}, {(0,0), (0,0), (1,0), (0,0), (0,0), (0,0)}, {(0,0), (0,0), (0,0), (1,0), (0,0), (0,0)}, {(0,0), (0,0), (0,0), (0,0), (1,0), (0,0)}, {(0,0), (0,0), (0,0), (0,0), (0,0), (1,0)}


{(0.408,0), (0.408,0), (0.408,0), (0.408,0), (0.408,0), (0.408,0)}, {(0.408,0), (0.223,0.342), (-0.388,0.127), (-0.0497,-0.405), (-0.221,0.343), (0.0274,-0.407)}, {(0.408,0), (-0.286,-0.291), (0.285,0.293), (0.273,0.303), (-0.408,-0.000226), (-0.272,-0.304)}, {(0.408,0), (-0.406,-0.0473), (-0.15,0.38), (-0.0907,-0.398), (0.222,-0.343), (0.0162,0.408)}, {(0.408,0), (0.0548,0.405), (-0.108,-0.394), (-0.151,0.379), (0.202,-0.355), (-0.407,-0.0358)}, {(0.408,0), (0.00547,-0.408), (-0.0468,-0.406), (-0.39,0.12), (-0.204,0.354), (0.227,0.339)}


{(0.408,0), (0.21,0.35), (0.0311,-0.407), (0.0214,-0.408), (-0.0165,-0.408), (0.201,0.355)}, {}, {}, {}, {}, {}


{(0.408,0), (0.0995,0.396), (0.0589,0.404), (0.304,-0.272), (-0.406,0.0455), (-0.155,0.378)}, {}, {}, {}, {}, {}

---------------------
Abs of Gram matrix:
---------------------

 { { +1.0000, +0.0000, +0.0000, +0.0000, +0.0000, +0.0000, +0.4082, +0.4082, +0.4082, +0.4082, +0.4082, +0.4082, +0.4082, +0.0000, +0.0000, +0.0000, +0.0000, +0.0000, +0.4082, +0.0000, +0.0000, +0.0000, +0.0000, +0.0000}, 
   { +0.0000, +1.0000, +0.0000, +0.0000, +0.0000, +0.0000, +0.4082, +0.4082, +0.4082, +0.4082, +0.4082, +0.4082, +0.4082, +0.0000, +0.0000, +0.0000, +0.0000, +0.0000, +0.4082, +0.0000, +0.0000, +0.0000, +0.0000, +0.0000}, 
   { +0.0000, +0.0000, +1.0000, +0.0000, +0.0000, +0.0000, +0.4082, +0.4082, +0.4082, +0.4082, +0.4082, +0.4082, +0.4082, +0.0000, +0.0000, +0.0000, +0.0000, +0.0000, +0.4082, +0.0000, +0.0000, +0.0000, +0.0000, +0.0000}, 
   { +0.0000, +0.0000, +0.0000, +1.0000, +0.0000, +0.0000, +0.4082, +0.4082, +0.4082, +0.4082, +0.4082, +0.4082, +0.4082, +0.0000, +0.0000, +0.0000, +0.0000, +0.0000, +0.4082, +0.0000, +0.0000, +0.0000, +0.0000, +0.0000}, 
   { +0.0000, +0.0000, +0.0000, +0.0000, +1.0000, +0.0000, +0.4082, +0.4082, +0.4082, +0.4082, +0.4082, +0.4082, +0.4082, +0.0000, +0.0000, +0.0000, +0.0000, +0.0000, +0.4082, +0.0000, +0.0000, +0.0000, +0.0000, +0.0000}, 
   { +0.0000, +0.0000, +0.0000, +0.0000, +0.0000, +1.0000, +0.4082, +0.4082, +0.4082, +0.4082, +0.4082, +0.4082, +0.4082, +0.0000, +0.0000, +0.0000, +0.0000, +0.0000, +0.4082, +0.0000, +0.0000, +0.0000, +0.0000, +0.0000}, 
   { +0.4082, +0.4082, +0.4082, +0.4082, +0.4082, +0.4082, +1.0000, +0.0001, +0.0001, +0.0001, +0.0002, +0.0001, +0.4082, +0.0000, +0.0000, +0.0000, +0.0000, +0.0000, +0.4082, +0.0000, +0.0000, +0.0000, +0.0000, +0.0000}, 
   { +0.4082, +0.4082, +0.4082, +0.4082, +0.4082, +0.4082, +0.0001, +1.0000, +0.0000, +0.0000, +0.0000, +0.0000, +0.4082, +0.0000, +0.0000, +0.0000, +0.0000, +0.0000, +0.4082, +0.0000, +0.0000, +0.0000, +0.0000, +0.0000}, 
   { +0.4082, +0.4082, +0.4082, +0.4082, +0.4082, +0.4082, +0.0001, +0.0000, +1.0000, +0.0000, +0.0000, +0.0000, +0.4082, +0.0000, +0.0000, +0.0000, +0.0000, +0.0000, +0.4082, +0.0000, +0.0000, +0.0000, +0.0000, +0.0000}, 
   { +0.4082, +0.4082, +0.4082, +0.4082, +0.4082, +0.4082, +0.0001, +0.0000, +0.0000, +1.0000, +0.0000, +0.0000, +0.4082, +0.0000, +0.0000, +0.0000, +0.0000, +0.0000, +0.4082, +0.0000, +0.0000, +0.0000, +0.0000, +0.0000}, 
   { +0.4082, +0.4082, +0.4082, +0.4082, +0.4082, +0.4082, +0.0002, +0.0000, +0.0000, +0.0000, +1.0000, +0.0000, +0.4082, +0.0000, +0.0000, +0.0000, +0.0000, +0.0000, +0.4082, +0.0000, +0.0000, +0.0000, +0.0000, +0.0000}, 
   { +0.4082, +0.4082, +0.4082, +0.4082, +0.4082, +0.4082, +0.0001, +0.0000, +0.0000, +0.0000, +0.0000, +1.0000, +0.4082, +0.0000, +0.0000, +0.0000, +0.0000, +0.0000, +0.4082, +0.0000, +0.0000, +0.0000, +0.0000, +0.0000}, 
   { +0.4082, +0.4082, +0.4082, +0.4082, +0.4082, +0.4082, +0.4082, +0.4082, +0.4082, +0.4082, +0.4082, +0.4082, +1.0000, +0.0000, +0.0000, +0.0000, +0.0000, +0.0000, +0.4082, +0.0000, +0.0000, +0.0000, +0.0000, +0.0000}, 
   { +0.0000, +0.0000, +0.0000, +0.0000, +0.0000, +0.0000, +0.0000, +0.0000, +0.0000, +0.0000, +0.0000, +0.0000, +0.0000, +0.0000, +0.0000, +0.0000, +0.0000, +0.0000, +0.0000, +0.0000, +0.0000, +0.0000, +0.0000, +0.0000}, 
   { +0.0000, +0.0000, +0.0000, +0.0000, +0.0000, +0.0000, +0.0000, +0.0000, +0.0000, +0.0000, +0.0000, +0.0000, +0.0000, +0.0000, +0.0000, +0.0000, +0.0000, +0.0000, +0.0000, +0.0000, +0.0000, +0.0000, +0.0000, +0.0000}, 
   { +0.0000, +0.0000, +0.0000, +0.0000, +0.0000, +0.0000, +0.0000, +0.0000, +0.0000, +0.0000, +0.0000, +0.0000, +0.0000, +0.0000, +0.0000, +0.0000, +0.0000, +0.0000, +0.0000, +0.0000, +0.0000, +0.0000, +0.0000, +0.0000}, 
   { +0.0000, +0.0000, +0.0000, +0.0000, +0.0000, +0.0000, +0.0000, +0.0000, +0.0000, +0.0000, +0.0000, +0.0000, +0.0000, +0.0000, +0.0000, +0.0000, +0.0000, +0.0000, +0.0000, +0.0000, +0.0000, +0.0000, +0.0000, +0.0000}, 
   { +0.0000, +0.0000, +0.0000, +0.0000, +0.0000, +0.0000, +0.0000, +0.0000, +0.0000, +0.0000, +0.0000, +0.0000, +0.0000, +0.0000, +0.0000, +0.0000, +0.0000, +0.0000, +0.0000, +0.0000, +0.0000, +0.0000, +0.0000, +0.0000}, 
   { +0.4082, +0.4082, +0.4082, +0.4082, +0.4082, +0.4082, +0.4082, +0.4082, +0.4082, +0.4082, +0.4082, +0.4082, +0.4082, +0.0000, +0.0000, +0.0000, +0.0000, +0.0000, +1.0000, +0.0000, +0.0000, +0.0000, +0.0000, +0.0000}, 
   { +0.0000, +0.0000, +0.0000, +0.0000, +0.0000, +0.0000, +0.0000, +0.0000, +0.0000, +0.0000, +0.0000, +0.0000, +0.0000, +0.0000, +0.0000, +0.0000, +0.0000, +0.0000, +0.0000, +0.0000, +0.0000, +0.0000, +0.0000, +0.0000}, 
   { +0.0000, +0.0000, +0.0000, +0.0000, +0.0000, +0.0000, +0.0000, +0.0000, +0.0000, +0.0000, +0.0000, +0.0000, +0.0000, +0.0000, +0.0000, +0.0000, +0.0000, +0.0000, +0.0000, +0.0000, +0.0000, +0.0000, +0.0000, +0.0000}, 
   { +0.0000, +0.0000, +0.0000, +0.0000, +0.0000, +0.0000, +0.0000, +0.0000, +0.0000, +0.0000, +0.0000, +0.0000, +0.0000, +0.0000, +0.0000, +0.0000, +0.0000, +0.0000, +0.0000, +0.0000, +0.0000, +0.0000, +0.0000, +0.0000}, 
   { +0.0000, +0.0000, +0.0000, +0.0000, +0.0000, +0.0000, +0.0000, +0.0000, +0.0000, +0.0000, +0.0000, +0.0000, +0.0000, +0.0000, +0.0000, +0.0000, +0.0000, +0.0000, +0.0000, +0.0000, +0.0000, +0.0000, +0.0000, +0.0000}, 
   { +0.0000, +0.0000, +0.0000, +0.0000, +0.0000, +0.0000, +0.0000, +0.0000, +0.0000, +0.0000, +0.0000, +0.0000, +0.0000, +0.0000, +0.0000, +0.0000, +0.0000, +0.0000, +0.0000, +0.0000, +0.0000, +0.0000, +0.0000, +0.0000} } 
