---------------------
Basis Indices:
---------------------

{1, 0, 0, 0, 0, 0}, {1, 0, 0, 0, 0, 0}, {1, 0, 0, 0, 0, 0}, {1, 0, 0, 0, 0, 0}, {1, 0, 0, 0, 0, 0}, {1, 0, 0, 0, 0, 0}


{0.408, 0.408, 0.408, 0.408, 0.408, 0.408}, {0.408, x_43+i*x_151, x_44+i*x_152, x_45+i*x_153, x_46+i*x_154, x_47+i*x_155}, {0.408, x_49+i*x_157, x_50+i*x_158, x_51+i*x_159, x_52+i*x_160, x_53+i*x_161}, {0.408, x_55+i*x_163, x_56+i*x_164, x_57+i*x_165, x_58+i*x_166, x_59+i*x_167}, {0.408, x_61+i*x_169, x_62+i*x_170, x_63+i*x_171, x_64+i*x_172, x_65+i*x_173}, {0.408, x_67+i*x_175, x_68+i*x_176, x_69+i*x_177, x_70+i*x_178, x_71+i*x_179}


{0.408, x_73+i*x_181, x_74+i*x_182, x_75+i*x_183, x_76+i*x_184, x_77+i*x_185}, {0.408, x_79+i*x_187, x_80+i*x_188, x_81+i*x_189, x_82+i*x_190, x_83+i*x_191}, {0.408, x_85+i*x_193, x_86+i*x_194, x_87+i*x_195, x_88+i*x_196, x_89+i*x_197}, {0.408, x_91+i*x_199, x_92+i*x_200, x_93+i*x_201, x_94+i*x_202, x_95+i*x_203}, {0.408, x_97+i*x_205, x_98+i*x_206, x_99+i*x_207, x_100+i*x_208, x_101+i*x_209}, {0.408, x_103+i*x_211, x_104+i*x_212, x_105+i*x_213, x_106+i*x_214, x_107+i*x_215}

---------------------
Problem: 
---------------------
Find a point satisfying:

1*{ 155 161} + 1*{  44  50} + 1*{ 151 157} + 1*{ 154 160} + 1*{ 153 159} + 1*{  47  53} + 1*{ 152 158} + 1*{  45  51} + 1*{  43  49} + 0.166667*{} + 1*{  46  52} = 0 

1*{  45 159} + -1*{  51 153} + -1*{  49 151} + 1*{  43 157} + 1*{  47 161} + -1*{  50 152} + 1*{  44 158} + 1*{  46 160} + -1*{  52 154} + -1*{  53 155} = 0 

1*{  44  56} + 1*{ 153 165} + 1*{  45  57} + 1*{ 152 164} + 1*{ 154 166} + 1*{  43  55} + 0.166667*{} + 1*{  46  58} + 1*{ 151 163} + 1*{ 155 167} + 1*{  47  59} = 0 

1*{  45 165} + 1*{  44 164} + -1*{  58 154} + -1*{  55 151} + -1*{  59 155} + -1*{  57 153} + 1*{  47 167} + 1*{  43 163} + -1*{  56 152} + 1*{  46 166} = 0 

1*{ 152 170} + 1*{ 151 169} + 1*{ 153 171} + 1*{  43  61} + 0.166667*{} + 1*{  44  62} + 1*{  46  64} + 1*{ 154 172} + 1*{  47  65} + 1*{  45  63} + 1*{ 155 173} = 0 

-1*{  62 152} + 1*{  43 169} + -1*{  63 153} + -1*{  64 154} + -1*{  61 151} + 1*{  47 173} + 1*{  46 172} + 1*{  45 171} + 1*{  44 170} + -1*{  65 155} = 0 

1*{ 153 177} + 1*{  46  70} + 1*{ 154 178} + 1*{ 151 175} + 0.166667*{} + 1*{  45  69} + 1*{ 152 176} + 1*{  43  67} + 1*{  47  71} + 1*{  44  68} + 1*{ 155 179} = 0 

-1*{  69 153} + 1*{  44 176} + -1*{  67 151} + 1*{  43 175} + 1*{  45 177} + -1*{  68 152} + 1*{  46 178} + -1*{  71 155} + -1*{  70 154} + 1*{  47 179} = 0 

-0.166667*{} + 1*{ 217 217} + 1*{ 216 216} = 0 

1*{ 153 183} + 1*{  45  75} + 1*{  44  74} + 1*{ 151 181} + 1*{  43  73} + 0.166667*{} + 1*{ 152 182} + 1*{  46  76} + 1*{  47  77} + 1*{ 155 185} + 1*{ 154 184} + -1*{ 216} = 0 

-1*{  73 151} + 1*{  43 181} + 1*{  44 182} + -1*{  77 155} + -1*{  74 152} + 1*{  46 184} + -1*{  76 154} + -1*{  75 153} + 1*{  45 183} + -1*{ 217} + 1*{  47 185} = 0 

-0.166667*{} + 1*{ 219 219} + 1*{ 218 218} = 0 

1*{ 153 189} + 1*{  45  81} + 1*{ 152 188} + 1*{  44  80} + 1*{ 154 190} + 1*{  46  82} + 1*{ 151 187} + 1*{ 155 191} + 1*{  43  79} + 0.166667*{} + 1*{  47  83} + -1*{ 218} = 0 

-1*{  81 153} + -1*{  80 152} + 1*{  43 187} + -1*{  79 151} + 1*{  44 188} + 1*{  45 189} + -1*{  82 154} + 1*{  47 191} + -1*{  83 155} + 1*{  46 190} + -1*{ 219} = 0 

-0.166667*{} + 1*{ 221 221} + 1*{ 220 220} = 0 

1*{ 153 195} + 1*{  45  87} + 1*{ 152 194} + 1*{ 151 193} + 1*{ 154 196} + 1*{ 155 197} + 1*{  44  86} + 1*{  43  85} + 0.166667*{} + 1*{  47  89} + 1*{  46  88} + -1*{ 220} = 0 

1*{  45 195} + -1*{  86 152} + 1*{  44 194} + 1*{  43 193} + -1*{  87 153} + -1*{  85 151} + 1*{  46 196} + 1*{  47 197} + -1*{  88 154} + -1*{  89 155} + -1*{ 221} = 0 

-0.166667*{} + 1*{ 223 223} + 1*{ 222 222} = 0 

1*{ 155 203} + 1*{  45  93} + 1*{  44  92} + 1*{ 151 199} + 1*{ 152 200} + 1*{ 153 201} + 1*{  43  91} + 1*{  46  94} + 0.166667*{} + 1*{ 154 202} + 1*{  47  95} + -1*{ 222} = 0 

-1*{  92 152} + 1*{  43 199} + -1*{  91 151} + -1*{  93 153} + 1*{  46 202} + -1*{  94 154} + 1*{  47 203} + -1*{  95 155} + 1*{  45 201} + 1*{  44 200} + -1*{ 223} = 0 

-0.166667*{} + 1*{ 225 225} + 1*{ 224 224} = 0 

1*{ 153 207} + 1*{  45  99} + 1*{ 152 206} + 1*{  43  97} + -1*{ 224} + 0.166667*{} + 1*{  44  98} + 1*{ 151 205} + 1*{  46 100} + 1*{ 154 208} + 1*{  47 101} + 1*{ 155 209} = 0 

1*{  44 206} + -1*{  98 152} + -1*{  99 153} + -1*{  97 151} + 1*{  46 208} + -1*{ 101 155} + 1*{  43 205} + -1*{ 100 154} + 1*{  47 209} + 1*{  45 207} + -1*{ 225} = 0 

-0.166667*{} + 1*{ 227 227} + 1*{ 226 226} = 0 

1*{ 151 211} + 0.166667*{} + 1*{  43 103} + 1*{  46 106} + 1*{ 152 212} + 1*{  44 104} + -1*{ 226} + 1*{ 154 214} + 1*{ 153 213} + 1*{  47 107} + 1*{  45 105} + 1*{ 155 215} = 0 

1*{  45 213} + 1*{  43 211} + 1*{  46 214} + -1*{ 103 151} + -1*{ 104 152} + 1*{  44 212} + -1*{ 105 153} + -1*{ 107 155} + -1*{ 227} + 1*{  47 215} + -1*{ 106 154} = 0 

-0.166667*{} + 1*{ 151 151} + 1*{  43  43} = 0 

-0.166667*{} + 1*{ 152 152} + 1*{  44  44} = 0 

-0.166667*{} + 1*{ 153 153} + 1*{  45  45} = 0 

-0.166667*{} + 1*{ 154 154} + 1*{  46  46} = 0 

-0.166667*{} + 1*{ 155 155} + 1*{  47  47} = 0 

0.333333*{  45  46} + 0.333333*{  46  47} + 0.166667*{  44  44} + 0.333333*{ 152 154} + 0.333333*{ 154 155} + 0.166667*{ 151 151} + 0.333333*{ 151 155} + 0.166667*{  46  46} + 0.166667*{  45  45} + 0.333333*{  43  46} + 0.166667*{  43  43} + 0.166667*{ 152 152} + 0.333333*{ 152 155} + 0.333333*{ 152 153} + 0.166667*{  47  47} + 0.166667*{ 154 154} + 0.333333*{ 153 155} + 0.136083*{  44} + 0.333333*{ 151 153} + 0.333333*{  44  45} + 0.166667*{ 153 153} + 0.136083*{  47} + 0.333333*{ 151 154} + 0.333333*{  43  47} + 0.333333*{  44  47} + 0.333333*{ 153 154} + 0.333333*{  44  46} + 0.136083*{  45} + 0.333333*{  43  44} + 0.333333*{  43  45} + 0.166667*{ 155 155} + 0.333333*{  45  47} + 0.0277778*{} + 0.136083*{  46} + 0.136083*{  43} + 0.333333*{ 151 152} = 0 

1*{  52  58} + 1*{ 159 165} + 1*{  49  55} + 0.166667*{} + 1*{  50  56} + 1*{ 157 163} + 1*{ 158 164} + 1*{ 161 167} + 1*{ 160 166} + 1*{  51  57} + 1*{  53  59} = 0 

-1*{  57 159} + 1*{  50 164} + -1*{  55 157} + 1*{  49 163} + 1*{  52 166} + 1*{  51 165} + -1*{  56 158} + 1*{  53 167} + -1*{  58 160} + -1*{  59 161} = 0 

1*{ 159 171} + 1*{  51  63} + 1*{ 157 169} + 1*{ 161 173} + 1*{  49  61} + 0.166667*{} + 1*{  50  62} + 1*{ 160 172} + 1*{ 158 170} + 1*{  52  64} + 1*{  53  65} = 0 

-1*{  62 158} + -1*{  63 159} + -1*{  61 157} + 1*{  51 171} + 1*{  50 170} + 1*{  49 169} + -1*{  64 160} + 1*{  52 172} + 1*{  53 173} + -1*{  65 161} = 0 

1*{  51  69} + 1*{ 159 177} + 1*{ 158 176} + 1*{ 157 175} + 1*{  49  67} + 1*{  53  71} + 0.166667*{} + 1*{ 160 178} + 1*{  50  68} + 1*{  52  70} + 1*{ 161 179} = 0 

-1*{  68 158} + 1*{  50 176} + 1*{  51 177} + -1*{  69 159} + 1*{  53 179} + 1*{  49 175} + -1*{  67 157} + 1*{  52 178} + -1*{  70 160} + -1*{  71 161} = 0 

-0.166667*{} + 1*{ 229 229} + 1*{ 228 228} = 0 

1*{ 159 183} + 1*{  51  75} + 1*{  53  77} + 1*{ 158 182} + 1*{  49  73} + 0.166667*{} + 1*{  52  76} + 1*{  50  74} + 1*{ 157 181} + 1*{ 160 184} + 1*{ 161 185} + -1*{ 228} = 0 

-1*{  75 159} + -1*{  74 158} + 1*{  51 183} + -1*{  73 157} + 1*{  50 182} + 1*{  49 181} + 1*{  53 185} + -1*{  76 160} + -1*{  77 161} + 1*{  52 184} + -1*{ 229} = 0 

1*{ 231 231} + -0.166667*{} + 1*{ 230 230} = 0 

1*{ 160 190} + 1*{  52  82} + 1*{  51  81} + 1*{ 158 188} + 1*{ 157 187} + 1*{  50  80} + 1*{  49  79} + 0.166667*{} + -1*{ 230} + 1*{  53  83} + 1*{ 159 189} + 1*{ 161 191} = 0 

-1*{  81 159} + 1*{  50 188} + 1*{  49 187} + 1*{  52 190} + -1*{  80 158} + -1*{  82 160} + -1*{  79 157} + 1*{  53 191} + -1*{  83 161} + 1*{  51 189} + -1*{ 231} = 0 

-0.166667*{} + 1*{ 233 233} + 1*{ 232 232} = 0 

1*{  51  87} + 1*{ 161 197} + 1*{ 158 194} + 1*{  50  86} + 1*{  49  85} + 1*{  52  88} + 1*{ 160 196} + -1*{ 232} + 0.166667*{} + 1*{ 157 193} + 1*{ 159 195} + 1*{  53  89} = 0 

-1*{  86 158} + -1*{  87 159} + 1*{  50 194} + -1*{ 233} + 1*{  49 193} + -1*{  85 157} + 1*{  52 196} + -1*{  89 161} + -1*{  88 160} + 1*{  51 195} + 1*{  53 197} = 0 

-0.166667*{} + 1*{ 235 235} + 1*{ 234 234} = 0 

1*{ 161 203} + 1*{ 159 201} + 1*{ 158 200} + 1*{  50  92} + 1*{ 157 199} + -1*{ 234} + 1*{  51  93} + 1*{  49  91} + 0.166667*{} + 1*{  52  94} + 1*{ 160 202} + 1*{  53  95} = 0 

1*{  51 201} + 1*{  50 200} + -1*{  93 159} + -1*{  92 158} + 1*{  52 202} + -1*{  94 160} + 1*{  53 203} + -1*{  91 157} + -1*{  95 161} + 1*{  49 199} + -1*{ 235} = 0 

-0.166667*{} + 1*{ 237 237} + 1*{ 236 236} = 0 

1*{  50  98} + 1*{ 158 206} + 1*{  49  97} + 1*{ 159 207} + 1*{  53 101} + 1*{  51  99} + 1*{ 160 208} + 1*{ 161 209} + 1*{ 157 205} + 0.166667*{} + 1*{  52 100} + -1*{ 236} = 0 

-1*{  99 159} + 1*{  51 207} + 1*{  50 206} + 1*{  53 209} + 1*{  52 208} + 1*{  49 205} + -1*{  97 157} + -1*{ 101 161} + -1*{ 100 160} + -1*{  98 158} + -1*{ 237} = 0 

-0.166667*{} + 1*{ 239 239} + 1*{ 238 238} = 0 

1*{ 159 213} + 1*{  51 105} + 1*{ 158 212} + 1*{ 161 215} + 1*{ 157 211} + -1*{ 238} + 1*{  50 104} + 1*{  49 103} + 1*{  52 106} + 0.166667*{} + 1*{ 160 214} + 1*{  53 107} = 0 

-1*{ 105 159} + 1*{  51 213} + -1*{ 104 158} + 1*{  52 214} + -1*{ 103 157} + -1*{ 239} + 1*{  49 211} + -1*{ 106 160} + -1*{ 107 161} + 1*{  50 212} + 1*{  53 215} = 0 

-0.166667*{} + 1*{ 157 157} + 1*{  49  49} = 0 

-0.166667*{} + 1*{ 158 158} + 1*{  50  50} = 0 

-0.166667*{} + 1*{ 159 159} + 1*{  51  51} = 0 

-0.166667*{} + 1*{ 160 160} + 1*{  52  52} = 0 

1*{ 161 161} + -0.166667*{} + 1*{  53  53} = 0 

0.166667*{  52  52} + 0.333333*{  52  53} + 0.333333*{ 158 160} + 0.166667*{ 157 157} + 0.333333*{  50  51} + 0.136083*{  52} + 0.333333*{  49  53} + 0.333333*{ 157 158} + 0.333333*{ 159 161} + 0.333333*{  49  50} + 0.166667*{  50  50} + 0.166667*{ 160 160} + 0.333333*{  51  53} + 0.333333*{  49  51} + 0.333333*{  51  52} + 0.333333*{  50  52} + 0.333333*{  50  53} + 0.333333*{ 160 161} + 0.166667*{ 158 158} + 0.333333*{ 157 161} + 0.166667*{  51  51} + 0.166667*{  53  53} + 0.166667*{ 159 159} + 0.333333*{  49  52} + 0.136083*{  53} + 0.333333*{ 158 159} + 0.333333*{ 157 160} + 0.333333*{ 158 161} + 0.136083*{  51} + 0.136083*{  49} + 0.166667*{  49  49} + 0.0277778*{} + 0.333333*{ 159 160} + 0.136083*{  50} + 0.166667*{ 161 161} + 0.333333*{ 157 159} = 0 

1*{ 165 171} + 1*{ 164 170} + 1*{  56  62} + 1*{  59  65} + 1*{  57  63} + 1*{ 163 169} + 1*{  55  61} + 0.166667*{} + 1*{  58  64} + 1*{ 166 172} + 1*{ 167 173} = 0 

-1*{  63 165} + 1*{  58 172} + 1*{  57 171} + 1*{  56 170} + -1*{  62 164} + -1*{  61 163} + 1*{  55 169} + -1*{  65 167} + -1*{  64 166} + 1*{  59 173} = 0 

1*{  57  69} + 1*{  56  68} + 1*{ 163 175} + 0.166667*{} + 1*{ 165 177} + 1*{  55  67} + 1*{ 167 179} + 1*{  58  70} + 1*{ 164 176} + 1*{ 166 178} + 1*{  59  71} = 0 

1*{  57 177} + 1*{  55 175} + -1*{  70 166} + -1*{  69 165} + 1*{  58 178} + -1*{  67 163} + 1*{  56 176} + 1*{  59 179} + -1*{  68 164} + -1*{  71 167} = 0 

-0.166667*{} + 1*{ 241 241} + 1*{ 240 240} = 0 

1*{  57  75} + 1*{ 164 182} + 1*{  56  74} + -1*{ 240} + 1*{ 167 185} + 1*{ 163 181} + 1*{  55  73} + 0.166667*{} + 1*{ 166 184} + 1*{  58  76} + 1*{ 165 183} + 1*{  59  77} = 0 

-1*{  75 165} + -1*{  77 167} + 1*{  56 182} + 1*{  55 181} + -1*{  73 163} + -1*{  74 164} + -1*{  76 166} + 1*{  57 183} + 1*{  59 185} + 1*{  58 184} + -1*{ 241} = 0 

-0.166667*{} + 1*{ 243 243} + 1*{ 242 242} = 0 

0.166667*{} + 1*{  56  80} + 1*{ 166 190} + 1*{ 163 187} + 1*{  55  79} + 1*{  59  83} + -1*{ 242} + 1*{ 165 189} + 1*{  57  81} + 1*{ 164 188} + 1*{  58  82} + 1*{ 167 191} = 0 

1*{  57 189} + -1*{ 243} + 1*{  58 190} + 1*{  55 187} + -1*{  81 165} + -1*{  80 164} + -1*{  82 166} + 1*{  56 188} + -1*{  79 163} + -1*{  83 167} + 1*{  59 191} = 0 

-0.166667*{} + 1*{ 245 245} + 1*{ 244 244} = 0 

1*{  57  87} + 1*{ 165 195} + 1*{  55  85} + 1*{ 163 193} + 1*{  56  86} + 1*{  59  89} + 1*{  58  88} + -1*{ 244} + 1*{ 166 196} + 1*{ 164 194} + 0.166667*{} + 1*{ 167 197} = 0 

-1*{  87 165} + -1*{  85 163} + -1*{  86 164} + 1*{  56 194} + 1*{  55 193} + -1*{  89 167} + 1*{  58 196} + 1*{  57 195} + -1*{  88 166} + 1*{  59 197} + -1*{ 245} = 0 

-0.166667*{} + 1*{ 247 247} + 1*{ 246 246} = 0 

1*{  57  93} + 1*{  56  92} + 1*{ 163 199} + 0.166667*{} + 1*{  59  95} + 1*{ 164 200} + 1*{  58  94} + -1*{ 246} + 1*{  55  91} + 1*{ 166 202} + 1*{ 165 201} + 1*{ 167 203} = 0 

1*{  57 201} + -1*{  92 164} + -1*{  91 163} + 1*{  56 200} + -1*{  95 167} + -1*{  93 165} + 1*{  58 202} + -1*{ 247} + -1*{  94 166} + 1*{  55 199} + 1*{  59 203} = 0 

-0.166667*{} + 1*{ 249 249} + 1*{ 248 248} = 0 

1*{  58 100} + 1*{ 164 206} + 1*{  55  97} + 1*{  59 101} + 1*{  56  98} + 1*{  57  99} + 0.166667*{} + 1*{ 163 205} + 1*{ 166 208} + 1*{ 167 209} + 1*{ 165 207} + -1*{ 248} = 0 

-1*{  99 165} + 1*{  57 207} + 1*{  55 205} + 1*{  58 208} + -1*{  97 163} + -1*{  98 164} + 1*{  56 206} + -1*{ 100 166} + 1*{  59 209} + -1*{ 101 167} + -1*{ 249} = 0 

-0.166667*{} + 1*{ 251 251} + 1*{ 250 250} = 0 

1*{ 164 212} + 1*{  58 106} + 1*{ 165 213} + 1*{ 163 211} + 0.166667*{} + 1*{  59 107} + 1*{  57 105} + 1*{  55 103} + 1*{ 166 214} + 1*{  56 104} + 1*{ 167 215} + -1*{ 250} = 0 

-1*{ 105 165} + 1*{  57 213} + -1*{ 103 163} + -1*{ 251} + -1*{ 104 164} + 1*{  56 212} + 1*{  58 214} + 1*{  55 211} + -1*{ 107 167} + -1*{ 106 166} + 1*{  59 215} = 0 

-0.166667*{} + 1*{ 163 163} + 1*{  55  55} = 0 

-0.166667*{} + 1*{ 164 164} + 1*{  56  56} = 0 

-0.166667*{} + 1*{ 165 165} + 1*{  57  57} = 0 

1*{ 166 166} + -0.166667*{} + 1*{  58  58} = 0 

-0.166667*{} + 1*{ 167 167} + 1*{  59  59} = 0 

0.333333*{ 164 165} + 0.166667*{  56  56} + 0.333333*{  56  58} + 0.333333*{ 164 167} + 0.333333*{ 165 167} + 0.166667*{ 164 164} + 0.136083*{  58} + 0.166667*{  57  57} + 0.166667*{  55  55} + 0.333333*{  55  56} + 0.333333*{ 165 166} + 0.333333*{  55  59} + 0.166667*{  59  59} + 0.136083*{  57} + 0.333333*{ 163 164} + 0.333333*{  55  57} + 0.333333*{ 166 167} + 0.136083*{  56} + 0.166667*{ 166 166} + 0.333333*{  57  58} + 0.166667*{ 165 165} + 0.0277778*{} + 0.333333*{  56  59} + 0.333333*{ 164 166} + 0.166667*{ 163 163} + 0.333333*{ 163 165} + 0.136083*{  59} + 0.166667*{  58  58} + 0.166667*{ 167 167} + 0.333333*{  57  59} + 0.333333*{  56  57} + 0.333333*{  58  59} + 0.333333*{  55  58} + 0.136083*{  55} + 0.333333*{ 163 166} + 0.333333*{ 163 167} = 0 

1*{ 169 175} + 1*{  64  70} + 1*{ 171 177} + 1*{  62  68} + 1*{  61  67} + 0.166667*{} + 1*{ 172 178} + 1*{ 170 176} + 1*{  65  71} + 1*{  63  69} + 1*{ 173 179} = 0 

-1*{  69 171} + 1*{  62 176} + -1*{  67 169} + -1*{  68 170} + 1*{  61 175} + 1*{  65 179} + 1*{  64 178} + 1*{  63 177} + -1*{  70 172} + -1*{  71 173} = 0 

-0.166667*{} + 1*{ 253 253} + 1*{ 252 252} = 0 

1*{ 171 183} + 1*{  63  75} + 1*{  62  74} + 1*{ 169 181} + 1*{  61  73} + 1*{  64  76} + 1*{ 172 184} + 1*{ 173 185} + -1*{ 252} + 1*{ 170 182} + 0.166667*{} + 1*{  65  77} = 0 

-1*{  74 170} + -1*{  75 171} + -1*{  73 169} + -1*{ 253} + 1*{  61 181} + 1*{  65 185} + 1*{  64 184} + 1*{  63 183} + 1*{  62 182} + -1*{  76 172} + -1*{  77 173} = 0 

-0.166667*{} + 1*{ 255 255} + 1*{ 254 254} = 0 

1*{ 170 188} + 1*{  62  80} + 1*{ 169 187} + 1*{ 172 190} + 1*{  63  81} + -1*{ 254} + 1*{  65  83} + 1*{  61  79} + 1*{  64  82} + 0.166667*{} + 1*{ 171 189} + 1*{ 173 191} = 0 

-1*{  81 171} + -1*{  80 170} + -1*{  79 169} + 1*{  63 189} + -1*{ 255} + 1*{  61 187} + 1*{  62 188} + 1*{  64 190} + 1*{  65 191} + -1*{  82 172} + -1*{  83 173} = 0 

-0.166667*{} + 1*{ 257 257} + 1*{ 256 256} = 0 

1*{ 169 193} + 1*{ 171 195} + 1*{  63  87} + 1*{  61  85} + 1*{ 170 194} + 1*{ 173 197} + 0.166667*{} + 1*{  64  88} + 1*{ 172 196} + 1*{  62  86} + 1*{  65  89} + -1*{ 256} = 0 

-1*{  87 171} + -1*{  86 170} + 1*{  62 194} + -1*{  85 169} + 1*{  64 196} + 1*{  63 195} + -1*{  88 172} + 1*{  61 193} + 1*{  65 197} + -1*{  89 173} + -1*{ 257} = 0 

-0.166667*{} + 1*{ 259 259} + 1*{ 258 258} = 0 

1*{  63  93} + 1*{ 170 200} + 1*{  61  91} + 1*{ 172 202} + 1*{ 169 199} + 0.166667*{} + 1*{ 173 203} + 1*{  65  95} + 1*{ 171 201} + 1*{  62  92} + 1*{  64  94} + -1*{ 258} = 0 

1*{  65 203} + -1*{  95 173} + 1*{  63 201} + 1*{  61 199} + 1*{  62 200} + -1*{  93 171} + -1*{  91 169} + -1*{ 259} + -1*{  92 170} + 1*{  64 202} + -1*{  94 172} = 0 

-0.166667*{} + 1*{ 261 261} + 1*{ 260 260} = 0 

1*{  62  98} + 1*{  63  99} + 1*{ 172 208} + 1*{ 170 206} + 1*{ 169 205} + 1*{  64 100} + 0.166667*{} + 1*{  65 101} + 1*{ 173 209} + 1*{ 171 207} + 1*{  61  97} + -1*{ 260} = 0 

-1*{  98 170} + -1*{  99 171} + -1*{  97 169} + 1*{  61 205} + 1*{  65 209} + 1*{  64 208} + 1*{  63 207} + 1*{  62 206} + -1*{ 100 172} + -1*{ 101 173} + -1*{ 261} = 0 

-0.166667*{} + 1*{ 263 263} + 1*{ 262 262} = 0 

1*{  63 105} + 1*{ 171 213} + 1*{  62 104} + 1*{ 170 212} + 1*{  61 103} + 1*{ 172 214} + 0.166667*{} + 1*{  64 106} + -1*{ 262} + 1*{ 169 211} + 1*{  65 107} + 1*{ 173 215} = 0 

-1*{ 105 171} + -1*{ 103 169} + -1*{ 104 170} + -1*{ 106 172} + 1*{  62 212} + 1*{  61 211} + 1*{  63 213} + 1*{  64 214} + 1*{  65 215} + -1*{ 107 173} + -1*{ 263} = 0 

-0.166667*{} + 1*{ 169 169} + 1*{  61  61} = 0 

-0.166667*{} + 1*{ 170 170} + 1*{  62  62} = 0 

-0.166667*{} + 1*{ 171 171} + 1*{  63  63} = 0 

-0.166667*{} + 1*{ 172 172} + 1*{  64  64} = 0 

-0.166667*{} + 1*{ 173 173} + 1*{  65  65} = 0 

0.166667*{  63  63} + 0.333333*{  63  65} + 0.166667*{ 171 171} + 0.166667*{  61  61} + 0.136083*{  65} + 0.333333*{  61  63} + 0.333333*{  62  65} + 0.333333*{ 169 171} + 0.333333*{ 170 173} + 0.136083*{  63} + 0.333333*{ 171 172} + 0.333333*{  61  64} + 0.0277778*{} + 0.333333*{  62  63} + 0.333333*{ 169 172} + 0.166667*{  64  64} + 0.333333*{ 169 173} + 0.166667*{  65  65} + 0.136083*{  61} + 0.333333*{ 170 171} + 0.136083*{  64} + 0.166667*{ 173 173} + 0.136083*{  62} + 0.166667*{ 172 172} + 0.333333*{ 170 172} + 0.166667*{ 170 170} + 0.333333*{  64  65} + 0.333333*{  61  62} + 0.333333*{  61  65} + 0.333333*{  62  64} + 0.333333*{ 169 170} + 0.166667*{  62  62} + 0.166667*{ 169 169} + 0.333333*{ 172 173} + 0.333333*{  63  64} + 0.333333*{ 171 173} = 0 

-0.166667*{} + 1*{ 265 265} + 1*{ 264 264} = 0 

1*{ 177 183} + 1*{  69  75} + 1*{  68  74} + 1*{ 175 181} + 1*{ 176 182} + 1*{  70  76} + 1*{  67  73} + -1*{ 264} + 1*{ 178 184} + 1*{  71  77} + 0.166667*{} + 1*{ 179 185} = 0 

-1*{  75 177} + 1*{  69 183} + 1*{  70 184} + -1*{  74 176} + 1*{  67 181} + -1*{  73 175} + -1*{  77 179} + -1*{  76 178} + -1*{ 265} + 1*{  68 182} + 1*{  71 185} = 0 

-0.166667*{} + 1*{ 267 267} + 1*{ 266 266} = 0 

1*{ 177 189} + 1*{ 178 190} + 1*{  71  83} + 1*{ 176 188} + 1*{  68  80} + 0.166667*{} + -1*{ 266} + 1*{ 175 187} + 1*{  67  79} + 1*{  70  82} + 1*{  69  81} + 1*{ 179 191} = 0 

-1*{  81 177} + 1*{  69 189} + -1*{ 267} + -1*{  80 176} + -1*{  79 175} + 1*{  68 188} + 1*{  70 190} + 1*{  67 187} + -1*{  82 178} + 1*{  71 191} + -1*{  83 179} = 0 

-0.166667*{} + 1*{ 269 269} + 1*{ 268 268} = 0 

1*{  71  89} + 1*{ 177 195} + 1*{ 175 193} + 1*{  67  85} + 1*{  68  86} + 1*{  70  88} + 1*{ 178 196} + 1*{ 176 194} + 1*{ 179 197} + 0.166667*{} + 1*{  69  87} + -1*{ 268} = 0 

1*{  71 197} + 1*{  67 193} + -1*{  88 178} + -1*{  87 177} + -1*{  86 176} + 1*{  70 196} + 1*{  68 194} + -1*{  89 179} + 1*{  69 195} + -1*{  85 175} + -1*{ 269} = 0 

-0.166667*{} + 1*{ 271 271} + 1*{ 270 270} = 0 

1*{  69  93} + 1*{  71  95} + 1*{  68  92} + 1*{ 175 199} + 1*{  67  91} + 1*{ 177 201} + 0.166667*{} + 1*{ 179 203} + 1*{  70  94} + 1*{ 176 200} + 1*{ 178 202} + -1*{ 270} = 0 

1*{  68 200} + -1*{  94 178} + 1*{  67 199} + -1*{  93 177} + 1*{  69 201} + 1*{  70 202} + -1*{  91 175} + 1*{  71 203} + -1*{  92 176} + -1*{  95 179} + -1*{ 271} = 0 

-0.166667*{} + 1*{ 273 273} + 1*{ 272 272} = 0 

1*{ 176 206} + 1*{ 175 205} + 1*{ 177 207} + 1*{  70 100} + 1*{  67  97} + 0.166667*{} + 1*{  69  99} + 1*{ 178 208} + 1*{  71 101} + 1*{ 179 209} + 1*{  68  98} + -1*{ 272} = 0 

-1*{ 273} + -1*{  98 176} + 1*{  67 205} + 1*{  71 209} + -1*{  97 175} + 1*{  68 206} + -1*{  99 177} + 1*{  70 208} + 1*{  69 207} + -1*{ 100 178} + -1*{ 101 179} = 0 

-0.166667*{} + 1*{ 275 275} + 1*{ 274 274} = 0 

1*{ 177 213} + 1*{  68 104} + 1*{  69 105} + 1*{  71 107} + 1*{ 176 212} + 1*{ 175 211} + 1*{ 178 214} + 1*{  70 106} + 0.166667*{} + 1*{  67 103} + 1*{ 179 215} + -1*{ 274} = 0 

-1*{ 106 178} + -1*{ 105 177} + 1*{  69 213} + -1*{ 103 175} + 1*{  67 211} + -1*{ 104 176} + 1*{  68 212} + 1*{  71 215} + 1*{  70 214} + -1*{ 107 179} + -1*{ 275} = 0 

-0.166667*{} + 1*{ 175 175} + 1*{  67  67} = 0 

-0.166667*{} + 1*{ 176 176} + 1*{  68  68} = 0 

-0.166667*{} + 1*{ 177 177} + 1*{  69  69} = 0 

-0.166667*{} + 1*{ 178 178} + 1*{  70  70} = 0 

-0.166667*{} + 1*{ 179 179} + 1*{  71  71} = 0 

0.166667*{  69  69} + 0.166667*{  70  70} + 0.333333*{  69  70} + 0.333333*{ 176 178} + 0.166667*{ 176 176} + 0.166667*{ 179 179} + 0.333333*{  67  69} + 0.136083*{  68} + 0.333333*{  68  71} + 0.333333*{  68  70} + 0.333333*{ 176 177} + 0.166667*{  67  67} + 0.333333*{  69  71} + 0.333333*{  70  71} + 0.166667*{  68  68} + 0.333333*{ 175 178} + 0.136083*{  70} + 0.333333*{  67  68} + 0.166667*{ 178 178} + 0.333333*{ 178 179} + 0.333333*{  68  69} + 0.333333*{  67  70} + 0.333333*{ 177 179} + 0.166667*{ 177 177} + 0.136083*{  71} + 0.136083*{  69} + 0.333333*{ 175 177} + 0.333333*{  67  71} + 0.333333*{ 175 179} + 0.333333*{ 177 178} + 0.333333*{ 175 176} + 0.166667*{  71  71} + 0.136083*{  67} + 0.0277778*{} + 0.166667*{ 175 175} + 0.333333*{ 176 179} = 0 

0.166667*{} + 1*{ 181 187} + 1*{  77  83} + 1*{  75  81} + 1*{  73  79} + 1*{ 182 188} + 1*{  76  82} + 1*{ 184 190} + 1*{ 183 189} + 1*{  74  80} + 1*{ 185 191} = 0 

1*{  75 189} + -1*{  79 181} + -1*{  80 182} + -1*{  81 183} + 1*{  73 187} + -1*{  83 185} + 1*{  74 188} + -1*{  82 184} + 1*{  76 190} + 1*{  77 191} = 0 

1*{ 183 195} + 1*{ 182 194} + 1*{  77  89} + 1*{  74  86} + 1*{  73  85} + 0.166667*{} + 1*{  75  87} + 1*{  76  88} + 1*{ 181 193} + 1*{ 184 196} + 1*{ 185 197} = 0 

1*{  74 194} + 1*{  73 193} + 1*{  76 196} + 1*{  75 195} + -1*{  86 182} + -1*{  88 184} + 1*{  77 197} + -1*{  87 183} + -1*{  85 181} + -1*{  89 185} = 0 

1*{  75  93} + 1*{ 183 201} + 1*{  77  95} + 1*{ 182 200} + 1*{ 185 203} + 1*{  74  92} + 1*{ 181 199} + 1*{  73  91} + 0.166667*{} + 1*{  76  94} + 1*{ 184 202} = 0 

-1*{  91 181} + -1*{  93 183} + 1*{  74 200} + 1*{  77 203} + -1*{  92 182} + -1*{  94 184} + 1*{  76 202} + 1*{  75 201} + 1*{  73 199} + -1*{  95 185} = 0 

1*{ 184 208} + 1*{  75  99} + 1*{ 182 206} + 1*{ 183 207} + 1*{  76 100} + 1*{  77 101} + 1*{ 181 205} + 1*{  74  98} + 1*{  73  97} + 1*{ 185 209} + 0.166667*{} = 0 

-1*{  98 182} + 1*{  74 206} + -1*{ 100 184} + -1*{  97 181} + 1*{  73 205} + -1*{  99 183} + 1*{  76 208} + 1*{  77 209} + 1*{  75 207} + -1*{ 101 185} = 0 

1*{  74 104} + 1*{ 184 214} + 1*{  75 105} + 1*{ 183 213} + 0.166667*{} + 1*{  73 103} + 1*{ 181 211} + 1*{ 182 212} + 1*{  76 106} + 1*{  77 107} + 1*{ 185 215} = 0 

-1*{ 104 182} + 1*{  76 214} + 1*{  77 215} + 1*{  75 213} + 1*{  74 212} + -1*{ 105 183} + -1*{ 103 181} + 1*{  73 211} + -1*{ 107 185} + -1*{ 106 184} = 0 

-0.166667*{} + 1*{ 181 181} + 1*{  73  73} = 0 

-0.166667*{} + 1*{ 182 182} + 1*{  74  74} = 0 

-0.166667*{} + 1*{ 183 183} + 1*{  75  75} = 0 

-0.166667*{} + 1*{ 184 184} + 1*{  76  76} = 0 

-0.166667*{} + 1*{ 185 185} + 1*{  77  77} = 0 

0.136083*{  76} + 0.166667*{  74  74} + 0.333333*{  74  75} + 0.333333*{  75  77} + 0.333333*{  74  76} + 0.333333*{  74  77} + 0.333333*{ 182 185} + 0.136083*{  77} + 0.166667*{ 182 182} + 0.166667*{ 181 181} + 0.136083*{  75} + 0.166667*{  75  75} + 0.333333*{  73  75} + 0.166667*{ 184 184} + 0.333333*{ 184 185} + 0.333333*{ 181 185} + 0.166667*{  76  76} + 0.333333*{  73  76} + 0.333333*{ 182 183} + 0.333333*{ 181 182} + 0.333333*{  75  76} + 0.166667*{ 185 185} + 0.333333*{  73  77} + 0.136083*{  73} + 0.166667*{ 183 183} + 0.333333*{ 182 184} + 0.333333*{  76  77} + 0.333333*{  73  74} + 0.166667*{  73  73} + 0.333333*{ 183 185} + 0.166667*{  77  77} + -0.138889*{} + 0.136083*{  74} + 0.333333*{ 183 184} + 0.333333*{ 181 184} + 0.333333*{ 181 183} = 0 

1*{  81  87} + 1*{  82  88} + 1*{ 187 193} + 1*{  79  85} + 1*{ 189 195} + 1*{  80  86} + 0.166667*{} + 1*{ 188 194} + 1*{  83  89} + 1*{ 190 196} + 1*{ 191 197} = 0 

1*{  81 195} + -1*{  88 190} + 1*{  79 193} + -1*{  86 188} + 1*{  80 194} + -1*{  87 189} + -1*{  85 187} + 1*{  82 196} + 1*{  83 197} + -1*{  89 191} = 0 

1*{ 189 201} + 1*{ 188 200} + 1*{ 187 199} + 1*{  79  91} + 1*{  80  92} + 1*{  82  94} + 0.166667*{} + 1*{  83  95} + 1*{  81  93} + 1*{ 190 202} + 1*{ 191 203} = 0 

1*{  81 201} + -1*{  92 188} + 1*{  79 199} + -1*{  93 189} + 1*{  80 200} + 1*{  82 202} + -1*{  94 190} + -1*{  91 187} + 1*{  83 203} + -1*{  95 191} = 0 

1*{ 187 205} + 1*{ 188 206} + 1*{  80  98} + 1*{ 189 207} + 1*{  81  99} + 1*{  79  97} + 0.166667*{} + 1*{  83 101} + 1*{ 191 209} + 1*{  82 100} + 1*{ 190 208} = 0 

1*{  82 208} + -1*{  98 188} + -1*{  97 187} + 1*{  81 207} + 1*{  80 206} + 1*{  79 205} + -1*{  99 189} + 1*{  83 209} + -1*{ 100 190} + -1*{ 101 191} = 0 

1*{ 188 212} + 1*{  80 104} + 1*{  79 103} + 1*{ 191 215} + 1*{ 187 211} + 0.166667*{} + 1*{  82 106} + 1*{  81 105} + 1*{ 190 214} + 1*{ 189 213} + 1*{  83 107} = 0 

-1*{ 105 189} + 1*{  79 211} + 1*{  82 214} + -1*{ 104 188} + -1*{ 103 187} + -1*{ 106 190} + 1*{  80 212} + 1*{  83 215} + 1*{  81 213} + -1*{ 107 191} = 0 

-0.166667*{} + 1*{ 187 187} + 1*{  79  79} = 0 

-0.166667*{} + 1*{ 188 188} + 1*{  80  80} = 0 

-0.166667*{} + 1*{ 189 189} + 1*{  81  81} = 0 

-0.166667*{} + 1*{ 190 190} + 1*{  82  82} = 0 

1*{ 191 191} + -0.166667*{} + 1*{  83  83} = 0 

0.333333*{  81  83} + 0.166667*{  80  80} + 0.333333*{ 188 191} + 0.333333*{  80  83} + 0.166667*{ 187 187} + 0.333333*{  79  80} + 0.166667*{ 190 190} + 0.166667*{ 191 191} + 0.333333*{  80  81} + 0.166667*{  81  81} + 0.333333*{ 190 191} + 0.333333*{ 189 190} + 0.333333*{ 189 191} + 0.333333*{  81  82} + 0.333333*{  79  82} + 0.333333*{  82  83} + 0.136083*{  80} + 0.166667*{ 189 189} + 0.166667*{  82  82} + 0.333333*{  79  83} + 0.333333*{ 187 190} + 0.166667*{ 188 188} + 0.333333*{ 187 191} + 0.166667*{  83  83} + -0.138889*{} + 0.333333*{ 188 190} + 0.333333*{ 187 189} + 0.333333*{  80  82} + 0.333333*{ 187 188} + 0.136083*{  81} + 0.166667*{  79  79} + 0.333333*{ 188 189} + 0.136083*{  83} + 0.136083*{  82} + 0.333333*{  79  81} + 0.136083*{  79} = 0 

1*{  87  93} + 1*{  88  94} + 1*{ 194 200} + 1*{ 195 201} + 1*{ 193 199} + 1*{  86  92} + 1*{  89  95} + 1*{ 197 203} + 0.166667*{} + 1*{  85  91} + 1*{ 196 202} = 0 

1*{  87 201} + -1*{  92 194} + -1*{  95 197} + 1*{  85 199} + 1*{  89 203} + -1*{  93 195} + -1*{  91 193} + 1*{  86 200} + 1*{  88 202} + -1*{  94 196} = 0 

1*{ 195 207} + 1*{  88 100} + 0.166667*{} + 1*{ 194 206} + 1*{ 196 208} + 1*{  86  98} + 1*{  85  97} + 1*{  87  99} + 1*{ 193 205} + 1*{  89 101} + 1*{ 197 209} = 0 

1*{  87 207} + -1*{ 100 196} + 1*{  86 206} + -1*{  99 195} + -1*{  97 193} + 1*{  85 205} + -1*{  98 194} + 1*{  89 209} + 1*{  88 208} + -1*{ 101 197} = 0 

1*{ 195 213} + 1*{  88 106} + 1*{  87 105} + 1*{ 193 211} + 1*{  86 104} + 1*{ 194 212} + 1*{  89 107} + 1*{  85 103} + 1*{ 196 214} + 0.166667*{} + 1*{ 197 215} = 0 

-1*{ 104 194} + 1*{  86 212} + 1*{  87 213} + -1*{ 103 193} + 1*{  85 211} + -1*{ 105 195} + 1*{  88 214} + -1*{ 106 196} + 1*{  89 215} + -1*{ 107 197} = 0 

-0.166667*{} + 1*{ 193 193} + 1*{  85  85} = 0 

-0.166667*{} + 1*{ 194 194} + 1*{  86  86} = 0 

-0.166667*{} + 1*{ 195 195} + 1*{  87  87} = 0 

-0.166667*{} + 1*{ 196 196} + 1*{  88  88} = 0 

1*{ 197 197} + -0.166667*{} + 1*{  89  89} = 0 

0.166667*{ 194 194} + 0.333333*{ 194 195} + 0.333333*{ 194 196} + 0.333333*{  87  88} + 0.333333*{ 195 196} + 0.333333*{ 195 197} + 0.166667*{  86  86} + 0.166667*{ 195 195} + 0.166667*{ 193 193} + 0.333333*{  85  86} + 0.333333*{ 193 197} + 0.333333*{  86  87} + 0.333333*{ 193 194} + 0.333333*{ 193 196} + 0.333333*{  85  88} + 0.166667*{  88  88} + 0.166667*{  89  89} + 0.333333*{  86  89} + -0.138889*{} + 0.166667*{  85  85} + 0.333333*{  87  89} + 0.166667*{ 197 197} + 0.333333*{  88  89} + 0.136083*{  88} + 0.136083*{  87} + 0.333333*{ 194 197} + 0.166667*{  87  87} + 0.166667*{ 196 196} + 0.136083*{  86} + 0.136083*{  85} + 0.333333*{  85  89} + 0.333333*{  86  88} + 0.136083*{  89} + 0.333333*{  85  87} + 0.333333*{ 196 197} + 0.333333*{ 193 195} = 0 

1*{  93  99} + 1*{ 199 205} + 1*{ 200 206} + 1*{  92  98} + 1*{  95 101} + 1*{ 202 208} + 1*{ 203 209} + 1*{ 201 207} + 1*{  91  97} + 0.166667*{} + 1*{  94 100} = 0 

-1*{  99 201} + 1*{  92 206} + 1*{  93 207} + -1*{  97 199} + -1*{  98 200} + 1*{  91 205} + -1*{ 100 202} + 1*{  94 208} + 1*{  95 209} + -1*{ 101 203} = 0 

1*{ 201 213} + 1*{  93 105} + 1*{  95 107} + 1*{  92 104} + 1*{ 200 212} + 1*{ 199 211} + 1*{  91 103} + 0.166667*{} + 1*{  94 106} + 1*{ 202 214} + 1*{ 203 215} = 0 

-1*{ 105 201} + -1*{ 104 200} + 1*{  92 212} + 1*{  91 211} + -1*{ 103 199} + 1*{  94 214} + -1*{ 106 202} + 1*{  93 213} + 1*{  95 215} + -1*{ 107 203} = 0 

-0.166667*{} + 1*{ 199 199} + 1*{  91  91} = 0 

-0.166667*{} + 1*{ 200 200} + 1*{  92  92} = 0 

-0.166667*{} + 1*{ 201 201} + 1*{  93  93} = 0 

-0.166667*{} + 1*{ 202 202} + 1*{  94  94} = 0 

-0.166667*{} + 1*{ 203 203} + 1*{  95  95} = 0 

0.166667*{ 199 199} + 0.333333*{ 199 201} + 0.333333*{ 199 202} + 0.333333*{ 201 203} + 0.333333*{  94  95} + 0.333333*{  93  94} + 0.333333*{ 200 201} + 0.166667*{  91  91} + 0.136083*{  95} + 0.166667*{ 200 200} + 0.333333*{  93  95} + 0.333333*{  91  93} + 0.333333*{  92  93} + 0.333333*{  92  94} + 0.166667*{ 202 202} + 0.166667*{ 201 201} + 0.136083*{  91} + 0.333333*{ 200 203} + 0.166667*{ 203 203} + 0.166667*{  95  95} + 0.333333*{ 199 200} + -0.138889*{} + 0.136083*{  93} + 0.166667*{  92  92} + 0.166667*{  94  94} + 0.333333*{  91  94} + 0.136083*{  94} + 0.333333*{  91  92} + 0.166667*{  93  93} + 0.333333*{  92  95} + 0.333333*{ 202 203} + 0.136083*{  92} + 0.333333*{ 199 203} + 0.333333*{ 201 202} + 0.333333*{ 200 202} + 0.333333*{  91  95} = 0 

1*{ 206 212} + 1*{ 205 211} + 1*{  97 103} + 1*{ 101 107} + 0.166667*{} + 1*{ 207 213} + 1*{  99 105} + 1*{ 100 106} + 1*{  98 104} + 1*{ 208 214} + 1*{ 209 215} = 0 

1*{  99 213} + -1*{ 106 208} + -1*{ 105 207} + 1*{  97 211} + -1*{ 104 206} + 1*{ 100 214} + 1*{  98 212} + -1*{ 103 205} + -1*{ 107 209} + 1*{ 101 215} = 0 

-0.166667*{} + 1*{ 205 205} + 1*{  97  97} = 0 

-0.166667*{} + 1*{ 206 206} + 1*{  98  98} = 0 

-0.166667*{} + 1*{ 207 207} + 1*{  99  99} = 0 

-0.166667*{} + 1*{ 208 208} + 1*{ 100 100} = 0 

-0.166667*{} + 1*{ 209 209} + 1*{ 101 101} = 0 

0.333333*{  99 101} + 0.333333*{  99 100} + 0.333333*{ 206 208} + 0.333333*{ 206 207} + 0.166667*{ 205 205} + 0.333333*{ 205 206} + 0.333333*{  97  99} + 0.166667*{ 101 101} + 0.166667*{ 209 209} + 0.166667*{ 208 208} + 0.333333*{ 207 208} + 0.333333*{  98  99} + 0.333333*{ 100 101} + 0.333333*{ 205 209} + 0.333333*{ 207 209} + 0.136083*{ 100} + 0.333333*{  97 100} + 0.333333*{  97  98} + 0.333333*{  97 101} + 0.166667*{ 207 207} + 0.136083*{ 101} + 0.333333*{  98 101} + 0.166667*{ 100 100} + 0.166667*{  99  99} + 0.136083*{  99} + 0.333333*{ 205 208} + 0.333333*{ 205 207} + 0.333333*{  98 100} + 0.136083*{  98} + 0.166667*{ 206 206} + 0.166667*{  98  98} + 0.136083*{  97} + 0.333333*{ 206 209} + 0.166667*{  97  97} + 0.333333*{ 208 209} + -0.138889*{} = 0 

-0.166667*{} + 1*{ 211 211} + 1*{ 103 103} = 0 

-0.166667*{} + 1*{ 212 212} + 1*{ 104 104} = 0 

-0.166667*{} + 1*{ 213 213} + 1*{ 105 105} = 0 

1*{ 214 214} + -0.166667*{} + 1*{ 106 106} = 0 

-0.166667*{} + 1*{ 215 215} + 1*{ 107 107} = 0 

0.333333*{ 213 214} + 0.333333*{ 214 215} + 0.333333*{ 104 107} + 0.333333*{ 104 106} + 0.333333*{ 105 107} + 0.333333*{ 104 105} + 0.333333*{ 211 213} + 0.333333*{ 211 214} + 0.333333*{ 212 215} + 0.166667*{ 211 211} + 0.333333*{ 211 215} + 0.136083*{ 105} + 0.333333*{ 103 104} + 0.333333*{ 212 213} + 0.166667*{ 213 213} + 0.333333*{ 106 107} + 0.166667*{ 106 106} + 0.166667*{ 212 212} + 0.333333*{ 103 106} + 0.166667*{ 107 107} + 0.166667*{ 215 215} + 0.166667*{ 103 103} + 0.333333*{ 103 105} + 0.333333*{ 105 106} + -0.138889*{} + 0.333333*{ 103 107} + 0.333333*{ 212 214} + 0.136083*{ 103} + 0.166667*{ 104 104} + 0.333333*{ 211 212} + 0.166667*{ 105 105} + 0.136083*{ 104} + 0.333333*{ 213 215} + 0.166667*{ 214 214} + 0.136083*{ 106} + 0.136083*{ 107} = 0 

---------------------
Summary:
---------------------
set sizes: {6, 6, 6}, vars: 170, vectors: 18, equations: 206, indep eqn: 206

---------------------
Optimization:
---------------------
1 1.099e+01 1.099e+01
2 1.884e+02 1.099e+01
3 1.068e+03 1.099e+01
4 4.236e+02 1.099e+01
5 1.521e+02 1.099e+01
6 5.459e+01 1.099e+01
7 1.960e+01 1.099e+01
8 7.129e+00 7.129e+00
9 2.559e+00 2.559e+00
10 9.376e-01 9.376e-01
11 2.696e+00 9.376e-01
12 1.864e+00 9.376e-01
13 6.663e-01 6.663e-01
14 2.514e-01 2.514e-01
15 1.141e-01 1.141e-01
16 8.672e-01 1.141e-01
17 8.888e-01 1.141e-01
18 3.243e-01 1.141e-01
19 1.238e-01 1.141e-01
20 5.774e-02 5.774e-02
21 1.493e-01 5.774e-02
22 7.805e-02 5.774e-02
23 2.961e-02 2.961e-02
24 1.330e-02 1.330e-02
25 7.231e-03 7.231e-03
26 3.135e-03 3.135e-03
27 1.444e-03 1.444e-03
28 5.953e-04 5.953e-04
29 2.692e-04 2.692e-04
30 1.308e-04 1.308e-04
31 6.204e-05 6.204e-05
32 3.350e-05 3.350e-05
33 1.842e-05 1.842e-05
34 1.019e-05 1.019e-05
35 4.453e-06 4.453e-06
36 5.093e-06 4.453e-06
37 6.094e-06 4.453e-06
38 1.880e-06 1.880e-06
39 5.529e-07 5.529e-07
40 7.194e-07 5.529e-07
41 6.101e-07 5.529e-07
42 8.306e-07 5.529e-07
43 6.400e-07 5.529e-07
44 1.897e-07 1.897e-07
45 5.307e-08 5.307e-08
46 8.001e-08 5.307e-08
47 1.151e-06 5.307e-08
48 3.444e-07 5.307e-08
49 1.034e-07 5.307e-08
50 3.015e-08 3.015e-08
51 1.630e-08 1.630e-08
52 4.630e-08 1.630e-08
53 1.984e-08 1.630e-08
54 4.052e-09 4.052e-09
55 1.890e-08 4.052e-09
56 3.889e-09 3.889e-09
57 1.361e-08 3.889e-09
58 1.184e-04 3.889e-09
59 3.587e-05 3.889e-09
60 1.086e-05 3.889e-09
61 3.286e-06 3.889e-09
62 9.945e-07 3.889e-09
63 3.010e-07 3.889e-09
64 9.121e-08 3.889e-09
65 2.769e-08 3.889e-09
66 8.452e-09 3.889e-09
67 2.611e-09 2.611e-09
68 8.259e-10 8.259e-10
69 2.711e-10 2.711e-10
70 9.282e-11 9.282e-11
71 3.237e-11 3.237e-11
72 1.103e-11 1.103e-11
73 3.627e-12 3.627e-12
74 1.142e-12 1.142e-12
75 3.664e-13 3.664e-13
76 1.099e-13 1.099e-13
77 3.919e-14 3.919e-14
1 (precision) 2.746e-15 2.746e-15 (from 3.919e-14)
2 (precision) 1.245e-14 2.746e-15 (from 3.919e-14)
3 (precision) 3.524e-16 3.524e-16 (from 3.919e-14)
4 (precision) 9.867e-15 3.524e-16 (from 3.919e-14)
5 (precision) 1.716e-14 3.524e-16 (from 3.919e-14)
6 (precision) 3.689e-14 3.524e-16 (from 3.919e-14)
7 (precision) 1.883e-14 3.524e-16 (from 3.919e-14)
8 (precision) 2.482e-15 3.524e-16 (from 3.919e-14)
9 (precision) 3.766e-15 3.524e-16 (from 3.919e-14)
10 (precision) 1.204e-14 3.524e-16 (from 3.919e-14)
11 (precision) 2.007e-15 3.524e-16 (from 3.919e-14)
12 (precision) 2.640e-15 3.524e-16 (from 3.919e-14)
13 (precision) 1.281e-14 3.524e-16 (from 3.919e-14)
14 (precision) 7.280e-15 3.524e-16 (from 3.919e-14)
15 (precision) 6.849e-15 3.524e-16 (from 3.919e-14)
16 (precision) 1.560e-15 3.524e-16 (from 3.919e-14)
17 (precision) 4.780e-17 4.780e-17 (from 3.919e-14)
18 (precision) 2.410e-15 4.780e-17 (from 3.919e-14)
19 (precision) 8.042e-15 4.780e-17 (from 3.919e-14)
20 (precision) 1.574e-14 4.780e-17 (from 3.919e-14)
21 (precision) 5.387e-15 4.780e-17 (from 3.919e-14)
22 (precision) 6.164e-15 4.780e-17 (from 3.919e-14)
23 (precision) 4.387e-15 4.780e-17 (from 3.919e-14)
24 (precision) 7.815e-15 4.780e-17 (from 3.919e-14)
25 (precision) 3.319e-15 4.780e-17 (from 3.919e-14)
26 (precision) 4.193e-15 4.780e-17 (from 3.919e-14)
27 (precision) 5.331e-15 4.780e-17 (from 3.919e-14)
28 (precision) 1.133e-14 4.780e-17 (from 3.919e-14)
29 (precision) 4.915e-15 4.780e-17 (from 3.919e-14)
30 (precision) 8.953e-15 4.780e-17 (from 3.919e-14)
31 (precision) 6.372e-15 4.780e-17 (from 3.919e-14)
32 (precision) 1.395e-14 4.780e-17 (from 3.919e-14)
33 (precision) 6.289e-15 4.780e-17 (from 3.919e-14)
34 (precision) 1.328e-14 4.780e-17 (from 3.919e-14)
35 (precision) 5.956e-15 4.780e-17 (from 3.919e-14)
36 (precision) 1.853e-14 4.780e-17 (from 3.919e-14)
37 (precision) 5.678e-15 4.780e-17 (from 3.919e-14)
38 (precision) 6.552e-15 4.780e-17 (from 3.919e-14)
39 (precision) 4.040e-15 4.780e-17 (from 3.919e-14)
40 (precision) 7.149e-15 4.780e-17 (from 3.919e-14)
41 (precision) 6.233e-15 4.780e-17 (from 3.919e-14)
42 (precision) 1.876e-14 4.780e-17 (from 3.919e-14)
43 (precision) 6.771e-15 4.780e-17 (from 3.919e-14)
44 (precision) 7.355e-15 4.780e-17 (from 3.919e-14)
45 (precision) 4.251e-15 4.780e-17 (from 3.919e-14)
46 (precision) 7.971e-15 4.780e-17 (from 3.919e-14)
47 (precision) 1.226e-15 4.780e-17 (from 3.919e-14)
48 (precision) 9.486e-16 4.780e-17 (from 3.919e-14)
49 (precision) 2.160e-15 4.780e-17 (from 3.919e-14)
50 (precision) 4.973e-15 4.780e-17 (from 3.919e-14)
51 (precision) 1.448e-15 4.780e-17 (from 3.919e-14)
52 (precision) 9.666e-16 4.780e-17 (from 3.919e-14)
53 (precision) 2.382e-15 4.780e-17 (from 3.919e-14)
54 (precision) 5.598e-15 4.780e-17 (from 3.919e-14)
55 (precision) 9.486e-16 4.780e-17 (from 3.919e-14)
56 (precision) 1.575e-16 4.780e-17 (from 3.919e-14)
57 (precision) 7.862e-16 4.780e-17 (from 3.919e-14)
58 (precision) 6.335e-16 4.780e-17 (from 3.919e-14)
59 (precision) 8.813e-17 4.780e-17 (from 3.919e-14)
60 (precision) 3.282e-16 4.780e-17 (from 3.919e-14)
61 (precision) 2.628e-15 4.780e-17 (from 3.919e-14)
62 (precision) 1.910e-15 4.780e-17 (from 3.919e-14)
63 (precision) 8.237e-16 4.780e-17 (from 3.919e-14)
64 (precision) 2.350e-15 4.780e-17 (from 3.919e-14)
65 (precision) 5.225e-16 4.780e-17 (from 3.919e-14)
66 (precision) 1.129e-15 4.780e-17 (from 3.919e-14)
67 (precision) 1.004e-15 4.780e-17 (from 3.919e-14)
68 (precision) 3.659e-15 4.780e-17 (from 3.919e-14)
69 (precision) 1.166e-14 4.780e-17 (from 3.919e-14)
70 (precision) 4.866e-18 4.866e-18 (from 3.919e-14)
71 (precision) 1.615e-15 4.866e-18 (from 3.919e-14)
72 (precision) 1.605e-15 4.866e-18 (from 3.919e-14)
73 (precision) 1.143e-15 4.866e-18 (from 3.919e-14)
74 (precision) 1.240e-15 4.866e-18 (from 3.919e-14)
75 (precision) 2.632e-15 4.866e-18 (from 3.919e-14)
76 (precision) 3.558e-15 4.866e-18 (from 3.919e-14)
77 (precision) 1.272e-15 4.866e-18 (from 3.919e-14)
78 (precision) 1.633e-15 4.866e-18 (from 3.919e-14)
79 (precision) 1.184e-15 4.866e-18 (from 3.919e-14)
80 (precision) 1.327e-15 4.866e-18 (from 3.919e-14)
81 (precision) 3.211e-15 4.866e-18 (from 3.919e-14)
82 (precision) 5.502e-16 4.866e-18 (from 3.919e-14)
83 (precision) 7.126e-16 4.866e-18 (from 3.919e-14)
84 (precision) 8.813e-17 4.866e-18 (from 3.919e-14)
85 (precision) 1.587e-15 4.866e-18 (from 3.919e-14)
86 (precision) 1.827e-15 4.866e-18 (from 3.919e-14)
87 (precision) 8.000e-16 4.866e-18 (from 3.919e-14)
88 (precision) 3.560e-16 4.866e-18 (from 3.919e-14)
89 (precision) 2.327e-15 4.866e-18 (from 3.919e-14)
90 (precision) 3.627e-15 4.866e-18 (from 3.919e-14)
91 (precision) 6.038e-17 4.866e-18 (from 3.919e-14)
92 (precision) 4.212e-16 4.866e-18 (from 3.919e-14)
93 (precision) 8.375e-16 4.866e-18 (from 3.919e-14)
94 (precision) 8.792e-16 4.866e-18 (from 3.919e-14)
95 (precision) 7.723e-16 4.866e-18 (from 3.919e-14)
96 (precision) 2.588e-16 4.866e-18 (from 3.919e-14)
97 (precision) 1.522e-15 4.866e-18 (from 3.919e-14)
98 (precision) 1.254e-15 4.866e-18 (from 3.919e-14)
99 (precision) 6.890e-16 4.866e-18 (from 3.919e-14)
100 (precision) 2.172e-16 4.866e-18 (from 3.919e-14)

x:  8.296e-02 -3.877e-01 -2.041e-01  3.047e-01 -2.041e-01 -4.082e-01 -4.082e-01  4.082e-01 -4.082e-01  4.082e-01 -8.296e-02  3.877e-01 -2.041e-01 -3.047e-01 -2.041e-01 -3.981e-02  3.718e-01 -2.041e-01 -3.320e-01 -2.041e-01  3.981e-02 -3.718e-01 -2.041e-01  3.320e-01 -2.041e-01 -4.061e-01 -2.710e-01 -2.984e-01 -2.234e-02  3.110e-02  4.061e-01 -1.041e-02  6.363e-02 -3.251e-01  2.386e-01  1.026e-02  2.710e-01  2.386e-01  3.251e-01 -2.900e-01  4.048e-01  1.041e-02  3.109e-02 -3.251e-01  2.551e-01 -1.026e-02  2.945e-01  2.551e-01  3.251e-01 -2.984e-01 -4.048e-01 -2.945e-01 -2.900e-01  2.234e-02  6.362e-02  3.997e-01 -1.280e-01  3.536e-01 -2.717e-01 -3.536e-01 -7.581e-06 -6.813e-07  6.400e-07 -1.747e-06  9.367e-06 -3.997e-01  1.280e-01  3.536e-01  2.717e-01 -3.536e-01  4.063e-01 -1.687e-01 -3.536e-01 -2.376e-01  3.535e-01 -4.063e-01  1.687e-01 -3.536e-01  2.376e-01  3.535e-01 -4.147e-02  3.053e-01 -2.786e-01 -4.076e-01 -4.071e-01  4.147e-02  4.081e-01 -4.033e-01  2.469e-01  3.313e-01  4.081e-01 -3.053e-01 -3.313e-01  2.470e-01 -2.873e-01 -5.332e-02 -4.081e-01  4.071e-01 -2.470e-01 -3.187e-01 -4.081e-01  2.827e-01  3.187e-01 -2.469e-01  2.786e-01  5.332e-02 -2.827e-01  2.873e-01  4.076e-01  4.033e-01  3.863e-01  1.320e-01 -3.188e-01 -2.550e-01  2.916e-01  2.858e-01  3.934e-01 -1.091e-01  4.149e-02 -4.061e-01  2.060e-01  3.524e-01  3.431e-01 -2.212e-01  2.612e-01 -3.137e-01 -1.019e-01 -3.953e-01  2.467e-01  3.253e-01 -9.980e-02  3.959e-01  3.506e-01  2.092e-01  1.470e-01  3.809e-01  9.369e-03  4.081e-01  3.169e-02 -4.070e-01  3.363e-01  2.314e-01  3.379e-01 -2.291e-01  1.377e-01 -3.843e-01  1.272e-01  3.879e-01  3.419e-01 -2.231e-01  3.438e-01  2.202e-01  5.317e-02 -4.048e-01  8.444e-03  4.082e-01  1.256e-01 -3.885e-01  2.245e-01 -3.410e-01  3.874e-01  1.287e-01  4.162e-02  4.061e-01 -3.499e-01  2.103e-01  3.142e-01 -2.607e-01  3.822e-01 -1.435e-01  1.946e-63

grad:  1.438e-109 -1.487e-109 -2.946e-109  3.343e-109 -2.888e-109 -1.699e-109  2.329e-109  1.230e-109 -3.053e-109  1.114e-109 -3.754e-110 -4.134e-110 -1.804e-109 -2.445e-109 -3.676e-109 -1.739e-109  1.881e-109  1.114e-109 -5.326e-109 -3.023e-109 -5.884e-110 -1.716e-109 -1.889e-109 -5.835e-110 -6.793e-111 -3.736e-109  7.299e-111 -2.272e-109 -1.072e-110  5.258e-110  2.957e-109  6.780e-110  2.225e-110 -2.694e-109  4.925e-109 -4.761e-110  1.189e-109  4.920e-109  1.641e-109 -2.128e-109  5.135e-109 -1.369e-110 -1.421e-109 -2.018e-109  3.296e-109  1.041e-109 -1.185e-109  1.734e-108  1.224e-109 -3.547e-109 -2.162e-109 -6.336e-110 -4.487e-109  7.370e-110  4.947e-110  1.445e-109  5.425e-110  3.820e-109 -9.990e-110 -4.517e-109 -1.522e-109  5.969e-110  5.926e-110 -3.657e-111  1.371e-109 -3.253e-109  1.386e-109  1.521e-110  4.063e-109 -3.921e-109  4.790e-109 -2.620e-109  2.945e-109 -4.582e-109  3.411e-109 -3.097e-109 -3.096e-110 -4.660e-109  7.689e-110  3.002e-109  2.562e-110 -2.285e-110 -3.355e-109 -3.535e-109 -2.059e-109 -1.329e-109 -2.235e-109 -4.331e-111  1.613e-109  4.897e-109  2.181e-109 -1.185e-109 -3.634e-109  8.470e-110 -2.970e-109  4.070e-110  1.891e-109  6.328e-112 -5.597e-110 -4.195e-109 -1.126e-109  8.495e-110  6.441e-109 -9.247e-110  2.588e-109  1.018e-109  1.921e-110  1.997e-109  4.651e-109  1.197e-109 -8.705e-110 -8.308e-110  1.676e-109 -6.191e-110  7.528e-111 -7.139e-110 -5.004e-110  4.471e-111  1.053e-109  5.512e-109 -6.058e-111 -1.379e-109 -2.686e-110 -4.096e-110 -2.294e-110 -3.131e-110  5.998e-110  2.302e-109 -1.279e-110  2.928e-110 -2.033e-109 -2.308e-109 -2.982e-110  4.781e-110 -3.071e-110 -1.401e-109  4.898e-110 -7.041e-110  6.142e-110  1.093e-109  5.178e-111 -3.003e-109  1.052e-109  4.202e-109 -5.538e-110  2.743e-109  6.295e-111 -3.609e-109  7.995e-110  3.521e-109  1.662e-110 -1.307e-109 -2.538e-110  3.237e-110  1.366e-109 -3.053e-109 -5.302e-110  1.479e-109 -5.473e-110  1.000e-109 -1.198e-109 -4.064e-110  1.062e-109 -2.774e-109  4.602e-110  2.825e-110  1.994e-109 -2.230e-109 -1.088e-109  2.008e-109  -2.172e-16

finished in 77 iterations (0.394 seconds total)
max viol = 3.45e-08

---------------------
Result:
---------------------

{(1,0), (0,0), (0,0), (0,0), (0,0), (0,0)}, {(0,0), (1,0), (0,0), (0,0), (0,0), (0,0)}, {(0,0), (0,0), (1,0), (0,0), (0,0), (0,0)}, {(0,0), (0,0), (0,0), (1,0), (0,0), (0,0)}, {(0,0), (0,0), (0,0), (0,0), (1,0), (0,0)}, {(0,0), (0,0), (0,0), (0,0), (0,0), (1,0)}


{(0.408,0), (0.408,0), (0.408,0), (0.408,0), (0.408,0), (0.408,0)}, {(0.408,0), (0.083,0.4), (-0.388,-0.128), (-0.204,0.354), (0.305,-0.272), (-0.204,-0.354)}, {(0.408,0), (-0.408,-7.58e-06), (-0.408,-6.81e-07), (0.408,6.4e-07), (-0.408,-1.75e-06), (0.408,9.37e-06)}, {(0.408,0), (-0.083,-0.4), (0.388,0.128), (-0.204,0.354), (-0.305,0.272), (-0.204,-0.354)}, {(0.408,0), (-0.0398,0.406), (0.372,-0.169), (-0.204,-0.354), (-0.332,-0.238), (-0.204,0.354)}, {(0.408,0), (0.0398,-0.406), (-0.372,0.169), (-0.204,-0.354), (0.332,0.238), (-0.204,0.354)}


{(0.408,0), (-0.406,-0.0415), (-0.271,0.305), (-0.298,-0.279), (-0.0223,-0.408), (0.0311,-0.407)}, {(0.408,0), (0.406,0.0415), (-0.0104,0.408), (0.0636,-0.403), (-0.325,0.247), (0.239,0.331)}, {(0.408,0), (0.0103,0.408), (0.271,-0.305), (0.239,-0.331), (0.325,0.247), (-0.29,-0.287)}, {(0.408,0), (0.405,-0.0533), (0.0104,-0.408), (0.0311,0.407), (-0.325,-0.247), (0.255,-0.319)}, {(0.408,0), (-0.0103,-0.408), (0.295,0.283), (0.255,0.319), (0.325,-0.247), (-0.298,0.279)}, {(0.408,0), (-0.405,0.0533), (-0.295,-0.283), (-0.29,0.287), (0.0223,0.408), (0.0636,0.403)}

---------------------
Abs of Gram matrix:
---------------------

 { { +1.0000, +0.0000, +0.0000, +0.0000, +0.0000, +0.0000, +0.4082, +0.4082, +0.4082, +0.4082, +0.4082, +0.4082, +0.4082, +0.4082, +0.4082, +0.4082, +0.4082, +0.4082}, 
   { +0.0000, +1.0000, +0.0000, +0.0000, +0.0000, +0.0000, +0.4082, +0.4082, +0.4082, +0.4082, +0.4082, +0.4082, +0.4082, +0.4082, +0.4082, +0.4082, +0.4082, +0.4082}, 
   { +0.0000, +0.0000, +1.0000, +0.0000, +0.0000, +0.0000, +0.4082, +0.4082, +0.4082, +0.4082, +0.4082, +0.4082, +0.4082, +0.4082, +0.4082, +0.4082, +0.4082, +0.4082}, 
   { +0.0000, +0.0000, +0.0000, +1.0000, +0.0000, +0.0000, +0.4082, +0.4082, +0.4082, +0.4082, +0.4082, +0.4082, +0.4082, +0.4082, +0.4082, +0.4082, +0.4082, +0.4082}, 
   { +0.0000, +0.0000, +0.0000, +0.0000, +1.0000, +0.0000, +0.4082, +0.4082, +0.4082, +0.4082, +0.4082, +0.4082, +0.4082, +0.4082, +0.4082, +0.4082, +0.4082, +0.4082}, 
   { +0.0000, +0.0000, +0.0000, +0.0000, +0.0000, +1.0000, +0.4082, +0.4082, +0.4082, +0.4082, +0.4082, +0.4082, +0.4082, +0.4082, +0.4082, +0.4082, +0.4082, +0.4082}, 
   { +0.4082, +0.4082, +0.4082, +0.4082, +0.4082, +0.4082, +1.0000, +0.0000, +0.0000, +0.0000, +0.0000, +0.0000, +0.4082, +0.4082, +0.4082, +0.4082, +0.4082, +0.4082}, 
   { +0.4082, +0.4082, +0.4082, +0.4082, +0.4082, +0.4082, +0.0000, +1.0000, +0.0000, +0.0000, +0.0000, +0.0000, +0.4082, +0.4082, +0.4082, +0.4082, +0.4082, +0.4082}, 
   { +0.4082, +0.4082, +0.4082, +0.4082, +0.4082, +0.4082, +0.0000, +0.0000, +1.0000, +0.0000, +0.0000, +0.0000, +0.4082, +0.4082, +0.4082, +0.4082, +0.4082, +0.4082}, 
   { +0.4082, +0.4082, +0.4082, +0.4082, +0.4082, +0.4082, +0.0000, +0.0000, +0.0000, +1.0000, +0.0000, +0.0000, +0.4082, +0.4082, +0.4082, +0.4082, +0.4082, +0.4082}, 
   { +0.4082, +0.4082, +0.4082, +0.4082, +0.4082, +0.4082, +0.0000, +0.0000, +0.0000, +0.0000, +1.0000, +0.0000, +0.4082, +0.4082, +0.4082, +0.4082, +0.4082, +0.4082}, 
   { +0.4082, +0.4082, +0.4082, +0.4082, +0.4082, +0.4082, +0.0000, +0.0000, +0.0000, +0.0000, +0.0000, +1.0000, +0.4082, +0.4082, +0.4082, +0.4082, +0.4082, +0.4082}, 
   { +0.4082, +0.4082, +0.4082, +0.4082, +0.4082, +0.4082, +0.4082, +0.4082, +0.4082, +0.4082, +0.4082, +0.4082, +1.0000, +0.0000, +0.0000, +0.0000, +0.0000, +0.0000}, 
   { +0.4082, +0.4082, +0.4082, +0.4082, +0.4082, +0.4082, +0.4082, +0.4082, +0.4082, +0.4082, +0.4082, +0.4082, +0.0000, +1.0000, +0.0000, +0.0000, +0.0000, +0.0000}, 
   { +0.4082, +0.4082, +0.4082, +0.4082, +0.4082, +0.4082, +0.4082, +0.4082, +0.4082, +0.4082, +0.4082, +0.4082, +0.0000, +0.0000, +1.0000, +0.0000, +0.0000, +0.0000}, 
   { +0.4082, +0.4082, +0.4082, +0.4082, +0.4082, +0.4082, +0.4082, +0.4082, +0.4082, +0.4082, +0.4082, +0.4082, +0.0000, +0.0000, +0.0000, +1.0000, +0.0000, +0.0000}, 
   { +0.4082, +0.4082, +0.4082, +0.4082, +0.4082, +0.4082, +0.4082, +0.4082, +0.4082, +0.4082, +0.4082, +0.4082, +0.0000, +0.0000, +0.0000, +0.0000, +1.0000, +0.0000}, 
   { +0.4082, +0.4082, +0.4082, +0.4082, +0.4082, +0.4082, +0.4082, +0.4082, +0.4082, +0.4082, +0.4082, +0.4082, +0.0000, +0.0000, +0.0000, +0.0000, +0.0000, +1.0000} } 
