---------------------
Basis Indices:
---------------------

{-, -, -, -, -, -, -}, {-, -, -, -, -, -, -}, {-, -, -, -, -, -, -}, {-, -, -, -, -, -, -}, {-, -, -, -, -, -, -}, {-, -, -, -, -, -, -}, {-, -, -, -, -, -, -}


{-, -, -, -, -, -, -}, {-, 57+i155, 58+i156, 59+i157, 60+i158, 61+i159, 62+i160}, {-, 64+i162, 65+i163, 66+i164, 67+i165, 68+i166, 69+i167}, {-, 71+i169, 72+i170, 73+i171, 74+i172, 75+i173, 76+i174}, {-, 78+i176, 79+i177, 80+i178, 81+i179, 82+i180, 83+i181}, {}, {}

---------------------
Index Mapping: 
---------------------

{181: 47, 174: 41, 173: 40, 172: 39, 171: 38, 170: 37, 169: 36, 167: 35, 166: 34, 165: 33, 164: 32, 163: 31, 162: 30, 160: 29, 69: 11, 156: 25, 68: 10, 155: 24, 67: 9, 66: 8, 65: 7, 64: 6, 180: 46, 62: 5, 179: 45, 61: 4, 178: 44, 60: 3, 177: 43, 59: 2, 71: 12, 158: 27, 176: 42, 58: 1, 57: 0, 72: 13, 159: 28, 73: 14, 74: 15, 75: 16, 76: 17, 78: 18, 79: 19, 80: 20, 81: 21, 82: 22, 83: 23, 157: 26}

---------------------
Final Problem: 
---------------------
Find a point satisfying:

1*{ 2 8} + 1*{ 511} + 1*{ 0 6} + 1*{2834} + 1*{ 3 9} + 0.142857*{} + 1*{2531} + 1*{ 1 7} + 1*{2632} + 1*{2733} + 1*{2430} + 1*{2935} + 1*{ 410} = 0 

1*{ 131} + -1*{1129} + 1*{ 030} + -1*{ 725} + 1*{ 333} + -1*{ 624} + -1*{ 927} + -1*{1028} + 1*{ 434} + 1*{ 232} + 1*{ 535} + -1*{ 826} = 0 

1*{2537} + 1*{2638} + 1*{ 416} + 1*{2840} + 1*{ 214} + 0.142857*{} + 1*{ 113} + 1*{2941} + 1*{2739} + 1*{ 315} + 1*{2436} + 1*{ 517} + 1*{ 012} = 0 

-1*{1426} + 1*{ 036} + -1*{1325} + 1*{ 137} + 1*{ 339} + 1*{ 440} + 1*{ 238} + -1*{1527} + -1*{1628} + 1*{ 541} + -1*{1224} + -1*{1729} = 0 

1*{2745} + 1*{2543} + 1*{ 321} + 1*{ 220} + 1*{ 018} + 1*{2644} + 1*{2947} + 1*{2442} + 1*{ 422} + 1*{ 119} + 1*{ 523} + 1*{2846} + 0.142857*{} = 0 

-1*{2026} + -1*{2329} + 1*{ 143} + 1*{ 547} + 1*{ 345} + 1*{ 446} + 1*{ 244} + 1*{ 042} + -1*{2127} + -1*{2228} + -1*{1925} + -1*{1824} = 0 

1*{2424} + -0.142857*{} + 1*{ 0 0} = 0 

1*{2525} + -0.142857*{} + 1*{ 1 1} = 0 

-0.142857*{} + 1*{2626} + 1*{ 2 2} = 0 

-0.142857*{} + 1*{2727} + 1*{ 3 3} = 0 

-0.142857*{} + 1*{2828} + 1*{ 4 4} = 0 

-0.142857*{} + 1*{2929} + 1*{ 5 5} = 0 

0.10799*{ 0} + 0.285714*{2829} + 0.285714*{ 2 3} + 0.285714*{ 0 3} + 0.285714*{2627} + 0.285714*{2426} + 0.285714*{ 3 5} + 0.285714*{2527} + 0.285714*{2629} + 0.285714*{2628} + 0.10799*{ 1} + 0.285714*{2425} + 0.285714*{ 4 5} + 0.285714*{ 2 5} + 0.285714*{2528} + 0.10799*{ 3} + 0.285714*{ 1 4} + 0.285714*{2429} + 0.285714*{ 0 2} + 0.285714*{ 0 1} + 0.285714*{ 1 3} + 0.285714*{2529} + 0.285714*{2526} + 0.285714*{ 1 2} + 0.285714*{ 3 4} + 0.285714*{2728} + 0.285714*{2427} + 0.285714*{2428} + 0.10799*{ 5} + 0.285714*{ 1 5} + 0.285714*{ 0 5} + 0.285714*{2729} + 0.10799*{ 2} + 0.10799*{ 4} + 0.285714*{ 2 4} + 0.285714*{ 0 4} = 0 

1*{ 915} + 1*{ 814} + 1*{ 713} + 1*{3036} + 1*{3339} + 0.142857*{} + 1*{1016} + 1*{ 612} + 1*{1117} + 1*{3137} + 1*{3440} + 1*{3238} + 1*{3541} = 0 

1*{ 737} + 1*{ 939} + 1*{1040} + -1*{1634} + 1*{ 636} + -1*{1331} + -1*{1432} + -1*{1735} + 1*{1141} + -1*{1533} + 1*{ 838} + -1*{1230} = 0 

1*{ 921} + 0.142857*{} + 1*{ 820} + 1*{3143} + 1*{ 618} + 1*{3244} + 1*{3547} + 1*{3345} + 1*{3446} + 1*{3042} + 1*{1022} + 1*{1123} + 1*{ 719} = 0 

1*{ 642} + 1*{1046} + -1*{1830} + -1*{2032} + -1*{2133} + 1*{ 844} + -1*{1931} + -1*{2335} + 1*{ 945} + -1*{2234} + 1*{ 743} + 1*{1147} = 0 

-0.142857*{} + 1*{3030} + 1*{ 6 6} = 0 

-0.142857*{} + 1*{ 7 7} + 1*{3131} = 0 

-0.142857*{} + 1*{3232} + 1*{ 8 8} = 0 

-0.142857*{} + 1*{3333} + 1*{ 9 9} = 0 

-0.142857*{} + 1*{3434} + 1*{1010} = 0 

-0.142857*{} + 1*{3535} + 1*{1111} = 0 

0.285714*{ 810} + 0.285714*{ 6 9} + 0.10799*{11} + 0.10799*{10} + 0.285714*{3133} + 0.285714*{3335} + 0.285714*{ 910} + 0.285714*{1011} + 0.285714*{3035} + 0.285714*{3233} + 0.10799*{ 8} + 0.285714*{ 8 9} + 0.285714*{ 911} + 0.285714*{3234} + 0.10799*{ 6} + 0.285714*{ 7 8} + 0.285714*{3132} + 0.285714*{ 611} + 0.285714*{ 6 7} + 0.285714*{3435} + 0.285714*{ 610} + 0.285714*{3135} + 0.285714*{3334} + 0.285714*{ 711} + 0.285714*{3134} + 0.285714*{ 710} + 0.285714*{ 811} + 0.285714*{3235} + 0.10799*{ 7} + 0.285714*{ 7 9} + 0.285714*{3032} + 0.285714*{ 6 8} + 0.285714*{3031} + 0.10799*{ 9} + 0.285714*{3034} + 0.285714*{3033} = 0 

1*{4147} + 1*{1420} + 1*{1723} + 0.142857*{} + 1*{1319} + 1*{1521} + 1*{1218} + 1*{3945} + 1*{1622} + 1*{3743} + 1*{3844} + 1*{4046} + 1*{3642} = 0 

1*{1747} + -1*{2341} + -1*{2038} + 1*{1646} + 1*{1444} + -1*{1836} + -1*{2240} + 1*{1242} + 1*{1343} + -1*{1937} + 1*{1545} + -1*{2139} = 0 

-0.142857*{} + 1*{3636} + 1*{1212} = 0 

-0.142857*{} + 1*{3737} + 1*{1313} = 0 

-0.142857*{} + 1*{3838} + 1*{1414} = 0 

-0.142857*{} + 1*{3939} + 1*{1515} = 0 

-0.142857*{} + 1*{4040} + 1*{1616} = 0 

-0.142857*{} + 1*{4141} + 1*{1717} = 0 

0.285714*{1317} + 0.285714*{1316} + 0.285714*{3738} + 0.285714*{3640} + 0.285714*{1217} + 0.285714*{1216} + 0.10799*{14} + 0.285714*{3839} + 0.285714*{3637} + 0.285714*{1315} + 0.285714*{1417} + 0.285714*{3841} + 0.285714*{3940} + 0.285714*{1215} + 0.285714*{3739} + 0.285714*{1314} + 0.285714*{1416} + 0.285714*{1213} + 0.285714*{3641} + 0.10799*{12} + 0.285714*{1517} + 0.285714*{3941} + 0.285714*{4041} + 0.285714*{3638} + 0.285714*{1415} + 0.285714*{3639} + 0.285714*{1617} + 0.10799*{15} + 0.10799*{13} + 0.285714*{3741} + 0.285714*{3840} + 0.285714*{3740} + 0.285714*{1214} + 0.10799*{17} + 0.10799*{16} + 0.285714*{1516} = 0 

-0.142857*{} + 1*{4242} + 1*{1818} = 0 

-0.142857*{} + 1*{4343} + 1*{1919} = 0 

-0.142857*{} + 1*{4444} + 1*{2020} = 0 

-0.142857*{} + 1*{4545} + 1*{2121} = 0 

-0.142857*{} + 1*{4646} + 1*{2222} = 0 

1*{4747} + -0.142857*{} + 1*{2323} = 0 

0.10799*{18} + 0.285714*{4244} + 0.285714*{4647} + 0.285714*{1920} + 0.285714*{4346} + 0.10799*{20} + 0.285714*{4344} + 0.285714*{1922} + 0.285714*{4245} + 0.285714*{2223} + 0.285714*{4243} + 0.285714*{4347} + 0.285714*{4447} + 0.285714*{2123} + 0.285714*{4446} + 0.285714*{1822} + 0.285714*{4445} + 0.285714*{1821} + 0.285714*{4246} + 0.285714*{4546} + 0.285714*{2021} + 0.285714*{2122} + 0.285714*{4345} + 0.285714*{1923} + 0.10799*{19} + 0.285714*{4547} + 0.10799*{22} + 0.285714*{1921} + 0.285714*{1819} + 0.10799*{21} + 0.285714*{2022} + 0.10799*{23} + 0.285714*{1823} + 0.285714*{2023} + 0.285714*{1820} + 0.285714*{4247} = 0 

-4*{34} + 32*{ 3} + -2*{11} + 4*{28} + 1*{29} + -32*{ 9} + -16*{33} + -256*{31} + -8*{10} + 16*{27} + 1024*{24} + -1*{35} + 8*{ 4} + 128*{ 2} + 512*{ 1} + 2*{ 5} + 2048*{ 0} + 256*{25} + -64*{32} + -128*{ 8} + -1024*{30} + -2048*{ 6} + -512*{ 7} + 64*{26} > 0 

-2048*{12} + 4*{34} + -1*{41} + 8*{10} + -2*{17} + 2*{11} + -64*{38} + -16*{39} + 256*{31} + 32*{ 9} + 16*{33} + -8*{16} + 128*{ 8} + 1024*{30} + 64*{32} + -1024*{36} + 1*{35} + -4*{40} + -512*{13} + -32*{15} + -128*{14} + -256*{37} + 512*{ 7} + 2048*{ 6} > 0 

-2*{23} + 2048*{12} + -8*{22} + -512*{19} + 8*{16} + 16*{39} + 2*{17} + -4*{46} + -64*{44} + 64*{38} + 128*{14} + 256*{37} + -16*{45} + -1*{47} + -256*{43} + 1024*{36} + 1*{41} + -1024*{42} + -32*{21} + -128*{20} + -2048*{18} + 512*{13} + 4*{40} + 32*{15} > 0 

8*{12} + -8*{13} + -16*{31} + -128*{ 1} + 1*{42} + 2*{18} + -2*{19} + -64*{25} + 16*{30} + 128*{ 0} + -1*{43} + 4*{36} + 32*{ 6} + -32*{ 7} + -4*{37} + 64*{24} > 0 

128*{ 1} + -2*{20} + -4*{38} + -128*{ 2} + 8*{13} + 16*{31} + -1*{44} + -16*{32} + 64*{25} + -32*{ 8} + 1*{43} + 2*{19} + -8*{14} + -64*{26} + 32*{ 7} + 4*{37} > 0 

64*{26} + 8*{14} + 1*{44} + -128*{ 3} + -8*{15} + 32*{ 8} + 16*{32} + -1*{45} + -16*{33} + -32*{ 9} + -2*{21} + 2*{20} + -4*{39} + -64*{27} + 128*{ 2} + 4*{38} > 0 

-16*{34} + -4*{40} + 8*{15} + -32*{10} + 64*{27} + 1*{45} + 16*{33} + 32*{ 9} + -128*{ 4} + 4*{39} + -2*{22} + -64*{28} + -1*{46} + -8*{16} + 2*{21} + 128*{ 3} > 0 

-32*{11} + 16*{34} + -128*{ 5} + -16*{35} + 128*{ 4} + -1*{47} + 4*{40} + -64*{29} + 2*{22} + -2*{23} + 8*{16} + -8*{17} + 64*{28} + 1*{46} + 32*{10} + -4*{41} > 0 

1*{47} > 0 

{7, 5, 1, 1, 1, 1, 1, 1, 1} vars: 48, vectors: 12
1 1.671846e+00 1.671846e+00 -3.467707e-01 1.451537e-15
2 2.566321e+00 1.671846e+00 -3.268476e-01 1.224806e-15
3 3.180575e+00 1.671846e+00 -2.704092e-01 9.127321e-16
4 1.186799e+00 1.186799e+00 -4.276172e-01 4.895400e-15
5 4.820547e+04 1.186799e+00 -3.312445e-01 1.460651e-11
6 1.738535e+04 1.186799e+00 -2.565127e-01 3.823843e-13
7 6.268940e+03 1.186799e+00 -1.985427e-01 9.229605e-13
8 2.259865e+03 1.186799e+00 -1.535535e-01 4.610947e-13
9 8.142912e+02 1.186799e+00 -1.186171e-01 1.816337e-14
10 2.932182e+02 1.186799e+00 -9.147454e-02 5.772967e-14
11 1.054911e+02 1.186799e+00 -7.040757e-02 2.858935e-14
12 3.792244e+01 1.186799e+00 -5.423343e-02 1.206615e-15
13 1.368858e+01 1.186799e+00 -4.213065e-02 4.358614e-16
14 4.966551e+00 1.186799e+00 -3.139546e-02 2.484659e-16
15 1.113956e+01 1.186799e+00 -2.398045e-02 3.708280e-15
16 3.992498e+00 1.186799e+00 -1.767857e-02 8.470346e-15
17 1.751486e+03 1.186799e+00 -1.367850e-02 6.821377e-13
18 6.313172e+02 1.186799e+00 -1.062466e-02 1.137044e-13
19 3.660025e+02 1.186799e+00 -8.184321e-03 1.137019e-13
20 1.316187e+02 1.186799e+00 -6.281683e-03 7.251917e-16
21 4.724918e+01 1.186799e+00 -4.794515e-03 2.820595e-16
22 1.691268e+01 1.186799e+00 -3.644947e-03 1.736693e-16
23 6.058465e+00 1.186799e+00 -2.764856e-03 1.777094e-15
24 2.165883e+00 1.186799e+00 -2.133618e-03 4.519171e-16
25 7.878744e-01 7.878744e-01 -1.686923e-03 3.337512e-16
26 3.227182e-01 3.227182e-01 -1.165732e-03 5.553011e-17
27 2.883355e-01 2.883355e-01 -6.052503e-03 4.499521e-16
28 2.345878e+06 2.883355e-01 -4.690503e-03 4.656615e-10
29 8.462569e+05 2.883355e-01 -3.634899e-03 1.900948e-13
30 3.052757e+05 2.883355e-01 -2.816743e-03 5.820769e-11
31 1.101214e+05 2.883355e-01 -2.182586e-03 1.455194e-11
32 3.972226e+04 2.883355e-01 -1.691013e-03 1.455192e-11
33 1.432743e+04 2.883355e-01 -1.309925e-03 4.038203e-15
34 5.167257e+03 2.883355e-01 -1.014454e-03 1.380496e-15
35 1.863332e+03 2.883355e-01 -7.853885e-04 3.585733e-16
36 6.719150e+02 2.883355e-01 -6.075699e-04 1.136870e-13
37 2.421521e+02 2.883355e-01 -4.696616e-04 2.842183e-14
38 8.723427e+01 2.883355e-01 -3.639455e-04 1.421087e-14
39 3.286389e+01 2.883355e-01 -2.814214e-04 1.466043e-17
40 1.185009e+01 2.883355e-01 -2.191075e-04 3.552716e-15
41 4.286527e+00 2.883355e-01 -2.759784e-04 1.776393e-15
42 2.749224e+04 2.883355e-01 -2.137470e-04 7.275958e-12
43 9.914181e+03 2.883355e-01 -1.654806e-04 7.126027e-16
44 3.574387e+03 2.883355e-01 -1.280293e-04 9.094947e-13
45 1.288203e+03 2.883355e-01 -9.895277e-05 1.251703e-16
46 4.640001e+02 2.883355e-01 -7.636442e-05 2.656266e-17
47 1.669921e+02 2.883355e-01 -5.881509e-05 1.420542e-17
48 6.003956e+01 2.883355e-01 -4.521144e-05 7.105429e-15
49 2.157060e+01 2.883355e-01 -3.474504e-05 3.552714e-15
50 7.762256e+00 2.883355e-01 -2.692675e-05 1.776357e-15
51 2.812231e+00 2.883355e-01 -1.702315e-05 1.163867e-18
52 1.556141e+03 2.883355e-01 -1.317730e-05 2.273737e-13
53 5.611029e+02 2.883355e-01 -1.019624e-05 1.136868e-13
54 2.022298e+02 2.883355e-01 -7.885531e-06 1.054072e-18
55 7.288021e+01 2.883355e-01 -6.101155e-06 1.421085e-14
56 2.628496e+01 2.883355e-01 -4.739764e-06 3.552714e-15
57 9.519573e+00 2.883355e-01 -3.781144e-06 1.776357e-15
58 5.650976e+00 2.883355e-01 -2.967693e-06 8.881784e-16
59 2.066431e+00 2.883355e-01 -2.513017e-06 4.440892e-16
60 8.334642e-01 2.883355e-01 -2.420336e-06 2.220446e-16
61 5.884955e-01 2.883355e-01 -1.605412e-06 2.220448e-16
62 3.511078e+00 2.883355e-01 -1.181064e-06 8.881784e-16
63 1.257936e+00 2.883355e-01 -8.960149e-07 4.440892e-16
64 5.912870e-01 2.883355e-01 -6.430570e-07 1.110223e-16
65 2.183937e-01 2.183937e-01 -5.292022e-07 5.551120e-17
66 1.553440e-01 1.553440e-01 -3.811337e-07 2.775558e-17
67 5.458135e-02 5.458135e-02 -2.789431e-07 6.938894e-18
68 1.939755e-02 1.939755e-02 -2.082369e-07 1.214725e-21
69 7.795078e-03 7.795078e-03 -1.174758e-07 1.734723e-18
70 3.112527e-03 3.112527e-03 -7.371992e-08 4.336809e-19
71 1.010891e-03 1.010891e-03 -4.546323e-08 2.168404e-19
72 3.239961e-04 3.239961e-04 -2.733844e-08 1.084202e-19
73 1.024536e-04 1.024536e-04 -1.605514e-08 2.710505e-20
74 3.199736e-05 3.199736e-05 -9.238175e-09 6.776264e-21
75 9.890362e-06 9.890362e-06 -5.231652e-09 1.694066e-21
76 3.033321e-06 3.033321e-06 -2.928988e-09 1.270549e-21
77 9.252792e-07 9.252792e-07 -1.627215e-09 2.117582e-22
78 2.812667e-07 2.812667e-07 -8.993604e-10 1.058791e-22
79 8.532607e-08 8.532607e-08 -4.957231e-10 3.970467e-23
80 2.598692e-08 2.598692e-08 -2.723248e-10 3.308722e-24
81 7.869418e-09 7.869418e-09 -1.490452e-10 1.255881e-28
82 2.381749e-09 2.381749e-09 -8.112661e-11 4.135903e-25
83 7.207366e-10 7.207366e-10 -4.374228e-11 2.067952e-25
84 2.181254e-10 2.181254e-10 -2.318250e-11 2.584939e-26
85 6.606203e-11 6.606203e-11 -1.189255e-11 1.292470e-26
86 2.007458e-11 2.007458e-11 -5.714227e-12 2.847636e-31
87 6.205339e-12 6.205339e-12 -2.290580e-12 5.325681e-32
88 2.322657e-12 2.322657e-12 -9.382308e-13 8.077936e-28
89 8.719412e-13 8.719412e-13 -7.756373e-13 1.009742e-28
x: -1.274101e-01  3.253848e-01  3.121283e-01 -3.721315e-01  1.743402e-01  2.842382e-01  2.629503e-01 -2.056983e-02 -2.670363e-01 -3.442673e-01  3.002335e-01  1.042495e-01 -2.463944e-02  3.740297e-01  4.128477e-02  2.453594e-01  1.823181e-01 -3.510283e-01 -4.941944e-02 -3.384980e-01 -2.694536e-01 -7.946241e-02 -3.711829e-01 -2.653514e-01 -3.558426e-01  1.923071e-01 -2.131511e-01  6.614344e-02  3.353542e-01 -2.491304e-01  2.715038e-01 -3.774044e-01  2.674866e-01  1.560028e-01  2.296014e-01  3.633036e-01 -3.771606e-01 -5.439620e-02  3.757029e-01 -2.874993e-01 -3.310849e-01  1.401297e-01 -3.747198e-01  1.681544e-01 -2.650508e-01  3.695169e-01 -7.127667e-02  2.691579e-01 -7.756373e-13
grad:  1.192159e-19 -2.012190e-19 -1.122353e-19  1.043074e-19 -4.477601e-20 -1.784043e-19 -2.193962e-19  8.530338e-20  7.483049e-21  6.572917e-20 -8.045848e-20 -2.655384e-19  8.269514e-20 -4.412882e-19 -1.926791e-19 -1.107350e-19 -2.837113e-20  3.562613e-19  1.324606e-19  6.398827e-20 -4.647629e-20  1.382977e-20  5.259282e-19  2.537044e-19  1.207844e-19 -1.989586e-19  1.050952e-19 -1.515388e-20 -2.565253e-19  2.238233e-19 -4.320775e-19  3.217496e-19 -1.427025e-19 -4.360777e-20 -1.587284e-19 -2.092052e-19  1.991096e-19 -5.220486e-20 -2.274500e-19  1.318380e-19  1.639591e-19  2.364739e-20  5.015349e-20 -4.121353e-20  1.389156e-19 -9.859849e-20  7.432138e-20 -1.156370e-19  8.719412e-13
finished in 89 iterations (0.046 seconds total)
max viol = 3.81424e-07
