---------------------
Basis Indices:
---------------------

{-, -, -, -, -, -, -}, {-, -, -, -, -, -, -}, {-, -, -, -, -, -, -}, {-, -, -, -, -, -, -}, {-, -, -, -, -, -, -}, {-, -, -, -, -, -, -}, {-, -, -, -, -, -, -}


{-, -, -, -, -, -, -}, {-, 57+i204, 58+i205, 59+i206, 60+i207, 61+i208, 62+i209}, {-, 64+i211, 65+i212, 66+i213, 67+i214, 68+i215, 69+i216}, {-, 71+i218, 72+i219, 73+i220, 74+i221, 75+i222, 76+i223}, {-, 78+i225, 79+i226, 80+i227, 81+i228, 82+i229, 83+i230}, {}, {}


{-, 99+i246, 100+i247, 101+i248, 102+i249, 103+i250, 104+i251}, {}, {}, {}, {}, {}, {}

---------------------
Index Mapping: 
---------------------

{301: 67, 300: 66, 299: 65, 298: 64, 297: 63, 296: 62, 295: 61, 294: 60, 251: 59, 83: 23, 76: 17, 75: 16, 221: 45, 74: 15, 220: 44, 73: 14, 250: 58, 219: 43, 72: 13, 249: 57, 57: 0, 58: 1, 218: 42, 71: 12, 248: 56, 59: 2, 60: 3, 61: 4, 62: 5, 64: 6, 65: 7, 66: 8, 67: 9, 68: 10, 69: 11, 246: 54, 104: 29, 222: 46, 204: 30, 78: 18, 205: 31, 79: 19, 206: 32, 80: 20, 207: 33, 81: 21, 208: 34, 82: 22, 209: 35, 211: 36, 212: 37, 213: 38, 214: 39, 215: 40, 216: 41, 223: 47, 225: 48, 99: 24, 226: 49, 100: 25, 227: 50, 101: 26, 228: 51, 102: 27, 229: 52, 103: 28, 230: 53, 247: 55}

---------------------
Final Problem: 
---------------------
Find a point satisfying:

1*{ 3 9} + 0.142857*{} + 1*{ 1 7} + 1*{ 410} + 1*{ 0 6} + 1*{3036} + 1*{ 2 8} + 1*{ 511} + 1*{3339} + 1*{3137} + 1*{3440} + 1*{3238} + 1*{3541} = 0 

1*{ 238} + 1*{ 440} + -1*{1034} + 1*{ 036} + -1*{ 630} + -1*{ 933} + 1*{ 137} + 1*{ 339} + -1*{ 731} + 1*{ 541} + -1*{ 832} + -1*{1135} = 0 

1*{3446} + 1*{ 517} + 1*{ 315} + 1*{3042} + 1*{3244} + 1*{ 012} + 1*{3547} + 1*{ 214} + 1*{3143} + 1*{3345} + 1*{ 416} + 1*{ 113} + 0.142857*{} = 0 

1*{ 244} + 1*{ 042} + 1*{ 345} + 1*{ 446} + -1*{1634} + -1*{1331} + -1*{1230} + -1*{1432} + 1*{ 547} + 1*{ 143} + -1*{1735} + -1*{1533} = 0 

1*{ 321} + 1*{ 018} + 1*{ 220} + 1*{3149} + 1*{ 422} + 1*{ 523} + 1*{ 119} + 1*{3250} + 1*{3351} + 1*{3553} + 1*{3452} + 1*{3048} + 0.142857*{} = 0 

1*{ 149} + 1*{ 048} + 1*{ 250} + -1*{1830} + -1*{2032} + 1*{ 452} + -1*{2133} + 1*{ 351} + 1*{ 553} + -1*{2234} + -1*{1931} + -1*{2335} = 0 

-0.142857*{} + 1*{6161} + 1*{6060} = 0 

1*{3155} + 1*{ 327} + 1*{3357} + 1*{ 226} + 0.142857*{} + 1*{ 024} + 1*{ 125} + 1*{3256} + 1*{3458} + 1*{ 428} + 1*{3054} + -1*{60} + 1*{3559} + 1*{ 529} = 0 

1*{ 256} + 1*{ 559} + 1*{ 054} + -1*{2531} + 1*{ 155} + -1*{2632} + -1*{2733} + -1*{2430} + 1*{ 357} + 1*{ 458} + -1*{2935} + -1*{2834} + -1*{61} = 0 

1*{3030} + -0.142857*{} + 1*{ 0 0} = 0 

-0.142857*{} + 1*{3131} + 1*{ 1 1} = 0 

-0.142857*{} + 1*{3232} + 1*{ 2 2} = 0 

-0.142857*{} + 1*{3333} + 1*{ 3 3} = 0 

-0.142857*{} + 1*{3434} + 1*{ 4 4} = 0 

-0.142857*{} + 1*{3535} + 1*{ 5 5} = 0 

0.285714*{ 4 5} + 0.285714*{ 3 5} + 0.285714*{3335} + 0.285714*{3134} + 0.285714*{ 1 2} + 0.285714*{ 0 3} + 0.10799*{ 0} + 0.10799*{ 5} + 0.285714*{3435} + 0.285714*{3032} + 0.285714*{3035} + 0.10799*{ 1} + 0.285714*{ 0 2} + 0.285714*{ 0 1} + 0.285714*{ 1 3} + 0.285714*{3234} + 0.285714*{ 2 4} + 0.285714*{ 0 4} + 0.285714*{3334} + 0.285714*{3135} + 0.285714*{ 1 5} + 0.285714*{3133} + 0.10799*{ 4} + 0.10799*{ 2} + 0.285714*{3233} + 0.285714*{3033} + 0.285714*{ 2 3} + 0.285714*{ 0 5} + 0.285714*{3132} + 0.285714*{ 3 4} + 0.285714*{ 2 5} + 0.285714*{3235} + 0.285714*{3034} + 0.285714*{3031} + 0.10799*{ 3} + 0.285714*{ 1 4} = 0 

1*{1117} + 1*{ 814} + 1*{ 713} + 1*{3642} + 1*{4046} + 1*{ 915} + 1*{3945} + 1*{3844} + 1*{3743} + 1*{4147} + 1*{1016} + 0.142857*{} + 1*{ 612} = 0 

-1*{1741} + -1*{1640} + -1*{1337} + 1*{ 642} + 1*{1046} + -1*{1539} + -1*{1236} + 1*{ 844} + 1*{ 743} + -1*{1438} + 1*{ 945} + 1*{1147} = 0 

1*{ 820} + 0.142857*{} + 1*{3648} + 1*{ 719} + 1*{ 921} + 1*{4052} + 1*{3951} + 1*{ 618} + 1*{3850} + 1*{1022} + 1*{1123} + 1*{3749} + 1*{4153} = 0 

1*{ 749} + -1*{2038} + 1*{ 850} + -1*{2341} + 1*{ 951} + -1*{1937} + -1*{2139} + 1*{ 648} + -1*{1836} + -1*{2240} + 1*{1052} + 1*{1153} = 0 

-0.142857*{} + 1*{6363} + 1*{6262} = 0 

1*{3856} + 1*{4159} + 1*{4058} + -1*{62} + 1*{1129} + 1*{1028} + 1*{ 624} + 1*{3755} + 1*{ 927} + 0.142857*{} + 1*{3654} + 1*{3957} + 1*{ 725} + 1*{ 826} = 0 

-1*{2638} + -1*{2537} + 1*{ 856} + 1*{ 755} + -1*{2436} + -1*{63} + 1*{1159} + -1*{2739} + -1*{2941} + 1*{1058} + 1*{ 654} + -1*{2840} + 1*{ 957} = 0 

-0.142857*{} + 1*{3636} + 1*{ 6 6} = 0 

1*{ 7 7} + -0.142857*{} + 1*{3737} = 0 

-0.142857*{} + 1*{3838} + 1*{ 8 8} = 0 

-0.142857*{} + 1*{3939} + 1*{ 9 9} = 0 

-0.142857*{} + 1*{4040} + 1*{1010} = 0 

-0.142857*{} + 1*{4141} + 1*{1111} = 0 

0.10799*{10} + 0.285714*{3637} + 0.285714*{1011} + 0.10799*{ 6} + 0.285714*{3839} + 0.285714*{ 811} + 0.285714*{3841} + 0.285714*{ 910} + 0.285714*{3738} + 0.10799*{ 7} + 0.285714*{ 7 9} + 0.285714*{3940} + 0.285714*{3641} + 0.10799*{11} + 0.285714*{ 810} + 0.285714*{3640} + 0.285714*{ 7 8} + 0.10799*{ 8} + 0.285714*{ 8 9} + 0.285714*{ 911} + 0.285714*{3739} + 0.285714*{3741} + 0.285714*{ 610} + 0.285714*{ 6 9} + 0.285714*{ 6 8} + 0.10799*{ 9} + 0.285714*{3639} + 0.285714*{ 611} + 0.285714*{ 6 7} + 0.285714*{3840} + 0.285714*{3740} + 0.285714*{ 710} + 0.285714*{ 711} + 0.285714*{3941} + 0.285714*{4041} + 0.285714*{3638} = 0 

1*{1622} + 1*{4652} + 1*{4450} + 1*{1420} + 1*{1521} + 1*{1218} + 1*{4551} + 0.142857*{} + 1*{4349} + 1*{1319} + 1*{4248} + 1*{1723} + 1*{4753} = 0 

-1*{1943} + -1*{2145} + 1*{1450} + 1*{1652} + 1*{1753} + -1*{2347} + 1*{1248} + 1*{1551} + -1*{2246} + 1*{1349} + -1*{2044} + -1*{1842} = 0 

-0.142857*{} + 1*{6565} + 1*{6464} = 0 

1*{1628} + 1*{1729} + 1*{4658} + 1*{4759} + 1*{1527} + -1*{64} + 0.142857*{} + 1*{4557} + 1*{4355} + 1*{1224} + 1*{1325} + 1*{4254} + 1*{4456} + 1*{1426} = 0 

-1*{2644} + 1*{1658} + 1*{1355} + -1*{65} + -1*{2543} + 1*{1557} + -1*{2745} + 1*{1254} + -1*{2442} + 1*{1456} + 1*{1759} + -1*{2846} + -1*{2947} = 0 

-0.142857*{} + 1*{4242} + 1*{1212} = 0 

-0.142857*{} + 1*{4343} + 1*{1313} = 0 

-0.142857*{} + 1*{4444} + 1*{1414} = 0 

-0.142857*{} + 1*{4545} + 1*{1515} = 0 

-0.142857*{} + 1*{4646} + 1*{1616} = 0 

-0.142857*{} + 1*{4747} + 1*{1717} = 0 

0.285714*{4447} + 0.285714*{1217} + 0.285714*{1417} + 0.285714*{1315} + 0.10799*{17} + 0.285714*{1316} + 0.285714*{4345} + 0.285714*{4445} + 0.285714*{4347} + 0.285714*{1214} + 0.285714*{1213} + 0.285714*{1416} + 0.285714*{4546} + 0.285714*{4246} + 0.285714*{4446} + 0.285714*{1415} + 0.285714*{4346} + 0.285714*{1516} + 0.10799*{16} + 0.285714*{4547} + 0.285714*{1216} + 0.285714*{4647} + 0.285714*{4344} + 0.10799*{14} + 0.285714*{4244} + 0.285714*{1317} + 0.285714*{4247} + 0.10799*{13} + 0.285714*{1617} + 0.10799*{15} + 0.10799*{12} + 0.285714*{1517} + 0.285714*{1314} + 0.285714*{4245} + 0.285714*{4243} + 0.285714*{1215} = 0 

-0.142857*{} + 1*{6767} + 1*{6666} = 0 

1*{1925} + 1*{4955} + 1*{2127} + 0.142857*{} + 1*{5359} + 1*{1824} + 1*{5157} + 1*{5258} + 1*{5056} + 1*{4854} + -1*{66} + 1*{2329} + 1*{2026} + 1*{2228} = 0 

1*{1955} + -1*{2448} + -1*{2549} + 1*{1854} + -1*{67} + 1*{2056} + 1*{2359} + -1*{2751} + 1*{2157} + -1*{2953} + -1*{2650} + -1*{2852} + 1*{2258} = 0 

-0.142857*{} + 1*{4848} + 1*{1818} = 0 

-0.142857*{} + 1*{4949} + 1*{1919} = 0 

-0.142857*{} + 1*{5050} + 1*{2020} = 0 

-0.142857*{} + 1*{5151} + 1*{2121} = 0 

-0.142857*{} + 1*{5252} + 1*{2222} = 0 

-0.142857*{} + 1*{5353} + 1*{2323} = 0 

0.285714*{2123} + 0.285714*{1920} + 0.285714*{4850} + 0.285714*{5253} + 0.10799*{19} + 0.285714*{5052} + 0.285714*{2122} + 0.285714*{1923} + 0.285714*{2021} + 0.10799*{22} + 0.285714*{1921} + 0.285714*{1822} + 0.285714*{2023} + 0.285714*{1820} + 0.285714*{2223} + 0.10799*{20} + 0.285714*{1922} + 0.285714*{4951} + 0.285714*{4851} + 0.285714*{5153} + 0.285714*{1819} + 0.285714*{5053} + 0.285714*{1823} + 0.285714*{5051} + 0.285714*{4953} + 0.285714*{4849} + 0.285714*{5152} + 0.10799*{18} + 0.285714*{1821} + 0.285714*{4853} + 0.285714*{4852} + 0.285714*{4952} + 0.285714*{4950} + 0.285714*{2022} + 0.10799*{21} + 0.10799*{23} = 0 

-0.142857*{} + 1*{5454} + 1*{2424} = 0 

-0.142857*{} + 1*{5555} + 1*{2525} = 0 

-0.142857*{} + 1*{5656} + 1*{2626} = 0 

1*{5757} + -0.142857*{} + 1*{2727} = 0 

-0.142857*{} + 1*{5858} + 1*{2828} = 0 

-0.142857*{} + 1*{5959} + 1*{2929} = 0 

0.285714*{2427} + 0.285714*{5659} + 0.10799*{29} + 0.285714*{2829} + 0.285714*{5456} + 0.285714*{5458} + 0.285714*{5759} + 0.10799*{24} + 0.285714*{2425} + 0.285714*{5657} + 0.10799*{26} + 0.285714*{2429} + 0.285714*{5559} + 0.285714*{5556} + 0.285714*{2728} + 0.285714*{2729} + 0.285714*{2627} + 0.285714*{2428} + 0.285714*{5459} + 0.285714*{5658} + 0.285714*{2528} + 0.285714*{2526} + 0.285714*{5758} + 0.285714*{5558} + 0.285714*{2529} + 0.285714*{2426} + 0.10799*{27} + 0.285714*{5859} + 0.285714*{2527} + 0.10799*{25} + 0.285714*{5557} + 0.285714*{5457} + 0.285714*{2629} + 0.285714*{5455} + 0.285714*{2628} + 0.10799*{28} = 0 

-2*{40} + 2*{34} + -1*{41} + -512*{10} + 256*{ 1} + -256*{ 7} + -128*{37} + -2048*{ 6} + 4*{33} + -8*{ 9} + -4*{39} + 512*{ 4} + 1*{35} + 8*{ 3} + -64*{11} + 128*{31} + 64*{ 5} + 2048*{ 0} + -1024*{36} + -32*{ 8} + 16*{32} + 1024*{30} + 32*{ 2} + -16*{38} > 0 

32*{ 8} + -512*{16} + 4*{39} + -2048*{12} + -32*{14} + 128*{37} + 256*{ 7} + 2048*{ 6} + -16*{44} + -2*{46} + -64*{17} + 64*{11} + 16*{38} + -4*{45} + 8*{ 9} + -128*{43} + 1024*{36} + 2*{40} + -8*{15} + -256*{13} + -1024*{42} + 1*{41} + 512*{10} + -1*{47} > 0 

-512*{22} + -2*{52} + -1*{53} + 1*{47} + -128*{49} + -4*{51} + 4*{45} + 32*{14} + -8*{21} + -32*{20} + 16*{44} + 512*{16} + 2*{46} + 64*{17} + -1024*{48} + -2048*{18} + -64*{23} + 2048*{12} + -16*{50} + 1024*{42} + 128*{43} + -256*{19} + 8*{15} + 256*{13} > 0 

8*{ 3} + -4*{57} + 256*{ 1} + -8*{27} + -64*{29} + -16*{56} + 32*{ 2} + 4*{33} + -2048*{24} + 2*{34} + 1*{35} + -2*{58} + 512*{ 4} + -32*{26} + 2048*{ 0} + 64*{ 5} + -128*{55} + -512*{28} + -1*{59} + 128*{31} + -1024*{54} + -256*{25} + 16*{32} + 1024*{30} > 0 

-128*{ 7} + 128*{ 6} + -32*{37} + 8*{42} + 4*{18} + 2*{48} + -256*{31} + -2*{49} + -4*{19} + 64*{54} + -64*{55} + -512*{ 1} + 16*{12} + 32*{36} + -8*{43} + 512*{ 0} + -1*{25} + 256*{30} + 1*{24} + -16*{13} > 0 

-4*{20} + -2*{50} + 4*{19} + 8*{43} + -64*{56} + 16*{13} + 64*{55} + 512*{ 1} + -512*{ 2} + -32*{38} + 256*{31} + -8*{44} + -256*{32} + 1*{25} + -128*{ 8} + 2*{49} + 128*{ 7} + 32*{37} + -16*{14} + -1*{26} > 0 

-64*{57} + 64*{56} + -16*{15} + -256*{33} + -128*{ 9} + -4*{21} + 4*{20} + -32*{39} + 1*{26} + 16*{14} + -2*{51} + -8*{45} + 8*{44} + -512*{ 3} + 128*{ 8} + 256*{32} + -1*{27} + 2*{50} + 32*{38} + 512*{ 2} > 0 

-2*{52} + 4*{21} + -16*{16} + -32*{40} + 16*{15} + -128*{10} + 1*{27} + -8*{46} + -1*{28} + 64*{57} + -4*{22} + 256*{33} + 128*{ 9} + -256*{34} + 32*{39} + 512*{ 3} + 2*{51} + 8*{45} + -512*{ 4} + -64*{58} > 0 

256*{34} + 128*{10} + -32*{41} + 2*{52} + 4*{22} + -4*{23} + -2*{53} + -1*{29} + 32*{40} + 16*{16} + -512*{ 5} + 8*{46} + -16*{17} + 1*{28} + -128*{11} + -64*{59} + 64*{58} + -8*{47} + 512*{ 4} + -256*{35} > 0 

1*{59} > 0 

{7, 5, 1, 1, 1, 1, 1, 1, 1} vars: 68, vectors: 13
1 3.033811e+00 3.033811e+00 -3.325731e-01 2.411676e-15
2 3.461295e+00 3.033811e+00 -2.047716e-01 3.293327e-15
3 1.138503e+02 3.033811e+00 -1.573997e-01 1.796100e-14
4 4.181241e+01 3.033811e+00 -1.203570e-01 9.137922e-15
5 1.499926e+01 3.033811e+00 -9.341583e-02 4.100075e-15
6 5.765659e+00 3.033811e+00 -7.292994e-02 1.623337e-15
7 1.720644e+01 3.033811e+00 -5.414447e-02 3.608601e-15
8 6.479680e+00 3.033811e+00 -4.407144e-02 3.342905e-15
9 2.968002e+05 3.033811e+00 -3.414804e-02 1.546500e-12
10 1.070582e+05 3.033811e+00 -2.641521e-02 1.456315e-11
11 6.100006e+05 3.033811e+00 -2.046032e-02 8.432258e-12
12 2.297859e+05 3.033811e+00 -1.585456e-02 1.342954e-12
13 8.290335e+04 3.033811e+00 -1.228735e-02 5.359225e-13
14 2.999372e+04 3.033811e+00 -9.466864e-03 3.072105e-13
15 2.552344e+04 3.033811e+00 -7.365085e-03 3.638838e-12
16 2.844021e+06 3.033811e+00 -5.699051e-03 1.396984e-09
17 1.152794e+06 3.033811e+00 -4.416172e-03 2.672848e-13
18 4.158382e+05 3.033811e+00 -3.421752e-03 9.062745e-14
19 1.499941e+05 3.033811e+00 -2.650899e-03 2.910385e-11
20 5.410004e+04 3.033811e+00 -2.053826e-03 7.275967e-12
21 1.952997e+04 3.033811e+00 -1.593008e-03 7.275960e-12
22 7.440727e+03 3.033811e+00 -1.230981e-03 9.094974e-13
23 2.684351e+03 3.033811e+00 -9.509425e-04 4.547477e-13
24 9.667037e+02 3.033811e+00 -7.350913e-04 1.136877e-13
25 3.594252e+02 3.033811e+00 -5.624866e-04 5.684345e-14
26 1.300875e+02 3.033811e+00 -4.298208e-04 1.502297e-17
27 4.656225e+01 3.033811e+00 -3.260695e-04 7.213692e-18
28 1.659594e+01 3.033811e+00 -2.445907e-04 3.552717e-15
29 5.878610e+00 3.033811e+00 -1.807193e-04 8.881809e-16
30 2.066455e+00 2.066455e+00 -1.315851e-04 4.225160e-19
31 7.296850e-01 7.296850e-01 -9.559035e-05 1.110225e-16
32 2.566769e-01 2.566769e-01 -5.901091e-05 5.551181e-17
33 5.225625e+01 2.566769e-01 -4.519415e-05 2.131628e-14
34 3.747506e+01 2.566769e-01 -3.459884e-05 7.105427e-15
35 1.521831e+01 2.566769e-01 -2.599683e-05 3.552714e-15
36 5.398167e+00 2.566769e-01 -1.904607e-05 8.881784e-16
37 2.188868e+00 2.566769e-01 -1.371656e-05 4.440892e-16
38 7.688287e-01 2.566769e-01 -1.001561e-05 1.589815e-20
39 3.499559e-01 2.566769e-01 -7.548531e-06 5.551115e-17
40 1.730241e-01 1.730241e-01 -4.788702e-06 1.110223e-16
41 2.586718e-01 1.730241e-01 -3.190479e-06 5.551117e-17
42 8.911819e-02 8.911819e-02 -2.247920e-06 1.387779e-17
43 3.157634e-02 3.157634e-02 -1.860331e-06 6.938908e-18
44 1.238188e-02 1.238188e-02 -1.613188e-06 7.338035e-21
45 4.965887e-02 1.238188e-02 -9.627769e-07 6.938894e-18
46 1.526528e-01 1.238188e-02 -6.407291e-07 5.245680e-21
47 5.148488e-02 1.238188e-02 -4.374419e-07 6.938894e-18
48 4.044930e-02 1.238188e-02 -2.722181e-07 6.938894e-18
49 1.079480e-01 1.238188e-02 -1.791641e-07 1.387779e-17
50 3.854338e-02 1.238188e-02 -1.101009e-07 6.938894e-18
51 1.327137e-01 1.238188e-02 -7.082023e-08 5.551115e-17
52 5.365381e-02 1.238188e-02 -4.604394e-08 2.081668e-17
53 1.798144e-02 1.238188e-02 -2.986904e-08 6.938894e-18
54 6.751511e-03 6.751511e-03 -1.880715e-08 8.673617e-19
55 2.200696e-03 2.200696e-03 -1.189638e-08 8.673617e-19
56 7.193921e-04 7.193921e-04 -7.574774e-09 7.970939e-25
57 2.360579e-04 2.360579e-04 -4.836409e-09 8.131516e-20
58 7.740528e-05 7.740528e-05 -3.051186e-09 1.355253e-20
59 2.513749e-05 2.513749e-05 -1.871359e-09 3.388132e-21
60 8.026038e-06 8.026038e-06 -1.109004e-09 1.694066e-21
61 2.519114e-06 2.519114e-06 -6.377777e-10 1.694066e-21
62 7.800080e-07 7.800080e-07 -3.577129e-10 2.117582e-22
63 2.393918e-07 2.393918e-07 -1.977208e-10 1.058791e-22
64 8.058788e-08 8.058788e-08 -1.065330e-10 1.323489e-23
65 2.450583e-08 2.450583e-08 -5.560029e-11 6.617445e-24
66 7.447588e-09 7.447588e-09 -2.740530e-11 8.271806e-25
67 2.276426e-09 2.276426e-09 -1.187985e-11 7.096871e-30
68 7.259267e-10 7.259267e-10 -7.202172e-13 5.169879e-25
69 8.264632e-10 7.259267e-10 1.106706e-12 1.033976e-24
70 2.660088e-08 7.259267e-10 8.960300e-13 3.308722e-24
71 8.260946e-09 7.259267e-10 8.246021e-13 1.682974e-30
72 2.564439e-09 7.259267e-10 8.314439e-13 1.638787e-30
73 8.029081e-10 7.259267e-10 9.204266e-13 1.033976e-25
74 2.649613e-10 2.649613e-10 1.279557e-12 5.169879e-26
75 1.034674e-10 1.034674e-10 3.494514e-12 1.292470e-26
76 5.482540e-11 5.482540e-11 5.844733e-12 5.783438e-31
77 2.102824e-11 2.102824e-11 8.378388e-12 2.961014e-31
78 6.610947e-12 6.610947e-12 1.004648e-11 1.615587e-27
79 2.001874e-12 2.001874e-12 1.098635e-11 4.038969e-28
80 6.050517e-13 6.050517e-13 1.149863e-11 2.019484e-28
x:  1.905914e-01 -2.900505e-01 -2.707688e-01 -1.988689e-01 -3.437195e-01 -3.742716e-01 -1.889675e-02  3.348126e-01 -4.271710e-02 -2.231434e-01 -3.596283e-01  3.504177e-01 -3.594361e-01  3.570418e-01  1.375322e-01 -2.505133e-01  1.016328e-01  1.431113e-01 -2.078190e-01 -7.801202e-02  2.576102e-01  3.061414e-01  7.585146e-02 -5.571362e-02  2.349160e-01  2.860748e-01 -6.168090e-03 -1.194523e-02 -2.885876e-01  3.538590e-01 -3.263925e-01 -2.423382e-01  2.637071e-01 -3.214161e-01  1.572071e-01  5.270558e-02  3.774918e-01 -1.753785e-01  3.755429e-01  3.050643e-01 -1.162953e-01  1.416494e-01 -1.168887e-01 -1.240088e-01 -3.520541e-01 -2.830198e-01  3.640439e-01 -3.498231e-01 -3.157031e-01 -3.698260e-01 -2.765758e-01  2.216631e-01 -3.702750e-01  3.738357e-01  2.960940e-01  2.470189e-01 -3.779142e-01 -3.777757e-01 -2.440786e-01  1.328191e-01 -9.065759e-02  3.669309e-01  3.233925e-01  1.956388e-01  2.234191e-01  3.048624e-01  8.493139e-04 -3.779636e-01  1.149863e-11
grad:  2.584656e-19  4.411951e-20 -9.673527e-20  1.307428e-19 -1.217110e-19 -1.719796e-20 -2.349108e-19 -1.780757e-20 -9.409713e-20  1.295958e-19 -9.961071e-20  9.581578e-20  4.422009e-20  1.129573e-20  2.838210e-20  4.797095e-21 -1.004165e-20 -2.693942e-19  9.831163e-20  7.691064e-20  1.901740e-19 -6.738940e-20 -1.063290e-19  6.219460e-20 -3.921591e-19  8.352962e-20  3.336187e-19  1.363518e-19 -3.634502e-21 -2.764639e-20  1.385792e-19 -3.980319e-20 -9.311850e-20 -8.725132e-20 -2.614608e-19 -1.190768e-19 -1.105656e-20 -1.299687e-20  6.787112e-21  1.097780e-19  3.209118e-19 -2.607875e-19 -2.248940e-19  9.430975e-20 -8.494428e-22  6.336602e-21  9.977340e-21 -8.656681e-20 -8.802646e-20 -1.252324e-20  1.601901e-19  7.925875e-20  6.940149e-21  2.459431e-21  3.164203e-19 -9.955680e-20 -1.053348e-20 -2.809312e-21  4.423944e-21  3.383155e-20 -3.585764e-20 -2.062618e-20 -5.088587e-20  1.105642e-19  9.249640e-21 -3.595563e-21  1.312290e-19 -1.341259e-20  6.050517e-13
finished in 80 iterations (0.066 seconds total)
max viol = 1.37483e-07
