---------------------
Basis Indices:
---------------------

{-, -, -, -, -, -, -}, {-, -, -, -, -, -, -}, {-, -, -, -, -, -, -}, {-, -, -, -, -, -, -}, {-, -, -, -, -, -, -}, {-, -, -, -, -, -, -}, {-, -, -, -, -, -, -}


{-, -, -, -, -, -, -}, {-, 57+i253, 58+i254, 59+i255, 60+i256, 61+i257, 62+i258}, {-, 64+i260, 65+i261, 66+i262, 67+i263, 68+i264, 69+i265}, {-, 71+i267, 72+i268, 73+i269, 74+i270, 75+i271, 76+i272}, {-, 78+i274, 79+i275, 80+i276, 81+i277, 82+i278, 83+i279}, {}, {}


{-, 99+i295, 100+i296, 101+i297, 102+i298, 103+i299, 104+i300}, {}, {}, {}, {}, {}, {}


{-, 148+i344, 149+i345, 150+i346, 151+i347, 152+i348, 153+i349}, {}, {}, {}, {}, {}, {}

---------------------
Index Mapping: 
---------------------

{409: 89, 408: 88, 400: 80, 393: 73, 349: 71, 348: 70, 347: 69, 346: 68, 345: 67, 344: 66, 300: 65, 299: 64, 298: 63, 297: 62, 296: 61, 295: 60, 99: 24, 83: 23, 260: 42, 82: 22, 81: 21, 258: 41, 80: 20, 257: 40, 79: 19, 256: 39, 78: 18, 255: 38, 76: 17, 253: 36, 75: 16, 103: 28, 74: 15, 102: 27, 73: 14, 101: 26, 72: 13, 57: 0, 58: 1, 100: 25, 71: 12, 59: 2, 60: 3, 61: 4, 62: 5, 64: 6, 65: 7, 66: 8, 67: 9, 68: 10, 69: 11, 104: 29, 403: 83, 276: 56, 149: 31, 394: 74, 267: 48, 404: 84, 277: 57, 150: 32, 395: 75, 268: 49, 405: 85, 278: 58, 151: 33, 396: 76, 269: 50, 406: 86, 279: 59, 152: 34, 397: 77, 270: 51, 407: 87, 153: 35, 398: 78, 271: 52, 254: 37, 261: 43, 262: 44, 263: 45, 264: 46, 392: 72, 265: 47, 399: 79, 272: 53, 401: 81, 274: 54, 402: 82, 148: 30, 275: 55}

---------------------
Final Problem: 
---------------------
Find a point satisfying:

1*{ 3 9} + 0.142857*{} + 1*{ 2 8} + 1*{ 511} + 1*{4147} + 1*{ 410} + 1*{4046} + 1*{3642} + 1*{ 0 6} + 1*{3945} + 1*{3844} + 1*{3743} + 1*{ 1 7} = 0 

-1*{ 838} + -1*{ 939} + 1*{ 244} + 1*{ 042} + -1*{1040} + 1*{ 345} + 1*{ 446} + -1*{ 737} + -1*{ 636} + 1*{ 547} + 1*{ 143} + -1*{1141} = 0 

0.142857*{} + 1*{ 113} + 1*{ 214} + 1*{4153} + 1*{3749} + 1*{ 012} + 1*{3648} + 1*{ 315} + 1*{ 517} + 1*{3850} + 1*{ 416} + 1*{3951} + 1*{4052} = 0 

-1*{1438} + -1*{1337} + 1*{ 048} + 1*{ 250} + -1*{1640} + -1*{1741} + 1*{ 149} + -1*{1539} + 1*{ 452} + -1*{1236} + 1*{ 351} + 1*{ 553} = 0 

1*{ 321} + 1*{4058} + 1*{ 018} + 1*{ 220} + 1*{3856} + 1*{3755} + 1*{ 422} + 1*{ 119} + 1*{ 523} + 1*{3654} + 1*{3957} + 1*{4159} + 0.142857*{} = 0 

1*{ 155} + 1*{ 054} + 1*{ 559} + 1*{ 256} + -1*{2341} + -1*{1937} + -1*{2139} + 1*{ 357} + 1*{ 458} + -1*{1836} + -1*{2240} + -1*{2038} = 0 

-0.142857*{} + 1*{7373} + 1*{7272} = 0 

1*{3862} + 1*{ 226} + 0.142857*{} + 1*{ 024} + 1*{3660} + 1*{ 125} + 1*{3761} + 1*{ 327} + 1*{4064} + 1*{ 428} + 1*{ 529} + 1*{4165} + -1*{72} + 1*{3963} = 0 

-1*{2436} + -1*{2638} + -1*{73} + -1*{2537} + 1*{ 060} + 1*{ 464} + 1*{ 363} + -1*{2840} + -1*{2739} + 1*{ 262} + -1*{2941} + 1*{ 161} + 1*{ 565} = 0 

-0.142857*{} + 1*{7575} + 1*{7474} = 0 

-1*{74} + 1*{3868} + 1*{ 333} + 1*{ 232} + 0.142857*{} + 1*{ 535} + 1*{4171} + 1*{3969} + 1*{3666} + 1*{4070} + 1*{ 030} + 1*{ 434} + 1*{ 131} + 1*{3767} = 0 

-1*{3137} + -1*{3440} + -1*{3238} + -1*{3541} + 1*{ 167} + -1*{3036} + -1*{3339} + 1*{ 470} + -1*{75} + 1*{ 369} + 1*{ 268} + 1*{ 066} + 1*{ 571} = 0 

1*{3636} + -0.142857*{} + 1*{ 0 0} = 0 

1*{3737} + -0.142857*{} + 1*{ 1 1} = 0 

-0.142857*{} + 1*{3838} + 1*{ 2 2} = 0 

-0.142857*{} + 1*{3939} + 1*{ 3 3} = 0 

-0.142857*{} + 1*{4040} + 1*{ 4 4} = 0 

-0.142857*{} + 1*{4141} + 1*{ 5 5} = 0 

0.285714*{ 3 5} + 0.285714*{3640} + 0.285714*{ 2 3} + 0.285714*{ 0 3} + 0.285714*{ 3 4} + 0.285714*{3941} + 0.285714*{3639} + 0.285714*{ 1 2} + 0.285714*{3839} + 0.10799*{ 5} + 0.285714*{3741} + 0.10799*{ 0} + 0.285714*{ 0 2} + 0.285714*{ 1 5} + 0.285714*{ 4 5} + 0.285714*{3841} + 0.285714*{3738} + 0.285714*{ 1 3} + 0.285714*{ 0 1} + 0.285714*{ 0 5} + 0.285714*{ 0 4} + 0.285714*{ 2 4} + 0.285714*{3637} + 0.285714*{3638} + 0.285714*{4041} + 0.285714*{3641} + 0.10799*{ 1} + 0.285714*{3739} + 0.285714*{ 2 5} + 0.285714*{ 1 4} + 0.10799*{ 3} + 0.285714*{3940} + 0.10799*{ 2} + 0.10799*{ 4} + 0.285714*{3740} + 0.285714*{3840} = 0 

1*{4450} + 1*{4551} + 1*{ 814} + 1*{ 713} + 1*{ 915} + 1*{4248} + 1*{1117} + 1*{4753} + 1*{4349} + 1*{1016} + 0.142857*{} + 1*{ 612} + 1*{4652} = 0 

-1*{1242} + -1*{1747} + 1*{ 951} + -1*{1646} + 1*{ 749} + -1*{1343} + 1*{ 648} + -1*{1545} + 1*{ 850} + -1*{1444} + 1*{1052} + 1*{1153} = 0 

1*{ 719} + 1*{ 921} + 0.142857*{} + 1*{ 820} + 1*{4456} + 1*{4355} + 1*{1123} + 1*{ 618} + 1*{4557} + 1*{4658} + 1*{4254} + 1*{1022} + 1*{4759} = 0 

1*{ 856} + -1*{1943} + -1*{2145} + -1*{2347} + -1*{1842} + -1*{2044} + 1*{ 755} + 1*{ 957} + 1*{ 654} + 1*{1058} + -1*{2246} + 1*{1159} = 0 

-0.142857*{} + 1*{7777} + 1*{7676} = 0 

1*{ 927} + 1*{4765} + -1*{76} + 1*{4260} + 1*{4462} + 1*{ 725} + 1*{ 826} + 1*{4664} + 1*{4361} + 0.142857*{} + 1*{1028} + 1*{ 624} + 1*{1129} + 1*{4563} = 0 

-1*{77} + -1*{2543} + 1*{ 660} + -1*{2442} + 1*{1064} + -1*{2644} + -1*{2846} + 1*{ 963} + -1*{2745} + -1*{2947} + 1*{ 862} + 1*{ 761} + 1*{1165} = 0 

1*{7979} + -0.142857*{} + 1*{7878} = 0 

-1*{78} + 1*{4367} + 1*{4771} + 1*{ 832} + 0.142857*{} + 1*{1034} + 1*{4468} + 1*{1135} + 1*{ 731} + 1*{ 630} + 1*{ 933} + 1*{4670} + 1*{4266} + 1*{4569} = 0 

-1*{3446} + 1*{ 969} + -1*{3143} + -1*{79} + 1*{ 767} + -1*{3244} + -1*{3345} + 1*{1070} + 1*{ 868} + -1*{3042} + 1*{1171} + -1*{3547} + 1*{ 666} = 0 

-0.142857*{} + 1*{4242} + 1*{ 6 6} = 0 

-0.142857*{} + 1*{ 7 7} + 1*{4343} = 0 

-0.142857*{} + 1*{4444} + 1*{ 8 8} = 0 

-0.142857*{} + 1*{4545} + 1*{ 9 9} = 0 

-0.142857*{} + 1*{4646} + 1*{1010} = 0 

-0.142857*{} + 1*{4747} + 1*{1111} = 0 

0.285714*{4245} + 0.10799*{10} + 0.285714*{ 7 8} + 0.285714*{ 711} + 0.285714*{4347} + 0.285714*{1011} + 0.285714*{4647} + 0.285714*{4244} + 0.10799*{ 6} + 0.285714*{4447} + 0.285714*{4346} + 0.285714*{4446} + 0.285714*{ 810} + 0.285714*{4247} + 0.10799*{ 7} + 0.285714*{ 7 9} + 0.285714*{ 610} + 0.285714*{4246} + 0.285714*{4243} + 0.285714*{ 710} + 0.285714*{ 6 9} + 0.285714*{ 6 8} + 0.10799*{ 9} + 0.285714*{ 910} + 0.285714*{ 8 9} + 0.285714*{ 911} + 0.285714*{4445} + 0.285714*{ 611} + 0.285714*{ 6 7} + 0.285714*{4344} + 0.285714*{4345} + 0.10799*{11} + 0.10799*{ 8} + 0.285714*{4547} + 0.285714*{ 811} + 0.285714*{4546} = 0 

1*{5359} + 1*{5157} + 1*{4854} + 0.142857*{} + 1*{1319} + 1*{1723} + 1*{1521} + 1*{5258} + 1*{1218} + 1*{1420} + 1*{4955} + 1*{5056} + 1*{1622} = 0 

-1*{2050} + -1*{1949} + -1*{2252} + 1*{1254} + 1*{1759} + 1*{1456} + 1*{1557} + -1*{2151} + -1*{1848} + -1*{2353} + 1*{1355} + 1*{1658} = 0 

-0.142857*{} + 1*{8181} + 1*{8080} = 0 

1*{5163} + 1*{1426} + 1*{4860} + 1*{1628} + 1*{5264} + 0.142857*{} + 1*{1729} + 1*{5365} + -1*{80} + 1*{1224} + 1*{1325} + 1*{4961} + 1*{1527} + 1*{5062} = 0 

1*{1462} + -1*{2549} + 1*{1361} + 1*{1260} + -1*{81} + 1*{1765} + 1*{1563} + -1*{2448} + 1*{1664} + -1*{2953} + -1*{2650} + -1*{2751} + -1*{2852} = 0 

-0.142857*{} + 1*{8383} + 1*{8282} = 0 

1*{1331} + 1*{1533} + -1*{82} + 1*{5270} + 1*{4866} + 1*{5169} + 1*{5371} + 1*{4967} + 1*{5068} + 1*{1230} + 1*{1634} + 1*{1432} + 0.142857*{} + 1*{1735} = 0 

-1*{3351} + -1*{3250} + 1*{1468} + 1*{1367} + 1*{1266} + 1*{1771} + -1*{3149} + -1*{3048} + 1*{1670} + -1*{83} + -1*{3452} + 1*{1569} + -1*{3553} = 0 

-0.142857*{} + 1*{4848} + 1*{1212} = 0 

-0.142857*{} + 1*{4949} + 1*{1313} = 0 

-0.142857*{} + 1*{5050} + 1*{1414} = 0 

-0.142857*{} + 1*{5151} + 1*{1515} = 0 

-0.142857*{} + 1*{5252} + 1*{1616} = 0 

-0.142857*{} + 1*{5353} + 1*{1717} = 0 

0.285714*{1215} + 0.285714*{4851} + 0.285714*{1315} + 0.285714*{4951} + 0.285714*{4950} + 0.285714*{1217} + 0.285714*{1216} + 0.285714*{1415} + 0.285714*{1417} + 0.285714*{1314} + 0.285714*{5152} + 0.285714*{1214} + 0.285714*{1213} + 0.285714*{1416} + 0.10799*{17} + 0.285714*{1517} + 0.10799*{12} + 0.285714*{4849} + 0.285714*{4953} + 0.285714*{5051} + 0.285714*{5253} + 0.285714*{1317} + 0.285714*{5153} + 0.285714*{5053} + 0.285714*{1516} + 0.10799*{14} + 0.285714*{4850} + 0.10799*{16} + 0.285714*{4952} + 0.10799*{13} + 0.285714*{1617} + 0.10799*{15} + 0.285714*{5052} + 0.285714*{4853} + 0.285714*{4852} + 0.285714*{1316} = 0 

-0.142857*{} + 1*{8585} + 1*{8484} = 0 

1*{1824} + 1*{5864} + 1*{2026} + 1*{5460} + 1*{5662} + 1*{2127} + 1*{5965} + 0.142857*{} + 1*{2329} + 1*{5561} + -1*{84} + 1*{2228} + 1*{5763} + 1*{1925} = 0 

-1*{2858} + 1*{2365} + 1*{1961} + 1*{2163} + -1*{2656} + -1*{2959} + -1*{85} + -1*{2555} + -1*{2454} + 1*{2264} + 1*{2062} + -1*{2757} + 1*{1860} = 0 

-0.142857*{} + 1*{8787} + 1*{8686} = 0 

1*{5567} + 1*{5668} + 1*{5466} + 0.142857*{} + -1*{86} + 1*{2234} + 1*{2032} + 1*{1830} + 1*{5971} + 1*{5870} + 1*{2335} + 1*{2133} + 1*{1931} + 1*{5769} = 0 

1*{1967} + 1*{2068} + 1*{2371} + -1*{3054} + 1*{1866} + -1*{3155} + -1*{3458} + 1*{2270} + -1*{3559} + -1*{3256} + 1*{2169} + -1*{3357} + -1*{87} = 0 

-0.142857*{} + 1*{5454} + 1*{1818} = 0 

-0.142857*{} + 1*{5555} + 1*{1919} = 0 

-0.142857*{} + 1*{5656} + 1*{2020} = 0 

-0.142857*{} + 1*{5757} + 1*{2121} = 0 

-0.142857*{} + 1*{5858} + 1*{2222} = 0 

1*{5959} + 1*{2323} + -0.142857*{} = 0 

0.285714*{5457} + 0.285714*{5557} + 0.285714*{5458} + 0.285714*{5658} + 0.285714*{1923} + 0.285714*{2122} + 0.10799*{19} + 0.285714*{1920} + 0.10799*{22} + 0.285714*{1921} + 0.285714*{5659} + 0.285714*{1822} + 0.285714*{5759} + 0.285714*{5556} + 0.285714*{5559} + 0.285714*{2123} + 0.10799*{18} + 0.10799*{20} + 0.285714*{5657} + 0.285714*{5859} + 0.285714*{1821} + 0.285714*{5456} + 0.285714*{1823} + 0.285714*{5459} + 0.285714*{2021} + 0.285714*{5758} + 0.285714*{5558} + 0.285714*{1819} + 0.285714*{5455} + 0.285714*{1922} + 0.285714*{1820} + 0.285714*{2023} + 0.285714*{2223} + 0.285714*{2022} + 0.10799*{21} + 0.10799*{23} = 0 

-0.142857*{} + 1*{8989} + 1*{8888} = 0 

1*{6571} + 1*{2935} + 1*{2430} + 1*{2733} + 1*{2632} + -1*{88} + 1*{6470} + 1*{2834} + 1*{6167} + 1*{6066} + 1*{6369} + 0.142857*{} + 1*{2531} + 1*{6268} = 0 

-1*{3363} + -1*{3161} + -1*{3262} + 1*{2668} + -1*{3464} + 1*{2466} + -1*{89} + 1*{2769} + 1*{2567} + 1*{2870} + -1*{3060} + -1*{3565} + 1*{2971} = 0 

-0.142857*{} + 1*{6060} + 1*{2424} = 0 

-0.142857*{} + 1*{6161} + 1*{2525} = 0 

-0.142857*{} + 1*{6262} + 1*{2626} = 0 

1*{6363} + -0.142857*{} + 1*{2727} = 0 

-0.142857*{} + 1*{6464} + 1*{2828} = 0 

-0.142857*{} + 1*{6565} + 1*{2929} = 0 

0.285714*{2526} + 0.285714*{2529} + 0.285714*{6061} + 0.10799*{29} + 0.285714*{2829} + 0.285714*{2527} + 0.285714*{2627} + 0.285714*{6064} + 0.285714*{2528} + 0.285714*{2628} + 0.285714*{2629} + 0.285714*{2427} + 0.285714*{6063} + 0.285714*{2729} + 0.10799*{24} + 0.285714*{6264} + 0.10799*{26} + 0.285714*{2429} + 0.285714*{6465} + 0.285714*{2428} + 0.10799*{25} + 0.285714*{6364} + 0.285714*{6163} + 0.285714*{6165} + 0.285714*{6162} + 0.10799*{27} + 0.285714*{2426} + 0.285714*{6265} + 0.285714*{6365} + 0.10799*{28} + 0.285714*{6065} + 0.285714*{2728} + 0.285714*{2425} + 0.285714*{6164} + 0.285714*{6062} + 0.285714*{6263} = 0 

-0.142857*{} + 1*{6666} + 1*{3030} = 0 

-0.142857*{} + 1*{6767} + 1*{3131} = 0 

-0.142857*{} + 1*{6868} + 1*{3232} = 0 

-0.142857*{} + 1*{3333} + 1*{6969} = 0 

-0.142857*{} + 1*{7070} + 1*{3434} = 0 

-0.142857*{} + 1*{7171} + 1*{3535} = 0 

0.285714*{3233} + 0.285714*{3032} + 0.285714*{6771} + 0.285714*{3033} + 0.285714*{6669} + 0.285714*{3134} + 0.285714*{6769} + 0.285714*{3335} + 0.10799*{35} + 0.285714*{6671} + 0.285714*{3234} + 0.285714*{6870} + 0.285714*{6668} + 0.10799*{33} + 0.285714*{6670} + 0.285714*{3435} + 0.10799*{31} + 0.285714*{6667} + 0.285714*{3034} + 0.285714*{3031} + 0.285714*{6970} + 0.285714*{6768} + 0.285714*{6770} + 0.285714*{3135} + 0.285714*{3334} + 0.285714*{6869} + 0.285714*{6971} + 0.285714*{3133} + 0.10799*{34} + 0.10799*{30} + 0.285714*{3235} + 0.285714*{3035} + 0.285714*{6871} + 0.285714*{3132} + 0.10799*{32} + 0.285714*{7071} = 0 

4*{40} + 512*{ 1} + 256*{37} + -512*{ 7} + -2048*{ 6} + -128*{ 8} + 16*{39} + -1*{47} + 8*{ 4} + -32*{ 9} + -64*{44} + -4*{46} + 64*{38} + 128*{ 2} + -2*{11} + 32*{ 3} + -16*{45} + 2*{ 5} + -256*{43} + 1024*{36} + 2048*{ 0} + 1*{41} + -1024*{42} + -8*{10} > 0 

128*{ 8} + 1*{47} + -8*{16} + 256*{43} + -256*{49} + 32*{ 9} + -128*{14} + 512*{ 7} + 2048*{ 6} + 64*{44} + -4*{52} + 4*{46} + -2*{17} + -1024*{48} + 2*{11} + 16*{45} + -16*{51} + -1*{53} + -2048*{12} + -64*{50} + 8*{10} + 1024*{42} + -32*{15} + -512*{13} > 0 

1*{53} + -512*{19} + 64*{50} + 8*{16} + -64*{56} + -256*{55} + 2*{17} + -4*{58} + 16*{51} + -16*{57} + 256*{49} + 2048*{12} + -2*{23} + -8*{22} + 4*{52} + -1024*{54} + -128*{20} + -32*{21} + -1*{59} + -2048*{18} + 1024*{48} + 32*{15} + 512*{13} + 128*{14} > 0 

-1*{65} + -256*{61} + -1024*{60} + -512*{25} + -16*{63} + -128*{26} + 256*{37} + -2048*{24} + 32*{ 3} + 16*{39} + 8*{ 4} + -2*{29} + 4*{40} + -8*{28} + 1*{41} + -32*{27} + 64*{38} + 128*{ 2} + -4*{64} + -64*{62} + 512*{ 1} + 2*{ 5} + 2048*{ 0} + 1024*{36} > 0 

-2*{35} + 16*{63} + 128*{26} + -64*{68} + -32*{33} + -4*{70} + 256*{61} + 2*{29} + 32*{27} + 8*{28} + -512*{31} + 512*{25} + -128*{32} + -2048*{30} + 2048*{24} + -1*{71} + 4*{64} + -8*{34} + 1024*{60} + -256*{67} + -16*{69} + 1*{65} + -1024*{66} + 64*{62} > 0 

-8*{49} + 1*{60} + -1*{61} + 256*{12} + 64*{ 6} + -512*{37} + -64*{ 7} + 128*{66} + 32*{42} + -1024*{31} + -16*{19} + -128*{67} + 16*{18} + 8*{48} + 4*{54} + -2*{25} + 1024*{30} + 2048*{ 0} + -32*{43} + 512*{36} + 2*{24} + -256*{13} + -4*{55} + -2048*{ 1} > 0 

1*{61} + 8*{49} + -128*{68} + 2*{25} + -64*{ 8} + -1024*{32} + 256*{13} + 32*{43} + 16*{19} + 128*{67} + -16*{20} + -8*{50} + -512*{38} + -2048*{ 2} + -4*{56} + 4*{55} + -1*{62} + 2048*{ 1} + -32*{44} + 1024*{31} + -2*{26} + -256*{14} + 512*{37} + 64*{ 7} > 0 

4*{56} + -512*{39} + 2*{26} + 256*{14} + 64*{ 8} + 1024*{32} + -128*{69} + 32*{44} + -16*{21} + 16*{20} + 128*{68} + -1024*{33} + -64*{ 9} + 1*{62} + 2048*{ 2} + 512*{38} + -2048*{ 3} + -8*{51} + -32*{45} + -4*{57} + 8*{50} + -2*{27} + -256*{15} + -1*{63} > 0 

512*{39} + -256*{16} + 16*{21} + 8*{51} + 32*{45} + 64*{ 9} + 1024*{33} + 128*{69} + -2*{28} + -32*{46} + -8*{52} + -16*{22} + 4*{57} + -4*{58} + -2048*{ 4} + -1*{64} + -1024*{34} + -64*{10} + 2*{27} + 2048*{ 3} + 1*{63} + -128*{70} + -512*{40} + 256*{15} > 0 

-2048*{ 5} + -512*{41} + 64*{10} + 128*{70} + 256*{16} + -64*{11} + -128*{71} + -4*{59} + 16*{22} + -1*{65} + -16*{23} + 8*{52} + -8*{53} + 1024*{34} + 1*{64} + 2*{28} + -256*{17} + 32*{46} + 512*{40} + -2*{29} + -32*{47} + 2048*{ 4} + 4*{58} + -1024*{35} > 0 

1*{71} > 0 

{7, 5, 1, 1, 1, 1, 1, 1, 1} vars: 90, vectors: 14
1 3.884920e+00 3.884920e+00 -7.886279e-02 3.197151e-14
2 2.946626e+06 3.884920e+00 -6.109182e-02 9.315477e-10
3 1.062822e+06 3.884920e+00 -4.732224e-02 2.331020e-10
4 3.891914e+05 3.884920e+00 -3.665567e-02 5.844763e-11
5 1.403605e+05 3.884920e+00 -2.838593e-02 2.914374e-11
6 5.061235e+04 3.884920e+00 -2.197333e-02 3.638140e-11
7 1.824804e+04 3.884920e+00 -1.698754e-02 3.640026e-12
8 6.583347e+03 3.884920e+00 -1.311797e-02 4.429825e-14
9 2.368514e+03 3.884920e+00 -1.012973e-02 4.550885e-13
10 8.528306e+02 3.884920e+00 -7.809707e-03 3.412812e-13
11 3.073741e+02 3.884920e+00 -6.011701e-03 1.137657e-13
12 1.105408e+02 3.884920e+00 -4.592974e-03 4.265467e-14
13 4.805279e+01 3.884920e+00 -3.636367e-03 4.263353e-14
14 1.455903e+02 3.884920e+00 -2.727943e-03 2.843527e-14
15 5.207287e+01 3.884920e+00 -2.048730e-03 7.299575e-16
16 1.865372e+01 3.884920e+00 -1.524181e-03 3.609447e-15
17 7.419329e+00 3.884920e+00 -1.417453e-03 1.068639e-16
18 4.073667e+03 3.884920e+00 -1.062126e-03 1.364244e-12
19 3.540395e+05 3.884920e+00 -8.228891e-04 2.338358e-13
20 1.376777e+05 3.884920e+00 -6.377147e-04 2.910397e-11
21 4.966840e+04 3.884920e+00 -4.941790e-04 7.275994e-12
22 1.792361e+04 3.884920e+00 -3.829529e-04 7.275975e-12
23 6.465619e+03 3.884920e+00 -2.967250e-04 9.095133e-13
24 2.332137e+03 3.884920e+00 -2.298382e-04 4.547489e-13
25 8.410260e+02 3.884920e+00 -1.779000e-04 1.136881e-13
26 3.031600e+02 3.884920e+00 -1.375091e-04 2.495695e-16
27 1.092008e+02 3.884920e+00 -1.060468e-04 1.421102e-14
28 3.929159e+01 3.884920e+00 -8.118603e-05 7.105603e-15
29 5.333988e+01 3.884920e+00 -5.565028e-05 7.105440e-15
30 9.344534e+04 3.884920e+00 -4.547542e-05 2.910383e-11
31 7.656891e+08 3.884920e+00 -3.524322e-05 6.795303e-12
32 2.762292e+08 3.884920e+00 -2.731352e-05 3.504487e-12
33 9.964990e+07 3.884920e+00 -2.116803e-05 1.022565e-12
34 3.595005e+07 3.884920e+00 -1.640516e-05 7.450581e-09
35 1.296898e+07 3.884920e+00 -1.271396e-05 1.919583e-13
36 4.678561e+06 3.884920e+00 -9.853582e-06 9.313226e-10
37 1.688776e+06 3.884920e+00 -7.636389e-06 7.865764e-14
38 6.092201e+05 3.884920e+00 -5.917988e-06 1.164153e-10
39 2.197734e+05 3.884920e+00 -4.586328e-06 1.415912e-14
40 7.928256e+04 3.884920e+00 -3.554204e-06 3.009697e-13
41 2.860330e+04 3.884920e+00 -2.756038e-06 4.262357e-16
42 1.333850e+04 3.884920e+00 -2.128929e-06 1.818989e-12
43 4.981526e+03 3.884920e+00 -1.646250e-06 9.094947e-13
44 1.795683e+03 3.884920e+00 -1.272779e-06 3.523759e-18
45 6.469626e+02 3.884920e+00 -9.831629e-07 1.136868e-13
46 2.329784e+02 3.884920e+00 -7.583772e-07 2.842171e-14
47 8.383094e+01 3.884920e+00 -5.836947e-07 1.421085e-14
48 3.013512e+01 3.884920e+00 -4.515701e-07 4.158099e-20
49 3.019635e+01 3.884920e+00 -3.368206e-07 3.552714e-15
50 2.713653e+01 3.884920e+00 -2.528067e-07 7.105427e-15
51 9.863228e+00 3.884920e+00 -1.903690e-07 6.148708e-21
52 3.540221e+00 3.540221e+00 -1.428091e-07 8.881784e-16
53 1.323058e+00 1.323058e+00 -1.151626e-07 3.922631e-21
54 6.652694e+00 1.323058e+00 -8.170117e-08 1.861224e-21
55 2.919865e+00 1.323058e+00 -6.043599e-08 8.881784e-16
56 1.073108e+00 1.073108e+00 -4.661383e-08 2.220446e-16
57 4.425030e-01 4.425030e-01 -3.895369e-08 1.534219e-22
58 2.660700e-01 2.660700e-01 -3.506962e-08 8.868230e-23
59 4.639805e-01 2.660700e-01 -2.517253e-08 5.551115e-17
60 1.757234e-01 1.757234e-01 -2.617635e-08 2.775558e-17
61 1.624922e+01 1.757234e-01 -1.883224e-08 7.105427e-15
62 8.281230e+00 1.757234e-01 -1.371567e-08 3.552714e-15
63 4.759419e+00 1.757234e-01 -1.008678e-08 1.565297e-22
64 1.679087e+00 1.757234e-01 -7.501011e-09 4.440892e-16
65 5.996748e-01 1.757234e-01 -5.727733e-09 2.220446e-16
66 6.254470e-01 1.757234e-01 -4.059463e-09 1.110223e-16
67 2.505855e-01 1.757234e-01 -3.555209e-09 5.551115e-17
68 1.750345e-01 1.750345e-01 -3.502696e-09 6.194362e-24
69 1.834484e+00 1.750345e-01 -2.551795e-09 2.220446e-16
70 1.924953e+00 1.750345e-01 -1.776176e-09 4.440892e-16
71 1.107661e+00 1.750345e-01 -1.269010e-09 1.597199e-23
72 3.874266e-01 1.750345e-01 -9.617429e-10 2.775558e-16
73 1.683647e-01 1.683647e-01 -7.889358e-10 2.775558e-17
74 3.687410e-01 1.683647e-01 -5.096321e-10 1.665335e-16
75 1.360801e-01 1.360801e-01 -5.152650e-10 2.775558e-17
76 5.614354e+01 1.360801e-01 -3.961836e-10 1.421085e-14
77 1.882387e+03 1.360801e-01 -3.025747e-10 6.821210e-13
78 2.929526e+03 1.360801e-01 -2.324985e-10 1.364242e-12
79 1.055155e+03 1.360801e-01 -1.790740e-10 2.273737e-13
80 3.795446e+02 1.360801e-01 -1.371771e-10 4.547474e-13
81 1.361318e+02 1.360801e-01 -1.041409e-10 2.842171e-14
82 4.896557e+01 1.360801e-01 -7.815897e-11 6.502976e-24
83 7.076495e+01 1.360801e-01 -5.895137e-11 8.437765e-24
84 2.519571e+01 1.360801e-01 -4.410794e-11 7.105427e-15
85 8.955649e+00 1.360801e-01 -3.244789e-11 3.552714e-15
86 3.147260e+00 1.360801e-01 -2.352720e-11 8.881784e-16
87 1.107935e+00 1.360801e-01 -1.711489e-11 6.661338e-16
88 3.983401e-01 1.360801e-01 5.781242e-11 2.775558e-16
89 2.052036e+06 1.360801e-01 4.476175e-11 4.656613e-10
90 7.407618e+05 1.360801e-01 3.467282e-11 3.492460e-10
91 2.671552e+05 1.360801e-01 2.685114e-11 5.820766e-11
92 9.633504e+04 1.360801e-01 2.078325e-11 1.455192e-11
93 3.472832e+04 1.360801e-01 1.608003e-11 1.455192e-11
94 1.251984e+04 1.360801e-01 1.244937e-11 1.818989e-12
95 4.525302e+03 1.360801e-01 9.611051e-12 9.094947e-13
96 1.628175e+03 1.360801e-01 7.414251e-12 9.094947e-13
97 5.861101e+02 1.360801e-01 5.693336e-12 2.273737e-13
98 2.117011e+02 1.360801e-01 4.364586e-12 5.684342e-14
99 7.640311e+01 1.360801e-01 3.367348e-12 2.842171e-14
100 2.957451e+01 1.360801e-01 2.558113e-12 7.105427e-15
101 1.079003e+01 1.360801e-01 2.221918e-12 1.776357e-15
102 3.546234e+04 1.360801e-01 1.894334e-12 7.275958e-12
103 3.544955e+08 1.360801e-01 1.467857e-12 5.960464e-08
104 1.283573e+08 1.360801e-01 1.137558e-12 1.361937e-20
105 4.630423e+07 1.360801e-01 8.815726e-13 1.188325e-20
106 1.670387e+07 1.360801e-01 6.831775e-13 1.595751e-21
107 6.025710e+06 1.360801e-01 5.294190e-13 9.313226e-10
108 2.173705e+06 1.360801e-01 4.102583e-13 2.975374e-22
109 7.841108e+05 1.360801e-01 3.179267e-13 1.164153e-10
110 2.828511e+05 1.360801e-01 2.464308e-13 5.820766e-11
111 1.034241e+05 1.360801e-01 1.909386e-13 1.050390e-22
112 3.730634e+04 1.360801e-01 1.479935e-13 7.275958e-12
113 1.345793e+04 1.360801e-01 1.148158e-13 5.456968e-12
114 4.856788e+03 1.360801e-01 8.906801e-14 1.818989e-12
115 1.750036e+03 1.360801e-01 6.928343e-14 2.273737e-13
116 6.305611e+02 1.360801e-01 5.428154e-14 2.273737e-13
117 2.274110e+02 1.360801e-01 4.304433e-14 2.842171e-14
118 8.166302e+01 1.360801e-01 3.503021e-14 1.421085e-14
119 2.941840e+01 1.360801e-01 2.996522e-14 3.552714e-15
120 1.062300e+01 1.360801e-01 2.803512e-14 3.552714e-15
121 3.860032e+00 1.360801e-01 3.027234e-14 8.881784e-16
122 1.420811e+00 1.360801e-01 3.975671e-14 2.220446e-16
123 5.358399e-01 1.360801e-01 6.615420e-14 1.110223e-16
124 2.118927e-01 1.360801e-01 1.403414e-13 5.551115e-17
125 8.059638e-02 8.059638e-02 2.566633e-13 2.775558e-17
126 3.151742e-02 3.151742e-02 4.906319e-13 1.387779e-17
127 1.248896e-02 1.248896e-02 8.772436e-13 3.469447e-18
128 5.355648e-03 5.355648e-03 1.530799e-12 1.206743e-27
129 2.302745e-03 2.302745e-03 2.249007e-12 8.673617e-19
130 9.389791e-04 9.389791e-04 3.566749e-12 3.252607e-19
131 4.033674e-04 4.033674e-04 7.404547e-12 5.421011e-20
132 2.027298e-04 2.027298e-04 1.218925e-11 2.168404e-19
133 8.651174e-05 8.651174e-05 1.292475e-11 1.130614e-27
134 3.181932e-05 3.181932e-05 1.335759e-11 6.776264e-21
135 1.023193e-05 1.023193e-05 1.273135e-11 1.694066e-21
136 3.246822e-06 3.246822e-06 1.203703e-11 1.694066e-21
137 1.002814e-06 1.002814e-06 1.154667e-11 2.117582e-22
138 3.057883e-07 3.057883e-07 1.125835e-11 2.231688e-28
139 9.269842e-08 9.269842e-08 1.109727e-11 2.646978e-23
140 2.804715e-08 2.804715e-08 1.100782e-11 3.308722e-24
141 8.482857e-09 8.482857e-09 1.095876e-11 1.451251e-28
142 2.565725e-09 2.565725e-09 1.093290e-11 8.271806e-25
143 7.761052e-10 7.761052e-10 1.092063e-11 3.101927e-25
144 2.347768e-10 2.347768e-10 1.091635e-11 1.033976e-25
145 7.102314e-11 7.102314e-11 1.091668e-11 1.292470e-26
146 2.149370e-11 2.149370e-11 1.092307e-11 3.231175e-27
147 6.495506e-12 6.495506e-12 1.092403e-11 3.231175e-27
148 1.971715e-12 1.971715e-12 1.095603e-11 1.615587e-27
149 5.899823e-13 5.899823e-13 1.090936e-11 4.038971e-28
x: -3.534476e-01  2.195189e-02 -2.487001e-02 -6.528046e-02 -1.873575e-01  3.428505e-01 -3.747443e-01  1.215598e-01  2.843120e-01  3.748821e-01  3.457095e-01 -3.558545e-01  2.494711e-01 -3.730589e-01 -1.449543e-01  2.408827e-01  2.592737e-01  3.465663e-01  3.778597e-01 -3.772812e-01  2.491285e-01 -3.656296e-02  1.021753e-01  1.510548e-02 -3.749253e-01  3.089532e-01 -3.146816e-01  3.291637e-01  1.301982e-01  3.738036e-01  3.360202e-01  1.936835e-01  2.745960e-02  3.705940e-01 -6.819497e-02 -2.584968e-01 -1.339104e-01 -3.773266e-01  3.771453e-01 -3.722844e-01 -3.282596e-01 -1.590935e-01  4.923244e-02  3.578832e-01  2.490458e-01 -4.817207e-02  1.527812e-01 -1.273762e-01  2.839390e-01 -6.069839e-02 -3.490635e-01 -2.912604e-01  2.750169e-01 -1.508275e-01  8.901646e-03  2.271950e-02  2.842395e-01  3.761918e-01 -3.638920e-01  3.776624e-01 -4.783468e-02  2.177270e-01 -2.093626e-01  1.857644e-01  3.548317e-01  5.592840e-02 -1.730538e-01  3.245673e-01 -3.769658e-01 -7.427837e-02  3.717615e-01 -2.757473e-01  2.301838e-02  3.772629e-01 -3.643581e-01  1.004998e-01  3.283994e-01  1.871122e-01  3.648829e-01  9.857808e-02  3.036018e-01  2.251291e-01  3.606638e-01 -1.130430e-01 -2.799597e-01 -2.539286e-01 -1.895075e-01 -3.270229e-01  3.451128e-01  1.541243e-01  1.090936e-11
grad: -4.776145e-20 -3.123317e-19  1.679154e-19 -3.606423e-19  3.944984e-20 -1.854310e-20  1.472200e-20  2.302908e-19 -1.465752e-21 -5.172054e-20 -7.720405e-20 -3.512687e-20  6.965505e-20 -1.899785e-20  4.152754e-20 -2.190465e-20 -5.943542e-20 -4.947256e-21  1.380387e-20 -2.732752e-20 -9.930419e-20  4.172686e-19 -2.892366e-20 -2.814656e-19  2.424495e-21  7.222005e-20  7.942550e-20  7.066874e-20  9.276896e-20 -7.563887e-21 -4.667320e-20  2.378563e-19 -7.198811e-20 -6.997818e-20 -1.382834e-19 -3.254868e-20  8.860722e-20 -4.044213e-20 -6.541936e-21  5.123960e-20 -2.910093e-20 -6.674361e-20  7.327870e-20 -6.997696e-20  2.113112e-21 -4.086491e-19  1.779489e-19  1.069863e-19 -4.716623e-20 -2.798496e-20 -2.703630e-22  5.253703e-21  5.037353e-20 -1.158290e-21 -5.642814e-20  1.327614e-19  6.010571e-20  4.158743e-20 -1.631769e-20  1.287577e-22 -6.781094e-20 -1.097558e-19 -1.258793e-19 -1.258604e-19 -3.584166e-20  5.421727e-20 -1.143861e-19 -1.267796e-19 -2.067118e-20 -3.961548e-19 -2.040815e-20  3.052823e-20 -2.415230e-19  1.253452e-20  9.514889e-21 -5.592583e-20  1.190766e-20 -2.724267e-20 -8.749241e-21  4.117977e-20  4.891840e-21 -1.095132e-20 -2.921862e-20 -8.460703e-20  1.469364e-20 -1.619104e-20 -3.591846e-20  4.503921e-20  2.155367e-21  1.207178e-20  5.899823e-13
finished in 149 iterations (0.126 seconds total)
max viol = 1.60076e-07
