---------------------
Basis Indices:
---------------------

{-, -, -, -, -, -, -}, {-, -, -, -, -, -, -}, {-, -, -, -, -, -, -}, {-, -, -, -, -, -, -}, {-, -, -, -, -, -, -}, {-, -, -, -, -, -, -}, {-, -, -, -, -, -, -}


{-, -, -, -, -, -, -}, {-, 57+i302, 58+i303, 59+i304, 60+i305, 61+i306, 62+i307}, {-, 64+i309, 65+i310, 66+i311, 67+i312, 68+i313, 69+i314}, {-, 71+i316, 72+i317, 73+i318, 74+i319, 75+i320, 76+i321}, {-, 78+i323, 79+i324, 80+i325, 81+i326, 82+i327, 83+i328}, {}, {}


{-, 99+i344, 100+i345, 101+i346, 102+i347, 103+i348, 104+i349}, {}, {}, {}, {}, {}, {}


{-, 148+i393, 149+i394, 150+i395, 151+i396, 152+i397, 153+i398}, {}, {}, {}, {}, {}, {}


{-, 197+i442, 198+i443, 199+i444, 200+i445, 201+i446, 202+i447}, {}, {}, {}, {}, {}, {}

---------------------
Index Mapping: 
---------------------

{519: 113, 518: 112, 517: 111, 516: 110, 515: 109, 514: 108, 513: 107, 512: 106, 511: 105, 510: 104, 509: 103, 508: 102, 507: 101, 506: 100, 505: 99, 504: 98, 503: 97, 502: 96, 501: 95, 500: 94, 499: 93, 498: 92, 497: 91, 496: 90, 495: 89, 494: 88, 493: 87, 492: 86, 491: 85, 490: 84, 398: 77, 397: 76, 396: 75, 395: 74, 394: 73, 393: 72, 349: 71, 348: 70, 347: 69, 346: 68, 345: 67, 344: 66, 99: 24, 83: 23, 82: 22, 81: 21, 444: 80, 317: 55, 80: 20, 79: 19, 324: 61, 197: 36, 78: 18, 76: 17, 103: 28, 328: 65, 201: 40, 74: 15, 310: 49, 102: 27, 327: 64, 200: 39, 73: 14, 309: 48, 101: 26, 326: 63, 199: 38, 72: 13, 311: 50, 57: 0, 312: 51, 58: 1, 100: 25, 325: 62, 198: 37, 71: 12, 307: 47, 314: 53, 60: 3, 442: 78, 61: 4, 443: 79, 316: 54, 62: 5, 445: 81, 318: 56, 64: 6, 446: 82, 319: 57, 65: 7, 302: 42, 321: 59, 67: 9, 303: 43, 68: 10, 304: 44, 323: 60, 69: 11, 305: 45, 104: 29, 148: 30, 149: 31, 150: 32, 151: 33, 152: 34, 153: 35, 75: 16, 202: 41, 447: 83, 66: 8, 320: 58, 306: 46, 59: 2, 313: 52}

---------------------
Final Problem: 
---------------------
Find a point satisfying:

1*{  2  8} + 1*{  1  7} + 1*{  3  9} + 1*{ 45 51} + 0.142857*{} + 1*{ 42 48} + 1*{ 43 49} + 1*{  0  6} + 1*{ 44 50} + 1*{ 46 52} + 1*{  4 10} + 1*{  5 11} + 1*{ 47 53} = 0 

1*{  2 50} + -1*{  6 42} + -1*{ 10 46} + -1*{  7 43} + 1*{  1 49} + -1*{ 11 47} + -1*{  8 44} + 1*{  3 51} + -1*{  9 45} + 1*{  0 48} + 1*{  5 53} + 1*{  4 52} = 0 

1*{  3 15} + 1*{ 43 55} + 1*{ 44 56} + 1*{  1 13} + 1*{  0 12} + 1*{  2 14} + 1*{  4 16} + 1*{ 46 58} + 1*{ 42 54} + 1*{ 47 59} + 1*{ 45 57} + 1*{  5 17} + 0.142857*{} = 0 

1*{  1 55} + -1*{ 13 43} + -1*{ 17 47} + -1*{ 12 42} + 1*{  3 57} + 1*{  4 58} + 1*{  2 56} + -1*{ 15 45} + -1*{ 16 46} + 1*{  0 54} + 1*{  5 59} + -1*{ 14 44} = 0 

1*{  3 21} + 1*{  0 18} + 1*{ 43 61} + 0.142857*{} + 1*{  5 23} + 1*{  4 22} + 1*{ 47 65} + 1*{  2 20} + 1*{ 42 60} + 1*{ 46 64} + 1*{ 44 62} + 1*{  1 19} + 1*{ 45 63} = 0 

-1*{ 23 47} + -1*{ 21 45} + -1*{ 20 44} + -1*{ 18 42} + 1*{  4 64} + 1*{  1 61} + 1*{  3 63} + 1*{  5 65} + -1*{ 19 43} + -1*{ 22 46} + 1*{  0 60} + 1*{  2 62} = 0 

-0.142857*{} + 1*{ 85 85} + 1*{ 84 84} = 0 

1*{ 44 68} + 1*{ 43 67} + 1*{  4 28} + 1*{ 45 69} + 1*{ 46 70} + 1*{  0 24} + 1*{ 47 71} + 1*{ 42 66} + 1*{  2 26} + 1*{  3 27} + 1*{  1 25} + -1*{ 84} + 0.142857*{} + 1*{  5 29} = 0 

-1*{ 26 44} + 1*{  1 67} + 1*{  4 70} + 1*{  2 68} + -1*{ 28 46} + 1*{  3 69} + -1*{ 27 45} + 1*{  0 66} + -1*{ 25 43} + -1*{ 24 42} + 1*{  5 71} + -1*{ 85} + -1*{ 29 47} = 0 

-0.142857*{} + 1*{ 87 87} + 1*{ 86 86} = 0 

1*{ 45 75} + 1*{ 44 74} + 1*{ 47 77} + 0.142857*{} + -1*{ 86} + 1*{ 42 72} + 1*{  3 33} + 1*{ 43 73} + 1*{  4 34} + 1*{ 46 76} + 1*{  1 31} + 1*{  0 30} + 1*{  2 32} + 1*{  5 35} = 0 

1*{  1 73} + -1*{ 30 42} + -1*{ 31 43} + 1*{  2 74} + 1*{  4 76} + 1*{  5 77} + -1*{ 87} + -1*{ 32 44} + -1*{ 34 46} + 1*{  0 72} + -1*{ 33 45} + -1*{ 35 47} + 1*{  3 75} = 0 

-0.142857*{} + 1*{ 89 89} + 1*{ 88 88} = 0 

1*{ 42 78} + -1*{ 88} + 1*{  4 40} + 1*{ 45 81} + 1*{  1 37} + 1*{  2 38} + 1*{ 47 83} + 1*{ 44 80} + 0.142857*{} + 1*{  0 36} + 1*{  5 41} + 1*{ 46 82} + 1*{  3 39} + 1*{ 43 79} = 0 

-1*{ 89} + -1*{ 37 43} + -1*{ 41 47} + -1*{ 36 42} + 1*{  1 79} + 1*{  0 78} + -1*{ 39 45} + 1*{  4 82} + 1*{  3 81} + -1*{ 38 44} + -1*{ 40 46} + 1*{  2 80} + 1*{  5 83} = 0 

-0.142857*{} + 1*{ 42 42} + 1*{  0  0} = 0 

-0.142857*{} + 1*{  1  1} + 1*{ 43 43} = 0 

-0.142857*{} + 1*{ 44 44} + 1*{  2  2} = 0 

-0.142857*{} + 1*{ 45 45} + 1*{  3  3} = 0 

-0.142857*{} + 1*{ 46 46} + 1*{  4  4} = 0 

-0.142857*{} + 1*{ 47 47} + 1*{  5  5} = 0 

0.285714*{ 44 45} + 0.285714*{  1  4} + 0.285714*{  3  4} + 0.285714*{  3  5} + 0.285714*{ 42 44} + 0.285714*{ 45 46} + 0.285714*{ 43 45} + 0.10799*{  4} + 0.285714*{ 44 46} + 0.285714*{  0  5} + 0.285714*{ 42 45} + 0.285714*{  0  2} + 0.285714*{ 43 47} + 0.285714*{ 42 47} + 0.10799*{  0} + 0.285714*{  4  5} + 0.285714*{  1  5} + 0.10799*{  1} + 0.285714*{  2  3} + 0.285714*{  1  2} + 0.10799*{  2} + 0.285714*{  1  3} + 0.285714*{ 43 46} + 0.285714*{  0  1} + 0.285714*{  2  4} + 0.285714*{ 42 46} + 0.285714*{ 43 44} + 0.10799*{  5} + 0.285714*{ 46 47} + 0.285714*{ 44 47} + 0.285714*{  0  4} + 0.285714*{  0  3} + 0.285714*{  2  5} + 0.285714*{ 42 43} + 0.285714*{ 45 47} + 0.10799*{  3} = 0 

1*{  9 15} + 1*{ 49 55} + 1*{ 10 16} + 0.142857*{} + 1*{  7 13} + 1*{ 48 54} + 1*{ 50 56} + 1*{ 52 58} + 1*{  6 12} + 1*{ 53 59} + 1*{ 51 57} + 1*{  8 14} + 1*{ 11 17} = 0 

1*{  8 56} + -1*{ 17 53} + -1*{ 12 48} + -1*{ 14 50} + 1*{  7 55} + -1*{ 15 51} + -1*{ 13 49} + 1*{  9 57} + 1*{ 10 58} + -1*{ 16 52} + 1*{  6 54} + 1*{ 11 59} = 0 

1*{ 50 62} + 1*{  8 20} + 1*{  7 19} + 1*{ 53 65} + 1*{ 52 64} + 1*{ 51 63} + 1*{  9 21} + 1*{  6 18} + 0.142857*{} + 1*{ 48 60} + 1*{ 49 61} + 1*{ 10 22} + 1*{ 11 23} = 0 

-1*{ 19 49} + 1*{  8 62} + -1*{ 20 50} + 1*{  6 60} + 1*{  9 63} + -1*{ 21 51} + -1*{ 18 48} + 1*{  7 61} + 1*{ 10 64} + -1*{ 22 52} + 1*{ 11 65} + -1*{ 23 53} = 0 

-0.142857*{} + 1*{ 91 91} + 1*{ 90 90} = 0 

1*{ 51 69} + 1*{ 49 67} + 1*{ 53 71} + 1*{  6 24} + -1*{ 90} + 1*{  7 25} + 1*{  8 26} + 1*{ 48 66} + 1*{ 11 29} + 1*{  9 27} + 0.142857*{} + 1*{ 52 70} + 1*{ 50 68} + 1*{ 10 28} = 0 

1*{  8 68} + -1*{ 26 50} + 1*{  7 67} + -1*{ 91} + -1*{ 27 51} + 1*{ 10 70} + -1*{ 24 48} + -1*{ 29 53} + -1*{ 25 49} + 1*{  6 66} + -1*{ 28 52} + 1*{ 11 71} + 1*{  9 69} = 0 

-0.142857*{} + 1*{ 93 93} + 1*{ 92 92} = 0 

1*{ 51 75} + 1*{ 11 35} + 1*{  8 32} + 1*{ 50 74} + 1*{ 49 73} + 1*{ 52 76} + 1*{  7 31} + 1*{ 10 34} + 0.142857*{} + 1*{  6 30} + 1*{ 53 77} + 1*{  9 33} + 1*{ 48 72} + -1*{ 92} = 0 

-1*{ 32 50} + 1*{ 11 77} + 1*{ 10 76} + 1*{  6 72} + 1*{  8 74} + -1*{ 30 48} + -1*{ 33 51} + -1*{ 34 52} + 1*{  9 75} + -1*{ 31 49} + -1*{ 35 53} + 1*{  7 73} + -1*{ 93} = 0 

-0.142857*{} + 1*{ 95 95} + 1*{ 94 94} = 0 

0.142857*{} + 1*{ 10 40} + 1*{  8 38} + 1*{ 11 41} + 1*{ 52 82} + 1*{  9 39} + 1*{ 50 80} + -1*{ 94} + 1*{  7 37} + 1*{ 53 83} + 1*{ 49 79} + 1*{ 51 81} + 1*{  6 36} + 1*{ 48 78} = 0 

1*{  8 80} + -1*{ 36 48} + -1*{ 38 50} + -1*{ 37 49} + -1*{ 41 53} + 1*{  9 81} + 1*{ 11 83} + 1*{ 10 82} + -1*{ 40 52} + -1*{ 95} + 1*{  6 78} + 1*{  7 79} + -1*{ 39 51} = 0 

-0.142857*{} + 1*{ 48 48} + 1*{  6  6} = 0 

-0.142857*{} + 1*{  7  7} + 1*{ 49 49} = 0 

-0.142857*{} + 1*{ 50 50} + 1*{  8  8} = 0 

-0.142857*{} + 1*{ 51 51} + 1*{  9  9} = 0 

-0.142857*{} + 1*{ 52 52} + 1*{ 10 10} = 0 

-0.142857*{} + 1*{ 53 53} + 1*{ 11 11} = 0 

0.285714*{ 48 49} + 0.285714*{ 10 11} + 0.285714*{ 48 53} + 0.285714*{ 49 52} + 0.10799*{  9} + 0.285714*{ 51 53} + 0.285714*{ 50 53} + 0.285714*{  8 10} + 0.285714*{  9 10} + 0.285714*{  7 11} + 0.285714*{  7 10} + 0.285714*{ 50 51} + 0.285714*{ 50 52} + 0.285714*{  6 10} + 0.10799*{  7} + 0.10799*{  6} + 0.285714*{ 49 51} + 0.285714*{  8 11} + 0.285714*{  9 11} + 0.285714*{  6  9} + 0.285714*{  7  9} + 0.285714*{ 49 53} + 0.285714*{  7  8} + 0.10799*{  8} + 0.285714*{  8  9} + 0.285714*{  6  8} + 0.285714*{ 49 50} + 0.10799*{ 10} + 0.285714*{ 48 51} + 0.10799*{ 11} + 0.285714*{ 52 53} + 0.285714*{ 48 52} + 0.285714*{ 51 52} + 0.285714*{ 48 50} + 0.285714*{  6 11} + 0.285714*{  6  7} = 0 

0.142857*{} + 1*{ 12 18} + 1*{ 14 20} + 1*{ 56 62} + 1*{ 13 19} + 1*{ 17 23} + 1*{ 57 63} + 1*{ 55 61} + 1*{ 59 65} + 1*{ 15 21} + 1*{ 54 60} + 1*{ 16 22} + 1*{ 58 64} = 0 

1*{ 13 61} + -1*{ 23 59} + -1*{ 22 58} + 1*{ 15 63} + 1*{ 12 60} + 1*{ 17 65} + -1*{ 21 57} + 1*{ 14 62} + -1*{ 20 56} + -1*{ 19 55} + -1*{ 18 54} + 1*{ 16 64} = 0 

-0.142857*{} + 1*{ 97 97} + 1*{ 96 96} = 0 

0.142857*{} + 1*{ 12 24} + -1*{ 96} + 1*{ 15 27} + 1*{ 13 25} + 1*{ 17 29} + 1*{ 54 66} + 1*{ 16 28} + 1*{ 59 71} + 1*{ 55 67} + 1*{ 56 68} + 1*{ 57 69} + 1*{ 58 70} + 1*{ 14 26} = 0 

-1*{ 25 55} + 1*{ 13 67} + 1*{ 17 71} + 1*{ 15 69} + 1*{ 12 66} + 1*{ 16 70} + 1*{ 14 68} + -1*{ 24 54} + -1*{ 27 57} + -1*{ 28 58} + -1*{ 97} + -1*{ 26 56} + -1*{ 29 59} = 0 

-0.142857*{} + 1*{ 99 99} + 1*{ 98 98} = 0 

1*{ 54 72} + 0.142857*{} + 1*{ 55 73} + 1*{ 14 32} + 1*{ 17 35} + 1*{ 58 76} + 1*{ 15 33} + 1*{ 13 31} + 1*{ 16 34} + 1*{ 59 77} + -1*{ 98} + 1*{ 56 74} + 1*{ 12 30} + 1*{ 57 75} = 0 

-1*{ 33 57} + -1*{ 31 55} + 1*{ 13 73} + 1*{ 12 72} + 1*{ 14 74} + -1*{ 35 59} + -1*{ 99} + 1*{ 15 75} + 1*{ 17 77} + 1*{ 16 76} + -1*{ 32 56} + -1*{ 30 54} + -1*{ 34 58} = 0 

-0.142857*{} + 1*{101101} + 1*{100100} = 0 

0.142857*{} + 1*{ 16 40} + 1*{ 56 80} + 1*{ 17 41} + 1*{ 15 39} + 1*{ 13 37} + 1*{ 54 78} + 1*{ 59 83} + 1*{ 12 36} + -1*{100} + 1*{ 58 82} + 1*{ 14 38} + 1*{ 57 81} + 1*{ 55 79} = 0 

-1*{ 37 55} + -1*{ 40 58} + 1*{ 14 80} + -1*{101} + -1*{ 36 54} + 1*{ 17 83} + 1*{ 16 82} + 1*{ 12 78} + 1*{ 15 81} + 1*{ 13 79} + -1*{ 39 57} + -1*{ 41 59} + -1*{ 38 56} = 0 

-0.142857*{} + 1*{ 54 54} + 1*{ 12 12} = 0 

-0.142857*{} + 1*{ 55 55} + 1*{ 13 13} = 0 

-0.142857*{} + 1*{ 56 56} + 1*{ 14 14} = 0 

-0.142857*{} + 1*{ 57 57} + 1*{ 15 15} = 0 

-0.142857*{} + 1*{ 58 58} + 1*{ 16 16} = 0 

-0.142857*{} + 1*{ 59 59} + 1*{ 17 17} = 0 

0.285714*{ 14 15} + 0.285714*{ 12 14} + 0.285714*{ 55 57} + 0.285714*{ 54 57} + 0.285714*{ 14 16} + 0.285714*{ 58 59} + 0.285714*{ 12 16} + 0.285714*{ 56 58} + 0.285714*{ 56 57} + 0.285714*{ 56 59} + 0.285714*{ 55 59} + 0.285714*{ 13 16} + 0.10799*{ 13} + 0.285714*{ 12 15} + 0.285714*{ 54 56} + 0.285714*{ 57 58} + 0.285714*{ 14 17} + 0.10799*{ 15} + 0.285714*{ 13 15} + 0.10799*{ 12} + 0.285714*{ 57 59} + 0.285714*{ 54 55} + 0.10799*{ 14} + 0.285714*{ 54 58} + 0.285714*{ 15 17} + 0.285714*{ 55 56} + 0.285714*{ 54 59} + 0.285714*{ 13 14} + 0.285714*{ 16 17} + 0.285714*{ 55 58} + 0.285714*{ 12 13} + 0.285714*{ 13 17} + 0.10799*{ 17} + 0.285714*{ 12 17} + 0.10799*{ 16} + 0.285714*{ 15 16} = 0 

1*{103103} + -0.142857*{} + 1*{102102} = 0 

1*{ 65 71} + 1*{ 23 29} + 1*{ 20 26} + 1*{ 21 27} + 1*{ 64 70} + 1*{ 22 28} + 1*{ 62 68} + 1*{ 19 25} + -1*{102} + 1*{ 60 66} + 1*{ 61 67} + 1*{ 63 69} + 0.142857*{} + 1*{ 18 24} = 0 

1*{ 19 67} + 1*{ 20 68} + -1*{ 29 65} + -1*{ 26 62} + -1*{ 24 60} + 1*{ 21 69} + 1*{ 22 70} + -1*{103} + 1*{ 18 66} + -1*{ 27 63} + 1*{ 23 71} + -1*{ 25 61} + -1*{ 28 64} = 0 

-0.142857*{} + 1*{105105} + 1*{104104} = 0 

1*{ 62 74} + 1*{ 60 72} + 1*{ 65 77} + 0.142857*{} + -1*{104} + 1*{ 22 34} + 1*{ 21 33} + 1*{ 23 35} + 1*{ 64 76} + 1*{ 20 32} + 1*{ 19 31} + 1*{ 61 73} + 1*{ 18 30} + 1*{ 63 75} = 0 

-1*{105} + -1*{ 34 64} + 1*{ 19 73} + -1*{ 35 65} + 1*{ 18 72} + -1*{ 33 63} + 1*{ 20 74} + 1*{ 22 76} + -1*{ 31 61} + 1*{ 23 77} + -1*{ 30 60} + 1*{ 21 75} + -1*{ 32 62} = 0 

-0.142857*{} + 1*{106106} + 1*{107107} = 0 

1*{ 62 80} + 1*{ 21 39} + 1*{ 22 40} + -1*{106} + 1*{ 18 36} + 1*{ 23 41} + 1*{ 19 37} + 1*{ 63 81} + 0.142857*{} + 1*{ 65 83} + 1*{ 64 82} + 1*{ 60 78} + 1*{ 61 79} + 1*{ 20 38} = 0 

-1*{ 38 62} + -1*{ 41 65} + -1*{ 39 63} + 1*{ 22 82} + -1*{ 36 60} + 1*{ 18 78} + -1*{ 37 61} + 1*{ 19 79} + -1*{ 40 64} + 1*{ 20 80} + 1*{ 23 83} + 1*{ 21 81} + -1*{107} = 0 

-0.142857*{} + 1*{ 60 60} + 1*{ 18 18} = 0 

-0.142857*{} + 1*{ 61 61} + 1*{ 19 19} = 0 

-0.142857*{} + 1*{ 62 62} + 1*{ 20 20} = 0 

-0.142857*{} + 1*{ 63 63} + 1*{ 21 21} = 0 

-0.142857*{} + 1*{ 64 64} + 1*{ 22 22} = 0 

1*{ 65 65} + -0.142857*{} + 1*{ 23 23} = 0 

0.285714*{ 60 64} + 0.285714*{ 62 64} + 0.285714*{ 61 62} + 0.285714*{ 20 21} + 0.285714*{ 60 62} + 0.285714*{ 18 20} + 0.10799*{ 20} + 0.285714*{ 62 65} + 0.285714*{ 60 65} + 0.285714*{ 63 64} + 0.10799*{ 19} + 0.285714*{ 62 63} + 0.285714*{ 18 21} + 0.10799*{ 21} + 0.285714*{ 21 23} + 0.10799*{ 22} + 0.285714*{ 60 61} + 0.10799*{ 18} + 0.285714*{ 19 20} + 0.285714*{ 18 22} + 0.285714*{ 20 22} + 0.285714*{ 22 23} + 0.285714*{ 18 23} + 0.285714*{ 19 22} + 0.285714*{ 20 23} + 0.285714*{ 19 23} + 0.285714*{ 19 21} + 0.285714*{ 61 65} + 0.10799*{ 23} + 0.285714*{ 21 22} + 0.285714*{ 61 63} + 0.285714*{ 61 64} + 0.285714*{ 18 19} + 0.285714*{ 64 65} + 0.285714*{ 63 65} + 0.285714*{ 60 63} = 0 

-0.142857*{} + 1*{109109} + 1*{108108} = 0 

1*{ 24 30} + 1*{ 26 32} + 1*{ 71 77} + -1*{108} + 0.142857*{} + 1*{ 25 31} + 1*{ 29 35} + 1*{ 70 76} + 1*{ 67 73} + 1*{ 69 75} + 1*{ 27 33} + 1*{ 28 34} + 1*{ 66 72} + 1*{ 68 74} = 0 

1*{ 26 74} + 1*{ 24 72} + -1*{ 30 66} + 1*{ 28 76} + -1*{ 32 68} + -1*{ 34 70} + 1*{ 27 75} + -1*{ 31 67} + -1*{109} + -1*{ 33 69} + 1*{ 25 73} + -1*{ 35 71} + 1*{ 29 77} = 0 

-0.142857*{} + 1*{111111} + 1*{110110} = 0 

1*{ 69 81} + 1*{ 26 38} + 1*{ 68 80} + -1*{110} + 0.142857*{} + 1*{ 71 83} + 1*{ 66 78} + 1*{ 27 39} + 1*{ 28 40} + 1*{ 67 79} + 1*{ 24 36} + 1*{ 70 82} + 1*{ 29 41} + 1*{ 25 37} = 0 

1*{ 29 83} + 1*{ 25 79} + 1*{ 28 82} + -1*{ 36 66} + -1*{ 38 68} + -1*{ 37 67} + -1*{ 41 71} + -1*{ 40 70} + -1*{111} + 1*{ 27 81} + 1*{ 26 80} + 1*{ 24 78} + -1*{ 39 69} = 0 

-0.142857*{} + 1*{ 66 66} + 1*{ 24 24} = 0 

-0.142857*{} + 1*{ 67 67} + 1*{ 25 25} = 0 

-0.142857*{} + 1*{ 68 68} + 1*{ 26 26} = 0 

-0.142857*{} + 1*{ 69 69} + 1*{ 27 27} = 0 

-0.142857*{} + 1*{ 70 70} + 1*{ 28 28} = 0 

-0.142857*{} + 1*{ 71 71} + 1*{ 29 29} = 0 

0.285714*{ 68 71} + 0.285714*{ 66 70} + 0.10799*{ 25} + 0.285714*{ 26 29} + 0.285714*{ 70 71} + 0.285714*{ 67 70} + 0.285714*{ 24 29} + 0.285714*{ 66 71} + 0.10799*{ 26} + 0.285714*{ 69 70} + 0.285714*{ 66 67} + 0.285714*{ 67 71} + 0.285714*{ 66 68} + 0.10799*{ 27} + 0.285714*{ 24 27} + 0.285714*{ 26 27} + 0.285714*{ 27 28} + 0.285714*{ 67 68} + 0.285714*{ 28 29} + 0.285714*{ 24 25} + 0.285714*{ 27 29} + 0.285714*{ 24 28} + 0.285714*{ 25 27} + 0.285714*{ 67 69} + 0.285714*{ 25 26} + 0.285714*{ 68 69} + 0.285714*{ 25 28} + 0.285714*{ 25 29} + 0.285714*{ 26 28} + 0.10799*{ 29} + 0.285714*{ 66 69} + 0.285714*{ 24 26} + 0.10799*{ 28} + 0.10799*{ 24} + 0.285714*{ 68 70} + 0.285714*{ 69 71} = 0 

-0.142857*{} + 1*{113113} + 1*{112112} = 0 

1*{ 30 36} + 1*{ 74 80} + 1*{ 73 79} + 0.142857*{} + 1*{ 77 83} + 1*{ 32 38} + 1*{ 76 82} + 1*{ 35 41} + 1*{ 34 40} + 1*{ 75 81} + -1*{112} + 1*{ 72 78} + 1*{ 31 37} + 1*{ 33 39} = 0 

1*{ 32 80} + 1*{ 35 83} + -1*{ 37 73} + -1*{ 38 74} + -1*{ 41 77} + 1*{ 34 82} + -1*{ 36 72} + 1*{ 31 79} + -1*{ 39 75} + -1*{113} + 1*{ 30 78} + 1*{ 33 81} + -1*{ 40 76} = 0 

-0.142857*{} + 1*{ 72 72} + 1*{ 30 30} = 0 

-0.142857*{} + 1*{ 73 73} + 1*{ 31 31} = 0 

-0.142857*{} + 1*{ 74 74} + 1*{ 32 32} = 0 

-0.142857*{} + 1*{ 33 33} + 1*{ 75 75} = 0 

-0.142857*{} + 1*{ 76 76} + 1*{ 34 34} = 0 

-0.142857*{} + 1*{ 77 77} + 1*{ 35 35} = 0 

0.285714*{ 30 31} + 0.285714*{ 74 77} + 0.285714*{ 32 34} + 0.285714*{ 72 77} + 0.285714*{ 31 32} + 0.285714*{ 73 77} + 0.285714*{ 32 33} + 0.285714*{ 73 74} + 0.10799*{ 35} + 0.285714*{ 74 76} + 0.285714*{ 72 76} + 0.285714*{ 33 35} + 0.285714*{ 32 35} + 0.285714*{ 33 34} + 0.285714*{ 72 73} + 0.285714*{ 76 77} + 0.10799*{ 30} + 0.285714*{ 31 34} + 0.10799*{ 33} + 0.285714*{ 73 75} + 0.285714*{ 31 33} + 0.10799*{ 31} + 0.285714*{ 30 35} + 0.285714*{ 30 33} + 0.285714*{ 30 32} + 0.285714*{ 75 76} + 0.285714*{ 74 75} + 0.285714*{ 31 35} + 0.10799*{ 34} + 0.285714*{ 72 74} + 0.285714*{ 34 35} + 0.285714*{ 75 77} + 0.10799*{ 32} + 0.285714*{ 72 75} + 0.285714*{ 30 34} + 0.285714*{ 73 76} = 0 

-0.142857*{} + 1*{ 78 78} + 1*{ 36 36} = 0 

-0.142857*{} + 1*{ 79 79} + 1*{ 37 37} = 0 

-0.142857*{} + 1*{ 38 38} + 1*{ 80 80} = 0 

-0.142857*{} + 1*{ 81 81} + 1*{ 39 39} = 0 

-0.142857*{} + 1*{ 82 82} + 1*{ 40 40} = 0 

-0.142857*{} + 1*{ 83 83} + 1*{ 41 41} = 0 

0.285714*{ 38 39} + 0.285714*{ 36 38} + 0.285714*{ 78 83} + 0.285714*{ 78 79} + 0.285714*{ 37 38} + 0.10799*{ 38} + 0.285714*{ 36 37} + 0.285714*{ 80 82} + 0.285714*{ 36 41} + 0.285714*{ 37 39} + 0.285714*{ 80 81} + 0.285714*{ 79 81} + 0.285714*{ 36 39} + 0.285714*{ 78 80} + 0.285714*{ 79 82} + 0.285714*{ 80 83} + 0.285714*{ 36 40} + 0.285714*{ 39 41} + 0.285714*{ 37 41} + 0.285714*{ 81 83} + 0.285714*{ 37 40} + 0.10799*{ 40} + 0.285714*{ 38 41} + 0.285714*{ 78 81} + 0.285714*{ 78 82} + 0.10799*{ 37} + 0.285714*{ 79 80} + 0.285714*{ 82 83} + 0.10799*{ 41} + 0.285714*{ 81 82} + 0.285714*{ 39 40} + 0.285714*{ 40 41} + 0.10799*{ 39} + 0.10799*{ 36} + 0.285714*{ 79 83} + 0.285714*{ 38 40} = 0 

8*{  3} + -32*{  8} + -512*{ 48} + 512*{ 42} + -2048*{  6} + 1*{  5} + 64*{ 43} + 4*{ 47} + 1024*{ 44} + -1024*{ 50} + 2048*{  0} + -1*{ 11} + 256*{  1} + -256*{  7} + 32*{  2} + 2*{  4} + -16*{ 52} + 128*{ 45} + 16*{ 46} + -2*{ 10} + -8*{  9} + -64*{ 49} + -128*{ 51} + -4*{ 53} > 0 

-4*{ 59} + -1*{ 17} + 1*{ 11} + 256*{  7} + 2048*{  6} + 1024*{ 50} + 64*{ 49} + 8*{  9} + 2*{ 10} + -8*{ 15} + -2048*{ 12} + -32*{ 14} + 32*{  8} + 512*{ 48} + -2*{ 16} + -128*{ 57} + 16*{ 52} + -1024*{ 56} + -16*{ 58} + -512*{ 54} + -256*{ 13} + 4*{ 53} + 128*{ 51} + -64*{ 55} > 0 

-512*{ 60} + -32*{ 20} + -2048*{ 18} + 64*{ 55} + -128*{ 63} + -2*{ 22} + -8*{ 21} + -64*{ 61} + 256*{ 13} + 512*{ 54} + 4*{ 59} + 16*{ 58} + 1024*{ 56} + 1*{ 17} + -1*{ 23} + -16*{ 64} + 32*{ 14} + -4*{ 65} + 128*{ 57} + 2*{ 16} + -1024*{ 62} + 2048*{ 12} + 8*{ 15} + -256*{ 19} > 0 

-16*{ 70} + 4*{ 47} + 8*{  3} + -256*{ 25} + 2048*{  0} + 512*{ 42} + 1*{  5} + 64*{ 43} + -32*{ 26} + 2*{  4} + -1024*{ 68} + -4*{ 71} + -64*{ 67} + -8*{ 27} + -2*{ 28} + 128*{ 45} + -128*{ 69} + 16*{ 46} + -2048*{ 24} + 32*{  2} + 256*{  1} + 1024*{ 44} + -1*{ 29} + -512*{ 66} > 0 

32*{ 26} + -2048*{ 30} + -128*{ 75} + 256*{ 25} + -1*{ 35} + 512*{ 66} + 1*{ 29} + -16*{ 76} + 2*{ 28} + 8*{ 27} + -32*{ 32} + 16*{ 70} + -64*{ 73} + -4*{ 77} + -1024*{ 74} + 128*{ 69} + -512*{ 72} + 2048*{ 24} + -8*{ 33} + 4*{ 71} + 64*{ 67} + -2*{ 34} + 1024*{ 68} + -256*{ 31} > 0 

-1*{ 41} + 2*{ 34} + 128*{ 75} + -4*{ 83} + 1*{ 35} + -512*{ 78} + 32*{ 32} + 16*{ 76} + -8*{ 39} + 256*{ 31} + -2*{ 40} + -2048*{ 36} + 512*{ 72} + -64*{ 79} + -256*{ 37} + 8*{ 33} + 64*{ 73} + 4*{ 77} + -32*{ 38} + -16*{ 82} + 1024*{ 74} + 2048*{ 30} + -128*{ 81} + -1024*{ 80} > 0 

2*{  0} + 1024*{ 60} + 1*{ 78} + 128*{ 66} + -128*{ 67} + 4096*{ 24} + 64*{ 12} + -32*{ 49} + -512*{ 19} + -4096*{ 25} + 512*{ 18} + -2048*{ 43} + -8*{ 73} + 2048*{ 42} + 16*{  6} + -1024*{ 61} + -1*{ 79} + -8192*{ 37} + -16*{  7} + -2*{  1} + -256*{ 55} + -4*{ 31} + -64*{ 13} + 256*{ 54} + 8*{ 72} + 8192*{ 36} + 32*{ 48} + 4*{ 30} > 0 

-1*{ 80} + -1024*{ 62} + -4096*{ 26} + -64*{ 14} + -32*{ 50} + -2048*{ 44} + 256*{ 55} + -16*{  8} + 128*{ 67} + 1*{ 79} + 1024*{ 61} + 8192*{ 37} + -2*{  2} + -512*{ 20} + 2*{  1} + 16*{  7} + 64*{ 13} + -256*{ 56} + -8192*{ 38} + 4096*{ 25} + 2048*{ 43} + 8*{ 73} + -4*{ 32} + 4*{ 31} + -128*{ 68} + -8*{ 74} + 512*{ 19} + 32*{ 49} > 0 

16*{  8} + 64*{ 14} + 2*{  2} + 512*{ 20} + 32*{ 50} + -1024*{ 63} + 4*{ 32} + -128*{ 69} + -2048*{ 45} + -4096*{ 27} + 256*{ 56} + -8*{ 75} + -32*{ 51} + 4096*{ 26} + 1024*{ 62} + -16*{  9} + -64*{ 15} + 8*{ 74} + 8192*{ 38} + 1*{ 80} + -1*{ 81} + -256*{ 57} + 128*{ 68} + -512*{ 21} + 2048*{ 44} + -4*{ 33} + -2*{  3} + -8192*{ 39} > 0 

8*{ 75} + 2*{  3} + 1024*{ 63} + -1024*{ 64} + -8192*{ 40} + 4*{ 33} + 128*{ 69} + -2048*{ 46} + 2048*{ 45} + -32*{ 52} + -4*{ 34} + -8*{ 76} + -2*{  4} + 512*{ 21} + -64*{ 16} + 1*{ 81} + 256*{ 57} + -256*{ 58} + 8192*{ 39} + -512*{ 22} + -1*{ 82} + 16*{  9} + 64*{ 15} + -16*{ 10} + -128*{ 70} + 32*{ 51} + 4096*{ 27} + -4096*{ 28} > 0 

-256*{ 59} + -4096*{ 29} + -16*{ 11} + 8*{ 76} + 8192*{ 40} + -1024*{ 65} + 2048*{ 46} + -2048*{ 47} + 64*{ 16} + -2*{  5} + -8*{ 77} + 128*{ 70} + -32*{ 53} + -1*{ 83} + 32*{ 52} + 4*{ 34} + -4*{ 35} + 1*{ 82} + 16*{ 10} + -64*{ 17} + -8192*{ 41} + 512*{ 22} + 1024*{ 64} + -512*{ 23} + -128*{ 71} + 2*{  4} + 256*{ 58} + 4096*{ 28} > 0 

1*{ 83} > 0 

{7, 5, 1, 1, 1, 1, 1, 1, 1} vars: 114, vectors: 15
1 5.560193e+00 5.560193e+00 -3.287265e-01 4.764280e-15
2 1.099333e+02 5.560193e+00 -2.442371e-01 3.100078e-14
3 2.580057e+02 5.560193e+00 -1.806138e-01 1.250884e-13
4 5.474545e+02 5.560193e+00 -1.383303e-01 8.289829e-14
5 1.975402e+02 5.560193e+00 -1.060228e-01 4.346158e-14
6 7.085975e+01 5.560193e+00 -8.113726e-02 4.042993e-14
7 2.548072e+01 5.560193e+00 -6.288403e-02 7.959519e-15
8 1.611303e+01 5.560193e+00 -4.788302e-02 3.815435e-15
9 3.933842e+01 5.560193e+00 -3.519900e-02 4.356400e-15
10 1.559666e+01 5.560193e+00 -2.626630e-02 7.988410e-15
11 5.720685e+00 5.560193e+00 -1.922126e-02 1.314253e-15
12 2.242590e+00 2.242590e+00 -1.493373e-02 1.328974e-16
13 1.081226e+00 1.081226e+00 -1.104926e-02 4.505238e-16
14 6.809348e-01 6.809348e-01 -7.806529e-03 1.338114e-16
15 2.938096e-01 2.938096e-01 -5.786790e-03 2.370884e-16
16 1.082281e-01 1.082281e-01 -4.627809e-03 3.816960e-18
17 4.097513e-02 4.097513e-02 -5.252039e-03 2.284310e-17
18 1.720853e+00 4.097513e-02 -3.180830e-03 7.738991e-16
19 4.261253e+01 4.097513e-02 -2.233516e-03 7.134679e-15
20 4.678192e+01 4.097513e-02 -1.652307e-03 2.306973e-15
21 1.140954e+03 4.097513e-02 -1.238886e-03 1.549540e-15
22 4.221805e+02 4.097513e-02 -9.467796e-04 1.136876e-13
23 4.525537e+02 4.097513e-02 -7.219587e-04 5.684380e-14
24 1.621232e+02 4.097513e-02 -5.441689e-04 8.526526e-14
25 5.883025e+01 4.097513e-02 -4.879962e-04 4.973821e-14
26 2.554066e+05 4.097513e-02 -3.759664e-04 8.731149e-11
27 3.337116e+05 4.097513e-02 -2.910761e-04 3.450969e-14
28 1.205253e+05 4.097513e-02 -2.253048e-04 1.455192e-11
29 4.363328e+04 4.097513e-02 -1.753278e-04 7.275958e-12
30 1.289238e+05 4.097513e-02 -1.348545e-04 5.643896e-15
31 5.854621e+04 4.097513e-02 -1.041123e-04 1.455192e-11
32 2.119147e+04 4.097513e-02 -8.049350e-05 3.637979e-12
33 7.636007e+03 4.097513e-02 -6.229096e-05 1.818989e-12
34 2.947804e+03 4.097513e-02 -4.803730e-05 4.547474e-13
35 1.060585e+03 4.097513e-02 -3.695799e-05 4.547474e-13
36 3.811566e+02 4.097513e-02 -2.760788e-05 1.136868e-13
37 1.466713e+04 4.097513e-02 -2.118195e-05 1.715362e-16
38 5.373818e+03 4.097513e-02 -1.623647e-05 4.547474e-12
39 2.012043e+03 4.097513e-02 -1.250791e-05 3.876764e-17
40 7.311576e+02 4.097513e-02 -9.599516e-06 1.136868e-13
41 2.624809e+02 4.097513e-02 -7.342649e-06 5.684342e-14
42 9.400542e+01 4.097513e-02 -5.575458e-06 5.684342e-14
43 3.353788e+01 4.097513e-02 -4.203471e-06 1.421085e-14
44 1.201302e+01 4.097513e-02 -3.209118e-06 3.552714e-15
45 4.416998e+00 4.097513e-02 -2.430393e-06 8.881784e-16
46 1.218571e+01 4.097513e-02 -1.853978e-06 2.284157e-19
47 1.944728e+01 4.097513e-02 -1.341685e-06 1.211947e-19
48 9.229191e+00 4.097513e-02 -9.845897e-07 1.103113e-19
49 5.028596e+00 4.097513e-02 -6.945983e-07 8.881784e-16
50 7.511093e+01 4.097513e-02 -5.169484e-07 2.948985e-20
51 6.079191e+01 4.097513e-02 -3.709793e-07 7.105427e-15
52 5.571256e+02 4.097513e-02 -2.896322e-07 1.136868e-13
53 3.869417e+03 4.097513e-02 -2.204142e-07 3.195094e-19
54 1.457773e+03 4.097513e-02 -1.698911e-07 4.547474e-13
55 5.355960e+02 4.097513e-02 -1.301413e-07 2.273737e-13
56 1.920714e+02 4.097513e-02 -9.934886e-08 5.457780e-20
57 6.929756e+01 4.097513e-02 -7.619337e-08 1.119157e-20
58 1.600494e+03 4.097513e-02 -5.798989e-08 2.273737e-13
59 5.878483e+02 4.097513e-02 -4.568677e-08 2.273737e-13
60 3.332962e+03 4.097513e-02 -3.506311e-08 4.547474e-13
61 1.244326e+03 4.097513e-02 -2.716624e-08 1.879840e-20
62 8.162816e+02 4.097513e-02 -2.084447e-08 1.136868e-13
63 2.993512e+02 4.097513e-02 -1.604051e-08 1.136868e-13
64 1.084304e+02 4.097513e-02 -1.215431e-08 2.842171e-14
65 5.086527e+01 4.097513e-02 -9.158060e-09 7.105427e-15
66 1.876175e+01 4.097513e-02 -6.843350e-09 7.105427e-15
67 6.637858e+00 4.097513e-02 -5.050590e-09 1.560048e-22
68 2.334700e+00 4.097513e-02 -3.701283e-09 8.881784e-16
69 8.210926e-01 4.097513e-02 -2.766454e-09 2.220446e-16
70 2.933784e-01 4.097513e-02 -2.357304e-09 5.551115e-17
71 1.569827e-01 4.097513e-02 -2.113525e-09 8.326673e-17
72 7.874314e-02 4.097513e-02 -2.674526e-09 1.387779e-17
73 5.964753e+00 4.097513e-02 -1.851070e-09 6.013660e-23
74 2.977350e+00 4.097513e-02 -1.311171e-09 8.881784e-16
75 1.229179e+00 4.097513e-02 -1.291352e-09 2.220446e-16
76 3.584433e+03 4.097513e-02 -9.773853e-10 2.273737e-12
77 1.576334e+03 4.097513e-02 -7.773529e-10 9.094947e-13
78 2.264286e+04 4.097513e-02 -6.020751e-10 1.369180e-20
79 8.166704e+03 4.097513e-02 -4.662843e-10 5.506707e-21
80 2.945218e+03 4.097513e-02 -3.607795e-10 4.547474e-13
81 1.116138e+03 4.097513e-02 -2.785132e-10 2.273737e-13
82 4.085864e+02 4.097513e-02 -2.145444e-10 2.852977e-22
83 9.866916e+02 4.097513e-02 -1.626416e-10 2.273737e-13
84 6.064329e+02 4.097513e-02 -1.244102e-10 2.273737e-13
85 2.189731e+02 4.097513e-02 -9.472625e-11 5.684342e-14
86 7.837404e+01 4.097513e-02 -7.146303e-11 8.512105e-24
87 2.850308e+01 4.097513e-02 -5.380546e-11 4.695956e-24
88 1.038848e+01 4.097513e-02 -4.022741e-11 7.105427e-15
89 3.862948e+00 4.097513e-02 -2.936897e-11 2.664535e-15
90 1.380623e+00 4.097513e-02 -2.158922e-11 2.220446e-16
91 4.902222e-01 4.097513e-02 -1.604622e-11 2.775558e-16
92 1.768677e-01 4.097513e-02 -1.365264e-11 4.254568e-26
93 2.167363e-01 4.097513e-02 -1.064541e-11 5.551115e-17
94 2.032366e-01 4.097513e-02 -9.727800e-12 2.775558e-17
95 2.420397e+00 4.097513e-02 -7.044812e-12 4.440892e-16
96 1.561728e+00 4.097513e-02 -4.946912e-12 8.881784e-16
97 9.819397e-01 4.097513e-02 -3.553833e-12 4.440892e-16
98 5.106640e-01 4.097513e-02 -2.978763e-12 1.110223e-16
99 7.057640e+00 4.097513e-02 -2.180197e-12 8.881784e-16
100 2.668851e+00 4.097513e-02 -1.534212e-12 6.997050e-26
101 1.610757e+01 4.097513e-02 -1.097575e-12 3.552714e-15
102 1.099402e+03 4.097513e-02 -8.286955e-13 6.545413e-25
103 5.554656e+02 4.097513e-02 -6.343122e-13 2.273737e-13
104 2.025107e+02 4.097513e-02 -4.735043e-13 1.651327e-25
105 1.109259e+02 4.097513e-02 -3.557503e-13 1.421085e-14
106 4.017314e+01 4.097513e-02 -2.635358e-13 1.421085e-14
107 1.430326e+01 4.097513e-02 -1.899502e-13 9.522469e-27
108 5.095743e+00 4.097513e-02 -1.355734e-13 3.093914e-27
109 4.490405e+01 4.097513e-02 -1.017222e-13 1.072624e-26
110 1.166862e+02 4.097513e-02 -7.952687e-14 1.421085e-14
111 3.285688e+03 4.097513e-02 -6.375480e-14 3.706201e-25
112 3.323420e+06 4.097513e-02 -4.941676e-14 4.656613e-10
113 1.913465e+06 4.097513e-02 -3.827910e-14 2.328306e-10
114 6.915918e+05 4.097513e-02 -2.963700e-14 2.328306e-10
115 2.494816e+05 4.097513e-02 -2.291344e-14 2.910383e-11
116 9.004880e+04 4.097513e-02 -1.768065e-14 4.737974e-25
117 3.247822e+04 4.097513e-02 -1.358254e-14 7.275958e-12
118 1.171968e+04 4.097513e-02 -1.033884e-14 3.637979e-12
119 4.798038e+03 4.097513e-02 -7.689923e-15 9.094947e-13
120 1.909780e+03 4.097513e-02 -5.295584e-15 1.136868e-12
121 1.645995e+03 4.097513e-02 -3.555720e-15 1.066349e-26
122 1.252559e+03 4.097513e-02 -1.461005e-15 9.094947e-13
123 1.761591e+05 4.097513e-02 -1.080183e-15 1.455192e-10
124 7.614625e+05 4.097513e-02 -8.205013e-16 3.492460e-10
125 4.859917e+06 4.097513e-02 -6.312024e-16 2.781852e-25
126 7.268965e+07 4.097513e-02 -4.878985e-16 8.908741e-24
127 2.625430e+07 4.097513e-02 -3.757386e-16 1.845659e-24
128 1.343795e+07 4.097513e-02 -2.856034e-16 1.862645e-09
129 7.194682e+06 4.097513e-02 -2.144838e-16 9.313226e-10
130 2.705252e+06 4.097513e-02 -1.534902e-16 4.656613e-10
131 1.550029e+06 4.097513e-02 -1.014013e-16 2.328306e-10
132 1.769497e+06 4.097513e-02 -5.224183e-17 2.328306e-10
133 5.012528e+06 4.097513e-02 -2.424552e-17 2.793968e-09
134 2.088132e+08 4.097513e-02 -1.747522e-17 5.960464e-08
135 7.726298e+07 4.097513e-02 -1.103355e-17 2.980232e-08
136 2.190341e+09 4.097513e-02 -8.256740e-18 4.768372e-07
137 1.186568e+09 4.097513e-02 -5.799879e-18 1.380571e-25
138 4.446498e+08 4.097513e-02 -4.094239e-18 5.960464e-08
139 2.693760e+11 4.097513e-02 2.075447e-08 6.103516e-05
140 1.011988e+11 4.097513e-02 5.517761e-08 1.588629e-13
141 3.749393e+10 4.097513e-02 1.159965e-07 2.288818e-05
142 1.399557e+10 4.097513e-02 2.305880e-07 3.814697e-06
143 5.227705e+09 4.097513e-02 1.780964e-07 1.907349e-06
144 3.520898e+12 4.097513e-02 1.411455e-07 4.882813e-04
145 1.270568e+12 4.097513e-02 1.146015e-07 2.441406e-04
146 4.587402e+11 4.097513e-02 9.756502e-08 6.103516e-05
147 1.658409e+11 4.097513e-02 9.042170e-08 3.051758e-05
148 6.013821e+10 4.097513e-02 9.559789e-08 7.629395e-06
149 2.196160e+10 4.097513e-02 1.197543e-07 7.382314e-13
150 8.140086e+09 4.097513e-02 9.280923e-08 4.215690e-14
151 2.936534e+09 4.097513e-02 7.192675e-08 4.768372e-07
152 1.059352e+09 4.097513e-02 5.574282e-08 1.192093e-07
153 3.821603e+08 4.097513e-02 4.320021e-08 2.084234e-15
154 1.378636e+08 4.097513e-02 3.347959e-08 2.980232e-08
155 4.973386e+07 4.097513e-02 2.594590e-08 1.490116e-08
156 1.794118e+07 4.097513e-02 2.011318e-08 5.539616e-17
157 8.215084e+06 4.097513e-02 1.554441e-08 9.313226e-10
158 3.151670e+09 4.097513e-02 1.204691e-08 1.102548e-14
159 1.136966e+09 4.097513e-02 9.336340e-09 3.675345e-15
160 4.101802e+08 4.097513e-02 7.235659e-09 5.960464e-08
161 1.479726e+08 4.097513e-02 5.607644e-09 4.823693e-16
162 5.338183e+07 4.097513e-02 4.345914e-09 1.279788e-16
163 1.925749e+07 4.097513e-02 3.368072e-09 3.725290e-09
164 6.947135e+06 4.097513e-02 2.610243e-09 2.648639e-17
165 2.506176e+06 4.097513e-02 2.022885e-09 4.656613e-10
166 9.869143e+05 4.097513e-02 1.567511e-09 5.043373e-19
167 3.564943e+05 4.097513e-02 1.214850e-09 5.820766e-11
168 1.286109e+05 4.097513e-02 9.415074e-10 9.925715e-20
169 4.645844e+04 4.097513e-02 7.290920e-10 7.275958e-12
170 1.760041e+04 4.097513e-02 5.646446e-10 3.637979e-12
171 6.347249e+03 4.097513e-02 4.373282e-10 9.094947e-13
172 2.289536e+03 4.097513e-02 3.382320e-10 8.136152e-22
173 1.362245e+03 4.097513e-02 2.602110e-10 2.273737e-13
174 4.906960e+02 4.097513e-02 1.997004e-10 5.684342e-14
175 1.765301e+02 4.097513e-02 1.523225e-10 2.842171e-14
176 1.117664e+03 4.097513e-02 1.160015e-10 1.380261e-22
177 6.254783e+02 4.097513e-02 8.792194e-11 1.136868e-13
178 3.931070e+02 4.097513e-02 6.722861e-11 1.136868e-13
179 1.410900e+02 4.097513e-02 5.124099e-11 2.842171e-14
180 5.042972e+01 4.097513e-02 3.875800e-11 7.105427e-15
181 1.794985e+01 4.097513e-02 2.899726e-11 2.175481e-23
182 6.353364e+00 4.097513e-02 2.141135e-11 1.734632e-24
183 2.237444e+00 4.097513e-02 1.566910e-11 4.440892e-16
184 7.836850e-01 4.097513e-02 1.134578e-11 2.220446e-16
185 2.751108e-01 4.097513e-02 8.356522e-12 5.488026e-26
186 9.703100e-02 4.097513e-02 6.350825e-12 5.551115e-17
187 4.480746e-02 4.097513e-02 -9.212898e-12 2.012279e-16
188 1.069005e+04 4.097513e-02 -6.735743e-12 1.818989e-12
189 2.341494e+07 4.097513e-02 -5.215887e-12 3.725290e-09
190 2.959085e+07 4.097513e-02 -4.042643e-12 1.967397e-20
191 1.081575e+07 4.097513e-02 -3.133009e-12 9.056666e-21
192 3.901647e+06 4.097513e-02 -2.427697e-12 2.725731e-21
193 1.407225e+06 4.097513e-02 -1.881140e-12 1.078760e-21
194 5.078627e+05 4.097513e-02 -1.457518e-12 4.457787e-22
195 1.832110e+05 4.097513e-02 -1.129389e-12 1.322001e-22
196 6.609826e+04 4.097513e-02 -8.756196e-13 6.467707e-23
197 2.414297e+04 4.097513e-02 -6.781958e-13 1.266025e-23
198 9.436600e+03 4.097513e-02 -5.235353e-13 3.941147e-24
199 3.428514e+03 4.097513e-02 -4.043190e-13 1.470846e-24
200 1.235449e+03 4.097513e-02 -3.118297e-13 4.728088e-25
201 4.467883e+02 4.097513e-02 -2.396761e-13 5.684342e-14
202 1.608935e+02 4.097513e-02 -1.831155e-13 8.165659e-26
203 4.956250e+02 4.097513e-02 -1.378777e-13 2.273737e-13
204 1.771063e+02 4.097513e-02 -1.028781e-13 2.842171e-14
205 7.920029e+01 4.097513e-02 -7.601203e-14 5.762590e-27
206 3.026810e+01 4.097513e-02 -5.250594e-14 1.065814e-14
207 2.935721e+01 4.097513e-02 -3.530320e-14 3.552714e-15
208 1.264280e+01 4.097513e-02 -1.847780e-14 3.552714e-15
209 1.207527e+01 4.097513e-02 -7.009090e-15 1.776357e-15
210 2.100053e+01 4.097513e-02 -2.371923e-15 2.131628e-14
211 1.296616e+02 4.097513e-02 -7.693662e-16 2.842171e-14
212 7.860612e+01 4.097513e-02 5.588213e-16 1.060249e-27
213 3.090722e+01 4.097513e-02 2.803914e-15 7.105427e-15
214 1.150708e+01 4.097513e-02 6.546869e-15 3.052781e-28
215 4.209160e+00 4.097513e-02 1.266512e-14 8.881784e-16
216 1.504463e+00 4.097513e-02 2.298045e-14 1.110223e-15
217 5.600704e-01 4.097513e-02 5.404359e-14 1.110223e-16
218 2.711636e-01 4.097513e-02 1.790618e-13 3.490612e-28
219 1.495064e-01 4.097513e-02 3.046730e-13 1.343825e-27
220 7.091817e-02 4.097513e-02 4.098829e-13 5.551115e-17
221 3.124977e-02 3.124977e-02 8.869255e-13 4.294570e-28
222 2.075009e-02 2.075009e-02 1.484040e-12 3.469447e-18
223 1.114107e-02 1.114107e-02 2.090374e-12 5.204170e-18
224 5.167987e-03 5.167987e-03 3.276429e-12 4.336809e-18
225 2.509886e-03 2.509886e-03 6.039577e-12 1.301043e-18
226 1.379239e-03 1.379239e-03 6.833965e-12 2.168404e-19
227 6.474690e-04 6.474690e-04 7.975163e-12 3.252607e-19
228 2.692661e-04 2.692661e-04 1.181901e-11 3.744005e-27
229 1.179611e-04 1.179611e-04 2.061217e-11 4.065758e-20
230 5.546942e-05 5.546942e-05 3.119488e-11 1.933759e-27
231 2.375714e-05 2.375714e-05 4.173977e-11 1.355253e-20
232 8.907259e-06 8.907259e-06 4.884608e-11 1.694066e-21
233 3.119419e-06 3.119419e-06 5.314821e-11 4.235165e-22
234 1.004365e-06 1.004365e-06 5.451834e-11 2.117582e-22
235 3.157208e-07 3.157208e-07 5.476995e-11 1.588187e-22
236 9.716453e-08 9.716453e-08 5.474219e-11 3.970467e-23
237 2.960448e-08 2.960448e-08 5.470258e-11 1.654361e-23
238 8.979774e-09 8.979774e-09 5.468566e-11 3.797275e-28
239 2.719068e-09 2.719068e-09 5.468236e-11 4.135904e-25
240 8.228215e-10 8.228215e-10 5.468446e-11 3.101930e-25
241 2.489376e-10 2.489376e-10 5.468760e-11 5.169887e-26
242 7.530854e-11 7.530854e-11 5.469064e-11 1.292476e-26
243 2.278275e-11 2.278275e-11 5.469585e-11 6.462633e-27
244 6.890098e-12 6.890098e-12 5.469119e-11 2.423430e-27
245 2.085286e-12 2.085286e-12 5.470477e-11 6.827217e-30
246 6.319953e-13 6.319953e-13 5.482363e-11 1.009977e-28
x: -2.796553e-02 -1.099819e-01 -9.017264e-02  8.538518e-02 -1.970363e-01  3.514828e-01 -1.187853e-01  3.761188e-01  3.700071e-01  1.329422e-03 -1.919402e-01  6.936353e-03  3.344679e-01 -2.087719e-01  4.903163e-03  2.956892e-01 -1.956998e-01 -3.323564e-01 -1.893790e-01 -3.777239e-01  3.766056e-01  9.842635e-02  3.769186e-01  3.351871e-01 -3.675523e-01  2.956180e-01 -3.543426e-01  1.214398e-01 -3.716028e-01 -2.976446e-02 -3.773026e-01 -3.717547e-01  3.230266e-01 -3.303465e-01 -9.421714e-02 -6.854524e-02  1.252987e-01  2.704572e-01 -2.710629e-01  3.700732e-01  1.959757e-01 -1.584718e-01  3.769285e-01  3.616090e-01  3.670505e-01 -3.681936e-01  3.225428e-01 -1.389853e-01 -3.588136e-01  3.730672e-02  7.714855e-02 -3.779621e-01 -3.256013e-01  3.779008e-01 -1.760352e-01 -3.150737e-01 -3.779326e-01 -2.354253e-01  3.233555e-01 -1.799898e-01 -3.270976e-01  1.348623e-02  3.202162e-02  3.649238e-01  2.809792e-02 -1.746618e-01  8.810471e-02 -2.355146e-01 -1.315237e-01 -3.579240e-01  6.905414e-02 -3.767907e-01  2.235831e-02  6.823246e-02  1.962421e-01 -1.836529e-01  3.660332e-01  3.716970e-01  3.565914e-01  2.640266e-01 -2.634050e-01  7.683145e-02  3.231883e-01 -3.431384e-01  3.318978e-01  1.808340e-01  3.705843e-01  7.432650e-02  3.281798e-01 -1.874972e-01  1.577374e-01 -3.434764e-01  2.849032e-01 -2.483695e-01 -3.111839e-01  2.145264e-01  3.578060e-01  1.217870e-01  3.449042e-02 -3.763875e-01  3.524829e-01  1.364290e-01 -2.698038e-01 -2.646943e-01  2.636171e-01  2.708564e-01 -5.240199e-02 -3.743142e-01 -3.484200e-02 -3.763551e-01  3.776261e-01  1.598710e-02 -2.714362e-01 -2.630198e-01  5.482363e-11
grad:  1.893559e-19  5.269074e-19  4.849132e-19 -2.660017e-19 -2.450916e-19 -1.467875e-19 -3.227732e-19  1.801240e-20  1.196734e-19 -2.012051e-19  1.638818e-19 -1.632781e-19  2.102584e-20 -1.743707e-19 -1.335671e-19  2.526483e-19 -7.337425e-19  1.378077e-19  2.658408e-19 -2.044017e-20 -3.175707e-20 -3.173073e-19 -5.687220e-20  2.941177e-19  4.082016e-20 -1.680870e-20 -8.570934e-20 -2.693151e-19 -4.611378e-21 -3.240276e-19  1.343976e-20  2.325760e-20  1.693113e-19  5.885925e-20 -2.736265e-19 -8.285056e-20  3.453874e-19  7.701396e-20 -1.072237e-19  9.564637e-20  1.489568e-19 -2.241037e-19  1.234185e-20  1.588563e-19  1.236463e-19 -7.344211e-20 -1.384464e-19 -3.381717e-19  1.046717e-19 -1.563425e-19 -5.316729e-19  9.940459e-22 -1.136481e-19  3.754471e-21  4.401157e-20  1.144121e-19  4.641526e-21  3.084202e-19 -4.201919e-19 -2.343404e-19 -1.678080e-19 -2.832859e-19  3.165284e-19  8.521787e-20  8.127656e-19  5.779119e-19  1.842564e-19 -2.111089e-20  2.000678e-19 -1.013808e-19 -1.209692e-20  1.877330e-20  2.566812e-19  2.174982e-19 -2.735016e-19 -1.197152e-19 -6.664397e-20 -1.656065e-20 -1.060367e-19 -7.755882e-20  6.026147e-20 -3.740830e-19 -9.249027e-20  6.615249e-20  1.116173e-19 -2.301819e-19 -9.851792e-21  1.973281e-20 -6.877546e-20 -1.298248e-19  6.326967e-20  3.673083e-20  1.302079e-19  1.232086e-19  1.602694e-19  1.885594e-19  1.712042e-19 -4.729264e-19 -2.099082e-19 -1.146919e-20  1.892281e-19 -5.211595e-19 -5.641975e-19  5.621529e-19  3.242878e-19 -3.034813e-19 -5.496298e-19  8.309816e-20  2.409911e-19 -1.587106e-20 -2.496503e-20  9.662878e-20 -2.808248e-20  6.383875e-20  6.319953e-13
finished in 246 iterations (0.204 seconds total)
max viol = 1.44122e-07
