---------------------
Basis Indices:
---------------------

{-, -, -, -, -, -, -}, {-, -, -, -, -, -, -}, {-, -, -, -, -, -, -}, {-, -, -, -, -, -, -}, {-, -, -, -, -, -, -}, {-, -, -, -, -, -, -}, {-, -, -, -, -, -, -}


{-, -, -, -, -, -, -}, {-, 57+i351, 58+i352, 59+i353, 60+i354, 61+i355, 62+i356}, {-, 64+i358, 65+i359, 66+i360, 67+i361, 68+i362, 69+i363}, {-, 71+i365, 72+i366, 73+i367, 74+i368, 75+i369, 76+i370}, {-, 78+i372, 79+i373, 80+i374, 81+i375, 82+i376, 83+i377}, {}, {}


{-, 99+i393, 100+i394, 101+i395, 102+i396, 103+i397, 104+i398}, {}, {}, {}, {}, {}, {}


{-, 148+i442, 149+i443, 150+i444, 151+i445, 152+i446, 153+i447}, {}, {}, {}, {}, {}, {}


{-, 197+i491, 198+i492, 199+i493, 200+i494, 201+i495, 202+i496}, {}, {}, {}, {}, {}, {}


{-, 246+i540, 247+i541, 248+i542, 249+i543, 250+i544, 251+i545}, {}, {}, {}, {}, {}, {}

---------------------
Index Mapping: 
---------------------

{628: 136, 621: 129, 605: 113, 247: 43, 631: 139, 374: 68, 202: 41, 153: 35, 152: 34, 151: 33, 150: 32, 149: 31, 148: 30, 246: 42, 630: 138, 373: 67, 69: 11, 68: 10, 619: 127, 362: 58, 67: 9, 66: 8, 447: 83, 65: 7, 446: 82, 64: 6, 445: 81, 62: 5, 443: 79, 616: 124, 359: 55, 102: 27, 61: 4, 442: 78, 612: 120, 355: 52, 358: 54, 615: 123, 101: 26, 60: 3, 614: 122, 100: 25, 351: 48, 608: 116, 59: 2, 248: 44, 375: 69, 71: 12, 198: 37, 610: 118, 353: 50, 613: 121, 356: 53, 99: 24, 607: 115, 58: 1, 609: 117, 352: 49, 606: 114, 57: 0, 249: 45, 376: 70, 72: 13, 199: 38, 250: 46, 377: 71, 73: 14, 200: 39, 251: 47, 201: 40, 354: 51, 611: 119, 197: 36, 74: 15, 588: 96, 75: 16, 589: 97, 76: 17, 590: 98, 591: 99, 620: 128, 363: 59, 360: 56, 103: 28, 617: 125, 622: 130, 365: 60, 492: 85, 623: 131, 366: 61, 493: 86, 624: 132, 367: 62, 494: 87, 625: 133, 368: 63, 495: 88, 626: 134, 369: 64, 496: 89, 627: 135, 370: 65, 629: 137, 372: 66, 393: 72, 394: 73, 395: 74, 396: 75, 397: 76, 398: 77, 444: 80, 491: 84, 104: 29, 361: 57, 618: 126, 540: 90, 541: 91, 542: 92, 543: 93, 544: 94, 545: 95, 78: 18, 592: 100, 79: 19, 593: 101, 80: 20, 594: 102, 81: 21, 595: 103, 82: 22, 596: 104, 83: 23, 597: 105, 598: 106, 599: 107, 600: 108, 601: 109, 602: 110, 603: 111, 604: 112}

---------------------
Final Problem: 
---------------------
Find a point satisfying:

1*{ 49 55} + 0.142857*{} + 1*{  5 11} + 1*{ 50 56} + 1*{ 52 58} + 1*{ 48 54} + 1*{  3  9} + 1*{ 53 59} + 1*{  1  7} + 1*{  2  8} + 1*{  0  6} + 1*{ 51 57} + 1*{  4 10} = 0 

1*{  1 55} + -1*{  8 50} + -1*{  9 51} + -1*{  6 48} + 1*{  2 56} + 1*{  4 58} + 1*{  0 54} + 1*{  5 59} + -1*{ 11 53} + -1*{ 10 52} + 1*{  3 57} + -1*{  7 49} = 0 

1*{ 49 61} + 1*{  3 15} + 1*{ 52 64} + 1*{ 53 65} + 1*{ 51 63} + 1*{  1 13} + 1*{  4 16} + 1*{ 50 62} + 1*{  0 12} + 1*{  2 14} + 1*{  5 17} + 1*{ 48 60} + 0.142857*{} = 0 

-1*{ 14 50} + 1*{  4 64} + -1*{ 16 52} + -1*{ 12 48} + 1*{  5 65} + -1*{ 13 49} + 1*{  2 62} + 1*{  0 60} + -1*{ 17 53} + 1*{  1 61} + 1*{  3 63} + -1*{ 15 51} = 0 

1*{ 52 70} + 1*{  2 20} + 1*{ 49 67} + 1*{ 53 71} + 1*{  1 19} + 1*{ 51 69} + 1*{  4 22} + 1*{  5 23} + 0.142857*{} + 1*{ 48 66} + 1*{  3 21} + 1*{ 50 68} + 1*{  0 18} = 0 

-1*{ 20 50} + -1*{ 19 49} + -1*{ 23 53} + 1*{  0 66} + 1*{  3 69} + 1*{  5 71} + -1*{ 22 52} + -1*{ 21 51} + 1*{  1 67} + -1*{ 18 48} + 1*{  2 68} + 1*{  4 70} = 0 

-0.142857*{} + 1*{ 97 97} + 1*{ 96 96} = 0 

1*{ 48 72} + 1*{ 52 76} + 1*{  2 26} + 1*{ 50 74} + -1*{ 96} + 1*{ 53 77} + 1*{ 51 75} + 0.142857*{} + 1*{  5 29} + 1*{  4 28} + 1*{  0 24} + 1*{ 49 73} + 1*{  3 27} + 1*{  1 25} = 0 

1*{  0 72} + 1*{  2 74} + 1*{  4 76} + 1*{  1 73} + 1*{  5 77} + -1*{ 27 51} + 1*{  3 75} + -1*{ 26 50} + -1*{ 25 49} + -1*{ 29 53} + -1*{ 24 48} + -1*{ 97} + -1*{ 28 52} = 0 

-0.142857*{} + 1*{ 99 99} + 1*{ 98 98} = 0 

1*{  2 32} + 1*{ 52 82} + 1*{ 49 79} + 1*{ 51 81} + 1*{  4 34} + 1*{  5 35} + 1*{ 50 80} + 1*{  3 33} + 1*{ 53 83} + 0.142857*{} + 1*{  1 31} + 1*{  0 30} + -1*{ 98} + 1*{ 48 78} = 0 

1*{  0 78} + -1*{ 31 49} + -1*{ 35 53} + 1*{  4 82} + 1*{  3 81} + -1*{ 33 51} + 1*{  1 79} + -1*{ 30 48} + 1*{  2 80} + 1*{  5 83} + -1*{ 32 50} + -1*{ 99} + -1*{ 34 52} = 0 

-0.142857*{} + 1*{101101} + 1*{100100} = 0 

1*{ 48 84} + 1*{ 50 86} + 1*{  4 40} + 1*{  3 39} + 1*{  1 37} + 1*{  2 38} + 1*{  0 36} + 0.142857*{} + 1*{ 51 87} + 1*{  5 41} + 1*{ 52 88} + 1*{ 53 89} + -1*{100} + 1*{ 49 85} = 0 

1*{  2 86} + -1*{ 38 50} + 1*{  4 88} + -1*{ 39 51} + -1*{ 36 48} + 1*{  0 84} + 1*{  5 89} + 1*{  1 85} + -1*{101} + 1*{  3 87} + -1*{ 37 49} + -1*{ 41 53} + -1*{ 40 52} = 0 

1*{103103} + -0.142857*{} + 1*{102102} = 0 

1*{ 53 95} + 1*{  3 45} + 1*{  4 46} + 0.142857*{} + 1*{ 51 93} + 1*{  1 43} + 1*{ 49 91} + -1*{102} + 1*{ 52 94} + 1*{  2 44} + 1*{  5 47} + 1*{  0 42} + 1*{ 48 90} + 1*{ 50 92} = 0 

-1*{ 44 50} + 1*{  1 91} + -1*{ 46 52} + 1*{  2 92} + 1*{  4 94} + 1*{  0 90} + -1*{ 42 48} + -1*{ 45 51} + -1*{ 43 49} + -1*{103} + 1*{  3 93} + 1*{  5 95} + -1*{ 47 53} = 0 

-0.142857*{} + 1*{ 48 48} + 1*{  0  0} = 0 

1*{ 49 49} + -0.142857*{} + 1*{  1  1} = 0 

-0.142857*{} + 1*{ 50 50} + 1*{  2  2} = 0 

-0.142857*{} + 1*{ 51 51} + 1*{  3  3} = 0 

-0.142857*{} + 1*{ 52 52} + 1*{  4  4} = 0 

-0.142857*{} + 1*{ 53 53} + 1*{  5  5} = 0 

0.285714*{  3  5} + 0.10799*{  5} + 0.285714*{ 50 53} + 0.285714*{ 52 53} + 0.10799*{  2} + 0.285714*{  3  4} + 0.285714*{  0  4} + 0.285714*{ 49 52} + 0.285714*{ 50 52} + 0.285714*{  0  1} + 0.285714*{  1  4} + 0.285714*{  2  3} + 0.285714*{ 51 53} + 0.285714*{  1  2} + 0.10799*{  1} + 0.285714*{  0  2} + 0.285714*{ 49 53} + 0.285714*{  2  4} + 0.285714*{ 48 49} + 0.285714*{  4  5} + 0.285714*{  1  5} + 0.10799*{  0} + 0.285714*{ 50 51} + 0.285714*{ 49 50} + 0.285714*{  0  3} + 0.10799*{  3} + 0.285714*{ 48 51} + 0.285714*{  2  5} + 0.285714*{  0  5} + 0.285714*{ 49 51} + 0.285714*{ 48 50} + 0.285714*{ 48 52} + 0.285714*{ 51 52} + 0.285714*{ 48 53} + 0.285714*{  1  3} + 0.10799*{  4} = 0 

1*{ 54 60} + 1*{ 59 65} + 1*{  9 15} + 1*{ 56 62} + 1*{ 10 16} + 0.142857*{} + 1*{  7 13} + 1*{ 55 61} + 1*{ 58 64} + 1*{  6 12} + 1*{  8 14} + 1*{ 57 63} + 1*{ 11 17} = 0 

-1*{ 13 55} + 1*{ 11 65} + 1*{  6 60} + 1*{  9 63} + 1*{  7 61} + -1*{ 15 57} + 1*{ 10 64} + -1*{ 17 59} + 1*{  8 62} + -1*{ 12 54} + -1*{ 14 56} + -1*{ 16 58} = 0 

0.142857*{} + 1*{ 10 22} + 1*{ 56 68} + 1*{ 55 67} + 1*{ 54 66} + 1*{ 58 70} + 1*{  8 20} + 1*{  7 19} + 1*{ 59 71} + 1*{ 57 69} + 1*{ 11 23} + 1*{  9 21} + 1*{  6 18} = 0 

-1*{ 18 54} + 1*{  6 66} + -1*{ 23 59} + 1*{  8 68} + 1*{  9 69} + 1*{  7 67} + -1*{ 22 58} + -1*{ 21 57} + 1*{ 10 70} + 1*{ 11 71} + -1*{ 20 56} + -1*{ 19 55} = 0 

-0.142857*{} + 1*{105105} + 1*{104104} = 0 

1*{ 55 73} + 1*{ 54 72} + -1*{104} + 1*{ 58 76} + 1*{  9 27} + 1*{ 11 29} + 1*{ 57 75} + 0.142857*{} + 1*{  7 25} + 1*{  8 26} + 1*{ 59 77} + 1*{ 10 28} + 1*{ 56 74} + 1*{  6 24} = 0 

1*{  8 74} + -1*{ 25 55} + 1*{  7 73} + -1*{ 28 58} + 1*{  6 72} + -1*{ 24 54} + -1*{ 27 57} + 1*{ 10 76} + 1*{ 11 77} + -1*{ 26 56} + 1*{  9 75} + -1*{ 29 59} + -1*{105} = 0 

-0.142857*{} + 1*{106106} + 1*{107107} = 0 

-1*{106} + 1*{ 57 81} + 1*{  6 30} + 1*{ 54 78} + 1*{ 59 83} + 1*{ 58 82} + 1*{  7 31} + 1*{ 10 34} + 1*{ 56 80} + 0.142857*{} + 1*{ 11 35} + 1*{  8 32} + 1*{ 55 79} + 1*{  9 33} = 0 

1*{  7 79} + 1*{  8 80} + -1*{ 31 55} + 1*{ 11 83} + 1*{  9 81} + 1*{ 10 82} + -1*{ 33 57} + -1*{ 30 54} + -1*{ 32 56} + -1*{ 34 58} + -1*{ 35 59} + 1*{  6 78} + -1*{107} = 0 

-0.142857*{} + 1*{109109} + 1*{108108} = 0 

1*{  7 37} + 1*{ 55 85} + 1*{ 56 86} + 1*{  8 38} + 1*{ 58 88} + 1*{  9 39} + 1*{ 11 41} + 1*{ 59 89} + 1*{ 10 40} + 1*{ 57 87} + 0.142857*{} + 1*{  6 36} + -1*{108} + 1*{ 54 84} = 0 

-1*{ 37 55} + -1*{109} + -1*{ 36 54} + 1*{  9 87} + -1*{ 40 58} + 1*{  8 86} + 1*{  6 84} + -1*{ 39 57} + -1*{ 41 59} + 1*{  7 85} + -1*{ 38 56} + 1*{ 10 88} + 1*{ 11 89} = 0 

-0.142857*{} + 1*{111111} + 1*{110110} = 0 

1*{ 55 91} + 1*{ 57 93} + 1*{  9 45} + 1*{ 58 94} + 1*{ 59 95} + 1*{  8 44} + 1*{  6 42} + 1*{ 11 47} + 1*{ 54 90} + -1*{110} + 0.142857*{} + 1*{ 10 46} + 1*{  7 43} + 1*{ 56 92} = 0 

1*{  8 92} + 1*{  7 91} + -1*{ 47 59} + -1*{ 42 54} + 1*{  9 93} + -1*{ 43 55} + -1*{ 44 56} + -1*{111} + 1*{  6 90} + -1*{ 45 57} + 1*{ 11 95} + -1*{ 46 58} + 1*{ 10 94} = 0 

-0.142857*{} + 1*{ 54 54} + 1*{  6  6} = 0 

-0.142857*{} + 1*{  7  7} + 1*{ 55 55} = 0 

-0.142857*{} + 1*{ 56 56} + 1*{  8  8} = 0 

-0.142857*{} + 1*{ 57 57} + 1*{  9  9} = 0 

-0.142857*{} + 1*{ 58 58} + 1*{ 10 10} = 0 

-0.142857*{} + 1*{ 59 59} + 1*{ 11 11} = 0 

0.285714*{  6  9} + 0.285714*{  7 10} + 0.285714*{  6  8} + 0.10799*{ 10} + 0.10799*{  7} + 0.285714*{ 54 58} + 0.285714*{  7  9} + 0.285714*{ 55 57} + 0.285714*{ 54 57} + 0.285714*{  9 11} + 0.285714*{  8 11} + 0.285714*{ 54 56} + 0.285714*{ 57 58} + 0.285714*{ 54 59} + 0.10799*{  6} + 0.10799*{ 11} + 0.285714*{ 55 59} + 0.285714*{ 56 59} + 0.285714*{ 56 57} + 0.285714*{  7 11} + 0.285714*{ 56 58} + 0.285714*{ 57 59} + 0.285714*{ 54 55} + 0.285714*{  6 10} + 0.285714*{ 55 56} + 0.285714*{  9 10} + 0.285714*{ 10 11} + 0.285714*{  7  8} + 0.285714*{  8 10} + 0.285714*{ 58 59} + 0.285714*{ 55 58} + 0.10799*{  9} + 0.285714*{  8  9} + 0.10799*{  8} + 0.285714*{  6 11} + 0.285714*{  6  7} = 0 

0.142857*{} + 1*{ 12 18} + 1*{ 14 20} + 1*{ 60 66} + 1*{ 13 19} + 1*{ 64 70} + 1*{ 17 23} + 1*{ 61 67} + 1*{ 63 69} + 1*{ 62 68} + 1*{ 16 22} + 1*{ 15 21} + 1*{ 65 71} = 0 

1*{ 14 68} + 1*{ 13 67} + 1*{ 17 71} + 1*{ 12 66} + 1*{ 15 69} + -1*{ 22 64} + -1*{ 18 60} + -1*{ 19 61} + -1*{ 21 63} + -1*{ 20 62} + 1*{ 16 70} + -1*{ 23 65} = 0 

-0.142857*{} + 1*{113113} + 1*{112112} = 0 

1*{ 17 29} + 1*{ 60 72} + 1*{ 16 28} + 1*{ 62 74} + 0.142857*{} + 1*{ 65 77} + 1*{ 64 76} + 1*{ 14 26} + -1*{112} + 1*{ 12 24} + 1*{ 63 75} + 1*{ 15 27} + 1*{ 61 73} + 1*{ 13 25} = 0 

-1*{ 26 62} + -1*{ 29 65} + 1*{ 13 73} + 1*{ 14 74} + 1*{ 12 72} + 1*{ 15 75} + -1*{ 27 63} + 1*{ 17 77} + 1*{ 16 76} + -1*{ 24 60} + -1*{ 28 64} + -1*{ 25 61} + -1*{113} = 0 

-0.142857*{} + 1*{115115} + 1*{114114} = 0 

1*{ 62 80} + -1*{114} + 1*{ 65 83} + 1*{ 64 82} + 1*{ 17 35} + 1*{ 60 78} + 1*{ 13 31} + 1*{ 15 33} + 1*{ 16 34} + 1*{ 61 79} + 1*{ 12 30} + 1*{ 14 32} + 0.142857*{} + 1*{ 63 81} = 0 

1*{ 14 80} + -1*{ 30 60} + 1*{ 13 79} + -1*{ 33 63} + -1*{ 31 61} + 1*{ 15 81} + -1*{ 32 62} + 1*{ 12 78} + 1*{ 16 82} + -1*{115} + -1*{ 35 65} + 1*{ 17 83} + -1*{ 34 64} = 0 

-0.142857*{} + 1*{117117} + 1*{116116} = 0 

0.142857*{} + 1*{ 16 40} + -1*{116} + 1*{ 12 36} + 1*{ 17 41} + 1*{ 65 89} + 1*{ 15 39} + 1*{ 14 38} + 1*{ 64 88} + 1*{ 13 37} + 1*{ 60 84} + 1*{ 62 86} + 1*{ 63 87} + 1*{ 61 85} = 0 

-1*{ 36 60} + 1*{ 13 85} + -1*{ 37 61} + 1*{ 15 87} + 1*{ 14 86} + 1*{ 12 84} + -1*{ 40 64} + 1*{ 17 89} + 1*{ 16 88} + -1*{117} + -1*{ 39 63} + -1*{ 38 62} + -1*{ 41 65} = 0 

-0.142857*{} + 1*{119119} + 1*{118118} = 0 

1*{ 13 43} + 1*{ 61 91} + 1*{ 17 47} + 0.142857*{} + 1*{ 62 92} + 1*{ 14 44} + -1*{118} + 1*{ 15 45} + 1*{ 60 90} + 1*{ 65 95} + 1*{ 63 93} + 1*{ 16 46} + 1*{ 64 94} + 1*{ 12 42} = 0 

-1*{ 43 61} + 1*{ 17 95} + -1*{ 47 65} + -1*{ 44 62} + -1*{ 46 64} + -1*{ 42 60} + 1*{ 13 91} + 1*{ 12 90} + -1*{ 45 63} + 1*{ 15 93} + 1*{ 16 94} + 1*{ 14 92} + -1*{119} = 0 

-0.142857*{} + 1*{ 60 60} + 1*{ 12 12} = 0 

-0.142857*{} + 1*{ 61 61} + 1*{ 13 13} = 0 

-0.142857*{} + 1*{ 62 62} + 1*{ 14 14} = 0 

-0.142857*{} + 1*{ 63 63} + 1*{ 15 15} = 0 

-0.142857*{} + 1*{ 64 64} + 1*{ 16 16} = 0 

-0.142857*{} + 1*{ 65 65} + 1*{ 17 17} = 0 

0.285714*{ 16 17} + 0.285714*{ 62 64} + 0.285714*{ 61 65} + 0.285714*{ 60 62} + 0.285714*{ 61 62} + 0.10799*{ 12} + 0.285714*{ 13 15} + 0.285714*{ 63 64} + 0.285714*{ 14 16} + 0.285714*{ 13 14} + 0.285714*{ 60 63} + 0.285714*{ 15 16} + 0.285714*{ 60 64} + 0.10799*{ 15} + 0.285714*{ 14 17} + 0.285714*{ 60 65} + 0.10799*{ 13} + 0.285714*{ 13 16} + 0.285714*{ 63 65} + 0.285714*{ 64 65} + 0.285714*{ 12 14} + 0.285714*{ 60 61} + 0.285714*{ 12 15} + 0.285714*{ 12 16} + 0.285714*{ 12 13} + 0.285714*{ 13 17} + 0.10799*{ 17} + 0.285714*{ 12 17} + 0.285714*{ 62 65} + 0.10799*{ 14} + 0.285714*{ 15 17} + 0.285714*{ 61 64} + 0.285714*{ 61 63} + 0.285714*{ 14 15} + 0.285714*{ 62 63} + 0.10799*{ 16} = 0 

-0.142857*{} + 1*{121121} + 1*{120120} = 0 

1*{ 68 74} + 1*{ 70 76} + -1*{120} + 1*{ 19 25} + 1*{ 71 77} + 1*{ 21 27} + 1*{ 67 73} + 0.142857*{} + 1*{ 18 24} + 1*{ 22 28} + 1*{ 66 72} + 1*{ 20 26} + 1*{ 69 75} + 1*{ 23 29} = 0 

-1*{ 24 66} + -1*{ 25 67} + 1*{ 21 75} + -1*{ 26 68} + -1*{ 27 69} + 1*{ 19 73} + 1*{ 18 72} + -1*{121} + 1*{ 22 76} + 1*{ 20 74} + -1*{ 28 70} + 1*{ 23 77} + -1*{ 29 71} = 0 

-0.142857*{} + 1*{122122} + 1*{123123} = 0 

1*{ 67 79} + 1*{ 66 78} + 0.142857*{} + 1*{ 71 83} + 1*{ 23 35} + 1*{ 69 81} + 1*{ 21 33} + 1*{ 22 34} + 1*{ 18 30} + 1*{ 68 80} + 1*{ 19 31} + 1*{ 20 32} + -1*{122} + 1*{ 70 82} = 0 

1*{ 20 80} + -1*{ 32 68} + -1*{ 34 70} + -1*{ 30 66} + 1*{ 18 78} + 1*{ 22 82} + 1*{ 19 79} + -1*{ 35 71} + -1*{ 33 69} + -1*{123} + 1*{ 23 83} + -1*{ 31 67} + 1*{ 21 81} = 0 

-0.142857*{} + 1*{125125} + 1*{124124} = 0 

1*{ 22 40} + -1*{124} + 1*{ 23 41} + 1*{ 19 37} + 1*{ 18 36} + 1*{ 71 89} + 0.142857*{} + 1*{ 21 39} + 1*{ 67 85} + 1*{ 70 88} + 1*{ 68 86} + 1*{ 69 87} + 1*{ 20 38} + 1*{ 66 84} = 0 

1*{ 23 89} + 1*{ 19 85} + -1*{ 36 66} + 1*{ 22 88} + -1*{ 40 70} + -1*{ 39 69} + 1*{ 20 86} + 1*{ 21 87} + 1*{ 18 84} + -1*{125} + -1*{ 41 71} + -1*{ 38 68} + -1*{ 37 67} = 0 

-0.142857*{} + 1*{127127} + 1*{126126} = 0 

1*{ 20 44} + -1*{126} + 1*{ 22 46} + 1*{ 71 95} + 1*{ 68 92} + 1*{ 66 90} + 1*{ 19 43} + 1*{ 21 45} + 1*{ 67 91} + 0.142857*{} + 1*{ 70 94} + 1*{ 23 47} + 1*{ 69 93} + 1*{ 18 42} = 0 

-1*{127} + -1*{ 44 68} + 1*{ 22 94} + 1*{ 19 91} + 1*{ 20 92} + -1*{ 43 67} + -1*{ 42 66} + -1*{ 47 71} + -1*{ 45 69} + 1*{ 23 95} + 1*{ 18 90} + -1*{ 46 70} + 1*{ 21 93} = 0 

-0.142857*{} + 1*{ 66 66} + 1*{ 18 18} = 0 

-0.142857*{} + 1*{ 67 67} + 1*{ 19 19} = 0 

-0.142857*{} + 1*{ 68 68} + 1*{ 20 20} = 0 

-0.142857*{} + 1*{ 69 69} + 1*{ 21 21} = 0 

-0.142857*{} + 1*{ 70 70} + 1*{ 22 22} = 0 

1*{ 71 71} + -0.142857*{} + 1*{ 23 23} = 0 

0.285714*{ 19 21} + 0.10799*{ 20} + 0.285714*{ 22 23} + 0.285714*{ 18 23} + 0.285714*{ 67 71} + 0.285714*{ 66 67} + 0.285714*{ 19 20} + 0.285714*{ 68 69} + 0.285714*{ 18 22} + 0.285714*{ 18 19} + 0.285714*{ 21 22} + 0.285714*{ 66 68} + 0.285714*{ 18 21} + 0.10799*{ 19} + 0.285714*{ 20 21} + 0.285714*{ 66 70} + 0.10799*{ 18} + 0.285714*{ 66 71} + 0.285714*{ 69 70} + 0.285714*{ 67 70} + 0.285714*{ 67 69} + 0.285714*{ 66 69} + 0.285714*{ 21 23} + 0.10799*{ 22} + 0.285714*{ 19 23} + 0.285714*{ 19 22} + 0.285714*{ 20 23} + 0.285714*{ 67 68} + 0.285714*{ 18 20} + 0.285714*{ 68 71} + 0.285714*{ 70 71} + 0.10799*{ 21} + 0.285714*{ 69 71} + 0.285714*{ 20 22} + 0.285714*{ 68 70} + 0.10799*{ 23} = 0 

-0.142857*{} + 1*{129129} + 1*{128128} = 0 

1*{ 77 83} + -1*{128} + 0.142857*{} + 1*{ 73 79} + 1*{ 24 30} + 1*{ 28 34} + 1*{ 26 32} + 1*{ 75 81} + 1*{ 72 78} + 1*{ 25 31} + 1*{ 29 35} + 1*{ 76 82} + 1*{ 27 33} + 1*{ 74 80} = 0 

-1*{ 31 73} + -1*{129} + -1*{ 32 74} + 1*{ 28 82} + 1*{ 29 83} + 1*{ 26 80} + 1*{ 27 81} + -1*{ 33 75} + 1*{ 25 79} + -1*{ 34 76} + -1*{ 35 77} + 1*{ 24 78} + -1*{ 30 72} = 0 

-0.142857*{} + 1*{131131} + 1*{130130} = 0 

1*{ 73 85} + 1*{ 76 88} + -1*{130} + 1*{ 28 40} + 1*{ 27 39} + 0.142857*{} + 1*{ 26 38} + 1*{ 77 89} + 1*{ 72 84} + 1*{ 29 41} + 1*{ 24 36} + 1*{ 75 87} + 1*{ 25 37} + 1*{ 74 86} = 0 

-1*{ 38 74} + -1*{ 37 73} + -1*{ 40 76} + -1*{131} + -1*{ 36 72} + -1*{ 39 75} + 1*{ 24 84} + 1*{ 26 86} + 1*{ 27 87} + 1*{ 28 88} + 1*{ 29 89} + 1*{ 25 85} + -1*{ 41 77} = 0 

-0.142857*{} + 1*{133133} + 1*{132132} = 0 

0.142857*{} + 1*{ 73 91} + 1*{ 75 93} + 1*{ 72 90} + 1*{ 25 43} + 1*{ 24 42} + 1*{ 76 94} + 1*{ 29 47} + 1*{ 74 92} + 1*{ 27 45} + 1*{ 28 46} + -1*{132} + 1*{ 26 44} + 1*{ 77 95} = 0 

1*{ 27 93} + 1*{ 26 92} + -1*{ 47 77} + -1*{ 42 72} + -1*{ 45 75} + -1*{ 44 74} + 1*{ 29 95} + 1*{ 28 94} + 1*{ 25 91} + -1*{ 46 76} + -1*{ 43 73} + 1*{ 24 90} + -1*{133} = 0 

-0.142857*{} + 1*{ 72 72} + 1*{ 24 24} = 0 

-0.142857*{} + 1*{ 73 73} + 1*{ 25 25} = 0 

-0.142857*{} + 1*{ 74 74} + 1*{ 26 26} = 0 

-0.142857*{} + 1*{ 75 75} + 1*{ 27 27} = 0 

-0.142857*{} + 1*{ 76 76} + 1*{ 28 28} = 0 

-0.142857*{} + 1*{ 77 77} + 1*{ 29 29} = 0 

0.285714*{ 76 77} + 0.285714*{ 24 26} + 0.285714*{ 24 29} + 0.285714*{ 74 76} + 0.285714*{ 26 29} + 0.10799*{ 25} + 0.285714*{ 72 74} + 0.285714*{ 72 75} + 0.285714*{ 74 77} + 0.285714*{ 72 73} + 0.285714*{ 27 29} + 0.285714*{ 24 25} + 0.285714*{ 75 76} + 0.285714*{ 74 75} + 0.285714*{ 26 28} + 0.285714*{ 25 29} + 0.285714*{ 73 76} + 0.285714*{ 25 27} + 0.285714*{ 72 76} + 0.285714*{ 24 27} + 0.10799*{ 27} + 0.285714*{ 25 28} + 0.285714*{ 73 74} + 0.10799*{ 26} + 0.285714*{ 26 27} + 0.285714*{ 28 29} + 0.285714*{ 25 26} + 0.285714*{ 73 77} + 0.10799*{ 29} + 0.285714*{ 72 77} + 0.285714*{ 24 28} + 0.10799*{ 28} + 0.10799*{ 24} + 0.285714*{ 73 75} + 0.285714*{ 27 28} + 0.285714*{ 75 77} = 0 

-0.142857*{} + 1*{135135} + 1*{134134} = 0 

1*{ 82 88} + 1*{ 83 89} + -1*{134} + 0.142857*{} + 1*{ 79 85} + 1*{ 78 84} + 1*{ 32 38} + 1*{ 35 41} + 1*{ 34 40} + 1*{ 81 87} + 1*{ 80 86} + 1*{ 30 36} + 1*{ 31 37} + 1*{ 33 39} = 0 

1*{ 32 86} + -1*{135} + 1*{ 31 85} + -1*{ 36 78} + -1*{ 37 79} + 1*{ 34 88} + -1*{ 38 80} + 1*{ 30 84} + -1*{ 39 81} + 1*{ 35 89} + 1*{ 33 87} + -1*{ 41 83} + -1*{ 40 82} = 0 

-0.142857*{} + 1*{137137} + 1*{136136} = 0 

1*{ 79 91} + 1*{ 33 45} + 1*{ 34 46} + 1*{ 32 44} + 1*{ 80 92} + 1*{ 81 93} + 1*{ 82 94} + -1*{136} + 1*{ 83 95} + 1*{ 30 42} + 1*{ 31 43} + 0.142857*{} + 1*{ 35 47} + 1*{ 78 90} = 0 

-1*{ 42 78} + 1*{ 33 93} + 1*{ 34 94} + -1*{ 45 81} + -1*{ 43 79} + 1*{ 32 92} + -1*{ 46 82} + 1*{ 31 91} + 1*{ 30 90} + -1*{ 47 83} + -1*{ 44 80} + 1*{ 35 95} + -1*{137} = 0 

-0.142857*{} + 1*{ 78 78} + 1*{ 30 30} = 0 

1*{ 79 79} + -0.142857*{} + 1*{ 31 31} = 0 

-0.142857*{} + 1*{ 80 80} + 1*{ 32 32} = 0 

-0.142857*{} + 1*{ 33 33} + 1*{ 81 81} = 0 

-0.142857*{} + 1*{ 82 82} + 1*{ 34 34} = 0 

-0.142857*{} + 1*{ 83 83} + 1*{ 35 35} = 0 

0.285714*{ 80 82} + 0.285714*{ 30 31} + 0.10799*{ 32} + 0.285714*{ 30 34} + 0.285714*{ 80 81} + 0.285714*{ 78 79} + 0.285714*{ 79 83} + 0.10799*{ 35} + 0.285714*{ 33 34} + 0.285714*{ 79 81} + 0.285714*{ 78 80} + 0.285714*{ 32 34} + 0.285714*{ 80 83} + 0.285714*{ 79 82} + 0.285714*{ 79 80} + 0.285714*{ 33 35} + 0.285714*{ 32 35} + 0.285714*{ 31 34} + 0.10799*{ 33} + 0.285714*{ 78 82} + 0.10799*{ 31} + 0.285714*{ 31 33} + 0.285714*{ 31 35} + 0.10799*{ 34} + 0.285714*{ 34 35} + 0.285714*{ 78 81} + 0.285714*{ 81 83} + 0.285714*{ 30 35} + 0.285714*{ 30 33} + 0.285714*{ 30 32} + 0.285714*{ 31 32} + 0.285714*{ 81 82} + 0.285714*{ 82 83} + 0.285714*{ 32 33} + 0.285714*{ 78 83} + 0.10799*{ 30} = 0 

-0.142857*{} + 1*{138138} + 1*{139139} = 0 

1*{ 88 94} + 1*{ 86 92} + 1*{ 39 45} + 1*{ 37 43} + 1*{ 41 47} + 0.142857*{} + 1*{ 40 46} + 1*{ 38 44} + 1*{ 85 91} + 1*{ 36 42} + 1*{ 84 90} + 1*{ 87 93} + 1*{ 89 95} + -1*{138} = 0 

1*{ 38 92} + -1*{ 42 84} + 1*{ 39 93} + -1*{ 46 88} + -1*{ 45 87} + 1*{ 36 90} + -1*{ 47 89} + -1*{ 43 85} + 1*{ 37 91} + 1*{ 40 94} + -1*{139} + -1*{ 44 86} + 1*{ 41 95} = 0 

-0.142857*{} + 1*{ 84 84} + 1*{ 36 36} = 0 

-0.142857*{} + 1*{ 85 85} + 1*{ 37 37} = 0 

-0.142857*{} + 1*{ 38 38} + 1*{ 86 86} = 0 

-0.142857*{} + 1*{ 87 87} + 1*{ 39 39} = 0 

-0.142857*{} + 1*{ 88 88} + 1*{ 40 40} = 0 

-0.142857*{} + 1*{ 89 89} + 1*{ 41 41} = 0 

0.285714*{ 38 39} + 0.285714*{ 84 88} + 0.285714*{ 86 88} + 0.285714*{ 36 38} + 0.285714*{ 85 89} + 0.285714*{ 38 41} + 0.285714*{ 84 86} + 0.285714*{ 87 89} + 0.285714*{ 36 40} + 0.10799*{ 41} + 0.285714*{ 39 40} + 0.285714*{ 85 88} + 0.285714*{ 86 87} + 0.285714*{ 37 40} + 0.285714*{ 37 41} + 0.285714*{ 39 41} + 0.285714*{ 85 86} + 0.285714*{ 37 39} + 0.285714*{ 86 89} + 0.285714*{ 85 87} + 0.285714*{ 36 39} + 0.285714*{ 84 87} + 0.285714*{ 84 85} + 0.10799*{ 40} + 0.285714*{ 88 89} + 0.285714*{ 37 38} + 0.285714*{ 36 41} + 0.10799*{ 37} + 0.285714*{ 87 88} + 0.10799*{ 38} + 0.285714*{ 36 37} + 0.285714*{ 40 41} + 0.10799*{ 39} + 0.10799*{ 36} + 0.285714*{ 84 89} + 0.285714*{ 38 40} = 0 

-0.142857*{} + 1*{ 90 90} + 1*{ 42 42} = 0 

-0.142857*{} + 1*{ 91 91} + 1*{ 43 43} = 0 

-0.142857*{} + 1*{ 92 92} + 1*{ 44 44} = 0 

1*{ 93 93} + -0.142857*{} + 1*{ 45 45} = 0 

-0.142857*{} + 1*{ 94 94} + 1*{ 46 46} = 0 

-0.142857*{} + 1*{ 95 95} + 1*{ 47 47} = 0 

0.285714*{ 42 47} + 0.10799*{ 43} + 0.285714*{ 42 44} + 0.285714*{ 90 95} + 0.285714*{ 91 94} + 0.285714*{ 92 95} + 0.285714*{ 91 93} + 0.285714*{ 90 94} + 0.285714*{ 45 47} + 0.285714*{ 91 95} + 0.285714*{ 43 45} + 0.285714*{ 45 46} + 0.285714*{ 43 44} + 0.10799*{ 45} + 0.285714*{ 93 94} + 0.285714*{ 42 46} + 0.10799*{ 44} + 0.285714*{ 44 45} + 0.285714*{ 91 92} + 0.285714*{ 92 93} + 0.285714*{ 42 45} + 0.285714*{ 43 47} + 0.285714*{ 44 47} + 0.285714*{ 46 47} + 0.285714*{ 90 92} + 0.285714*{ 92 94} + 0.285714*{ 44 46} + 0.285714*{ 43 46} + 0.285714*{ 90 93} + 0.10799*{ 47} + 0.285714*{ 90 91} + 0.285714*{ 42 43} + 0.285714*{ 94 95} + 0.10799*{ 46} + 0.285714*{ 93 95} + 0.10799*{ 42} = 0 

2*{ 52} + -128*{ 55} + -8*{ 57} + 512*{ 48} + 16*{  3} + 1*{  5} + -64*{  8} + 32*{ 50} + 4*{  4} + -2048*{  6} + -32*{ 56} + 2048*{  0} + -2*{ 58} + 256*{  1} + -1*{ 11} + 64*{  2} + -256*{  7} + -1024*{ 59} + -512*{ 54} + -4*{ 10} + -16*{  9} + 128*{ 49} + 8*{ 51} + 1024*{ 53} > 0 

-1*{ 17} + -128*{ 61} + 1024*{ 59} + 32*{ 56} + 2*{ 58} + 1*{ 11} + 256*{  7} + 2048*{  6} + -64*{ 14} + -8*{ 63} + -4*{ 16} + 8*{ 57} + -1024*{ 65} + 16*{  9} + -16*{ 15} + 4*{ 10} + -2048*{ 12} + -32*{ 62} + -512*{ 60} + 512*{ 54} + -256*{ 13} + 128*{ 55} + -2*{ 64} + 64*{  8} > 0 

-2*{ 70} + 1*{ 17} + 8*{ 63} + -512*{ 66} + 256*{ 13} + -16*{ 21} + -64*{ 20} + 32*{ 62} + 16*{ 15} + 2048*{ 12} + -256*{ 19} + -4*{ 22} + 64*{ 14} + -8*{ 69} + 2*{ 64} + -1024*{ 71} + -128*{ 67} + -1*{ 23} + 1024*{ 65} + 4*{ 16} + -2048*{ 18} + 512*{ 60} + 128*{ 61} + -32*{ 68} > 0 

512*{ 48} + -512*{ 72} + 32*{ 50} + -1*{ 29} + -64*{ 26} + 4*{  4} + 128*{ 49} + -32*{ 74} + -2*{ 76} + -8*{ 75} + 8*{ 51} + 1024*{ 53} + 2*{ 52} + -2048*{ 24} + 64*{  2} + 256*{  1} + -4*{ 28} + -16*{ 27} + -256*{ 25} + 2048*{  0} + 16*{  3} + 1*{  5} + -1024*{ 77} + -128*{ 73} > 0 

8*{ 75} + -64*{ 32} + 256*{ 25} + -1*{ 35} + 512*{ 72} + 1*{ 29} + -1024*{ 83} + 128*{ 73} + 1024*{ 77} + -512*{ 78} + 2*{ 76} + -16*{ 33} + -4*{ 34} + -128*{ 79} + 16*{ 27} + 4*{ 28} + -2*{ 82} + 32*{ 74} + 64*{ 26} + -2048*{ 30} + 2048*{ 24} + -256*{ 31} + -8*{ 81} + -32*{ 80} > 0 

2*{ 82} + -1024*{ 89} + 1024*{ 83} + -1*{ 41} + 4*{ 34} + -64*{ 38} + 2048*{ 30} + -128*{ 85} + 64*{ 32} + -16*{ 39} + -8*{ 87} + -256*{ 37} + 128*{ 79} + 16*{ 33} + -32*{ 86} + -2048*{ 36} + -2*{ 88} + 1*{ 35} + 512*{ 78} + -512*{ 84} + 8*{ 81} + 32*{ 80} + -4*{ 40} + 256*{ 31} > 0 

4*{ 40} + 2*{ 88} + -1*{ 47} + -256*{ 43} + 16*{ 39} + -64*{ 44} + -32*{ 92} + 256*{ 37} + -128*{ 91} + -1024*{ 95} + 64*{ 38} + -512*{ 90} + 8*{ 87} + -2048*{ 42} + -8*{ 93} + 32*{ 86} + 2048*{ 36} + -4*{ 46} + -16*{ 45} + -2*{ 94} + 128*{ 85} + 512*{ 84} + 1*{ 41} + 1024*{ 89} > 0 

-32*{ 49} + -2048*{ 61} + 64*{ 18} + 1024*{ 12} + 8*{  0} + 4096*{ 66} + 1*{ 90} + -256*{  7} + -8*{  1} + 32*{ 48} + -8192*{ 25} + 256*{  6} + -32768*{ 37} + -1*{ 91} + 2*{ 42} + -128*{ 79} + -4*{ 85} + -512*{ 55} + 16384*{ 72} + 32768*{ 36} + -64*{ 19} + 2048*{ 60} + -16*{ 31} + 512*{ 54} + -1024*{ 13} + -16384*{ 73} + -2*{ 43} + -4096*{ 67} + 128*{ 78} + 4*{ 84} + 8192*{ 24} + 16*{ 30} > 0 

1024*{ 13} + 2*{ 43} + -32768*{ 38} + -16*{ 32} + -2048*{ 62} + -8192*{ 26} + -8*{  2} + 256*{  7} + -2*{ 44} + 2048*{ 61} + 32768*{ 37} + 128*{ 79} + 1*{ 91} + 512*{ 55} + 4*{ 85} + 32*{ 49} + 64*{ 19} + -16384*{ 74} + -4*{ 86} + -1*{ 92} + 8*{  1} + -32*{ 50} + -4096*{ 68} + 16*{ 31} + 8192*{ 25} + 16384*{ 73} + -128*{ 80} + -64*{ 20} + -256*{  8} + 4096*{ 67} + -1024*{ 14} + -512*{ 56} > 0 

-4096*{ 69} + -1024*{ 15} + -32*{ 51} + -64*{ 21} + 4*{ 86} + -2*{ 45} + 4096*{ 68} + 2*{ 44} + -128*{ 81} + 8*{  2} + -512*{ 57} + 128*{ 80} + -16*{ 33} + -4*{ 87} + -2048*{ 63} + 1024*{ 14} + -8192*{ 27} + 2048*{ 62} + -1*{ 93} + 16*{ 32} + 512*{ 56} + -8*{  3} + 32768*{ 38} + 8192*{ 26} + -32768*{ 39} + -16384*{ 75} + 1*{ 92} + 32*{ 50} + -256*{  9} + 16384*{ 74} + 64*{ 20} + 256*{  8} > 0 

512*{ 57} + 32*{ 51} + -4096*{ 70} + 64*{ 21} + -8*{  4} + 1*{ 93} + -64*{ 22} + -256*{ 10} + -128*{ 82} + 256*{  9} + 1024*{ 15} + -2*{ 46} + 2*{ 45} + -1*{ 94} + 8*{  3} + 2048*{ 63} + 8192*{ 27} + -8192*{ 28} + -1024*{ 16} + 128*{ 81} + -32768*{ 40} + 4096*{ 69} + -32*{ 52} + 4*{ 87} + 16*{ 33} + -2048*{ 64} + -16384*{ 76} + 32768*{ 39} + -16*{ 34} + 16384*{ 75} + -512*{ 58} + -4*{ 88} > 0 

64*{ 22} + -16384*{ 77} + 32*{ 52} + -128*{ 83} + 1*{ 94} + -2048*{ 65} + -64*{ 23} + -32*{ 53} + 4096*{ 70} + -32768*{ 41} + -1024*{ 17} + 8*{  4} + -8192*{ 29} + 256*{ 10} + 128*{ 82} + 2*{ 46} + 4*{ 88} + -16*{ 35} + 32768*{ 40} + 512*{ 58} + 2048*{ 64} + -4*{ 89} + 16384*{ 76} + 16*{ 34} + -2*{ 47} + -512*{ 59} + -4096*{ 71} + -8*{  5} + -256*{ 11} + 8192*{ 28} + -1*{ 95} + 1024*{ 16} > 0 

1*{ 91} > 0 

{7, 5, 1, 1, 1, 1, 1, 1, 1} vars: 140, vectors: 16
1 7.609913e+00 7.609913e+00 -3.182612e-01 5.425998e-15
2 5.862950e+01 7.609913e+00 -2.308050e-01 3.025872e-14
3 1.515944e+03 7.609913e+00 -1.778563e-01 6.163781e-13
4 6.476110e+02 7.609913e+00 -1.361787e-01 9.023673e-14
5 2.374746e+02 7.609913e+00 -1.039201e-01 3.791222e-14
6 2.056510e+02 7.609913e+00 -7.918137e-02 3.338753e-14
7 7.355442e+01 7.609913e+00 -6.002206e-02 1.597051e-14
8 3.390762e+01 7.609913e+00 -4.594331e-02 4.835116e-15
9 9.296868e+03 7.609913e+00 -3.506752e-02 9.588702e-14
10 6.783932e+03 7.609913e+00 -2.705667e-02 1.107372e-13
11 2.442953e+03 7.609913e+00 -2.085537e-02 4.553387e-13
12 8.833400e+02 7.609913e+00 -1.603650e-02 1.143661e-13
13 3.180578e+02 7.609913e+00 -1.230744e-02 5.714044e-14
14 1.142185e+02 7.609913e+00 -9.488097e-03 2.825727e-15
15 6.346641e+01 7.609913e+00 -7.234831e-03 1.423521e-14
16 2.337368e+01 7.609913e+00 -5.367170e-03 3.563524e-15
17 1.736215e+01 7.609913e+00 -3.970709e-03 7.128648e-15
18 6.173225e+00 6.173225e+00 -3.123939e-03 1.052639e-16
19 1.313667e+02 6.173225e+00 -2.336574e-03 3.506350e-15
20 1.190590e+02 6.173225e+00 -1.774959e-03 1.421394e-14
21 3.826251e+02 6.173225e+00 -1.333285e-03 5.684576e-14
22 3.523523e+02 6.173225e+00 -1.013789e-03 5.684595e-14
23 8.790105e+02 6.173225e+00 -7.750307e-04 8.482720e-16
24 3.976454e+02 6.173225e+00 -5.972174e-04 5.684480e-14
25 1.881135e+02 6.173225e+00 -4.533260e-04 9.687807e-17
26 6.716322e+01 6.173225e+00 -3.431432e-04 5.403723e-17
27 2.396131e+01 6.173225e+00 -2.580350e-04 2.283414e-17
28 8.513751e+00 6.173225e+00 -1.964623e-04 1.776371e-15
29 4.827433e+01 6.173225e+00 -1.466911e-04 7.105638e-15
30 3.824477e+01 6.173225e+00 -1.097335e-04 7.105452e-15
31 2.022859e+01 6.173225e+00 -8.124165e-05 5.281324e-18
32 9.555515e+00 6.173225e+00 -5.786366e-05 3.232176e-18
33 5.517245e+00 5.517245e+00 -4.265261e-05 1.069067e-18
34 1.955384e+00 1.955384e+00 -3.167627e-05 6.174802e-19
35 7.027403e-01 7.027403e-01 -2.398132e-05 2.593515e-19
36 2.553334e-01 2.553334e-01 -2.071937e-05 1.453120e-19
37 1.884339e-01 1.884339e-01 -1.520378e-05 1.282056e-19
38 4.207457e-01 1.884339e-01 -1.016363e-05 1.110223e-16
39 3.473466e-01 1.884339e-01 -6.501113e-06 3.689446e-20
40 2.346357e-01 1.884339e-01 -4.413776e-06 2.775558e-17
41 8.894115e-02 8.894115e-02 -3.558019e-06 4.163337e-17
42 3.514964e-02 3.514964e-02 -1.707955e-06 6.938958e-18
43 2.898861e+02 3.514964e-02 -1.320349e-06 5.684342e-14
44 2.253567e+03 3.514964e-02 -9.991535e-07 1.915853e-18
45 8.009627e+04 3.514964e-02 -7.679666e-07 2.910383e-11
46 4.107629e+04 3.514964e-02 -5.913887e-07 6.502896e-18
47 1.599952e+04 3.514964e-02 -4.570441e-07 4.011701e-18
48 5.765609e+03 3.514964e-02 -3.534154e-07 1.952682e-18
49 2.102498e+03 3.514964e-02 -2.720512e-07 3.062793e-15
50 7.562714e+02 3.514964e-02 -2.086391e-07 1.136868e-13
51 2.712708e+02 3.514964e-02 -1.587587e-07 8.071226e-19
52 9.733785e+01 3.514964e-02 -1.207485e-07 5.443235e-20
53 1.221274e+02 3.514964e-02 -9.026713e-08 2.842171e-14
54 4.430812e+01 3.514964e-02 -7.423872e-08 7.105427e-15
55 2.486633e+04 3.514964e-02 -5.751793e-08 5.427987e-19
56 1.493876e+05 3.514964e-02 -4.454205e-08 3.365675e-18
57 5.393705e+04 3.514964e-02 -3.449112e-08 7.275958e-12
58 1.945622e+04 3.514964e-02 -2.670660e-08 3.637979e-12
59 7.040751e+03 3.514964e-02 -2.066755e-08 9.094947e-13
60 2.545226e+03 3.514964e-02 -1.597876e-08 4.547474e-13
61 9.257481e+02 3.514964e-02 -1.235359e-08 1.136868e-13
62 3.343494e+02 3.514964e-02 -9.537024e-09 8.939581e-21
63 1.203453e+02 3.514964e-02 -7.341966e-09 1.421085e-14
64 4.324469e+01 3.514964e-02 -5.618519e-09 7.105427e-15
65 1.615453e+01 3.514964e-02 -4.224638e-09 5.733778e-22
66 7.657203e+00 3.514964e-02 -3.153244e-09 8.881784e-16
67 3.495019e+00 3.514964e-02 -2.318635e-09 4.440892e-16
68 1.408979e+00 3.514964e-02 -1.734496e-09 4.440892e-16
69 5.228382e-01 3.514964e-02 -1.310262e-09 1.110223e-16
70 1.905632e-01 3.514964e-02 -1.172686e-09 2.775558e-17
71 1.081622e-01 3.514964e-02 -1.435052e-09 1.387779e-17
72 1.645953e+00 3.514964e-02 -9.573053e-10 2.220446e-16
73 3.525379e+00 3.514964e-02 -6.380943e-10 4.440892e-16
74 2.165189e+00 3.514964e-02 -4.465415e-10 4.791057e-24
75 1.229230e+00 3.514964e-02 -3.838599e-10 2.220446e-16
76 1.238480e+02 3.514964e-02 -2.992568e-10 1.421085e-14
77 1.945944e+03 3.514964e-02 -2.304005e-10 6.309710e-22
78 3.372272e+04 3.514964e-02 -1.783406e-10 6.297573e-21
79 1.367683e+04 3.514964e-02 -1.381253e-10 9.486503e-22
80 4.934232e+03 3.514964e-02 -1.068186e-10 1.818989e-12
81 2.473074e+03 3.514964e-02 -8.257010e-11 2.732814e-22
82 8.916331e+02 3.514964e-02 -6.378409e-11 1.136868e-13
83 3.211169e+02 3.514964e-02 -4.921171e-11 2.566262e-23
84 1.155778e+02 3.514964e-02 -3.781805e-11 1.421085e-14
85 4.162939e+01 3.514964e-02 -2.886814e-11 4.107428e-24
86 1.304820e+02 3.514964e-02 -2.184076e-11 5.684342e-14
87 4.714248e+01 3.514964e-02 -1.654394e-11 7.105427e-15
88 3.048865e+01 3.514964e-02 -1.195712e-11 5.756272e-23
89 1.376049e+01 3.514964e-02 -8.868762e-12 3.552714e-15
90 5.114191e+00 3.514964e-02 -6.547913e-12 1.668802e-25
91 1.824486e+00 3.514964e-02 -4.829021e-12 8.867245e-26
92 7.982848e-01 3.514964e-02 -3.349740e-12 4.547724e-26
93 2.996920e-01 3.514964e-02 -2.354665e-12 5.551115e-17
94 1.079509e-01 3.514964e-02 -1.757841e-12 1.387779e-17
95 6.688547e-02 3.514964e-02 -3.601863e-12 8.326673e-17
96 1.549687e+03 3.514964e-02 -2.795066e-12 2.273737e-13
97 2.002705e+04 3.514964e-02 -2.156122e-12 1.657881e-23
98 7.234821e+03 3.514964e-02 -1.663032e-12 1.002146e-23
99 2.963754e+03 3.514964e-02 -1.280277e-12 4.547474e-13
100 1.065322e+03 3.514964e-02 -9.825855e-13 8.736888e-25
101 3.878213e+02 3.514964e-02 -7.528978e-13 3.224885e-25
102 1.400143e+02 3.514964e-02 -5.798247e-13 5.684342e-14
103 4.528608e+02 3.514964e-02 -4.266061e-13 5.684342e-14
104 1.548344e+03 3.514964e-02 -3.066518e-13 7.561824e-25
105 2.062263e+05 3.514964e-02 -2.372125e-13 2.487605e-23
106 7.469303e+04 3.514964e-02 -1.836794e-13 9.283437e-24
107 2.715441e+04 3.514964e-02 -1.419960e-13 5.098061e-24
108 9.800895e+03 3.514964e-02 -1.096305e-13 1.428769e-24
109 3.532954e+03 3.514964e-02 -8.466863e-14 9.094947e-13
110 1.445270e+03 3.514964e-02 -6.423566e-14 2.273737e-13
111 6.315882e+02 3.514964e-02 -4.838172e-14 2.273737e-13
112 2.315174e+02 3.514964e-02 -3.509674e-14 1.083866e-26
113 1.296236e+02 3.514964e-02 -2.373102e-14 7.037553e-27
114 1.173601e+02 3.514964e-02 -1.549247e-14 5.335198e-27
115 1.809694e+02 3.514964e-02 -1.031313e-14 3.837358e-27
116 1.361354e+03 3.514964e-02 -7.327717e-15 2.273737e-13
117 8.249386e+02 3.514964e-02 -6.918744e-15 2.273737e-13
118 5.759577e+07 3.514964e-02 -5.358759e-15 7.553807e-23
119 2.707455e+07 3.514964e-02 -4.147776e-15 3.725290e-09
120 9.998699e+06 3.514964e-02 -3.206251e-15 1.862645e-09
121 3.634513e+06 3.514964e-02 -2.470845e-15 2.591956e-24
122 1.316863e+06 3.514964e-02 -1.860089e-15 2.328306e-10
123 2.873849e+10 3.514964e-02 3.436197e-08 3.814697e-06
124 1.048099e+10 3.514964e-02 8.679119e-08 9.786266e-12
125 3.843741e+09 3.514964e-02 6.726324e-08 5.019026e-14
126 1.386760e+09 3.514964e-02 5.212895e-08 7.152557e-07
127 5.002753e+08 3.514964e-02 4.039899e-08 3.854848e-15
128 1.842529e+08 3.514964e-02 3.130748e-08 2.980232e-08
129 7.013052e+07 3.514964e-02 2.426106e-08 2.668557e-16
130 2.529910e+07 3.514964e-02 1.880104e-08 1.260062e-16
131 9.126439e+06 3.514964e-02 1.456904e-08 3.789902e-17
132 3.292233e+06 3.514964e-02 1.128945e-08 4.656613e-10
133 1.188296e+06 3.514964e-02 8.746835e-09 2.328306e-10
134 4.286761e+05 3.514964e-02 6.776981e-09 2.364025e-18
135 1.546236e+05 3.514964e-02 5.249763e-09 2.910383e-11
136 5.584839e+04 3.514964e-02 4.065717e-09 7.275958e-12
137 2.051833e+04 3.514964e-02 3.146522e-09 3.637979e-12
138 7.806981e+03 3.514964e-02 2.433070e-09 9.094947e-13
139 2.938805e+03 3.514964e-02 1.880395e-09 1.364242e-12
140 1.058545e+03 3.514964e-02 1.451100e-09 1.633822e-21
141 3.810111e+02 3.514964e-02 1.117929e-09 5.684342e-14
142 1.370115e+02 3.514964e-02 8.593412e-10 2.277380e-22
143 4.921065e+01 3.514964e-02 6.585539e-10 1.419020e-22
144 1.764613e+01 3.514964e-02 5.025516e-10 5.849547e-23
145 6.313759e+00 3.514964e-02 3.813526e-10 8.881784e-16
146 2.293936e+00 3.514964e-02 2.897707e-10 9.959450e-24
147 5.465693e+00 3.514964e-02 2.208811e-10 8.881784e-16
148 2.087334e+00 3.514964e-02 1.661749e-10 4.440892e-16
149 1.680364e+00 3.514964e-02 5.069552e-10 1.332268e-15
150 1.245489e+07 3.514964e-02 2.118914e-10 1.117587e-07
151 1.211129e+16 3.514964e-02 2.514668e-10 2.471314e-12
152 4.462809e+15 3.514964e-02 3.556231e-10 5.000000e-01
153 1.664312e+15 3.514964e-02 5.848970e-10 2.500000e-01
154 6.259987e+14 3.514964e-02 1.060178e-09 1.222133e-12
155 2.349738e+14 3.514964e-02 1.986674e-09 4.725443e-13
156 8.725861e+13 3.514964e-02 3.685164e-09 9.073233e-13
157 3.210447e+13 3.514964e-02 6.696133e-09 6.662759e-13
158 1.176602e+13 3.514964e-02 1.200684e-08 1.953125e-03
159 4.314473e+12 3.514964e-02 2.148997e-08 9.765625e-04
160 1.586105e+12 3.514964e-02 3.861716e-08 2.441406e-04
161 5.833353e+11 3.514964e-02 6.936381e-08 1.819807e-13
162 2.139078e+11 3.514964e-02 1.234990e-07 1.991544e-13
163 7.808852e+10 3.514964e-02 2.168122e-07 8.253915e-14
164 2.839311e+10 3.514964e-02 3.753202e-07 5.421778e-14
165 1.029809e+10 3.514964e-02 6.428104e-07 3.814697e-06
166 3.730600e+09 3.514964e-02 4.981745e-07 4.768372e-07
167 1.345810e+09 3.514964e-02 3.860807e-07 1.077026e-14
168 4.854982e+08 3.514964e-02 2.992068e-07 5.960464e-08
169 1.751417e+08 3.514964e-02 2.318780e-07 1.791775e-15
170 6.318132e+07 3.514964e-02 1.796965e-07 7.450581e-09
171 2.279203e+07 3.514964e-02 1.392536e-07 1.754367e-16
172 8.221856e+06 3.514964e-02 1.079076e-07 9.313226e-10
173 2.965820e+06 3.514964e-02 8.361126e-08 1.858627e-17
174 1.069795e+06 3.514964e-02 6.477739e-08 1.263878e-17
175 3.858562e+05 3.514964e-02 5.017588e-08 1.164153e-10
176 1.391554e+05 3.514964e-02 3.885303e-08 2.685320e-18
177 5.017569e+04 3.514964e-02 3.006937e-08 4.224011e-19
178 1.808648e+04 3.514964e-02 2.325145e-08 3.637979e-12
179 6.516285e+03 3.514964e-02 1.795456e-08 9.094947e-13
180 2.345864e+03 3.514964e-02 1.383401e-08 4.547474e-13
181 8.434650e+02 3.514964e-02 1.062327e-08 6.913504e-21
182 3.027011e+02 3.514964e-02 8.117291e-09 5.684342e-14
183 1.083372e+02 3.514964e-02 6.159538e-09 1.268458e-21
184 3.862971e+01 3.514964e-02 4.631614e-09 7.105427e-15
185 1.370916e+01 3.514964e-02 3.446257e-09 1.776357e-15
186 4.841353e+00 3.514964e-02 2.545718e-09 6.153560e-23
187 1.707579e+00 3.514964e-02 1.903193e-09 2.220446e-16
188 6.104632e-01 3.514964e-02 1.530708e-09 1.110223e-16
189 2.506260e+01 3.514964e-02 1.162069e-09 2.484799e-22
190 9.333141e+00 3.514964e-02 8.924190e-10 7.049940e-23
191 3.676513e+00 3.514964e-02 6.645939e-10 3.679119e-23
192 1.850969e+01 3.514964e-02 4.698637e-10 3.552714e-15
193 2.286432e+01 3.514964e-02 3.559944e-10 3.552714e-15
194 9.891931e+00 3.514964e-02 2.607236e-10 1.776357e-15
195 6.927920e+00 3.514964e-02 1.885427e-10 4.809627e-24
196 2.475349e+00 3.514964e-02 1.349648e-10 1.384120e-24
197 9.484814e-01 3.514964e-02 9.671981e-11 8.671731e-25
198 3.297590e-01 3.514964e-02 6.965314e-11 4.273446e-25
199 1.198524e-01 3.514964e-02 5.459603e-11 2.773439e-25
200 4.737897e+00 3.514964e-02 3.959716e-11 1.776357e-15
201 6.501957e+00 3.514964e-02 2.906096e-11 7.727372e-25
202 9.324219e+00 3.514964e-02 2.189080e-11 9.568557e-25
203 1.267569e+01 3.514964e-02 1.898288e-11 1.776357e-15
204 2.306915e+05 3.514964e-02 1.467372e-11 2.910383e-11
205 9.144968e+04 3.514964e-02 1.137383e-11 1.287120e-21
206 4.829050e+04 3.514964e-02 8.811926e-12 1.455192e-11
207 1.768977e+04 3.514964e-02 6.821335e-12 3.637979e-12
208 6.378705e+03 3.514964e-02 5.279139e-12 1.320902e-22
209 2.299410e+03 3.514964e-02 4.083340e-12 4.547474e-13
210 8.289122e+02 3.514964e-02 3.154493e-12 1.136868e-13
211 2.984715e+02 3.514964e-02 2.432880e-12 5.982222e-24
212 1.073681e+02 3.514964e-02 1.871551e-12 1.421085e-14
213 3.855016e+01 3.514964e-02 1.434314e-12 6.209870e-25
214 1.380386e+01 3.514964e-02 1.089487e-12 1.776357e-15
215 5.537445e+00 3.514964e-02 8.129797e-13 2.536385e-26
216 1.985838e+00 3.514964e-02 6.098292e-13 8.881784e-16
217 6.989493e-01 3.514964e-02 4.725316e-13 1.110223e-16
218 2.492867e-01 3.514964e-02 4.103557e-13 2.775558e-17
219 9.395563e-02 3.514964e-02 4.966281e-13 2.153870e-27
220 4.154624e-02 3.514964e-02 1.329979e-12 2.863040e-27
221 2.645961e-02 2.645961e-02 2.903878e-12 4.139782e-27
222 2.229251e-01 2.645961e-02 1.985874e-12 5.551115e-17
223 1.351796e-01 2.645961e-02 1.361353e-12 7.781972e-27
224 4.620076e-02 2.645961e-02 1.095561e-12 1.684241e-26
225 1.745721e-02 1.745721e-02 1.422027e-12 4.283679e-27
226 8.783084e-03 8.783084e-03 5.306243e-12 1.734723e-18
227 9.972651e-03 8.783084e-03 4.443026e-12 1.734723e-18
228 4.069434e-03 4.069434e-03 8.413196e-12 8.673617e-19
229 2.209868e-03 2.209868e-03 1.023164e-11 4.336809e-19
230 2.274684e-03 2.209868e-03 7.629534e-12 5.668383e-27
231 8.289610e-04 8.289610e-04 8.953758e-12 2.168404e-19
232 3.657424e-04 3.657424e-04 1.483593e-11 8.785102e-27
233 1.516895e-04 1.516895e-04 2.031143e-11 5.421011e-20
234 6.474818e-05 6.474818e-05 2.820208e-11 1.355253e-20
235 2.605229e-05 2.605229e-05 3.301148e-11 3.388132e-21
236 1.021812e-05 1.021812e-05 4.098431e-11 5.855527e-27
237 3.413493e-06 3.413493e-06 4.632804e-11 4.235165e-22
238 1.118844e-06 1.118844e-06 4.996836e-11 2.117582e-22
239 3.484833e-07 3.484833e-07 5.196835e-11 1.200528e-27
240 1.069827e-07 1.069827e-07 5.310734e-11 8.974991e-28
241 3.256678e-08 3.256678e-08 5.377588e-11 1.376569e-27
242 9.876965e-09 9.876965e-09 5.417298e-11 1.654362e-24
243 2.990972e-09 2.990972e-09 5.440843e-11 4.135907e-25
244 9.051729e-10 9.051729e-10 5.454650e-11 2.336341e-27
245 2.738866e-10 2.738866e-10 5.462870e-11 4.745472e-28
246 8.285672e-11 8.285672e-11 5.467594e-11 1.292923e-26
247 2.507114e-11 2.507114e-11 5.471425e-11 3.233820e-27
248 7.582107e-12 7.582107e-12 5.473988e-11 9.753134e-29
249 2.288324e-12 2.288324e-12 5.466424e-11 2.275726e-29
250 6.940611e-13 6.940611e-13 5.462975e-11 2.548490e-29
x:  4.672939e-02 -3.186644e-01  3.525225e-01  1.544734e-02 -2.581867e-01 -5.495610e-02 -2.974392e-02 -1.984538e-01  3.513149e-01  2.887023e-01 -2.109105e-01  2.697775e-01  3.613175e-01 -9.272204e-02 -3.032940e-02  3.599073e-01  2.886137e-01 -3.762750e-01 -2.976459e-01  1.533023e-01 -4.617089e-02 -2.673804e-01  3.089141e-01 -3.776127e-01 -2.338995e-01  3.724628e-01  3.463700e-01 -9.775246e-03 -3.502986e-01  3.759691e-01  1.724002e-01  1.535780e-01  2.414402e-01 -2.119904e-01 -3.708975e-01  1.006389e-01  2.444613e-01  3.078265e-01 -3.114487e-01 -3.436950e-01 -1.612343e-01 -3.302909e-01 -3.622652e-01 -3.590224e-01  3.779432e-01  3.689076e-01  3.223595e-01  1.996945e-01  3.750647e-01  2.032491e-01  1.363270e-01 -3.776487e-01  2.760376e-01  3.739479e-01 -3.767923e-01  3.216726e-01 -1.394096e-01  2.439430e-01 -3.136460e-01 -2.647210e-01 -1.109361e-01 -3.664147e-01 -3.767456e-01  1.154293e-01  2.440475e-01  3.569755e-02 -2.329465e-01  3.454788e-01  3.751339e-01  2.671421e-01  2.177824e-01  1.630240e-02  2.968976e-01 -6.425453e-02 -1.512778e-01 -3.778380e-01 -1.419439e-01 -3.878669e-02  3.363560e-01 -3.453563e-01  2.907986e-01  3.129173e-01 -7.274733e-02  3.643200e-01  2.882635e-01  2.193171e-01 -2.141420e-01  1.572608e-01  3.418489e-01  1.837529e-01 -1.078010e-01 -1.181531e-01  4.017664e-03  8.224542e-02  1.973359e-01  3.209038e-01  3.716463e-01 -6.882006e-02  3.676305e-01  8.777745e-02  2.280536e-01 -3.014111e-01  3.645795e-01  9.969418e-02  2.212388e-01 -3.064481e-01 -3.941354e-02  3.759037e-01 -3.149584e-01 -2.089458e-01  3.253189e-01  1.924182e-01 -2.648213e-01  2.696791e-01 -2.658146e-02  3.770287e-01  2.426131e-01  2.898206e-01  3.073075e-01 -2.200437e-01 -2.745766e-01 -2.597399e-01 -6.844937e-03 -3.779024e-01  3.462192e-01  1.516224e-01  1.597092e-01 -3.425640e-01  3.692228e-01 -8.081826e-02  1.693386e-02 -3.775849e-01  8.677254e-02  3.678691e-01  3.067331e-01  2.208435e-01  7.285087e-02 -3.708772e-01 -3.371421e-01 -1.708577e-01  5.462975e-11
grad: -4.909887e-20 -2.010570e-20 -5.030117e-20  5.664426e-19 -2.080895e-19 -1.161667e-19 -4.105813e-19  3.123079e-19 -1.183402e-19 -3.897362e-20  1.596626e-19  1.295504e-19  5.798425e-20  1.876260e-19  3.250326e-19 -1.279620e-19 -1.939755e-19 -4.606429e-20  1.693175e-19 -2.873619e-19 -4.126593e-19 -3.358477e-19 -3.635711e-19 -8.300633e-21  5.526971e-21 -1.221301e-20 -6.200433e-20 -2.496263e-19  1.392591e-19  3.939334e-20  6.072917e-20 -2.829973e-19 -5.892063e-20  2.992237e-19  3.811817e-20  2.019652e-20 -3.838584e-19 -1.106061e-19  2.424189e-19 -7.957594e-20 -3.200540e-19 -3.407822e-20 -1.110857e-19  1.604930e-19  6.815806e-21  6.393492e-20  1.608007e-19  2.023984e-19  1.094085e-20 -1.173533e-20  1.204891e-19  2.228597e-20 -1.833235e-19 -6.047185e-21  2.314210e-20  1.953887e-19 -3.326687e-19  7.913911e-20 -8.393807e-20  1.443851e-19  2.078412e-19 -4.912892e-20 -2.641903e-20  4.480670e-19  2.012176e-19 -4.041763e-19 -2.182177e-19  1.514651e-19 -4.466355e-20 -3.133280e-19  5.108041e-19 -2.658257e-19  1.521619e-20 -1.104423e-19 -1.615940e-19  8.580786e-21 -4.009645e-19  3.679840e-19 -1.043246e-20 -1.345507e-19  6.528768e-20  2.015281e-19 -1.869910e-19  2.518010e-20  3.442579e-19  1.669928e-19 -3.404544e-19 -1.275596e-19 -1.358009e-19 -5.558073e-20  3.475672e-19 -5.384076e-19 -1.863496e-19 -2.853497e-19 -2.805757e-19 -1.253958e-19 -6.175151e-20 -3.636602e-19 -8.670099e-20  2.850118e-19  8.628741e-20  8.644662e-20 -3.360294e-20  9.252270e-20  8.748873e-20  8.566481e-20  6.884112e-21 -2.084370e-20  2.589109e-19 -4.107898e-19 -1.468882e-19  2.340658e-19  7.414953e-20  7.062798e-20  4.381730e-19  4.617746e-20 -8.561742e-20  5.383461e-20 -9.122099e-20 -1.299874e-19 -2.527310e-19  2.727658e-19 -4.132190e-19  1.971850e-20  1.293395e-19 -3.312110e-19 -8.121913e-19 -3.886251e-19 -4.314609e-20 -9.445115e-20  4.621759e-19  2.731307e-20  4.119540e-19 -9.429669e-20 -2.139805e-19  2.690133e-19  2.809873e-19  5.725637e-20 -2.233614e-19  4.399737e-19  6.940611e-13
finished in 250 iterations (0.373 seconds total)
max viol = 1.25014e-07
