---------------------
Basis Indices:
---------------------

{-, -, -, -, -, -, -}, {-, -, -, -, -, -, -}, {-, -, -, -, -, -, -}, {-, -, -, -, -, -, -}, {-, -, -, -, -, -, -}, {-, -, -, -, -, -, -}, {-, -, -, -, -, -, -}


{-, -, -, -, -, -, -}, {-, 57+i400, 58+i401, 59+i402, 60+i403, 61+i404, 62+i405}, {-, 64+i407, 65+i408, 66+i409, 67+i410, 68+i411, 69+i412}, {-, 71+i414, 72+i415, 73+i416, 74+i417, 75+i418, 76+i419}, {-, 78+i421, 79+i422, 80+i423, 81+i424, 82+i425, 83+i426}, {}, {}


{-, 99+i442, 100+i443, 101+i444, 102+i445, 103+i446, 104+i447}, {}, {}, {}, {}, {}, {}


{-, 148+i491, 149+i492, 150+i493, 151+i494, 152+i495, 153+i496}, {}, {}, {}, {}, {}, {}


{-, 197+i540, 198+i541, 199+i542, 200+i543, 201+i544, 202+i545}, {}, {}, {}, {}, {}, {}


{-, 246+i589, 247+i590, 248+i591, 249+i592, 250+i593, 251+i594}, {}, {}, {}, {}, {}, {}


{-, 295+i638, 296+i639, 297+i640, 298+i641, 299+i642, 300+i643}, {}, {}, {}, {}, {}, {}

---------------------
Index Mapping: 
---------------------

{745: 167, 744: 166, 743: 165, 742: 164, 741: 163, 740: 162, 739: 161, 738: 160, 737: 159, 736: 158, 735: 157, 734: 156, 733: 155, 732: 154, 731: 153, 730: 152, 729: 151, 728: 150, 727: 149, 726: 148, 725: 147, 724: 146, 723: 145, 722: 144, 721: 143, 720: 142, 719: 141, 718: 140, 717: 139, 710: 132, 709: 131, 708: 130, 707: 129, 706: 128, 705: 127, 404: 58, 403: 57, 149: 31, 402: 56, 401: 55, 400: 54, 299: 52, 426: 77, 247: 43, 716: 138, 202: 41, 150: 32, 407: 60, 148: 30, 405: 59, 104: 29, 246: 42, 69: 11, 68: 10, 67: 9, 66: 8, 704: 126, 447: 83, 65: 7, 703: 125, 446: 82, 300: 53, 64: 6, 702: 124, 445: 81, 298: 51, 425: 76, 62: 5, 700: 122, 443: 79, 697: 119, 297: 50, 424: 75, 61: 4, 699: 121, 442: 78, 696: 118, 296: 49, 423: 74, 60: 3, 695: 117, 295: 48, 422: 73, 59: 2, 694: 116, 248: 44, 71: 12, 712: 134, 198: 37, 100: 25, 58: 1, 693: 115, 57: 0, 692: 114, 249: 45, 72: 13, 713: 135, 199: 38, 101: 26, 250: 46, 73: 14, 714: 136, 200: 39, 102: 27, 251: 47, 74: 15, 715: 137, 201: 40, 103: 28, 711: 133, 197: 36, 81: 21, 75: 16, 589: 96, 82: 22, 76: 17, 590: 97, 83: 23, 591: 98, 99: 24, 151: 33, 408: 61, 152: 34, 409: 62, 153: 35, 410: 63, 411: 64, 412: 65, 414: 66, 541: 91, 415: 67, 542: 92, 416: 68, 543: 93, 417: 69, 544: 94, 418: 70, 545: 95, 419: 71, 421: 72, 701: 123, 444: 80, 698: 120, 491: 84, 492: 85, 493: 86, 494: 87, 495: 88, 496: 89, 540: 90, 78: 18, 592: 99, 79: 19, 593: 100, 80: 20, 594: 101, 638: 102, 639: 103, 640: 104, 641: 105, 642: 106, 643: 107, 686: 108, 687: 109, 688: 110, 689: 111, 690: 112, 691: 113}

---------------------
Final Problem: 
---------------------
Find a point satisfying:

1*{ 55 61} + 1*{ 57 63} + 1*{  4 10} + 1*{  2  8} + 1*{ 54 60} + 1*{ 59 65} + 1*{ 56 62} + 1*{  0  6} + 0.142857*{} + 1*{  5 11} + 1*{  1  7} + 1*{  3  9} + 1*{ 58 64} = 0 

-1*{  8 56} + 1*{  5 65} + -1*{  6 54} + -1*{ 10 58} + -1*{ 11 59} + 1*{  1 61} + 1*{  3 63} + 1*{  2 62} + 1*{  0 60} + -1*{  7 55} + -1*{  9 57} + 1*{  4 64} = 0 

1*{ 57 69} + 1*{  3 15} + 1*{ 58 70} + 1*{ 55 67} + 1*{  1 13} + 1*{ 56 68} + 1*{  4 16} + 1*{  2 14} + 1*{ 54 66} + 1*{  0 12} + 1*{ 59 71} + 1*{  5 17} + 0.142857*{} = 0 

-1*{ 13 55} + 1*{  5 71} + 1*{  0 66} + -1*{ 14 56} + -1*{ 16 58} + -1*{ 12 54} + -1*{ 15 57} + 1*{  1 67} + 1*{  3 69} + -1*{ 17 59} + 1*{  2 68} + 1*{  4 70} = 0 

1*{ 56 74} + 1*{  1 19} + 1*{  4 22} + 1*{  2 20} + 1*{ 54 72} + 1*{ 55 73} + 1*{ 57 75} + 1*{  0 18} + 1*{  3 21} + 1*{ 59 77} + 1*{  5 23} + 1*{ 58 76} + 0.142857*{} = 0 

1*{  0 72} + -1*{ 22 58} + 1*{  5 77} + -1*{ 18 54} + 1*{  2 74} + 1*{  4 76} + 1*{  1 73} + -1*{ 19 55} + -1*{ 20 56} + 1*{  3 75} + -1*{ 23 59} + -1*{ 21 57} = 0 

-0.142857*{} + 1*{109109} + 1*{108108} = 0 

1*{ 56 80} + 1*{  2 26} + 1*{ 58 82} + 0.142857*{} + 1*{  5 29} + 1*{ 54 78} + 1*{ 59 83} + -1*{108} + 1*{  0 24} + 1*{ 57 81} + 1*{  3 27} + 1*{  1 25} + 1*{  4 28} + 1*{ 55 79} = 0 

1*{  4 82} + 1*{  3 81} + -1*{ 29 59} + -1*{ 26 56} + 1*{  0 78} + -1*{109} + 1*{  1 79} + -1*{ 25 55} + 1*{  2 80} + -1*{ 28 58} + -1*{ 24 54} + -1*{ 27 57} + 1*{  5 83} = 0 

-0.142857*{} + 1*{111111} + 1*{110110} = 0 

1*{  4 34} + 1*{ 56 86} + -1*{110} + 0.142857*{} + 1*{ 54 84} + 1*{  3 33} + 1*{ 58 88} + 1*{ 57 87} + 1*{  1 31} + 1*{ 55 85} + 1*{  0 30} + 1*{ 59 89} + 1*{  5 35} + 1*{  2 32} = 0 

1*{  2 86} + 1*{  4 88} + -1*{ 31 55} + 1*{  0 84} + 1*{  5 89} + -1*{ 35 59} + 1*{  1 85} + 1*{  3 87} + -1*{ 33 57} + -1*{ 32 56} + -1*{111} + -1*{ 34 58} + -1*{ 30 54} = 0 

-0.142857*{} + 1*{113113} + 1*{112112} = 0 

1*{ 54 90} + -1*{112} + 1*{  3 39} + 1*{  4 40} + 1*{ 55 91} + 1*{  0 36} + 0.142857*{} + 1*{ 59 95} + 1*{  5 41} + 1*{ 57 93} + 1*{ 56 92} + 1*{ 58 94} + 1*{  2 38} + 1*{  1 37} = 0 

1*{  1 91} + -1*{ 40 58} + -1*{ 37 55} + 1*{  4 94} + 1*{  0 90} + -1*{ 39 57} + 1*{  3 93} + -1*{ 41 59} + 1*{  5 95} + -1*{ 38 56} + 1*{  2 92} + -1*{ 36 54} + -1*{113} = 0 

-0.142857*{} + 1*{115115} + 1*{114114} = 0 

1*{ 58100} + 1*{  1 43} + 1*{ 55 97} + 1*{  0 42} + 0.142857*{} + 1*{  4 46} + 1*{ 54 96} + 1*{  3 45} + 1*{ 56 98} + 1*{ 57 99} + 1*{ 59101} + -1*{114} + 1*{  2 44} + 1*{  5 47} = 0 

-1*{ 44 56} + -1*{ 43 55} + 1*{  4100} + -1*{115} + 1*{  3 99} + 1*{  1 97} + -1*{ 45 57} + -1*{ 46 58} + 1*{  0 96} + 1*{  5101} + 1*{  2 98} + -1*{ 42 54} + -1*{ 47 59} = 0 

-0.142857*{} + 1*{117117} + 1*{116116} = 0 

1*{  2 50} + 1*{  1 49} + 1*{  3 51} + 1*{ 57105} + 1*{ 55103} + 1*{ 56104} + -1*{116} + 1*{  0 48} + 1*{  5 53} + 1*{  4 52} + 1*{ 59107} + 1*{ 58106} + 1*{ 54102} + 0.142857*{} = 0 

-1*{ 48 54} + -1*{ 50 56} + -1*{ 52 58} + -1*{ 51 57} + -1*{117} + -1*{ 53 59} + 1*{  2104} + 1*{  0102} + 1*{  5107} + 1*{  3105} + 1*{  4106} + 1*{  1103} + -1*{ 49 55} = 0 

-0.142857*{} + 1*{ 54 54} + 1*{  0  0} = 0 

-0.142857*{} + 1*{ 55 55} + 1*{  1  1} = 0 

-0.142857*{} + 1*{ 56 56} + 1*{  2  2} = 0 

-0.142857*{} + 1*{ 57 57} + 1*{  3  3} = 0 

-0.142857*{} + 1*{ 58 58} + 1*{  4  4} = 0 

-0.142857*{} + 1*{ 59 59} + 1*{  5  5} = 0 

0.285714*{ 56 59} + 0.10799*{  2} + 0.285714*{ 58 59} + 0.285714*{  1  4} + 0.10799*{  5} + 0.10799*{  3} + 0.285714*{ 55 57} + 0.285714*{ 54 56} + 0.285714*{  0  5} + 0.285714*{ 57 58} + 0.285714*{ 54 55} + 0.10799*{  4} + 0.285714*{ 56 57} + 0.285714*{ 56 58} + 0.285714*{  3  5} + 0.285714*{ 55 56} + 0.285714*{  0  2} + 0.285714*{ 54 58} + 0.285714*{  0  4} + 0.285714*{  0  3} + 0.285714*{  2  4} + 0.285714*{  2  5} + 0.285714*{ 55 59} + 0.285714*{ 54 59} + 0.285714*{  3  4} + 0.285714*{ 54 57} + 0.10799*{  1} + 0.285714*{  0  1} + 0.285714*{  2  3} + 0.285714*{  1  2} + 0.285714*{ 55 58} + 0.285714*{  1  3} + 0.10799*{  0} + 0.285714*{  1  5} + 0.285714*{  4  5} + 0.285714*{ 57 59} = 0 

1*{  9 15} + 0.142857*{} + 1*{ 61 67} + 1*{  7 13} + 1*{ 63 69} + 1*{ 10 16} + 1*{ 60 66} + 1*{ 62 68} + 1*{ 64 70} + 1*{ 11 17} + 1*{  8 14} + 1*{ 65 71} + 1*{  6 12} = 0 

1*{  9 69} + -1*{ 14 62} + 1*{  8 68} + -1*{ 15 63} + 1*{  7 67} + -1*{ 13 61} + 1*{  6 66} + -1*{ 17 65} + -1*{ 12 60} + 1*{ 10 70} + -1*{ 16 64} + 1*{ 11 71} = 0 

1*{ 65 77} + 0.142857*{} + 1*{  8 20} + 1*{  7 19} + 1*{ 64 76} + 1*{ 61 73} + 1*{ 63 75} + 1*{  9 21} + 1*{  6 18} + 1*{ 11 23} + 1*{ 60 72} + 1*{ 62 74} + 1*{ 10 22} = 0 

1*{  9 75} + -1*{ 20 62} + -1*{ 19 61} + -1*{ 21 63} + 1*{  7 73} + 1*{  6 72} + 1*{  8 74} + -1*{ 18 60} + -1*{ 22 64} + 1*{ 10 76} + 1*{ 11 77} + -1*{ 23 65} = 0 

-0.142857*{} + 1*{119119} + 1*{118118} = 0 

1*{  9 27} + -1*{118} + 1*{ 11 29} + 1*{ 10 28} + 1*{ 62 80} + 1*{ 61 79} + 1*{ 65 83} + 1*{ 60 78} + 1*{ 64 82} + 1*{  6 24} + 1*{  7 25} + 1*{  8 26} + 1*{ 63 81} + 0.142857*{} = 0 

-1*{ 29 65} + 1*{  8 80} + 1*{  6 78} + -1*{ 24 60} + -1*{ 26 62} + -1*{119} + 1*{  7 79} + -1*{ 27 63} + 1*{  9 81} + 1*{ 11 83} + 1*{ 10 82} + -1*{ 25 61} + -1*{ 28 64} = 0 

-0.142857*{} + 1*{121121} + 1*{120120} = 0 

1*{  8 32} + 1*{  7 31} + 1*{  9 33} + 1*{ 11 35} + 1*{ 64 88} + 1*{ 10 34} + 1*{ 60 84} + 1*{ 62 86} + -1*{120} + 1*{ 63 87} + 1*{  6 30} + 1*{ 65 89} + 0.142857*{} + 1*{ 61 85} = 0 

-1*{ 31 61} + -1*{ 33 63} + 1*{  7 85} + 1*{ 10 88} + 1*{  9 87} + -1*{ 30 60} + -1*{ 32 62} + 1*{  6 84} + 1*{  8 86} + 1*{ 11 89} + -1*{ 34 64} + -1*{ 35 65} + -1*{121} = 0 

-0.142857*{} + 1*{122122} + 1*{123123} = 0 

1*{ 63 93} + 1*{  6 36} + 0.142857*{} + 1*{ 11 41} + 1*{ 10 40} + 1*{ 60 90} + 1*{ 65 95} + 1*{  7 37} + 1*{ 61 91} + 1*{  9 39} + -1*{122} + 1*{  8 38} + 1*{ 62 92} + 1*{ 64 94} = 0 

1*{  8 92} + -1*{123} + -1*{ 39 63} + -1*{ 36 60} + 1*{  7 91} + -1*{ 37 61} + 1*{  6 90} + -1*{ 41 65} + -1*{ 38 62} + 1*{ 11 95} + 1*{ 10 94} + 1*{  9 93} + -1*{ 40 64} = 0 

-0.142857*{} + 1*{125125} + 1*{124124} = 0 

1*{  7 43} + 1*{  9 45} + 1*{ 61 97} + 1*{ 60 96} + 1*{  8 44} + 1*{ 11 47} + 1*{ 63 99} + 1*{  6 42} + 1*{ 64100} + -1*{124} + 0.142857*{} + 1*{ 62 98} + 1*{ 65101} + 1*{ 10 46} = 0 

-1*{ 47 65} + -1*{ 45 63} + 1*{  7 97} + -1*{125} + 1*{  6 96} + 1*{  9 99} + -1*{ 42 60} + 1*{ 10100} + 1*{  8 98} + -1*{ 46 64} + -1*{ 44 62} + -1*{ 43 61} + 1*{ 11101} = 0 

-0.142857*{} + 1*{127127} + 1*{126126} = 0 

0.142857*{} + 1*{ 60102} + 1*{ 62104} + -1*{126} + 1*{ 65107} + 1*{ 64106} + 1*{ 61103} + 1*{  7 49} + 1*{ 11 53} + 1*{ 63105} + 1*{ 10 52} + 1*{  9 51} + 1*{  6 48} + 1*{  8 50} = 0 

-1*{ 51 63} + 1*{ 11107} + 1*{ 10106} + -1*{ 50 62} + 1*{  9105} + -1*{127} + -1*{ 49 61} + 1*{  7103} + 1*{  8104} + -1*{ 48 60} + -1*{ 53 65} + -1*{ 52 64} + 1*{  6102} = 0 

-0.142857*{} + 1*{ 60 60} + 1*{  6  6} = 0 

-0.142857*{} + 1*{  7  7} + 1*{ 61 61} = 0 

-0.142857*{} + 1*{ 62 62} + 1*{  8  8} = 0 

-0.142857*{} + 1*{ 63 63} + 1*{  9  9} = 0 

-0.142857*{} + 1*{ 64 64} + 1*{ 10 10} = 0 

-0.142857*{} + 1*{ 65 65} + 1*{ 11 11} = 0 

0.10799*{  9} + 0.285714*{ 63 64} + 0.285714*{ 60 65} + 0.285714*{  8 10} + 0.285714*{  7  8} + 0.285714*{ 60 61} + 0.285714*{  7 11} + 0.10799*{  6} + 0.285714*{  6  9} + 0.285714*{  8 11} + 0.285714*{ 61 63} + 0.285714*{ 61 64} + 0.285714*{  9 11} + 0.285714*{ 60 64} + 0.10799*{ 11} + 0.10799*{  7} + 0.285714*{ 62 64} + 0.285714*{  7 10} + 0.285714*{ 62 63} + 0.285714*{ 61 65} + 0.285714*{  6 10} + 0.285714*{  9 10} + 0.285714*{ 10 11} + 0.10799*{ 10} + 0.10799*{  8} + 0.285714*{  8  9} + 0.285714*{  6  8} + 0.285714*{ 61 62} + 0.285714*{ 62 65} + 0.285714*{  6  7} + 0.285714*{  6 11} + 0.285714*{ 60 63} + 0.285714*{ 60 62} + 0.285714*{  7  9} + 0.285714*{ 64 65} + 0.285714*{ 63 65} = 0 

0.142857*{} + 1*{ 70 76} + 1*{ 69 75} + 1*{ 67 73} + 1*{ 15 21} + 1*{ 16 22} + 1*{ 12 18} + 1*{ 14 20} + 1*{ 68 74} + 1*{ 13 19} + 1*{ 71 77} + 1*{ 17 23} + 1*{ 66 72} = 0 

-1*{ 19 67} + 1*{ 16 76} + -1*{ 20 68} + -1*{ 23 71} + -1*{ 18 66} + 1*{ 14 74} + 1*{ 12 72} + -1*{ 22 70} + 1*{ 13 73} + -1*{ 21 69} + 1*{ 15 75} + 1*{ 17 77} = 0 

-0.142857*{} + 1*{129129} + 1*{128128} = 0 

1*{ 66 78} + 1*{ 13 25} + 1*{ 12 24} + 1*{ 70 82} + 0.142857*{} + 1*{ 15 27} + 1*{ 71 83} + -1*{128} + 1*{ 69 81} + 1*{ 67 79} + 1*{ 14 26} + 1*{ 68 80} + 1*{ 17 29} + 1*{ 16 28} = 0 

1*{ 15 81} + -1*{ 24 66} + 1*{ 13 79} + -1*{ 27 69} + 1*{ 17 83} + -1*{ 26 68} + -1*{129} + 1*{ 14 80} + -1*{ 28 70} + -1*{ 29 71} + -1*{ 25 67} + 1*{ 16 82} + 1*{ 12 78} = 0 

-0.142857*{} + 1*{131131} + 1*{130130} = 0 

1*{ 66 84} + 1*{ 67 85} + 1*{ 13 31} + 1*{ 69 87} + 1*{ 15 33} + -1*{130} + 0.142857*{} + 1*{ 71 89} + 1*{ 12 30} + 1*{ 14 32} + 1*{ 16 34} + 1*{ 70 88} + 1*{ 68 86} + 1*{ 17 35} = 0 

1*{ 12 84} + -1*{ 32 68} + -1*{131} + 1*{ 13 85} + -1*{ 34 70} + 1*{ 14 86} + -1*{ 31 67} + 1*{ 15 87} + -1*{ 30 66} + 1*{ 16 88} + -1*{ 35 71} + -1*{ 33 69} + 1*{ 17 89} = 0 

-0.142857*{} + 1*{133133} + 1*{132132} = 0 

1*{ 67 91} + 0.142857*{} + 1*{ 16 40} + 1*{ 12 36} + 1*{ 66 90} + 1*{ 15 39} + 1*{ 13 37} + 1*{ 71 95} + 1*{ 68 92} + 1*{ 70 94} + 1*{ 14 38} + 1*{ 17 41} + -1*{132} + 1*{ 69 93} = 0 

1*{ 13 91} + 1*{ 17 95} + 1*{ 16 94} + 1*{ 15 93} + -1*{ 40 70} + 1*{ 14 92} + -1*{ 39 69} + 1*{ 12 90} + -1*{133} + -1*{ 36 66} + -1*{ 38 68} + -1*{ 37 67} + -1*{ 41 71} = 0 

-0.142857*{} + 1*{135135} + 1*{134134} = 0 

1*{ 68 98} + -1*{134} + 1*{ 14 44} + 1*{ 13 43} + 0.142857*{} + 1*{ 71101} + 1*{ 70100} + 1*{ 17 47} + 1*{ 15 45} + 1*{ 69 99} + 1*{ 66 96} + 1*{ 16 46} + 1*{ 67 97} + 1*{ 12 42} = 0 

1*{ 14 98} + 1*{ 13 97} + -1*{ 42 66} + -1*{ 47 71} + -1*{135} + 1*{ 12 96} + -1*{ 45 69} + -1*{ 43 67} + -1*{ 46 70} + 1*{ 16100} + 1*{ 15 99} + 1*{ 17101} + -1*{ 44 68} = 0 

-0.142857*{} + 1*{137137} + 1*{136136} = 0 

1*{ 66102} + 1*{ 16 52} + 1*{ 13 49} + -1*{136} + 1*{ 15 51} + 0.142857*{} + 1*{ 70106} + 1*{ 71107} + 1*{ 12 48} + 1*{ 67103} + 1*{ 68104} + 1*{ 69105} + 1*{ 14 50} + 1*{ 17 53} = 0 

1*{ 14104} + 1*{ 13103} + -1*{ 52 70} + -1*{ 49 67} + -1*{137} + -1*{ 48 66} + -1*{ 50 68} + 1*{ 12102} + 1*{ 16106} + 1*{ 15105} + -1*{ 51 69} + -1*{ 53 71} + 1*{ 17107} = 0 

-0.142857*{} + 1*{ 66 66} + 1*{ 12 12} = 0 

-0.142857*{} + 1*{ 67 67} + 1*{ 13 13} = 0 

-0.142857*{} + 1*{ 68 68} + 1*{ 14 14} = 0 

-0.142857*{} + 1*{ 69 69} + 1*{ 15 15} = 0 

-0.142857*{} + 1*{ 70 70} + 1*{ 16 16} = 0 

-0.142857*{} + 1*{ 71 71} + 1*{ 17 17} = 0 

0.285714*{ 12 14} + 0.285714*{ 12 15} + 0.10799*{ 16} + 0.285714*{ 15 17} + 0.10799*{ 14} + 0.10799*{ 17} + 0.285714*{ 13 17} + 0.285714*{ 69 70} + 0.285714*{ 16 17} + 0.285714*{ 69 71} + 0.285714*{ 12 17} + 0.285714*{ 68 69} + 0.285714*{ 13 14} + 0.285714*{ 14 16} + 0.285714*{ 67 68} + 0.285714*{ 12 16} + 0.285714*{ 68 70} + 0.285714*{ 15 16} + 0.285714*{ 67 70} + 0.285714*{ 67 69} + 0.285714*{ 66 71} + 0.285714*{ 67 71} + 0.285714*{ 66 67} + 0.285714*{ 14 17} + 0.10799*{ 15} + 0.10799*{ 12} + 0.285714*{ 13 15} + 0.285714*{ 66 69} + 0.285714*{ 66 68} + 0.285714*{ 70 71} + 0.285714*{ 12 13} + 0.285714*{ 68 71} + 0.10799*{ 13} + 0.285714*{ 13 16} + 0.285714*{ 66 70} + 0.285714*{ 14 15} = 0 

-0.142857*{} + 1*{138138} + 1*{139139} = 0 

1*{ 73 79} + 1*{ 75 81} + 0.142857*{} + 1*{ 18 24} + -1*{138} + 1*{ 20 26} + 1*{ 72 78} + 1*{ 23 29} + 1*{ 74 80} + 1*{ 77 83} + 1*{ 76 82} + 1*{ 21 27} + 1*{ 19 25} + 1*{ 22 28} = 0 

1*{ 20 80} + -1*{ 27 75} + -1*{ 24 72} + -1*{ 26 74} + 1*{ 22 82} + 1*{ 19 79} + -1*{ 28 76} + 1*{ 21 81} + 1*{ 23 83} + 1*{ 18 78} + -1*{ 25 73} + -1*{ 29 77} + -1*{139} = 0 

-0.142857*{} + 1*{141141} + 1*{140140} = 0 

-1*{140} + 1*{ 73 85} + 1*{ 76 88} + 1*{ 20 32} + 1*{ 19 31} + 1*{ 18 30} + 1*{ 74 86} + 1*{ 75 87} + 1*{ 23 35} + 1*{ 77 89} + 1*{ 72 84} + 0.142857*{} + 1*{ 22 34} + 1*{ 21 33} = 0 

-1*{ 32 74} + 1*{ 22 88} + -1*{ 33 75} + -1*{ 31 73} + 1*{ 20 86} + 1*{ 21 87} + 1*{ 18 84} + 1*{ 23 89} + -1*{ 30 72} + 1*{ 19 85} + -1*{ 35 77} + -1*{ 34 76} + -1*{141} = 0 

-0.142857*{} + 1*{143143} + 1*{142142} = 0 

1*{ 20 38} + 1*{ 23 41} + 1*{ 76 94} + 1*{ 19 37} + 1*{ 18 36} + -1*{142} + 0.142857*{} + 1*{ 74 92} + 1*{ 22 40} + 1*{ 21 39} + 1*{ 73 91} + 1*{ 75 93} + 1*{ 72 90} + 1*{ 77 95} = 0 

1*{ 23 95} + 1*{ 20 92} + -1*{ 36 72} + -1*{ 39 75} + 1*{ 19 91} + -1*{143} + -1*{ 37 73} + -1*{ 38 74} + 1*{ 18 90} + -1*{ 40 76} + 1*{ 22 94} + 1*{ 21 93} + -1*{ 41 77} = 0 

-0.142857*{} + 1*{145145} + 1*{144144} = 0 

1*{ 75 99} + 1*{ 74 98} + 1*{ 77101} + 1*{ 73 97} + -1*{144} + 1*{ 22 46} + 1*{ 21 45} + 1*{ 19 43} + 1*{ 18 42} + 1*{ 20 44} + 1*{ 76100} + 0.142857*{} + 1*{ 23 47} + 1*{ 72 96} = 0 

-1*{ 45 75} + -1*{ 43 73} + 1*{ 22100} + 1*{ 20 98} + -1*{ 47 77} + 1*{ 21 99} + 1*{ 18 96} + -1*{ 42 72} + 1*{ 19 97} + -1*{ 44 74} + -1*{145} + 1*{ 23101} + -1*{ 46 76} = 0 

-0.142857*{} + 1*{147147} + 1*{146146} = 0 

1*{ 77107} + 1*{ 75105} + 1*{ 21 51} + 1*{ 22 52} + 1*{ 76106} + -1*{146} + 1*{ 18 48} + 1*{ 72102} + 1*{ 74104} + 1*{ 23 53} + 1*{ 20 50} + 0.142857*{} + 1*{ 73103} + 1*{ 19 49} = 0 

1*{ 19103} + 1*{ 23107} + 1*{ 20104} + 1*{ 22106} + -1*{ 50 74} + -1*{ 52 76} + -1*{ 53 77} + 1*{ 21105} + 1*{ 18102} + -1*{ 48 72} + -1*{147} + -1*{ 49 73} + -1*{ 51 75} = 0 

-0.142857*{} + 1*{ 72 72} + 1*{ 18 18} = 0 

-0.142857*{} + 1*{ 73 73} + 1*{ 19 19} = 0 

-0.142857*{} + 1*{ 74 74} + 1*{ 20 20} = 0 

-0.142857*{} + 1*{ 75 75} + 1*{ 21 21} = 0 

-0.142857*{} + 1*{ 76 76} + 1*{ 22 22} = 0 

1*{ 77 77} + -0.142857*{} + 1*{ 23 23} = 0 

0.285714*{ 72 74} + 0.10799*{ 19} + 0.285714*{ 72 75} + 0.10799*{ 20} + 0.285714*{ 20 21} + 0.285714*{ 73 74} + 0.285714*{ 72 76} + 0.285714*{ 19 23} + 0.285714*{ 72 73} + 0.285714*{ 74 77} + 0.10799*{ 18} + 0.285714*{ 74 75} + 0.285714*{ 75 76} + 0.285714*{ 19 20} + 0.285714*{ 73 77} + 0.285714*{ 18 21} + 0.285714*{ 19 21} + 0.10799*{ 23} + 0.285714*{ 20 22} + 0.285714*{ 22 23} + 0.285714*{ 72 77} + 0.285714*{ 73 75} + 0.285714*{ 18 20} + 0.285714*{ 20 23} + 0.285714*{ 19 22} + 0.285714*{ 18 19} + 0.285714*{ 21 22} + 0.285714*{ 75 77} + 0.285714*{ 76 77} + 0.10799*{ 21} + 0.285714*{ 73 76} + 0.285714*{ 21 23} + 0.10799*{ 22} + 0.285714*{ 18 22} + 0.285714*{ 74 76} + 0.285714*{ 18 23} = 0 

-0.142857*{} + 1*{149149} + 1*{148148} = 0 

1*{ 26 32} + 1*{ 27 33} + 1*{ 25 31} + 0.142857*{} + 1*{ 80 86} + 1*{ 28 34} + 1*{ 82 88} + 1*{ 81 87} + 1*{ 24 30} + 1*{ 29 35} + 1*{ 83 89} + -1*{148} + 1*{ 79 85} + 1*{ 78 84} = 0 

-1*{ 32 80} + 1*{ 25 85} + -1*{ 31 79} + -1*{ 30 78} + 1*{ 27 87} + 1*{ 24 84} + 1*{ 26 86} + -1*{ 33 81} + -1*{ 34 82} + 1*{ 28 88} + 1*{ 29 89} + -1*{149} + -1*{ 35 83} = 0 

-0.142857*{} + 1*{151151} + 1*{150150} = 0 

1*{ 28 40} + 1*{ 27 39} + 1*{ 81 93} + 1*{ 26 38} + 1*{ 83 95} + 1*{ 29 41} + 1*{ 80 92} + 1*{ 25 37} + 1*{ 79 91} + 0.142857*{} + 1*{ 78 90} + 1*{ 82 94} + 1*{ 24 36} + -1*{150} = 0 

1*{ 27 93} + -1*{ 41 83} + 1*{ 26 92} + -1*{ 36 78} + 1*{ 24 90} + -1*{ 38 80} + -1*{ 37 79} + -1*{ 40 82} + 1*{ 25 91} + -1*{ 39 81} + 1*{ 29 95} + 1*{ 28 94} + -1*{151} = 0 

1*{153153} + -0.142857*{} + 1*{152152} = 0 

1*{ 26 44} + 1*{ 83101} + 1*{ 29 47} + 0.142857*{} + 1*{ 81 99} + 1*{ 78 96} + 1*{ 27 45} + 1*{ 79 97} + -1*{152} + 1*{ 28 46} + 1*{ 80 98} + 1*{ 24 42} + 1*{ 82100} + 1*{ 25 43} = 0 

1*{ 24 96} + -1*{ 44 80} + 1*{ 27 99} + -1*{153} + 1*{ 28100} + -1*{ 45 81} + -1*{ 46 82} + 1*{ 26 98} + -1*{ 43 79} + -1*{ 42 78} + 1*{ 29101} + 1*{ 25 97} + -1*{ 47 83} = 0 

-0.142857*{} + 1*{155155} + 1*{154154} = 0 

1*{ 26 50} + -1*{154} + 0.142857*{} + 1*{ 29 53} + 1*{ 25 49} + 1*{ 24 48} + 1*{ 78102} + 1*{ 80104} + 1*{ 81105} + 1*{ 79103} + 1*{ 28 52} + 1*{ 27 51} + 1*{ 83107} + 1*{ 82106} = 0 

1*{ 26104} + 1*{ 24102} + -1*{ 48 78} + -1*{ 50 80} + 1*{ 28106} + 1*{ 27105} + -1*{ 49 79} + 1*{ 29107} + -1*{ 52 82} + -1*{ 51 81} + -1*{ 53 83} + 1*{ 25103} + -1*{155} = 0 

-0.142857*{} + 1*{ 78 78} + 1*{ 24 24} = 0 

-0.142857*{} + 1*{ 79 79} + 1*{ 25 25} = 0 

-0.142857*{} + 1*{ 80 80} + 1*{ 26 26} = 0 

-0.142857*{} + 1*{ 81 81} + 1*{ 27 27} = 0 

-0.142857*{} + 1*{ 82 82} + 1*{ 28 28} = 0 

-0.142857*{} + 1*{ 83 83} + 1*{ 29 29} = 0 

0.285714*{ 24 26} + 0.285714*{ 24 27} + 0.285714*{ 78 79} + 0.285714*{ 26 27} + 0.285714*{ 28 29} + 0.285714*{ 79 80} + 0.285714*{ 82 83} + 0.285714*{ 81 82} + 0.285714*{ 26 29} + 0.10799*{ 25} + 0.10799*{ 24} + 0.10799*{ 28} + 0.285714*{ 80 81} + 0.10799*{ 26} + 0.285714*{ 80 83} + 0.285714*{ 79 82} + 0.10799*{ 27} + 0.285714*{ 78 80} + 0.285714*{ 24 28} + 0.285714*{ 25 26} + 0.285714*{ 78 83} + 0.285714*{ 24 29} + 0.285714*{ 79 83} + 0.285714*{ 25 27} + 0.285714*{ 27 28} + 0.285714*{ 78 82} + 0.285714*{ 25 29} + 0.285714*{ 26 28} + 0.285714*{ 27 29} + 0.285714*{ 79 81} + 0.285714*{ 24 25} + 0.285714*{ 80 82} + 0.10799*{ 29} + 0.285714*{ 25 28} + 0.285714*{ 81 83} + 0.285714*{ 78 81} = 0 

-0.142857*{} + 1*{157157} + 1*{156156} = 0 

1*{ 85 91} + 1*{ 86 92} + 1*{ 30 36} + 1*{ 88 94} + 0.142857*{} + 1*{ 84 90} + -1*{156} + 1*{ 35 41} + 1*{ 34 40} + 1*{ 89 95} + 1*{ 32 38} + 1*{ 87 93} + 1*{ 33 39} + 1*{ 31 37} = 0 

-1*{ 36 84} + 1*{ 32 92} + -1*{ 41 89} + 1*{ 33 93} + 1*{ 34 94} + 1*{ 31 91} + 1*{ 30 90} + -1*{ 39 87} + -1*{ 37 85} + 1*{ 35 95} + -1*{ 38 86} + -1*{ 40 88} + -1*{157} = 0 

-0.142857*{} + 1*{159159} + 1*{158158} = 0 

1*{ 88100} + 1*{ 32 44} + 1*{ 34 46} + 1*{ 33 45} + 1*{ 86 98} + 1*{ 84 96} + -1*{158} + 1*{ 89101} + 1*{ 31 43} + 1*{ 30 42} + 1*{ 87 99} + 1*{ 85 97} + 0.142857*{} + 1*{ 35 47} = 0 

1*{ 34100} + -1*{ 43 85} + -1*{ 44 86} + 1*{ 31 97} + 1*{ 33 99} + -1*{ 46 88} + 1*{ 32 98} + 1*{ 30 96} + -1*{ 47 89} + -1*{ 45 87} + 1*{ 35101} + -1*{ 42 84} + -1*{159} = 0 

-0.142857*{} + 1*{161161} + 1*{160160} = 0 

1*{ 31 49} + 1*{ 32 50} + 1*{ 33 51} + 1*{ 34 52} + 0.142857*{} + 1*{ 89107} + 1*{ 84102} + -1*{160} + 1*{ 35 53} + 1*{ 87105} + 1*{ 88106} + 1*{ 30 48} + 1*{ 85103} + 1*{ 86104} = 0 

1*{ 32104} + 1*{ 34106} + -1*{ 48 84} + -1*{ 50 86} + 1*{ 31103} + 1*{ 33105} + -1*{ 49 85} + 1*{ 30102} + 1*{ 35107} + -1*{161} + -1*{ 51 87} + -1*{ 52 88} + -1*{ 53 89} = 0 

-0.142857*{} + 1*{ 84 84} + 1*{ 30 30} = 0 

1*{ 85 85} + -0.142857*{} + 1*{ 31 31} = 0 

-0.142857*{} + 1*{ 86 86} + 1*{ 32 32} = 0 

-0.142857*{} + 1*{ 33 33} + 1*{ 87 87} = 0 

-0.142857*{} + 1*{ 88 88} + 1*{ 34 34} = 0 

-0.142857*{} + 1*{ 89 89} + 1*{ 35 35} = 0 

0.285714*{ 84 89} + 0.285714*{ 33 34} + 0.285714*{ 32 33} + 0.285714*{ 30 33} + 0.285714*{ 30 32} + 0.285714*{ 87 88} + 0.285714*{ 85 88} + 0.285714*{ 84 87} + 0.10799*{ 30} + 0.285714*{ 30 31} + 0.285714*{ 31 35} + 0.10799*{ 34} + 0.285714*{ 86 87} + 0.285714*{ 31 32} + 0.10799*{ 31} + 0.285714*{ 31 33} + 0.285714*{ 84 88} + 0.285714*{ 34 35} + 0.285714*{ 85 89} + 0.285714*{ 85 86} + 0.285714*{ 30 35} + 0.285714*{ 86 89} + 0.285714*{ 85 87} + 0.285714*{ 32 35} + 0.285714*{ 87 89} + 0.285714*{ 33 35} + 0.285714*{ 31 34} + 0.285714*{ 84 86} + 0.10799*{ 33} + 0.285714*{ 32 34} + 0.285714*{ 84 85} + 0.285714*{ 86 88} + 0.285714*{ 88 89} + 0.10799*{ 35} + 0.10799*{ 32} + 0.285714*{ 30 34} = 0 

-0.142857*{} + 1*{163163} + 1*{162162} = 0 

-1*{162} + 1*{ 92 98} + 1*{ 90 96} + 1*{ 38 44} + 1*{ 94100} + 1*{ 36 42} + 0.142857*{} + 1*{ 95101} + 1*{ 41 47} + 1*{ 37 43} + 1*{ 40 46} + 1*{ 93 99} + 1*{ 91 97} + 1*{ 39 45} = 0 

1*{ 38 98} + 1*{ 37 97} + -1*{ 47 95} + -1*{ 45 93} + -1*{ 43 91} + -1*{ 46 94} + 1*{ 41101} + -1*{163} + 1*{ 39 99} + 1*{ 36 96} + -1*{ 44 92} + -1*{ 42 90} + 1*{ 40100} = 0 

-0.142857*{} + 1*{165165} + 1*{164164} = 0 

1*{ 38 50} + 1*{ 92104} + 1*{ 39 51} + 1*{ 93105} + -1*{164} + 1*{ 40 52} + 1*{ 37 49} + 1*{ 36 48} + 0.142857*{} + 1*{ 94106} + 1*{ 91103} + 1*{ 41 53} + 1*{ 95107} + 1*{ 90102} = 0 

1*{ 38104} + 1*{ 41107} + -1*{ 49 91} + 1*{ 39105} + -1*{ 51 93} + -1*{ 48 90} + 1*{ 36102} + 1*{ 37103} + -1*{ 52 94} + -1*{ 53 95} + -1*{165} + -1*{ 50 92} + 1*{ 40106} = 0 

-0.142857*{} + 1*{ 90 90} + 1*{ 36 36} = 0 

-0.142857*{} + 1*{ 91 91} + 1*{ 37 37} = 0 

-0.142857*{} + 1*{ 38 38} + 1*{ 92 92} = 0 

-0.142857*{} + 1*{ 93 93} + 1*{ 39 39} = 0 

-0.142857*{} + 1*{ 94 94} + 1*{ 40 40} = 0 

-0.142857*{} + 1*{ 95 95} + 1*{ 41 41} = 0 

0.10799*{ 41} + 0.285714*{ 91 95} + 0.285714*{ 90 93} + 0.285714*{ 37 40} + 0.285714*{ 38 40} + 0.285714*{ 92 94} + 0.10799*{ 40} + 0.10799*{ 38} + 0.285714*{ 36 37} + 0.285714*{ 91 93} + 0.285714*{ 92 95} + 0.285714*{ 36 39} + 0.285714*{ 91 92} + 0.285714*{ 90 92} + 0.285714*{ 36 38} + 0.285714*{ 92 93} + 0.285714*{ 38 39} + 0.285714*{ 39 41} + 0.285714*{ 37 41} + 0.285714*{ 90 95} + 0.285714*{ 36 41} + 0.285714*{ 91 94} + 0.285714*{ 38 41} + 0.285714*{ 94 95} + 0.285714*{ 37 38} + 0.285714*{ 93 94} + 0.10799*{ 37} + 0.285714*{ 93 95} + 0.285714*{ 90 91} + 0.285714*{ 36 40} + 0.285714*{ 39 40} + 0.285714*{ 37 39} + 0.10799*{ 39} + 0.10799*{ 36} + 0.285714*{ 90 94} + 0.285714*{ 40 41} = 0 

-0.142857*{} + 1*{167167} + 1*{166166} = 0 

1*{ 99105} + -1*{166} + 0.142857*{} + 1*{ 42 48} + 1*{ 46 52} + 1*{101107} + 1*{ 96102} + 1*{ 45 51} + 1*{100106} + 1*{ 98104} + 1*{ 47 53} + 1*{ 97103} + 1*{ 43 49} + 1*{ 44 50} = 0 

-1*{ 53101} + 1*{ 42102} + 1*{ 44104} + -1*{ 52100} + -1*{ 50 98} + -1*{ 49 97} + 1*{ 45105} + -1*{ 48 96} + 1*{ 43103} + 1*{ 46106} + -1*{167} + -1*{ 51 99} + 1*{ 47107} = 0 

-0.142857*{} + 1*{ 96 96} + 1*{ 42 42} = 0 

-0.142857*{} + 1*{ 97 97} + 1*{ 43 43} = 0 

-0.142857*{} + 1*{ 98 98} + 1*{ 44 44} = 0 

1*{ 99 99} + -0.142857*{} + 1*{ 45 45} = 0 

-0.142857*{} + 1*{100100} + 1*{ 46 46} = 0 

-0.142857*{} + 1*{101101} + 1*{ 47 47} = 0 

0.285714*{100101} + 0.285714*{ 98101} + 0.285714*{ 99101} + 0.285714*{ 43 44} + 0.10799*{ 45} + 0.285714*{ 43 45} + 0.285714*{ 45 46} + 0.285714*{ 97 99} + 0.285714*{ 42 44} + 0.285714*{ 43 47} + 0.285714*{ 96 98} + 0.285714*{ 42 47} + 0.285714*{ 44 45} + 0.285714*{ 99100} + 0.285714*{ 97 98} + 0.285714*{ 98100} + 0.285714*{ 96 99} + 0.285714*{ 42 45} + 0.285714*{ 97100} + 0.285714*{ 97101} + 0.10799*{ 46} + 0.10799*{ 42} + 0.285714*{ 98 99} + 0.10799*{ 47} + 0.285714*{ 96 97} + 0.10799*{ 43} + 0.285714*{ 43 46} + 0.285714*{ 42 46} + 0.10799*{ 44} + 0.285714*{ 45 47} + 0.285714*{ 96100} + 0.285714*{ 42 43} + 0.285714*{ 44 46} + 0.285714*{ 44 47} + 0.285714*{ 46 47} + 0.285714*{ 96101} = 0 

1*{ 48 48} + -0.142857*{} + 1*{102102} = 0 

-0.142857*{} + 1*{103103} + 1*{ 49 49} = 0 

-0.142857*{} + 1*{104104} + 1*{ 50 50} = 0 

-0.142857*{} + 1*{105105} + 1*{ 51 51} = 0 

-0.142857*{} + 1*{106106} + 1*{ 52 52} = 0 

-0.142857*{} + 1*{ 53 53} + 1*{107107} = 0 

0.285714*{ 52 53} + 0.285714*{104106} + 0.10799*{ 48} + 0.285714*{102105} + 0.285714*{ 48 49} + 0.285714*{ 49 51} + 0.285714*{ 49 53} + 0.285714*{ 50 52} + 0.285714*{106107} + 0.285714*{102107} + 0.285714*{102104} + 0.285714*{ 50 51} + 0.10799*{ 52} + 0.285714*{ 49 52} + 0.285714*{ 51 53} + 0.285714*{105106} + 0.285714*{105107} + 0.285714*{104105} + 0.10799*{ 53} + 0.285714*{ 49 50} + 0.285714*{103104} + 0.285714*{ 48 50} + 0.285714*{ 51 52} + 0.285714*{103106} + 0.285714*{ 48 52} + 0.285714*{104107} + 0.285714*{ 50 53} + 0.285714*{102103} + 0.10799*{ 51} + 0.285714*{ 48 51} + 0.285714*{ 48 53} + 0.10799*{ 49} + 0.285714*{102106} + 0.285714*{103107} + 0.285714*{103105} + 0.10799*{ 50} = 0 

-2048*{  6} + -1*{ 65} + 512*{  5} + 128*{ 55} + 8*{ 57} + 1024*{ 54} + 16*{  3} + -8*{ 63} + 1*{ 59} + -256*{  7} + 256*{  1} + -512*{ 11} + 64*{  2} + -32*{ 62} + 4*{  4} + -64*{  8} + -2*{ 64} + -1024*{ 60} + 2*{ 58} + 32*{ 56} + 2048*{  0} + -4*{ 10} + -16*{  9} + -128*{ 61} > 0 

2048*{  6} + -8*{ 69} + 1024*{ 60} + 1*{ 65} + -64*{ 14} + -4*{ 16} + -1024*{ 66} + 8*{ 63} + -32*{ 68} + 32*{ 62} + -2*{ 70} + -256*{ 13} + 256*{  7} + 512*{ 11} + -512*{ 17} + 128*{ 61} + -16*{ 15} + -2048*{ 12} + 4*{ 10} + 16*{  9} + 2*{ 64} + -1*{ 71} + -128*{ 67} + 64*{  8} > 0 

512*{ 17} + -2*{ 76} + 2*{ 70} + 128*{ 67} + -512*{ 23} + 1*{ 71} + 1024*{ 66} + -8*{ 75} + 64*{ 14} + -4*{ 22} + -128*{ 73} + -1*{ 77} + 4*{ 16} + -2048*{ 18} + -16*{ 21} + 32*{ 68} + 8*{ 69} + -1024*{ 72} + 2048*{ 12} + -32*{ 74} + 16*{ 15} + -256*{ 19} + -64*{ 20} + 256*{ 13} > 0 

-512*{ 29} + -2*{ 82} + -1*{ 83} + 512*{  5} + -1024*{ 78} + 128*{ 55} + 1*{ 59} + -256*{ 25} + 256*{  1} + 64*{  2} + -64*{ 26} + 4*{  4} + -32*{ 80} + 8*{ 57} + -8*{ 81} + -16*{ 27} + -4*{ 28} + -2048*{ 24} + 32*{ 56} + 2*{ 58} + 2048*{  0} + 1024*{ 54} + -128*{ 79} + 16*{  3} > 0 

-32*{ 86} + -64*{ 32} + -128*{ 85} + 256*{ 25} + -2*{ 88} + -512*{ 35} + 2*{ 82} + 1*{ 83} + -1*{ 89} + 1024*{ 78} + 512*{ 29} + -8*{ 87} + 64*{ 26} + -2048*{ 30} + -16*{ 33} + -4*{ 34} + 128*{ 79} + 16*{ 27} + 4*{ 28} + 2048*{ 24} + -256*{ 31} + -1024*{ 84} + 8*{ 81} + 32*{ 80} > 0 

4*{ 34} + -512*{ 41} + 16*{ 33} + 1*{ 89} + -4*{ 40} + 256*{ 31} + -64*{ 38} + -32*{ 92} + -256*{ 37} + -128*{ 91} + -1*{ 95} + 2*{ 88} + 512*{ 35} + 64*{ 32} + -2*{ 94} + -1024*{ 90} + 8*{ 87} + 128*{ 85} + 1024*{ 84} + -16*{ 39} + 32*{ 86} + -2048*{ 36} + -8*{ 93} + 2048*{ 30} > 0 

-256*{ 43} + -512*{ 47} + -64*{ 44} + -128*{ 97} + -2048*{ 42} + 1024*{ 90} + 16*{ 39} + -32*{ 98} + -1*{101} + 4*{ 40} + 32*{ 92} + 256*{ 37} + 128*{ 91} + 1*{ 95} + 2048*{ 36} + -4*{ 46} + -16*{ 45} + 8*{ 93} + -2*{100} + -1024*{ 96} + 64*{ 38} + 2*{ 94} + -8*{ 99} + 512*{ 41} > 0 

16*{ 45} + 4*{ 46} + -4*{ 52} + -2*{106} + 128*{ 97} + 2048*{ 42} + 512*{ 47} + 1024*{ 96} + 64*{ 44} + -128*{103} + 256*{ 43} + 32*{ 98} + -256*{ 49} + -8*{105} + -64*{ 50} + -2048*{ 48} + 8*{ 99} + -32*{104} + -512*{ 53} + -16*{ 51} + 2*{100} + -1024*{102} + 1*{101} + -1*{107} > 0 

8192*{ 18} + 16384*{ 78} + -8*{ 43} + 256*{ 84} + -2048*{ 13} + -32768*{ 25} + 4*{ 96} + -16384*{ 79} + 8*{ 42} + 65536*{ 54} + -1024*{ 61} + -2*{ 49} + 2048*{ 12} + 4096*{ 66} + 16*{ 90} + -512*{  7} + -4*{ 97} + -32*{  1} + 64*{ 72} + 131072*{ 36} + 128*{ 30} + 32768*{ 24} + 2*{ 48} + -128*{ 31} + -16*{ 91} + 1*{102} + 32*{  0} + -8192*{ 19} + 1024*{ 60} + -256*{ 85} + -65536*{ 55} + -4096*{ 67} + 512*{  6} + -131072*{ 37} + -1*{103} + -64*{ 73} > 0 

4096*{ 67} + -128*{ 32} + -32768*{ 26} + -1024*{ 62} + 16*{ 91} + 128*{ 31} + -131072*{ 38} + -64*{ 74} + 8192*{ 19} + 2*{ 49} + -8*{ 44} + -16384*{ 80} + 512*{  7} + -32*{  2} + 4*{ 97} + -4*{ 98} + -1*{104} + 1024*{ 61} + 16384*{ 79} + -16*{ 92} + 32*{  1} + -2*{ 50} + -4096*{ 68} + -2048*{ 14} + -8192*{ 20} + -512*{  8} + 32768*{ 25} + -65536*{ 56} + -256*{ 86} + 65536*{ 55} + 256*{ 85} + 64*{ 73} + 8*{ 43} + 131072*{ 37} + 1*{103} + 2048*{ 13} > 0 

1024*{ 62} + -64*{ 75} + 1*{104} + -2*{ 51} + 256*{ 86} + -4*{ 99} + -32768*{ 27} + -16384*{ 81} + 16384*{ 80} + -128*{ 33} + -256*{ 87} + -1024*{ 63} + 8*{ 44} + 2048*{ 14} + -2048*{ 15} + -1*{105} + 64*{ 74} + -512*{  9} + -4096*{ 69} + -8*{ 45} + -65536*{ 57} + 32*{  2} + 4096*{ 68} + -8192*{ 21} + 4*{ 98} + -131072*{ 39} + 32768*{ 26} + 128*{ 32} + -16*{ 93} + 16*{ 92} + 2*{ 50} + 8192*{ 20} + 512*{  8} + -32*{  3} + 131072*{ 38} + 65536*{ 56} > 0 

-256*{ 88} + 64*{ 75} + -65536*{ 58} + 1024*{ 63} + 32*{  3} + -1*{106} + 32768*{ 27} + 4*{ 99} + -16*{ 94} + 65536*{ 57} + 16384*{ 81} + -32768*{ 28} + -2048*{ 16} + -32*{  4} + 16*{ 93} + -2*{ 52} + 4096*{ 69} + 8*{ 45} + 1*{105} + -8*{ 46} + 2048*{ 15} + -512*{ 10} + 512*{  9} + -16384*{ 82} + -4096*{ 70} + 2*{ 51} + 8192*{ 21} + -4*{100} + -8192*{ 22} + -131072*{ 40} + -1024*{ 64} + -64*{ 76} + 131072*{ 39} + -128*{ 34} + 256*{ 87} + 128*{ 33} > 0 

256*{ 88} + 65536*{ 58} + -2*{ 53} + 2*{ 52} + -1024*{ 65} + 128*{ 34} + 16384*{ 82} + 512*{ 10} + -128*{ 35} + 131072*{ 40} + -131072*{ 41} + -2048*{ 17} + -512*{ 11} + -8192*{ 23} + 32*{  4} + -4096*{ 71} + -32*{  5} + -64*{ 77} + 1*{106} + -1*{107} + 16*{ 94} + -16384*{ 83} + 1024*{ 64} + 64*{ 76} + -256*{ 89} + 2048*{ 16} + -16*{ 95} + 32768*{ 28} + -4*{101} + 4*{100} + 8192*{ 22} + 8*{ 46} + -32768*{ 29} + -65536*{ 59} + -8*{ 47} + 4096*{ 70} > 0 

1*{106} > 0 

{7, 5, 1, 1, 1, 1, 1, 1, 1} vars: 168, vectors: 17
1 9.360357e+00 9.360357e+00 -2.350526e-01 1.770358e-14
2 2.534076e+03 9.360357e+00 -1.787521e-01 5.988239e-13
3 1.096640e+03 9.360357e+00 -1.371347e-01 4.985611e-13
4 3.934906e+02 9.360357e+00 -1.047614e-01 8.673259e-14
5 1.418078e+02 9.360357e+00 -7.814240e-02 3.440613e-14
6 4.534377e+02 9.360357e+00 -5.954095e-02 1.190083e-13
7 1.837582e+02 9.360357e+00 -4.534132e-02 1.406269e-14
8 7.165648e+01 9.360357e+00 -3.419534e-02 1.548670e-14
9 2.548234e+01 9.360357e+00 -2.560518e-02 4.591706e-15
10 9.052803e+00 9.052803e+00 -1.921232e-02 1.860369e-15
11 3.220273e+00 3.220273e+00 -1.379987e-02 2.204042e-16
12 7.490173e+00 3.220273e+00 -1.215478e-02 4.876211e-16
13 1.006120e+04 3.220273e+00 -9.260097e-03 3.642630e-12
14 1.408750e+05 3.220273e+00 -7.158624e-03 2.911637e-11
15 6.701189e+04 3.220273e+00 -5.532471e-03 1.849915e-13
16 2.677621e+04 3.220273e+00 -4.279130e-03 3.639367e-12
17 9.652964e+03 3.220273e+00 -3.307887e-03 1.907199e-14
18 3.478081e+03 3.220273e+00 -2.555435e-03 2.021917e-14
19 1.252560e+03 3.220273e+00 -1.971636e-03 2.274575e-13
20 4.507642e+02 3.220273e+00 -1.527329e-03 1.137061e-13
21 1.312247e+03 3.220273e+00 -1.181630e-03 2.273969e-13
22 4.730315e+02 3.220273e+00 -9.133533e-04 2.661477e-15
23 1.703810e+02 3.220273e+00 -7.043947e-04 2.843074e-14
24 6.129198e+01 3.220273e+00 -5.413036e-04 7.108865e-15
25 2.200762e+01 3.220273e+00 -4.136064e-04 3.554472e-15
26 7.963289e+00 3.220273e+00 -3.139664e-04 8.904929e-16
27 2.974931e+00 2.974931e+00 -2.344202e-04 8.889396e-16
28 3.880572e+00 2.974931e+00 -1.656247e-04 4.742304e-18
29 2.194686e+00 2.194686e+00 -1.161455e-04 4.441240e-16
30 8.707812e-01 8.707812e-01 -8.539367e-05 1.012959e-18
31 3.173503e-01 3.173503e-01 -7.220033e-05 5.551508e-17
32 1.257593e-01 1.257593e-01 -7.402889e-05 6.727486e-19
33 1.149447e-01 1.149447e-01 4.719566e-05 5.566652e-17
34 7.181398e+04 1.149447e-01 3.558989e-05 2.910383e-11
35 1.347501e+05 1.149447e-01 2.757487e-05 2.322539e-15
36 4.895311e+04 1.149447e-01 2.137567e-05 7.038665e-16
37 1.860299e+04 1.149447e-01 1.654828e-05 3.637979e-12
38 6.722904e+03 1.149447e-01 1.275783e-05 9.094947e-13
39 2.493748e+03 1.149447e-01 9.846021e-06 4.000422e-17
40 8.981794e+02 1.149447e-01 7.590902e-06 1.136868e-13
41 3.230658e+02 1.149447e-01 5.827620e-06 5.684342e-14
42 1.175126e+02 1.149447e-01 4.459722e-06 1.421085e-14
43 4.209026e+01 1.149447e-01 3.387573e-06 1.421085e-14
44 1.501346e+01 1.149447e-01 2.544554e-06 1.776357e-15
45 5.325382e+00 1.149447e-01 1.889148e-06 1.875280e-19
46 1.879484e+00 1.149447e-01 1.339645e-06 1.077839e-18
47 4.964541e+01 1.149447e-01 1.004492e-06 2.783970e-19
48 2.287800e+01 1.149447e-01 7.911683e-07 3.552714e-15
49 3.738311e+03 1.149447e-01 5.944839e-07 4.547474e-13
50 6.291786e+03 1.149447e-01 4.393392e-07 9.094947e-13
51 4.427742e+06 1.149447e-01 3.403613e-07 1.006909e-15
52 1.597587e+06 1.149447e-01 2.636793e-07 2.328306e-10
53 5.764669e+05 1.149447e-01 2.041892e-07 1.405714e-16
54 2.171208e+05 1.149447e-01 1.582313e-07 5.820766e-11
55 4.307695e+06 1.149447e-01 1.226251e-07 9.313226e-10
56 1.554023e+06 1.149447e-01 9.502639e-08 1.102013e-16
57 5.649162e+05 1.149447e-01 7.364348e-08 1.756926e-17
58 2.037910e+05 1.149447e-01 5.707165e-08 1.396539e-17
59 7.351627e+04 1.149447e-01 4.422784e-08 2.783149e-18
60 2.652001e+04 1.149447e-01 3.427178e-08 1.597210e-18
61 9.566247e+03 1.149447e-01 2.655228e-08 1.818989e-12
62 3.450400e+03 1.149447e-01 2.056696e-08 2.670048e-19
63 1.244675e+03 1.149447e-01 1.592337e-08 1.021513e-19
64 4.487504e+02 1.149447e-01 1.231802e-08 3.053536e-20
65 1.617128e+02 1.149447e-01 9.515748e-09 1.856688e-20
66 5.823007e+01 1.149447e-01 7.335359e-09 7.105427e-15
67 2.094520e+01 1.149447e-01 5.624036e-09 2.478420e-20
68 7.576322e+00 1.149447e-01 4.292889e-09 2.664535e-15
69 2.716759e+00 1.149447e-01 3.268835e-09 8.881784e-16
70 9.726867e-01 1.149447e-01 2.506955e-09 2.445953e-22
71 3.871200e-01 1.149447e-01 1.427226e-09 2.572707e-23
72 1.623333e+02 1.149447e-01 1.026893e-09 2.842171e-14
73 6.372910e+02 1.149447e-01 7.983861e-10 1.136868e-13
74 1.430658e+03 1.149447e-01 6.154374e-10 2.273737e-13
75 1.292244e+03 1.149447e-01 4.668477e-10 1.263372e-21
76 3.334207e+05 1.149447e-01 3.616965e-10 5.820766e-11
77 1.203003e+05 1.149447e-01 2.802544e-10 4.476684e-20
78 4.362578e+04 1.149447e-01 2.172228e-10 1.156083e-20
79 1.612661e+04 1.149447e-01 1.682296e-10 1.818989e-12
80 5.816262e+03 1.149447e-01 1.302449e-10 1.349125e-21
81 2.097690e+03 1.149447e-01 1.007866e-10 5.169991e-22
82 7.563196e+02 1.149447e-01 7.794371e-11 3.242362e-22
83 2.725243e+02 1.149447e-01 6.018840e-11 6.041808e-23
84 9.834636e+01 1.149447e-01 4.673106e-11 1.421085e-14
85 1.367837e+06 1.149447e-01 3.617179e-11 2.328306e-10
86 2.160482e+06 1.149447e-01 2.800590e-11 7.861503e-20
87 4.005857e+06 1.149447e-01 2.167099e-11 4.656613e-10
88 1.448024e+06 1.149447e-01 1.678487e-11 7.306932e-21
89 5.222289e+05 1.149447e-01 1.299248e-11 1.700102e-21
90 1.893382e+05 1.149447e-01 1.005851e-11 7.226535e-22
91 6.827342e+04 1.149447e-01 7.784839e-12 1.455192e-11
92 2.463258e+04 1.149447e-01 6.021491e-12 3.637979e-12
93 8.876351e+03 1.149447e-01 4.658723e-12 3.488232e-23
94 9.616617e+04 1.149447e-01 3.582746e-12 1.110901e-22
95 3.492348e+04 1.149447e-01 2.759171e-12 8.114401e-23
96 1.290284e+04 1.149447e-01 2.118565e-12 1.818989e-12
97 4.798146e+03 1.149447e-01 1.632330e-12 4.400721e-24
98 1.725922e+03 1.149447e-01 1.256662e-12 9.094947e-13
99 6.237247e+02 1.149447e-01 9.599800e-13 6.637798e-25
100 4.523114e+02 1.149447e-01 7.321510e-13 1.136868e-13
101 1.620044e+02 1.149447e-01 5.525875e-13 2.842171e-14
102 5.751137e+01 1.149447e-01 4.133820e-13 7.105427e-15
103 2.534160e+01 1.149447e-01 3.148182e-13 1.295073e-26
104 8.987193e+00 1.149447e-01 2.478134e-13 5.402154e-27
105 7.748821e+00 1.149447e-01 1.910497e-13 8.881784e-16
106 2.874842e+00 1.149447e-01 1.550057e-13 3.247729e-27
107 1.022555e+00 1.149447e-01 1.446320e-13 3.110409e-27
108 3.843197e-01 1.149447e-01 1.923528e-13 1.110223e-16
109 1.706417e-01 1.149447e-01 6.169242e-13 2.775558e-17
110 1.181447e-01 1.149447e-01 1.397854e-12 7.878695e-27
111 1.970107e-01 1.149447e-01 1.297676e-12 2.775558e-17
112 9.938124e-02 9.938124e-02 1.777082e-12 1.387779e-17
113 5.416531e-02 5.416531e-02 -6.257858e-12 4.857226e-17
114 6.041449e+03 5.416531e-02 -4.793845e-12 9.094947e-13
115 1.236436e+06 5.416531e-02 -3.712112e-12 4.656613e-10
116 4.470064e+05 5.416531e-02 -2.874022e-12 7.363515e-22
117 1.616719e+05 5.416531e-02 -2.227088e-12 2.910383e-11
118 6.265589e+04 5.416531e-02 -1.723853e-12 7.275958e-12
119 2.419126e+04 5.416531e-02 -1.333428e-12 1.537561e-23
120 8.719141e+03 5.416531e-02 -1.030576e-12 6.544189e-24
121 3.141763e+03 5.416531e-02 -7.951305e-13 4.547474e-13
122 1.136191e+03 5.416531e-02 -6.119114e-13 1.156351e-24
123 4.086776e+02 5.416531e-02 -4.691030e-13 5.684342e-14
124 1.467906e+02 5.416531e-02 -3.570709e-13 2.842171e-14
125 5.261835e+01 5.416531e-02 -2.703768e-13 4.899400e-26
126 4.915957e+01 5.416531e-02 -1.664237e-13 4.973799e-14
127 2.038683e+07 5.416531e-02 -1.280095e-13 3.725290e-09
128 2.037725e+08 5.416531e-02 -9.920667e-14 2.980232e-08
129 7.351155e+07 5.416531e-02 -7.688588e-14 1.182256e-21
130 2.652276e+07 5.416531e-02 -5.958423e-14 7.450581e-09
131 9.568511e+06 5.416531e-02 -4.617207e-14 1.299853e-22
132 3.451816e+06 5.416531e-02 -3.577644e-14 9.313226e-10
133 1.245337e+06 5.416531e-02 -2.771382e-14 1.640141e-23
134 4.494357e+05 5.416531e-02 -2.145735e-14 7.393212e-24
135 1.622347e+05 5.416531e-02 -1.645966e-14 5.820766e-11
136 3.544570e+09 5.416531e-02 -1.275310e-14 9.536743e-07
137 1.290334e+09 5.416531e-02 -9.871689e-15 3.680258e-22
138 1.128237e+11 5.416531e-02 1.684910e-08 4.043932e-12
139 4.079929e+10 5.416531e-02 4.148633e-08 7.685630e-13
140 1.480895e+10 5.416531e-02 8.112887e-08 7.203041e-13
141 5.421705e+09 5.416531e-02 6.287450e-08 2.500339e-14
142 1.955876e+09 5.416531e-02 4.872737e-08 2.384186e-07
143 7.055805e+08 5.416531e-02 3.776324e-08 3.389673e-15
144 2.545359e+08 5.416531e-02 2.926609e-08 1.343866e-15
145 9.182325e+07 5.416531e-02 2.268086e-08 3.661490e-16
146 3.312513e+07 5.416531e-02 1.757751e-08 3.725290e-09
147 1.195037e+07 5.416531e-02 1.362199e-08 4.285077e-17
148 4.311328e+06 5.416531e-02 1.055686e-08 1.039043e-17
149 1.555822e+06 5.416531e-02 8.180323e-09 7.103554e-18
150 5.614365e+05 5.416531e-02 6.338970e-09 2.823180e-18
151 2.025290e+05 5.416531e-02 4.912106e-09 7.954745e-19
152 7.305932e+04 5.416531e-02 3.814697e-09 2.568193e-19
153 2.059841e+05 5.416531e-02 2.942968e-09 1.773353e-19
154 9.200047e+04 5.416531e-02 2.274961e-09 6.341138e-20
155 3.453322e+04 5.416531e-02 1.756018e-09 3.491677e-20
156 1.245084e+04 5.416531e-02 1.354487e-09 8.489651e-21
157 4.491559e+03 5.416531e-02 1.043655e-09 2.166721e-21
158 1.615304e+03 5.416531e-02 8.024311e-10 2.273737e-13
159 5.802309e+02 5.416531e-02 6.149961e-10 3.160258e-22
160 2.080504e+02 5.416531e-02 4.683731e-10 1.037738e-22
161 7.439148e+01 5.416531e-02 3.461214e-10 7.225956e-23
162 9.286320e+02 5.416531e-02 2.622277e-10 9.544976e-21
163 4.503200e+02 5.416531e-02 1.990032e-10 5.684342e-14
164 6.871950e+02 5.416531e-02 1.540282e-10 3.410605e-13
165 3.074092e+04 5.416531e-02 1.217950e-10 1.925651e-20
166 8.046800e+06 5.416531e-02 9.438137e-11 9.313226e-10
167 2.913978e+06 5.416531e-02 7.314574e-11 4.656613e-10
168 1.125011e+06 5.416531e-02 5.665272e-11 5.286112e-20
169 4.132645e+05 5.416531e-02 4.389479e-11 1.164153e-10
170 1.492920e+05 5.416531e-02 3.399759e-11 2.910383e-11
171 5.384597e+04 5.416531e-02 2.632990e-11 1.166149e-21
172 1.941755e+04 5.416531e-02 2.038529e-11 3.637979e-12
173 7.001114e+03 5.416531e-02 1.577698e-11 9.585606e-23
174 2.523774e+03 5.416531e-02 1.220360e-11 5.398119e-23
175 9.094648e+02 5.416531e-02 9.429258e-12 1.136868e-13
176 3.274642e+02 5.416531e-02 7.274621e-12 7.897669e-24
177 1.178425e+02 5.416531e-02 5.599084e-12 1.421085e-14
178 4.233825e+01 5.416531e-02 4.276613e-12 2.100793e-24
179 2.151897e+01 5.416531e-02 3.242009e-12 3.552714e-15
180 7.668434e+00 5.416531e-02 2.443997e-12 8.881784e-16
181 2.723387e+00 5.416531e-02 1.839126e-12 1.978690e-25
182 9.659420e-01 5.416531e-02 1.397543e-12 1.191352e-25
183 3.433318e-01 5.416531e-02 1.102724e-12 4.053365e-26
184 1.237673e-01 5.416531e-02 9.788263e-13 1.387779e-17
185 4.699499e-02 4.699499e-02 1.191923e-12 6.938894e-18
186 2.029008e-02 2.029008e-02 2.483302e-12 3.469447e-18
187 9.662878e-03 9.662878e-03 3.331521e-12 1.956444e-27
188 4.384096e-03 4.384096e-03 5.366916e-12 1.023012e-26
189 2.298631e-03 2.298631e-03 6.559838e-12 4.336809e-19
190 1.100729e-03 1.100729e-03 1.120656e-11 8.443950e-27
191 8.429819e-04 8.429819e-04 9.886673e-12 1.084202e-19
192 3.540490e-04 3.540490e-04 2.143290e-11 5.421011e-20
193 1.781174e-04 1.781174e-04 4.505601e-11 1.781482e-25
194 3.160513e-04 1.781174e-04 3.279703e-11 7.487189e-26
195 1.193655e-04 1.193655e-04 5.286694e-11 4.065758e-20
196 8.648949e-05 8.648949e-05 2.632334e-10 6.776264e-20
197 8.358120e-03 8.648949e-05 1.509275e-10 1.734723e-18
198 2.595138e-03 8.648949e-05 8.710055e-11 4.336809e-19
199 8.329768e-04 8.648949e-05 5.479363e-11 1.084202e-19
200 2.785833e-04 8.648949e-05 4.458072e-11 1.084202e-19
201 1.130513e-04 8.648949e-05 7.964683e-11 6.776264e-20
202 6.680718e-05 6.680718e-05 2.161030e-10 1.355253e-20
203 6.610883e-03 6.680718e-05 1.223550e-10 2.602085e-18
204 2.168778e-03 6.680718e-05 6.983361e-11 8.542496e-26
205 6.733434e-04 6.680718e-05 4.122426e-11 2.168404e-19
206 2.217236e-04 6.680718e-05 2.673133e-11 2.710505e-20
207 7.485099e-05 6.680718e-05 2.304816e-11 2.710505e-20
208 3.072024e-05 3.072024e-05 5.399866e-11 6.776264e-21
209 2.209355e-05 2.209355e-05 1.234569e-10 1.496147e-26
210 9.121060e-05 2.209355e-05 7.898497e-11 9.820084e-26
211 3.092585e-05 2.209355e-05 7.160693e-11 1.708399e-26
212 1.373401e-05 1.373401e-05 2.082730e-10 1.694066e-21
213 1.092068e-05 1.092068e-05 2.304851e-10 1.568740e-26
214 5.552609e-06 5.552609e-06 4.199207e-10 1.694066e-21
215 9.584658e-06 5.552609e-06 2.699094e-10 1.694066e-21
216 3.277965e-06 3.277965e-06 2.444758e-10 1.270549e-21
217 1.430337e-06 1.430337e-06 4.552836e-10 1.270549e-21
218 6.321891e-07 6.321891e-07 5.766906e-10 4.235165e-22
219 2.663798e-07 2.663798e-07 6.201678e-10 5.294218e-23
220 1.043305e-07 1.043305e-07 6.141807e-10 6.617445e-23
221 3.782800e-08 3.782800e-08 6.257770e-10 6.617462e-24
222 1.230573e-08 1.230573e-08 6.133126e-10 3.308761e-24
223 3.881523e-09 3.881523e-09 5.982205e-10 8.271995e-25
224 1.197178e-09 1.197178e-09 5.877779e-10 4.136234e-25
225 3.650052e-10 3.650052e-10 5.818097e-10 1.901535e-27
226 1.107291e-10 1.107291e-10 5.786083e-10 2.633761e-26
227 3.351887e-11 3.351887e-11 5.767974e-10 2.483685e-27
228 1.015259e-11 1.015259e-11 5.761964e-10 1.844538e-27
229 3.060658e-12 3.060658e-12 5.745135e-10 5.027785e-28
230 9.278699e-13 9.278699e-13 5.729380e-10 1.860037e-28
x:  3.758319e-01 -3.522743e-01  3.772550e-01  1.465040e-03 -7.214796e-02  1.156224e-01 -2.791963e-01  2.384719e-01  3.492648e-01 -2.072992e-01  2.526477e-01  4.812343e-02 -2.803279e-01  2.820642e-01 -1.494357e-01  3.524975e-01  3.641827e-01 -6.927824e-02 -1.279332e-01  8.216794e-02 -3.491413e-01 -1.875394e-01 -2.175661e-01  6.314554e-02 -3.597897e-02  3.629803e-01  3.648447e-01 -8.580799e-02  1.659226e-01 -3.148750e-01  1.321220e-01 -3.232263e-01  1.798783e-01 -8.121095e-02  3.463874e-01 -2.677413e-01  2.049187e-01 -3.602735e-01 -3.331636e-01  1.812765e-01  2.311998e-01  3.075717e-01  1.720182e-01 -2.747839e-01  1.009085e-01 -3.373979e-01 -3.527643e-01  3.779526e-01 -3.571155e-01  2.178009e-01 -3.686927e-01  2.430499e-02 -3.395536e-01  3.312736e-01  4.009402e-02  1.369672e-01  2.314831e-02  3.779615e-01 -3.710146e-01  3.598454e-01  2.547677e-01  2.932377e-01 -1.444691e-01  3.160445e-01  2.811163e-01 -3.748883e-01 -2.535221e-01  2.515887e-01  3.471687e-01 -1.363912e-01 -1.011340e-01  3.715610e-01 -3.556548e-01 -3.689249e-01  1.447677e-01  3.281555e-01 -3.090666e-01 -3.726523e-01  3.762481e-01 -1.053678e-01  9.871918e-02 -3.680953e-01  3.395981e-01  2.090716e-01 -3.541199e-01 -1.959130e-01 -3.324169e-01  3.691368e-01 -1.512381e-01 -2.667803e-01 -3.175933e-01  1.142809e-01 -1.784914e-01 -3.316565e-01 -2.990048e-01  2.196744e-01 -3.365515e-01 -2.595206e-01 -3.642453e-01 -1.703519e-01  1.356997e-01 -2.986804e-03 -1.237969e-01  3.089011e-01  8.320347e-02  3.771823e-01  1.660135e-01  1.819752e-01 -9.634704e-02  3.654783e-01  3.690749e-01  8.149123e-02  3.036646e-01 -2.250443e-01  2.377523e-01 -2.938213e-01  4.138292e-02 -3.756921e-01  3.628951e-01 -1.056612e-01  2.576959e-01 -2.764958e-01 -3.738391e-01  5.569047e-02 -6.024167e-02  3.731329e-01  2.355234e-01  2.956110e-01  2.587176e-01 -2.755402e-01 -1.052548e-01  3.630133e-01  3.647686e-01  9.899989e-02 -3.695597e-01 -7.926404e-02  3.588219e-01  1.187601e-01 -3.742989e-01 -5.251089e-02  3.769457e-01  2.773215e-02  8.515162e-02  3.682475e-01  2.929112e-01  2.388727e-01  3.721665e-01 -6.594831e-02 -1.532704e-01 -3.454929e-01 -2.735696e-01 -2.608004e-01 -1.019202e-01 -3.639635e-01 -1.778154e-01  3.335249e-01  2.230658e-01 -3.051209e-01  2.850620e-01  2.481870e-01 -2.280911e-01 -3.013828e-01  3.745216e-01 -5.089901e-02  6.684517e-02 -3.720066e-01  1.100842e-01 -3.615779e-01  5.729380e-10
grad: -1.006164e-20 -5.099929e-20 -3.660766e-19 -1.581078e-18  3.769578e-19 -1.224339e-18 -4.537942e-19  2.536374e-18 -5.916673e-19  6.434719e-19 -3.122955e-19  9.385665e-22  4.648074e-19  2.139867e-19 -2.730330e-19  4.217569e-19  2.848325e-19 -9.717225e-19  1.308055e-18 -2.780499e-19  1.914355e-19 -9.713077e-19  2.293919e-19  1.134584e-18  4.387231e-19  8.484257e-20 -2.252501e-19  2.655583e-19 -2.708863e-19 -2.262870e-19 -7.387821e-20 -2.298149e-18  2.377678e-19  5.837953e-19 -6.922415e-19  9.143606e-19  2.552016e-18  5.866061e-19  6.898625e-19  1.988848e-18  1.624271e-18 -3.825145e-19 -1.192094e-19 -1.941438e-18  1.247480e-19 -1.305862e-19 -5.084170e-19 -3.277806e-19  4.953565e-20  6.364676e-19  2.246059e-19 -8.138548e-19 -1.148536e-18 -2.026200e-19  9.070394e-19  1.621263e-18  1.756534e-19  3.428388e-19  5.624271e-21  1.178829e-18  1.306118e-19 -3.907987e-19 -2.903090e-19 -2.056648e-19  2.606480e-19  1.356268e-19 -5.685059e-19 -4.591544e-20 -1.448870e-19  3.964120e-19  5.542804e-19  1.106476e-19 -7.006424e-19 -2.155421e-19  6.506022e-19 -5.059292e-19 -3.960108e-19 -9.270658e-20  1.462616e-19 -5.463699e-19  8.601263e-19 -2.912310e-20  1.913557e-19 -1.945548e-19 -1.666614e-19  1.163458e-18  3.099828e-19  1.109299e-19 -4.420174e-19 -1.773230e-18  6.569771e-19  7.847575e-19 -1.839941e-18  2.882587e-19  5.867055e-19  1.990186e-18 -3.201135e-19  6.976961e-19  6.957477e-20  1.310548e-19 -1.129170e-18 -2.124566e-19 -4.090551e-19 -8.555329e-20  6.533132e-19  1.070641e-19 -1.120476e-18  1.220653e-18  1.242336e-18  4.304910e-19  8.715042e-19 -1.989418e-18  3.173588e-19  1.170742e-18 -4.174087e-19 -5.828391e-19  3.812368e-19  3.834347e-19  1.495540e-19  6.067322e-19  1.049056e-18  1.322668e-19 -1.263158e-18 -2.958289e-18  3.201307e-19 -1.100121e-19 -8.952999e-19  7.632346e-19 -6.034808e-20 -4.276743e-20  8.648137e-19  9.507154e-20 -4.983937e-19  1.052422e-18 -8.670985e-22  5.870302e-19  2.427407e-19 -4.738345e-19 -1.622495e-19  4.973551e-19  1.205401e-19 -8.305036e-19 -1.530320e-18  9.745546e-20  7.331455e-19 -5.763848e-19 -1.395858e-19 -2.208536e-19 -2.109196e-18  5.367494e-19  1.132100e-18 -1.431985e-18 -1.064665e-18  2.502287e-19 -6.996856e-20 -2.365602e-20  2.210601e-18  8.676651e-19 -5.121570e-19 -2.230351e-19  8.829819e-19 -4.931212e-19  3.084529e-19 -1.866635e-18 -9.754092e-19 -2.056860e-19  9.555743e-20  8.707788e-20  9.278699e-13
finished in 230 iterations (0.487 seconds total)
max viol = 1.94942e-07
