---------------------
Basis Indices:
---------------------

{-, -, -, -, -, -, -, -}, {-, -, -, -, -, -, -, -}, {-, -, -, -, -, -, -, -}, {-, -, -, -, -, -, -, -}, {-, -, -, -, -, -, -, -}, {-, -, -, -, -, -, -, -}, {-, -, -, -, -, -, -, -}, {-, -, -, -, -, -, -, -}


{-, -, -, -, -, -, -, -}, {-, 73+i201, 74+i202, 75+i203, 76+i204, 77+i205, 78+i206, 79+i207}, {-, 81+i209, 82+i210, 83+i211, 84+i212, 85+i213, 86+i214, 87+i215}, {-, 89+i217, 90+i218, 91+i219, 92+i220, 93+i221, 94+i222, 95+i223}, {-, 97+i225, 98+i226, 99+i227, 100+i228, 101+i229, 102+i230, 103+i231}, {-, 105+i233, 106+i234, 107+i235, 108+i236, 109+i237, 110+i238, 111+i239}, {}, {}

---------------------
Index Mapping: 
---------------------

{239: 69, 231: 62, 228: 59, 101: 25, 97: 21, 215: 48, 219: 51, 92: 17, 218: 50, 91: 16, 217: 49, 90: 15, 89: 14, 207: 41, 229: 60, 102: 26, 93: 18, 220: 52, 73: 0, 213: 46, 86: 12, 230: 61, 103: 27, 94: 19, 221: 53, 105: 28, 223: 55, 204: 38, 77: 4, 205: 39, 78: 5, 81: 7, 209: 42, 82: 8, 210: 43, 83: 9, 74: 1, 201: 35, 211: 44, 84: 10, 75: 2, 202: 36, 212: 45, 85: 11, 76: 3, 203: 37, 233: 63, 106: 29, 234: 64, 107: 30, 98: 22, 225: 56, 235: 65, 108: 31, 99: 23, 226: 57, 236: 66, 109: 32, 100: 24, 227: 58, 237: 67, 110: 33, 238: 68, 111: 34, 79: 6, 206: 40, 87: 13, 214: 47, 95: 20, 222: 54}

---------------------
Final Problem: 
---------------------
Find a point satisfying:

1*{ 310} + 0.125*{} + 1*{3542} + 1*{ 2 9} + 1*{ 1 8} + 1*{3643} + 1*{ 512} + 1*{ 0 7} + 1*{4047} + 1*{3946} + 1*{ 411} + 1*{ 613} + 1*{3845} + 1*{4148} + 1*{3744} = 0 

1*{ 143} + -1*{ 735} + -1*{1240} + 1*{ 446} + 1*{ 648} + -1*{ 937} + 1*{ 345} + 1*{ 547} + -1*{1341} + -1*{ 836} + -1*{1038} + -1*{1139} + 1*{ 244} + 1*{ 042} = 0 

1*{ 519} + 0.125*{} + 1*{4054} + 1*{ 014} + 1*{3852} + 1*{ 216} + 1*{3953} + 1*{ 115} + 1*{3650} + 1*{3751} + 1*{3549} + 1*{ 418} + 1*{ 620} + 1*{ 317} + 1*{4155} = 0 

1*{ 655} + -1*{1839} + 1*{ 453} + -1*{2041} + -1*{1435} + -1*{1940} + 1*{ 251} + -1*{1738} + 1*{ 352} + 1*{ 150} + -1*{1536} + 1*{ 049} + 1*{ 554} + -1*{1637} = 0 

1*{ 021} + 1*{ 324} + 1*{3657} + 1*{4061} + 1*{ 223} + 1*{3758} + 1*{3859} + 1*{ 526} + 0.125*{} + 1*{ 627} + 1*{3556} + 1*{ 122} + 1*{3960} + 1*{4162} + 1*{ 425} = 0 

-1*{2438} + 1*{ 258} + 1*{ 359} + -1*{2741} + 1*{ 460} + -1*{2337} + -1*{2135} + -1*{2539} + 1*{ 561} + 1*{ 056} + 1*{ 157} + -1*{2236} + 1*{ 662} + -1*{2640} = 0 

1*{3866} + 1*{4169} + 1*{3664} + 1*{ 634} + 1*{3765} + 1*{ 028} + 1*{3563} + 1*{ 533} + 1*{ 129} + 0.125*{} + 1*{4068} + 1*{ 331} + 1*{3967} + 1*{ 432} + 1*{ 230} = 0 

-1*{2835} + -1*{3037} + -1*{3340} + -1*{2936} + 1*{ 164} + 1*{ 568} + 1*{ 265} + 1*{ 467} + -1*{3441} + 1*{ 366} + -1*{3239} + 1*{ 063} + -1*{3138} + 1*{ 669} = 0 

1*{3535} + -0.125*{} + 1*{ 0 0} = 0 

-0.125*{} + 1*{ 1 1} + 1*{3636} = 0 

-0.125*{} + 1*{3737} + 1*{ 2 2} = 0 

-0.125*{} + 1*{3838} + 1*{ 3 3} = 0 

-0.125*{} + 1*{3939} + 1*{ 4 4} = 0 

-0.125*{} + 1*{4040} + 1*{ 5 5} = 0 

-0.125*{} + 1*{4141} + 1*{ 6 6} = 0 

0.0883883*{ 6} + 0.25*{3640} + 0.25*{3637} + 0.25*{3536} + 0.25*{ 2 5} + 0.25*{ 5 6} + 0.25*{ 3 5} + 0.25*{3639} + 0.25*{ 3 4} + 0.25*{3539} + 0.25*{3841} + 0.25*{ 4 5} + 0.25*{3540} + 0.25*{ 0 2} + 0.0883883*{ 5} + 0.25*{ 3 6} + 0.25*{ 1 3} + 0.25*{ 0 1} + 0.25*{3738} + 0.25*{3641} + 0.0883883*{ 1} + 0.0883883*{ 0} + 0.25*{3741} + 0.25*{3739} + 0.25*{3839} + 0.25*{ 1 2} + 0.25*{3537} + 0.25*{ 2 3} + 0.25*{3538} + 0.25*{ 2 4} + 0.25*{ 0 4} + 0.25*{3638} + 0.25*{4041} + 0.25*{ 0 6} + 0.25*{ 1 4} + 0.0883883*{ 3} + 0.25*{3940} + 0.0883883*{ 2} + 0.25*{3941} + 0.25*{3541} + 0.25*{ 1 6} + 0.25*{ 0 3} + 0.25*{ 4 6} + 0.25*{3740} + 0.25*{3840} + 0.0883883*{ 4} + 0.25*{ 1 5} + 0.25*{ 0 5} + 0.25*{ 2 6} = 0 

1*{4855} + 1*{ 714} + 1*{4653} + 1*{1017} + 1*{1320} + 1*{4249} + 0.125*{} + 1*{ 815} + 1*{ 916} + 1*{1118} + 1*{4754} + 1*{4350} + 1*{4552} + 1*{1219} + 1*{4451} = 0 

-1*{1644} + 1*{1355} + -1*{1442} + 1*{ 749} + 1*{ 850} + -1*{1947} + 1*{1254} + 1*{ 951} + 1*{1052} + 1*{1153} + -1*{1543} + -1*{2048} + -1*{1846} + -1*{1745} = 0 

1*{ 721} + 1*{1125} + 1*{4559} + 1*{4357} + 1*{ 923} + 1*{4660} + 1*{ 822} + 1*{1024} + 0.125*{} + 1*{4761} + 1*{4862} + 1*{4256} + 1*{1327} + 1*{4458} + 1*{1226} = 0 

-1*{2647} + 1*{1261} + 1*{ 857} + -1*{2243} + 1*{1160} + 1*{ 958} + 1*{ 756} + -1*{2344} + -1*{2142} + -1*{2748} + -1*{2546} + -1*{2445} + 1*{1362} + 1*{1059} = 0 

1*{ 930} + 1*{ 728} + 0.125*{} + 1*{4465} + 1*{4364} + 1*{4566} + 1*{1334} + 1*{ 829} + 1*{4667} + 1*{1132} + 1*{4869} + 1*{4768} + 1*{1233} + 1*{4263} + 1*{1031} = 0 

-1*{3347} + -1*{2842} + 1*{ 965} + 1*{1066} + 1*{1167} + -1*{3044} + 1*{1268} + -1*{3246} + 1*{ 864} + -1*{3448} + -1*{3145} + 1*{1369} + -1*{2943} + 1*{ 763} = 0 

-0.125*{} + 1*{ 7 7} + 1*{4242} = 0 

-0.125*{} + 1*{4343} + 1*{ 8 8} = 0 

1*{4444} + -0.125*{} + 1*{ 9 9} = 0 

-0.125*{} + 1*{4545} + 1*{1010} = 0 

-0.125*{} + 1*{4646} + 1*{1111} = 0 

-0.125*{} + 1*{4747} + 1*{1212} = 0 

-0.125*{} + 1*{4848} + 1*{1313} = 0 

0.25*{4347} + 0.0883883*{ 8} + 0.25*{4547} + 0.25*{ 811} + 0.25*{4243} + 0.25*{ 812} + 0.25*{ 7 8} + 0.25*{ 712} + 0.0883883*{10} + 0.25*{4648} + 0.25*{ 7 9} + 0.0883883*{ 7} + 0.25*{4546} + 0.25*{1213} + 0.25*{4445} + 0.25*{1113} + 0.25*{ 913} + 0.25*{4246} + 0.25*{ 810} + 0.25*{4247} + 0.25*{4447} + 0.25*{1012} + 0.25*{ 713} + 0.25*{4245} + 0.0883883*{11} + 0.25*{4344} + 0.25*{4248} + 0.0883883*{12} + 0.25*{1112} + 0.25*{4748} + 0.25*{4446} + 0.25*{4345} + 0.25*{4548} + 0.25*{4346} + 0.25*{1011} + 0.25*{ 912} + 0.25*{ 813} + 0.25*{4647} + 0.25*{4448} + 0.25*{ 711} + 0.0883883*{ 9} + 0.25*{4348} + 0.0883883*{13} + 0.25*{4244} + 0.25*{1013} + 0.25*{ 8 9} + 0.25*{ 911} + 0.25*{ 910} + 0.25*{ 710} = 0 

1*{1522} + 1*{5461} + 1*{1421} + 0.125*{} + 1*{5057} + 1*{1623} + 1*{5562} + 1*{1724} + 1*{5158} + 1*{5259} + 1*{1926} + 1*{5360} + 1*{1825} + 1*{2027} + 1*{4956} = 0 

-1*{2755} + -1*{2250} + 1*{1658} + -1*{2654} + 1*{1860} + 1*{1961} + 1*{1557} + 1*{1456} + 1*{1759} + -1*{2553} + -1*{2149} + -1*{2351} + 1*{2062} + -1*{2452} = 0 

1*{1731} + 1*{1933} + 1*{1832} + 1*{5569} + 1*{5468} + 1*{5266} + 1*{1529} + 1*{5165} + 1*{5064} + 1*{1630} + 1*{4963} + 1*{2034} + 1*{5367} + 1*{1428} + 0.125*{} = 0 

1*{1665} + 1*{1867} + -1*{3253} + -1*{3051} + -1*{3354} + 1*{1968} + 1*{1766} + -1*{2849} + -1*{3455} + 1*{1463} + -1*{3152} + -1*{2950} + 1*{1564} + 1*{2069} = 0 

1*{4949} + -0.125*{} + 1*{1414} = 0 

-0.125*{} + 1*{5050} + 1*{1515} = 0 

-0.125*{} + 1*{5151} + 1*{1616} = 0 

-0.125*{} + 1*{5252} + 1*{1717} = 0 

-0.125*{} + 1*{5353} + 1*{1818} = 0 

-0.125*{} + 1*{5454} + 1*{1919} = 0 

-0.125*{} + 1*{5555} + 1*{2020} = 0 

0.25*{1419} + 0.25*{4953} + 0.25*{5155} + 0.25*{1718} + 0.25*{1920} + 0.25*{4951} + 0.25*{1420} + 0.25*{1417} + 0.25*{5255} + 0.25*{1719} + 0.25*{5355} + 0.25*{1415} + 0.25*{5154} + 0.25*{1620} + 0.25*{5152} + 0.0883883*{18} + 0.25*{1520} + 0.25*{4950} + 0.25*{1517} + 0.25*{1519} + 0.0883883*{15} + 0.25*{1617} + 0.25*{5052} + 0.25*{1416} + 0.25*{5254} + 0.25*{5055} + 0.25*{1619} + 0.0883883*{17} + 0.25*{5455} + 0.25*{4954} + 0.25*{1820} + 0.25*{5053} + 0.25*{1516} + 0.25*{5253} + 0.25*{5054} + 0.0883883*{19} + 0.25*{1518} + 0.25*{5354} + 0.0883883*{16} + 0.25*{4952} + 0.25*{1618} + 0.25*{5153} + 0.25*{1819} + 0.25*{5051} + 0.25*{4955} + 0.0883883*{14} + 0.25*{1720} + 0.25*{1418} + 0.0883883*{20} = 0 

1*{5663} + 1*{6168} + 0.125*{} + 1*{2128} + 1*{2633} + 1*{5865} + 1*{2229} + 1*{6269} + 1*{5764} + 1*{2330} + 1*{2734} + 1*{2532} + 1*{6067} + 1*{5966} + 1*{2431} = 0 

1*{2466} + 1*{2365} + -1*{3462} + -1*{3159} + -1*{3058} + -1*{3260} + -1*{2957} + -1*{2856} + 1*{2769} + 1*{2668} + 1*{2567} + 1*{2264} + 1*{2163} + -1*{3361} = 0 

-0.125*{} + 1*{5656} + 1*{2121} = 0 

-0.125*{} + 1*{5757} + 1*{2222} = 0 

-0.125*{} + 1*{5858} + 1*{2323} = 0 

-0.125*{} + 1*{5959} + 1*{2424} = 0 

-0.125*{} + 1*{6060} + 1*{2525} = 0 

-0.125*{} + 1*{6161} + 1*{2626} = 0 

1*{6262} + -0.125*{} + 1*{2727} = 0 

0.25*{2123} + 0.25*{5758} + 0.0883883*{26} + 0.25*{5762} + 0.25*{5658} + 0.25*{2427} + 0.25*{5659} + 0.25*{5961} + 0.25*{2223} + 0.25*{5861} + 0.0883883*{23} + 0.0883883*{21} + 0.25*{2226} + 0.25*{5860} + 0.25*{5657} + 0.25*{2627} + 0.25*{5962} + 0.25*{2125} + 0.25*{5960} + 0.25*{5661} + 0.25*{2127} + 0.25*{2327} + 0.0883883*{25} + 0.25*{5759} + 0.25*{2124} + 0.0883883*{24} + 0.25*{2225} + 0.25*{5760} + 0.25*{5859} + 0.25*{2224} + 0.25*{5761} + 0.25*{6062} + 0.25*{2122} + 0.25*{2526} + 0.25*{6061} + 0.25*{5862} + 0.25*{2227} + 0.25*{2527} + 0.25*{5660} + 0.25*{2426} + 0.25*{5662} + 0.0883883*{27} + 0.25*{2126} + 0.0883883*{22} + 0.25*{6162} + 0.25*{2325} + 0.25*{2326} + 0.25*{2324} + 0.25*{2425} = 0 

-0.125*{} + 1*{6363} + 1*{2828} = 0 

1*{6464} + -0.125*{} + 1*{2929} = 0 

-0.125*{} + 1*{6565} + 1*{3030} = 0 

-0.125*{} + 1*{6666} + 1*{3131} = 0 

-0.125*{} + 1*{6767} + 1*{3232} = 0 

-0.125*{} + 1*{3333} + 1*{6868} = 0 

-0.125*{} + 1*{6969} + 1*{3434} = 0 

0.25*{6367} + 0.25*{2832} + 0.0883883*{34} + 0.25*{3133} + 0.25*{2930} + 0.25*{3031} + 0.25*{3034} + 0.25*{3234} + 0.25*{2932} + 0.25*{6365} + 0.25*{2830} + 0.25*{6364} + 0.25*{6768} + 0.25*{6669} + 0.25*{3134} + 0.25*{6368} + 0.25*{6668} + 0.0883883*{33} + 0.25*{2833} + 0.25*{6667} + 0.25*{3233} + 0.0883883*{32} + 0.25*{2831} + 0.25*{6467} + 0.25*{3334} + 0.25*{2934} + 0.0883883*{28} + 0.25*{6369} + 0.25*{6567} + 0.0883883*{31} + 0.25*{6869} + 0.25*{3032} + 0.25*{6566} + 0.25*{6366} + 0.25*{6568} + 0.25*{2931} + 0.25*{3132} + 0.25*{6466} + 0.25*{3033} + 0.25*{2933} + 0.0883883*{30} + 0.25*{6465} + 0.25*{6468} + 0.25*{2834} + 0.25*{6469} + 0.25*{6769} + 0.25*{6569} + 0.0883883*{29} + 0.25*{2829} = 0 

4*{37} + -2*{ 7} + 8192*{ 6} + -4096*{12} + 256*{39} + -256*{46} + 512*{ 3} + 1024*{40} + -8192*{13} + -1*{48} + -2048*{11} + 1*{41} + -512*{10} + -8*{42} + 16*{ 1} + 8*{35} + -1024*{47} + 2048*{ 4} + -128*{ 9} + -4*{44} + -16*{ 8} + -32*{45} + 128*{ 2} + 32*{38} + 2*{ 0} + -64*{43} + 64*{36} + 4096*{ 5} > 0 

-1024*{54} + 4096*{12} + -8192*{20} + -128*{16} + -4096*{19} + 64*{43} + 1024*{47} + 1*{48} + 2048*{11} + -2048*{18} + -32*{52} + 16*{ 8} + -512*{17} + -1*{55} + 256*{46} + 4*{44} + 2*{ 7} + -2*{14} + 128*{ 9} + -64*{50} + 512*{10} + 8*{42} + -256*{53} + -8*{49} + -4*{51} + 32*{45} + -16*{15} + 8192*{13} > 0 

-4096*{26} + 2*{14} + 4096*{19} + -128*{23} + -2048*{25} + 1*{55} + 512*{17} + 128*{16} + -8*{56} + -512*{24} + 1024*{54} + 2048*{18} + 32*{52} + -16*{22} + -4*{58} + -256*{60} + 4*{51} + -64*{57} + 8*{49} + -32*{59} + 16*{15} + -2*{21} + 8192*{20} + -8192*{27} + 64*{50} + 256*{53} + -1*{62} + -1024*{61} > 0 

-8*{63} + -4096*{33} + -1024*{68} + -1*{69} + 256*{60} + 1*{62} + 4096*{26} + -256*{67} + 512*{24} + 2*{21} + -8192*{34} + -64*{64} + 4*{58} + 128*{23} + -4*{65} + -32*{66} + 16*{22} + 64*{57} + -2048*{32} + -128*{30} + 2048*{25} + 1024*{61} + -2*{28} + 8192*{27} + 8*{56} + -16*{29} + -512*{31} + 32*{59} > 0 

1*{63} + 16*{28} + -128*{22} + -1*{64} + -512*{ 1} + 2*{56} + -8*{15} + -16*{29} + -2*{57} + 4*{49} + 64*{ 7} + 8*{14} + -64*{ 8} + 32*{42} + -4*{50} + -256*{36} + -32*{43} + 512*{ 0} + 256*{35} + 128*{21} > 0 

-256*{37} + -4*{51} + -2*{58} + 2*{57} + 512*{ 1} + -32*{44} + -8*{16} + 64*{ 8} + -16*{30} + 128*{22} + -1*{65} + -128*{23} + 256*{36} + 32*{43} + 1*{64} + 4*{50} + -512*{ 2} + -64*{ 9} + 8*{15} + 16*{29} > 0 

-4*{52} + 2*{58} + 4*{51} + -32*{45} + 64*{ 9} + 256*{37} + 32*{44} + 8*{16} + -2*{59} + -16*{31} + -8*{17} + -128*{24} + -512*{ 3} + -64*{10} + -1*{66} + 128*{23} + 1*{65} + 16*{30} + 512*{ 2} + -256*{38} > 0 

4*{52} + -4*{53} + 512*{ 3} + 8*{17} + -32*{46} + -2*{60} + 32*{45} + -1*{67} + 128*{24} + 2*{59} + 16*{31} + -128*{25} + -16*{32} + -512*{ 4} + -256*{39} + -64*{11} + -8*{18} + 1*{66} + 256*{38} + 64*{10} > 0 

2*{60} + -128*{26} + -512*{ 5} + -64*{12} + -2*{61} + 256*{39} + 32*{46} + 128*{25} + 16*{32} + 4*{53} + 1*{67} + -8*{19} + -32*{47} + 512*{ 4} + -256*{40} + -4*{54} + 64*{11} + 8*{18} + -16*{33} + -1*{68} > 0 

-2*{62} + 512*{ 5} + -1*{69} + 64*{12} + 2*{61} + -8*{20} + -32*{48} + 4*{54} + 8*{19} + -128*{27} + -256*{41} + 128*{26} + -512*{ 6} + 32*{47} + -4*{55} + -16*{34} + -64*{13} + 256*{40} + 16*{33} + 1*{68} > 0 

1*{69} > 0 

{8, 6, 1, 1, 1, 1, 1, 1, 1, 1} vars: 70, vectors: 14
1 1.906178e+00 1.906178e+00 -3.401264e-01 1.356463e-15
2 1.204868e+01 1.906178e+00 -2.661437e-01 4.173701e-15
3 4.397529e+00 1.906178e+00 -2.247361e-01 2.191418e-15
4 2.758087e+00 1.906178e+00 -1.901359e-01 9.387888e-16
5 1.690316e+00 1.690316e+00 -1.542129e-01 5.718661e-16
6 1.388650e+00 1.388650e+00 -1.215607e-01 7.223886e-16
7 8.155498e-01 8.155498e-01 -8.286539e-02 3.710546e-16
8 1.235333e+01 8.155498e-01 -6.361539e-02 6.405890e-15
9 3.666496e+01 8.155498e-01 -4.858643e-02 1.514860e-14
10 1.314664e+01 8.155498e-01 -3.697200e-02 2.527947e-15
11 5.235819e+00 8.155498e-01 -2.770380e-02 1.983607e-15
12 1.887687e+00 8.155498e-01 -2.010826e-02 9.019017e-16
13 7.289249e-01 7.289249e-01 -1.457746e-02 1.627887e-16
14 9.672431e-01 7.289249e-01 -1.044860e-02 5.034685e-17
15 3.491179e-01 3.491179e-01 -7.593355e-03 2.565809e-17
16 1.276067e-01 1.276067e-01 -4.258781e-01 2.063481e-15
17 7.825575e+08 1.276067e-01 -3.300546e-01 2.384337e-07
18 2.823074e+08 1.276067e-01 -2.557910e-01 1.788187e-07
19 1.018422e+08 1.276067e-01 -1.982364e-01 4.961116e-10
20 3.673944e+07 1.276067e-01 -1.536311e-01 2.729647e-10
21 1.325366e+07 1.276067e-01 -1.190613e-01 6.139840e-11
22 4.781200e+06 1.276067e-01 -9.226897e-02 1.266512e-11
23 1.724781e+06 1.276067e-01 -7.150387e-02 2.329670e-10
24 6.221924e+05 1.276067e-01 -5.540961e-02 2.328495e-10
25 2.244423e+05 1.276067e-01 -4.293488e-02 8.731960e-11
26 8.095939e+04 1.276067e-01 -3.326483e-02 4.524658e-13
27 2.920120e+04 1.276067e-01 -2.576786e-02 1.455321e-11
28 1.053143e+04 1.276067e-01 -1.995443e-02 3.638200e-12
29 3.797502e+03 1.276067e-01 -1.544510e-02 4.550902e-13
30 1.368959e+03 1.276067e-01 -1.194604e-02 2.274201e-13
31 4.932952e+02 1.276067e-01 -9.230065e-03 1.137267e-13
32 1.776574e+02 1.276067e-01 -7.122465e-03 6.875083e-16
33 6.394272e+01 1.276067e-01 -5.489859e-03 2.131857e-14
34 2.300527e+01 1.276067e-01 -4.231255e-03 3.553913e-15
35 8.285696e+00 1.276067e-01 -3.299018e-03 1.777392e-15
36 3.031601e+00 1.276067e-01 -4.527539e-03 4.568357e-16
37 5.990418e+04 1.276067e-01 -3.507411e-03 3.637982e-11
38 2.160538e+04 1.276067e-01 -2.716418e-03 1.300034e-14
39 7.791116e+03 1.276067e-01 -2.102884e-03 3.637984e-12
40 2.808841e+03 1.276067e-01 -1.626758e-03 9.094985e-13
41 1.012222e+03 1.276067e-01 -1.256992e-03 1.136901e-13
42 3.645375e+02 1.276067e-01 -9.695643e-04 5.684415e-14
43 1.311554e+02 1.276067e-01 -7.460722e-04 1.259725e-16
44 4.712651e+01 1.276067e-01 -5.734520e-04 4.703492e-17
45 1.707898e+01 1.276067e-01 -4.486806e-04 2.313913e-17
46 6.986249e+00 1.276067e-01 -3.520419e-04 3.552715e-15
47 2.552284e+00 1.276067e-01 -2.934237e-04 4.440962e-16
48 9.731466e-01 1.276067e-01 -1.007984e-04 1.110794e-16
49 6.678351e+03 1.276067e-01 -7.803409e-05 9.094947e-13
50 2.407725e+03 1.276067e-01 -6.037181e-05 9.094947e-13
51 8.677321e+02 1.276067e-01 -4.666157e-05 2.273737e-13
52 3.125578e+02 1.276067e-01 -3.601541e-05 1.131381e-17
53 1.125037e+02 1.276067e-01 -2.775866e-05 2.431738e-18
54 4.047296e+01 1.276067e-01 -2.139257e-05 2.842171e-14
55 1.456865e+01 1.276067e-01 -1.659614e-05 1.776357e-15
56 5.324423e+00 1.276067e-01 -1.316935e-05 9.881217e-20
57 1.975374e+00 1.276067e-01 -1.159366e-05 3.484146e-20
58 7.841646e-01 1.276067e-01 -1.349443e-05 1.110223e-16
59 1.177518e+01 1.276067e-01 -1.059619e-05 3.552714e-15
60 4.756947e+00 1.276067e-01 -8.627054e-06 7.781648e-20
61 1.784298e+00 1.276067e-01 -7.920749e-06 2.220446e-16
62 1.189444e+00 1.276067e-01 -6.923717e-06 6.661338e-16
63 2.358063e+03 1.276067e-01 -5.356821e-06 1.349206e-17
64 8.498572e+02 1.276067e-01 -4.140547e-06 2.881003e-18
65 3.061214e+02 1.276067e-01 -3.198387e-06 5.684342e-14
66 1.102473e+02 1.276067e-01 -2.468354e-06 4.263256e-14
67 3.968865e+01 1.276067e-01 -1.903746e-06 1.421085e-14
68 1.431774e+01 1.276067e-01 -1.479498e-06 1.776357e-15
69 5.194979e+00 1.276067e-01 -1.184415e-06 8.881784e-16
70 1.943778e+00 1.276067e-01 -1.045499e-06 6.661338e-16
71 7.974215e-01 1.276067e-01 -1.308484e-06 1.201274e-20
72 4.628024e-01 1.276067e-01 -4.234160e-06 3.178415e-20
73 6.763376e+05 1.276067e-01 -3.282638e-06 4.656613e-10
74 1.331017e+06 1.276067e-01 -2.543832e-06 4.656613e-10
75 4.801418e+05 1.276067e-01 -1.971197e-06 5.820766e-11
76 1.731974e+05 1.276067e-01 -1.527325e-06 5.820766e-11
77 6.247266e+04 1.276067e-01 -1.183223e-06 2.182787e-11
78 2.253202e+04 1.276067e-01 -9.164129e-07 7.275958e-12
79 8.125428e+03 1.276067e-01 -7.094690e-07 1.818989e-12
80 2.929455e+03 1.276067e-01 -5.488770e-07 4.761794e-19
81 1.055733e+03 1.276067e-01 -4.241564e-07 4.547474e-13
82 3.802239e+02 1.276067e-01 -3.271851e-07 5.684342e-14
83 1.367986e+02 1.276067e-01 -2.516953e-07 5.684342e-14
84 4.914483e+01 1.276067e-01 -1.929350e-07 1.980981e-20
85 1.762464e+01 1.276067e-01 -1.474112e-07 7.105427e-15
86 6.342187e+00 1.276067e-01 -1.115577e-07 1.962624e-21
87 2.390272e+00 1.276067e-01 -8.353049e-08 4.440892e-16
88 8.813641e-01 1.276067e-01 -6.463824e-08 1.110223e-16
89 3.250020e-01 1.276067e-01 -5.062719e-08 4.338886e-22
90 8.853606e-01 1.276067e-01 -3.899094e-08 1.110223e-16
91 1.206159e+00 1.276067e-01 -3.160221e-08 4.440892e-16
92 2.686707e+00 1.276067e-01 -2.209682e-08 8.881784e-16
93 4.022233e+00 1.276067e-01 -1.660152e-08 8.881784e-16
94 1.492082e+00 1.276067e-01 -1.281129e-08 2.220446e-16
95 1.644152e+00 1.276067e-01 -8.960549e-09 6.661338e-16
96 4.114350e+00 1.276067e-01 -6.624741e-09 8.881784e-16
97 1.950528e+00 1.276067e-01 -4.887161e-09 2.220446e-16
98 7.170777e-01 1.276067e-01 -3.434852e-09 4.440892e-16
99 3.472328e-01 1.276067e-01 -2.852700e-09 5.551115e-17
100 1.207798e+00 1.276067e-01 -2.187637e-09 2.220446e-16
101 6.400908e-01 1.276067e-01 -1.788605e-09 2.220446e-16
102 1.666227e+02 1.276067e-01 -1.378721e-09 2.842171e-14
103 6.006587e+01 1.276067e-01 -1.058949e-09 7.105427e-15
104 2.339452e+01 1.276067e-01 -8.144598e-10 3.552714e-15
105 8.428089e+00 1.276067e-01 -6.339015e-10 1.776357e-15
106 3.064476e+00 1.276067e-01 -5.195586e-10 9.602286e-24
107 1.159974e+00 1.276067e-01 -5.139812e-10 2.220446e-16
108 5.056009e-01 1.276067e-01 -8.035458e-10 1.110223e-16
109 1.284257e+02 1.276067e-01 -6.206728e-10 2.842171e-14
110 5.146171e+01 1.276067e-01 -4.910027e-10 1.318220e-22
111 6.722135e+02 1.276067e-01 -3.792967e-10 2.273737e-13
112 2.420583e+02 1.276067e-01 -2.924841e-10 1.136868e-13
113 8.707687e+01 1.276067e-01 -2.250091e-10 1.724072e-23
114 3.129410e+01 1.276067e-01 -1.726944e-10 3.552714e-15
115 1.133571e+01 1.276067e-01 -1.332371e-10 1.776357e-15
116 4.177851e+00 1.276067e-01 -1.093947e-10 2.664535e-15
117 3.171977e+00 1.276067e-01 -8.543693e-11 4.440892e-16
118 9.928278e+00 1.276067e-01 -6.429817e-11 1.776357e-15
119 3.620299e+01 1.276067e-01 -4.963021e-11 2.842171e-14
120 1.295482e+01 1.276067e-01 -3.730066e-11 5.329071e-15
121 7.612817e+00 1.276067e-01 -2.821069e-11 1.776357e-15
122 2.741305e+00 1.276067e-01 -1.789861e-11 2.835053e-25
123 3.288930e+02 1.276067e-01 -1.377282e-11 1.705303e-13
124 1.186416e+02 1.276067e-01 -1.056242e-11 1.421085e-14
125 4.272230e+01 1.276067e-01 -8.057008e-12 2.025440e-24
126 1.565572e+01 1.276067e-01 -6.139601e-12 2.376952e-25
127 5.604103e+00 1.276067e-01 -4.692744e-12 5.941496e-26
128 2.035321e+00 1.276067e-01 -3.952660e-12 3.850526e-26
129 2.851158e+01 1.276067e-01 -2.998627e-12 9.999265e-26
130 1.097897e+01 1.276067e-01 -2.268669e-12 3.552714e-15
131 5.448727e+00 1.276067e-01 -1.690061e-12 3.322941e-26
132 1.942713e+00 1.276067e-01 -1.259954e-12 9.071625e-27
133 7.043806e-01 1.276067e-01 -1.006833e-12 2.808501e-27
134 2.988064e-01 1.276067e-01 -9.771562e-13 1.474988e-27
135 4.430740e-01 1.276067e-01 -9.587165e-13 3.885781e-16
136 3.121183e+01 1.276067e-01 -7.196006e-13 7.105427e-15
137 1.208751e+01 1.276067e-01 -5.343119e-13 1.776357e-15
138 4.300615e+00 1.276067e-01 -3.866637e-13 2.067661e-26
139 2.047562e+00 1.276067e-01 -2.733544e-13 1.688778e-27
140 7.379719e-01 1.276067e-01 -1.881577e-13 1.110223e-16
141 5.572048e-01 1.276067e-01 -1.278514e-13 8.737375e-28
142 5.777557e-01 1.276067e-01 -6.265236e-14 6.684309e-28
143 1.190123e+01 1.276067e-01 -4.260662e-14 1.776357e-15
144 5.522979e+00 1.276067e-01 -2.630629e-14 8.881784e-16
145 3.962908e+00 1.276067e-01 -1.324810e-14 8.881784e-16
146 4.366137e+01 1.276067e-01 -9.205445e-15 1.318744e-27
147 4.563754e+02 1.276067e-01 -6.446993e-15 2.198826e-27
148 1.828069e+02 1.276067e-01 -3.780811e-15 2.842171e-14
149 2.213371e+02 1.276067e-01 -1.991347e-15 8.526513e-14
150 1.597561e+02 1.276067e-01 -4.979820e-16 8.526513e-14
151 2.890434e+02 1.276067e-01 1.276861e-16 1.136868e-13
152 1.063399e+02 1.276067e-01 1.018773e-15 3.168386e-28
153 3.922390e+01 1.276067e-01 2.457276e-15 7.105427e-15
154 1.443812e+01 1.276067e-01 4.917584e-15 1.776357e-15
155 5.302902e+00 1.276067e-01 9.250297e-15 8.881784e-16
156 1.941293e+00 1.276067e-01 1.689690e-14 2.220446e-16
157 7.061185e-01 1.276067e-01 3.100944e-14 1.161810e-28
158 2.674167e-01 1.276067e-01 6.982439e-14 1.110223e-16
159 1.175951e-01 1.175951e-01 1.974440e-13 5.812027e-28
160 4.230102e-02 4.230102e-02 2.437695e-13 2.081668e-17
161 1.169717e-02 1.169717e-02 3.306078e-13 1.734723e-18
162 4.036301e-03 4.036301e-03 5.373416e-13 8.673617e-19
163 1.455035e-03 1.455035e-03 9.493465e-13 4.336809e-19
164 5.536803e-04 5.536803e-04 2.018012e-12 1.084202e-19
165 2.242418e-04 2.242418e-04 4.215182e-12 1.084202e-19
166 8.684107e-05 8.684107e-05 7.712779e-12 1.355253e-20
167 3.353979e-05 3.353979e-05 1.356235e-11 9.334262e-28
168 1.379745e-05 1.379745e-05 2.859747e-11 3.388132e-21
169 6.527807e-06 6.527807e-06 5.505199e-11 1.694066e-21
170 3.002650e-06 3.002650e-06 6.986952e-11 8.470329e-22
171 1.228801e-06 1.228801e-06 8.064162e-11 2.117582e-22
172 4.390456e-07 4.390456e-07 9.265627e-11 5.293956e-23
173 1.362564e-07 1.362564e-07 9.624409e-11 1.608726e-27
174 4.158435e-08 4.158435e-08 9.644821e-11 6.617445e-24
175 1.258176e-08 1.258176e-08 9.576222e-11 8.180552e-28
176 3.799161e-09 3.799161e-09 9.504243e-11 8.271807e-25
177 1.147122e-09 1.147122e-09 9.447853e-11 2.067958e-25
178 3.465393e-10 3.465393e-10 9.407846e-11 2.997846e-28
179 1.047380e-10 1.047380e-10 9.380736e-11 5.169899e-26
180 3.167047e-11 3.167047e-11 9.363570e-11 6.464101e-27
181 9.578399e-12 9.578399e-12 9.353765e-11 4.846870e-27
182 2.892040e-12 2.892040e-12 9.335418e-11 4.048572e-28
183 8.761613e-13 8.761613e-13 9.320773e-11 1.018264e-28
x:  9.463288e-02 -1.925341e-01  5.702416e-02  3.060568e-02  2.384077e-01  1.976699e-01  1.341667e-01  2.240710e-01  9.928451e-02  1.698107e-01  2.439929e-01 -1.337564e-01  1.069360e-01 -1.419369e-01  3.062890e-01  1.655936e-01 -2.571801e-01  1.880434e-01  1.438176e-01 -1.644245e-01  2.515032e-01 -1.708258e-01 -2.694727e-02  2.352719e-01  2.304756e-01 -1.855467e-01 -1.291355e-01  1.367552e-01  3.248275e-01 -2.941397e-01 -2.175297e-01 -2.813260e-01 -2.181093e-01 -2.754898e-01 -3.261213e-01  3.406533e-01  2.965310e-01  3.489244e-01 -3.522262e-01 -2.610781e-01 -2.931323e-01  3.271074e-01  2.734819e-01  3.393268e-01 -3.101035e-01 -2.558659e-01  3.272753e-01  3.369937e-01 -3.238117e-01  1.765985e-01 -3.123760e-01 -2.426075e-01  2.993988e-01 -3.229806e-01  3.129929e-01  2.484876e-01 -3.095459e-01 -3.525251e-01 -2.639073e-01 -2.681061e-01  3.009523e-01 -3.291263e-01  3.260339e-01  1.395962e-01 -1.961678e-01  2.787128e-01  2.141394e-01  2.782595e-01 -2.215973e-01 -1.365463e-01  9.320773e-11
grad: -1.581822e-19  8.339882e-20 -2.697767e-19 -1.989637e-19  9.255333e-19  2.004771e-19 -1.300431e-18  1.093381e-19  4.624154e-19  8.528576e-19 -2.357692e-19 -8.393861e-19 -6.191022e-19  2.063299e-19 -1.056196e-19 -4.668972e-19 -2.530642e-19  5.241726e-19 -6.159908e-20  5.668811e-19 -2.605111e-19 -4.531930e-19 -5.037379e-19 -4.011079e-20 -3.671019e-19  9.533830e-19 -5.424190e-19  1.268984e-18  1.745032e-19  4.990350e-19  7.534913e-19 -6.084233e-19 -1.279029e-19 -8.026541e-19 -3.583016e-20  4.759353e-20  5.496944e-20  5.665871e-20  3.584564e-21  7.924214e-19  1.419344e-19  5.686430e-19 -3.467176e-20 -1.179291e-19  4.995483e-19 -1.433878e-19 -3.362941e-19  2.176643e-19 -1.581282e-19  1.928208e-19 -2.486947e-19  2.712544e-19 -3.267628e-19 -3.860834e-20  2.978323e-19  2.709877e-19  1.967545e-19 -1.344440e-21  4.670511e-21 -2.662096e-19  5.846384e-19  1.762924e-19 -4.820488e-19 -3.474782e-19 -7.364101e-19  5.777451e-19 -8.186609e-19 -7.707209e-20  9.959519e-19  3.974396e-20  8.761613e-13
finished in 183 iterations (0.121 seconds total)
max viol = 2.29355e-07
