---------------------
Basis Indices:
---------------------

{-, -, -, -, -, -, -, -}, {-, -, -, -, -, -, -, -}, {-, -, -, -, -, -, -, -}, {-, -, -, -, -, -, -, -}, {-, -, -, -, -, -, -, -}, {-, -, -, -, -, -, -, -}, {-, -, -, -, -, -, -, -}, {-, -, -, -, -, -, -, -}


{-, -, -, -, -, -, -, -}, {-, 73+i265, 74+i266, 75+i267, 76+i268, 77+i269, 78+i270, 79+i271}, {-, 81+i273, 82+i274, 83+i275, 84+i276, 85+i277, 86+i278, 87+i279}, {-, 89+i281, 90+i282, 91+i283, 92+i284, 93+i285, 94+i286, 95+i287}, {-, 97+i289, 98+i290, 99+i291, 100+i292, 101+i293, 102+i294, 103+i295}, {-, 105+i297, 106+i298, 107+i299, 108+i300, 109+i301, 110+i302, 111+i303}, {}, {}


{-, 129+i321, 130+i322, 131+i323, 132+i324, 133+i325, 134+i326, 135+i327}, {}, {}, {}, {}, {}, {}, {}

---------------------
Index Mapping: 
---------------------

{391: 91, 390: 90, 326: 82, 325: 81, 324: 80, 323: 79, 322: 78, 321: 77, 303: 76, 302: 75, 301: 74, 300: 73, 299: 72, 298: 71, 297: 70, 295: 69, 294: 68, 293: 67, 292: 66, 291: 65, 290: 64, 289: 63, 287: 62, 286: 61, 285: 60, 284: 59, 101: 25, 278: 54, 100: 24, 277: 53, 99: 23, 276: 52, 98: 22, 275: 51, 97: 21, 274: 50, 95: 20, 94: 19, 271: 48, 93: 18, 270: 47, 92: 17, 269: 46, 91: 16, 268: 45, 90: 15, 267: 44, 89: 14, 393: 93, 266: 43, 87: 13, 102: 26, 279: 55, 327: 83, 73: 0, 386: 86, 132: 38, 86: 12, 103: 27, 74: 1, 387: 87, 133: 39, 75: 2, 388: 88, 134: 40, 105: 28, 282: 57, 76: 3, 389: 89, 135: 41, 77: 4, 78: 5, 79: 6, 81: 7, 82: 8, 83: 9, 84: 10, 85: 11, 106: 29, 283: 58, 107: 30, 108: 31, 109: 32, 110: 33, 111: 34, 129: 35, 384: 84, 130: 36, 385: 85, 131: 37, 392: 92, 265: 42, 273: 49, 281: 56}

---------------------
Final Problem: 
---------------------
Find a point satisfying:

1*{4855} + 1*{ 310} + 1*{ 613} + 1*{4451} + 0.125*{} + 1*{4249} + 1*{ 411} + 1*{4653} + 1*{4754} + 1*{4350} + 1*{ 512} + 1*{ 0 7} + 1*{ 1 8} + 1*{ 2 9} + 1*{4552} = 0 

-1*{ 843} + 1*{ 049} + 1*{ 453} + -1*{1146} + 1*{ 655} + -1*{1348} + 1*{ 352} + 1*{ 150} + -1*{ 944} + -1*{1045} + -1*{ 742} + -1*{1247} + 1*{ 554} + 1*{ 251} = 0 

1*{4357} + 1*{ 519} + 0.125*{} + 1*{4458} + 1*{ 418} + 1*{4559} + 1*{ 115} + 1*{ 216} + 1*{ 317} + 1*{4256} + 1*{ 014} + 1*{4862} + 1*{4761} + 1*{ 620} + 1*{4660} = 0 

1*{ 561} + 1*{ 056} + -1*{1644} + -1*{1442} + 1*{ 258} + -1*{1947} + 1*{ 460} + 1*{ 662} + -1*{2048} + -1*{1846} + -1*{1745} + 1*{ 157} + 1*{ 359} + -1*{1543} = 0 

1*{ 425} + 1*{4263} + 1*{ 122} + 1*{ 526} + 1*{ 021} + 1*{4667} + 1*{ 324} + 1*{4869} + 1*{ 223} + 1*{4465} + 0.125*{} + 1*{ 627} + 1*{4566} + 1*{4364} + 1*{4768} = 0 

1*{ 669} + -1*{2243} + 1*{ 366} + -1*{2647} + -1*{2142} + 1*{ 467} + 1*{ 265} + 1*{ 568} + -1*{2344} + 1*{ 164} + 1*{ 063} + -1*{2546} + -1*{2445} + -1*{2748} = 0 

1*{ 129} + 1*{ 533} + 1*{ 028} + 1*{ 634} + 1*{4573} + 1*{4371} + 0.125*{} + 1*{4876} + 1*{ 230} + 1*{4775} + 1*{ 432} + 1*{4472} + 1*{4270} + 1*{ 331} + 1*{4674} = 0 

-1*{2943} + 1*{ 272} + -1*{3044} + 1*{ 070} + -1*{3145} + 1*{ 171} + -1*{3347} + 1*{ 676} + -1*{2842} + -1*{3448} + 1*{ 575} + 1*{ 373} + -1*{3246} + 1*{ 474} = 0 

-0.125*{} + 1*{8585} + 1*{8484} = 0 

1*{4681} + -1*{84} + 1*{4378} + 1*{4580} + 1*{ 540} + 1*{4782} + 1*{4277} + 1*{ 338} + 1*{ 136} + 0.125*{} + 1*{ 641} + 1*{4883} + 1*{4479} + 1*{ 439} + 1*{ 035} + 1*{ 237} = 0 

1*{ 582} + 1*{ 178} + 1*{ 481} + -1*{4148} + -1*{85} + -1*{3744} + -1*{3845} + -1*{3643} + 1*{ 380} + 1*{ 077} + 1*{ 279} + -1*{3946} + -1*{4047} + -1*{3542} + 1*{ 683} = 0 

1*{4242} + -0.125*{} + 1*{ 0 0} = 0 

-0.125*{} + 1*{ 1 1} + 1*{4343} = 0 

-0.125*{} + 1*{4444} + 1*{ 2 2} = 0 

-0.125*{} + 1*{4545} + 1*{ 3 3} = 0 

-0.125*{} + 1*{4646} + 1*{ 4 4} = 0 

-0.125*{} + 1*{4747} + 1*{ 5 5} = 0 

-0.125*{} + 1*{4848} + 1*{ 6 6} = 0 

0.25*{ 4 5} + 0.25*{4348} + 0.25*{4748} + 0.0883883*{ 0} + 0.25*{ 2 3} + 0.25*{4447} + 0.25*{4347} + 0.0883883*{ 3} + 0.25*{ 1 4} + 0.25*{4445} + 0.0883883*{ 2} + 0.25*{ 0 6} + 0.25*{4648} + 0.25*{ 1 6} + 0.25*{4546} + 0.0883883*{ 6} + 0.25*{4244} + 0.25*{4446} + 0.25*{4346} + 0.0883883*{ 1} + 0.25*{ 5 6} + 0.25*{4246} + 0.0883883*{ 5} + 0.25*{ 3 4} + 0.25*{4247} + 0.25*{ 2 5} + 0.25*{4647} + 0.25*{ 1 2} + 0.25*{4448} + 0.25*{ 4 6} + 0.25*{ 0 3} + 0.25*{ 0 5} + 0.25*{ 2 6} + 0.25*{ 0 2} + 0.25*{4547} + 0.25*{ 2 4} + 0.25*{ 0 4} + 0.25*{ 1 3} + 0.25*{ 3 6} + 0.25*{ 0 1} + 0.25*{4243} + 0.0883883*{ 4} + 0.25*{4245} + 0.25*{ 1 5} + 0.25*{4248} + 0.25*{4344} + 0.25*{ 3 5} + 0.25*{4548} + 0.25*{4345} = 0 

1*{ 714} + 1*{1219} + 1*{1017} + 1*{5360} + 1*{5057} + 0.125*{} + 1*{5562} + 1*{5461} + 1*{1320} + 1*{ 916} + 1*{4956} + 1*{ 815} + 1*{5259} + 1*{5158} + 1*{1118} = 0 

-1*{1550} + -1*{1954} + 1*{1362} + -1*{1449} + 1*{ 756} + 1*{1160} + 1*{ 958} + -1*{2055} + 1*{1261} + 1*{ 857} + -1*{1651} + -1*{1752} + -1*{1853} + 1*{1059} = 0 

1*{5064} + 1*{1125} + 1*{ 721} + 1*{5266} + 1*{5569} + 1*{5468} + 1*{ 923} + 1*{ 822} + 1*{1327} + 1*{4963} + 1*{5367} + 1*{1226} + 1*{5165} + 1*{1024} + 0.125*{} = 0 

-1*{2149} + -1*{2351} + 1*{ 763} + -1*{2452} + -1*{2755} + 1*{1369} + -1*{2553} + 1*{1167} + 1*{ 965} + -1*{2654} + -1*{2250} + 1*{ 864} + 1*{1268} + 1*{1066} = 0 

1*{1031} + 1*{4970} + 1*{5172} + 1*{ 930} + 1*{ 728} + 1*{5273} + 1*{5071} + 1*{5374} + 0.125*{} + 1*{1334} + 1*{ 829} + 1*{1233} + 1*{5576} + 1*{1132} + 1*{5475} = 0 

1*{1073} + -1*{3051} + 1*{1275} + 1*{1376} + 1*{1174} + -1*{2950} + -1*{3152} + 1*{ 972} + -1*{2849} + -1*{3455} + 1*{ 871} + 1*{ 770} + -1*{3253} + -1*{3354} = 0 

-0.125*{} + 1*{8787} + 1*{8686} = 0 

1*{5078} + 1*{ 937} + 1*{5482} + -1*{86} + 1*{5381} + 1*{1341} + 1*{ 836} + 1*{5583} + 1*{5280} + 1*{1139} + 0.125*{} + 1*{4977} + 1*{1038} + 1*{5179} + 1*{1240} + 1*{ 735} = 0 

1*{1282} + -1*{3953} + -1*{4054} + 1*{1080} + -1*{3852} + -1*{3549} + 1*{ 777} + -1*{4155} + -1*{87} + 1*{ 878} + 1*{1383} + 1*{ 979} + -1*{3751} + -1*{3650} + 1*{1181} = 0 

-0.125*{} + 1*{ 7 7} + 1*{4949} = 0 

-0.125*{} + 1*{5050} + 1*{ 8 8} = 0 

1*{5151} + -0.125*{} + 1*{ 9 9} = 0 

-0.125*{} + 1*{5252} + 1*{1010} = 0 

-0.125*{} + 1*{5353} + 1*{1111} = 0 

-0.125*{} + 1*{5454} + 1*{1212} = 0 

-0.125*{} + 1*{5555} + 1*{1313} = 0 

0.0883883*{ 8} + 0.25*{1011} + 0.25*{ 910} + 0.25*{5051} + 0.25*{4954} + 0.0883883*{ 9} + 0.25*{5455} + 0.25*{ 7 8} + 0.25*{5152} + 0.25*{4953} + 0.0883883*{11} + 0.25*{ 812} + 0.0883883*{12} + 0.25*{5255} + 0.25*{1112} + 0.25*{ 811} + 0.25*{4951} + 0.25*{ 711} + 0.25*{5155} + 0.25*{1013} + 0.25*{5355} + 0.25*{4955} + 0.25*{1012} + 0.25*{ 713} + 0.25*{ 810} + 0.25*{4952} + 0.25*{5154} + 0.25*{5253} + 0.25*{5054} + 0.25*{5254} + 0.25*{1213} + 0.25*{ 712} + 0.25*{1113} + 0.0883883*{13} + 0.25*{5052} + 0.25*{ 913} + 0.25*{ 912} + 0.25*{ 813} + 0.25*{5354} + 0.0883883*{10} + 0.25*{5055} + 0.25*{4950} + 0.0883883*{ 7} + 0.25*{ 7 9} + 0.25*{ 710} + 0.25*{5153} + 0.25*{5053} + 0.25*{ 8 9} + 0.25*{ 911} = 0 

0.125*{} + 1*{5966} + 1*{1522} + 1*{5764} + 1*{1825} + 1*{1623} + 1*{5663} + 1*{1926} + 1*{2027} + 1*{6067} + 1*{1421} + 1*{6269} + 1*{5865} + 1*{6168} + 1*{1724} = 0 

1*{1463} + -1*{2762} + -1*{2257} + -1*{2661} + -1*{2358} + 1*{2069} + 1*{1564} + -1*{2459} + 1*{1968} + 1*{1766} + 1*{1867} + 1*{1665} + -1*{2156} + -1*{2560} = 0 

1*{6276} + 1*{5973} + 1*{2034} + 1*{1933} + 1*{1630} + 1*{1731} + 1*{6175} + 1*{5872} + 1*{6074} + 1*{5771} + 1*{5670} + 1*{1832} + 1*{1529} + 0.125*{} + 1*{1428} = 0 

-1*{3058} + 1*{1470} + -1*{3462} + -1*{3159} + 1*{1975} + -1*{3260} + -1*{2957} + 1*{1571} + -1*{2856} + 1*{1773} + 1*{1874} + 1*{1672} + -1*{3361} + 1*{2076} = 0 

-0.125*{} + 1*{8989} + 1*{8888} = 0 

1*{1637} + 1*{1738} + -1*{88} + 0.125*{} + 1*{6182} + 1*{1839} + 1*{2041} + 1*{1536} + 1*{6283} + 1*{5677} + 1*{1940} + 1*{5778} + 1*{1435} + 1*{5980} + 1*{5879} + 1*{6081} = 0 

1*{1477} + -1*{3556} + -1*{4061} + 1*{1982} + -1*{4162} + 1*{1780} + -1*{3859} + 1*{1578} + 1*{1881} + 1*{1679} + 1*{2083} + -1*{3657} + -1*{89} + -1*{3758} + -1*{3960} = 0 

-0.125*{} + 1*{5656} + 1*{1414} = 0 

-0.125*{} + 1*{5757} + 1*{1515} = 0 

-0.125*{} + 1*{5858} + 1*{1616} = 0 

-0.125*{} + 1*{5959} + 1*{1717} = 0 

-0.125*{} + 1*{6060} + 1*{1818} = 0 

-0.125*{} + 1*{6161} + 1*{1919} = 0 

-0.125*{} + 1*{6262} + 1*{2020} = 0 

0.0883883*{14} + 0.25*{1819} + 0.25*{5758} + 0.25*{5861} + 0.25*{1416} + 0.0883883*{19} + 0.25*{5962} + 0.25*{5862} + 0.25*{1718} + 0.25*{1419} + 0.25*{1719} + 0.25*{6162} + 0.25*{6062} + 0.25*{1516} + 0.25*{5859} + 0.25*{1619} + 0.25*{5661} + 0.25*{5960} + 0.25*{5659} + 0.25*{5658} + 0.25*{1520} + 0.25*{5662} + 0.25*{5657} + 0.25*{1418} + 0.0883883*{20} + 0.25*{1820} + 0.25*{5860} + 0.25*{1920} + 0.25*{5760} + 0.25*{1618} + 0.25*{1420} + 0.25*{1415} + 0.25*{6061} + 0.25*{1620} + 0.0883883*{18} + 0.25*{1519} + 0.25*{1517} + 0.25*{5761} + 0.25*{5759} + 0.25*{1720} + 0.25*{5961} + 0.25*{1518} + 0.0883883*{16} + 0.25*{5660} + 0.25*{1417} + 0.25*{1617} + 0.0883883*{15} + 0.0883883*{17} + 0.25*{5762} = 0 

1*{6875} + 1*{2128} + 1*{6370} + 1*{6673} + 1*{2330} + 1*{2734} + 1*{6774} + 1*{6471} + 0.125*{} + 1*{6976} + 1*{2431} + 1*{6572} + 1*{2633} + 1*{2229} + 1*{2532} = 0 

-1*{3065} + -1*{3267} + -1*{3469} + -1*{3368} + 1*{2776} + 1*{2675} + 1*{2271} + -1*{3166} + -1*{2863} + 1*{2473} + -1*{2964} + 1*{2372} + 1*{2170} + 1*{2574} = 0 

-0.125*{} + 1*{9191} + 1*{9090} = 0 

1*{6882} + 1*{2741} + 0.125*{} + 1*{2640} + 1*{6377} + 1*{6478} + 1*{6983} + 1*{2135} + 1*{2337} + 1*{6579} + -1*{90} + 1*{2438} + 1*{2539} + 1*{2236} + 1*{6680} + 1*{6781} = 0 

1*{2379} + -1*{3866} + 1*{2682} + -1*{4169} + 1*{2581} + 1*{2783} + 1*{2278} + -1*{91} + -1*{4068} + -1*{3664} + -1*{3563} + 1*{2177} + -1*{3967} + -1*{3765} + 1*{2480} = 0 

-0.125*{} + 1*{6363} + 1*{2121} = 0 

-0.125*{} + 1*{6464} + 1*{2222} = 0 

-0.125*{} + 1*{6565} + 1*{2323} = 0 

-0.125*{} + 1*{6666} + 1*{2424} = 0 

-0.125*{} + 1*{6767} + 1*{2525} = 0 

-0.125*{} + 1*{6868} + 1*{2626} = 0 

1*{6969} + -0.125*{} + 1*{2727} = 0 

0.25*{2223} + 0.0883883*{23} + 0.0883883*{21} + 0.25*{2226} + 0.25*{2627} + 0.25*{6368} + 0.25*{2225} + 0.25*{2125} + 0.25*{6365} + 0.25*{2326} + 0.25*{2126} + 0.25*{2427} + 0.25*{6566} + 0.25*{6366} + 0.25*{6465} + 0.25*{6468} + 0.0883883*{25} + 0.25*{2327} + 0.25*{2127} + 0.25*{2325} + 0.0883883*{22} + 0.25*{6367} + 0.25*{6568} + 0.25*{2227} + 0.25*{6667} + 0.0883883*{24} + 0.25*{6369} + 0.25*{2224} + 0.25*{6768} + 0.25*{6364} + 0.25*{6469} + 0.25*{6467} + 0.25*{2123} + 0.25*{2526} + 0.25*{2122} + 0.25*{2425} + 0.25*{2324} + 0.25*{6567} + 0.25*{2124} + 0.25*{6669} + 0.25*{6668} + 0.25*{2527} + 0.25*{6466} + 0.25*{2426} + 0.0883883*{27} + 0.25*{6869} + 0.0883883*{26} + 0.25*{6769} + 0.25*{6569} = 0 

-0.125*{} + 1*{9393} + 1*{9292} = 0 

1*{2936} + 1*{3239} + 1*{7683} + 1*{3441} + 0.125*{} + 1*{3138} + 1*{7279} + 1*{7481} + 1*{7077} + 1*{7380} + 1*{2835} + 1*{7582} + 1*{3037} + 1*{7178} + 1*{3340} + -1*{92} = 0 

-1*{4176} + -1*{3570} + 1*{3180} + 1*{3382} + 1*{3483} + -1*{4075} + -1*{3974} + 1*{2978} + -1*{3772} + 1*{2877} + 1*{3079} + -1*{3873} + 1*{3281} + -1*{93} + -1*{3671} = 0 

-0.125*{} + 1*{7070} + 1*{2828} = 0 

-0.125*{} + 1*{7171} + 1*{2929} = 0 

-0.125*{} + 1*{7272} + 1*{3030} = 0 

-0.125*{} + 1*{7373} + 1*{3131} = 0 

-0.125*{} + 1*{7474} + 1*{3232} = 0 

-0.125*{} + 1*{3333} + 1*{7575} = 0 

-0.125*{} + 1*{7676} + 1*{3434} = 0 

0.25*{3233} + 0.25*{2931} + 0.25*{3032} + 0.25*{7376} + 0.25*{3132} + 0.0883883*{29} + 0.25*{2829} + 0.25*{7073} + 0.0883883*{33} + 0.25*{3334} + 0.25*{7175} + 0.25*{7374} + 0.25*{7076} + 0.25*{7075} + 0.25*{7172} + 0.25*{2930} + 0.25*{7071} + 0.25*{2831} + 0.0883883*{32} + 0.0883883*{30} + 0.25*{2830} + 0.25*{7274} + 0.25*{7173} + 0.25*{7176} + 0.25*{2934} + 0.25*{3134} + 0.25*{3034} + 0.25*{3031} + 0.25*{7174} + 0.25*{7275} + 0.25*{2834} + 0.25*{7475} + 0.0883883*{34} + 0.25*{3133} + 0.0883883*{28} + 0.25*{2932} + 0.25*{3234} + 0.25*{7072} + 0.25*{7074} + 0.25*{2832} + 0.0883883*{31} + 0.25*{7273} + 0.25*{2933} + 0.25*{3033} + 0.25*{7276} + 0.25*{7375} + 0.25*{7576} + 0.25*{7476} + 0.25*{2833} = 0 

-0.125*{} + 1*{7777} + 1*{3535} = 0 

-0.125*{} + 1*{7878} + 1*{3636} = 0 

1*{7979} + -0.125*{} + 1*{3737} = 0 

-0.125*{} + 1*{3838} + 1*{8080} = 0 

-0.125*{} + 1*{8181} + 1*{3939} = 0 

-0.125*{} + 1*{8282} + 1*{4040} = 0 

-0.125*{} + 1*{8383} + 1*{4141} = 0 

0.25*{7780} + 0.25*{7982} + 0.25*{3740} + 0.25*{3840} + 0.25*{7879} + 0.25*{7782} + 0.25*{7880} + 0.25*{8082} + 0.25*{3541} + 0.25*{7783} + 0.0883883*{40} + 0.25*{7779} + 0.25*{3536} + 0.25*{3639} + 0.25*{7981} + 0.25*{7882} + 0.25*{7781} + 0.25*{3839} + 0.25*{3637} + 0.25*{3538} + 0.25*{7983} + 0.25*{3641} + 0.0883883*{35} + 0.25*{7778} + 0.25*{3640} + 0.25*{8183} + 0.0883883*{37} + 0.25*{8081} + 0.0883883*{41} + 0.25*{3539} + 0.25*{7883} + 0.0883883*{39} + 0.25*{3537} + 0.25*{3540} + 0.25*{3841} + 0.25*{3941} + 0.25*{7881} + 0.25*{3741} + 0.0883883*{38} + 0.25*{3739} + 0.25*{7980} + 0.25*{3738} + 0.25*{8083} + 0.25*{4041} + 0.0883883*{36} + 0.25*{3638} + 0.25*{3940} + 0.25*{8182} + 0.25*{8283} = 0 

128*{ 2} + -256*{54} + -8192*{13} + 8192*{ 6} + -2*{ 7} + 512*{44} + 1*{48} + -2048*{11} + 2048*{ 4} + 256*{47} + 1024*{ 3} + -16*{ 8} + -64*{50} + -1024*{10} + 8*{42} + -4096*{12} + -32*{53} + 16*{ 1} + -4*{52} + -8*{49} + -128*{ 9} + -512*{51} + 4*{45} + 32*{46} + -1*{55} + 64*{43} + 2*{ 0} + 4096*{ 5} > 0 

-8192*{20} + -4096*{19} + 256*{54} + -1*{62} + 32*{53} + -512*{58} + 64*{50} + 1024*{10} + 4*{52} + 512*{51} + -32*{60} + 2*{ 7} + -2*{14} + 128*{ 9} + 16*{ 8} + -16*{15} + 8192*{13} + 4096*{12} + -256*{61} + -64*{57} + 8*{49} + -4*{59} + 2048*{11} + -2048*{18} + -128*{16} + -8*{56} + 1*{55} + -1024*{17} > 0 

-1024*{24} + 2*{14} + -4096*{26} + 16*{15} + 1*{62} + 4096*{19} + -1*{69} + 32*{60} + 2048*{18} + -256*{68} + 512*{58} + -32*{67} + -16*{22} + 64*{57} + -512*{65} + -128*{23} + -4*{66} + 128*{16} + 8*{56} + -8*{63} + 1024*{17} + -8192*{27} + -2*{21} + 8192*{20} + 256*{61} + -2048*{25} + 4*{59} + -64*{64} > 0 

-16*{29} + 1*{69} + 32*{67} + -64*{71} + 8192*{27} + -4*{73} + 128*{23} + -256*{75} + 4*{66} + 512*{65} + 4096*{26} + -512*{72} + -8192*{34} + 64*{64} + 2*{21} + 16*{22} + 1024*{24} + -32*{74} + -2*{28} + -1024*{31} + -1*{76} + 8*{63} + -8*{70} + 2048*{25} + -128*{30} + -2048*{32} + -4096*{33} + 256*{68} > 0 

-1*{83} + -256*{82} + 4*{45} + -8*{77} + 512*{44} + 8192*{ 6} + -128*{37} + 128*{ 2} + -512*{79} + -1024*{38} + 16*{ 1} + 8*{42} + -8192*{41} + -2048*{39} + -4096*{40} + 1024*{ 3} + 32*{46} + -64*{78} + 2048*{ 4} + 256*{47} + -2*{35} + 4096*{ 5} + -16*{36} + 64*{43} + 2*{ 0} + -32*{81} + -4*{80} + 1*{48} > 0 

-256*{ 8} + 32*{14} + 256*{ 7} + 2*{35} + 16*{70} + -128*{64} + 8*{21} + -16*{71} + -2*{36} + 2048*{ 0} + -512*{43} + -32*{15} + -4*{29} + 1024*{56} + -1*{78} + 4*{28} + -8*{22} + 64*{49} + -1024*{57} + 128*{63} + 1*{77} + -2048*{ 1} + 512*{42} + -64*{50} > 0 

128*{64} + -512*{44} + 1*{78} + 8*{22} + -256*{ 9} + -32*{16} + 512*{43} + 2*{36} + -128*{65} + -8*{23} + 256*{ 8} + -4*{30} + 1024*{57} + 4*{29} + 32*{15} + -2*{37} + 16*{71} + 64*{50} + -1*{79} + -2048*{ 2} + -16*{72} + 2048*{ 1} + -1024*{58} + -64*{51} > 0 

32*{16} + -64*{52} + 4*{30} + 2*{37} + -1*{80} + 256*{ 9} + -512*{45} + 64*{51} + 1024*{58} + -8*{24} + -2048*{ 3} + 512*{44} + -1024*{59} + -4*{31} + -32*{17} + 128*{65} + -128*{66} + -16*{73} + 8*{23} + -256*{10} + 16*{72} + -2*{38} + 1*{79} + 2048*{ 2} > 0 

-2*{39} + 2*{38} + 32*{17} + -512*{46} + -128*{67} + 64*{52} + -2048*{ 4} + -256*{11} + 1*{80} + -1*{81} + -32*{18} + -16*{74} + 8*{24} + 4*{31} + 1024*{59} + 2048*{ 3} + 128*{66} + 16*{73} + -1024*{60} + 512*{45} + -4*{32} + -8*{25} + -64*{53} + 256*{10} > 0 

-64*{54} + 16*{74} + -1*{82} + -1024*{61} + -256*{12} + 1024*{60} + -32*{19} + 2*{39} + 512*{46} + 128*{67} + -8*{26} + -16*{75} + -2048*{ 5} + 1*{81} + 256*{11} + 32*{18} + -128*{68} + -4*{33} + -2*{40} + 8*{25} + 4*{32} + 2048*{ 4} + -512*{47} + 64*{53} > 0 

16*{75} + -64*{55} + 512*{47} + 2048*{ 5} + -128*{69} + 128*{68} + 4*{33} + 64*{54} + -1024*{62} + 256*{12} + 1024*{61} + -16*{76} + 32*{19} + 2*{40} + -256*{13} + -8*{27} + -2*{41} + -4*{34} + 8*{26} + -2048*{ 6} + -512*{48} + -1*{83} + -32*{20} + 1*{82} > 0 

1*{79} > 0 

{8, 6, 1, 1, 1, 1, 1, 1, 1, 1} vars: 94, vectors: 15
1 2.778991e+00 2.778991e+00 -1.976385e-01 5.991006e-15
2 2.207335e+03 2.778991e+00 -1.525348e-01 4.916868e-13
3 7.948592e+02 2.778991e+00 -1.176439e-01 1.367565e-13
4 2.860270e+02 2.778991e+00 -9.048024e-02 1.154954e-13
5 1.027431e+02 2.778991e+00 -6.925655e-02 5.725225e-14
6 3.688031e+01 2.778991e+00 -5.313494e-02 7.571798e-15
7 1.333791e+01 2.778991e+00 -4.020763e-02 1.072113e-15
8 6.885764e+00 2.778991e+00 -3.042140e-02 2.715032e-15
9 5.866351e+01 2.778991e+00 -2.067240e-02 3.618686e-14
10 5.751745e+03 2.778991e+00 -1.608793e-02 4.915687e-14
11 2.225788e+04 2.778991e+00 -1.248866e-02 3.638563e-12
12 1.099494e+04 2.778991e+00 -9.657380e-03 1.819727e-12
13 3.962143e+03 2.778991e+00 -7.464072e-03 9.104984e-13
14 1.427366e+03 2.778991e+00 -5.765283e-03 2.276634e-13
15 5.143556e+02 2.778991e+00 -4.426157e-03 4.905541e-15
16 1.846936e+02 2.778991e+00 -3.389754e-03 8.527411e-14
17 6.638076e+01 2.778991e+00 -2.567674e-03 1.422316e-14
18 2.365080e+01 2.778991e+00 -1.940773e-03 1.576578e-16
19 8.442842e+00 2.778991e+00 -1.456283e-03 1.098913e-16
20 3.567176e+00 2.778991e+00 -1.078413e-03 9.025359e-16
21 1.374058e+00 1.374058e+00 -7.742536e-04 4.441271e-16
22 5.009459e-01 5.009459e-01 -4.755927e-04 1.110947e-16
23 1.405517e+01 5.009459e-01 -3.696724e-04 3.552852e-15
24 4.175025e+01 5.009459e-01 -2.576495e-04 1.421843e-14
25 1.864771e+03 5.009459e-01 -1.989425e-04 2.274067e-13
26 6.749857e+02 5.009459e-01 -1.535175e-04 3.410884e-13
27 2.429331e+02 5.009459e-01 -1.182736e-04 4.326272e-16
28 8.738715e+01 5.009459e-01 -9.101774e-05 8.526538e-14
29 3.145328e+01 5.009459e-01 -6.928634e-05 7.105471e-15
30 8.722166e+01 5.009459e-01 -5.493849e-05 1.580559e-17
31 5.223902e+02 5.009459e-01 -4.241309e-05 2.273737e-13
32 2.105247e+02 5.009459e-01 -3.185400e-05 2.842171e-14
33 4.804934e+02 5.009459e-01 -2.427151e-05 2.273737e-13
34 1.724680e+02 5.009459e-01 -1.844798e-05 8.526513e-14
35 6.290575e+01 5.009459e-01 -1.395825e-05 2.842171e-14
36 2.439530e+01 5.009459e-01 -1.042985e-05 3.552714e-15
37 8.654622e+00 5.009459e-01 -7.810053e-06 3.552714e-15
38 3.842425e+00 5.009459e-01 -5.195352e-06 2.664535e-15
39 2.209626e+02 5.009459e-01 -3.997557e-06 5.684342e-14
40 8.092264e+01 5.009459e-01 -3.066870e-06 1.421085e-14
41 2.903733e+01 5.009459e-01 -2.341065e-06 3.552714e-15
42 1.046467e+01 5.009459e-01 -1.831296e-06 5.329071e-15
43 3.855788e+00 5.009459e-01 -1.440718e-06 4.440892e-16
44 1.551138e+00 5.009459e-01 -1.273711e-06 2.220446e-16
45 7.223939e+00 5.009459e-01 -9.754093e-07 8.881784e-16
46 3.343746e+00 5.009459e-01 -8.971534e-07 4.440892e-16
47 5.109038e+01 5.009459e-01 -6.543500e-07 1.421085e-14
48 2.196794e+01 5.009459e-01 -5.044102e-07 3.366020e-20
49 1.535502e+01 5.009459e-01 -3.928769e-07 5.329071e-15
50 1.288868e+01 5.009459e-01 -3.100131e-07 1.776357e-15
51 1.928714e+02 5.009459e-01 -2.370844e-07 1.695504e-19
52 7.287474e+01 5.009459e-01 -1.808262e-07 1.421085e-14
53 2.609144e+01 5.009459e-01 -1.380250e-07 7.105427e-15
54 9.426755e+00 5.009459e-01 -1.076580e-07 1.776357e-15
55 4.389411e+00 5.009459e-01 -2.072150e-08 1.243450e-14
56 3.707230e+06 5.009459e-01 -1.603107e-08 4.656613e-10
57 1.994351e+06 5.009459e-01 -1.241830e-08 2.706511e-18
58 7.192905e+05 5.009459e-01 -9.619768e-09 1.164153e-10
59 2.594754e+05 5.009459e-01 -7.450029e-09 2.910383e-11
60 9.356878e+04 5.009459e-01 -5.767288e-09 1.455192e-11
61 3.373404e+04 5.009459e-01 -4.462518e-09 1.455192e-11
62 1.216021e+04 5.009459e-01 -3.452804e-09 1.818989e-12
63 4.383519e+03 5.009459e-01 -2.673652e-09 1.818989e-12
64 1.584477e+03 5.009459e-01 -2.073011e-09 2.273737e-13
65 5.769952e+02 5.009459e-01 -1.598968e-09 8.268298e-22
66 2.077725e+02 5.009459e-01 -1.228200e-09 3.349207e-22
67 7.531109e+01 5.009459e-01 -9.302276e-10 1.421085e-14
68 2.811597e+01 5.009459e-01 -7.113800e-10 7.105427e-15
69 1.009165e+01 5.009459e-01 -5.301664e-10 1.587872e-23
70 1.942180e+01 5.009459e-01 -3.984093e-10 2.854100e-23
71 1.651153e+01 5.009459e-01 -2.963033e-10 1.299484e-23
72 6.453494e+00 5.009459e-01 -2.198099e-10 1.776357e-15
73 2.278212e+00 5.009459e-01 -1.604547e-10 5.573461e-24
74 1.008573e+00 5.009459e-01 -1.121206e-10 2.220446e-16
75 3.904537e-01 3.904537e-01 -8.035357e-11 1.110223e-16
76 1.395944e-01 1.395944e-01 -5.650114e-11 5.551115e-17
77 1.239029e-01 1.239029e-01 -4.155327e-11 2.775558e-17
78 1.481009e-01 1.239029e-01 -2.755512e-11 2.775558e-17
79 1.060599e-01 1.060599e-01 -2.055005e-11 4.163336e-17
80 4.963139e-02 4.963139e-02 -1.815934e-11 2.081668e-17
81 2.276999e-02 2.276999e-02 -3.687890e-11 3.469447e-18
82 3.029180e-02 2.276999e-02 -4.148086e-11 3.469447e-18
83 1.965685e-02 1.965685e-02 -1.051208e-10 2.081668e-17
84 6.948919e-02 1.965685e-02 -7.936013e-11 4.163336e-17
85 2.766029e-02 1.965685e-02 -1.025857e-10 1.650817e-25
86 1.008180e-01 1.965685e-02 -7.510567e-11 1.387779e-17
87 4.041982e-02 1.965685e-02 -5.877108e-11 6.731459e-26
88 3.406492e-01 1.965685e-02 -2.591012e-11 1.110223e-16
89 1.491688e+02 1.965685e-02 -1.967353e-11 2.842171e-14
90 3.805341e+02 1.965685e-02 -1.503017e-11 5.684342e-14
91 1.368253e+02 1.965685e-02 -1.153554e-11 2.703536e-24
92 4.915418e+01 1.965685e-02 -4.886342e-12 7.105427e-15
93 5.506264e+08 1.965685e-02 -3.786194e-12 2.384186e-07
94 2.037610e+08 1.965685e-02 -2.934193e-12 2.980232e-08
95 7.350577e+07 1.965685e-02 -2.273920e-12 2.980232e-08
96 2.651678e+07 1.965685e-02 -1.762211e-12 3.725290e-09
97 9.565722e+06 1.965685e-02 -1.365628e-12 1.862645e-09
98 3.450723e+06 1.965685e-02 -1.058258e-12 1.974969e-21
99 1.244787e+06 1.965685e-02 -8.200235e-13 4.656613e-10
100 4.490223e+05 1.965685e-02 -6.353606e-13 5.820766e-11
101 1.619655e+05 1.965685e-02 -4.922066e-13 9.998120e-23
102 5.841851e+04 1.965685e-02 -3.812264e-13 7.275958e-12
103 2.107333e+04 1.965685e-02 -2.950910e-13 2.061334e-23
104 7.598504e+03 1.965685e-02 -2.281981e-13 9.094947e-13
105 2.739003e+03 1.965685e-02 -1.760849e-13 4.547474e-13
106 9.868482e+02 1.965685e-02 -1.355286e-13 3.410605e-13
107 3.556107e+02 1.965685e-02 -1.034755e-13 5.684342e-14
108 1.288869e+02 1.965685e-02 -7.787194e-14 7.456491e-26
109 5.763457e+01 1.965685e-02 -5.684077e-14 2.131628e-14
110 2.220454e+01 1.965685e-02 -3.885965e-14 7.105427e-15
111 9.175740e+00 1.965685e-02 3.134791e-15 1.953993e-14
112 3.226363e+05 1.965685e-02 2.457055e-15 2.360347e-24
113 1.163394e+05 1.965685e-02 1.953181e-15 4.365575e-11
114 4.191899e+04 1.965685e-02 1.597193e-15 7.275958e-12
115 1.496795e+04 1.965685e-02 1.394191e-15 3.637979e-12
116 5.279903e+03 1.965685e-02 1.370221e-15 9.094947e-13
117 1.940481e+03 1.965685e-02 1.597591e-15 6.821210e-13
118 7.220318e+02 1.965685e-02 2.256894e-15 2.273737e-13
119 2.684615e+02 1.965685e-02 3.624975e-15 5.684342e-14
120 9.806296e+01 1.965685e-02 6.028932e-15 1.470287e-27
121 3.529406e+01 1.965685e-02 9.932699e-15 2.131628e-14
122 1.257915e+01 1.965685e-02 1.599710e-14 1.776357e-15
123 4.443135e+00 1.965685e-02 2.511533e-14 8.881784e-16
124 1.558714e+00 1.965685e-02 3.884475e-14 7.878218e-28
125 5.493898e-01 1.965685e-02 6.217378e-14 1.110223e-16
126 2.026092e-01 1.965685e-02 1.221493e-13 3.738512e-28
127 8.848945e-02 1.965685e-02 4.797246e-13 2.775558e-17
128 5.060779e-02 1.965685e-02 6.861276e-13 2.775558e-17
129 2.881443e-02 1.965685e-02 5.622033e-13 6.938894e-18
130 1.022110e-02 1.022110e-02 6.587381e-13 3.469447e-18
131 3.909525e-03 3.909525e-03 9.874287e-13 8.673617e-19
132 1.376403e-03 1.376403e-03 1.627165e-12 2.168404e-19
133 5.205129e-04 5.205129e-04 3.065263e-12 1.084202e-19
134 1.898616e-04 1.898616e-04 4.797370e-12 2.710505e-20
135 6.361675e-05 6.361675e-05 6.199576e-12 1.355253e-20
136 2.050529e-05 2.050529e-05 7.307263e-12 6.776264e-21
137 6.494723e-06 6.494723e-06 8.280888e-12 1.037936e-27
138 2.031209e-06 2.031209e-06 9.239688e-12 1.097226e-27
139 6.313042e-07 6.313042e-07 1.023413e-11 2.117582e-22
140 1.952047e-07 1.952047e-07 1.123047e-11 5.513877e-28
141 6.001688e-08 6.001688e-08 1.214211e-11 1.323489e-23
142 1.834898e-08 1.834898e-08 1.289279e-11 6.617445e-24
143 5.585524e-09 5.585524e-09 1.345726e-11 1.654361e-24
144 1.695566e-09 1.695566e-09 1.385403e-11 8.271806e-25
145 5.139017e-10 5.139017e-10 1.412018e-11 4.135903e-25
146 1.556188e-10 1.556188e-10 1.429300e-11 2.584940e-26
147 4.710151e-11 4.710151e-11 1.440272e-11 6.462351e-27
148 1.425013e-11 1.425013e-11 1.446925e-11 6.462350e-27
149 4.309384e-12 4.309384e-12 1.450163e-11 8.077958e-28
150 1.306302e-12 1.306302e-12 1.453121e-11 4.039113e-28
151 3.953077e-13 3.953077e-13 1.455178e-11 1.299221e-30
x: -5.888466e-03 -3.254541e-01 -5.957309e-02 -3.534006e-01 -3.411087e-01 -4.059956e-02 -1.256446e-01  3.435066e-01 -7.573433e-02  2.080143e-01  3.338251e-01  3.289091e-01 -3.250453e-01 -2.305913e-01  2.005641e-02 -3.367721e-01 -1.515393e-01 -3.172268e-01  3.313412e-01 -2.817115e-03 -8.457685e-02 -2.347423e-01  3.257752e-01  3.096546e-01 -4.543038e-02 -5.904666e-02  3.092176e-01 -3.266772e-01  1.844644e-01  3.355991e-01 -2.080485e-01 -3.319921e-01  3.535038e-01 -5.621881e-02  7.814287e-02 -3.533779e-01  3.248118e-01 -3.071371e-01 -3.514413e-01 -3.458928e-01 -3.333495e-01  2.454909e-01 -3.535043e-01  1.381289e-01 -3.484983e-01  1.039673e-02  9.297802e-02  3.512145e-01 -3.304746e-01 -8.368512e-02  3.453467e-01 -2.858847e-01  1.164511e-01  1.296874e-01 -1.390883e-01  2.680069e-01  3.529840e-01 -1.076312e-01  3.194305e-01 -1.560999e-01 -1.233412e-01  3.535421e-01  3.432881e-01  2.643785e-01  1.373700e-01 -1.706284e-01 -3.506225e-01 -3.485880e-01 -1.714190e-01 -1.352107e-01 -3.016170e-01 -1.112350e-01  2.858599e-01  1.215784e-01 -5.926112e-03 -3.490550e-01 -3.448096e-01  1.113789e-02 -1.396328e-01 -1.751195e-01 -3.858833e-02  7.319957e-02 -1.178054e-01 -2.544292e-01  3.514589e-01  3.842622e-02 -3.101115e-01 -1.697964e-01 -1.368522e-01  3.259931e-01  1.280308e-01 -3.295573e-01  3.508835e-01  4.336768e-02  1.455178e-11
grad: -3.775426e-20  4.457836e-20  7.552470e-20 -6.923912e-21 -8.537096e-20  5.589032e-21  1.024503e-20  8.123096e-21 -1.467447e-19 -5.734235e-20 -6.616480e-20  5.289231e-20 -1.226395e-20  1.162611e-19 -3.692964e-19  1.340428e-20 -2.585513e-19 -2.169398e-20 -2.323084e-20 -7.077736e-20 -6.442600e-20  6.939005e-20 -4.169475e-20  1.410332e-20  3.781951e-19 -1.491195e-19  1.743332e-20 -3.760769e-20  4.267528e-20  5.537120e-20 -1.078551e-19  6.328478e-22  6.883731e-21  1.270672e-19 -3.008859e-19  1.610169e-21  4.306467e-20 -4.759295e-20 -4.019463e-21  1.890109e-20  4.032351e-20 -6.906827e-20  1.402970e-20  9.596590e-20 -2.361930e-20  1.763604e-19 -2.400418e-19 -1.227399e-20 -5.057228e-21  5.077196e-20 -2.670278e-20 -3.730357e-20  2.110345e-19 -1.070996e-19  5.312998e-20  1.128284e-19  1.505726e-20  2.318515e-20 -1.127528e-19  3.091341e-20 -1.054880e-19 -9.142015e-21 -2.651495e-20  4.889651e-20  7.846186e-20  1.012985e-22 -6.129213e-20  4.734423e-21  4.176148e-20  1.241458e-19  4.252638e-20  1.929481e-19 -5.074740e-20  3.394595e-20 -3.506234e-19 -7.471372e-21 -5.802363e-20 -4.048944e-20  7.233330e-20  6.838463e-20 -1.113655e-19  1.294700e-19 -1.050129e-19 -7.311492e-20  3.633637e-21 -1.656440e-19 -3.743342e-20  9.365076e-20  1.989866e-19  8.376182e-20 -1.379494e-19 -3.474494e-20 -1.071202e-20  8.666052e-21  3.953077e-13
finished in 151 iterations (0.159 seconds total)
max viol = 8.62363e-08
