---------------------
Basis Indices:
---------------------

{-, -, -, -, -, -, -, -}, {-, -, -, -, -, -, -, -}, {-, -, -, -, -, -, -, -}, {-, -, -, -, -, -, -, -}, {-, -, -, -, -, -, -, -}, {-, -, -, -, -, -, -, -}, {-, -, -, -, -, -, -, -}, {-, -, -, -, -, -, -, -}


{-, -, -, -, -, -, -, -}, {-, 73+i329, 74+i330, 75+i331, 76+i332, 77+i333, 78+i334, 79+i335}, {-, 81+i337, 82+i338, 83+i339, 84+i340, 85+i341, 86+i342, 87+i343}, {-, 89+i345, 90+i346, 91+i347, 92+i348, 93+i349, 94+i350, 95+i351}, {-, 97+i353, 98+i354, 99+i355, 100+i356, 101+i357, 102+i358, 103+i359}, {-, 105+i361, 106+i362, 107+i363, 108+i364, 109+i365, 110+i366, 111+i367}, {}, {}


{-, 129+i385, 130+i386, 131+i387, 132+i388, 133+i389, 134+i390, 135+i391}, {}, {}, {}, {}, {}, {}, {}


{-, 193+i449, 194+i450, 195+i451, 196+i452, 197+i453, 198+i454, 199+i455}, {}, {}, {}, {}, {}, {}, {}

---------------------
Index Mapping: 
---------------------

{533: 119, 532: 118, 531: 117, 530: 116, 529: 115, 528: 114, 527: 113, 526: 112, 525: 111, 524: 110, 523: 109, 522: 108, 521: 107, 520: 106, 519: 105, 518: 104, 391: 90, 517: 103, 390: 89, 367: 83, 366: 82, 358: 75, 350: 68, 342: 61, 355: 72, 101: 25, 354: 71, 100: 24, 353: 70, 99: 23, 98: 22, 334: 54, 351: 69, 97: 21, 349: 67, 95: 20, 348: 66, 94: 19, 347: 65, 93: 18, 346: 64, 92: 17, 345: 63, 91: 16, 90: 15, 343: 62, 89: 14, 341: 60, 87: 13, 356: 73, 102: 26, 454: 96, 73: 0, 513: 99, 386: 85, 132: 38, 340: 59, 86: 12, 357: 74, 103: 27, 455: 97, 74: 1, 514: 100, 387: 86, 133: 39, 329: 49, 75: 2, 515: 101, 388: 87, 134: 40, 193: 42, 359: 76, 105: 28, 330: 50, 76: 3, 516: 102, 389: 88, 135: 41, 194: 43, 331: 51, 77: 4, 449: 91, 195: 44, 450: 92, 196: 45, 333: 53, 79: 6, 451: 93, 197: 46, 335: 55, 81: 7, 453: 95, 199: 48, 82: 8, 337: 56, 83: 9, 338: 57, 84: 10, 339: 58, 85: 11, 106: 29, 361: 77, 107: 30, 362: 78, 108: 31, 363: 79, 109: 32, 364: 80, 110: 33, 365: 81, 111: 34, 129: 35, 130: 36, 512: 98, 385: 84, 131: 37, 452: 94, 198: 47, 78: 5, 332: 52}

---------------------
Final Problem: 
---------------------
Find a point satisfying:

1*{  4 11} + 1*{  1  8} + 0.125*{} + 1*{ 55 62} + 1*{  2  9} + 1*{ 49 56} + 1*{  0  7} + 1*{ 50 57} + 1*{ 54 61} + 1*{  6 13} + 1*{  3 10} + 1*{ 52 59} + 1*{ 53 60} + 1*{  5 12} + 1*{ 51 58} = 0 

1*{  1 57} + 1*{  2 58} + -1*{ 11 53} + -1*{  7 49} + 1*{  3 59} + 1*{  0 56} + 1*{  5 61} + -1*{ 10 52} + 1*{  4 60} + 1*{  6 62} + -1*{ 13 55} + -1*{  9 51} + -1*{  8 50} + -1*{ 12 54} = 0 

1*{  4 18} + 1*{ 50 64} + 1*{ 52 66} + 1*{  6 20} + 1*{  5 19} + 1*{  3 17} + 1*{ 49 63} + 0.125*{} + 1*{ 54 68} + 1*{ 55 69} + 1*{ 51 65} + 1*{  2 16} + 1*{ 53 67} + 1*{  0 14} + 1*{  1 15} = 0 

1*{  5 68} + -1*{ 15 50} + -1*{ 14 49} + -1*{ 17 52} + 1*{  4 67} + 1*{  6 69} + -1*{ 16 51} + 1*{  1 64} + 1*{  0 63} + -1*{ 20 55} + 1*{  2 65} + -1*{ 19 54} + -1*{ 18 53} + 1*{  3 66} = 0 

1*{ 50 71} + 1*{  6 27} + 1*{ 54 75} + 0.125*{} + 1*{  0 21} + 1*{  4 25} + 1*{ 55 76} + 1*{  2 23} + 1*{  5 26} + 1*{  3 24} + 1*{  1 22} + 1*{ 49 70} + 1*{ 51 72} + 1*{ 52 73} + 1*{ 53 74} = 0 

1*{  6 76} + 1*{  1 71} + -1*{ 24 52} + -1*{ 23 51} + 1*{  5 75} + -1*{ 25 53} + -1*{ 27 55} + -1*{ 26 54} + 1*{  4 74} + -1*{ 21 49} + -1*{ 22 50} + 1*{  3 73} + 1*{  0 70} + 1*{  2 72} = 0 

1*{  1 29} + 1*{ 52 80} + 1*{ 49 77} + 1*{  4 32} + 1*{ 51 79} + 1*{  3 31} + 1*{  6 34} + 1*{ 53 81} + 1*{ 55 83} + 0.125*{} + 1*{  0 28} + 1*{  2 30} + 1*{ 50 78} + 1*{ 54 82} + 1*{  5 33} = 0 

-1*{ 28 49} + -1*{ 31 52} + 1*{  2 79} + 1*{  5 82} + -1*{ 30 51} + -1*{ 32 53} + 1*{  4 81} + 1*{  6 83} + -1*{ 33 54} + 1*{  0 77} + -1*{ 29 50} + 1*{  1 78} + 1*{  3 80} + -1*{ 34 55} = 0 

-0.125*{} + 1*{ 99 99} + 1*{ 98 98} = 0 

1*{ 49 84} + 1*{ 52 87} + 1*{  3 38} + 1*{ 55 90} + 1*{  2 37} + 1*{  5 40} + 1*{ 51 86} + -1*{ 98} + 1*{ 50 85} + 1*{  0 35} + 1*{ 54 89} + 1*{  6 41} + 1*{  4 39} + 1*{  1 36} + 0.125*{} + 1*{ 53 88} = 0 

-1*{ 39 53} + 1*{  4 88} + -1*{ 35 49} + -1*{ 41 55} + -1*{ 38 52} + 1*{  5 89} + 1*{  1 85} + 1*{  0 84} + 1*{  3 87} + -1*{ 40 54} + -1*{ 36 50} + -1*{ 99} + -1*{ 37 51} + 1*{  6 90} + 1*{  2 86} = 0 

-0.125*{} + 1*{101101} + 1*{100100} = 0 

1*{  5 47} + 1*{ 50 92} + 1*{  0 42} + 1*{ 55 97} + 1*{  6 48} + 1*{ 54 96} + 0.125*{} + 1*{  4 46} + 1*{ 51 93} + 1*{  1 43} + 1*{ 49 91} + 1*{ 52 94} + -1*{100} + 1*{  2 44} + 1*{ 53 95} + 1*{  3 45} = 0 

1*{  4 95} + -1*{ 46 53} + 1*{  0 91} + 1*{  6 97} + -1*{101} + -1*{ 42 49} + -1*{ 47 54} + -1*{ 45 52} + -1*{ 48 55} + 1*{  1 92} + 1*{  2 93} + 1*{  5 96} + 1*{  3 94} + -1*{ 44 51} + -1*{ 43 50} = 0 

-0.125*{} + 1*{ 49 49} + 1*{  0  0} = 0 

-0.125*{} + 1*{  1  1} + 1*{ 50 50} = 0 

-0.125*{} + 1*{ 51 51} + 1*{  2  2} = 0 

-0.125*{} + 1*{ 52 52} + 1*{  3  3} = 0 

-0.125*{} + 1*{ 53 53} + 1*{  4  4} = 0 

-0.125*{} + 1*{ 54 54} + 1*{  5  5} = 0 

-0.125*{} + 1*{ 55 55} + 1*{  6  6} = 0 

0.25*{  2  6} + 0.25*{  0  4} + 0.25*{ 50 54} + 0.25*{ 50 53} + 0.0883883*{  5} + 0.25*{ 52 55} + 0.25*{ 51 54} + 0.25*{  4  6} + 0.0883883*{  4} + 0.25*{  1  6} + 0.25*{  1  3} + 0.25*{  3  5} + 0.25*{ 49 54} + 0.25*{  0  1} + 0.25*{ 50 51} + 0.25*{ 49 51} + 0.25*{  0  5} + 0.25*{ 50 55} + 0.25*{  4  5} + 0.0883883*{  0} + 0.25*{  1  5} + 0.25*{  0  3} + 0.25*{ 49 50} + 0.25*{ 51 55} + 0.25*{  0  6} + 0.25*{  2  5} + 0.25*{ 50 52} + 0.25*{ 52 53} + 0.0883883*{  6} + 0.25*{ 49 55} + 0.25*{ 51 52} + 0.0883883*{  3} + 0.25*{ 52 54} + 0.25*{  1  4} + 0.25*{  5  6} + 0.25*{ 49 52} + 0.25*{  1  2} + 0.25*{ 51 53} + 0.25*{  2  3} + 0.25*{ 54 55} + 0.25*{ 53 55} + 0.25*{  2  4} + 0.25*{ 53 54} + 0.0883883*{  2} + 0.25*{  3  6} + 0.0883883*{  1} + 0.25*{  0  2} + 0.25*{ 49 53} + 0.25*{  3  4} = 0 

1*{ 57 64} + 1*{  9 16} + 1*{ 56 63} + 1*{ 12 19} + 1*{ 58 65} + 1*{ 59 66} + 1*{ 13 20} + 1*{ 62 69} + 1*{  8 15} + 1*{ 61 68} + 1*{  7 14} + 1*{ 11 18} + 0.125*{} + 1*{ 60 67} + 1*{ 10 17} = 0 

1*{ 12 68} + -1*{ 18 60} + 1*{ 13 69} + -1*{ 16 58} + 1*{  9 65} + -1*{ 14 56} + 1*{ 10 66} + -1*{ 17 59} + -1*{ 19 61} + -1*{ 20 62} + 1*{  7 63} + 1*{ 11 67} + -1*{ 15 57} + 1*{  8 64} = 0 

1*{  9 23} + 1*{ 59 73} + 1*{ 58 72} + 1*{ 61 75} + 1*{  7 21} + 1*{ 10 24} + 1*{ 62 76} + 1*{ 11 25} + 0.125*{} + 1*{  8 22} + 1*{ 56 70} + 1*{ 57 71} + 1*{ 13 27} + 1*{ 12 26} + 1*{ 60 74} = 0 

1*{  9 72} + -1*{ 23 58} + -1*{ 25 60} + 1*{ 13 76} + 1*{ 12 75} + 1*{ 11 74} + -1*{ 26 61} + -1*{ 24 59} + 1*{  7 70} + 1*{  8 71} + -1*{ 22 57} + 1*{ 10 73} + -1*{ 21 56} + -1*{ 27 62} = 0 

1*{ 10 31} + 0.125*{} + 1*{  9 30} + 1*{ 58 79} + 1*{ 62 83} + 1*{ 60 81} + 1*{ 56 77} + 1*{  7 28} + 1*{ 57 78} + 1*{ 11 32} + 1*{ 61 82} + 1*{  8 29} + 1*{ 12 33} + 1*{ 13 34} + 1*{ 59 80} = 0 

-1*{ 28 56} + -1*{ 34 62} + 1*{  8 78} + 1*{  9 79} + -1*{ 31 59} + 1*{ 13 83} + 1*{ 10 80} + 1*{ 11 81} + 1*{  7 77} + -1*{ 32 60} + -1*{ 30 58} + -1*{ 33 61} + 1*{ 12 82} + -1*{ 29 57} = 0 

1*{103103} + -0.125*{} + 1*{102102} = 0 

1*{  8 36} + 1*{  9 37} + 1*{ 57 85} + 1*{ 13 41} + 1*{ 56 84} + 1*{ 59 87} + 0.125*{} + 1*{  7 35} + 1*{ 58 86} + 1*{ 10 38} + 1*{ 61 89} + 1*{ 62 90} + -1*{102} + 1*{ 11 39} + 1*{ 12 40} + 1*{ 60 88} = 0 

-1*{ 40 61} + -1*{ 35 56} + -1*{ 38 59} + 1*{ 10 87} + -1*{103} + -1*{ 36 57} + 1*{ 11 88} + 1*{ 13 90} + 1*{  7 84} + -1*{ 41 62} + 1*{  9 86} + 1*{  8 85} + 1*{ 12 89} + -1*{ 39 60} + -1*{ 37 58} = 0 

-0.125*{} + 1*{105105} + 1*{104104} = 0 

1*{ 10 45} + 1*{ 60 95} + 1*{ 13 48} + 0.125*{} + 1*{ 62 97} + 1*{ 56 91} + 1*{ 57 92} + 1*{ 58 93} + 1*{ 12 47} + 1*{ 59 94} + 1*{ 61 96} + 1*{  9 44} + -1*{104} + 1*{  7 42} + 1*{  8 43} + 1*{ 11 46} = 0 

1*{ 10 94} + -1*{ 42 56} + -1*{ 43 57} + -1*{ 47 61} + 1*{  7 91} + -1*{ 45 59} + -1*{ 44 58} + 1*{ 11 95} + 1*{  9 93} + 1*{  8 92} + -1*{ 46 60} + -1*{ 48 62} + 1*{ 13 97} + 1*{ 12 96} + -1*{105} = 0 

-0.125*{} + 1*{  7  7} + 1*{ 56 56} = 0 

-0.125*{} + 1*{ 57 57} + 1*{  8  8} = 0 

1*{ 58 58} + -0.125*{} + 1*{  9  9} = 0 

-0.125*{} + 1*{ 59 59} + 1*{ 10 10} = 0 

-0.125*{} + 1*{ 60 60} + 1*{ 11 11} = 0 

-0.125*{} + 1*{ 61 61} + 1*{ 12 12} = 0 

-0.125*{} + 1*{ 62 62} + 1*{ 13 13} = 0 

0.25*{ 56 57} + 0.25*{  7  9} + 0.25*{ 57 59} + 0.25*{ 56 59} + 0.25*{ 59 61} + 0.25*{ 10 11} + 0.25*{ 57 62} + 0.25*{  9 10} + 0.25*{  7 13} + 0.25*{ 59 60} + 0.25*{ 60 62} + 0.25*{ 57 60} + 0.25*{  8 11} + 0.25*{  9 11} + 0.25*{ 56 61} + 0.0883883*{ 11} + 0.0883883*{  7} + 0.25*{ 58 62} + 0.25*{ 10 13} + 0.25*{ 56 58} + 0.25*{  7 11} + 0.25*{ 56 60} + 0.25*{ 57 58} + 0.25*{ 58 60} + 0.25*{ 60 61} + 0.25*{  8 10} + 0.25*{ 58 59} + 0.25*{  7  8} + 0.25*{ 11 13} + 0.25*{ 59 62} + 0.25*{  7 10} + 0.0883883*{  9} + 0.25*{ 12 13} + 0.25*{ 57 61} + 0.25*{  8 12} + 0.25*{  9 13} + 0.25*{  7 12} + 0.0883883*{  8} + 0.25*{  8  9} + 0.25*{ 10 12} + 0.25*{ 56 62} + 0.0883883*{ 13} + 0.25*{  9 12} + 0.25*{ 61 62} + 0.0883883*{ 12} + 0.25*{  8 13} + 0.0883883*{ 10} + 0.25*{ 11 12} + 0.25*{ 58 61} = 0 

1*{ 15 22} + 1*{ 64 71} + 1*{ 65 72} + 1*{ 18 25} + 1*{ 63 70} + 1*{ 67 74} + 1*{ 14 21} + 0.125*{} + 1*{ 16 23} + 1*{ 69 76} + 1*{ 17 24} + 1*{ 19 26} + 1*{ 68 75} + 1*{ 66 73} + 1*{ 20 27} = 0 

1*{ 15 71} + -1*{ 23 65} + 1*{ 19 75} + -1*{ 27 69} + 1*{ 20 76} + 1*{ 14 70} + -1*{ 21 63} + -1*{ 24 66} + 1*{ 18 74} + -1*{ 22 64} + -1*{ 25 67} + 1*{ 16 72} + 1*{ 17 73} + -1*{ 26 68} = 0 

1*{ 63 77} + 1*{ 64 78} + 1*{ 65 79} + 1*{ 17 31} + 1*{ 16 30} + 1*{ 19 33} + 1*{ 20 34} + 1*{ 68 82} + 1*{ 67 81} + 0.125*{} + 1*{ 15 29} + 1*{ 66 80} + 1*{ 18 32} + 1*{ 69 83} + 1*{ 14 28} = 0 

-1*{ 30 65} + 1*{ 15 78} + 1*{ 19 82} + -1*{ 34 69} + 1*{ 16 79} + -1*{ 33 68} + -1*{ 29 64} + 1*{ 17 80} + -1*{ 31 66} + -1*{ 28 63} + -1*{ 32 67} + 1*{ 14 77} + 1*{ 20 83} + 1*{ 18 81} = 0 

-0.125*{} + 1*{106106} + 1*{107107} = 0 

1*{ 69 90} + 1*{ 16 37} + 1*{ 65 86} + 1*{ 63 84} + 1*{ 17 38} + 1*{ 64 85} + 0.125*{} + 1*{ 15 36} + 1*{ 67 88} + 1*{ 18 39} + 1*{ 14 35} + 1*{ 66 87} + 1*{ 20 41} + 1*{ 68 89} + -1*{106} + 1*{ 19 40} = 0 

1*{ 18 88} + 1*{ 16 86} + 1*{ 20 90} + -1*{ 41 69} + 1*{ 19 89} + 1*{ 17 87} + -1*{ 39 67} + -1*{ 38 66} + 1*{ 14 84} + -1*{ 35 63} + 1*{ 15 85} + -1*{ 36 64} + -1*{ 37 65} + -1*{107} + -1*{ 40 68} = 0 

-0.125*{} + 1*{109109} + 1*{108108} = 0 

1*{ 63 91} + 1*{ 16 44} + 1*{ 14 42} + 1*{ 15 43} + 1*{ 67 95} + 1*{ 20 48} + 1*{ 19 47} + 1*{ 68 96} + 1*{ 17 45} + 1*{ 69 97} + 0.125*{} + 1*{ 66 94} + 1*{ 18 46} + 1*{ 64 92} + 1*{ 65 93} + -1*{108} = 0 

1*{ 15 92} + -1*{ 44 65} + -1*{109} + 1*{ 19 96} + -1*{ 43 64} + -1*{ 42 63} + 1*{ 20 97} + 1*{ 16 93} + 1*{ 18 95} + -1*{ 46 67} + -1*{ 47 68} + 1*{ 17 94} + -1*{ 45 66} + 1*{ 14 91} + -1*{ 48 69} = 0 

1*{ 63 63} + -0.125*{} + 1*{ 14 14} = 0 

-0.125*{} + 1*{ 64 64} + 1*{ 15 15} = 0 

-0.125*{} + 1*{ 65 65} + 1*{ 16 16} = 0 

-0.125*{} + 1*{ 66 66} + 1*{ 17 17} = 0 

-0.125*{} + 1*{ 67 67} + 1*{ 18 18} = 0 

-0.125*{} + 1*{ 68 68} + 1*{ 19 19} = 0 

-0.125*{} + 1*{ 69 69} + 1*{ 20 20} = 0 

0.25*{ 16 17} + 0.25*{ 15 20} + 0.25*{ 65 67} + 0.25*{ 16 19} + 0.25*{ 19 20} + 0.25*{ 17 18} + 0.25*{ 15 19} + 0.25*{ 16 18} + 0.25*{ 64 67} + 0.25*{ 15 17} + 0.25*{ 14 18} + 0.25*{ 68 69} + 0.25*{ 64 66} + 0.0883883*{ 19} + 0.25*{ 15 16} + 0.25*{ 15 18} + 0.25*{ 65 69} + 0.25*{ 65 68} + 0.25*{ 66 68} + 0.25*{ 64 69} + 0.0883883*{ 18} + 0.0883883*{ 15} + 0.25*{ 14 17} + 0.25*{ 18 19} + 0.25*{ 14 15} + 0.25*{ 14 19} + 0.0883883*{ 16} + 0.25*{ 63 65} + 0.25*{ 64 65} + 0.25*{ 63 66} + 0.25*{ 63 67} + 0.25*{ 64 68} + 0.25*{ 63 68} + 0.0883883*{ 14} + 0.25*{ 63 64} + 0.25*{ 14 16} + 0.25*{ 66 67} + 0.25*{ 67 69} + 0.25*{ 66 69} + 0.25*{ 67 68} + 0.25*{ 18 20} + 0.25*{ 16 20} + 0.25*{ 65 66} + 0.25*{ 17 20} + 0.0883883*{ 20} + 0.25*{ 17 19} + 0.25*{ 14 20} + 0.25*{ 63 69} + 0.0883883*{ 17} = 0 

1*{ 74 81} + 1*{ 72 79} + 1*{ 73 80} + 1*{ 23 30} + 1*{ 22 29} + 1*{ 21 28} + 1*{ 25 32} + 1*{ 76 83} + 1*{ 71 78} + 0.125*{} + 1*{ 27 34} + 1*{ 70 77} + 1*{ 75 82} + 1*{ 24 31} + 1*{ 26 33} = 0 

-1*{ 33 75} + 1*{ 23 79} + 1*{ 24 80} + -1*{ 34 76} + -1*{ 30 72} + -1*{ 31 73} + 1*{ 26 82} + -1*{ 32 74} + 1*{ 27 83} + 1*{ 21 77} + -1*{ 28 70} + 1*{ 25 81} + 1*{ 22 78} + -1*{ 29 71} = 0 

-0.125*{} + 1*{111111} + 1*{110110} = 0 

1*{ 74 88} + 1*{ 21 35} + 1*{ 70 84} + 1*{ 76 90} + 1*{ 72 86} + 1*{ 24 38} + -1*{110} + 0.125*{} + 1*{ 26 40} + 1*{ 75 89} + 1*{ 27 41} + 1*{ 73 87} + 1*{ 22 36} + 1*{ 23 37} + 1*{ 71 85} + 1*{ 25 39} = 0 

-1*{ 36 71} + 1*{ 27 90} + 1*{ 25 88} + -1*{ 39 74} + 1*{ 22 85} + -1*{ 40 75} + 1*{ 21 84} + 1*{ 24 87} + 1*{ 26 89} + -1*{ 35 70} + -1*{ 38 73} + -1*{ 37 72} + 1*{ 23 86} + -1*{ 41 76} + -1*{111} = 0 

-0.125*{} + 1*{113113} + 1*{112112} = 0 

0.125*{} + 1*{ 27 48} + 1*{ 73 94} + 1*{ 21 42} + 1*{ 26 47} + 1*{ 25 46} + -1*{112} + 1*{ 70 91} + 1*{ 76 97} + 1*{ 23 44} + 1*{ 24 45} + 1*{ 22 43} + 1*{ 72 93} + 1*{ 74 95} + 1*{ 71 92} + 1*{ 75 96} = 0 

1*{ 26 96} + 1*{ 21 91} + -1*{ 44 72} + 1*{ 23 93} + -1*{ 48 76} + 1*{ 24 94} + 1*{ 27 97} + -1*{ 47 75} + -1*{113} + -1*{ 43 71} + -1*{ 42 70} + -1*{ 46 74} + 1*{ 25 95} + -1*{ 45 73} + 1*{ 22 92} = 0 

-0.125*{} + 1*{ 70 70} + 1*{ 21 21} = 0 

-0.125*{} + 1*{ 71 71} + 1*{ 22 22} = 0 

-0.125*{} + 1*{ 72 72} + 1*{ 23 23} = 0 

-0.125*{} + 1*{ 73 73} + 1*{ 24 24} = 0 

-0.125*{} + 1*{ 74 74} + 1*{ 25 25} = 0 

-0.125*{} + 1*{ 75 75} + 1*{ 26 26} = 0 

-0.125*{} + 1*{ 76 76} + 1*{ 27 27} = 0 

0.0883883*{ 25} + 0.25*{ 72 76} + 0.0883883*{ 23} + 0.0883883*{ 21} + 0.25*{ 70 74} + 0.25*{ 22 26} + 0.25*{ 24 25} + 0.25*{ 70 71} + 0.25*{ 73 76} + 0.25*{ 26 27} + 0.25*{ 75 76} + 0.25*{ 74 75} + 0.25*{ 70 73} + 0.25*{ 24 26} + 0.25*{ 21 22} + 0.25*{ 24 27} + 0.0883883*{ 27} + 0.25*{ 72 75} + 0.25*{ 72 73} + 0.25*{ 72 74} + 0.25*{ 71 75} + 0.25*{ 71 76} + 0.25*{ 73 75} + 0.25*{ 21 26} + 0.25*{ 22 23} + 0.25*{ 23 26} + 0.25*{ 71 72} + 0.25*{ 21 23} + 0.0883883*{ 22} + 0.25*{ 22 24} + 0.25*{ 74 76} + 0.25*{ 73 74} + 0.25*{ 71 74} + 0.0883883*{ 24} + 0.25*{ 21 25} + 0.0883883*{ 26} + 0.25*{ 23 24} + 0.25*{ 70 75} + 0.25*{ 23 25} + 0.25*{ 70 72} + 0.25*{ 70 76} + 0.25*{ 71 73} + 0.25*{ 25 27} + 0.25*{ 25 26} + 0.25*{ 21 24} + 0.25*{ 22 27} + 0.25*{ 21 27} + 0.25*{ 23 27} + 0.25*{ 22 25} = 0 

-0.125*{} + 1*{115115} + 1*{114114} = 0 

1*{ 79 86} + 0.125*{} + 1*{ 33 40} + 1*{ 81 88} + 1*{ 78 85} + 1*{ 30 37} + 1*{ 34 41} + 1*{ 77 84} + 1*{ 80 87} + 1*{ 32 39} + -1*{114} + 1*{ 28 35} + 1*{ 29 36} + 1*{ 83 90} + 1*{ 31 38} + 1*{ 82 89} = 0 

-1*{ 41 83} + -1*{ 39 81} + -1*{ 35 77} + 1*{ 34 90} + -1*{ 40 82} + 1*{ 28 84} + 1*{ 30 86} + 1*{ 32 88} + 1*{ 31 87} + -1*{ 36 78} + 1*{ 33 89} + -1*{115} + -1*{ 37 79} + -1*{ 38 80} + 1*{ 29 85} = 0 

-0.125*{} + 1*{117117} + 1*{116116} = 0 

1*{ 80 94} + 1*{ 34 48} + 1*{ 33 47} + 0.125*{} + 1*{ 30 44} + 1*{ 32 46} + 1*{ 82 96} + 1*{ 77 91} + -1*{116} + 1*{ 83 97} + 1*{ 31 45} + 1*{ 29 43} + 1*{ 81 95} + 1*{ 28 42} + 1*{ 79 93} + 1*{ 78 92} = 0 

-1*{ 44 79} + 1*{ 28 91} + -1*{ 46 81} + 1*{ 30 93} + -1*{117} + -1*{ 48 83} + 1*{ 31 94} + -1*{ 43 78} + -1*{ 45 80} + 1*{ 32 95} + -1*{ 42 77} + 1*{ 34 97} + -1*{ 47 82} + 1*{ 29 92} + 1*{ 33 96} = 0 

-0.125*{} + 1*{ 77 77} + 1*{ 28 28} = 0 

1*{ 78 78} + -0.125*{} + 1*{ 29 29} = 0 

-0.125*{} + 1*{ 79 79} + 1*{ 30 30} = 0 

1*{ 80 80} + -0.125*{} + 1*{ 31 31} = 0 

-0.125*{} + 1*{ 81 81} + 1*{ 32 32} = 0 

-0.125*{} + 1*{ 33 33} + 1*{ 82 82} = 0 

-0.125*{} + 1*{ 83 83} + 1*{ 34 34} = 0 

0.0883883*{ 31} + 0.25*{ 28 32} + 0.25*{ 32 33} + 0.25*{ 29 31} + 0.25*{ 78 83} + 0.25*{ 80 81} + 0.25*{ 77 78} + 0.0883883*{ 28} + 0.0883883*{ 30} + 0.25*{ 77 80} + 0.25*{ 30 31} + 0.25*{ 28 29} + 0.0883883*{ 29} + 0.25*{ 31 32} + 0.25*{ 29 34} + 0.25*{ 29 32} + 0.25*{ 29 33} + 0.0883883*{ 32} + 0.25*{ 28 31} + 0.25*{ 30 34} + 0.25*{ 31 34} + 0.0883883*{ 34} + 0.25*{ 78 81} + 0.0883883*{ 33} + 0.25*{ 77 82} + 0.25*{ 79 81} + 0.25*{ 28 34} + 0.25*{ 33 34} + 0.25*{ 79 80} + 0.25*{ 82 83} + 0.25*{ 81 82} + 0.25*{ 30 33} + 0.25*{ 30 32} + 0.25*{ 78 82} + 0.25*{ 77 79} + 0.25*{ 31 33} + 0.25*{ 77 83} + 0.25*{ 32 34} + 0.25*{ 78 80} + 0.25*{ 29 30} + 0.25*{ 81 83} + 0.25*{ 80 82} + 0.25*{ 28 33} + 0.25*{ 78 79} + 0.25*{ 79 82} + 0.25*{ 77 81} + 0.25*{ 80 83} + 0.25*{ 28 30} + 0.25*{ 79 83} = 0 

-0.125*{} + 1*{119119} + 1*{118118} = 0 

1*{ 37 44} + 1*{ 35 42} + 1*{ 88 95} + 1*{ 39 46} + 1*{ 36 43} + 1*{ 40 47} + 1*{ 90 97} + 1*{ 84 91} + 1*{ 38 45} + 1*{ 86 93} + -1*{118} + 0.125*{} + 1*{ 87 94} + 1*{ 85 92} + 1*{ 41 48} + 1*{ 89 96} = 0 

-1*{ 45 87} + -1*{119} + 1*{ 41 97} + 1*{ 36 92} + -1*{ 42 84} + -1*{ 46 88} + -1*{ 47 89} + 1*{ 38 94} + -1*{ 43 85} + -1*{ 48 90} + 1*{ 39 95} + 1*{ 37 93} + 1*{ 35 91} + 1*{ 40 96} + -1*{ 44 86} = 0 

-0.125*{} + 1*{ 84 84} + 1*{ 35 35} = 0 

-0.125*{} + 1*{ 85 85} + 1*{ 36 36} = 0 

-0.125*{} + 1*{ 86 86} + 1*{ 37 37} = 0 

-0.125*{} + 1*{ 38 38} + 1*{ 87 87} = 0 

-0.125*{} + 1*{ 88 88} + 1*{ 39 39} = 0 

-0.125*{} + 1*{ 89 89} + 1*{ 40 40} = 0 

-0.125*{} + 1*{ 90 90} + 1*{ 41 41} = 0 

0.25*{ 36 37} + 0.25*{ 36 39} + 0.25*{ 38 41} + 0.25*{ 86 87} + 0.0883883*{ 37} + 0.25*{ 35 38} + 0.25*{ 84 90} + 0.25*{ 36 41} + 0.25*{ 85 90} + 0.25*{ 85 89} + 0.0883883*{ 38} + 0.25*{ 87 88} + 0.25*{ 86 90} + 0.25*{ 87 89} + 0.25*{ 35 41} + 0.25*{ 36 40} + 0.25*{ 89 90} + 0.25*{ 84 85} + 0.25*{ 38 39} + 0.25*{ 84 86} + 0.25*{ 85 88} + 0.25*{ 39 40} + 0.25*{ 86 88} + 0.25*{ 84 87} + 0.25*{ 88 90} + 0.25*{ 85 86} + 0.25*{ 35 39} + 0.25*{ 37 39} + 0.25*{ 84 89} + 0.25*{ 39 41} + 0.25*{ 37 41} + 0.25*{ 37 40} + 0.25*{ 85 87} + 0.25*{ 86 89} + 0.25*{ 35 36} + 0.25*{ 88 89} + 0.25*{ 37 38} + 0.25*{ 36 38} + 0.25*{ 87 90} + 0.0883883*{ 40} + 0.0883883*{ 35} + 0.25*{ 35 37} + 0.0883883*{ 39} + 0.0883883*{ 36} + 0.25*{ 40 41} + 0.25*{ 35 40} + 0.0883883*{ 41} + 0.25*{ 38 40} + 0.25*{ 84 88} = 0 

-0.125*{} + 1*{ 91 91} + 1*{ 42 42} = 0 

-0.125*{} + 1*{ 92 92} + 1*{ 43 43} = 0 

1*{ 93 93} + -0.125*{} + 1*{ 44 44} = 0 

-0.125*{} + 1*{ 94 94} + 1*{ 45 45} = 0 

-0.125*{} + 1*{ 95 95} + 1*{ 46 46} = 0 

-0.125*{} + 1*{ 96 96} + 1*{ 47 47} = 0 

-0.125*{} + 1*{ 48 48} + 1*{ 97 97} = 0 

0.25*{ 43 44} + 0.0883883*{ 45} + 0.25*{ 95 97} + 0.25*{ 43 47} + 0.25*{ 91 96} + 0.25*{ 42 47} + 0.0883883*{ 43} + 0.25*{ 92 93} + 0.25*{ 44 45} + 0.25*{ 93 96} + 0.25*{ 92 96} + 0.25*{ 42 44} + 0.25*{ 44 46} + 0.25*{ 94 97} + 0.25*{ 44 47} + 0.25*{ 46 47} + 0.25*{ 43 45} + 0.25*{ 91 97} + 0.25*{ 93 94} + 0.25*{ 91 93} + 0.25*{ 92 95} + 0.25*{ 44 48} + 0.25*{ 47 48} + 0.25*{ 94 95} + 0.25*{ 94 96} + 0.25*{ 91 95} + 0.25*{ 93 97} + 0.0883883*{ 46} + 0.0883883*{ 42} + 0.25*{ 93 95} + 0.25*{ 42 45} + 0.25*{ 96 97} + 0.0883883*{ 47} + 0.25*{ 92 97} + 0.25*{ 45 48} + 0.25*{ 92 94} + 0.25*{ 43 46} + 0.25*{ 45 46} + 0.0883883*{ 48} + 0.0883883*{ 44} + 0.25*{ 42 46} + 0.25*{ 42 43} + 0.25*{ 43 48} + 0.25*{ 46 48} + 0.25*{ 95 96} + 0.25*{ 42 48} + 0.25*{ 45 47} + 0.25*{ 91 92} + 0.25*{ 91 94} = 0 

-64*{ 57} + 4*{ 55} + 1024*{ 52} + -1024*{ 59} + -32*{ 61} + 32*{ 54} + -8192*{ 13} + 1*{ 53} + 256*{ 51} + 2048*{  4} + -4*{ 62} + -1*{ 60} + 64*{ 50} + 8*{  1} + -2048*{ 11} + -16*{  7} + 128*{  2} + 4096*{  5} + 8192*{  6} + -4096*{ 12} + 2*{ 49} + -128*{  9} + -512*{ 10} + 16*{  0} + -256*{ 58} + -2*{ 56} + -8*{  8} + 512*{  3} > 0 

-256*{ 65} + -16*{ 14} + -512*{ 17} + 8*{  8} + -1*{ 67} + -64*{ 64} + 1*{ 60} + -4*{ 69} + -128*{ 16} + 64*{ 57} + -1024*{ 66} + -2*{ 63} + -2048*{ 18} + 2*{ 56} + 256*{ 58} + 8192*{ 13} + -4096*{ 19} + 512*{ 10} + 4096*{ 12} + -8*{ 15} + 128*{  9} + 4*{ 62} + 2048*{ 11} + 16*{  7} + -8192*{ 20} + -32*{ 68} + 32*{ 61} + 1024*{ 59} > 0 

128*{ 16} + 256*{ 65} + -4096*{ 26} + 16*{ 14} + -8192*{ 27} + 512*{ 17} + -4*{ 76} + -32*{ 75} + 1*{ 67} + -128*{ 23} + -64*{ 71} + 64*{ 64} + -2048*{ 25} + -8*{ 22} + -16*{ 21} + 32*{ 68} + -1*{ 74} + 4096*{ 19} + 8*{ 15} + -512*{ 24} + 4*{ 69} + -256*{ 72} + -1024*{ 73} + 1024*{ 66} + 2*{ 63} + 2048*{ 18} + -2*{ 70} + 8192*{ 20} > 0 

512*{ 24} + -512*{ 31} + -1*{ 81} + -1024*{ 80} + 4096*{ 26} + 2*{ 70} + -2048*{ 32} + -8192*{ 34} + 2048*{ 25} + 256*{ 72} + -128*{ 30} + 8192*{ 27} + -16*{ 28} + 8*{ 22} + -256*{ 79} + 128*{ 23} + 64*{ 71} + -64*{ 78} + 16*{ 21} + 4*{ 76} + 32*{ 75} + -4096*{ 33} + -2*{ 77} + 1024*{ 73} + 1*{ 74} + -32*{ 82} + -8*{ 29} + -4*{ 83} > 0 

8192*{  6} + -128*{ 37} + 1024*{ 52} + -8192*{ 41} + -512*{ 38} + 2048*{  4} + 32*{ 54} + 512*{  3} + 4096*{  5} + -64*{ 85} + -2*{ 84} + -2048*{ 39} + -1*{ 88} + -16*{ 35} + 4*{ 55} + -4096*{ 40} + 2*{ 49} + 1*{ 53} + 256*{ 51} + -1024*{ 87} + -4*{ 90} + 8*{  1} + 128*{  2} + -8*{ 36} + -256*{ 86} + 64*{ 50} + -32*{ 89} + 16*{  0} > 0 

-4096*{ 47} + -64*{ 92} + -256*{ 93} + 8192*{ 41} + 2*{ 84} + -4*{ 97} + 64*{ 85} + -16*{ 42} + 512*{ 38} + -32*{ 96} + 32*{ 89} + 4096*{ 40} + 1*{ 88} + 16*{ 35} + 128*{ 37} + -2*{ 91} + -1*{ 95} + -128*{ 44} + 1024*{ 87} + 4*{ 90} + 2048*{ 39} + -8*{ 43} + -1024*{ 94} + -8192*{ 48} + -2048*{ 46} + 8*{ 36} + -512*{ 45} + 256*{ 86} > 0 

-4*{ 85} + 32*{ 42} + 1*{ 91} + -256*{ 22} + 2048*{ 28} + -1*{ 92} + -128*{ 50} + 512*{ 70} + -2048*{ 29} + 64*{ 63} + 4096*{ 35} + 128*{ 49} + -16*{ 15} + -2*{  1} + 8*{  7} + -4096*{ 36} + -32*{ 43} + 8192*{ 77} + 4*{ 84} + -1024*{ 57} + 16*{ 14} + -512*{ 71} + -64*{ 64} + -8*{  8} + 256*{ 21} + -8192*{ 78} + 2*{  0} + 1024*{ 56} > 0 

-64*{ 65} + 8192*{ 78} + 4*{ 85} + 128*{ 50} + 1*{ 92} + 256*{ 22} + -2*{  2} + 2*{  1} + -128*{ 51} + -32*{ 44} + 1024*{ 57} + -16*{ 16} + -2048*{ 30} + -1*{ 93} + 16*{ 15} + -8*{  9} + -4096*{ 37} + -8192*{ 79} + 8*{  8} + 512*{ 71} + -256*{ 23} + 64*{ 64} + 32*{ 43} + 2048*{ 29} + -1024*{ 58} + -512*{ 72} + 4096*{ 36} + -4*{ 86} > 0 

-512*{ 73} + 256*{ 23} + 2*{  2} + 128*{ 51} + 1024*{ 58} + 512*{ 72} + 4*{ 86} + -32*{ 45} + -256*{ 24} + -16*{ 17} + -2*{  3} + 64*{ 65} + -1*{ 94} + -8192*{ 80} + 16*{ 16} + -64*{ 66} + -4*{ 87} + -1024*{ 59} + -4096*{ 38} + 32*{ 44} + 8*{  9} + -8*{ 10} + -128*{ 52} + 1*{ 93} + 2048*{ 30} + 8192*{ 79} + 4096*{ 37} + -2048*{ 31} > 0 

16*{ 17} + -8*{ 11} + 128*{ 52} + -2*{  4} + 2*{  3} + -128*{ 53} + -4*{ 88} + 512*{ 73} + -1024*{ 60} + -256*{ 25} + 1024*{ 59} + 4096*{ 38} + 4*{ 87} + 64*{ 66} + -4096*{ 39} + -1*{ 95} + 32*{ 45} + -32*{ 46} + 8*{ 10} + -512*{ 74} + -16*{ 18} + 1*{ 94} + -2048*{ 32} + 256*{ 24} + -8192*{ 81} + 8192*{ 80} + -64*{ 67} + 2048*{ 31} > 0 

128*{ 53} + 4*{ 88} + 2*{  4} + -256*{ 26} + -2*{  5} + 4096*{ 39} + -4*{ 89} + 1024*{ 60} + -16*{ 19} + -8192*{ 82} + -8*{ 12} + 512*{ 74} + 8*{ 11} + -512*{ 75} + -128*{ 54} + -32*{ 47} + 2048*{ 32} + -1*{ 96} + 256*{ 25} + 32*{ 46} + -1024*{ 61} + 1*{ 95} + 64*{ 67} + 16*{ 18} + -2048*{ 33} + 8192*{ 81} + -64*{ 68} + -4096*{ 40} > 0 

2*{  5} + 1*{ 96} + -64*{ 69} + 256*{ 26} + -1024*{ 62} + -256*{ 27} + -4*{ 90} + -128*{ 55} + -512*{ 76} + 2048*{ 33} + 4096*{ 40} + 64*{ 68} + -32*{ 48} + -2048*{ 34} + 1024*{ 61} + -1*{ 97} + -16*{ 20} + 8*{ 12} + 16*{ 19} + 8192*{ 82} + 32*{ 47} + 128*{ 54} + -8*{ 13} + 512*{ 75} + -2*{  6} + -4096*{ 41} + 4*{ 89} + -8192*{ 83} > 0 

1*{ 96} > 0 

{8, 6, 1, 1, 1, 1, 1, 1, 1, 1} vars: 120, vectors: 16
1 4.810337e+00 4.810337e+00 -2.438041e-01 3.338389e-15
2 4.463811e+00 4.463811e+00 -2.100811e-01 2.231809e-15
3 5.644217e+00 4.463811e+00 -1.504077e-01 1.848894e-15
4 3.643825e+00 3.643825e+00 -1.084057e-01 1.470242e-15
5 1.987009e+01 3.643825e+00 -7.036974e-02 7.937455e-15
6 4.824613e+02 3.643825e+00 -5.412653e-02 1.756349e-13
7 1.755992e+02 3.643825e+00 -4.087813e-02 5.013046e-14
8 2.501757e+02 3.643825e+00 -3.117156e-02 1.145338e-13
9 9.007399e+01 3.643825e+00 -2.373105e-02 2.940662e-14
10 3.242146e+01 3.643825e+00 -1.805823e-02 4.065650e-15
11 1.169961e+01 3.643825e+00 -1.364592e-02 2.057257e-15
12 5.618341e+00 3.643825e+00 -9.905324e-03 9.088705e-16
13 2.326808e+00 2.326808e+00 -7.143471e-03 4.681388e-16
14 8.097194e-01 8.097194e-01 -5.190635e-03 2.909233e-17
15 8.150916e-01 8.097194e-01 -3.570507e-03 1.112922e-16
16 3.120913e-01 3.120913e-01 -2.475822e-03 5.567227e-17
17 2.166206e-01 2.166206e-01 -1.763593e-03 8.343109e-17
18 8.477950e-02 8.477950e-02 -1.325368e-03 1.403203e-17
19 3.118984e-02 3.118984e-02 -1.454238e-03 2.156939e-17
20 1.775950e+02 3.118984e-02 -1.074785e-03 1.616261e-16
21 3.560270e+02 3.118984e-02 -8.304611e-04 5.684653e-14
22 1.300678e+02 3.118984e-02 -6.401152e-04 2.842323e-14
23 4.700274e+01 3.118984e-02 -4.877839e-04 1.219066e-16
24 1.643361e+02 3.118984e-02 -3.644994e-04 5.684347e-14
25 6.285629e+01 3.118984e-02 -2.692200e-04 3.552715e-14
26 3.042347e+01 3.118984e-02 -2.024377e-04 3.552755e-15
27 1.086085e+01 3.118984e-02 -1.929645e-04 1.776400e-15
28 2.619861e+04 3.118984e-02 -1.385192e-04 1.385792e-15
29 5.484545e+07 3.118984e-02 -1.073517e-04 7.450581e-09
30 1.978593e+07 3.118984e-02 -8.319585e-05 1.111813e-12
31 7.140518e+06 3.118984e-02 -6.444034e-05 9.313226e-10
32 3.079264e+06 3.118984e-02 -4.993474e-05 4.656613e-10
33 1.110829e+06 3.118984e-02 -3.870044e-05 4.656613e-10
34 4.017973e+05 3.118984e-02 -2.998400e-05 5.530259e-15
35 1.449288e+05 3.118984e-02 -2.322818e-05 1.862734e-15
36 5.228235e+04 3.118984e-02 -1.801138e-05 8.864611e-16
37 1.913488e+04 3.118984e-02 -1.394654e-05 5.199763e-16
38 6.902092e+03 3.118984e-02 -1.078744e-05 9.094947e-13
39 2.568807e+03 3.118984e-02 -8.336274e-06 9.094947e-13
40 9.255116e+02 3.118984e-02 -6.434035e-06 1.136868e-13
41 3.332679e+02 3.118984e-02 -4.939675e-06 5.684342e-14
42 1.437681e+02 3.118984e-02 -3.790453e-06 5.684342e-14
43 5.158164e+01 3.118984e-02 -2.895030e-06 2.800799e-18
44 1.847307e+01 3.118984e-02 -2.195955e-06 4.452964e-19
45 6.793272e+00 3.118984e-02 -1.643106e-06 1.776357e-15
46 2.405035e+00 3.118984e-02 -1.214924e-06 4.440897e-16
47 8.464499e-01 3.118984e-02 -8.846400e-07 2.220450e-16
48 2.978225e-01 3.118984e-02 -6.301478e-07 7.945569e-20
49 1.058800e-01 3.118984e-02 -4.492008e-07 2.775571e-17
50 3.796647e-02 3.118984e-02 -3.194096e-07 1.387779e-17
51 1.684425e-02 1.684425e-02 -2.241979e-07 3.469447e-18
52 8.559230e-03 8.559230e-03 -1.572172e-07 1.734724e-18
53 3.901571e-03 3.901571e-03 -1.080917e-07 8.673619e-19
54 2.163106e-03 2.163106e-03 -7.310395e-08 4.336809e-19
55 9.901268e-04 9.901268e-04 -5.274157e-08 2.168404e-19
56 4.139469e-04 4.139469e-04 -4.431446e-08 2.168404e-19
57 1.852874e-04 1.852874e-04 -3.619704e-08 8.131516e-20
58 8.743264e-05 8.743264e-05 -3.082396e-08 4.065758e-20
59 4.143686e-05 4.143686e-05 -2.560709e-08 1.355254e-20
60 1.716799e-05 1.716799e-05 -2.435480e-08 1.016454e-20
61 7.073709e-06 7.073709e-06 -2.363711e-08 5.929231e-21
62 1.887199e-05 7.073709e-06 -1.374743e-08 6.776264e-21
63 5.950217e-06 5.950217e-06 -8.340926e-09 5.929231e-21
64 1.925728e-06 1.925728e-06 -4.006755e-09 8.893846e-21
65 1.715385e-04 1.925728e-06 -2.226527e-09 1.084202e-19
66 5.216872e-05 1.925728e-06 -1.234856e-09 6.776264e-21
67 1.585602e-05 1.925728e-06 -6.904701e-10 1.355253e-20
68 1.213562e-05 1.925728e-06 -3.940770e-10 6.480433e-26
69 3.960057e-06 1.925728e-06 -2.384774e-10 1.101143e-20
70 5.481454e-05 1.925728e-06 -1.321574e-10 1.355253e-20
71 1.667561e-05 1.925728e-06 -7.295584e-11 2.053635e-27
72 5.116489e-06 1.925728e-06 -4.180232e-11 2.541099e-21
73 2.085573e-06 1.925728e-06 -2.708588e-11 4.235165e-22
74 8.655495e-07 8.655495e-07 -4.530593e-11 1.588187e-21
75 1.204079e-06 8.655495e-07 3.601066e-11 2.117582e-22
76 6.929991e-07 6.929991e-07 2.557792e-11 4.235165e-22
77 2.414864e-07 2.414864e-07 2.946260e-11 1.100178e-28
78 1.090678e-07 1.090678e-07 7.035342e-11 3.970467e-23
79 3.728713e-08 3.728713e-08 9.479626e-11 6.617445e-24
80 1.166787e-08 1.166787e-08 1.103495e-10 3.308723e-24
81 3.524983e-09 3.524983e-09 1.185822e-10 1.654362e-24
82 1.064630e-09 1.064630e-09 1.228568e-10 3.452024e-27
83 3.216990e-10 3.216990e-10 1.250827e-10 1.036100e-25
84 9.724514e-11 9.724514e-11 1.262416e-10 2.594804e-26
85 2.940196e-11 2.940196e-11 1.268330e-10 8.537237e-28
86 8.891736e-12 8.891736e-12 1.271143e-10 3.242244e-27
87 2.694642e-12 2.694642e-12 1.274175e-10 8.657491e-28
88 8.104856e-13 8.104856e-13 1.271267e-10 3.029670e-28
x:  2.824254e-01  3.488452e-01 -1.119400e-01 -2.957208e-02 -2.158152e-01 -1.719893e-01  1.455229e-01 -1.125542e-01  3.269139e-01  2.314950e-01  6.609946e-02 -3.529779e-01  3.350435e-01  1.807863e-02 -3.526771e-01 -2.313161e-01 -1.949083e-01 -2.637667e-01  3.030880e-01 -3.096480e-01 -6.734231e-02 -9.987850e-03  3.081626e-01  1.452404e-01 -1.320937e-01  3.384508e-01 -3.348692e-01 -7.463074e-02  2.193736e-01 -2.683540e-01  2.244894e-01 -2.798669e-01  2.010501e-01  2.703487e-01  2.526635e-01  3.488901e-01 -2.668420e-01  2.367625e-01  3.488437e-01  2.730986e-01 -3.286708e-01 -1.083825e-01  3.534838e-01 -1.446625e-01 -3.506074e-01 -3.532091e-01  2.536538e-01  1.026018e-01  3.397015e-01 -2.126873e-01  5.750717e-02  3.353646e-01  3.523145e-01  2.800425e-01  3.089008e-01 -3.222159e-01  3.351592e-01 -1.346380e-01 -2.672268e-01  3.473194e-01 -2.016098e-02 -1.128970e-01  3.530907e-01  2.487608e-02 -2.673815e-01  2.949759e-01  2.354297e-01  1.820375e-01 -1.706402e-01  3.470807e-01  3.534124e-01 -1.733088e-01 -3.223435e-01 -3.279499e-01 -1.022300e-01  1.134128e-01 -3.455867e-01 -2.772638e-01  2.301871e-01 -2.731383e-01 -2.160429e-01  2.908244e-01  2.278411e-01  2.473078e-01 -5.723347e-02 -2.319382e-01  2.625710e-01 -5.751592e-02 -2.245377e-01  1.302900e-01 -3.365312e-01  7.013727e-03 -3.226032e-01 -4.554584e-02  1.559801e-02 -2.462920e-01 -3.383384e-01  9.799409e-02  2.278769e-01 -2.703186e-01 -3.377750e-02  3.519362e-01 -3.392174e-01 -9.965708e-02  2.553174e-02 -3.526303e-01  6.195577e-02 -3.480826e-01  3.411124e-01  9.296421e-02  3.463988e-01 -7.076634e-02  1.196590e-01 -3.326886e-01 -4.832236e-02  3.502356e-01  2.344615e-01 -2.646277e-01  1.192443e-01  3.328375e-01  1.271267e-10
grad:  3.053641e-20  1.663643e-20 -1.296210e-18  3.050584e-19  1.900215e-19  1.359399e-19  5.254855e-19 -9.387497e-19  1.007931e-19  2.466333e-19  1.681091e-19 -1.177842e-21  1.914905e-19 -4.144967e-19  2.932621e-21  3.659468e-19 -3.279858e-19 -5.231101e-19  6.751426e-21 -8.136330e-20 -2.030616e-19  4.696446e-19 -2.040934e-19 -1.432243e-19  1.046250e-19 -2.088841e-19  4.516774e-19 -1.050978e-19 -3.782140e-19 -1.795072e-19  5.165524e-19  2.374167e-19 -2.861157e-19  1.121554e-19  8.295608e-20 -1.289184e-20  8.741619e-20 -2.823493e-19  3.588475e-20 -4.276728e-19 -1.396475e-20  3.784081e-19  3.949475e-20 -1.393891e-18  4.320121e-20 -4.550727e-21 -2.958895e-19 -5.065681e-19  1.035225e-19  6.369600e-20 -8.292170e-20 -3.822221e-19  2.780414e-20  1.388795e-19  8.657131e-20  2.216153e-19 -2.874878e-19  2.305292e-19  1.662955e-19 -6.047042e-20  3.386817e-19  6.367749e-19 -7.324300e-21  1.631768e-19 -3.030100e-19 -2.120204e-19 -5.740761e-19 -1.655271e-20  1.367920e-19 -4.409458e-20  6.296048e-20 -4.464972e-19 -9.477994e-20 -1.083595e-20 -6.126416e-19  1.391331e-18  5.705691e-20 -2.973305e-19 -2.021332e-19  3.883041e-19 -3.236833e-19  1.767053e-19 -1.111053e-19 -8.550443e-20 -1.086439e-19 -1.081928e-19  2.716741e-19  2.089518e-19 -5.432540e-19 -1.389446e-20 -1.327433e-19 -9.827105e-19  5.900245e-19 -2.161545e-19  1.123206e-19 -3.339579e-19 -1.347858e-19 -4.387678e-19 -1.880357e-19 -1.390112e-19  5.179680e-19  6.224165e-20 -1.449545e-19  4.954156e-19 -1.940423e-18 -2.488084e-19 -3.315097e-19 -5.667936e-20  2.345645e-19 -7.385778e-19  9.683897e-20  5.004350e-19 -5.830057e-19 -1.965501e-19 -2.371572e-19 -4.488412e-20  2.647715e-20  2.543249e-20  7.485827e-19 -2.515983e-19  8.104856e-13
finished in 88 iterations (0.213 seconds total)
max viol = 2.15766e-07
