---------------------
Basis Indices:
---------------------

{-, -, -, -, -, -, -, -}, {-, -, -, -, -, -, -, -}, {-, -, -, -, -, -, -, -}, {-, -, -, -, -, -, -, -}, {-, -, -, -, -, -, -, -}, {-, -, -, -, -, -, -, -}, {-, -, -, -, -, -, -, -}, {-, -, -, -, -, -, -, -}


{-, -, -, -, -, -, -, -}, {-, 73+i393, 74+i394, 75+i395, 76+i396, 77+i397, 78+i398, 79+i399}, {-, 81+i401, 82+i402, 83+i403, 84+i404, 85+i405, 86+i406, 87+i407}, {-, 89+i409, 90+i410, 91+i411, 92+i412, 93+i413, 94+i414, 95+i415}, {-, 97+i417, 98+i418, 99+i419, 100+i420, 101+i421, 102+i422, 103+i423}, {-, 105+i425, 106+i426, 107+i427, 108+i428, 109+i429, 110+i430, 111+i431}, {}, {}


{-, 129+i449, 130+i450, 131+i451, 132+i452, 133+i453, 134+i454, 135+i455}, {}, {}, {}, {}, {}, {}, {}


{-, 193+i513, 194+i514, 195+i515, 196+i516, 197+i517, 198+i518, 199+i519}, {}, {}, {}, {}, {}, {}, {}


{-, 257+i577, 258+i578, 259+i579, 260+i580, 261+i581, 262+i582, 263+i583}, {}, {}, {}, {}, {}, {}, {}

---------------------
Index Mapping: 
---------------------

{673: 145, 665: 137, 657: 129, 579: 107, 111: 34, 110: 33, 109: 32, 108: 31, 107: 30, 106: 29, 129: 35, 643: 115, 85: 11, 258: 50, 515: 100, 642: 114, 84: 10, 257: 49, 514: 99, 641: 113, 83: 9, 516: 101, 259: 51, 513: 98, 640: 112, 82: 8, 199: 48, 580: 108, 81: 7, 578: 106, 79: 6, 453: 95, 196: 45, 577: 105, 78: 5, 452: 94, 195: 44, 449: 91, 77: 4, 451: 93, 194: 43, 76: 3, 105: 28, 450: 92, 193: 42, 75: 2, 583: 111, 74: 1, 198: 47, 455: 97, 582: 110, 103: 27, 263: 55, 260: 52, 517: 102, 130: 36, 644: 116, 86: 12, 73: 0, 197: 46, 454: 96, 581: 109, 102: 26, 87: 13, 89: 14, 90: 15, 91: 16, 92: 17, 93: 18, 94: 19, 95: 20, 97: 21, 133: 39, 647: 119, 98: 22, 134: 40, 648: 120, 99: 23, 135: 41, 649: 121, 100: 24, 101: 25, 393: 56, 650: 122, 394: 57, 651: 123, 655: 127, 398: 61, 395: 58, 652: 124, 656: 128, 399: 62, 396: 59, 653: 125, 658: 130, 401: 63, 659: 131, 402: 64, 660: 132, 403: 65, 661: 133, 404: 66, 662: 134, 405: 67, 663: 135, 406: 68, 664: 136, 407: 69, 666: 138, 409: 70, 667: 139, 410: 71, 668: 140, 411: 72, 669: 141, 412: 73, 670: 142, 413: 74, 671: 143, 414: 75, 672: 144, 415: 76, 674: 146, 417: 77, 675: 147, 418: 78, 419: 79, 420: 80, 421: 81, 422: 82, 423: 83, 425: 84, 426: 85, 427: 86, 428: 87, 429: 88, 430: 89, 431: 90, 261: 53, 518: 103, 131: 37, 645: 117, 262: 54, 519: 104, 132: 38, 646: 118, 397: 60, 654: 126}

---------------------
Final Problem: 
---------------------
Find a point satisfying:

1*{  3 10} + 1*{ 57 64} + 1*{  1  8} + 1*{ 56 63} + 0.125*{} + 1*{ 60 67} + 1*{  5 12} + 1*{  2  9} + 1*{ 58 65} + 1*{  0  7} + 1*{  4 11} + 1*{ 61 68} + 1*{ 62 69} + 1*{ 59 66} + 1*{  6 13} = 0 

1*{  4 67} + -1*{  8 57} + -1*{ 13 62} + -1*{ 12 61} + -1*{  9 58} + 1*{  3 66} + 1*{  6 69} + 1*{  1 64} + 1*{  0 63} + 1*{  5 68} + 1*{  2 65} + -1*{ 11 60} + -1*{  7 56} + -1*{ 10 59} = 0 

1*{  0 14} + 1*{ 60 74} + 0.125*{} + 1*{  6 20} + 1*{ 58 72} + 1*{  2 16} + 1*{  5 19} + 1*{  3 17} + 1*{ 57 71} + 1*{  4 18} + 1*{ 56 70} + 1*{ 62 76} + 1*{  1 15} + 1*{ 61 75} + 1*{ 59 73} = 0 

1*{  1 71} + -1*{ 16 58} + -1*{ 14 56} + 1*{  5 75} + -1*{ 19 61} + -1*{ 18 60} + -1*{ 17 59} + 1*{  4 74} + 1*{  3 73} + -1*{ 20 62} + 1*{  0 70} + -1*{ 15 57} + 1*{  6 76} + 1*{  2 72} = 0 

1*{  2 23} + 0.125*{} + 1*{ 56 77} + 1*{  6 27} + 1*{ 57 78} + 1*{ 61 82} + 1*{ 60 81} + 1*{ 58 79} + 1*{ 62 83} + 1*{  5 26} + 1*{ 59 80} + 1*{  1 22} + 1*{  3 24} + 1*{  4 25} + 1*{  0 21} = 0 

1*{  2 79} + 1*{  0 77} + 1*{  1 78} + 1*{  6 83} + -1*{ 22 57} + 1*{  3 80} + 1*{  5 82} + 1*{  4 81} + -1*{ 27 62} + -1*{ 23 58} + -1*{ 25 60} + -1*{ 21 56} + -1*{ 26 61} + -1*{ 24 59} = 0 

1*{  6 34} + 1*{  1 29} + 1*{  3 31} + 0.125*{} + 1*{  2 30} + 1*{  0 28} + 1*{ 56 84} + 1*{ 59 87} + 1*{ 61 89} + 1*{ 62 90} + 1*{ 60 88} + 1*{  4 32} + 1*{  5 33} + 1*{ 57 85} + 1*{ 58 86} = 0 

1*{  5 89} + -1*{ 34 62} + -1*{ 31 59} + 1*{  2 86} + -1*{ 29 57} + 1*{  1 85} + 1*{  4 88} + 1*{  3 87} + 1*{  0 84} + -1*{ 30 58} + -1*{ 33 61} + -1*{ 32 60} + 1*{  6 90} + -1*{ 28 56} = 0 

-0.125*{} + 1*{113113} + 1*{112112} = 0 

1*{ 60 95} + 1*{  1 36} + 1*{ 58 93} + 1*{ 62 97} + 1*{ 56 91} + 1*{  0 35} + 0.125*{} + 1*{  3 38} + -1*{112} + 1*{ 59 94} + 1*{ 57 92} + 1*{  5 40} + 1*{ 61 96} + 1*{  2 37} + 1*{  4 39} + 1*{  6 41} = 0 

1*{  1 92} + -1*{ 38 59} + -1*{ 40 61} + -1*{ 39 60} + -1*{ 37 58} + -1*{ 35 56} + 1*{  6 97} + 1*{  4 95} + 1*{  2 93} + 1*{  5 96} + -1*{ 36 57} + -1*{113} + 1*{  3 94} + -1*{ 41 62} + 1*{  0 91} = 0 

-0.125*{} + 1*{115115} + 1*{114114} = 0 

1*{  6 48} + 1*{ 58100} + 1*{  4 46} + 0.125*{} + 1*{ 60102} + -1*{114} + 1*{ 59101} + 1*{  0 42} + 1*{  1 43} + 1*{ 62104} + 1*{  2 44} + 1*{ 61103} + 1*{ 57 99} + 1*{  5 47} + 1*{ 56 98} + 1*{  3 45} = 0 

-1*{ 44 58} + -1*{ 47 61} + 1*{  0 98} + 1*{  2100} + 1*{  6104} + -1*{115} + -1*{ 48 62} + -1*{ 46 60} + 1*{  3101} + -1*{ 42 56} + 1*{  5103} + 1*{  4102} + 1*{  1 99} + -1*{ 43 57} + -1*{ 45 59} = 0 

-0.125*{} + 1*{117117} + 1*{116116} = 0 

1*{ 58107} + 1*{  2 51} + 1*{ 60109} + 1*{  4 53} + 1*{ 61110} + 0.125*{} + 1*{ 56105} + 1*{  5 54} + 1*{ 62111} + 1*{  0 49} + -1*{116} + 1*{ 57106} + 1*{  6 55} + 1*{ 59108} + 1*{  3 52} + 1*{  1 50} = 0 

1*{  3108} + -1*{ 54 61} + 1*{  5110} + -1*{ 50 57} + -1*{ 53 60} + 1*{  1106} + 1*{  6111} + 1*{  4109} + 1*{  2107} + 1*{  0105} + -1*{ 55 62} + -1*{ 52 59} + -1*{ 49 56} + -1*{ 51 58} + -1*{117} = 0 

-0.125*{} + 1*{ 56 56} + 1*{  0  0} = 0 

1*{  1  1} + -0.125*{} + 1*{ 57 57} = 0 

-0.125*{} + 1*{ 58 58} + 1*{  2  2} = 0 

-0.125*{} + 1*{ 59 59} + 1*{  3  3} = 0 

-0.125*{} + 1*{ 60 60} + 1*{  4  4} = 0 

-0.125*{} + 1*{ 61 61} + 1*{  5  5} = 0 

-0.125*{} + 1*{ 62 62} + 1*{  6  6} = 0 

0.25*{  2  4} + 0.25*{ 58 61} + 0.0883883*{  6} + 0.0883883*{  5} + 0.25*{ 57 59} + 0.25*{  3  5} + 0.25*{ 56 59} + 0.25*{ 59 61} + 0.25*{  3  4} + 0.25*{ 58 60} + 0.25*{ 60 61} + 0.25*{ 58 59} + 0.25*{  0  3} + 0.0883883*{  4} + 0.25*{ 57 60} + 0.25*{ 59 60} + 0.25*{ 60 62} + 0.25*{  4  6} + 0.25*{ 57 62} + 0.25*{  2  6} + 0.0883883*{  0} + 0.25*{  4  5} + 0.25*{  1  5} + 0.25*{  0  4} + 0.25*{  1  4} + 0.25*{  0  2} + 0.25*{ 56 61} + 0.25*{  5  6} + 0.25*{ 56 62} + 0.0883883*{  3} + 0.25*{  3  6} + 0.0883883*{  1} + 0.25*{ 59 62} + 0.25*{  0  6} + 0.25*{ 56 57} + 0.25*{ 56 60} + 0.25*{ 56 58} + 0.25*{  2  5} + 0.25*{ 57 61} + 0.25*{  1  2} + 0.25*{  2  3} + 0.25*{  1  3} + 0.25*{  1  6} + 0.0883883*{  2} + 0.25*{ 61 62} + 0.25*{  0  1} + 0.25*{ 58 62} + 0.25*{ 57 58} + 0.25*{  0  5} = 0 

1*{ 12 19} + 1*{ 67 74} + 1*{ 10 17} + 1*{ 69 76} + 1*{  9 16} + 1*{ 63 70} + 1*{ 65 72} + 1*{ 13 20} + 1*{ 68 75} + 1*{ 66 73} + 1*{ 11 18} + 1*{  7 14} + 0.125*{} + 1*{ 64 71} + 1*{  8 15} = 0 

1*{ 11 74} + -1*{ 14 63} + 1*{  9 72} + -1*{ 16 65} + 1*{ 13 76} + -1*{ 17 66} + -1*{ 20 69} + 1*{ 12 75} + -1*{ 19 68} + 1*{  8 71} + 1*{ 10 73} + -1*{ 18 67} + -1*{ 15 64} + 1*{  7 70} = 0 

1*{ 69 83} + 1*{ 10 24} + 1*{  9 23} + 1*{ 11 25} + 1*{ 68 82} + 1*{  7 21} + 0.125*{} + 1*{ 66 80} + 1*{ 67 81} + 1*{ 63 77} + 1*{  8 22} + 1*{ 64 78} + 1*{ 13 27} + 1*{ 12 26} + 1*{ 65 79} = 0 

-1*{ 21 63} + 1*{  9 79} + -1*{ 22 64} + -1*{ 25 67} + 1*{  7 77} + 1*{  8 78} + -1*{ 23 65} + 1*{ 10 80} + 1*{ 13 83} + 1*{ 11 81} + -1*{ 24 66} + -1*{ 26 68} + 1*{ 12 82} + -1*{ 27 69} = 0 

1*{ 63 84} + 1*{  7 28} + 1*{ 66 87} + 1*{ 64 85} + 1*{ 11 32} + 1*{ 10 31} + 1*{ 68 89} + 1*{ 65 86} + 1*{ 13 34} + 0.125*{} + 1*{  9 30} + 1*{ 69 90} + 1*{  8 29} + 1*{ 12 33} + 1*{ 67 88} = 0 

1*{  8 85} + -1*{ 29 64} + -1*{ 34 69} + 1*{  9 86} + 1*{ 12 89} + -1*{ 28 63} + 1*{ 10 87} + -1*{ 31 66} + -1*{ 33 68} + -1*{ 30 65} + 1*{ 11 88} + -1*{ 32 67} + 1*{ 13 90} + 1*{  7 84} = 0 

-0.125*{} + 1*{119119} + 1*{118118} = 0 

1*{  9 37} + 1*{ 65 93} + 1*{  8 36} + 1*{ 64 92} + 1*{  7 35} + 1*{ 69 97} + 1*{ 11 39} + -1*{118} + 1*{ 66 94} + 1*{ 10 38} + 1*{ 12 40} + 1*{ 68 96} + 1*{ 63 91} + 1*{ 67 95} + 0.125*{} + 1*{ 13 41} = 0 

-1*{ 35 63} + -1*{ 39 67} + -1*{ 38 66} + 1*{ 11 95} + -1*{ 40 68} + -1*{ 41 69} + 1*{ 13 97} + 1*{ 12 96} + 1*{  7 91} + -1*{ 37 65} + 1*{  9 93} + 1*{ 10 94} + -1*{119} + -1*{ 36 64} + 1*{  8 92} = 0 

-0.125*{} + 1*{121121} + 1*{120120} = 0 

1*{  9 44} + 1*{  7 42} + 1*{ 12 47} + 1*{ 67102} + 1*{ 69104} + 1*{ 64 99} + 1*{ 13 48} + 1*{ 68103} + 1*{ 63 98} + 1*{ 10 45} + 1*{ 11 46} + -1*{120} + 1*{  8 43} + 1*{ 65100} + 0.125*{} + 1*{ 66101} = 0 

1*{ 11102} + 1*{  7 98} + -1*{ 48 69} + 1*{  8 99} + -1*{ 46 67} + 1*{  9100} + -1*{ 47 68} + -1*{ 45 66} + 1*{ 12103} + 1*{ 10101} + -1*{ 43 64} + -1*{ 42 63} + 1*{ 13104} + -1*{121} + -1*{ 44 65} = 0 

-0.125*{} + 1*{122122} + 1*{123123} = 0 

1*{ 66108} + 1*{  7 49} + -1*{122} + 1*{ 69111} + 0.125*{} + 1*{ 12 54} + 1*{ 13 55} + 1*{  8 50} + 1*{  9 51} + 1*{ 65107} + 1*{ 68110} + 1*{ 10 52} + 1*{ 63105} + 1*{ 64106} + 1*{ 67109} + 1*{ 11 53} = 0 

-1*{ 49 63} + -1*{ 50 64} + 1*{  8106} + 1*{ 13111} + 1*{ 10108} + -1*{ 53 67} + 1*{ 11109} + -1*{ 54 68} + -1*{ 51 65} + -1*{ 55 69} + -1*{123} + -1*{ 52 66} + 1*{  9107} + 1*{  7105} + 1*{ 12110} = 0 

-0.125*{} + 1*{  7  7} + 1*{ 63 63} = 0 

-0.125*{} + 1*{ 64 64} + 1*{  8  8} = 0 

-0.125*{} + 1*{ 65 65} + 1*{  9  9} = 0 

-0.125*{} + 1*{ 66 66} + 1*{ 10 10} = 0 

-0.125*{} + 1*{ 67 67} + 1*{ 11 11} = 0 

-0.125*{} + 1*{ 68 68} + 1*{ 12 12} = 0 

-0.125*{} + 1*{ 69 69} + 1*{ 13 13} = 0 

0.0883883*{  7} + 0.25*{ 63 66} + 0.25*{ 67 69} + 0.25*{  7 10} + 0.25*{ 64 66} + 0.25*{ 65 67} + 0.25*{  7 11} + 0.25*{ 64 69} + 0.25*{  7 13} + 0.25*{ 65 69} + 0.25*{  9 13} + 0.25*{  8 12} + 0.25*{ 63 69} + 0.25*{ 10 12} + 0.25*{  9 10} + 0.25*{ 10 11} + 0.25*{  8  9} + 0.25*{  7 12} + 0.0883883*{  8} + 0.25*{ 12 13} + 0.0883883*{  9} + 0.25*{ 63 64} + 0.25*{ 67 68} + 0.0883883*{ 10} + 0.25*{ 11 12} + 0.25*{  8 13} + 0.25*{ 64 68} + 0.25*{ 63 68} + 0.25*{ 63 67} + 0.25*{ 66 68} + 0.25*{ 65 68} + 0.25*{ 66 67} + 0.25*{ 64 65} + 0.25*{ 63 65} + 0.25*{ 10 13} + 0.25*{ 66 69} + 0.25*{  8 10} + 0.0883883*{ 12} + 0.25*{  9 12} + 0.25*{ 65 66} + 0.25*{ 64 67} + 0.0883883*{ 11} + 0.25*{  8 11} + 0.25*{  9 11} + 0.25*{  7  9} + 0.25*{ 68 69} + 0.0883883*{ 13} + 0.25*{ 11 13} + 0.25*{  7  8} = 0 

0.125*{} + 1*{ 73 80} + 1*{ 16 23} + 1*{ 74 81} + 1*{ 72 79} + 1*{ 17 24} + 1*{ 14 21} + 1*{ 71 78} + 1*{ 76 83} + 1*{ 19 26} + 1*{ 75 82} + 1*{ 15 22} + 1*{ 18 25} + 1*{ 70 77} + 1*{ 20 27} = 0 

1*{ 15 78} + 1*{ 16 79} + 1*{ 17 80} + -1*{ 23 72} + -1*{ 21 70} + -1*{ 24 73} + 1*{ 20 83} + 1*{ 18 81} + -1*{ 22 71} + 1*{ 14 77} + -1*{ 26 75} + -1*{ 25 74} + -1*{ 27 76} + 1*{ 19 82} = 0 

1*{ 75 89} + 0.125*{} + 1*{ 71 85} + 1*{ 19 33} + 1*{ 17 31} + 1*{ 16 30} + 1*{ 76 90} + 1*{ 74 88} + 1*{ 20 34} + 1*{ 70 84} + 1*{ 14 28} + 1*{ 73 87} + 1*{ 72 86} + 1*{ 18 32} + 1*{ 15 29} = 0 

-1*{ 29 71} + 1*{ 14 84} + -1*{ 33 75} + 1*{ 20 90} + 1*{ 16 86} + -1*{ 32 74} + -1*{ 30 72} + -1*{ 31 73} + 1*{ 18 88} + 1*{ 19 89} + 1*{ 15 85} + -1*{ 28 70} + 1*{ 17 87} + -1*{ 34 76} = 0 

-0.125*{} + 1*{125125} + 1*{124124} = 0 

1*{ 73 94} + 1*{ 20 41} + 1*{ 70 91} + 1*{ 76 97} + 1*{ 19 40} + 1*{ 75 96} + 1*{ 71 92} + 1*{ 17 38} + 1*{ 16 37} + 1*{ 18 39} + 1*{ 14 35} + 0.125*{} + 1*{ 15 36} + 1*{ 74 95} + -1*{124} + 1*{ 72 93} = 0 

-1*{ 37 72} + 1*{ 14 91} + 1*{ 15 92} + -1*{ 40 75} + -1*{ 39 74} + 1*{ 20 97} + -1*{ 38 73} + -1*{ 35 70} + -1*{ 41 76} + 1*{ 17 94} + -1*{125} + 1*{ 18 95} + -1*{ 36 71} + 1*{ 16 93} + 1*{ 19 96} = 0 

-0.125*{} + 1*{127127} + 1*{126126} = 0 

1*{ 70 98} + 1*{ 73101} + 1*{ 18 46} + 0.125*{} + 1*{ 71 99} + 1*{ 76104} + 1*{ 75103} + 1*{ 72100} + 1*{ 19 47} + 1*{ 20 48} + 1*{ 15 43} + 1*{ 74102} + 1*{ 17 45} + -1*{126} + 1*{ 14 42} + 1*{ 16 44} = 0 

-1*{ 45 73} + 1*{ 20104} + -1*{ 44 72} + -1*{ 48 76} + 1*{ 17101} + -1*{ 47 75} + -1*{ 43 71} + 1*{ 19103} + -1*{ 46 74} + 1*{ 18102} + -1*{ 42 70} + 1*{ 16100} + 1*{ 15 99} + -1*{127} + 1*{ 14 98} = 0 

1*{129129} + 1*{128128} + -0.125*{} = 0 

1*{ 74109} + 1*{ 14 49} + 1*{ 75110} + 1*{ 76111} + 1*{ 17 52} + 1*{ 15 50} + 1*{ 72107} + -1*{128} + 1*{ 73108} + 1*{ 20 55} + 1*{ 70105} + 1*{ 19 54} + 1*{ 18 53} + 1*{ 16 51} + 0.125*{} + 1*{ 71106} = 0 

1*{ 14105} + 1*{ 15106} + -1*{ 50 71} + 1*{ 19110} + -1*{ 55 76} + -1*{129} + 1*{ 16107} + 1*{ 20111} + -1*{ 54 75} + 1*{ 17108} + -1*{ 53 74} + -1*{ 52 73} + -1*{ 51 72} + -1*{ 49 70} + 1*{ 18109} = 0 

-0.125*{} + 1*{ 70 70} + 1*{ 14 14} = 0 

-0.125*{} + 1*{ 71 71} + 1*{ 15 15} = 0 

-0.125*{} + 1*{ 72 72} + 1*{ 16 16} = 0 

-0.125*{} + 1*{ 73 73} + 1*{ 17 17} = 0 

-0.125*{} + 1*{ 74 74} + 1*{ 18 18} = 0 

-0.125*{} + 1*{ 75 75} + 1*{ 19 19} = 0 

-0.125*{} + 1*{ 76 76} + 1*{ 20 20} = 0 

0.25*{ 72 74} + 0.0883883*{ 19} + 0.25*{ 15 17} + 0.25*{ 71 72} + 0.25*{ 73 76} + 0.25*{ 71 76} + 0.25*{ 71 73} + 0.25*{ 16 17} + 0.25*{ 15 20} + 0.25*{ 17 18} + 0.25*{ 15 19} + 0.25*{ 71 74} + 0.0883883*{ 16} + 0.25*{ 72 75} + 0.25*{ 15 18} + 0.25*{ 15 16} + 0.25*{ 71 75} + 0.25*{ 73 74} + 0.25*{ 74 76} + 0.25*{ 75 76} + 0.25*{ 74 75} + 0.0883883*{ 14} + 0.25*{ 16 20} + 0.25*{ 17 19} + 0.0883883*{ 20} + 0.25*{ 70 73} + 0.25*{ 16 18} + 0.25*{ 72 73} + 0.25*{ 18 20} + 0.25*{ 73 75} + 0.0883883*{ 15} + 0.25*{ 14 17} + 0.25*{ 14 16} + 0.25*{ 14 18} + 0.0883883*{ 17} + 0.25*{ 70 75} + 0.25*{ 17 20} + 0.25*{ 18 19} + 0.25*{ 14 19} + 0.25*{ 14 15} + 0.25*{ 14 20} + 0.25*{ 70 71} + 0.25*{ 19 20} + 0.25*{ 70 72} + 0.25*{ 70 76} + 0.25*{ 16 19} + 0.0883883*{ 18} + 0.25*{ 70 74} + 0.25*{ 72 76} = 0 

1*{ 77 84} + 1*{ 25 32} + 1*{ 23 30} + 1*{ 81 88} + 1*{ 78 85} + 1*{ 21 28} + 1*{ 22 29} + 1*{ 80 87} + 1*{ 82 89} + 1*{ 79 86} + 1*{ 83 90} + 1*{ 24 31} + 1*{ 26 33} + 0.125*{} + 1*{ 27 34} = 0 

1*{ 23 86} + -1*{ 34 83} + -1*{ 30 79} + 1*{ 22 85} + 1*{ 26 89} + 1*{ 24 87} + -1*{ 33 82} + 1*{ 21 84} + 1*{ 27 90} + -1*{ 32 81} + -1*{ 31 80} + -1*{ 28 77} + 1*{ 25 88} + -1*{ 29 78} = 0 

-0.125*{} + 1*{131131} + 1*{130130} = 0 

1*{ 21 35} + 1*{ 78 92} + 1*{ 81 95} + 1*{ 82 96} + 1*{ 24 38} + 1*{ 83 97} + 1*{ 25 39} + 0.125*{} + 1*{ 27 41} + 1*{ 26 40} + 1*{ 79 93} + 1*{ 23 37} + 1*{ 22 36} + 1*{ 80 94} + -1*{130} + 1*{ 77 91} = 0 

1*{ 25 95} + -1*{ 40 82} + 1*{ 24 94} + 1*{ 27 97} + 1*{ 23 93} + 1*{ 22 92} + -1*{ 41 83} + -1*{ 36 78} + 1*{ 21 91} + -1*{131} + -1*{ 35 77} + -1*{ 39 81} + -1*{ 37 79} + -1*{ 38 80} + 1*{ 26 96} = 0 

-0.125*{} + 1*{133133} + 1*{132132} = 0 

1*{ 82103} + 1*{ 79100} + 1*{ 26 47} + 1*{ 21 42} + 1*{ 25 46} + 1*{ 80101} + 1*{ 78 99} + -1*{132} + 1*{ 23 44} + 1*{ 83104} + 1*{ 81102} + 1*{ 24 45} + 1*{ 27 48} + 1*{ 22 43} + 1*{ 77 98} + 0.125*{} = 0 

-1*{ 47 82} + 1*{ 27104} + 1*{ 25102} + 1*{ 26103} + -1*{133} + -1*{ 46 81} + 1*{ 23100} + 1*{ 21 98} + -1*{ 44 79} + 1*{ 22 99} + -1*{ 45 80} + -1*{ 43 78} + -1*{ 42 77} + -1*{ 48 83} + 1*{ 24101} = 0 

-0.125*{} + 1*{135135} + 1*{134134} = 0 

1*{ 25 53} + 1*{ 23 51} + 1*{ 26 54} + 1*{ 81109} + 1*{ 82110} + 0.125*{} + 1*{ 77105} + 1*{ 24 52} + 1*{ 79107} + 1*{ 27 55} + 1*{ 21 49} + 1*{ 22 50} + 1*{ 80108} + -1*{134} + 1*{ 78106} + 1*{ 83111} = 0 

-1*{ 50 78} + -1*{ 54 82} + -1*{ 52 80} + 1*{ 23107} + 1*{ 27111} + 1*{ 26110} + 1*{ 22106} + -1*{ 55 83} + -1*{ 53 81} + 1*{ 24108} + -1*{ 49 77} + -1*{135} + 1*{ 21105} + -1*{ 51 79} + 1*{ 25109} = 0 

-0.125*{} + 1*{ 77 77} + 1*{ 21 21} = 0 

-0.125*{} + 1*{ 78 78} + 1*{ 22 22} = 0 

-0.125*{} + 1*{ 79 79} + 1*{ 23 23} = 0 

-0.125*{} + 1*{ 80 80} + 1*{ 24 24} = 0 

-0.125*{} + 1*{ 81 81} + 1*{ 25 25} = 0 

-0.125*{} + 1*{ 82 82} + 1*{ 26 26} = 0 

-0.125*{} + 1*{ 83 83} + 1*{ 27 27} = 0 

0.25*{ 77 80} + 0.25*{ 80 81} + 0.25*{ 79 83} + 0.25*{ 22 26} + 0.25*{ 26 27} + 0.25*{ 77 83} + 0.25*{ 78 81} + 0.0883883*{ 21} + 0.25*{ 21 27} + 0.0883883*{ 23} + 0.25*{ 77 82} + 0.25*{ 25 27} + 0.25*{ 22 23} + 0.25*{ 23 26} + 0.25*{ 24 26} + 0.0883883*{ 25} + 0.25*{ 23 25} + 0.25*{ 79 82} + 0.25*{ 77 81} + 0.25*{ 80 83} + 0.25*{ 80 82} + 0.25*{ 22 24} + 0.25*{ 22 27} + 0.25*{ 78 83} + 0.25*{ 25 26} + 0.25*{ 21 24} + 0.0883883*{ 22} + 0.25*{ 21 23} + 0.25*{ 78 80} + 0.0883883*{ 27} + 0.25*{ 24 27} + 0.25*{ 78 79} + 0.25*{ 22 25} + 0.25*{ 23 27} + 0.25*{ 79 80} + 0.0883883*{ 24} + 0.25*{ 81 83} + 0.25*{ 79 81} + 0.25*{ 24 25} + 0.0883883*{ 26} + 0.25*{ 21 25} + 0.25*{ 81 82} + 0.25*{ 82 83} + 0.25*{ 21 26} + 0.25*{ 77 79} + 0.25*{ 78 82} + 0.25*{ 21 22} + 0.25*{ 77 78} + 0.25*{ 23 24} = 0 

-0.125*{} + 1*{137137} + 1*{136136} = 0 

1*{ 33 40} + 1*{ 89 96} + 1*{ 28 35} + 1*{ 32 39} + 0.125*{} + -1*{136} + 1*{ 31 38} + 1*{ 88 95} + 1*{ 90 97} + 1*{ 84 91} + 1*{ 87 94} + 1*{ 85 92} + 1*{ 29 36} + 1*{ 86 93} + 1*{ 34 41} + 1*{ 30 37} = 0 

1*{ 33 96} + 1*{ 32 95} + -1*{ 37 86} + -1*{ 40 89} + -1*{137} + 1*{ 30 93} + -1*{ 35 84} + -1*{ 38 87} + 1*{ 28 91} + -1*{ 39 88} + 1*{ 34 97} + 1*{ 29 92} + -1*{ 41 90} + 1*{ 31 94} + -1*{ 36 85} = 0 

-0.125*{} + 1*{138138} + 1*{139139} = 0 

1*{ 30 44} + 1*{ 88102} + 1*{ 34 48} + 1*{ 29 43} + 1*{ 31 45} + 1*{ 85 99} + 1*{ 90104} + 1*{ 89103} + -1*{138} + 1*{ 28 42} + 1*{ 84 98} + 1*{ 86100} + 0.125*{} + 1*{ 32 46} + 1*{ 87101} + 1*{ 33 47} = 0 

-1*{ 45 87} + -1*{ 44 86} + -1*{ 48 90} + 1*{ 28 98} + 1*{ 34104} + 1*{ 32102} + 1*{ 30100} + -1*{ 43 85} + -1*{139} + -1*{ 46 88} + -1*{ 47 89} + 1*{ 33103} + 1*{ 31101} + -1*{ 42 84} + 1*{ 29 99} = 0 

-0.125*{} + 1*{141141} + 1*{140140} = 0 

1*{ 88109} + 1*{ 28 49} + 1*{ 33 54} + 1*{ 29 50} + 1*{ 34 55} + 1*{ 86107} + 1*{ 30 51} + 1*{ 84105} + 1*{ 32 53} + 1*{ 31 52} + 1*{ 89110} + -1*{140} + 0.125*{} + 1*{ 85106} + 1*{ 90111} + 1*{ 87108} = 0 

1*{ 28105} + -1*{ 52 87} + 1*{ 32109} + 1*{ 29106} + 1*{ 34111} + -1*{ 54 89} + -1*{ 49 84} + 1*{ 30107} + -1*{ 50 85} + -1*{ 51 86} + 1*{ 33110} + -1*{ 53 88} + -1*{141} + -1*{ 55 90} + 1*{ 31108} = 0 

-0.125*{} + 1*{ 84 84} + 1*{ 28 28} = 0 

1*{ 85 85} + -0.125*{} + 1*{ 29 29} = 0 

-0.125*{} + 1*{ 86 86} + 1*{ 30 30} = 0 

1*{ 87 87} + -0.125*{} + 1*{ 31 31} = 0 

-0.125*{} + 1*{ 88 88} + 1*{ 32 32} = 0 

-0.125*{} + 1*{ 89 89} + 1*{ 33 33} = 0 

-0.125*{} + 1*{ 90 90} + 1*{ 34 34} = 0 

0.25*{ 32 33} + 0.25*{ 84 88} + 0.25*{ 30 33} + 0.25*{ 30 32} + 0.25*{ 31 32} + 0.0883883*{ 34} + 0.25*{ 86 87} + 0.25*{ 87 88} + 0.25*{ 87 90} + 0.25*{ 29 33} + 0.25*{ 29 34} + 0.25*{ 29 32} + 0.25*{ 85 90} + 0.25*{ 30 31} + 0.25*{ 28 29} + 0.0883883*{ 31} + 0.25*{ 31 33} + 0.25*{ 89 90} + 0.25*{ 29 30} + 0.25*{ 32 34} + 0.25*{ 84 85} + 0.25*{ 28 30} + 0.25*{ 84 89} + 0.25*{ 85 89} + 0.25*{ 85 88} + 0.0883883*{ 29} + 0.25*{ 33 34} + 0.0883883*{ 32} + 0.25*{ 30 34} + 0.25*{ 28 31} + 0.25*{ 28 32} + 0.25*{ 29 31} + 0.25*{ 88 89} + 0.25*{ 28 34} + 0.25*{ 87 89} + 0.25*{ 86 88} + 0.25*{ 88 90} + 0.25*{ 84 87} + 0.25*{ 85 86} + 0.0883883*{ 33} + 0.25*{ 84 86} + 0.25*{ 28 33} + 0.25*{ 31 34} + 0.25*{ 84 90} + 0.25*{ 86 90} + 0.0883883*{ 30} + 0.0883883*{ 28} + 0.25*{ 86 89} + 0.25*{ 85 87} = 0 

-0.125*{} + 1*{143143} + 1*{142142} = 0 

1*{ 95102} + 1*{ 93100} + 1*{ 39 46} + 1*{ 91 98} + 0.125*{} + 1*{ 41 48} + 1*{ 35 42} + -1*{142} + 1*{ 92 99} + 1*{ 40 47} + 1*{ 38 45} + 1*{ 37 44} + 1*{ 96103} + 1*{ 97104} + 1*{ 36 43} + 1*{ 94101} = 0 

1*{ 37100} + 1*{ 36 99} + -1*{ 45 94} + -1*{143} + -1*{ 48 97} + -1*{ 44 93} + -1*{ 42 91} + 1*{ 40103} + -1*{ 43 92} + -1*{ 46 95} + -1*{ 47 96} + 1*{ 41104} + 1*{ 38101} + 1*{ 35 98} + 1*{ 39102} = 0 

-0.125*{} + 1*{145145} + 1*{144144} = 0 

1*{ 94108} + 1*{ 38 52} + -1*{144} + 0.125*{} + 1*{ 97111} + 1*{ 92106} + 1*{ 39 53} + 1*{ 41 55} + 1*{ 96110} + 1*{ 93107} + 1*{ 35 49} + 1*{ 37 51} + 1*{ 95109} + 1*{ 91105} + 1*{ 36 50} + 1*{ 40 54} = 0 

-1*{145} + -1*{ 50 92} + -1*{ 55 97} + 1*{ 40110} + 1*{ 37107} + 1*{ 39109} + -1*{ 51 93} + 1*{ 38108} + -1*{ 54 96} + 1*{ 36106} + -1*{ 52 94} + -1*{ 53 95} + 1*{ 35105} + -1*{ 49 91} + 1*{ 41111} = 0 

-0.125*{} + 1*{ 91 91} + 1*{ 35 35} = 0 

-0.125*{} + 1*{ 92 92} + 1*{ 36 36} = 0 

-0.125*{} + 1*{ 93 93} + 1*{ 37 37} = 0 

-0.125*{} + 1*{ 38 38} + 1*{ 94 94} = 0 

-0.125*{} + 1*{ 95 95} + 1*{ 39 39} = 0 

-0.125*{} + 1*{ 96 96} + 1*{ 40 40} = 0 

-0.125*{} + 1*{ 97 97} + 1*{ 41 41} = 0 

0.25*{ 91 92} + 0.25*{ 92 94} + 0.25*{ 38 40} + 0.25*{ 37 40} + 0.25*{ 93 95} + 0.25*{ 91 97} + 0.25*{ 36 41} + 0.25*{ 35 38} + 0.25*{ 35 41} + 0.25*{ 36 40} + 0.25*{ 38 39} + 0.25*{ 91 94} + 0.25*{ 36 37} + 0.0883883*{ 38} + 0.25*{ 94 97} + 0.25*{ 92 97} + 0.25*{ 96 97} + 0.25*{ 35 40} + 0.0883883*{ 41} + 0.25*{ 95 97} + 0.0883883*{ 37} + 0.25*{ 93 94} + 0.25*{ 36 38} + 0.25*{ 36 39} + 0.25*{ 93 96} + 0.25*{ 92 93} + 0.25*{ 92 95} + 0.25*{ 91 93} + 0.25*{ 91 96} + 0.25*{ 35 36} + 0.25*{ 37 38} + 0.25*{ 37 41} + 0.25*{ 39 41} + 0.25*{ 35 39} + 0.25*{ 95 96} + 0.25*{ 37 39} + 0.0883883*{ 36} + 0.0883883*{ 39} + 0.25*{ 40 41} + 0.25*{ 94 95} + 0.25*{ 38 41} + 0.25*{ 92 96} + 0.25*{ 35 37} + 0.0883883*{ 35} + 0.0883883*{ 40} + 0.25*{ 91 95} + 0.25*{ 93 97} + 0.25*{ 94 96} + 0.25*{ 39 40} = 0 

-0.125*{} + 1*{147147} + 1*{146146} = 0 

1*{ 47 54} + 1*{100107} + 1*{ 44 51} + 1*{ 98105} + 1*{ 42 49} + 0.125*{} + 1*{ 45 52} + 1*{ 46 53} + 1*{ 99106} + 1*{101108} + 1*{ 48 55} + 1*{103110} + -1*{146} + 1*{ 43 50} + 1*{102109} + 1*{104111} = 0 

-1*{ 55104} + -1*{ 52101} + 1*{ 42105} + -1*{ 53102} + -1*{ 49 98} + 1*{ 47110} + 1*{ 44107} + -1*{ 54103} + 1*{ 48111} + -1*{147} + 1*{ 43106} + -1*{ 50 99} + 1*{ 45108} + 1*{ 46109} + -1*{ 51100} = 0 

-0.125*{} + 1*{ 98 98} + 1*{ 42 42} = 0 

-0.125*{} + 1*{ 99 99} + 1*{ 43 43} = 0 

1*{100100} + 1*{ 44 44} + -0.125*{} = 0 

-0.125*{} + 1*{101101} + 1*{ 45 45} = 0 

-0.125*{} + 1*{102102} + 1*{ 46 46} = 0 

-0.125*{} + 1*{103103} + 1*{ 47 47} = 0 

-0.125*{} + 1*{ 48 48} + 1*{104104} = 0 

0.25*{101102} + 0.25*{ 43 47} + 0.25*{ 44 45} + 0.25*{100104} + 0.0883883*{ 47} + 0.25*{ 44 48} + 0.25*{ 98104} + 0.25*{ 98101} + 0.25*{100101} + 0.25*{ 99104} + 0.25*{ 42 44} + 0.25*{ 45 47} + 0.25*{ 45 48} + 0.25*{ 98103} + 0.25*{ 43 46} + 0.25*{ 99103} + 0.25*{102104} + 0.25*{ 42 45} + 0.25*{ 44 46} + 0.25*{ 42 43} + 0.25*{ 43 48} + 0.0883883*{ 45} + 0.25*{ 43 44} + 0.25*{ 99102} + 0.25*{ 99101} + 0.25*{ 42 47} + 0.25*{ 98102} + 0.25*{101103} + 0.25*{ 42 48} + 0.25*{102103} + 0.25*{ 43 45} + 0.25*{ 45 46} + 0.25*{ 44 47} + 0.25*{ 46 47} + 0.25*{100102} + 0.0883883*{ 46} + 0.0883883*{ 42} + 0.25*{ 98 99} + 0.25*{ 46 48} + 0.25*{101104} + 0.0883883*{ 43} + 0.25*{ 99100} + 0.25*{103104} + 0.25*{ 47 48} + 0.25*{ 98100} + 0.25*{100103} + 0.25*{ 42 46} + 0.0883883*{ 44} + 0.0883883*{ 48} = 0 

-0.125*{} + 1*{105105} + 1*{ 49 49} = 0 

-0.125*{} + 1*{106106} + 1*{ 50 50} = 0 

-0.125*{} + 1*{107107} + 1*{ 51 51} = 0 

-0.125*{} + 1*{108108} + 1*{ 52 52} = 0 

-0.125*{} + 1*{ 53 53} + 1*{109109} = 0 

-0.125*{} + 1*{110110} + 1*{ 54 54} = 0 

-0.125*{} + 1*{111111} + 1*{ 55 55} = 0 

0.25*{ 50 55} + 0.25*{107108} + 0.25*{ 49 52} + 0.0883883*{ 53} + 0.25*{ 52 55} + 0.25*{ 49 51} + 0.25*{108109} + 0.25*{105107} + 0.25*{ 51 52} + 0.25*{ 51 53} + 0.25*{107111} + 0.25*{105109} + 0.25*{ 53 54} + 0.25*{106110} + 0.25*{109111} + 0.0883883*{ 55} + 0.25*{105111} + 0.0883883*{ 50} + 0.25*{ 53 55} + 0.25*{105108} + 0.25*{105106} + 0.25*{ 49 50} + 0.25*{106107} + 0.25*{ 50 51} + 0.25*{ 50 54} + 0.25*{105110} + 0.25*{ 50 52} + 0.25*{ 52 54} + 0.25*{ 50 53} + 0.25*{107109} + 0.25*{106109} + 0.25*{109110} + 0.0883883*{ 54} + 0.25*{ 51 55} + 0.25*{107110} + 0.25*{106111} + 0.25*{ 49 55} + 0.25*{106108} + 0.0883883*{ 52} + 0.25*{ 49 53} + 0.25*{110111} + 0.25*{ 52 53} + 0.25*{108110} + 0.0883883*{ 49} + 0.0883883*{ 51} + 0.25*{ 49 54} + 0.25*{ 54 55} + 0.25*{108111} + 0.25*{ 51 54} = 0 

4096*{ 61} + 256*{ 59} + 1024*{ 60} + -1*{ 69} + -64*{ 65} + 2048*{  5} + 128*{  3} + 512*{  4} + 1*{ 62} + -4096*{ 68} + 8192*{  6} + -256*{ 66} + -4*{ 63} + 16*{ 57} + 4*{ 56} + 2*{  0} + 64*{ 58} + -8192*{ 13} + -32*{  9} + -2048*{ 12} + -128*{ 10} + -8*{  8} + -16*{ 64} + -1024*{ 67} + -512*{ 11} + 32*{  2} + -2*{  7} + 8*{  1} > 0 

-4096*{ 75} + -1*{ 76} + -128*{ 17} + -256*{ 73} + 8192*{ 13} + 1*{ 69} + -64*{ 72} + -512*{ 18} + 64*{ 65} + 256*{ 66} + 4*{ 63} + -32*{ 16} + -16*{ 71} + 1024*{ 67} + 16*{ 64} + 8*{  8} + -2*{ 14} + 512*{ 11} + -8192*{ 20} + 2*{  7} + -4*{ 70} + 128*{ 10} + 2048*{ 12} + -1024*{ 74} + 32*{  9} + -8*{ 15} + -2048*{ 19} + 4096*{ 68} > 0 

-8192*{ 27} + -512*{ 25} + 1*{ 76} + 128*{ 17} + -2048*{ 26} + 2*{ 14} + -128*{ 24} + -64*{ 79} + -1*{ 83} + 512*{ 18} + 8192*{ 20} + -8*{ 22} + -256*{ 80} + -1024*{ 81} + 32*{ 16} + -32*{ 23} + 16*{ 71} + -16*{ 78} + -2*{ 21} + 4096*{ 75} + 4*{ 70} + -4096*{ 82} + 1024*{ 74} + 2048*{ 19} + 8*{ 15} + 64*{ 72} + -4*{ 77} + 256*{ 73} > 0 

-4096*{ 89} + 1*{ 83} + 4096*{ 82} + -128*{ 31} + 128*{ 24} + 2048*{ 26} + -64*{ 86} + 16*{ 78} + 2*{ 21} + -1*{ 90} + -8*{ 29} + -256*{ 87} + -32*{ 30} + 64*{ 79} + 8*{ 22} + 1024*{ 81} + 256*{ 80} + -4*{ 84} + 512*{ 25} + 32*{ 23} + 4*{ 77} + -8192*{ 34} + -2048*{ 33} + 8192*{ 27} + -2*{ 28} + -512*{ 32} + -1024*{ 88} + -16*{ 85} > 0 

-2*{ 35} + 128*{  3} + -16*{ 92} + 1024*{ 60} + -128*{ 38} + -4096*{ 96} + 256*{ 59} + -8192*{ 41} + -8*{ 36} + -256*{ 94} + 8192*{  6} + 2048*{  5} + -1*{ 97} + 32*{  2} + 8*{  1} + -2048*{ 40} + 16*{ 57} + -512*{ 39} + 2*{  0} + 64*{ 58} + 4*{ 56} + 4096*{ 61} + -32*{ 37} + -4*{ 91} + -1024*{ 95} + -64*{ 93} + 512*{  4} + 1*{ 62} > 0 

-8*{ 43} + 1*{ 97} + -2*{ 42} + 8*{ 36} + -128*{ 45} + -512*{ 46} + -1*{104} + 2*{ 35} + -2048*{ 47} + -32*{ 44} + 4096*{ 96} + 128*{ 38} + 512*{ 39} + -4*{ 98} + -1024*{102} + -256*{101} + 2048*{ 40} + 16*{ 92} + 8192*{ 41} + 1024*{ 95} + 32*{ 37} + 4*{ 91} + 256*{ 94} + -16*{ 99} + -8192*{ 48} + -4096*{103} + 64*{ 93} + -64*{100} > 0 

-1*{111} + -64*{107} + 4096*{103} + 512*{ 46} + 128*{ 45} + -1024*{109} + -4096*{110} + 2*{ 42} + -256*{108} + 32*{ 44} + -2048*{ 54} + 2048*{ 47} + 256*{101} + 1024*{102} + -8*{ 50} + -128*{ 52} + -16*{106} + -8192*{ 55} + 4*{ 98} + -2*{ 49} + -4*{105} + 64*{100} + 1*{104} + -512*{ 53} + -32*{ 51} + 16*{ 99} + 8192*{ 48} + 8*{ 43} > 0 

2048*{ 28} + -64*{ 64} + 32*{  7} + -8192*{ 85} + -16*{ 57} + 8192*{ 84} + -256*{ 71} + 16384*{ 35} + -32*{  8} + -4*{ 99} + -4096*{ 43} + 1024*{ 77} + 512*{ 21} + -1024*{ 78} + 16*{ 56} + 256*{ 70} + 8*{  0} + -1*{106} + -128*{ 15} + 4096*{ 42} + 1*{105} + 2*{ 49} + 4*{ 98} + 64*{ 63} + -2048*{ 29} + -16384*{ 36} + 32768*{ 91} + 128*{ 14} + -32768*{ 92} + -8*{  1} + -512*{ 22} + -2*{ 50} > 0 

-1024*{ 79} + -512*{ 23} + 32*{  8} + 64*{ 64} + -16384*{ 37} + 4*{ 99} + -64*{ 65} + -16*{ 58} + -4096*{ 44} + -4*{100} + -2*{ 51} + 16384*{ 36} + -8*{  2} + 16*{ 57} + -2048*{ 30} + -128*{ 16} + -1*{107} + 1*{106} + 256*{ 71} + -32768*{ 93} + 8192*{ 85} + 128*{ 15} + -32*{  9} + 8*{  1} + 512*{ 22} + 2*{ 50} + 32768*{ 92} + -256*{ 72} + -8192*{ 86} + 2048*{ 29} + 1024*{ 78} + 4096*{ 43} > 0 

16*{ 58} + 1*{107} + 16384*{ 37} + 1024*{ 79} + -2048*{ 31} + 256*{ 72} + 8192*{ 86} + 8*{  2} + 32768*{ 93} + -8*{  3} + -16384*{ 38} + 512*{ 23} + -8192*{ 87} + -64*{ 66} + 2*{ 51} + -1*{108} + 64*{ 65} + -32768*{ 94} + -32*{ 10} + 32*{  9} + -1024*{ 80} + -512*{ 24} + 2048*{ 30} + 128*{ 16} + -4096*{ 45} + -128*{ 17} + -2*{ 52} + -4*{101} + 4*{100} + 4096*{ 44} + -16*{ 59} + -256*{ 73} > 0 

-4096*{ 46} + -512*{ 25} + 2048*{ 31} + -2*{ 53} + 4*{101} + -64*{ 67} + 2*{ 52} + 8192*{ 87} + 64*{ 66} + -1*{109} + 32768*{ 94} + -2048*{ 32} + 4096*{ 45} + 128*{ 17} + 16384*{ 38} + 8*{  3} + -16384*{ 39} + -8*{  4} + 1*{108} + -16*{ 60} + -256*{ 74} + -4*{102} + 32*{ 10} + 1024*{ 80} + -1024*{ 81} + -32*{ 11} + -128*{ 18} + -8192*{ 88} + -32768*{ 95} + 512*{ 24} + 16*{ 59} + 256*{ 73} > 0 

1024*{ 81} + 32768*{ 95} + -2048*{ 33} + -4096*{ 47} + -2*{ 54} + -64*{ 68} + -16384*{ 40} + 4*{102} + 8*{  4} + -8192*{ 89} + -4*{103} + 2*{ 53} + -32768*{ 96} + 512*{ 25} + 8192*{ 88} + -32*{ 12} + 16*{ 60} + -128*{ 19} + 256*{ 74} + 128*{ 18} + -1024*{ 82} + 4096*{ 46} + -512*{ 26} + 16384*{ 39} + -8*{  5} + 2048*{ 32} + 32*{ 11} + -16*{ 61} + -1*{110} + 1*{109} + -256*{ 75} + 64*{ 67} > 0 

-4096*{ 48} + 4096*{ 47} + -16*{ 62} + 128*{ 19} + 1024*{ 82} + 32*{ 12} + -1024*{ 83} + 2048*{ 33} + -32*{ 13} + 2*{ 54} + 64*{ 68} + 8*{  5} + -1*{111} + -8192*{ 90} + -64*{ 69} + -32768*{ 97} + 16384*{ 40} + -128*{ 20} + 256*{ 75} + -2*{ 55} + 32768*{ 96} + -512*{ 27} + -4*{104} + 1*{110} + 512*{ 26} + -2048*{ 34} + 8192*{ 89} + -8*{  6} + 4*{103} + -256*{ 76} + 16*{ 61} + -16384*{ 41} > 0 

1*{105} > 0 

{8, 6, 1, 1, 1, 1, 1, 1, 1, 1} vars: 148, vectors: 17
1 5.704455e+00 5.704455e+00 -3.007515e-01 9.650978e-15
2 7.894951e+02 5.704455e+00 -2.262852e-01 1.715946e-13
3 3.414030e+03 5.704455e+00 -1.699732e-01 4.976351e-13
4 1.985825e+03 5.704455e+00 -1.341656e-01 3.588556e-13
5 1.062056e+06 5.704455e+00 -1.036781e-01 2.342927e-10
6 4.170326e+05 5.704455e+00 -8.022780e-02 1.172028e-10
7 1.505473e+05 5.704455e+00 -6.209202e-02 3.466078e-12
8 5.454039e+04 5.704455e+00 -4.806899e-02 1.241788e-12
9 1.971350e+04 5.704455e+00 -3.719868e-02 3.658753e-12
10 7.197874e+03 5.704455e+00 -2.876930e-02 9.308156e-13
11 2.610006e+03 5.704455e+00 -2.219395e-02 6.984252e-14
12 9.394208e+02 5.704455e+00 -1.705957e-02 3.192551e-14
13 3.469180e+02 5.704455e+00 -1.312785e-02 5.757147e-14
14 1.261558e+02 5.704455e+00 -9.937480e-03 2.859050e-14
15 1.112516e+03 5.704455e+00 -7.650108e-03 8.641611e-15
16 6.789706e+03 5.704455e+00 -5.912617e-03 6.486939e-14
17 2.556586e+03 5.704455e+00 -4.562289e-03 9.104924e-13
18 9.379779e+02 5.704455e+00 -3.519834e-03 2.409005e-14
19 3.380550e+02 5.704455e+00 -2.717019e-03 7.266913e-15
20 1.218798e+02 5.704455e+00 -2.091543e-03 2.169233e-15
21 4.380755e+01 5.704455e+00 -1.603766e-03 8.601940e-16
22 1.571126e+01 5.704455e+00 -1.221030e-03 1.894203e-15
23 5.620808e+00 5.620808e+00 -9.225098e-04 1.452059e-16
24 2.000380e+00 2.000380e+00 -6.908870e-04 4.065583e-17
25 7.092109e-01 7.092109e-01 -5.134620e-04 1.492978e-17
26 2.508345e-01 2.508345e-01 -3.785976e-04 4.958406e-18
27 9.010049e-02 9.010049e-02 -2.761308e-04 1.543212e-17
28 3.215829e-02 3.215829e-02 -2.008782e-04 3.205142e-18
29 1.370167e-02 1.370167e-02 -1.292507e-04 3.488216e-18
30 6.196139e-01 1.370167e-02 -8.273785e-05 1.083629e-17
31 2.079243e-01 1.370167e-02 -5.497385e-05 5.421078e-17
32 8.485271e-02 1.370167e-02 -3.323632e-05 2.775693e-17
33 2.461943e+00 1.370167e-02 -2.162820e-05 2.070496e-19
34 1.336837e+00 1.370167e-02 -1.501052e-05 4.440892e-16
35 5.704295e-01 1.370167e-02 -9.609741e-06 1.110223e-16
36 1.996559e+01 1.370167e-02 -7.445087e-06 3.552714e-15
37 3.322415e+03 1.370167e-02 -5.742816e-06 2.766323e-17
38 1.202699e+03 1.370167e-02 -4.431128e-06 6.894484e-18
39 4.330623e+02 1.370167e-02 -3.414866e-06 3.650423e-18
40 1.567837e+02 1.370167e-02 -2.639605e-06 7.823632e-19
41 6.065177e+01 1.370167e-02 -2.021745e-06 7.105427e-15
42 2.192678e+01 1.370167e-02 -1.552654e-06 3.552714e-15
43 1.048554e+01 1.370167e-02 -1.132005e-06 1.395783e-19
44 1.659409e+02 1.370167e-02 -8.327870e-07 2.842171e-14
45 2.425947e+02 1.370167e-02 -6.284150e-07 2.842171e-14
46 1.505819e+02 1.370167e-02 -4.758686e-07 1.243641e-19
47 6.878747e+01 1.370167e-02 -3.627717e-07 1.421085e-14
48 2.808079e+01 1.370167e-02 -7.493880e-08 3.552714e-15
49 1.300073e+09 1.370167e-02 -5.804255e-08 4.768372e-07
50 4.914627e+08 1.370167e-02 -4.497839e-08 1.192093e-07
51 1.772866e+08 1.370167e-02 -3.485434e-08 5.960464e-08
52 6.395282e+07 1.370167e-02 -2.700886e-08 1.490116e-08
53 2.306960e+07 1.370167e-02 -2.092885e-08 3.725290e-09
54 8.321778e+06 1.370167e-02 -1.621665e-08 1.126954e-17
55 3.001766e+06 1.370167e-02 -1.256454e-08 4.656613e-10
56 1.082731e+06 1.370167e-02 -9.734492e-09 8.534117e-19
57 3.905825e+05 1.370167e-02 -7.540906e-09 3.259952e-19
58 1.408821e+05 1.370167e-02 -5.839776e-09 2.910383e-11
59 5.080317e+04 1.370167e-02 -4.520443e-09 7.275958e-12
60 1.831811e+04 1.370167e-02 -3.498153e-09 7.275958e-12
61 7.401420e+03 1.370167e-02 -2.702497e-09 9.094947e-13
62 2.666039e+03 1.370167e-02 -2.086611e-09 4.547474e-13
63 9.609045e+02 1.370167e-02 -1.680215e-09 1.136868e-13
64 1.078132e+04 1.370167e-02 -1.278664e-09 1.818989e-12
65 6.991775e+04 1.370167e-02 -9.878674e-10 5.005589e-20
66 4.651128e+04 1.370167e-02 -7.649652e-10 7.275958e-12
67 1.686083e+04 1.370167e-02 -5.916982e-10 8.576713e-21
68 6.166705e+03 1.370167e-02 -4.575807e-10 9.094947e-13
69 2.222482e+03 1.370167e-02 -3.536413e-10 9.877945e-22
70 1.022758e+03 1.370167e-02 -2.716508e-10 1.136868e-13
71 3.917006e+02 1.370167e-02 -2.078421e-10 5.684342e-14
72 1.439229e+02 1.370167e-02 -1.595270e-10 2.842171e-14
73 8.319660e+01 1.370167e-02 -1.204313e-10 3.903946e-23
74 3.033918e+01 1.370167e-02 -9.151781e-11 3.552714e-15
75 1.145368e+01 1.370167e-02 -6.843154e-11 1.776357e-15
76 4.102085e+00 1.370167e-02 -5.209369e-11 9.865138e-25
77 2.525541e+00 1.370167e-02 -3.840926e-11 1.145505e-24
78 8.994453e-01 1.370167e-02 -2.855695e-11 4.454886e-25
79 5.903817e-01 1.370167e-02 -1.957015e-11 1.110223e-16
80 2.231271e-01 1.370167e-02 -1.388304e-11 5.551115e-17
81 7.795020e-02 1.370167e-02 -1.006548e-11 1.387779e-17
82 3.317399e-02 1.370167e-02 -7.601788e-12 6.938894e-18
83 2.882164e-02 1.370167e-02 -8.748615e-12 1.734723e-17
84 8.283529e+01 1.370167e-02 -6.322497e-12 1.421085e-14
85 5.165996e+02 1.370167e-02 -4.764049e-12 5.292459e-24
86 7.126926e+03 1.370167e-02 -4.096332e-12 6.366463e-12
87 1.535159e+09 1.370167e-02 -3.174169e-12 1.883629e-19
88 5.579543e+08 1.370167e-02 -2.459904e-12 5.015972e-20
89 2.012815e+08 1.370167e-02 -1.906320e-12 2.980232e-08
90 7.261021e+07 1.370167e-02 -1.477277e-12 6.247607e-21
91 2.619310e+07 1.370167e-02 -1.144764e-12 3.725290e-09
92 9.448629e+06 1.370167e-02 -8.870562e-13 1.862645e-09
93 3.408328e+06 1.370167e-02 -6.873133e-13 4.656613e-10
94 1.229412e+06 1.370167e-02 -5.325114e-13 2.328306e-10
95 4.434575e+05 1.370167e-02 -4.125033e-13 5.820766e-11
96 1.599446e+05 1.370167e-02 -3.195046e-13 1.472151e-23
97 5.779686e+04 1.370167e-02 -2.474984e-13 8.916375e-24
98 2.086861e+04 1.370167e-02 -1.913728e-13 3.637979e-12
99 7.539198e+03 1.370167e-02 -1.477539e-13 9.094947e-13
100 2.721686e+03 1.370167e-02 -1.135918e-13 1.784044e-25
101 9.797683e+02 1.370167e-02 -8.672693e-14 1.136868e-13
102 3.533945e+02 1.370167e-02 -6.543609e-14 3.548580e-26
103 1.303373e+02 1.370167e-02 -4.700192e-14 2.842171e-14
104 9.780746e+04 1.370167e-02 -3.627836e-14 1.652999e-24
105 3.812147e+04 1.370167e-02 -2.793826e-14 9.473704e-25
106 6.375194e+04 1.370167e-02 -2.155998e-14 7.275958e-12
107 2.304847e+04 1.370167e-02 -1.656109e-14 3.637979e-12
108 8.336248e+03 1.370167e-02 -1.260972e-14 1.818989e-12
109 3.434070e+03 1.370167e-02 -9.361058e-15 5.558653e-26
110 1.597859e+03 1.370167e-02 -6.718387e-15 2.273737e-13
111 1.755583e+04 1.370167e-02 -5.044379e-15 3.862209e-26
112 9.335658e+03 1.370167e-02 -3.523342e-15 1.818989e-12
113 1.996663e+04 1.370167e-02 -2.512442e-15 3.637979e-12
114 3.844356e+04 1.370167e-02 -1.927499e-15 7.275958e-12
115 1.539309e+06 1.370167e-02 -1.480049e-15 8.251771e-25
116 5.814152e+05 1.370167e-02 -1.121602e-15 2.214651e-25
117 2.119738e+05 1.370167e-02 -8.176046e-16 2.910383e-11
118 2.047625e+05 1.370167e-02 -5.732705e-16 3.214813e-26
119 7.296641e+05 1.370167e-02 -4.199947e-16 1.164153e-10
120 1.118234e+06 1.370167e-02 -3.089993e-16 2.328306e-10
121 4.191595e+10 1.370167e-02 6.675105e-08 9.735665e-14
122 1.586998e+10 1.370167e-02 1.834117e-07 3.814697e-06
123 5.937215e+09 1.370167e-02 1.420969e-07 2.861023e-06
124 2.191865e+09 1.370167e-02 1.101229e-07 4.768372e-07
125 7.954980e+08 1.370167e-02 8.534132e-08 1.192093e-07
126 2.869694e+08 1.370167e-02 6.613561e-08 3.902130e-14
127 1.035211e+08 1.370167e-02 5.125102e-08 1.753224e-14
128 3.734365e+07 1.370167e-02 3.971508e-08 2.153873e-15
129 1.347091e+07 1.370167e-02 3.077422e-08 2.543158e-15
130 4.859202e+06 1.370167e-02 2.384440e-08 9.313226e-10
131 1.752730e+06 1.370167e-02 1.847299e-08 4.656613e-10
132 6.321759e+05 1.370167e-02 1.430918e-08 1.583772e-16
133 2.279923e+05 1.370167e-02 1.108127e-08 4.946346e-17
134 8.221563e+04 1.370167e-02 8.575249e-09 4.172202e-17
135 2.963468e+04 1.370167e-02 6.632257e-09 7.455859e-19
136 1.067931e+04 1.370167e-02 5.125275e-09 2.441960e-19
137 3.846552e+03 1.370167e-02 3.956113e-09 4.547474e-13
138 1.384699e+03 1.370167e-02 3.038440e-09 6.821210e-13
139 5.372336e+02 1.370167e-02 2.332441e-09 1.136868e-13
140 1.983956e+02 1.370167e-02 1.781487e-09 5.684342e-14
141 7.103955e+01 1.370167e-02 1.360777e-09 2.842171e-14
142 2.589412e+01 1.370167e-02 1.021466e-09 3.552714e-15
143 9.181955e+00 1.370167e-02 7.592666e-10 4.120699e-23
144 3.243413e+00 1.370167e-02 5.589379e-10 8.881784e-16
145 1.153185e+00 1.370167e-02 4.494361e-10 2.220446e-16
146 4.843658e+00 1.370167e-02 2.982873e-10 1.776357e-15
147 1.339347e+01 1.370167e-02 2.552620e-10 3.552714e-15
148 1.387053e+03 1.370167e-02 1.918464e-10 2.273737e-13
149 7.345532e+02 1.370167e-02 1.473142e-10 1.860649e-22
150 2.641275e+02 1.370167e-02 1.123630e-10 5.537551e-23
151 1.049799e+02 1.370167e-02 8.737022e-11 2.391624e-23
152 2.824704e+02 1.370167e-02 6.477075e-11 1.136868e-13
153 2.049965e+04 1.370167e-02 4.986722e-11 8.663133e-22
154 8.643974e+03 1.370167e-02 3.844861e-11 3.755087e-22
155 3.607842e+03 1.370167e-02 2.959239e-11 4.547474e-13
156 3.184982e+03 1.370167e-02 2.281107e-11 4.547474e-13
157 1.146601e+03 1.370167e-02 1.749922e-11 4.485300e-23
158 4.113520e+02 1.370167e-02 1.336344e-11 5.684342e-14
159 1.471844e+02 1.370167e-02 1.410607e-12 2.273737e-13
160 1.254865e+08 1.370167e-02 1.093127e-12 9.057724e-20
161 4.553524e+07 1.370167e-02 8.471357e-13 7.450581e-09
162 1.642677e+07 1.370167e-02 6.564926e-13 1.862645e-09
163 5.929068e+06 1.370167e-02 5.087458e-13 9.313226e-10
164 2.138821e+06 1.370167e-02 3.942477e-13 9.313226e-10
165 7.715611e+05 1.370167e-02 3.055342e-13 2.403152e-22
166 2.783562e+05 1.370167e-02 2.367623e-13 5.820766e-11
167 1.004211e+05 1.370167e-02 1.834574e-13 6.424230e-23
168 3.621950e+04 1.370167e-02 1.421596e-13 7.275958e-12
169 1.306233e+04 1.370167e-02 1.101962e-13 1.818989e-12
170 4.714479e+03 1.370167e-02 8.548328e-14 9.094947e-13
171 1.856453e+03 1.370167e-02 6.637705e-14 4.547474e-13
172 6.842377e+02 1.370167e-02 5.181550e-14 1.136868e-13
173 2.460524e+02 1.370167e-02 4.095038e-14 2.842171e-14
174 8.850564e+01 1.370167e-02 3.313681e-14 2.678429e-26
175 3.186689e+01 1.370167e-02 2.805698e-14 3.552714e-15
176 1.151380e+01 1.370167e-02 2.580590e-14 3.552714e-15
177 4.194141e+00 1.370167e-02 2.724177e-14 9.924788e-28
178 1.547785e+00 1.370167e-02 3.481880e-14 6.673542e-28
179 5.782266e-01 1.370167e-02 5.451670e-14 4.134395e-28
180 2.204521e-01 1.370167e-02 1.081411e-13 2.775558e-17
181 9.355961e-02 1.370167e-02 3.487019e-13 1.387779e-17
182 4.895272e-02 1.370167e-02 7.968981e-13 6.938894e-18
183 3.017301e-02 1.370167e-02 1.141695e-12 6.050948e-28
184 1.547793e-02 1.370167e-02 2.109380e-12 1.094382e-27
185 9.196169e-03 9.196169e-03 2.412552e-12 1.734723e-18
186 4.348568e-03 4.348568e-03 5.342771e-12 8.673617e-19
187 2.732606e-03 2.732606e-03 5.056967e-12 8.673617e-19
188 1.145362e-03 1.145362e-03 1.046224e-11 2.601552e-27
189 5.623132e-04 5.623132e-04 1.414810e-11 2.168404e-19
190 3.221003e-04 3.221003e-04 1.149178e-11 2.899757e-27
191 1.143907e-04 1.143907e-04 1.280715e-11 2.248762e-27
192 4.043087e-05 4.043087e-05 1.433935e-11 1.355253e-20
193 1.289115e-05 1.289115e-05 1.575195e-11 1.694066e-21
194 4.134730e-06 4.134730e-06 1.777188e-11 2.051792e-27
195 1.314435e-06 1.314435e-06 2.039324e-11 2.117582e-22
196 4.127364e-07 4.127364e-07 2.310871e-11 5.293956e-23
197 1.276287e-07 1.276287e-07 2.538504e-11 2.748709e-27
198 3.904537e-08 3.904537e-08 2.704634e-11 1.506355e-27
199 1.187809e-08 1.187809e-08 2.816891e-11 1.654367e-24
200 3.603525e-09 3.603525e-09 2.889564e-11 4.135908e-25
201 1.091731e-09 1.091731e-09 2.935435e-11 2.067968e-25
202 3.305208e-10 3.305208e-10 2.963917e-11 5.169900e-26
203 1.000264e-10 1.000264e-10 2.981356e-11 1.059529e-28
204 3.026956e-11 3.026956e-11 2.992225e-11 1.085716e-28
205 9.154691e-12 9.154691e-12 2.998141e-11 4.629370e-29
206 2.767786e-12 2.767786e-12 2.999233e-11 8.083332e-28
207 8.410217e-13 8.410217e-13 3.007122e-11 2.023906e-28
x: -3.313112e-01 -2.676833e-01 -2.551172e-01  1.145462e-01  2.288873e-01 -3.533692e-01  1.937489e-01  2.932154e-02  3.505668e-01  2.346286e-01  3.022809e-01  2.687371e-01 -2.472677e-01 -2.918245e-01  3.208803e-01 -1.294009e-01 -1.868288e-01  3.414836e-01 -1.947937e-01  8.107180e-02  3.524884e-01  2.897428e-01  2.298113e-01  3.480591e-01 -2.963861e-01 -2.647171e-02  5.720986e-02 -4.592359e-02 -2.985585e-01  9.435842e-02  1.214702e-01 -2.867572e-01 -2.297999e-01 -4.930965e-02 -2.609791e-01  7.882895e-02 -2.885439e-01  2.608536e-01  1.593931e-02 -2.528287e-02  2.285737e-01 -1.234188e-01  2.418412e-02  3.172461e-01 -3.525430e-01  2.651720e-01  3.498433e-01 -3.532830e-01  3.068315e-01 -3.436318e-01  1.978954e-01 -1.512176e-01 -3.453754e-01  2.173004e-01 -1.807664e-01  1.037468e-02 -1.234217e-01 -2.309667e-01 -2.447759e-01 -3.344835e-01  2.694633e-01  1.141276e-02 -2.957387e-01 -3.523354e-01  4.585695e-02  2.644795e-01 -1.833746e-01 -2.297396e-01  2.527028e-01  1.995959e-01  1.484449e-01  3.290217e-01 -3.001582e-01  9.159141e-02 -2.950513e-01  3.441329e-01  2.742149e-02  2.026059e-01 -2.686758e-01 -6.208775e-02  1.927572e-01  3.525609e-01  3.488941e-01 -3.505581e-01 -1.893749e-01  3.407292e-01 -3.320316e-01  2.068099e-01 -2.686856e-01 -3.500981e-01 -2.385161e-01  3.446534e-01 -2.043096e-01 -2.386531e-01 -3.531939e-01 -3.526482e-01  2.697295e-01 -3.313123e-01  3.527253e-01  1.560606e-01  2.670905e-02 -2.338456e-01 -5.108457e-02 -1.382312e-02  1.756545e-01  8.316934e-02 -2.929802e-01  3.195829e-01 -7.560315e-02  2.788916e-01  3.038478e-01  3.534011e-01  1.881685e-01 -2.993202e-01  3.429725e-01 -8.584815e-02  2.790872e-01 -2.170492e-01  1.877800e-02 -3.530545e-01  3.023223e-01  1.833065e-01  2.833824e-01 -2.114106e-01  3.353036e-01  1.121228e-01  3.488960e-01  5.719742e-02 -3.088210e-01  1.721324e-01  3.443914e-01 -7.996628e-02 -1.415577e-01  3.239775e-01  2.456766e-01  2.542499e-01  7.875891e-02  3.446695e-01 -2.083833e-01 -2.856159e-01 -2.197186e-01 -2.769906e-01 -5.784165e-02  3.487898e-01 -1.467569e-01  3.216558e-01  3.377218e-01 -1.046134e-01  3.007122e-11
grad:  3.053709e-20 -4.653256e-20 -1.429860e-19 -2.476049e-19  2.383039e-19  1.908153e-21 -8.247422e-20  3.405975e-20 -6.869923e-20  1.403625e-19 -1.434271e-19 -2.033129e-19  9.187279e-20  1.823279e-19 -4.399583e-20  1.305510e-19 -3.502632e-19  6.915893e-20 -4.361047e-19  4.393003e-19  1.758127e-20  1.147640e-19 -1.297153e-19  8.796718e-21  1.771637e-19  1.464704e-19 -1.592371e-19 -2.276529e-19  5.702297e-20  8.234155e-20 -1.898713e-19  1.736887e-19 -6.806380e-20 -2.077722e-20  1.787141e-19 -7.072998e-20  7.826631e-20  9.858711e-20 -3.630175e-19 -5.084443e-19 -8.927465e-20  5.881031e-19  5.447644e-20 -2.762468e-19  1.411152e-21 -2.623241e-19  6.756431e-20  4.033739e-21 -2.016755e-19 -4.023240e-20 -3.250670e-20  1.786009e-19 -1.419591e-21 -1.284818e-19  3.506531e-20 -2.055746e-19 -1.019018e-19  6.308643e-20  1.506299e-19 -9.306923e-20 -2.403882e-19  4.272556e-19 -5.423369e-20  6.580945e-21  4.176851e-19 -1.313914e-19 -2.325756e-19 -2.140555e-19  1.007021e-19  2.787170e-19  1.443533e-19  2.187127e-20  2.268835e-19 -2.097515e-19  3.291394e-19 -7.837538e-20 -1.236576e-19 -1.466831e-19 -8.249756e-20  6.579997e-20  2.936756e-19 -1.058637e-20  4.565768e-20  3.933841e-20 -1.056998e-19 -5.306551e-20 -7.001051e-20  2.638236e-19  8.173856e-20 -1.988568e-20 -2.024467e-19  7.631468e-21 -1.021767e-19  1.288543e-19 -2.503854e-20  3.511361e-20  5.839029e-20 -2.250722e-19 -1.759098e-21  5.714886e-19 -1.181410e-19 -2.874631e-19  4.766406e-19  2.564224e-19  3.797727e-19 -1.921557e-19 -1.732235e-20  8.085136e-20 -2.213542e-20  9.616708e-20  8.896154e-21  1.538906e-21  1.898872e-19  1.225312e-19  2.819346e-20  5.676029e-20  1.421031e-19  1.719606e-19 -2.567019e-19 -2.681919e-20 -1.463391e-20  5.750670e-20 -1.847684e-20 -3.885608e-20 -7.245014e-21  4.464461e-20 -1.296879e-20  6.283731e-20 -1.600175e-19 -2.904192e-19  1.376927e-19  5.135760e-19 -1.192986e-19 -5.171323e-20  1.706333e-20 -1.697031e-20 -1.126935e-19  2.738819e-20 -2.452136e-20  8.146587e-21 -4.738302e-20  2.532995e-20 -2.245975e-19 -4.525045e-20  7.099217e-20  4.185122e-20 -7.156447e-20 -2.100842e-19  8.410217e-13
finished in 207 iterations (0.406 seconds total)
max viol = 1.45887e-07
