---------------------
Basis Indices:
---------------------

{-, -, -, -, -, -, -, -}, {-, -, -, -, -, -, -, -}, {-, -, -, -, -, -, -, -}, {-, -, -, -, -, -, -, -}, {-, -, -, -, -, -, -, -}, {-, -, -, -, -, -, -, -}, {-, -, -, -, -, -, -, -}, {-, -, -, -, -, -, -, -}


{-, -, -, -, -, -, -, -}, {-, 73+i457, 74+i458, 75+i459, 76+i460, 77+i461, 78+i462, 79+i463}, {-, 81+i465, 82+i466, 83+i467, 84+i468, 85+i469, 86+i470, 87+i471}, {-, 89+i473, 90+i474, 91+i475, 92+i476, 93+i477, 94+i478, 95+i479}, {-, 97+i481, 98+i482, 99+i483, 100+i484, 101+i485, 102+i486, 103+i487}, {-, 105+i489, 106+i490, 107+i491, 108+i492, 109+i493, 110+i494, 111+i495}, {}, {}


{-, 129+i513, 130+i514, 131+i515, 132+i516, 133+i517, 134+i518, 135+i519}, {}, {}, {}, {}, {}, {}, {}


{-, 193+i577, 194+i578, 195+i579, 196+i580, 197+i581, 198+i582, 199+i583}, {}, {}, {}, {}, {}, {}, {}


{-, 257+i641, 258+i642, 259+i643, 260+i644, 261+i645, 262+i646, 263+i647}, {}, {}, {}, {}, {}, {}, {}


{-, 321+i705, 322+i706, 323+i707, 324+i708, 325+i709, 326+i710, 327+i711}, {}, {}, {}, {}, {}, {}, {}

---------------------
Index Mapping: 
---------------------

{819: 177, 818: 176, 817: 175, 816: 174, 815: 173, 814: 172, 813: 171, 812: 170, 811: 169, 810: 168, 809: 167, 808: 166, 807: 165, 806: 164, 805: 163, 804: 162, 803: 161, 802: 160, 801: 159, 800: 158, 799: 157, 798: 156, 797: 155, 796: 154, 795: 153, 794: 152, 793: 151, 792: 150, 791: 149, 790: 148, 789: 147, 788: 146, 787: 145, 786: 144, 785: 143, 784: 142, 783: 141, 782: 140, 781: 139, 780: 138, 779: 137, 778: 136, 769: 127, 198: 47, 706: 120, 111: 34, 492: 94, 110: 33, 491: 93, 109: 32, 490: 92, 108: 31, 489: 91, 107: 30, 106: 29, 487: 90, 135: 41, 129: 35, 643: 114, 85: 11, 466: 71, 134: 40, 772: 130, 258: 50, 515: 100, 642: 113, 84: 10, 465: 70, 771: 129, 257: 49, 514: 99, 641: 112, 768: 126, 83: 9, 773: 131, 516: 101, 259: 51, 770: 128, 513: 98, 82: 8, 463: 69, 199: 48, 81: 7, 462: 68, 321: 56, 578: 106, 705: 119, 79: 6, 460: 66, 580: 108, 323: 58, 577: 105, 78: 5, 459: 65, 579: 107, 322: 57, 77: 4, 458: 64, 76: 3, 457: 63, 197: 46, 711: 125, 105: 28, 486: 89, 707: 121, 193: 42, 75: 2, 326: 61, 583: 111, 196: 45, 710: 124, 74: 1, 325: 60, 582: 110, 195: 44, 709: 123, 103: 27, 484: 87, 777: 135, 263: 55, 774: 132, 260: 52, 517: 102, 130: 36, 644: 115, 86: 12, 467: 72, 73: 0, 327: 62, 324: 59, 581: 109, 194: 43, 708: 122, 102: 26, 483: 86, 87: 13, 468: 73, 89: 14, 470: 75, 90: 15, 471: 76, 91: 16, 92: 17, 473: 77, 93: 18, 474: 78, 94: 19, 475: 79, 95: 20, 476: 80, 97: 21, 478: 82, 98: 22, 479: 83, 99: 23, 100: 24, 481: 84, 101: 25, 482: 85, 461: 67, 469: 74, 477: 81, 485: 88, 493: 95, 494: 96, 495: 97, 775: 133, 261: 53, 518: 103, 131: 37, 645: 116, 776: 134, 262: 54, 519: 104, 132: 38, 646: 117, 133: 39, 647: 118}

---------------------
Final Problem: 
---------------------
Find a point satisfying:

1*{  6 13} + 1*{  1  8} + 0.125*{} + 1*{  2  9} + 1*{ 64 71} + 1*{ 65 72} + 1*{  5 12} + 1*{  0  7} + 1*{ 67 74} + 1*{  4 11} + 1*{ 68 75} + 1*{ 66 73} + 1*{ 63 70} + 1*{  3 10} + 1*{ 69 76} = 0 

-1*{ 10 66} + 1*{  2 72} + -1*{ 12 68} + 1*{  6 76} + 1*{  1 71} + -1*{  9 65} + 1*{  5 75} + -1*{  7 63} + -1*{ 11 67} + -1*{  8 64} + 1*{  4 74} + -1*{ 13 69} + 1*{  3 73} + 1*{  0 70} = 0 

1*{  1 15} + 1*{  4 18} + 1*{  0 14} + 1*{ 64 78} + 1*{  6 20} + 0.125*{} + 1*{ 66 80} + 1*{ 67 81} + 1*{  2 16} + 1*{ 65 79} + 1*{ 63 77} + 1*{  5 19} + 1*{  3 17} + 1*{ 69 83} + 1*{ 68 82} = 0 

1*{  2 79} + -1*{ 17 66} + -1*{ 19 68} + 1*{  1 78} + 1*{  5 82} + -1*{ 16 65} + -1*{ 14 63} + 1*{  6 83} + -1*{ 20 69} + 1*{  3 80} + 1*{  0 77} + 1*{  4 81} + -1*{ 18 67} + -1*{ 15 64} = 0 

1*{ 66 87} + 1*{ 64 85} + 1*{ 65 86} + 1*{  2 23} + 1*{  5 26} + 1*{ 68 89} + 1*{  6 27} + 0.125*{} + 1*{ 63 84} + 1*{ 69 90} + 1*{  4 25} + 1*{  0 21} + 1*{ 67 88} + 1*{  1 22} + 1*{  3 24} = 0 

1*{  6 90} + -1*{ 22 64} + -1*{ 23 65} + 1*{  1 85} + -1*{ 24 66} + -1*{ 27 69} + 1*{  5 89} + 1*{  3 87} + 1*{  0 84} + 1*{  4 88} + -1*{ 21 63} + 1*{  2 86} + -1*{ 25 67} + -1*{ 26 68} = 0 

1*{  0 28} + 1*{  3 31} + 1*{ 66 94} + 1*{  6 34} + 1*{  1 29} + 1*{ 64 92} + 1*{ 65 93} + 0.125*{} + 1*{  5 33} + 1*{ 69 97} + 1*{  4 32} + 1*{  2 30} + 1*{ 68 96} + 1*{ 63 91} + 1*{ 67 95} = 0 

1*{  1 92} + -1*{ 30 65} + 1*{  0 91} + -1*{ 28 63} + 1*{  6 97} + 1*{  2 93} + 1*{  5 96} + -1*{ 32 67} + 1*{  4 95} + -1*{ 33 68} + -1*{ 31 66} + 1*{  3 94} + -1*{ 29 64} + -1*{ 34 69} = 0 

-0.125*{} + 1*{127127} + 1*{126126} = 0 

1*{  0 35} + 1*{  2 37} + 1*{  3 38} + 1*{  5 40} + 1*{ 63 98} + -1*{126} + 1*{ 65100} + 1*{  1 36} + 1*{  4 39} + 1*{ 68103} + 1*{  6 41} + 1*{ 67102} + 1*{ 64 99} + 1*{ 69104} + 1*{ 66101} + 0.125*{} = 0 

-1*{ 36 64} + 1*{  1 99} + 1*{  6104} + 1*{  5103} + -1*{127} + 1*{  4102} + 1*{  0 98} + -1*{ 39 67} + -1*{ 38 66} + -1*{ 35 63} + -1*{ 37 65} + 1*{  3101} + -1*{ 40 68} + -1*{ 41 69} + 1*{  2100} = 0 

1*{129129} + 1*{128128} + -0.125*{} = 0 

1*{  6 48} + 1*{ 63105} + 1*{ 64106} + 1*{ 66108} + 0.125*{} + -1*{128} + 1*{ 65107} + 1*{ 68110} + 1*{  4 46} + 1*{ 69111} + 1*{  3 45} + 1*{  1 43} + 1*{ 67109} + 1*{  2 44} + 1*{  0 42} + 1*{  5 47} = 0 

1*{  0105} + 1*{  3108} + -1*{ 42 63} + 1*{  6111} + -1*{ 48 69} + 1*{  1106} + -1*{ 44 65} + 1*{  4109} + 1*{  2107} + -1*{ 43 64} + -1*{ 47 68} + -1*{ 45 66} + -1*{129} + -1*{ 46 67} + 1*{  5110} = 0 

-0.125*{} + 1*{131131} + 1*{130130} = 0 

1*{  4 53} + 1*{ 67116} + 1*{  3 52} + 1*{  6 55} + 0.125*{} + 1*{ 68117} + 1*{ 64113} + 1*{  5 54} + 1*{ 66115} + -1*{130} + 1*{  0 49} + 1*{ 69118} + 1*{ 63112} + 1*{ 65114} + 1*{  2 51} + 1*{  1 50} = 0 

-1*{ 52 66} + 1*{  0112} + -1*{ 53 67} + -1*{ 49 63} + 1*{  6118} + -1*{ 50 64} + 1*{  2114} + 1*{  4116} + -1*{131} + -1*{ 55 69} + -1*{ 51 65} + -1*{ 54 68} + 1*{  1113} + 1*{  3115} + 1*{  5117} = 0 

-0.125*{} + 1*{133133} + 1*{132132} = 0 

1*{ 69125} + 1*{  3 59} + 1*{ 66122} + 1*{ 67123} + 1*{  1 57} + -1*{132} + 1*{ 63119} + 1*{  6 62} + 1*{  2 58} + 1*{  0 56} + 0.125*{} + 1*{ 68124} + 1*{  4 60} + 1*{ 64120} + 1*{ 65121} + 1*{  5 61} = 0 

-1*{ 57 64} + 1*{  1120} + 1*{  5124} + 1*{  2121} + 1*{  3122} + -1*{ 61 68} + 1*{  0119} + -1*{ 56 63} + 1*{  4123} + -1*{133} + -1*{ 58 65} + -1*{ 62 69} + -1*{ 59 66} + 1*{  6125} + -1*{ 60 67} = 0 

-0.125*{} + 1*{ 63 63} + 1*{  0  0} = 0 

-0.125*{} + 1*{  1  1} + 1*{ 64 64} = 0 

-0.125*{} + 1*{ 65 65} + 1*{  2  2} = 0 

-0.125*{} + 1*{ 66 66} + 1*{  3  3} = 0 

-0.125*{} + 1*{ 67 67} + 1*{  4  4} = 0 

-0.125*{} + 1*{ 68 68} + 1*{  5  5} = 0 

-0.125*{} + 1*{ 69 69} + 1*{  6  6} = 0 

0.25*{  3  5} + 0.25*{ 65 66} + 0.0883883*{  4} + 0.25*{  1  4} + 0.25*{ 64 67} + 0.25*{  0  4} + 0.25*{ 63 64} + 0.25*{ 66 69} + 0.25*{ 65 68} + 0.25*{ 66 68} + 0.25*{  3  4} + 0.0883883*{  5} + 0.25*{  0  3} + 0.25*{  2  5} + 0.25*{ 65 69} + 0.25*{  5  6} + 0.25*{  2  4} + 0.25*{ 65 67} + 0.25*{  3  6} + 0.0883883*{  1} + 0.0883883*{  2} + 0.25*{ 64 69} + 0.25*{  2  6} + 0.0883883*{  6} + 0.25*{ 67 68} + 0.25*{  0  6} + 0.25*{ 68 69} + 0.25*{ 63 69} + 0.25*{  1  3} + 0.25*{  1  6} + 0.25*{ 64 66} + 0.25*{  0  5} + 0.25*{  4  5} + 0.0883883*{  0} + 0.25*{  1  5} + 0.25*{ 63 67} + 0.25*{ 64 68} + 0.25*{ 63 68} + 0.0883883*{  3} + 0.25*{ 66 67} + 0.25*{  1  2} + 0.25*{  2  3} + 0.25*{ 64 65} + 0.25*{ 63 65} + 0.25*{  4  6} + 0.25*{ 63 66} + 0.25*{  0  1} + 0.25*{ 67 69} + 0.25*{  0  2} = 0 

1*{ 70 77} + 1*{ 12 19} + 1*{ 13 20} + 1*{ 10 17} + 1*{ 75 82} + 1*{ 72 79} + 1*{ 74 81} + 1*{  7 14} + 1*{ 11 18} + 0.125*{} + 1*{ 73 80} + 1*{  8 15} + 1*{  9 16} + 1*{ 76 83} + 1*{ 71 78} = 0 

-1*{ 16 72} + 1*{  8 78} + -1*{ 20 76} + -1*{ 15 71} + -1*{ 19 75} + 1*{  7 77} + 1*{ 13 83} + 1*{ 10 80} + -1*{ 18 74} + 1*{ 11 81} + -1*{ 14 70} + 1*{ 12 82} + -1*{ 17 73} + 1*{  9 79} = 0 

1*{ 72 86} + 1*{  9 23} + 1*{ 10 24} + 1*{  7 21} + 1*{ 70 84} + 1*{ 11 25} + 1*{ 74 88} + 1*{ 76 90} + 1*{ 73 87} + 1*{  8 22} + 1*{ 13 27} + 1*{ 75 89} + 0.125*{} + 1*{ 71 85} + 1*{ 12 26} = 0 

-1*{ 24 73} + 1*{  8 85} + 1*{ 12 89} + 1*{  9 86} + -1*{ 21 70} + -1*{ 23 72} + -1*{ 22 71} + 1*{ 10 87} + -1*{ 26 75} + -1*{ 25 74} + -1*{ 27 76} + 1*{ 11 88} + 1*{ 13 90} + 1*{  7 84} = 0 

1*{ 10 31} + 1*{ 73 94} + 1*{ 74 95} + 1*{  7 28} + 1*{ 72 93} + 1*{ 11 32} + 1*{  9 30} + 1*{ 76 97} + 1*{ 70 91} + 0.125*{} + 1*{ 71 92} + 1*{ 75 96} + 1*{  8 29} + 1*{ 12 33} + 1*{ 13 34} = 0 

1*{ 10 94} + 1*{  9 93} + -1*{ 34 76} + -1*{ 33 75} + -1*{ 28 70} + 1*{ 11 95} + -1*{ 29 71} + 1*{  7 91} + -1*{ 32 74} + -1*{ 31 73} + -1*{ 30 72} + 1*{  8 92} + 1*{ 12 96} + 1*{ 13 97} = 0 

-0.125*{} + 1*{135135} + 1*{134134} = 0 

0.125*{} + 1*{  7 35} + 1*{ 74102} + 1*{ 13 41} + 1*{ 75103} + 1*{ 76104} + 1*{ 73101} + 1*{  9 37} + 1*{ 12 40} + 1*{ 10 38} + 1*{  8 36} + 1*{ 11 39} + -1*{134} + 1*{ 71 99} + 1*{ 72100} + 1*{ 70 98} = 0 

-1*{ 35 70} + 1*{  9100} + -1*{ 39 74} + -1*{ 40 75} + -1*{ 41 76} + -1*{ 36 71} + 1*{  8 99} + -1*{ 37 72} + 1*{ 10101} + -1*{135} + 1*{ 12103} + 1*{  7 98} + 1*{ 11102} + 1*{ 13104} + -1*{ 38 73} = 0 

1*{137137} + -0.125*{} + 1*{136136} = 0 

1*{ 72107} + 1*{  9 44} + 1*{  8 43} + 1*{ 11 46} + 1*{ 13 48} + 1*{ 73108} + 1*{ 76111} + 1*{ 74109} + 1*{ 10 45} + -1*{136} + 1*{  7 42} + 1*{ 75110} + 1*{ 70105} + 0.125*{} + 1*{ 71106} + 1*{ 12 47} = 0 

-1*{ 42 70} + -1*{ 47 75} + 1*{ 12110} + -1*{137} + -1*{ 43 71} + -1*{ 48 76} + 1*{ 13111} + 1*{ 10108} + 1*{  8106} + -1*{ 45 73} + -1*{ 44 72} + 1*{ 11109} + -1*{ 46 74} + 1*{  9107} + 1*{  7105} = 0 

-0.125*{} + 1*{138138} + 1*{139139} = 0 

0.125*{} + 1*{ 72114} + 1*{ 71113} + 1*{ 75117} + 1*{ 12 54} + 1*{  8 50} + 1*{  9 51} + 1*{ 74116} + 1*{  7 49} + -1*{138} + 1*{ 11 53} + 1*{ 70112} + 1*{ 76118} + 1*{ 13 55} + 1*{ 73115} + 1*{ 10 52} = 0 

-1*{ 54 75} + 1*{ 12117} + -1*{139} + 1*{ 13118} + 1*{  7112} + -1*{ 53 74} + -1*{ 52 73} + 1*{ 11116} + 1*{  8113} + 1*{  9114} + -1*{ 50 71} + -1*{ 51 72} + 1*{ 10115} + -1*{ 49 70} + -1*{ 55 76} = 0 

-0.125*{} + 1*{141141} + 1*{140140} = 0 

1*{ 75124} + 1*{ 72121} + 1*{ 12 61} + 1*{ 13 62} + 1*{  8 57} + 1*{ 74123} + 0.125*{} + 1*{ 70119} + 1*{ 76125} + 1*{ 10 59} + 1*{ 73122} + 1*{ 71120} + 1*{  9 58} + -1*{140} + 1*{ 11 60} + 1*{  7 56} = 0 

-1*{ 58 72} + 1*{  9121} + -1*{ 60 74} + 1*{ 10122} + 1*{ 11123} + -1*{ 57 71} + 1*{  8120} + -1*{ 62 76} + 1*{ 13125} + -1*{ 59 73} + 1*{ 12124} + -1*{141} + 1*{  7119} + -1*{ 61 75} + -1*{ 56 70} = 0 

-0.125*{} + 1*{  7  7} + 1*{ 70 70} = 0 

-0.125*{} + 1*{ 71 71} + 1*{  8  8} = 0 

1*{ 72 72} + -0.125*{} + 1*{  9  9} = 0 

-0.125*{} + 1*{ 73 73} + 1*{ 10 10} = 0 

-0.125*{} + 1*{ 74 74} + 1*{ 11 11} = 0 

-0.125*{} + 1*{ 75 75} + 1*{ 12 12} = 0 

-0.125*{} + 1*{ 76 76} + 1*{ 13 13} = 0 

0.25*{ 71 73} + 0.25*{ 71 76} + 0.25*{ 71 75} + 0.25*{ 12 13} + 0.0883883*{  9} + 0.25*{ 10 11} + 0.25*{ 70 71} + 0.25*{  8 10} + 0.25*{ 74 76} + 0.25*{ 71 74} + 0.25*{ 10 13} + 0.25*{  9 12} + 0.0883883*{ 12} + 0.25*{  9 10} + 0.25*{ 73 76} + 0.25*{ 73 74} + 0.25*{ 71 72} + 0.0883883*{  7} + 0.0883883*{ 11} + 0.0883883*{  8} + 0.25*{  8  9} + 0.25*{  7 12} + 0.25*{ 10 12} + 0.25*{  8 11} + 0.25*{  9 11} + 0.25*{ 70 75} + 0.25*{  7 10} + 0.25*{  7  8} + 0.25*{ 11 13} + 0.25*{ 70 74} + 0.25*{ 70 76} + 0.25*{ 70 72} + 0.25*{  8 12} + 0.25*{  9 13} + 0.25*{  7 11} + 0.25*{ 72 76} + 0.0883883*{ 13} + 0.25*{  7 13} + 0.25*{ 72 74} + 0.25*{ 11 12} + 0.0883883*{ 10} + 0.25*{  8 13} + 0.25*{ 73 75} + 0.25*{ 72 75} + 0.25*{ 72 73} + 0.25*{  7  9} + 0.25*{ 70 73} + 0.25*{ 75 76} + 0.25*{ 74 75} = 0 

1*{ 16 23} + 1*{ 81 88} + 1*{ 19 26} + 1*{ 78 85} + 1*{ 15 22} + 1*{ 14 21} + 1*{ 79 86} + 1*{ 82 89} + 1*{ 17 24} + 1*{ 83 90} + 0.125*{} + 1*{ 80 87} + 1*{ 20 27} + 1*{ 18 25} + 1*{ 77 84} = 0 

1*{ 19 89} + -1*{ 26 82} + -1*{ 25 81} + -1*{ 22 78} + -1*{ 27 83} + -1*{ 24 80} + -1*{ 23 79} + 1*{ 17 87} + 1*{ 18 88} + 1*{ 20 90} + 1*{ 16 86} + -1*{ 21 77} + 1*{ 15 85} + 1*{ 14 84} = 0 

1*{ 14 28} + 1*{ 16 30} + 1*{ 17 31} + 1*{ 78 92} + 1*{ 20 34} + 1*{ 81 95} + 1*{ 82 96} + 1*{ 80 94} + 1*{ 77 91} + 1*{ 19 33} + 1*{ 79 93} + 1*{ 15 29} + 1*{ 83 97} + 1*{ 18 32} + 0.125*{} = 0 

-1*{ 29 78} + 1*{ 19 96} + 1*{ 20 97} + 1*{ 14 91} + -1*{ 30 79} + 1*{ 15 92} + -1*{ 34 83} + -1*{ 33 82} + -1*{ 28 77} + 1*{ 17 94} + -1*{ 31 80} + -1*{ 32 81} + 1*{ 18 95} + 1*{ 16 93} = 0 

-0.125*{} + 1*{143143} + 1*{142142} = 0 

1*{ 78 99} + 1*{ 80101} + -1*{142} + 1*{ 18 39} + 1*{ 14 35} + 0.125*{} + 1*{ 15 36} + 1*{ 79100} + 1*{ 17 38} + 1*{ 19 40} + 1*{ 81102} + 1*{ 83104} + 1*{ 16 37} + 1*{ 77 98} + 1*{ 20 41} + 1*{ 82103} = 0 

-1*{ 36 78} + -1*{ 40 82} + 1*{ 19103} + 1*{ 18102} + -1*{143} + 1*{ 16100} + 1*{ 15 99} + -1*{ 41 83} + -1*{ 39 81} + -1*{ 35 77} + 1*{ 17101} + 1*{ 20104} + 1*{ 14 98} + -1*{ 37 79} + -1*{ 38 80} = 0 

-0.125*{} + 1*{145145} + 1*{144144} = 0 

1*{ 79107} + 1*{ 18 46} + 0.125*{} + 1*{ 77105} + 1*{ 83111} + 1*{ 15 43} + 1*{ 82110} + 1*{ 81109} + 1*{ 19 47} + 1*{ 20 48} + 1*{ 80108} + -1*{144} + 1*{ 17 45} + 1*{ 78106} + 1*{ 16 44} + 1*{ 14 42} = 0 

1*{ 18109} + -1*{ 48 83} + -1*{ 46 81} + -1*{ 47 82} + -1*{ 42 77} + -1*{ 43 78} + -1*{ 45 80} + 1*{ 19110} + -1*{145} + 1*{ 20111} + 1*{ 17108} + -1*{ 44 79} + 1*{ 16107} + 1*{ 15106} + 1*{ 14105} = 0 

-0.125*{} + 1*{147147} + 1*{146146} = 0 

1*{ 15 50} + 1*{ 79114} + 1*{ 17 52} + 1*{ 77112} + 1*{ 19 54} + 1*{ 18 53} + 1*{ 78113} + 0.125*{} + 1*{ 83118} + 1*{ 20 55} + 1*{ 82117} + -1*{146} + 1*{ 14 49} + 1*{ 81116} + 1*{ 16 51} + 1*{ 80115} = 0 

1*{ 19117} + 1*{ 17115} + -1*{ 52 80} + -1*{ 49 77} + 1*{ 15113} + -1*{ 55 83} + -1*{ 53 81} + 1*{ 16114} + 1*{ 14112} + -1*{ 51 79} + 1*{ 20118} + -1*{ 54 82} + -1*{ 50 78} + -1*{147} + 1*{ 18116} = 0 

-0.125*{} + 1*{149149} + 1*{148148} = 0 

1*{ 82124} + 1*{ 20 62} + 1*{ 80122} + 1*{ 15 57} + 0.125*{} + 1*{ 19 61} + -1*{148} + 1*{ 77119} + 1*{ 81123} + 1*{ 79121} + 1*{ 18 60} + 1*{ 78120} + 1*{ 17 59} + 1*{ 16 58} + 1*{ 83125} + 1*{ 14 56} = 0 

-1*{ 60 81} + -1*{ 61 82} + -1*{ 57 78} + 1*{ 20125} + 1*{ 17122} + -1*{ 59 80} + -1*{149} + 1*{ 14119} + -1*{ 62 83} + -1*{ 58 79} + 1*{ 18123} + 1*{ 15120} + 1*{ 19124} + 1*{ 16121} + -1*{ 56 77} = 0 

1*{ 77 77} + -0.125*{} + 1*{ 14 14} = 0 

-0.125*{} + 1*{ 78 78} + 1*{ 15 15} = 0 

-0.125*{} + 1*{ 79 79} + 1*{ 16 16} = 0 

-0.125*{} + 1*{ 80 80} + 1*{ 17 17} = 0 

-0.125*{} + 1*{ 81 81} + 1*{ 18 18} = 0 

-0.125*{} + 1*{ 82 82} + 1*{ 19 19} = 0 

-0.125*{} + 1*{ 83 83} + 1*{ 20 20} = 0 

0.25*{ 78 79} + 0.25*{ 16 17} + 0.25*{ 15 18} + 0.25*{ 15 16} + 0.25*{ 81 83} + 0.25*{ 77 82} + 0.25*{ 78 80} + 0.25*{ 78 82} + 0.25*{ 77 79} + 0.25*{ 18 20} + 0.25*{ 77 80} + 0.25*{ 79 83} + 0.25*{ 15 19} + 0.0883883*{ 17} + 0.25*{ 16 19} + 0.25*{ 15 20} + 0.0883883*{ 14} + 0.25*{ 78 81} + 0.0883883*{ 18} + 0.25*{ 19 20} + 0.25*{ 15 17} + 0.25*{ 16 18} + 0.25*{ 82 83} + 0.25*{ 81 82} + 0.25*{ 79 80} + 0.25*{ 17 20} + 0.25*{ 14 16} + 0.25*{ 79 81} + 0.25*{ 16 20} + 0.25*{ 17 19} + 0.0883883*{ 20} + 0.25*{ 77 81} + 0.25*{ 79 82} + 0.25*{ 80 83} + 0.0883883*{ 19} + 0.0883883*{ 15} + 0.25*{ 14 17} + 0.25*{ 77 83} + 0.25*{ 80 82} + 0.25*{ 17 18} + 0.25*{ 78 83} + 0.25*{ 80 81} + 0.25*{ 14 15} + 0.25*{ 18 19} + 0.25*{ 77 78} + 0.25*{ 14 19} + 0.0883883*{ 16} + 0.25*{ 14 20} + 0.25*{ 14 18} = 0 

1*{ 23 30} + 1*{ 88 95} + 1*{ 86 93} + 1*{ 89 96} + 1*{ 21 28} + 1*{ 22 29} + 1*{ 87 94} + 1*{ 85 92} + 1*{ 24 31} + 1*{ 26 33} + 1*{ 84 91} + 1*{ 90 97} + 0.125*{} + 1*{ 27 34} + 1*{ 25 32} = 0 

-1*{ 33 89} + 1*{ 26 96} + -1*{ 29 85} + -1*{ 34 90} + 1*{ 25 95} + -1*{ 28 84} + 1*{ 22 92} + -1*{ 30 86} + 1*{ 23 93} + -1*{ 32 88} + -1*{ 31 87} + 1*{ 21 91} + 1*{ 27 97} + 1*{ 24 94} = 0 

-0.125*{} + 1*{151151} + 1*{150150} = 0 

1*{ 87101} + 1*{ 89103} + 1*{ 21 35} + 1*{ 27 41} + 1*{ 88102} + 1*{ 90104} + 1*{ 24 38} + 1*{ 26 40} + 0.125*{} + 1*{ 86100} + 1*{ 84 98} + 1*{ 85 99} + -1*{150} + 1*{ 22 36} + 1*{ 25 39} + 1*{ 23 37} = 0 

-1*{ 39 88} + 1*{ 27104} + -1*{ 38 87} + 1*{ 26103} + 1*{ 25102} + -1*{ 41 90} + -1*{ 35 84} + 1*{ 22 99} + -1*{ 37 86} + -1*{ 36 85} + 1*{ 24101} + 1*{ 23100} + 1*{ 21 98} + -1*{151} + -1*{ 40 89} = 0 

1*{153153} + -0.125*{} + 1*{152152} = 0 

1*{ 85106} + 0.125*{} + 1*{ 89110} + 1*{ 86107} + 1*{ 22 43} + 1*{ 24 45} + 1*{ 23 44} + 1*{ 27 48} + 1*{ 26 47} + 1*{ 84105} + 1*{ 90111} + 1*{ 87108} + 1*{ 21 42} + -1*{152} + 1*{ 88109} + 1*{ 25 46} = 0 

-1*{ 43 85} + -1*{ 47 89} + -1*{ 46 88} + -1*{ 48 90} + 1*{ 25109} + -1*{ 42 84} + 1*{ 26110} + -1*{153} + 1*{ 22106} + 1*{ 24108} + -1*{ 44 86} + 1*{ 27111} + -1*{ 45 87} + 1*{ 23107} + 1*{ 21105} = 0 

-0.125*{} + 1*{155155} + 1*{154154} = 0 

1*{ 27 55} + 1*{ 84112} + 1*{ 24 52} + 1*{ 89117} + 1*{ 26 54} + 1*{ 23 51} + 0.125*{} + -1*{154} + 1*{ 85113} + 1*{ 90118} + 1*{ 25 53} + 1*{ 86114} + 1*{ 88116} + 1*{ 87115} + 1*{ 21 49} + 1*{ 22 50} = 0 

1*{ 25116} + 1*{ 22113} + 1*{ 27118} + -1*{ 52 87} + -1*{ 53 88} + -1*{ 55 90} + -1*{ 50 85} + -1*{ 51 86} + 1*{ 23114} + -1*{155} + 1*{ 21112} + -1*{ 54 89} + -1*{ 49 84} + 1*{ 24115} + 1*{ 26117} = 0 

-0.125*{} + 1*{157157} + 1*{156156} = 0 

-1*{156} + 1*{ 87122} + 1*{ 86121} + 1*{ 90125} + 1*{ 22 57} + 0.125*{} + 1*{ 27 62} + 1*{ 85120} + 1*{ 84119} + 1*{ 26 61} + 1*{ 24 59} + 1*{ 25 60} + 1*{ 23 58} + 1*{ 89124} + 1*{ 21 56} + 1*{ 88123} = 0 

1*{ 21119} + -1*{ 56 84} + -1*{157} + 1*{ 22120} + 1*{ 25123} + -1*{ 60 88} + -1*{ 59 87} + 1*{ 24122} + -1*{ 62 90} + 1*{ 26124} + -1*{ 61 89} + 1*{ 23121} + -1*{ 57 85} + -1*{ 58 86} + 1*{ 27125} = 0 

-0.125*{} + 1*{ 84 84} + 1*{ 21 21} = 0 

-0.125*{} + 1*{ 85 85} + 1*{ 22 22} = 0 

-0.125*{} + 1*{ 86 86} + 1*{ 23 23} = 0 

-0.125*{} + 1*{ 87 87} + 1*{ 24 24} = 0 

-0.125*{} + 1*{ 88 88} + 1*{ 25 25} = 0 

-0.125*{} + 1*{ 89 89} + 1*{ 26 26} = 0 

-0.125*{} + 1*{ 90 90} + 1*{ 27 27} = 0 

0.25*{ 26 27} + 0.25*{ 88 89} + 0.25*{ 84 88} + 0.0883883*{ 24} + 0.25*{ 86 90} + 0.0883883*{ 21} + 0.25*{ 85 86} + 0.25*{ 87 88} + 0.25*{ 24 25} + 0.0883883*{ 23} + 0.25*{ 84 86} + 0.25*{ 87 89} + 0.25*{ 23 25} + 0.0883883*{ 26} + 0.25*{ 21 25} + 0.25*{ 25 27} + 0.25*{ 84 90} + 0.25*{ 85 88} + 0.0883883*{ 22} + 0.25*{ 21 23} + 0.25*{ 89 90} + 0.25*{ 84 85} + 0.0883883*{ 27} + 0.25*{ 22 25} + 0.25*{ 23 27} + 0.0883883*{ 25} + 0.25*{ 21 24} + 0.25*{ 25 26} + 0.25*{ 22 27} + 0.25*{ 87 90} + 0.25*{ 85 90} + 0.25*{ 88 90} + 0.25*{ 84 87} + 0.25*{ 23 24} + 0.25*{ 86 87} + 0.25*{ 22 24} + 0.25*{ 24 27} + 0.25*{ 86 88} + 0.25*{ 24 26} + 0.25*{ 21 26} + 0.25*{ 85 89} + 0.25*{ 21 27} + 0.25*{ 21 22} + 0.25*{ 84 89} + 0.25*{ 22 26} + 0.25*{ 22 23} + 0.25*{ 23 26} + 0.25*{ 86 89} + 0.25*{ 85 87} = 0 

-0.125*{} + 1*{159159} + 1*{158158} = 0 

1*{ 33 40} + 1*{ 95102} + 1*{ 93100} + 1*{ 29 36} + 1*{ 94101} + 1*{ 97104} + 1*{ 96103} + 1*{ 31 38} + 1*{ 32 39} + 1*{ 91 98} + 1*{ 28 35} + 0.125*{} + 1*{ 34 41} + 1*{ 30 37} + 1*{ 92 99} + -1*{158} = 0 

1*{ 28 98} + -1*{ 35 91} + -1*{ 40 96} + 1*{ 34104} + 1*{ 32102} + -1*{ 38 94} + -1*{ 36 92} + 1*{ 33103} + 1*{ 31101} + -1*{159} + 1*{ 29 99} + -1*{ 41 97} + 1*{ 30100} + -1*{ 39 95} + -1*{ 37 93} = 0 

-0.125*{} + 1*{161161} + 1*{160160} = 0 

1*{ 94108} + 1*{ 30 44} + 1*{ 33 47} + 1*{ 32 46} + 1*{ 29 43} + 1*{ 31 45} + 1*{ 95109} + 0.125*{} + 1*{ 97111} + 1*{ 91105} + -1*{160} + 1*{ 28 42} + 1*{ 96110} + 1*{ 93107} + 1*{ 34 48} + 1*{ 92106} = 0 

-1*{ 45 94} + -1*{ 43 92} + -1*{ 46 95} + -1*{ 48 97} + -1*{161} + 1*{ 33110} + 1*{ 28105} + 1*{ 34111} + 1*{ 29106} + -1*{ 47 96} + 1*{ 31108} + 1*{ 30107} + 1*{ 32109} + -1*{ 42 91} + -1*{ 44 93} = 0 

-0.125*{} + 1*{163163} + 1*{162162} = 0 

1*{ 28 49} + 1*{ 96117} + 1*{ 31 52} + -1*{162} + 1*{ 91112} + 1*{ 32 53} + 1*{ 95116} + 1*{ 34 55} + 1*{ 97118} + 1*{ 33 54} + 1*{ 29 50} + 0.125*{} + 1*{ 94115} + 1*{ 30 51} + 1*{ 92113} + 1*{ 93114} = 0 

-1*{163} + -1*{ 50 92} + -1*{ 52 94} + 1*{ 31115} + -1*{ 53 95} + 1*{ 32116} + -1*{ 55 97} + -1*{ 54 96} + -1*{ 51 93} + 1*{ 30114} + 1*{ 29113} + -1*{ 49 91} + 1*{ 34118} + 1*{ 33117} + 1*{ 28112} = 0 

-0.125*{} + 1*{165165} + 1*{164164} = 0 

1*{ 93121} + 1*{ 91119} + 1*{ 94122} + 1*{ 97125} + 1*{ 29 57} + 1*{ 96124} + -1*{164} + 0.125*{} + 1*{ 34 62} + 1*{ 31 59} + 1*{ 92120} + 1*{ 28 56} + 1*{ 95123} + 1*{ 32 60} + 1*{ 30 58} + 1*{ 33 61} = 0 

-1*{ 58 93} + -1*{ 60 95} + -1*{ 56 91} + 1*{ 34125} + 1*{ 31122} + -1*{ 61 96} + 1*{ 30121} + -1*{ 57 92} + -1*{ 62 97} + 1*{ 33124} + -1*{165} + -1*{ 59 94} + 1*{ 28119} + 1*{ 29120} + 1*{ 32123} = 0 

-0.125*{} + 1*{ 91 91} + 1*{ 28 28} = 0 

1*{ 92 92} + -0.125*{} + 1*{ 29 29} = 0 

-0.125*{} + 1*{ 93 93} + 1*{ 30 30} = 0 

1*{ 94 94} + -0.125*{} + 1*{ 31 31} = 0 

-0.125*{} + 1*{ 95 95} + 1*{ 32 32} = 0 

-0.125*{} + 1*{ 33 33} + 1*{ 96 96} = 0 

-0.125*{} + 1*{ 97 97} + 1*{ 34 34} = 0 

0.25*{ 31 32} + 0.0883883*{ 34} + 0.25*{ 33 34} + 0.25*{ 93 94} + 0.25*{ 31 34} + 0.25*{ 28 34} + 0.25*{ 93 95} + 0.25*{ 28 32} + 0.25*{ 91 97} + 0.25*{ 30 31} + 0.25*{ 28 29} + 0.25*{ 94 96} + 0.0883883*{ 29} + 0.25*{ 91 94} + 0.0883883*{ 30} + 0.0883883*{ 28} + 0.0883883*{ 31} + 0.25*{ 32 33} + 0.25*{ 91 95} + 0.25*{ 93 97} + 0.0883883*{ 33} + 0.25*{ 95 96} + 0.25*{ 29 34} + 0.25*{ 29 32} + 0.25*{ 29 33} + 0.25*{ 28 33} + 0.25*{ 28 31} + 0.0883883*{ 32} + 0.25*{ 30 34} + 0.25*{ 92 94} + 0.25*{ 30 32} + 0.25*{ 30 33} + 0.25*{ 91 96} + 0.25*{ 29 31} + 0.25*{ 92 97} + 0.25*{ 96 97} + 0.25*{ 31 33} + 0.25*{ 94 97} + 0.25*{ 91 92} + 0.25*{ 28 30} + 0.25*{ 92 93} + 0.25*{ 92 96} + 0.25*{ 95 97} + 0.25*{ 93 96} + 0.25*{ 94 95} + 0.25*{ 92 95} + 0.25*{ 29 30} + 0.25*{ 91 93} + 0.25*{ 32 34} = 0 

-0.125*{} + 1*{167167} + 1*{166166} = 0 

1*{ 37 44} + 1*{ 41 48} + 1*{104111} + 1*{ 38 45} + 1*{102109} + 1*{ 39 46} + 1*{101108} + 1*{ 98105} + 1*{ 36 43} + 1*{ 35 42} + 0.125*{} + 1*{ 40 47} + -1*{166} + 1*{ 99106} + 1*{103110} + 1*{100107} = 0 

1*{ 38108} + -1*{ 43 99} + -1*{ 46102} + -1*{ 47103} + -1*{ 45101} + 1*{ 35105} + 1*{ 36106} + -1*{ 42 98} + 1*{ 41111} + 1*{ 39109} + 1*{ 37107} + -1*{ 44100} + 1*{ 40110} + -1*{ 48104} + -1*{167} = 0 

-0.125*{} + 1*{168168} + 1*{169169} = 0 

1*{ 99113} + 1*{ 39 53} + 1*{ 35 49} + -1*{168} + 1*{ 41 55} + 0.125*{} + 1*{ 40 54} + 1*{ 36 50} + 1*{104118} + 1*{103117} + 1*{102116} + 1*{101115} + 1*{ 38 52} + 1*{100114} + 1*{ 98112} + 1*{ 37 51} = 0 

1*{ 39116} + -1*{ 55104} + 1*{ 37114} + -1*{ 52101} + -1*{169} + 1*{ 38115} + 1*{ 36113} + 1*{ 41118} + 1*{ 40117} + -1*{ 50 99} + -1*{ 51100} + 1*{ 35112} + -1*{ 54103} + -1*{ 53102} + -1*{ 49 98} = 0 

-0.125*{} + 1*{171171} + 1*{170170} = 0 

1*{101122} + 1*{ 99120} + 1*{102123} + 1*{ 38 59} + 1*{ 37 58} + 1*{ 39 60} + 1*{ 98119} + 1*{ 40 61} + 1*{100121} + 0.125*{} + 1*{104125} + 1*{ 35 56} + -1*{170} + 1*{ 41 62} + 1*{103124} + 1*{ 36 57} = 0 

-1*{ 60102} + -1*{ 62104} + 1*{ 40124} + -1*{ 56 98} + 1*{ 36120} + -1*{ 57 99} + -1*{ 61103} + 1*{ 41125} + -1*{ 58100} + 1*{ 37121} + -1*{ 59101} + -1*{171} + 1*{ 35119} + 1*{ 38122} + 1*{ 39123} = 0 

-0.125*{} + 1*{ 98 98} + 1*{ 35 35} = 0 

-0.125*{} + 1*{ 99 99} + 1*{ 36 36} = 0 

-0.125*{} + 1*{100100} + 1*{ 37 37} = 0 

-0.125*{} + 1*{ 38 38} + 1*{101101} = 0 

-0.125*{} + 1*{102102} + 1*{ 39 39} = 0 

-0.125*{} + 1*{103103} + 1*{ 40 40} = 0 

-0.125*{} + 1*{104104} + 1*{ 41 41} = 0 

0.0883883*{ 37} + 0.25*{ 36 41} + 0.25*{ 35 38} + 0.25*{ 36 39} + 0.25*{ 36 37} + 0.25*{ 38 41} + 0.25*{ 99101} + 0.25*{ 35 40} + 0.0883883*{ 41} + 0.25*{102104} + 0.25*{ 98102} + 0.25*{101103} + 0.25*{ 98103} + 0.25*{100102} + 0.25*{100103} + 0.25*{ 99103} + 0.25*{102103} + 0.25*{ 35 37} + 0.0883883*{ 35} + 0.0883883*{ 40} + 0.25*{ 98100} + 0.25*{ 39 41} + 0.25*{ 37 41} + 0.25*{103104} + 0.25*{ 99100} + 0.25*{ 37 40} + 0.25*{ 37 39} + 0.25*{ 35 39} + 0.25*{ 35 36} + 0.25*{ 37 38} + 0.25*{100104} + 0.25*{ 39 40} + 0.25*{ 38 40} + 0.0883883*{ 38} + 0.25*{ 98101} + 0.25*{100101} + 0.25*{ 99104} + 0.25*{ 38 39} + 0.25*{101102} + 0.25*{ 36 38} + 0.25*{ 98104} + 0.25*{ 99102} + 0.25*{101104} + 0.25*{ 36 40} + 0.25*{ 35 41} + 0.25*{ 98 99} + 0.25*{ 40 41} + 0.0883883*{ 36} + 0.0883883*{ 39} = 0 

-0.125*{} + 1*{173173} + 1*{172172} = 0 

1*{109116} + 1*{106113} + 0.125*{} + 1*{ 48 55} + 1*{ 45 52} + 1*{107114} + 1*{110117} + 1*{ 47 54} + 1*{105112} + 1*{ 44 51} + 1*{ 42 49} + 1*{108115} + 1*{ 43 50} + 1*{ 46 53} + -1*{172} + 1*{111118} = 0 

1*{ 42112} + 1*{ 43113} + 1*{ 47117} + -1*{ 55111} + 1*{ 46116} + -1*{ 51107} + -1*{ 54110} + -1*{ 50106} + -1*{173} + -1*{ 53109} + 1*{ 44114} + -1*{ 52108} + 1*{ 48118} + 1*{ 45115} + -1*{ 49105} = 0 

-0.125*{} + 1*{175175} + 1*{174174} = 0 

1*{ 43 57} + 1*{110124} + 1*{ 47 61} + 1*{105119} + 0.125*{} + 1*{107121} + 1*{ 44 58} + 1*{111125} + 1*{109123} + 1*{ 45 59} + -1*{174} + 1*{ 48 62} + 1*{ 46 60} + 1*{106120} + 1*{ 42 56} + 1*{108122} = 0 

-1*{ 56105} + -1*{ 60109} + 1*{ 48125} + -1*{ 59108} + 1*{ 45122} + -1*{ 61110} + 1*{ 42119} + 1*{ 47124} + -1*{ 62111} + -1*{175} + 1*{ 44121} + 1*{ 46123} + -1*{ 57106} + 1*{ 43120} + -1*{ 58107} = 0 

-0.125*{} + 1*{105105} + 1*{ 42 42} = 0 

-0.125*{} + 1*{106106} + 1*{ 43 43} = 0 

1*{107107} + -0.125*{} + 1*{ 44 44} = 0 

-0.125*{} + 1*{108108} + 1*{ 45 45} = 0 

-0.125*{} + 1*{109109} + 1*{ 46 46} = 0 

-0.125*{} + 1*{110110} + 1*{ 47 47} = 0 

1*{ 48 48} + -0.125*{} + 1*{111111} = 0 

0.25*{105107} + 0.25*{107109} + 0.25*{ 45 46} + 0.0883883*{ 45} + 0.25*{ 43 44} + 0.25*{ 44 45} + 0.25*{ 43 45} + 0.25*{105109} + 0.25*{107111} + 0.25*{109111} + 0.25*{108111} + 0.25*{ 46 48} + 0.0883883*{ 47} + 0.25*{ 44 48} + 0.25*{ 42 47} + 0.25*{106108} + 0.25*{ 45 47} + 0.25*{106110} + 0.0883883*{ 43} + 0.25*{ 47 48} + 0.25*{108110} + 0.25*{ 43 47} + 0.25*{110111} + 0.25*{105111} + 0.25*{ 44 47} + 0.25*{ 46 47} + 0.25*{106109} + 0.25*{ 42 48} + 0.25*{109110} + 0.25*{108109} + 0.25*{ 43 46} + 0.25*{ 42 45} + 0.25*{106107} + 0.25*{107108} + 0.25*{ 42 43} + 0.25*{ 43 48} + 0.0883883*{ 44} + 0.25*{107110} + 0.0883883*{ 48} + 0.25*{106111} + 0.25*{ 42 46} + 0.25*{ 45 48} + 0.25*{ 42 44} + 0.25*{ 44 46} + 0.25*{105110} + 0.25*{105106} + 0.25*{105108} + 0.0883883*{ 42} + 0.0883883*{ 46} = 0 

-0.125*{} + 1*{177177} + 1*{176176} = 0 

1*{112119} + 1*{ 55 62} + 1*{117124} + 1*{116123} + 1*{113120} + 1*{ 53 60} + 1*{ 50 57} + 1*{118125} + 1*{ 54 61} + 1*{ 51 58} + 0.125*{} + 1*{115122} + 1*{ 52 59} + 1*{ 49 56} + 1*{114121} + -1*{176} = 0 

-1*{ 61117} + 1*{ 53123} + -1*{ 60116} + 1*{ 51121} + -1*{ 57113} + 1*{ 55125} + -1*{177} + -1*{ 62118} + 1*{ 49119} + -1*{ 58114} + 1*{ 54124} + 1*{ 52122} + -1*{ 56112} + -1*{ 59115} + 1*{ 50120} = 0 

-0.125*{} + 1*{112112} + 1*{ 49 49} = 0 

-0.125*{} + 1*{113113} + 1*{ 50 50} = 0 

-0.125*{} + 1*{114114} + 1*{ 51 51} = 0 

-0.125*{} + 1*{115115} + 1*{ 52 52} = 0 

-0.125*{} + 1*{ 53 53} + 1*{116116} = 0 

-0.125*{} + 1*{117117} + 1*{ 54 54} = 0 

-0.125*{} + 1*{118118} + 1*{ 55 55} = 0 

0.25*{ 49 55} + 0.25*{112117} + 0.25*{ 52 55} + 0.0883883*{ 53} + 0.25*{113114} + 0.25*{ 49 54} + 0.25*{112116} + 0.25*{112113} + 0.25*{ 50 54} + 0.0883883*{ 55} + 0.25*{117118} + 0.25*{115117} + 0.25*{114115} + 0.0883883*{ 52} + 0.25*{114117} + 0.25*{112118} + 0.25*{112115} + 0.25*{ 52 54} + 0.25*{ 50 52} + 0.25*{113116} + 0.25*{ 51 53} + 0.25*{115116} + 0.0883883*{ 50} + 0.25*{113117} + 0.25*{ 53 54} + 0.25*{ 53 55} + 0.25*{113115} + 0.25*{ 49 53} + 0.25*{ 50 51} + 0.25*{ 49 50} + 0.0883883*{ 49} + 0.25*{ 51 54} + 0.25*{114116} + 0.0883883*{ 54} + 0.25*{ 51 55} + 0.25*{ 51 52} + 0.25*{ 52 53} + 0.25*{ 49 51} + 0.25*{112114} + 0.25*{115118} + 0.25*{114118} + 0.25*{ 50 53} + 0.0883883*{ 51} + 0.25*{ 49 52} + 0.25*{113118} + 0.25*{116118} + 0.25*{ 54 55} + 0.25*{116117} + 0.25*{ 50 55} = 0 

-0.125*{} + 1*{119119} + 1*{ 56 56} = 0 

1*{120120} + -0.125*{} + 1*{ 57 57} = 0 

-0.125*{} + 1*{ 58 58} + 1*{121121} = 0 

-0.125*{} + 1*{122122} + 1*{ 59 59} = 0 

-0.125*{} + 1*{123123} + 1*{ 60 60} = 0 

-0.125*{} + 1*{124124} + 1*{ 61 61} = 0 

-0.125*{} + 1*{125125} + 1*{ 62 62} = 0 

0.25*{ 56 57} + 0.25*{ 59 62} + 0.25*{121123} + 0.25*{ 58 61} + 0.25*{ 57 60} + 0.25*{ 59 60} + 0.25*{ 60 62} + 0.25*{119120} + 0.25*{119123} + 0.25*{119125} + 0.25*{ 57 58} + 0.0883883*{ 60} + 0.25*{121125} + 0.25*{119124} + 0.25*{ 58 62} + 0.25*{ 61 62} + 0.0883883*{ 57} + 0.25*{119122} + 0.25*{ 56 62} + 0.25*{ 57 62} + 0.25*{121124} + 0.25*{122123} + 0.0883883*{ 56} + 0.0883883*{ 58} + 0.25*{120124} + 0.25*{ 56 61} + 0.25*{120123} + 0.25*{ 60 61} + 0.25*{ 58 60} + 0.25*{120122} + 0.25*{ 58 59} + 0.0883883*{ 59} + 0.25*{ 56 58} + 0.0883883*{ 62} + 0.25*{ 56 60} + 0.25*{ 57 61} + 0.25*{122125} + 0.25*{121122} + 0.25*{122124} + 0.25*{119121} + 0.25*{124125} + 0.25*{ 59 61} + 0.25*{ 57 59} + 0.0883883*{ 61} + 0.25*{120125} + 0.25*{ 56 59} + 0.25*{120121} + 0.25*{123124} + 0.25*{123125} = 0 

-1*{ 76} + -4*{ 70} + 128*{  3} + 512*{  4} + -8192*{ 13} + 2*{  0} + 1*{ 69} + -64*{ 72} + 64*{ 65} + 4096*{ 68} + 1024*{ 67} + 16*{ 64} + -16*{ 71} + -8*{  8} + -128*{ 10} + -1024*{ 74} + -2048*{ 12} + -32*{  9} + 2048*{  5} + -256*{ 73} + -512*{ 11} + 32*{  2} + 8*{  1} + -2*{  7} + 4*{ 63} + 256*{ 66} + 8192*{  6} + -4096*{ 75} > 0 

-128*{ 17} + 1*{ 76} + -16*{ 78} + -2*{ 14} + 64*{ 72} + -512*{ 18} + -256*{ 80} + -1024*{ 81} + -32*{ 16} + -4*{ 77} + 256*{ 73} + 4096*{ 75} + 8*{  8} + 16*{ 71} + 4*{ 70} + 512*{ 11} + -8192*{ 20} + 2*{  7} + 8192*{ 13} + -1*{ 83} + 1024*{ 74} + 2048*{ 12} + -2048*{ 19} + -8*{ 15} + 32*{  9} + 128*{ 10} + -4096*{ 82} + -64*{ 79} > 0 

-64*{ 86} + 64*{ 79} + -8192*{ 27} + 2*{ 14} + -2048*{ 26} + -2*{ 21} + 16*{ 78} + -128*{ 24} + 512*{ 18} + 8192*{ 20} + 128*{ 17} + -1024*{ 88} + -32*{ 23} + -1*{ 90} + -256*{ 87} + 4*{ 77} + -8*{ 22} + 256*{ 80} + 1024*{ 81} + 32*{ 16} + -4*{ 84} + -16*{ 85} + 1*{ 83} + -4096*{ 89} + 2048*{ 19} + 4096*{ 82} + 8*{ 15} + -512*{ 25} > 0 

-1*{ 97} + 4*{ 84} + 16*{ 85} + 2048*{ 26} + -64*{ 93} + -32*{ 30} + 32*{ 23} + -128*{ 31} + 128*{ 24} + 4096*{ 89} + 64*{ 86} + 2*{ 21} + -16*{ 92} + -256*{ 94} + -512*{ 32} + 8192*{ 27} + -2*{ 28} + -2048*{ 33} + -8192*{ 34} + -4096*{ 96} + 512*{ 25} + 8*{ 22} + -4*{ 91} + -1024*{ 95} + 1024*{ 88} + 1*{ 90} + -8*{ 29} + 256*{ 87} > 0 

2*{  0} + -1*{104} + 1*{ 69} + -8*{ 36} + -8192*{ 41} + -128*{ 38} + -64*{100} + 2048*{  5} + -16*{ 99} + 64*{ 65} + 1024*{ 67} + 16*{ 64} + -32*{ 37} + -4*{ 98} + -512*{ 39} + 4*{ 63} + 256*{ 66} + 8*{  1} + 32*{  2} + 8192*{  6} + 512*{  4} + -4096*{103} + -2*{ 35} + 128*{  3} + -1024*{102} + -2048*{ 40} + 4096*{ 68} + -256*{101} > 0 

2*{ 35} + 1*{104} + -2*{ 42} + -1024*{109} + -4096*{110} + -1*{111} + 4096*{103} + 128*{ 38} + 64*{100} + -32*{ 44} + -2048*{ 47} + -64*{107} + 32*{ 37} + 256*{101} + 1024*{102} + 2048*{ 40} + -16*{106} + -512*{ 46} + 8*{ 36} + -128*{ 45} + 8192*{ 41} + -4*{105} + 16*{ 99} + -8192*{ 48} + -8*{ 43} + 4*{ 98} + 512*{ 39} + -256*{108} > 0 

1024*{109} + 4096*{110} + 2*{ 42} + -64*{114} + 256*{108} + 8*{ 43} + 1*{111} + -2048*{ 54} + 2048*{ 47} + -1*{118} + 64*{107} + -256*{115} + -16*{113} + 128*{ 45} + 512*{ 46} + -8*{ 50} + -128*{ 52} + 16*{106} + 32*{ 44} + -4*{112} + -4096*{117} + -8192*{ 55} + -512*{ 53} + -32*{ 51} + -1024*{116} + 4*{105} + -2*{ 49} + 8192*{ 48} > 0 

-1024*{123} + 16*{113} + 256*{115} + 128*{ 52} + -256*{122} + 2048*{ 54} + 32*{ 51} + 512*{ 53} + 1024*{116} + 2*{ 49} + -128*{ 59} + -1*{125} + -2048*{ 61} + 1*{118} + 4*{112} + -4*{119} + -64*{121} + -8192*{ 62} + -32*{ 58} + -2*{ 56} + 64*{114} + -16*{120} + -8*{ 57} + 4096*{117} + 8192*{ 55} + 8*{ 50} + -512*{ 60} + -4096*{124} > 0 

16*{ 91} + 8192*{ 21} + 32768*{ 84} + 64*{  7} + -16384*{ 99} + -16*{ 92} + -128*{ 71} + -32*{ 64} + -2*{106} + 128*{ 70} + 4*{  0} + -65536*{ 29} + -32768*{ 85} + 8*{ 49} + -512*{ 15} + -131072*{ 36} + -4096*{ 78} + 256*{ 56} + -2048*{120} + 65536*{ 28} + 32*{ 63} + 2048*{119} + 512*{ 14} + -64*{  8} + 131072*{ 35} + -256*{ 57} + 1*{112} + 2*{105} + 1024*{ 42} + -1*{113} + 16384*{ 98} + -8*{ 50} + -4*{  1} + -8192*{ 22} + -1024*{ 43} + 4096*{ 77} > 0 

1*{113} + 32768*{ 85} + -256*{ 58} + 1024*{ 43} + 131072*{ 36} + 4096*{ 78} + 2048*{120} + -1*{114} + 128*{ 71} + -16*{ 93} + -2048*{121} + 16384*{ 99} + -32*{ 65} + -4096*{ 79} + -16384*{100} + -1024*{ 44} + -65536*{ 30} + -512*{ 16} + -4*{  2} + 256*{ 57} + -8192*{ 23} + 64*{  8} + -131072*{ 37} + 32*{ 64} + -8*{ 51} + 16*{ 92} + -32768*{ 86} + -128*{ 72} + 65536*{ 29} + -64*{  9} + 512*{ 15} + -2*{107} + 2*{106} + 4*{  1} + 8*{ 50} + 8192*{ 22} > 0 

4096*{ 79} + 256*{ 58} + 1*{114} + -2*{108} + -8*{ 52} + 64*{  9} + -64*{ 10} + -32*{ 66} + -1*{115} + 32768*{ 86} + 128*{ 72} + -16*{ 94} + 32*{ 65} + 8*{ 51} + -32768*{ 87} + 8192*{ 23} + -128*{ 73} + -256*{ 59} + -8192*{ 24} + 65536*{ 30} + 512*{ 16} + -4096*{ 80} + -1024*{ 45} + -512*{ 17} + -65536*{ 31} + -2048*{122} + -131072*{ 38} + -4*{  3} + 2*{107} + 131072*{ 37} + 16384*{100} + -16384*{101} + 1024*{ 44} + 16*{ 93} + 2048*{121} + 4*{  2} > 0 

-32768*{ 88} + -1*{116} + -32*{ 67} + -1024*{ 46} + 1*{115} + -8192*{ 25} + 128*{ 73} + 256*{ 59} + 32768*{ 87} + 32*{ 66} + -2048*{123} + 16384*{101} + -2*{109} + 2048*{122} + 131072*{ 38} + 4*{  3} + 16*{ 94} + -65536*{ 32} + 65536*{ 31} + -8*{ 53} + -131072*{ 39} + -4096*{ 81} + 4096*{ 80} + 8*{ 52} + 8192*{ 24} + -16*{ 95} + -16384*{102} + 64*{ 10} + -4*{  4} + 2*{108} + -512*{ 18} + -64*{ 11} + 1024*{ 45} + 512*{ 17} + -128*{ 74} + -256*{ 60} > 0 

1024*{ 46} + 2*{109} + 4*{  4} + 16384*{102} + -2*{110} + -131072*{ 40} + -65536*{ 33} + -32*{ 68} + -8*{ 54} + -1024*{ 47} + -256*{ 61} + 512*{ 18} + -4096*{ 82} + -64*{ 12} + 128*{ 74} + -512*{ 19} + 256*{ 60} + 1*{116} + -16*{ 96} + 8192*{ 25} + 2048*{123} + -128*{ 75} + 8*{ 53} + 4096*{ 81} + -2048*{124} + -16384*{103} + -32768*{ 89} + 32*{ 67} + 16*{ 95} + -1*{117} + 32768*{ 88} + -4*{  5} + 65536*{ 32} + 131072*{ 39} + -8192*{ 26} + 64*{ 11} > 0 

-2048*{125} + 2*{110} + 512*{ 19} + -1*{118} + 128*{ 75} + 2048*{124} + -8*{ 55} + 1*{117} + -16*{ 97} + -4096*{ 83} + 4*{  5} + 1024*{ 47} + -64*{ 13} + 65536*{ 33} + -32768*{ 90} + -2*{111} + -16384*{104} + -1024*{ 48} + 4096*{ 82} + 64*{ 12} + 32768*{ 89} + 16384*{103} + -4*{  6} + -128*{ 76} + -65536*{ 34} + 8192*{ 26} + -256*{ 62} + -8192*{ 27} + 16*{ 96} + -32*{ 69} + -512*{ 20} + 131072*{ 40} + 8*{ 54} + 32*{ 68} + 256*{ 61} + -131072*{ 41} > 0 

1*{ 88} > 0 

{8, 6, 1, 1, 1, 1, 1, 1, 1, 1} vars: 178, vectors: 18
1 6.815611e+00 6.815611e+00 -2.700792e-01 8.598495e-15
2 2.709764e+03 6.815611e+00 -1.997377e-01 5.145809e-13
3 3.698514e+05 6.815611e+00 -1.548964e-01 6.512915e-11
4 2.697334e+05 6.815611e+00 -1.201005e-01 5.928362e-11
5 1.907266e+06 6.815611e+00 -9.299521e-02 4.874820e-11
6 7.203609e+05 6.815611e+00 -7.201577e-02 1.181754e-10
7 2.597811e+05 6.815611e+00 -5.574349e-02 3.892332e-12
8 9.366173e+04 6.815611e+00 -4.314117e-02 1.490220e-11
9 3.379553e+04 6.815611e+00 -3.337597e-02 7.311300e-12
10 1.218146e+04 6.815611e+00 -2.581771e-02 1.850328e-12
11 4.390258e+03 6.815611e+00 -1.996854e-02 1.109349e-13
12 1.582859e+03 6.815611e+00 -1.542067e-02 3.533037e-14
13 5.707732e+02 6.815611e+00 -1.183359e-02 1.141086e-13
14 2.233939e+02 6.815611e+00 -9.031961e-03 6.492043e-15
15 1.659383e+02 6.815611e+00 -6.870783e-03 2.890391e-14
16 6.162752e+01 6.815611e+00 -5.190828e-03 1.470937e-14
17 2.204719e+01 6.815611e+00 -3.877608e-03 7.117877e-15
18 7.825067e+00 6.815611e+00 -2.830523e-03 9.013245e-16
19 1.673876e+01 6.815611e+00 -2.083827e-03 3.558233e-15
20 8.371200e+00 6.815611e+00 -1.172264e-03 5.329745e-15
21 3.603479e+03 6.815611e+00 -8.860224e-04 4.547551e-13
22 2.422673e+03 6.815611e+00 -6.587348e-04 4.547515e-13
23 3.425701e+05 6.815611e+00 -4.982356e-04 5.820786e-11
24 5.484264e+08 6.815611e+00 -3.860626e-04 2.455531e-11
25 2.281343e+08 6.815611e+00 -2.991611e-04 2.980232e-08
26 8.229953e+07 6.815611e+00 -2.318169e-04 1.934909e-12
27 2.968732e+07 6.815611e+00 -1.796257e-04 7.450581e-09
28 1.070907e+07 6.815611e+00 -1.391770e-04 3.752384e-13
29 3.862871e+06 6.815611e+00 -1.078335e-04 9.313226e-10
30 1.393354e+06 6.815611e+00 -8.354763e-05 2.328307e-10
31 5.026960e+05 6.815611e+00 -6.468751e-05 2.424742e-14
32 1.812566e+05 6.815611e+00 -5.007786e-05 9.170748e-15
33 6.546905e+04 6.815611e+00 -3.874323e-05 7.275958e-12
34 2.362513e+04 6.815611e+00 -2.995160e-05 1.091394e-11
35 8.530974e+03 6.815611e+00 -2.315667e-05 1.086507e-15
36 3.074856e+03 6.815611e+00 -1.837287e-05 9.094947e-13
37 4.070208e+06 6.815611e+00 -1.418444e-05 4.656613e-10
38 3.727298e+06 6.815611e+00 -1.098159e-05 4.656613e-10
39 1.982341e+06 6.815611e+00 -8.509373e-06 2.328306e-10
40 7.150903e+05 6.815611e+00 -6.591542e-06 1.033584e-15
41 2.599847e+05 6.815611e+00 -5.105361e-06 6.225100e-16
42 9.378583e+04 6.815611e+00 -3.953709e-06 1.689038e-16
43 3.382638e+04 6.815611e+00 -3.062244e-06 7.275958e-12
44 1.220427e+04 6.815611e+00 -2.371452e-06 1.818989e-12
45 4.401036e+03 6.815611e+00 -1.835271e-06 1.258110e-17
46 1.590903e+03 6.815611e+00 -1.421788e-06 2.273737e-13
47 6.019779e+02 6.815611e+00 -1.104772e-06 1.136868e-13
48 3.082509e+03 6.815611e+00 -8.234651e-07 4.547474e-13
49 2.957162e+04 6.815611e+00 -5.148714e-07 1.659163e-16
50 4.271424e+12 6.815611e+00 -3.916897e-07 1.090512e-11
51 1.611221e+12 6.815611e+00 -2.924133e-07 2.441406e-04
52 1.033187e+12 6.815611e+00 -2.047150e-07 1.220703e-04
53 3.916372e+12 6.815611e+00 -1.490584e-07 4.882812e-04
54 1.553998e+12 6.815611e+00 -9.947911e-08 4.882812e-04
55 7.922027e+11 6.815611e+00 -5.537230e-08 3.662109e-04
56 5.455768e+11 6.815611e+00 -9.499046e-10 2.723643e-13
57 4.305654e+13 6.815611e+00 8.986932e-10 7.812500e-03
58 1.710907e+13 6.815611e+00 4.348159e-09 9.521087e-13
59 6.493439e+12 6.815611e+00 1.048296e-08 1.953125e-03
60 2.400286e+12 6.815611e+00 2.099555e-08 4.882812e-04
61 8.795253e+11 6.815611e+00 3.901272e-08 2.441406e-04
62 3.215507e+11 6.815611e+00 7.029249e-08 6.103516e-05
63 1.177051e+11 6.815611e+00 1.255085e-07 1.525879e-05
64 4.314285e+10 6.815611e+00 2.233951e-07 7.629395e-06
65 1.579110e+10 6.815611e+00 3.954148e-07 1.907349e-06
66 5.770139e+09 6.815611e+00 3.063865e-07 1.661093e-13
67 4.485699e+09 6.815611e+00 2.374462e-07 3.859861e-14
68 1.618205e+09 6.815611e+00 1.840163e-07 2.109954e-14
69 5.837596e+08 6.815611e+00 1.426062e-07 7.018608e-15
70 2.105859e+08 6.815611e+00 1.105110e-07 2.980232e-08
71 7.596870e+07 6.815611e+00 8.564061e-08 7.276390e-16
72 2.740482e+07 6.815611e+00 6.636584e-08 2.939740e-16
73 9.885846e+06 6.815611e+00 5.142738e-08 1.862645e-09
74 3.566087e+06 6.815611e+00 3.984901e-08 4.366927e-17
75 1.286335e+06 6.815611e+00 3.087412e-08 1.373531e-17
76 4.639701e+05 6.815611e+00 2.391658e-08 5.820766e-11
77 1.673341e+05 6.815611e+00 1.852200e-08 1.647935e-18
78 6.034103e+04 6.815611e+00 1.433801e-08 7.592368e-19
79 2.175364e+04 6.815611e+00 1.108939e-08 3.637979e-12
80 7.835728e+03 6.815611e+00 8.572836e-09 9.094947e-13
81 2.822920e+03 6.815611e+00 6.622096e-09 3.115827e-20
82 1.016828e+03 6.815611e+00 5.101789e-09 1.692909e-20
83 3.657084e+02 6.815611e+00 3.900078e-09 6.130652e-21
84 2.090097e+02 6.815611e+00 2.988846e-09 1.629695e-21
85 7.640931e+01 6.815611e+00 2.279247e-09 1.421085e-14
86 2.738287e+01 6.815611e+00 1.728922e-09 5.631157e-22
87 9.761294e+00 6.815611e+00 1.298035e-09 5.771063e-22
88 3.462852e+00 3.462852e+00 9.662620e-10 4.440892e-16
89 1.224478e+00 1.224478e+00 7.163048e-10 4.820931e-23
90 4.338689e-01 4.338689e-01 5.383767e-10 5.551115e-17
91 1.649501e-01 1.649501e-01 4.173176e-10 2.775558e-17
92 5.860634e+00 1.649501e-01 2.825700e-10 8.881784e-16
93 2.680508e+01 1.649501e-01 1.819946e-10 3.552714e-15
94 5.191178e+02 1.649501e-01 1.397539e-10 6.027463e-22
95 3.468761e+02 1.649501e-01 1.060801e-10 9.357910e-23
96 1.669948e+02 1.649501e-01 7.675138e-11 2.506996e-23
97 1.045600e+04 1.649501e-01 5.868295e-11 1.818989e-12
98 3.814645e+03 1.649501e-01 4.547984e-11 1.886082e-22
99 6.323636e+03 1.649501e-01 3.526001e-11 1.818989e-12
100 3.003343e+03 1.649501e-01 2.723891e-11 1.560890e-22
101 1.127010e+03 1.649501e-01 2.092687e-11 2.273737e-13
102 4.067612e+02 1.649501e-01 1.585865e-11 2.110496e-23
103 4.616666e+02 1.649501e-01 1.198349e-11 5.684342e-14
104 1.669329e+02 1.649501e-01 9.015720e-12 2.842171e-14
105 6.199901e+01 1.649501e-01 6.701000e-12 1.421085e-14
106 2.312022e+01 1.649501e-01 5.069144e-12 3.552714e-15
107 1.118890e+01 1.649501e-01 3.778473e-12 1.607395e-25
108 4.772466e+00 1.649501e-01 2.800165e-12 1.093166e-25
109 1.680361e+00 1.649501e-01 2.082393e-12 4.440892e-16
110 5.945564e-01 1.649501e-01 1.612815e-12 1.110223e-16
111 2.142645e-01 1.649501e-01 1.328539e-12 2.775558e-17
112 1.606920e+00 1.649501e-01 9.987533e-13 2.220446e-16
113 5.696848e-01 1.649501e-01 7.622781e-13 1.110223e-16
114 2.015023e-01 1.649501e-01 6.008000e-13 5.551115e-17
115 7.111575e-02 7.111575e-02 5.189847e-13 1.387779e-17
116 2.610696e-02 2.610696e-02 5.860222e-13 3.469447e-18
117 1.078513e-02 1.078513e-02 1.268994e-12 1.181335e-26
118 5.448120e-03 5.448120e-03 3.106913e-12 1.734723e-18
119 3.221070e-03 3.221070e-03 5.772935e-12 4.336809e-19
120 2.102934e-03 2.102934e-03 1.305054e-11 3.021843e-27
121 2.518518e-03 2.102934e-03 1.085255e-11 4.336809e-19
122 1.024722e-03 1.024722e-03 2.094901e-11 6.970015e-27
123 6.241911e-04 6.241911e-04 3.496457e-10 2.168404e-19
124 2.312692e+04 6.241911e-04 2.604955e-10 5.547231e-21
125 2.971710e+04 6.241911e-04 2.015163e-10 7.275958e-12
126 1.397065e+04 6.241911e-04 1.558396e-10 1.818989e-12
127 5.048221e+03 6.241911e-04 1.201605e-10 2.861658e-21
128 1.818644e+03 6.241911e-04 9.265421e-11 2.273737e-13
129 2.007301e+03 6.241911e-04 7.100318e-11 1.927828e-22
130 1.428131e+03 6.241911e-04 5.412908e-11 4.547474e-13
131 6.045568e+02 6.241911e-04 4.127227e-11 1.136868e-13
132 2.191883e+02 6.241911e-04 3.128856e-11 1.257796e-23
133 7.891304e+01 6.241911e-04 2.368060e-11 1.421085e-14
134 2.813811e+01 6.241911e-04 1.781686e-11 2.151587e-24
135 9.989125e+00 6.241911e-04 1.328023e-11 1.776357e-15
136 3.529521e+00 6.241911e-04 9.815557e-12 8.881784e-16
137 1.241837e+00 6.241911e-04 7.084144e-12 2.220446e-16
138 5.195829e-01 6.241911e-04 5.106102e-12 3.872711e-26
139 1.891543e-01 6.241911e-04 3.940003e-12 2.775558e-17
140 6.876257e-02 6.241911e-04 3.384770e-12 1.302887e-26
141 3.700359e-02 6.241911e-04 2.963919e-12 1.775583e-27
142 1.446252e-02 6.241911e-04 4.043545e-12 2.950307e-27
143 6.930402e-03 6.241911e-04 8.560417e-12 2.602085e-18
144 4.653323e-03 6.241911e-04 1.162467e-11 8.643423e-27
145 8.328182e-03 6.241911e-04 7.969519e-12 1.566029e-26
146 3.124218e-03 6.241911e-04 8.281434e-12 5.416593e-27
147 1.464434e-03 6.241911e-04 2.094669e-11 1.735018e-26
148 1.569994e-03 6.241911e-04 1.668701e-11 6.505213e-19
149 8.474527e-04 6.241911e-04 1.768700e-11 1.084202e-19
150 3.980439e-04 3.980439e-04 4.066642e-11 5.421011e-20
151 3.660759e-04 3.660759e-04 3.526713e-11 1.084202e-19
152 2.056497e-04 2.056497e-04 4.634061e-11 5.421011e-20
153 1.103361e-04 1.103361e-04 4.400953e-11 1.355253e-20
154 3.749733e-02 1.103361e-04 3.254117e-11 6.938894e-18
155 2.132116e+02 1.103361e-04 2.748479e-11 5.684342e-14
156 6.352619e+05 1.103361e-04 2.128727e-11 1.164153e-10
157 2.350445e+05 1.103361e-04 1.645794e-11 5.862682e-21
158 8.825110e+04 1.103361e-04 1.271987e-11 2.910383e-11
159 4.736678e+04 1.103361e-04 9.821583e-12 2.692159e-22
160 1.706981e+04 1.103361e-04 7.611072e-12 3.637979e-12
161 1.336227e+06 1.103361e-04 5.870846e-12 9.817682e-22
162 4.877469e+05 1.103361e-04 4.538332e-12 5.820766e-11
163 1.778818e+05 1.103361e-04 3.516110e-12 2.910383e-11
164 4.655773e+07 1.103361e-04 2.694366e-12 5.825109e-21
165 1.216165e+12 1.103361e-04 5.103165e-09 7.615990e-10
166 4.387466e+11 1.103361e-04 1.244950e-08 1.199075e-10
167 1.582924e+11 1.103361e-04 2.379874e-08 9.645475e-11
168 5.711812e+10 1.103361e-04 4.203755e-08 6.746055e-11
169 2.061883e+10 1.103361e-04 7.201103e-08 1.639836e-11
170 7.450759e+09 1.103361e-04 5.580840e-08 9.536743e-07
171 2.687882e+09 1.103361e-04 4.325160e-08 4.768372e-07
172 9.696631e+08 1.103361e-04 3.351982e-08 1.192093e-07
173 3.498940e+08 1.103361e-04 2.597781e-08 5.960464e-08
174 1.271111e+08 1.103361e-04 2.013265e-08 1.490116e-08
175 4.585510e+07 1.103361e-04 1.560275e-08 3.531658e-16
176 1.654310e+07 1.103361e-04 1.209191e-08 1.862645e-09
177 5.968137e+06 1.103361e-04 9.371004e-09 3.970504e-17
178 2.152984e+06 1.103361e-04 7.262327e-09 4.656613e-10
179 7.766786e+05 1.103361e-04 5.628091e-09 1.164153e-10
180 2.801817e+05 1.103361e-04 4.361519e-09 1.713424e-18
181 1.010726e+05 1.103361e-04 3.380471e-09 1.455192e-11
182 3.257432e+05 1.103361e-04 2.601023e-09 5.820766e-11
183 3.605820e+05 1.103361e-04 2.014936e-09 3.555334e-19
184 1.311973e+05 1.103361e-04 1.560542e-09 1.587307e-19
185 4.731258e+04 1.103361e-04 1.208788e-09 1.455192e-11
186 1.717545e+04 1.103361e-04 9.356070e-10 3.637979e-12
187 6.196346e+03 1.103361e-04 7.228455e-10 9.094947e-13
188 2.232891e+03 1.103361e-04 5.593711e-10 4.547474e-13
189 8.281899e+02 1.103361e-04 4.313743e-10 1.136868e-13
190 2.980023e+02 1.103361e-04 3.316149e-10 5.684342e-14
191 1.078703e+02 1.103361e-04 2.539676e-10 5.546132e-23
192 3.872725e+01 1.103361e-04 1.934903e-10 3.233160e-23
193 1.385010e+01 1.103361e-04 1.456547e-10 1.776357e-15
194 4.944849e+00 1.103361e-04 1.076594e-10 2.165077e-24
195 1.775040e+00 1.103361e-04 7.922296e-11 2.220446e-16
196 6.242020e-01 1.103361e-04 5.807700e-11 2.220446e-16
197 2.201407e-01 1.103361e-04 4.277612e-11 2.775558e-17
198 7.776368e-02 1.103361e-04 3.159928e-11 1.387779e-17
199 4.798601e-02 1.103361e-04 2.038174e-11 1.387779e-17
200 4.226359e-02 1.103361e-04 1.370395e-11 6.938894e-18
201 1.488285e-02 1.103361e-04 1.059962e-11 1.734723e-18
202 5.726443e-03 1.103361e-04 1.248342e-11 1.734723e-18
203 2.760423e-03 1.103361e-04 1.158939e-11 4.336809e-19
204 3.242929e-01 1.103361e-04 7.296476e-12 3.246265e-26
205 1.294053e-01 1.103361e-04 5.605011e-12 2.775558e-17
206 7.747406e+01 1.103361e-04 3.858901e-12 8.391758e-25
207 3.544178e+03 1.103361e-04 2.987190e-12 1.093488e-23
208 1.353396e+05 1.103361e-04 2.311389e-12 2.910383e-11
209 8.864846e+04 1.103361e-04 1.785321e-12 1.455192e-11
210 3.686719e+04 1.103361e-04 1.383301e-12 2.820138e-23
211 1.733362e+04 1.103361e-04 1.070161e-12 1.625874e-23
212 6.246228e+03 1.103361e-04 8.282896e-13 1.818989e-12
213 3.505433e+03 1.103361e-04 6.342729e-13 4.547474e-13
214 1.388701e+03 1.103361e-04 4.863858e-13 2.273737e-13
215 5.198549e+02 1.103361e-04 3.750875e-13 1.940381e-24
216 1.871986e+02 1.103361e-04 2.888988e-13 2.842171e-14
217 6.697209e+01 1.103361e-04 2.223050e-13 1.466937e-25
218 2.385351e+01 1.103361e-04 1.734512e-13 3.552714e-15
219 8.481032e+00 1.103361e-04 1.390604e-13 1.776357e-15
220 3.009175e+00 1.103361e-04 1.189136e-13 4.440892e-16
221 1.074498e+00 1.103361e-04 1.170107e-13 3.112486e-27
222 3.966956e-01 1.103361e-04 1.538324e-13 5.551115e-17
223 1.622887e-01 1.103361e-04 3.561743e-13 1.184271e-27
224 7.927431e-02 1.103361e-04 8.528976e-13 3.767704e-27
225 5.240584e-02 1.103361e-04 8.555934e-13 4.883204e-27
226 2.039689e-02 1.103361e-04 1.425617e-12 3.469447e-18
227 9.551394e-03 1.103361e-04 2.319067e-12 8.085744e-27
228 4.919920e-03 1.103361e-04 4.880915e-12 8.673617e-19
229 3.057056e-03 1.103361e-04 5.129952e-12 8.673617e-19
230 1.396012e-03 1.103361e-04 5.927555e-12 6.505213e-19
231 6.052293e-04 1.103361e-04 1.117874e-11 3.252607e-19
232 3.011587e-04 1.103361e-04 3.095966e-11 5.421011e-20
233 2.462387e-04 1.103361e-04 1.081684e-10 4.336809e-19
234 5.018563e+01 1.103361e-04 7.729062e-11 1.051352e-22
235 8.038776e+02 1.103361e-04 5.966136e-11 1.136868e-13
236 1.771136e+04 1.103361e-04 4.610134e-11 7.275958e-12
237 6.395884e+03 1.103361e-04 3.567047e-11 4.106112e-22
238 2.524130e+03 1.103361e-04 2.752965e-11 4.547474e-13
239 9.094697e+02 1.103361e-04 2.177675e-11 9.571623e-22
240 6.699997e+04 1.103361e-04 1.654263e-11 1.455192e-11
241 1.645134e+05 1.103361e-04 1.276703e-11 2.910383e-11
242 2.314508e+06 1.103361e-04 9.894108e-12 9.313226e-10
243 8.350892e+05 1.103361e-04 7.667437e-12 6.663603e-21
244 3.012921e+05 1.103361e-04 5.952089e-12 5.820766e-11
245 4.659855e+08 1.103361e-04 4.607972e-12 5.960464e-08
246 1.961864e+08 1.103361e-04 3.570410e-12 4.287554e-20
247 7.079067e+07 1.103361e-04 2.766692e-12 1.132948e-20
248 2.553599e+07 1.103361e-04 2.143828e-12 7.450581e-09
249 9.211299e+06 1.103361e-04 1.661103e-12 1.862645e-09
250 3.322583e+06 1.103361e-04 1.286976e-12 9.313226e-10
251 1.198449e+06 1.103361e-04 9.969102e-13 3.317483e-22
252 4.322137e+05 1.103361e-04 7.722476e-13 5.820766e-11
253 1.565039e+05 1.103361e-04 5.978669e-13 2.620492e-23
254 5.642288e+04 1.103361e-04 4.629270e-13 1.455192e-11
255 2.230956e+04 1.103361e-04 3.569973e-13 3.637979e-12
256 9.149278e+03 1.103361e-04 2.759597e-13 1.818989e-12
257 3.312825e+03 1.103361e-04 2.138657e-13 4.547474e-13
258 1.304037e+03 1.103361e-04 1.652511e-13 2.273737e-13
259 1.854405e+03 1.103361e-04 1.274489e-13 1.511922e-25
260 6.649604e+02 1.103361e-04 9.713782e-14 2.273737e-13
261 2.743237e+02 1.103361e-04 7.584898e-14 2.546107e-26
262 9.824436e+01 1.103361e-04 6.008136e-14 1.421085e-14
263 3.475574e+01 1.103361e-04 4.964617e-14 4.281789e-27
264 1.233773e+01 1.103361e-04 4.444329e-14 3.552714e-15
265 4.411715e+00 1.103361e-04 4.543997e-14 8.881784e-16
266 1.597217e+00 1.103361e-04 5.654486e-14 4.440892e-16
267 5.956303e-01 1.103361e-04 9.194754e-14 5.464639e-28
268 2.408323e-01 1.103361e-04 2.321684e-13 2.775558e-17
269 1.167322e-01 1.103361e-04 6.101889e-13 2.775558e-17
270 7.090720e-02 1.103361e-04 6.331621e-13 1.387779e-17
271 2.859075e-02 1.103361e-04 1.190906e-12 3.469447e-18
272 1.248052e-02 1.103361e-04 2.362581e-12 5.604118e-27
273 6.463979e-03 1.103361e-04 3.319336e-12 8.673617e-19
274 3.127953e-03 1.103361e-04 5.475884e-12 1.327237e-26
275 1.549511e-03 1.103361e-04 7.437162e-12 4.336809e-19
276 7.478142e-04 1.103361e-04 1.085807e-11 2.168404e-19
277 3.400526e-04 1.103361e-04 1.430316e-11 1.084202e-19
278 1.563580e-04 1.103361e-04 1.624400e-11 1.846110e-27
279 6.390505e-05 6.390505e-05 2.192299e-11 3.141788e-27
280 2.318417e-05 2.318417e-05 2.684636e-11 3.388132e-21
281 8.267259e-06 8.267259e-06 3.221674e-11 2.216185e-27
282 2.716381e-06 2.716381e-06 3.700003e-11 8.470329e-22
283 8.760735e-07 8.760735e-07 4.137497e-11 2.117582e-22
284 2.743837e-07 2.743837e-07 4.536862e-11 5.293956e-23
285 8.489130e-08 8.489130e-08 4.907027e-11 2.516011e-27
286 2.605824e-08 2.605824e-08 5.239369e-11 3.308724e-24
287 7.959780e-09 7.959780e-09 5.522397e-11 1.654362e-24
288 2.423479e-09 2.423479e-09 5.750874e-11 8.966146e-27
289 7.362562e-10 7.362562e-10 5.927361e-11 1.044284e-27
290 2.233484e-10 2.233484e-10 6.059240e-11 5.169889e-26
291 6.768972e-11 6.768972e-11 6.155541e-11 1.292589e-26
292 2.050919e-11 2.050919e-11 6.226850e-11 3.231843e-27
293 6.200582e-12 6.200582e-12 6.272902e-11 1.615753e-27
294 1.876521e-12 1.876521e-12 6.301620e-11 1.462342e-29
295 5.755190e-13 5.755190e-13 6.388522e-11 1.012770e-28
x: -1.847999e-01 -1.372285e-01  3.508696e-01  3.526934e-01 -1.959695e-01  8.204536e-03 -1.380165e-01 -2.779073e-01  6.626852e-02  1.623702e-01 -1.924211e-01  2.811840e-01 -1.892265e-01  5.945119e-03 -9.410250e-02  3.087438e-01 -1.231285e-01  3.339438e-01 -1.968584e-01 -3.525631e-01 -1.942423e-01  5.346477e-02  2.090272e-01 -3.450854e-01 -2.610396e-01  3.451755e-01  3.274449e-01 -3.477636e-01 -2.139744e-01  3.021601e-02  3.275691e-01 -1.520267e-02  3.210608e-01 -2.611712e-02  1.328176e-01 -1.847460e-01 -2.168507e-01 -3.333021e-01 -2.110349e-01 -2.522764e-01  1.587036e-01 -1.232483e-01  6.805236e-02  3.441570e-01 -1.940646e-01  5.136351e-02  3.513654e-01  1.628071e-01 -1.682855e-01  3.530007e-01 -2.330645e-01 -3.697653e-02  3.533979e-01 -3.376064e-02  3.178272e-01 -1.099558e-01  3.368451e-01 -3.531099e-01  1.690855e-01  2.968977e-01 -2.565707e-01 -6.861743e-02 -6.199932e-02  3.014117e-01  3.258348e-01  4.348025e-02 -2.464502e-02  2.942719e-01 -3.534582e-01  3.255018e-01  2.185580e-01 -3.472873e-01  3.140636e-01 -2.966042e-01 -2.143259e-01 -2.986525e-01 -3.535034e-01 -3.408001e-01  1.722709e-01 -3.314202e-01  1.161102e-01 -2.936780e-01 -2.644328e-02 -2.954148e-01  3.494874e-01  2.851450e-01 -7.691565e-02  2.384497e-01  7.651114e-02  1.333411e-01 -6.372156e-02 -2.814516e-01 -3.522598e-01 -1.330355e-01  3.532263e-01  1.480540e-01  3.525874e-01  3.276575e-01  3.014447e-01 -2.792415e-01 -1.179393e-01  2.836622e-01 -2.477027e-01  3.159322e-01  3.313757e-01 -3.469422e-01  8.096887e-02 -2.955317e-01 -3.498025e-01  3.927355e-02  3.138373e-01  3.109341e-01 -1.976291e-02  2.658589e-01 -3.516145e-01  1.048606e-02 -3.519378e-01 -1.548738e-01  3.360204e-01 -1.074030e-01  1.770240e-02  3.104997e-01 -1.919681e-01 -2.432517e-01 -3.468308e-01 -3.480747e-01 -2.367013e-02  3.527601e-01 -1.096555e-01 -3.361185e-01  3.534891e-01  6.741857e-03  2.628589e-01  2.364429e-01 -6.996157e-02 -3.465622e-01 -1.505800e-01  3.198838e-01 -3.401292e-01 -9.649932e-02  3.223816e-01 -1.451553e-01 -4.866812e-02 -3.501877e-01  2.498479e-01 -2.501520e-01  2.368134e-01  2.625250e-01  2.472450e-01  2.527250e-01  3.521457e-01 -3.151921e-02  3.534500e-01 -8.547365e-03  1.757782e-01 -3.067605e-01 -3.009441e-01 -1.855605e-01  2.632055e-01 -2.360570e-01  3.459253e-01  7.304536e-02 -4.302506e-02 -3.509257e-01 -3.531641e-01 -1.658995e-02  5.047180e-02  3.499322e-01  2.344217e-01 -2.646629e-01 -2.112508e-01 -2.835014e-01  3.232068e-01  1.433085e-01 -2.945996e-01  1.954766e-01  3.365495e-01 -1.083254e-01  6.388522e-11
grad: -2.344806e-19  4.825186e-20 -2.409468e-20 -7.610375e-21  1.650662e-19  5.191633e-19 -2.553342e-19  2.440924e-20 -5.260400e-20 -3.941800e-19  1.340459e-19 -2.840468e-19 -1.186774e-20 -2.568167e-19  4.297088e-19 -2.470802e-19  6.185102e-19 -1.305691e-19  3.108433e-20  1.266474e-20  3.960349e-19  1.188381e-19 -6.984311e-20  1.335325e-20  5.440481e-20  1.279423e-19 -1.178693e-19  6.181721e-21 -6.074038e-20  3.018621e-19  2.124586e-19 -2.291441e-19  3.356763e-20 -3.764562e-19 -6.532466e-20 -3.773587e-19  2.057545e-19  2.122099e-19 -1.720460e-19 -3.215096e-19  3.595693e-20 -3.115507e-19  1.170501e-19 -4.203796e-20  2.453745e-19  4.387531e-20  1.442452e-20 -3.363282e-19  5.780182e-20  5.269841e-21 -9.635190e-20  2.408427e-19  1.513730e-20 -3.396975e-19  1.255230e-19  8.882524e-20 -9.554359e-20 -4.626430e-21 -8.844237e-20 -1.898316e-19 -4.151373e-19  3.063306e-19  2.330040e-19 -1.465676e-19  1.801458e-20  2.115617e-19 -1.356370e-19  1.117512e-19 -3.808448e-21 -1.087936e-19  5.360482e-20 -1.559301e-20  2.107170e-19 -7.451643e-20 -4.000409e-19  1.125521e-20 -3.222192e-21 -1.227266e-19  4.684965e-19 -2.398762e-19  3.885428e-19 -1.664519e-20 -2.279444e-19 -2.544631e-19 -2.962182e-20  5.228129e-20 -1.534328e-20  3.776948e-20 -4.569457e-19  3.171651e-19  1.104133e-20  3.544274e-20  2.857954e-20  5.171605e-19 -3.225978e-20 -3.630216e-20 -2.886095e-20  7.806897e-21 -2.291328e-19 -1.767626e-19 -6.088467e-19 -1.300116e-19  3.013460e-19 -1.759798e-20 -1.091341e-19  1.730348e-20  2.227053e-19 -1.815957e-19  1.476751e-20 -2.257170e-20  1.900037e-19  4.403540e-20 -7.155055e-20 -7.574532e-20 -2.937047e-20 -2.953864e-21  1.931995e-20  2.372604e-19  2.709663e-20 -3.049774e-19  1.555795e-20  5.363711e-20 -2.815420e-19  4.437686e-19 -5.123562e-20 -2.418815e-20  5.401961e-21 -7.645790e-21  2.923520e-19 -9.106917e-20 -5.229362e-21  4.061744e-20 -2.292026e-20  3.335968e-20  2.155844e-19 -3.152938e-20 -1.944498e-19 -9.867315e-20  2.160350e-21  6.490332e-21  9.850034e-20  2.441555e-19 -1.337254e-19  2.596223e-20 -2.419770e-19 -2.324561e-19  2.176859e-19 -2.067752e-19  1.282286e-19 -1.131969e-19  4.787800e-20  3.169453e-19 -1.669523e-20  1.551883e-19 -5.594796e-20 -2.641653e-20 -1.286041e-19  1.942657e-19 -1.681597e-20 -3.123841e-20 -4.633205e-20  1.177398e-19 -3.274720e-19  4.962088e-20 -4.146774e-20  3.012851e-19  8.080257e-20 -2.003868e-20 -5.876572e-20 -4.525767e-20 -4.077604e-19  3.112082e-19 -1.443471e-20  5.450407e-22  5.493648e-20  9.229732e-20 -1.254098e-19 -3.374138e-19  5.755190e-13
finished in 295 iterations (0.667 seconds total)
max viol = 1.10487e-07
