---------------------
Basis Indices:
---------------------

{-, -, -, -, -, -, -, -}, {-, -, -, -, -, -, -, -}, {-, -, -, -, -, -, -, -}, {-, -, -, -, -, -, -, -}, {-, -, -, -, -, -, -, -}, {-, -, -, -, -, -, -, -}, {-, -, -, -, -, -, -, -}, {-, -, -, -, -, -, -, -}


{-, -, -, -, -, -, -, -}, {-, 73+i521, 74+i522, 75+i523, 76+i524, 77+i525, 78+i526, 79+i527}, {-, 81+i529, 82+i530, 83+i531, 84+i532, 85+i533, 86+i534, 87+i535}, {-, 89+i537, 90+i538, 91+i539, 92+i540, 93+i541, 94+i542, 95+i543}, {-, 97+i545, 98+i546, 99+i547, 100+i548, 101+i549, 102+i550, 103+i551}, {-, 105+i553, 106+i554, 107+i555, 108+i556, 109+i557, 110+i558, 111+i559}, {}, {}


{-, 129+i577, 130+i578, 131+i579, 132+i580, 133+i581, 134+i582, 135+i583}, {}, {}, {}, {}, {}, {}, {}


{-, 193+i641, 194+i642, 195+i643, 196+i644, 197+i645, 198+i646, 199+i647}, {}, {}, {}, {}, {}, {}, {}


{-, 257+i705, 258+i706, 259+i707, 260+i708, 261+i709, 262+i710, 263+i711}, {}, {}, {}, {}, {}, {}, {}


{-, 321+i769, 322+i770, 323+i771, 324+i772, 325+i773, 326+i774, 327+i775}, {}, {}, {}, {}, {}, {}, {}


{-, 385+i833, 386+i834, 387+i835, 388+i836, 389+i837, 390+i838, 391+i839}, {}, {}, {}, {}, {}, {}, {}

---------------------
Index Mapping: 
---------------------

{961: 205, 960: 204, 959: 203, 958: 202, 957: 201, 956: 200, 955: 199, 954: 198, 953: 197, 952: 196, 951: 195, 950: 194, 949: 193, 948: 192, 947: 191, 946: 190, 945: 189, 944: 188, 943: 187, 942: 186, 941: 185, 940: 184, 939: 183, 938: 182, 937: 181, 936: 180, 935: 179, 934: 178, 933: 177, 932: 176, 931: 175, 930: 174, 929: 173, 928: 172, 927: 171, 926: 170, 925: 169, 924: 168, 923: 167, 922: 166, 921: 165, 920: 164, 919: 163, 918: 162, 917: 161, 916: 160, 915: 159, 914: 158, 913: 157, 912: 156, 911: 155, 910: 154, 909: 153, 908: 152, 907: 151, 897: 141, 896: 140, 833: 133, 770: 127, 771: 128, 257: 49, 198: 47, 963: 207, 706: 120, 772: 129, 258: 50, 111: 34, 110: 33, 109: 32, 108: 31, 107: 30, 106: 29, 262: 54, 906: 150, 135: 41, 85: 11, 775: 132, 261: 53, 899: 143, 385: 63, 642: 113, 769: 126, 84: 10, 774: 131, 260: 52, 898: 142, 641: 112, 83: 9, 773: 130, 259: 51, 900: 144, 129: 35, 643: 114, 386: 64, 82: 8, 199: 48, 81: 7, 835: 135, 321: 56, 578: 106, 962: 206, 705: 119, 79: 6, 837: 137, 580: 108, 323: 58, 834: 134, 577: 105, 78: 5, 836: 136, 579: 107, 322: 57, 77: 4, 76: 3, 197: 46, 711: 125, 105: 28, 964: 208, 707: 121, 193: 42, 75: 2, 326: 61, 583: 111, 196: 45, 710: 124, 74: 1, 839: 139, 325: 60, 582: 110, 195: 44, 709: 123, 103: 27, 263: 55, 901: 145, 130: 36, 387: 65, 644: 115, 86: 12, 73: 0, 327: 62, 838: 138, 324: 59, 581: 109, 965: 209, 194: 43, 708: 122, 102: 26, 87: 13, 89: 14, 90: 15, 91: 16, 92: 17, 93: 18, 94: 19, 95: 20, 97: 21, 98: 22, 99: 23, 100: 24, 101: 25, 905: 149, 134: 40, 391: 69, 902: 146, 131: 37, 388: 66, 645: 116, 521: 70, 522: 71, 523: 72, 524: 73, 525: 74, 526: 75, 527: 76, 529: 77, 530: 78, 531: 79, 532: 80, 533: 81, 534: 82, 535: 83, 537: 84, 538: 85, 539: 86, 540: 87, 541: 88, 542: 89, 543: 90, 545: 91, 546: 92, 547: 93, 548: 94, 549: 95, 550: 96, 551: 97, 553: 98, 554: 99, 555: 100, 556: 101, 557: 102, 558: 103, 559: 104, 903: 147, 389: 67, 132: 38, 646: 117, 904: 148, 133: 39, 390: 68, 647: 118}

---------------------
Final Problem: 
---------------------
Find a point satisfying:

1*{  3 10} + 1*{  6 13} + 1*{  5 12} + 1*{ 70 77} + 1*{  2  9} + 1*{ 76 83} + 1*{ 71 78} + 1*{ 73 80} + 1*{ 75 82} + 1*{  0  7} + 0.125*{} + 1*{  1  8} + 1*{ 74 81} + 1*{ 72 79} + 1*{  4 11} = 0 

-1*{ 12 75} + 1*{  6 83} + -1*{ 11 74} + -1*{  9 72} + 1*{  5 82} + 1*{  2 79} + 1*{  3 80} + -1*{ 13 76} + 1*{  1 78} + 1*{  4 81} + -1*{ 10 73} + 1*{  0 77} + -1*{  8 71} + -1*{  7 70} = 0 

1*{ 72 86} + 1*{  2 16} + 1*{ 70 84} + 1*{  3 17} + 1*{ 74 88} + 1*{  5 19} + 1*{ 76 90} + 1*{  4 18} + 1*{  1 15} + 1*{  0 14} + 1*{ 73 87} + 1*{  6 20} + 1*{ 71 85} + 1*{ 75 89} + 0.125*{} = 0 

1*{  6 90} + 1*{  5 89} + -1*{ 16 72} + -1*{ 20 76} + 1*{  1 85} + -1*{ 17 73} + -1*{ 18 74} + 1*{  0 84} + 1*{  3 87} + -1*{ 15 71} + -1*{ 19 75} + -1*{ 14 70} + 1*{  4 88} + 1*{  2 86} = 0 

1*{ 72 93} + 1*{  6 27} + 1*{ 74 95} + 1*{ 70 91} + 1*{ 76 97} + 1*{  2 23} + 1*{  5 26} + 0.125*{} + 1*{ 71 92} + 1*{ 75 96} + 1*{  0 21} + 1*{  4 25} + 1*{ 73 94} + 1*{  1 22} + 1*{  3 24} = 0 

-1*{ 24 73} + 1*{  4 95} + 1*{  1 92} + -1*{ 23 72} + -1*{ 21 70} + -1*{ 22 71} + 1*{  6 97} + 1*{  5 96} + 1*{  2 93} + -1*{ 25 74} + -1*{ 26 75} + -1*{ 27 76} + 1*{  3 94} + 1*{  0 91} = 0 

1*{ 72100} + 1*{ 71 99} + 1*{ 74102} + 1*{  6 34} + 1*{  1 29} + 1*{ 70 98} + 1*{  3 31} + 1*{  2 30} + 1*{ 73101} + 1*{  0 28} + 1*{  5 33} + 1*{ 76104} + 1*{ 75103} + 1*{  4 32} + 0.125*{} = 0 

-1*{ 29 71} + -1*{ 34 76} + 1*{  6104} + 1*{  4102} + 1*{  1 99} + 1*{  5103} + -1*{ 32 74} + 1*{  0 98} + -1*{ 31 73} + -1*{ 30 72} + 1*{  3101} + -1*{ 33 75} + 1*{  2100} + -1*{ 28 70} = 0 

-0.125*{} + 1*{141141} + 1*{140140} = 0 

1*{  3 38} + 1*{  2 37} + 1*{  0 35} + 1*{ 75110} + 1*{ 71106} + 0.125*{} + 1*{ 72107} + 1*{ 74109} + 1*{  4 39} + 1*{  6 41} + 1*{  5 40} + 1*{ 73108} + -1*{140} + 1*{  1 36} + 1*{ 76111} + 1*{ 70105} = 0 

1*{  5110} + -1*{141} + -1*{ 41 76} + -1*{ 36 71} + 1*{  4109} + 1*{  2107} + -1*{ 37 72} + 1*{  0105} + 1*{  3108} + 1*{  6111} + -1*{ 40 75} + -1*{ 39 74} + -1*{ 38 73} + -1*{ 35 70} + 1*{  1106} = 0 

-0.125*{} + 1*{143143} + 1*{142142} = 0 

-1*{142} + 1*{ 71113} + 1*{  6 48} + 0.125*{} + 1*{ 72114} + 1*{  4 46} + 1*{  1 43} + 1*{ 76118} + 1*{ 74116} + 1*{ 70112} + 1*{  2 44} + 1*{  5 47} + 1*{  0 42} + 1*{ 75117} + 1*{  3 45} + 1*{ 73115} = 0 

-1*{ 43 71} + -1*{ 45 73} + 1*{  5117} + -1*{ 44 72} + -1*{143} + -1*{ 42 70} + -1*{ 46 74} + 1*{  2114} + 1*{  4116} + -1*{ 47 75} + 1*{  6118} + 1*{  0112} + 1*{  1113} + -1*{ 48 76} + 1*{  3115} = 0 

-0.125*{} + 1*{145145} + 1*{144144} = 0 

1*{ 74123} + 1*{  0 49} + 1*{ 75124} + -1*{144} + 1*{  4 53} + 1*{  2 51} + 1*{  6 55} + 1*{  3 52} + 0.125*{} + 1*{  5 54} + 1*{ 70119} + 1*{ 76125} + 1*{ 72121} + 1*{ 73122} + 1*{ 71120} + 1*{  1 50} = 0 

1*{  6125} + 1*{  0119} + 1*{  1120} + -1*{ 49 70} + -1*{ 51 72} + 1*{  5124} + 1*{  2121} + 1*{  3122} + -1*{ 50 71} + -1*{ 54 75} + -1*{ 55 76} + -1*{145} + 1*{  4123} + -1*{ 52 73} + -1*{ 53 74} = 0 

1*{147147} + -0.125*{} + 1*{146146} = 0 

-1*{146} + 1*{ 73129} + 1*{  0 56} + 0.125*{} + 1*{  5 61} + 1*{ 70126} + 1*{  6 62} + 1*{  4 60} + 1*{ 71127} + 1*{  2 58} + 1*{  3 59} + 1*{ 76132} + 1*{ 72128} + 1*{ 74130} + 1*{  1 57} + 1*{ 75131} = 0 

-1*{ 59 73} + -1*{ 56 70} + -1*{ 62 76} + 1*{  6132} + 1*{  4130} + -1*{ 57 71} + 1*{  1127} + -1*{ 58 72} + 1*{  5131} + 1*{  2128} + 1*{  0126} + -1*{147} + -1*{ 61 75} + 1*{  3129} + -1*{ 60 74} = 0 

-0.125*{} + 1*{149149} + 1*{148148} = 0 

1*{ 72135} + 1*{  4 67} + 1*{ 71134} + 1*{  2 65} + 1*{ 75138} + 1*{ 70133} + 0.125*{} + 1*{ 73136} + 1*{ 76139} + -1*{148} + 1*{  5 68} + 1*{ 74137} + 1*{  6 69} + 1*{  1 64} + 1*{  0 63} + 1*{  3 66} = 0 

-1*{149} + 1*{  0133} + -1*{ 69 76} + 1*{  4137} + -1*{ 67 74} + 1*{  2135} + -1*{ 64 71} + 1*{  1134} + 1*{  6139} + 1*{  3136} + -1*{ 65 72} + 1*{  5138} + -1*{ 63 70} + -1*{ 68 75} + -1*{ 66 73} = 0 

-0.125*{} + 1*{ 70 70} + 1*{  0  0} = 0 

-0.125*{} + 1*{  1  1} + 1*{ 71 71} = 0 

-0.125*{} + 1*{ 72 72} + 1*{  2  2} = 0 

-0.125*{} + 1*{ 73 73} + 1*{  3  3} = 0 

-0.125*{} + 1*{ 74 74} + 1*{  4  4} = 0 

-0.125*{} + 1*{ 75 75} + 1*{  5  5} = 0 

-0.125*{} + 1*{ 76 76} + 1*{  6  6} = 0 

0.25*{  2  5} + 0.25*{  0  6} + 0.0883883*{  4} + 0.25*{  4  6} + 0.25*{ 71 74} + 0.25*{ 73 76} + 0.25*{  0  5} + 0.25*{ 73 74} + 0.25*{ 70 73} + 0.25*{  2  6} + 0.25*{ 73 75} + 0.0883883*{  6} + 0.25*{ 72 75} + 0.0883883*{  5} + 0.0883883*{  3} + 0.0883883*{  0} + 0.25*{  1  5} + 0.25*{  4  5} + 0.0883883*{  1} + 0.25*{  3  6} + 0.25*{ 70 75} + 0.25*{  3  5} + 0.25*{  2  4} + 0.25*{ 71 76} + 0.25*{ 70 71} + 0.25*{ 72 73} + 0.25*{  5  6} + 0.25*{  0  3} + 0.25*{ 71 72} + 0.25*{  1  4} + 0.25*{ 75 76} + 0.25*{ 74 75} + 0.25*{ 72 74} + 0.25*{  3  4} + 0.25*{  1  6} + 0.25*{  1  3} + 0.25*{ 72 76} + 0.25*{ 70 74} + 0.25*{ 70 72} + 0.25*{ 70 76} + 0.25*{  0  4} + 0.25*{ 71 75} + 0.25*{  1  2} + 0.25*{  2  3} + 0.25*{ 71 73} + 0.0883883*{  2} + 0.25*{ 74 76} + 0.25*{  0  1} + 0.25*{  0  2} = 0 

1*{  8 15} + 1*{ 82 89} + 1*{ 78 85} + 1*{ 81 88} + 1*{  9 16} + 1*{ 12 19} + 1*{ 13 20} + 1*{ 83 90} + 1*{ 79 86} + 1*{ 80 87} + 1*{  7 14} + 0.125*{} + 1*{ 11 18} + 1*{ 77 84} + 1*{ 10 17} = 0 

-1*{ 17 80} + -1*{ 19 82} + -1*{ 15 78} + 1*{ 10 87} + 1*{ 12 89} + 1*{  9 86} + 1*{  8 85} + 1*{  7 84} + 1*{ 13 90} + 1*{ 11 88} + -1*{ 16 79} + -1*{ 20 83} + -1*{ 18 81} + -1*{ 14 77} = 0 

1*{ 11 25} + 1*{  7 21} + 1*{ 82 96} + 1*{ 81 95} + 1*{ 13 27} + 1*{  8 22} + 1*{ 80 94} + 1*{ 78 92} + 1*{ 12 26} + 1*{ 83 97} + 1*{ 10 24} + 1*{ 79 93} + 1*{  9 23} + 1*{ 77 91} + 0.125*{} = 0 

1*{ 10 94} + -1*{ 27 83} + 1*{  9 93} + -1*{ 24 80} + -1*{ 26 82} + -1*{ 21 77} + 1*{  8 92} + -1*{ 23 79} + 1*{ 11 95} + -1*{ 22 78} + -1*{ 25 81} + 1*{  7 91} + 1*{ 13 97} + 1*{ 12 96} = 0 

1*{  7 28} + 1*{ 79100} + 0.125*{} + 1*{  9 30} + 1*{ 11 32} + 1*{ 10 31} + 1*{ 81102} + 1*{ 83104} + 1*{ 13 34} + 1*{ 82103} + 1*{ 77 98} + 1*{ 80101} + 1*{ 78 99} + 1*{ 12 33} + 1*{  8 29} = 0 

-1*{ 28 77} + 1*{  9100} + -1*{ 33 82} + -1*{ 30 79} + 1*{  8 99} + 1*{ 13104} + -1*{ 31 80} + -1*{ 29 78} + 1*{ 12103} + -1*{ 32 81} + 1*{ 10101} + -1*{ 34 83} + 1*{  7 98} + 1*{ 11102} = 0 

-0.125*{} + 1*{151151} + 1*{150150} = 0 

1*{ 78106} + 1*{  9 37} + 1*{ 12 40} + 1*{ 83111} + 1*{ 10 38} + 1*{ 79107} + 1*{  7 35} + 1*{ 82110} + -1*{150} + 1*{ 81109} + 1*{ 11 39} + 1*{  8 36} + 1*{ 77105} + 0.125*{} + 1*{ 80108} + 1*{ 13 41} = 0 

1*{ 11109} + 1*{  8106} + -1*{ 40 82} + -1*{ 41 83} + -1*{ 38 80} + -1*{ 37 79} + 1*{ 13111} + 1*{ 10108} + 1*{ 12110} + 1*{  9107} + -1*{ 36 78} + 1*{  7105} + -1*{ 35 77} + -1*{ 39 81} + -1*{151} = 0 

1*{153153} + -0.125*{} + 1*{152152} = 0 

1*{  9 44} + 1*{ 79114} + 1*{ 81116} + 1*{ 12 47} + 1*{ 78113} + 0.125*{} + 1*{ 83118} + 1*{ 13 48} + 1*{ 82117} + 1*{  7 42} + -1*{152} + 1*{ 10 45} + 1*{ 11 46} + 1*{ 77112} + 1*{  8 43} + 1*{ 80115} = 0 

-1*{ 48 83} + -1*{ 45 80} + 1*{  8113} + -1*{ 47 82} + -1*{ 42 77} + 1*{ 11116} + -1*{153} + -1*{ 43 78} + 1*{ 13118} + 1*{ 12117} + 1*{ 10115} + -1*{ 44 79} + 1*{  7112} + -1*{ 46 81} + 1*{  9114} = 0 

-0.125*{} + 1*{155155} + 1*{154154} = 0 

1*{ 10 52} + 1*{ 80122} + 1*{ 12 54} + 1*{ 78120} + 0.125*{} + 1*{ 13 55} + 1*{  9 51} + 1*{  8 50} + 1*{ 81123} + 1*{ 79121} + 1*{ 83125} + 1*{ 82124} + 1*{ 11 53} + -1*{154} + 1*{  7 49} + 1*{ 77119} = 0 

1*{  8120} + 1*{ 11123} + 1*{ 13125} + -1*{ 52 80} + -1*{ 49 77} + 1*{  9121} + -1*{ 53 81} + -1*{ 55 83} + 1*{ 10122} + -1*{ 54 82} + -1*{ 50 78} + -1*{ 51 79} + 1*{  7119} + -1*{155} + 1*{ 12124} = 0 

-0.125*{} + 1*{157157} + 1*{156156} = 0 

1*{ 13 62} + 1*{ 83132} + 1*{  8 57} + 1*{  7 56} + 1*{ 11 60} + -1*{156} + 1*{ 12 61} + 1*{ 81130} + 0.125*{} + 1*{ 80129} + 1*{ 82131} + 1*{ 79128} + 1*{  9 58} + 1*{ 10 59} + 1*{ 78127} + 1*{ 77126} = 0 

1*{ 13132} + -1*{ 60 81} + -1*{157} + 1*{ 10129} + -1*{ 61 82} + -1*{ 57 78} + 1*{ 12131} + 1*{  8127} + 1*{  9128} + -1*{ 56 77} + 1*{ 11130} + -1*{ 59 80} + -1*{ 62 83} + 1*{  7126} + -1*{ 58 79} = 0 

-0.125*{} + 1*{159159} + 1*{158158} = 0 

1*{ 12 68} + 1*{ 78134} + 1*{ 82138} + 1*{ 79135} + 1*{  9 65} + 0.125*{} + 1*{ 81137} + 1*{ 83139} + 1*{  8 64} + 1*{ 11 67} + 1*{  7 63} + 1*{ 80136} + 1*{ 13 69} + 1*{ 77133} + 1*{ 10 66} + -1*{158} = 0 

-1*{ 67 81} + -1*{ 68 82} + 1*{  9135} + -1*{ 65 79} + 1*{  8134} + -1*{ 69 83} + -1*{159} + 1*{ 10136} + 1*{ 13139} + -1*{ 64 78} + 1*{ 11137} + 1*{  7133} + -1*{ 66 80} + -1*{ 63 77} + 1*{ 12138} = 0 

-0.125*{} + 1*{  7  7} + 1*{ 77 77} = 0 

-0.125*{} + 1*{ 78 78} + 1*{  8  8} = 0 

1*{ 79 79} + 1*{  9  9} + -0.125*{} = 0 

-0.125*{} + 1*{ 80 80} + 1*{ 10 10} = 0 

-0.125*{} + 1*{ 81 81} + 1*{ 11 11} = 0 

-0.125*{} + 1*{ 82 82} + 1*{ 12 12} = 0 

-0.125*{} + 1*{ 83 83} + 1*{ 13 13} = 0 

0.25*{ 79 81} + 0.0883883*{ 13} + 0.0883883*{  7} + 0.25*{ 80 82} + 0.25*{ 78 80} + 0.25*{  7 10} + 0.25*{ 10 12} + 0.25*{ 77 80} + 0.25*{ 82 83} + 0.25*{ 81 82} + 0.25*{ 77 83} + 0.25*{ 78 81} + 0.25*{  9 10} + 0.25*{ 10 11} + 0.25*{ 78 82} + 0.25*{ 77 79} + 0.25*{ 79 83} + 0.25*{  8 10} + 0.25*{ 10 13} + 0.25*{ 79 82} + 0.25*{ 80 83} + 0.25*{ 77 81} + 0.25*{  7 11} + 0.25*{  7  9} + 0.25*{ 80 81} + 0.25*{  9 13} + 0.25*{  8 12} + 0.25*{  9 11} + 0.25*{  8 11} + 0.25*{ 77 78} + 0.25*{ 77 82} + 0.25*{  9 12} + 0.0883883*{ 12} + 0.25*{  8  9} + 0.25*{  7 12} + 0.0883883*{  8} + 0.25*{  7  8} + 0.25*{ 11 13} + 0.25*{  7 13} + 0.25*{ 79 80} + 0.25*{ 78 83} + 0.25*{ 78 79} + 0.0883883*{  9} + 0.25*{ 12 13} + 0.25*{ 81 83} + 0.0883883*{ 11} + 0.0883883*{ 10} + 0.25*{  8 13} + 0.25*{ 11 12} = 0 

1*{ 18 25} + 1*{ 86 93} + 1*{ 16 23} + 1*{ 17 24} + 1*{ 15 22} + 1*{ 89 96} + 1*{ 88 95} + 1*{ 14 21} + 1*{ 84 91} + 1*{ 90 97} + 1*{ 19 26} + 1*{ 85 92} + 1*{ 87 94} + 0.125*{} + 1*{ 20 27} = 0 

-1*{ 21 84} + -1*{ 26 89} + -1*{ 24 87} + 1*{ 18 95} + 1*{ 16 93} + -1*{ 27 90} + -1*{ 25 88} + 1*{ 15 92} + -1*{ 23 86} + 1*{ 14 91} + 1*{ 20 97} + 1*{ 19 96} + -1*{ 22 85} + 1*{ 17 94} = 0 

1*{ 14 28} + 1*{ 87101} + 1*{ 16 30} + 1*{ 17 31} + 1*{ 19 33} + 1*{ 85 99} + 1*{ 20 34} + 1*{ 89103} + 1*{ 86100} + 1*{ 84 98} + 0.125*{} + 1*{ 88102} + 1*{ 90104} + 1*{ 18 32} + 1*{ 15 29} = 0 

-1*{ 30 86} + -1*{ 34 90} + -1*{ 28 84} + 1*{ 19103} + 1*{ 20104} + -1*{ 33 89} + 1*{ 18102} + -1*{ 29 85} + -1*{ 31 87} + 1*{ 15 99} + 1*{ 16100} + 1*{ 17101} + 1*{ 14 98} + -1*{ 32 88} = 0 

-0.125*{} + 1*{161161} + 1*{160160} = 0 

1*{ 16 37} + 1*{ 17 38} + 1*{ 90111} + 1*{ 87108} + 1*{ 88109} + -1*{160} + 1*{ 86107} + 1*{ 19 40} + 1*{ 84105} + 1*{ 15 36} + 0.125*{} + 1*{ 14 35} + 1*{ 18 39} + 1*{ 85106} + 1*{ 20 41} + 1*{ 89110} = 0 

1*{ 18109} + -1*{ 37 86} + -1*{ 35 84} + 1*{ 19110} + -1*{ 39 88} + -1*{ 38 87} + -1*{ 40 89} + 1*{ 16107} + 1*{ 15106} + 1*{ 20111} + 1*{ 17108} + -1*{161} + 1*{ 14105} + -1*{ 41 90} + -1*{ 36 85} = 0 

-0.125*{} + 1*{163163} + 1*{162162} = 0 

1*{ 84112} + 1*{ 18 46} + 0.125*{} + 1*{ 88116} + 1*{ 86114} + 1*{ 17 45} + 1*{ 16 44} + 1*{ 89117} + 1*{ 14 42} + -1*{162} + 1*{ 87115} + 1*{ 85113} + 1*{ 90118} + 1*{ 20 48} + 1*{ 19 47} + 1*{ 15 43} = 0 

-1*{ 45 87} + -1*{ 44 86} + 1*{ 15113} + 1*{ 20118} + 1*{ 17115} + 1*{ 16114} + -1*{ 46 88} + -1*{163} + -1*{ 47 89} + -1*{ 43 85} + 1*{ 19117} + -1*{ 48 90} + -1*{ 42 84} + 1*{ 14112} + 1*{ 18116} = 0 

-0.125*{} + 1*{165165} + 1*{164164} = 0 

1*{ 87122} + 1*{ 85120} + 0.125*{} + 1*{ 14 49} + 1*{ 90125} + 1*{ 17 52} + 1*{ 20 55} + 1*{ 15 50} + 1*{ 84119} + 1*{ 86121} + -1*{164} + 1*{ 89124} + 1*{ 19 54} + 1*{ 18 53} + 1*{ 16 51} + 1*{ 88123} = 0 

1*{ 16121} + -1*{ 52 87} + -1*{165} + -1*{ 49 84} + -1*{ 51 86} + -1*{ 50 85} + -1*{ 54 89} + 1*{ 19124} + 1*{ 17122} + 1*{ 20125} + -1*{ 55 90} + 1*{ 14119} + -1*{ 53 88} + 1*{ 15120} + 1*{ 18123} = 0 

-0.125*{} + 1*{167167} + 1*{166166} = 0 

-1*{166} + 1*{ 88130} + 1*{ 18 60} + 1*{ 19 61} + 1*{ 20 62} + 1*{ 16 58} + 1*{ 90132} + 1*{ 14 56} + 1*{ 85127} + 1*{ 87129} + 1*{ 84126} + 1*{ 86128} + 1*{ 89131} + 1*{ 15 57} + 1*{ 17 59} + 0.125*{} = 0 

1*{ 18130} + -1*{ 60 88} + 1*{ 14126} + 1*{ 20132} + 1*{ 16128} + -1*{167} + -1*{ 58 86} + -1*{ 62 90} + -1*{ 61 89} + 1*{ 19131} + 1*{ 17129} + -1*{ 56 84} + 1*{ 15127} + -1*{ 59 87} + -1*{ 57 85} = 0 

-0.125*{} + 1*{168168} + 1*{169169} = 0 

1*{ 16 65} + 1*{ 89138} + 1*{ 84133} + 1*{ 85134} + 1*{ 14 63} + 1*{ 87136} + 0.125*{} + 1*{ 17 66} + 1*{ 86135} + 1*{ 20 69} + 1*{ 19 68} + 1*{ 90139} + -1*{168} + 1*{ 15 64} + 1*{ 18 67} + 1*{ 88137} = 0 

1*{ 16135} + 1*{ 15134} + -1*{ 67 88} + 1*{ 20139} + 1*{ 17136} + -1*{169} + -1*{ 65 86} + -1*{ 64 85} + 1*{ 14133} + -1*{ 69 90} + 1*{ 18137} + 1*{ 19138} + -1*{ 68 89} + -1*{ 66 87} + -1*{ 63 84} = 0 

1*{ 84 84} + -0.125*{} + 1*{ 14 14} = 0 

-0.125*{} + 1*{ 85 85} + 1*{ 15 15} = 0 

-0.125*{} + 1*{ 86 86} + 1*{ 16 16} = 0 

-0.125*{} + 1*{ 87 87} + 1*{ 17 17} = 0 

-0.125*{} + 1*{ 88 88} + 1*{ 18 18} = 0 

-0.125*{} + 1*{ 89 89} + 1*{ 19 19} = 0 

-0.125*{} + 1*{ 90 90} + 1*{ 20 20} = 0 

0.25*{ 14 16} + 0.25*{ 86 87} + 0.25*{ 16 18} + 0.0883883*{ 17} + 0.25*{ 86 88} + 0.25*{ 14 20} + 0.25*{ 84 86} + 0.25*{ 87 89} + 0.25*{ 84 85} + 0.25*{ 89 90} + 0.25*{ 85 86} + 0.25*{ 14 18} + 0.25*{ 16 20} + 0.25*{ 84 88} + 0.25*{ 15 16} + 0.25*{ 15 18} + 0.0883883*{ 16} + 0.25*{ 86 90} + 0.25*{ 17 20} + 0.25*{ 85 88} + 0.25*{ 15 20} + 0.25*{ 85 90} + 0.0883883*{ 18} + 0.25*{ 19 20} + 0.25*{ 18 20} + 0.25*{ 86 89} + 0.25*{ 85 87} + 0.25*{ 17 18} + 0.25*{ 15 17} + 0.25*{ 85 89} + 0.0883883*{ 14} + 0.25*{ 87 88} + 0.25*{ 87 90} + 0.0883883*{ 20} + 0.25*{ 17 19} + 0.25*{ 14 17} + 0.0883883*{ 15} + 0.25*{ 84 90} + 0.0883883*{ 19} + 0.25*{ 88 90} + 0.25*{ 84 87} + 0.25*{ 16 17} + 0.25*{ 16 19} + 0.25*{ 14 15} + 0.25*{ 84 89} + 0.25*{ 14 19} + 0.25*{ 18 19} + 0.25*{ 88 89} + 0.25*{ 15 19} = 0 

1*{ 92 99} + 1*{ 95102} + 1*{ 93100} + 1*{ 23 30} + 1*{ 26 33} + 1*{ 24 31} + 1*{ 25 32} + 1*{ 22 29} + 1*{ 21 28} + 1*{ 91 98} + 1*{ 96103} + 1*{ 97104} + 1*{ 94101} + 1*{ 27 34} + 0.125*{} = 0 

1*{ 22 99} + -1*{ 30 93} + 1*{ 27104} + 1*{ 21 98} + 1*{ 23100} + -1*{ 32 95} + 1*{ 24101} + -1*{ 31 94} + 1*{ 25102} + 1*{ 26103} + -1*{ 34 97} + -1*{ 29 92} + -1*{ 33 96} + -1*{ 28 91} = 0 

-0.125*{} + 1*{171171} + 1*{170170} = 0 

0.125*{} + 1*{ 95109} + 1*{ 92106} + 1*{ 94108} + 1*{ 24 38} + 1*{ 93107} + 1*{ 26 40} + 1*{ 96110} + 1*{ 21 35} + 1*{ 91105} + 1*{ 97111} + 1*{ 27 41} + -1*{170} + 1*{ 23 37} + 1*{ 25 39} + 1*{ 22 36} = 0 

-1*{ 35 91} + -1*{171} + 1*{ 26110} + 1*{ 22106} + -1*{ 39 95} + -1*{ 37 93} + 1*{ 23107} + 1*{ 27111} + 1*{ 21105} + -1*{ 38 94} + -1*{ 40 96} + 1*{ 25109} + 1*{ 24108} + -1*{ 36 92} + -1*{ 41 97} = 0 

-0.125*{} + 1*{173173} + 1*{172172} = 0 

0.125*{} + 1*{ 22 43} + 1*{ 23 44} + 1*{ 21 42} + 1*{ 27 48} + 1*{ 93114} + 1*{ 25 46} + 1*{ 96117} + 1*{ 26 47} + 1*{ 95116} + 1*{ 92113} + 1*{ 24 45} + 1*{ 94115} + 1*{ 91112} + -1*{172} + 1*{ 97118} = 0 

-1*{ 48 97} + 1*{ 25116} + -1*{173} + 1*{ 23114} + 1*{ 24115} + -1*{ 45 94} + 1*{ 26117} + -1*{ 47 96} + 1*{ 27118} + 1*{ 22113} + -1*{ 44 93} + -1*{ 42 91} + 1*{ 21112} + -1*{ 46 95} + -1*{ 43 92} = 0 

-0.125*{} + 1*{175175} + 1*{174174} = 0 

0.125*{} + 1*{ 26 54} + 1*{ 21 49} + 1*{ 22 50} + 1*{ 27 55} + 1*{ 94122} + 1*{ 95123} + 1*{ 24 52} + 1*{ 97125} + 1*{ 23 51} + 1*{ 91119} + -1*{174} + 1*{ 25 53} + 1*{ 93121} + 1*{ 92120} + 1*{ 96124} = 0 

1*{ 24122} + -1*{ 55 97} + 1*{ 23121} + -1*{175} + -1*{ 53 95} + 1*{ 25123} + 1*{ 27125} + -1*{ 52 94} + -1*{ 50 92} + 1*{ 26124} + -1*{ 51 93} + 1*{ 21119} + -1*{ 54 96} + 1*{ 22120} + -1*{ 49 91} = 0 

-0.125*{} + 1*{177177} + 1*{176176} = 0 

1*{ 94129} + 1*{ 21 56} + 1*{ 91126} + 1*{ 95130} + 1*{ 27 62} + 1*{ 97132} + 1*{ 24 59} + 1*{ 26 61} + 1*{ 22 57} + 0.125*{} + 1*{ 92127} + 1*{ 93128} + 1*{ 23 58} + -1*{176} + 1*{ 25 60} + 1*{ 96131} = 0 

-1*{ 58 93} + -1*{ 59 94} + -1*{177} + 1*{ 26131} + 1*{ 23128} + -1*{ 61 96} + -1*{ 57 92} + 1*{ 27132} + 1*{ 22127} + -1*{ 62 97} + 1*{ 24129} + -1*{ 56 91} + 1*{ 21126} + 1*{ 25130} + -1*{ 60 95} = 0 

-0.125*{} + 1*{179179} + 1*{178178} = 0 

1*{ 25 67} + -1*{178} + 1*{ 27 69} + 1*{ 92134} + 1*{ 23 65} + 1*{ 96138} + 0.125*{} + 1*{ 97139} + 1*{ 91133} + 1*{ 26 68} + 1*{ 94136} + 1*{ 24 66} + 1*{ 93135} + 1*{ 22 64} + 1*{ 95137} + 1*{ 21 63} = 0 

-1*{ 67 95} + -1*{ 68 96} + -1*{ 66 94} + 1*{ 27139} + 1*{ 23135} + 1*{ 21133} + -1*{ 69 97} + 1*{ 25137} + -1*{ 63 91} + 1*{ 24136} + 1*{ 22134} + -1*{ 64 92} + -1*{ 65 93} + -1*{179} + 1*{ 26138} = 0 

-0.125*{} + 1*{ 91 91} + 1*{ 21 21} = 0 

-0.125*{} + 1*{ 92 92} + 1*{ 22 22} = 0 

-0.125*{} + 1*{ 93 93} + 1*{ 23 23} = 0 

-0.125*{} + 1*{ 94 94} + 1*{ 24 24} = 0 

-0.125*{} + 1*{ 95 95} + 1*{ 25 25} = 0 

-0.125*{} + 1*{ 96 96} + 1*{ 26 26} = 0 

-0.125*{} + 1*{ 97 97} + 1*{ 27 27} = 0 

0.0883883*{ 24} + 0.25*{ 91 96} + 0.25*{ 91 92} + 0.25*{ 95 96} + 0.25*{ 95 97} + 0.25*{ 92 93} + 0.25*{ 93 96} + 0.0883883*{ 21} + 0.0883883*{ 23} + 0.25*{ 23 25} + 0.25*{ 22 26} + 0.25*{ 94 97} + 0.0883883*{ 22} + 0.25*{ 21 23} + 0.25*{ 92 94} + 0.25*{ 24 25} + 0.25*{ 22 25} + 0.25*{ 23 27} + 0.25*{ 91 93} + 0.0883883*{ 27} + 0.25*{ 92 95} + 0.25*{ 92 97} + 0.25*{ 96 97} + 0.25*{ 24 27} + 0.25*{ 91 94} + 0.25*{ 21 24} + 0.25*{ 25 26} + 0.25*{ 22 27} + 0.0883883*{ 25} + 0.25*{ 21 27} + 0.25*{ 94 95} + 0.25*{ 22 24} + 0.25*{ 21 25} + 0.0883883*{ 26} + 0.25*{ 23 24} + 0.25*{ 26 27} + 0.25*{ 92 96} + 0.25*{ 94 96} + 0.25*{ 91 97} + 0.25*{ 24 26} + 0.25*{ 93 95} + 0.25*{ 21 22} + 0.25*{ 93 94} + 0.25*{ 21 26} + 0.25*{ 93 97} + 0.25*{ 91 95} + 0.25*{ 25 27} + 0.25*{ 22 23} + 0.25*{ 23 26} = 0 

-0.125*{} + 1*{181181} + 1*{180180} = 0 

1*{103110} + 1*{ 29 36} + 1*{ 98105} + 1*{ 28 35} + 0.125*{} + 1*{ 99106} + 1*{102109} + 1*{ 31 38} + -1*{180} + 1*{101108} + 1*{ 33 40} + 1*{100107} + 1*{ 32 39} + 1*{ 34 41} + 1*{ 30 37} + 1*{104111} = 0 

1*{ 33110} + -1*{181} + 1*{ 34111} + 1*{ 29106} + 1*{ 31108} + 1*{ 28105} + 1*{ 30107} + -1*{ 37100} + -1*{ 40103} + -1*{ 36 99} + -1*{ 41104} + -1*{ 35 98} + -1*{ 38101} + -1*{ 39102} + 1*{ 32109} = 0 

-0.125*{} + 1*{183183} + 1*{182182} = 0 

1*{ 34 48} + 1*{100114} + 1*{ 32 46} + 1*{ 28 42} + 1*{ 30 44} + 0.125*{} + 1*{104118} + 1*{103117} + 1*{101115} + 1*{102116} + 1*{ 33 47} + 1*{ 98112} + 1*{ 31 45} + -1*{182} + 1*{ 29 43} + 1*{ 99113} = 0 

-1*{ 45101} + 1*{ 28112} + 1*{ 31115} + 1*{ 34118} + 1*{ 33117} + -1*{ 48104} + -1*{ 44100} + -1*{ 42 98} + 1*{ 32116} + -1*{ 43 99} + -1*{ 46102} + 1*{ 30114} + -1*{ 47103} + 1*{ 29113} + -1*{183} = 0 

-0.125*{} + 1*{185185} + 1*{184184} = 0 

1*{ 98119} + 1*{ 32 53} + 1*{ 28 49} + 1*{ 33 54} + 0.125*{} + 1*{ 29 50} + -1*{184} + 1*{102123} + 1*{101122} + 1*{ 30 51} + 1*{103124} + 1*{ 31 52} + 1*{100121} + 1*{104125} + 1*{ 34 55} + 1*{ 99120} = 0 

-1*{ 55104} + 1*{ 31122} + -1*{ 54103} + 1*{ 34125} + -1*{ 50 99} + -1*{ 49 98} + -1*{ 53102} + -1*{185} + -1*{ 51100} + 1*{ 28119} + 1*{ 32123} + -1*{ 52101} + 1*{ 29120} + 1*{ 30121} + 1*{ 33124} = 0 

1*{187187} + -0.125*{} + 1*{186186} = 0 

1*{ 98126} + 0.125*{} + 1*{102130} + 1*{104132} + 1*{ 28 56} + -1*{186} + 1*{ 34 62} + 1*{103131} + 1*{ 31 59} + 1*{101129} + 1*{ 99127} + 1*{ 32 60} + 1*{ 33 61} + 1*{ 30 58} + 1*{100128} + 1*{ 29 57} = 0 

1*{ 31129} + 1*{ 33131} + 1*{ 34132} + -1*{ 58100} + 1*{ 30128} + 1*{ 32130} + -1*{ 59101} + -1*{ 60102} + -1*{187} + -1*{ 62104} + 1*{ 29127} + -1*{ 61103} + -1*{ 57 99} + -1*{ 56 98} + 1*{ 28126} = 0 

-0.125*{} + 1*{189189} + 1*{188188} = 0 

1*{ 99134} + 1*{ 30 65} + 1*{ 29 64} + 1*{ 34 69} + 1*{103138} + 1*{ 28 63} + 1*{104139} + 1*{ 31 66} + 1*{102137} + 1*{100135} + 1*{101136} + -1*{188} + 1*{ 98133} + 1*{ 32 67} + 1*{ 33 68} + 0.125*{} = 0 

1*{ 32137} + -1*{ 68103} + 1*{ 33138} + 1*{ 28133} + 1*{ 29134} + -1*{ 63 98} + 1*{ 30135} + -1*{189} + 1*{ 34139} + -1*{ 69104} + -1*{ 64 99} + -1*{ 67102} + -1*{ 66101} + 1*{ 31136} + -1*{ 65100} = 0 

-0.125*{} + 1*{ 98 98} + 1*{ 28 28} = 0 

1*{ 99 99} + -0.125*{} + 1*{ 29 29} = 0 

-0.125*{} + 1*{100100} + 1*{ 30 30} = 0 

1*{101101} + -0.125*{} + 1*{ 31 31} = 0 

-0.125*{} + 1*{102102} + 1*{ 32 32} = 0 

-0.125*{} + 1*{ 33 33} + 1*{103103} = 0 

-0.125*{} + 1*{104104} + 1*{ 34 34} = 0 

0.25*{ 31 34} + 0.25*{102103} + 0.25*{ 32 33} + 0.25*{ 29 31} + 0.0883883*{ 34} + 0.25*{ 30 34} + 0.25*{ 28 31} + 0.0883883*{ 32} + 0.25*{101104} + 0.25*{ 29 34} + 0.25*{ 29 32} + 0.25*{100103} + 0.0883883*{ 30} + 0.25*{102104} + 0.0883883*{ 28} + 0.25*{ 29 30} + 0.25*{ 32 34} + 0.25*{ 99102} + 0.25*{ 31 32} + 0.25*{ 98104} + 0.25*{ 99103} + 0.25*{ 28 32} + 0.25*{101103} + 0.25*{ 98102} + 0.25*{ 29 33} + 0.25*{ 28 33} + 0.25*{ 98 99} + 0.25*{ 99100} + 0.25*{103104} + 0.25*{ 28 30} + 0.25*{ 30 32} + 0.25*{ 30 33} + 0.25*{ 98103} + 0.25*{100102} + 0.25*{ 99104} + 0.0883883*{ 31} + 0.25*{ 98100} + 0.25*{ 30 31} + 0.25*{ 28 29} + 0.25*{ 28 34} + 0.25*{ 33 34} + 0.0883883*{ 33} + 0.25*{ 98101} + 0.25*{100101} + 0.25*{101102} + 0.0883883*{ 29} + 0.25*{100104} + 0.25*{ 31 33} + 0.25*{ 99101} = 0 

-0.125*{} + 1*{191191} + 1*{190190} = 0 

1*{ 40 47} + 1*{111118} + 0.125*{} + 1*{110117} + 1*{ 37 44} + 1*{ 36 43} + 1*{ 41 48} + 1*{108115} + 1*{ 38 45} + 1*{ 35 42} + 1*{106113} + 1*{109116} + 1*{105112} + 1*{ 39 46} + -1*{190} + 1*{107114} = 0 

-1*{ 43106} + 1*{ 35112} + -1*{ 48111} + -1*{ 44107} + 1*{ 40117} + 1*{ 41118} + -1*{ 47110} + 1*{ 39116} + 1*{ 37114} + -1*{ 45108} + -1*{ 46109} + 1*{ 38115} + 1*{ 36113} + -1*{191} + -1*{ 42105} = 0 

-0.125*{} + 1*{193193} + 1*{192192} = 0 

1*{106120} + 1*{111125} + 1*{ 35 49} + 1*{ 41 55} + 1*{110124} + 1*{107121} + 1*{105119} + 0.125*{} + 1*{ 39 53} + -1*{192} + 1*{109123} + 1*{ 37 51} + 1*{ 36 50} + 1*{108122} + 1*{ 40 54} + 1*{ 38 52} = 0 

1*{ 39123} + 1*{ 36120} + -1*{ 51107} + -1*{ 55111} + 1*{ 38122} + 1*{ 40124} + -1*{ 54110} + -1*{ 50106} + 1*{ 35119} + -1*{ 52108} + 1*{ 37121} + -1*{ 49105} + 1*{ 41125} + -1*{ 53109} + -1*{193} = 0 

-0.125*{} + 1*{195195} + 1*{194194} = 0 

0.125*{} + 1*{ 40 61} + 1*{ 35 56} + 1*{ 41 62} + 1*{109130} + 1*{ 38 59} + 1*{111132} + -1*{194} + 1*{108129} + 1*{106127} + 1*{ 36 57} + 1*{ 37 58} + 1*{105126} + 1*{ 39 60} + 1*{110131} + 1*{107128} = 0 

1*{ 35126} + -1*{ 56105} + 1*{ 41132} + 1*{ 38129} + 1*{ 36127} + -1*{ 62111} + 1*{ 39130} + -1*{ 58107} + -1*{ 61110} + -1*{ 59108} + -1*{ 57106} + -1*{195} + -1*{ 60109} + 1*{ 40131} + 1*{ 37128} = 0 

-0.125*{} + 1*{197197} + 1*{196196} = 0 

1*{108136} + 1*{105133} + 1*{ 35 63} + 1*{111139} + -1*{196} + 1*{ 39 67} + 1*{ 41 69} + 1*{ 38 66} + 1*{109137} + 1*{ 37 65} + 0.125*{} + 1*{ 36 64} + 1*{107135} + 1*{106134} + 1*{110138} + 1*{ 40 68} = 0 

1*{ 38136} + -1*{ 63105} + -1*{197} + 1*{ 39137} + 1*{ 37135} + -1*{ 64106} + -1*{ 66108} + -1*{ 68110} + -1*{ 65107} + -1*{ 67109} + 1*{ 40138} + 1*{ 36134} + 1*{ 41139} + 1*{ 35133} + -1*{ 69111} = 0 

-0.125*{} + 1*{105105} + 1*{ 35 35} = 0 

-0.125*{} + 1*{106106} + 1*{ 36 36} = 0 

-0.125*{} + 1*{107107} + 1*{ 37 37} = 0 

-0.125*{} + 1*{ 38 38} + 1*{108108} = 0 

-0.125*{} + 1*{109109} + 1*{ 39 39} = 0 

-0.125*{} + 1*{110110} + 1*{ 40 40} = 0 

-0.125*{} + 1*{111111} + 1*{ 41 41} = 0 

0.25*{107109} + 0.25*{ 36 39} + 0.25*{108109} + 0.25*{108111} + 0.25*{ 38 41} + 0.25*{106108} + 0.25*{105109} + 0.25*{ 36 41} + 0.25*{107111} + 0.25*{ 35 38} + 0.0883883*{ 37} + 0.25*{105106} + 0.25*{105108} + 0.25*{108110} + 0.25*{ 36 37} + 0.0883883*{ 41} + 0.25*{ 35 40} + 0.25*{106111} + 0.25*{107110} + 0.0883883*{ 40} + 0.0883883*{ 35} + 0.25*{ 35 37} + 0.25*{ 36 40} + 0.25*{ 35 41} + 0.25*{105110} + 0.25*{ 39 40} + 0.0883883*{ 38} + 0.25*{105111} + 0.0883883*{ 39} + 0.0883883*{ 36} + 0.25*{ 40 41} + 0.25*{ 37 40} + 0.25*{105107} + 0.25*{ 36 38} + 0.25*{110111} + 0.25*{ 37 38} + 0.25*{ 35 36} + 0.25*{106110} + 0.25*{ 37 41} + 0.25*{ 39 41} + 0.25*{109111} + 0.25*{106107} + 0.25*{107108} + 0.25*{ 37 39} + 0.25*{106109} + 0.25*{109110} + 0.25*{ 35 39} + 0.25*{ 38 39} + 0.25*{ 38 40} = 0 

-0.125*{} + 1*{199199} + 1*{198198} = 0 

1*{113120} + 1*{ 48 55} + 1*{112119} + 1*{ 42 49} + 1*{ 47 54} + 1*{118125} + 1*{ 45 52} + 1*{117124} + 1*{116123} + 1*{114121} + 0.125*{} + 1*{115122} + 1*{ 43 50} + 1*{ 44 51} + 1*{ 46 53} + -1*{198} = 0 

-1*{ 51114} + -1*{ 54117} + -1*{ 49112} + -1*{ 52115} + -1*{ 55118} + -1*{ 50113} + 1*{ 42119} + 1*{ 47124} + -1*{199} + 1*{ 45122} + -1*{ 53116} + 1*{ 48125} + 1*{ 44121} + 1*{ 46123} + 1*{ 43120} = 0 

-0.125*{} + 1*{201201} + 1*{200200} = 0 

1*{115129} + 1*{ 43 57} + 1*{ 44 58} + 1*{ 42 56} + 0.125*{} + 1*{112126} + 1*{116130} + 1*{117131} + 1*{ 45 59} + 1*{ 48 62} + 1*{ 46 60} + 1*{118132} + 1*{114128} + 1*{113127} + -1*{200} + 1*{ 47 61} = 0 

1*{ 45129} + -1*{ 57113} + -1*{ 60116} + -1*{ 62118} + -1*{ 61117} + 1*{ 48132} + 1*{ 43127} + 1*{ 46130} + 1*{ 42126} + -1*{201} + -1*{ 56112} + -1*{ 59115} + 1*{ 44128} + -1*{ 58114} + 1*{ 47131} = 0 

-0.125*{} + 1*{203203} + 1*{202202} = 0 

1*{112133} + 1*{ 44 65} + 1*{ 48 69} + 1*{115136} + 1*{ 46 67} + 1*{117138} + 1*{ 45 66} + 1*{ 47 68} + 1*{113134} + -1*{202} + 1*{ 42 63} + 1*{118139} + 1*{114135} + 1*{ 43 64} + 0.125*{} + 1*{116137} = 0 

-1*{ 68117} + 1*{ 46137} + 1*{ 48139} + 1*{ 45136} + -1*{203} + -1*{ 63112} + -1*{ 69118} + -1*{ 65114} + 1*{ 47138} + -1*{ 66115} + 1*{ 43134} + 1*{ 44135} + -1*{ 64113} + 1*{ 42133} + -1*{ 67116} = 0 

-0.125*{} + 1*{112112} + 1*{ 42 42} = 0 

-0.125*{} + 1*{113113} + 1*{ 43 43} = 0 

1*{114114} + -0.125*{} + 1*{ 44 44} = 0 

-0.125*{} + 1*{115115} + 1*{ 45 45} = 0 

-0.125*{} + 1*{116116} + 1*{ 46 46} = 0 

-0.125*{} + 1*{117117} + 1*{ 47 47} = 0 

-0.125*{} + 1*{ 48 48} + 1*{118118} = 0 

0.25*{ 42 45} + 0.25*{114118} + 0.25*{115118} + 0.25*{114115} + 0.25*{ 42 44} + 0.25*{ 47 48} + 0.25*{114117} + 0.25*{113115} + 0.25*{ 43 47} + 0.25*{ 43 48} + 0.25*{ 42 43} + 0.25*{ 45 47} + 0.25*{116117} + 0.0883883*{ 45} + 0.25*{ 42 48} + 0.0883883*{ 47} + 0.25*{112115} + 0.25*{ 43 44} + 0.25*{112118} + 0.25*{115117} + 0.25*{ 46 48} + 0.25*{117118} + 0.0883883*{ 43} + 0.25*{113118} + 0.25*{112116} + 0.25*{112113} + 0.25*{116118} + 0.25*{ 43 45} + 0.25*{113114} + 0.25*{114116} + 0.25*{ 44 46} + 0.25*{112114} + 0.25*{ 45 46} + 0.25*{112117} + 0.25*{ 43 46} + 0.25*{ 44 47} + 0.25*{ 46 47} + 0.25*{113117} + 0.0883883*{ 42} + 0.0883883*{ 46} + 0.25*{ 44 45} + 0.25*{ 45 48} + 0.25*{ 44 48} + 0.25*{115116} + 0.25*{113116} + 0.25*{ 42 47} + 0.0883883*{ 44} + 0.25*{ 42 46} + 0.0883883*{ 48} = 0 

-0.125*{} + 1*{205205} + 1*{204204} = 0 

1*{122129} + 1*{119126} + 1*{ 52 59} + 1*{ 54 61} + 1*{123130} + 1*{120127} + 0.125*{} + 1*{ 55 62} + 1*{ 51 58} + 1*{121128} + 1*{125132} + 1*{ 53 60} + 1*{ 50 57} + -1*{204} + 1*{124131} + 1*{ 49 56} = 0 

-1*{ 60123} + -1*{ 56119} + 1*{ 51128} + -1*{ 61124} + 1*{ 52129} + 1*{ 55132} + 1*{ 53130} + 1*{ 54131} + -1*{ 59122} + 1*{ 50127} + -1*{ 57120} + -1*{ 62125} + -1*{ 58121} + -1*{205} + 1*{ 49126} = 0 

1*{207207} + -0.125*{} + 1*{206206} = 0 

1*{ 50 64} + 1*{ 49 63} + 0.125*{} + -1*{206} + 1*{ 53 67} + 1*{122136} + 1*{120134} + 1*{ 51 65} + 1*{ 55 69} + 1*{ 54 68} + 1*{123137} + 1*{119133} + 1*{125139} + 1*{124138} + 1*{121135} + 1*{ 52 66} = 0 

-1*{ 64120} + -1*{ 69125} + 1*{ 51135} + 1*{ 49133} + 1*{ 50134} + -1*{ 68124} + -1*{ 63119} + 1*{ 52136} + -1*{207} + 1*{ 53137} + 1*{ 54138} + -1*{ 67123} + -1*{ 65121} + -1*{ 66122} + 1*{ 55139} = 0 

-0.125*{} + 1*{119119} + 1*{ 49 49} = 0 

-0.125*{} + 1*{120120} + 1*{ 50 50} = 0 

-0.125*{} + 1*{121121} + 1*{ 51 51} = 0 

-0.125*{} + 1*{122122} + 1*{ 52 52} = 0 

-0.125*{} + 1*{ 53 53} + 1*{123123} = 0 

-0.125*{} + 1*{124124} + 1*{ 54 54} = 0 

-0.125*{} + 1*{125125} + 1*{ 55 55} = 0 

0.25*{ 49 55} + 0.25*{120124} + 0.25*{ 53 55} + 0.25*{ 49 51} + 0.25*{120125} + 0.25*{ 53 54} + 0.25*{ 50 55} + 0.25*{ 50 52} + 0.25*{ 52 55} + 0.25*{119120} + 0.25*{ 51 53} + 0.25*{119123} + 0.25*{120123} + 0.25*{119125} + 0.25*{121123} + 0.25*{ 51 54} + 0.25*{122123} + 0.25*{ 49 52} + 0.25*{ 50 53} + 0.25*{123124} + 0.25*{123125} + 0.25*{119124} + 0.25*{ 49 54} + 0.25*{ 50 51} + 0.25*{ 54 55} + 0.0883883*{ 52} + 0.25*{ 51 55} + 0.0883883*{ 54} + 0.25*{ 50 54} + 0.25*{ 49 53} + 0.25*{119121} + 0.25*{122125} + 0.25*{122124} + 0.25*{121122} + 0.25*{120121} + 0.25*{ 51 52} + 0.25*{121124} + 0.25*{ 49 50} + 0.25*{121125} + 0.0883883*{ 49} + 0.0883883*{ 51} + 0.0883883*{ 53} + 0.25*{119122} + 0.25*{ 52 53} + 0.25*{124125} + 0.0883883*{ 55} + 0.0883883*{ 50} + 0.25*{120122} + 0.25*{ 52 54} = 0 

-0.125*{} + 1*{208208} + 1*{209209} = 0 

1*{ 60 67} + 1*{126133} + 1*{131138} + 1*{130137} + 0.125*{} + 1*{ 57 64} + 1*{127134} + -1*{208} + 1*{132139} + 1*{ 56 63} + 1*{ 58 65} + 1*{ 59 66} + 1*{ 62 69} + 1*{129136} + 1*{128135} + 1*{ 61 68} = 0 

-1*{ 66129} + -1*{209} + 1*{ 59136} + 1*{ 57134} + -1*{ 69132} + -1*{ 67130} + 1*{ 61138} + -1*{ 68131} + 1*{ 58135} + -1*{ 63126} + 1*{ 62139} + 1*{ 60137} + -1*{ 64127} + -1*{ 65128} + 1*{ 56133} = 0 

-0.125*{} + 1*{126126} + 1*{ 56 56} = 0 

1*{127127} + -0.125*{} + 1*{ 57 57} = 0 

-0.125*{} + 1*{ 58 58} + 1*{128128} = 0 

-0.125*{} + 1*{129129} + 1*{ 59 59} = 0 

-0.125*{} + 1*{130130} + 1*{ 60 60} = 0 

-0.125*{} + 1*{131131} + 1*{ 61 61} = 0 

-0.125*{} + 1*{132132} + 1*{ 62 62} = 0 

0.25*{129131} + 0.25*{ 56 62} + 0.25*{126130} + 0.25*{130132} + 0.25*{ 59 62} + 0.25*{126127} + 0.25*{ 58 59} + 0.25*{127130} + 0.25*{ 57 61} + 0.25*{128129} + 0.25*{ 58 61} + 0.0883883*{ 61} + 0.25*{ 57 59} + 0.25*{127129} + 0.25*{128131} + 0.25*{127132} + 0.25*{130131} + 0.25*{127128} + 0.25*{ 57 62} + 0.0883883*{ 56} + 0.0883883*{ 58} + 0.25*{ 56 59} + 0.25*{ 56 57} + 0.25*{126132} + 0.25*{126128} + 0.25*{129132} + 0.25*{131132} + 0.25*{ 57 58} + 0.0883883*{ 60} + 0.25*{126131} + 0.25*{ 56 61} + 0.0883883*{ 59} + 0.25*{127131} + 0.25*{126129} + 0.25*{128132} + 0.25*{128130} + 0.25*{129130} + 0.25*{ 58 62} + 0.25*{ 59 61} + 0.25*{ 59 60} + 0.25*{ 60 62} + 0.25*{ 57 60} + 0.25*{ 56 60} + 0.0883883*{ 62} + 0.25*{ 56 58} + 0.0883883*{ 57} + 0.25*{ 61 62} + 0.25*{ 58 60} + 0.25*{ 60 61} = 0 

-0.125*{} + 1*{133133} + 1*{ 63 63} = 0 

-0.125*{} + 1*{134134} + 1*{ 64 64} = 0 

-0.125*{} + 1*{135135} + 1*{ 65 65} = 0 

-0.125*{} + 1*{136136} + 1*{ 66 66} = 0 

-0.125*{} + 1*{137137} + 1*{ 67 67} = 0 

-0.125*{} + 1*{138138} + 1*{ 68 68} = 0 

-0.125*{} + 1*{139139} + 1*{ 69 69} = 0 

0.25*{ 65 67} + 0.25*{133139} + 0.25*{137139} + 0.25*{134137} + 0.25*{133135} + 0.25*{ 66 69} + 0.25*{135138} + 0.25*{ 63 67} + 0.25*{ 63 68} + 0.25*{ 64 68} + 0.25*{134138} + 0.25*{ 65 66} + 0.0883883*{ 63} + 0.25*{134135} + 0.25*{ 64 67} + 0.25*{133138} + 0.25*{ 63 64} + 0.0883883*{ 65} + 0.25*{ 63 66} + 0.25*{ 65 69} + 0.25*{ 66 68} + 0.25*{ 65 68} + 0.0883883*{ 68} + 0.0883883*{ 64} + 0.25*{ 67 68} + 0.25*{137138} + 0.25*{136139} + 0.25*{ 67 69} + 0.25*{138139} + 0.25*{ 63 65} + 0.25*{ 64 65} + 0.25*{ 63 69} + 0.25*{133137} + 0.25*{133136} + 0.25*{ 64 69} + 0.0883883*{ 66} + 0.25*{ 66 67} + 0.25*{136137} + 0.0883883*{ 69} + 0.25*{136138} + 0.0883883*{ 67} + 0.25*{134139} + 0.25*{ 64 66} + 0.25*{134136} + 0.25*{135136} + 0.25*{135139} + 0.25*{135137} + 0.25*{ 68 69} + 0.25*{133134} = 0 

2*{  0} + 128*{ 72} + 8192*{ 75} + 8*{  6} + -1*{ 83} + 256*{  3} + -4096*{ 12} + -8192*{ 82} + -64*{  9} + 2048*{ 74} + -256*{ 10} + -8*{ 13} + 4*{ 70} + 512*{ 73} + 4096*{  5} + -4*{ 77} + 1024*{  4} + 1*{ 76} + 64*{  2} + -2*{  7} + 16*{  1} + -1024*{ 11} + -128*{ 79} + -32*{ 78} + 32*{ 71} + -16*{  8} + -2048*{ 81} + -512*{ 80} > 0 

-2048*{ 88} + 1*{ 83} + -8192*{ 89} + -256*{ 17} + -1*{ 90} + -512*{ 87} + 4*{ 77} + 8*{ 13} + 2*{  7} + 1024*{ 11} + -8*{ 20} + -16*{ 15} + 8192*{ 82} + 64*{  9} + 256*{ 10} + -4096*{ 19} + 4096*{ 12} + -128*{ 86} + -2*{ 14} + 128*{ 79} + -32*{ 85} + 16*{  8} + 32*{ 78} + -64*{ 16} + 2048*{ 81} + -4*{ 84} + 512*{ 80} + -1024*{ 18} > 0 

-8*{ 27} + -256*{ 24} + -2*{ 21} + 128*{ 86} + 1024*{ 18} + 1*{ 90} + 512*{ 87} + -512*{ 94} + -64*{ 23} + -8192*{ 96} + -1024*{ 25} + -32*{ 92} + 256*{ 17} + -2048*{ 95} + -4*{ 91} + -16*{ 22} + 64*{ 16} + 4*{ 84} + 2*{ 14} + 8192*{ 89} + 8*{ 20} + -1*{ 97} + 2048*{ 88} + 4096*{ 19} + 16*{ 15} + 32*{ 85} + -128*{ 93} + -4096*{ 26} > 0 

1*{ 97} + -64*{ 30} + -128*{100} + 256*{ 24} + -4096*{ 33} + 128*{ 93} + -8192*{103} + 4096*{ 26} + 1024*{ 25} + 8192*{ 96} + -8*{ 34} + -512*{101} + -256*{ 31} + -2048*{102} + -16*{ 29} + 512*{ 94} + -32*{ 99} + -1024*{ 32} + -1*{104} + -2*{ 28} + 8*{ 27} + -4*{ 98} + 16*{ 22} + 2048*{ 95} + 4*{ 91} + 32*{ 92} + 2*{ 21} + 64*{ 23} > 0 

-256*{ 38} + 2*{  0} + -2048*{109} + 8*{  6} + 8192*{ 75} + -8192*{110} + 32*{ 71} + -1*{111} + 1024*{  4} + -64*{ 37} + -128*{107} + -2*{ 35} + 256*{  3} + 128*{ 72} + -16*{ 36} + -32*{106} + 64*{  2} + 16*{  1} + -4096*{ 40} + -8*{ 41} + -1024*{ 39} + 4*{ 70} + -512*{108} + 1*{ 76} + 512*{ 73} + 4096*{  5} + -4*{105} + 2048*{ 74} > 0 

-8*{ 48} + 256*{ 38} + 8192*{110} + -2*{ 42} + 2048*{109} + -128*{114} + 512*{108} + 1024*{ 39} + -16*{ 43} + 1*{111} + 32*{106} + -64*{ 44} + -4*{112} + 8*{ 41} + -512*{115} + -1024*{ 46} + -32*{113} + -256*{ 45} + 16*{ 36} + -4096*{ 47} + 4*{105} + -2048*{116} + 4096*{ 40} + -8192*{117} + 2*{ 35} + -1*{118} + 64*{ 37} + 128*{107} > 0 

-2048*{123} + 8*{ 48} + -4*{119} + -128*{121} + -256*{ 52} + 2*{ 42} + -64*{ 51} + -1024*{ 53} + 32*{113} + 512*{115} + 256*{ 45} + 1024*{ 46} + -512*{122} + 8192*{117} + -8*{ 55} + -16*{ 50} + -1*{125} + 1*{118} + 64*{ 44} + 4*{112} + 16*{ 43} + -8192*{124} + -32*{120} + 128*{114} + 4096*{ 47} + -4096*{ 54} + 2048*{116} + -2*{ 49} > 0 

-128*{128} + -64*{ 58} + -2*{ 56} + 256*{ 52} + 512*{122} + -512*{129} + 8192*{124} + 64*{ 51} + 1024*{ 53} + 2048*{123} + 4096*{ 54} + -8192*{131} + 1*{125} + -1*{132} + -4096*{ 61} + -4*{126} + -8*{ 62} + 4*{119} + 128*{121} + 16*{ 50} + -1024*{ 60} + 32*{120} + -32*{127} + -16*{ 57} + 8*{ 55} + -256*{ 59} + -2048*{130} + 2*{ 49} > 0 

-8192*{138} + -64*{ 65} + 128*{128} + 2048*{130} + -128*{135} + 1024*{ 60} + 8192*{131} + -2048*{137} + 2*{ 56} + 64*{ 58} + 4*{126} + 8*{ 62} + 16*{ 57} + 32*{127} + 512*{129} + -4096*{ 68} + -1024*{ 67} + -16*{ 64} + -4*{133} + 256*{ 59} + -8*{ 69} + -32*{134} + -256*{ 66} + -2*{ 63} + -512*{136} + 1*{132} + -1*{139} + 4096*{ 61} > 0 

1*{133} + -64*{ 29} + 4096*{ 21} + -32768*{ 36} + 512*{126} + -1*{134} + -16384*{ 92} + 2048*{ 84} + -65536*{ 57} + 8*{ 49} + -131072*{ 15} + -8192*{  8} + 32768*{ 35} + 524288*{105} + 256*{ 42} + -2*{ 64} + -32*{ 71} + 32*{ 70} + 1024*{  0} + -256*{ 43} + 128*{ 77} + 8192*{  7} + -8*{ 50} + -4096*{ 22} + -1024*{  1} + 65536*{ 56} + -4*{120} + -128*{ 78} + -524288*{106} + 16*{112} + -2048*{ 85} + -262144*{ 99} + 131072*{ 14} + 2*{ 63} + 4*{119} + 16384*{ 91} + 64*{ 28} + -512*{127} + 262144*{ 98} + -16*{113} > 0 

256*{ 43} + -262144*{100} + -256*{ 44} + 8192*{  8} + -8192*{  9} + 32768*{ 36} + -128*{ 79} + -512*{128} + 262144*{ 99} + -2*{ 65} + -16384*{ 93} + -4*{121} + 32*{ 71} + -4096*{ 23} + -32768*{ 37} + 2*{ 64} + 16384*{ 92} + -1*{135} + 16*{113} + 512*{127} + -64*{ 30} + -131072*{ 16} + 65536*{ 57} + -1024*{  2} + -16*{114} + 128*{ 78} + 4*{120} + 8*{ 50} + 1024*{  1} + 4096*{ 22} + -8*{ 51} + 1*{134} + -65536*{ 58} + 131072*{ 15} + -524288*{107} + 524288*{106} + 2048*{ 85} + -32*{ 72} + -2048*{ 86} + 64*{ 29} > 0 

-128*{ 80} + -8192*{ 10} + 2*{ 65} + 32768*{ 37} + -512*{129} + 128*{ 79} + 65536*{ 58} + 1024*{  2} + -16384*{ 94} + 512*{128} + 2048*{ 86} + 32*{ 72} + -131072*{ 17} + -256*{ 45} + -16*{115} + -64*{ 31} + 256*{ 44} + 262144*{100} + -262144*{101} + -32*{ 73} + -65536*{ 59} + 4096*{ 23} + -2048*{ 87} + -2*{ 66} + 16*{114} + -524288*{108} + 8*{ 51} + -1*{136} + 524288*{107} + 16384*{ 93} + 4*{121} + -8*{ 52} + 8192*{  9} + 1*{135} + -32768*{ 38} + -1024*{  3} + -4*{122} + 64*{ 30} + 131072*{ 16} + -4096*{ 24} > 0 

16384*{ 94} + -256*{ 46} + -2*{ 67} + -16*{116} + -2048*{ 88} + 2*{ 66} + 2048*{ 87} + 32768*{ 38} + 1024*{  3} + -524288*{109} + 4*{122} + -4096*{ 25} + -4*{123} + 262144*{101} + 512*{129} + -64*{ 32} + -262144*{102} + 8192*{ 10} + -1*{137} + 128*{ 80} + -128*{ 81} + -512*{130} + -32768*{ 39} + -1024*{  4} + 524288*{108} + 1*{136} + 4096*{ 24} + -16384*{ 95} + 64*{ 31} + -8*{ 53} + 16*{115} + -32*{ 74} + -65536*{ 60} + 256*{ 45} + 131072*{ 17} + -8192*{ 11} + -131072*{ 18} + 65536*{ 59} + 32*{ 73} + 8*{ 52} > 0 

128*{ 81} + -524288*{110} + 262144*{102} + 1024*{  4} + -64*{ 33} + -256*{ 47} + 4*{123} + -4*{124} + -512*{131} + 2048*{ 88} + -262144*{103} + -2048*{ 89} + -32768*{ 40} + -8*{ 54} + -2*{ 68} + -16*{117} + 16384*{ 95} + -65536*{ 61} + 256*{ 46} + 8*{ 53} + 8192*{ 11} + -32*{ 75} + 1*{137} + -8192*{ 12} + 131072*{ 18} + -128*{ 82} + -131072*{ 19} + 32*{ 74} + 65536*{ 60} + 16*{116} + -16384*{ 96} + 4096*{ 25} + -1024*{  5} + 64*{ 32} + 512*{130} + 32768*{ 39} + -4096*{ 26} + -1*{138} + 2*{ 67} + 524288*{109} > 0 

-4*{125} + -256*{ 48} + -65536*{ 62} + -512*{132} + 512*{131} + 16*{117} + 32*{ 75} + -16384*{ 97} + -2048*{ 90} + -524288*{111} + -8192*{ 13} + 256*{ 47} + 64*{ 33} + -16*{118} + 128*{ 82} + -1*{139} + -32768*{ 41} + 65536*{ 61} + 8192*{ 12} + 131072*{ 19} + 1024*{  5} + -8*{ 55} + 4*{124} + -64*{ 34} + 4096*{ 26} + -131072*{ 20} + 32768*{ 40} + 8*{ 54} + 2*{ 68} + -262144*{104} + -128*{ 83} + 524288*{110} + -32*{ 76} + -1024*{  6} + 262144*{103} + 2048*{ 89} + -4096*{ 27} + 16384*{ 96} + 1*{138} + -2*{ 69} > 0 

1*{139} > 0 

{8, 6, 1, 1, 1, 1, 1, 1, 1, 1} vars: 210, vectors: 19
1 8.396225e+00 8.396225e+00 -2.882948e-01 7.339242e-15
2 2.794781e+01 8.396225e+00 -2.010908e-01 1.466586e-14
3 3.215214e+01 8.396225e+00 -1.394186e-01 2.543179e-14
4 6.582796e+01 8.396225e+00 -1.035848e-01 2.198948e-14
5 3.468329e+01 8.396225e+00 -7.633529e-02 1.375556e-14
6 1.761284e+01 8.396225e+00 -5.627049e-02 5.298969e-15
7 6.250904e+00 6.250904e+00 -4.157679e-02 1.577932e-15
8 2.296682e+00 2.296682e+00 -3.141635e-02 5.960304e-16
9 1.019497e+00 1.019497e+00 -2.297186e-02 1.868088e-16
10 2.894262e+00 1.019497e+00 -1.722529e-02 8.039616e-16
11 3.187011e+00 1.019497e+00 -1.248190e-02 3.652584e-16
12 4.767004e+01 1.019497e+00 -9.910576e-03 2.246619e-15
13 1.909517e+04 1.019497e+00 -7.599885e-03 1.469589e-13
14 1.809437e+05 1.019497e+00 -5.859240e-03 1.140376e-12
15 2.301206e+06 1.019497e+00 -4.540624e-03 4.657962e-10
16 8.301444e+05 1.019497e+00 -3.518615e-03 2.328480e-10
17 2.996160e+05 1.019497e+00 -2.725813e-03 3.600592e-12
18 1.118124e+05 1.019497e+00 -2.112148e-03 1.455998e-11
19 4.815563e+04 1.019497e+00 -1.631625e-03 7.276355e-12
20 4.085766e+06 1.019497e+00 -1.260512e-03 1.396984e-09
21 1.525799e+06 1.019497e+00 -9.749980e-04 2.328311e-10
22 5.506851e+05 1.019497e+00 -7.543184e-04 1.164153e-10
23 1.988041e+05 1.019497e+00 -5.830102e-04 5.820768e-11
24 7.565530e+04 1.019497e+00 -4.508838e-04 1.455192e-11
25 2.726981e+04 1.019497e+00 -3.484013e-04 7.275958e-12
26 9.844126e+03 1.019497e+00 -2.627222e-04 1.983488e-15
27 2.771670e+05 1.019497e+00 -1.917714e-04 5.820769e-11
28 2.450116e+09 1.019497e+00 -1.486134e-04 2.630102e-11
29 8.944277e+08 1.019497e+00 -1.151720e-04 1.310302e-11
30 3.226652e+08 1.019497e+00 -8.925634e-05 5.041343e-12
31 1.164277e+08 1.019497e+00 -6.917307e-05 1.490116e-08
32 4.200192e+07 1.019497e+00 -5.362676e-05 7.450581e-09
33 6.732429e+07 1.019497e+00 -4.152912e-05 6.798326e-13
34 2.433653e+07 1.019497e+00 -3.216726e-05 8.054925e-14
35 8.778126e+06 1.019497e+00 -2.490878e-05 1.862645e-09
36 3.236778e+06 1.019497e+00 -1.929484e-05 4.656613e-10
37 1.167464e+06 1.019497e+00 -1.494537e-05 7.072379e-15
38 4.335898e+05 1.019497e+00 -1.157206e-05 9.982927e-14
39 1.563339e+05 1.019497e+00 -8.950196e-06 2.910392e-11
40 5.788317e+04 1.019497e+00 -6.921027e-06 3.110605e-15
41 2.085871e+04 1.019497e+00 -5.348006e-06 7.275960e-12
42 7.511721e+03 1.019497e+00 -4.119151e-06 5.541280e-15
43 3.192984e+03 1.019497e+00 -3.174753e-06 5.652083e-17
44 1.155095e+03 1.019497e+00 -2.439410e-06 1.957183e-17
45 4.151443e+02 1.019497e+00 -1.865190e-06 5.684343e-14
46 1.504893e+02 1.019497e+00 -1.430293e-06 2.842172e-14
47 8.134659e+01 1.019497e+00 -1.088292e-06 2.842171e-14
48 5.467650e+01 1.019497e+00 -8.020960e-07 7.105427e-15
49 6.760620e+01 1.019497e+00 -5.950985e-07 4.103104e-19
50 2.389310e+01 1.019497e+00 -4.392851e-07 1.065814e-14
51 9.047314e+00 1.019497e+00 -3.210027e-07 1.776357e-15
52 1.815070e+01 1.019497e+00 -2.329853e-07 3.552714e-15
53 9.224566e+00 1.019497e+00 -1.708961e-07 1.776357e-15
54 3.907375e+00 1.019497e+00 -1.230964e-07 8.881784e-16
55 2.000426e+01 1.019497e+00 -9.208091e-08 3.552714e-15
56 1.433288e+01 1.019497e+00 -6.490843e-08 1.776357e-15
57 2.443580e+01 1.019497e+00 -4.749277e-08 3.552714e-15
58 1.043055e+01 1.019497e+00 -3.500065e-08 2.666366e-21
59 4.259717e+00 1.019497e+00 -2.648957e-08 8.881784e-16
60 7.792566e+01 1.019497e+00 -1.989200e-08 1.421085e-14
61 1.640576e+02 1.019497e+00 -1.514703e-08 5.684342e-14
62 1.666025e+03 1.019497e+00 -1.138640e-08 6.821210e-13
63 8.645436e+02 1.019497e+00 -8.681539e-09 6.939614e-21
64 3.815545e+02 1.019497e+00 -6.604193e-09 5.684342e-14
65 1.495418e+02 1.019497e+00 -5.028079e-09 2.842171e-14
66 5.344053e+01 1.019497e+00 -3.802311e-09 2.131628e-14
67 1.902428e+01 1.019497e+00 -2.846244e-09 3.552714e-15
68 6.737621e+00 1.019497e+00 -2.106057e-09 8.881784e-16
69 2.375746e+00 1.019497e+00 -1.547852e-09 8.881784e-16
70 8.384176e-01 8.384176e-01 -1.185137e-09 3.330669e-16
71 2.098108e+00 8.384176e-01 -8.462498e-10 2.002042e-23
72 8.638527e-01 8.384176e-01 -6.034566e-10 1.110223e-16
73 4.847714e-01 4.847714e-01 -4.486549e-10 5.551115e-17
74 1.376546e+01 4.847714e-01 -3.155925e-10 1.776357e-15
75 8.574937e+00 4.847714e-01 -2.365295e-10 7.206746e-24
76 4.287330e+00 4.847714e-01 -1.748176e-10 1.776357e-15
77 1.570596e+00 4.847714e-01 -1.312873e-10 2.220446e-16
78 6.725233e-01 4.847714e-01 -5.682667e-11 1.110223e-16
79 2.444129e+02 4.847714e-01 -4.111732e-11 8.526513e-14
80 3.058930e+02 4.847714e-01 -3.163628e-11 5.684342e-14
81 2.946872e+03 4.847714e-01 -2.386577e-11 6.376604e-23
82 1.644590e+03 4.847714e-01 -1.844177e-11 2.273737e-13
83 1.246363e+03 4.847714e-01 -1.416854e-11 1.927238e-23
84 4.592992e+02 4.847714e-01 -1.078486e-11 6.090072e-24
85 2.059529e+03 4.847714e-01 -8.345032e-12 2.105950e-22
86 7.424261e+02 4.847714e-01 -6.452416e-12 6.045840e-23
87 2.674904e+02 4.847714e-01 -4.981302e-12 6.338301e-23
88 9.629638e+01 4.847714e-01 -3.835746e-12 1.421085e-14
89 3.462840e+01 4.847714e-01 -2.944414e-12 7.105427e-15
90 1.247922e+01 4.847714e-01 -2.239776e-12 1.776357e-15
91 7.175889e+00 4.847714e-01 -1.668315e-12 8.881784e-16
92 4.600157e+00 4.847714e-01 -1.183693e-12 1.149978e-25
93 2.838264e+00 4.847714e-01 -7.126586e-13 8.881784e-16
94 3.006596e+02 4.847714e-01 -5.021992e-13 2.490598e-25
95 7.749115e+02 4.847714e-01 -3.850229e-13 1.021285e-24
96 2.814039e+02 4.847714e-01 -2.914537e-13 5.684342e-14
97 2.098612e+04 4.847714e-01 -2.720482e-13 7.275958e-12
98 2.181506e+10 4.847714e-01 9.301991e-08 3.814697e-06
99 8.505466e+09 4.847714e-01 7.206714e-08 1.282626e-14
100 3.337795e+09 4.847714e-01 5.584583e-08 8.211076e-15
101 1.221522e+09 4.847714e-01 4.327926e-08 2.384186e-07
102 4.406578e+08 4.847714e-01 3.354005e-08 5.960464e-08
103 1.589621e+08 4.847714e-01 2.599224e-08 2.980232e-08
104 5.734411e+07 4.847714e-01 2.014259e-08 7.450581e-09
105 2.068612e+07 4.847714e-01 1.560893e-08 3.725290e-09
106 7.462118e+06 4.847714e-01 1.209518e-08 1.862645e-09
107 2.691769e+06 4.847714e-01 9.372126e-09 4.656613e-10
108 9.710789e+05 4.847714e-01 7.259149e-09 1.164153e-10
109 3.546735e+05 4.847714e-01 5.619829e-09 5.820766e-11
110 1.295011e+05 4.847714e-01 4.353862e-09 1.831797e-19
111 4.694802e+04 4.847714e-01 3.368728e-09 8.468839e-20
112 1.692482e+04 4.847714e-01 2.605801e-09 2.658706e-20
113 6.099354e+03 4.847714e-01 2.013995e-09 9.094947e-13
114 2.197091e+03 4.847714e-01 1.551459e-09 3.990616e-21
115 8.655213e+02 4.847714e-01 1.193025e-09 1.136868e-13
116 3.113944e+02 4.847714e-01 9.103967e-10 5.684342e-14
117 1.228648e+02 4.847714e-01 6.928815e-10 1.421085e-14
118 4.389731e+01 4.847714e-01 5.239166e-10 1.443085e-22
119 1.562887e+01 4.847714e-01 3.928056e-10 1.776357e-15
120 5.540613e+00 4.847714e-01 2.913508e-10 1.773165e-23
121 1.964139e+00 4.847714e-01 2.162510e-10 2.220446e-16
122 7.369255e-01 4.847714e-01 1.601606e-10 3.024653e-24
123 3.130758e-01 3.130758e-01 1.176515e-10 5.551115e-17
124 1.329082e-01 1.329082e-01 9.270496e-11 2.775558e-17
125 5.066040e-02 5.066040e-02 7.294754e-11 6.938894e-18
126 9.156993e-01 5.066040e-02 4.415092e-11 1.981982e-24
127 6.391129e+02 5.066040e-02 3.277377e-11 1.136868e-13
128 3.512774e+02 5.066040e-02 2.553488e-11 1.902848e-23
129 8.593749e+04 5.066040e-02 1.953143e-11 6.210230e-22
130 3.712262e+04 5.066040e-02 1.506330e-11 2.141683e-22
131 1.716181e+04 5.066040e-02 1.161763e-11 1.408560e-22
132 6.174611e+03 5.066040e-02 8.908189e-12 1.818989e-12
133 2.989175e+03 5.066040e-02 6.871126e-12 1.588260e-23
134 1.075681e+03 5.066040e-02 5.293910e-12 7.125381e-24
135 3.874440e+02 5.066040e-02 4.067527e-12 2.316237e-24
136 1.414379e+02 5.066040e-02 3.099711e-12 2.842171e-14
137 5.089657e+01 5.066040e-02 2.363533e-12 3.322053e-25
138 1.828029e+01 5.066040e-02 1.784388e-12 3.552714e-15
139 6.675249e+00 5.066040e-02 1.345322e-12 1.776357e-15
140 2.362358e+00 5.066040e-02 1.019418e-12 2.981513e-26
141 8.356944e-01 5.066040e-02 8.062435e-13 1.110223e-16
142 3.016055e-01 5.066040e-02 7.319556e-13 6.023370e-27
143 1.148401e-01 5.066040e-02 9.385089e-13 1.387779e-17
144 5.058835e-02 5.058835e-02 2.100954e-12 6.938894e-18
145 3.559239e-02 3.559239e-02 1.715557e-12 1.664634e-26
146 5.126918e-02 3.559239e-02 9.108562e-13 6.938894e-18
147 2.222633e+00 3.559239e-02 5.910930e-13 4.440892e-16
148 7.618648e-01 3.559239e-02 4.093323e-13 2.066943e-26
149 2.305239e+01 3.559239e-02 2.892510e-13 3.552714e-15
150 2.927952e+01 3.559239e-02 2.246876e-13 3.552714e-15
151 1.510602e+03 3.559239e-02 1.750481e-13 1.654242e-24
152 4.075381e+05 3.559239e-02 1.347205e-13 5.820766e-11
153 1.905649e+05 3.559239e-02 1.041726e-13 7.147409e-24
154 8.179585e+04 3.559239e-02 8.061932e-14 4.365575e-11
155 2.961889e+04 3.559239e-02 6.235154e-14 3.637979e-12
156 1.080711e+04 3.559239e-02 4.843230e-14 1.818989e-12
157 3.891250e+03 3.559239e-02 3.783311e-14 4.554506e-24
158 1.400256e+03 3.559239e-02 2.992707e-14 1.444999e-25
159 5.033670e+02 3.559239e-02 2.431463e-14 5.161854e-26
160 1.808725e+02 3.559239e-02 2.041523e-14 1.436908e-26
161 3.036094e+04 3.559239e-02 1.563425e-14 3.637979e-12
162 1.085816e+04 3.559239e-02 1.212143e-14 1.818989e-12
163 3.908203e+03 3.559239e-02 9.520762e-15 4.547474e-13
164 1.399401e+03 3.559239e-02 7.650247e-15 3.762601e-26
165 5.017333e+02 3.559239e-02 6.471035e-15 5.684342e-14
166 1.851712e+02 3.559239e-02 6.191739e-15 2.842171e-14
167 6.802447e+01 3.559239e-02 7.170446e-15 4.236302e-27
168 2.560788e+01 3.559239e-02 1.059366e-14 3.552714e-15
169 9.682232e+00 3.559239e-02 1.811023e-14 1.776357e-15
170 3.525871e+00 3.559239e-02 3.114722e-14 4.440892e-16
171 1.278720e+00 3.559239e-02 5.535060e-14 2.220446e-16
172 4.838908e-01 3.559239e-02 1.180495e-13 1.555971e-27
173 2.099822e-01 3.559239e-02 4.154063e-13 1.386208e-27
174 1.284678e-01 3.559239e-02 6.493491e-13 2.775558e-17
175 6.886942e-01 3.559239e-02 4.737010e-13 1.000975e-26
176 2.442170e-01 3.559239e-02 3.764788e-13 7.028984e-27
177 8.782919e-02 3.559239e-02 3.626560e-13 1.387779e-17
178 3.477009e-02 3.477009e-02 6.009513e-13 6.938894e-18
179 1.768290e-02 1.768290e-02 1.927203e-12 1.758683e-27
180 1.046540e-02 1.046540e-02 2.001100e-12 1.734723e-18
181 4.578018e-03 4.578018e-03 4.764916e-12 8.673617e-19
182 2.558748e-03 2.558748e-03 8.437544e-12 4.336809e-19
183 1.606236e-03 1.606236e-03 1.010872e-11 4.336809e-19
184 6.760900e-03 1.606236e-03 6.464440e-12 1.734723e-18
185 3.940019e-03 1.606236e-03 4.571085e-12 8.673617e-19
186 1.411798e-03 1.411798e-03 5.370535e-12 2.168404e-19
187 7.129658e-04 7.129658e-04 1.832763e-11 1.084202e-19
188 6.650144e-04 6.650144e-04 1.539455e-11 2.168404e-19
189 2.671966e-04 2.671966e-04 2.519336e-11 1.626303e-19
190 1.223539e-04 1.223539e-04 3.221246e-11 2.710505e-20
191 5.035200e-05 5.035200e-05 4.069809e-11 6.776264e-21
192 2.053198e-05 2.053198e-05 6.570817e-11 1.016440e-20
193 9.778710e-06 9.778710e-06 1.834995e-10 1.451530e-26
194 7.009152e-06 7.009152e-06 2.146976e-10 4.235165e-21
195 5.189562e-06 5.189562e-06 2.200976e-10 2.541099e-21
196 2.520957e-06 2.520957e-06 4.478571e-10 8.470329e-22
197 1.453920e-06 1.453920e-06 2.174331e-11 2.117583e-22
198 2.155666e-05 1.453920e-06 1.220473e-11 3.388132e-21
199 6.598519e-06 1.453920e-06 7.080551e-12 1.939865e-28
200 2.068947e-06 1.453920e-06 4.584575e-12 1.270549e-21
201 7.059615e-07 7.059615e-07 4.462006e-12 2.117582e-22
202 3.359407e-07 3.359407e-07 4.511376e-11 2.959141e-28
203 9.539201e-07 3.359407e-07 3.337208e-11 2.117582e-22
204 3.573701e-07 3.359407e-07 5.861454e-11 1.058791e-22
205 2.729995e-07 2.729995e-07 1.672631e-10 5.293956e-23
206 2.794519e-07 2.729995e-07 1.786893e-10 5.293956e-23
207 1.256892e-07 1.256892e-07 6.200771e-10 2.646978e-23
208 4.815631e-08 4.815631e-08 7.878874e-10 1.323490e-23
209 1.924155e-08 1.924155e-08 9.423609e-10 9.926180e-24
210 6.814256e-09 6.814256e-09 1.109004e-09 1.654597e-24
211 2.153400e-09 2.153400e-09 1.195802e-09 1.619039e-26
212 6.677213e-10 6.677213e-10 1.238263e-09 2.914838e-26
213 2.040143e-10 2.040143e-10 1.259165e-09 5.263498e-26
214 6.197280e-11 6.197280e-11 1.270243e-09 5.844953e-27
215 1.876930e-11 1.876930e-11 1.276188e-09 6.977950e-27
216 5.676383e-12 5.676383e-12 1.278753e-09 1.372457e-27
217 1.725689e-12 1.725689e-12 1.284715e-09 9.763424e-28
218 5.199036e-13 5.199036e-13 1.289688e-09 1.504170e-28
x:  7.169639e-02  6.535389e-02 -3.316064e-01  2.568054e-01  2.518864e-01 -1.115532e-03  3.259578e-01 -1.123128e-01 -3.752340e-02  1.641959e-01 -3.479594e-01  3.251301e-01  3.331026e-01  3.217432e-01  3.298890e-01  3.240451e-01 -1.701018e-01 -7.932271e-02 -3.130974e-01 -1.351558e-01 -3.154527e-01 -2.040266e-02  2.599600e-01  3.287479e-01 -1.934975e-02 -2.087106e-01 -2.237991e-02  3.235214e-01  2.546577e-01 -2.323172e-01  3.074576e-02  2.930850e-01  1.565960e-01  3.417237e-01 -2.664205e-01 -1.581320e-01 -1.265229e-01 -1.430416e-01  2.769589e-03 -2.003500e-01 -1.594394e-01 -3.522118e-01  3.500044e-01 -3.130736e-01 -2.447870e-01  7.813331e-02  1.047762e-01 -4.441244e-02  3.026900e-01 -4.067852e-02  1.225356e-01 -2.181915e-01  6.343517e-02  3.522814e-01 -1.807350e-02  8.333880e-03 -8.734063e-02  3.463800e-01  2.608545e-01 -6.634196e-02  3.526006e-01 -1.804410e-01 -1.264742e-01 -2.818017e-01  2.110477e-01 -3.460954e-01  3.059889e-01 -1.436956e-01  1.065608e-01  2.109417e-01  3.462076e-01 -3.474606e-01  1.226262e-01  2.430042e-01  2.480993e-01 -3.535516e-01 -1.369362e-01 -3.352401e-01  3.515565e-01  3.131130e-01  6.264398e-02 -1.388900e-01 -1.185020e-01 -1.465650e-01 -1.271742e-01  1.414030e-01  3.099442e-01  3.445400e-01  1.642256e-01  3.267001e-01 -1.596545e-01  3.529643e-01 -2.396266e-01  1.300955e-01 -3.530234e-01 -2.853768e-01  3.528445e-01  1.425967e-01  2.452540e-01  2.665122e-01 -3.522140e-01  1.977400e-01 -3.169821e-01  9.069138e-02  2.324221e-01  3.162188e-01  3.301393e-01 -3.233251e-01  3.535426e-01  2.913071e-01 -3.155615e-01 -3.077164e-02  4.996911e-02  1.642708e-01 -2.551064e-01  3.448118e-01  3.376713e-01  3.507528e-01 -1.826986e-01 -3.512055e-01 -3.316399e-01  2.781950e-01 -3.478160e-01 -2.996321e-02 -3.530912e-01  3.534551e-01 -3.425954e-01 -7.085835e-02  2.386524e-01 -3.472733e-01  2.593872e-02  3.040412e-01 -3.301579e-01 -2.135130e-01  2.836528e-01  7.223542e-02 -1.771181e-01  3.230349e-01  3.371125e-01  2.837315e-01  2.175300e-01  2.787125e-01  3.534918e-01 -6.597813e-03  3.224438e-01 -1.450173e-01 -1.193321e-01 -3.328060e-01  5.982442e-02  3.484552e-01 -1.761054e-01 -3.065727e-01  6.775301e-02  3.470008e-01  2.389354e-01  2.605953e-01  3.532402e-01 -1.487610e-02  9.849718e-02  3.395560e-01  2.290547e-01  2.693212e-01  3.079869e-01  1.736204e-01 -1.396626e-01 -3.247989e-01  2.673770e-01 -2.313211e-01  2.455852e-01 -2.543381e-01 -3.535401e-01 -3.064229e-03 -1.437558e-01 -3.230082e-01  6.315463e-02  3.478671e-01  2.958920e-01  1.935145e-01  1.575766e-01  3.164958e-01  3.397354e-01  9.787633e-02  3.192069e-01  1.520097e-01 -1.368291e-01 -3.260027e-01 -2.749037e-01  2.223240e-01 -2.151475e-03 -3.535468e-01  2.916987e-01 -1.997795e-01 -2.649613e-01 -2.340845e-01 -3.497334e-01 -5.183247e-02  4.986183e-02 -3.500197e-01 -2.904673e-01 -2.015658e-01 -1.100372e-01 -3.359938e-01  2.448959e-01 -2.550019e-01  3.424664e-01 -8.784489e-02  2.406526e-01  2.590103e-01  1.645571e-01  3.129233e-01  1.289688e-09
grad:  4.989830e-19  9.313131e-20 -7.027087e-19 -5.197785e-21  1.122132e-18 -1.360395e-18  7.227373e-19 -6.585890e-19  2.952300e-19  7.929650e-19  4.070288e-21 -9.126682e-20  2.341335e-19 -1.836174e-19 -2.532282e-19 -5.226619e-19  1.280679e-18 -9.611507e-19 -4.566485e-19  8.692905e-19 -6.141803e-19 -1.413856e-18 -4.963041e-19  1.230213e-18 -3.710543e-19 -3.131297e-19  1.296792e-18 -7.160611e-19  1.119738e-18  5.747855e-19 -1.123840e-18  4.006159e-19 -5.310738e-19  2.392480e-18  7.449899e-19  8.898442e-19 -1.203698e-18  1.083720e-18 -3.078612e-18 -1.742210e-18  7.260683e-19 -2.142516e-18  7.127535e-19  2.532658e-19 -1.697716e-18  1.099108e-18  2.260802e-18  1.394558e-18 -8.998677e-19  3.748854e-19 -7.032514e-19 -1.797699e-19  9.046385e-19  6.270828e-19 -7.260474e-19 -9.863576e-19  5.158351e-20 -1.483041e-19  1.688748e-19  4.400270e-20 -2.792504e-19 -1.120732e-20  5.952478e-19  3.844898e-19  9.129417e-19 -3.072890e-19  8.726663e-19  1.354928e-18 -4.211711e-19 -4.255391e-19 -8.789148e-19 -1.703825e-21  1.363169e-18 -5.513782e-19 -7.786229e-19 -1.458778e-18  6.331883e-19 -1.493394e-19  8.112676e-20 -2.820337e-19 -6.249783e-19 -3.182491e-19 -9.050057e-19  1.043747e-19  5.453223e-19 -3.016302e-19  2.835525e-19  1.635236e-19 -4.672693e-19  9.527492e-19 -1.146418e-18 -3.230745e-19 -5.634170e-19 -2.616920e-19 -1.531764e-19  2.721440e-19  1.192673e-18  7.400478e-19 -8.608906e-19  9.602873e-19 -1.012635e-18 -5.225072e-19  6.355954e-19 -1.269904e-18  1.987843e-19 -5.978888e-19 -4.288006e-19 -1.127184e-20  2.263543e-18 -9.030468e-19 -7.786379e-19 -1.991744e-18 -1.248001e-18  4.487135e-19  1.811211e-19 -3.148452e-20  2.306655e-19  4.094521e-19 -5.817947e-19 -1.752039e-19 -1.999190e-19  1.220539e-18  2.837896e-19 -1.026881e-18 -4.090200e-19  1.442979e-19  2.077555e-19 -1.958173e-19 -1.250100e-19 -1.219599e-19  9.250907e-19  1.334070e-19 -1.532144e-19 -5.083542e-19 -9.209031e-19 -7.855970e-19  1.164094e-21  1.200011e-19  7.405682e-19  2.623617e-18 -2.200384e-19  1.307339e-18  3.171410e-19 -1.936107e-18 -7.870266e-19 -7.257453e-20  1.206076e-18 -7.690969e-19 -7.770673e-19 -3.860676e-20  1.253240e-18 -1.304162e-18  8.225707e-19 -5.144904e-19 -4.644862e-20 -3.438623e-20  1.196788e-19  5.539238e-19 -1.159857e-18  8.942451e-19 -1.969809e-18  2.030653e-18  1.859629e-19 -4.715207e-19 -4.010802e-19  2.446149e-19  4.939988e-19  3.444212e-19  6.876548e-19  3.749769e-19 -2.670270e-18 -3.681010e-18 -1.129063e-18  9.348931e-21  3.381595e-19 -5.067307e-19 -4.423610e-19  1.681707e-18 -1.247745e-18  3.039119e-19  2.287597e-19  1.326624e-18 -8.961977e-19  8.413614e-19  1.966416e-18 -1.265456e-18 -1.564952e-18 -8.510947e-19  1.477893e-18 -7.677495e-19 -8.265344e-22 -1.772425e-18 -2.539128e-18  1.356945e-18 -3.569722e-20  1.046256e-18 -1.828536e-19  5.626630e-19  2.718407e-19  1.767822e-19  1.696958e-18 -1.784022e-18  1.400470e-19  1.216244e-19  8.202481e-19  8.408835e-19 -6.544438e-19  9.392845e-19  7.116472e-19 -2.250323e-19  5.199036e-13
finished in 218 iterations (0.767 seconds total)
max viol = 9.71321e-08
