---------------------
Basis Indices:
---------------------

{-, -, -, -, -, -, -, -}, {-, -, -, -, -, -, -, -}, {-, -, -, -, -, -, -, -}, {}, {}, {}, {}, {}


{-, -, -, -, -, -, -, -}, {-, 73+i585, 74+i586, 75+i587, 76+i588, 77+i589, 78+i590, 79+i591}, {}, {}, {}, {}, {}, {}


{-, 129+i641, 130+i642, 131+i643, 132+i644, 133+i645, 134+i646, 135+i647}, {-, 137+i649, 138+i650, 139+i651, 140+i652, 141+i653, 142+i654, 143+i655}, {}, {}, {}, {}, {}, {}


{-, 193+i705, 194+i706, 195+i707, 196+i708, 197+i709, 198+i710, 199+i711}, {-, 201+i713, 202+i714, 203+i715, 204+i716, 205+i717, 206+i718, 207+i719}, {}, {}, {}, {}, {}, {}


{-, 257+i769, 258+i770, 259+i771, 260+i772, 261+i773, 262+i774, 263+i775}, {-, 265+i777, 266+i778, 267+i779, 268+i780, 269+i781, 270+i782, 271+i783}, {}, {}, {}, {}, {}, {}


{-, 321+i833, 322+i834, 323+i835, 324+i836, 325+i837, 326+i838, 327+i839}, {-, 329+i841, 330+i842, 331+i843, 332+i844, 333+i845, 334+i846, 335+i847}, {}, {}, {}, {}, {}, {}


{-, 385+i897, 386+i898, 387+i899, 388+i900, 389+i901, 390+i902, 391+i903}, {-, 393+i905, 394+i906, 395+i907, 396+i908, 397+i909, 398+i910, 399+i911}, {}, {}, {}, {}, {}, {}


{-, 449+i961, 450+i962, 451+i963, 452+i964, 453+i965, 454+i966, 455+i967}, {-, 457+i969, 458+i970, 459+i971, 460+i972, 461+i973, 462+i974, 463+i975}, {}, {}, {}, {}, {}, {}

---------------------
Index Mapping: 
---------------------

{1167: 325, 1166: 324, 1165: 323, 1164: 322, 1163: 321, 1162: 320, 1154: 312, 1153: 311, 1152: 310, 1151: 309, 1150: 308, 1149: 307, 1148: 306, 1147: 305, 1146: 304, 1145: 303, 1144: 302, 1143: 301, 1142: 300, 1141: 299, 1140: 298, 1139: 297, 1138: 296, 1137: 295, 1136: 294, 1135: 293, 1134: 292, 1133: 291, 1125: 283, 1124: 282, 1123: 281, 1122: 280, 1121: 279, 1120: 278, 1119: 277, 1118: 276, 1117: 275, 1116: 274, 1115: 273, 1114: 272, 1113: 271, 1112: 270, 1111: 269, 1110: 268, 1109: 267, 1108: 266, 1107: 265, 1106: 264, 1105: 263, 1104: 262, 1103: 261, 1102: 260, 1101: 259, 1100: 258, 1099: 257, 719: 125, 462: 89, 205: 32, 655: 111, 141: 18, 398: 75, 654: 110, 140: 17, 397: 74, 911: 167, 718: 124, 461: 88, 204: 31, 975: 181, 1132: 290, 591: 97, 334: 61, 1159: 317, 77: 4, 717: 123, 460: 87, 203: 30, 974: 180, 1131: 289, 590: 96, 333: 60, 1158: 316, 76: 3, 847: 153, 463: 90, 206: 33, 653: 109, 139: 16, 396: 73, 910: 166, 399: 76, 142: 19, 716: 122, 459: 86, 202: 29, 973: 179, 1130: 288, 589: 95, 332: 59, 1157: 315, 75: 2, 846: 152, 335: 62, 1160: 318, 78: 5, 645: 102, 388: 66, 131: 9, 902: 159, 391: 69, 134: 12, 905: 161, 137: 14, 394: 71, 651: 107, 908: 164, 193: 21, 450: 78, 707: 114, 964: 171, 769: 126, 1026: 184, 642: 99, 385: 63, 899: 156, 261: 39, 775: 132, 1032: 190, 129: 7, 386: 64, 643: 100, 900: 157, 257: 35, 771: 128, 1028: 186, 130: 8, 387: 65, 644: 101, 901: 158, 259: 37, 773: 130, 1030: 188, 132: 10, 389: 67, 646: 103, 903: 160, 258: 36, 772: 129, 1029: 187, 709: 116, 195: 23, 452: 80, 966: 173, 455: 83, 198: 26, 969: 175, 201: 28, 715: 121, 458: 85, 972: 178, 1156: 314, 74: 1, 1129: 287, 588: 94, 331: 58, 845: 151, 641: 98, 898: 155, 260: 38, 774: 131, 1031: 189, 133: 11, 390: 68, 647: 104, 135: 13, 649: 105, 906: 162, 262: 40, 1033: 191, 194: 22, 451: 79, 708: 115, 965: 172, 321: 49, 835: 142, 1092: 250, 263: 41, 777: 133, 1034: 192, 449: 77, 706: 113, 963: 170, 322: 50, 836: 143, 1093: 251, 713: 119, 199: 27, 970: 176, 1127: 285, 586: 92, 329: 56, 843: 149, 196: 24, 453: 81, 710: 117, 967: 174, 323: 51, 837: 144, 1094: 252, 714: 120, 457: 84, 971: 177, 1128: 286, 587: 93, 1155: 313, 73: 0, 330: 57, 844: 150, 1161: 319, 79: 6, 138: 15, 395: 72, 652: 108, 909: 165, 265: 42, 779: 135, 1036: 194, 705: 112, 962: 169, 197: 25, 454: 82, 711: 118, 324: 52, 838: 145, 1095: 253, 207: 34, 393: 70, 650: 106, 907: 163, 266: 43, 780: 136, 1037: 195, 325: 53, 839: 146, 1096: 254, 267: 44, 781: 137, 1038: 196, 326: 54, 1097: 255, 268: 45, 782: 138, 1039: 197, 327: 55, 841: 147, 1098: 256, 269: 46, 783: 139, 1040: 198, 143: 20, 270: 47, 1041: 199, 271: 48, 1042: 200, 1126: 284, 585: 91, 842: 148, 770: 127, 1027: 185, 778: 134, 1035: 193, 833: 140, 1090: 248, 834: 141, 1091: 249, 897: 154, 961: 168, 1024: 182, 1025: 183, 1043: 201, 1044: 202, 1045: 203, 1046: 204, 1047: 205, 1048: 206, 1049: 207, 1050: 208, 1051: 209, 1052: 210, 1053: 211, 1054: 212, 1055: 213, 1056: 214, 1057: 215, 1058: 216, 1059: 217, 1060: 218, 1061: 219, 1062: 220, 1063: 221, 1064: 222, 1065: 223, 1066: 224, 1067: 225, 1068: 226, 1069: 227, 1070: 228, 1071: 229, 1072: 230, 1073: 231, 1074: 232, 1075: 233, 1076: 234, 1077: 235, 1078: 236, 1079: 237, 1080: 238, 1081: 239, 1082: 240, 1083: 241, 1084: 242, 1085: 243, 1086: 244, 1087: 245, 1088: 246, 1089: 247}

---------------------
Final Problem: 
---------------------
Find a point satisfying:

-0.125*{} + 1*{183183} + 1*{182182} = 0 

1*{ 94101} + 1*{  4 11} + 1*{  1  8} + 1*{ 91 98} + 1*{ 96103} + 1*{ 97104} + 1*{  5 12} + 0.125*{} + -1*{182} + 1*{  2  9} + 1*{ 93100} + 1*{  0  7} + 1*{ 95102} + 1*{  6 13} + 1*{  3 10} + 1*{ 92 99} = 0 

-1*{  9 93} + 1*{  1 99} + -1*{ 11 95} + 1*{  3101} + -1*{  8 92} + 1*{  6104} + 1*{  0 98} + -1*{  7 91} + -1*{ 10 94} + 1*{  5103} + -1*{183} + -1*{ 13 97} + 1*{  4102} + -1*{ 12 96} + 1*{  2100} = 0 

-0.125*{} + 1*{185185} + 1*{184184} = 0 

1*{ 93107} + 1*{ 94108} + 0.125*{} + 1*{ 97111} + 1*{ 91105} + 1*{  6 20} + 1*{ 96110} + 1*{ 95109} + 1*{  3 17} + 1*{  5 19} + 1*{  2 16} + -1*{184} + 1*{  0 14} + 1*{  1 15} + 1*{  4 18} + 1*{ 92106} = 0 

-1*{ 20 97} + 1*{  5110} + -1*{ 14 91} + 1*{  1106} + -1*{ 15 92} + 1*{  3108} + -1*{ 16 93} + -1*{ 18 95} + -1*{ 17 94} + 1*{  6111} + -1*{185} + 1*{  0105} + 1*{  2107} + -1*{ 19 96} + 1*{  4109} = 0 

1*{187187} + -0.125*{} + 1*{186186} = 0 

0.125*{} + 1*{  2 23} + 1*{ 96117} + 1*{  5 26} + 1*{ 97118} + -1*{186} + 1*{  1 22} + 1*{  3 24} + 1*{ 95116} + 1*{ 93114} + 1*{  6 27} + 1*{ 91112} + 1*{  0 21} + 1*{  4 25} + 1*{ 92113} + 1*{ 94115} = 0 

1*{  4116} + 1*{  5117} + 1*{  6118} + 1*{  2114} + -1*{ 22 92} + -1*{ 21 91} + -1*{ 25 95} + -1*{ 26 96} + -1*{ 23 93} + 1*{  3115} + -1*{187} + 1*{  1113} + -1*{ 27 97} + 1*{  0112} + -1*{ 24 94} = 0 

-0.125*{} + 1*{189189} + 1*{188188} = 0 

1*{ 92120} + 0.125*{} + 1*{  2 30} + 1*{ 96124} + 1*{ 95123} + 1*{ 97125} + 1*{  4 32} + 1*{ 94122} + -1*{188} + 1*{  1 29} + 1*{  6 34} + 1*{  0 28} + 1*{  3 31} + 1*{ 91119} + 1*{ 93121} + 1*{  5 33} = 0 

1*{  3122} + 1*{  4123} + 1*{  1120} + -1*{ 31 94} + 1*{  2121} + -1*{ 32 95} + -1*{ 30 93} + -1*{189} + 1*{  5124} + -1*{ 34 97} + -1*{ 29 92} + 1*{  6125} + 1*{  0119} + -1*{ 28 91} + -1*{ 33 96} = 0 

-0.125*{} + 1*{191191} + 1*{190190} = 0 

1*{ 96131} + 1*{  1 36} + 0.125*{} + 1*{ 94129} + 1*{  0 35} + 1*{ 95130} + 1*{  5 40} + 1*{ 91126} + 1*{  3 38} + 1*{ 92127} + 1*{ 93128} + 1*{  2 37} + -1*{190} + 1*{  6 41} + 1*{  4 39} + 1*{ 97132} = 0 

-1*{ 40 96} + -1*{ 38 94} + 1*{  1127} + 1*{  3129} + -1*{ 41 97} + 1*{  6132} + 1*{  4130} + -1*{191} + -1*{ 35 91} + 1*{  0126} + 1*{  5131} + 1*{  2128} + -1*{ 36 92} + -1*{ 37 93} + -1*{ 39 95} = 0 

-0.125*{} + 1*{193193} + 1*{192192} = 0 

1*{  2 44} + 1*{  0 42} + 0.125*{} + 1*{ 97139} + 1*{ 93135} + 1*{  4 46} + 1*{ 94136} + 1*{ 92134} + -1*{192} + 1*{ 91133} + 1*{  3 45} + 1*{ 96138} + 1*{  1 43} + 1*{  6 48} + 1*{  5 47} + 1*{ 95137} = 0 

-1*{193} + -1*{ 46 95} + -1*{ 43 92} + -1*{ 48 97} + 1*{  0133} + 1*{  2135} + -1*{ 44 93} + -1*{ 42 91} + -1*{ 45 94} + 1*{  4137} + 1*{  3136} + 1*{  5138} + -1*{ 47 96} + 1*{  6139} + 1*{  1134} = 0 

-0.125*{} + 1*{195195} + 1*{194194} = 0 

1*{  5 54} + 0.125*{} + 1*{ 96145} + 1*{  1 50} + 1*{ 92141} + 1*{ 93142} + 1*{  4 53} + 1*{  3 52} + 1*{  6 55} + 1*{ 94143} + 1*{ 91140} + 1*{ 95144} + 1*{  2 51} + 1*{  0 49} + -1*{194} + 1*{ 97146} = 0 

-1*{ 53 95} + -1*{195} + 1*{  6146} + -1*{ 52 94} + -1*{ 55 97} + -1*{ 49 91} + 1*{  0140} + -1*{ 54 96} + 1*{  2142} + 1*{  3143} + 1*{  1141} + 1*{  5145} + 1*{  4144} + -1*{ 50 92} + -1*{ 51 93} = 0 

-0.125*{} + 1*{197197} + 1*{196196} = 0 

1*{ 94150} + 1*{  1 57} + 1*{  5 61} + 1*{  4 60} + 1*{ 97153} + 1*{  6 62} + 1*{ 91147} + 1*{  0 56} + 0.125*{} + 1*{ 96152} + 1*{  2 58} + -1*{196} + 1*{ 93149} + 1*{  3 59} + 1*{ 95151} + 1*{ 92148} = 0 

1*{  6153} + 1*{  1148} + 1*{  4151} + -1*{ 56 91} + -1*{ 59 94} + -1*{ 62 97} + 1*{  5152} + 1*{  3150} + -1*{ 61 96} + -1*{197} + -1*{ 57 92} + 1*{  0147} + -1*{ 58 93} + 1*{  2149} + -1*{ 60 95} = 0 

-0.125*{} + 1*{199199} + 1*{198198} = 0 

1*{ 97160} + 1*{ 94157} + 0.125*{} + 1*{  4 67} + 1*{ 91154} + 1*{  2 65} + 1*{  1 64} + -1*{198} + 1*{  0 63} + 1*{  6 69} + 1*{ 92155} + 1*{ 96159} + 1*{  3 66} + 1*{ 95158} + 1*{ 93156} + 1*{  5 68} = 0 

-1*{ 63 91} + 1*{  6160} + -1*{199} + -1*{ 67 95} + 1*{  2156} + -1*{ 68 96} + 1*{  5159} + -1*{ 64 92} + -1*{ 65 93} + 1*{  3157} + -1*{ 69 97} + -1*{ 66 94} + 1*{  1155} + 1*{  0154} + 1*{  4158} = 0 

-0.125*{} + 1*{201201} + 1*{200200} = 0 

1*{ 92162} + 1*{  5 75} + 1*{ 97167} + 1*{  6 76} + 1*{ 95165} + 1*{ 94164} + 1*{  2 72} + -1*{200} + 1*{  1 71} + 1*{ 93163} + 1*{  0 70} + 1*{  4 74} + 1*{  3 73} + 0.125*{} + 1*{ 91161} + 1*{ 96166} = 0 

1*{  6167} + 1*{  1162} + -1*{ 70 91} + -1*{ 76 97} + -1*{ 75 96} + 1*{  5166} + -1*{ 71 92} + -1*{201} + -1*{ 73 94} + 1*{  0161} + -1*{ 74 95} + 1*{  4165} + 1*{  3164} + -1*{ 72 93} + 1*{  2163} = 0 

-0.125*{} + 1*{203203} + 1*{202202} = 0 

1*{  0 77} + 1*{  5 82} + 1*{  6 83} + 1*{  3 80} + 1*{ 96173} + 1*{ 93170} + 1*{ 95172} + -1*{202} + 1*{ 94171} + 0.125*{} + 1*{  1 78} + 1*{ 97174} + 1*{  4 81} + 1*{ 91168} + 1*{  2 79} + 1*{ 92169} = 0 

1*{  5173} + -1*{ 82 96} + -1*{ 81 95} + -1*{ 79 93} + 1*{  3171} + 1*{  2170} + 1*{  1169} + -1*{ 78 92} + -1*{ 80 94} + 1*{  4172} + 1*{  6174} + -1*{ 83 97} + -1*{ 77 91} + -1*{203} + 1*{  0168} = 0 

-0.125*{} + 1*{205205} + 1*{204204} = 0 

1*{ 96180} + 1*{ 91175} + 0.125*{} + 1*{ 97181} + -1*{204} + 1*{  2 86} + 1*{ 95179} + 1*{  6 90} + 1*{  5 89} + 1*{ 94178} + 1*{ 92176} + 1*{  1 85} + 1*{ 93177} + 1*{  0 84} + 1*{  3 87} + 1*{  4 88} = 0 

1*{  0175} + 1*{  5180} + -1*{ 86 93} + 1*{  4179} + 1*{  3178} + 1*{  1176} + -1*{205} + 1*{  2177} + -1*{ 88 95} + -1*{ 84 91} + -1*{ 90 97} + 1*{  6181} + -1*{ 89 96} + -1*{ 87 94} + -1*{ 85 92} = 0 

-0.125*{} + 1*{ 91 91} + 1*{  0  0} = 0 

-0.125*{} + 1*{  1  1} + 1*{ 92 92} = 0 

0.25*{ 92 95} + 0.125*{  2  2} + 0.25*{ 91 93} + 0.125*{ 93 93} + 0.0883883*{  3} + 0.25*{ 93 96} + 0.0883883*{  4} + 0.125*{  4  4} + 0.25*{  0  3} + 0.25*{ 91 94} + 0.25*{  4  5} + 0.25*{ 95 97} + 0.125*{ 96 96} + 0.25*{ 93 97} + 0.0883883*{  2} + 0.125*{ 91 91} + 0.125*{ 97 97} + 0.0883883*{  1} + 0.25*{  3  6} + 0.015625*{} + 0.25*{ 91 92} + 0.25*{  1  3} + 0.125*{ 94 94} + 0.25*{  1  5} + 0.25*{  1  6} + 0.25*{ 94 96} + 0.25*{ 91 95} + 0.125*{ 95 95} + 0.25*{  0  4} + 0.25*{ 91 96} + 0.25*{  0  2} + 0.25*{  4  6} + 0.0883883*{  6} + 0.25*{ 93 94} + 0.25*{ 96 97} + 0.25*{ 91 97} + 0.25*{ 93 95} + 0.25*{ 94 97} + 0.25*{  2  4} + 0.125*{  6  6} + 0.125*{  5  5} + 0.125*{  3  3} + 0.25*{  3  5} + 0.125*{  1  1} + 0.25*{ 92 93} + 0.25*{  0  5} + 0.0883883*{  5} + 0.125*{ 92 92} + 0.25*{ 95 96} + 0.25*{  0  6} + 0.25*{ 92 97} + 0.25*{  2  3} + 0.25*{  1  2} + 0.25*{  0  1} + 0.25*{ 92 96} + 0.125*{  0  0} + 0.25*{  5  6} + 0.0883883*{  0} + 0.25*{  2  6} + 0.25*{  2  5} + 0.25*{ 92 94} + 0.25*{ 94 95} + 0.25*{  3  4} + 0.25*{  1  4} = 0 

1*{ 99106} + 1*{103110} + 1*{102109} + 1*{ 12 19} + 1*{ 98105} + 1*{ 13 20} + 1*{  9 16} + 1*{101108} + 1*{104111} + 1*{ 10 17} + 0.125*{} + 1*{  7 14} + 1*{ 11 18} + 1*{100107} + 1*{  8 15} = 0 

-1*{ 15 99} + -1*{ 16100} + -1*{ 14 98} + 1*{  8106} + 1*{ 13111} + 1*{ 10108} + 1*{ 11109} + -1*{ 18102} + 1*{ 12110} + -1*{ 17101} + 1*{  7105} + -1*{ 20104} + 1*{  9107} + -1*{ 19103} = 0 

-0.125*{} + 1*{207207} + 1*{206206} = 0 

1*{  9 23} + -1*{206} + 0.125*{} + 1*{  8 22} + 1*{104118} + 1*{103117} + 1*{ 99113} + 1*{100114} + 1*{ 12 26} + 1*{101115} + 1*{ 13 27} + 1*{102116} + 1*{ 98112} + 1*{ 10 24} + 1*{ 11 25} + 1*{  7 21} = 0 

1*{ 10115} + 1*{  9114} + -1*{ 27104} + -1*{ 26103} + -1*{ 25102} + 1*{  8113} + -1*{207} + -1*{ 23100} + -1*{ 21 98} + -1*{ 22 99} + 1*{ 13118} + 1*{ 12117} + -1*{ 24101} + 1*{  7112} + 1*{ 11116} = 0 

-0.125*{} + 1*{208208} + 1*{209209} = 0 

-1*{208} + 1*{100121} + 1*{ 99120} + 1*{  7 28} + 1*{ 12 33} + 1*{  8 29} + 1*{ 10 31} + 1*{103124} + 0.125*{} + 1*{  9 30} + 1*{ 98119} + 1*{ 13 34} + 1*{101122} + 1*{ 11 32} + 1*{104125} + 1*{102123} = 0 

-1*{ 33103} + -1*{209} + 1*{ 13125} + 1*{ 11123} + -1*{ 34104} + 1*{  9121} + -1*{ 31101} + 1*{ 10122} + -1*{ 32102} + 1*{  8120} + -1*{ 29 99} + 1*{  7119} + -1*{ 30100} + -1*{ 28 98} + 1*{ 12124} = 0 

-0.125*{} + 1*{211211} + 1*{210210} = 0 

1*{ 10 38} + 1*{  8 36} + 1*{ 11 39} + 1*{ 99127} + 1*{  9 37} + 1*{101129} + -1*{210} + 1*{ 12 40} + 1*{ 98126} + 0.125*{} + 1*{104132} + 1*{102130} + 1*{ 13 41} + 1*{100128} + 1*{  7 35} + 1*{103131} = 0 

1*{ 13132} + -1*{ 40103} + 1*{ 10129} + -1*{ 36 99} + 1*{  9128} + -1*{ 37100} + 1*{  8127} + 1*{ 12131} + -1*{ 39102} + -1*{ 35 98} + -1*{ 41104} + -1*{ 38101} + -1*{211} + 1*{  7126} + 1*{ 11130} = 0 

-0.125*{} + 1*{213213} + 1*{212212} = 0 

1*{  7 42} + 1*{  9 44} + 1*{ 12 47} + 1*{103138} + 1*{ 11 46} + 1*{  8 43} + 1*{ 10 45} + 1*{ 13 48} + 1*{ 99134} + 0.125*{} + 1*{ 98133} + 1*{102137} + 1*{100135} + 1*{101136} + -1*{212} + 1*{104139} = 0 

-1*{ 45101} + 1*{  9135} + 1*{ 12138} + -1*{ 47103} + -1*{ 48104} + 1*{ 13139} + 1*{ 10136} + -1*{ 44100} + -1*{ 42 98} + 1*{  8134} + -1*{ 46102} + -1*{ 43 99} + 1*{  7133} + 1*{ 11137} + -1*{213} = 0 

-0.125*{} + 1*{215215} + 1*{214214} = 0 

1*{ 12 54} + 1*{ 11 53} + 1*{102144} + 1*{ 13 55} + 1*{103145} + 1*{100142} + -1*{214} + 1*{  8 50} + 1*{  9 51} + 1*{ 98140} + 1*{ 99141} + 1*{104146} + 0.125*{} + 1*{ 10 52} + 1*{101143} + 1*{  7 49} = 0 

-1*{ 55104} + 1*{ 11144} + 1*{ 10143} + -1*{ 51100} + 1*{  7140} + 1*{  8141} + 1*{  9142} + -1*{ 50 99} + -1*{ 54103} + -1*{215} + -1*{ 52101} + 1*{ 13146} + 1*{ 12145} + -1*{ 49 98} + -1*{ 53102} = 0 

-0.125*{} + 1*{217217} + 1*{216216} = 0 

0.125*{} + 1*{  8 57} + 1*{  9 58} + 1*{ 10 59} + 1*{103152} + 1*{ 13 62} + 1*{  7 56} + 1*{ 11 60} + 1*{100149} + 1*{102151} + -1*{216} + 1*{101150} + 1*{104153} + 1*{ 98147} + 1*{ 12 61} + 1*{ 99148} = 0 

1*{  9149} + -1*{ 62104} + 1*{ 12152} + -1*{ 58100} + -1*{ 59101} + -1*{ 61103} + -1*{ 57 99} + 1*{ 10150} + 1*{ 13153} + -1*{ 56 98} + 1*{  8148} + -1*{ 60102} + -1*{217} + 1*{  7147} + 1*{ 11151} = 0 

-0.125*{} + 1*{219219} + 1*{218218} = 0 

1*{100156} + 1*{ 98154} + 1*{ 10 66} + 1*{101157} + 1*{  9 65} + 1*{103159} + 1*{ 12 68} + 1*{ 99155} + 1*{102158} + 0.125*{} + 1*{104160} + 1*{  8 64} + 1*{ 11 67} + 1*{  7 63} + 1*{ 13 69} + -1*{218} = 0 

-1*{ 65100} + 1*{  7154} + 1*{ 11158} + -1*{ 67102} + 1*{ 12159} + -1*{ 66101} + 1*{ 13160} + 1*{ 10157} + 1*{  9156} + 1*{  8155} + -1*{ 63 98} + -1*{ 68103} + -1*{ 69104} + -1*{ 64 99} + -1*{219} = 0 

-0.125*{} + 1*{221221} + 1*{220220} = 0 

1*{  8 71} + 1*{ 98161} + 1*{100163} + 1*{ 10 73} + 0.125*{} + 1*{103166} + 1*{101164} + 1*{  7 70} + 1*{ 12 75} + 1*{ 99162} + 1*{102165} + 1*{ 11 74} + 1*{104167} + 1*{  9 72} + 1*{ 13 76} + -1*{220} = 0 

-1*{ 72100} + 1*{  9163} + 1*{ 11165} + -1*{ 73101} + 1*{ 12166} + 1*{ 10164} + -1*{ 74102} + -1*{221} + 1*{  8162} + -1*{ 70 98} + -1*{ 71 99} + -1*{ 75103} + -1*{ 76104} + 1*{ 13167} + 1*{  7161} = 0 

-0.125*{} + 1*{223223} + 1*{222222} = 0 

1*{104174} + 1*{ 98168} + 1*{ 12 82} + 1*{  7 77} + 1*{103173} + -1*{222} + 1*{ 11 81} + 1*{102172} + 1*{ 99169} + 1*{  9 79} + 0.125*{} + 1*{  8 78} + 1*{ 10 80} + 1*{100170} + 1*{ 13 83} + 1*{101171} = 0 

1*{ 10171} + -1*{ 80101} + 1*{ 11172} + -1*{ 81102} + -1*{ 83104} + -1*{223} + -1*{ 79100} + 1*{ 12173} + 1*{ 13174} + -1*{ 78 99} + -1*{ 77 98} + 1*{  9170} + 1*{  8169} + -1*{ 82103} + 1*{  7168} = 0 

1*{225225} + -0.125*{} + 1*{224224} = 0 

1*{101178} + 1*{ 12 89} + 1*{ 10 87} + 1*{103180} + 0.125*{} + 1*{  8 85} + 1*{  9 86} + -1*{224} + 1*{102179} + 1*{ 11 88} + 1*{ 13 90} + 1*{  7 84} + 1*{104181} + 1*{100177} + 1*{ 99176} + 1*{ 98175} = 0 

1*{  7175} + 1*{  8176} + -1*{ 89103} + 1*{ 13181} + 1*{ 12180} + -1*{ 86100} + -1*{ 84 98} + -1*{ 88102} + -1*{ 87101} + 1*{ 10178} + 1*{ 11179} + 1*{  9177} + -1*{ 90104} + -1*{225} + -1*{ 85 99} = 0 

-0.125*{} + 1*{  7  7} + 1*{ 98 98} = 0 

-0.125*{} + 1*{ 99 99} + 1*{  8  8} = 0 

0.25*{ 11 12} + 0.25*{102104} + 0.25*{ 98100} + 0.25*{102103} + 0.25*{  9 13} + 0.25*{  8 12} + 0.015625*{} + 0.25*{  7 11} + 0.0883883*{  8} + 0.25*{  8  9} + 0.125*{  9  9} + 0.25*{  7  9} + 0.125*{103103} + 0.0883883*{ 12} + 0.25*{  9 12} + 0.125*{102102} + 0.25*{100101} + 0.25*{ 98101} + 0.125*{ 10 10} + 0.25*{101102} + 0.25*{101103} + 0.25*{ 99102} + 0.25*{  8 11} + 0.25*{ 98 99} + 0.25*{  9 11} + 0.25*{100104} + 0.25*{  8 10} + 0.25*{  7 12} + 0.25*{ 99104} + 0.25*{ 10 13} + 0.125*{ 11 11} + 0.25*{ 10 12} + 0.25*{101104} + 0.25*{100103} + 0.125*{104104} + 0.0883883*{ 11} + 0.25*{  7  8} + 0.25*{100102} + 0.25*{ 98102} + 0.25*{ 11 13} + 0.125*{  8  8} + 0.0883883*{  7} + 0.125*{ 12 12} + 0.25*{ 12 13} + 0.0883883*{  9} + 0.125*{100100} + 0.125*{ 99 99} + 0.25*{ 98104} + 0.25*{103104} + 0.25*{  8 13} + 0.0883883*{ 10} + 0.25*{ 99100} + 0.25*{ 99101} + 0.25*{  7 13} + 0.25*{  9 10} + 0.125*{101101} + 0.125*{ 98 98} + 0.25*{ 10 11} + 0.25*{ 98103} + 0.25*{  7 10} + 0.125*{  7  7} + 0.25*{ 99103} + 0.0883883*{ 13} + 0.125*{ 13 13} = 0 

-0.125*{} + 1*{227227} + 1*{226226} = 0 

1*{ 15 22} + 1*{110117} + 1*{ 17 24} + 0.125*{} + 1*{107114} + 1*{ 19 26} + 1*{ 16 23} + 1*{105112} + 1*{ 18 25} + 1*{ 14 21} + 1*{111118} + -1*{226} + 1*{109116} + 1*{106113} + 1*{ 20 27} + 1*{108115} = 0 

-1*{227} + -1*{ 25109} + 1*{ 20118} + 1*{ 17115} + 1*{ 16114} + -1*{ 22106} + 1*{ 19117} + -1*{ 26110} + -1*{ 21105} + -1*{ 23107} + 1*{ 18116} + -1*{ 27111} + 1*{ 15113} + -1*{ 24108} + 1*{ 14112} = 0 

-0.125*{} + 1*{229229} + 1*{228228} = 0 

1*{ 19 33} + 1*{108122} + 0.125*{} + 1*{ 20 34} + 1*{106120} + 1*{111125} + 1*{110124} + 1*{ 16 30} + 1*{ 17 31} + 1*{107121} + 1*{105119} + -1*{228} + 1*{109123} + 1*{ 14 28} + 1*{ 18 32} + 1*{ 15 29} = 0 

-1*{229} + 1*{ 20125} + 1*{ 17122} + -1*{ 31108} + -1*{ 33110} + 1*{ 14119} + -1*{ 28105} + -1*{ 29106} + 1*{ 16121} + -1*{ 34111} + -1*{ 30107} + 1*{ 19124} + 1*{ 15120} + 1*{ 18123} + -1*{ 32109} = 0 

-0.125*{} + 1*{230230} + 1*{231231} = 0 

1*{ 17 38} + 1*{ 20 41} + 1*{105126} + 1*{ 19 40} + 1*{ 14 35} + 1*{ 18 39} + 1*{110131} + 1*{107128} + -1*{230} + 1*{ 15 36} + 0.125*{} + 1*{ 16 37} + 1*{106127} + 1*{111132} + 1*{108129} + 1*{109130} = 0 

1*{ 15127} + -1*{ 39109} + -1*{ 37107} + 1*{ 17129} + 1*{ 20132} + -1*{ 38108} + 1*{ 14126} + -1*{ 35105} + 1*{ 18130} + -1*{231} + -1*{ 36106} + 1*{ 16128} + -1*{ 40110} + -1*{ 41111} + 1*{ 19131} = 0 

-0.125*{} + 1*{233233} + 1*{232232} = 0 

1*{109137} + 1*{ 17 45} + 1*{111139} + 1*{ 19 47} + 1*{ 20 48} + 1*{ 14 42} + 1*{ 16 44} + 1*{110138} + 1*{106134} + 1*{ 18 46} + 0.125*{} + 1*{107135} + 1*{108136} + -1*{232} + 1*{105133} + 1*{ 15 43} = 0 

-1*{ 44107} + 1*{ 19138} + 1*{ 18137} + -1*{ 47110} + -1*{ 45108} + -1*{ 46109} + -1*{ 43106} + 1*{ 17136} + -1*{ 48111} + 1*{ 14133} + -1*{ 42105} + -1*{233} + 1*{ 16135} + 1*{ 20139} + 1*{ 15134} = 0 

-0.125*{} + 1*{235235} + 1*{234234} = 0 

1*{ 20 55} + 1*{110145} + 1*{ 14 49} + 1*{106141} + -1*{234} + 1*{ 16 51} + 1*{108143} + 1*{ 19 54} + 1*{ 18 53} + 1*{109144} + 1*{105140} + 1*{ 15 50} + 1*{107142} + 0.125*{} + 1*{ 17 52} + 1*{111146} = 0 

-1*{ 49105} + -1*{ 55111} + 1*{ 14140} + 1*{ 17143} + -1*{ 51107} + 1*{ 16142} + -1*{ 54110} + 1*{ 19145} + -1*{ 50106} + 1*{ 18144} + -1*{ 52108} + 1*{ 15141} + -1*{ 53109} + -1*{235} + 1*{ 20146} = 0 

-0.125*{} + 1*{237237} + 1*{236236} = 0 

1*{107149} + 1*{ 16 58} + 1*{105147} + 0.125*{} + 1*{108150} + 1*{ 14 56} + 1*{111153} + 1*{ 17 59} + 1*{106148} + 1*{ 15 57} + -1*{236} + 1*{ 20 62} + 1*{110152} + 1*{ 19 61} + 1*{109151} + 1*{ 18 60} = 0 

-1*{ 60109} + 1*{ 17150} + 1*{ 18151} + 1*{ 15148} + 1*{ 19152} + 1*{ 20153} + -1*{237} + -1*{ 61110} + -1*{ 59108} + 1*{ 16149} + -1*{ 56105} + -1*{ 58107} + -1*{ 62111} + 1*{ 14147} + -1*{ 57106} = 0 

-0.125*{} + 1*{239239} + 1*{238238} = 0 

1*{ 19 68} + 0.125*{} + 1*{ 16 65} + 1*{ 20 69} + 1*{106155} + 1*{ 14 63} + 1*{107156} + 1*{108157} + 1*{ 18 67} + 1*{ 15 64} + 1*{ 17 66} + -1*{238} + 1*{111160} + 1*{110159} + 1*{109158} + 1*{105154} = 0 

1*{ 19159} + 1*{ 15155} + -1*{ 66108} + 1*{ 20160} + 1*{ 18158} + -1*{ 65107} + -1*{ 68110} + 1*{ 17157} + -1*{239} + -1*{ 64106} + 1*{ 16156} + -1*{ 69111} + -1*{ 67109} + 1*{ 14154} + -1*{ 63105} = 0 

-0.125*{} + 1*{241241} + 1*{240240} = 0 

1*{ 18 74} + 1*{ 17 73} + 1*{ 14 70} + 1*{ 16 72} + 1*{110166} + 0.125*{} + 1*{111167} + 1*{106162} + 1*{109165} + 1*{105161} + 1*{ 15 71} + 1*{ 19 75} + 1*{108164} + 1*{107163} + -1*{240} + 1*{ 20 76} = 0 

1*{ 14161} + -1*{ 72107} + -1*{ 74109} + -1*{ 76111} + -1*{241} + 1*{ 15162} + -1*{ 70105} + 1*{ 19166} + -1*{ 75110} + 1*{ 18165} + 1*{ 20167} + -1*{ 73108} + 1*{ 17164} + 1*{ 16163} + -1*{ 71106} = 0 

-0.125*{} + 1*{243243} + 1*{242242} = 0 

1*{ 19 82} + 1*{ 14 77} + 0.125*{} + 1*{108171} + 1*{ 17 80} + 1*{107170} + 1*{106169} + 1*{111174} + 1*{105168} + 1*{110173} + 1*{ 20 83} + 1*{ 18 81} + 1*{109172} + 1*{ 16 79} + -1*{242} + 1*{ 15 78} = 0 

1*{ 18172} + -1*{ 80108} + -1*{ 83111} + 1*{ 19173} + -1*{ 79107} + -1*{ 77105} + 1*{ 17171} + 1*{ 20174} + 1*{ 15169} + -1*{243} + 1*{ 16170} + -1*{ 81109} + 1*{ 14168} + -1*{ 82110} + -1*{ 78106} = 0 

1*{245245} + -0.125*{} + 1*{244244} = 0 

1*{ 18 88} + 1*{106176} + 0.125*{} + 1*{107177} + 1*{109179} + -1*{244} + 1*{111181} + 1*{108178} + 1*{110180} + 1*{ 15 85} + 1*{ 14 84} + 1*{ 17 87} + 1*{ 16 86} + 1*{ 20 90} + 1*{105175} + 1*{ 19 89} = 0 

1*{ 14175} + -1*{ 84105} + -1*{ 86107} + 1*{ 19180} + -1*{ 90111} + -1*{ 87108} + 1*{ 20181} + -1*{245} + -1*{ 85106} + 1*{ 18179} + -1*{ 88109} + -1*{ 89110} + 1*{ 15176} + 1*{ 16177} + 1*{ 17178} = 0 

-0.125*{} + 1*{105105} + 1*{ 14 14} = 0 

-0.125*{} + 1*{106106} + 1*{ 15 15} = 0 

0.25*{ 14 17} + 0.0883883*{ 14} + 0.25*{108111} + 0.25*{ 15 16} + 0.25*{110111} + 0.25*{108110} + 0.125*{ 18 18} + 0.25*{106108} + 0.25*{ 14 20} + 0.25*{105107} + 0.0883883*{ 15} + 0.25*{ 16 18} + 0.125*{109109} + 0.25*{106109} + 0.25*{109110} + 0.25*{ 16 19} + 0.125*{106106} + 0.125*{110110} + 0.25*{ 16 17} + 0.125*{ 14 14} + 0.25*{105108} + 0.25*{ 14 15} + 0.25*{105106} + 0.25*{105110} + 0.25*{ 17 18} + 0.0883883*{ 18} + 0.25*{ 19 20} + 0.125*{111111} + 0.25*{ 14 18} + 0.25*{107111} + 0.25*{ 16 20} + 0.125*{107107} + 0.25*{106111} + 0.25*{107110} + 0.25*{107109} + 0.25*{ 17 20} + 0.25*{ 14 19} + 0.25*{109111} + 0.25*{105109} + 0.125*{ 20 20} + 0.25*{ 15 20} + 0.25*{107108} + 0.25*{106110} + 0.125*{108108} + 0.25*{108109} + 0.0883883*{ 19} + 0.125*{ 17 17} + 0.25*{ 14 16} + 0.25*{ 15 19} + 0.0883883*{ 20} + 0.25*{ 15 17} + 0.25*{ 17 19} + 0.25*{105111} + 0.25*{106107} + 0.0883883*{ 16} + 0.25*{ 18 19} + 0.125*{105105} + 0.125*{ 19 19} + 0.015625*{} + 0.25*{ 18 20} + 0.25*{ 15 18} + 0.125*{ 16 16} + 0.125*{ 15 15} + 0.0883883*{ 17} = 0 

1*{113120} + 1*{112119} + 1*{ 21 28} + 1*{ 22 29} + 1*{ 25 32} + 1*{ 23 30} + 1*{115122} + 1*{ 27 34} + 0.125*{} + 1*{114121} + 1*{118125} + 1*{116123} + 1*{117124} + 1*{ 26 33} + 1*{ 24 31} = 0 

-1*{ 28112} + 1*{ 23121} + -1*{ 29113} + 1*{ 27125} + 1*{ 26124} + 1*{ 24122} + -1*{ 32116} + -1*{ 30114} + 1*{ 22120} + -1*{ 34118} + 1*{ 21119} + -1*{ 31115} + -1*{ 33117} + 1*{ 25123} = 0 

-0.125*{} + 1*{247247} + 1*{246246} = 0 

1*{ 24 38} + 1*{112126} + 1*{116130} + 1*{ 25 39} + 0.125*{} + 1*{117131} + 1*{ 26 40} + 1*{ 21 35} + -1*{246} + 1*{ 22 36} + 1*{ 23 37} + 1*{118132} + 1*{114128} + 1*{113127} + 1*{ 27 41} + 1*{115129} = 0 

-1*{ 39116} + -1*{247} + 1*{ 26131} + 1*{ 23128} + -1*{ 38115} + -1*{ 36113} + 1*{ 25130} + 1*{ 22127} + 1*{ 24129} + -1*{ 37114} + 1*{ 27132} + -1*{ 35112} + -1*{ 40117} + 1*{ 21126} + -1*{ 41118} = 0 

-0.125*{} + 1*{249249} + 1*{248248} = 0 

1*{112133} + 1*{ 22 43} + 1*{ 23 44} + 1*{ 25 46} + 1*{113134} + 1*{ 24 45} + 1*{ 27 48} + 1*{117138} + 1*{115136} + 1*{ 26 47} + -1*{248} + 1*{118139} + 1*{114135} + 1*{ 21 42} + 0.125*{} + 1*{116137} = 0 

-1*{ 46116} + 1*{ 27139} + 1*{ 26138} + -1*{ 43113} + -1*{ 48118} + 1*{ 25137} + -1*{ 42112} + -1*{ 45115} + 1*{ 23135} + 1*{ 21133} + -1*{249} + 1*{ 24136} + -1*{ 47117} + 1*{ 22134} + -1*{ 44114} = 0 

-0.125*{} + 1*{251251} + 1*{250250} = 0 

1*{ 23 51} + 1*{112140} + 1*{115143} + 1*{ 26 54} + 1*{118146} + 1*{117145} + 1*{ 24 52} + 1*{116144} + 1*{ 27 55} + 1*{113141} + 1*{ 25 53} + -1*{250} + 1*{ 22 50} + 1*{ 21 49} + 0.125*{} + 1*{114142} = 0 

-1*{ 55118} + -1*{ 54117} + 1*{ 21140} + 1*{ 25144} + -1*{ 50113} + 1*{ 22141} + 1*{ 24143} + -1*{ 51114} + 1*{ 26145} + 1*{ 23142} + -1*{ 52115} + 1*{ 27146} + -1*{ 49112} + -1*{251} + -1*{ 53116} = 0 

-0.125*{} + 1*{253253} + 1*{252252} = 0 

1*{ 21 56} + 1*{117152} + 1*{112147} + 1*{ 25 60} + 1*{ 23 58} + 1*{116151} + 1*{ 24 59} + 1*{ 26 61} + 1*{118153} + 1*{115150} + 0.125*{} + 1*{ 22 57} + -1*{252} + 1*{114149} + 1*{ 27 62} + 1*{113148} = 0 

-1*{ 61117} + 1*{ 23149} + 1*{ 26152} + 1*{ 25151} + -1*{ 57113} + 1*{ 27153} + -1*{ 58114} + -1*{253} + -1*{ 59115} + -1*{ 56112} + 1*{ 24150} + -1*{ 60116} + 1*{ 22148} + 1*{ 21147} + -1*{ 62118} = 0 

-0.125*{} + 1*{255255} + 1*{254254} = 0 

1*{ 25 67} + 0.125*{} + 1*{ 21 63} + 1*{117159} + 1*{ 23 65} + 1*{ 27 69} + 1*{114156} + 1*{115157} + 1*{ 24 66} + -1*{254} + 1*{ 22 64} + 1*{113155} + 1*{116158} + 1*{112154} + 1*{118160} + 1*{ 26 68} = 0 

-1*{ 68117} + 1*{ 24157} + 1*{ 25158} + -1*{ 66115} + 1*{ 21154} + -1*{255} + 1*{ 26159} + 1*{ 27160} + 1*{ 23156} + 1*{ 22155} + -1*{ 64113} + -1*{ 67116} + -1*{ 63112} + -1*{ 65114} + -1*{ 69118} = 0 

-0.125*{} + 1*{257257} + 1*{256256} = 0 

1*{ 22 71} + 1*{115164} + 1*{ 24 73} + 0.125*{} + 1*{112161} + 1*{117166} + 1*{116165} + 1*{ 21 70} + 1*{ 23 72} + 1*{114163} + -1*{256} + 1*{118167} + 1*{ 27 76} + 1*{ 26 75} + 1*{ 25 74} + 1*{113162} = 0 

-1*{ 73115} + -1*{ 74116} + 1*{ 27167} + -1*{257} + 1*{ 23163} + 1*{ 21161} + 1*{ 25165} + 1*{ 26166} + -1*{ 75117} + 1*{ 24164} + -1*{ 70112} + -1*{ 76118} + 1*{ 22162} + -1*{ 71113} + -1*{ 72114} = 0 

-0.125*{} + 1*{259259} + 1*{258258} = 0 

1*{ 24 80} + 1*{117173} + 0.125*{} + 1*{ 27 83} + 1*{ 26 82} + 1*{ 21 77} + 1*{116172} + 1*{ 23 79} + 1*{114170} + 1*{113169} + 1*{118174} + 1*{115171} + 1*{ 25 81} + 1*{ 22 78} + -1*{258} + 1*{112168} = 0 

-1*{ 78113} + 1*{ 24171} + -1*{ 77112} + 1*{ 26173} + -1*{ 83118} + -1*{ 79114} + 1*{ 23170} + -1*{259} + -1*{ 81116} + 1*{ 27174} + 1*{ 22169} + -1*{ 80115} + 1*{ 25172} + -1*{ 82117} + 1*{ 21168} = 0 

-0.125*{} + 1*{261261} + 1*{260260} = 0 

-1*{260} + 1*{117180} + 1*{113176} + 1*{ 21 84} + 1*{115178} + 1*{ 23 86} + 1*{ 26 89} + 1*{ 24 87} + 1*{116179} + 1*{118181} + 1*{ 22 85} + 1*{114177} + 1*{112175} + 1*{ 25 88} + 1*{ 27 90} + 0.125*{} = 0 

-1*{ 87115} + -1*{ 88116} + 1*{ 24178} + -1*{261} + 1*{ 25179} + 1*{ 23177} + -1*{ 84112} + -1*{ 89117} + -1*{ 85113} + -1*{ 90118} + 1*{ 27181} + -1*{ 86114} + 1*{ 21175} + 1*{ 26180} + 1*{ 22176} = 0 

-0.125*{} + 1*{112112} + 1*{ 21 21} = 0 

-0.125*{} + 1*{113113} + 1*{ 22 22} = 0 

0.25*{ 22 27} + 0.125*{ 24 24} + 0.25*{ 21 24} + 0.25*{113117} + 0.25*{115117} + 0.125*{ 27 27} + 0.25*{ 23 26} + 0.25*{112117} + 0.0883883*{ 25} + 0.25*{113115} + 0.125*{112112} + 0.25*{115116} + 0.25*{ 22 24} + 0.25*{ 21 27} + 0.25*{112116} + 0.125*{118118} + 0.125*{115115} + 0.125*{117117} + 0.25*{ 22 26} + 0.125*{113113} + 0.25*{ 24 25} + 0.25*{ 22 25} + 0.25*{ 23 27} + 0.125*{ 22 22} + 0.25*{116117} + 0.25*{112114} + 0.25*{ 23 24} + 0.25*{ 25 26} + 0.25*{113118} + 0.25*{ 21 26} + 0.125*{ 26 26} + 0.25*{112118} + 0.0883883*{ 22} + 0.25*{ 21 23} + 0.0883883*{ 21} + 0.25*{114117} + 0.25*{ 23 25} + 0.0883883*{ 24} + 0.125*{ 21 21} + 0.25*{ 21 25} + 0.0883883*{ 26} + 0.25*{117118} + 0.25*{ 24 27} + 0.25*{114115} + 0.25*{ 26 27} + 0.25*{112115} + 0.125*{ 23 23} + 0.25*{116118} + 0.25*{113116} + 0.25*{113114} + 0.25*{115118} + 0.25*{114118} + 0.25*{114116} + 0.25*{ 25 27} + 0.25*{ 22 23} + 0.25*{112113} + 0.125*{114114} + 0.125*{116116} + 0.0883883*{ 27} + 0.125*{ 25 25} + 0.015625*{} + 0.25*{ 21 22} + 0.25*{ 24 26} + 0.0883883*{ 23} = 0 

-0.125*{} + 1*{263263} + 1*{262262} = 0 

1*{124131} + 1*{125132} + 1*{121128} + 1*{122129} + 1*{ 31 38} + 1*{120127} + 1*{123130} + 1*{ 34 41} + 1*{ 30 37} + 1*{ 33 40} + 1*{ 32 39} + -1*{262} + 0.125*{} + 1*{ 29 36} + 1*{ 28 35} + 1*{119126} = 0 

-1*{ 40124} + 1*{ 28126} + 1*{ 33131} + 1*{ 34132} + 1*{ 31129} + -1*{263} + -1*{ 39123} + 1*{ 30128} + -1*{ 37121} + -1*{ 41125} + -1*{ 36120} + 1*{ 29127} + -1*{ 35119} + -1*{ 38122} + 1*{ 32130} = 0 

-0.125*{} + 1*{265265} + 1*{264264} = 0 

0.125*{} + 1*{ 30 44} + 1*{119133} + 1*{ 34 48} + 1*{122136} + -1*{264} + 1*{124138} + 1*{121135} + 1*{ 32 46} + 1*{120134} + 1*{ 28 42} + 1*{123137} + 1*{ 33 47} + 1*{125139} + 1*{ 31 45} + 1*{ 29 43} = 0 

-1*{ 44121} + 1*{ 29134} + 1*{ 31136} + -1*{265} + 1*{ 28133} + 1*{ 33138} + 1*{ 30135} + -1*{ 46123} + -1*{ 47124} + -1*{ 42119} + -1*{ 48125} + 1*{ 34139} + -1*{ 43120} + 1*{ 32137} + -1*{ 45122} = 0 

-0.125*{} + 1*{267267} + 1*{266266} = 0 

1*{120141} + 1*{ 32 53} + 1*{ 31 52} + 1*{123144} + 1*{121142} + 1*{ 33 54} + 1*{122143} + 1*{ 29 50} + 0.125*{} + 1*{119140} + 1*{125146} + 1*{ 28 49} + 1*{ 30 51} + 1*{124145} + -1*{266} + 1*{ 34 55} = 0 

-1*{ 52122} + 1*{ 34146} + -1*{ 54124} + 1*{ 29141} + 1*{ 28140} + -1*{ 50120} + 1*{ 31143} + 1*{ 30142} + 1*{ 33145} + -1*{ 53123} + 1*{ 32144} + -1*{ 51121} + -1*{267} + -1*{ 55125} + -1*{ 49119} = 0 

1*{269269} + -0.125*{} + 1*{268268} = 0 

1*{119147} + 1*{121149} + 1*{123151} + 1*{ 28 56} + 0.125*{} + 1*{ 34 62} + -1*{268} + 1*{125153} + 1*{ 31 59} + 1*{124152} + 1*{120148} + 1*{ 33 61} + 1*{ 32 60} + 1*{ 30 58} + 1*{122150} + 1*{ 29 57} = 0 

1*{ 34153} + -1*{269} + 1*{ 33152} + -1*{ 61124} + 1*{ 32151} + -1*{ 62125} + -1*{ 57120} + 1*{ 29148} + -1*{ 58121} + 1*{ 28147} + -1*{ 56119} + 1*{ 31150} + 1*{ 30149} + -1*{ 59122} + -1*{ 60123} = 0 

-0.125*{} + 1*{271271} + 1*{270270} = 0 

1*{124159} + 1*{ 30 65} + 1*{ 28 63} + 1*{ 34 69} + 1*{ 29 64} + 1*{ 33 68} + 1*{125160} + 1*{ 31 66} + 1*{121156} + 1*{119154} + 1*{122157} + 1*{123158} + 1*{120155} + -1*{270} + 1*{ 32 67} + 0.125*{} = 0 

-1*{ 66122} + -1*{ 64120} + 1*{ 31157} + 1*{ 32158} + -1*{ 65121} + -1*{271} + -1*{ 63119} + 1*{ 28154} + 1*{ 29155} + -1*{ 68124} + -1*{ 69125} + -1*{ 67123} + 1*{ 33159} + 1*{ 34160} + 1*{ 30156} = 0 

-0.125*{} + 1*{273273} + 1*{272272} = 0 

0.125*{} + 1*{ 32 74} + 1*{124166} + 1*{123165} + 1*{ 33 75} + 1*{121163} + 1*{ 34 76} + 1*{120162} + 1*{122164} + 1*{ 29 71} + 1*{ 31 73} + 1*{ 30 72} + -1*{272} + 1*{119161} + 1*{125167} + 1*{ 28 70} = 0 

-1*{273} + 1*{ 33166} + 1*{ 30163} + -1*{ 76125} + -1*{ 71120} + -1*{ 73122} + 1*{ 31164} + -1*{ 74123} + 1*{ 29162} + 1*{ 32165} + -1*{ 75124} + -1*{ 72121} + 1*{ 28161} + -1*{ 70119} + 1*{ 34167} = 0 

-0.125*{} + 1*{275275} + 1*{274274} = 0 

1*{ 34 83} + 1*{120169} + -1*{274} + 1*{ 29 78} + 1*{122171} + 1*{ 28 77} + 1*{ 33 82} + 1*{ 30 79} + 1*{125174} + 1*{ 31 80} + 1*{123172} + 0.125*{} + 1*{119168} + 1*{ 32 81} + 1*{121170} + 1*{124173} = 0 

-1*{ 82124} + 1*{ 34174} + -1*{ 79121} + -1*{ 81123} + -1*{275} + 1*{ 31171} + -1*{ 83125} + 1*{ 29169} + -1*{ 78120} + -1*{ 80122} + 1*{ 30170} + 1*{ 33173} + 1*{ 28168} + -1*{ 77119} + 1*{ 32172} = 0 

-0.125*{} + 1*{277277} + 1*{276276} = 0 

1*{125181} + 1*{ 33 89} + 1*{123179} + 1*{ 28 84} + 1*{ 34 90} + 1*{119175} + 1*{ 29 85} + 1*{122178} + -1*{276} + 1*{ 31 87} + 1*{121177} + 1*{ 30 86} + 1*{ 32 88} + 1*{124180} + 0.125*{} + 1*{120176} = 0 

-1*{ 89124} + -1*{ 84119} + -1*{ 88123} + -1*{ 86121} + 1*{ 33180} + -1*{ 85120} + -1*{ 87122} + 1*{ 28175} + 1*{ 32179} + 1*{ 31178} + 1*{ 34181} + 1*{ 30177} + -1*{277} + -1*{ 90125} + 1*{ 29176} = 0 

-0.125*{} + 1*{119119} + 1*{ 28 28} = 0 

-0.125*{} + 1*{120120} + 1*{ 29 29} = 0 

0.25*{121123} + 0.25*{ 28 32} + 0.125*{122122} + 0.0883883*{ 30} + 0.25*{121124} + 0.125*{ 30 30} + 0.25*{ 30 32} + 0.25*{ 30 33} + 0.25*{119121} + 0.25*{122125} + 0.25*{121122} + 0.25*{122124} + 0.25*{ 30 34} + 0.125*{120120} + 0.0883883*{ 32} + 0.25*{ 28 31} + 0.25*{ 31 34} + 0.25*{ 30 31} + 0.25*{ 28 29} + 0.125*{123123} + 0.0883883*{ 34} + 0.25*{120121} + 0.125*{ 28 28} + 0.25*{ 28 30} + 0.25*{ 31 32} + 0.25*{119125} + 0.125*{ 33 33} + 0.125*{ 29 29} + 0.25*{119123} + 0.0883883*{ 33} + 0.25*{ 28 33} + 0.25*{ 32 33} + 0.25*{ 29 32} + 0.0883883*{ 28} + 0.125*{121121} + 0.25*{ 32 34} + 0.25*{ 29 30} + 0.25*{120124} + 0.015625*{} + 0.25*{ 28 34} + 0.0883883*{ 31} + 0.125*{124124} + 0.0883883*{ 29} + 0.25*{119122} + 0.25*{119124} + 0.125*{119119} + 0.125*{125125} + 0.25*{123124} + 0.25*{ 29 31} + 0.25*{120122} + 0.125*{ 32 32} + 0.25*{120123} + 0.125*{ 34 34} + 0.25*{ 29 34} + 0.25*{119120} + 0.25*{ 33 34} + 0.25*{ 29 33} + 0.25*{122123} + 0.125*{ 31 31} + 0.25*{121125} + 0.25*{ 31 33} + 0.25*{124125} + 0.25*{123125} + 0.25*{120125} = 0 

1*{ 37 44} + 1*{ 41 48} + 1*{130137} + 0.125*{} + 1*{ 38 45} + 1*{ 40 47} + 1*{127134} + 1*{ 35 42} + 1*{132139} + 1*{ 39 46} + 1*{126133} + 1*{ 36 43} + 1*{129136} + 1*{128135} + 1*{131138} = 0 

-1*{ 46130} + -1*{ 44128} + 1*{ 41139} + 1*{ 36134} + 1*{ 39137} + 1*{ 37135} + -1*{ 47131} + -1*{ 45129} + 1*{ 38136} + -1*{ 42126} + 1*{ 35133} + 1*{ 40138} + -1*{ 48132} + -1*{ 43127} = 0 

-0.125*{} + 1*{279279} + 1*{278278} = 0 

1*{ 35 49} + 1*{131145} + 1*{129143} + 1*{ 39 53} + 1*{127141} + 1*{ 41 55} + 1*{126140} + 1*{ 38 52} + 1*{130144} + -1*{278} + 1*{ 37 51} + 0.125*{} + 1*{ 40 54} + 1*{ 36 50} + 1*{132146} + 1*{128142} = 0 

-1*{279} + -1*{ 51128} + 1*{ 38143} + -1*{ 53130} + -1*{ 54131} + 1*{ 37142} + 1*{ 39144} + 1*{ 36141} + -1*{ 55132} + -1*{ 52129} + -1*{ 49126} + 1*{ 35140} + -1*{ 50127} + 1*{ 41146} + 1*{ 40145} = 0 

-0.125*{} + 1*{281281} + 1*{280280} = 0 

1*{ 38 59} + 1*{128149} + 1*{131152} + 1*{ 41 62} + 1*{130151} + 1*{126147} + 1*{132153} + 1*{ 35 56} + 1*{129150} + 1*{ 36 57} + 1*{127148} + 0.125*{} + 1*{ 40 61} + 1*{ 39 60} + 1*{ 37 58} + -1*{280} = 0 

1*{ 40152} + 1*{ 35147} + 1*{ 39151} + 1*{ 41153} + -1*{ 61131} + -1*{281} + -1*{ 62132} + 1*{ 38150} + -1*{ 58128} + -1*{ 56126} + 1*{ 36148} + 1*{ 37149} + -1*{ 60130} + -1*{ 57127} + -1*{ 59129} = 0 

1*{283283} + -0.125*{} + 1*{282282} = 0 

0.125*{} + 1*{ 37 65} + 1*{ 35 63} + 1*{126154} + 1*{ 39 67} + 1*{132160} + 1*{ 41 69} + 1*{ 36 64} + 1*{130158} + 1*{127155} + -1*{282} + 1*{ 40 68} + 1*{128156} + 1*{131159} + 1*{ 38 66} + 1*{129157} = 0 

1*{ 36155} + -1*{ 69132} + -1*{ 65128} + 1*{ 41160} + -1*{ 63126} + -1*{ 64127} + -1*{ 68131} + 1*{ 35154} + 1*{ 40159} + 1*{ 37156} + 1*{ 39158} + -1*{ 67130} + 1*{ 38157} + -1*{ 66129} + -1*{283} = 0 

-0.125*{} + 1*{285285} + 1*{284284} = 0 

1*{129164} + 1*{ 35 70} + 1*{ 41 76} + 1*{ 36 71} + 1*{ 39 74} + 1*{132167} + 1*{ 38 73} + 1*{126161} + 1*{127162} + 0.125*{} + 1*{128163} + 1*{ 37 72} + -1*{284} + 1*{131166} + 1*{ 40 75} + 1*{130165} = 0 

1*{ 36162} + -1*{ 75131} + 1*{ 35161} + 1*{ 38164} + -1*{285} + 1*{ 41167} + -1*{ 74130} + -1*{ 73129} + -1*{ 70126} + 1*{ 40166} + -1*{ 72128} + -1*{ 76132} + 1*{ 39165} + -1*{ 71127} + 1*{ 37163} = 0 

-0.125*{} + 1*{287287} + 1*{286286} = 0 

1*{ 36 78} + 1*{126168} + 1*{130172} + 0.125*{} + 1*{132174} + 1*{ 40 82} + -1*{286} + 1*{129171} + 1*{ 41 83} + 1*{ 35 77} + 1*{ 39 81} + 1*{127169} + 1*{131173} + 1*{128170} + 1*{ 37 79} + 1*{ 38 80} = 0 

1*{ 38171} + 1*{ 39172} + -1*{ 83132} + -1*{ 81130} + -1*{ 80129} + -1*{ 78127} + -1*{ 82131} + -1*{ 79128} + 1*{ 41174} + -1*{287} + -1*{ 77126} + 1*{ 35168} + 1*{ 36169} + 1*{ 40173} + 1*{ 37170} = 0 

1*{289289} + -0.125*{} + 1*{288288} = 0 

1*{ 39 88} + 1*{ 36 85} + 1*{128177} + 0.125*{} + 1*{ 37 86} + 1*{ 35 84} + 1*{ 38 87} + 1*{127176} + 1*{131180} + 1*{130179} + 1*{ 40 89} + 1*{132181} + -1*{288} + 1*{129178} + 1*{126175} + 1*{ 41 90} = 0 

-1*{ 90132} + 1*{ 38178} + -1*{ 85127} + -1*{ 88130} + -1*{289} + 1*{ 36176} + 1*{ 41181} + -1*{ 84126} + -1*{ 87129} + 1*{ 39179} + -1*{ 89131} + -1*{ 86128} + 1*{ 35175} + 1*{ 40180} + 1*{ 37177} = 0 

-0.125*{} + 1*{126126} + 1*{ 35 35} = 0 

-0.125*{} + 1*{127127} + 1*{ 36 36} = 0 

0.125*{ 41 41} + 0.125*{ 36 36} + 0.125*{ 37 37} + 0.25*{ 38 41} + 0.125*{132132} + 0.25*{126131} + 0.25*{ 35 37} + 0.25*{126132} + 0.0883883*{ 40} + 0.015625*{} + 0.0883883*{ 38} + 0.25*{ 38 39} + 0.125*{126126} + 0.25*{ 39 41} + 0.25*{ 37 41} + 0.25*{127129} + 0.25*{128131} + 0.25*{131132} + 0.25*{ 39 40} + 0.25*{ 35 36} + 0.25*{ 37 38} + 0.25*{ 36 38} + 0.25*{130132} + 0.125*{ 35 35} + 0.0883883*{ 41} + 0.25*{ 36 37} + 0.25*{ 36 40} + 0.25*{126127} + 0.25*{ 37 39} + 0.25*{ 35 39} + 0.0883883*{ 35} + 0.25*{129131} + 0.25*{ 35 41} + 0.125*{127127} + 0.125*{130130} + 0.125*{ 38 38} + 0.0883883*{ 37} + 0.25*{ 38 40} + 0.25*{127130} + 0.0883883*{ 36} + 0.0883883*{ 39} + 0.25*{ 40 41} + 0.25*{ 35 38} + 0.25*{127132} + 0.125*{131131} + 0.125*{129129} + 0.25*{128130} + 0.25*{126130} + 0.25*{126129} + 0.25*{128132} + 0.25*{ 37 40} + 0.125*{128128} + 0.25*{130131} + 0.25*{128129} + 0.25*{ 36 41} + 0.125*{ 39 39} + 0.25*{126128} + 0.25*{127128} + 0.25*{ 36 39} + 0.25*{ 35 40} + 0.25*{129132} + 0.125*{ 40 40} + 0.25*{127131} + 0.25*{129130} = 0 

-0.125*{} + 1*{291291} + 1*{290290} = 0 

1*{135142} + 1*{ 45 52} + 1*{ 46 53} + 1*{ 44 51} + 1*{ 48 55} + 0.125*{} + 1*{134141} + 1*{ 47 54} + 1*{ 42 49} + -1*{290} + 1*{133140} + 1*{136143} + 1*{139146} + 1*{137144} + 1*{138145} + 1*{ 43 50} = 0 

1*{ 44142} + -1*{ 51135} + -1*{ 54138} + -1*{ 53137} + 1*{ 42140} + 1*{ 46144} + -1*{ 49133} + -1*{291} + 1*{ 48146} + 1*{ 47145} + -1*{ 50134} + 1*{ 43141} + -1*{ 55139} + -1*{ 52136} + 1*{ 45143} = 0 

1*{293293} + -0.125*{} + 1*{292292} = 0 

0.125*{} + 1*{ 42 56} + -1*{292} + 1*{136150} + 1*{138152} + 1*{134148} + 1*{ 45 59} + 1*{135149} + 1*{ 43 57} + 1*{ 47 61} + 1*{137151} + 1*{133147} + 1*{ 44 58} + 1*{139153} + 1*{ 48 62} + 1*{ 46 60} = 0 

1*{ 44149} + -1*{293} + -1*{ 61138} + -1*{ 60137} + -1*{ 62139} + -1*{ 57134} + 1*{ 46151} + 1*{ 47152} + -1*{ 58135} + 1*{ 45150} + 1*{ 43148} + 1*{ 42147} + -1*{ 59136} + -1*{ 56133} + 1*{ 48153} = 0 

-0.125*{} + 1*{295295} + 1*{294294} = 0 

1*{137158} + 1*{ 42 63} + 1*{139160} + 1*{138159} + 1*{136157} + 1*{ 44 65} + 1*{133154} + 1*{ 48 69} + 1*{134155} + 1*{ 47 68} + 1*{ 45 66} + 1*{ 43 64} + 0.125*{} + -1*{294} + 1*{135156} + 1*{ 46 67} = 0 

1*{ 46158} + 1*{ 44156} + -1*{ 65135} + -1*{ 69139} + 1*{ 43155} + 1*{ 45157} + -1*{295} + -1*{ 68138} + -1*{ 66136} + 1*{ 47159} + -1*{ 67137} + -1*{ 63133} + -1*{ 64134} + 1*{ 48160} + 1*{ 42154} = 0 

-0.125*{} + 1*{297297} + 1*{296296} = 0 

1*{ 43 71} + 1*{ 45 73} + 1*{136164} + 1*{ 44 72} + 1*{134162} + 1*{ 48 76} + 1*{138166} + 1*{139167} + 1*{135163} + 1*{133161} + 1*{ 46 74} + 1*{ 42 70} + 0.125*{} + 1*{137165} + -1*{296} + 1*{ 47 75} = 0 

-1*{ 75138} + -1*{ 70133} + -1*{297} + 1*{ 44163} + -1*{ 72135} + 1*{ 46165} + -1*{ 71134} + 1*{ 47166} + -1*{ 73136} + 1*{ 43162} + 1*{ 42161} + 1*{ 48167} + 1*{ 45164} + -1*{ 74137} + -1*{ 76139} = 0 

1*{299299} + -0.125*{} + 1*{298298} = 0 

1*{ 44 79} + 1*{137172} + 1*{135170} + 1*{ 48 83} + 1*{139174} + -1*{298} + 1*{ 45 80} + 1*{ 43 78} + 1*{ 47 82} + 1*{136171} + 0.125*{} + 1*{ 42 77} + 1*{133168} + 1*{134169} + 1*{138173} + 1*{ 46 81} = 0 

1*{ 42168} + 1*{ 46172} + 1*{ 45171} + -1*{ 81137} + 1*{ 44170} + -1*{ 83139} + 1*{ 47173} + 1*{ 48174} + -1*{ 80136} + -1*{ 77133} + -1*{ 79135} + 1*{ 43169} + -1*{299} + -1*{ 82138} + -1*{ 78134} = 0 

-0.125*{} + 1*{301301} + 1*{300300} = 0 

1*{136178} + 1*{133175} + 1*{ 48 90} + 1*{ 43 85} + 0.125*{} + 1*{ 42 84} + 1*{138180} + 1*{134176} + 1*{135177} + 1*{137179} + -1*{300} + 1*{ 44 86} + 1*{ 45 87} + 1*{ 46 88} + 1*{ 47 89} + 1*{139181} = 0 

1*{ 48181} + 1*{ 43176} + -1*{ 88137} + 1*{ 47180} + -1*{ 89138} + 1*{ 46179} + -1*{ 86135} + 1*{ 42175} + -1*{301} + -1*{ 90139} + -1*{ 87136} + 1*{ 44177} + 1*{ 45178} + -1*{ 84133} + -1*{ 85134} = 0 

-0.125*{} + 1*{133133} + 1*{ 42 42} = 0 

-0.125*{} + 1*{134134} + 1*{ 43 43} = 0 

0.25*{ 46 48} + 0.25*{134135} + 0.25*{136137} + 0.25*{ 42 45} + 0.0883883*{ 47} + 0.015625*{} + 0.25*{134137} + 0.25*{ 45 47} + 0.125*{ 46 46} + 0.25*{133134} + 0.25*{133136} + 0.0883883*{ 48} + 0.0883883*{ 44} + 0.25*{ 43 48} + 0.125*{133133} + 0.25*{ 42 43} + 0.25*{134139} + 0.25*{ 42 48} + 0.125*{ 48 48} + 0.125*{ 45 45} + 0.25*{134136} + 0.125*{137137} + 0.25*{ 42 47} + 0.25*{135139} + 0.0883883*{ 43} + 0.25*{135137} + 0.0883883*{ 46} + 0.25*{137138} + 0.25*{ 42 46} + 0.125*{ 43 43} + 0.25*{ 42 44} + 0.25*{133138} + 0.25*{ 43 45} + 0.25*{137139} + 0.25*{ 43 44} + 0.25*{ 44 47} + 0.25*{ 43 47} + 0.125*{134134} + 0.25*{133139} + 0.25*{ 45 48} + 0.125*{ 44 44} + 0.25*{ 44 46} + 0.125*{135135} + 0.25*{136139} + 0.125*{136136} + 0.125*{139139} + 0.25*{134138} + 0.25*{133135} + 0.25*{133137} + 0.25*{135138} + 0.25*{ 44 45} + 0.0883883*{ 45} + 0.25*{ 46 47} + 0.125*{138138} + 0.125*{ 47 47} + 0.0883883*{ 42} + 0.25*{136138} + 0.25*{ 45 46} + 0.125*{ 42 42} + 0.25*{ 43 46} + 0.25*{ 44 48} + 0.25*{135136} + 0.25*{138139} + 0.25*{ 47 48} = 0 

1*{141148} + 1*{ 49 56} + 1*{140147} + 1*{ 54 61} + 1*{ 53 60} + 1*{144151} + 0.125*{} + 1*{ 55 62} + 1*{ 51 58} + 1*{143150} + 1*{ 50 57} + 1*{146153} + 1*{142149} + 1*{145152} + 1*{ 52 59} = 0 

-1*{ 60144} + 1*{ 51149} + -1*{ 59143} + -1*{ 58142} + -1*{ 57141} + 1*{ 50148} + 1*{ 55153} + -1*{ 61145} + 1*{ 54152} + -1*{ 56140} + -1*{ 62146} + 1*{ 52150} + 1*{ 53151} + 1*{ 49147} = 0 

-0.125*{} + 1*{303303} + 1*{302302} = 0 

1*{ 49 63} + 1*{ 50 64} + 1*{143157} + 1*{144158} + 1*{ 52 66} + 0.125*{} + 1*{142156} + 1*{145159} + 1*{141155} + 1*{ 53 67} + 1*{ 54 68} + 1*{ 55 69} + 1*{ 51 65} + -1*{302} + 1*{146160} + 1*{140154} = 0 

1*{ 53158} + 1*{ 50155} + 1*{ 54159} + 1*{ 51156} + -1*{ 68145} + 1*{ 52157} + -1*{ 67144} + 1*{ 55160} + -1*{303} + -1*{ 65142} + -1*{ 63140} + -1*{ 64141} + 1*{ 49154} + -1*{ 66143} + -1*{ 69146} = 0 

-0.125*{} + 1*{305305} + 1*{304304} = 0 

1*{ 50 71} + 1*{ 54 75} + 1*{146167} + 1*{142163} + 1*{144165} + 1*{141162} + 1*{ 52 73} + 1*{ 53 74} + 1*{145166} + 0.125*{} + 1*{143164} + -1*{304} + 1*{140161} + 1*{ 55 76} + 1*{ 49 70} + 1*{ 51 72} = 0 

-1*{ 73143} + 1*{ 49161} + -1*{ 76146} + 1*{ 50162} + 1*{ 52164} + 1*{ 53165} + -1*{ 71141} + 1*{ 51163} + -1*{305} + -1*{ 75145} + -1*{ 70140} + -1*{ 74144} + -1*{ 72142} + 1*{ 55167} + 1*{ 54166} = 0 

-0.125*{} + 1*{307307} + 1*{306306} = 0 

1*{146174} + 1*{ 49 77} + 1*{144172} + 0.125*{} + 1*{145173} + 1*{140168} + 1*{ 51 79} + 1*{ 50 78} + 1*{ 54 82} + -1*{306} + 1*{ 52 80} + 1*{141169} + 1*{142170} + 1*{ 53 81} + 1*{ 55 83} + 1*{143171} = 0 

-1*{ 82145} + 1*{ 51170} + -1*{ 81144} + 1*{ 50169} + -1*{ 78141} + 1*{ 55174} + -1*{ 83146} + -1*{307} + -1*{ 80143} + 1*{ 49168} + 1*{ 54173} + 1*{ 52171} + 1*{ 53172} + -1*{ 77140} + -1*{ 79142} = 0 

-0.125*{} + 1*{309309} + 1*{308308} = 0 

1*{146181} + 1*{141176} + 1*{ 49 84} + 1*{144179} + 1*{143178} + 1*{ 53 88} + 0.125*{} + 1*{142177} + 1*{140175} + 1*{ 54 89} + 1*{ 52 87} + 1*{145180} + -1*{308} + 1*{ 55 90} + 1*{ 50 85} + 1*{ 51 86} = 0 

-1*{ 88144} + 1*{ 53179} + 1*{ 49175} + -1*{ 90146} + -1*{ 87143} + -1*{ 84140} + 1*{ 54180} + -1*{ 89145} + -1*{ 85141} + -1*{309} + -1*{ 86142} + 1*{ 50176} + 1*{ 52178} + 1*{ 51177} + 1*{ 55181} = 0 

-0.125*{} + 1*{140140} + 1*{ 49 49} = 0 

-0.125*{} + 1*{141141} + 1*{ 50 50} = 0 

0.25*{142146} + 0.125*{146146} + 0.25*{ 49 54} + 0.25*{ 54 55} + 0.25*{141143} + 0.0883883*{ 55} + 0.125*{ 49 49} + 0.0883883*{ 51} + 0.25*{142143} + 0.25*{140141} + 0.125*{ 50 50} + 0.25*{140144} + 0.0883883*{ 54} + 0.25*{ 51 55} + 0.25*{ 50 54} + 0.0883883*{ 52} + 0.25*{142144} + 0.25*{142145} + 0.0883883*{ 53} + 0.25*{140142} + 0.25*{141145} + 0.25*{144146} + 0.25*{143146} + 0.25*{ 50 55} + 0.25*{ 51 52} + 0.125*{144144} + 0.25*{141142} + 0.0883883*{ 49} + 0.25*{ 50 53} + 0.25*{140143} + 0.25*{ 52 54} + 0.25*{145146} + 0.25*{143145} + 0.25*{ 51 54} + 0.125*{ 52 52} + 0.25*{143144} + 0.25*{ 51 53} + 0.125*{ 54 54} + 0.125*{ 53 53} + 0.25*{141144} + 0.0883883*{ 50} + 0.125*{141141} + 0.125*{ 55 55} + 0.125*{145145} + 0.25*{144145} + 0.125*{143143} + 0.25*{ 52 55} + 0.25*{ 49 55} + 0.125*{142142} + 0.25*{ 50 51} + 0.25*{140146} + 0.25*{ 49 53} + 0.125*{140140} + 0.015625*{} + 0.25*{ 49 52} + 0.25*{ 53 55} + 0.25*{ 49 50} + 0.25*{ 53 54} + 0.25*{141146} + 0.125*{ 51 51} + 0.25*{140145} + 0.25*{ 52 53} + 0.25*{ 50 52} + 0.25*{ 49 51} = 0 

-0.125*{} + 1*{311311} + 1*{310310} = 0 

0.125*{} + 1*{ 58 65} + 1*{147154} + 1*{153160} + 1*{ 62 69} + 1*{ 59 66} + 1*{ 57 64} + -1*{310} + 1*{ 60 67} + 1*{150157} + 1*{ 61 68} + 1*{152159} + 1*{151158} + 1*{148155} + 1*{149156} + 1*{ 56 63} = 0 

1*{ 60158} + -1*{ 66150} + 1*{ 61159} + -1*{311} + -1*{ 63147} + 1*{ 62160} + 1*{ 57155} + 1*{ 56154} + 1*{ 58156} + -1*{ 69153} + -1*{ 68152} + 1*{ 59157} + -1*{ 64148} + -1*{ 65149} + -1*{ 67151} = 0 

1*{313313} + -0.125*{} + 1*{312312} = 0 

1*{ 58 72} + 1*{ 60 74} + 1*{ 57 71} + 1*{ 62 76} + 1*{150164} + 1*{ 59 73} + 1*{152166} + 1*{149163} + 1*{ 56 70} + -1*{312} + 1*{148162} + 1*{153167} + 0.125*{} + 1*{151165} + 1*{147161} + 1*{ 61 75} = 0 

-1*{ 72149} + 1*{ 60165} + -1*{ 71148} + 1*{ 56161} + -1*{ 73150} + 1*{ 59164} + -1*{ 76153} + 1*{ 58163} + -1*{ 75152} + 1*{ 57162} + -1*{ 70147} + -1*{ 74151} + -1*{313} + 1*{ 61166} + 1*{ 62167} = 0 

-0.125*{} + 1*{315315} + 1*{314314} = 0 

-1*{314} + 1*{ 57 78} + 1*{149170} + 1*{ 59 80} + 1*{153174} + 1*{147168} + 1*{151172} + 1*{ 61 82} + 1*{ 56 77} + 0.125*{} + 1*{152173} + 1*{ 58 79} + 1*{ 62 83} + 1*{ 60 81} + 1*{150171} + 1*{148169} = 0 

-1*{ 79149} + 1*{ 60172} + 1*{ 61173} + -1*{ 82152} + -1*{ 77147} + 1*{ 58170} + 1*{ 56168} + 1*{ 59171} + -1*{315} + -1*{ 81151} + -1*{ 83153} + 1*{ 62174} + -1*{ 80150} + 1*{ 57169} + -1*{ 78148} = 0 

-0.125*{} + 1*{317317} + 1*{316316} = 0 

1*{148176} + 1*{150178} + 1*{153181} + 0.125*{} + 1*{151179} + 1*{ 58 86} + -1*{316} + 1*{149177} + 1*{ 60 88} + 1*{147175} + 1*{ 59 87} + 1*{152180} + 1*{ 57 85} + 1*{ 56 84} + 1*{ 61 89} + 1*{ 62 90} = 0 

-1*{ 88151} + -1*{ 86149} + -1*{317} + 1*{ 60179} + -1*{ 84147} + -1*{ 87150} + -1*{ 90153} + 1*{ 58177} + -1*{ 89152} + 1*{ 56175} + 1*{ 57176} + -1*{ 85148} + 1*{ 61180} + 1*{ 62181} + 1*{ 59178} = 0 

-0.125*{} + 1*{147147} + 1*{ 56 56} = 0 

1*{148148} + -0.125*{} + 1*{ 57 57} = 0 

0.25*{148151} + 0.25*{151152} + 0.25*{147150} + 0.125*{151151} + 0.25*{152153} + 0.125*{ 58 58} + 0.25*{147151} + 0.25*{ 61 62} + 0.25*{150152} + 0.25*{150153} + 0.25*{ 56 59} + 0.125*{ 56 56} + 0.0883883*{ 62} + 0.25*{ 56 58} + 0.25*{150151} + 0.125*{ 62 62} + 0.25*{ 57 62} + 0.25*{149152} + 0.25*{ 59 62} + 0.125*{ 61 61} + 0.0883883*{ 59} + 0.0883883*{ 60} + 0.125*{ 60 60} + 0.25*{ 56 60} + 0.25*{ 59 61} + 0.25*{ 59 60} + 0.25*{ 60 61} + 0.25*{ 58 60} + 0.25*{149150} + 0.25*{ 57 60} + 0.125*{150150} + 0.25*{151153} + 0.25*{148150} + 0.25*{147153} + 0.25*{ 56 62} + 0.125*{147147} + 0.25*{148152} + 0.25*{ 57 61} + 0.125*{153153} + 0.25*{149151} + 0.0883883*{ 57} + 0.125*{152152} + 0.25*{ 57 58} + 0.25*{ 58 62} + 0.125*{149149} + 0.25*{ 56 61} + 0.25*{ 57 59} + 0.25*{149153} + 0.0883883*{ 61} + 0.25*{ 60 62} + 0.25*{ 58 61} + 0.25*{ 56 57} + 0.125*{148148} + 0.25*{147149} + 0.015625*{} + 0.0883883*{ 56} + 0.125*{ 59 59} + 0.25*{147148} + 0.25*{148153} + 0.25*{ 58 59} + 0.25*{148149} + 0.25*{147152} + 0.0883883*{ 58} + 0.125*{ 57 57} = 0 

1*{154161} + 1*{ 69 76} + 1*{155162} + 1*{160167} + 1*{157164} + 1*{ 64 71} + 1*{ 65 72} + 0.125*{} + 1*{158165} + 1*{159166} + 1*{ 67 74} + 1*{156163} + 1*{ 63 70} + 1*{ 68 75} + 1*{ 66 73} = 0 

1*{ 64162} + 1*{ 66164} + -1*{ 73157} + -1*{ 74158} + 1*{ 63161} + -1*{ 71155} + -1*{ 75159} + 1*{ 69167} + 1*{ 68166} + -1*{ 70154} + -1*{ 72156} + 1*{ 65163} + -1*{ 76160} + 1*{ 67165} = 0 

1*{319319} + -0.125*{} + 1*{318318} = 0 

1*{154168} + 1*{ 67 81} + 1*{ 69 83} + 1*{159173} + -1*{318} + 1*{ 68 82} + 1*{ 65 79} + 1*{155169} + 1*{157171} + 1*{158172} + 1*{ 66 80} + 1*{156170} + 0.125*{} + 1*{160174} + 1*{ 64 78} + 1*{ 63 77} = 0 

1*{ 63168} + -1*{ 80157} + -1*{ 78155} + -1*{ 82159} + 1*{ 67172} + 1*{ 65170} + 1*{ 68173} + -1*{ 79156} + 1*{ 69174} + -1*{ 81158} + 1*{ 66171} + -1*{319} + 1*{ 64169} + -1*{ 77154} + -1*{ 83160} = 0 

-0.125*{} + 1*{321321} + 1*{320320} = 0 

1*{158179} + 1*{154175} + 1*{ 69 90} + 1*{156177} + 1*{157178} + 1*{159180} + 1*{ 67 88} + 1*{160181} + 1*{ 66 87} + 1*{ 63 84} + -1*{320} + 0.125*{} + 1*{ 65 86} + 1*{ 64 85} + 1*{155176} + 1*{ 68 89} = 0 

1*{ 69181} + -1*{ 87157} + -1*{321} + -1*{ 86156} + 1*{ 65177} + -1*{ 90160} + 1*{ 68180} + -1*{ 89159} + -1*{ 85155} + 1*{ 64176} + -1*{ 88158} + 1*{ 63175} + 1*{ 66178} + 1*{ 67179} + -1*{ 84154} = 0 

-0.125*{} + 1*{154154} + 1*{ 63 63} = 0 

-0.125*{} + 1*{155155} + 1*{ 64 64} = 0 

0.25*{ 68 69} + 0.25*{ 63 65} + 0.125*{157157} + 0.25*{154156} + 0.25*{154155} + 0.125*{ 69 69} + 0.25*{ 63 69} + 0.25*{158160} + 0.25*{ 65 68} + 0.25*{ 63 68} + 0.25*{ 64 68} + 0.25*{ 63 67} + 0.25*{154158} + 0.25*{ 63 64} + 0.25*{ 67 68} + 0.0883883*{ 64} + 0.25*{ 64 69} + 0.0883883*{ 63} + 0.25*{ 64 67} + 0.125*{155155} + 0.25*{155157} + 0.125*{158158} + 0.0883883*{ 68} + 0.125*{156156} + 0.125*{ 63 63} + 0.25*{159160} + 0.25*{ 65 66} + 0.25*{156160} + 0.25*{ 66 68} + 0.25*{ 63 66} + 0.25*{154157} + 0.015625*{} + 0.25*{158159} + 0.125*{154154} + 0.0883883*{ 66} + 0.125*{160160} + 0.25*{ 64 65} + 0.125*{ 68 68} + 0.25*{156158} + 0.0883883*{ 67} + 0.25*{154159} + 0.25*{157158} + 0.0883883*{ 69} + 0.25*{155160} + 0.25*{155156} + 0.25*{157159} + 0.125*{ 67 67} + 0.25*{155158} + 0.25*{ 65 67} + 0.25*{ 67 69} + 0.125*{ 66 66} + 0.25*{157160} + 0.25*{156157} + 0.125*{159159} + 0.25*{ 66 67} + 0.0883883*{ 65} + 0.25*{156159} + 0.25*{154160} + 0.125*{ 64 64} + 0.25*{ 64 66} + 0.25*{155159} + 0.25*{ 65 69} + 0.125*{ 65 65} + 0.25*{ 66 69} = 0 

-0.125*{} + 1*{323323} + 1*{322322} = 0 

1*{164171} + 1*{163170} + 1*{167174} + 1*{ 71 78} + 1*{ 76 83} + 1*{ 70 77} + 1*{165172} + 1*{162169} + 1*{ 72 79} + 1*{ 74 81} + -1*{322} + 1*{ 75 82} + 1*{ 73 80} + 1*{166173} + 0.125*{} + 1*{161168} = 0 

-1*{ 77161} + 1*{ 74172} + 1*{ 75173} + -1*{ 78162} + 1*{ 71169} + -1*{ 83167} + 1*{ 76174} + 1*{ 73171} + -1*{ 80164} + 1*{ 72170} + 1*{ 70168} + -1*{ 79163} + -1*{ 81165} + -1*{323} + -1*{ 82166} = 0 

-0.125*{} + 1*{325325} + 1*{324324} = 0 

1*{167181} + 1*{163177} + 1*{ 75 89} + 1*{161175} + 1*{ 71 85} + 1*{166180} + 1*{ 76 90} + 1*{ 72 86} + 1*{ 74 88} + 1*{ 73 87} + -1*{324} + 1*{165179} + 0.125*{} + 1*{ 70 84} + 1*{164178} + 1*{162176} = 0 

1*{ 76181} + -1*{ 90167} + 1*{ 75180} + -1*{ 86163} + -1*{ 88165} + -1*{ 87164} + -1*{ 89166} + 1*{ 71176} + 1*{ 73178} + 1*{ 72177} + 1*{ 74179} + -1*{ 84161} + 1*{ 70175} + -1*{325} + -1*{ 85162} = 0 

1*{161161} + -0.125*{} + 1*{ 70 70} = 0 

-0.125*{} + 1*{162162} + 1*{ 71 71} = 0 

0.25*{163166} + 0.25*{ 70 75} + 0.25*{ 73 75} + 0.25*{161167} + 0.125*{164164} + 0.25*{161163} + 0.25*{164166} + 0.125*{ 75 75} + 0.015625*{} + 0.25*{162164} + 0.25*{161162} + 0.125*{163163} + 0.25*{161165} + 0.25*{ 70 76} + 0.125*{167167} + 0.125*{ 70 70} + 0.25*{ 72 74} + 0.25*{161164} + 0.0883883*{ 71} + 0.25*{ 72 75} + 0.0883883*{ 76} + 0.25*{162167} + 0.25*{164167} + 0.25*{ 74 75} + 0.25*{165166} + 0.25*{ 75 76} + 0.25*{166167} + 0.25*{ 70 72} + 0.25*{ 71 72} + 0.25*{ 73 76} + 0.25*{164165} + 0.125*{161161} + 0.25*{ 70 71} + 0.125*{165165} + 0.125*{ 76 76} + 0.25*{163164} + 0.0883883*{ 75} + 0.25*{165167} + 0.125*{ 74 74} + 0.25*{163165} + 0.25*{ 70 73} + 0.25*{162166} + 0.25*{162163} + 0.125*{ 72 72} + 0.0883883*{ 74} + 0.25*{ 72 73} + 0.125*{ 71 71} + 0.125*{162162} + 0.0883883*{ 72} + 0.25*{ 71 74} + 0.0883883*{ 73} + 0.25*{161166} + 0.25*{163167} + 0.25*{ 70 74} + 0.25*{ 73 74} + 0.125*{166166} + 0.0883883*{ 70} + 0.25*{ 71 76} + 0.25*{ 71 75} + 0.25*{ 74 76} + 0.25*{162165} + 0.25*{ 71 73} + 0.25*{ 72 76} + 0.125*{ 73 73} = 0 

1*{168175} + 1*{169176} + 0.125*{} + 1*{171178} + 1*{170177} + 1*{ 77 84} + 1*{ 80 87} + 1*{174181} + 1*{ 81 88} + 1*{ 78 85} + 1*{ 79 86} + 1*{ 82 89} + 1*{172179} + 1*{ 83 90} + 1*{173180} = 0 

1*{ 79177} + 1*{ 77175} + -1*{ 87171} + 1*{ 80178} + -1*{ 89173} + 1*{ 81179} + -1*{ 90174} + 1*{ 78176} + -1*{ 88172} + -1*{ 86170} + -1*{ 84168} + 1*{ 82180} + -1*{ 85169} + 1*{ 83181} = 0 

-0.125*{} + 1*{168168} + 1*{ 77 77} = 0 

-0.125*{} + 1*{169169} + 1*{ 78 78} = 0 

0.125*{169169} + 0.125*{168168} + 0.0883883*{ 82} + 0.25*{168171} + 0.25*{172173} + 0.25*{168174} + 0.25*{ 81 83} + 0.125*{ 79 79} + 0.125*{171171} + 0.25*{170173} + 0.125*{174174} + 0.25*{ 78 82} + 0.0883883*{ 77} + 0.125*{ 81 81} + 0.125*{ 78 78} + 0.25*{168173} + 0.25*{171174} + 0.25*{ 78 80} + 0.25*{ 77 81} + 0.25*{172174} + 0.25*{168170} + 0.25*{ 80 83} + 0.015625*{} + 0.25*{ 79 82} + 0.25*{171173} + 0.25*{ 79 83} + 0.25*{169174} + 0.25*{ 77 78} + 0.125*{173173} + 0.0883883*{ 78} + 0.25*{ 78 81} + 0.25*{169173} + 0.25*{ 79 80} + 0.25*{169172} + 0.25*{ 77 82} + 0.25*{170171} + 0.125*{ 80 80} + 0.0883883*{ 79} + 0.25*{ 80 82} + 0.0883883*{ 81} + 0.25*{171172} + 0.25*{170174} + 0.25*{ 77 79} + 0.125*{ 83 83} + 0.25*{ 77 80} + 0.125*{170170} + 0.0883883*{ 83} + 0.25*{169170} + 0.125*{ 77 77} + 0.25*{ 78 79} + 0.25*{169171} + 0.25*{170172} + 0.125*{ 82 82} + 0.25*{ 79 81} + 0.125*{172172} + 0.25*{168172} + 0.25*{ 78 83} + 0.25*{168169} + 0.25*{173174} + 0.25*{ 80 81} + 0.25*{ 77 83} + 0.25*{ 82 83} + 0.25*{ 81 82} + 0.0883883*{ 80} = 0 

-0.125*{} + 1*{175175} + 1*{ 84 84} = 0 

-0.125*{} + 1*{176176} + 1*{ 85 85} = 0 

0.125*{ 89 89} + 0.25*{ 84 90} + 0.25*{ 85 86} + 0.125*{ 84 84} + 0.125*{177177} + 0.25*{ 89 90} + 0.25*{179181} + 0.25*{ 87 88} + 0.25*{ 86 88} + 0.0883883*{ 89} + 0.25*{177180} + 0.25*{ 84 87} + 0.125*{175175} + 0.25*{ 88 90} + 0.0883883*{ 87} + 0.25*{ 84 86} + 0.0883883*{ 86} + 0.25*{175179} + 0.125*{ 87 87} + 0.25*{180181} + 0.25*{ 84 85} + 0.25*{177179} + 0.25*{ 85 88} + 0.25*{176179} + 0.125*{176176} + 0.0883883*{ 85} + 0.25*{175176} + 0.25*{ 85 90} + 0.25*{175178} + 0.25*{179180} + 0.25*{176178} + 0.015625*{} + 0.125*{178178} + 0.25*{178181} + 0.25*{178179} + 0.25*{ 86 89} + 0.25*{ 85 87} + 0.25*{ 86 87} + 0.25*{ 85 89} + 0.25*{ 88 89} + 0.0883883*{ 88} + 0.125*{ 90 90} + 0.125*{181181} + 0.25*{176177} + 0.25*{ 87 89} + 0.25*{176181} + 0.125*{ 86 86} + 0.0883883*{ 84} + 0.25*{ 84 89} + 0.25*{177178} + 0.125*{ 88 88} + 0.25*{175177} + 0.25*{175180} + 0.125*{179179} + 0.25*{ 86 90} + 0.125*{ 85 85} + 0.25*{ 84 88} + 0.125*{180180} + 0.25*{176180} + 0.25*{177181} + 0.25*{175181} + 0.25*{ 87 90} + 0.25*{178180} + 0.0883883*{ 90} = 0 

1*{104} + -4096*{109} + -8192*{110} + -128*{ 16} + -1024*{108} + 256*{100} + -1*{111} + 32*{ 99} + -2048*{ 18} + -256*{107} + 8192*{103} + -32*{106} + 1024*{101} + 4096*{102} + 16*{  8} + -512*{ 17} + 4*{ 98} + -2*{ 14} + 64*{ 13} + -64*{ 20} + 2*{  7} + 2048*{ 11} + 128*{  9} + -8*{ 19} + 8*{ 12} + -4*{105} + -16*{ 15} + 512*{ 10} > 0 

-128*{ 30} + -512*{ 31} + 128*{ 23} + -1024*{122} + 2048*{ 25} + 2*{ 21} + 4096*{116} + 8192*{117} + 64*{ 27} + -2*{ 28} + 8*{ 26} + -1*{125} + 1*{118} + -256*{121} + -4*{119} + -64*{ 34} + 4*{112} + -8*{ 33} + 16*{ 22} + -32*{120} + 256*{114} + 512*{ 24} + -8192*{124} + -2048*{ 32} + 1024*{115} + 32*{113} + -16*{ 29} + -4096*{123} > 0 

-64*{ 48} + 256*{128} + -256*{135} + 512*{ 38} + 2048*{ 39} + -1*{139} + 1*{132} + 128*{ 37} + -1024*{136} + -16*{ 43} + 8192*{131} + -128*{ 44} + 1024*{129} + 8*{ 40} + 32*{127} + -8192*{138} + -4*{133} + 2*{ 35} + -32*{134} + -512*{ 45} + 16*{ 36} + -2048*{ 46} + -2*{ 42} + -4096*{137} + -8*{ 47} + 4*{126} + 64*{ 41} + 4096*{130} > 0 

-1*{153} + -16*{ 57} + 64*{ 55} + -8*{ 61} + 1*{146} + 256*{142} + 1024*{143} + 128*{ 51} + 2048*{ 53} + -8192*{152} + -2048*{ 60} + 16*{ 50} + -1024*{150} + -64*{ 62} + -4*{147} + 512*{ 52} + -512*{ 59} + -256*{149} + -32*{148} + 2*{ 49} + 32*{141} + 4*{140} + 8192*{145} + -128*{ 58} + -2*{ 56} + 4096*{144} + 8*{ 54} + -4096*{151} > 0 

1*{160} + -8*{ 75} + -32*{162} + -2048*{ 74} + 1024*{157} + -512*{ 73} + -16*{ 71} + 2048*{ 67} + 4096*{158} + 16*{ 64} + 128*{ 65} + -128*{ 72} + 64*{ 69} + 4*{154} + -8192*{166} + -4*{161} + -2*{ 70} + 512*{ 66} + 2*{ 63} + -256*{163} + -1*{167} + -64*{ 76} + 256*{156} + -1024*{164} + 32*{155} + 8192*{159} + 8*{ 68} + -4096*{165} > 0 

-1*{181} + 4*{168} + 128*{ 79} + 1*{174} + 256*{170} + -1024*{178} + 1024*{171} + -256*{177} + 8*{ 82} + 64*{ 83} + -4096*{179} + -32*{176} + -128*{ 86} + 32*{169} + -16*{ 85} + -64*{ 90} + -8192*{180} + -512*{ 87} + 2*{ 77} + 4096*{172} + 16*{ 78} + -2048*{ 88} + -4*{175} + 2048*{ 81} + -2*{ 84} + 512*{ 80} + -8*{ 89} + 8192*{173} > 0 

-32*{ 99} + 1024*{ 94} + -1*{104} + 2*{  0} + 8192*{ 96} + -256*{100} + 512*{  3} + -64*{ 13} + 2048*{  4} + 256*{ 93} + -8192*{103} + 32*{ 92} + 8*{  5} + 64*{  6} + -8*{ 12} + -512*{ 10} + -128*{  9} + -4*{ 98} + -16*{  8} + 1*{ 97} + 128*{  2} + 16*{  1} + -2048*{ 11} + -2*{  7} + -1024*{101} + -4096*{102} + 4*{ 91} + 4096*{ 95} > 0 

256*{100} + -4096*{116} + 128*{  9} + 8*{ 12} + 512*{ 10} + -2048*{ 25} + -512*{ 24} + 64*{ 13} + -64*{ 27} + 2*{  7} + 2048*{ 11} + -256*{114} + -1*{118} + -4*{112} + 32*{ 99} + 1*{104} + -128*{ 23} + 16*{  8} + -8192*{117} + -16*{ 22} + 4*{ 98} + 8192*{103} + -8*{ 26} + -2*{ 21} + -1024*{115} + -32*{113} + 1024*{101} + 4096*{102} > 0 

128*{ 23} + -256*{128} + 512*{ 24} + 32*{113} + 1024*{115} + -16*{ 36} + 4*{112} + -8192*{131} + -32*{127} + 2*{ 21} + -1024*{129} + -8*{ 40} + -1*{132} + -128*{ 37} + 1*{118} + -64*{ 41} + -2048*{ 39} + 16*{ 22} + 256*{114} + -4*{126} + 8*{ 26} + -512*{ 38} + 2048*{ 25} + 64*{ 27} + 8192*{117} + -2*{ 35} + 4096*{116} + -4096*{130} > 0 

256*{128} + 16*{ 36} + -128*{ 51} + -2048*{ 53} + 512*{ 38} + -256*{142} + -1024*{143} + 32*{127} + -16*{ 50} + -512*{ 52} + -4096*{144} + -8*{ 54} + 4*{126} + -8192*{145} + 2048*{ 39} + 64*{ 41} + -64*{ 55} + 2*{ 35} + 1*{132} + 128*{ 37} + -1*{146} + -32*{141} + -2*{ 49} + 4096*{130} + 8192*{131} + -4*{140} + 8*{ 40} + 1024*{129} > 0 

-1*{160} + -64*{ 69} + -128*{ 65} + 2048*{ 53} + 128*{ 51} + 256*{142} + 1024*{143} + 1*{146} + -1024*{157} + 4*{140} + -256*{156} + 512*{ 52} + 64*{ 55} + 8192*{145} + -512*{ 66} + -2*{ 63} + -32*{155} + 4096*{144} + 8*{ 54} + -8*{ 68} + -8192*{159} + 32*{141} + 2*{ 49} + -4096*{158} + -2048*{ 67} + -16*{ 64} + 16*{ 50} + -4*{154} > 0 

-1*{174} + 1*{160} + -64*{ 83} + -8*{ 82} + 2*{ 63} + 512*{ 66} + 8*{ 68} + 32*{155} + -128*{ 79} + 1024*{157} + 256*{156} + -256*{170} + -4096*{172} + 8192*{159} + 2048*{ 67} + 4096*{158} + 16*{ 64} + -32*{169} + 64*{ 69} + -8192*{173} + -2*{ 77} + -4*{168} + 128*{ 65} + -1024*{171} + 4*{154} + -16*{ 78} + -512*{ 80} + -2048*{ 81} > 0 

-1024*{ 92} + 2*{ 84} + -3.35544e+07*{ 43} + 4*{ 77} + -16384*{141} + -2.09715e+06*{ 36} + 8.38861e+06*{126} + -32*{ 64} + -16*{ 71} + 64*{147} + -1.67772e+07*{169} + -1.04858e+06*{ 29} + 512*{133} + 32768*{ 14} + 524288*{154} + -32768*{ 15} + 256*{ 49} + 3.35544e+07*{ 42} + 4096*{105} + 65536*{ 21} + 16384*{140} + 262144*{112} + 2.09715e+06*{ 35} + -2048*{  8} + -512*{134} + -8.38861e+06*{127} + 8192*{ 98} + -262144*{113} + 4.1943e+06*{  0} + 16*{ 70} + 8*{161} + 2048*{  7} + -4*{ 78} + 128*{ 56} + -131072*{120} + 1024*{ 91} + -65536*{ 22} + -4.1943e+06*{  1} + -256*{ 50} + -4096*{106} + 1.67772e+07*{168} + -8192*{ 99} + -1*{176} + 32*{ 63} + 131072*{119} + 1.04858e+06*{ 28} + -524288*{155} + -64*{148} + 1*{175} + -2*{ 85} + -8*{162} + -128*{ 57} > 0 

1024*{ 92} + -4*{ 79} + -1.67772e+07*{170} + 2.09715e+06*{ 36} + -16384*{142} + 64*{148} + -1*{177} + 2048*{  8} + -524288*{156} + -8.38861e+06*{128} + 1.67772e+07*{169} + 1.04858e+06*{ 29} + -16*{ 72} + -2*{ 86} + -256*{ 51} + -3.35544e+07*{ 44} + -8192*{100} + -65536*{ 23} + -1.04858e+06*{ 30} + -32768*{ 16} + 262144*{113} + 8.38861e+06*{127} + -512*{135} + 4096*{106} + -4096*{107} + 32*{ 64} + -2.09715e+06*{ 37} + 1*{176} + 8192*{ 99} + -262144*{114} + 8*{162} + 128*{ 57} + -4.1943e+06*{  2} + 256*{ 50} + 4.1943e+06*{  1} + 65536*{ 22} + -64*{149} + 16384*{141} + 32768*{ 15} + 512*{134} + -128*{ 58} + -2048*{  9} + 524288*{155} + -32*{ 65} + -8*{163} + 3.35544e+07*{ 43} + 131072*{120} + 4*{ 78} + -131072*{121} + 16*{ 71} + -1024*{ 93} + 2*{ 85} > 0 

262144*{114} + -4096*{108} + 2.09715e+06*{ 37} + -16384*{143} + -256*{ 52} + 4*{ 79} + -4*{ 80} + -2048*{ 10} + 32*{ 65} + 8*{163} + 512*{135} + 524288*{156} + 2048*{  9} + -32*{ 66} + 131072*{121} + 1024*{ 93} + -512*{136} + 4096*{107} + -16*{ 73} + -128*{ 59} + 1*{177} + 256*{ 51} + 64*{149} + -1.67772e+07*{171} + 1.67772e+07*{170} + -1*{178} + -524288*{157} + -1024*{ 94} + 8.38861e+06*{128} + 2*{ 86} + 16*{ 72} + -64*{150} + -262144*{115} + -2.09715e+06*{ 38} + 16384*{142} + -4.1943e+06*{  3} + -131072*{122} + 128*{ 58} + -1.04858e+06*{ 31} + -8.38861e+06*{129} + -8192*{101} + 8192*{100} + 3.35544e+07*{ 44} + 1.04858e+06*{ 30} + -65536*{ 24} + 32768*{ 16} + -3.35544e+07*{ 45} + -32768*{ 17} + 4.1943e+06*{  2} + -2*{ 87} + -8*{164} + 65536*{ 23} > 0 

32*{ 66} + -2*{ 88} + 4*{ 80} + -32*{ 67} + -64*{151} + -8*{165} + -1.04858e+06*{ 32} + -524288*{158} + -1.67772e+07*{172} + 8*{164} + 2*{ 87} + -512*{137} + 512*{136} + -16*{ 74} + -128*{ 60} + 64*{150} + 262144*{115} + -3.35544e+07*{ 46} + 1.67772e+07*{171} + -2048*{ 11} + -32768*{ 18} + -65536*{ 25} + 65536*{ 24} + -1024*{ 95} + -131072*{123} + 8192*{101} + 8.38861e+06*{129} + 2048*{ 10} + -8192*{102} + -256*{ 53} + 1.04858e+06*{ 31} + -262144*{116} + 16384*{143} + -1*{179} + 256*{ 52} + -16384*{144} + 128*{ 59} + 16*{ 73} + 2.09715e+06*{ 38} + 4.1943e+06*{  3} + -4096*{109} + 131072*{122} + 3.35544e+07*{ 45} + 32768*{ 17} + -4.1943e+06*{  4} + 4096*{108} + 524288*{157} + 1024*{ 94} + 1*{178} + -4*{ 81} + -8.38861e+06*{130} + -2.09715e+06*{ 39} > 0 

2*{ 88} + 256*{ 53} + 32768*{ 18} + -4*{ 82} + 65536*{ 25} + 3.35544e+07*{ 46} + 32*{ 67} + 64*{151} + 8192*{102} + -4096*{110} + -1.67772e+07*{173} + 512*{137} + 4.1943e+06*{  4} + 131072*{123} + 4096*{109} + 4*{ 81} + 1.67772e+07*{172} + -524288*{159} + 524288*{158} + -2.09715e+06*{ 40} + 1*{179} + -512*{138} + 2048*{ 11} + -64*{152} + -2048*{ 12} + 16*{ 74} + -32768*{ 19} + 128*{ 60} + -1.04858e+06*{ 33} + 16384*{144} + -32*{ 68} + -256*{ 54} + -128*{ 61} + -262144*{117} + 1024*{ 95} + 262144*{116} + -1024*{ 96} + -8.38861e+06*{131} + -8*{166} + -3.35544e+07*{ 47} + -16384*{145} + -16*{ 75} + -131072*{124} + -8192*{103} + -1*{180} + -2*{ 89} + 8.38861e+06*{130} + 2.09715e+06*{ 39} + -65536*{ 26} + 8*{165} + -4.1943e+06*{  5} + 1.04858e+06*{ 32} > 0 

32768*{ 19} + -262144*{118} + 524288*{159} + 16*{ 75} + -2*{ 90} + -8.38861e+06*{132} + 16384*{145} + -1.67772e+07*{174} + 3.35544e+07*{ 47} + 262144*{117} + 2048*{ 12} + -1.04858e+06*{ 34} + 65536*{ 26} + -128*{ 62} + 4096*{110} + -1024*{ 97} + 4*{ 82} + -512*{139} + -16384*{146} + -2.09715e+06*{ 41} + 128*{ 61} + 8*{166} + 8.38861e+06*{131} + -1*{181} + -64*{153} + 1024*{ 96} + -524288*{160} + -3.35544e+07*{ 48} + -65536*{ 27} + -2048*{ 13} + 2*{ 89} + -16*{ 76} + -4.1943e+06*{  6} + 8192*{103} + 1*{180} + -131072*{125} + 64*{152} + -8192*{104} + 256*{ 54} + 32*{ 68} + -32768*{ 20} + 2.09715e+06*{ 40} + -8*{167} + 4.1943e+06*{  5} + 131072*{124} + -256*{ 55} + -4096*{111} + 1.67772e+07*{173} + 512*{138} + -32*{ 69} + 1.04858e+06*{ 33} + -4*{ 83} > 0 

1*{181} > 0 

{3, 2, 2, 2, 2, 2, 2, 2, 2, 2} vars: 326, vectors: 17
1 1.274433e+01 1.274433e+01 7.291021e-15 9.000000e-01
2 5.427607e+00 5.427607e+00 2.140451e-14 9.000000e-01
3 1.964694e+00 1.964694e+00 4.974228e-14 9.000000e-01
4 8.701681e-01 8.701681e-01 1.832692e-13 9.000000e-01
5 5.641221e-01 5.641221e-01 2.153457e-13 9.000000e-01
6 2.606045e-01 2.606045e-01 3.299209e-13 9.000000e-01
7 1.255932e-01 1.255932e-01 5.566706e-13 9.000000e-01
8 6.541795e-02 6.541795e-02 5.011370e-13 9.000000e-01
9 2.383477e-02 2.383477e-02 8.602512e-13 9.000000e-01
10 9.848505e-03 9.848505e-03 1.472707e-12 9.000000e-01
11 3.980289e-03 3.980289e-03 2.307331e-12 9.000000e-01
12 1.640128e-03 1.640128e-03 3.817032e-12 9.000000e-01
13 6.861727e-04 6.861727e-04 6.110953e-12 9.000000e-01
14 2.898734e-04 2.898734e-04 9.409028e-12 9.000000e-01
15 1.225928e-04 1.225928e-04 1.362748e-11 9.000000e-01
16 5.170382e-05 5.170382e-05 2.102648e-11 9.000000e-01
17 2.191453e-05 2.191453e-05 3.164301e-11 9.000000e-01
18 9.388607e-06 9.388607e-06 4.921726e-11 9.000000e-01
19 4.088891e-06 4.088891e-06 7.685412e-11 9.000000e-01
20 1.809297e-06 1.809297e-06 1.198190e-10 9.000000e-01
21 8.132731e-07 8.132731e-07 1.876568e-10 9.000000e-01
22 3.674471e-07 3.674471e-07 2.802177e-10 9.000000e-01
23 1.667203e-07 1.667203e-07 4.369021e-10 9.000000e-01
24 7.541789e-08 7.541789e-08 6.394032e-10 9.000000e-01
25 3.413049e-08 3.413049e-08 9.963727e-10 9.000000e-01
26 1.537286e-08 1.537286e-08 1.448678e-09 9.000000e-01
27 6.939005e-09 6.939005e-09 2.250720e-09 9.000000e-01
28 3.117998e-09 3.117998e-09 3.262638e-09 9.000000e-01
29 1.406355e-09 1.406355e-09 5.057035e-09 9.000000e-01
30 6.317427e-10 6.317427e-10 7.314168e-09 9.000000e-01
31 2.851043e-10 2.851043e-10 1.132302e-08 9.000000e-01
32 1.281848e-10 1.281848e-10 1.635175e-08 9.000000e-01
33 5.795291e-11 5.795291e-11 2.530230e-08 9.000000e-01
34 2.608436e-11 2.608436e-11 3.650044e-08 9.000000e-01
35 1.182254e-11 1.182254e-11 5.644978e-08 9.000000e-01
36 5.316643e-12 5.316643e-12 8.122355e-08 9.000000e-01
37 2.414539e-12 2.414539e-12 1.252541e-07 9.000000e-01
38 1.046091e-12 1.046091e-12 1.727828e-07 9.000000e-01
39 4.805603e-13 4.805603e-13 2.630472e-07 9.000000e-01
x: -3.364187e-01 -3.302823e-02 -1.008599e-01  2.871363e-02  6.289865e-02  5.616623e-02 -3.186713e-02  1.802401e-01 -1.140231e-01 -2.060056e-01 -3.470868e-01  2.413531e-01 -2.253763e-01  1.176550e-01  1.595678e-01 -2.026108e-01  3.581184e-01 -1.130040e-01 -6.931503e-02 -1.286754e-01 -3.571299e-01  3.515003e-01 -2.550939e-01 -2.595721e-02  1.128823e-01 -2.626671e-01  1.736994e-01 -4.488141e-01 -1.858723e-01 -3.188792e-01  2.098572e-01 -6.174643e-02 -3.877132e-01  7.701836e-02  3.144111e-01  6.673403e-02 -2.180520e-02 -2.977349e-01 -1.003727e-01 -3.722243e-02  2.651697e-01 -2.286564e-01  2.018070e-01 -3.143552e-02 -3.613009e-02 -2.028735e-01  2.054372e-01 -5.901177e-01  1.003937e-01  2.447752e-01 -3.395175e-02 -3.374847e-01  1.194577e-02 -1.679378e-03  1.438731e-01 -3.807215e-01  2.522827e-01 -3.470210e-01  1.973861e-01 -2.925362e-01 -5.151961e-02 -4.461600e-02 -6.663852e-02 -1.138771e-01  8.536363e-02 -4.761312e-02 -4.457137e-01  2.287213e-02  6.123879e-02  8.480393e-02 -2.380438e-01 -2.569110e-01 -3.487367e-02  1.417227e-01 -3.167685e-01  5.407329e-01 -1.896816e-01 -2.079889e-01 -2.498952e-01 -3.259128e-03  4.840280e-01 -2.199950e-01  9.911417e-03 -1.653538e-01  1.154570e-01 -3.434814e-01  2.150614e-01 -2.872863e-01  7.812332e-02  1.516230e-01 -2.837112e-01  1.087311e-01  3.520073e-01 -9.254134e-03  2.302847e-01 -1.923003e-01  2.139892e-01 -7.028277e-01  3.041603e-01 -3.346621e-01 -3.845198e-02  3.218420e-01 -5.845766e-01  3.878232e-01 -5.510748e-02  3.154966e-01  2.897393e-01 -1.699020e-01  2.323998e-01  3.318734e-03 -5.146571e-01 -1.569065e-01  3.804679e-02 -2.448001e-01 -5.519335e-02 -3.291433e-02  4.659124e-01 -4.258768e-02 -1.290511e-01 -3.007515e-01  1.526960e-01  3.099931e-01 -3.411925e-01 -7.009577e-02  1.960772e-01  5.414095e-02  3.471982e-01 -3.528803e-01  2.427638e-01 -5.574159e-01 -1.194474e-01  2.983960e-01  1.403639e-01 -2.902997e-01  3.521531e-01  1.391254e-01 -2.940599e-01 -3.856083e-02  1.343486e-01 -3.655546e-03 -2.551179e-01  3.519194e-01  5.003720e-01  8.535465e-02 -3.180169e-01 -4.875390e-01  1.223936e-01 -2.476962e-01  6.764918e-02 -4.190659e-01 -4.877839e-02 -1.645948e-01  2.825388e-01  5.293980e-01 -3.347118e-01 -3.430934e-01 -8.821124e-02 -2.417121e-01  5.722962e-01  3.382213e-01  9.823410e-02  2.614100e-01  2.428924e-01 -3.860819e-01 -2.255431e-01  6.690287e-03 -4.160633e-02  1.430190e-01  2.859031e-01 -2.501048e-01  3.513221e-01  4.656641e-02 -2.226011e-01 -1.935898e-01 -1.772797e-02 -3.341701e-01  8.378877e-02  2.095746e-01  9.209247e-02  8.069850e-03  2.216200e-01 -2.812248e-01  3.015890e-01  1.845104e-01  2.293334e-01 -2.690840e-01 -6.854084e-02 -3.468460e-01  1.020386e-01  3.385087e-01 -7.864840e-02 -3.446947e-01  9.466774e-02  3.406435e-01  8.023317e-02 -3.443293e-01 -2.707799e-01  2.273285e-01 -1.640590e-01  3.131847e-01  1.924951e-01 -2.965563e-01  1.738006e-01 -3.078853e-01  3.459862e-01  7.275665e-02 -1.684796e-01 -3.108289e-01 -1.181565e-01 -3.332252e-01  3.528193e-01  2.277210e-02  2.059154e-01  2.874002e-01 -3.631655e-02 -3.516833e-01  3.397489e-01 -9.782998e-02 -9.233895e-03  3.534328e-01 -2.387039e-01 -2.608073e-01  1.020572e-01 -3.385031e-01  1.803152e-01 -3.041158e-01  3.533787e-01  1.111223e-02 -1.454870e-01  3.222321e-01 -2.445809e-01  2.553041e-01  4.916696e-02 -3.501180e-01  3.532523e-01 -1.458792e-02  1.447169e-01 -3.225787e-01 -3.506787e-01  4.499388e-02  2.957074e-01  1.937967e-01  2.301485e-01  2.683872e-01  2.336316e-01  2.653606e-01  3.269475e-01  1.345562e-01 -1.379994e-01 -3.255091e-01  1.566303e-01 -3.169652e-01  1.414575e-01 -3.240213e-01  3.043250e-01 -1.799619e-01  3.516793e-01  3.635498e-02  2.620813e-01  2.373044e-01  3.311312e-01 -1.239036e-01  2.078458e-01  2.860072e-01  3.223097e-01  1.453150e-01  1.005734e-01  3.389469e-01  3.109970e-01  1.681691e-01  2.939092e-01 -1.965131e-01  2.547800e-01 -2.451268e-01  1.923727e-01  2.966357e-01  3.426312e-01 -8.720003e-02  1.374433e-01 -3.257443e-01  1.191822e-01 -3.328598e-01  3.349815e-01 -1.130816e-01  3.533273e-01  1.264189e-02  3.307702e-01  1.248641e-01  8.681471e-02 -3.427291e-01  2.505860e-01  2.494126e-01  3.422325e-01 -8.875213e-02  2.267166e-01 -2.712924e-01 -3.297825e-01  1.274499e-01 -2.280896e-01  2.701391e-01  2.667850e-01 -2.320038e-01 -3.535353e-01 -3.572643e-03  8.147666e-02  3.440371e-01  3.360194e-01 -1.099589e-01  3.010399e-01  1.854050e-01  3.398973e-01 -9.731292e-02  2.979251e-01 -1.903697e-01 -2.257592e-01  2.720896e-01  3.164626e-01  1.576433e-01 -3.534205e-01 -9.692846e-03  2.816569e-01 -2.137040e-01  2.857116e-01  2.082520e-01  3.052585e-02  3.522331e-01  2.630472e-07
grad: -1.836961e-15 -3.132332e-15  4.207932e-15 -1.089806e-14  4.667257e-15  5.163185e-16  5.565568e-15 -1.251634e-14 -1.206404e-15  2.827231e-15 -6.779272e-15  3.203494e-15  1.116068e-14  5.477441e-15  2.649665e-16  1.641667e-15 -5.446440e-15  1.118598e-14 -5.083233e-15  8.823136e-16 -2.074737e-15  1.482488e-14 -1.324402e-15  5.571147e-17 -7.191978e-15 -9.430120e-16 -2.232222e-14  1.058456e-14 -7.607466e-15  4.430129e-16 -9.661355e-16 -4.251405e-15  3.439563e-16  9.186998e-15  1.292753e-15  1.299435e-14  9.108765e-16 -7.704317e-16  7.499538e-15 -6.137765e-15 -1.465927e-14 -1.486993e-15  8.981520e-15  1.582734e-15 -2.893697e-15  1.074765e-14 -8.240519e-15 -4.110590e-16 -9.390476e-15  2.894794e-15 -8.545648e-16 -1.231909e-16  7.646491e-15 -6.156011e-15 -1.168579e-15 -2.056839e-15 -2.069492e-15  1.312866e-15 -1.263433e-15  1.034034e-14 -5.482562e-15  8.209784e-15 -8.982305e-15 -8.848149e-15 -1.237852e-15  1.818081e-16 -5.908377e-15  4.694322e-15  8.669241e-15  7.528418e-16 -4.350249e-15 -1.536818e-15  2.051815e-15 -6.659164e-15  1.893928e-15 -7.184073e-16  7.300517e-15  3.121616e-16  1.470857e-15 -2.373026e-15  2.336367e-15 -3.417656e-15  1.897928e-15 -5.975926e-16  4.063009e-16 -2.788112e-16  1.176452e-15 -4.041559e-15  5.874300e-15 -1.704911e-15  9.864994e-16 -8.759656e-15 -1.797251e-15  1.217553e-15 -2.749432e-15  5.361064e-15  5.513825e-15  3.923528e-15 -2.829993e-15 -4.232773e-16 -1.632837e-15  7.258093e-15  2.427561e-16  4.780182e-15 -7.290279e-15  8.630257e-15 -1.216101e-15 -9.459308e-16  9.257399e-16 -3.947109e-15 -7.486919e-15  7.415961e-16 -1.181085e-14  5.197588e-15  6.969798e-15 -1.862574e-14  5.789349e-15  9.102089e-15  6.858282e-15  2.226762e-15 -2.158810e-15 -2.627274e-15  7.211184e-15 -3.598392e-15  5.442314e-15 -8.167155e-15 -2.344816e-15 -2.077094e-16  1.723542e-15 -1.181202e-14  1.049204e-14 -7.866483e-15  7.776201e-15  4.720736e-15 -4.681055e-15  8.624156e-16 -3.546759e-15  8.250526e-15 -5.355967e-15  1.283449e-15  5.829233e-15 -1.472609e-15 -1.342537e-15 -4.820642e-16  1.044036e-15 -4.964774e-15 -4.304360e-16  8.917453e-15 -1.212186e-15 -2.647429e-15  7.496436e-15 -1.351357e-15 -1.007317e-14 -2.432477e-15  2.949937e-15  4.141058e-16 -6.418190e-16  7.707124e-15 -5.749190e-15  2.084951e-15 -7.015417e-15 -4.203669e-15  2.819991e-15 -7.969321e-16 -1.600593e-15 -2.295672e-15  7.559164e-15 -9.644774e-16  6.505029e-15  1.524884e-15 -2.845683e-15  5.295160e-15 -5.171436e-15 -2.823334e-15 -4.308142e-15 -5.675856e-15 -1.708945e-15  1.675098e-15 -5.941703e-15  6.721507e-15  1.498419e-15  5.648087e-15 -4.407353e-15  2.865460e-16  3.290407e-15  2.662448e-15  3.966871e-15 -1.007885e-14 -5.905582e-15 -6.625331e-16  4.528039e-15 -4.034103e-15  2.333593e-15 -2.651149e-16  3.314235e-15 -4.145001e-16  3.732413e-16  3.728257e-15 -9.605921e-15  2.214084e-15  1.319948e-16 -1.436629e-15  3.099904e-15  2.140530e-16 -3.208174e-15 -4.724368e-16  6.480811e-15  1.860010e-15 -4.394403e-15 -1.236836e-15  6.060586e-15 -3.558860e-15  5.645550e-15 -1.298173e-15  2.778691e-15  3.208768e-15  5.446726e-15  6.387435e-16 -7.390407e-15 -4.207273e-15 -1.575847e-15  1.780521e-15  1.665466e-15  3.730579e-15 -1.885989e-15 -4.947427e-15  3.165653e-15  8.565384e-15  1.744090e-15 -1.392283e-15 -6.918286e-16  6.867982e-15  3.424977e-16  7.439204e-15 -3.999223e-15  4.973934e-16 -2.764190e-15 -1.492881e-15  1.777771e-15 -3.486833e-15  7.695647e-16 -1.187899e-15 -4.054715e-15  8.803668e-16  6.315679e-15 -3.011762e-16 -1.149262e-14  1.117736e-15 -1.819598e-14 -3.843304e-15 -1.833709e-15 -5.538050e-15 -3.693410e-15 -7.540148e-15  4.373448e-15  9.792598e-16  8.988155e-15 -2.722315e-16  1.797369e-15 -1.173740e-14 -2.833005e-15  1.321713e-14  1.319358e-15 -3.182373e-15  5.783597e-15 -2.060807e-15  1.170853e-15  1.878099e-15  4.941201e-15  8.415497e-16 -2.499920e-15 -1.953281e-16 -4.165019e-15  1.739653e-15  3.087567e-15  4.580301e-15 -1.220788e-15 -3.762065e-15 -9.360560e-16 -5.304939e-15  1.829943e-15 -1.825526e-15  6.618213e-15  4.481668e-15  9.123317e-16 -2.370580e-15 -2.490145e-15 -5.476002e-15  2.261223e-15  6.542907e-15 -1.093746e-16 -3.940861e-15  5.810513e-15 -2.871755e-15  9.264876e-15 -3.261004e-15 -1.857957e-15  1.784375e-15 -1.522988e-15 -2.359752e-15  2.577407e-15  1.915160e-15 -2.119518e-16 -1.248888e-15  1.553690e-15 -1.005519e-15 -3.987061e-15 -1.955413e-15  3.563508e-15  1.306749e-15  3.694939e-15 -1.632528e-15 -1.778684e-15 -4.905314e-16 -4.122910e-15  3.606176e-15  3.930147e-15 -4.340632e-15  2.568953e-15  4.727215e-15  8.623050e-16 -6.735818e-15  3.382496e-15  2.221854e-16 -2.042229e-15  1.090655e-15  4.711377e-13
finished in 39 iterations (1.176 seconds total)
max viol = 1.80123e-07
