---------------------
Basis Indices:
---------------------

{-, -, -, -, -, -, -, -, -}, {-, -, -, -, -, -, -, -, -}, {-, -, -, -, -, -, -, -, -}, {-, -, -, -, -, -, -, -, -}, {-, -, -, -, -, -, -, -, -}, {-, -, -, -, -, -, -, -, -}, {-, -, -, -, -, -, -, -, -}, {-, -, -, -, -, -, -, -, -}, {-, -, -, -, -, -, -, -, -}


{-, -, -, -, -, -, -, -, -}, {-, 91+i253, 92+i254, 93+i255, 94+i256, 95+i257, 96+i258, 97+i259, 98+i260}, {-, 100+i262, 101+i263, 102+i264, 103+i265, 104+i266, 105+i267, 106+i268, 107+i269}, {-, 109+i271, 110+i272, 111+i273, 112+i274, 113+i275, 114+i276, 115+i277, 116+i278}, {-, 118+i280, 119+i281, 120+i282, 121+i283, 122+i284, 123+i285, 124+i286, 125+i287}, {-, 127+i289, 128+i290, 129+i291, 130+i292, 131+i293, 132+i294, 133+i295, 134+i296}, {-, 136+i298, 137+i299, 138+i300, 139+i301, 140+i302, 141+i303, 142+i304, 143+i305}, {}, {}

---------------------
Index Mapping: 
---------------------

{305: 95, 304: 94, 303: 93, 302: 92, 301: 91, 300: 90, 299: 89, 298: 88, 296: 87, 295: 86, 294: 85, 293: 84, 292: 83, 291: 82, 290: 81, 289: 80, 287: 79, 286: 78, 285: 77, 284: 76, 283: 75, 282: 74, 281: 73, 280: 72, 278: 71, 277: 70, 276: 69, 275: 68, 274: 67, 273: 66, 272: 65, 271: 64, 119: 25, 118: 24, 116: 23, 115: 22, 114: 21, 113: 20, 112: 19, 111: 18, 110: 17, 109: 16, 107: 15, 106: 14, 105: 13, 120: 26, 91: 0, 104: 12, 121: 27, 92: 1, 122: 28, 93: 2, 94: 3, 95: 4, 96: 5, 97: 6, 98: 7, 100: 8, 101: 9, 102: 10, 103: 11, 123: 29, 124: 30, 125: 31, 134: 39, 127: 32, 254: 49, 128: 33, 255: 50, 265: 59, 138: 42, 129: 34, 256: 51, 266: 60, 139: 43, 130: 35, 257: 52, 267: 61, 140: 44, 131: 36, 258: 53, 268: 62, 141: 45, 132: 37, 259: 54, 269: 63, 142: 46, 133: 38, 260: 55, 143: 47, 253: 48, 262: 56, 136: 40, 263: 57, 137: 41, 264: 58}

---------------------
Final Problem: 
---------------------
Find a point satisfying:

1*{ 614} + 1*{ 210} + 1*{5260} + 1*{4856} + 1*{ 715} + 0.111111*{} + 1*{ 412} + 1*{5058} + 1*{5563} + 1*{5361} + 1*{4957} + 1*{5462} + 1*{ 311} + 1*{5159} + 1*{ 1 9} + 1*{ 513} + 1*{ 0 8} = 0 

-1*{1555} + 1*{ 662} + 1*{ 561} + 1*{ 359} + -1*{1151} + -1*{1454} + -1*{1252} + 1*{ 763} + 1*{ 258} + 1*{ 460} + 1*{ 056} + -1*{1050} + -1*{1353} + -1*{ 949} + -1*{ 848} + 1*{ 157} = 0 

1*{4864} + 1*{ 016} + 1*{ 622} + 1*{5369} + 0.111111*{} + 1*{ 420} + 1*{5571} + 1*{5470} + 1*{ 723} + 1*{5268} + 1*{4965} + 1*{ 117} + 1*{ 319} + 1*{5167} + 1*{5066} + 1*{ 218} + 1*{ 521} = 0 

-1*{1648} + -1*{2052} + -1*{1951} + 1*{ 771} + -1*{2254} + 1*{ 670} + 1*{ 165} + 1*{ 468} + 1*{ 569} + 1*{ 266} + -1*{1850} + -1*{2153} + 1*{ 367} + -1*{1749} + 1*{ 064} + -1*{2355} = 0 

1*{5074} + 1*{5276} + 1*{ 226} + 1*{ 731} + 1*{ 327} + 1*{5579} + 0.111111*{} + 1*{4872} + 1*{ 024} + 1*{ 125} + 1*{5478} + 1*{ 529} + 1*{4973} + 1*{5377} + 1*{ 428} + 1*{ 630} + 1*{5175} = 0 

1*{ 173} + -1*{2751} + -1*{2852} + 1*{ 072} + 1*{ 476} + 1*{ 577} + 1*{ 779} + -1*{2549} + -1*{3054} + -1*{2953} + -1*{2448} + 1*{ 678} + -1*{3155} + -1*{2650} + 1*{ 375} + 1*{ 274} = 0 

1*{4880} + 1*{ 133} + 1*{5183} + 1*{5082} + 1*{ 032} + 1*{4981} + 1*{5284} + 1*{ 638} + 1*{ 537} + 1*{5385} + 1*{ 739} + 1*{ 234} + 0.111111*{} + 1*{ 335} + 1*{ 436} + 1*{5587} + 1*{5486} = 0 

1*{ 181} + 1*{ 787} + 1*{ 686} + 1*{ 080} + -1*{3854} + -1*{3349} + -1*{3753} + -1*{3955} + -1*{3450} + -1*{3551} + -1*{3248} + 1*{ 484} + -1*{3652} + 1*{ 585} + 1*{ 282} + 1*{ 383} = 0 

1*{4888} + 1*{4989} + 1*{5595} + 1*{ 040} + 1*{5191} + 1*{ 545} + 1*{5292} + 1*{5090} + 1*{ 141} + 1*{ 343} + 1*{ 747} + 1*{ 444} + 1*{5494} + 1*{ 646} + 1*{ 242} + 1*{5393} + 0.111111*{} = 0 

-1*{4149} + 1*{ 290} + 1*{ 391} + -1*{4553} + 1*{ 694} + -1*{4755} + 1*{ 088} + -1*{4654} + -1*{4452} + -1*{4351} + -1*{4048} + 1*{ 492} + 1*{ 593} + 1*{ 795} + 1*{ 189} + -1*{4250} = 0 

1*{4848} + -0.111111*{} + 1*{ 0 0} = 0 

-0.111111*{} + 1*{ 1 1} + 1*{4949} = 0 

-0.111111*{} + 1*{5050} + 1*{ 2 2} = 0 

-0.111111*{} + 1*{5151} + 1*{ 3 3} = 0 

-0.111111*{} + 1*{5252} + 1*{ 4 4} = 0 

-0.111111*{} + 1*{5353} + 1*{ 5 5} = 0 

-0.111111*{} + 1*{5454} + 1*{ 6 6} = 0 

-0.111111*{} + 1*{ 7 7} + 1*{5555} = 0 

0.222222*{ 0 3} + 0.222222*{ 5 6} + 0.222222*{ 1 2} + 0.222222*{4952} + 0.222222*{4849} + 0.222222*{ 1 4} + 0.222222*{5153} + 0.222222*{4950} + 0.222222*{5052} + 0.222222*{ 4 7} + 0.222222*{5254} + 0.222222*{ 1 6} + 0.222222*{ 0 5} + 0.222222*{ 2 3} + 0.222222*{ 2 6} + 0.222222*{ 3 5} + 0.0740741*{ 2} + 0.222222*{ 0 1} + 0.222222*{5354} + 0.222222*{ 1 3} + 0.222222*{ 3 6} + 0.222222*{ 0 4} + 0.222222*{ 3 7} + 0.222222*{ 5 7} + 0.222222*{ 2 4} + 0.222222*{ 2 7} + 0.222222*{ 0 7} + 0.222222*{5054} + 0.222222*{5253} + 0.222222*{4850} + 0.222222*{ 3 4} + 0.222222*{4853} + 0.222222*{5154} + 0.0740741*{ 7} + 0.222222*{ 0 6} + 0.222222*{5355} + 0.0740741*{ 3} + 0.222222*{4951} + 0.222222*{ 4 6} + 0.222222*{4954} + 0.222222*{ 6 7} + 0.0740741*{ 6} + 0.222222*{4851} + 0.222222*{5255} + 0.0740741*{ 4} + 0.222222*{4854} + 0.222222*{4852} + 0.222222*{ 4 5} + 0.222222*{ 1 7} + 0.222222*{ 2 5} + 0.222222*{5455} + 0.222222*{4955} + 0.0740741*{ 5} + 0.0740741*{ 1} + 0.222222*{5055} + 0.222222*{5152} + 0.222222*{4855} + 0.222222*{4953} + 0.222222*{5051} + 0.222222*{ 1 5} + 0.222222*{5053} + 0.222222*{5155} + 0.222222*{ 0 2} + 0.0740741*{ 0} = 0 

1*{1321} + 1*{1220} + 1*{5765} + 1*{1018} + 0.111111*{} + 1*{5967} + 1*{5866} + 1*{6169} + 1*{6068} + 1*{ 816} + 1*{6270} + 1*{ 917} + 1*{5664} + 1*{1523} + 1*{1422} + 1*{1119} + 1*{6371} = 0 

1*{1066} + -1*{2262} + -1*{2060} + 1*{ 965} + 1*{1167} + 1*{1470} + -1*{1959} + -1*{2363} + -1*{1858} + -1*{1757} + 1*{ 864} + 1*{1268} + -1*{2161} + -1*{1656} + 1*{1369} + 1*{1571} = 0 

1*{ 824} + 1*{5975} + 1*{ 925} + 1*{1228} + 1*{1026} + 1*{6076} + 0.111111*{} + 1*{1531} + 1*{6278} + 1*{6177} + 1*{1430} + 1*{1127} + 1*{6379} + 1*{5672} + 1*{1329} + 1*{5773} + 1*{5874} = 0 

1*{ 973} + -1*{2961} + -1*{2759} + -1*{2456} + 1*{1478} + -1*{3163} + 1*{1377} + -1*{3062} + 1*{1276} + -1*{2860} + -1*{2658} + -1*{2557} + 1*{1074} + 1*{1579} + 1*{1175} + 1*{ 872} = 0 

1*{1135} + 1*{6084} + 1*{1034} + 1*{5680} + 1*{6286} + 1*{5983} + 1*{5781} + 1*{1438} + 1*{6185} + 1*{1236} + 1*{ 933} + 1*{1337} + 1*{5882} + 1*{1539} + 1*{6387} + 1*{ 832} + 0.111111*{} = 0 

1*{ 981} + -1*{3660} + 1*{1385} + -1*{3862} + 1*{1486} + -1*{3963} + 1*{1082} + 1*{ 880} + -1*{3559} + 1*{1183} + -1*{3458} + -1*{3256} + -1*{3761} + -1*{3357} + 1*{1587} + 1*{1284} = 0 

1*{6092} + 1*{1143} + 1*{1547} + 1*{5890} + 1*{ 840} + 1*{6395} + 1*{ 941} + 1*{6193} + 1*{1446} + 1*{5991} + 1*{6294} + 1*{1345} + 1*{1244} + 1*{5688} + 1*{5789} + 1*{1042} + 0.111111*{} = 0 

-1*{4460} + 1*{1393} + 1*{1292} + -1*{4258} + 1*{1191} + -1*{4662} + 1*{ 989} + 1*{1494} + -1*{4157} + -1*{4359} + 1*{1090} + -1*{4763} + -1*{4056} + 1*{1595} + 1*{ 888} + -1*{4561} = 0 

-0.111111*{} + 1*{5656} + 1*{ 8 8} = 0 

-0.111111*{} + 1*{5757} + 1*{ 9 9} = 0 

-0.111111*{} + 1*{5858} + 1*{1010} = 0 

-0.111111*{} + 1*{5959} + 1*{1111} = 0 

-0.111111*{} + 1*{6060} + 1*{1212} = 0 

-0.111111*{} + 1*{6161} + 1*{1313} = 0 

1*{6262} + -0.111111*{} + 1*{1414} = 0 

-0.111111*{} + 1*{6363} + 1*{1515} = 0 

0.222222*{ 915} + 0.222222*{5759} + 0.222222*{5657} + 0.222222*{5763} + 0.222222*{1014} + 0.222222*{5659} + 0.222222*{5963} + 0.222222*{5661} + 0.222222*{5658} + 0.222222*{ 910} + 0.222222*{ 811} + 0.222222*{1115} + 0.222222*{5760} + 0.222222*{5860} + 0.0740741*{ 8} + 0.222222*{1013} + 0.222222*{6063} + 0.222222*{5663} + 0.222222*{5961} + 0.222222*{5762} + 0.0740741*{ 9} + 0.222222*{1215} + 0.222222*{6062} + 0.222222*{1214} + 0.222222*{ 913} + 0.222222*{5862} + 0.222222*{5758} + 0.222222*{ 815} + 0.222222*{ 911} + 0.222222*{6162} + 0.222222*{1114} + 0.0740741*{13} + 0.222222*{ 914} + 0.0740741*{12} + 0.222222*{5962} + 0.222222*{5660} + 0.222222*{ 810} + 0.222222*{ 8 9} + 0.0740741*{15} + 0.222222*{1315} + 0.222222*{ 813} + 0.222222*{ 912} + 0.222222*{5960} + 0.222222*{1314} + 0.222222*{5863} + 0.222222*{6061} + 0.222222*{1112} + 0.222222*{1012} + 0.0740741*{14} + 0.222222*{1415} + 0.0740741*{10} + 0.0740741*{11} + 0.222222*{1213} + 0.222222*{5859} + 0.222222*{6163} + 0.222222*{1011} + 0.222222*{5662} + 0.222222*{ 814} + 0.222222*{5761} + 0.222222*{1113} + 0.222222*{1015} + 0.222222*{5861} + 0.222222*{6263} + 0.222222*{ 812} = 0 

1*{6977} + 1*{6775} + 1*{2331} + 1*{7078} + 1*{2129} + 1*{1725} + 1*{6674} + 1*{1826} + 1*{6876} + 1*{6472} + 1*{2230} + 1*{7179} + 1*{6573} + 1*{2028} + 1*{1624} + 0.111111*{} + 1*{1927} = 0 

1*{1672} + -1*{3171} + -1*{3070} + -1*{2969} + 1*{2076} + -1*{2767} + 1*{2278} + -1*{2666} + 1*{2379} + -1*{2868} + -1*{2565} + 1*{1874} + 1*{1975} + 1*{2177} + -1*{2464} + 1*{1773} = 0 

1*{6581} + 1*{1834} + 1*{1935} + 1*{2137} + 1*{1632} + 1*{1733} + 1*{2036} + 1*{7086} + 1*{6682} + 1*{7187} + 1*{6480} + 0.111111*{} + 1*{6985} + 1*{2238} + 1*{6783} + 1*{6884} + 1*{2339} = 0 

1*{2084} + -1*{3769} + 1*{1882} + -1*{3264} + -1*{3870} + 1*{1680} + -1*{3971} + -1*{3466} + 1*{2185} + 1*{1983} + -1*{3365} + -1*{3668} + -1*{3567} + 1*{2387} + 1*{2286} + 1*{1781} = 0 

1*{2044} + 1*{1842} + 1*{6488} + 1*{2246} + 1*{7094} + 1*{6993} + 1*{1741} + 1*{7195} + 1*{2145} + 1*{6690} + 1*{6892} + 1*{6589} + 1*{1640} + 1*{6791} + 1*{1943} + 1*{2347} + 0.111111*{} = 0 

-1*{4165} + -1*{4569} + -1*{4468} + -1*{4367} + 1*{2193} + 1*{1789} + 1*{2395} + -1*{4771} + 1*{2294} + 1*{1991} + 1*{2092} + -1*{4670} + -1*{4266} + 1*{1890} + 1*{1688} + -1*{4064} = 0 

-0.111111*{} + 1*{6464} + 1*{1616} = 0 

-0.111111*{} + 1*{6565} + 1*{1717} = 0 

-0.111111*{} + 1*{6666} + 1*{1818} = 0 

-0.111111*{} + 1*{6767} + 1*{1919} = 0 

-0.111111*{} + 1*{6868} + 1*{2020} = 0 

-0.111111*{} + 1*{6969} + 1*{2121} = 0 

-0.111111*{} + 1*{7070} + 1*{2222} = 0 

-0.111111*{} + 1*{7171} + 1*{2323} = 0 

0.222222*{2021} + 0.222222*{1921} + 0.222222*{6669} + 0.222222*{1821} + 0.222222*{6871} + 0.222222*{1820} + 0.222222*{6468} + 0.222222*{6870} + 0.222222*{1617} + 0.222222*{2122} + 0.222222*{1819} + 0.222222*{1722} + 0.222222*{6471} + 0.222222*{6771} + 0.222222*{6671} + 0.0740741*{16} + 0.222222*{1922} + 0.222222*{1923} + 0.222222*{6869} + 0.222222*{1719} + 0.222222*{2123} + 0.0740741*{22} + 0.222222*{6769} + 0.0740741*{18} + 0.222222*{6770} + 0.222222*{6467} + 0.222222*{6570} + 0.222222*{6567} + 0.222222*{1822} + 0.222222*{1720} + 0.222222*{2223} + 0.222222*{1823} + 0.222222*{6971} + 0.222222*{2022} + 0.222222*{6466} + 0.0740741*{21} + 0.0740741*{23} + 0.222222*{6569} + 0.0740741*{17} + 0.222222*{7071} + 0.222222*{1621} + 0.222222*{2023} + 0.222222*{6667} + 0.222222*{1623} + 0.222222*{6768} + 0.222222*{6470} + 0.222222*{6970} + 0.0740741*{20} + 0.222222*{1723} + 0.222222*{6469} + 0.222222*{6668} + 0.222222*{6670} + 0.222222*{1618} + 0.222222*{1721} + 0.222222*{6568} + 0.222222*{1619} + 0.222222*{1620} + 0.0740741*{19} + 0.222222*{1622} + 0.222222*{6566} + 0.222222*{6571} + 0.222222*{1920} + 0.222222*{1718} + 0.222222*{6465} = 0 

1*{2735} + 1*{2533} + 1*{7583} + 1*{2937} + 1*{3139} + 1*{2432} + 1*{7280} + 1*{7886} + 1*{2836} + 1*{7987} + 1*{2634} + 1*{7482} + 1*{3038} + 1*{7684} + 1*{7785} + 1*{7381} + 0.111111*{} = 0 

1*{3187} + 1*{2581} + 1*{2985} + 1*{2783} + -1*{3979} + -1*{3676} + -1*{3777} + -1*{3575} + -1*{3272} + -1*{3474} + 1*{2884} + 1*{2682} + 1*{3086} + 1*{2480} + -1*{3878} + -1*{3373} = 0 

1*{2743} + 0.111111*{} + 1*{3147} + 1*{2844} + 1*{7894} + 1*{7692} + 1*{2945} + 1*{7793} + 1*{2642} + 1*{7288} + 1*{7490} + 1*{7591} + 1*{3046} + 1*{7995} + 1*{7389} + 1*{2541} + 1*{2440} = 0 

-1*{4274} + -1*{4476} + 1*{2993} + -1*{4375} + 1*{3195} + -1*{4678} + -1*{4577} + 1*{3094} + -1*{4173} + 1*{2791} + 1*{2488} + 1*{2892} + -1*{4072} + 1*{2589} + -1*{4779} + 1*{2690} = 0 

-0.111111*{} + 1*{7272} + 1*{2424} = 0 

-0.111111*{} + 1*{7373} + 1*{2525} = 0 

-0.111111*{} + 1*{7474} + 1*{2626} = 0 

1*{7575} + -0.111111*{} + 1*{2727} = 0 

1*{7676} + -0.111111*{} + 1*{2828} = 0 

-0.111111*{} + 1*{7777} + 1*{2929} = 0 

-0.111111*{} + 1*{7878} + 1*{3030} = 0 

-0.111111*{} + 1*{7979} + 1*{3131} = 0 

0.222222*{2425} + 0.222222*{2427} + 0.222222*{7479} + 0.222222*{2730} + 0.222222*{7274} + 0.222222*{7275} + 0.222222*{2529} + 0.222222*{2627} + 0.222222*{7378} + 0.0740741*{26} + 0.222222*{2429} + 0.222222*{2831} + 0.222222*{2430} + 0.222222*{7375} + 0.222222*{7475} + 0.222222*{7273} + 0.222222*{2631} + 0.222222*{7677} + 0.222222*{2728} + 0.222222*{2527} + 0.222222*{2930} + 0.222222*{7476} + 0.222222*{7679} + 0.222222*{7374} + 0.222222*{7577} + 0.222222*{7379} + 0.0740741*{25} + 0.222222*{7478} + 0.222222*{2630} + 0.222222*{2528} + 0.222222*{7778} + 0.0740741*{27} + 0.222222*{2731} + 0.222222*{7276} + 0.222222*{2431} + 0.0740741*{30} + 0.222222*{2830} + 0.222222*{3031} + 0.222222*{7779} + 0.0740741*{24} + 0.222222*{2629} + 0.222222*{7278} + 0.222222*{2530} + 0.222222*{2428} + 0.222222*{7376} + 0.222222*{2531} + 0.222222*{2729} + 0.0740741*{29} + 0.222222*{7279} + 0.222222*{7678} + 0.222222*{7579} + 0.222222*{2931} + 0.222222*{7477} + 0.222222*{2526} + 0.222222*{2829} + 0.222222*{2426} + 0.0740741*{28} + 0.222222*{2628} + 0.222222*{7576} + 0.222222*{7277} + 0.222222*{7377} + 0.222222*{7879} + 0.222222*{7578} + 0.0740741*{31} = 0 

1*{8795} + 1*{8088} + 1*{8189} + 1*{8391} + 1*{3442} + 1*{3947} + 1*{8290} + 1*{3745} + 1*{3846} + 1*{8492} + 1*{8694} + 0.111111*{} + 1*{3240} + 1*{8593} + 1*{3644} + 1*{3341} + 1*{3543} = 0 

-1*{4686} + -1*{4282} + 1*{3288} + -1*{4585} + -1*{4484} + 1*{3591} + -1*{4787} + 1*{3995} + 1*{3389} + -1*{4080} + 1*{3692} + -1*{4181} + 1*{3894} + -1*{4383} + 1*{3490} + 1*{3793} = 0 

-0.111111*{} + 1*{8080} + 1*{3232} = 0 

1*{3333} + -0.111111*{} + 1*{8181} = 0 

-0.111111*{} + 1*{8282} + 1*{3434} = 0 

-0.111111*{} + 1*{8383} + 1*{3535} = 0 

-0.111111*{} + 1*{8484} + 1*{3636} = 0 

1*{8585} + -0.111111*{} + 1*{3737} = 0 

-0.111111*{} + 1*{3838} + 1*{8686} = 0 

-0.111111*{} + 1*{8787} + 1*{3939} = 0 

0.222222*{3334} + 0.222222*{8587} + 0.222222*{8487} + 0.222222*{3438} + 0.222222*{8384} + 0.222222*{8284} + 0.222222*{3233} + 0.222222*{3738} + 0.222222*{8083} + 0.222222*{3236} + 0.222222*{3439} + 0.222222*{3235} + 0.222222*{8087} + 0.222222*{8082} + 0.222222*{3336} + 0.222222*{8286} + 0.222222*{3536} + 0.222222*{3237} + 0.222222*{3338} + 0.222222*{8184} + 0.222222*{8081} + 0.222222*{3234} + 0.222222*{3739} + 0.222222*{3335} + 0.222222*{3339} + 0.0740741*{36} + 0.222222*{8586} + 0.222222*{3638} + 0.222222*{3435} + 0.222222*{8085} + 0.222222*{8485} + 0.222222*{8086} + 0.222222*{8283} + 0.222222*{3639} + 0.222222*{3337} + 0.0740741*{39} + 0.0740741*{34} + 0.222222*{8287} + 0.222222*{3538} + 0.222222*{8084} + 0.0740741*{32} + 0.222222*{8183} + 0.222222*{8687} + 0.222222*{8387} + 0.0740741*{38} + 0.222222*{8185} + 0.222222*{3537} + 0.222222*{8182} + 0.222222*{3239} + 0.0740741*{35} + 0.222222*{3839} + 0.222222*{3539} + 0.222222*{3436} + 0.222222*{8285} + 0.222222*{3238} + 0.222222*{8186} + 0.0740741*{33} + 0.0740741*{37} + 0.222222*{8187} + 0.222222*{8486} + 0.222222*{3637} + 0.222222*{3437} + 0.222222*{8385} + 0.222222*{8386} = 0 

-0.111111*{} + 1*{8888} + 1*{4040} = 0 

-0.111111*{} + 1*{8989} + 1*{4141} = 0 

1*{9090} + -0.111111*{} + 1*{4242} = 0 

-0.111111*{} + 1*{9191} + 1*{4343} = 0 

-0.111111*{} + 1*{9292} + 1*{4444} = 0 

-0.111111*{} + 1*{9393} + 1*{4545} = 0 

-0.111111*{} + 1*{9494} + 1*{4646} = 0 

-0.111111*{} + 1*{9595} + 1*{4747} = 0 

0.0740741*{40} + 0.222222*{9395} + 0.222222*{8890} + 0.222222*{4142} + 0.222222*{4547} + 0.222222*{4345} + 0.222222*{4344} + 0.222222*{9294} + 0.0740741*{42} + 0.222222*{4347} + 0.222222*{9293} + 0.222222*{9192} + 0.222222*{4447} + 0.222222*{8893} + 0.222222*{8891} + 0.222222*{4044} + 0.222222*{8895} + 0.222222*{4446} + 0.222222*{4147} + 0.222222*{9394} + 0.222222*{8995} + 0.222222*{4143} + 0.222222*{4243} + 0.222222*{4041} + 0.222222*{4647} + 0.222222*{4546} + 0.0740741*{45} + 0.222222*{8993} + 0.222222*{4043} + 0.0740741*{46} + 0.222222*{8889} + 0.222222*{9094} + 0.222222*{8892} + 0.222222*{8994} + 0.0740741*{43} + 0.0740741*{47} + 0.222222*{9092} + 0.222222*{4247} + 0.222222*{4445} + 0.222222*{4144} + 0.222222*{9195} + 0.0740741*{41} + 0.222222*{4145} + 0.222222*{8894} + 0.222222*{9095} + 0.222222*{9193} + 0.222222*{4245} + 0.222222*{9194} + 0.222222*{4146} + 0.222222*{8990} + 0.222222*{9091} + 0.222222*{9495} + 0.222222*{4246} + 0.222222*{8992} + 0.222222*{4346} + 0.222222*{8991} + 0.222222*{4244} + 0.222222*{4045} + 0.0740741*{44} + 0.222222*{9295} + 0.222222*{4042} + 0.222222*{9093} + 0.222222*{4046} + 0.222222*{4047} = 0 

-16384*{13} + 1024*{ 3} + 32*{ 6} + -32*{14} + 2*{ 7} + -4096*{12} + 32768*{53} + 64*{ 1} + -8192*{60} + 2048*{51} + 8*{ 0} + 16384*{ 5} + -32768*{61} + 16*{48} + -2*{15} + -16*{56} + 512*{50} + -512*{58} + -256*{10} + -4*{62} + -8*{ 8} + -64*{ 9} + -2048*{59} + 256*{ 2} + 8192*{52} + 4*{54} + 4096*{ 4} + 1*{55} + -1024*{11} + -128*{57} + 128*{49} + -1*{63} > 0 

-4096*{20} + 2*{15} + 16384*{13} + 1*{63} + -4*{70} + 4096*{12} + 32768*{61} + 32*{14} + 8192*{60} + -16384*{21} + -2*{23} + -128*{65} + -512*{66} + -1024*{19} + -32*{22} + -16*{64} + 16*{56} + -8*{16} + 64*{ 9} + -64*{17} + -8192*{68} + -256*{18} + 2048*{59} + -1*{71} + -2048*{67} + 256*{10} + 512*{58} + -32768*{69} + 1024*{11} + 128*{57} + 4*{62} + 8*{ 8} > 0 

-4096*{28} + -64*{25} + -2*{31} + 1*{71} + 8192*{68} + 16*{64} + 4096*{20} + -4*{78} + 64*{17} + 32768*{69} + -256*{26} + 16384*{21} + 2*{23} + -16*{72} + 128*{65} + -2048*{75} + 256*{18} + -128*{73} + -32*{30} + 32*{22} + 4*{70} + -32768*{77} + -8192*{76} + -16384*{29} + 512*{66} + 1024*{19} + 8*{16} + -512*{74} + -1*{79} + -8*{24} + 2048*{67} + -1024*{27} > 0 

64*{25} + -256*{34} + 8192*{76} + -16384*{37} + 32768*{77} + 16384*{29} + -4*{86} + -1*{87} + 16*{72} + -8192*{84} + -16*{80} + -2048*{83} + 512*{74} + 8*{24} + -32768*{85} + 2048*{75} + 128*{73} + 2*{31} + 4096*{28} + 1*{79} + -128*{81} + -32*{38} + 32*{30} + 256*{26} + -8*{32} + -2*{39} + 4*{78} + -4096*{36} + -1024*{35} + 1024*{27} + -64*{33} + -512*{82} > 0 

-512*{90} + -8*{40} + -2048*{91} + 16384*{37} + 32768*{85} + -2*{47} + 4*{86} + 1*{87} + -4*{94} + -8192*{92} + 1024*{35} + 8*{32} + 2048*{83} + -32768*{93} + -16384*{45} + -64*{41} + -16*{88} + 2*{39} + 4096*{36} + -1024*{43} + 256*{34} + -1*{95} + 512*{82} + -128*{89} + -256*{42} + 16*{80} + 8192*{84} + -4096*{44} + 64*{33} + 128*{81} + 32*{38} + -32*{46} > 0 

-1024*{49} + -128*{57} + -2048*{ 1} + 8*{72} + -512*{41} + 128*{56} + 64*{16} + -256*{ 9} + -4*{33} + 32*{64} + 16*{24} + -32*{65} + -8*{73} + 256*{ 8} + -16*{25} + 4*{32} + 1*{88} + 2048*{ 0} + 2*{80} + -1*{89} + -2*{81} + 1024*{48} + -64*{17} + 512*{40} > 0 

-2048*{ 2} + -1*{90} + 2048*{ 1} + 16*{25} + -2*{82} + 128*{57} + 1024*{49} + -8*{74} + -16*{26} + 64*{17} + 32*{65} + 8*{73} + -32*{66} + 1*{89} + 2*{81} + -64*{18} + 256*{ 9} + 4*{33} + -4*{34} + -1024*{50} + -512*{42} + 512*{41} + -256*{10} + -128*{58} > 0 

2*{82} + -128*{59} + -8*{75} + 32*{66} + -64*{19} + -512*{43} + -2*{83} + 8*{74} + 64*{18} + -256*{11} + -2048*{ 3} + -1024*{51} + -1*{91} + 128*{58} + -4*{35} + 16*{26} + -32*{67} + 1*{90} + 4*{34} + 2048*{ 2} + 512*{42} + -16*{27} + 1024*{50} + 256*{10} > 0 

-8*{76} + -512*{44} + -16*{28} + -64*{20} + 2*{83} + 128*{59} + -32*{68} + -1024*{52} + 16*{27} + 8*{75} + 32*{67} + -1*{92} + 1*{91} + -2048*{ 4} + 4*{35} + 64*{19} + 2048*{ 3} + 256*{11} + -2*{84} + -4*{36} + 512*{43} + -256*{12} + 1024*{51} + -128*{60} > 0 

-4*{37} + -1024*{53} + 16*{28} + 2*{84} + -2*{85} + -1*{93} + 1*{92} + 2048*{ 4} + -512*{45} + 128*{60} + 32*{68} + -128*{61} + 256*{12} + -8*{77} + 8*{76} + 1024*{52} + -2048*{ 5} + 4*{36} + -16*{29} + -256*{13} + 512*{44} + -32*{69} + 64*{20} + -64*{21} > 0 

2*{85} + -16*{30} + 1*{93} + -4*{38} + 512*{45} + 64*{21} + -2*{86} + -1024*{54} + -1*{94} + 32*{69} + 128*{61} + -32*{70} + -512*{46} + -8*{78} + 2048*{ 5} + 16*{29} + 256*{13} + -128*{62} + 1024*{53} + 4*{37} + -256*{14} + -2048*{ 6} + 8*{77} + -64*{22} > 0 

-1*{95} + -32*{71} + 128*{62} + 512*{46} + 8*{78} + -1024*{55} + -128*{63} + 32*{70} + -16*{31} + 16*{30} + 64*{22} + -64*{23} + -8*{79} + 4*{38} + 1024*{54} + 2*{86} + -4*{39} + -256*{15} + -512*{47} + -2*{87} + 1*{94} + 256*{14} + -2048*{ 7} + 2048*{ 6} > 0 

1*{95} > 0 

{9, 7, 1, 1, 1, 1, 1, 1, 1, 1, 1} vars: 96, vectors: 16
1 2.082516e+00 2.082516e+00 -1.330689e-01 8.458076e-15
2 9.121805e+04 2.082516e+00 -1.030884e-01 2.915461e-11
3 3.289955e+04 2.082516e+00 -7.984217e-02 7.326699e-12
4 1.186411e+04 2.082516e+00 -6.181214e-02 1.829241e-12
5 4.277364e+03 2.082516e+00 -4.782132e-02 9.137578e-13
6 1.541520e+03 2.082516e+00 -3.695763e-02 4.559880e-13
7 5.552131e+02 2.082516e+00 -2.851583e-02 8.947029e-15
8 1.997960e+02 2.082516e+00 -2.195464e-02 5.703594e-14
9 7.181926e+01 2.082516e+00 -1.687501e-02 1.473020e-15
10 2.599911e+01 2.082516e+00 -1.313301e-02 1.422174e-14
11 3.446842e+02 2.082516e+00 -1.020079e-02 5.718635e-14
12 6.904658e+05 2.082516e+00 -7.904857e-03 1.164401e-10
13 2.490720e+05 2.082516e+00 -6.125298e-03 2.924545e-11
14 8.984464e+04 2.082516e+00 -4.745877e-03 4.366875e-11
15 3.240665e+04 2.082516e+00 -3.676504e-03 3.698311e-12
16 1.168788e+04 2.082516e+00 -2.847359e-03 3.639793e-12
17 4.214782e+03 2.082516e+00 -2.204491e-03 9.097633e-13
18 1.520535e+03 2.082516e+00 -1.705935e-03 4.547659e-13
19 5.480944e+02 2.082516e+00 -1.319959e-03 1.136948e-13
20 2.127326e+02 2.082516e+00 -1.023659e-03 8.527666e-14
21 1.074236e+03 2.082516e+00 -7.915296e-04 1.632547e-15
22 3.871619e+02 2.082516e+00 -6.121038e-04 5.684830e-14
23 1.404604e+02 2.082516e+00 -4.726322e-04 2.842262e-14
24 5.057855e+01 2.082516e+00 -3.650191e-04 1.421096e-14
25 1.822468e+01 2.082516e+00 -2.830515e-04 5.895307e-17
26 6.590527e+00 2.082516e+00 -2.243005e-04 1.776614e-15
27 2.484839e+00 2.082516e+00 -1.926972e-04 1.332271e-15
28 1.319286e+00 1.319286e+00 -1.841506e-04 6.661378e-16
29 6.204457e-01 6.204457e-01 -1.189996e-04 3.330740e-16
30 8.158078e+03 6.204457e-01 -9.215489e-05 8.412052e-16
31 2.941755e+03 6.204457e-01 -7.133423e-05 1.364242e-12
32 1.060517e+03 6.204457e-01 -5.518187e-05 6.821210e-13
33 3.821874e+02 6.204457e-01 -4.264945e-05 2.273737e-13
34 1.376687e+02 6.204457e-01 -3.293125e-05 5.684342e-14
35 4.957498e+01 6.204457e-01 -2.547812e-05 2.131628e-14
36 1.804691e+01 6.204457e-01 -2.023626e-05 7.105428e-15
37 4.700493e+03 6.204457e-01 -1.567315e-05 9.094947e-13
38 1.695108e+03 6.204457e-01 -1.213508e-05 2.273737e-13
39 6.111884e+02 6.204457e-01 -9.391086e-06 3.204254e-18
40 2.216846e+02 6.204457e-01 -7.254614e-06 5.684342e-14
41 8.133003e+01 6.204457e-01 -5.618523e-06 1.421085e-14
42 2.958608e+01 6.204457e-01 -4.518715e-06 3.552714e-15
43 1.822424e+03 6.204457e-01 -3.496908e-06 6.821210e-13
44 6.570119e+02 6.204457e-01 -2.704094e-06 7.958079e-13
45 2.367295e+02 6.204457e-01 -2.089292e-06 5.684342e-14
46 8.526568e+01 6.204457e-01 -1.613136e-06 2.415851e-19
47 3.071540e+01 6.204457e-01 -1.250340e-06 7.105427e-15
48 1.111327e+01 6.204457e-01 -9.656348e-07 3.552714e-15
49 1.185622e+01 6.204457e-01 -7.486333e-07 1.776357e-15
50 4.294495e+00 6.204457e-01 -5.960775e-07 8.881784e-16
51 1.710434e+00 6.204457e-01 -4.622202e-07 2.220446e-16
52 1.258007e+01 6.204457e-01 -3.548761e-07 9.534763e-21
53 4.597990e+00 6.204457e-01 -3.129348e-07 7.165958e-21
54 4.252140e+02 6.204457e-01 -2.418543e-07 2.842171e-13
55 1.531653e+02 6.204457e-01 -1.867783e-07 2.842171e-14
56 5.515952e+01 6.204457e-01 -1.442938e-07 3.129195e-20
57 1.988022e+01 6.204457e-01 -1.123016e-07 7.105427e-15
58 7.263199e+00 6.204457e-01 -9.039562e-08 6.217249e-15
59 3.590640e+02 6.204457e-01 -6.972420e-08 5.684342e-14
60 1.291042e+02 6.204457e-01 -5.366196e-08 2.842171e-14
61 4.640799e+01 6.204457e-01 -4.120354e-08 1.421085e-14
62 1.683745e+01 6.204457e-01 -3.173724e-08 3.552714e-15
63 6.068133e+00 6.204457e-01 -2.501867e-08 5.329071e-15
64 2.237654e+00 6.204457e-01 -2.171001e-08 4.440892e-16
65 1.347942e+00 6.204457e-01 -1.980795e-08 2.220446e-16
66 9.930645e-01 6.204457e-01 -2.632005e-08 8.881784e-16
67 1.682503e+03 6.204457e-01 -2.035317e-08 2.273737e-13
68 6.061551e+02 6.204457e-01 -1.571314e-08 2.273737e-13
69 2.183179e+02 6.204457e-01 -1.212216e-08 2.842171e-14
70 7.892331e+01 6.204457e-01 -9.338345e-09 1.421085e-14
71 2.839162e+01 6.204457e-01 -7.202400e-09 2.131628e-14
72 1.024086e+01 6.204457e-01 -5.616471e-09 1.776357e-15
73 3.767435e+00 6.204457e-01 -4.701365e-09 8.881784e-16
74 4.577360e+00 6.204457e-01 -2.570026e-09 3.552714e-15
75 2.917094e+05 6.204457e-01 -1.991600e-09 1.746230e-10
76 1.052292e+05 6.204457e-01 -1.543266e-09 2.910383e-11
77 3.795832e+04 6.204457e-01 -1.195749e-09 1.483450e-20
78 1.369162e+04 6.204457e-01 -9.263507e-10 1.818989e-12
79 4.938190e+03 6.204457e-01 -7.174920e-10 1.818989e-12
80 1.780864e+03 6.204457e-01 -5.555566e-10 4.547474e-13
81 6.421306e+02 6.204457e-01 -4.300207e-10 1.136868e-13
82 2.314989e+02 6.204457e-01 -3.327945e-10 2.842171e-14
83 8.346163e+01 6.204457e-01 -2.577755e-10 1.421085e-14
84 3.011645e+01 6.204457e-01 -2.005331e-10 9.890510e-24
85 1.091807e+01 6.204457e-01 -1.628389e-10 1.776357e-15
86 6.890485e+02 6.204457e-01 -1.259192e-10 4.547474e-13
87 2.487347e+02 6.204457e-01 -9.728435e-11 2.842171e-14
88 8.959630e+01 6.204457e-01 -7.530990e-11 4.263256e-14
89 4.048695e+01 6.204457e-01 -5.838943e-11 7.105427e-15
90 1.560080e+01 6.204457e-01 -4.584182e-11 1.065814e-14
91 2.035342e+01 6.204457e-01 -3.534597e-11 1.065814e-14
92 7.802073e+00 6.204457e-01 -2.717998e-11 2.664535e-15
93 2.815981e+00 6.204457e-01 -2.114134e-11 1.853788e-25
94 7.182493e+00 6.204457e-01 -1.556927e-11 3.552714e-15
95 1.895548e+01 6.204457e-01 -1.171951e-11 1.065814e-14
96 7.736808e+00 6.204457e-01 -8.706365e-12 1.776357e-15
97 2.738237e+00 6.204457e-01 -6.486275e-12 1.332268e-15
98 3.950452e+00 6.204457e-01 -4.847532e-12 4.440892e-16
99 1.455503e+00 6.204457e-01 -3.546831e-12 3.481484e-26
100 2.066739e+00 6.204457e-01 -2.679611e-12 1.351629e-26
101 8.439062e-01 6.204457e-01 -2.021003e-12 2.220446e-16
102 8.351380e-01 6.204457e-01 -1.517840e-12 5.551115e-16
103 3.411947e-01 3.411947e-01 -1.078970e-12 1.110223e-16
104 2.531228e+00 3.411947e-01 -7.765757e-13 4.216046e-26
105 9.494249e-01 3.411947e-01 -6.752336e-13 7.771561e-16
106 5.094023e+02 3.411947e-01 -5.210575e-13 1.705303e-13
107 1.835181e+02 3.411947e-01 -4.006570e-13 2.842171e-14
108 6.607894e+01 3.411947e-01 -3.068047e-13 1.421085e-14
109 2.378181e+01 3.411947e-01 -2.880522e-13 1.065814e-14
110 5.193376e+06 3.411947e-01 -2.232230e-13 1.862645e-09
111 1.873582e+06 3.411947e-01 -1.729704e-13 4.656613e-10
112 6.758610e+05 3.411947e-01 -1.340122e-13 1.164153e-10
113 2.437965e+05 3.411947e-01 -1.038005e-13 2.910383e-11
114 8.793728e+04 3.411947e-01 -8.035763e-14 4.365575e-11
115 3.172394e+04 3.411947e-01 -6.214066e-14 7.275958e-12
116 1.144064e+04 3.411947e-01 -4.794726e-14 7.275958e-12
117 4.124575e+03 3.411947e-01 -3.683604e-14 9.094947e-13
118 1.486626e+03 3.411947e-01 -2.800832e-14 4.547474e-13
119 5.577098e+02 3.411947e-01 -2.078172e-14 2.273737e-13
120 2.132031e+02 3.411947e-01 -1.466996e-14 5.684342e-14
121 7.690312e+01 3.411947e-01 -9.100515e-15 1.206263e-27
122 3.165005e+01 3.411947e-01 -3.153081e-15 7.105427e-15
123 5.131781e+02 3.411947e-01 -1.924287e-15 6.925020e-28
124 2.084519e+02 3.411947e-01 -1.002868e-16 8.526513e-14
125 2.671964e+02 3.411947e-01 4.212562e-16 5.684342e-14
126 9.828673e+01 3.411947e-01 1.230216e-15 2.686255e-28
127 3.642370e+01 3.411947e-01 2.629946e-15 7.105427e-15
128 1.345251e+01 3.411947e-01 5.083954e-15 1.776357e-15
129 4.918402e+00 3.411947e-01 9.320001e-15 8.881784e-16
130 1.789810e+00 3.411947e-01 1.692858e-14 4.440892e-16
131 6.646708e-01 3.411947e-01 3.404597e-14 2.220446e-16
132 2.698401e-01 2.698401e-01 9.479496e-14 1.110223e-16
133 1.267169e-01 1.267169e-01 2.610044e-13 2.775558e-17
134 5.067110e-02 5.067110e-02 3.114796e-13 5.035178e-28
135 1.730099e-02 1.730099e-02 6.202920e-13 1.040834e-17
136 8.176766e-03 8.176766e-03 1.400294e-12 3.469447e-18
137 3.773012e-03 3.773012e-03 1.799216e-12 4.336809e-19
138 1.502866e-03 1.502866e-03 2.521755e-12 4.336809e-19
139 5.436864e-04 5.436864e-04 3.464845e-12 2.168404e-19
140 1.887413e-04 1.887413e-04 5.067424e-12 5.421011e-20
141 6.806600e-05 6.806600e-05 8.157321e-12 1.355253e-20
142 2.346015e-05 2.346015e-05 1.105078e-11 1.016440e-20
143 7.208254e-06 7.208254e-06 1.240654e-11 5.285262e-28
144 2.185903e-06 2.185903e-06 1.297040e-11 2.311739e-28
145 6.603121e-07 6.603121e-07 1.318976e-11 1.058791e-22
146 1.993688e-07 1.993688e-07 1.326964e-11 2.646978e-23
147 6.021378e-08 6.021378e-08 1.329393e-11 2.038788e-28
148 1.819490e-08 1.819490e-08 1.329724e-11 3.308722e-24
149 5.500264e-09 5.500264e-09 1.329382e-11 3.272192e-29
150 1.663179e-09 1.663179e-09 1.328923e-11 4.135903e-25
151 5.030043e-10 5.030043e-10 1.328544e-11 1.033976e-25
152 1.521405e-10 1.521405e-10 1.328283e-11 2.584940e-26
153 4.601912e-11 4.601912e-11 1.328120e-11 1.292471e-26
154 1.391614e-11 1.391614e-11 1.327679e-11 1.615594e-27
155 4.216991e-12 4.216991e-12 1.328981e-11 3.231175e-27
156 1.266542e-12 1.266542e-12 1.323109e-11 4.038970e-28
157 3.884091e-13 3.884091e-13 1.327387e-11 5.048806e-29
x: -3.184672e-01  3.173068e-01 -3.148759e-01 -7.993448e-03  8.357999e-02 -3.324953e-01 -6.528103e-02 -2.076039e-01 -8.397819e-02 -2.865072e-01  1.546243e-01 -3.102862e-03  1.603502e-03  1.229623e-01  3.244573e-01  1.520772e-01 -3.215709e-01 -2.845004e-01  2.503254e-01 -3.302086e-01 -1.025808e-02  2.310744e-01  3.134841e-01  1.178884e-01  2.112901e-01 -3.284862e-01  5.317236e-02  3.227456e-01 -2.826100e-01 -1.802603e-01 -3.125288e-01  3.240697e-01 -2.510180e-01  1.318672e-01 -2.583043e-01 -3.024596e-02  3.332594e-01  3.333139e-01 -3.245749e-01  3.172403e-01  3.173907e-01 -4.718466e-02  2.710781e-02 -5.272708e-02 -1.452183e-01 -3.083979e-01  2.853582e-01 -3.155808e-01 -9.843656e-02  1.021151e-01  1.093812e-01  3.332373e-01  3.226849e-01  2.361930e-02  3.268785e-01 -2.607906e-01 -3.225814e-01 -1.703664e-01 -2.953006e-01  3.333189e-01 -3.333295e-01  3.098248e-01  7.641065e-02 -2.966204e-01  8.776861e-02  1.736967e-01  2.201098e-01 -4.553397e-02  3.331755e-01 -2.402409e-01  1.133087e-01  3.117907e-01  2.578131e-01  5.663872e-02  3.290650e-01  8.334438e-02  1.767560e-01  2.803877e-01 -1.159178e-01 -7.803841e-02  2.193197e-01 -3.061407e-01 -2.106893e-01 -3.319581e-01 -7.023136e-03  3.596687e-03 -7.590940e-02 -1.023218e-01  1.018541e-01 -3.299768e-01 -3.322293e-01 -3.291366e-01  3.000379e-01 -1.264986e-01 -1.722842e-01 -1.073309e-01  1.327387e-11
grad: -3.873727e-20 -8.253968e-21 -3.821247e-20  2.436401e-19  5.799122e-20  2.773138e-20 -5.948511e-20 -4.993971e-20 -1.164592e-19 -1.285462e-20  1.400030e-19  7.453589e-20  9.337853e-20 -1.265454e-19  2.966317e-20 -7.430267e-20 -6.619729e-20  2.916248e-20  3.688647e-20  1.638082e-20 -2.349079e-19  6.050342e-20 -7.079354e-20 -3.466163e-19 -1.159022e-19 -1.293152e-20  1.428926e-19 -7.398418e-21  4.063000e-20 -2.769233e-20  1.815750e-21  3.567647e-20 -5.341417e-20 -2.720410e-19  8.435430e-20  9.541636e-21  4.733311e-21 -9.430845e-21 -6.719488e-20  8.080557e-20  3.365491e-20 -1.071171e-19 -1.427811e-19 -7.798576e-20  1.682429e-19 -2.560358e-20 -7.172087e-20 -4.019568e-20  1.011155e-19  2.792099e-20 -1.211705e-19 -1.854435e-20 -2.335324e-21  6.158707e-20  2.687446e-21  3.086685e-20  4.193486e-20  1.899958e-20  6.584474e-20 -3.690497e-21  2.602268e-21  4.682687e-20 -1.457549e-19 -5.102617e-20 -1.884903e-19  1.406220e-20 -3.046965e-20  1.056020e-21  8.527927e-22  7.569128e-20  2.007324e-19  1.364804e-19  8.877818e-20 -1.137714e-20 -3.358751e-20 -5.402551e-20  5.430022e-20 -3.605347e-20 -4.521172e-20  5.013189e-20 -5.051784e-20 -1.096546e-19 -9.613364e-20  2.466974e-20 -5.090705e-20 -3.167553e-19  2.799314e-19  1.839433e-19 -1.203260e-19  1.847919e-20 -1.770972e-20  2.679829e-20  7.372575e-20  4.809419e-20 -1.478247e-19  1.027729e-19  3.884091e-13
finished in 157 iterations (0.208 seconds total)
max viol = 9.3211e-08
