---------------------
Basis Indices:
---------------------

{-, -, -, -, -, -, -, -, -}, {-, -, -, -, -, -, -, -, -}, {-, -, -, -, -, -, -, -, -}, {-, -, -, -, -, -, -, -, -}, {-, -, -, -, -, -, -, -, -}, {-, -, -, -, -, -, -, -, -}, {-, -, -, -, -, -, -, -, -}, {-, -, -, -, -, -, -, -, -}, {-, -, -, -, -, -, -, -, -}


{-, -, -, -, -, -, -, -, -}, {-, 91+i334, 92+i335, 93+i336, 94+i337, 95+i338, 96+i339, 97+i340, 98+i341}, {-, 100+i343, 101+i344, 102+i345, 103+i346, 104+i347, 105+i348, 106+i349, 107+i350}, {-, 109+i352, 110+i353, 111+i354, 112+i355, 113+i356, 114+i357, 115+i358, 116+i359}, {-, 118+i361, 119+i362, 120+i363, 121+i364, 122+i365, 123+i366, 124+i367, 125+i368}, {-, 127+i370, 128+i371, 129+i372, 130+i373, 131+i374, 132+i375, 133+i376, 134+i377}, {-, 136+i379, 137+i380, 138+i381, 139+i382, 140+i383, 141+i384, 142+i385, 143+i386}, {}, {}


{-, 163+i406, 164+i407, 165+i408, 166+i409, 167+i410, 168+i411, 169+i412, 170+i413}, {}, {}, {}, {}, {}, {}, {}, {}

---------------------
Index Mapping: 
---------------------

{413: 111, 412: 110, 411: 109, 410: 108, 409: 107, 408: 106, 407: 105, 406: 104, 380: 97, 371: 89, 489: 115, 362: 81, 353: 73, 344: 65, 343: 64, 341: 63, 340: 62, 339: 61, 338: 60, 337: 59, 373: 91, 119: 25, 372: 90, 118: 24, 497: 123, 370: 88, 116: 23, 496: 122, 115: 22, 495: 121, 368: 87, 114: 21, 494: 120, 367: 86, 113: 20, 493: 119, 366: 85, 112: 19, 492: 118, 365: 84, 111: 18, 170: 55, 491: 117, 364: 83, 110: 17, 169: 54, 490: 116, 363: 82, 109: 16, 168: 53, 488: 114, 361: 80, 107: 15, 166: 51, 487: 113, 106: 14, 165: 50, 486: 112, 359: 79, 105: 13, 164: 49, 374: 92, 120: 26, 345: 66, 91: 0, 358: 78, 104: 12, 163: 48, 375: 93, 121: 27, 346: 67, 92: 1, 376: 94, 122: 28, 347: 68, 93: 2, 348: 69, 94: 3, 349: 70, 95: 4, 350: 71, 96: 5, 97: 6, 352: 72, 98: 7, 334: 56, 354: 74, 100: 8, 336: 58, 355: 75, 101: 9, 356: 76, 102: 10, 357: 77, 103: 11, 377: 95, 123: 29, 124: 30, 379: 96, 125: 31, 381: 98, 127: 32, 382: 99, 128: 33, 383: 100, 129: 34, 384: 101, 130: 35, 385: 102, 131: 36, 386: 103, 132: 37, 133: 38, 134: 39, 136: 40, 137: 41, 138: 42, 139: 43, 140: 44, 141: 45, 142: 46, 143: 47, 167: 52, 335: 57}

---------------------
Final Problem: 
---------------------
Find a point satisfying:

1*{ 60 68} + 1*{  1  9} + 1*{ 61 69} + 1*{ 58 66} + 0.111111*{} + 1*{  7 15} + 1*{  0  8} + 1*{  2 10} + 1*{ 57 65} + 1*{ 56 64} + 1*{ 63 71} + 1*{  6 14} + 1*{  4 12} + 1*{  3 11} + 1*{ 62 70} + 1*{  5 13} + 1*{ 59 67} = 0 

-1*{ 12 60} + -1*{ 13 61} + 1*{  3 67} + 1*{  5 69} + -1*{ 14 62} + -1*{ 11 59} + 1*{  6 70} + 1*{  1 65} + -1*{  9 57} + 1*{  7 71} + 1*{  2 66} + 1*{  0 64} + -1*{ 15 63} + -1*{ 10 58} + 1*{  4 68} + -1*{  8 56} = 0 

1*{  7 23} + 1*{ 63 79} + 1*{ 58 74} + 1*{  4 20} + 1*{ 61 77} + 1*{  2 18} + 1*{ 62 78} + 1*{  0 16} + 1*{  1 17} + 1*{ 56 72} + 1*{ 59 75} + 1*{ 57 73} + 1*{  6 22} + 1*{ 60 76} + 0.111111*{} + 1*{  5 21} + 1*{  3 19} = 0 

1*{  0 72} + -1*{ 18 58} + -1*{ 20 60} + 1*{  1 73} + -1*{ 23 63} + -1*{ 22 62} + 1*{  7 79} + -1*{ 16 56} + 1*{  3 75} + -1*{ 21 61} + 1*{  2 74} + 1*{  5 77} + -1*{ 17 57} + 1*{  6 78} + 1*{  4 76} + -1*{ 19 59} = 0 

1*{  5 29} + 1*{  6 30} + 1*{  7 31} + 1*{ 63 87} + 1*{ 62 86} + 1*{ 57 81} + 0.111111*{} + 1*{  1 25} + 1*{  3 27} + 1*{ 60 84} + 1*{ 58 82} + 1*{  2 26} + 1*{  4 28} + 1*{ 61 85} + 1*{ 59 83} + 1*{  0 24} + 1*{ 56 80} = 0 

1*{  7 87} + 1*{  2 82} + -1*{ 30 62} + -1*{ 31 63} + -1*{ 24 56} + -1*{ 26 58} + 1*{  6 86} + -1*{ 25 57} + 1*{  4 84} + -1*{ 28 60} + 1*{  1 81} + -1*{ 27 59} + 1*{  0 80} + 1*{  5 85} + -1*{ 29 61} + 1*{  3 83} = 0 

1*{ 59 91} + 1*{  5 37} + 1*{ 63 95} + 1*{  4 36} + 1*{  0 32} + 1*{  1 33} + 1*{  7 39} + 1*{  6 38} + 1*{ 62 94} + 1*{ 57 89} + 1*{  3 35} + 0.111111*{} + 1*{ 58 90} + 1*{  2 34} + 1*{ 61 93} + 1*{ 60 92} + 1*{ 56 88} = 0 

1*{  2 90} + 1*{  6 94} + -1*{ 35 59} + -1*{ 37 61} + -1*{ 33 57} + -1*{ 34 58} + -1*{ 39 63} + -1*{ 32 56} + 1*{  3 91} + 1*{  4 92} + 1*{  1 89} + -1*{ 36 60} + -1*{ 38 62} + 1*{  0 88} + 1*{  7 95} + 1*{  5 93} = 0 

1*{ 58 98} + 1*{  6 46} + 1*{ 56 96} + 1*{  5 45} + 1*{  1 41} + 1*{  3 43} + 1*{ 62102} + 0.111111*{} + 1*{ 59 99} + 1*{  2 42} + 1*{  7 47} + 1*{ 61101} + 1*{ 60100} + 1*{  0 40} + 1*{ 63103} + 1*{ 57 97} + 1*{  4 44} = 0 

-1*{ 40 56} + 1*{  6102} + -1*{ 41 57} + 1*{  5101} + 1*{  4100} + 1*{  2 98} + -1*{ 44 60} + -1*{ 45 61} + 1*{  0 96} + -1*{ 46 62} + -1*{ 43 59} + 1*{  3 99} + -1*{ 47 63} + -1*{ 42 58} + 1*{  1 97} + 1*{  7103} = 0 

-0.111111*{} + 1*{113113} + 1*{112112} = 0 

1*{ 60108} + 1*{  2 50} + 1*{  7 55} + 1*{ 62110} + 1*{ 61109} + 1*{  1 49} + 1*{  0 48} + 1*{ 56104} + 1*{ 59107} + 1*{  4 52} + 1*{ 57105} + 1*{  3 51} + 1*{ 63111} + 1*{  6 54} + -1*{112} + 1*{  5 53} + 0.111111*{} + 1*{ 58106} = 0 

1*{  3107} + 1*{  2106} + -1*{113} + 1*{  0104} + 1*{  6110} + 1*{  4108} + -1*{ 50 58} + -1*{ 49 57} + -1*{ 53 61} + -1*{ 52 60} + -1*{ 54 62} + -1*{ 51 59} + -1*{ 55 63} + 1*{  5109} + -1*{ 48 56} + 1*{  7111} + 1*{  1105} = 0 

-0.111111*{} + 1*{ 56 56} + 1*{  0  0} = 0 

1*{  1  1} + -0.111111*{} + 1*{ 57 57} = 0 

-0.111111*{} + 1*{ 58 58} + 1*{  2  2} = 0 

-0.111111*{} + 1*{ 59 59} + 1*{  3  3} = 0 

-0.111111*{} + 1*{ 60 60} + 1*{  4  4} = 0 

-0.111111*{} + 1*{ 61 61} + 1*{  5  5} = 0 

-0.111111*{} + 1*{ 62 62} + 1*{  6  6} = 0 

-0.111111*{} + 1*{  7  7} + 1*{ 63 63} = 0 

0.222222*{ 57 61} + 0.0740741*{  1} + 0.222222*{ 61 63} + 0.222222*{  3  7} + 0.222222*{ 61 62} + 0.222222*{  0  5} + 0.0740741*{  5} + 0.0740741*{  6} + 0.222222*{  0  4} + 0.222222*{ 59 63} + 0.222222*{ 58 60} + 0.222222*{ 60 61} + 0.222222*{  0  2} + 0.222222*{  0  1} + 0.222222*{  1  6} + 0.222222*{  1  5} + 0.0740741*{  7} + 0.222222*{  0  7} + 0.0740741*{  0} + 0.222222*{  2  6} + 0.222222*{  0  6} + 0.222222*{ 56 59} + 0.222222*{  3  6} + 0.222222*{  0  3} + 0.222222*{ 57 63} + 0.222222*{  1  4} + 0.222222*{  3  4} + 0.222222*{ 59 60} + 0.222222*{  1  3} + 0.222222*{ 56 63} + 0.0740741*{  2} + 0.222222*{ 56 58} + 0.222222*{  1  7} + 0.222222*{ 58 61} + 0.222222*{ 60 62} + 0.222222*{ 56 57} + 0.222222*{ 59 62} + 0.222222*{  1  2} + 0.222222*{  2  3} + 0.222222*{ 59 61} + 0.222222*{ 56 60} + 0.222222*{  4  7} + 0.222222*{  4  5} + 0.222222*{  6  7} + 0.0740741*{  4} + 0.222222*{ 57 62} + 0.222222*{ 58 63} + 0.222222*{ 62 63} + 0.0740741*{  3} + 0.222222*{ 56 62} + 0.222222*{ 57 59} + 0.222222*{ 56 61} + 0.222222*{  3  5} + 0.222222*{  2  7} + 0.222222*{  2  5} + 0.222222*{ 60 63} + 0.222222*{ 58 59} + 0.222222*{  5  6} + 0.222222*{ 57 58} + 0.222222*{ 58 62} + 0.222222*{  4  6} + 0.222222*{  5  7} + 0.222222*{  2  4} + 0.222222*{ 57 60} = 0 

0.111111*{} + 1*{ 69 77} + 1*{ 67 75} + 1*{  8 16} + 1*{ 71 79} + 1*{ 13 21} + 1*{ 66 74} + 1*{  9 17} + 1*{ 68 76} + 1*{ 11 19} + 1*{ 64 72} + 1*{ 15 23} + 1*{ 65 73} + 1*{ 14 22} + 1*{ 12 20} + 1*{ 70 78} + 1*{ 10 18} = 0 

1*{ 14 78} + -1*{ 18 66} + -1*{ 16 64} + -1*{ 17 65} + 1*{ 12 76} + -1*{ 21 69} + 1*{ 13 77} + -1*{ 19 67} + 1*{ 15 79} + 1*{ 11 75} + -1*{ 22 70} + -1*{ 20 68} + 1*{  8 72} + -1*{ 23 71} + 1*{  9 73} + 1*{ 10 74} = 0 

1*{  9 25} + 0.111111*{} + 1*{ 12 28} + 1*{  8 24} + 1*{ 67 83} + 1*{ 15 31} + 1*{ 10 26} + 1*{ 65 81} + 1*{ 70 86} + 1*{ 68 84} + 1*{ 64 80} + 1*{ 69 85} + 1*{ 71 87} + 1*{ 14 30} + 1*{ 66 82} + 1*{ 13 29} + 1*{ 11 27} = 0 

1*{ 12 84} + 1*{ 11 83} + -1*{ 26 66} + 1*{  9 81} + -1*{ 29 69} + -1*{ 28 68} + -1*{ 31 71} + -1*{ 30 70} + -1*{ 24 64} + 1*{ 10 82} + 1*{ 14 86} + 1*{ 15 87} + 1*{  8 80} + 1*{ 13 85} + -1*{ 27 67} + -1*{ 25 65} = 0 

1*{  8 32} + 1*{ 11 35} + 1*{ 15 39} + 1*{ 65 89} + 1*{ 12 36} + 1*{  9 33} + 1*{ 66 90} + 1*{ 69 93} + 1*{ 64 88} + 1*{ 70 94} + 1*{ 14 38} + 1*{ 68 92} + 1*{ 67 91} + 0.111111*{} + 1*{ 10 34} + 1*{ 13 37} + 1*{ 71 95} = 0 

1*{  8 88} + 1*{ 13 93} + -1*{ 38 70} + 1*{ 10 90} + 1*{ 14 94} + -1*{ 32 64} + 1*{ 11 91} + -1*{ 34 66} + -1*{ 39 71} + -1*{ 33 65} + -1*{ 36 68} + 1*{ 12 92} + 1*{ 15 95} + -1*{ 37 69} + 1*{  9 89} + -1*{ 35 67} = 0 

1*{ 64 96} + 1*{ 10 42} + 1*{ 15 47} + 1*{ 67 99} + 1*{ 70102} + 1*{  9 41} + 1*{ 71103} + 1*{ 11 43} + 1*{ 12 44} + 1*{ 13 45} + 1*{  8 40} + 1*{ 66 98} + 1*{ 65 97} + 1*{ 14 46} + 1*{ 68100} + 0.111111*{} + 1*{ 69101} = 0 

1*{ 13101} + -1*{ 45 69} + -1*{ 46 70} + 1*{ 12100} + -1*{ 43 67} + 1*{ 11 99} + 1*{ 10 98} + -1*{ 47 71} + -1*{ 42 66} + -1*{ 41 65} + 1*{  9 97} + -1*{ 44 68} + 1*{  8 96} + -1*{ 40 64} + 1*{ 15103} + 1*{ 14102} = 0 

-0.111111*{} + 1*{115115} + 1*{114114} = 0 

1*{  9 49} + 1*{ 12 52} + 0.111111*{} + 1*{ 71111} + 1*{ 65105} + 1*{ 64104} + 1*{ 15 55} + 1*{ 67107} + 1*{ 66106} + 1*{ 68108} + 1*{ 14 54} + 1*{ 69109} + 1*{ 11 51} + 1*{ 70110} + 1*{  8 48} + -1*{114} + 1*{ 13 53} + 1*{ 10 50} = 0 

-1*{115} + 1*{ 10106} + -1*{ 49 65} + 1*{ 11107} + -1*{ 53 69} + -1*{ 51 67} + 1*{  8104} + 1*{ 12108} + -1*{ 54 70} + -1*{ 50 66} + -1*{ 48 64} + -1*{ 55 71} + 1*{  9105} + 1*{ 14110} + -1*{ 52 68} + 1*{ 13109} + 1*{ 15111} = 0 

-0.111111*{} + 1*{ 64 64} + 1*{  8  8} = 0 

-0.111111*{} + 1*{ 65 65} + 1*{  9  9} = 0 

-0.111111*{} + 1*{ 66 66} + 1*{ 10 10} = 0 

-0.111111*{} + 1*{ 67 67} + 1*{ 11 11} = 0 

-0.111111*{} + 1*{ 68 68} + 1*{ 12 12} = 0 

-0.111111*{} + 1*{ 69 69} + 1*{ 13 13} = 0 

-0.111111*{} + 1*{ 70 70} + 1*{ 14 14} = 0 

-0.111111*{} + 1*{ 71 71} + 1*{ 15 15} = 0 

0.0740741*{ 11} + 0.222222*{  9 11} + 0.222222*{  8 11} + 0.0740741*{ 10} + 0.222222*{  8 13} + 0.222222*{ 66 70} + 0.222222*{ 12 13} + 0.0740741*{  9} + 0.222222*{ 70 71} + 0.222222*{ 10 11} + 0.222222*{  8 12} + 0.222222*{ 64 69} + 0.222222*{  9 13} + 0.222222*{ 10 12} + 0.222222*{ 65 68} + 0.222222*{ 10 14} + 0.222222*{ 66 69} + 0.222222*{  8 10} + 0.222222*{ 68 70} + 0.222222*{ 11 13} + 0.222222*{ 64 70} + 0.222222*{ 67 70} + 0.222222*{ 65 70} + 0.222222*{  8  9} + 0.222222*{ 69 71} + 0.0740741*{ 15} + 0.222222*{ 13 15} + 0.222222*{  9 12} + 0.222222*{ 12 15} + 0.222222*{ 65 67} + 0.222222*{ 67 69} + 0.222222*{ 69 70} + 0.222222*{  9 14} + 0.222222*{ 13 14} + 0.222222*{ 68 69} + 0.0740741*{  8} + 0.222222*{  8 14} + 0.222222*{ 11 14} + 0.0740741*{ 13} + 0.222222*{ 67 68} + 0.222222*{ 64 66} + 0.222222*{ 64 71} + 0.222222*{ 14 15} + 0.0740741*{ 12} + 0.222222*{ 64 65} + 0.222222*{ 66 71} + 0.222222*{ 66 67} + 0.222222*{ 67 71} + 0.222222*{ 65 66} + 0.222222*{ 10 13} + 0.222222*{ 11 12} + 0.222222*{ 12 14} + 0.222222*{ 11 15} + 0.0740741*{ 14} + 0.222222*{  9 10} + 0.222222*{ 64 67} + 0.222222*{ 66 68} + 0.222222*{ 65 71} + 0.222222*{ 65 69} + 0.222222*{ 68 71} + 0.222222*{  8 15} + 0.222222*{  9 15} + 0.222222*{ 10 15} + 0.222222*{ 64 68} = 0 

1*{ 19 27} + 1*{ 17 25} + 1*{ 75 83} + 1*{ 73 81} + 1*{ 18 26} + 1*{ 23 31} + 1*{ 20 28} + 1*{ 76 84} + 1*{ 72 80} + 1*{ 74 82} + 1*{ 78 86} + 1*{ 77 85} + 1*{ 22 30} + 1*{ 16 24} + 0.111111*{} + 1*{ 21 29} + 1*{ 79 87} = 0 

1*{ 18 82} + -1*{ 30 78} + 1*{ 22 86} + 1*{ 21 85} + 1*{ 20 84} + -1*{ 28 76} + 1*{ 19 83} + 1*{ 16 80} + -1*{ 27 75} + 1*{ 23 87} + -1*{ 25 73} + -1*{ 29 77} + 1*{ 17 81} + -1*{ 24 72} + -1*{ 31 79} + -1*{ 26 74} = 0 

1*{ 73 89} + 0.111111*{} + 1*{ 76 92} + 1*{ 20 36} + 1*{ 16 32} + 1*{ 17 33} + 1*{ 78 94} + 1*{ 18 34} + 1*{ 23 39} + 1*{ 75 91} + 1*{ 79 95} + 1*{ 74 90} + 1*{ 21 37} + 1*{ 77 93} + 1*{ 72 88} + 1*{ 22 38} + 1*{ 19 35} = 0 

1*{ 18 90} + -1*{ 32 72} + -1*{ 34 74} + 1*{ 19 91} + 1*{ 23 95} + -1*{ 38 78} + 1*{ 22 94} + -1*{ 37 77} + 1*{ 16 88} + 1*{ 20 92} + -1*{ 33 73} + -1*{ 36 76} + 1*{ 21 93} + -1*{ 39 79} + 1*{ 17 89} + -1*{ 35 75} = 0 

1*{ 20 44} + 1*{ 77101} + 1*{ 76100} + 1*{ 17 41} + 1*{ 75 99} + 1*{ 72 96} + 1*{ 23 47} + 1*{ 78102} + 1*{ 16 40} + 0.111111*{} + 1*{ 22 46} + 1*{ 73 97} + 1*{ 19 43} + 1*{ 21 45} + 1*{ 18 42} + 1*{ 79103} + 1*{ 74 98} = 0 

-1*{ 42 74} + 1*{ 16 96} + -1*{ 41 73} + 1*{ 20100} + -1*{ 46 78} + -1*{ 43 75} + 1*{ 21101} + 1*{ 18 98} + 1*{ 23103} + -1*{ 40 72} + -1*{ 45 77} + -1*{ 47 79} + 1*{ 22102} + 1*{ 17 97} + 1*{ 19 99} + -1*{ 44 76} = 0 

-0.111111*{} + 1*{117117} + 1*{116116} = 0 

1*{ 79111} + 1*{ 16 48} + 1*{ 73105} + 1*{ 76108} + 1*{ 75107} + 1*{ 23 55} + 0.111111*{} + -1*{116} + 1*{ 21 53} + 1*{ 77109} + 1*{ 19 51} + 1*{ 22 54} + 1*{ 18 50} + 1*{ 17 49} + 1*{ 74106} + 1*{ 20 52} + 1*{ 78110} + 1*{ 72104} = 0 

1*{ 16104} + -1*{ 49 73} + -1*{ 55 79} + -1*{ 48 72} + 1*{ 20108} + -1*{ 53 77} + 1*{ 22110} + -1*{ 54 78} + -1*{117} + -1*{ 50 74} + -1*{ 52 76} + 1*{ 19107} + 1*{ 17105} + -1*{ 51 75} + 1*{ 23111} + 1*{ 18106} + 1*{ 21109} = 0 

-0.111111*{} + 1*{ 72 72} + 1*{ 16 16} = 0 

-0.111111*{} + 1*{ 73 73} + 1*{ 17 17} = 0 

-0.111111*{} + 1*{ 74 74} + 1*{ 18 18} = 0 

-0.111111*{} + 1*{ 75 75} + 1*{ 19 19} = 0 

-0.111111*{} + 1*{ 76 76} + 1*{ 20 20} = 0 

-0.111111*{} + 1*{ 77 77} + 1*{ 21 21} = 0 

-0.111111*{} + 1*{ 78 78} + 1*{ 22 22} = 0 

-0.111111*{} + 1*{ 79 79} + 1*{ 23 23} = 0 

0.222222*{ 74 79} + 0.222222*{ 22 23} + 0.222222*{ 76 77} + 0.222222*{ 76 79} + 0.0740741*{ 21} + 0.222222*{ 16 19} + 0.222222*{ 72 78} + 0.222222*{ 74 77} + 0.222222*{ 77 78} + 0.222222*{ 18 19} + 0.222222*{ 16 21} + 0.222222*{ 74 75} + 0.222222*{ 75 76} + 0.222222*{ 74 78} + 0.0740741*{ 17} + 0.222222*{ 19 23} + 0.0740741*{ 16} + 0.222222*{ 20 21} + 0.222222*{ 19 21} + 0.222222*{ 17 20} + 0.222222*{ 17 22} + 0.0740741*{ 22} + 0.222222*{ 18 21} + 0.0740741*{ 19} + 0.222222*{ 72 75} + 0.222222*{ 74 76} + 0.222222*{ 16 23} + 0.222222*{ 72 73} + 0.222222*{ 18 20} + 0.222222*{ 77 79} + 0.222222*{ 73 75} + 0.222222*{ 17 21} + 0.222222*{ 75 79} + 0.0740741*{ 20} + 0.222222*{ 17 19} + 0.222222*{ 16 20} + 0.222222*{ 18 22} + 0.222222*{ 78 79} + 0.222222*{ 16 17} + 0.222222*{ 19 22} + 0.222222*{ 73 79} + 0.222222*{ 73 74} + 0.222222*{ 75 78} + 0.222222*{ 72 79} + 0.222222*{ 73 77} + 0.222222*{ 16 22} + 0.222222*{ 17 23} + 0.222222*{ 16 18} + 0.222222*{ 75 77} + 0.222222*{ 72 77} + 0.222222*{ 72 76} + 0.222222*{ 73 76} + 0.222222*{ 18 23} + 0.222222*{ 73 78} + 0.222222*{ 20 23} + 0.222222*{ 72 74} + 0.222222*{ 20 22} + 0.222222*{ 76 78} + 0.222222*{ 21 23} + 0.222222*{ 17 18} + 0.0740741*{ 18} + 0.222222*{ 19 20} + 0.222222*{ 21 22} + 0.0740741*{ 23} = 0 

1*{ 31 39} + 1*{ 83 91} + 1*{ 24 32} + 1*{ 84 92} + 1*{ 80 88} + 1*{ 81 89} + 1*{ 86 94} + 0.111111*{} + 1*{ 28 36} + 1*{ 29 37} + 1*{ 25 33} + 1*{ 30 38} + 1*{ 26 34} + 1*{ 85 93} + 1*{ 82 90} + 1*{ 87 95} + 1*{ 27 35} = 0 

1*{ 26 90} + -1*{ 37 85} + 1*{ 29 93} + 1*{ 25 89} + -1*{ 36 84} + -1*{ 35 83} + 1*{ 30 94} + -1*{ 39 87} + -1*{ 33 81} + 1*{ 28 92} + 1*{ 31 95} + -1*{ 32 80} + -1*{ 38 86} + -1*{ 34 82} + 1*{ 27 91} + 1*{ 24 88} = 0 

1*{ 84100} + 1*{ 83 99} + 1*{ 26 42} + 1*{ 28 44} + 1*{ 24 40} + 1*{ 31 47} + 1*{ 86102} + 1*{ 30 46} + 1*{ 80 96} + 1*{ 87103} + 1*{ 81 97} + 1*{ 85101} + 1*{ 25 41} + 1*{ 29 45} + 1*{ 27 43} + 0.111111*{} + 1*{ 82 98} = 0 

1*{ 24 96} + -1*{ 42 82} + -1*{ 46 86} + -1*{ 45 85} + 1*{ 31103} + -1*{ 41 81} + 1*{ 28100} + 1*{ 27 99} + -1*{ 43 83} + 1*{ 25 97} + 1*{ 29101} + -1*{ 47 87} + 1*{ 26 98} + -1*{ 44 84} + -1*{ 40 80} + 1*{ 30102} = 0 

-0.111111*{} + 1*{119119} + 1*{118118} = 0 

1*{ 82106} + 1*{ 27 51} + 1*{ 28 52} + 1*{ 31 55} + 1*{ 85109} + 1*{ 29 53} + 1*{ 24 48} + 1*{ 25 49} + 1*{ 81105} + 1*{ 80104} + 1*{ 87111} + 1*{ 26 50} + 1*{ 30 54} + 1*{ 84108} + 1*{ 83107} + 1*{ 86110} + -1*{118} + 0.111111*{} = 0 

-1*{ 50 82} + -1*{ 55 87} + -1*{ 54 86} + -1*{ 52 84} + 1*{ 30110} + 1*{ 27107} + -1*{ 53 85} + -1*{ 48 80} + -1*{ 51 83} + 1*{ 26106} + 1*{ 25105} + -1*{119} + 1*{ 29109} + 1*{ 31111} + 1*{ 28108} + -1*{ 49 81} + 1*{ 24104} = 0 

-0.111111*{} + 1*{ 80 80} + 1*{ 24 24} = 0 

-0.111111*{} + 1*{ 81 81} + 1*{ 25 25} = 0 

-0.111111*{} + 1*{ 82 82} + 1*{ 26 26} = 0 

-0.111111*{} + 1*{ 83 83} + 1*{ 27 27} = 0 

1*{ 84 84} + -0.111111*{} + 1*{ 28 28} = 0 

-0.111111*{} + 1*{ 85 85} + 1*{ 29 29} = 0 

-0.111111*{} + 1*{ 86 86} + 1*{ 30 30} = 0 

1*{ 87 87} + -0.111111*{} + 1*{ 31 31} = 0 

0.222222*{ 84 86} + 0.222222*{ 82 87} + 0.222222*{ 26 27} + 0.222222*{ 81 83} + 0.222222*{ 25 28} + 0.222222*{ 80 85} + 0.222222*{ 24 25} + 0.222222*{ 27 29} + 0.222222*{ 26 30} + 0.0740741*{ 30} + 0.222222*{ 82 83} + 0.0740741*{ 28} + 0.0740741*{ 24} + 0.222222*{ 81 84} + 0.222222*{ 84 87} + 0.222222*{ 81 87} + 0.222222*{ 24 27} + 0.222222*{ 80 87} + 0.222222*{ 24 30} + 0.222222*{ 81 85} + 0.222222*{ 85 87} + 0.222222*{ 80 86} + 0.222222*{ 28 31} + 0.222222*{ 81 82} + 0.222222*{ 27 30} + 0.222222*{ 84 85} + 0.222222*{ 83 85} + 0.0740741*{ 27} + 0.222222*{ 86 87} + 0.222222*{ 25 30} + 0.0740741*{ 29} + 0.222222*{ 24 26} + 0.0740741*{ 31} + 0.222222*{ 82 86} + 0.222222*{ 82 84} + 0.222222*{ 80 81} + 0.0740741*{ 25} + 0.222222*{ 29 30} + 0.222222*{ 80 82} + 0.222222*{ 80 84} + 0.222222*{ 24 31} + 0.222222*{ 25 27} + 0.222222*{ 26 31} + 0.222222*{ 26 28} + 0.222222*{ 29 31} + 0.222222*{ 25 29} + 0.0740741*{ 26} + 0.222222*{ 85 86} + 0.222222*{ 24 28} + 0.222222*{ 25 31} + 0.222222*{ 28 29} + 0.222222*{ 30 31} + 0.222222*{ 25 26} + 0.222222*{ 27 28} + 0.222222*{ 82 85} + 0.222222*{ 83 84} + 0.222222*{ 28 30} + 0.222222*{ 80 83} + 0.222222*{ 26 29} + 0.222222*{ 24 29} + 0.222222*{ 81 86} + 0.222222*{ 83 86} + 0.222222*{ 83 87} + 0.222222*{ 27 31} = 0 

1*{ 34 42} + 1*{ 38 46} + 1*{ 91 99} + 0.111111*{} + 1*{ 95103} + 1*{ 39 47} + 1*{ 32 40} + 1*{ 90 98} + 1*{ 37 45} + 1*{ 35 43} + 1*{ 33 41} + 1*{ 93101} + 1*{ 94102} + 1*{ 89 97} + 1*{ 92100} + 1*{ 88 96} + 1*{ 36 44} = 0 

-1*{ 42 90} + -1*{ 40 88} + 1*{ 35 99} + 1*{ 32 96} + -1*{ 46 94} + 1*{ 39103} + 1*{ 33 97} + -1*{ 45 93} + -1*{ 43 91} + 1*{ 34 98} + 1*{ 37101} + 1*{ 38102} + -1*{ 41 89} + -1*{ 44 92} + -1*{ 47 95} + 1*{ 36100} = 0 

-0.111111*{} + 1*{121121} + 1*{120120} = 0 

1*{ 88104} + 1*{ 90106} + 1*{ 91107} + 0.111111*{} + 1*{ 92108} + 1*{ 32 48} + 1*{ 93109} + 1*{ 89105} + 1*{ 95111} + -1*{120} + 1*{ 33 49} + 1*{ 37 53} + 1*{ 94110} + 1*{ 35 51} + 1*{ 38 54} + 1*{ 36 52} + 1*{ 39 55} + 1*{ 34 50} = 0 

1*{ 34106} + -1*{ 49 89} + 1*{ 32104} + -1*{ 55 95} + -1*{ 51 91} + -1*{ 48 88} + -1*{121} + 1*{ 36108} + -1*{ 52 92} + -1*{ 54 94} + 1*{ 35107} + 1*{ 37109} + 1*{ 38110} + -1*{ 53 93} + -1*{ 50 90} + 1*{ 39111} + 1*{ 33105} = 0 

-0.111111*{} + 1*{ 88 88} + 1*{ 32 32} = 0 

-0.111111*{} + 1*{ 89 89} + 1*{ 33 33} = 0 

-0.111111*{} + 1*{ 90 90} + 1*{ 34 34} = 0 

-0.111111*{} + 1*{ 91 91} + 1*{ 35 35} = 0 

-0.111111*{} + 1*{ 92 92} + 1*{ 36 36} = 0 

-0.111111*{} + 1*{ 93 93} + 1*{ 37 37} = 0 

-0.111111*{} + 1*{ 38 38} + 1*{ 94 94} = 0 

-0.111111*{} + 1*{ 95 95} + 1*{ 39 39} = 0 

0.222222*{ 90 94} + 0.0740741*{ 34} + 0.0740741*{ 39} + 0.222222*{ 89 95} + 0.222222*{ 89 90} + 0.222222*{ 89 93} + 0.222222*{ 32 34} + 0.222222*{ 90 91} + 0.222222*{ 90 95} + 0.222222*{ 92 93} + 0.222222*{ 34 39} + 0.222222*{ 34 35} + 0.222222*{ 34 36} + 0.222222*{ 38 39} + 0.222222*{ 36 37} + 0.222222*{ 32 38} + 0.222222*{ 88 95} + 0.0740741*{ 37} + 0.222222*{ 89 94} + 0.222222*{ 93 94} + 0.222222*{ 91 95} + 0.222222*{ 33 37} + 0.222222*{ 33 39} + 0.222222*{ 35 37} + 0.0740741*{ 35} + 0.222222*{ 89 92} + 0.222222*{ 33 36} + 0.0740741*{ 38} + 0.222222*{ 88 92} + 0.222222*{ 37 38} + 0.222222*{ 32 35} + 0.222222*{ 91 92} + 0.222222*{ 88 89} + 0.222222*{ 35 36} + 0.222222*{ 88 91} + 0.222222*{ 90 93} + 0.222222*{ 88 93} + 0.222222*{ 36 39} + 0.222222*{ 88 94} + 0.222222*{ 91 94} + 0.222222*{ 33 35} + 0.222222*{ 35 39} + 0.222222*{ 37 39} + 0.222222*{ 35 38} + 0.222222*{ 32 39} + 0.222222*{ 32 33} + 0.222222*{ 34 37} + 0.0740741*{ 33} + 0.0740741*{ 36} + 0.222222*{ 32 36} + 0.222222*{ 33 38} + 0.222222*{ 93 95} + 0.222222*{ 34 38} + 0.222222*{ 89 91} + 0.222222*{ 32 37} + 0.222222*{ 33 34} + 0.222222*{ 92 94} + 0.222222*{ 94 95} + 0.222222*{ 92 95} + 0.222222*{ 36 38} + 0.222222*{ 90 92} + 0.0740741*{ 32} + 0.222222*{ 91 93} + 0.222222*{ 88 90} = 0 

-0.111111*{} + 1*{122122} + 1*{123123} = 0 

0.111111*{} + 1*{ 99107} + 1*{ 46 54} + -1*{122} + 1*{ 41 49} + 1*{102110} + 1*{ 47 55} + 1*{101109} + 1*{ 96104} + 1*{ 43 51} + 1*{ 98106} + 1*{ 97105} + 1*{ 42 50} + 1*{ 45 53} + 1*{103111} + 1*{ 40 48} + 1*{100108} + 1*{ 44 52} = 0 

-1*{ 55103} + -1*{ 51 99} + 1*{ 43107} + 1*{ 42106} + -1*{123} + -1*{ 54102} + -1*{ 50 98} + -1*{ 52100} + -1*{ 53101} + 1*{ 41105} + 1*{ 40104} + 1*{ 46110} + 1*{ 44108} + 1*{ 47111} + -1*{ 48 96} + 1*{ 45109} + -1*{ 49 97} = 0 

-0.111111*{} + 1*{ 96 96} + 1*{ 40 40} = 0 

-0.111111*{} + 1*{ 97 97} + 1*{ 41 41} = 0 

1*{ 98 98} + -0.111111*{} + 1*{ 42 42} = 0 

-0.111111*{} + 1*{ 99 99} + 1*{ 43 43} = 0 

-0.111111*{} + 1*{100100} + 1*{ 44 44} = 0 

-0.111111*{} + 1*{101101} + 1*{ 45 45} = 0 

-0.111111*{} + 1*{102102} + 1*{ 46 46} = 0 

-0.111111*{} + 1*{103103} + 1*{ 47 47} = 0 

0.0740741*{ 43} + 0.222222*{ 99103} + 0.222222*{ 41 45} + 0.222222*{ 41 42} + 0.222222*{ 40 46} + 0.0740741*{ 41} + 0.222222*{ 46 47} + 0.222222*{ 44 47} + 0.222222*{ 97102} + 0.222222*{ 43 44} + 0.222222*{ 40 42} + 0.222222*{ 43 45} + 0.222222*{ 98103} + 0.222222*{ 96100} + 0.222222*{ 99100} + 0.222222*{ 43 46} + 0.222222*{ 96103} + 0.222222*{ 97100} + 0.0740741*{ 42} + 0.222222*{ 98 99} + 0.222222*{ 97101} + 0.222222*{101102} + 0.222222*{ 97 98} + 0.222222*{ 40 47} + 0.222222*{ 45 47} + 0.222222*{ 40 41} + 0.222222*{ 41 46} + 0.222222*{100102} + 0.222222*{ 98102} + 0.0740741*{ 40} + 0.222222*{ 43 47} + 0.222222*{ 44 46} + 0.222222*{ 96 98} + 0.222222*{ 42 45} + 0.222222*{ 99102} + 0.222222*{101103} + 0.222222*{ 41 43} + 0.222222*{ 40 44} + 0.222222*{102103} + 0.0740741*{ 44} + 0.222222*{ 42 46} + 0.222222*{ 42 44} + 0.222222*{ 41 44} + 0.222222*{ 44 45} + 0.222222*{100101} + 0.222222*{ 42 43} + 0.222222*{ 98101} + 0.0740741*{ 45} + 0.222222*{ 96 99} + 0.222222*{ 99101} + 0.222222*{ 40 45} + 0.222222*{100103} + 0.222222*{ 97103} + 0.222222*{ 41 47} + 0.222222*{ 96 97} + 0.0740741*{ 47} + 0.222222*{ 96102} + 0.222222*{ 42 47} + 0.222222*{ 96101} + 0.0740741*{ 46} + 0.222222*{ 40 43} + 0.222222*{ 98100} + 0.222222*{ 45 46} + 0.222222*{ 97 99} = 0 

1*{104104} + -0.111111*{} + 1*{ 48 48} = 0 

-0.111111*{} + 1*{105105} + 1*{ 49 49} = 0 

-0.111111*{} + 1*{106106} + 1*{ 50 50} = 0 

-0.111111*{} + 1*{107107} + 1*{ 51 51} = 0 

-0.111111*{} + 1*{108108} + 1*{ 52 52} = 0 

1*{109109} + -0.111111*{} + 1*{ 53 53} = 0 

-0.111111*{} + 1*{110110} + 1*{ 54 54} = 0 

-0.111111*{} + 1*{111111} + 1*{ 55 55} = 0 

0.222222*{ 52 53} + 0.222222*{106107} + 0.222222*{ 48 55} + 0.222222*{109111} + 0.0740741*{ 55} + 0.222222*{ 50 52} + 0.222222*{ 49 51} + 0.222222*{ 48 54} + 0.222222*{105110} + 0.222222*{107111} + 0.222222*{ 51 53} + 0.222222*{ 51 52} + 0.222222*{107109} + 0.222222*{ 48 52} + 0.222222*{104111} + 0.222222*{105109} + 0.222222*{107108} + 0.222222*{108109} + 0.222222*{ 50 53} + 0.0740741*{ 49} + 0.222222*{108110} + 0.222222*{104108} + 0.222222*{106108} + 0.222222*{ 50 55} + 0.222222*{ 48 51} + 0.222222*{106109} + 0.222222*{ 48 53} + 0.222222*{109110} + 0.222222*{ 51 55} + 0.0740741*{ 54} + 0.222222*{104106} + 0.222222*{107110} + 0.222222*{ 52 54} + 0.222222*{105107} + 0.222222*{105111} + 0.222222*{104107} + 0.222222*{104110} + 0.0740741*{ 50} + 0.222222*{ 52 55} + 0.222222*{ 49 53} + 0.222222*{110111} + 0.0740741*{ 48} + 0.222222*{104105} + 0.222222*{ 50 54} + 0.222222*{105108} + 0.222222*{105106} + 0.222222*{ 51 54} + 0.222222*{ 49 54} + 0.222222*{ 50 51} + 0.222222*{ 48 50} + 0.222222*{ 49 55} + 0.0740741*{ 52} + 0.222222*{108111} + 0.222222*{106111} + 0.222222*{ 54 55} + 0.0740741*{ 51} + 0.222222*{ 48 49} + 0.222222*{104109} + 0.0740741*{ 53} + 0.222222*{ 49 50} + 0.222222*{ 53 55} + 0.222222*{ 53 54} + 0.222222*{ 49 52} + 0.222222*{106110} = 0 

-512*{ 10} + 2*{  7} + 2048*{  3} + 32*{ 56} + 1024*{ 58} + -32768*{ 14} + -256*{ 65} + 64*{  1} + -128*{ 69} + 16*{ 60} + -4096*{ 67} + -8*{  8} + -16*{ 68} + -1*{ 71} + 16384*{  5} + 8192*{  4} + 4*{ 62} + 4096*{ 59} + 128*{ 61} + 256*{ 57} + 512*{  2} + -8192*{ 12} + -2*{ 15} + -64*{  9} + -32*{ 64} + 32768*{  6} + -16384*{ 13} + -1024*{ 66} + -2048*{ 11} + 1*{ 63} + 8*{  0} + -4*{ 70} > 0 

2048*{ 11} + -512*{ 18} + -64*{ 17} + 128*{ 69} + -32*{ 72} + 1*{ 71} + 4096*{ 67} + -2*{ 23} + 16*{ 68} + 512*{ 10} + 8192*{ 12} + 2*{ 15} + 64*{  9} + -2048*{ 19} + -1024*{ 74} + 4*{ 70} + 256*{ 65} + -4096*{ 75} + 8*{  8} + -8192*{ 20} + -256*{ 73} + -128*{ 77} + -1*{ 79} + 32768*{ 14} + -32768*{ 22} + 1024*{ 66} + -16384*{ 21} + -4*{ 78} + 16384*{ 13} + 32*{ 64} + -16*{ 76} + -8*{ 16} > 0 

-64*{ 25} + 16*{ 76} + 32768*{ 22} + -32*{ 80} + -256*{ 81} + -16*{ 84} + 2048*{ 19} + 1024*{ 74} + 128*{ 77} + 256*{ 73} + -512*{ 26} + -16384*{ 29} + 32*{ 72} + -4*{ 86} + -2*{ 31} + 4096*{ 75} + -2048*{ 27} + -4096*{ 83} + 16384*{ 21} + 4*{ 78} + -1*{ 87} + 2*{ 23} + 8*{ 16} + -8*{ 24} + -8192*{ 28} + -32768*{ 30} + -1024*{ 82} + 512*{ 18} + -128*{ 85} + 8192*{ 20} + 1*{ 79} + 64*{ 17} > 0 

-4096*{ 91} + 2*{ 31} + -2048*{ 35} + -1024*{ 90} + -16*{ 92} + 32*{ 80} + 256*{ 81} + 16*{ 84} + 64*{ 25} + -32768*{ 38} + 2048*{ 27} + -128*{ 93} + -8*{ 32} + 1024*{ 82} + -16384*{ 37} + -256*{ 89} + -4*{ 94} + 4096*{ 83} + -32*{ 88} + 8192*{ 28} + -1*{ 95} + 8*{ 24} + 32768*{ 30} + 16384*{ 29} + 4*{ 86} + 512*{ 26} + -2*{ 39} + -512*{ 34} + -8192*{ 36} + 128*{ 85} + 1*{ 87} + -64*{ 33} > 0 

-256*{ 97} + -64*{ 41} + -1024*{ 98} + 4*{ 94} + -4096*{ 99} + -2*{ 47} + 8*{ 32} + 128*{ 93} + -16384*{ 45} + 2*{ 39} + 512*{ 34} + 8192*{ 36} + -512*{ 42} + -32768*{ 46} + 16*{ 92} + 1*{ 95} + 1024*{ 90} + 4096*{ 91} + -4*{102} + -32*{ 96} + 32768*{ 38} + -2048*{ 43} + -16*{100} + -128*{101} + -8192*{ 44} + 64*{ 33} + 32*{ 88} + -8*{ 40} + 2048*{ 35} + -1*{103} + 16384*{ 37} + 256*{ 89} > 0 

2048*{  3} + 1024*{ 58} + -32*{104} + -16384*{ 53} + -2048*{ 51} + 2*{  7} + 512*{  2} + 256*{ 57} + -4*{110} + -2*{ 55} + 16*{ 60} + 64*{  1} + -512*{ 50} + 4*{ 62} + -4096*{107} + -1024*{106} + -8192*{ 52} + 8*{  0} + 32*{ 56} + 32768*{  6} + 16384*{  5} + -1*{111} + -32768*{ 54} + -256*{105} + -64*{ 49} + 8192*{  4} + -16*{108} + -8*{ 48} + 1*{ 63} + -128*{109} + 128*{ 61} + 4096*{ 59} > 0 

-128*{ 33} + 1024*{ 40} + 2048*{ 24} + 1*{104} + -2048*{ 25} + 4096*{ 96} + 128*{ 32} + -4*{ 65} + 8192*{ 48} + -16*{ 73} + -1024*{ 41} + -256*{ 17} + 16*{ 72} + 512*{ 88} + -8*{  1} + -4096*{ 97} + 64*{ 80} + -64*{ 81} + -2*{ 57} + 256*{ 16} + 8*{  0} + -512*{ 89} + 2*{ 56} + 32*{  8} + 4*{ 64} + -1*{105} + -32*{  9} + -8192*{ 49} > 0 

-8192*{ 50} + 128*{ 33} + -256*{ 18} + -2048*{ 26} + -4096*{ 98} + 4*{ 65} + 256*{ 17} + 1024*{ 41} + -128*{ 34} + 512*{ 89} + -2*{ 58} + 2048*{ 25} + 16*{ 73} + -4*{ 66} + -512*{ 90} + -1024*{ 42} + 64*{ 81} + 2*{ 57} + -8*{  2} + 4096*{ 97} + 8*{  1} + -1*{106} + -64*{ 82} + 8192*{ 49} + 32*{  9} + 1*{105} + -16*{ 74} + -32*{ 10} > 0 

-2*{ 59} + 8192*{ 50} + -128*{ 35} + -8*{  3} + -2048*{ 27} + -64*{ 83} + 1*{106} + 128*{ 34} + -4*{ 67} + -1024*{ 43} + 8*{  2} + -32*{ 11} + -8192*{ 51} + -1*{107} + -512*{ 91} + 256*{ 18} + 2048*{ 26} + -16*{ 75} + 1024*{ 42} + -4096*{ 99} + 4096*{ 98} + 512*{ 90} + 4*{ 66} + 2*{ 58} + 64*{ 82} + 32*{ 10} + 16*{ 74} + -256*{ 19} > 0 

2*{ 59} + 1024*{ 43} + 8192*{ 51} + 128*{ 35} + 8*{  3} + -64*{ 84} + 16*{ 75} + 256*{ 19} + -32*{ 12} + -1024*{ 44} + 1*{107} + 512*{ 91} + -4096*{100} + -256*{ 20} + 32*{ 11} + -1*{108} + -16*{ 76} + -4*{ 68} + -8*{  4} + -2*{ 60} + -512*{ 92} + -128*{ 36} + 4*{ 67} + 64*{ 83} + -8192*{ 52} + 4096*{ 99} + 2048*{ 27} + -2048*{ 28} > 0 

4096*{100} + 8*{  4} + -512*{ 93} + 64*{ 84} + -8192*{ 53} + 256*{ 20} + -256*{ 21} + 1024*{ 44} + -1*{109} + -2048*{ 29} + -128*{ 37} + -2*{ 61} + -32*{ 13} + -16*{ 77} + -8*{  5} + -64*{ 85} + 1*{108} + 16*{ 76} + 4*{ 68} + -4096*{101} + 8192*{ 52} + 32*{ 12} + -1024*{ 45} + 128*{ 36} + -4*{ 69} + 512*{ 92} + 2*{ 60} + 2048*{ 28} > 0 

-1*{110} + 64*{ 85} + 1*{109} + 2048*{ 29} + -128*{ 38} + -2048*{ 30} + -512*{ 94} + -8192*{ 54} + 32*{ 13} + 512*{ 93} + -2*{ 62} + 256*{ 21} + -16*{ 78} + 16*{ 77} + 8*{  5} + -8*{  6} + -32*{ 14} + -256*{ 22} + 4096*{101} + -4096*{102} + -1024*{ 46} + -64*{ 86} + 1024*{ 45} + 4*{ 69} + 2*{ 61} + 128*{ 37} + -4*{ 70} + 8192*{ 53} > 0 

-8*{  7} + 8*{  6} + -32*{ 15} + 1*{110} + 512*{ 94} + -1*{111} + -4*{ 71} + -256*{ 23} + 8192*{ 54} + -1024*{ 47} + -64*{ 87} + -2*{ 63} + 2048*{ 30} + 16*{ 78} + 32*{ 14} + -128*{ 39} + 256*{ 22} + 1024*{ 46} + 64*{ 86} + -8192*{ 55} + 2*{ 62} + -4096*{103} + 128*{ 38} + -16*{ 79} + -512*{ 95} + 4096*{102} + -2048*{ 31} + 4*{ 70} > 0 

1*{108} > 0 

{9, 7, 1, 1, 1, 1, 1, 1, 1, 1, 1} vars: 124, vectors: 17
1 3.768838e+00 3.768838e+00 -3.260469e-01 2.989819e-15
2 2.840049e+01 3.768838e+00 -5.290756e-01 1.663693e-13
3 1.131182e+07 3.768838e+00 -4.094315e-01 3.989066e-10
4 4.581760e+06 3.768838e+00 -3.172576e-01 2.148317e-10
5 1.652721e+06 3.768838e+00 -2.458156e-01 4.700728e-10
6 5.961426e+05 3.768838e+00 -1.904545e-01 1.999876e-11
7 2.150952e+05 3.768838e+00 -1.475254e-01 8.770588e-11
8 7.757382e+04 3.768838e+00 -1.142467e-01 1.493188e-11
9 2.797437e+04 3.768838e+00 -8.843660e-02 1.827741e-11
10 1.008398e+04 3.768838e+00 -6.840703e-02 3.653437e-12
11 3.633955e+03 3.768838e+00 -5.287153e-02 1.167126e-13
12 1.309024e+03 3.768838e+00 -4.081724e-02 9.116843e-13
13 4.712877e+02 3.768838e+00 -3.137732e-02 1.712091e-13
14 1.721100e+02 3.768838e+00 -2.412386e-02 5.760015e-14
15 6.332455e+01 3.768838e+00 -1.842116e-02 2.164725e-14
16 2.380907e+01 3.768838e+00 -1.410054e-02 3.815845e-15
17 9.132917e+00 3.768838e+00 -1.057539e-02 5.411511e-16
18 3.347374e+00 3.347374e+00 -7.991118e-03 1.362626e-15
19 1.288601e+00 1.288601e+00 -5.943048e-03 2.514218e-16
20 5.680714e-01 5.680714e-01 -4.920823e-03 2.240973e-16
21 1.567106e+00 5.680714e-01 -3.844627e-03 2.338500e-16
22 8.080083e-01 5.680714e-01 -3.045643e-03 4.458703e-16
23 7.263043e-01 5.680714e-01 -2.317595e-03 2.223490e-16
24 5.712058e-01 5.680714e-01 -1.736257e-03 1.123387e-16
25 1.724607e+00 5.680714e-01 -1.300051e-03 6.662040e-16
26 6.396561e-01 5.680714e-01 -7.439298e-04 4.992276e-17
27 1.040722e+05 5.680714e-01 -5.815986e-04 2.910383e-11
28 1.779724e+07 5.680714e-01 -4.506320e-04 4.355712e-11
29 6.547527e+06 5.680714e-01 -3.492504e-04 5.269845e-12
30 2.364554e+06 5.680714e-01 -2.706550e-04 3.155210e-13
31 8.529936e+05 5.680714e-01 -2.097228e-04 2.655834e-13
32 3.079407e+05 5.680714e-01 -1.625251e-04 5.585150e-14
33 1.111011e+05 5.680714e-01 -1.259098e-04 1.494264e-14
34 4.419826e+04 5.680714e-01 -9.752863e-05 4.888716e-15
35 1.594018e+04 5.680714e-01 -7.549841e-05 1.373521e-15
36 5.746534e+03 5.680714e-01 -5.864080e-05 9.927978e-16
37 3.076821e+03 5.680714e-01 -4.545444e-05 9.094947e-13
38 1.725287e+03 5.680714e-01 -3.511092e-05 2.273737e-13
39 6.561384e+02 5.680714e-01 -2.702955e-05 3.410605e-13
40 2.357951e+02 5.680714e-01 -2.067317e-05 1.226296e-17
41 8.621387e+01 5.680714e-01 -1.568360e-05 2.842171e-14
42 3.097675e+01 5.680714e-01 -1.192169e-05 2.356712e-18
43 1.140164e+01 5.680714e-01 -8.865027e-06 1.776358e-15
44 4.019924e+00 5.680714e-01 -6.482212e-06 4.026262e-19
45 1.405834e+00 5.680714e-01 -4.666876e-06 6.661338e-16
46 4.883203e-01 4.883203e-01 -3.316641e-06 5.551127e-17
47 1.688028e-01 1.688028e-01 -2.333926e-06 1.416898e-19
48 5.939490e-02 5.939490e-02 -1.565064e-06 2.775564e-17
49 2.721734e-02 2.721734e-02 -1.072232e-06 2.467125e-20
50 9.658494e-03 9.658494e-03 -9.886937e-07 5.204174e-18
51 6.310085e-01 9.658494e-03 -6.710535e-07 1.110223e-16
52 2.049876e+00 9.658494e-03 -4.992908e-07 8.881784e-16
53 1.471513e+00 9.658494e-03 -3.615245e-07 6.004814e-21
54 5.808128e-01 9.658494e-03 -2.666929e-07 2.220446e-16
55 2.333934e-01 9.658494e-03 -1.640878e-07 2.775558e-17
56 4.380584e+01 9.658494e-03 -2.226342e-07 1.634248e-13
57 2.766168e+07 9.658494e-03 -1.725059e-07 7.450581e-09
58 9.978638e+06 9.658494e-03 -1.336681e-07 1.087826e-16
59 3.599399e+06 9.658494e-03 -1.035667e-07 1.862645e-09
60 1.299513e+06 9.658494e-03 -8.023086e-08 7.698472e-18
61 4.686948e+05 9.658494e-03 -6.214207e-08 3.673520e-18
62 1.690294e+05 9.658494e-03 -4.812449e-08 1.487996e-18
63 6.095473e+04 9.658494e-03 -3.727085e-08 4.889947e-19
64 2.199260e+04 9.658494e-03 -2.885496e-08 3.637979e-12
65 8.005390e+03 9.658494e-03 -2.238704e-08 3.637979e-12
66 6.690227e+03 9.658494e-03 -1.730219e-08 1.818989e-12
67 2.409594e+03 9.658494e-03 -1.334691e-08 9.094947e-13
68 8.669986e+02 9.658494e-03 -1.026670e-08 1.136868e-13
69 3.114049e+02 9.658494e-03 -7.839788e-09 2.133985e-21
70 1.128638e+02 9.658494e-03 -6.025913e-09 8.526513e-14
71 6.029043e+02 9.658494e-03 -4.610884e-09 6.363038e-21
72 2.277893e+02 9.658494e-03 -3.479976e-09 2.842171e-14
73 8.265845e+01 9.658494e-03 -2.627308e-09 3.171755e-21
74 2.976039e+01 9.658494e-03 -1.975218e-09 1.421085e-14
75 1.087141e+01 9.658494e-03 -1.453646e-09 8.853111e-23
76 2.704185e+01 9.658494e-03 -1.093556e-09 3.552714e-15
77 6.347457e+01 9.658494e-03 -8.373800e-10 1.510136e-22
78 3.584971e+01 9.658494e-03 -6.499284e-10 7.105427e-15
79 3.693754e+01 9.658494e-03 -5.022074e-10 1.421085e-14
80 1.855304e+01 9.658494e-03 -3.743870e-10 7.105427e-15
81 1.006961e+01 9.658494e-03 -2.775993e-10 1.032662e-23
82 3.576811e+00 9.658494e-03 -2.022353e-10 2.220446e-15
83 1.250705e+00 9.658494e-03 -1.494033e-10 2.220446e-16
84 2.812852e+02 9.658494e-03 -1.156744e-10 5.684342e-14
85 3.854521e+02 9.658494e-03 -8.807761e-11 1.136868e-13
86 1.379385e+02 9.658494e-03 -6.998408e-11 5.684342e-14
87 1.686332e+05 9.658494e-03 -5.437712e-11 1.164153e-10
88 2.930457e+06 9.658494e-03 -4.213969e-11 4.656613e-10
89 1.057126e+06 9.658494e-03 -3.265512e-11 1.312960e-20
90 3.813401e+05 9.658494e-03 -2.530015e-11 4.178171e-21
91 1.426012e+05 9.658494e-03 -1.959961e-11 2.910383e-11
92 5.144129e+04 9.658494e-03 -1.518352e-11 5.297983e-22
93 1.855367e+04 9.658494e-03 -1.176091e-11 1.664105e-22
94 6.692856e+03 9.658494e-03 -9.106604e-12 9.094947e-13
95 2.413566e+03 9.658494e-03 -7.051672e-12 9.094947e-13
96 8.723033e+02 9.658494e-03 -5.450534e-12 6.676127e-24
97 3.147804e+02 9.658494e-03 -4.205125e-12 5.684342e-14
98 1.132918e+02 9.658494e-03 -3.236224e-12 1.421085e-14
99 4.084166e+01 9.658494e-03 -2.338667e-12 4.839096e-25
100 3.057530e+03 9.658494e-03 -1.788140e-12 4.547474e-13
101 1.273667e+03 9.658494e-03 -1.372825e-12 2.273737e-13
102 2.389294e+03 9.658494e-03 -1.061960e-12 4.547474e-13
103 8.635431e+02 9.658494e-03 -8.205322e-13 1.136868e-13
104 3.113167e+02 9.658494e-03 -6.325943e-13 5.684342e-14
105 1.232539e+02 9.658494e-03 -4.891800e-13 2.842171e-14
106 8.051408e+01 9.658494e-03 -3.708766e-13 2.842171e-14
107 2.993990e+01 9.658494e-03 -2.816191e-13 1.953582e-26
108 1.408563e+01 9.658494e-03 -2.090959e-13 3.552714e-15
109 5.760116e+00 9.658494e-03 -1.484517e-13 1.776357e-15
110 2.236478e+00 9.658494e-03 -1.034644e-13 8.881784e-16
111 4.248366e+01 9.658494e-03 -7.433102e-14 8.772349e-27
112 2.242470e+01 9.658494e-03 -5.213553e-14 7.105427e-15
113 1.231536e+01 9.658494e-03 -2.875016e-14 1.776357e-15
114 4.364539e+03 9.658494e-03 -2.186204e-14 9.094947e-13
115 1.815520e+03 9.658494e-03 -1.634858e-14 1.981941e-26
116 6.971928e+02 9.658494e-03 -1.176146e-14 7.248463e-27
117 4.008348e+02 9.658494e-03 -8.692712e-15 1.705303e-13
118 5.162866e+04 9.658494e-03 -6.652459e-15 7.275958e-12
119 1.993100e+04 9.658494e-03 -4.996781e-15 1.091394e-11
120 7.334531e+03 9.658494e-03 -3.629803e-15 2.728484e-12
121 4.022254e+03 9.658494e-03 -2.387039e-15 4.547474e-13
122 1.747362e+03 9.658494e-03 1.950887e-15 1.568878e-11
123 7.479580e+09 9.658494e-03 1.512114e-15 3.814697e-06
124 2.698250e+09 9.658494e-03 1.172182e-15 9.536743e-07
125 9.733899e+08 9.658494e-03 9.089330e-16 2.384186e-07
126 3.511476e+08 9.658494e-03 7.052483e-16 1.788139e-07
127 1.266739e+08 9.658494e-03 5.479233e-16 8.940697e-08
128 4.569083e+07 9.658494e-03 4.269726e-16 1.558917e-24
129 1.647964e+07 9.658494e-03 3.351081e-16 1.117587e-08
130 6.164698e+06 9.658494e-03 2.707153e-16 9.313226e-10
131 1.181831e+08 9.658494e-03 2.110616e-16 1.490116e-08
132 4.274527e+07 9.658494e-03 1.656690e-16 1.490116e-08
133 1.540265e+07 9.658494e-03 1.319767e-16 3.725290e-09
134 5.502114e+06 9.658494e-03 1.077808e-16 9.313226e-10
135 1.956985e+06 9.658494e-03 9.376735e-17 1.545546e-26
136 7.430056e+05 9.658494e-03 9.516893e-17 1.164153e-10
137 2.739062e+05 9.658494e-03 1.162060e-16 5.820766e-11
138 1.026422e+05 9.658494e-03 1.737418e-16 2.910383e-11
139 3.861682e+04 9.658494e-03 2.970496e-16 1.455192e-11
140 1.433209e+04 9.658494e-03 5.273894e-16 6.258745e-27
141 5.250564e+03 9.658494e-03 9.292216e-16 3.637979e-12
142 1.909188e+03 9.658494e-03 1.608533e-15 1.364242e-12
143 6.907410e+02 9.658494e-03 2.735854e-15 3.410605e-13
144 2.488938e+02 9.658494e-03 4.578642e-15 2.842171e-14
145 8.931466e+01 9.658494e-03 7.540762e-15 2.842171e-14
146 3.188997e+01 9.658494e-03 1.219829e-14 2.790206e-27
147 1.131252e+01 9.658494e-03 1.931697e-14 7.105427e-15
148 3.981519e+00 9.658494e-03 2.988787e-14 4.440892e-16
149 1.391518e+00 9.658494e-03 4.550110e-14 4.440892e-16
150 4.867471e-01 9.658494e-03 7.044127e-14 5.551115e-17
151 1.746041e-01 9.658494e-03 1.215760e-13 1.045660e-27
152 6.775286e-02 9.658494e-03 2.840710e-13 2.775558e-17
153 3.123434e-02 9.658494e-03 9.664564e-13 1.040834e-17
154 1.973761e-02 9.658494e-03 1.082514e-12 6.938894e-18
155 9.549584e-03 9.549584e-03 2.092227e-12 1.734723e-18
156 5.415428e-03 5.415428e-03 3.391628e-12 1.734723e-18
157 3.150345e-03 3.150345e-03 5.052014e-12 1.734723e-18
158 1.733280e-03 1.733280e-03 8.450660e-12 6.505213e-19
159 1.934269e-03 1.733280e-03 6.002165e-12 1.301043e-18
160 1.219040e-03 1.219040e-03 4.407375e-12 5.150756e-28
161 4.299099e-04 4.299099e-04 4.934036e-12 2.710505e-19
162 1.796712e-04 1.796712e-04 8.207297e-12 5.421011e-20
163 5.840552e-05 5.840552e-05 9.700766e-12 6.776264e-21
164 1.908934e-05 1.908934e-05 1.059095e-11 1.876597e-27
165 5.889723e-06 5.889723e-06 1.110868e-11 3.388132e-21
166 1.810310e-06 1.810310e-06 1.155482e-11 4.235165e-22
167 5.536301e-07 5.536301e-07 1.201096e-11 1.529741e-27
168 1.689305e-07 1.689305e-07 1.247727e-11 2.646978e-23
169 5.146914e-08 5.146914e-08 1.292801e-11 2.646978e-23
170 1.565916e-08 1.565916e-08 1.333609e-11 8.406141e-28
171 4.757653e-09 4.757653e-09 1.368381e-11 2.481542e-24
172 1.443779e-09 1.443779e-09 1.396529e-11 4.135905e-25
173 4.377119e-10 4.377119e-10 1.418373e-11 5.169899e-26
174 1.326118e-10 1.326118e-10 1.434799e-11 2.584945e-26
175 4.015787e-11 4.015787e-11 1.446900e-11 1.938709e-26
176 1.215665e-11 1.215665e-11 1.455792e-11 3.231413e-27
177 3.680208e-12 3.680208e-12 1.462967e-11 1.167538e-29
178 1.114259e-12 1.114259e-12 1.470665e-11 4.039462e-28
179 3.360007e-13 3.360007e-13 1.477814e-11 5.286790e-29
x: -2.191436e-01 -1.314229e-01 -3.328946e-01  2.483046e-01 -3.325723e-01  1.225542e-01 -3.327821e-01 -2.769287e-01 -2.542628e-01 -3.185528e-01 -2.563310e-01 -2.425929e-01  1.284192e-01 -1.354412e-01  4.056673e-02 -2.156650e-01 -3.303954e-01  2.767335e-01 -2.800967e-02  1.909645e-01  2.279474e-01 -2.814874e-01  2.843563e-01  2.585246e-01  2.080477e-01 -2.861040e-01  2.184609e-01 -3.258433e-01 -5.275227e-04 -7.867747e-03  2.858780e-01 -2.202615e-01  1.819071e-01  2.774558e-01 -2.777747e-01 -2.100506e-01  9.757475e-02  1.444723e-01  1.502062e-01  2.876137e-01  3.149231e-01  3.319513e-01 -1.208825e-02  5.791199e-02 -2.255313e-01  1.432813e-01  3.161334e-01 -2.653680e-01  3.092004e-01  3.188403e-01 -1.289501e-01  1.886432e-01  9.709752e-02 -3.093838e-01 -3.327630e-01  2.614494e-01 -2.511715e-01  3.063317e-01 -1.709812e-02  2.223868e-01  2.251171e-02  3.099864e-01 -1.916246e-02 -1.855307e-01  2.155494e-01  9.815930e-02  2.130858e-01 -2.286041e-01 -3.076029e-01 -3.045763e-01 -3.308557e-01  2.541648e-01  4.415769e-02 -1.858218e-01  3.321544e-01  2.732099e-01 -2.432100e-01  1.785384e-01  1.739329e-01 -2.104189e-01 -2.604366e-01 -1.710427e-01  2.517657e-01  7.026553e-02  3.333328e-01  3.332404e-01  1.714203e-01  2.501921e-01  2.793222e-01  1.847415e-01 -1.842617e-01 -2.588239e-01  3.187322e-01  3.003978e-01 -2.975723e-01 -1.684919e-01  1.092451e-01  3.032215e-02 -3.331141e-01  3.282641e-01 -2.454520e-01 -3.009676e-01  1.056923e-01  2.017198e-01  1.245239e-01  9.722116e-02  3.073809e-01 -2.748178e-01  3.188780e-01 -1.240678e-01  1.949102e-02  2.067736e-01 -7.854046e-02 -3.239483e-01  5.321711e-02 -3.290578e-01  9.363483e-02  3.199119e-01 -2.671395e-02  3.322611e-01  3.329669e-01 -1.562558e-02 -8.720948e-02 -3.217229e-01  1.477814e-11
grad:  3.665187e-21 -8.158524e-20 -1.113116e-20 -8.891868e-21 -1.222464e-20  6.958766e-20 -1.388695e-20  3.348568e-20 -3.397346e-20  4.631296e-20  3.909298e-20 -1.479675e-19  2.251773e-20 -1.503049e-19 -4.246968e-20  7.921220e-20 -7.833741e-21 -7.090082e-20 -5.306936e-20  1.381139e-19  8.325993e-20 -1.277628e-20 -1.099514e-20  3.838968e-20 -5.623978e-20 -3.725304e-20  1.560603e-19  8.618322e-21 -1.674811e-19 -7.767177e-20 -3.900280e-20  7.299527e-21  1.518304e-19  1.606937e-20 -1.677779e-19 -4.743898e-21 -1.005900e-19  5.927559e-21  1.501879e-19 -7.832340e-20 -5.179521e-20 -6.349645e-22  1.913441e-19 -5.824407e-20  1.388636e-19 -6.636802e-20  2.741530e-20 -2.146258e-19 -6.415953e-20  4.477400e-20  2.152576e-20  8.791367e-20 -1.852613e-20  8.529575e-22 -1.192235e-20 -2.313424e-20  8.066790e-21 -4.453588e-20 -6.845370e-20 -5.323472e-21 -1.104378e-19 -3.301465e-20  1.509352e-19 -6.852427e-20 -4.525043e-20  1.845177e-19  4.797469e-20  1.434339e-19  2.966605e-20  7.763561e-20 -1.136990e-20  8.054598e-20 -1.995397e-19 -1.362872e-19 -1.489521e-20 -9.342777e-20  8.543944e-20 -2.335860e-20  4.890818e-20  5.016374e-20 -2.430932e-20  6.087608e-20 -1.241506e-19  1.271366e-20 -1.199866e-20 -1.479138e-20  9.269581e-20  3.077759e-20 -1.031865e-19 -2.123278e-20  2.324585e-19  2.228532e-20  1.406275e-20 -1.096514e-20  6.108135e-20 -1.387163e-19  1.238742e-19  3.896283e-20 -5.073904e-21  1.805227e-20 -1.200546e-19 -9.744063e-21 -2.826271e-20 -2.975659e-19  1.556865e-19 -1.459928e-19  1.220213e-20  6.535204e-20  2.126690e-21 -2.388149e-20 -1.240936e-19  3.440035e-20 -1.411744e-19  3.132543e-20  1.003044e-19  2.282501e-20  1.177386e-19 -4.167497e-20 -1.343433e-19 -1.251179e-20  5.949421e-21  3.410090e-20 -1.335817e-19  3.692487e-20  3.360007e-13
finished in 179 iterations (0.4 seconds total)
max viol = 7.21273e-08
