---------------------
Basis Indices:
---------------------

{-, -, -, -, -, -, -, -, -}, {-, -, -, -, -, -, -, -, -}, {-, -, -, -, -, -, -, -, -}, {-, -, -, -, -, -, -, -, -}, {-, -, -, -, -, -, -, -, -}, {-, -, -, -, -, -, -, -, -}, {-, -, -, -, -, -, -, -, -}, {-, -, -, -, -, -, -, -, -}, {-, -, -, -, -, -, -, -, -}


{-, -, -, -, -, -, -, -, -}, {-, 91+i415, 92+i416, 93+i417, 94+i418, 95+i419, 96+i420, 97+i421, 98+i422}, {-, 100+i424, 101+i425, 102+i426, 103+i427, 104+i428, 105+i429, 106+i430, 107+i431}, {-, 109+i433, 110+i434, 111+i435, 112+i436, 113+i437, 114+i438, 115+i439, 116+i440}, {-, 118+i442, 119+i443, 120+i444, 121+i445, 122+i446, 123+i447, 124+i448, 125+i449}, {-, 127+i451, 128+i452, 129+i453, 130+i454, 131+i455, 132+i456, 133+i457, 134+i458}, {-, 136+i460, 137+i461, 138+i462, 139+i463, 140+i464, 141+i465, 142+i466, 143+i467}, {}, {}


{-, 163+i487, 164+i488, 165+i489, 166+i490, 167+i491, 168+i492, 169+i493, 170+i494}, {}, {}, {}, {}, {}, {}, {}, {}


{-, 244+i568, 245+i569, 246+i570, 247+i571, 248+i572, 249+i573, 250+i574, 251+i575}, {}, {}, {}, {}, {}, {}, {}, {}

---------------------
Index Mapping: 
---------------------

{671: 151, 670: 150, 669: 149, 668: 148, 667: 147, 666: 146, 665: 145, 664: 144, 663: 143, 662: 142, 661: 141, 660: 140, 659: 139, 658: 138, 649: 129, 575: 127, 244: 56, 657: 137, 143: 47, 656: 136, 142: 46, 655: 135, 141: 45, 654: 134, 140: 44, 653: 133, 139: 43, 652: 132, 138: 42, 651: 131, 137: 41, 650: 130, 136: 40, 648: 128, 134: 39, 133: 38, 132: 37, 131: 36, 130: 35, 129: 34, 246: 58, 119: 25, 128: 33, 245: 57, 118: 24, 127: 32, 125: 31, 124: 30, 251: 63, 123: 29, 250: 62, 103: 11, 102: 10, 101: 9, 100: 8, 98: 7, 97: 6, 96: 5, 95: 4, 94: 3, 93: 2, 122: 28, 249: 61, 92: 1, 121: 27, 248: 60, 417: 66, 104: 12, 91: 0, 120: 26, 247: 59, 421: 70, 164: 49, 418: 67, 105: 13, 419: 68, 106: 14, 487: 112, 166: 51, 163: 48, 420: 69, 107: 15, 488: 113, 165: 50, 422: 71, 109: 16, 490: 115, 110: 17, 491: 116, 167: 52, 424: 72, 111: 18, 492: 117, 112: 19, 493: 118, 113: 20, 494: 119, 114: 21, 115: 22, 116: 23, 672: 152, 415: 64, 673: 153, 416: 65, 168: 53, 425: 73, 169: 54, 426: 74, 170: 55, 427: 75, 428: 76, 429: 77, 430: 78, 431: 79, 433: 80, 434: 81, 435: 82, 436: 83, 437: 84, 438: 85, 439: 86, 440: 87, 442: 88, 569: 121, 443: 89, 570: 122, 444: 90, 571: 123, 445: 91, 572: 124, 446: 92, 573: 125, 447: 93, 574: 126, 448: 94, 449: 95, 451: 96, 452: 97, 453: 98, 454: 99, 455: 100, 456: 101, 457: 102, 458: 103, 460: 104, 461: 105, 462: 106, 463: 107, 464: 108, 465: 109, 466: 110, 467: 111, 489: 114, 568: 120}

---------------------
Final Problem: 
---------------------
Find a point satisfying:

1*{  0  8} + 1*{ 65 73} + 1*{ 64 72} + 1*{ 71 79} + 1*{ 68 76} + 1*{  1  9} + 1*{  2 10} + 1*{  5 13} + 1*{  6 14} + 1*{ 70 78} + 1*{  3 11} + 1*{  4 12} + 1*{  7 15} + 0.111111*{} + 1*{ 66 74} + 1*{ 69 77} + 1*{ 67 75} = 0 

1*{  1 73} + -1*{ 11 67} + -1*{ 15 71} + 1*{  3 75} + 1*{  0 72} + -1*{ 12 68} + -1*{  9 65} + 1*{  7 79} + -1*{ 10 66} + 1*{  6 78} + 1*{  4 76} + 1*{  5 77} + 1*{  2 74} + -1*{ 14 70} + -1*{  8 64} + -1*{ 13 69} = 0 

1*{ 67 83} + 1*{  1 17} + 1*{  0 16} + 1*{  4 20} + 1*{  7 23} + 1*{  2 18} + 1*{ 66 82} + 1*{ 69 85} + 1*{ 71 87} + 1*{ 64 80} + 1*{  5 21} + 0.111111*{} + 1*{  6 22} + 1*{ 65 81} + 1*{  3 19} + 1*{ 70 86} + 1*{ 68 84} = 0 

-1*{ 17 65} + -1*{ 18 66} + -1*{ 16 64} + -1*{ 21 69} + 1*{  4 84} + 1*{  6 86} + -1*{ 22 70} + 1*{  0 80} + 1*{  5 85} + -1*{ 23 71} + -1*{ 20 68} + 1*{  1 81} + 1*{  7 87} + -1*{ 19 67} + 1*{  3 83} + 1*{  2 82} = 0 

1*{  2 26} + 1*{  5 29} + 1*{ 69 93} + 1*{  0 24} + 1*{ 64 88} + 1*{ 70 94} + 1*{  1 25} + 1*{  3 27} + 1*{ 68 92} + 0.111111*{} + 1*{ 67 91} + 1*{  7 31} + 1*{ 71 95} + 1*{ 66 90} + 1*{  4 28} + 1*{ 65 89} + 1*{  6 30} = 0 

1*{  0 88} + -1*{ 25 65} + -1*{ 27 67} + 1*{  6 94} + -1*{ 24 64} + 1*{  2 90} + -1*{ 29 69} + -1*{ 30 70} + -1*{ 26 66} + 1*{  5 93} + 1*{  7 95} + -1*{ 31 71} + -1*{ 28 68} + 1*{  1 89} + 1*{  3 91} + 1*{  4 92} = 0 

1*{ 64 96} + 1*{  4 36} + 1*{ 65 97} + 1*{  7 39} + 1*{ 66 98} + 1*{  5 37} + 1*{  6 38} + 1*{  2 34} + 1*{ 71103} + 1*{ 70102} + 1*{ 67 99} + 1*{ 68100} + 1*{  3 35} + 0.111111*{} + 1*{ 69101} + 1*{  0 32} + 1*{  1 33} = 0 

-1*{ 39 71} + 1*{  1 97} + -1*{ 33 65} + 1*{  6102} + -1*{ 38 70} + 1*{  0 96} + -1*{ 35 67} + 1*{  5101} + -1*{ 37 69} + -1*{ 32 64} + 1*{  4100} + 1*{  2 98} + -1*{ 34 66} + 1*{  7103} + -1*{ 36 68} + 1*{  3 99} = 0 

1*{ 70110} + 1*{ 64104} + 1*{ 71111} + 1*{  0 40} + 1*{ 65105} + 1*{  1 41} + 1*{  5 45} + 1*{  6 46} + 1*{ 66106} + 1*{ 68108} + 1*{ 69109} + 1*{  4 44} + 1*{ 67107} + 0.111111*{} + 1*{  3 43} + 1*{  2 42} + 1*{  7 47} = 0 

-1*{ 40 64} + 1*{  3107} + -1*{ 46 70} + -1*{ 45 69} + 1*{  0104} + -1*{ 47 71} + -1*{ 42 66} + 1*{  1105} + -1*{ 43 67} + 1*{  7111} + -1*{ 41 65} + -1*{ 44 68} + 1*{  5109} + 1*{  4108} + 1*{  6110} + 1*{  2106} = 0 

-0.111111*{} + 1*{129129} + 1*{128128} = 0 

1*{  2 50} + 1*{ 68116} + 1*{  3 51} + 1*{ 67115} + 1*{  1 49} + 1*{ 69117} + 1*{  7 55} + 1*{ 71119} + 1*{  0 48} + 1*{  5 53} + 1*{ 70118} + 1*{ 65113} + 0.111111*{} + -1*{128} + 1*{  6 54} + 1*{ 66114} + 1*{ 64112} + 1*{  4 52} = 0 

1*{  0112} + -1*{ 50 66} + 1*{  1113} + -1*{ 54 70} + -1*{ 49 65} + 1*{  5117} + -1*{ 52 68} + 1*{  4116} + -1*{ 55 71} + -1*{ 53 69} + 1*{  2114} + -1*{ 51 67} + 1*{  6118} + -1*{ 48 64} + 1*{  3115} + -1*{129} + 1*{  7119} = 0 

-0.111111*{} + 1*{131131} + 1*{130130} = 0 

1*{ 69125} + 1*{  7 63} + 1*{  3 59} + 1*{ 66122} + 1*{ 65121} + 1*{ 64120} + 1*{  4 60} + 1*{  6 62} + 1*{  5 61} + 1*{ 70126} + 1*{ 68124} + 1*{  0 56} + 0.111111*{} + -1*{130} + 1*{  2 58} + 1*{ 71127} + 1*{ 67123} + 1*{  1 57} = 0 

1*{  1121} + 1*{  4124} + 1*{  5125} + -1*{ 61 69} + 1*{  6126} + -1*{ 62 70} + -1*{ 63 71} + -1*{131} + -1*{ 56 64} + 1*{  3123} + -1*{ 57 65} + 1*{  2122} + 1*{  0120} + -1*{ 59 67} + -1*{ 60 68} + 1*{  7127} + -1*{ 58 66} = 0 

-0.111111*{} + 1*{ 64 64} + 1*{  0  0} = 0 

-0.111111*{} + 1*{  1  1} + 1*{ 65 65} = 0 

-0.111111*{} + 1*{ 66 66} + 1*{  2  2} = 0 

-0.111111*{} + 1*{ 67 67} + 1*{  3  3} = 0 

-0.111111*{} + 1*{ 68 68} + 1*{  4  4} = 0 

-0.111111*{} + 1*{ 69 69} + 1*{  5  5} = 0 

-0.111111*{} + 1*{ 70 70} + 1*{  6  6} = 0 

-0.111111*{} + 1*{  7  7} + 1*{ 71 71} = 0 

0.222222*{  0  3} + 0.0740741*{  6} + 0.222222*{  1  7} + 0.222222*{  3  7} + 0.0740741*{  3} + 0.222222*{ 66 70} + 0.222222*{  5  6} + 0.222222*{ 65 71} + 0.222222*{ 66 68} + 0.222222*{ 65 68} + 0.222222*{  3  6} + 0.222222*{ 64 71} + 0.222222*{  4  6} + 0.222222*{ 64 67} + 0.222222*{  0  6} + 0.222222*{ 65 70} + 0.222222*{  2  6} + 0.0740741*{  0} + 0.222222*{ 68 70} + 0.222222*{  4  7} + 0.222222*{ 64 66} + 0.222222*{  0  1} + 0.222222*{  2  3} + 0.222222*{ 68 71} + 0.222222*{ 66 69} + 0.0740741*{  4} + 0.222222*{  4  5} + 0.222222*{  6  7} + 0.222222*{  0  7} + 0.0740741*{  7} + 0.0740741*{  5} + 0.222222*{  0  5} + 0.222222*{ 64 65} + 0.222222*{ 64 68} + 0.222222*{  1  4} + 0.222222*{  3  4} + 0.222222*{ 67 68} + 0.222222*{  1  3} + 0.222222*{  1  5} + 0.222222*{  1  6} + 0.222222*{ 67 70} + 0.222222*{ 64 70} + 0.222222*{  0  2} + 0.222222*{ 67 71} + 0.0740741*{  1} + 0.222222*{ 66 67} + 0.222222*{  0  4} + 0.222222*{ 69 71} + 0.222222*{ 65 66} + 0.222222*{  1  2} + 0.222222*{ 70 71} + 0.222222*{ 66 71} + 0.222222*{  5  7} + 0.222222*{  2  4} + 0.222222*{ 65 69} + 0.0740741*{  2} + 0.222222*{ 64 69} + 0.222222*{  3  5} + 0.222222*{  2  7} + 0.222222*{ 68 69} + 0.222222*{  2  5} + 0.222222*{ 65 67} + 0.222222*{ 69 70} + 0.222222*{ 67 69} = 0 

1*{ 75 83} + 1*{ 10 18} + 1*{  8 16} + 1*{ 73 81} + 1*{ 15 23} + 1*{ 78 86} + 1*{  9 17} + 0.111111*{} + 1*{ 12 20} + 1*{ 14 22} + 1*{ 77 85} + 1*{ 11 19} + 1*{ 13 21} + 1*{ 79 87} + 1*{ 76 84} + 1*{ 72 80} + 1*{ 74 82} = 0 

-1*{ 19 75} + 1*{ 11 83} + 1*{  9 81} + -1*{ 21 77} + -1*{ 20 76} + -1*{ 23 79} + -1*{ 17 73} + 1*{  8 80} + -1*{ 22 78} + 1*{ 13 85} + -1*{ 16 72} + 1*{ 15 87} + -1*{ 18 74} + 1*{ 12 84} + 1*{ 10 82} + 1*{ 14 86} = 0 

1*{ 12 28} + 1*{ 10 26} + 1*{ 11 27} + 1*{  8 24} + 1*{ 75 91} + 1*{ 76 92} + 0.111111*{} + 1*{ 74 90} + 1*{ 77 93} + 1*{ 14 30} + 1*{ 72 88} + 1*{ 78 94} + 1*{ 15 31} + 1*{ 73 89} + 1*{  9 25} + 1*{ 79 95} + 1*{ 13 29} = 0 

-1*{ 30 78} + 1*{ 11 91} + -1*{ 24 72} + -1*{ 27 75} + 1*{ 14 94} + -1*{ 29 77} + 1*{ 10 90} + 1*{  9 89} + -1*{ 25 73} + -1*{ 28 76} + 1*{ 13 93} + -1*{ 31 79} + -1*{ 26 74} + 1*{ 12 92} + 1*{ 15 95} + 1*{  8 88} = 0 

1*{ 78102} + 1*{ 77101} + 1*{ 12 36} + 1*{ 72 96} + 1*{ 11 35} + 1*{  8 32} + 1*{  9 33} + 1*{ 75 99} + 1*{ 79103} + 1*{ 15 39} + 1*{ 76100} + 1*{ 74 98} + 1*{ 73 97} + 1*{ 13 37} + 1*{ 10 34} + 0.111111*{} + 1*{ 14 38} = 0 

-1*{ 32 72} + -1*{ 35 75} + -1*{ 34 74} + 1*{ 13101} + 1*{ 12100} + -1*{ 37 77} + -1*{ 39 79} + -1*{ 33 73} + 1*{ 11 99} + -1*{ 36 76} + 1*{  9 97} + 1*{ 10 98} + 1*{ 15103} + -1*{ 38 78} + 1*{  8 96} + 1*{ 14102} = 0 

1*{ 74106} + 0.111111*{} + 1*{ 10 42} + 1*{ 15 47} + 1*{  9 41} + 1*{  8 40} + 1*{ 77109} + 1*{ 76108} + 1*{ 73105} + 1*{ 72104} + 1*{ 78110} + 1*{ 11 43} + 1*{ 75107} + 1*{ 14 46} + 1*{ 13 45} + 1*{ 79111} + 1*{ 12 44} = 0 

1*{ 10106} + -1*{ 40 72} + 1*{ 12108} + -1*{ 41 73} + -1*{ 42 74} + 1*{ 13109} + -1*{ 44 76} + 1*{ 11107} + -1*{ 47 79} + -1*{ 45 77} + 1*{  8104} + 1*{  9105} + -1*{ 46 78} + 1*{ 14110} + 1*{ 15111} + -1*{ 43 75} = 0 

-0.111111*{} + 1*{133133} + 1*{132132} = 0 

1*{  9 49} + 1*{ 74114} + 1*{ 73113} + 1*{ 75115} + 1*{ 12 52} + 1*{ 76116} + 1*{ 15 55} + 1*{ 79119} + 1*{ 10 50} + 1*{ 13 53} + 1*{ 77117} + 1*{ 11 51} + 1*{  8 48} + 1*{ 72112} + 1*{ 78118} + -1*{132} + 1*{ 14 54} + 0.111111*{} = 0 

-1*{ 54 78} + 1*{  9113} + -1*{ 52 76} + 1*{  8112} + -1*{ 53 77} + 1*{ 14118} + 1*{ 12116} + 1*{ 11115} + -1*{ 50 74} + 1*{ 13117} + 1*{ 15119} + -1*{133} + 1*{ 10114} + -1*{ 55 79} + -1*{ 48 72} + -1*{ 49 73} + -1*{ 51 75} = 0 

-0.111111*{} + 1*{135135} + 1*{134134} = 0 

1*{  9 57} + 1*{ 75123} + 1*{ 73121} + 1*{ 15 63} + 1*{ 10 58} + 1*{  8 56} + 1*{ 11 59} + 1*{ 79127} + 1*{ 78126} + 1*{ 14 62} + 1*{ 72120} + 1*{ 74122} + 1*{ 12 60} + 1*{ 77125} + 0.111111*{} + 1*{ 13 61} + -1*{134} + 1*{ 76124} = 0 

1*{ 13125} + -1*{ 60 76} + -1*{ 58 74} + -1*{ 61 77} + -1*{ 57 73} + -1*{ 56 72} + -1*{ 59 75} + 1*{ 10122} + 1*{ 14126} + -1*{ 62 78} + 1*{  8120} + -1*{ 63 79} + -1*{135} + 1*{  9121} + 1*{ 12124} + 1*{ 11123} + 1*{ 15127} = 0 

-0.111111*{} + 1*{ 72 72} + 1*{  8  8} = 0 

-0.111111*{} + 1*{ 73 73} + 1*{  9  9} = 0 

-0.111111*{} + 1*{ 74 74} + 1*{ 10 10} = 0 

-0.111111*{} + 1*{ 75 75} + 1*{ 11 11} = 0 

-0.111111*{} + 1*{ 76 76} + 1*{ 12 12} = 0 

-0.111111*{} + 1*{ 77 77} + 1*{ 13 13} = 0 

1*{ 78 78} + -0.111111*{} + 1*{ 14 14} = 0 

-0.111111*{} + 1*{ 79 79} + 1*{ 15 15} = 0 

0.222222*{ 76 78} + 0.222222*{ 73 74} + 0.222222*{ 77 79} + 0.0740741*{ 11} + 0.222222*{ 11 14} + 0.222222*{ 73 75} + 0.222222*{ 72 74} + 0.222222*{  9 14} + 0.222222*{ 13 14} + 0.222222*{ 74 78} + 0.222222*{ 10 11} + 0.222222*{ 78 79} + 0.222222*{ 12 13} + 0.0740741*{  9} + 0.222222*{  9 10} + 0.222222*{  8 14} + 0.0740741*{  8} + 0.222222*{  8 10} + 0.222222*{ 76 77} + 0.222222*{ 72 75} + 0.222222*{ 73 79} + 0.0740741*{ 13} + 0.222222*{ 74 76} + 0.222222*{ 13 15} + 0.222222*{ 75 79} + 0.222222*{  8 13} + 0.0740741*{ 10} + 0.222222*{  8 15} + 0.0740741*{ 14} + 0.222222*{ 75 76} + 0.222222*{ 77 78} + 0.222222*{  9 11} + 0.222222*{  8 11} + 0.222222*{ 72 78} + 0.222222*{ 74 77} + 0.222222*{  9 15} + 0.222222*{  8 12} + 0.222222*{  9 13} + 0.0740741*{ 15} + 0.222222*{ 74 75} + 0.222222*{ 10 14} + 0.222222*{ 72 76} + 0.222222*{ 73 78} + 0.222222*{ 10 15} + 0.222222*{ 72 73} + 0.222222*{ 73 76} + 0.222222*{ 10 13} + 0.222222*{ 11 12} + 0.222222*{ 74 79} + 0.222222*{ 12 14} + 0.222222*{ 76 79} + 0.222222*{  8  9} + 0.222222*{ 72 79} + 0.222222*{ 75 78} + 0.222222*{ 75 77} + 0.222222*{ 72 77} + 0.222222*{ 11 13} + 0.222222*{ 14 15} + 0.0740741*{ 12} + 0.222222*{ 12 15} + 0.222222*{  9 12} + 0.222222*{ 10 12} + 0.222222*{ 73 77} + 0.222222*{ 11 15} = 0 

1*{ 83 91} + 1*{ 23 31} + 1*{ 81 89} + 1*{ 21 29} + 0.111111*{} + 1*{ 86 94} + 1*{ 22 30} + 1*{ 16 24} + 1*{ 20 28} + 1*{ 84 92} + 1*{ 17 25} + 1*{ 19 27} + 1*{ 18 26} + 1*{ 85 93} + 1*{ 82 90} + 1*{ 80 88} + 1*{ 87 95} = 0 

-1*{ 24 80} + 1*{ 19 91} + -1*{ 26 82} + -1*{ 25 81} + 1*{ 17 89} + 1*{ 21 93} + -1*{ 31 87} + 1*{ 22 94} + -1*{ 27 83} + 1*{ 20 92} + 1*{ 16 88} + -1*{ 28 84} + 1*{ 18 90} + -1*{ 29 85} + -1*{ 30 86} + 1*{ 23 95} = 0 

1*{ 22 38} + 0.111111*{} + 1*{ 83 99} + 1*{ 82 98} + 1*{ 16 32} + 1*{ 86102} + 1*{ 20 36} + 1*{ 17 33} + 1*{ 21 37} + 1*{ 80 96} + 1*{ 87103} + 1*{ 85101} + 1*{ 81 97} + 1*{ 84100} + 1*{ 23 39} + 1*{ 18 34} + 1*{ 19 35} = 0 

-1*{ 33 81} + 1*{ 16 96} + -1*{ 38 86} + -1*{ 36 84} + 1*{ 20100} + -1*{ 34 82} + -1*{ 32 80} + 1*{ 23103} + -1*{ 39 87} + 1*{ 21101} + 1*{ 18 98} + -1*{ 37 85} + 1*{ 19 99} + 1*{ 22102} + 1*{ 17 97} + -1*{ 35 83} = 0 

1*{ 81105} + 1*{ 21 45} + 1*{ 19 43} + 1*{ 84108} + 1*{ 82106} + 1*{ 23 47} + 1*{ 85109} + 1*{ 80104} + 1*{ 87111} + 1*{ 20 44} + 1*{ 18 42} + 1*{ 86110} + 1*{ 17 41} + 1*{ 22 46} + 1*{ 83107} + 0.111111*{} + 1*{ 16 40} = 0 

-1*{ 40 80} + -1*{ 43 83} + -1*{ 44 84} + -1*{ 45 85} + 1*{ 21109} + -1*{ 47 87} + 1*{ 16104} + -1*{ 41 81} + 1*{ 22110} + 1*{ 20108} + 1*{ 17105} + 1*{ 23111} + 1*{ 18106} + -1*{ 46 86} + -1*{ 42 82} + 1*{ 19107} = 0 

1*{137137} + -0.111111*{} + 1*{136136} = 0 

1*{ 82114} + 1*{ 87119} + 1*{ 21 53} + 1*{ 80112} + 1*{ 86118} + 1*{ 20 52} + 1*{ 84116} + 1*{ 16 48} + 1*{ 83115} + 1*{ 81113} + 1*{ 85117} + 0.111111*{} + 1*{ 23 55} + -1*{136} + 1*{ 19 51} + 1*{ 22 54} + 1*{ 18 50} + 1*{ 17 49} = 0 

-1*{137} + -1*{ 50 82} + -1*{ 49 81} + -1*{ 52 84} + 1*{ 18114} + 1*{ 22118} + 1*{ 21117} + 1*{ 16112} + -1*{ 51 83} + -1*{ 48 80} + 1*{ 23119} + -1*{ 53 85} + -1*{ 54 86} + 1*{ 20116} + 1*{ 17113} + -1*{ 55 87} + 1*{ 19115} = 0 

-0.111111*{} + 1*{138138} + 1*{139139} = 0 

1*{ 17 57} + 0.111111*{} + 1*{ 82122} + -1*{138} + 1*{ 85125} + 1*{ 18 58} + 1*{ 23 63} + 1*{ 20 60} + 1*{ 87127} + 1*{ 19 59} + 1*{ 80120} + 1*{ 22 62} + 1*{ 16 56} + 1*{ 86126} + 1*{ 83123} + 1*{ 21 61} + 1*{ 84124} + 1*{ 81121} = 0 

1*{ 20124} + 1*{ 17121} + -1*{139} + 1*{ 23127} + -1*{ 60 84} + -1*{ 59 83} + -1*{ 61 85} + -1*{ 58 82} + 1*{ 18122} + -1*{ 63 87} + -1*{ 62 86} + -1*{ 57 81} + 1*{ 22126} + -1*{ 56 80} + 1*{ 21125} + 1*{ 19123} + 1*{ 16120} = 0 

-0.111111*{} + 1*{ 80 80} + 1*{ 16 16} = 0 

-0.111111*{} + 1*{ 81 81} + 1*{ 17 17} = 0 

-0.111111*{} + 1*{ 82 82} + 1*{ 18 18} = 0 

-0.111111*{} + 1*{ 83 83} + 1*{ 19 19} = 0 

-0.111111*{} + 1*{ 84 84} + 1*{ 20 20} = 0 

-0.111111*{} + 1*{ 85 85} + 1*{ 21 21} = 0 

-0.111111*{} + 1*{ 86 86} + 1*{ 22 22} = 0 

-0.111111*{} + 1*{ 87 87} + 1*{ 23 23} = 0 

0.222222*{ 84 86} + 0.222222*{ 82 83} + 0.222222*{ 18 23} + 0.222222*{ 80 85} + 0.222222*{ 81 83} + 0.222222*{ 85 87} + 0.222222*{ 80 86} + 0.222222*{ 81 85} + 0.222222*{ 16 21} + 0.0740741*{ 21} + 0.222222*{ 16 19} + 0.222222*{ 81 87} + 0.222222*{ 80 81} + 0.222222*{ 81 84} + 0.222222*{ 84 87} + 0.222222*{ 19 22} + 0.222222*{ 16 17} + 0.0740741*{ 22} + 0.222222*{ 21 23} + 0.222222*{ 17 18} + 0.222222*{ 80 82} + 0.0740741*{ 16} + 0.222222*{ 80 84} + 0.222222*{ 17 19} + 0.0740741*{ 20} + 0.222222*{ 17 21} + 0.222222*{ 18 20} + 0.222222*{ 16 23} + 0.222222*{ 19 23} + 0.0740741*{ 17} + 0.222222*{ 82 84} + 0.222222*{ 82 86} + 0.222222*{ 83 86} + 0.222222*{ 81 86} + 0.222222*{ 80 87} + 0.222222*{ 83 85} + 0.222222*{ 18 19} + 0.0740741*{ 19} + 0.222222*{ 82 87} + 0.0740741*{ 23} + 0.222222*{ 21 22} + 0.222222*{ 82 85} + 0.222222*{ 83 84} + 0.222222*{ 20 21} + 0.222222*{ 84 85} + 0.222222*{ 18 21} + 0.222222*{ 22 23} + 0.222222*{ 16 20} + 0.222222*{ 18 22} + 0.222222*{ 16 22} + 0.222222*{ 81 82} + 0.222222*{ 17 23} + 0.222222*{ 16 18} + 0.222222*{ 20 23} + 0.222222*{ 20 22} + 0.222222*{ 86 87} + 0.222222*{ 83 87} + 0.222222*{ 80 83} + 0.222222*{ 85 86} + 0.222222*{ 17 22} + 0.222222*{ 17 20} + 0.222222*{ 19 21} + 0.222222*{ 19 20} + 0.0740741*{ 18} = 0 

1*{ 26 34} + 1*{ 95103} + 0.111111*{} + 1*{ 91 99} + 1*{ 31 39} + 1*{ 24 32} + 1*{ 88 96} + 1*{ 92100} + 1*{ 28 36} + 1*{ 29 37} + 1*{ 25 33} + 1*{ 30 38} + 1*{ 93101} + 1*{ 94102} + 1*{ 90 98} + 1*{ 89 97} + 1*{ 27 35} = 0 

1*{ 31103} + -1*{ 33 89} + -1*{ 35 91} + 1*{ 30102} + 1*{ 24 96} + -1*{ 37 93} + -1*{ 39 95} + -1*{ 32 88} + 1*{ 29101} + 1*{ 26 98} + -1*{ 36 92} + 1*{ 28100} + -1*{ 38 94} + 1*{ 25 97} + -1*{ 34 90} + 1*{ 27 99} = 0 

1*{ 89105} + 1*{ 29 45} + 1*{ 93109} + 1*{ 91107} + 1*{ 28 44} + 1*{ 31 47} + 1*{ 24 40} + 1*{ 95111} + 0.111111*{} + 1*{ 30 46} + 1*{ 94110} + 1*{ 26 42} + 1*{ 88104} + 1*{ 27 43} + 1*{ 25 41} + 1*{ 90106} + 1*{ 92108} = 0 

1*{ 26106} + -1*{ 42 90} + 1*{ 28108} + 1*{ 24104} + 1*{ 30110} + -1*{ 40 88} + -1*{ 47 95} + -1*{ 44 92} + -1*{ 41 89} + -1*{ 45 93} + 1*{ 31111} + 1*{ 29109} + -1*{ 43 91} + 1*{ 25105} + -1*{ 46 94} + 1*{ 27107} = 0 

-0.111111*{} + 1*{141141} + 1*{140140} = 0 

1*{ 24 48} + 1*{ 27 51} + 1*{ 28 52} + 0.111111*{} + 1*{ 25 49} + 1*{ 92116} + 1*{ 31 55} + 1*{ 26 50} + 1*{ 29 53} + 1*{ 30 54} + 1*{ 93117} + 1*{ 91115} + 1*{ 88112} + 1*{ 89113} + 1*{ 95119} + 1*{ 90114} + 1*{ 94118} + -1*{140} = 0 

-1*{ 48 88} + 1*{ 24112} + -1*{ 51 91} + -1*{141} + 1*{ 31119} + -1*{ 55 95} + 1*{ 29117} + 1*{ 28116} + 1*{ 26114} + -1*{ 50 90} + -1*{ 54 94} + -1*{ 52 92} + 1*{ 25113} + 1*{ 30118} + -1*{ 53 93} + 1*{ 27115} + -1*{ 49 89} = 0 

-0.111111*{} + 1*{143143} + 1*{142142} = 0 

1*{ 92124} + 1*{ 88120} + -1*{142} + 1*{ 28 60} + 1*{ 91123} + 1*{ 93125} + 1*{ 90122} + 1*{ 94126} + 1*{ 95127} + 1*{ 29 61} + 1*{ 89121} + 1*{ 30 62} + 1*{ 31 63} + 1*{ 24 56} + 1*{ 26 58} + 1*{ 25 57} + 0.111111*{} + 1*{ 27 59} = 0 

-1*{ 56 88} + 1*{ 24120} + 1*{ 26122} + 1*{ 29125} + -1*{ 60 92} + -1*{ 61 93} + 1*{ 27123} + -1*{143} + -1*{ 57 89} + -1*{ 63 95} + 1*{ 30126} + -1*{ 58 90} + -1*{ 62 94} + 1*{ 28124} + -1*{ 59 91} + 1*{ 31127} + 1*{ 25121} = 0 

-0.111111*{} + 1*{ 88 88} + 1*{ 24 24} = 0 

-0.111111*{} + 1*{ 89 89} + 1*{ 25 25} = 0 

-0.111111*{} + 1*{ 90 90} + 1*{ 26 26} = 0 

-0.111111*{} + 1*{ 91 91} + 1*{ 27 27} = 0 

1*{ 92 92} + -0.111111*{} + 1*{ 28 28} = 0 

-0.111111*{} + 1*{ 93 93} + 1*{ 29 29} = 0 

-0.111111*{} + 1*{ 94 94} + 1*{ 30 30} = 0 

1*{ 95 95} + -0.111111*{} + 1*{ 31 31} = 0 

0.222222*{ 24 26} + 0.222222*{ 92 94} + 0.222222*{ 24 27} + 0.0740741*{ 29} + 0.222222*{ 30 31} + 0.222222*{ 28 29} + 0.222222*{ 92 93} + 0.222222*{ 24 30} + 0.222222*{ 26 30} + 0.222222*{ 93 95} + 0.222222*{ 90 94} + 0.0740741*{ 25} + 0.222222*{ 90 91} + 0.0740741*{ 24} + 0.222222*{ 89 91} + 0.0740741*{ 30} + 0.222222*{ 89 93} + 0.0740741*{ 28} + 0.222222*{ 88 93} + 0.222222*{ 27 30} + 0.222222*{ 28 31} + 0.222222*{ 25 26} + 0.0740741*{ 26} + 0.222222*{ 91 94} + 0.222222*{ 29 30} + 0.222222*{ 92 95} + 0.0740741*{ 27} + 0.222222*{ 88 94} + 0.222222*{ 26 27} + 0.0740741*{ 31} + 0.222222*{ 91 95} + 0.222222*{ 27 29} + 0.222222*{ 27 28} + 0.222222*{ 93 94} + 0.222222*{ 89 94} + 0.222222*{ 25 28} + 0.222222*{ 90 92} + 0.222222*{ 24 28} + 0.222222*{ 88 90} + 0.222222*{ 91 93} + 0.222222*{ 25 31} + 0.222222*{ 27 31} + 0.222222*{ 88 92} + 0.222222*{ 88 89} + 0.222222*{ 24 25} + 0.222222*{ 91 92} + 0.222222*{ 28 30} + 0.222222*{ 26 28} + 0.222222*{ 29 31} + 0.222222*{ 89 90} + 0.222222*{ 25 29} + 0.222222*{ 90 95} + 0.222222*{ 90 93} + 0.222222*{ 88 91} + 0.222222*{ 24 31} + 0.222222*{ 25 30} + 0.222222*{ 24 29} + 0.222222*{ 89 95} + 0.222222*{ 26 29} + 0.222222*{ 88 95} + 0.222222*{ 89 92} + 0.222222*{ 25 27} + 0.222222*{ 26 31} + 0.222222*{ 94 95} = 0 

1*{ 36 44} + 1*{ 98106} + 1*{ 33 41} + 1*{ 32 40} + 1*{ 39 47} + 1*{ 38 46} + 0.111111*{} + 1*{ 99107} + 1*{ 97105} + 1*{ 34 42} + 1*{103111} + 1*{ 96104} + 1*{101109} + 1*{ 37 45} + 1*{100108} + 1*{ 35 43} + 1*{102110} = 0 

1*{ 36108} + 1*{ 35107} + 1*{ 32104} + -1*{ 47103} + -1*{ 44100} + -1*{ 41 97} + -1*{ 42 98} + -1*{ 46102} + -1*{ 43 99} + 1*{ 37109} + 1*{ 38110} + 1*{ 34106} + -1*{ 45101} + -1*{ 40 96} + 1*{ 39111} + 1*{ 33105} = 0 

-0.111111*{} + 1*{145145} + 1*{144144} = 0 

1*{ 96112} + 0.111111*{} + -1*{144} + 1*{ 37 53} + 1*{ 32 48} + 1*{101117} + 1*{ 98114} + 1*{ 97113} + 1*{ 34 50} + 1*{ 39 55} + 1*{102118} + 1*{100116} + 1*{ 33 49} + 1*{103119} + 1*{ 99115} + 1*{ 38 54} + 1*{ 35 51} + 1*{ 36 52} = 0 

1*{ 39119} + -1*{ 53101} + -1*{ 52100} + -1*{ 49 97} + 1*{ 32112} + -1*{145} + -1*{ 51 99} + 1*{ 38118} + -1*{ 48 96} + -1*{ 55103} + -1*{ 54102} + -1*{ 50 98} + 1*{ 36116} + 1*{ 33113} + 1*{ 34114} + 1*{ 37117} + 1*{ 35115} = 0 

-0.111111*{} + 1*{147147} + 1*{146146} = 0 

1*{ 35 59} + 1*{ 97121} + 1*{ 98122} + 1*{101125} + 1*{ 32 56} + 1*{100124} + 1*{ 99123} + 0.111111*{} + 1*{ 33 57} + 1*{ 34 58} + 1*{ 37 61} + 1*{102126} + 1*{ 39 63} + 1*{103127} + 1*{ 38 62} + 1*{ 96120} + 1*{ 36 60} + -1*{146} = 0 

-1*{ 56 96} + 1*{ 37125} + -1*{ 59 99} + 1*{ 38126} + -1*{ 60100} + -1*{ 61101} + 1*{ 35123} + 1*{ 39127} + 1*{ 32120} + -1*{ 63103} + -1*{ 58 98} + 1*{ 34122} + -1*{147} + 1*{ 33121} + -1*{ 57 97} + 1*{ 36124} + -1*{ 62102} = 0 

-0.111111*{} + 1*{ 96 96} + 1*{ 32 32} = 0 

-0.111111*{} + 1*{ 33 33} + 1*{ 97 97} = 0 

-0.111111*{} + 1*{ 98 98} + 1*{ 34 34} = 0 

-0.111111*{} + 1*{ 99 99} + 1*{ 35 35} = 0 

-0.111111*{} + 1*{100100} + 1*{ 36 36} = 0 

-0.111111*{} + 1*{101101} + 1*{ 37 37} = 0 

1*{ 38 38} + -0.111111*{} + 1*{102102} = 0 

-0.111111*{} + 1*{103103} + 1*{ 39 39} = 0 

0.0740741*{ 32} + 0.222222*{ 36 38} + 0.222222*{ 98 99} + 0.222222*{ 34 35} + 0.222222*{ 97100} + 0.222222*{ 96101} + 0.222222*{ 34 39} + 0.222222*{ 36 39} + 0.222222*{ 33 36} + 0.222222*{101102} + 0.222222*{ 98100} + 0.222222*{ 34 36} + 0.222222*{ 38 39} + 0.222222*{100103} + 0.222222*{ 98101} + 0.0740741*{ 38} + 0.222222*{100101} + 0.222222*{ 99100} + 0.222222*{ 37 38} + 0.222222*{ 35 36} + 0.222222*{ 96 98} + 0.0740741*{ 35} + 0.222222*{ 32 34} + 0.222222*{ 34 37} + 0.222222*{ 32 33} + 0.222222*{ 32 39} + 0.0740741*{ 33} + 0.222222*{ 97102} + 0.222222*{ 96 99} + 0.222222*{ 96100} + 0.222222*{ 98103} + 0.222222*{ 97103} + 0.222222*{ 96 97} + 0.222222*{ 32 38} + 0.222222*{ 36 37} + 0.222222*{ 99103} + 0.222222*{ 96102} + 0.222222*{ 37 39} + 0.222222*{ 33 35} + 0.222222*{ 35 39} + 0.222222*{ 97 99} + 0.0740741*{ 39} + 0.0740741*{ 34} + 0.222222*{100102} + 0.222222*{ 98102} + 0.222222*{ 97 98} + 0.222222*{ 32 35} + 0.222222*{ 97101} + 0.222222*{ 33 38} + 0.222222*{ 34 38} + 0.222222*{101103} + 0.222222*{ 99102} + 0.222222*{ 35 38} + 0.0740741*{ 37} + 0.0740741*{ 36} + 0.222222*{ 32 36} + 0.222222*{ 33 34} + 0.222222*{ 32 37} + 0.222222*{ 35 37} + 0.222222*{ 96103} + 0.222222*{ 33 39} + 0.222222*{102103} + 0.222222*{ 99101} + 0.222222*{ 33 37} = 0 

-0.111111*{} + 1*{149149} + 1*{148148} = 0 

1*{108116} + 1*{109117} + 1*{ 41 49} + 1*{ 46 54} + 1*{111119} + 1*{ 40 48} + 1*{105113} + 1*{ 47 55} + 1*{106114} + 1*{ 42 50} + -1*{148} + 1*{ 45 53} + 1*{110118} + 0.111111*{} + 1*{104112} + 1*{ 44 52} + 1*{107115} + 1*{ 43 51} = 0 

1*{ 42114} + -1*{ 50106} + -1*{149} + -1*{ 54110} + 1*{ 44116} + 1*{ 46118} + 1*{ 47119} + 1*{ 43115} + -1*{ 53109} + -1*{ 48104} + 1*{ 40112} + -1*{ 51107} + -1*{ 49105} + -1*{ 55111} + 1*{ 41113} + -1*{ 52108} + 1*{ 45117} = 0 

-0.111111*{} + 1*{151151} + 1*{150150} = 0 

1*{107123} + 1*{ 41 57} + 1*{ 46 62} + 1*{ 43 59} + 1*{ 47 63} + 1*{106122} + -1*{150} + 1*{ 42 58} + 1*{105121} + 1*{110126} + 1*{ 40 56} + 1*{ 45 61} + 1*{ 44 60} + 1*{108124} + 1*{111127} + 0.111111*{} + 1*{104120} + 1*{109125} = 0 

1*{ 46126} + 1*{ 43123} + -1*{ 62110} + -1*{ 61109} + -1*{ 56104} + 1*{ 44124} + 1*{ 45125} + -1*{ 58106} + -1*{151} + -1*{ 63111} + 1*{ 47127} + 1*{ 42122} + -1*{ 57105} + 1*{ 41121} + -1*{ 60108} + -1*{ 59107} + 1*{ 40120} = 0 

-0.111111*{} + 1*{104104} + 1*{ 40 40} = 0 

-0.111111*{} + 1*{105105} + 1*{ 41 41} = 0 

1*{106106} + -0.111111*{} + 1*{ 42 42} = 0 

-0.111111*{} + 1*{107107} + 1*{ 43 43} = 0 

-0.111111*{} + 1*{108108} + 1*{ 44 44} = 0 

-0.111111*{} + 1*{109109} + 1*{ 45 45} = 0 

-0.111111*{} + 1*{110110} + 1*{ 46 46} = 0 

-0.111111*{} + 1*{111111} + 1*{ 47 47} = 0 

0.222222*{104109} + 0.222222*{ 42 46} + 0.222222*{ 44 45} + 0.222222*{ 41 47} + 0.222222*{105108} + 0.222222*{104111} + 0.0740741*{ 42} + 0.222222*{105106} + 0.222222*{110111} + 0.222222*{ 43 47} + 0.222222*{105111} + 0.222222*{ 41 45} + 0.222222*{104110} + 0.222222*{104107} + 0.222222*{106111} + 0.0740741*{ 44} + 0.222222*{107110} + 0.222222*{ 41 46} + 0.222222*{107109} + 0.0740741*{ 46} + 0.222222*{ 40 43} + 0.222222*{107111} + 0.0740741*{ 43} + 0.222222*{104108} + 0.222222*{106108} + 0.222222*{104105} + 0.222222*{ 40 44} + 0.222222*{105107} + 0.0740741*{ 41} + 0.222222*{ 40 47} + 0.222222*{ 42 43} + 0.222222*{107108} + 0.222222*{108111} + 0.222222*{ 44 47} + 0.222222*{ 46 47} + 0.222222*{ 42 47} + 0.0740741*{ 47} + 0.222222*{ 45 46} + 0.222222*{ 43 45} + 0.222222*{109110} + 0.222222*{106109} + 0.222222*{105109} + 0.222222*{ 40 42} + 0.222222*{ 40 41} + 0.0740741*{ 40} + 0.222222*{104106} + 0.222222*{108109} + 0.222222*{ 43 46} + 0.222222*{ 40 45} + 0.222222*{ 44 46} + 0.222222*{108110} + 0.222222*{ 41 42} + 0.222222*{ 40 46} + 0.222222*{ 41 43} + 0.222222*{ 42 45} + 0.222222*{106107} + 0.222222*{109111} + 0.0740741*{ 45} + 0.222222*{ 43 44} + 0.222222*{105110} + 0.222222*{ 41 44} + 0.222222*{ 42 44} + 0.222222*{ 45 47} + 0.222222*{106110} = 0 

1*{153153} + -0.111111*{} + 1*{152152} = 0 

1*{ 49 57} + 1*{112120} + 1*{113121} + 1*{117125} + 1*{114122} + 1*{ 50 58} + 1*{ 54 62} + 1*{ 53 61} + 1*{ 52 60} + 1*{118126} + 1*{ 51 59} + 1*{ 55 63} + 0.111111*{} + -1*{152} + 1*{115123} + 1*{ 48 56} + 1*{116124} + 1*{119127} = 0 

1*{ 54126} + 1*{ 48120} + 1*{ 51123} + -1*{ 58114} + -1*{ 61117} + 1*{ 50122} + -1*{153} + -1*{ 56112} + -1*{ 59115} + -1*{ 63119} + -1*{ 60116} + 1*{ 55127} + -1*{ 57113} + 1*{ 49121} + 1*{ 52124} + 1*{ 53125} + -1*{ 62118} = 0 

1*{112112} + -0.111111*{} + 1*{ 48 48} = 0 

-0.111111*{} + 1*{113113} + 1*{ 49 49} = 0 

-0.111111*{} + 1*{114114} + 1*{ 50 50} = 0 

-0.111111*{} + 1*{115115} + 1*{ 51 51} = 0 

-0.111111*{} + 1*{116116} + 1*{ 52 52} = 0 

1*{117117} + -0.111111*{} + 1*{ 53 53} = 0 

-0.111111*{} + 1*{118118} + 1*{ 54 54} = 0 

-0.111111*{} + 1*{119119} + 1*{ 55 55} = 0 

0.222222*{118119} + 0.222222*{117118} + 0.222222*{112114} + 0.222222*{114116} + 0.222222*{ 51 52} + 0.222222*{115119} + 0.222222*{ 54 55} + 0.222222*{116118} + 0.222222*{115116} + 0.222222*{ 51 53} + 0.222222*{117119} + 0.222222*{113115} + 0.222222*{ 49 53} + 0.222222*{ 48 52} + 0.222222*{113119} + 0.222222*{ 48 51} + 0.222222*{ 48 55} + 0.222222*{ 49 54} + 0.0740741*{ 54} + 0.222222*{ 51 55} + 0.222222*{112116} + 0.222222*{ 52 54} + 0.222222*{112117} + 0.222222*{112113} + 0.222222*{ 48 54} + 0.222222*{113117} + 0.0740741*{ 51} + 0.222222*{ 48 49} + 0.222222*{ 48 53} + 0.222222*{112118} + 0.0740741*{ 55} + 0.222222*{115118} + 0.222222*{114118} + 0.0740741*{ 49} + 0.222222*{ 50 53} + 0.0740741*{ 50} + 0.222222*{115117} + 0.222222*{ 52 55} + 0.222222*{114119} + 0.0740741*{ 52} + 0.222222*{114117} + 0.222222*{ 53 54} + 0.222222*{ 49 50} + 0.222222*{ 53 55} + 0.222222*{ 48 50} + 0.222222*{112119} + 0.222222*{ 50 51} + 0.222222*{ 49 55} + 0.222222*{ 52 53} + 0.0740741*{ 53} + 0.222222*{113118} + 0.222222*{ 49 52} + 0.222222*{116119} + 0.222222*{ 49 51} + 0.222222*{ 50 52} + 0.222222*{113116} + 0.222222*{113114} + 0.222222*{ 51 54} + 0.222222*{114115} + 0.222222*{ 50 55} + 0.222222*{116117} + 0.222222*{112115} + 0.222222*{ 50 54} + 0.0740741*{ 48} = 0 

-0.111111*{} + 1*{120120} + 1*{ 56 56} = 0 

1*{121121} + -0.111111*{} + 1*{ 57 57} = 0 

-0.111111*{} + 1*{122122} + 1*{ 58 58} = 0 

-0.111111*{} + 1*{123123} + 1*{ 59 59} = 0 

-0.111111*{} + 1*{124124} + 1*{ 60 60} = 0 

1*{125125} + -0.111111*{} + 1*{ 61 61} = 0 

-0.111111*{} + 1*{126126} + 1*{ 62 62} = 0 

-0.111111*{} + 1*{127127} + 1*{ 63 63} = 0 

0.222222*{120123} + 0.222222*{ 56 63} + 0.222222*{ 57 61} + 0.222222*{122124} + 0.222222*{123124} + 0.222222*{ 59 60} + 0.222222*{125127} + 0.0740741*{ 61} + 0.222222*{122125} + 0.222222*{121122} + 0.222222*{123127} + 0.222222*{124127} + 0.222222*{ 57 63} + 0.222222*{ 60 61} + 0.222222*{ 58 60} + 0.222222*{120122} + 0.222222*{ 57 59} + 0.222222*{ 56 61} + 0.222222*{120124} + 0.222222*{121125} + 0.222222*{ 56 59} + 0.222222*{ 58 63} + 0.222222*{ 62 63} + 0.0740741*{ 59} + 0.0740741*{ 62} + 0.222222*{ 56 58} + 0.222222*{ 59 62} + 0.222222*{126127} + 0.222222*{ 61 62} + 0.222222*{ 61 63} + 0.222222*{121123} + 0.222222*{ 60 62} + 0.222222*{ 56 57} + 0.222222*{ 58 61} + 0.222222*{125126} + 0.222222*{121124} + 0.222222*{123126} + 0.222222*{ 57 62} + 0.222222*{ 56 62} + 0.222222*{122123} + 0.222222*{122126} + 0.222222*{122127} + 0.222222*{124126} + 0.222222*{120126} + 0.222222*{120127} + 0.222222*{ 57 58} + 0.0740741*{ 57} + 0.222222*{ 58 62} + 0.222222*{ 60 63} + 0.222222*{ 58 59} + 0.0740741*{ 56} + 0.222222*{ 59 63} + 0.0740741*{ 58} + 0.0740741*{ 63} + 0.222222*{123125} + 0.222222*{120125} + 0.222222*{121126} + 0.222222*{ 56 60} + 0.222222*{ 59 61} + 0.222222*{124125} + 0.222222*{ 57 60} + 0.222222*{121127} + 0.0740741*{ 60} + 0.222222*{120121} = 0 

512*{ 68} + 1024*{  4} + -2048*{ 77} + -2*{ 78} + -128*{ 75} + -1*{ 79} + -16384*{ 73} + -16*{ 15} + -64*{ 10} + -8*{  9} + -32*{ 74} + 16384*{ 65} + -8192*{ 13} + 8*{  1} + -1024*{ 12} + 64*{  2} + -256*{ 11} + 16*{  7} + 8192*{  5} + 1*{ 71} + 128*{ 67} + -4*{  8} + -4096*{ 72} + 2048*{ 69} + 2*{ 70} + 4*{  0} + 32768*{  6} + 4096*{ 64} + -512*{ 76} + 32*{ 66} + 256*{  3} + -32768*{ 14} > 0 

-32768*{ 22} + 2048*{ 77} + 32768*{ 14} + -16384*{ 81} + -4*{ 16} + -4096*{ 80} + -512*{ 84} + -128*{ 83} + -8192*{ 21} + 2*{ 78} + -2*{ 86} + 4096*{ 72} + -2048*{ 85} + 512*{ 76} + -16*{ 23} + -1*{ 87} + 1024*{ 12} + 8*{  9} + 16*{ 15} + -256*{ 19} + 32*{ 74} + 64*{ 10} + 128*{ 75} + -8*{ 17} + -32*{ 82} + -64*{ 18} + 256*{ 11} + 4*{  8} + -1024*{ 20} + 16384*{ 73} + 1*{ 79} + 8192*{ 13} > 0 

-4096*{ 88} + 512*{ 84} + 16384*{ 81} + 4096*{ 80} + -512*{ 92} + -32*{ 90} + 256*{ 19} + 1024*{ 20} + -256*{ 27} + 8*{ 17} + -2048*{ 93} + -64*{ 26} + -8*{ 25} + -16384*{ 89} + -128*{ 91} + 2048*{ 85} + -8192*{ 29} + 2*{ 86} + 1*{ 87} + 16*{ 23} + 8192*{ 21} + 128*{ 83} + -2*{ 94} + -16*{ 31} + 32768*{ 22} + 32*{ 82} + 64*{ 18} + -4*{ 24} + 4*{ 16} + -1024*{ 28} + -1*{ 95} + -32768*{ 30} > 0 

16*{ 31} + -32768*{ 38} + -4096*{ 96} + 8*{ 25} + 512*{ 92} + -256*{ 35} + 4096*{ 88} + 8192*{ 29} + 32*{ 90} + -128*{ 99} + 2*{ 94} + -32*{ 98} + -16384*{ 97} + -8*{ 33} + -4*{ 32} + 2048*{ 93} + -64*{ 34} + -16*{ 39} + -1024*{ 36} + 64*{ 26} + 128*{ 91} + -2*{102} + -512*{100} + -2048*{101} + 256*{ 27} + 32768*{ 30} + 1*{ 95} + 4*{ 24} + 1024*{ 28} + -8192*{ 37} + -1*{103} + 16384*{ 89} > 0 

8*{ 33} + -512*{108} + 32*{ 98} + 256*{ 35} + -4*{ 40} + 2*{102} + 16384*{ 97} + -2048*{109} + -8*{ 41} + -4096*{104} + 4096*{ 96} + 32768*{ 38} + 128*{ 99} + 4*{ 32} + -1*{111} + 512*{100} + 2048*{101} + -1024*{ 44} + -256*{ 43} + -16384*{105} + -64*{ 42} + -32768*{ 46} + 64*{ 34} + 16*{ 39} + 1024*{ 36} + -8192*{ 45} + -128*{107} + -32*{106} + -16*{ 47} + -2*{110} + 8192*{ 37} + 1*{103} > 0 

128*{ 67} + -512*{116} + -8*{ 49} + -16384*{113} + -1024*{ 52} + 2048*{ 69} + -2048*{117} + -16*{ 55} + 16*{  7} + 64*{  2} + -8192*{ 53} + -256*{ 51} + 2*{ 70} + 4*{  0} + 4096*{ 64} + 32768*{  6} + 1*{ 71} + 8192*{  5} + -4*{ 48} + 16384*{ 65} + -32*{114} + 1024*{  4} + -128*{115} + -2*{118} + 32*{ 66} + 8*{  1} + -64*{ 50} + -32768*{ 54} + 512*{ 68} + -1*{119} + 256*{  3} + -4096*{112} > 0 

-1024*{ 60} + 512*{116} + 8*{ 49} + -64*{ 58} + 8192*{ 53} + 256*{ 51} + -8*{ 57} + 2048*{117} + -1*{127} + 16384*{113} + -4*{ 56} + -4096*{120} + 32*{114} + 16*{ 55} + -512*{124} + 128*{115} + 2*{118} + -16*{ 63} + -2048*{125} + 1*{119} + -16384*{121} + 4096*{112} + -32*{122} + -256*{ 59} + 1024*{ 52} + 32768*{ 54} + -32768*{ 62} + -128*{123} + 4*{ 48} + -8192*{ 61} + -2*{126} + 64*{ 50} > 0 

32768*{ 48} + -512*{105} + 4*{112} + -4096*{ 33} + -2*{ 57} + 1024*{ 80} + -1024*{ 81} + 2048*{ 24} + 256*{ 16} + -32768*{ 49} + -64*{  9} + -8192*{ 41} + -256*{ 17} + -2048*{ 25} + 128*{ 96} + -8*{  1} + -128*{ 97} + -32*{ 65} + 32*{ 64} + -16*{ 89} + 8*{  0} + 1*{120} + 2*{ 56} + 64*{  8} + 8192*{ 40} + 16384*{ 72} + -4*{113} + -16384*{ 73} + 512*{104} + 4096*{ 32} + -1*{121} + 16*{ 88} > 0 

4096*{ 33} + 128*{ 97} + -4*{114} + 4*{113} + -128*{ 98} + -8*{  2} + 2*{ 57} + 1024*{ 81} + 32*{ 65} + -1*{122} + -16*{ 90} + -32*{ 66} + -8192*{ 42} + 512*{105} + 32768*{ 49} + -256*{ 18} + -1024*{ 82} + 64*{  9} + -16384*{ 74} + -64*{ 10} + 16384*{ 73} + 8192*{ 41} + 256*{ 17} + -512*{106} + -2048*{ 26} + -4096*{ 34} + 1*{121} + 2048*{ 25} + -2*{ 58} + 16*{ 89} + 8*{  1} + -32768*{ 50} > 0 

-64*{ 11} + 32768*{ 50} + 8*{  2} + 4*{114} + -4*{115} + 32*{ 66} + 16*{ 90} + -1*{123} + -256*{ 19} + 16384*{ 74} + 256*{ 18} + 1024*{ 82} + -16*{ 91} + 64*{ 10} + 8192*{ 42} + -4096*{ 35} + -8192*{ 43} + -16384*{ 75} + 2*{ 58} + -2*{ 59} + -512*{107} + 512*{106} + -32768*{ 51} + -8*{  3} + -32*{ 67} + -1024*{ 83} + 128*{ 98} + 4096*{ 34} + 2048*{ 26} + 1*{122} + -2048*{ 27} + -128*{ 99} > 0 

-4*{116} + 2048*{ 27} + 64*{ 11} + 16384*{ 75} + -16*{ 92} + -1024*{ 84} + 8192*{ 43} + -1*{124} + 16*{ 91} + 512*{107} + -16384*{ 76} + 4*{115} + -4096*{ 36} + -512*{108} + -8*{  4} + -64*{ 12} + -2*{ 60} + 256*{ 19} + -8192*{ 44} + 1*{123} + -128*{100} + -2048*{ 28} + 2*{ 59} + 1024*{ 83} + -32768*{ 52} + 32768*{ 51} + 8*{  3} + -256*{ 20} + 4096*{ 35} + -32*{ 68} + 32*{ 67} + 128*{ 99} > 0 

4096*{ 36} + -256*{ 21} + -64*{ 13} + -32768*{ 53} + 2*{ 60} + 16*{ 92} + -8192*{ 45} + 4*{116} + 64*{ 12} + -16384*{ 77} + -16*{ 93} + -8*{  5} + 256*{ 20} + -512*{109} + -2048*{ 29} + 1*{124} + -1024*{ 85} + 8*{  4} + 512*{108} + -2*{ 61} + -1*{125} + 16384*{ 76} + -4096*{ 37} + 2048*{ 28} + -4*{117} + -32*{ 69} + 32768*{ 52} + 32*{ 68} + 128*{100} + 8192*{ 44} + -128*{101} + 1024*{ 84} > 0 

-128*{102} + -512*{110} + -256*{ 22} + -32*{ 70} + 32768*{ 53} + -2*{ 62} + 16*{ 93} + 8*{  5} + 16384*{ 77} + 128*{101} + 32*{ 69} + 8192*{ 45} + -8192*{ 46} + -2048*{ 30} + 4*{117} + -1024*{ 86} + 2048*{ 29} + 512*{109} + -32768*{ 54} + 64*{ 13} + -1*{126} + 2*{ 61} + 1*{125} + -4*{118} + -8*{  6} + 4096*{ 37} + -16*{ 94} + 256*{ 21} + -16384*{ 78} + -4096*{ 38} + 1024*{ 85} + -64*{ 14} > 0 

1024*{ 86} + 16384*{ 78} + 256*{ 22} + -4096*{ 39} + 64*{ 14} + -64*{ 15} + -32*{ 71} + 32768*{ 54} + -8192*{ 47} + -512*{111} + 2048*{ 30} + -16*{ 95} + 4*{118} + -8*{  7} + -2048*{ 31} + 128*{102} + -256*{ 23} + -1024*{ 87} + -4*{119} + -2*{ 63} + -32768*{ 55} + 32*{ 70} + 1*{126} + 2*{ 62} + 8*{  6} + -128*{103} + 16*{ 94} + -1*{127} + 512*{110} + -16384*{ 79} + 8192*{ 46} + 4096*{ 38} > 0 

1*{ 87} > 0 

{9, 7, 1, 1, 1, 1, 1, 1, 1, 1, 1} vars: 154, vectors: 18
1 4.309807e+00 4.309807e+00 -2.536967e-01 2.793290e-15
2 2.007832e+00 2.007832e+00 -7.197349e-01 1.699308e-14
3 4.116527e+04 2.007832e+00 -5.547239e-01 2.554905e-11
4 1.847250e+04 2.007832e+00 -4.287250e-01 4.260873e-12
5 6.681815e+03 2.007832e+00 -3.303195e-01 3.000610e-12
6 2.446321e+03 2.007832e+00 -2.543456e-01 8.005198e-13
7 8.800268e+02 2.007832e+00 -1.954216e-01 3.355080e-13
8 3.161279e+02 2.007832e+00 -1.500017e-01 1.174985e-13
9 1.136843e+02 2.007832e+00 -1.141289e-01 4.525822e-14
10 4.067341e+01 2.007832e+00 -8.676440e-02 1.386054e-14
11 1.586300e+01 2.007832e+00 -6.522292e-02 8.316994e-15
12 5.986726e+00 2.007832e+00 -4.792205e-02 2.617971e-15
13 2.154643e+00 2.007832e+00 -3.590333e-02 7.685441e-16
14 8.041468e-01 8.041468e-01 -2.740145e-02 2.583340e-16
15 2.945172e-01 2.945172e-01 -1.462644e-02 4.017707e-16
16 1.003607e+04 2.945172e-01 -1.117815e-02 4.418944e-14
17 1.473173e+04 2.945172e-01 -8.636267e-03 1.821612e-12
18 5.322813e+03 2.945172e-01 -6.671583e-03 3.308293e-14
19 1.920607e+03 2.945172e-01 -5.152689e-03 1.477919e-14
20 6.921091e+02 2.945172e-01 -3.978506e-03 4.658837e-15
21 2.503870e+02 2.945172e-01 -3.065020e-03 5.230922e-15
22 9.574041e+01 2.945172e-01 -2.339133e-03 2.842887e-14
23 3.374906e+02 2.945172e-01 -1.768613e-03 1.765893e-15
24 1.303356e+02 2.945172e-01 -1.344019e-03 2.842793e-14
25 4.824385e+01 2.945172e-01 -1.009009e-03 5.996208e-16
26 2.061459e+01 2.945172e-01 -7.535053e-04 3.837817e-17
27 8.338655e+00 2.945172e-01 -5.618047e-04 2.371556e-17
28 3.073172e+00 2.945172e-01 1.345161e-04 1.110430e-14
29 7.104119e+07 2.945172e-01 1.042203e-04 4.104295e-13
30 3.341431e+07 2.945172e-01 8.076005e-05 3.725290e-09
31 1.206240e+07 2.945172e-01 6.258174e-05 1.862645e-09
32 4.351750e+06 2.945172e-01 4.849237e-05 3.177410e-14
33 1.570190e+06 2.945172e-01 3.757718e-05 2.328306e-10
34 5.665952e+05 2.945172e-01 2.911630e-05 1.164153e-10
35 2.043776e+05 2.945172e-01 2.255914e-05 2.910383e-11
36 7.371891e+04 2.945172e-01 1.747718e-05 6.750117e-16
37 2.658956e+04 2.945172e-01 1.353404e-05 3.637979e-12
38 9.598428e+03 2.945172e-01 1.045458e-05 7.555869e-17
39 8.568656e+03 2.945172e-01 8.246782e-06 3.637979e-12
40 1.678888e+07 2.945172e-01 6.387699e-06 3.725290e-09
41 6.098083e+06 2.945172e-01 4.949545e-06 9.313226e-10
42 2.199640e+06 2.945172e-01 3.834199e-06 4.656613e-10
43 7.957058e+05 2.945172e-01 2.970391e-06 1.164153e-10
44 2.870047e+05 2.945172e-01 2.300639e-06 5.820766e-11
45 1.036635e+05 2.945172e-01 1.781742e-06 4.365575e-11
46 3.738240e+04 2.945172e-01 1.379552e-06 7.275958e-12
47 1.347979e+04 2.945172e-01 1.066385e-06 3.603619e-18
48 4.859620e+03 2.945172e-01 8.244974e-07 9.094947e-13
49 1.750834e+03 2.945172e-01 6.369843e-07 4.547474e-13
50 6.309153e+02 2.945172e-01 4.914867e-07 1.136868e-13
51 2.283521e+02 2.945172e-01 3.769357e-07 8.743164e-20
52 9.655264e+01 2.945172e-01 3.814302e-07 1.421085e-14
53 1.475809e+06 2.945172e-01 2.923436e-07 2.328306e-10
54 1.004129e+07 2.945172e-01 2.265557e-07 3.725290e-09
55 3.622357e+06 2.945172e-01 1.755977e-07 9.313226e-10
56 1.308526e+06 2.945172e-01 1.360643e-07 6.984919e-10
57 4.727940e+05 2.945172e-01 1.054344e-07 5.820766e-11
58 1.705477e+05 2.945172e-01 8.169724e-08 2.910383e-11
59 6.154956e+04 2.945172e-01 6.329466e-08 4.174426e-18
60 2.245134e+04 2.945172e-01 4.904865e-08 3.637979e-12
61 8.136016e+03 2.945172e-01 3.793314e-08 7.180416e-19
62 3.003880e+03 2.945172e-01 2.936491e-08 9.094947e-13
63 1.083624e+03 2.945172e-01 2.262969e-08 2.273737e-13
64 3.307017e+03 2.945172e-01 1.722561e-08 1.062862e-19
65 1.361075e+03 2.945172e-01 1.338113e-08 4.547474e-13
66 2.950663e+04 2.945172e-01 1.019325e-08 1.195807e-19
67 1.187597e+05 2.945172e-01 7.893159e-09 2.910383e-11
68 4.284288e+04 2.945172e-01 6.111753e-09 3.075162e-19
69 1.545080e+04 2.945172e-01 4.731633e-09 1.818989e-12
70 5.571914e+03 2.945172e-01 3.664673e-09 4.836772e-20
71 2.177960e+03 2.945172e-01 2.825659e-09 4.547474e-13
72 1.238018e+03 2.945172e-01 2.183186e-09 2.273737e-13
73 4.459149e+02 2.945172e-01 1.675893e-09 5.046997e-21
74 2.484468e+02 2.945172e-01 1.286852e-09 2.842171e-14
75 9.005354e+01 2.945172e-01 9.801680e-10 1.421085e-14
76 3.232186e+01 2.945172e-01 7.425904e-10 7.105427e-15
77 1.158833e+01 2.945172e-01 5.593057e-10 6.609022e-23
78 4.158518e+00 2.945172e-01 4.161709e-10 2.014861e-23
79 1.489790e+00 2.945172e-01 2.155378e-10 2.220446e-16
80 2.021119e+03 2.945172e-01 1.663633e-10 2.273737e-13
81 9.944638e+02 2.945172e-01 1.273239e-10 1.136868e-13
82 6.475977e+02 2.945172e-01 9.752902e-11 3.970561e-23
83 2.330858e+02 2.945172e-01 7.452825e-11 5.684342e-14
84 8.349122e+01 2.945172e-01 5.674005e-11 4.409470e-24
85 2.987992e+01 2.945172e-01 4.332903e-11 7.105427e-15
86 1.130207e+01 2.945172e-01 3.238330e-11 1.776357e-15
87 4.531852e+00 2.945172e-01 2.396702e-11 3.793702e-25
88 3.987248e+01 2.945172e-01 1.844709e-11 7.105427e-15
89 1.773023e+01 2.945172e-01 1.373914e-11 9.314990e-25
90 7.480339e+00 2.945172e-01 1.029102e-11 8.881784e-16
91 1.037063e+01 2.945172e-01 7.812859e-12 3.552714e-15
92 1.352323e+01 2.945172e-01 5.809570e-12 2.374384e-25
93 5.320758e+00 2.945172e-01 4.219345e-12 1.776357e-15
94 1.697360e+01 2.945172e-01 2.781828e-12 1.421085e-14
95 1.873997e+04 2.945172e-01 2.094432e-12 3.637979e-12
96 1.657773e+04 2.945172e-01 1.606103e-12 3.637979e-12
97 6.971529e+04 2.945172e-01 1.240930e-12 1.455192e-11
98 2.510696e+04 2.945172e-01 9.563211e-13 3.637979e-12
99 9.066900e+03 2.945172e-01 7.385583e-13 1.818989e-12
100 3.273804e+03 2.945172e-01 5.700160e-13 4.547474e-13
101 1.178578e+03 2.945172e-01 4.397674e-13 2.720096e-24
102 4.312941e+02 2.945172e-01 3.548835e-13 5.684342e-14
103 4.281417e+04 2.945172e-01 2.733062e-13 7.660030e-24
104 1.567151e+04 2.945172e-01 2.109449e-13 3.637979e-12
105 5.698462e+03 2.945172e-01 1.632850e-13 9.094947e-13
106 2.055154e+03 2.945172e-01 1.259359e-13 4.547474e-13
107 2.089378e+03 2.945172e-01 9.739541e-14 3.256199e-25
108 7.532598e+02 2.945172e-01 7.568622e-14 2.273737e-13
109 2.702797e+02 2.945172e-01 5.948708e-14 5.684342e-14
110 9.670890e+01 2.945172e-01 4.778566e-14 1.421085e-14
111 3.448538e+01 2.945172e-01 4.026139e-14 2.074238e-26
112 1.750613e+01 2.945172e-01 3.649665e-14 9.465921e-28
113 6.250495e+00 2.945172e-01 3.785423e-14 8.881784e-16
114 2.245675e+00 2.945172e-01 4.660756e-14 5.903880e-28
115 8.132014e-01 2.945172e-01 6.837724e-14 1.363525e-27
116 3.023304e-01 2.945172e-01 1.256259e-13 5.805836e-28
117 1.255802e-01 1.255802e-01 3.780966e-13 2.775558e-17
118 6.589447e-02 6.589447e-02 8.429044e-13 1.387779e-17
119 1.203218e-01 6.589447e-02 6.777154e-13 1.387779e-17
120 4.287992e-02 4.287992e-02 6.913184e-13 6.938894e-18
121 1.694616e-02 1.694616e-02 1.134024e-12 1.442338e-27
122 7.827513e-03 7.827513e-03 2.896974e-12 1.734723e-18
123 4.261587e-03 4.261587e-03 3.785164e-12 2.602085e-18
124 2.056566e-03 2.056566e-03 6.246303e-12 5.505667e-27
125 9.720423e-04 9.720423e-04 7.693482e-12 4.304570e-27
126 4.274812e-04 4.274812e-04 1.096279e-11 5.421011e-20
127 1.808167e-04 1.808167e-04 1.679580e-11 5.421011e-20
128 8.149735e-05 8.149735e-05 2.454996e-11 3.359805e-27
129 3.552049e-05 3.552049e-05 2.953030e-11 6.776264e-21
130 1.408578e-05 1.408578e-05 3.546431e-11 3.388132e-21
131 4.877687e-06 4.877687e-06 3.966801e-11 8.470329e-22
132 1.623520e-06 1.623520e-06 4.259067e-11 2.117582e-22
133 5.126983e-07 5.126983e-07 4.425963e-11 3.176374e-22
134 1.587948e-07 1.587948e-07 4.528430e-11 2.646978e-23
135 4.857926e-08 4.857926e-08 4.594682e-11 1.280303e-27
136 1.477130e-08 1.477130e-08 4.637941e-11 3.308723e-24
137 4.478957e-09 4.478957e-09 4.665806e-11 8.271813e-25
138 1.356422e-09 1.356422e-09 4.683432e-11 2.067958e-25
139 4.105514e-10 4.105514e-10 4.694438e-11 4.427832e-27
140 1.242282e-10 1.242282e-10 4.701298e-11 5.170091e-26
141 3.758082e-11 3.758082e-11 4.705286e-11 1.940958e-28
142 1.137430e-11 1.137430e-11 4.709624e-11 3.246487e-29
143 3.441541e-12 3.441541e-12 4.716129e-11 4.146371e-28
144 1.041923e-12 1.041923e-12 4.732946e-11 2.039721e-28
145 3.130120e-13 3.130120e-13 4.744270e-11 5.098866e-29
x:  2.892580e-01 -2.330263e-01 -2.167187e-02  1.923270e-01 -3.385751e-02  3.023239e-01 -8.512744e-02  2.541833e-01 -8.659312e-02 -2.856661e-01  2.674591e-01 -2.262438e-01 -3.316044e-01 -2.322021e-01 -1.698464e-01  1.035876e-01  4.734580e-02  3.297247e-01 -3.324131e-01  1.261414e-02  3.017685e-01  1.587172e-01 -3.329016e-01  2.767242e-01  2.748330e-01  2.060719e-01 -1.402529e-01  1.185619e-01  5.604581e-02 -3.285851e-01  8.430409e-02 -3.213221e-01  8.486688e-02  2.481635e-01  3.189303e-01  2.057644e-01 -2.517451e-01 -1.757992e-02  3.128008e-01 -2.548200e-01 -3.252776e-01  3.116860e-01  2.914264e-02  2.384700e-01 -2.999108e-01  2.648178e-01  6.649281e-03  2.578308e-01  2.701014e-01 -2.910795e-01 -1.615338e-01 -3.318889e-01  1.087145e-01 -2.836198e-01 -3.266249e-01 -2.065235e-01 -1.291973e-01 -2.030905e-01 -2.916403e-01 -2.092536e-01 -1.003673e-01 -2.709864e-01  1.995105e-02 -1.474461e-01  1.656531e-01 -2.383481e-01 -3.326281e-01  2.722525e-01 -3.316093e-01 -1.403972e-01  3.222800e-01  2.156432e-01 -3.218894e-01 -1.717733e-01 -1.989390e-01  2.447955e-01  3.390554e-02  2.391513e-01 -2.868158e-01 -3.168292e-01 -3.299539e-01  4.891546e-02  2.475257e-02 -3.330946e-01 -1.415870e-01  2.931210e-01  1.695921e-02 -1.858355e-01 -1.886212e-01 -2.620029e-01  3.023909e-01  3.115352e-01  3.285879e-01  5.606180e-02  3.224964e-01  8.867477e-02  3.223488e-01  2.225444e-01 -9.692556e-02 -2.622444e-01 -2.184846e-01  3.328695e-01  1.151816e-01 -2.148904e-01  7.283943e-02  1.181651e-01  3.320570e-01  2.329017e-01  1.454805e-01 -2.024418e-01 -3.332669e-01  2.112686e-01  1.953365e-01 -1.624311e-01 -2.915783e-01  3.099760e-02  3.151068e-01  1.751312e-01 -6.653802e-02  2.616470e-01  3.072770e-01 -2.643206e-01 -1.614220e-01  2.594688e-01 -3.178641e-01  1.941069e-01  3.327358e-01 -2.989495e-01  1.650207e-01  2.896192e-01  3.285948e-01  5.600472e-02  2.860199e-01 -1.711833e-01  3.042485e-01 -1.361762e-01 -1.616424e-02  3.329412e-01 -3.004512e-02 -3.319764e-01  2.890784e-01  1.659662e-01  2.128701e-01  2.565100e-01 -1.574237e-01 -2.938178e-01  2.119769e-01  2.572486e-01 -3.211834e-01 -8.917563e-02 -3.097176e-01  1.232317e-01  3.333098e-01 -3.964107e-03  4.744270e-11
grad:  2.097233e-20  1.492833e-19  9.956686e-20 -1.509897e-19 -2.033988e-19  1.108668e-19 -1.411461e-19  8.668984e-20 -7.178684e-20 -1.900492e-19 -3.235057e-20 -2.051997e-19  4.738085e-20  4.422184e-20 -1.826160e-19 -1.616183e-19  1.940357e-19 -1.209859e-20  4.319624e-21  1.724305e-19  1.206601e-20 -1.855604e-19  6.963913e-21  3.422722e-20 -1.352797e-20 -1.167698e-19  3.582850e-19  8.663997e-20  9.892581e-20 -2.587893e-20 -6.710009e-20  1.767163e-20  2.662003e-19 -7.613770e-20  2.068184e-21 -1.405495e-19 -2.764492e-19  1.811438e-19 -2.421033e-21 -2.260446e-20 -9.276142e-20 -7.017292e-20  2.650853e-19 -3.869371e-20 -3.224751e-20  5.023807e-20  4.133967e-20 -1.032073e-19 -1.609831e-19  1.324145e-19 -3.062205e-19  8.238070e-21  2.901439e-19 -1.793932e-19  6.179846e-20 -8.850500e-20 -9.448098e-20  2.661783e-19  2.800308e-20 -7.779224e-20 -2.804254e-19 -8.834483e-20 -2.980209e-20  2.271939e-19 -2.073802e-20 -1.412830e-19 -1.137994e-20  1.145390e-19  2.625524e-20  2.319265e-19 -4.902373e-20 -8.432220e-20  1.384333e-20  2.951595e-19 -4.559164e-20 -1.916454e-19  4.063394e-19  5.289856e-20  1.151644e-19 -5.179934e-20  8.051803e-21  1.231655e-19  1.539487e-19  5.700336e-21  2.532627e-20  9.306626e-20 -1.129197e-19  5.071432e-20 -3.152293e-20 -9.988583e-20  1.803303e-19 -3.693568e-20 -1.694278e-20 -1.314600e-19  1.131332e-20  2.823945e-20 -5.742122e-20  8.482581e-20 -8.845493e-21 -1.145539e-19  3.234773e-19  1.337788e-20  5.756680e-21  1.986925e-20 -4.162557e-19  2.055109e-19 -6.328429e-21  5.046141e-20 -8.045392e-20  3.664138e-20  1.589395e-20  1.311223e-19  2.244915e-19 -2.387435e-19  1.684841e-19  1.183163e-19 -9.446553e-20 -2.893198e-19 -3.316250e-19 -6.332519e-20 -3.845084e-20 -2.116439e-19 -4.679603e-20 -5.315450e-20  7.134633e-20 -1.209929e-19  2.289056e-20 -1.317702e-19 -1.089277e-19  5.693148e-20  8.244292e-21 -1.122290e-19  1.033774e-19  1.723109e-19  8.078407e-20  1.935033e-19 -1.050715e-20 -1.720788e-21 -6.531672e-20  2.214317e-20 -8.818109e-22 -1.944340e-21 -1.481355e-19  1.064356e-19 -7.959297e-20  4.668610e-20 -1.885648e-19  1.377888e-19  6.736249e-21  1.589245e-22 -5.266919e-20 -1.794678e-19  9.159680e-21  1.018225e-19  3.130120e-13
finished in 145 iterations (0.494 seconds total)
max viol = 7.45225e-08
