---------------------
Basis Indices:
---------------------

{-, -, -, -, -, -, -, -, -}, {-, -, -, -, -, -, -, -, -}, {-, -, -, -, -, -, -, -, -}, {-, -, -, -, -, -, -, -, -}, {-, -, -, -, -, -, -, -, -}, {-, -, -, -, -, -, -, -, -}, {-, -, -, -, -, -, -, -, -}, {-, -, -, -, -, -, -, -, -}, {-, -, -, -, -, -, -, -, -}


{-, -, -, -, -, -, -, -, -}, {-, 91+i496, 92+i497, 93+i498, 94+i499, 95+i500, 96+i501, 97+i502, 98+i503}, {-, 100+i505, 101+i506, 102+i507, 103+i508, 104+i509, 105+i510, 106+i511, 107+i512}, {-, 109+i514, 110+i515, 111+i516, 112+i517, 113+i518, 114+i519, 115+i520, 116+i521}, {-, 118+i523, 119+i524, 120+i525, 121+i526, 122+i527, 123+i528, 124+i529, 125+i530}, {-, 127+i532, 128+i533, 129+i534, 130+i535, 131+i536, 132+i537, 133+i538, 134+i539}, {-, 136+i541, 137+i542, 138+i543, 139+i544, 140+i545, 141+i546, 142+i547, 143+i548}, {}, {}


{-, 163+i568, 164+i569, 165+i570, 166+i571, 167+i572, 168+i573, 169+i574, 170+i575}, {}, {}, {}, {}, {}, {}, {}, {}


{-, 244+i649, 245+i650, 246+i651, 247+i652, 248+i653, 249+i654, 250+i655, 251+i656}, {}, {}, {}, {}, {}, {}, {}, {}


{-, 325+i730, 326+i731, 327+i732, 328+i733, 329+i734, 330+i735, 331+i736, 332+i737}, {}, {}, {}, {}, {}, {}, {}, {}

---------------------
Index Mapping: 
---------------------

{851: 185, 850: 184, 849: 183, 848: 182, 847: 181, 838: 172, 837: 171, 836: 170, 835: 169, 834: 168, 833: 167, 824: 158, 823: 157, 822: 156, 821: 155, 820: 154, 819: 153, 818: 152, 817: 151, 816: 150, 815: 149, 814: 148, 813: 147, 812: 146, 811: 145, 810: 144, 737: 143, 736: 142, 735: 141, 734: 140, 733: 139, 732: 138, 731: 137, 730: 136, 649: 128, 832: 166, 575: 127, 498: 74, 167: 52, 548: 119, 143: 47, 524: 97, 656: 135, 142: 46, 523: 96, 655: 134, 141: 45, 654: 133, 140: 44, 521: 95, 653: 132, 139: 43, 520: 94, 652: 131, 138: 42, 519: 93, 651: 130, 137: 41, 518: 92, 650: 129, 136: 40, 517: 91, 134: 39, 515: 89, 133: 38, 514: 88, 132: 37, 131: 36, 512: 87, 130: 35, 511: 86, 129: 34, 510: 85, 119: 25, 500: 76, 128: 33, 509: 84, 118: 24, 499: 75, 127: 32, 125: 31, 124: 30, 508: 83, 251: 63, 123: 29, 103: 11, 102: 10, 101: 9, 100: 8, 98: 7, 97: 6, 96: 5, 95: 4, 94: 3, 93: 2, 122: 28, 506: 81, 249: 61, 246: 58, 503: 79, 92: 1, 121: 27, 505: 80, 248: 60, 245: 57, 502: 78, 163: 48, 544: 115, 104: 12, 91: 0, 120: 26, 247: 59, 244: 56, 501: 77, 164: 49, 545: 116, 105: 13, 165: 50, 546: 117, 106: 14, 166: 51, 547: 118, 107: 15, 168: 53, 109: 16, 169: 54, 110: 17, 170: 55, 111: 18, 112: 19, 113: 20, 114: 21, 115: 22, 496: 72, 116: 23, 497: 73, 839: 173, 325: 64, 840: 174, 326: 65, 841: 175, 327: 66, 842: 176, 328: 67, 843: 177, 329: 68, 844: 178, 330: 69, 845: 179, 331: 70, 846: 180, 332: 71, 250: 62, 507: 82, 516: 90, 525: 98, 526: 99, 527: 100, 528: 101, 529: 102, 530: 103, 532: 104, 533: 105, 534: 106, 535: 107, 536: 108, 537: 109, 538: 110, 539: 111, 541: 112, 542: 113, 543: 114, 825: 159, 568: 120, 826: 160, 569: 121, 827: 161, 570: 122, 828: 162, 571: 123, 829: 163, 572: 124, 830: 164, 573: 125, 831: 165, 574: 126}

---------------------
Final Problem: 
---------------------
Find a point satisfying:

1*{ 76 84} + 1*{ 77 85} + 1*{  6 14} + 1*{ 75 83} + 0.111111*{} + 1*{  7 15} + 1*{  0  8} + 1*{  2 10} + 1*{ 78 86} + 1*{  1  9} + 1*{ 79 87} + 1*{  4 12} + 1*{  3 11} + 1*{ 73 81} + 1*{  5 13} + 1*{ 74 82} + 1*{ 72 80} = 0 

1*{  2 82} + 1*{  7 87} + -1*{ 11 75} + 1*{  3 83} + 1*{  4 84} + -1*{ 13 77} + 1*{  6 86} + -1*{ 15 79} + -1*{ 10 74} + -1*{  9 73} + -1*{ 12 76} + -1*{ 14 78} + 1*{  0 80} + 1*{  5 85} + 1*{  1 81} + -1*{  8 72} = 0 

1*{  2 18} + 1*{ 72 88} + 1*{  3 19} + 1*{  4 20} + 1*{  6 22} + 1*{ 79 95} + 1*{ 73 89} + 1*{  7 23} + 1*{ 74 90} + 1*{ 77 93} + 0.111111*{} + 1*{ 76 92} + 1*{  5 21} + 1*{ 78 94} + 1*{ 75 91} + 1*{  0 16} + 1*{  1 17} = 0 

-1*{ 16 72} + -1*{ 19 75} + 1*{  0 88} + -1*{ 20 76} + -1*{ 22 78} + -1*{ 18 74} + -1*{ 21 77} + 1*{  1 89} + -1*{ 23 79} + 1*{  3 91} + 1*{  4 92} + -1*{ 17 73} + 1*{  6 94} + 1*{  2 90} + 1*{  7 95} + 1*{  5 93} = 0 

1*{ 72 96} + 1*{  0 24} + 1*{ 75 99} + 1*{  4 28} + 1*{  2 26} + 1*{ 76100} + 0.111111*{} + 1*{  5 29} + 1*{ 78102} + 1*{ 77101} + 1*{ 74 98} + 1*{  7 31} + 1*{  6 30} + 1*{ 79103} + 1*{  3 27} + 1*{ 73 97} + 1*{  1 25} = 0 

1*{  5101} + -1*{ 25 73} + -1*{ 30 78} + -1*{ 29 77} + 1*{  2 98} + 1*{  4100} + 1*{  1 97} + -1*{ 28 76} + 1*{  7103} + -1*{ 27 75} + 1*{  3 99} + 1*{  0 96} + -1*{ 24 72} + 1*{  6102} + -1*{ 31 79} + -1*{ 26 74} = 0 

1*{ 74106} + 1*{ 76108} + 1*{ 77109} + 1*{  5 37} + 1*{  6 38} + 1*{  7 39} + 1*{  4 36} + 1*{ 72104} + 1*{ 78110} + 1*{ 73105} + 0.111111*{} + 1*{  3 35} + 1*{ 75107} + 1*{  2 34} + 1*{  1 33} + 1*{  0 32} + 1*{ 79111} = 0 

-1*{ 34 74} + -1*{ 35 75} + 1*{  5109} + -1*{ 38 78} + 1*{  4108} + 1*{  6110} + 1*{  0104} + -1*{ 39 79} + -1*{ 32 72} + 1*{  2106} + -1*{ 37 77} + -1*{ 33 73} + 1*{  3107} + -1*{ 36 76} + 1*{  1105} + 1*{  7111} = 0 

1*{ 72112} + 1*{  0 40} + 1*{ 75115} + 1*{  6 46} + 1*{  4 44} + 1*{  3 43} + 1*{  5 45} + 1*{ 78118} + 1*{ 76116} + 1*{ 77117} + 1*{  7 47} + 1*{  2 42} + 1*{  1 41} + 1*{ 74114} + 1*{ 73113} + 0.111111*{} + 1*{ 79119} = 0 

1*{  0112} + 1*{  3115} + -1*{ 40 72} + 1*{  6118} + 1*{  2114} + 1*{  5117} + 1*{  4116} + -1*{ 41 73} + -1*{ 42 74} + 1*{  7119} + -1*{ 47 79} + -1*{ 45 77} + 1*{  1113} + -1*{ 44 76} + -1*{ 43 75} + -1*{ 46 78} = 0 

-0.111111*{} + 1*{145145} + 1*{144144} = 0 

1*{ 76124} + 1*{  0 48} + 1*{ 75123} + 1*{  1 49} + 1*{  7 55} + 1*{ 72120} + 1*{ 74122} + 1*{  3 51} + -1*{144} + 1*{ 78126} + 1*{ 79127} + 1*{  5 53} + 1*{  4 52} + 1*{ 77125} + 0.111111*{} + 1*{ 73121} + 1*{  6 54} + 1*{  2 50} = 0 

-1*{ 53 77} + -1*{ 54 78} + 1*{  1121} + -1*{ 51 75} + 1*{  6126} + 1*{  5125} + 1*{  3123} + -1*{ 50 74} + 1*{  7127} + -1*{ 52 76} + 1*{  0120} + -1*{ 55 79} + -1*{145} + 1*{  4124} + -1*{ 48 72} + 1*{  2122} + -1*{ 49 73} = 0 

-0.111111*{} + 1*{147147} + 1*{146146} = 0 

1*{  3 59} + -1*{146} + 1*{  7 63} + 1*{  2 58} + 1*{  1 57} + 1*{ 74130} + 1*{  6 62} + 1*{ 73129} + 1*{ 77133} + 1*{  4 60} + 1*{ 79135} + 1*{ 72128} + 1*{ 76132} + 1*{ 78134} + 1*{  5 61} + 1*{  0 56} + 0.111111*{} + 1*{ 75131} = 0 

1*{  3131} + 1*{  7135} + 1*{  5133} + -1*{ 61 77} + 1*{  0128} + -1*{147} + 1*{  2130} + -1*{ 62 78} + 1*{  6134} + -1*{ 63 79} + 1*{  1129} + -1*{ 57 73} + -1*{ 59 75} + -1*{ 56 72} + 1*{  4132} + -1*{ 58 74} + -1*{ 60 76} = 0 

-0.111111*{} + 1*{149149} + 1*{148148} = 0 

0.111111*{} + 1*{  0 64} + 1*{  2 66} + 1*{  4 68} + 1*{ 79143} + 1*{ 75139} + 1*{ 76140} + 1*{  5 69} + 1*{  7 71} + -1*{148} + 1*{ 72136} + 1*{  3 67} + 1*{ 74138} + 1*{ 77141} + 1*{  6 70} + 1*{  1 65} + 1*{ 78142} + 1*{ 73137} = 0 

-1*{ 64 72} + 1*{  3139} + 1*{  6142} + 1*{  4140} + -1*{ 69 77} + 1*{  7143} + -1*{ 67 75} + 1*{  5141} + 1*{  2138} + -1*{ 68 76} + -1*{ 70 78} + -1*{149} + 1*{  1137} + -1*{ 71 79} + -1*{ 66 74} + 1*{  0136} + -1*{ 65 73} = 0 

-0.111111*{} + 1*{ 72 72} + 1*{  0  0} = 0 

1*{  1  1} + -0.111111*{} + 1*{ 73 73} = 0 

-0.111111*{} + 1*{ 74 74} + 1*{  2  2} = 0 

-0.111111*{} + 1*{ 75 75} + 1*{  3  3} = 0 

-0.111111*{} + 1*{ 76 76} + 1*{  4  4} = 0 

-0.111111*{} + 1*{ 77 77} + 1*{  5  5} = 0 

-0.111111*{} + 1*{ 78 78} + 1*{  6  6} = 0 

-0.111111*{} + 1*{  7  7} + 1*{ 79 79} = 0 

0.222222*{ 73 78} + 0.0740741*{  4} + 0.222222*{  4  6} + 0.222222*{ 75 78} + 0.222222*{ 72 79} + 0.222222*{ 73 74} + 0.0740741*{  5} + 0.222222*{  0  5} + 0.222222*{  1  7} + 0.222222*{ 72 74} + 0.222222*{  2  3} + 0.222222*{ 78 79} + 0.222222*{  6  7} + 0.222222*{  4  5} + 0.222222*{ 74 78} + 0.222222*{  1  3} + 0.222222*{ 72 76} + 0.222222*{  1  5} + 0.222222*{  1  6} + 0.222222*{ 74 77} + 0.222222*{ 72 78} + 0.222222*{ 73 75} + 0.222222*{ 77 79} + 0.222222*{  3  6} + 0.222222*{  1  2} + 0.222222*{ 76 79} + 0.222222*{ 75 79} + 0.0740741*{  1} + 0.222222*{ 76 78} + 0.222222*{ 74 76} + 0.222222*{  0  1} + 0.222222*{ 74 75} + 0.222222*{ 77 78} + 0.222222*{ 72 77} + 0.222222*{ 75 77} + 0.222222*{ 74 79} + 0.222222*{  0  3} + 0.0740741*{  0} + 0.222222*{  2  6} + 0.222222*{  2  4} + 0.222222*{  5  7} + 0.222222*{ 76 77} + 0.222222*{  0  7} + 0.0740741*{  7} + 0.222222*{ 73 79} + 0.0740741*{  3} + 0.222222*{  3  7} + 0.222222*{  2  7} + 0.222222*{  3  5} + 0.222222*{  3  4} + 0.222222*{  1  4} + 0.222222*{ 75 76} + 0.222222*{  4  7} + 0.222222*{  0  2} + 0.222222*{  0  6} + 0.222222*{  0  4} + 0.222222*{ 72 75} + 0.222222*{ 73 76} + 0.222222*{  5  6} + 0.222222*{  2  5} + 0.222222*{ 72 73} + 0.0740741*{  2} + 0.0740741*{  6} + 0.222222*{ 73 77} = 0 

1*{ 80 88} + 1*{ 81 89} + 1*{  9 17} + 1*{ 15 23} + 1*{ 11 19} + 1*{ 87 95} + 1*{ 86 94} + 0.111111*{} + 1*{ 82 90} + 1*{ 12 20} + 1*{ 85 93} + 1*{ 14 22} + 1*{ 84 92} + 1*{  8 16} + 1*{ 13 21} + 1*{ 83 91} + 1*{ 10 18} = 0 

1*{  9 89} + -1*{ 20 84} + -1*{ 21 85} + 1*{ 15 95} + 1*{ 12 92} + 1*{  8 88} + -1*{ 17 81} + -1*{ 22 86} + 1*{ 13 93} + 1*{ 14 94} + -1*{ 23 87} + -1*{ 19 83} + 1*{ 10 90} + -1*{ 16 80} + 1*{ 11 91} + -1*{ 18 82} = 0 

0.111111*{} + 1*{ 11 27} + 1*{ 13 29} + 1*{ 12 28} + 1*{ 10 26} + 1*{ 83 99} + 1*{  8 24} + 1*{ 80 96} + 1*{ 87103} + 1*{ 15 31} + 1*{ 14 30} + 1*{ 84100} + 1*{  9 25} + 1*{ 85101} + 1*{ 81 97} + 1*{ 82 98} + 1*{ 86102} = 0 

-1*{ 24 80} + 1*{ 13101} + -1*{ 27 83} + 1*{ 15103} + 1*{  8 96} + -1*{ 30 86} + 1*{ 12100} + -1*{ 28 84} + 1*{ 10 98} + 1*{  9 97} + 1*{ 14102} + -1*{ 25 81} + -1*{ 26 82} + -1*{ 29 85} + -1*{ 31 87} + 1*{ 11 99} = 0 

1*{  9 33} + 1*{ 82106} + 1*{ 15 39} + 1*{ 11 35} + 1*{ 86110} + 1*{  8 32} + 1*{ 85109} + 1*{ 80104} + 1*{ 87111} + 1*{ 12 36} + 1*{ 14 38} + 1*{ 84108} + 1*{ 83107} + 1*{ 10 34} + 1*{ 13 37} + 0.111111*{} + 1*{ 81105} = 0 

-1*{ 33 81} + 1*{ 10106} + -1*{ 34 82} + 1*{ 13109} + 1*{ 15111} + 1*{ 12108} + 1*{ 14110} + 1*{  9105} + 1*{  8104} + -1*{ 37 85} + -1*{ 39 87} + -1*{ 35 83} + -1*{ 32 80} + -1*{ 38 86} + -1*{ 36 84} + 1*{ 11107} = 0 

1*{ 82114} + 1*{  9 41} + 1*{ 80112} + 1*{ 13 45} + 1*{ 86118} + 1*{ 14 46} + 1*{ 87119} + 1*{ 81113} + 1*{ 85117} + 1*{ 83115} + 1*{  8 40} + 0.111111*{} + 1*{ 11 43} + 1*{ 12 44} + 1*{ 84116} + 1*{ 10 42} + 1*{ 15 47} = 0 

-1*{ 44 84} + -1*{ 40 80} + 1*{ 15119} + 1*{ 13117} + 1*{ 10114} + -1*{ 46 86} + -1*{ 47 87} + -1*{ 42 82} + 1*{ 14118} + 1*{  9113} + 1*{ 11115} + 1*{ 12116} + 1*{  8112} + -1*{ 45 85} + -1*{ 41 81} + -1*{ 43 83} = 0 

-0.111111*{} + 1*{151151} + 1*{150150} = 0 

1*{ 87127} + 1*{ 83123} + 1*{ 82122} + 1*{ 12 52} + -1*{150} + 1*{  9 49} + 1*{ 84124} + 1*{ 81121} + 1*{ 15 55} + 1*{  8 48} + 1*{ 80120} + 1*{ 11 51} + 1*{ 85125} + 1*{ 10 50} + 1*{ 13 53} + 1*{ 86126} + 1*{ 14 54} + 0.111111*{} = 0 

1*{ 10122} + 1*{  9121} + -1*{ 51 83} + 1*{ 15127} + -1*{ 48 80} + 1*{ 13125} + -1*{ 49 81} + 1*{ 14126} + -1*{ 50 82} + -1*{ 52 84} + 1*{ 12124} + -1*{151} + -1*{ 53 85} + -1*{ 55 87} + 1*{  8120} + 1*{ 11123} + -1*{ 54 86} = 0 

1*{153153} + -0.111111*{} + 1*{152152} = 0 

1*{ 82130} + 1*{ 85133} + 1*{ 11 59} + 1*{  9 57} + 1*{ 13 61} + 1*{ 83131} + 1*{ 81129} + 1*{ 15 63} + 1*{ 10 58} + 1*{ 84132} + 1*{  8 56} + 1*{ 87135} + 1*{ 14 62} + 1*{ 12 60} + 0.111111*{} + 1*{ 86134} + 1*{ 80128} + -1*{152} = 0 

1*{ 10130} + 1*{ 14134} + -1*{ 56 80} + 1*{ 11131} + -1*{ 59 83} + -1*{ 60 84} + 1*{ 13133} + -1*{ 62 86} + 1*{ 15135} + -1*{ 63 87} + -1*{ 57 81} + -1*{ 61 85} + 1*{ 12132} + 1*{  8128} + 1*{  9129} + -1*{ 58 82} + -1*{153} = 0 

-0.111111*{} + 1*{155155} + 1*{154154} = 0 

1*{ 80136} + 1*{ 86142} + 1*{ 13 69} + 1*{ 85141} + 1*{  9 65} + 1*{ 10 66} + 1*{ 87143} + 1*{ 11 67} + 1*{ 82138} + 1*{ 12 68} + 1*{ 81137} + 1*{ 83139} + 1*{ 84140} + -1*{154} + 0.111111*{} + 1*{ 15 71} + 1*{ 14 70} + 1*{  8 64} = 0 

-1*{ 67 83} + 1*{ 11139} + -1*{155} + 1*{ 15143} + 1*{  8136} + -1*{ 70 86} + -1*{ 68 84} + -1*{ 65 81} + 1*{ 10138} + 1*{ 12140} + -1*{ 64 80} + 1*{  9137} + -1*{ 66 82} + 1*{ 13141} + 1*{ 14142} + -1*{ 71 87} + -1*{ 69 85} = 0 

-0.111111*{} + 1*{ 80 80} + 1*{  8  8} = 0 

-0.111111*{} + 1*{ 81 81} + 1*{  9  9} = 0 

-0.111111*{} + 1*{ 82 82} + 1*{ 10 10} = 0 

-0.111111*{} + 1*{ 83 83} + 1*{ 11 11} = 0 

-0.111111*{} + 1*{ 84 84} + 1*{ 12 12} = 0 

-0.111111*{} + 1*{ 85 85} + 1*{ 13 13} = 0 

1*{ 86 86} + -0.111111*{} + 1*{ 14 14} = 0 

-0.111111*{} + 1*{ 87 87} + 1*{ 15 15} = 0 

0.222222*{ 84 87} + 0.222222*{ 81 84} + 0.0740741*{  8} + 0.222222*{  8  9} + 0.0740741*{ 13} + 0.222222*{ 80 84} + 0.222222*{ 80 82} + 0.222222*{ 81 87} + 0.222222*{ 80 81} + 0.222222*{ 86 87} + 0.222222*{  9 15} + 0.222222*{  8 14} + 0.222222*{ 82 87} + 0.222222*{  9 11} + 0.222222*{  8 11} + 0.222222*{ 84 85} + 0.222222*{ 80 85} + 0.222222*{ 81 83} + 0.222222*{ 13 14} + 0.222222*{  9 14} + 0.222222*{ 10 15} + 0.222222*{ 80 87} + 0.222222*{ 12 13} + 0.0740741*{  9} + 0.222222*{ 12 15} + 0.222222*{  9 12} + 0.222222*{ 14 15} + 0.0740741*{ 12} + 0.222222*{ 10 14} + 0.222222*{ 10 12} + 0.222222*{  9 10} + 0.222222*{ 81 86} + 0.222222*{ 83 86} + 0.222222*{ 12 14} + 0.222222*{ 11 12} + 0.0740741*{ 10} + 0.222222*{  8 13} + 0.222222*{ 82 86} + 0.222222*{ 82 84} + 0.222222*{ 10 13} + 0.222222*{  8 10} + 0.222222*{ 82 83} + 0.222222*{ 81 82} + 0.222222*{ 10 11} + 0.0740741*{ 15} + 0.222222*{ 11 14} + 0.222222*{ 83 87} + 0.222222*{ 80 83} + 0.222222*{ 11 13} + 0.222222*{ 13 15} + 0.222222*{ 81 85} + 0.222222*{ 84 86} + 0.222222*{ 11 15} + 0.222222*{ 80 86} + 0.222222*{ 85 87} + 0.222222*{ 83 84} + 0.222222*{ 82 85} + 0.222222*{  8 15} + 0.222222*{ 83 85} + 0.222222*{  8 12} + 0.222222*{  9 13} + 0.222222*{ 85 86} + 0.0740741*{ 14} + 0.0740741*{ 11} = 0 

1*{ 19 27} + 1*{ 90 98} + 1*{ 20 28} + 1*{ 91 99} + 0.111111*{} + 1*{ 21 29} + 1*{ 95103} + 1*{ 23 31} + 1*{ 18 26} + 1*{ 17 25} + 1*{ 93101} + 1*{ 94102} + 1*{ 89 97} + 1*{ 22 30} + 1*{ 16 24} + 1*{ 92100} + 1*{ 88 96} = 0 

-1*{ 25 89} + 1*{ 20100} + -1*{ 28 92} + -1*{ 29 93} + 1*{ 23103} + -1*{ 24 88} + 1*{ 16 96} + -1*{ 27 91} + -1*{ 30 94} + -1*{ 26 90} + -1*{ 31 95} + 1*{ 21101} + 1*{ 18 98} + 1*{ 17 97} + 1*{ 22102} + 1*{ 19 99} = 0 

1*{ 20 36} + 1*{ 88104} + 1*{ 90106} + 0.111111*{} + 1*{ 93109} + 1*{ 91107} + 1*{ 89105} + 1*{ 95111} + 1*{ 21 37} + 1*{ 17 33} + 1*{ 94110} + 1*{ 18 34} + 1*{ 23 39} + 1*{ 92108} + 1*{ 16 32} + 1*{ 22 38} + 1*{ 19 35} = 0 

1*{ 21109} + 1*{ 20108} + 1*{ 22110} + -1*{ 36 92} + 1*{ 19107} + -1*{ 38 94} + -1*{ 35 91} + -1*{ 33 89} + 1*{ 17105} + -1*{ 39 95} + -1*{ 37 93} + -1*{ 32 88} + 1*{ 23111} + 1*{ 18106} + -1*{ 34 90} + 1*{ 16104} = 0 

1*{ 92116} + 1*{ 18 42} + 1*{ 91115} + 1*{ 16 40} + 0.111111*{} + 1*{ 23 47} + 1*{ 94118} + 1*{ 90114} + 1*{ 93117} + 1*{ 22 46} + 1*{ 19 43} + 1*{ 21 45} + 1*{ 17 41} + 1*{ 88112} + 1*{ 95119} + 1*{ 89113} + 1*{ 20 44} = 0 

1*{ 23119} + -1*{ 40 88} + -1*{ 46 94} + -1*{ 42 90} + -1*{ 45 93} + 1*{ 21117} + 1*{ 16112} + -1*{ 43 91} + 1*{ 19115} + -1*{ 44 92} + -1*{ 41 89} + -1*{ 47 95} + 1*{ 22118} + 1*{ 18114} + 1*{ 17113} + 1*{ 20116} = 0 

-0.111111*{} + 1*{157157} + 1*{156156} = 0 

1*{ 88120} + 1*{ 95127} + 1*{ 91123} + 1*{ 93125} + 1*{ 20 52} + 1*{ 92124} + 1*{ 16 48} + 0.111111*{} + 1*{ 23 55} + 1*{ 90122} + 1*{ 21 53} + 1*{ 94126} + 1*{ 89121} + 1*{ 19 51} + 1*{ 22 54} + 1*{ 18 50} + 1*{ 17 49} + -1*{156} = 0 

-1*{ 48 88} + 1*{ 18122} + -1*{ 49 89} + -1*{ 54 94} + -1*{ 52 92} + 1*{ 23127} + 1*{ 20124} + -1*{ 50 90} + 1*{ 17121} + 1*{ 22126} + 1*{ 16120} + 1*{ 19123} + -1*{ 53 93} + -1*{157} + 1*{ 21125} + -1*{ 51 91} + -1*{ 55 95} = 0 

-0.111111*{} + 1*{159159} + 1*{158158} = 0 

1*{ 95135} + 1*{ 17 57} + 1*{ 21 61} + 1*{ 91131} + 1*{ 18 58} + 1*{ 88128} + 1*{ 23 63} + 1*{ 93133} + 1*{ 94134} + 0.111111*{} + 1*{ 92132} + 1*{ 20 60} + 1*{ 90130} + 1*{ 19 59} + 1*{ 89129} + 1*{ 22 62} + 1*{ 16 56} + -1*{158} = 0 

-1*{ 56 88} + 1*{ 16128} + -1*{ 63 95} + 1*{ 20132} + 1*{ 17129} + 1*{ 19131} + 1*{ 22134} + -1*{ 58 90} + 1*{ 21133} + 1*{ 23135} + -1*{ 62 94} + -1*{ 59 91} + 1*{ 18130} + -1*{ 60 92} + -1*{ 61 93} + -1*{159} + -1*{ 57 89} = 0 

-0.111111*{} + 1*{161161} + 1*{160160} = 0 

-1*{160} + 1*{ 95143} + 0.111111*{} + 1*{ 17 65} + 1*{ 18 66} + 1*{ 16 64} + 1*{ 89137} + 1*{ 90138} + 1*{ 94142} + 1*{ 93141} + 1*{ 21 69} + 1*{ 91139} + 1*{ 19 67} + 1*{ 92140} + 1*{ 20 68} + 1*{ 88136} + 1*{ 23 71} + 1*{ 22 70} = 0 

-1*{161} + 1*{ 20140} + -1*{ 66 90} + -1*{ 68 92} + -1*{ 67 91} + 1*{ 22142} + 1*{ 23143} + -1*{ 69 93} + 1*{ 17137} + 1*{ 21141} + -1*{ 65 89} + 1*{ 16136} + 1*{ 19139} + -1*{ 71 95} + -1*{ 64 88} + -1*{ 70 94} + 1*{ 18138} = 0 

-0.111111*{} + 1*{ 88 88} + 1*{ 16 16} = 0 

-0.111111*{} + 1*{ 89 89} + 1*{ 17 17} = 0 

-0.111111*{} + 1*{ 90 90} + 1*{ 18 18} = 0 

-0.111111*{} + 1*{ 91 91} + 1*{ 19 19} = 0 

-0.111111*{} + 1*{ 92 92} + 1*{ 20 20} = 0 

-0.111111*{} + 1*{ 93 93} + 1*{ 21 21} = 0 

-0.111111*{} + 1*{ 94 94} + 1*{ 22 22} = 0 

-0.111111*{} + 1*{ 95 95} + 1*{ 23 23} = 0 

0.0740741*{ 19} + 0.222222*{ 93 95} + 0.222222*{ 88 94} + 0.222222*{ 90 91} + 0.222222*{ 18 23} + 0.222222*{ 17 21} + 0.222222*{ 18 20} + 0.222222*{ 89 94} + 0.222222*{ 93 94} + 0.222222*{ 88 93} + 0.222222*{ 91 95} + 0.222222*{ 19 21} + 0.222222*{ 19 22} + 0.222222*{ 16 17} + 0.222222*{ 91 94} + 0.222222*{ 88 90} + 0.222222*{ 91 93} + 0.222222*{ 89 90} + 0.222222*{ 18 21} + 0.222222*{ 16 21} + 0.222222*{ 16 19} + 0.0740741*{ 21} + 0.222222*{ 90 94} + 0.222222*{ 16 23} + 0.222222*{ 89 91} + 0.222222*{ 89 93} + 0.222222*{ 89 95} + 0.222222*{ 18 19} + 0.222222*{ 92 93} + 0.222222*{ 20 23} + 0.222222*{ 20 22} + 0.0740741*{ 22} + 0.222222*{ 17 20} + 0.222222*{ 17 22} + 0.222222*{ 21 23} + 0.222222*{ 92 95} + 0.222222*{ 17 18} + 0.222222*{ 88 92} + 0.222222*{ 88 89} + 0.222222*{ 91 92} + 0.222222*{ 17 19} + 0.0740741*{ 20} + 0.222222*{ 22 23} + 0.222222*{ 19 23} + 0.0740741*{ 17} + 0.222222*{ 92 94} + 0.0740741*{ 16} + 0.222222*{ 88 91} + 0.222222*{ 90 93} + 0.222222*{ 17 23} + 0.222222*{ 16 18} + 0.222222*{ 19 20} + 0.0740741*{ 18} + 0.222222*{ 16 20} + 0.222222*{ 18 22} + 0.222222*{ 89 92} + 0.222222*{ 90 92} + 0.222222*{ 88 95} + 0.222222*{ 90 95} + 0.222222*{ 20 21} + 0.222222*{ 21 22} + 0.0740741*{ 23} + 0.222222*{ 16 22} + 0.222222*{ 94 95} = 0 

1*{ 26 34} + 0.111111*{} + 1*{ 30 38} + 1*{ 25 33} + 1*{102110} + 1*{ 29 37} + 1*{ 28 36} + 1*{ 99107} + 1*{100108} + 1*{ 98106} + 1*{ 31 39} + 1*{ 97105} + 1*{ 27 35} + 1*{103111} + 1*{ 96104} + 1*{101109} + 1*{ 24 32} = 0 

1*{ 30110} + -1*{ 32 96} + -1*{ 35 99} + 1*{ 27107} + 1*{ 26106} + -1*{ 36100} + -1*{ 37101} + -1*{ 34 98} + 1*{ 24104} + -1*{ 38102} + -1*{ 39103} + 1*{ 25105} + 1*{ 28108} + 1*{ 29109} + 1*{ 31111} + -1*{ 33 97} = 0 

1*{103119} + 0.111111*{} + 1*{ 27 43} + 1*{ 29 45} + 1*{ 98114} + 1*{101117} + 1*{ 97113} + 1*{ 31 47} + 1*{ 24 40} + 1*{ 28 44} + 1*{ 26 42} + 1*{ 99115} + 1*{102118} + 1*{ 30 46} + 1*{100116} + 1*{ 25 41} + 1*{ 96112} = 0 

1*{ 27115} + -1*{ 40 96} + 1*{ 30118} + 1*{ 31119} + 1*{ 28116} + 1*{ 26114} + 1*{ 24112} + -1*{ 45101} + 1*{ 29117} + -1*{ 47103} + -1*{ 43 99} + -1*{ 46102} + 1*{ 25113} + -1*{ 41 97} + -1*{ 44100} + -1*{ 42 98} = 0 

-0.111111*{} + 1*{163163} + 1*{162162} = 0 

0.111111*{} + 1*{103127} + 1*{ 30 54} + 1*{ 96120} + 1*{ 24 48} + 1*{ 29 53} + 1*{100124} + 1*{ 28 52} + 1*{ 27 51} + 1*{ 25 49} + 1*{ 97121} + 1*{ 31 55} + -1*{162} + 1*{102126} + 1*{101125} + 1*{ 98122} + 1*{ 99123} + 1*{ 26 50} = 0 

1*{ 26122} + -1*{ 48 96} + 1*{ 24120} + 1*{ 27123} + -1*{163} + 1*{ 30126} + -1*{ 54102} + -1*{ 55103} + 1*{ 28124} + -1*{ 51 99} + -1*{ 52100} + 1*{ 29125} + -1*{ 53101} + -1*{ 50 98} + 1*{ 25121} + -1*{ 49 97} + 1*{ 31127} = 0 

-0.111111*{} + 1*{165165} + 1*{164164} = 0 

-1*{164} + 1*{ 28 60} + 1*{ 25 57} + 0.111111*{} + 1*{ 96128} + 1*{ 97129} + 1*{ 29 61} + 1*{ 27 59} + 1*{102134} + 1*{100132} + 1*{ 31 63} + 1*{ 98130} + 1*{ 99131} + 1*{ 30 62} + 1*{ 24 56} + 1*{ 26 58} + 1*{101133} + 1*{103135} = 0 

1*{ 31135} + 1*{ 25129} + 1*{ 26130} + 1*{ 29133} + 1*{ 24128} + -1*{ 58 98} + -1*{ 57 97} + 1*{ 27131} + 1*{ 30134} + -1*{ 60100} + -1*{ 61101} + -1*{ 62102} + -1*{ 63103} + 1*{ 28132} + -1*{165} + -1*{ 59 99} + -1*{ 56 96} = 0 

-0.111111*{} + 1*{167167} + 1*{166166} = 0 

1*{ 97137} + 1*{ 26 66} + -1*{166} + 0.111111*{} + 1*{ 24 64} + 1*{ 29 69} + 1*{ 30 70} + 1*{ 27 67} + 1*{ 28 68} + 1*{ 31 71} + 1*{100140} + 1*{ 25 65} + 1*{103143} + 1*{101141} + 1*{ 99139} + 1*{102142} + 1*{ 98138} + 1*{ 96136} = 0 

-1*{ 64 96} + 1*{ 26138} + 1*{ 29141} + 1*{ 25137} + -1*{ 66 98} + 1*{ 28140} + -1*{167} + -1*{ 69101} + -1*{ 71103} + 1*{ 27139} + -1*{ 68100} + -1*{ 70102} + -1*{ 67 99} + 1*{ 31143} + 1*{ 24136} + -1*{ 65 97} + 1*{ 30142} = 0 

-0.111111*{} + 1*{ 96 96} + 1*{ 24 24} = 0 

-0.111111*{} + 1*{ 97 97} + 1*{ 25 25} = 0 

-0.111111*{} + 1*{ 98 98} + 1*{ 26 26} = 0 

-0.111111*{} + 1*{ 99 99} + 1*{ 27 27} = 0 

1*{100100} + -0.111111*{} + 1*{ 28 28} = 0 

-0.111111*{} + 1*{101101} + 1*{ 29 29} = 0 

-0.111111*{} + 1*{102102} + 1*{ 30 30} = 0 

1*{103103} + -0.111111*{} + 1*{ 31 31} = 0 

0.222222*{ 26 30} + 0.222222*{100101} + 0.222222*{ 24 26} + 0.222222*{ 25 26} + 0.222222*{ 97100} + 0.222222*{ 28 30} + 0.222222*{ 99101} + 0.222222*{ 24 29} + 0.222222*{ 27 29} + 0.222222*{ 99100} + 0.222222*{ 27 31} + 0.222222*{ 98101} + 0.222222*{102103} + 0.222222*{ 27 28} + 0.0740741*{ 26} + 0.222222*{ 97 99} + 0.222222*{ 30 31} + 0.222222*{ 28 29} + 0.222222*{ 96 99} + 0.222222*{ 97102} + 0.222222*{ 26 27} + 0.222222*{100103} + 0.222222*{ 27 30} + 0.222222*{ 96101} + 0.222222*{ 28 31} + 0.222222*{ 97101} + 0.222222*{ 98 99} + 0.222222*{ 24 25} + 0.222222*{ 97 98} + 0.222222*{101102} + 0.0740741*{ 29} + 0.222222*{ 26 29} + 0.0740741*{ 27} + 0.222222*{ 29 30} + 0.0740741*{ 28} + 0.222222*{ 96102} + 0.0740741*{ 24} + 0.0740741*{ 30} + 0.222222*{ 24 28} + 0.222222*{ 25 31} + 0.222222*{ 24 30} + 0.222222*{ 99102} + 0.222222*{101103} + 0.222222*{100102} + 0.222222*{ 98102} + 0.222222*{ 98100} + 0.0740741*{ 25} + 0.222222*{ 26 28} + 0.222222*{ 25 28} + 0.222222*{ 24 27} + 0.222222*{ 96 98} + 0.222222*{ 25 29} + 0.222222*{ 29 31} + 0.0740741*{ 31} + 0.222222*{ 96 97} + 0.222222*{ 97103} + 0.222222*{ 24 31} + 0.222222*{ 96100} + 0.222222*{ 98103} + 0.222222*{ 96103} + 0.222222*{ 25 27} + 0.222222*{ 26 31} + 0.222222*{ 99103} + 0.222222*{ 25 30} = 0 

1*{ 34 42} + 1*{104112} + 1*{111119} + 1*{105113} + 1*{110118} + 1*{ 36 44} + 0.111111*{} + 1*{ 38 46} + 1*{106114} + 1*{ 35 43} + 1*{ 37 45} + 1*{ 32 40} + 1*{ 39 47} + 1*{ 33 41} + 1*{107115} + 1*{108116} + 1*{109117} = 0 

1*{ 34114} + 1*{ 36116} + -1*{ 45109} + -1*{ 47111} + 1*{ 33113} + -1*{ 44108} + 1*{ 37117} + -1*{ 42106} + -1*{ 43107} + 1*{ 38118} + -1*{ 46110} + -1*{ 40104} + 1*{ 32112} + 1*{ 39119} + 1*{ 35115} + -1*{ 41105} = 0 

-0.111111*{} + 1*{168168} + 1*{169169} = 0 

1*{104120} + 1*{105121} + 1*{ 36 52} + 1*{ 35 51} + 1*{ 38 54} + 1*{107123} + 1*{ 33 49} + 1*{110126} + 1*{108124} + 1*{111127} + 0.111111*{} + 1*{109125} + 1*{ 34 50} + 1*{ 39 55} + -1*{168} + 1*{ 32 48} + 1*{ 37 53} + 1*{106122} = 0 

-1*{ 49105} + -1*{ 52108} + -1*{ 53109} + 1*{ 37125} + -1*{ 48104} + 1*{ 34122} + -1*{ 54110} + 1*{ 36124} + 1*{ 38126} + 1*{ 39127} + 1*{ 35123} + 1*{ 32120} + -1*{169} + -1*{ 55111} + -1*{ 51107} + -1*{ 50106} + 1*{ 33121} = 0 

-0.111111*{} + 1*{171171} + 1*{170170} = 0 

1*{105129} + 1*{ 35 59} + 1*{104128} + 1*{108132} + 1*{106130} + 1*{ 32 56} + 1*{ 39 63} + 1*{111135} + 0.111111*{} + 1*{ 34 58} + 1*{ 33 57} + 1*{109133} + 1*{107131} + 1*{ 37 61} + -1*{170} + 1*{ 38 62} + 1*{ 36 60} + 1*{110134} = 0 

1*{ 36132} + -1*{ 62110} + 1*{ 37133} + -1*{ 61109} + -1*{ 56104} + 1*{ 33129} + -1*{171} + -1*{ 63111} + 1*{ 32128} + 1*{ 35131} + -1*{ 59107} + 1*{ 38134} + -1*{ 60108} + 1*{ 39135} + -1*{ 57105} + -1*{ 58106} + 1*{ 34130} = 0 

-0.111111*{} + 1*{173173} + 1*{172172} = 0 

1*{104136} + 1*{105137} + -1*{172} + 1*{110142} + 1*{108140} + 1*{ 35 67} + 1*{106138} + 1*{ 37 69} + 0.111111*{} + 1*{ 38 70} + 1*{ 33 65} + 1*{ 39 71} + 1*{107139} + 1*{111143} + 1*{ 36 68} + 1*{ 34 66} + 1*{ 32 64} + 1*{109141} = 0 

1*{ 36140} + -1*{ 65105} + 1*{ 33137} + -1*{ 67107} + -1*{ 69109} + 1*{ 32136} + -1*{ 70110} + -1*{173} + -1*{ 66106} + -1*{ 68108} + 1*{ 34138} + -1*{ 64104} + 1*{ 38142} + -1*{ 71111} + 1*{ 39143} + 1*{ 35139} + 1*{ 37141} = 0 

-0.111111*{} + 1*{104104} + 1*{ 32 32} = 0 

-0.111111*{} + 1*{ 33 33} + 1*{105105} = 0 

-0.111111*{} + 1*{106106} + 1*{ 34 34} = 0 

-0.111111*{} + 1*{107107} + 1*{ 35 35} = 0 

-0.111111*{} + 1*{108108} + 1*{ 36 36} = 0 

-0.111111*{} + 1*{109109} + 1*{ 37 37} = 0 

1*{ 38 38} + -0.111111*{} + 1*{110110} = 0 

-0.111111*{} + 1*{111111} + 1*{ 39 39} = 0 

0.222222*{109111} + 0.222222*{ 32 34} + 0.222222*{107110} + 0.222222*{104105} + 0.222222*{ 36 39} + 0.222222*{ 36 37} + 0.222222*{ 32 38} + 0.222222*{107111} + 0.222222*{ 35 38} + 0.222222*{110111} + 0.222222*{ 35 36} + 0.222222*{105111} + 0.0740741*{ 38} + 0.222222*{106110} + 0.222222*{ 34 38} + 0.222222*{104106} + 0.0740741*{ 35} + 0.222222*{ 33 39} + 0.222222*{ 35 37} + 0.222222*{109110} + 0.222222*{106109} + 0.222222*{ 37 39} + 0.222222*{104109} + 0.0740741*{ 34} + 0.0740741*{ 39} + 0.222222*{ 38 39} + 0.222222*{ 34 36} + 0.222222*{ 37 38} + 0.222222*{105110} + 0.222222*{105108} + 0.222222*{105106} + 0.222222*{ 35 39} + 0.222222*{ 33 35} + 0.222222*{108109} + 0.222222*{104108} + 0.222222*{ 32 37} + 0.222222*{ 33 34} + 0.222222*{106108} + 0.222222*{105109} + 0.222222*{ 33 36} + 0.222222*{ 34 39} + 0.222222*{108110} + 0.222222*{106107} + 0.222222*{ 33 38} + 0.222222*{ 34 37} + 0.0740741*{ 33} + 0.222222*{ 32 39} + 0.222222*{ 32 33} + 0.222222*{108111} + 0.222222*{104111} + 0.0740741*{ 36} + 0.222222*{ 32 36} + 0.222222*{104107} + 0.222222*{104110} + 0.222222*{ 36 38} + 0.222222*{105107} + 0.0740741*{ 32} + 0.222222*{ 33 37} + 0.222222*{107109} + 0.222222*{106111} + 0.222222*{ 32 35} + 0.0740741*{ 37} + 0.222222*{107108} + 0.222222*{ 34 35} = 0 

-0.111111*{} + 1*{175175} + 1*{174174} = 0 

1*{112120} + 1*{ 42 50} + 1*{ 44 52} + 1*{ 41 49} + -1*{174} + 1*{ 47 55} + 1*{118126} + 0.111111*{} + 1*{119127} + 1*{116124} + 1*{ 45 53} + 1*{115123} + 1*{ 46 54} + 1*{ 43 51} + 1*{117125} + 1*{113121} + 1*{114122} + 1*{ 40 48} = 0 

1*{ 40120} + -1*{ 51115} + 1*{ 41121} + 1*{ 46126} + 1*{ 45125} + -1*{ 55119} + -1*{ 48112} + -1*{ 50114} + 1*{ 43123} + -1*{ 53117} + -1*{ 52116} + 1*{ 42122} + -1*{175} + 1*{ 44124} + -1*{ 54118} + -1*{ 49113} + 1*{ 47127} = 0 

-0.111111*{} + 1*{177177} + 1*{176176} = 0 

1*{113129} + 1*{ 42 58} + 1*{119135} + 1*{115131} + 1*{114130} + 1*{ 41 57} + 1*{ 45 61} + 1*{ 44 60} + 1*{117133} + 1*{ 46 62} + -1*{176} + 1*{ 47 63} + 1*{ 43 59} + 1*{118134} + 1*{ 40 56} + 1*{112128} + 1*{116132} + 0.111111*{} = 0 

-1*{ 58114} + 1*{ 47135} + -1*{ 56112} + -1*{ 59115} + 1*{ 44132} + 1*{ 43131} + -1*{ 62118} + 1*{ 41129} + -1*{ 63119} + 1*{ 45133} + -1*{ 60116} + 1*{ 42130} + 1*{ 40128} + -1*{177} + -1*{ 57113} + 1*{ 46134} + -1*{ 61117} = 0 

-0.111111*{} + 1*{179179} + 1*{178178} = 0 

-1*{178} + 0.111111*{} + 1*{113137} + 1*{115139} + 1*{ 42 66} + 1*{ 47 71} + 1*{ 43 67} + 1*{116140} + 1*{119143} + 1*{ 44 68} + 1*{ 41 65} + 1*{ 40 64} + 1*{117141} + 1*{112136} + 1*{ 45 69} + 1*{ 46 70} + 1*{118142} + 1*{114138} = 0 

1*{ 40136} + -1*{ 69117} + -1*{ 68116} + 1*{ 46142} + 1*{ 42138} + -1*{ 70118} + 1*{ 45141} + -1*{ 65113} + -1*{ 66114} + 1*{ 47143} + 1*{ 43139} + -1*{ 71119} + -1*{ 67115} + -1*{ 64112} + 1*{ 44140} + 1*{ 41137} + -1*{179} = 0 

-0.111111*{} + 1*{112112} + 1*{ 40 40} = 0 

-0.111111*{} + 1*{113113} + 1*{ 41 41} = 0 

1*{114114} + -0.111111*{} + 1*{ 42 42} = 0 

-0.111111*{} + 1*{115115} + 1*{ 43 43} = 0 

-0.111111*{} + 1*{116116} + 1*{ 44 44} = 0 

-0.111111*{} + 1*{117117} + 1*{ 45 45} = 0 

-0.111111*{} + 1*{118118} + 1*{ 46 46} = 0 

-0.111111*{} + 1*{119119} + 1*{ 47 47} = 0 

0.0740741*{ 40} + 0.222222*{113118} + 0.222222*{ 42 45} + 0.222222*{ 41 42} + 0.222222*{ 41 43} + 0.0740741*{ 47} + 0.0740741*{ 45} + 0.222222*{ 45 47} + 0.222222*{ 40 41} + 0.222222*{ 41 47} + 0.222222*{ 44 46} + 0.222222*{112114} + 0.222222*{118119} + 0.222222*{ 40 46} + 0.222222*{ 43 47} + 0.222222*{113115} + 0.222222*{ 40 45} + 0.222222*{115119} + 0.0740741*{ 43} + 0.222222*{ 42 46} + 0.222222*{ 42 43} + 0.222222*{113119} + 0.222222*{ 40 47} + 0.222222*{112116} + 0.222222*{ 40 44} + 0.222222*{117118} + 0.0740741*{ 42} + 0.222222*{115116} + 0.222222*{116117} + 0.222222*{ 40 42} + 0.222222*{ 44 47} + 0.222222*{114115} + 0.222222*{112118} + 0.222222*{116119} + 0.222222*{117119} + 0.222222*{ 42 47} + 0.222222*{ 45 46} + 0.222222*{ 41 45} + 0.222222*{ 43 45} + 0.222222*{113116} + 0.222222*{113114} + 0.0740741*{ 46} + 0.222222*{ 40 43} + 0.222222*{115117} + 0.0740741*{ 44} + 0.222222*{112119} + 0.222222*{114116} + 0.222222*{ 43 46} + 0.222222*{112117} + 0.222222*{ 41 46} + 0.222222*{112113} + 0.222222*{ 46 47} + 0.222222*{113117} + 0.222222*{ 44 45} + 0.222222*{ 43 44} + 0.222222*{115118} + 0.222222*{114118} + 0.0740741*{ 41} + 0.222222*{116118} + 0.222222*{114119} + 0.222222*{114117} + 0.222222*{ 41 44} + 0.222222*{ 42 44} + 0.222222*{112115} = 0 

-0.111111*{} + 1*{181181} + 1*{180180} = 0 

1*{123131} + 1*{125133} + 1*{ 48 56} + 1*{ 54 62} + 1*{ 52 60} + 1*{ 53 61} + 1*{ 49 57} + 1*{ 51 59} + 1*{ 55 63} + 0.111111*{} + 1*{122130} + 1*{127135} + 1*{120128} + -1*{180} + 1*{121129} + 1*{126134} + 1*{ 50 58} + 1*{124132} = 0 

-1*{ 56120} + -1*{ 57121} + 1*{ 48128} + -1*{ 61125} + -1*{ 59123} + -1*{ 60124} + 1*{ 51131} + 1*{ 53133} + -1*{ 62126} + 1*{ 54134} + 1*{ 49129} + -1*{ 63127} + 1*{ 55135} + 1*{ 50130} + -1*{181} + 1*{ 52132} + -1*{ 58122} = 0 

-0.111111*{} + 1*{183183} + 1*{182182} = 0 

1*{123139} + 1*{ 52 68} + 1*{121137} + -1*{182} + 1*{ 49 65} + 1*{124140} + 1*{127143} + 0.111111*{} + 1*{ 48 64} + 1*{ 55 71} + 1*{ 54 70} + 1*{126142} + 1*{120136} + 1*{ 50 66} + 1*{ 53 69} + 1*{122138} + 1*{ 51 67} + 1*{125141} = 0 

-1*{ 70126} + -1*{ 66122} + 1*{ 51139} + 1*{ 49137} + -1*{ 69125} + 1*{ 54142} + -1*{ 67123} + 1*{ 48136} + 1*{ 52140} + 1*{ 53141} + 1*{ 50138} + -1*{183} + -1*{ 64120} + 1*{ 55143} + -1*{ 68124} + -1*{ 71127} + -1*{ 65121} = 0 

-0.111111*{} + 1*{ 48 48} + 1*{120120} = 0 

-0.111111*{} + 1*{121121} + 1*{ 49 49} = 0 

-0.111111*{} + 1*{122122} + 1*{ 50 50} = 0 

-0.111111*{} + 1*{123123} + 1*{ 51 51} = 0 

-0.111111*{} + 1*{124124} + 1*{ 52 52} = 0 

1*{125125} + -0.111111*{} + 1*{ 53 53} = 0 

-0.111111*{} + 1*{126126} + 1*{ 54 54} = 0 

-0.111111*{} + 1*{127127} + 1*{ 55 55} = 0 

0.222222*{ 50 55} + 0.0740741*{ 55} + 0.0740741*{ 50} + 0.222222*{124127} + 0.222222*{ 48 54} + 0.222222*{122125} + 0.222222*{123127} + 0.222222*{122124} + 0.222222*{ 51 53} + 0.222222*{ 49 52} + 0.0740741*{ 49} + 0.222222*{ 50 53} + 0.0740741*{ 54} + 0.222222*{ 51 55} + 0.222222*{ 48 51} + 0.222222*{ 50 54} + 0.0740741*{ 48} + 0.222222*{ 49 51} + 0.222222*{ 50 52} + 0.222222*{120121} + 0.222222*{125127} + 0.222222*{121122} + 0.222222*{ 49 54} + 0.222222*{ 52 55} + 0.222222*{123124} + 0.222222*{ 48 52} + 0.222222*{126127} + 0.222222*{ 51 52} + 0.222222*{123126} + 0.222222*{125126} + 0.222222*{121124} + 0.222222*{ 52 53} + 0.222222*{120124} + 0.222222*{121127} + 0.0740741*{ 51} + 0.222222*{120127} + 0.222222*{ 48 49} + 0.222222*{ 54 55} + 0.222222*{ 49 50} + 0.222222*{ 53 55} + 0.222222*{ 53 54} + 0.222222*{121126} + 0.222222*{123125} + 0.222222*{124125} + 0.222222*{120125} + 0.222222*{120126} + 0.222222*{124126} + 0.222222*{121125} + 0.0740741*{ 53} + 0.222222*{ 48 55} + 0.222222*{121123} + 0.222222*{ 51 54} + 0.222222*{122127} + 0.222222*{ 48 50} + 0.222222*{ 49 55} + 0.222222*{ 50 51} + 0.222222*{120122} + 0.0740741*{ 52} + 0.222222*{122123} + 0.222222*{ 52 54} + 0.222222*{ 48 53} + 0.222222*{122126} + 0.222222*{ 49 53} + 0.222222*{120123} = 0 

-0.111111*{} + 1*{185185} + 1*{184184} = 0 

1*{ 57 65} + 1*{ 62 70} + 1*{134142} + 1*{ 63 71} + 1*{ 56 64} + 1*{129137} + 1*{132140} + 1*{ 59 67} + -1*{184} + 1*{ 61 69} + 1*{130138} + 0.111111*{} + 1*{ 58 66} + 1*{133141} + 1*{128136} + 1*{ 60 68} + 1*{131139} + 1*{135143} = 0 

-1*{185} + -1*{ 64128} + -1*{ 71135} + -1*{ 67131} + -1*{ 66130} + -1*{ 68132} + 1*{ 62142} + 1*{ 56136} + 1*{ 57137} + 1*{ 58138} + -1*{ 65129} + 1*{ 60140} + -1*{ 69133} + -1*{ 70134} + 1*{ 59139} + 1*{ 61141} + 1*{ 63143} = 0 

-0.111111*{} + 1*{128128} + 1*{ 56 56} = 0 

1*{129129} + -0.111111*{} + 1*{ 57 57} = 0 

-0.111111*{} + 1*{ 58 58} + 1*{130130} = 0 

-0.111111*{} + 1*{131131} + 1*{ 59 59} = 0 

-0.111111*{} + 1*{132132} + 1*{ 60 60} = 0 

1*{133133} + -0.111111*{} + 1*{ 61 61} = 0 

-0.111111*{} + 1*{134134} + 1*{ 62 62} = 0 

-0.111111*{} + 1*{135135} + 1*{ 63 63} = 0 

0.222222*{130135} + 0.222222*{ 57 61} + 0.222222*{131135} + 0.222222*{ 56 63} + 0.222222*{129130} + 0.222222*{130134} + 0.222222*{131134} + 0.0740741*{ 59} + 0.222222*{128135} + 0.222222*{128130} + 0.222222*{128132} + 0.222222*{134135} + 0.222222*{132135} + 0.0740741*{ 63} + 0.222222*{ 57 63} + 0.222222*{131133} + 0.222222*{ 57 62} + 0.222222*{ 57 60} + 0.222222*{ 61 62} + 0.222222*{128133} + 0.222222*{129134} + 0.222222*{130131} + 0.222222*{128131} + 0.222222*{133134} + 0.222222*{ 56 58} + 0.222222*{128129} + 0.222222*{ 56 60} + 0.222222*{ 59 61} + 0.222222*{132134} + 0.222222*{131132} + 0.222222*{ 58 62} + 0.0740741*{ 57} + 0.222222*{ 57 58} + 0.0740741*{ 60} + 0.222222*{ 56 61} + 0.222222*{ 57 59} + 0.222222*{129133} + 0.0740741*{ 61} + 0.0740741*{ 58} + 0.0740741*{ 62} + 0.222222*{130133} + 0.222222*{128134} + 0.222222*{132133} + 0.0740741*{ 56} + 0.222222*{133135} + 0.222222*{ 58 60} + 0.222222*{ 60 61} + 0.222222*{ 58 63} + 0.222222*{ 62 63} + 0.222222*{ 61 63} + 0.222222*{ 59 60} + 0.222222*{ 58 61} + 0.222222*{ 56 57} + 0.222222*{ 60 62} + 0.222222*{ 59 62} + 0.222222*{130132} + 0.222222*{129132} + 0.222222*{ 59 63} + 0.222222*{129131} + 0.222222*{ 56 62} + 0.222222*{ 56 59} + 0.222222*{ 58 59} + 0.222222*{ 60 63} + 0.222222*{129135} = 0 

-0.111111*{} + 1*{136136} + 1*{ 64 64} = 0 

-0.111111*{} + 1*{137137} + 1*{ 65 65} = 0 

-0.111111*{} + 1*{138138} + 1*{ 66 66} = 0 

-0.111111*{} + 1*{139139} + 1*{ 67 67} = 0 

-0.111111*{} + 1*{140140} + 1*{ 68 68} = 0 

-0.111111*{} + 1*{141141} + 1*{ 69 69} = 0 

-0.111111*{} + 1*{142142} + 1*{ 70 70} = 0 

-0.111111*{} + 1*{143143} + 1*{ 71 71} = 0 

0.0740741*{ 64} + 0.0740741*{ 66} + 0.222222*{137142} + 0.222222*{ 70 71} + 0.222222*{ 65 68} + 0.222222*{ 64 67} + 0.222222*{136141} + 0.222222*{140143} + 0.222222*{ 69 71} + 0.222222*{ 68 70} + 0.222222*{ 69 70} + 0.222222*{ 65 67} + 0.222222*{ 67 69} + 0.222222*{ 66 69} + 0.222222*{141143} + 0.222222*{136142} + 0.222222*{136138} + 0.222222*{ 68 69} + 0.222222*{136137} + 0.222222*{ 67 71} + 0.222222*{137140} + 0.222222*{ 66 71} + 0.222222*{136143} + 0.222222*{137139} + 0.222222*{139141} + 0.222222*{141142} + 0.222222*{ 65 66} + 0.222222*{138142} + 0.222222*{ 64 69} + 0.222222*{ 65 70} + 0.222222*{140142} + 0.0740741*{ 69} + 0.222222*{137143} + 0.222222*{142143} + 0.222222*{140141} + 0.222222*{139142} + 0.222222*{ 64 66} + 0.222222*{136139} + 0.222222*{138140} + 0.222222*{139143} + 0.222222*{ 67 68} + 0.222222*{ 64 65} + 0.222222*{ 66 70} + 0.222222*{ 68 71} + 0.222222*{138141} + 0.222222*{ 64 68} + 0.222222*{137141} + 0.222222*{ 65 69} + 0.222222*{ 64 71} + 0.222222*{ 66 68} + 0.222222*{ 65 71} + 0.0740741*{ 70} + 0.0740741*{ 67} + 0.222222*{ 66 67} + 0.222222*{138139} + 0.222222*{ 67 70} + 0.222222*{ 64 70} + 0.0740741*{ 71} + 0.222222*{137138} + 0.222222*{139140} + 0.222222*{136140} + 0.222222*{138143} + 0.0740741*{ 65} + 0.0740741*{ 68} = 0 

16*{  1} + -32768*{ 85} + -256*{ 86} + 2*{ 72} + 4096*{ 79} + -8192*{ 14} + 32768*{ 77} + 8*{ 73} + 512*{  5} + -4096*{ 87} + 1024*{  3} + 128*{ 75} + 32*{ 74} + -16*{  9} + -1*{ 15} + -64*{ 10} + -32*{ 82} + -16384*{ 12} + 64*{  2} + 1*{  7} + -1024*{ 11} + 16384*{  4} + -4*{  8} + -128*{ 83} + 4*{  0} + -8*{ 81} + -2048*{ 84} + -2*{ 80} + 256*{ 78} + -512*{ 13} + 8192*{  6} + 2048*{ 76} > 0 

-2048*{ 92} + 1024*{ 11} + -8192*{ 22} + -32*{ 90} + 4096*{ 87} + -1*{ 23} + 16*{  9} + 1*{ 15} + -64*{ 18} + 32*{ 82} + 16384*{ 12} + -1024*{ 19} + -128*{ 91} + 64*{ 10} + -8*{ 89} + 8192*{ 14} + -2*{ 88} + 128*{ 83} + -256*{ 94} + 4*{  8} + -16384*{ 20} + -32768*{ 93} + 8*{ 81} + 2048*{ 84} + 2*{ 80} + -4096*{ 95} + -4*{ 16} + 32768*{ 85} + 256*{ 86} + -512*{ 21} + 512*{ 13} + -16*{ 17} > 0 

2048*{ 92} + 512*{ 21} + 1*{ 23} + 16*{ 17} + -512*{ 29} + 32*{ 90} + 2*{ 88} + -8*{ 97} + 16384*{ 20} + 8192*{ 22} + 128*{ 91} + -256*{102} + -1*{ 31} + -16*{ 25} + -2*{ 96} + 1024*{ 19} + -32768*{101} + -2048*{100} + 8*{ 89} + -4096*{103} + 32768*{ 93} + -64*{ 26} + 4*{ 16} + 4096*{ 95} + -4*{ 24} + -8192*{ 30} + -16384*{ 28} + -1024*{ 27} + 64*{ 18} + -128*{ 99} + -32*{ 98} + 256*{ 94} > 0 

128*{ 99} + 256*{102} + 1*{ 31} + -8*{105} + 512*{ 29} + 1024*{ 27} + -32768*{109} + 32768*{101} + 2048*{100} + -8192*{ 38} + 16*{ 25} + 2*{ 96} + -2*{104} + 32*{ 98} + 8192*{ 30} + 16384*{ 28} + 4*{ 24} + -4096*{111} + -2048*{108} + -32*{106} + -128*{107} + -16*{ 33} + -1024*{ 35} + 8*{ 97} + -512*{ 37} + 4096*{103} + -256*{110} + -16384*{ 36} + -1*{ 39} + 64*{ 26} + -64*{ 34} + -4*{ 32} > 0 

-16384*{ 44} + 4096*{111} + -1024*{ 43} + -8*{113} + -512*{ 45} + -16*{ 41} + 16*{ 33} + 256*{110} + 8192*{ 38} + 1*{ 39} + 16384*{ 36} + 64*{ 34} + -4096*{119} + -8192*{ 46} + -64*{ 42} + 8*{105} + -2048*{116} + 2048*{108} + -32*{114} + 512*{ 37} + 32*{106} + 128*{107} + -128*{115} + -256*{118} + 2*{104} + 4*{ 32} + -32768*{117} + -4*{ 40} + 1024*{ 35} + -1*{ 47} + -2*{112} + 32768*{109} > 0 

128*{ 75} + -4096*{127} + -256*{126} + -16384*{ 52} + -8192*{ 54} + 32*{ 74} + -16*{ 49} + 4*{  0} + -1024*{ 51} + -512*{ 53} + -64*{ 50} + 16*{  1} + 64*{  2} + 1*{  7} + 2*{ 72} + -32768*{125} + 4096*{ 79} + 32768*{ 77} + -1*{ 55} + -2048*{124} + 8*{ 73} + 16384*{  4} + 512*{  5} + -8*{121} + -4*{ 48} + -128*{123} + -2*{120} + 256*{ 78} + -32*{122} + 1024*{  3} + 8192*{  6} + 2048*{ 76} > 0 

1024*{ 51} + 16*{ 49} + 64*{ 50} + -16384*{ 60} + -4096*{135} + 8*{121} + -1024*{ 59} + -64*{ 58} + -256*{134} + -32*{130} + -2*{128} + 512*{ 53} + -2048*{132} + 8192*{ 54} + 16384*{ 52} + 32*{122} + -8192*{ 62} + -8*{129} + -32768*{133} + 4096*{127} + -16*{ 57} + -4*{ 56} + 2*{120} + -128*{131} + 32768*{125} + -1*{ 63} + 4*{ 48} + 128*{123} + -512*{ 61} + 256*{126} + 1*{ 55} + 2048*{124} > 0 

-1024*{ 67} + 512*{ 61} + 4*{ 56} + 128*{131} + -2048*{140} + -512*{ 69} + -32*{138} + 16*{ 57} + -2*{136} + -128*{139} + -16384*{ 68} + 1024*{ 59} + 2*{128} + -16*{ 65} + 32*{130} + -32768*{141} + -8*{137} + 16384*{ 60} + 4096*{135} + 8192*{ 62} + 8*{129} + 32768*{133} + -1*{ 71} + -4*{ 64} + -4096*{143} + 2048*{132} + -256*{142} + -8192*{ 70} + 1*{ 63} + -64*{ 66} + 64*{ 58} + 256*{134} > 0 

512*{ 88} + -65536*{ 41} + -8*{  1} + -2*{ 65} + -4096*{ 97} + 8192*{128} + 1024*{ 48} + 2048*{ 24} + 256*{ 16} + 128*{ 80} + -128*{ 81} + -64*{ 57} + -32768*{105} + -32*{  9} + -1024*{ 49} + -256*{ 17} + -16*{ 73} + -8192*{129} + -2048*{ 25} + 4096*{ 96} + 16*{ 72} + -131072*{113} + 32768*{104} + 65536*{ 40} + 32*{  8} + 2*{ 64} + -512*{ 89} + 8*{  0} + 16384*{ 32} + -4*{121} + -16384*{ 33} + 131072*{112} + -1*{137} + 1*{136} + 64*{ 56} + 4*{120} > 0 

256*{ 17} + -131072*{114} + 512*{ 89} + 16384*{ 33} + 128*{ 81} + -8*{  2} + 64*{ 57} + -32768*{106} + 4*{121} + -4*{122} + 4096*{ 97} + 8192*{129} + 1*{137} + 16*{ 73} + -512*{ 90} + -2*{ 66} + 32768*{105} + -65536*{ 42} + 1024*{ 49} + -32*{ 10} + -16*{ 74} + 32*{  9} + -256*{ 18} + -128*{ 82} + 65536*{ 41} + -64*{ 58} + 2*{ 65} + -16384*{ 34} + -8192*{130} + -2048*{ 26} + -1*{138} + -4096*{ 98} + 131072*{113} + 8*{  1} + -1024*{ 50} + 2048*{ 25} > 0 

-1024*{ 51} + -64*{ 59} + 1024*{ 50} + 2*{ 66} + 131072*{114} + -32*{ 11} + 8*{  2} + -8*{  3} + 1*{138} + 128*{ 82} + -1*{139} + 256*{ 18} + -128*{ 83} + 4096*{ 98} + 4*{122} + -2048*{ 27} + -8192*{131} + -4096*{ 99} + -16384*{ 35} + 65536*{ 42} + 64*{ 58} + -16*{ 75} + 512*{ 90} + -4*{123} + -131072*{115} + -65536*{ 43} + -32768*{107} + 32768*{106} + 16384*{ 34} + 2048*{ 26} + 8192*{130} + -512*{ 91} + 32*{ 10} + -256*{ 19} + 16*{ 74} + -2*{ 67} > 0 

-1024*{ 52} + 512*{ 91} + 1024*{ 51} + 128*{ 83} + 1*{139} + -16384*{ 36} + -2048*{ 28} + 2048*{ 27} + 64*{ 59} + 131072*{115} + -512*{ 92} + 4*{123} + -1*{140} + -65536*{ 44} + -4096*{100} + 16*{ 75} + 8192*{131} + 4096*{ 99} + -32*{ 12} + -64*{ 60} + 256*{ 19} + -131072*{116} + 16384*{ 35} + -256*{ 20} + 32*{ 11} + -16*{ 76} + -128*{ 84} + 65536*{ 43} + -4*{124} + -2*{ 68} + 32768*{107} + -8192*{132} + 8*{  3} + 2*{ 67} + -32768*{108} + -8*{  4} > 0 

-256*{ 21} + -32*{ 13} + 128*{ 84} + -4*{125} + -64*{ 61} + 8192*{132} + -16*{ 77} + -512*{ 93} + -8*{  5} + -1*{141} + 32*{ 12} + 131072*{116} + 16384*{ 36} + -65536*{ 45} + -32768*{109} + -2048*{ 29} + 64*{ 60} + 512*{ 92} + -1024*{ 53} + -2*{ 69} + 1024*{ 52} + 4*{124} + -128*{ 85} + -16384*{ 37} + 16*{ 76} + 32768*{108} + 8*{  4} + 256*{ 20} + 4096*{100} + 65536*{ 44} + 1*{140} + -4096*{101} + 2*{ 68} + -8192*{133} + 2048*{ 28} + -131072*{117} > 0 

2*{ 69} + 32*{ 13} + -65536*{ 46} + -16*{ 78} + -131072*{118} + 4*{125} + -8192*{134} + 65536*{ 45} + 32768*{109} + -128*{ 86} + 2048*{ 29} + 4096*{101} + -4096*{102} + 512*{ 93} + 8*{  5} + 16*{ 77} + 128*{ 85} + 1024*{ 53} + -2*{ 70} + 1*{141} + -1024*{ 54} + -512*{ 94} + -64*{ 62} + 8192*{133} + -2048*{ 30} + 131072*{117} + 16384*{ 37} + -8*{  6} + -32*{ 14} + -256*{ 22} + 64*{ 61} + -4*{126} + -32768*{110} + -16384*{ 38} + -1*{142} + 256*{ 21} > 0 

128*{ 86} + -1024*{ 55} + -1*{143} + 1024*{ 54} + 256*{ 22} + 32*{ 14} + -32*{ 15} + -65536*{ 47} + 64*{ 62} + 16384*{ 38} + 1*{142} + -32768*{111} + -2048*{ 31} + 4096*{102} + -8*{  7} + 4*{126} + 2*{ 70} + -16384*{ 39} + -4096*{103} + 8*{  6} + -8192*{135} + 8192*{134} + 16*{ 78} + 65536*{ 46} + -16*{ 79} + 131072*{118} + 2048*{ 30} + -512*{ 95} + 32768*{110} + -2*{ 71} + -128*{ 87} + -256*{ 23} + -4*{127} + 512*{ 94} + -64*{ 63} + -131072*{119} > 0 

1*{143} > 0 

{9, 7, 1, 1, 1, 1, 1, 1, 1, 1, 1} vars: 186, vectors: 19
1 5.257001e+00 5.257001e+00 -2.434514e-01 5.562370e-15
2 5.820198e+00 5.257001e+00 -2.238819e-01 1.363489e-14
3 2.973031e+03 5.257001e+00 -1.661100e-01 5.851089e-13
4 3.439054e+03 5.257001e+00 -1.281267e-01 7.192084e-13
5 1.240177e+03 5.257001e+00 -9.852976e-02 2.907442e-13
6 1.605088e+05 5.257001e+00 -7.576426e-02 8.752686e-11
7 5.973974e+04 5.257001e+00 -5.857472e-02 7.424544e-12
8 2.152194e+04 5.257001e+00 -4.522402e-02 3.742842e-12
9 7.759148e+03 5.257001e+00 -3.468370e-02 9.710704e-13
10 2.235039e+04 5.257001e+00 -2.682210e-02 8.615463e-13
11 8.091887e+03 5.257001e+00 -2.064628e-02 9.280901e-13
12 2.908511e+03 5.257001e+00 -1.586984e-02 1.148157e-13
13 1.046964e+03 5.257001e+00 -1.216174e-02 1.064883e-13
14 3.766753e+02 5.257001e+00 -9.310288e-03 5.695503e-14
15 1.362293e+02 5.257001e+00 -7.089613e-03 9.424894e-14
16 5.264070e+01 5.257001e+00 -5.385698e-03 7.163410e-15
17 1.882598e+01 5.257001e+00 -4.065674e-03 3.572890e-15
18 6.729866e+00 5.257001e+00 -3.047398e-03 8.951128e-16
19 2.395342e+00 2.395342e+00 -2.261481e-03 4.610663e-16
20 9.064431e-01 9.064431e-01 -1.712348e-03 1.159022e-16
21 3.612357e-01 3.612357e-01 -1.487568e-03 5.576823e-17
22 6.543956e-01 3.612357e-01 -1.089881e-03 1.115060e-16
23 3.595096e-01 3.595096e-01 -8.939260e-04 5.483791e-18
24 4.380721e-01 3.595096e-01 -6.831127e-04 1.110845e-16
25 2.466168e-01 2.466168e-01 6.147086e-04 1.150438e-15
26 9.708882e+07 2.466168e-01 4.770286e-04 1.490116e-08
27 5.101409e+08 2.466168e-01 3.696966e-04 5.960465e-08
28 1.840874e+08 2.466168e-01 2.865114e-04 7.847867e-12
29 6.640923e+07 2.466168e-01 2.220617e-04 7.450581e-09
30 2.425196e+07 2.466168e-01 1.720883e-04 3.725290e-09
31 8.748628e+06 2.466168e-01 1.333559e-04 1.862645e-09
32 3.155916e+06 2.466168e-01 1.033372e-04 4.656613e-10
33 1.138417e+06 2.466168e-01 8.007077e-05 2.328306e-10
34 4.106398e+05 2.466168e-01 6.203566e-05 1.888813e-14
35 1.481134e+05 2.466168e-01 4.805694e-05 6.372719e-15
36 5.342223e+04 2.466168e-01 3.722898e-05 7.275958e-12
37 1.927072e+04 2.466168e-01 2.883409e-05 3.637979e-12
38 6.951397e+03 2.466168e-01 2.232983e-05 9.094948e-13
39 2.508209e+03 2.466168e-01 1.726120e-05 4.547474e-13
40 9.109796e+02 2.466168e-01 1.333174e-05 1.136868e-13
41 3.290417e+02 2.466168e-01 1.024548e-05 1.231862e-17
42 1.090991e+03 2.466168e-01 7.925651e-06 2.273737e-13
43 3.933373e+02 2.466168e-01 6.126176e-06 5.684342e-14
44 1.417256e+02 2.466168e-01 4.729725e-06 3.252310e-18
45 5.104016e+01 2.466168e-01 3.640436e-06 7.105428e-15
46 1.839460e+01 2.466168e-01 2.797647e-06 6.381474e-19
47 1.354742e+01 2.466168e-01 2.215359e-06 1.776357e-15
48 5.070423e+02 2.466168e-01 1.701486e-06 5.684342e-14
49 1.104859e+05 2.466168e-01 1.318169e-06 2.296119e-16
50 4.562926e+04 2.466168e-01 1.020502e-06 5.485832e-17
51 1.651592e+04 2.466168e-01 7.885961e-07 3.637979e-12
52 5.971298e+03 2.466168e-01 6.010596e-07 9.094947e-13
53 1.979505e+08 2.466168e-01 4.655341e-07 3.434278e-15
54 7.242584e+07 2.466168e-01 3.607536e-07 1.490116e-08
55 2.612712e+07 2.466168e-01 2.795451e-07 3.725290e-09
56 9.424642e+06 2.466168e-01 2.166118e-07 1.862645e-09
57 3.399651e+06 2.466168e-01 1.678360e-07 8.429473e-17
58 1.226313e+06 2.466168e-01 1.299228e-07 2.452822e-17
59 7.674152e+05 2.466168e-01 1.005046e-07 2.328306e-10
60 5.101503e+05 2.466168e-01 7.780499e-08 5.820766e-11
61 1.839204e+05 2.466168e-01 6.020929e-08 5.820766e-11
62 6.633543e+04 2.466168e-01 4.657684e-08 1.190334e-18
63 2.400090e+04 2.466168e-01 3.598227e-08 3.637979e-12
64 8.641314e+03 2.466168e-01 2.785868e-08 3.637979e-12
65 3.141876e+03 2.466168e-01 2.151196e-08 4.547474e-13
66 1.132808e+03 2.466168e-01 1.662064e-08 2.273737e-13
67 8.293659e+02 2.466168e-01 1.269281e-08 1.136868e-13
68 3.004020e+02 2.466168e-01 9.687800e-09 5.684342e-14
69 1.084089e+02 2.466168e-01 7.339508e-09 2.842171e-14
70 3.867049e+01 2.466168e-01 5.560888e-09 1.421085e-14
71 1.431862e+01 2.466168e-01 4.143124e-09 1.776357e-15
72 5.063664e+00 2.466168e-01 3.082950e-09 1.200095e-21
73 1.806795e+00 2.466168e-01 2.352778e-09 1.086008e-22
74 6.649529e-01 2.466168e-01 2.172067e-09 3.330669e-16
75 3.042438e+01 2.466168e-01 1.510065e-09 3.552714e-15
76 5.725365e+05 2.466168e-01 1.168856e-09 1.164153e-10
77 6.444375e+05 2.466168e-01 9.052780e-10 1.164153e-10
78 2.324584e+05 2.466168e-01 7.009357e-10 4.709464e-20
79 8.381649e+04 2.466168e-01 5.423695e-10 1.455192e-11
80 3.021224e+04 2.466168e-01 4.200149e-10 3.637979e-12
81 1.100046e+04 2.466168e-01 3.243564e-10 1.818989e-12
82 3.964871e+03 2.466168e-01 2.504952e-10 7.410903e-22
83 1.428073e+03 2.466168e-01 1.930922e-10 4.547474e-13
84 5.150996e+02 2.466168e-01 1.484354e-10 1.113201e-22
85 1.905426e+02 2.466168e-01 1.142926e-10 5.119738e-23
86 1.046125e+02 2.466168e-01 7.191832e-11 2.842171e-14
87 1.620532e+05 2.466168e-01 5.481059e-11 2.910383e-11
88 1.253257e+06 2.466168e-01 4.246841e-11 2.328306e-10
89 4.536805e+05 2.466168e-01 3.291216e-11 5.820766e-11
90 1.636737e+05 2.466168e-01 2.549817e-11 5.820766e-11
91 5.937175e+04 2.466168e-01 1.975314e-11 7.275958e-12
92 2.164799e+04 2.466168e-01 1.529712e-11 7.275958e-12
93 7.915192e+03 2.466168e-01 1.184978e-11 1.818989e-12
94 2.856285e+03 2.466168e-01 9.109375e-12 9.094947e-13
95 5.907021e+05 2.466168e-01 6.922186e-12 1.164153e-10
96 1.530706e+06 2.466168e-01 5.362712e-12 4.656613e-10
97 5.598720e+05 2.466168e-01 4.155149e-12 1.164153e-10
98 2.019630e+05 2.466168e-01 3.216412e-12 4.727059e-22
99 7.364332e+04 2.466168e-01 2.491111e-12 1.801659e-22
100 2.656462e+04 2.466168e-01 1.929640e-12 5.022071e-23
101 9.581046e+03 2.466168e-01 1.426741e-12 3.637979e-12
102 1.810348e+07 2.466168e-01 1.103472e-12 7.450581e-09
103 1.507256e+07 2.466168e-01 8.544383e-13 1.862645e-09
104 5.542710e+06 2.466168e-01 6.613558e-13 9.313226e-10
105 4.350803e+08 2.466168e-01 5.126031e-13 5.531188e-20
106 9.695085e+08 2.466168e-01 3.972123e-13 1.192093e-07
107 3.508895e+08 2.466168e-01 3.077642e-13 1.192093e-07
108 1.267837e+08 2.466168e-01 2.384595e-13 1.490116e-08
109 4.624674e+07 2.466168e-01 1.847721e-13 9.297436e-22
110 1.668160e+07 2.466168e-01 1.431563e-13 1.862645e-09
111 6.017795e+06 2.466168e-01 1.109275e-13 2.197334e-22
112 2.170652e+06 2.466168e-01 8.595627e-14 4.656613e-10
113 7.829543e+05 2.466168e-01 6.661182e-14 4.798555e-23
114 2.823905e+05 2.466168e-01 5.162797e-14 5.888625e-24
115 1.018391e+05 2.466168e-01 4.003900e-14 1.455192e-11
116 3.673324e+04 2.466168e-01 3.110779e-14 7.275958e-12
117 1.324376e+04 2.466168e-01 2.426490e-14 1.818989e-12
118 4.774252e+03 2.466168e-01 1.904241e-14 1.738954e-25
119 1.718557e+03 2.466168e-01 1.515600e-14 4.547474e-13
120 1.839390e+03 2.466168e-01 1.224709e-14 4.163113e-26
121 6.625865e+02 2.466168e-01 1.041927e-14 2.008877e-26
122 2.394650e+02 2.466168e-01 9.699180e-15 5.684342e-14
123 8.721413e+01 2.466168e-01 1.042290e-14 1.421085e-14
124 3.206447e+01 2.466168e-01 1.339926e-14 7.105427e-15
125 1.177751e+01 2.466168e-01 1.982605e-14 1.776357e-15
126 4.242442e+00 2.466168e-01 3.089324e-14 8.881784e-16
127 1.506234e+00 2.466168e-01 4.908733e-14 5.541317e-28
128 5.410925e-01 2.466168e-01 8.445494e-14 3.904618e-28
129 2.082164e-01 2.082164e-01 1.946591e-13 1.029252e-27
130 9.618941e-02 9.618941e-02 6.347616e-13 1.387779e-17
131 5.730652e-02 5.730652e-02 9.066630e-13 1.387779e-17
132 3.016972e-02 3.016972e-02 2.105122e-12 6.938894e-18
133 3.681654e-02 3.016972e-02 1.558484e-12 6.938894e-18
134 2.811259e-02 2.811259e-02 1.188422e-12 3.469447e-18
135 9.641052e-03 9.641052e-03 1.252526e-12 1.663004e-27
136 3.966183e-03 3.966183e-03 2.379345e-12 3.029940e-27
137 1.678002e-03 1.678002e-03 3.828297e-12 4.320604e-27
138 6.982087e-04 6.982087e-04 5.819313e-12 1.084202e-19
139 2.837519e-04 2.837519e-04 8.765561e-12 5.421011e-20
140 1.093255e-04 1.093255e-04 1.241108e-11 4.065758e-20
141 3.963014e-05 3.963014e-05 1.582092e-11 1.885317e-27
142 1.302797e-05 1.302797e-05 1.859020e-11 5.082198e-21
143 4.203889e-06 4.203889e-06 2.165975e-11 8.470329e-22
144 1.352696e-06 1.352696e-06 2.598254e-11 2.117582e-22
145 4.364040e-07 4.364040e-07 3.203065e-11 5.293956e-23
146 1.393427e-07 1.393427e-07 3.883695e-11 8.486097e-27
147 4.344040e-08 4.344040e-08 4.456038e-11 9.303555e-28
148 1.330683e-08 1.330683e-08 4.849946e-11 1.403667e-27
149 4.046289e-09 4.046289e-09 5.096655e-11 8.271808e-25
150 1.226857e-09 1.226857e-09 5.244679e-11 5.701205e-28
151 3.715394e-10 3.715394e-10 5.331619e-11 1.033988e-25
152 1.124543e-10 1.124543e-10 5.382231e-11 1.077128e-28
153 3.402596e-11 3.402596e-11 5.411755e-11 2.736079e-28
154 1.029526e-11 1.029526e-11 5.430385e-11 3.234170e-27
155 3.115664e-12 3.115664e-12 5.446962e-11 4.116401e-28
156 9.453355e-13 9.453355e-13 5.485117e-11 3.324604e-29
x:  2.907439e-01 -3.102400e-01 -2.354709e-01 -1.977952e-01 -4.601230e-02  8.625110e-02  1.780273e-01 -2.861685e-01 -2.689203e-01 -5.391336e-02 -7.228365e-02  1.512195e-01  2.280808e-01 -4.695876e-02 -2.226421e-02  3.028184e-01  7.774583e-02  3.213893e-01 -2.820207e-01  1.091375e-02 -6.080737e-02 -2.314123e-01  1.059747e-01  1.678974e-01 -2.322496e-01 -3.246686e-01 -3.325932e-01  5.680602e-02 -3.126242e-01  5.336578e-02  2.663118e-01 -2.740236e-01  3.328802e-01 -3.320330e-01  2.967950e-01  3.101689e-01 -3.181113e-01  3.333300e-01 -3.129594e-01  3.328498e-01  3.180653e-01  3.228474e-01 -6.823412e-02  2.311297e-01  3.145974e-01 -7.493124e-02 -7.232964e-02 -3.232291e-01  3.103503e-01 -3.005319e-01 -2.408832e-01  4.645885e-02 -7.905424e-02 -6.518257e-02  9.512736e-02  2.193012e-01  3.283769e-01  1.741198e-01 -1.410288e-01  2.807153e-01 -2.771501e-01  2.839460e-01  2.447656e-01 -2.326234e-01  2.398254e-01 -4.696242e-02  3.333177e-01 -1.600655e-01  3.150002e-01 -7.788971e-02 -2.965009e-01  3.305785e-01 -1.630311e-01 -1.219113e-01  2.359333e-01  2.683062e-01  3.301424e-01  3.219812e-01  2.818110e-01 -1.709348e-01  1.969592e-01  3.289445e-01  3.254015e-01 -2.970587e-01 -2.430850e-01  3.300090e-01  3.325890e-01 -1.393280e-01 -3.241399e-01  8.843124e-02  1.776948e-01  3.331546e-01 -3.277402e-01 -2.399155e-01 -3.160388e-01 -2.879610e-01  2.391050e-01 -7.550787e-02 -2.220127e-02 -3.284573e-01 -1.156601e-01 -3.290339e-01 -2.004722e-01  1.897950e-01  1.737367e-02  2.941601e-02 -1.517360e-01  1.220918e-01 -9.958062e-02 -1.497734e-03 -1.147499e-01 -1.794806e-02  9.972725e-02  8.295007e-02 -3.262748e-01 -2.401878e-01  1.101800e-01  3.248021e-01 -3.253914e-01  8.144970e-02 -1.216295e-01 -1.441933e-01  2.304050e-01 -3.300799e-01 -3.238234e-01 -3.268980e-01  3.194713e-01 -2.510341e-01 -5.726911e-02  2.842419e-01  3.020298e-01 -1.797499e-01  1.851998e-01 -1.746018e-01 -2.262762e-01 -2.387415e-01  2.315059e-01 -3.300086e-01  3.235110e-03 -2.923871e-01  1.090228e-01  3.241056e-01  1.523103e-01  4.276721e-02  2.182898e-01  2.519139e-01  2.573184e-01 -2.118923e-01  8.074806e-02  3.234049e-01  3.313181e-01 -3.659700e-02  2.885997e-03 -3.333208e-01  3.331660e-01 -1.055796e-02  2.874137e-01  1.688328e-01  3.324004e-01 -2.492100e-02 -3.331330e-01  1.155099e-02  3.242678e-01  7.721034e-02  3.251499e-01 -7.340756e-02 -2.869052e-01 -1.696951e-01  2.227352e-01 -2.479922e-01  1.882631e-01 -2.750783e-01  2.610131e-01  2.073239e-01 -2.440205e-01 -2.270794e-01  2.756677e-01  1.873991e-01  2.681086e-01 -1.980626e-01  2.630278e-01 -2.047621e-01  1.497462e-01  2.978040e-01 -3.037450e-01 -1.372955e-01  5.485117e-11
grad:  3.533883e-20 -1.811803e-19 -2.144869e-20 -8.440302e-20  5.325280e-20  4.786755e-19 -1.324916e-19  1.514116e-19 -1.469777e-19  1.610231e-19  1.275450e-19 -2.222491e-20 -1.472727e-19  2.145464e-19  1.773723e-20  1.190517e-19 -1.580061e-19  1.967034e-19  3.281487e-20  1.876113e-19 -4.372371e-19 -3.456951e-19  3.294865e-19  1.711395e-19 -8.405896e-20 -7.497558e-20 -3.747049e-21 -2.279602e-19 -1.068203e-19 -2.717982e-19  1.361348e-19  1.133139e-19 -3.153740e-20 -7.358923e-21 -1.280557e-20 -1.252127e-19  1.315801e-19 -2.087873e-21  1.548171e-19  3.851904e-20 -8.412167e-20 -9.399322e-21 -2.681655e-19  8.562501e-20  5.288210e-21  1.905461e-19  2.248686e-19 -1.051771e-19 -1.889961e-19 -3.055941e-20  1.344476e-20  2.201961e-19 -1.305516e-19 -3.588025e-19 -1.375972e-19  4.899318e-21  2.134004e-22  2.379013e-19  5.845806e-20 -1.235349e-19  2.652715e-21 -2.452630e-19 -2.852140e-21  2.157038e-20  5.235867e-19 -6.339814e-19 -4.610168e-21  8.213745e-19  2.189919e-20 -6.002290e-19 -2.702197e-20 -6.812916e-20  4.911694e-20  3.862558e-19 -4.225378e-20 -3.670555e-20  1.294969e-20 -1.209529e-19  9.351663e-20 -2.674394e-19 -2.305652e-19  4.147942e-20  1.692027e-20 -2.955262e-20 -1.703919e-19  8.379697e-21  1.809025e-20  1.695472e-19 -2.579020e-20 -6.300484e-19  4.954157e-20 -1.563913e-20  6.367861e-20  3.333421e-19  9.950483e-20  1.004410e-19 -1.049904e-19  2.909686e-19 -5.558224e-20 -4.591509e-20  2.371717e-19 -6.538345e-20  1.795816e-19  1.566580e-19  3.327129e-19  1.405731e-19 -2.808444e-20  3.727235e-19 -4.097655e-19  6.230605e-20 -4.224494e-19  5.959318e-19  2.392759e-19  1.024766e-19  5.228379e-20  7.455623e-20  1.610505e-20  3.982003e-20 -5.477197e-20 -3.879831e-19 -4.333352e-19  4.347836e-20  3.202697e-20  9.478264e-21  1.827999e-20  7.265847e-20  5.308774e-20 -1.791580e-21 -1.217886e-20 -1.349207e-19  2.370769e-20 -1.986363e-19  1.151741e-20 -4.195487e-19 -6.394624e-21 -2.823695e-20 -5.116649e-19  7.581916e-20  3.156658e-19 -4.761439e-19 -6.384408e-20 -1.158134e-19  1.506560e-20  6.939956e-19  1.107657e-19 -1.052540e-19 -6.280559e-20 -6.898641e-20 -3.797324e-20 -2.660752e-20  1.107223e-20  3.745848e-19 -1.448798e-19  1.066591e-20  8.898600e-21  8.116550e-19  1.654087e-19 -2.757440e-19 -5.015741e-21 -5.973405e-20 -2.311211e-21 -4.701607e-19 -1.076803e-19  3.494950e-19 -8.972095e-21 -4.027740e-20  2.215265e-19 -3.496614e-19 -3.864095e-19 -3.534811e-19 -4.381228e-19 -2.884189e-19  1.741532e-19 -2.439195e-19 -2.975038e-20  4.746426e-20  2.354653e-19 -3.473091e-19 -2.572603e-20 -7.873874e-21  7.523082e-20  8.869001e-20  4.328580e-19 -2.164693e-19  2.183500e-19 -4.748486e-19  9.453355e-13
finished in 156 iterations (0.654 seconds total)
max viol = 1.26018e-07
