---------------------
Basis Indices:
---------------------

{-, -, -, -, -, -, -, -, -}, {-, -, -, -, -, -, -, -, -}, {-, -, -, -, -, -, -, -, -}, {-, -, -, -, -, -, -, -, -}, {-, -, -, -, -, -, -, -, -}, {-, -, -, -, -, -, -, -, -}, {-, -, -, -, -, -, -, -, -}, {-, -, -, -, -, -, -, -, -}, {-, -, -, -, -, -, -, -, -}


{-, -, -, -, -, -, -, -, -}, {-, 91+i577, 92+i578, 93+i579, 94+i580, 95+i581, 96+i582, 97+i583, 98+i584}, {-, 100+i586, 101+i587, 102+i588, 103+i589, 104+i590, 105+i591, 106+i592, 107+i593}, {-, 109+i595, 110+i596, 111+i597, 112+i598, 113+i599, 114+i600, 115+i601, 116+i602}, {-, 118+i604, 119+i605, 120+i606, 121+i607, 122+i608, 123+i609, 124+i610, 125+i611}, {-, 127+i613, 128+i614, 129+i615, 130+i616, 131+i617, 132+i618, 133+i619, 134+i620}, {-, 136+i622, 137+i623, 138+i624, 139+i625, 140+i626, 141+i627, 142+i628, 143+i629}, {}, {}


{-, 163+i649, 164+i650, 165+i651, 166+i652, 167+i653, 168+i654, 169+i655, 170+i656}, {}, {}, {}, {}, {}, {}, {}, {}


{-, 244+i730, 245+i731, 246+i732, 247+i733, 248+i734, 249+i735, 250+i736, 251+i737}, {}, {}, {}, {}, {}, {}, {}, {}


{-, 325+i811, 326+i812, 327+i813, 328+i814, 329+i815, 330+i816, 331+i817, 332+i818}, {}, {}, {}, {}, {}, {}, {}, {}


{-, 406+i892, 407+i893, 408+i894, 409+i895, 410+i896, 411+i897, 412+i898, 413+i899}, {}, {}, {}, {}, {}, {}, {}, {}

---------------------
Index Mapping: 
---------------------

{1031: 219, 1030: 218, 1029: 217, 1028: 216, 1027: 215, 1026: 214, 1025: 213, 1024: 212, 1023: 211, 1014: 202, 1013: 201, 1012: 200, 1011: 199, 1010: 198, 1009: 197, 1008: 196, 1007: 195, 1006: 194, 1005: 193, 1004: 192, 1003: 191, 1002: 190, 1001: 189, 1000: 188, 999: 187, 998: 186, 997: 185, 996: 184, 995: 183, 986: 174, 985: 173, 984: 172, 983: 171, 982: 170, 981: 169, 980: 168, 979: 167, 978: 166, 977: 165, 976: 164, 975: 163, 974: 162, 973: 161, 972: 160, 897: 157, 818: 151, 817: 150, 816: 149, 815: 148, 814: 147, 813: 146, 812: 145, 811: 144, 994: 182, 737: 143, 993: 181, 736: 142, 992: 180, 735: 141, 991: 179, 734: 140, 990: 178, 733: 139, 989: 177, 732: 138, 988: 176, 731: 137, 987: 175, 730: 136, 649: 128, 1015: 203, 244: 56, 167: 52, 143: 47, 656: 135, 142: 46, 655: 134, 141: 45, 654: 133, 140: 44, 653: 132, 139: 43, 652: 131, 138: 42, 651: 130, 137: 41, 650: 129, 136: 40, 134: 39, 133: 38, 132: 37, 131: 36, 130: 35, 129: 34, 1017: 205, 246: 58, 119: 25, 899: 159, 128: 33, 1016: 204, 245: 57, 118: 24, 898: 158, 127: 32, 896: 156, 125: 31, 895: 155, 124: 30, 1022: 210, 251: 63, 894: 154, 123: 29, 1021: 209, 250: 62, 98: 7, 611: 111, 97: 6, 610: 110, 96: 5, 604: 104, 609: 109, 95: 4, 608: 108, 94: 3, 602: 103, 601: 102, 893: 153, 122: 28, 1020: 208, 249: 61, 606: 106, 92: 1, 600: 101, 892: 152, 121: 27, 1019: 207, 248: 60, 163: 48, 605: 105, 91: 0, 599: 100, 120: 26, 1018: 206, 247: 59, 164: 49, 613: 112, 165: 50, 100: 8, 614: 113, 166: 51, 107: 15, 101: 9, 615: 114, 168: 53, 103: 11, 617: 116, 169: 54, 104: 12, 618: 117, 170: 55, 625: 123, 111: 18, 105: 13, 619: 118, 626: 124, 112: 19, 106: 14, 620: 119, 627: 125, 113: 20, 628: 126, 114: 21, 622: 120, 629: 127, 115: 22, 109: 16, 623: 121, 116: 23, 110: 17, 624: 122, 579: 82, 580: 83, 581: 84, 328: 67, 325: 64, 582: 85, 326: 65, 583: 86, 327: 66, 584: 87, 329: 68, 586: 88, 406: 72, 407: 73, 408: 74, 409: 75, 410: 76, 411: 77, 412: 78, 413: 79, 577: 80, 578: 81, 330: 69, 587: 89, 331: 70, 588: 90, 332: 71, 589: 91, 590: 92, 591: 93, 592: 94, 593: 95, 595: 96, 596: 97, 597: 98, 598: 99, 93: 2, 607: 107, 102: 10, 616: 115}

---------------------
Final Problem: 
---------------------
Find a point satisfying:

1*{  2 10} + 1*{ 80 88} + 1*{ 86 94} + 0.111111*{} + 1*{  7 15} + 1*{  0  8} + 1*{ 83 91} + 1*{  4 12} + 1*{  3 11} + 1*{  5 13} + 1*{ 81 89} + 1*{  6 14} + 1*{ 82 90} + 1*{ 85 93} + 1*{  1  9} + 1*{ 87 95} + 1*{ 84 92} = 0 

1*{  6 94} + 1*{  0 88} + 1*{  2 90} + -1*{  9 81} + 1*{  1 89} + -1*{ 11 83} + -1*{ 13 85} + -1*{  8 80} + 1*{  4 92} + 1*{  3 91} + -1*{ 15 87} + -1*{ 10 82} + -1*{ 14 86} + -1*{ 12 84} + 1*{  5 93} + 1*{  7 95} = 0 

1*{ 83 99} + 1*{ 86102} + 1*{  2 18} + 1*{  4 20} + 1*{ 82 98} + 1*{ 80 96} + 1*{ 87103} + 1*{ 84100} + 1*{  7 23} + 1*{ 85101} + 1*{ 81 97} + 1*{  1 17} + 1*{  0 16} + 1*{  3 19} + 1*{  6 22} + 0.111111*{} + 1*{  5 21} = 0 

-1*{ 21 85} + -1*{ 17 81} + 1*{  6102} + 1*{  5101} + 1*{  0 96} + -1*{ 20 84} + 1*{  3 99} + -1*{ 16 80} + -1*{ 19 83} + 1*{  7103} + -1*{ 23 87} + -1*{ 22 86} + 1*{  1 97} + 1*{  2 98} + 1*{  4100} + -1*{ 18 82} = 0 

1*{  6 30} + 1*{  5 29} + 1*{ 81105} + 1*{  4 28} + 1*{  2 26} + 1*{ 85109} + 1*{ 82106} + 1*{ 86110} + 1*{  7 31} + 1*{ 87111} + 1*{ 80104} + 1*{ 84108} + 0.111111*{} + 1*{  0 24} + 1*{  1 25} + 1*{ 83107} + 1*{  3 27} = 0 

-1*{ 25 81} + 1*{  5109} + -1*{ 31 87} + -1*{ 27 83} + -1*{ 30 86} + -1*{ 24 80} + -1*{ 28 84} + -1*{ 26 82} + 1*{  3107} + 1*{  2106} + 1*{  4108} + 1*{  6110} + 1*{  0104} + -1*{ 29 85} + 1*{  7111} + 1*{  1105} = 0 

1*{ 86118} + 1*{  1 33} + 1*{  0 32} + 1*{  2 34} + 1*{  4 36} + 1*{ 80112} + 1*{ 81113} + 1*{ 85117} + 1*{ 83115} + 1*{  5 37} + 1*{  7 39} + 1*{ 84116} + 1*{  3 35} + 0.111111*{} + 1*{  6 38} + 1*{ 87119} + 1*{ 82114} = 0 

1*{  2114} + -1*{ 34 82} + 1*{  0112} + -1*{ 36 84} + -1*{ 35 83} + 1*{  1113} + 1*{  5117} + -1*{ 38 86} + 1*{  4116} + 1*{  6118} + -1*{ 33 81} + 1*{  3115} + -1*{ 39 87} + -1*{ 37 85} + 1*{  7119} + -1*{ 32 80} = 0 

1*{ 83123} + 0.111111*{} + 1*{  4 44} + 1*{  3 43} + 1*{  6 46} + 1*{ 87127} + 1*{ 86126} + 1*{  5 45} + 1*{  1 41} + 1*{ 84124} + 1*{ 81121} + 1*{  7 47} + 1*{  2 42} + 1*{ 80120} + 1*{ 85125} + 1*{ 82122} + 1*{  0 40} = 0 

-1*{ 43 83} + -1*{ 40 80} + -1*{ 44 84} + 1*{  5125} + 1*{  3123} + 1*{  4124} + 1*{  6126} + -1*{ 46 86} + -1*{ 47 87} + 1*{  7127} + 1*{  1121} + 1*{  2122} + -1*{ 45 85} + -1*{ 42 82} + -1*{ 41 81} + 1*{  0120} = 0 

-0.111111*{} + 1*{161161} + 1*{160160} = 0 

1*{  6 54} + 1*{ 80128} + 1*{ 81129} + 0.111111*{} + 1*{  0 48} + -1*{160} + 1*{  5 53} + 1*{  1 49} + 1*{  7 55} + 1*{  3 51} + 1*{ 83131} + 1*{  4 52} + 1*{ 86134} + 1*{ 84132} + 1*{ 87135} + 1*{  2 50} + 1*{ 82130} + 1*{ 85133} = 0 

-1*{ 49 81} + 1*{  6134} + 1*{  0128} + 1*{  2130} + -1*{ 55 87} + -1*{161} + 1*{  4132} + -1*{ 51 83} + 1*{  1129} + -1*{ 48 80} + 1*{  3131} + -1*{ 52 84} + 1*{  7135} + -1*{ 54 86} + -1*{ 53 85} + 1*{  5133} + -1*{ 50 82} = 0 

-0.111111*{} + 1*{163163} + 1*{162162} = 0 

1*{  2 58} + 1*{ 86142} + 1*{  7 63} + 1*{  1 57} + 1*{ 80136} + 1*{  0 56} + 0.111111*{} + 1*{ 81137} + 1*{ 83139} + 1*{  6 62} + 1*{ 82138} + 1*{  4 60} + 1*{  3 59} + 1*{ 84140} + 1*{ 87143} + 1*{  5 61} + -1*{162} + 1*{ 85141} = 0 

1*{  0136} + 1*{  4140} + 1*{  5141} + 1*{  1137} + -1*{ 60 84} + 1*{  6142} + -1*{ 63 87} + -1*{ 57 81} + 1*{  3139} + -1*{ 62 86} + 1*{  7143} + -1*{ 61 85} + 1*{  2138} + -1*{ 59 83} + -1*{ 58 82} + -1*{ 56 80} + -1*{163} = 0 

-0.111111*{} + 1*{165165} + 1*{164164} = 0 

1*{  6 70} + 1*{  1 65} + 1*{ 80144} + 1*{  0 64} + 1*{ 83147} + 0.111111*{} + 1*{ 81145} + 1*{ 86150} + 1*{  4 68} + 1*{ 82146} + 1*{  7 71} + 1*{  2 66} + 1*{ 84148} + 1*{  3 67} + -1*{164} + 1*{ 87151} + 1*{  5 69} + 1*{ 85149} = 0 

-1*{ 65 81} + -1*{ 68 84} + -1*{ 70 86} + 1*{  0144} + -1*{ 66 82} + 1*{  3147} + -1*{ 69 85} + -1*{ 71 87} + -1*{ 64 80} + 1*{  4148} + 1*{  6150} + 1*{  5149} + -1*{ 67 83} + 1*{  2146} + 1*{  7151} + 1*{  1145} + -1*{165} = 0 

-0.111111*{} + 1*{167167} + 1*{166166} = 0 

1*{  7 79} + 1*{ 81153} + 1*{ 87159} + 1*{ 86158} + 1*{  5 77} + 1*{  2 74} + 1*{  3 75} + 1*{  0 72} + 0.111111*{} + 1*{ 85157} + 1*{  4 76} + 1*{  6 78} + 1*{ 83155} + 1*{ 80152} + -1*{166} + 1*{  1 73} + 1*{ 84156} + 1*{ 82154} = 0 

-1*{ 73 81} + 1*{  4156} + -1*{167} + 1*{  3155} + -1*{ 75 83} + 1*{  0152} + 1*{  6158} + -1*{ 72 80} + -1*{ 74 82} + -1*{ 76 84} + 1*{  2154} + -1*{ 79 87} + 1*{  5157} + 1*{  7159} + -1*{ 77 85} + -1*{ 78 86} + 1*{  1153} = 0 

-0.111111*{} + 1*{ 80 80} + 1*{  0  0} = 0 

-0.111111*{} + 1*{  1  1} + 1*{ 81 81} = 0 

-0.111111*{} + 1*{ 82 82} + 1*{  2  2} = 0 

-0.111111*{} + 1*{ 83 83} + 1*{  3  3} = 0 

-0.111111*{} + 1*{ 84 84} + 1*{  4  4} = 0 

-0.111111*{} + 1*{ 85 85} + 1*{  5  5} = 0 

-0.111111*{} + 1*{ 86 86} + 1*{  6  6} = 0 

-0.111111*{} + 1*{  7  7} + 1*{ 87 87} = 0 

0.222222*{ 80 83} + 0.0740741*{  6} + 0.222222*{  0  2} + 0.222222*{  0  1} + 0.222222*{ 84 87} + 0.0740741*{  0} + 0.222222*{  2  6} + 0.222222*{  5  6} + 0.222222*{ 81 83} + 0.222222*{ 80 85} + 0.222222*{  4  6} + 0.222222*{  0  7} + 0.0740741*{  7} + 0.222222*{ 86 87} + 0.222222*{ 83 87} + 0.222222*{  1  2} + 0.222222*{ 80 87} + 0.222222*{  2  3} + 0.222222*{ 83 85} + 0.222222*{  0  5} + 0.0740741*{  5} + 0.0740741*{  4} + 0.222222*{  4  5} + 0.222222*{  6  7} + 0.222222*{ 82 83} + 0.0740741*{  2} + 0.222222*{ 81 82} + 0.222222*{  0  4} + 0.222222*{ 81 85} + 0.222222*{ 85 87} + 0.222222*{ 80 86} + 0.222222*{ 84 86} + 0.222222*{ 83 84} + 0.222222*{ 82 85} + 0.222222*{ 80 81} + 0.222222*{  4  7} + 0.222222*{ 81 87} + 0.222222*{ 80 84} + 0.222222*{ 80 82} + 0.222222*{ 81 84} + 0.222222*{  1  5} + 0.222222*{  1  6} + 0.222222*{  1  7} + 0.222222*{  0  6} + 0.222222*{  1  3} + 0.222222*{ 85 86} + 0.222222*{ 82 84} + 0.222222*{  2  5} + 0.222222*{ 82 86} + 0.222222*{  3  6} + 0.0740741*{  1} + 0.222222*{  3  4} + 0.222222*{ 81 86} + 0.222222*{ 83 86} + 0.222222*{  1  4} + 0.222222*{  3  7} + 0.0740741*{  3} + 0.222222*{  2  7} + 0.222222*{  3  5} + 0.222222*{ 82 87} + 0.222222*{ 84 85} + 0.222222*{  0  3} + 0.222222*{  2  4} + 0.222222*{  5  7} = 0 

1*{ 10 18} + 1*{ 89 97} + 1*{ 11 19} + 1*{ 13 21} + 1*{ 92100} + 1*{ 88 96} + 1*{  9 17} + 1*{ 15 23} + 1*{ 94102} + 1*{ 93101} + 0.111111*{} + 1*{ 91 99} + 1*{ 90 98} + 1*{  8 16} + 1*{ 14 22} + 1*{ 95103} + 1*{ 12 20} = 0 

1*{ 13101} + 1*{ 10 98} + -1*{ 21 93} + -1*{ 19 91} + 1*{ 14102} + -1*{ 17 89} + -1*{ 16 88} + -1*{ 20 92} + 1*{ 11 99} + 1*{ 15103} + -1*{ 18 90} + 1*{  8 96} + 1*{ 12100} + -1*{ 23 95} + 1*{  9 97} + -1*{ 22 94} = 0 

0.111111*{} + 1*{ 13 29} + 1*{ 11 27} + 1*{ 91107} + 1*{  9 25} + 1*{ 89105} + 1*{ 93109} + 1*{ 92108} + 1*{ 12 28} + 1*{ 10 26} + 1*{ 88104} + 1*{ 90106} + 1*{  8 24} + 1*{ 15 31} + 1*{ 94110} + 1*{ 95111} + 1*{ 14 30} = 0 

-1*{ 26 90} + 1*{  8104} + -1*{ 30 94} + 1*{ 15111} + 1*{ 10106} + 1*{ 13109} + -1*{ 29 93} + 1*{ 14110} + -1*{ 27 91} + 1*{  9105} + -1*{ 31 95} + -1*{ 28 92} + 1*{ 11107} + -1*{ 25 89} + 1*{ 12108} + -1*{ 24 88} = 0 

1*{ 92116} + 1*{  9 33} + 1*{ 15 39} + 1*{ 11 35} + 1*{  8 32} + 1*{ 93117} + 1*{ 91115} + 1*{ 14 38} + 1*{ 12 36} + 0.111111*{} + 1*{ 90114} + 1*{ 94118} + 1*{ 10 34} + 1*{ 13 37} + 1*{ 88112} + 1*{ 95119} + 1*{ 89113} = 0 

1*{  9113} + -1*{ 35 91} + -1*{ 33 89} + -1*{ 38 94} + 1*{  8112} + 1*{ 14118} + 1*{ 12116} + 1*{ 11115} + -1*{ 32 88} + -1*{ 37 93} + -1*{ 39 95} + 1*{ 15119} + 1*{ 13117} + 1*{ 10114} + -1*{ 36 92} + -1*{ 34 90} = 0 

0.111111*{} + 1*{ 92124} + 1*{ 91123} + 1*{  8 40} + 1*{ 88120} + 1*{ 15 47} + 1*{ 93125} + 1*{ 95127} + 1*{ 89121} + 1*{ 11 43} + 1*{ 90122} + 1*{ 94126} + 1*{ 12 44} + 1*{ 13 45} + 1*{ 14 46} + 1*{ 10 42} + 1*{  9 41} = 0 

-1*{ 46 94} + -1*{ 43 91} + 1*{ 11123} + -1*{ 42 90} + 1*{  9121} + 1*{  8120} + 1*{ 10122} + -1*{ 44 92} + -1*{ 41 89} + 1*{ 15127} + 1*{ 14126} + 1*{ 13125} + -1*{ 47 95} + -1*{ 40 88} + 1*{ 12124} + -1*{ 45 93} = 0 

-0.111111*{} + 1*{168168} + 1*{169169} = 0 

1*{ 95135} + 1*{ 12 52} + 1*{  9 49} + 1*{ 89129} + 1*{ 10 50} + 1*{ 13 53} + 1*{ 90130} + 1*{ 94134} + 1*{ 93133} + 1*{ 88128} + -1*{168} + 1*{ 11 51} + 1*{  8 48} + 1*{ 15 55} + 1*{ 14 54} + 1*{ 91131} + 1*{ 92132} + 0.111111*{} = 0 

1*{ 10130} + 1*{ 14134} + -1*{ 54 94} + -1*{ 52 92} + 1*{ 12132} + 1*{  8128} + -1*{169} + 1*{ 11131} + 1*{ 15135} + -1*{ 50 90} + 1*{ 13133} + -1*{ 53 93} + -1*{ 55 95} + -1*{ 51 91} + -1*{ 49 89} + 1*{  9129} + -1*{ 48 88} = 0 

-0.111111*{} + 1*{171171} + 1*{170170} = 0 

1*{ 93141} + 1*{ 89137} + 1*{ 91139} + 1*{ 92140} + 1*{ 10 58} + 1*{  9 57} + 0.111111*{} + 1*{ 11 59} + 1*{ 13 61} + -1*{170} + 1*{ 95143} + 1*{  8 56} + 1*{ 88136} + 1*{ 15 63} + 1*{ 94142} + 1*{ 90138} + 1*{ 12 60} + 1*{ 14 62} = 0 

1*{ 12140} + -1*{171} + -1*{ 59 91} + -1*{ 56 88} + 1*{ 15143} + 1*{  8136} + 1*{ 11139} + 1*{  9137} + -1*{ 62 94} + -1*{ 57 89} + 1*{ 13141} + 1*{ 14142} + -1*{ 63 95} + -1*{ 60 92} + -1*{ 61 93} + -1*{ 58 90} + 1*{ 10138} = 0 

1*{173173} + -0.111111*{} + 1*{172172} = 0 

1*{ 90146} + 1*{ 93149} + 1*{ 92148} + 1*{ 89145} + 1*{ 95151} + 1*{ 13 69} + -1*{172} + 1*{ 15 71} + 1*{ 88144} + 0.111111*{} + 1*{ 12 68} + 1*{ 91147} + 1*{ 10 66} + 1*{  9 65} + 1*{ 94150} + 1*{ 11 67} + 1*{  8 64} + 1*{ 14 70} = 0 

1*{ 10146} + -1*{ 67 91} + -1*{ 69 93} + 1*{  9145} + 1*{ 12148} + -1*{ 68 92} + 1*{ 11147} + -1*{ 64 88} + -1*{ 70 94} + 1*{ 14150} + -1*{ 66 90} + 1*{  8144} + -1*{ 71 95} + -1*{ 65 89} + -1*{173} + 1*{ 15151} + 1*{ 13149} = 0 

-0.111111*{} + 1*{175175} + 1*{174174} = 0 

1*{ 13 77} + 1*{ 88152} + 1*{ 95159} + 1*{ 15 79} + 1*{ 90154} + 1*{ 93157} + 1*{ 91155} + 1*{ 11 75} + -1*{174} + 1*{ 14 78} + 1*{ 89153} + 1*{ 12 76} + 1*{  8 72} + 1*{ 94158} + 1*{ 92156} + 1*{ 10 74} + 1*{  9 73} + 0.111111*{} = 0 

1*{ 11155} + 1*{ 14158} + -1*{ 76 92} + -1*{ 73 89} + 1*{ 12156} + -1*{ 78 94} + 1*{ 13157} + 1*{ 10154} + 1*{  9153} + -1*{ 77 93} + -1*{ 74 90} + -1*{175} + -1*{ 75 91} + 1*{  8152} + -1*{ 72 88} + 1*{ 15159} + -1*{ 79 95} = 0 

-0.111111*{} + 1*{ 88 88} + 1*{  8  8} = 0 

-0.111111*{} + 1*{ 89 89} + 1*{  9  9} = 0 

-0.111111*{} + 1*{ 90 90} + 1*{ 10 10} = 0 

-0.111111*{} + 1*{ 91 91} + 1*{ 11 11} = 0 

-0.111111*{} + 1*{ 92 92} + 1*{ 12 12} = 0 

-0.111111*{} + 1*{ 93 93} + 1*{ 13 13} = 0 

1*{ 94 94} + -0.111111*{} + 1*{ 14 14} = 0 

-0.111111*{} + 1*{ 95 95} + 1*{ 15 15} = 0 

0.222222*{ 92 95} + 0.222222*{ 11 15} + 0.222222*{  8 11} + 0.222222*{  9 15} + 0.0740741*{  8} + 0.222222*{  8 14} + 0.222222*{ 90 95} + 0.222222*{  8 13} + 0.0740741*{ 10} + 0.222222*{ 88 93} + 0.222222*{ 11 13} + 0.222222*{ 13 14} + 0.222222*{  9 14} + 0.222222*{ 90 91} + 0.222222*{  8 12} + 0.222222*{ 90 93} + 0.222222*{  9 13} + 0.222222*{ 88 90} + 0.222222*{ 91 93} + 0.222222*{ 89 90} + 0.222222*{  8 15} + 0.222222*{ 90 94} + 0.222222*{ 10 13} + 0.222222*{  8  9} + 0.222222*{ 88 92} + 0.222222*{ 88 89} + 0.222222*{ 91 92} + 0.0740741*{ 14} + 0.222222*{ 94 95} + 0.222222*{ 88 91} + 0.222222*{ 89 93} + 0.222222*{ 93 95} + 0.222222*{  9 11} + 0.0740741*{ 11} + 0.222222*{ 91 94} + 0.222222*{ 89 92} + 0.222222*{ 89 94} + 0.222222*{ 93 94} + 0.222222*{ 11 14} + 0.222222*{ 13 15} + 0.222222*{ 14 15} + 0.0740741*{ 12} + 0.222222*{  9 10} + 0.222222*{ 10 11} + 0.222222*{ 92 94} + 0.222222*{ 88 95} + 0.222222*{ 10 15} + 0.222222*{  9 12} + 0.222222*{ 89 91} + 0.222222*{ 12 15} + 0.222222*{ 88 94} + 0.222222*{ 92 93} + 0.222222*{ 89 95} + 0.222222*{  8 10} + 0.222222*{ 90 92} + 0.222222*{ 10 12} + 0.222222*{ 12 13} + 0.0740741*{  9} + 0.222222*{ 10 14} + 0.0740741*{ 13} + 0.222222*{ 11 12} + 0.222222*{ 12 14} + 0.222222*{ 91 95} + 0.0740741*{ 15} = 0 

0.111111*{} + 1*{102110} + 1*{ 18 26} + 1*{ 19 27} + 1*{100108} + 1*{ 16 24} + 1*{ 22 30} + 1*{ 23 31} + 1*{ 98106} + 1*{ 97105} + 1*{ 17 25} + 1*{ 99107} + 1*{ 20 28} + 1*{ 96104} + 1*{101109} + 1*{103111} + 1*{ 21 29} = 0 

-1*{ 28100} + 1*{ 21109} + 1*{ 16104} + -1*{ 24 96} + -1*{ 25 97} + -1*{ 27 99} + 1*{ 20108} + 1*{ 22110} + 1*{ 19107} + -1*{ 31103} + 1*{ 17105} + -1*{ 26 98} + -1*{ 29101} + -1*{ 30102} + 1*{ 18106} + 1*{ 23111} = 0 

1*{ 20 36} + 1*{ 22 38} + 1*{ 97113} + 1*{ 17 33} + 1*{ 16 32} + 1*{ 99115} + 1*{100116} + 1*{102118} + 1*{103119} + 0.111111*{} + 1*{ 96112} + 1*{101117} + 1*{ 21 37} + 1*{ 98114} + 1*{ 23 39} + 1*{ 18 34} + 1*{ 19 35} = 0 

1*{ 20116} + 1*{ 17113} + -1*{ 36100} + -1*{ 39103} + 1*{ 22118} + 1*{ 18114} + -1*{ 32 96} + -1*{ 35 99} + 1*{ 19115} + -1*{ 37101} + -1*{ 34 98} + 1*{ 16112} + -1*{ 38102} + 1*{ 23119} + 1*{ 21117} + -1*{ 33 97} = 0 

1*{ 20 44} + 1*{ 18 42} + 1*{ 96120} + 1*{ 22 46} + 1*{ 99123} + 0.111111*{} + 1*{102126} + 1*{ 23 47} + 1*{ 17 41} + 1*{100124} + 1*{ 16 40} + 1*{101125} + 1*{ 98122} + 1*{103127} + 1*{ 97121} + 1*{ 21 45} + 1*{ 19 43} = 0 

-1*{ 45101} + -1*{ 40 96} + 1*{ 20124} + 1*{ 18122} + -1*{ 47103} + -1*{ 43 99} + -1*{ 46102} + 1*{ 19123} + 1*{ 16120} + 1*{ 23127} + 1*{ 22126} + -1*{ 44100} + 1*{ 21125} + -1*{ 41 97} + 1*{ 17121} + -1*{ 42 98} = 0 

-0.111111*{} + 1*{177177} + 1*{176176} = 0 

-1*{176} + 1*{ 99131} + 1*{ 96128} + 1*{101133} + 1*{103135} + 1*{ 16 48} + 1*{ 98130} + 1*{ 20 52} + 0.111111*{} + 1*{ 23 55} + 1*{ 17 49} + 1*{ 18 50} + 1*{102134} + 1*{ 22 54} + 1*{ 19 51} + 1*{ 97129} + 1*{ 21 53} + 1*{100132} = 0 

-1*{ 55103} + 1*{ 16128} + 1*{ 22134} + -1*{ 48 96} + -1*{ 51 99} + 1*{ 17129} + 1*{ 20132} + -1*{ 53101} + -1*{ 52100} + 1*{ 21133} + -1*{ 50 98} + 1*{ 19131} + -1*{ 54102} + 1*{ 23135} + -1*{177} + -1*{ 49 97} + 1*{ 18130} = 0 

-0.111111*{} + 1*{179179} + 1*{178178} = 0 

1*{100140} + 1*{ 17 57} + 1*{ 19 59} + 1*{ 23 63} + 0.111111*{} + 1*{101141} + 1*{103143} + 1*{ 97137} + 1*{ 21 61} + 1*{ 18 58} + 1*{ 20 60} + -1*{178} + 1*{ 16 56} + 1*{ 22 62} + 1*{ 99139} + 1*{102142} + 1*{ 98138} + 1*{ 96136} = 0 

1*{ 18138} + 1*{ 20140} + 1*{ 17137} + -1*{ 60100} + -1*{ 61101} + -1*{179} + 1*{ 21141} + -1*{ 59 99} + -1*{ 56 96} + -1*{ 57 97} + -1*{ 58 98} + -1*{ 62102} + 1*{ 16136} + 1*{ 19139} + 1*{ 22142} + -1*{ 63103} + 1*{ 23143} = 0 

-0.111111*{} + 1*{181181} + 1*{180180} = 0 

1*{ 21 69} + 1*{ 22 70} + 1*{102150} + 1*{ 99147} + 1*{ 96144} + 0.111111*{} + 1*{ 97145} + 1*{103151} + 1*{ 17 65} + -1*{180} + 1*{ 18 66} + 1*{ 16 64} + 1*{101149} + 1*{ 98146} + 1*{ 19 67} + 1*{100148} + 1*{ 20 68} + 1*{ 23 71} = 0 

-1*{ 64 96} + -1*{ 65 97} + 1*{ 19147} + -1*{ 71103} + 1*{ 20148} + 1*{ 21149} + 1*{ 16144} + 1*{ 18146} + -1*{ 69101} + -1*{ 68100} + -1*{ 66 98} + 1*{ 17145} + 1*{ 23151} + -1*{ 70102} + -1*{181} + -1*{ 67 99} + 1*{ 22150} = 0 

-0.111111*{} + 1*{183183} + 1*{182182} = 0 

1*{ 18 74} + 1*{ 96152} + 1*{ 19 75} + 1*{ 16 72} + 1*{ 21 77} + 0.111111*{} + 1*{ 22 78} + 1*{102158} + 1*{ 97153} + 1*{ 20 76} + 1*{101157} + 1*{ 99155} + 1*{ 23 79} + 1*{100156} + 1*{ 17 73} + 1*{ 98154} + -1*{182} + 1*{103159} = 0 

1*{ 19155} + -1*{183} + -1*{ 73 97} + 1*{ 21157} + 1*{ 20156} + 1*{ 18154} + -1*{ 79103} + -1*{ 72 96} + 1*{ 22158} + 1*{ 17153} + 1*{ 23159} + -1*{ 78102} + -1*{ 77101} + -1*{ 74 98} + -1*{ 76100} + 1*{ 16152} + -1*{ 75 99} = 0 

-0.111111*{} + 1*{ 96 96} + 1*{ 16 16} = 0 

-0.111111*{} + 1*{ 97 97} + 1*{ 17 17} = 0 

-0.111111*{} + 1*{ 98 98} + 1*{ 18 18} = 0 

-0.111111*{} + 1*{ 99 99} + 1*{ 19 19} = 0 

-0.111111*{} + 1*{100100} + 1*{ 20 20} = 0 

-0.111111*{} + 1*{101101} + 1*{ 21 21} = 0 

-0.111111*{} + 1*{102102} + 1*{ 22 22} = 0 

-0.111111*{} + 1*{103103} + 1*{ 23 23} = 0 

0.0740741*{ 22} + 0.222222*{ 98101} + 0.222222*{ 96 99} + 0.222222*{ 16 17} + 0.222222*{ 97 99} + 0.222222*{ 19 22} + 0.222222*{ 21 23} + 0.222222*{ 17 18} + 0.222222*{ 16 21} + 0.222222*{102103} + 0.222222*{ 16 19} + 0.0740741*{ 21} + 0.222222*{100103} + 0.222222*{ 19 21} + 0.222222*{ 20 21} + 0.222222*{101102} + 0.222222*{ 97 98} + 0.222222*{ 17 22} + 0.222222*{ 17 20} + 0.222222*{ 97101} + 0.222222*{ 18 19} + 0.222222*{ 98 99} + 0.222222*{ 96101} + 0.0740741*{ 18} + 0.222222*{ 19 20} + 0.222222*{101103} + 0.222222*{ 99102} + 0.0740741*{ 19} + 0.222222*{ 16 23} + 0.222222*{ 96 98} + 0.222222*{ 97100} + 0.222222*{ 22 23} + 0.222222*{ 17 19} + 0.0740741*{ 20} + 0.222222*{ 16 20} + 0.222222*{ 98102} + 0.222222*{100102} + 0.222222*{ 18 22} + 0.222222*{ 18 20} + 0.222222*{ 17 21} + 0.222222*{ 97102} + 0.222222*{ 18 23} + 0.222222*{ 17 23} + 0.222222*{ 16 18} + 0.222222*{ 99101} + 0.222222*{ 99100} + 0.222222*{ 16 22} + 0.222222*{ 97103} + 0.222222*{ 96 97} + 0.222222*{ 18 21} + 0.222222*{100101} + 0.222222*{ 21 22} + 0.0740741*{ 23} + 0.0740741*{ 16} + 0.222222*{ 19 23} + 0.222222*{ 96102} + 0.0740741*{ 17} + 0.222222*{ 96103} + 0.222222*{ 20 23} + 0.222222*{ 20 22} + 0.222222*{ 99103} + 0.222222*{ 96100} + 0.222222*{ 98103} + 0.222222*{ 98100} = 0 

1*{104112} + 1*{107115} + 1*{ 24 32} + 0.111111*{} + 1*{110118} + 1*{ 28 36} + 1*{105113} + 1*{ 29 37} + 1*{ 25 33} + 1*{106114} + 1*{ 30 38} + 1*{ 26 34} + 1*{111119} + 1*{108116} + 1*{109117} + 1*{ 27 35} + 1*{ 31 39} = 0 

1*{ 27115} + -1*{ 39111} + -1*{ 35107} + 1*{ 31119} + -1*{ 36108} + -1*{ 37109} + -1*{ 38110} + 1*{ 24112} + 1*{ 30118} + 1*{ 25113} + -1*{ 32104} + 1*{ 29117} + -1*{ 34106} + 1*{ 28116} + -1*{ 33105} + 1*{ 26114} = 0 

1*{107123} + 1*{104120} + 1*{105121} + 1*{108124} + 0.111111*{} + 1*{111127} + 1*{ 31 47} + 1*{ 24 40} + 1*{110126} + 1*{ 30 46} + 1*{ 26 42} + 1*{109125} + 1*{ 27 43} + 1*{ 28 44} + 1*{ 29 45} + 1*{106122} + 1*{ 25 41} = 0 

1*{ 27123} + 1*{ 29125} + 1*{ 28124} + 1*{ 26122} + -1*{ 45109} + -1*{ 42106} + -1*{ 43107} + -1*{ 40104} + -1*{ 46110} + -1*{ 44108} + 1*{ 30126} + -1*{ 47111} + 1*{ 24120} + 1*{ 31127} + -1*{ 41105} + 1*{ 25121} = 0 

1*{185185} + -0.111111*{} + 1*{184184} = 0 

1*{104128} + 1*{105129} + 1*{ 27 51} + 1*{ 28 52} + 1*{111135} + 1*{107131} + 1*{109133} + -1*{184} + 1*{ 31 55} + 1*{ 30 54} + 1*{ 24 48} + 1*{ 25 49} + 1*{ 29 53} + 1*{110134} + 1*{108132} + 1*{ 26 50} + 1*{106130} + 0.111111*{} = 0 

-1*{ 54110} + -1*{ 50106} + 1*{ 24128} + -1*{ 48104} + -1*{ 53109} + 1*{ 25129} + 1*{ 30134} + -1*{185} + 1*{ 27131} + 1*{ 28132} + 1*{ 31135} + -1*{ 49105} + 1*{ 26130} + 1*{ 29133} + -1*{ 52108} + -1*{ 55111} + -1*{ 51107} = 0 

1*{187187} + -0.111111*{} + 1*{186186} = 0 

-1*{186} + 1*{ 28 60} + 1*{111143} + 1*{ 31 63} + 1*{109141} + 1*{ 24 56} + 1*{110142} + 1*{ 26 58} + 1*{ 29 61} + 1*{ 30 62} + 1*{108140} + 1*{ 25 57} + 0.111111*{} + 1*{106138} + 1*{107139} + 1*{105137} + 1*{104136} + 1*{ 27 59} = 0 

-1*{ 56104} + 1*{ 26138} + -1*{ 62110} + -1*{ 61109} + -1*{ 63111} + -1*{ 59107} + 1*{ 25137} + -1*{ 60108} + 1*{ 29141} + 1*{ 28140} + -1*{ 57105} + -1*{187} + -1*{ 58106} + 1*{ 27139} + 1*{ 30142} + 1*{ 24136} + 1*{ 31143} = 0 

-0.111111*{} + 1*{189189} + 1*{188188} = 0 

1*{109149} + 1*{111151} + 1*{105145} + 1*{ 25 65} + 0.111111*{} + 1*{108148} + 1*{107147} + 1*{ 26 66} + 1*{ 24 64} + 1*{ 30 70} + 1*{ 28 68} + 1*{ 31 71} + -1*{188} + 1*{106146} + 1*{ 29 69} + 1*{104144} + 1*{110150} + 1*{ 27 67} = 0 

1*{ 24144} + 1*{ 26146} + 1*{ 28148} + 1*{ 27147} + -1*{ 67107} + 1*{ 30150} + -1*{ 71111} + -1*{ 65105} + -1*{189} + 1*{ 25145} + -1*{ 69109} + 1*{ 29149} + -1*{ 64104} + 1*{ 31151} + -1*{ 68108} + -1*{ 66106} + -1*{ 70110} = 0 

-0.111111*{} + 1*{191191} + 1*{190190} = 0 

1*{ 27 75} + 1*{105153} + 1*{ 24 72} + -1*{190} + 1*{ 29 77} + 1*{ 30 78} + 1*{ 28 76} + 1*{ 25 73} + 0.111111*{} + 1*{ 26 74} + 1*{ 31 79} + 1*{106154} + 1*{111159} + 1*{107155} + 1*{109157} + 1*{108156} + 1*{110158} + 1*{104152} = 0 

-1*{ 74106} + 1*{ 25153} + -1*{ 75107} + 1*{ 29157} + -1*{ 72104} + 1*{ 30158} + -1*{ 78110} + -1*{ 76108} + -1*{ 73105} + 1*{ 28156} + 1*{ 31159} + -1*{191} + 1*{ 27155} + -1*{ 79111} + -1*{ 77109} + 1*{ 24152} + 1*{ 26154} = 0 

-0.111111*{} + 1*{104104} + 1*{ 24 24} = 0 

-0.111111*{} + 1*{105105} + 1*{ 25 25} = 0 

-0.111111*{} + 1*{106106} + 1*{ 26 26} = 0 

-0.111111*{} + 1*{107107} + 1*{ 27 27} = 0 

-0.111111*{} + 1*{108108} + 1*{ 28 28} = 0 

-0.111111*{} + 1*{109109} + 1*{ 29 29} = 0 

-0.111111*{} + 1*{110110} + 1*{ 30 30} = 0 

-0.111111*{} + 1*{111111} + 1*{ 31 31} = 0 

0.222222*{ 24 25} + 0.222222*{107110} + 0.222222*{106108} + 0.0740741*{ 26} + 0.222222*{104109} + 0.222222*{107111} + 0.222222*{104105} + 0.222222*{ 25 28} + 0.222222*{105107} + 0.0740741*{ 25} + 0.222222*{104108} + 0.222222*{ 24 31} + 0.222222*{109110} + 0.222222*{106109} + 0.222222*{ 27 29} + 0.222222*{ 24 28} + 0.222222*{ 25 31} + 0.222222*{106110} + 0.222222*{ 28 29} + 0.222222*{ 30 31} + 0.222222*{ 26 31} + 0.222222*{ 25 27} + 0.222222*{105109} + 0.222222*{ 29 30} + 0.0740741*{ 30} + 0.0740741*{ 24} + 0.0740741*{ 28} + 0.222222*{110111} + 0.222222*{ 26 28} + 0.222222*{ 25 30} + 0.0740741*{ 27} + 0.222222*{105108} + 0.222222*{108109} + 0.222222*{105111} + 0.222222*{ 25 26} + 0.222222*{106107} + 0.222222*{ 26 27} + 0.222222*{104111} + 0.0740741*{ 31} + 0.222222*{108110} + 0.222222*{105106} + 0.222222*{ 26 30} + 0.222222*{ 24 30} + 0.222222*{ 29 31} + 0.222222*{ 25 29} + 0.222222*{107109} + 0.0740741*{ 29} + 0.222222*{ 28 31} + 0.222222*{ 27 30} + 0.222222*{104106} + 0.222222*{108111} + 0.222222*{ 27 31} + 0.222222*{105110} + 0.222222*{ 24 29} + 0.222222*{107108} + 0.222222*{ 24 26} + 0.222222*{109111} + 0.222222*{104110} + 0.222222*{104107} + 0.222222*{ 27 28} + 0.222222*{ 26 29} + 0.222222*{ 28 30} + 0.222222*{106111} + 0.222222*{ 24 27} = 0 

1*{ 34 42} + 1*{112120} + 1*{ 38 46} + 0.111111*{} + 1*{118126} + 1*{ 36 44} + 1*{116124} + 1*{119127} + 1*{114122} + 1*{ 33 41} + 1*{ 39 47} + 1*{ 32 40} + 1*{ 37 45} + 1*{ 35 43} + 1*{113121} + 1*{117125} + 1*{115123} = 0 

1*{ 34122} + 1*{ 33121} + -1*{ 47119} + -1*{ 43115} + 1*{ 36124} + 1*{ 37125} + -1*{ 45117} + -1*{ 41113} + -1*{ 42114} + 1*{ 38126} + 1*{ 35123} + -1*{ 44116} + 1*{ 32120} + 1*{ 39127} + -1*{ 46118} + -1*{ 40112} = 0 

-0.111111*{} + 1*{193193} + 1*{192192} = 0 

1*{112128} + 1*{114130} + -1*{192} + 1*{ 39 55} + 1*{118134} + 1*{ 34 50} + 1*{ 32 48} + 0.111111*{} + 1*{116132} + 1*{117133} + 1*{ 33 49} + 1*{113129} + 1*{ 37 53} + 1*{ 36 52} + 1*{119135} + 1*{115131} + 1*{ 35 51} + 1*{ 38 54} = 0 

-1*{193} + -1*{ 50114} + -1*{ 51115} + -1*{ 55119} + 1*{ 33129} + 1*{ 37133} + -1*{ 48112} + -1*{ 52116} + -1*{ 53117} + 1*{ 34130} + 1*{ 39135} + 1*{ 38134} + -1*{ 49113} + 1*{ 36132} + -1*{ 54118} + 1*{ 32128} + 1*{ 35131} = 0 

-0.111111*{} + 1*{195195} + 1*{194194} = 0 

1*{ 32 56} + 1*{114138} + 1*{118142} + 1*{ 37 61} + 1*{112136} + 1*{116140} + 1*{ 35 59} + 1*{ 36 60} + 1*{117141} + 1*{ 38 62} + 1*{119143} + 1*{113137} + 0.111111*{} + -1*{194} + 1*{ 39 63} + 1*{ 33 57} + 1*{ 34 58} + 1*{115139} = 0 

1*{ 37141} + 1*{ 35139} + -1*{195} + 1*{ 32136} + -1*{ 59115} + -1*{ 56112} + -1*{ 62118} + -1*{ 60116} + -1*{ 63119} + 1*{ 38142} + -1*{ 58114} + -1*{ 57113} + 1*{ 36140} + -1*{ 61117} + 1*{ 33137} + 1*{ 39143} + 1*{ 34138} = 0 

-0.111111*{} + 1*{197197} + 1*{196196} = 0 

1*{ 36 68} + 1*{ 34 66} + 1*{118150} + 1*{ 35 67} + 1*{115147} + 1*{119151} + 1*{116148} + 1*{ 32 64} + 1*{112144} + 1*{ 39 71} + 1*{ 33 65} + 1*{ 38 70} + 1*{117149} + -1*{196} + 1*{113145} + 1*{114146} + 1*{ 37 69} + 0.111111*{} = 0 

1*{ 32144} + -1*{ 64112} + 1*{ 33145} + 1*{ 35147} + -1*{ 68116} + 1*{ 39151} + -1*{ 71119} + 1*{ 38150} + -1*{ 67115} + 1*{ 36148} + -1*{ 70118} + -1*{197} + -1*{ 65113} + -1*{ 69117} + -1*{ 66114} + 1*{ 37149} + 1*{ 34146} = 0 

-0.111111*{} + 1*{199199} + 1*{198198} = 0 

1*{ 39 79} + 1*{ 35 75} + 1*{119159} + 1*{ 37 77} + 1*{113153} + 1*{114154} + 0.111111*{} + 1*{115155} + 1*{ 38 78} + 1*{117157} + 1*{ 36 76} + 1*{116156} + 1*{ 34 74} + 1*{ 33 73} + 1*{112152} + 1*{ 32 72} + -1*{198} + 1*{118158} = 0 

1*{ 32152} + -1*{ 76116} + -1*{ 78118} + 1*{ 38158} + 1*{ 37157} + 1*{ 33153} + -1*{ 73113} + -1*{ 74114} + -1*{ 77117} + 1*{ 35155} + -1*{ 72112} + -1*{ 75115} + 1*{ 34154} + -1*{199} + -1*{ 79119} + 1*{ 39159} + 1*{ 36156} = 0 

-0.111111*{} + 1*{112112} + 1*{ 32 32} = 0 

-0.111111*{} + 1*{ 33 33} + 1*{113113} = 0 

-0.111111*{} + 1*{114114} + 1*{ 34 34} = 0 

-0.111111*{} + 1*{115115} + 1*{ 35 35} = 0 

-0.111111*{} + 1*{116116} + 1*{ 36 36} = 0 

-0.111111*{} + 1*{117117} + 1*{ 37 37} = 0 

-0.111111*{} + 1*{ 38 38} + 1*{118118} = 0 

-0.111111*{} + 1*{119119} + 1*{ 39 39} = 0 

0.222222*{117118} + 0.222222*{ 32 35} + 0.222222*{ 34 35} + 0.222222*{112115} + 0.222222*{115118} + 0.222222*{114118} + 0.222222*{ 35 38} + 0.222222*{112116} + 0.0740741*{ 37} + 0.222222*{112119} + 0.222222*{115117} + 0.222222*{114115} + 0.222222*{ 34 38} + 0.222222*{112117} + 0.222222*{ 36 39} + 0.0740741*{ 34} + 0.0740741*{ 39} + 0.222222*{ 32 34} + 0.222222*{ 33 34} + 0.222222*{ 32 37} + 0.222222*{112114} + 0.222222*{ 34 36} + 0.222222*{115119} + 0.222222*{ 36 37} + 0.222222*{ 32 38} + 0.0740741*{ 32} + 0.0740741*{ 35} + 0.222222*{116117} + 0.222222*{112113} + 0.222222*{ 34 39} + 0.222222*{ 37 39} + 0.222222*{113119} + 0.222222*{114117} + 0.0740741*{ 38} + 0.222222*{116119} + 0.222222*{117119} + 0.222222*{ 35 36} + 0.222222*{ 37 38} + 0.222222*{113115} + 0.222222*{ 36 38} + 0.222222*{118119} + 0.0740741*{ 36} + 0.222222*{ 32 36} + 0.222222*{ 34 37} + 0.222222*{ 32 39} + 0.222222*{ 32 33} + 0.0740741*{ 33} + 0.222222*{114119} + 0.222222*{116118} + 0.222222*{ 33 36} + 0.222222*{113118} + 0.222222*{115116} + 0.222222*{ 38 39} + 0.222222*{113114} + 0.222222*{113116} + 0.222222*{ 33 35} + 0.222222*{ 35 39} + 0.222222*{113117} + 0.222222*{ 33 37} + 0.222222*{112118} + 0.222222*{ 33 38} + 0.222222*{ 33 39} + 0.222222*{ 35 37} + 0.222222*{114116} = 0 

-0.111111*{} + 1*{201201} + 1*{200200} = 0 

1*{ 41 49} + -1*{200} + 1*{ 46 54} + 1*{ 44 52} + 1*{124132} + 1*{ 40 48} + 1*{123131} + 1*{ 45 53} + 1*{ 42 50} + 1*{122130} + 1*{127135} + 1*{120128} + 0.111111*{} + 1*{126134} + 1*{121129} + 1*{125133} + 1*{ 43 51} + 1*{ 47 55} = 0 

-1*{ 48120} + 1*{ 44132} + -1*{ 51123} + 1*{ 46134} + 1*{ 40128} + -1*{ 52124} + 1*{ 43131} + 1*{ 41129} + -1*{ 54126} + 1*{ 45133} + -1*{ 55127} + -1*{201} + -1*{ 49121} + 1*{ 47135} + -1*{ 50122} + 1*{ 42130} + -1*{ 53125} = 0 

-0.111111*{} + 1*{203203} + 1*{202202} = 0 

1*{ 41 57} + 1*{ 42 58} + 1*{125141} + 1*{121137} + 1*{ 40 56} + 1*{ 47 63} + 1*{124140} + 1*{ 43 59} + 1*{127143} + 1*{ 45 61} + 1*{123139} + 1*{ 44 60} + 1*{ 46 62} + -1*{202} + 1*{122138} + 1*{120136} + 0.111111*{} + 1*{126142} = 0 

-1*{ 57121} + -1*{ 61125} + -1*{ 56120} + 1*{ 42138} + 1*{ 46142} + 1*{ 40136} + -1*{ 63127} + -1*{ 62126} + -1*{203} + -1*{ 60124} + 1*{ 43139} + 1*{ 41137} + 1*{ 44140} + -1*{ 59123} + 1*{ 47143} + 1*{ 45141} + -1*{ 58122} = 0 

1*{205205} + -0.111111*{} + 1*{204204} = 0 

1*{120144} + 1*{ 43 67} + 1*{122146} + 0.111111*{} + 1*{ 40 64} + 1*{ 42 66} + 1*{ 47 71} + 1*{ 46 70} + 1*{ 45 69} + 1*{123147} + 1*{ 41 65} + 1*{125149} + 1*{ 44 68} + 1*{126150} + 1*{124148} + -1*{204} + 1*{121145} + 1*{127151} = 0 

1*{ 40144} + 1*{ 47151} + -1*{ 68124} + -1*{ 66122} + -1*{ 70126} + 1*{ 43147} + -1*{ 69125} + 1*{ 42146} + -1*{ 65121} + -1*{205} + -1*{ 64120} + 1*{ 46150} + 1*{ 44148} + -1*{ 71127} + 1*{ 41145} + -1*{ 67123} + 1*{ 45149} = 0 

-0.111111*{} + 1*{207207} + 1*{206206} = 0 

1*{124156} + 1*{ 41 73} + 1*{121153} + 1*{125157} + 1*{ 40 72} + 1*{126158} + 1*{ 42 74} + 1*{ 46 78} + 1*{122154} + 1*{120152} + 1*{ 43 75} + 1*{127159} + 1*{ 47 79} + 1*{ 45 77} + 1*{ 44 76} + -1*{206} + 0.111111*{} + 1*{123155} = 0 

-1*{ 73121} + -1*{ 76124} + -1*{207} + 1*{ 41153} + -1*{ 78126} + -1*{ 79127} + 1*{ 44156} + 1*{ 42154} + -1*{ 77125} + -1*{ 72120} + -1*{ 74122} + 1*{ 40152} + 1*{ 45157} + 1*{ 46158} + 1*{ 47159} + -1*{ 75123} + 1*{ 43155} = 0 

-0.111111*{} + 1*{120120} + 1*{ 40 40} = 0 

-0.111111*{} + 1*{121121} + 1*{ 41 41} = 0 

1*{122122} + -0.111111*{} + 1*{ 42 42} = 0 

-0.111111*{} + 1*{123123} + 1*{ 43 43} = 0 

-0.111111*{} + 1*{124124} + 1*{ 44 44} = 0 

-0.111111*{} + 1*{125125} + 1*{ 45 45} = 0 

-0.111111*{} + 1*{126126} + 1*{ 46 46} = 0 

-0.111111*{} + 1*{127127} + 1*{ 47 47} = 0 

0.222222*{ 44 46} + 0.222222*{ 42 44} + 0.222222*{124127} + 0.222222*{ 41 44} + 0.222222*{ 41 45} + 0.222222*{ 44 45} + 0.222222*{122123} + 0.222222*{ 40 42} + 0.222222*{ 42 46} + 0.222222*{121125} + 0.222222*{ 40 47} + 0.222222*{122125} + 0.222222*{123127} + 0.222222*{121122} + 0.222222*{122124} + 0.222222*{ 43 45} + 0.222222*{ 43 47} + 0.222222*{ 44 47} + 0.222222*{120121} + 0.222222*{ 46 47} + 0.0740741*{ 43} + 0.222222*{123124} + 0.222222*{120122} + 0.222222*{123126} + 0.0740741*{ 45} + 0.0740741*{ 42} + 0.222222*{ 40 43} + 0.0740741*{ 46} + 0.222222*{120127} + 0.222222*{120124} + 0.222222*{ 42 43} + 0.0740741*{ 41} + 0.222222*{120123} + 0.222222*{120126} + 0.222222*{124126} + 0.222222*{ 40 41} + 0.222222*{ 41 47} + 0.222222*{122126} + 0.222222*{ 45 47} + 0.0740741*{ 40} + 0.222222*{ 45 46} + 0.222222*{121126} + 0.222222*{123125} + 0.222222*{120125} + 0.222222*{124125} + 0.222222*{121127} + 0.0740741*{ 47} + 0.222222*{ 42 47} + 0.222222*{126127} + 0.222222*{ 43 44} + 0.222222*{ 40 45} + 0.222222*{ 40 44} + 0.222222*{125127} + 0.222222*{121124} + 0.222222*{125126} + 0.222222*{ 42 45} + 0.222222*{ 40 46} + 0.222222*{ 41 42} + 0.222222*{ 41 43} + 0.0740741*{ 44} + 0.222222*{122127} + 0.222222*{ 43 46} + 0.222222*{ 41 46} + 0.222222*{121123} = 0 

-0.111111*{} + 1*{208208} + 1*{209209} = 0 

1*{132140} + 1*{128136} + 0.111111*{} + 1*{ 49 57} + 1*{135143} + 1*{ 52 60} + 1*{134142} + 1*{ 54 62} + 1*{ 53 61} + 1*{129137} + -1*{208} + 1*{130138} + 1*{ 48 56} + 1*{133141} + 1*{ 50 58} + 1*{131139} + 1*{ 55 63} + 1*{ 51 59} = 0 

1*{ 49137} + 1*{ 55143} + -1*{209} + -1*{ 62134} + 1*{ 48136} + -1*{ 59131} + 1*{ 50138} + 1*{ 51139} + 1*{ 54142} + -1*{ 57129} + -1*{ 63135} + -1*{ 58130} + -1*{ 61133} + 1*{ 53141} + 1*{ 52140} + -1*{ 56128} + -1*{ 60132} = 0 

-0.111111*{} + 1*{211211} + 1*{210210} = 0 

1*{134150} + 1*{ 50 66} + 1*{130146} + 1*{ 54 70} + 1*{ 52 68} + -1*{210} + 1*{ 48 64} + 1*{129145} + 1*{132148} + 1*{ 55 71} + 1*{ 49 65} + 1*{ 53 69} + 0.111111*{} + 1*{ 51 67} + 1*{133149} + 1*{131147} + 1*{135151} + 1*{128144} = 0 

1*{ 53149} + -1*{ 65129} + -1*{ 68132} + -1*{ 64128} + 1*{ 52148} + -1*{211} + -1*{ 70134} + -1*{ 69133} + 1*{ 54150} + 1*{ 48144} + 1*{ 55151} + -1*{ 71135} + 1*{ 49145} + 1*{ 51147} + 1*{ 50146} + -1*{ 66130} + -1*{ 67131} = 0 

-0.111111*{} + 1*{213213} + 1*{212212} = 0 

1*{132156} + 1*{ 48 72} + 1*{128152} + 1*{ 50 74} + 1*{ 52 76} + 1*{ 54 78} + 1*{ 53 77} + 1*{135159} + 1*{133157} + 1*{131155} + 1*{ 51 75} + -1*{212} + 1*{ 49 73} + 1*{134158} + 1*{ 55 79} + 0.111111*{} + 1*{130154} + 1*{129153} = 0 

1*{ 53157} + 1*{ 54158} + -1*{ 78134} + 1*{ 49153} + 1*{ 55159} + -1*{ 74130} + -1*{ 72128} + -1*{ 76132} + -1*{ 79135} + 1*{ 52156} + -1*{ 75131} + -1*{ 73129} + -1*{ 77133} + -1*{213} + 1*{ 50154} + 1*{ 48152} + 1*{ 51155} = 0 

1*{128128} + -0.111111*{} + 1*{ 48 48} = 0 

-0.111111*{} + 1*{129129} + 1*{ 49 49} = 0 

-0.111111*{} + 1*{130130} + 1*{ 50 50} = 0 

-0.111111*{} + 1*{131131} + 1*{ 51 51} = 0 

-0.111111*{} + 1*{132132} + 1*{ 52 52} = 0 

1*{133133} + -0.111111*{} + 1*{ 53 53} = 0 

-0.111111*{} + 1*{134134} + 1*{ 54 54} = 0 

-0.111111*{} + 1*{135135} + 1*{ 55 55} = 0 

0.0740741*{ 50} + 0.222222*{129133} + 0.222222*{131133} + 0.222222*{ 51 53} + 0.222222*{133135} + 0.222222*{128129} + 0.222222*{128130} + 0.222222*{ 54 55} + 0.222222*{128132} + 0.222222*{128135} + 0.222222*{130133} + 0.0740741*{ 49} + 0.222222*{ 50 53} + 0.222222*{ 48 54} + 0.222222*{131132} + 0.222222*{128133} + 0.0740741*{ 48} + 0.222222*{129132} + 0.222222*{ 50 54} + 0.0740741*{ 55} + 0.222222*{ 51 52} + 0.222222*{ 48 52} + 0.222222*{129134} + 0.222222*{128131} + 0.222222*{133134} + 0.222222*{130131} + 0.222222*{ 50 55} + 0.222222*{130134} + 0.222222*{ 49 51} + 0.222222*{ 50 52} + 0.222222*{131134} + 0.222222*{ 52 55} + 0.222222*{131135} + 0.222222*{ 51 55} + 0.222222*{129131} + 0.0740741*{ 54} + 0.222222*{ 51 54} + 0.222222*{ 49 54} + 0.222222*{ 48 51} + 0.222222*{130132} + 0.222222*{129130} + 0.0740741*{ 53} + 0.222222*{ 48 55} + 0.0740741*{ 51} + 0.222222*{ 48 49} + 0.222222*{132134} + 0.222222*{130135} + 0.222222*{ 48 50} + 0.222222*{ 50 51} + 0.222222*{ 49 55} + 0.0740741*{ 52} + 0.222222*{132133} + 0.222222*{128134} + 0.222222*{ 53 54} + 0.222222*{ 49 50} + 0.222222*{ 53 55} + 0.222222*{129135} + 0.222222*{ 49 52} + 0.222222*{ 52 53} + 0.222222*{132135} + 0.222222*{134135} + 0.222222*{ 52 54} + 0.222222*{ 48 53} + 0.222222*{ 49 53} = 0 

-0.111111*{} + 1*{215215} + 1*{214214} = 0 

1*{138146} + 1*{ 63 71} + 1*{ 56 64} + 1*{ 62 70} + 1*{ 59 67} + 1*{141149} + 1*{142150} + 1*{143151} + 1*{ 57 65} + 1*{136144} + 1*{140148} + -1*{214} + 1*{137145} + 1*{ 61 69} + 0.111111*{} + 1*{ 58 66} + 1*{ 60 68} + 1*{139147} = 0 

-1*{ 66138} + 1*{ 58146} + -1*{ 64136} + -1*{ 67139} + -1*{ 68140} + 1*{ 62150} + -1*{ 65137} + 1*{ 63151} + -1*{ 70142} + 1*{ 59147} + 1*{ 57145} + -1*{ 69141} + 1*{ 56144} + -1*{ 71143} + 1*{ 60148} + -1*{215} + 1*{ 61149} = 0 

-0.111111*{} + 1*{217217} + 1*{216216} = 0 

-1*{216} + 1*{ 58 74} + 1*{141157} + 1*{140156} + 1*{139155} + 1*{ 61 77} + 1*{137153} + 1*{ 60 76} + 1*{142158} + 1*{138154} + 1*{143159} + 1*{ 62 78} + 1*{ 63 79} + 1*{136152} + 0.111111*{} + 1*{ 56 72} + 1*{ 57 73} + 1*{ 59 75} = 0 

1*{ 59155} + -1*{ 77141} + -1*{ 75139} + 1*{ 58154} + -1*{ 76140} + 1*{ 63159} + -1*{ 72136} + 1*{ 56152} + -1*{217} + 1*{ 57153} + 1*{ 62158} + 1*{ 61157} + -1*{ 79143} + -1*{ 73137} + -1*{ 78142} + -1*{ 74138} + 1*{ 60156} = 0 

-0.111111*{} + 1*{136136} + 1*{ 56 56} = 0 

1*{137137} + -0.111111*{} + 1*{ 57 57} = 0 

-0.111111*{} + 1*{138138} + 1*{ 58 58} = 0 

-0.111111*{} + 1*{139139} + 1*{ 59 59} = 0 

-0.111111*{} + 1*{140140} + 1*{ 60 60} = 0 

-0.111111*{} + 1*{141141} + 1*{ 61 61} = 0 

-0.111111*{} + 1*{142142} + 1*{ 62 62} = 0 

-0.111111*{} + 1*{143143} + 1*{ 63 63} = 0 

0.222222*{ 57 63} + 0.222222*{137138} + 0.0740741*{ 60} + 0.222222*{ 56 59} + 0.222222*{ 57 62} + 0.222222*{140143} + 0.0740741*{ 61} + 0.0740741*{ 59} + 0.222222*{136137} + 0.222222*{ 58 63} + 0.222222*{ 62 63} + 0.222222*{140142} + 0.222222*{ 57 59} + 0.222222*{ 56 61} + 0.222222*{142143} + 0.222222*{140141} + 0.222222*{137143} + 0.222222*{ 57 60} + 0.222222*{ 59 62} + 0.222222*{139142} + 0.222222*{137142} + 0.222222*{139141} + 0.222222*{141142} + 0.222222*{ 56 58} + 0.0740741*{ 62} + 0.0740741*{ 57} + 0.222222*{ 58 62} + 0.222222*{ 57 58} + 0.222222*{136143} + 0.222222*{138142} + 0.222222*{ 58 60} + 0.222222*{137140} + 0.222222*{ 60 61} + 0.222222*{136139} + 0.222222*{ 56 57} + 0.222222*{ 58 61} + 0.222222*{ 60 62} + 0.222222*{ 59 60} + 0.222222*{136140} + 0.222222*{138143} + 0.222222*{ 61 63} + 0.222222*{141143} + 0.222222*{ 61 62} + 0.222222*{136142} + 0.222222*{136138} + 0.222222*{139143} + 0.222222*{138140} + 0.222222*{137139} + 0.222222*{ 56 63} + 0.222222*{138139} + 0.222222*{ 60 63} + 0.222222*{ 58 59} + 0.0740741*{ 56} + 0.222222*{136141} + 0.222222*{139140} + 0.222222*{ 56 62} + 0.0740741*{ 58} + 0.222222*{ 56 60} + 0.222222*{ 59 61} + 0.0740741*{ 63} + 0.222222*{137141} + 0.222222*{138141} + 0.222222*{ 59 63} + 0.222222*{ 57 61} = 0 

-0.111111*{} + 1*{219219} + 1*{218218} = 0 

1*{150158} + 1*{ 69 77} + 0.111111*{} + 1*{147155} + 1*{ 70 78} + 1*{ 67 75} + 1*{151159} + 1*{ 65 73} + 1*{146154} + 1*{ 64 72} + 1*{148156} + 1*{149157} + 1*{145153} + 1*{ 68 76} + 1*{ 66 74} + 1*{144152} + 1*{ 71 79} + -1*{218} = 0 

1*{ 69157} + 1*{ 70158} + -1*{ 72144} + 1*{ 68156} + 1*{ 67155} + 1*{ 64152} + -1*{ 79151} + -1*{ 76148} + -1*{219} + -1*{ 78150} + -1*{ 75147} + 1*{ 71159} + -1*{ 74146} + -1*{ 73145} + 1*{ 66154} + -1*{ 77149} + 1*{ 65153} = 0 

-0.111111*{} + 1*{144144} + 1*{ 64 64} = 0 

-0.111111*{} + 1*{145145} + 1*{ 65 65} = 0 

-0.111111*{} + 1*{146146} + 1*{ 66 66} = 0 

-0.111111*{} + 1*{147147} + 1*{ 67 67} = 0 

-0.111111*{} + 1*{148148} + 1*{ 68 68} = 0 

-0.111111*{} + 1*{149149} + 1*{ 69 69} = 0 

-0.111111*{} + 1*{150150} + 1*{ 70 70} = 0 

-0.111111*{} + 1*{151151} + 1*{ 71 71} = 0 

0.222222*{144149} + 0.222222*{144146} + 0.222222*{ 64 67} + 0.222222*{ 65 68} + 0.222222*{145146} + 0.222222*{ 66 67} + 0.222222*{ 67 71} + 0.222222*{144150} + 0.222222*{ 68 69} + 0.222222*{145151} + 0.222222*{ 68 70} + 0.222222*{147151} + 0.222222*{ 66 71} + 0.222222*{144151} + 0.222222*{144148} + 0.222222*{146151} + 0.222222*{ 65 69} + 0.222222*{150151} + 0.222222*{ 64 71} + 0.222222*{147150} + 0.222222*{144145} + 0.222222*{144147} + 0.0740741*{ 69} + 0.0740741*{ 66} + 0.222222*{145147} + 0.0740741*{ 64} + 0.222222*{147148} + 0.222222*{ 67 68} + 0.222222*{ 64 70} + 0.222222*{ 67 70} + 0.0740741*{ 71} + 0.222222*{ 64 69} + 0.222222*{145150} + 0.222222*{ 64 66} + 0.222222*{148151} + 0.222222*{148149} + 0.222222*{146149} + 0.0740741*{ 65} + 0.0740741*{ 67} + 0.222222*{145148} + 0.222222*{ 64 68} + 0.222222*{146150} + 0.222222*{ 64 65} + 0.222222*{ 66 70} + 0.222222*{ 68 71} + 0.222222*{149151} + 0.0740741*{ 68} + 0.222222*{ 65 70} + 0.222222*{147149} + 0.222222*{ 66 69} + 0.222222*{145149} + 0.222222*{ 69 70} + 0.222222*{ 67 69} + 0.222222*{ 65 67} + 0.222222*{146148} + 0.0740741*{ 70} + 0.222222*{ 66 68} + 0.222222*{ 65 71} + 0.222222*{ 70 71} + 0.222222*{148150} + 0.222222*{ 65 66} + 0.222222*{149150} + 0.222222*{ 69 71} + 0.222222*{146147} = 0 

-0.111111*{} + 1*{152152} + 1*{ 72 72} = 0 

1*{153153} + -0.111111*{} + 1*{ 73 73} = 0 

-0.111111*{} + 1*{154154} + 1*{ 74 74} = 0 

-0.111111*{} + 1*{155155} + 1*{ 75 75} = 0 

-0.111111*{} + 1*{156156} + 1*{ 76 76} = 0 

-0.111111*{} + 1*{157157} + 1*{ 77 77} = 0 

-0.111111*{} + 1*{158158} + 1*{ 78 78} = 0 

-0.111111*{} + 1*{159159} + 1*{ 79 79} = 0 

0.222222*{ 74 75} + 0.0740741*{ 77} + 0.0740741*{ 75} + 0.222222*{152158} + 0.222222*{155156} + 0.222222*{157159} + 0.222222*{155158} + 0.0740741*{ 78} + 0.222222*{ 74 79} + 0.222222*{153158} + 0.222222*{ 74 76} + 0.222222*{154158} + 0.222222*{156157} + 0.222222*{ 72 79} + 0.222222*{ 73 74} + 0.222222*{ 72 76} + 0.222222*{152156} + 0.0740741*{ 74} + 0.222222*{156158} + 0.222222*{ 75 78} + 0.0740741*{ 76} + 0.222222*{155157} + 0.222222*{ 73 75} + 0.222222*{ 77 79} + 0.222222*{ 77 78} + 0.222222*{ 75 77} + 0.222222*{ 72 77} + 0.222222*{ 76 79} + 0.222222*{157158} + 0.0740741*{ 79} + 0.222222*{153157} + 0.222222*{ 74 78} + 0.0740741*{ 72} + 0.222222*{153159} + 0.222222*{155159} + 0.222222*{152153} + 0.222222*{ 73 79} + 0.222222*{ 74 77} + 0.222222*{ 75 76} + 0.222222*{ 72 73} + 0.222222*{153154} + 0.222222*{ 72 75} + 0.222222*{ 72 78} + 0.222222*{154155} + 0.222222*{ 76 77} + 0.222222*{153156} + 0.222222*{152155} + 0.222222*{ 76 78} + 0.222222*{ 72 74} + 0.222222*{154159} + 0.222222*{152159} + 0.222222*{152154} + 0.0740741*{ 73} + 0.222222*{ 78 79} + 0.222222*{154156} + 0.222222*{154157} + 0.222222*{ 73 77} + 0.222222*{158159} + 0.222222*{ 73 78} + 0.222222*{ 75 79} + 0.222222*{153155} + 0.222222*{152157} + 0.222222*{156159} + 0.222222*{ 73 76} = 0 

2048*{  3} + -4096*{ 91} + -512*{ 10} + -1*{ 15} + -64*{  9} + 1024*{ 82} + 8*{  0} + -32*{ 13} + 128*{ 81} + 16384*{ 84} + 16*{ 80} + -1024*{ 90} + 4*{ 87} + -16*{ 88} + -256*{ 14} + -16384*{ 92} + -128*{ 89} + 256*{  6} + 8192*{  4} + 32*{  5} + -32768*{ 93} + -8192*{ 12} + 512*{  2} + 64*{  1} + -2048*{ 11} + 1*{  7} + -4*{ 95} + 32768*{ 85} + 2*{ 86} + -8*{  8} + -2*{ 94} + 4096*{ 83} > 0 

-32*{ 21} + -1*{ 23} + -256*{ 22} + 1*{ 15} + -2048*{ 19} + 8192*{ 12} + 64*{  9} + 256*{ 14} + 16*{ 88} + 1024*{ 90} + 32768*{ 93} + 16384*{ 92} + -4*{103} + 128*{ 89} + -16384*{100} + -32768*{101} + 512*{ 10} + 4096*{ 91} + -2*{102} + -1024*{ 98} + 2*{ 94} + -4096*{ 99} + -16*{ 96} + 8*{  8} + -8192*{ 20} + -128*{ 97} + 2048*{ 11} + 32*{ 13} + 4*{ 95} + -8*{ 16} + -64*{ 17} + -512*{ 18} > 0 

512*{ 18} + 256*{ 22} + 1024*{ 98} + -2*{110} + -512*{ 26} + 4*{103} + -16384*{108} + -128*{105} + 2048*{ 19} + -4*{111} + -32*{ 29} + 128*{ 97} + 8192*{ 20} + -64*{ 25} + 16*{ 96} + 64*{ 17} + -16*{104} + 16384*{100} + 32768*{101} + 2*{102} + -1*{ 31} + -4096*{107} + -1024*{106} + 4096*{ 99} + -32768*{109} + -2048*{ 27} + -256*{ 30} + 8*{ 16} + -8*{ 24} + -8192*{ 28} + 1*{ 23} + 32*{ 21} > 0 

128*{105} + -1024*{114} + 16384*{108} + -32*{ 37} + 4096*{107} + 1024*{106} + -256*{ 38} + 64*{ 25} + 32*{ 29} + -2048*{ 35} + 16*{104} + -128*{113} + -2*{118} + -4096*{115} + 1*{ 31} + 2*{110} + 4*{111} + 256*{ 30} + 8192*{ 28} + -32768*{117} + 8*{ 24} + -16384*{116} + -8*{ 32} + 32768*{109} + 2048*{ 27} + -16*{112} + -64*{ 33} + -8192*{ 36} + -1*{ 39} + 512*{ 26} + -512*{ 34} + -4*{119} > 0 

1024*{114} + 32768*{117} + -16*{120} + -1*{ 47} + 16384*{116} + -2*{126} + -64*{ 41} + 8*{ 32} + -128*{121} + 64*{ 33} + -1024*{122} + 16*{112} + 32*{ 37} + 4*{119} + -32768*{125} + 2048*{ 35} + -8*{ 40} + -8192*{ 44} + -4096*{123} + -32*{ 45} + 2*{118} + 4096*{115} + 128*{113} + -4*{127} + -256*{ 46} + -512*{ 42} + 512*{ 34} + 8192*{ 36} + 1*{ 39} + -2048*{ 43} + -16384*{124} + 256*{ 38} > 0 

-256*{ 54} + -8192*{ 52} + 4096*{ 83} + -8*{ 48} + -16*{128} + -1024*{130} + 1024*{ 82} + -64*{ 49} + 16*{ 80} + 16384*{ 84} + 128*{ 81} + 1*{  7} + -512*{ 50} + 64*{  1} + 512*{  2} + -4*{135} + 8192*{  4} + 32*{  5} + 256*{  6} + -32*{ 53} + -2048*{ 51} + 8*{  0} + 4*{ 87} + -4096*{131} + -128*{129} + -32768*{133} + 2*{ 86} + -2*{134} + -1*{ 55} + 32768*{ 85} + 2048*{  3} + -16384*{132} > 0 

4096*{131} + 256*{ 54} + 512*{ 50} + 4*{135} + -8192*{ 60} + 32*{ 53} + 2048*{ 51} + -8*{ 56} + -32*{ 61} + -4096*{139} + -16*{136} + -2048*{ 59} + -512*{ 58} + 2*{134} + 1024*{130} + 64*{ 49} + -32768*{141} + 16*{128} + 8*{ 48} + -16384*{140} + 16384*{132} + -2*{142} + -4*{143} + -1*{ 63} + -128*{137} + 1*{ 55} + -64*{ 57} + 128*{129} + 32768*{133} + -256*{ 62} + -1024*{138} + 8192*{ 52} > 0 

-4096*{147} + 8192*{ 60} + 4096*{139} + 32*{ 61} + 16*{136} + -1024*{146} + -8*{ 64} + -1*{ 71} + -2048*{ 67} + 128*{137} + -4*{151} + -16*{144} + 8*{ 56} + 512*{ 58} + 64*{ 57} + -512*{ 66} + 1*{ 63} + -8192*{ 68} + 2048*{ 59} + -128*{145} + -32768*{149} + 32768*{141} + 4*{143} + -16384*{148} + 2*{142} + 256*{ 62} + -2*{150} + -256*{ 70} + 16384*{140} + -64*{ 65} + -32*{ 69} + 1024*{138} > 0 

32768*{149} + 2048*{ 67} + 4*{151} + -2048*{ 75} + -32768*{157} + -1*{ 79} + 1024*{146} + -16384*{156} + -4096*{155} + -8192*{ 76} + 8*{ 64} + 1*{ 71} + -2*{158} + -4*{159} + 4096*{147} + 64*{ 65} + -32*{ 77} + 128*{145} + -64*{ 73} + 8192*{ 68} + 16384*{148} + -512*{ 74} + -128*{153} + 512*{ 66} + 2*{150} + 256*{ 70} + -16*{152} + -256*{ 78} + -1024*{154} + -8*{ 72} + 32*{ 69} + 16*{144} > 0 

256*{ 88} + 524288*{ 48} + -8192*{105} + 1*{ 72} + 2*{144} + -65536*{113} + -512*{ 25} + 32768*{  0} + 65536*{112} + -4096*{ 33} + -8*{ 57} + 16*{ 80} + 512*{ 24} + 64*{ 16} + -16*{ 81} + 128*{ 64} + -256*{ 89} + -128*{ 65} + -4*{137} + -16384*{ 41} + -64*{ 17} + -2048*{129} + -32*{153} + 2048*{128} + -1024*{ 97} + -32768*{  1} + 8*{ 56} + 262144*{120} + 1024*{ 96} + 8192*{104} + 32*{152} + 16384*{ 40} + 131072*{  8} + -131072*{  9} + -524288*{ 49} + 4*{136} + -1*{ 73} + -2*{145} + 4096*{ 32} + -262144*{121} > 0 

64*{ 17} + -131072*{ 10} + -8*{ 58} + -1*{ 74} + 131072*{  9} + -32*{154} + 524288*{ 49} + -64*{ 18} + -16*{ 82} + 8*{ 57} + -32768*{  2} + 1024*{ 97} + -524288*{ 50} + 32768*{  1} + -65536*{114} + 8192*{105} + -16384*{ 42} + -128*{ 66} + 32*{153} + 1*{ 73} + 2*{145} + -256*{ 90} + -8192*{106} + 262144*{121} + 256*{ 89} + 4096*{ 33} + 2048*{129} + 16384*{ 41} + -4*{138} + 128*{ 65} + -2048*{130} + -4096*{ 34} + -512*{ 26} + -262144*{122} + 512*{ 25} + -2*{146} + 4*{137} + -1024*{ 98} + 65536*{113} + 16*{ 81} > 0 

65536*{114} + -128*{ 67} + -131072*{ 11} + -16384*{ 43} + -2*{147} + -65536*{115} + 256*{ 90} + 128*{ 66} + 32768*{  2} + -8*{ 59} + 131072*{ 10} + -256*{ 91} + 2*{146} + 64*{ 18} + -4*{139} + 16*{ 82} + 1*{ 74} + -64*{ 19} + -8192*{107} + 8192*{106} + -16*{ 83} + 1024*{ 98} + 4096*{ 34} + 2048*{130} + 512*{ 26} + 16384*{ 42} + -32*{155} + 4*{138} + 32*{154} + -1024*{ 99} + -2048*{131} + -512*{ 27} + 262144*{122} + -32768*{  3} + -4096*{ 35} + -262144*{123} + -524288*{ 51} + -1*{ 75} + 8*{ 58} + 524288*{ 50} > 0 

128*{ 67} + -1*{ 76} + 131072*{ 11} + -4096*{ 36} + 4*{139} + -262144*{124} + 16384*{ 43} + -16*{ 84} + 16*{ 83} + 8192*{107} + 256*{ 91} + -256*{ 92} + 64*{ 19} + -8*{ 60} + -128*{ 68} + -512*{ 28} + 512*{ 27} + 32*{155} + 2048*{131} + 1024*{ 99} + 2*{147} + -2048*{132} + 32768*{  3} + -2*{148} + 8*{ 59} + -32*{156} + -131072*{ 12} + -65536*{116} + -8192*{108} + -32768*{  4} + -4*{140} + -16384*{ 44} + -1024*{100} + 262144*{123} + 65536*{115} + 1*{ 75} + -64*{ 20} + 4096*{ 35} + -524288*{ 52} + 524288*{ 51} > 0 

-64*{ 21} + -131072*{ 13} + 16*{ 84} + 128*{ 68} + 4096*{ 36} + -524288*{ 53} + -512*{ 29} + -8192*{109} + -2048*{133} + -1*{ 77} + 64*{ 20} + 32*{156} + 262144*{124} + -16*{ 85} + -16384*{ 45} + -65536*{117} + 512*{ 28} + -262144*{125} + -8*{ 61} + 1*{ 76} + -4096*{ 37} + -32*{157} + 65536*{116} + 131072*{ 12} + -2*{149} + -4*{141} + -1024*{101} + 1024*{100} + 16384*{ 44} + 4*{140} + 8192*{108} + 32768*{  4} + -32768*{  5} + -256*{ 93} + 8*{ 60} + 256*{ 92} + 2048*{132} + 2*{148} + -128*{ 69} + 524288*{ 52} > 0 

-64*{ 22} + 1*{ 77} + -131072*{ 14} + 524288*{ 53} + -16384*{ 46} + 131072*{ 13} + -1*{ 78} + 2*{149} + 4*{141} + 262144*{125} + -65536*{118} + -2*{150} + 4096*{ 37} + -32768*{  6} + 256*{ 93} + 32768*{  5} + 64*{ 21} + 8*{ 61} + -262144*{126} + -128*{ 70} + 128*{ 69} + -2048*{134} + 16384*{ 45} + 32*{157} + -256*{ 94} + 1024*{101} + -1024*{102} + -4096*{ 38} + -4*{142} + -32*{158} + -8*{ 62} + 2048*{133} + -16*{ 86} + 512*{ 29} + 8192*{109} + -512*{ 30} + 65536*{117} + 16*{ 85} + -8192*{110} + -524288*{ 54} > 0 

-512*{ 31} + 8*{ 62} + 2048*{134} + 64*{ 22} + 131072*{ 14} + 8192*{110} + 1024*{102} + 32*{158} + -128*{ 71} + -8192*{111} + -4*{143} + 262144*{126} + 4*{142} + 4096*{ 38} + 1*{ 78} + 512*{ 30} + -256*{ 95} + -1*{ 79} + 16384*{ 46} + 16*{ 86} + -32768*{  7} + -4096*{ 39} + -2048*{135} + -131072*{ 15} + -65536*{119} + -8*{ 63} + -64*{ 23} + -16*{ 87} + -16384*{ 47} + -2*{151} + 524288*{ 54} + 65536*{118} + 2*{150} + 32768*{  6} + -1024*{103} + 128*{ 70} + -524288*{ 55} + 256*{ 94} + -262144*{127} + -32*{159} > 0 

1*{159} > 0 

{9, 7, 1, 1, 1, 1, 1, 1, 1, 1, 1} vars: 220, vectors: 20
1 7.475534e+00 7.475534e+00 -2.115927e-01 1.687176e-14
2 1.839373e+03 7.475534e+00 -1.594179e-01 3.617116e-13
3 7.035981e+02 7.475534e+00 -1.257508e-01 1.747825e-13
4 5.656940e+04 7.475534e+00 -9.475628e-02 2.983935e-11
5 3.075047e+06 7.475534e+00 -7.342678e-02 6.553075e-10
6 1.122957e+06 7.475534e+00 -5.689942e-02 3.008363e-10
7 4.051121e+05 7.475534e+00 -4.409302e-02 1.241624e-10
8 1.461408e+05 7.475534e+00 -3.416712e-02 3.144818e-11
9 5.273194e+04 7.475534e+00 -2.647400e-02 9.646133e-12
10 1.903462e+04 7.475534e+00 -2.051212e-02 1.099031e-11
11 6.865923e+03 7.475534e+00 -1.588921e-02 5.097912e-13
12 2.476529e+03 7.475534e+00 -1.230322e-02 2.563441e-13
13 9.933848e+02 7.475534e+00 -9.470818e-03 1.212718e-13
14 3.703862e+02 7.475534e+00 -7.270692e-03 5.786601e-14
15 1.420476e+02 7.475534e+00 -5.580049e-03 2.875689e-14
16 5.111343e+01 7.475534e+00 -4.271847e-03 7.478980e-15
17 1.835644e+01 7.475534e+00 -3.262319e-03 3.568549e-15
18 6.603359e+00 6.603359e+00 -2.474126e-03 1.412157e-16
19 2.361121e+00 2.361121e+00 -1.888135e-03 4.547358e-16
20 1.197829e+00 1.197829e+00 -1.363798e-03 8.925934e-17
21 4.037492e+00 1.197829e+00 -1.164393e-03 3.568793e-15
22 8.430007e+04 1.197829e+00 -8.960197e-04 2.910389e-11
23 3.123578e+04 1.197829e+00 -6.926002e-04 1.377940e-14
24 1.127681e+04 1.197829e+00 -5.349706e-04 1.818993e-12
25 4.092236e+03 1.197829e+00 -4.104921e-04 9.094979e-13
26 1.713395e+03 1.197829e+00 -3.158384e-04 2.273757e-13
27 6.417761e+02 1.197829e+00 -2.413092e-04 1.136870e-13
28 2.304243e+02 1.197829e+00 -1.817367e-04 2.842181e-14
29 1.987986e+03 1.197829e+00 -1.382379e-04 2.273741e-13
30 7.266572e+02 1.197829e+00 -1.052585e-04 1.136869e-13
31 1.015547e+03 1.197829e+00 -7.787036e-05 1.136869e-13
32 6.887673e+04 1.197829e+00 -6.007769e-05 1.455192e-11
33 3.952837e+04 1.197829e+00 -4.691324e-05 5.430254e-16
34 1.706437e+05 1.197829e+00 -3.626142e-05 2.910383e-11
35 6.221392e+04 1.197829e+00 -2.804573e-05 6.245927e-16
36 2.243095e+04 1.197829e+00 -2.164947e-05 3.095432e-16
37 8.145854e+03 1.197829e+00 -1.670943e-05 9.094947e-13
38 3.276817e+03 1.197829e+00 -1.241228e-05 2.728484e-12
39 5.975375e+07 1.197829e+00 -9.595050e-06 7.450581e-09
40 1.117975e+10 1.197829e+00 -7.402451e-06 1.907349e-06
41 4.088339e+12 1.197829e+00 -5.730225e-06 9.765625e-04
42 1.474894e+12 1.197829e+00 -4.429799e-06 4.882813e-04
43 5.322506e+11 1.197829e+00 -3.413092e-06 1.586815e-11
44 1.927580e+11 1.197829e+00 -2.613030e-06 6.103516e-05
45 6.988546e+10 1.197829e+00 -1.925772e-06 1.684315e-12
46 1.454819e+12 1.197829e+00 -1.480037e-06 1.977576e-11
47 5.269881e+11 1.197829e+00 -1.123655e-06 7.375515e-12
48 1.973123e+11 1.197829e+00 -8.052266e-07 3.051758e-05
49 5.067614e+14 1.197829e+00 -6.233974e-07 1.250000e-01
50 1.828166e+14 1.197829e+00 -4.820245e-07 6.250000e-02
51 6.655311e+13 1.197829e+00 -3.717396e-07 7.379942e-11
52 2.401480e+13 1.197829e+00 -2.840330e-07 3.906250e-03
53 4.239426e+13 1.197829e+00 -2.172987e-07 2.343750e-02
54 1.559650e+13 1.197829e+00 -1.624930e-07 1.953125e-03
55 5.688184e+12 1.197829e+00 -1.152906e-07 1.953125e-03
56 2.819552e+12 1.197829e+00 -7.469743e-08 9.765625e-04
57 1.329228e+12 1.197829e+00 -4.304882e-08 4.954968e-13
58 1.319678e+13 1.197829e+00 -3.309260e-08 5.859375e-03
59 1.219981e+15 1.197829e+00 -2.521461e-08 5.997272e-11
60 4.429072e+14 1.197829e+00 -1.888208e-08 6.250000e-02
61 1.815149e+14 1.197829e+00 -1.325408e-08 3.125000e-02
62 9.884981e+13 1.197829e+00 -7.994292e-09 3.302229e-12
63 5.378252e+14 1.197829e+00 -5.644517e-09 6.250000e-02
64 8.620147e+14 1.197829e+00 -3.663464e-09 4.530021e-12
65 1.338257e+15 1.197829e+00 -2.201850e-09 5.000000e-01
66 1.254472e+15 1.197829e+00 -1.148209e-09 2.500000e-01
67 1.786002e+16 1.197829e+00 -8.469452e-10 4.000000e+00
68 4.653358e+16 1.197829e+00 1.712482e-10 7.200000e+01
69 8.627731e+21 1.197829e+00 1.329209e-10 1.048576e+06
70 3.112455e+21 1.197829e+00 1.033551e-10 8.229130e-09
71 1.122634e+21 1.197829e+00 8.066313e-11 1.310720e+05
72 4.049707e+20 1.197829e+00 6.343819e-11 6.553600e+04
73 1.465889e+20 1.197829e+00 5.084947e-11 4.915200e+04
74 5.282542e+19 1.197829e+00 4.218144e-11 8.192000e+03
75 1.904340e+19 1.197829e+00 3.722629e-11 4.096000e+03
76 6.855877e+18 1.197829e+00 3.660158e-11 1.229679e-11
77 2.499952e+18 1.197829e+00 4.213257e-11 5.120000e+02
78 9.210328e+17 1.197829e+00 5.800607e-11 2.919361e-12
79 3.416201e+17 1.197829e+00 9.226925e-11 5.390129e-12
80 1.264013e+17 1.197829e+00 1.579770e-10 1.600000e+01
81 4.640476e+16 1.197829e+00 2.756968e-10 3.200000e+01
82 1.694320e+16 1.197829e+00 4.805835e-10 6.000000e+00
83 6.172164e+15 1.197829e+00 8.338157e-10 3.457501e-12
84 2.245630e+15 1.197829e+00 1.439680e-09 5.000000e-01
85 8.160339e+14 1.197829e+00 2.473354e-09 1.250000e-01
86 2.961427e+14 1.197829e+00 4.227309e-09 6.250000e-02
87 1.073381e+14 1.197829e+00 7.190034e-09 3.125000e-02
88 3.886759e+13 1.197829e+00 1.217959e-08 1.128586e-12
89 1.406470e+13 1.197829e+00 2.056707e-08 3.906250e-03
90 5.086998e+12 1.197829e+00 3.464676e-08 9.765625e-04
91 1.839131e+12 1.197829e+00 5.825035e-08 2.441406e-04
92 6.646674e+11 1.197829e+00 9.777389e-08 1.220703e-04
93 2.401444e+11 1.197829e+00 1.639049e-07 6.103516e-05
94 8.674996e+10 1.197829e+00 2.745364e-07 3.051758e-05
95 3.133688e+10 1.197829e+00 4.596975e-07 3.814697e-06
96 1.132137e+10 1.197829e+00 7.699660e-07 8.387857e-13
97 4.091561e+09 1.197829e+00 5.967180e-07 4.768372e-07
98 1.477175e+09 1.197829e+00 4.624530e-07 2.362317e-13
99 5.328893e+08 1.197829e+00 3.583967e-07 5.960464e-08
100 1.922387e+08 1.197829e+00 2.777518e-07 2.980232e-08
101 6.934936e+07 1.197829e+00 2.152503e-07 1.490116e-08
102 2.501731e+07 1.197829e+00 1.668095e-07 7.117746e-15
103 9.024707e+06 1.197829e+00 1.292650e-07 5.587935e-09
104 3.255486e+06 1.197829e+00 1.001644e-07 1.396984e-09
105 1.174309e+06 1.197829e+00 7.760661e-08 2.328306e-10
106 4.235667e+05 1.197829e+00 6.011827e-08 5.820766e-11
107 1.527621e+05 1.197829e+00 4.655575e-08 7.345704e-17
108 5.508783e+04 1.197829e+00 3.603884e-08 8.219122e-18
109 1.985966e+04 1.197829e+00 2.787705e-08 1.091394e-11
110 7.156523e+03 1.197829e+00 2.153753e-08 2.728484e-12
111 2.577089e+03 1.197829e+00 1.660699e-08 9.094947e-13
112 9.269755e+02 1.197829e+00 1.276516e-08 2.273737e-13
113 3.328502e+02 1.197829e+00 9.766057e-09 1.373789e-19
114 1.192025e+02 1.197829e+00 7.419632e-09 1.421085e-14
115 4.263707e+01 1.197829e+00 5.576230e-09 1.465164e-20
116 1.442873e+04 1.197829e+00 4.317698e-09 1.818989e-12
117 5.205366e+03 1.197829e+00 3.344390e-09 9.094947e-13
118 1.877299e+03 1.197829e+00 2.590010e-09 2.273737e-13
119 6.769686e+02 1.197829e+00 2.005078e-09 1.136868e-13
120 2.440978e+02 1.197829e+00 1.551324e-09 5.684342e-14
121 8.802535e+01 1.197829e+00 1.198937e-09 1.157979e-21
122 3.181053e+01 1.197829e+00 9.258222e-10 5.213595e-22
123 2.850700e+01 1.197829e+00 6.723001e-10 1.065814e-14
124 3.643904e+01 1.197829e+00 4.982638e-10 7.105427e-15
125 4.498932e+01 1.197829e+00 3.732200e-10 1.412371e-22
126 1.700950e+01 1.197829e+00 2.781456e-10 1.029175e-22
127 6.585822e+00 1.197829e+00 2.078327e-10 2.304432e-23
128 2.573618e+00 1.197829e+00 1.504057e-10 8.881784e-16
129 1.094620e+00 1.094620e+00 1.091052e-10 2.220446e-16
130 4.185522e-01 4.185522e-01 -1.449894e-11 5.551115e-17
131 9.370287e+03 4.185522e-01 -1.105643e-11 1.818989e-12
132 4.635168e+04 4.185522e-01 -8.436186e-12 3.646790e-22
133 8.024328e+05 4.185522e-01 -6.517552e-12 1.164153e-10
134 2.909814e+05 4.185522e-01 -5.041164e-12 5.820766e-11
135 1.048494e+05 4.185522e-01 -3.892873e-12 2.910383e-11
136 3.831655e+04 4.185522e-01 -3.009814e-12 7.275958e-12
137 1.381297e+04 4.185522e-01 -2.316480e-12 7.275958e-12
138 3.182100e+04 4.185522e-01 -1.782201e-12 3.637979e-12
139 1.318941e+04 4.185522e-01 -1.376643e-12 1.818989e-12
140 4.750589e+03 4.185522e-01 -1.062238e-12 9.094947e-13
141 1.718937e+03 4.185522e-01 -8.116795e-13 2.273737e-13
142 7.150360e+02 4.185522e-01 -6.195429e-13 1.136868e-13
143 2.565101e+02 4.185522e-01 -4.702574e-13 1.649165e-24
144 9.178234e+01 4.185522e-01 -3.528465e-13 2.842171e-14
145 3.282719e+01 4.185522e-01 -2.618517e-13 2.012743e-25
146 1.190665e+01 4.185522e-01 -1.844975e-13 1.371782e-25
147 7.515707e+01 4.185522e-01 -1.167549e-13 5.684342e-14
148 3.814556e+07 4.185522e-01 -8.986301e-14 4.389738e-22
149 1.216229e+12 4.185522e-01 5.103085e-09 4.595137e-11
150 4.388463e+11 4.185522e-01 1.246125e-08 1.310888e-11
151 1.584025e+11 4.185522e-01 2.386583e-08 1.256528e-11
152 5.722813e+10 4.185522e-01 4.235486e-08 7.629395e-06
153 2.072292e+10 4.185522e-01 7.341055e-08 3.814697e-06
154 7.544331e+09 4.185522e-01 5.689204e-08 3.658752e-14
155 2.725958e+09 4.185522e-01 4.409093e-08 4.768372e-07
156 9.833988e+08 4.185522e-01 3.417026e-08 1.192093e-07
157 3.547634e+08 4.185522e-01 2.648172e-08 5.960464e-08
158 1.279807e+08 4.185522e-01 2.052380e-08 8.668321e-16
159 4.633492e+07 4.185522e-01 1.590560e-08 7.450581e-09
160 1.671608e+07 4.185522e-01 1.232685e-08 1.862645e-09
161 6.030523e+06 4.185522e-01 9.553159e-09 9.313226e-10
162 2.175504e+06 4.185522e-01 7.403452e-09 1.134970e-17
163 7.848386e+05 4.185522e-01 5.737648e-09 1.164153e-10
164 2.833856e+05 4.185522e-01 4.446118e-09 5.820766e-11
165 1.022284e+05 4.185522e-01 3.448935e-09 2.446133e-19
166 4.306958e+04 4.185522e-01 2.667585e-09 1.428133e-19
167 1.560053e+04 4.185522e-01 2.048238e-09 1.818989e-12
168 1.634203e+08 4.185522e-01 1.585958e-09 5.960464e-08
169 8.776072e+07 4.185522e-01 1.228897e-09 2.980232e-08
170 3.173853e+07 4.185522e-01 9.522831e-10 5.632533e-18
171 1.144900e+07 4.185522e-01 7.379260e-10 1.862645e-09
172 4.130056e+06 4.185522e-01 5.717629e-10 4.855304e-19
173 1.489743e+06 4.185522e-01 4.424156e-10 2.328306e-10
174 7.436667e+05 4.185522e-01 3.426053e-10 2.328306e-10
175 2.682245e+05 4.185522e-01 2.653149e-10 5.820766e-11
176 9.672894e+04 4.185522e-01 2.053611e-10 4.365575e-11
177 3.492720e+04 4.185522e-01 1.584814e-10 7.275958e-12
178 1.302781e+04 4.185522e-01 1.222604e-10 2.663104e-21
179 4.698499e+03 4.185522e-01 9.502492e-11 2.934960e-21
180 1.960702e+04 4.185522e-01 7.324726e-11 3.637979e-12
181 7.120414e+03 4.185522e-01 5.657051e-11 9.094947e-13
182 1.001092e+04 4.185522e-01 4.350949e-11 3.637979e-12
183 3.606838e+03 4.185522e-01 3.335110e-11 1.303196e-22
184 1.374914e+03 4.185522e-01 2.549832e-11 2.273737e-13
185 5.133089e+02 4.185522e-01 1.952409e-11 1.136868e-13
186 1.856244e+02 4.185522e-01 1.487713e-11 5.684342e-14
187 6.743621e+01 4.185522e-01 1.126505e-11 1.421085e-14
188 2.420546e+01 4.185522e-01 8.472104e-12 1.161505e-24
189 8.623182e+00 4.185522e-01 6.333381e-12 1.776357e-15
190 3.082919e+00 4.185522e-01 4.674771e-12 4.440892e-16
191 1.085541e+00 4.185522e-01 3.496473e-12 2.220446e-16
192 3.860737e-01 3.860737e-01 2.786713e-12 5.551115e-17
193 1.428880e-01 1.428880e-01 2.602553e-12 1.858856e-25
194 6.173512e-02 6.173512e-02 3.479050e-12 6.938894e-18
195 3.507814e-02 3.507814e-02 5.262714e-12 6.938894e-18
196 6.815192e-02 3.507814e-02 3.937855e-12 1.387779e-17
197 6.232275e-01 3.507814e-02 2.724050e-12 1.110223e-16
198 4.081576e+01 3.507814e-02 1.952863e-12 2.184613e-25
199 8.054957e+01 3.507814e-02 1.224646e-12 1.421085e-14
200 3.271728e+04 3.507814e-02 9.390336e-13 1.847519e-23
201 4.569908e+04 3.507814e-02 7.254223e-13 5.486892e-23
202 1.411806e+06 3.507814e-02 5.610692e-13 2.328306e-10
203 6.031963e+05 3.507814e-02 4.312095e-13 1.164153e-10
204 2.592688e+07 3.507814e-02 3.341753e-13 3.725290e-09
205 9.372103e+06 3.507814e-02 2.589921e-13 2.024713e-21
206 3.382163e+06 3.507814e-02 2.007127e-13 5.902370e-22
207 1.224898e+06 3.507814e-02 1.555019e-13 2.328306e-10
208 4.594789e+05 3.507814e-02 1.204862e-13 5.820766e-11
209 1.659780e+05 3.507814e-02 9.337530e-14 2.910383e-11
210 5.989797e+04 3.507814e-02 7.238993e-14 1.455192e-11
211 2.160695e+04 3.507814e-02 5.617119e-14 3.637979e-12
212 7.863438e+03 3.507814e-02 4.365273e-14 9.094947e-13
213 2.834977e+03 3.507814e-02 3.406097e-14 4.547474e-13
214 1.022162e+03 3.507814e-02 2.679715e-14 8.236795e-26
215 3.687091e+02 3.507814e-02 2.143941e-14 4.995742e-26
216 1.332191e+02 3.507814e-02 1.774275e-14 3.327849e-26
217 4.836370e+01 3.507814e-02 1.569848e-14 1.056036e-26
218 1.775884e+01 3.507814e-02 1.575321e-14 3.552714e-15
219 6.667345e+00 3.507814e-02 1.950120e-14 2.632601e-27
220 2.578537e+00 3.507814e-02 3.139974e-14 1.735158e-27
221 1.007134e+00 3.507814e-02 6.128174e-14 1.618865e-27
222 3.963394e-01 3.507814e-02 1.455359e-13 2.661002e-27
223 1.748264e-01 3.507814e-02 4.971321e-13 7.571600e-27
224 9.308123e-02 3.507814e-02 7.978882e-13 2.775558e-17
225 6.046172e-02 3.507814e-02 9.888735e-13 6.938894e-18
226 8.340553e-01 3.507814e-02 7.066076e-13 2.220446e-16
227 2.935804e-01 3.507814e-02 5.314389e-13 4.868680e-27
228 1.023888e-01 3.507814e-02 4.311618e-13 2.384204e-27
229 3.672624e-02 3.507814e-02 4.242333e-13 6.938894e-18
230 1.424338e-02 1.424338e-02 6.696859e-13 1.222188e-27
231 6.587956e-03 6.587956e-03 1.916470e-12 1.734723e-18
232 3.341707e-03 3.341707e-03 4.258295e-12 8.673617e-19
233 2.185848e-03 2.185848e-03 8.150495e-12 4.336809e-19
234 1.811707e-03 1.811707e-03 1.126843e-11 6.505213e-19
235 1.113951e-03 1.113951e-03 3.254551e-11 2.168404e-19
236 2.145209e-03 1.113951e-03 2.102013e-11 5.421835e-26
237 1.517222e-01 1.113951e-03 1.337284e-11 2.775558e-17
238 7.482824e-02 1.113951e-03 7.264041e-12 1.387779e-17
239 6.056890e+00 1.113951e-03 5.249131e-12 8.881784e-16
240 7.930751e+01 1.113951e-03 2.326522e-12 1.421085e-14
241 9.688733e+05 1.113951e-03 1.800047e-12 1.090426e-21
242 3.552878e+05 1.113951e-03 1.392899e-12 1.602898e-21
243 1.832146e+05 1.113951e-03 1.077925e-12 5.820766e-11
244 9.714669e+04 1.113951e-03 7.650976e-13 1.455192e-11
245 7.027196e+09 1.113951e-03 5.927285e-13 9.536743e-07
246 4.569236e+09 1.113951e-03 4.592438e-13 9.536743e-07
247 2.809442e+09 1.113951e-03 3.559113e-13 4.768372e-07
248 1.014877e+09 1.113951e-03 2.758247e-13 3.576279e-07
249 3.661212e+08 1.113951e-03 2.137573e-13 7.210173e-21
250 1.320758e+08 1.113951e-03 1.656555e-13 3.088207e-21
251 4.764521e+07 1.113951e-03 1.283787e-13 7.450581e-09
252 1.718810e+07 1.113951e-03 9.948852e-14 3.725290e-09
253 6.200303e+06 1.113951e-03 7.710100e-14 1.533647e-22
254 2.236614e+06 1.113951e-03 5.975726e-14 4.656613e-10
255 8.068439e+05 1.113951e-03 4.629786e-14 1.059990e-23
256 2.932715e+05 1.113951e-03 3.590640e-14 5.820766e-11
257 1.058022e+05 1.113951e-03 2.788279e-14 1.455192e-11
258 6.598483e+04 1.113951e-03 2.161555e-14 1.455192e-11
259 2.448672e+04 1.113951e-03 1.688803e-14 2.409408e-25
260 8.823291e+03 1.113951e-03 1.334520e-14 1.818989e-12
261 3.187026e+03 1.113951e-03 1.079444e-14 1.467946e-26
262 1.147363e+03 1.113951e-03 9.128197e-15 4.759628e-27
263 4.134886e+02 1.113951e-03 8.398600e-15 1.705303e-13
264 1.502126e+02 1.113951e-03 8.838624e-15 2.842171e-14
265 5.507271e+01 1.113951e-03 1.107628e-14 1.421085e-14
266 2.026676e+01 1.113951e-03 1.620671e-14 3.552714e-15
267 7.364971e+00 1.113951e-03 2.550060e-14 2.846893e-28
268 2.630755e+00 1.113951e-03 4.073420e-14 1.332268e-15
269 9.379340e-01 1.113951e-03 6.726383e-14 5.081285e-28
270 3.468165e-01 1.113951e-03 1.325083e-13 1.110223e-16
271 1.489159e-01 1.113951e-03 4.952779e-13 2.607821e-27
272 9.139631e-02 1.113951e-03 8.664673e-13 2.775558e-17
273 6.705227e-02 1.113951e-03 1.096851e-12 1.570720e-27
274 3.216236e-02 1.113951e-03 6.191393e-13 1.387779e-17
275 2.660890e+00 1.113951e-03 4.692344e-13 6.554454e-26
276 1.561905e+02 1.113951e-03 3.734087e-13 1.917042e-25
277 8.702349e+03 1.113951e-03 2.876396e-13 1.818989e-12
278 3.125359e+04 1.113951e-03 2.218660e-13 3.637979e-12
279 1.284154e+04 1.113951e-03 1.720058e-13 1.818989e-12
280 7.961446e+03 1.113951e-03 1.323387e-13 1.022687e-24
281 8.802367e+03 1.113951e-03 1.026169e-13 1.501204e-24
282 2.236661e+04 1.113951e-03 7.910266e-14 7.275958e-12
283 8.100059e+03 1.113951e-03 6.102058e-14 1.818989e-12
284 2.922775e+03 1.113951e-03 4.729663e-14 4.547474e-13
285 3.257591e+03 1.113951e-03 3.678115e-14 1.104941e-25
286 1.168946e+03 1.113951e-03 2.892116e-14 4.381328e-26
287 4.193411e+02 1.113951e-03 2.319009e-14 2.115815e-26
288 1.378805e+03 1.113951e-03 1.832319e-14 2.273737e-13
289 5.189138e+02 1.113951e-03 1.509320e-14 1.136868e-13
290 1.897447e+02 1.113951e-03 1.366540e-14 5.684342e-14
291 6.842893e+01 1.113951e-03 1.407736e-14 1.421085e-14
292 2.487545e+01 1.113951e-03 1.720892e-14 1.057115e-26
293 9.079731e+00 1.113951e-03 2.466418e-14 6.895125e-27
294 3.291165e+00 1.113951e-03 3.891838e-14 4.440892e-16
295 1.194423e+00 1.113951e-03 6.687578e-14 2.220446e-16
296 4.534920e-01 1.113951e-03 1.427837e-13 1.401608e-27
297 1.981103e-01 1.113951e-03 4.630312e-13 2.775558e-17
298 1.059159e-01 1.113951e-03 7.164087e-13 2.775558e-17
299 5.805344e-02 1.113951e-03 9.713725e-13 2.775558e-17
300 2.810187e-02 1.113951e-03 2.029162e-12 3.469447e-18
301 1.822550e-02 1.113951e-03 2.173153e-12 2.135192e-27
302 1.013331e-02 1.113951e-03 2.867752e-12 1.734723e-18
303 5.005386e-03 1.113951e-03 5.516592e-12 8.673617e-19
304 3.360753e-03 1.113951e-03 5.665267e-12 8.673617e-19
305 1.662883e-03 1.113951e-03 1.189596e-11 5.397667e-27
306 1.121244e-03 1.113951e-03 1.752972e-11 2.168404e-19
307 9.660040e-04 9.660040e-04 1.264716e-11 1.084202e-19
308 3.082549e-02 9.660040e-04 7.432523e-12 6.938894e-18
309 9.924395e-03 9.660040e-04 4.371574e-12 4.656195e-27
310 3.957635e-03 9.660040e-04 2.724223e-12 1.734723e-18
311 1.286910e-03 9.660040e-04 2.018357e-12 4.336809e-19
312 4.737891e-04 4.737891e-04 2.851626e-12 1.084202e-19
313 2.752488e-04 2.752488e-04 1.150910e-11 5.421011e-20
314 2.579944e-04 2.579944e-04 1.181058e-11 1.084202e-19
315 1.205293e-04 1.205293e-04 3.689110e-11 1.355253e-20
316 7.158134e-05 7.158134e-05 3.657142e-11 3.956317e-27
317 3.098631e-05 3.098631e-05 5.680923e-11 6.776264e-21
318 1.224064e-05 1.224064e-05 6.266506e-11 3.388132e-21
319 4.659186e-06 4.659186e-06 7.087237e-11 8.470329e-22
320 1.543335e-06 1.543335e-06 7.670816e-11 2.117582e-22
321 5.032726e-07 5.032726e-07 8.216297e-11 1.058791e-22
322 1.575135e-07 1.575135e-07 8.677485e-11 5.293956e-23
323 4.853014e-08 4.853014e-08 9.052411e-11 1.323489e-23
324 1.481230e-08 1.481230e-08 9.337122e-11 4.963085e-24
325 4.500236e-09 4.500236e-09 9.541666e-11 8.271819e-25
326 1.364281e-09 1.364281e-09 9.682861e-11 2.068016e-25
327 4.131756e-10 4.131756e-10 9.777898e-11 1.034000e-25
328 1.250596e-10 1.250596e-10 9.840549e-11 1.683393e-28
329 3.784525e-11 3.784525e-11 9.881927e-11 2.020603e-28
330 1.145598e-11 1.145598e-11 9.914017e-11 3.231866e-27
331 3.469177e-12 3.469177e-12 9.952697e-11 4.099810e-28
332 1.050553e-12 1.050553e-12 1.002520e-10 1.282013e-29
333 3.160823e-13 3.160823e-13 1.014071e-10 5.306273e-29
x:  2.369251e-01  7.922186e-02 -3.147840e-01  1.697506e-01  4.889258e-02  7.688829e-03  8.648832e-02  3.299404e-01  2.920455e-01 -2.838517e-01  2.749183e-01  2.262145e-01  4.305059e-02 -3.082971e-01  2.986374e-01 -1.758790e-01 -1.409660e-01  2.483911e-02 -3.139201e-01 -3.323341e-01 -2.536625e-01  3.085779e-01  3.206707e-01  2.846606e-01 -2.825305e-01  9.981622e-02  3.241049e-01  1.080087e-01  2.735859e-01  1.041370e-02 -2.431731e-01  3.213862e-01  1.385726e-01 -3.332462e-01  3.305185e-01 -3.264530e-01  2.485867e-01  5.981423e-03  1.342275e-01  1.270825e-01 -1.942003e-02 -5.529616e-02 -2.921153e-01  3.314975e-01 -2.575636e-01 -1.170504e-01 -4.586585e-02 -3.024669e-01  2.304714e-01 -2.258276e-01  6.781654e-02 -3.325823e-01 -2.950530e-01 -2.822264e-01 -2.154506e-01 -2.727577e-01 -5.068788e-02  2.258983e-01  1.357163e-02  1.213075e-01  3.253398e-01  2.225283e-01  1.384385e-01 -3.307426e-01  3.331909e-01 -1.198885e-01 -2.911370e-01 -3.328053e-01 -3.196772e-01 -7.781857e-03  3.188895e-01  1.442260e-02  3.006274e-02  3.292732e-01 -5.042820e-02  3.295260e-01 -2.889491e-01 -3.313566e-01  2.124486e-01  2.532502e-01  2.344731e-01  3.237823e-01 -1.096457e-01 -2.868725e-01  3.297280e-01 -3.332447e-01 -3.219176e-01 -4.743799e-02 -1.606876e-01 -1.747551e-01  1.884969e-01 -2.448226e-01 -3.305416e-01 -1.267440e-01 -1.480769e-01  2.831566e-01 -3.020591e-01 -3.324065e-01  1.120950e-01 -2.578983e-02 -2.162555e-01 -1.260588e-01  9.100231e-02 -1.734342e-01 -1.768830e-01  3.180374e-01  7.789185e-02  3.153494e-01 -1.904255e-01 -3.331706e-01  2.279867e-01  8.844214e-02  3.031645e-01  7.622932e-03 -4.322789e-02 -6.737599e-02  2.220715e-01  3.332797e-01  3.051133e-01 -3.081576e-01 -3.327671e-01  3.287148e-01  1.605608e-01  3.493510e-02  2.115941e-01  3.121063e-01  3.301628e-01 -1.400888e-01  2.408195e-01 -2.451795e-01  3.263618e-01 -2.236245e-02 -1.550962e-01  1.773679e-01 -2.543465e-01 -1.916099e-01  3.294568e-01  2.451144e-01 -3.330569e-01 -3.104764e-01 -7.256076e-02 -2.481778e-01  3.032257e-01  4.147737e-02  9.743810e-03  3.110271e-01 -1.623280e-01 -1.875527e-02  9.443302e-02  3.332425e-01  9.705962e-02  3.330211e-01 -3.319749e-01  5.186771e-02  3.294967e-01  5.023653e-02 -1.661912e-01 -3.624789e-02 -2.568593e-01 -2.167382e-01 -1.267686e-01 -3.082870e-01  2.951787e-01  1.548568e-01  2.315666e-01  2.397666e-01  2.400531e-01 -2.312696e-01  3.272033e-01 -6.363272e-02  4.801385e-02  3.298573e-01  9.300524e-02 -3.200955e-01  3.260081e-01 -6.949722e-02  7.046057e-02 -3.258012e-01 -1.272656e-01  3.080821e-01  2.128163e-01  2.565548e-01  3.060308e-01 -1.321222e-01 -3.161153e-01  1.057461e-01  1.819784e-01 -2.792758e-01 -2.845388e-01  1.736340e-01  1.846764e-01 -2.774991e-01  2.753249e-01  1.879024e-01  1.704231e-01 -2.864736e-01  2.474070e-01 -2.233851e-01 -3.102495e-01  1.218867e-01  4.676947e-02  3.300359e-01  2.780917e-02 -3.321714e-01  3.319105e-01  3.076644e-02  3.244101e-01  7.661093e-02 -2.897675e-01  1.647602e-01  1.592908e-01 -2.928098e-01  1.345467e-01  3.049726e-01  4.948100e-02 -3.296404e-01 -2.866508e-01 -1.701248e-01 -1.339913e-02 -3.330639e-01  1.014071e-10
grad:  1.728824e-19  2.126319e-20 -9.687438e-20 -2.784755e-19  1.788073e-19 -1.601483e-19  1.717358e-19 -3.766427e-20 -5.013442e-20  9.270802e-21  1.663397e-19  2.200588e-20 -1.195105e-19 -9.514133e-20 -7.203448e-21 -2.916696e-20 -2.662089e-21 -2.255802e-19 -2.106045e-20  9.535085e-22  2.234050e-19  3.336178e-20 -3.348732e-20 -1.175718e-20  8.922334e-20 -1.932719e-19 -4.352592e-21  2.701096e-19 -3.142152e-20  4.467379e-19 -3.827810e-19 -4.694999e-20 -3.681994e-19 -1.595457e-21  2.198724e-20 -1.909639e-20  1.212425e-19 -2.141443e-19 -1.141921e-19  1.232601e-20  4.563178e-20  2.209020e-19  5.693482e-20 -8.161600e-21  1.879266e-20  1.711666e-19  4.775220e-20 -1.463819e-20 -9.502462e-20 -1.322942e-19  7.708030e-20 -4.576593e-23  4.183181e-20  5.621050e-20  2.558670e-20  1.577768e-20  8.949953e-20  3.408165e-19 -4.287663e-19 -1.588311e-19 -2.068234e-20  8.082623e-20  2.818745e-20  1.313387e-20 -1.347690e-20  1.588909e-19  1.173047e-19  1.923105e-20 -1.275028e-19  5.399272e-20 -1.317825e-19 -3.317052e-19 -7.997017e-20 -1.816446e-20 -4.547752e-19 -1.069657e-20  1.965234e-19  1.751917e-21  4.039023e-19  3.266487e-19 -1.714041e-19 -1.588081e-20  2.469651e-19 -1.668508e-19 -3.681052e-20 -1.957269e-20  3.442090e-20 -1.704142e-19 -6.546306e-20 -2.108670e-20 -2.269903e-19  2.096310e-20 -9.178999e-21  2.217130e-19  1.443570e-21 -3.315514e-20  8.041110e-21 -1.245894e-20 -4.900856e-20  6.007848e-20 -2.642250e-19  7.435340e-20  1.544540e-19 -3.846741e-21 -1.376865e-19  4.666963e-20  3.495612e-20 -8.918940e-20 -5.730628e-20  1.032044e-20 -3.918413e-19  1.216770e-19  1.584698e-19  1.580020e-19  1.566896e-19  9.009751e-20 -1.550326e-19  1.753116e-20  5.796452e-20  1.715046e-20  4.139919e-21  2.832377e-20  9.788299e-20 -2.662543e-20  1.550665e-20  7.221252e-20  2.014654e-20  3.063976e-20  8.552388e-20  1.213494e-19 -1.642371e-20  2.919105e-20 -7.935950e-20  8.730934e-20 -2.566461e-20 -2.469275e-20 -6.486066e-22 -3.042526e-19 -1.737676e-20 -6.045764e-20 -2.049448e-20  7.855353e-20 -3.533248e-20 -3.604591e-20  4.220996e-19  6.268229e-20 -2.078758e-19 -3.131994e-19 -4.371842e-19 -2.372135e-22  4.515220e-19  6.586485e-21 -1.708559e-21  1.076894e-19 -6.805688e-20  2.406844e-20 -3.316362e-19  1.040895e-19  3.225218e-19  3.758414e-19  1.231672e-19 -5.213307e-20 -4.159741e-21 -3.917165e-21 -1.388847e-19  1.459750e-19  1.530003e-19  1.520999e-19  8.329738e-21  5.713360e-20 -2.375308e-19  5.479670e-20  7.329132e-20  2.026963e-20  5.319791e-20  2.176408e-19 -7.368749e-20 -1.801356e-20  4.012355e-19  1.690850e-19 -1.967976e-19  1.700977e-19  1.242155e-19  2.899073e-19  6.407614e-20  1.952575e-19 -3.987688e-19 -2.702074e-19 -1.682299e-19 -2.751840e-19  5.157094e-20  1.920530e-20  1.264932e-19 -1.812453e-19 -1.354876e-19 -9.270091e-20 -9.320452e-20 -9.875047e-20 -4.975184e-20 -1.120054e-19 -8.694103e-20  9.671754e-21  2.116375e-20 -1.016215e-20 -5.051186e-21  1.002043e-19  2.986718e-20 -9.508703e-20  8.603102e-20  1.576432e-19  8.701956e-20  4.133995e-20 -4.861380e-19  2.146158e-19  6.905705e-19  8.164383e-20  2.219248e-19 -4.004699e-19  7.434569e-20  5.385445e-21  3.160823e-13
finished in 333 iterations (1.251 seconds total)
max viol = 6.1035e-08
