---------------------
Basis Indices:
---------------------

{-, -, -, -, -, -, -, -, -}, {-, -, -, -, -, -, -, -, -}, {-, -, -, -, -, -, -, -, -}, {-, -, -, -, -, -, -, -, -}, {-, -, -, -, -, -, -, -, -}, {-, -, -, -, -, -, -, -, -}, {-, -, -, -, -, -, -, -, -}, {-, -, -, -, -, -, -, -, -}, {-, -, -, -, -, -, -, -, -}


{-, -, -, -, -, -, -, -, -}, {-, 91+i658, 92+i659, 93+i660, 94+i661, 95+i662, 96+i663, 97+i664, 98+i665}, {-, 100+i667, 101+i668, 102+i669, 103+i670, 104+i671, 105+i672, 106+i673, 107+i674}, {-, 109+i676, 110+i677, 111+i678, 112+i679, 113+i680, 114+i681, 115+i682, 116+i683}, {-, 118+i685, 119+i686, 120+i687, 121+i688, 122+i689, 123+i690, 124+i691, 125+i692}, {-, 127+i694, 128+i695, 129+i696, 130+i697, 131+i698, 132+i699, 133+i700, 134+i701}, {-, 136+i703, 137+i704, 138+i705, 139+i706, 140+i707, 141+i708, 142+i709, 143+i710}, {}, {}


{-, 163+i730, 164+i731, 165+i732, 166+i733, 167+i734, 168+i735, 169+i736, 170+i737}, {}, {}, {}, {}, {}, {}, {}, {}


{-, 244+i811, 245+i812, 246+i813, 247+i814, 248+i815, 249+i816, 250+i817, 251+i818}, {}, {}, {}, {}, {}, {}, {}, {}


{-, 325+i892, 326+i893, 327+i894, 328+i895, 329+i896, 330+i897, 331+i898, 332+i899}, {}, {}, {}, {}, {}, {}, {}, {}


{-, 406+i973, 407+i974, 408+i975, 409+i976, 410+i977, 411+i978, 412+i979, 413+i980}, {}, {}, {}, {}, {}, {}, {}, {}


{-, 487+i1054, 488+i1055, 489+i1056, 490+i1057, 491+i1058, 492+i1059, 493+i1060, 494+i1061}, {}, {}, {}, {}, {}, {}, {}, {}

---------------------
Index Mapping: 
---------------------

{1207: 249, 1189: 231, 1163: 205, 1145: 187, 1136: 178, 1061: 175, 1060: 174, 1059: 173, 1058: 172, 1057: 171, 1056: 170, 1055: 169, 1054: 168, 980: 167, 979: 166, 978: 165, 977: 164, 976: 163, 975: 162, 974: 161, 973: 160, 1154: 196, 897: 157, 818: 151, 817: 150, 816: 149, 815: 148, 814: 147, 813: 146, 812: 145, 811: 144, 737: 143, 736: 142, 735: 141, 734: 140, 733: 139, 732: 138, 731: 137, 730: 136, 710: 135, 709: 134, 708: 133, 707: 132, 706: 131, 705: 130, 704: 129, 703: 128, 701: 127, 244: 56, 1171: 213, 143: 47, 1170: 212, 142: 46, 1169: 211, 141: 45, 1168: 210, 140: 44, 1167: 209, 139: 43, 1166: 208, 138: 42, 1165: 207, 137: 41, 1164: 206, 136: 40, 1162: 204, 134: 39, 1161: 203, 133: 38, 1160: 202, 132: 37, 1159: 201, 131: 36, 1158: 200, 130: 35, 1157: 199, 129: 34, 246: 58, 1147: 189, 119: 25, 1156: 198, 899: 159, 128: 33, 245: 57, 1146: 188, 118: 24, 1155: 197, 898: 158, 127: 32, 1153: 195, 896: 156, 125: 31, 1152: 194, 895: 155, 124: 30, 251: 63, 1151: 193, 894: 154, 123: 29, 250: 62, 103: 11, 102: 10, 101: 9, 100: 8, 98: 7, 97: 6, 96: 5, 95: 4, 94: 3, 93: 2, 1150: 192, 893: 153, 122: 28, 249: 61, 92: 1, 1149: 191, 892: 152, 121: 27, 248: 60, 1185: 227, 671: 100, 104: 12, 91: 0, 1148: 190, 120: 26, 247: 59, 1186: 228, 672: 101, 105: 13, 1187: 229, 673: 102, 1134: 176, 106: 14, 487: 80, 1188: 230, 674: 103, 1135: 177, 107: 15, 488: 81, 1190: 232, 676: 104, 1137: 179, 109: 16, 490: 83, 1191: 233, 163: 48, 677: 105, 1138: 180, 110: 17, 491: 84, 1198: 240, 170: 55, 1192: 234, 164: 49, 678: 106, 1139: 181, 111: 18, 492: 85, 1140: 182, 112: 19, 493: 86, 1141: 183, 113: 20, 494: 87, 1142: 184, 114: 21, 1143: 185, 115: 22, 1144: 186, 116: 23, 325: 64, 326: 65, 327: 66, 328: 67, 329: 68, 330: 69, 331: 70, 332: 71, 1174: 216, 660: 90, 1175: 217, 661: 91, 1176: 218, 662: 92, 1180: 222, 409: 75, 1177: 219, 406: 72, 663: 93, 1178: 220, 407: 73, 664: 94, 1179: 221, 408: 74, 665: 95, 1181: 223, 410: 76, 667: 96, 489: 82, 1172: 214, 658: 88, 1173: 215, 659: 89, 1182: 224, 411: 77, 668: 97, 1183: 225, 412: 78, 669: 98, 1184: 226, 413: 79, 670: 99, 1193: 235, 165: 50, 679: 107, 1194: 236, 166: 51, 680: 108, 1195: 237, 167: 52, 681: 109, 1196: 238, 168: 53, 682: 110, 1197: 239, 169: 54, 683: 111, 1199: 241, 685: 112, 1200: 242, 686: 113, 1201: 243, 687: 114, 1202: 244, 688: 115, 1203: 245, 689: 116, 1204: 246, 690: 117, 1205: 247, 691: 118, 1206: 248, 692: 119, 1208: 250, 694: 120, 1209: 251, 695: 121, 1210: 252, 696: 122, 1211: 253, 697: 123, 1212: 254, 698: 124, 1213: 255, 699: 125, 700: 126}

---------------------
Final Problem: 
---------------------
Find a point satisfying:

1*{  1  9} + 1*{ 90 98} + 1*{  0  8} + 1*{ 89 97} + 1*{  4 12} + 1*{  3 11} + 1*{ 92100} + 1*{ 88 96} + 1*{  5 13} + 1*{  2 10} + 1*{ 91 99} + 0.111111*{} + 1*{  7 15} + 1*{  6 14} + 1*{ 95103} + 1*{ 94102} + 1*{ 93101} = 0 

1*{  3 99} + 1*{  0 96} + 1*{  1 97} + -1*{ 14 94} + 1*{  6102} + 1*{  5101} + -1*{ 10 90} + 1*{  7103} + 1*{  4100} + 1*{  2 98} + -1*{ 11 91} + -1*{  8 88} + -1*{  9 89} + -1*{ 13 93} + -1*{ 15 95} + -1*{ 12 92} = 0 

1*{ 94110} + 1*{ 90106} + 1*{  6 22} + 1*{ 88104} + 1*{  3 19} + 1*{ 92108} + 1*{  2 18} + 1*{  7 23} + 1*{ 89105} + 1*{ 91107} + 1*{  4 20} + 1*{  5 21} + 0.111111*{} + 1*{ 95111} + 1*{ 93109} + 1*{  0 16} + 1*{  1 17} = 0 

1*{  1105} + -1*{ 22 94} + -1*{ 17 89} + -1*{ 19 91} + 1*{  3107} + -1*{ 23 95} + 1*{  0104} + 1*{  5109} + 1*{  7111} + -1*{ 21 93} + -1*{ 20 92} + -1*{ 16 88} + 1*{  4108} + 1*{  6110} + 1*{  2106} + -1*{ 18 90} = 0 

1*{  6 30} + 1*{  5 29} + 1*{  2 26} + 1*{  0 24} + 0.111111*{} + 1*{ 91115} + 1*{  4 28} + 1*{  7 31} + 1*{ 93117} + 1*{ 89113} + 1*{ 88112} + 1*{ 95119} + 1*{ 92116} + 1*{ 94118} + 1*{ 90114} + 1*{  1 25} + 1*{  3 27} = 0 

1*{  4116} + -1*{ 28 92} + 1*{  5117} + 1*{  6118} + 1*{  2114} + -1*{ 30 94} + -1*{ 26 90} + 1*{  3115} + -1*{ 29 93} + -1*{ 31 95} + 1*{  1113} + -1*{ 25 89} + 1*{  0112} + -1*{ 24 88} + 1*{  7119} + -1*{ 27 91} = 0 

1*{ 95127} + 1*{  4 36} + 1*{ 90122} + 1*{ 94126} + 1*{ 93125} + 1*{  5 37} + 1*{ 91123} + 1*{  7 39} + 1*{ 88120} + 1*{  6 38} + 1*{  2 34} + 1*{  1 33} + 1*{  0 32} + 1*{ 89121} + 1*{ 92124} + 1*{  3 35} + 0.111111*{} = 0 

1*{  3123} + 1*{  6126} + 1*{  1121} + 1*{  2122} + 1*{  5125} + -1*{ 38 94} + -1*{ 37 93} + -1*{ 39 95} + -1*{ 32 88} + -1*{ 34 90} + 1*{  0120} + 1*{  4124} + -1*{ 36 92} + 1*{  7127} + -1*{ 33 89} + -1*{ 35 91} = 0 

1*{  3 43} + 1*{ 89129} + 1*{ 95135} + 1*{ 94134} + 1*{  7 47} + 1*{  2 42} + 1*{ 93133} + 1*{ 88128} + 1*{  6 46} + 1*{  5 45} + 1*{  1 41} + 1*{  0 40} + 1*{  4 44} + 1*{ 91131} + 1*{ 92132} + 0.111111*{} + 1*{ 90130} = 0 

1*{  2130} + -1*{ 43 91} + -1*{ 45 93} + -1*{ 40 88} + 1*{  5133} + 1*{  6134} + 1*{  0128} + -1*{ 46 94} + 1*{  3131} + -1*{ 47 95} + 1*{  1129} + 1*{  4132} + 1*{  7135} + -1*{ 42 90} + -1*{ 41 89} + -1*{ 44 92} = 0 

-0.111111*{} + 1*{177177} + 1*{176176} = 0 

1*{ 95143} + 1*{  3 51} + 1*{ 89137} + 1*{  5 53} + 1*{  1 49} + 1*{ 94142} + 1*{ 90138} + 1*{ 88136} + -1*{176} + 1*{  0 48} + 1*{ 91139} + 1*{ 92140} + 1*{  6 54} + 1*{  7 55} + 1*{ 93141} + 1*{  2 50} + 1*{  4 52} + 0.111111*{} = 0 

1*{  2138} + -1*{ 52 92} + 1*{  5141} + -1*{ 54 94} + 1*{  4140} + 1*{  3139} + -1*{ 50 90} + 1*{  0136} + -1*{ 55 95} + -1*{177} + -1*{ 51 91} + 1*{  6142} + -1*{ 48 88} + -1*{ 53 93} + -1*{ 49 89} + 1*{  7143} + 1*{  1137} = 0 

-0.111111*{} + 1*{179179} + 1*{178178} = 0 

1*{  1 57} + 1*{ 92148} + 1*{ 93149} + 1*{ 88144} + 0.111111*{} + 1*{  0 56} + 1*{ 94150} + 1*{  7 63} + 1*{  3 59} + 1*{  4 60} + 1*{  5 61} + -1*{178} + 1*{  2 58} + 1*{ 95151} + 1*{ 90146} + 1*{ 89145} + 1*{  6 62} + 1*{ 91147} = 0 

-1*{ 56 88} + -1*{ 58 90} + -1*{ 59 91} + 1*{  4148} + -1*{ 62 94} + -1*{179} + 1*{  6150} + 1*{  5149} + -1*{ 57 89} + 1*{  2146} + -1*{ 63 95} + 1*{  0144} + 1*{  1145} + 1*{  7151} + -1*{ 60 92} + -1*{ 61 93} + 1*{  3147} = 0 

-0.111111*{} + 1*{181181} + 1*{180180} = 0 

1*{ 89153} + 1*{  0 64} + 1*{ 88152} + 1*{ 90154} + 1*{  5 69} + 1*{ 95159} + -1*{180} + 1*{  7 71} + 1*{  2 66} + 1*{  3 67} + 1*{ 92156} + 1*{ 91155} + 1*{  4 68} + 0.111111*{} + 1*{ 94158} + 1*{  1 65} + 1*{  6 70} + 1*{ 93157} = 0 

1*{  1153} + 1*{  3155} + 1*{  4156} + -1*{ 65 89} + -1*{ 66 90} + -1*{ 69 93} + 1*{  7159} + 1*{  5157} + -1*{ 64 88} + -1*{ 70 94} + -1*{181} + 1*{  6158} + 1*{  2154} + -1*{ 67 91} + 1*{  0152} + -1*{ 71 95} + -1*{ 68 92} = 0 

-0.111111*{} + 1*{183183} + 1*{182182} = 0 

1*{ 94166} + 1*{ 93165} + 1*{  1 73} + 1*{ 90162} + 1*{ 88160} + 1*{  2 74} + 1*{  5 77} + 1*{  3 75} + 0.111111*{} + 1*{  4 76} + 1*{  6 78} + 1*{ 91163} + -1*{182} + 1*{ 95167} + 1*{  7 79} + 1*{ 89161} + 1*{  0 72} + 1*{ 92164} = 0 

1*{  1161} + -1*{ 78 94} + -1*{ 79 95} + -1*{ 75 91} + 1*{  7167} + 1*{  0160} + -1*{ 74 90} + 1*{  4164} + -1*{ 72 88} + 1*{  5165} + -1*{183} + 1*{  3163} + -1*{ 77 93} + 1*{  6166} + -1*{ 73 89} + -1*{ 76 92} + 1*{  2162} = 0 

-0.111111*{} + 1*{185185} + 1*{184184} = 0 

1*{  1 81} + 1*{ 92172} + 1*{  2 82} + 1*{ 95175} + 1*{ 91171} + 1*{ 89169} + -1*{184} + 1*{ 94174} + 1*{  6 86} + 1*{ 88168} + 1*{  4 84} + 1*{ 90170} + 0.111111*{} + 1*{  5 85} + 1*{  3 83} + 1*{  7 87} + 1*{  0 80} + 1*{ 93173} = 0 

-1*{ 83 91} + 1*{  0168} + -1*{ 84 92} + 1*{  4172} + -1*{ 80 88} + 1*{  5173} + -1*{ 81 89} + 1*{  1169} + 1*{  3171} + 1*{  2170} + -1*{185} + -1*{ 86 94} + 1*{  6174} + 1*{  7175} + -1*{ 87 95} + -1*{ 82 90} + -1*{ 85 93} = 0 

-0.111111*{} + 1*{ 88 88} + 1*{  0  0} = 0 

-0.111111*{} + 1*{ 89 89} + 1*{  1  1} = 0 

-0.111111*{} + 1*{ 90 90} + 1*{  2  2} = 0 

-0.111111*{} + 1*{ 91 91} + 1*{  3  3} = 0 

-0.111111*{} + 1*{ 92 92} + 1*{  4  4} = 0 

-0.111111*{} + 1*{ 93 93} + 1*{  5  5} = 0 

-0.111111*{} + 1*{ 94 94} + 1*{  6  6} = 0 

-0.111111*{} + 1*{  7  7} + 1*{ 95 95} = 0 

0.222222*{  0  2} + 0.222222*{ 90 91} + 0.222222*{ 90 93} + 0.222222*{  2  5} + 0.222222*{ 89 93} + 0.222222*{ 93 95} + 0.0740741*{  6} + 0.0740741*{  3} + 0.222222*{ 88 94} + 0.222222*{ 92 94} + 0.222222*{ 90 92} + 0.0740741*{  4} + 0.222222*{ 93 94} + 0.222222*{ 89 94} + 0.222222*{ 90 94} + 0.222222*{ 89 91} + 0.222222*{  0  3} + 0.222222*{  0  1} + 0.222222*{  4  7} + 0.222222*{ 88 95} + 0.222222*{ 88 92} + 0.222222*{  0  4} + 0.222222*{  2  6} + 0.0740741*{  0} + 0.222222*{ 91 94} + 0.222222*{  6  7} + 0.222222*{  4  5} + 0.222222*{ 91 92} + 0.222222*{ 88 89} + 0.222222*{ 90 95} + 0.222222*{  3  6} + 0.0740741*{  1} + 0.222222*{  1  3} + 0.222222*{  1  5} + 0.222222*{  1  6} + 0.222222*{ 91 95} + 0.222222*{ 88 91} + 0.222222*{  0  6} + 0.222222*{ 88 93} + 0.222222*{  1  7} + 0.222222*{ 94 95} + 0.222222*{  3  4} + 0.222222*{  1  4} + 0.222222*{ 89 92} + 0.222222*{ 89 90} + 0.222222*{  3  7} + 0.222222*{ 88 90} + 0.222222*{ 91 93} + 0.222222*{ 92 95} + 0.222222*{ 89 95} + 0.222222*{  1  2} + 0.222222*{  2  3} + 0.222222*{ 92 93} + 0.222222*{  2  7} + 0.222222*{  3  5} + 0.222222*{  0  5} + 0.0740741*{  5} + 0.222222*{  4  6} + 0.0740741*{  2} + 0.222222*{  0  7} + 0.0740741*{  7} + 0.222222*{  2  4} + 0.222222*{  5  7} + 0.222222*{  5  6} = 0 

1*{  8 16} + 1*{ 99107} + 1*{ 97105} + 1*{  9 17} + 1*{ 11 19} + 1*{ 12 20} + 1*{ 14 22} + 0.111111*{} + 1*{ 15 23} + 1*{100108} + 1*{ 13 21} + 1*{ 98106} + 1*{ 96104} + 1*{101109} + 1*{103111} + 1*{102110} + 1*{ 10 18} = 0 

1*{ 12108} + 1*{ 10106} + 1*{ 13109} + 1*{  8104} + 1*{ 14110} + -1*{ 20100} + 1*{  9105} + -1*{ 16 96} + -1*{ 23103} + -1*{ 21101} + 1*{ 15111} + -1*{ 18 98} + -1*{ 19 99} + -1*{ 22102} + -1*{ 17 97} + 1*{ 11107} = 0 

1*{ 11 27} + 1*{ 13 29} + 1*{ 96112} + 1*{ 12 28} + 1*{102118} + 1*{100116} + 1*{ 10 26} + 1*{103119} + 1*{ 15 31} + 1*{ 99115} + 1*{  9 25} + 1*{101117} + 1*{ 14 30} + 1*{ 98114} + 1*{  8 24} + 1*{ 97113} + 0.111111*{} = 0 

-1*{ 31103} + 1*{ 13117} + 1*{ 15119} + 1*{ 10114} + -1*{ 24 96} + 1*{  9113} + -1*{ 30102} + -1*{ 27 99} + -1*{ 25 97} + 1*{  8112} + 1*{ 12116} + 1*{ 11115} + 1*{ 14118} + -1*{ 28100} + -1*{ 29101} + -1*{ 26 98} = 0 

1*{ 15 39} + 1*{ 11 35} + 1*{ 98122} + 1*{  8 32} + 1*{ 96120} + 1*{ 12 36} + 1*{  9 33} + 1*{103127} + 1*{ 97121} + 1*{ 99123} + 0.111111*{} + 1*{102126} + 1*{ 14 38} + 1*{101125} + 1*{100124} + 1*{ 13 37} + 1*{ 10 34} = 0 

1*{  8120} + -1*{ 37101} + 1*{ 11123} + 1*{ 13125} + -1*{ 36100} + 1*{ 15127} + 1*{ 12124} + 1*{ 14126} + -1*{ 38102} + 1*{ 10122} + 1*{  9121} + -1*{ 39103} + -1*{ 34 98} + -1*{ 33 97} + -1*{ 32 96} + -1*{ 35 99} = 0 

1*{ 15 47} + 1*{  9 41} + 0.111111*{} + 1*{ 98130} + 1*{ 99131} + 1*{ 10 42} + 1*{102134} + 1*{ 11 43} + 1*{ 12 44} + 1*{103135} + 1*{101133} + 1*{ 14 46} + 1*{ 97129} + 1*{100132} + 1*{ 96128} + 1*{ 13 45} + 1*{  8 40} = 0 

-1*{ 42 98} + 1*{ 11131} + 1*{ 13133} + -1*{ 44100} + 1*{  9129} + -1*{ 40 96} + 1*{ 15135} + -1*{ 47103} + -1*{ 41 97} + 1*{  8128} + 1*{ 12132} + -1*{ 45101} + -1*{ 43 99} + -1*{ 46102} + 1*{ 14134} + 1*{ 10130} = 0 

1*{187187} + -0.111111*{} + 1*{186186} = 0 

1*{102142} + 1*{ 14 54} + 1*{ 97137} + 1*{ 15 55} + 1*{100140} + 0.111111*{} + 1*{  8 48} + 1*{ 11 51} + 1*{ 10 50} + 1*{ 13 53} + 1*{103143} + 1*{101141} + -1*{186} + 1*{ 96136} + 1*{ 98138} + 1*{ 99139} + 1*{ 12 52} + 1*{  9 49} = 0 

1*{ 10138} + -1*{ 50 98} + 1*{ 13141} + -1*{187} + -1*{ 48 96} + 1*{ 11139} + 1*{  8136} + -1*{ 53101} + 1*{ 14142} + -1*{ 49 97} + 1*{  9137} + 1*{ 12140} + -1*{ 52100} + -1*{ 55103} + -1*{ 54102} + -1*{ 51 99} + 1*{ 15143} = 0 

-0.111111*{} + 1*{189189} + 1*{188188} = 0 

1*{ 12 60} + 1*{ 13 61} + 1*{  8 56} + -1*{188} + 1*{101149} + 1*{ 98146} + 1*{ 15 63} + 1*{ 96144} + 1*{ 10 58} + 1*{102150} + 1*{100148} + 0.111111*{} + 1*{103151} + 1*{ 97145} + 1*{ 14 62} + 1*{  9 57} + 1*{ 99147} + 1*{ 11 59} = 0 

1*{ 12148} + -1*{189} + 1*{  8144} + 1*{ 11147} + -1*{ 62102} + -1*{ 56 96} + -1*{ 58 98} + -1*{ 57 97} + -1*{ 63103} + 1*{ 14150} + 1*{ 10146} + 1*{  9145} + -1*{ 60100} + -1*{ 61101} + 1*{ 13149} + 1*{ 15151} + -1*{ 59 99} = 0 

-0.111111*{} + 1*{191191} + 1*{190190} = 0 

1*{ 98154} + 1*{  9 65} + 1*{ 10 66} + 1*{101157} + 1*{ 99155} + 1*{ 12 68} + 1*{ 97153} + 1*{102158} + 0.111111*{} + 1*{ 96152} + 1*{ 15 71} + 1*{ 13 69} + -1*{190} + 1*{  8 64} + 1*{ 14 70} + 1*{100156} + 1*{103159} + 1*{ 11 67} = 0 

1*{ 12156} + -1*{ 64 96} + -1*{ 66 98} + 1*{  8152} + -1*{ 69101} + -1*{ 71103} + 1*{  9153} + -1*{ 70102} + -1*{ 67 99} + 1*{ 10154} + 1*{ 13157} + -1*{191} + -1*{ 65 97} + -1*{ 68100} + 1*{ 14158} + 1*{ 15159} + 1*{ 11155} = 0 

-0.111111*{} + 1*{193193} + 1*{192192} = 0 

1*{103167} + 1*{ 98162} + 1*{  9 73} + 1*{ 10 74} + 1*{ 11 75} + 1*{ 12 76} + -1*{192} + 1*{ 96160} + 1*{ 14 78} + 1*{102166} + 1*{ 99163} + 1*{101165} + 1*{  8 72} + 1*{ 15 79} + 1*{ 13 77} + 1*{100164} + 0.111111*{} + 1*{ 97161} = 0 

-1*{ 75 99} + -1*{ 78102} + -1*{ 77101} + -1*{193} + 1*{ 12164} + 1*{ 14166} + 1*{ 13165} + 1*{  9161} + -1*{ 73 97} + 1*{  8160} + 1*{ 15167} + -1*{ 79103} + -1*{ 72 96} + -1*{ 74 98} + 1*{ 11163} + -1*{ 76100} + 1*{ 10162} = 0 

-0.111111*{} + 1*{195195} + 1*{194194} = 0 

1*{ 96168} + 1*{ 97169} + 1*{  9 81} + 1*{ 12 84} + 1*{ 99171} + 1*{ 98170} + 1*{ 15 87} + -1*{194} + 1*{102174} + 1*{ 11 83} + 1*{100172} + 1*{101173} + 0.111111*{} + 1*{  8 80} + 1*{ 13 85} + 1*{ 10 82} + 1*{103175} + 1*{ 14 86} = 0 

-1*{ 82 98} + 1*{ 10170} + 1*{ 11171} + 1*{ 12172} + 1*{  9169} + -1*{ 86102} + 1*{ 13173} + 1*{  8168} + -1*{ 87103} + -1*{195} + -1*{ 80 96} + 1*{ 15175} + 1*{ 14174} + -1*{ 83 99} + -1*{ 85101} + -1*{ 81 97} + -1*{ 84100} = 0 

-0.111111*{} + 1*{ 96 96} + 1*{  8  8} = 0 

-0.111111*{} + 1*{ 97 97} + 1*{  9  9} = 0 

-0.111111*{} + 1*{ 98 98} + 1*{ 10 10} = 0 

-0.111111*{} + 1*{ 99 99} + 1*{ 11 11} = 0 

-0.111111*{} + 1*{100100} + 1*{ 12 12} = 0 

-0.111111*{} + 1*{101101} + 1*{ 13 13} = 0 

1*{102102} + -0.111111*{} + 1*{ 14 14} = 0 

-0.111111*{} + 1*{103103} + 1*{ 15 15} = 0 

0.0740741*{ 14} + 0.222222*{  8 14} + 0.222222*{  8 12} + 0.222222*{ 99101} + 0.0740741*{ 15} + 0.222222*{ 12 14} + 0.222222*{ 11 12} + 0.222222*{  8 13} + 0.0740741*{ 10} + 0.222222*{ 99100} + 0.222222*{ 11 13} + 0.222222*{ 98102} + 0.222222*{100102} + 0.222222*{ 98 99} + 0.222222*{ 97101} + 0.0740741*{ 12} + 0.222222*{ 14 15} + 0.222222*{  9 11} + 0.0740741*{  8} + 0.222222*{  8  9} + 0.222222*{100103} + 0.222222*{100101} + 0.222222*{ 98101} + 0.222222*{ 13 14} + 0.222222*{  9 14} + 0.222222*{102103} + 0.222222*{  9 13} + 0.222222*{  9 12} + 0.222222*{ 12 15} + 0.222222*{ 11 15} + 0.222222*{ 96 99} + 0.222222*{ 12 13} + 0.222222*{ 97100} + 0.0740741*{  9} + 0.222222*{ 97102} + 0.222222*{ 96101} + 0.222222*{ 96102} + 0.222222*{  9 15} + 0.222222*{101102} + 0.222222*{ 97 98} + 0.222222*{ 98100} + 0.222222*{ 96103} + 0.222222*{  8 10} + 0.222222*{ 96 97} + 0.222222*{ 97103} + 0.222222*{ 10 11} + 0.222222*{ 10 14} + 0.222222*{  8 11} + 0.222222*{101103} + 0.222222*{ 99102} + 0.222222*{ 13 15} + 0.0740741*{ 11} + 0.222222*{ 97 99} + 0.222222*{  9 10} + 0.222222*{ 10 12} + 0.222222*{ 10 13} + 0.222222*{ 96 98} + 0.222222*{ 11 14} + 0.222222*{ 99103} + 0.222222*{ 10 15} + 0.0740741*{ 13} + 0.222222*{ 98103} + 0.222222*{ 96100} + 0.222222*{  8 15} = 0 

1*{106114} + 1*{105113} + 1*{109117} + 1*{108116} + 1*{107115} + 1*{ 21 29} + 1*{ 23 31} + 1*{110118} + 1*{ 18 26} + 1*{ 19 27} + 1*{104112} + 1*{111119} + 1*{ 22 30} + 1*{ 16 24} + 1*{ 20 28} + 1*{ 17 25} + 0.111111*{} = 0 

-1*{ 24104} + 1*{ 16112} + -1*{ 28108} + -1*{ 30110} + -1*{ 27107} + 1*{ 19115} + -1*{ 26106} + 1*{ 22118} + 1*{ 18114} + 1*{ 20116} + 1*{ 17113} + -1*{ 25105} + 1*{ 23119} + -1*{ 29109} + -1*{ 31111} + 1*{ 21117} = 0 

1*{107123} + 1*{104120} + 1*{ 19 35} + 1*{ 21 37} + 1*{ 17 33} + 1*{109125} + 1*{108124} + 1*{ 20 36} + 1*{ 22 38} + 1*{106122} + 0.111111*{} + 1*{111127} + 1*{110126} + 1*{ 16 32} + 1*{ 18 34} + 1*{105121} + 1*{ 23 39} = 0 

-1*{ 39111} + -1*{ 33105} + 1*{ 18122} + -1*{ 36108} + -1*{ 38110} + -1*{ 37109} + 1*{ 21125} + 1*{ 20124} + 1*{ 17121} + 1*{ 22126} + 1*{ 19123} + 1*{ 16120} + 1*{ 23127} + -1*{ 32104} + -1*{ 34106} + -1*{ 35107} = 0 

1*{105129} + 1*{110134} + 1*{ 17 41} + 1*{107131} + 1*{109133} + 1*{ 16 40} + 0.111111*{} + 1*{111135} + 1*{ 22 46} + 1*{104128} + 1*{ 23 47} + 1*{106130} + 1*{108132} + 1*{ 19 43} + 1*{ 21 45} + 1*{ 20 44} + 1*{ 18 42} = 0 

1*{ 18130} + 1*{ 22134} + 1*{ 17129} + -1*{ 47111} + -1*{ 44108} + 1*{ 19131} + 1*{ 21133} + 1*{ 23135} + -1*{ 41105} + 1*{ 16128} + -1*{ 46110} + -1*{ 40104} + 1*{ 20132} + -1*{ 45109} + -1*{ 42106} + -1*{ 43107} = 0 

1*{197197} + -0.111111*{} + 1*{196196} = 0 

1*{107139} + 1*{109141} + 1*{108140} + 0.111111*{} + 1*{ 23 55} + 1*{106138} + 1*{ 21 53} + 1*{ 16 48} + 1*{110142} + -1*{196} + 1*{ 19 51} + 1*{ 22 54} + 1*{ 18 50} + 1*{ 17 49} + 1*{111143} + 1*{105137} + 1*{104136} + 1*{ 20 52} = 0 

1*{ 17137} + -1*{ 50106} + -1*{ 54110} + 1*{ 20140} + -1*{ 49105} + 1*{ 18138} + -1*{197} + -1*{ 52108} + -1*{ 48104} + -1*{ 53109} + -1*{ 55111} + 1*{ 21141} + 1*{ 16136} + 1*{ 19139} + 1*{ 22142} + -1*{ 51107} + 1*{ 23143} = 0 

-0.111111*{} + 1*{199199} + 1*{198198} = 0 

1*{ 19 59} + 1*{109149} + 1*{107147} + 1*{ 22 62} + 1*{ 16 56} + 1*{ 23 63} + 1*{108148} + 0.111111*{} + 1*{105145} + 1*{ 21 61} + 1*{106146} + 1*{110150} + 1*{ 17 57} + 1*{104144} + 1*{ 18 58} + 1*{ 20 60} + -1*{198} + 1*{111151} = 0 

-1*{ 59107} + -1*{ 58106} + 1*{ 22150} + -1*{ 60108} + 1*{ 18146} + -1*{ 57105} + -1*{199} + 1*{ 21149} + 1*{ 20148} + 1*{ 17145} + 1*{ 23151} + -1*{ 63111} + 1*{ 19147} + -1*{ 56104} + 1*{ 16144} + -1*{ 61109} + -1*{ 62110} = 0 

-0.111111*{} + 1*{201201} + 1*{200200} = 0 

1*{ 17 65} + 1*{105153} + -1*{200} + 1*{ 21 69} + 1*{111159} + 1*{106154} + 1*{104152} + 1*{ 19 67} + 1*{108156} + 1*{110158} + 1*{ 23 71} + 1*{ 20 68} + 1*{ 22 70} + 0.111111*{} + 1*{ 16 64} + 1*{ 18 66} + 1*{109157} + 1*{107155} = 0 

-1*{ 70110} + 1*{ 19155} + 1*{ 16152} + -1*{ 65105} + 1*{ 22158} + 1*{ 17153} + 1*{ 23159} + 1*{ 21157} + 1*{ 20156} + 1*{ 18154} + -1*{ 64104} + -1*{ 67107} + -1*{ 69109} + -1*{ 66106} + -1*{ 68108} + -1*{201} + -1*{ 71111} = 0 

-0.111111*{} + 1*{203203} + 1*{202202} = 0 

0.111111*{} + 1*{104160} + 1*{105161} + 1*{ 23 79} + 1*{ 17 73} + 1*{ 16 72} + 1*{ 18 74} + 1*{ 21 77} + 1*{110166} + -1*{202} + 1*{ 22 78} + 1*{111167} + 1*{ 19 75} + 1*{109165} + 1*{106162} + 1*{108164} + 1*{107163} + 1*{ 20 76} = 0 

-1*{ 73105} + 1*{ 20164} + 1*{ 19163} + 1*{ 18162} + -1*{ 77109} + -1*{ 75107} + 1*{ 17161} + 1*{ 22166} + -1*{ 76108} + 1*{ 16160} + 1*{ 21165} + -1*{203} + 1*{ 23167} + -1*{ 79111} + -1*{ 78110} + -1*{ 72104} + -1*{ 74106} = 0 

-0.111111*{} + 1*{205205} + 1*{204204} = 0 

1*{ 18 82} + 1*{110174} + 1*{109173} + 1*{105169} + 1*{ 21 85} + 1*{ 22 86} + 1*{107171} + 1*{ 19 83} + 1*{ 16 80} + 0.111111*{} + 1*{ 20 84} + 1*{104168} + 1*{ 17 81} + 1*{108172} + -1*{204} + 1*{ 23 87} + 1*{106170} + 1*{111175} = 0 

-1*{ 85109} + 1*{ 20172} + -1*{ 81105} + -1*{ 83107} + 1*{ 17169} + 1*{ 21173} + 1*{ 18170} + 1*{ 19171} + -1*{ 82106} + -1*{ 86110} + 1*{ 22174} + -1*{ 80104} + -1*{ 87111} + 1*{ 23175} + -1*{ 84108} + 1*{ 16168} + -1*{205} = 0 

-0.111111*{} + 1*{104104} + 1*{ 16 16} = 0 

-0.111111*{} + 1*{105105} + 1*{ 17 17} = 0 

-0.111111*{} + 1*{106106} + 1*{ 18 18} = 0 

-0.111111*{} + 1*{107107} + 1*{ 19 19} = 0 

-0.111111*{} + 1*{108108} + 1*{ 20 20} = 0 

-0.111111*{} + 1*{109109} + 1*{ 21 21} = 0 

-0.111111*{} + 1*{110110} + 1*{ 22 22} = 0 

-0.111111*{} + 1*{111111} + 1*{ 23 23} = 0 

0.222222*{105111} + 0.222222*{ 20 21} + 0.222222*{ 19 21} + 0.222222*{104111} + 0.222222*{106108} + 0.222222*{ 17 21} + 0.222222*{ 18 20} + 0.222222*{105108} + 0.222222*{ 18 19} + 0.222222*{105106} + 0.222222*{ 16 23} + 0.222222*{104105} + 0.222222*{105107} + 0.222222*{ 18 22} + 0.222222*{ 18 21} + 0.222222*{106111} + 0.222222*{ 16 20} + 0.222222*{107110} + 0.222222*{ 17 19} + 0.222222*{104106} + 0.0740741*{ 20} + 0.222222*{105110} + 0.222222*{ 16 19} + 0.0740741*{ 21} + 0.222222*{ 21 23} + 0.222222*{104110} + 0.222222*{104107} + 0.222222*{ 17 18} + 0.222222*{106109} + 0.0740741*{ 22} + 0.222222*{109110} + 0.222222*{110111} + 0.222222*{108110} + 0.222222*{105109} + 0.222222*{ 17 23} + 0.222222*{ 16 18} + 0.0740741*{ 16} + 0.222222*{ 18 23} + 0.222222*{106107} + 0.222222*{107111} + 0.222222*{104108} + 0.222222*{ 22 23} + 0.222222*{ 16 17} + 0.222222*{ 19 22} + 0.222222*{ 21 22} + 0.0740741*{ 23} + 0.222222*{109111} + 0.222222*{ 16 21} + 0.222222*{108111} + 0.222222*{108109} + 0.0740741*{ 19} + 0.222222*{ 17 22} + 0.222222*{ 17 20} + 0.222222*{107109} + 0.222222*{104109} + 0.222222*{ 19 20} + 0.0740741*{ 18} + 0.222222*{107108} + 0.0740741*{ 17} + 0.222222*{ 19 23} + 0.222222*{ 20 23} + 0.222222*{ 20 22} + 0.222222*{ 16 22} + 0.222222*{106110} = 0 

1*{ 24 32} + 1*{115123} + 1*{ 25 33} + 1*{114122} + 1*{ 29 37} + 1*{ 28 36} + 1*{112120} + 1*{ 30 38} + 1*{113121} + 1*{117125} + 1*{ 26 34} + 1*{ 31 39} + 1*{118126} + 0.111111*{} + 1*{119127} + 1*{116124} + 1*{ 27 35} = 0 

-1*{ 32112} + -1*{ 39119} + 1*{ 28124} + 1*{ 25121} + 1*{ 31127} + -1*{ 33113} + 1*{ 29125} + 1*{ 27123} + -1*{ 34114} + -1*{ 37117} + -1*{ 35115} + -1*{ 38118} + 1*{ 24120} + 1*{ 30126} + 1*{ 26122} + -1*{ 36116} = 0 

1*{115131} + 1*{ 30 46} + 1*{ 25 41} + 1*{119135} + 1*{ 28 44} + 1*{118134} + 1*{ 31 47} + 1*{ 24 40} + 1*{ 26 42} + 1*{ 29 45} + 1*{113129} + 1*{112128} + 1*{117133} + 1*{ 27 43} + 1*{116132} + 0.111111*{} + 1*{114130} = 0 

1*{ 30134} + 1*{ 24128} + 1*{ 31135} + 1*{ 26130} + 1*{ 29133} + -1*{ 40112} + -1*{ 46118} + -1*{ 44116} + 1*{ 28132} + 1*{ 25129} + -1*{ 42114} + -1*{ 45117} + -1*{ 41113} + 1*{ 27131} + -1*{ 43115} + -1*{ 47119} = 0 

-0.111111*{} + 1*{207207} + 1*{206206} = 0 

1*{ 31 55} + 1*{119143} + 1*{ 26 50} + 1*{115139} + 1*{112136} + 1*{ 29 53} + 1*{ 24 48} + 1*{116140} + 1*{ 25 49} + 1*{ 28 52} + 1*{ 27 51} + -1*{206} + 1*{113137} + 0.111111*{} + 1*{118142} + 1*{114138} + 1*{117141} + 1*{ 30 54} = 0 

-1*{ 51115} + -1*{207} + -1*{ 48112} + 1*{ 28140} + 1*{ 29141} + -1*{ 55119} + -1*{ 52116} + -1*{ 53117} + 1*{ 25137} + -1*{ 54118} + 1*{ 30142} + 1*{ 31143} + 1*{ 24136} + -1*{ 49113} + 1*{ 26138} + -1*{ 50114} + 1*{ 27139} = 0 

-0.111111*{} + 1*{208208} + 1*{209209} = 0 

1*{113145} + -1*{208} + 1*{ 27 59} + 1*{ 30 62} + 1*{ 31 63} + 1*{ 28 60} + 1*{112144} + 1*{117149} + 1*{ 29 61} + 1*{115147} + 1*{116148} + 1*{114146} + 1*{119151} + 0.111111*{} + 1*{ 25 57} + 1*{118150} + 1*{ 24 56} + 1*{ 26 58} = 0 

-1*{209} + -1*{ 57113} + -1*{ 59115} + -1*{ 56112} + -1*{ 61117} + 1*{ 29149} + 1*{ 30150} + 1*{ 31151} + -1*{ 60116} + 1*{ 24144} + -1*{ 63119} + 1*{ 25145} + -1*{ 62118} + 1*{ 26146} + 1*{ 28148} + -1*{ 58114} + 1*{ 27147} = 0 

-0.111111*{} + 1*{211211} + 1*{210210} = 0 

1*{ 30 70} + 1*{114154} + 1*{ 25 65} + 1*{ 24 64} + 1*{ 27 67} + 1*{115155} + 0.111111*{} + -1*{210} + 1*{117157} + 1*{119159} + 1*{118158} + 1*{ 28 68} + 1*{ 31 71} + 1*{ 29 69} + 1*{112152} + 1*{113153} + 1*{ 26 66} + 1*{116156} = 0 

1*{ 30158} + 1*{ 26154} + 1*{ 24152} + -1*{ 69117} + -1*{ 66114} + -1*{ 70118} + -1*{211} + 1*{ 28156} + -1*{ 65113} + 1*{ 31159} + 1*{ 29157} + -1*{ 71119} + 1*{ 27155} + -1*{ 67115} + -1*{ 68116} + 1*{ 25153} + -1*{ 64112} = 0 

-0.111111*{} + 1*{213213} + 1*{212212} = 0 

1*{118166} + 1*{112160} + 1*{117165} + 0.111111*{} + 1*{ 25 73} + 1*{ 29 77} + 1*{ 30 78} + 1*{115163} + 1*{ 27 75} + 1*{113161} + 1*{114162} + 1*{ 24 72} + 1*{119167} + 1*{ 28 76} + 1*{116164} + -1*{212} + 1*{ 31 79} + 1*{ 26 74} = 0 

1*{ 24160} + -1*{ 77117} + 1*{ 29165} + 1*{ 25161} + -1*{ 78118} + -1*{ 72112} + -1*{ 74114} + -1*{ 73113} + 1*{ 30166} + 1*{ 27163} + -1*{213} + -1*{ 75115} + -1*{ 76116} + 1*{ 26162} + -1*{ 79119} + 1*{ 31167} + 1*{ 28164} = 0 

-0.111111*{} + 1*{215215} + 1*{214214} = 0 

1*{ 24 80} + 1*{ 30 86} + 1*{ 25 81} + 1*{ 29 85} + 0.111111*{} + 1*{ 27 83} + 1*{113169} + 1*{119175} + 1*{ 31 87} + 1*{ 28 84} + 1*{112168} + 1*{116172} + 1*{117173} + -1*{214} + 1*{ 26 82} + 1*{114170} + 1*{115171} + 1*{118174} = 0 

-1*{215} + -1*{ 84116} + 1*{ 28172} + -1*{ 86118} + 1*{ 29173} + -1*{ 85117} + -1*{ 81113} + 1*{ 31175} + 1*{ 25169} + -1*{ 83115} + 1*{ 24168} + 1*{ 26170} + -1*{ 80112} + -1*{ 82114} + 1*{ 30174} + 1*{ 27171} + -1*{ 87119} = 0 

-0.111111*{} + 1*{112112} + 1*{ 24 24} = 0 

-0.111111*{} + 1*{113113} + 1*{ 25 25} = 0 

-0.111111*{} + 1*{114114} + 1*{ 26 26} = 0 

-0.111111*{} + 1*{115115} + 1*{ 27 27} = 0 

-0.111111*{} + 1*{116116} + 1*{ 28 28} = 0 

-0.111111*{} + 1*{117117} + 1*{ 29 29} = 0 

-0.111111*{} + 1*{118118} + 1*{ 30 30} = 0 

1*{119119} + -0.111111*{} + 1*{ 31 31} = 0 

0.222222*{115118} + 0.0740741*{ 29} + 0.222222*{ 24 27} + 0.222222*{112119} + 0.222222*{ 28 29} + 0.222222*{114115} + 0.222222*{ 30 31} + 0.222222*{113115} + 0.222222*{117119} + 0.222222*{116119} + 0.222222*{ 26 30} + 0.222222*{ 24 30} + 0.0740741*{ 28} + 0.0740741*{ 24} + 0.222222*{ 24 25} + 0.222222*{ 27 29} + 0.222222*{ 25 28} + 0.222222*{117118} + 0.222222*{ 26 28} + 0.222222*{ 25 30} + 0.222222*{112113} + 0.0740741*{ 27} + 0.222222*{ 24 26} + 0.0740741*{ 31} + 0.222222*{116117} + 0.222222*{118119} + 0.222222*{ 24 28} + 0.222222*{ 25 31} + 0.222222*{112114} + 0.0740741*{ 25} + 0.222222*{ 29 31} + 0.222222*{ 25 29} + 0.222222*{113119} + 0.0740741*{ 30} + 0.222222*{112117} + 0.222222*{ 28 31} + 0.222222*{ 27 30} + 0.222222*{ 25 27} + 0.222222*{ 26 31} + 0.222222*{114116} + 0.222222*{113117} + 0.222222*{ 29 30} + 0.222222*{114117} + 0.222222*{112118} + 0.222222*{114119} + 0.222222*{ 25 26} + 0.222222*{ 24 31} + 0.222222*{115117} + 0.222222*{ 27 31} + 0.222222*{ 27 28} + 0.222222*{113118} + 0.222222*{ 24 29} + 0.222222*{ 26 27} + 0.222222*{112115} + 0.222222*{115119} + 0.222222*{116118} + 0.222222*{113116} + 0.222222*{113114} + 0.0740741*{ 26} + 0.222222*{112116} + 0.222222*{ 26 29} + 0.222222*{115116} + 0.222222*{ 28 30} + 0.222222*{114118} = 0 

0.111111*{} + 1*{123131} + 1*{ 36 44} + 1*{ 34 42} + 1*{120128} + 1*{122130} + 1*{127135} + 1*{124132} + 1*{ 38 46} + 1*{ 35 43} + 1*{ 37 45} + 1*{ 32 40} + 1*{ 39 47} + 1*{125133} + 1*{121129} + 1*{126134} + 1*{ 33 41} = 0 

-1*{ 43123} + -1*{ 46126} + 1*{ 34130} + -1*{ 40120} + 1*{ 38134} + -1*{ 47127} + -1*{ 42122} + 1*{ 39135} + -1*{ 41121} + 1*{ 37133} + 1*{ 33129} + -1*{ 45125} + 1*{ 35131} + 1*{ 32128} + -1*{ 44124} + 1*{ 36132} = 0 

-0.111111*{} + 1*{217217} + 1*{216216} = 0 

1*{121137} + 0.111111*{} + -1*{216} + 1*{126142} + 1*{ 35 51} + 1*{ 38 54} + 1*{ 37 53} + 1*{127143} + 1*{ 34 50} + 1*{ 39 55} + 1*{122138} + 1*{125141} + 1*{ 33 49} + 1*{120136} + 1*{124140} + 1*{ 32 48} + 1*{123139} + 1*{ 36 52} = 0 

-1*{217} + -1*{ 54126} + -1*{ 49121} + -1*{ 53125} + 1*{ 38142} + -1*{ 48120} + 1*{ 36140} + 1*{ 37141} + 1*{ 35139} + 1*{ 39143} + -1*{ 55127} + -1*{ 51123} + 1*{ 34138} + -1*{ 50122} + 1*{ 33137} + -1*{ 52124} + 1*{ 32136} = 0 

-0.111111*{} + 1*{219219} + 1*{218218} = 0 

1*{126150} + 1*{123147} + 1*{125149} + 1*{ 37 61} + 1*{120144} + 1*{ 35 59} + 1*{124148} + 1*{122146} + 1*{ 32 56} + 1*{ 39 63} + 1*{ 33 57} + 1*{ 34 58} + 0.111111*{} + 1*{ 38 62} + 1*{ 36 60} + 1*{127151} + 1*{121145} + -1*{218} = 0 

1*{ 34146} + -1*{219} + 1*{ 32144} + 1*{ 36148} + -1*{ 63127} + -1*{ 62126} + 1*{ 37149} + -1*{ 59123} + 1*{ 38150} + 1*{ 39151} + -1*{ 56120} + -1*{ 60124} + 1*{ 35147} + 1*{ 33145} + -1*{ 61125} + -1*{ 57121} + -1*{ 58122} = 0 

-0.111111*{} + 1*{221221} + 1*{220220} = 0 

1*{ 32 64} + 1*{127159} + 1*{122154} + 1*{120152} + 1*{ 38 70} + 1*{ 33 65} + 1*{124156} + 1*{ 39 71} + 1*{125157} + 1*{121153} + 1*{ 37 69} + 0.111111*{} + 1*{123155} + 1*{ 35 67} + -1*{220} + 1*{126158} + 1*{ 36 68} + 1*{ 34 66} = 0 

-1*{ 68124} + -1*{ 69125} + 1*{ 37157} + 1*{ 33153} + -1*{ 65121} + -1*{ 64120} + -1*{221} + -1*{ 70126} + 1*{ 34154} + 1*{ 38158} + -1*{ 66122} + -1*{ 71127} + 1*{ 39159} + 1*{ 36156} + 1*{ 32152} + -1*{ 67123} + 1*{ 35155} = 0 

-0.111111*{} + 1*{223223} + 1*{222222} = 0 

1*{ 39 79} + 1*{ 33 73} + 1*{122162} + 1*{ 36 76} + 1*{123163} + 0.111111*{} + 1*{126166} + 1*{ 38 78} + 1*{ 35 75} + 1*{124164} + 1*{120160} + 1*{ 37 77} + 1*{125165} + 1*{ 34 74} + 1*{127167} + 1*{ 32 72} + -1*{222} + 1*{121161} = 0 

-1*{ 73121} + 1*{ 39167} + -1*{ 77125} + 1*{ 32160} + 1*{ 35163} + 1*{ 38166} + 1*{ 34162} + -1*{ 79127} + -1*{ 78126} + 1*{ 33161} + -1*{223} + -1*{ 76124} + -1*{ 74122} + 1*{ 37165} + -1*{ 72120} + 1*{ 36164} + -1*{ 75123} = 0 

-0.111111*{} + 1*{225225} + 1*{224224} = 0 

1*{ 32 80} + 1*{ 35 83} + 1*{121169} + 1*{122170} + 1*{125173} + 1*{ 36 84} + -1*{224} + 1*{ 34 82} + 1*{ 39 87} + 1*{ 38 86} + 1*{127175} + 1*{ 33 81} + 1*{120168} + 1*{123171} + 0.111111*{} + 1*{124172} + 1*{ 37 85} + 1*{126174} = 0 

-1*{ 86126} + 1*{ 33169} + -1*{ 83123} + -1*{ 80120} + -1*{ 81121} + -1*{ 84124} + 1*{ 32168} + -1*{225} + -1*{ 87127} + 1*{ 34170} + 1*{ 39175} + -1*{ 82122} + 1*{ 38174} + 1*{ 35171} + -1*{ 85125} + 1*{ 37173} + 1*{ 36172} = 0 

-0.111111*{} + 1*{120120} + 1*{ 32 32} = 0 

-0.111111*{} + 1*{ 33 33} + 1*{121121} = 0 

-0.111111*{} + 1*{122122} + 1*{ 34 34} = 0 

-0.111111*{} + 1*{123123} + 1*{ 35 35} = 0 

-0.111111*{} + 1*{124124} + 1*{ 36 36} = 0 

-0.111111*{} + 1*{125125} + 1*{ 37 37} = 0 

-0.111111*{} + 1*{ 38 38} + 1*{126126} = 0 

-0.111111*{} + 1*{127127} + 1*{ 39 39} = 0 

0.222222*{ 37 38} + 0.222222*{ 32 38} + 0.222222*{ 34 38} + 0.222222*{ 33 38} + 0.222222*{ 38 39} + 0.222222*{ 34 36} + 0.222222*{123126} + 0.222222*{121122} + 0.222222*{123127} + 0.222222*{122124} + 0.222222*{122125} + 0.222222*{ 36 38} + 0.222222*{121124} + 0.222222*{125126} + 0.222222*{123124} + 0.222222*{ 32 36} + 0.0740741*{ 36} + 0.0740741*{ 39} + 0.222222*{ 33 37} + 0.0740741*{ 37} + 0.222222*{ 36 39} + 0.222222*{124126} + 0.222222*{120126} + 0.0740741*{ 35} + 0.222222*{ 33 39} + 0.222222*{ 35 37} + 0.222222*{121123} + 0.222222*{126127} + 0.222222*{ 37 39} + 0.222222*{124125} + 0.222222*{120125} + 0.222222*{123125} + 0.222222*{121126} + 0.222222*{124127} + 0.222222*{ 32 34} + 0.222222*{ 33 34} + 0.222222*{ 32 37} + 0.222222*{122123} + 0.0740741*{ 38} + 0.222222*{ 35 36} + 0.222222*{ 36 37} + 0.222222*{120124} + 0.222222*{ 33 36} + 0.222222*{125127} + 0.222222*{120121} + 0.222222*{ 35 39} + 0.222222*{ 33 35} + 0.222222*{120122} + 0.222222*{122127} + 0.222222*{ 34 39} + 0.222222*{121125} + 0.0740741*{ 34} + 0.222222*{120127} + 0.0740741*{ 33} + 0.222222*{ 34 37} + 0.222222*{ 32 39} + 0.222222*{ 32 33} + 0.222222*{ 35 38} + 0.222222*{120123} + 0.222222*{121127} + 0.222222*{ 34 35} + 0.222222*{ 32 35} + 0.222222*{122126} + 0.0740741*{ 32} = 0 

-0.111111*{} + 1*{227227} + 1*{226226} = 0 

1*{132140} + 1*{133141} + 1*{ 43 51} + 1*{129137} + 1*{ 41 49} + 1*{128136} + 1*{131139} + 1*{ 47 55} + 1*{135143} + 1*{ 45 53} + 1*{ 42 50} + 1*{134142} + -1*{226} + 1*{ 44 52} + 1*{ 46 54} + 1*{130138} + 0.111111*{} + 1*{ 40 48} = 0 

-1*{ 52132} + -1*{ 54134} + 1*{ 46142} + -1*{ 53133} + 1*{ 45141} + 1*{ 40136} + -1*{ 51131} + 1*{ 47143} + -1*{ 55135} + -1*{ 49129} + 1*{ 41137} + 1*{ 44140} + 1*{ 42138} + -1*{ 50130} + 1*{ 43139} + -1*{ 48128} + -1*{227} = 0 

-0.111111*{} + 1*{229229} + 1*{228228} = 0 

1*{ 42 58} + 1*{ 41 57} + 0.111111*{} + 1*{ 47 63} + 1*{128144} + 1*{ 40 56} + 1*{134150} + 1*{129145} + 1*{132148} + 1*{135151} + 1*{ 43 59} + 1*{130146} + -1*{228} + 1*{131147} + 1*{133149} + 1*{ 44 60} + 1*{ 45 61} + 1*{ 46 62} = 0 

-1*{ 56128} + -1*{ 63135} + 1*{ 47151} + -1*{ 62134} + 1*{ 43147} + -1*{229} + -1*{ 61133} + -1*{ 58130} + -1*{ 59131} + 1*{ 41145} + 1*{ 45149} + -1*{ 57129} + -1*{ 60132} + 1*{ 42146} + 1*{ 46150} + 1*{ 44148} + 1*{ 40144} = 0 

-0.111111*{} + 1*{230230} + 1*{231231} = 0 

1*{134158} + 1*{129153} + 0.111111*{} + 1*{130154} + 1*{131155} + 1*{ 40 64} + 1*{ 44 68} + 1*{ 41 65} + 1*{133157} + -1*{230} + 1*{ 45 69} + 1*{ 46 70} + 1*{128152} + 1*{132156} + 1*{ 42 66} + 1*{ 47 71} + 1*{135159} + 1*{ 43 67} = 0 

1*{ 46158} + 1*{ 42154} + 1*{ 44156} + -1*{ 69133} + -1*{ 70134} + -1*{ 64128} + -1*{ 65129} + 1*{ 40152} + -1*{ 68132} + 1*{ 45157} + 1*{ 47159} + -1*{ 66130} + -1*{ 67131} + -1*{ 71135} + 1*{ 43155} + -1*{231} + 1*{ 41153} = 0 

-0.111111*{} + 1*{233233} + 1*{232232} = 0 

1*{129161} + 1*{132164} + 1*{ 42 74} + 1*{ 41 73} + 1*{ 40 72} + 1*{130162} + 1*{131163} + 1*{133165} + 1*{134166} + 0.111111*{} + 1*{135167} + 1*{ 46 78} + 1*{ 44 76} + 1*{128160} + 1*{ 45 77} + 1*{ 47 79} + -1*{232} + 1*{ 43 75} = 0 

1*{ 40160} + 1*{ 45165} + -1*{ 74130} + -1*{ 77133} + -1*{ 73129} + 1*{ 42162} + 1*{ 43163} + -1*{ 76132} + -1*{ 72128} + -1*{ 79135} + 1*{ 46166} + 1*{ 44164} + 1*{ 41161} + -1*{ 78134} + -1*{233} + -1*{ 75131} + 1*{ 47167} = 0 

-0.111111*{} + 1*{235235} + 1*{234234} = 0 

1*{ 42 82} + 1*{ 46 86} + 1*{131171} + 1*{134174} + 1*{129169} + 1*{128168} + 0.111111*{} + 1*{133173} + 1*{ 45 85} + -1*{234} + 1*{ 47 87} + 1*{130170} + 1*{ 41 81} + 1*{132172} + 1*{ 44 84} + 1*{ 40 80} + 1*{135175} + 1*{ 43 83} = 0 

1*{ 43171} + -1*{ 80128} + -1*{ 81129} + -1*{ 85133} + -1*{ 83131} + 1*{ 46174} + -1*{ 86134} + -1*{235} + -1*{ 82130} + 1*{ 41169} + 1*{ 44172} + 1*{ 45173} + 1*{ 40168} + -1*{ 84132} + -1*{ 87135} + 1*{ 42170} + 1*{ 47175} = 0 

-0.111111*{} + 1*{128128} + 1*{ 40 40} = 0 

-0.111111*{} + 1*{129129} + 1*{ 41 41} = 0 

1*{130130} + -0.111111*{} + 1*{ 42 42} = 0 

-0.111111*{} + 1*{131131} + 1*{ 43 43} = 0 

-0.111111*{} + 1*{132132} + 1*{ 44 44} = 0 

-0.111111*{} + 1*{133133} + 1*{ 45 45} = 0 

-0.111111*{} + 1*{134134} + 1*{ 46 46} = 0 

-0.111111*{} + 1*{135135} + 1*{ 47 47} = 0 

0.222222*{128133} + 0.0740741*{ 42} + 0.222222*{128135} + 0.222222*{129134} + 0.222222*{129130} + 0.222222*{ 41 46} + 0.222222*{ 40 47} + 0.222222*{ 40 41} + 0.222222*{ 41 47} + 0.222222*{ 45 47} + 0.222222*{130134} + 0.222222*{ 43 47} + 0.222222*{ 44 47} + 0.222222*{ 46 47} + 0.222222*{131132} + 0.0740741*{ 45} + 0.222222*{128129} + 0.222222*{ 42 47} + 0.222222*{129135} + 0.222222*{128132} + 0.0740741*{ 43} + 0.222222*{128131} + 0.222222*{133134} + 0.222222*{131134} + 0.0740741*{ 47} + 0.0740741*{ 46} + 0.222222*{ 40 43} + 0.222222*{130133} + 0.222222*{132134} + 0.222222*{130135} + 0.0740741*{ 41} + 0.222222*{130131} + 0.222222*{130132} + 0.0740741*{ 44} + 0.222222*{ 42 46} + 0.222222*{133135} + 0.0740741*{ 40} + 0.222222*{ 43 45} + 0.222222*{ 40 45} + 0.222222*{ 45 46} + 0.222222*{134135} + 0.222222*{ 41 42} + 0.222222*{ 40 44} + 0.222222*{ 42 43} + 0.222222*{128130} + 0.222222*{ 41 43} + 0.222222*{ 40 46} + 0.222222*{129131} + 0.222222*{132133} + 0.222222*{ 43 46} + 0.222222*{128134} + 0.222222*{ 40 42} + 0.222222*{129133} + 0.222222*{ 44 46} + 0.222222*{131135} + 0.222222*{ 42 44} + 0.222222*{ 41 44} + 0.222222*{ 41 45} + 0.222222*{132135} + 0.222222*{ 44 45} + 0.222222*{129132} + 0.222222*{ 42 45} + 0.222222*{ 43 44} + 0.222222*{131133} = 0 

-0.111111*{} + 1*{237237} + 1*{236236} = 0 

1*{ 49 57} + 0.111111*{} + -1*{236} + 1*{139147} + 1*{137145} + 1*{143151} + 1*{138146} + 1*{ 52 60} + 1*{ 53 61} + 1*{ 54 62} + 1*{ 48 56} + 1*{136144} + 1*{140148} + 1*{142150} + 1*{141149} + 1*{ 55 63} + 1*{ 51 59} + 1*{ 50 58} = 0 

1*{ 51147} + 1*{ 49145} + -1*{ 58138} + 1*{ 55151} + 1*{ 53149} + -1*{ 62142} + -1*{ 56136} + 1*{ 54150} + -1*{ 60140} + 1*{ 52148} + -1*{ 57137} + 1*{ 50146} + -1*{237} + -1*{ 59139} + 1*{ 48144} + -1*{ 61141} + -1*{ 63143} = 0 

-0.111111*{} + 1*{239239} + 1*{238238} = 0 

1*{137153} + -1*{238} + 1*{ 49 65} + 1*{ 53 69} + 1*{142158} + 1*{ 52 68} + 1*{139155} + 1*{136152} + 0.111111*{} + 1*{141157} + 1*{ 54 70} + 1*{ 50 66} + 1*{143159} + 1*{138154} + 1*{140156} + 1*{ 51 67} + 1*{ 48 64} + 1*{ 55 71} = 0 

-1*{ 68140} + 1*{ 48152} + -1*{239} + 1*{ 52156} + -1*{ 64136} + 1*{ 55159} + 1*{ 49153} + -1*{ 70142} + -1*{ 65137} + -1*{ 69141} + 1*{ 51155} + -1*{ 71143} + 1*{ 50154} + 1*{ 54158} + -1*{ 67139} + 1*{ 53157} + -1*{ 66138} = 0 

-0.111111*{} + 1*{241241} + 1*{240240} = 0 

1*{ 49 73} + 1*{139163} + 1*{ 51 75} + 0.111111*{} + 1*{ 53 77} + 1*{ 55 79} + 1*{136160} + 1*{ 48 72} + 1*{138162} + 1*{ 50 74} + 1*{ 54 78} + 1*{142166} + -1*{240} + 1*{141165} + 1*{143167} + 1*{140164} + 1*{ 52 76} + 1*{137161} = 0 

-1*{ 75139} + -1*{ 77141} + -1*{241} + -1*{ 76140} + -1*{ 79143} + -1*{ 73137} + 1*{ 49161} + 1*{ 48160} + -1*{ 78142} + -1*{ 74138} + 1*{ 54166} + 1*{ 55167} + 1*{ 51163} + -1*{ 72136} + 1*{ 52164} + 1*{ 50162} + 1*{ 53165} = 0 

-0.111111*{} + 1*{243243} + 1*{242242} = 0 

1*{ 54 86} + 1*{ 55 87} + 1*{137169} + 1*{139171} + 1*{ 52 84} + 1*{ 49 81} + 1*{ 50 82} + 1*{142174} + 1*{ 48 80} + 1*{138170} + 1*{140172} + 1*{136168} + 1*{ 53 85} + 0.111111*{} + 1*{143175} + 1*{ 51 83} + 1*{141173} + -1*{242} = 0 

1*{ 49169} + 1*{ 48168} + -1*{ 80136} + -1*{ 81137} + -1*{ 83139} + 1*{ 52172} + -1*{ 82138} + -1*{ 86142} + -1*{ 87143} + 1*{ 51171} + -1*{243} + 1*{ 50170} + -1*{ 84140} + -1*{ 85141} + 1*{ 53173} + 1*{ 55175} + 1*{ 54174} = 0 

1*{136136} + -0.111111*{} + 1*{ 48 48} = 0 

-0.111111*{} + 1*{137137} + 1*{ 49 49} = 0 

-0.111111*{} + 1*{138138} + 1*{ 50 50} = 0 

-0.111111*{} + 1*{139139} + 1*{ 51 51} = 0 

-0.111111*{} + 1*{140140} + 1*{ 52 52} = 0 

1*{141141} + -0.111111*{} + 1*{ 53 53} = 0 

-0.111111*{} + 1*{142142} + 1*{ 54 54} = 0 

-0.111111*{} + 1*{143143} + 1*{ 55 55} = 0 

0.222222*{139142} + 0.222222*{137143} + 0.222222*{138142} + 0.0740741*{ 54} + 0.222222*{ 51 55} + 0.222222*{ 48 51} + 0.222222*{139140} + 0.222222*{ 51 53} + 0.222222*{ 48 54} + 0.222222*{ 49 54} + 0.222222*{136140} + 0.222222*{138143} + 0.0740741*{ 50} + 0.222222*{137140} + 0.222222*{142143} + 0.222222*{140141} + 0.0740741*{ 52} + 0.222222*{136139} + 0.0740741*{ 51} + 0.222222*{ 48 49} + 0.222222*{137139} + 0.222222*{139143} + 0.222222*{138140} + 0.222222*{ 52 54} + 0.222222*{140143} + 0.222222*{ 51 52} + 0.222222*{ 52 55} + 0.0740741*{ 55} + 0.222222*{ 48 52} + 0.222222*{137142} + 0.222222*{137141} + 0.222222*{138141} + 0.222222*{136141} + 0.222222*{ 49 53} + 0.222222*{ 54 55} + 0.222222*{141143} + 0.222222*{136142} + 0.222222*{136138} + 0.222222*{140142} + 0.0740741*{ 53} + 0.222222*{ 48 53} + 0.222222*{ 52 53} + 0.222222*{141142} + 0.222222*{139141} + 0.0740741*{ 48} + 0.222222*{ 50 54} + 0.222222*{ 48 55} + 0.222222*{136143} + 0.222222*{136137} + 0.222222*{ 49 51} + 0.222222*{ 50 52} + 0.222222*{ 49 55} + 0.222222*{ 48 50} + 0.222222*{ 50 51} + 0.222222*{138139} + 0.222222*{ 49 52} + 0.222222*{ 50 55} + 0.222222*{137138} + 0.222222*{ 51 54} + 0.222222*{ 53 55} + 0.222222*{ 53 54} + 0.222222*{ 49 50} + 0.222222*{ 50 53} + 0.0740741*{ 49} = 0 

1*{245245} + -0.111111*{} + 1*{244244} = 0 

1*{150158} + 1*{148156} + 1*{ 62 70} + 1*{146154} + 1*{ 60 68} + 1*{145153} + 1*{149157} + 1*{ 59 67} + 1*{ 61 69} + 1*{ 57 65} + 1*{144152} + 1*{ 63 71} + 1*{ 56 64} + -1*{244} + 1*{151159} + 1*{147155} + 1*{ 58 66} + 0.111111*{} = 0 

1*{ 59155} + 1*{ 58154} + 1*{ 60156} + -1*{ 68148} + 1*{ 56152} + -1*{ 66146} + -1*{ 70150} + -1*{ 69149} + -1*{ 71151} + 1*{ 61157} + -1*{245} + 1*{ 57153} + -1*{ 64144} + -1*{ 67147} + 1*{ 62158} + 1*{ 63159} + -1*{ 65145} = 0 

-0.111111*{} + 1*{247247} + 1*{246246} = 0 

1*{ 62 78} + 1*{149165} + 1*{147163} + 1*{ 63 79} + 1*{144160} + 1*{ 56 72} + 1*{ 57 73} + 1*{ 59 75} + 0.111111*{} + 1*{151167} + 1*{ 61 77} + 1*{145161} + 1*{148164} + 1*{150166} + -1*{246} + 1*{ 60 76} + 1*{ 58 74} + 1*{146162} = 0 

1*{ 62166} + -1*{ 74146} + 1*{ 61165} + 1*{ 56160} + 1*{ 58162} + -1*{ 72144} + -1*{ 75147} + -1*{ 78150} + 1*{ 60164} + 1*{ 57161} + -1*{ 77149} + 1*{ 59163} + -1*{ 76148} + -1*{ 79151} + -1*{247} + 1*{ 63167} + -1*{ 73145} = 0 

-0.111111*{} + 1*{249249} + 1*{248248} = 0 

1*{146170} + 1*{ 57 81} + 1*{ 58 82} + -1*{248} + 1*{ 60 84} + 1*{150174} + 1*{149173} + 1*{148172} + 1*{147171} + 1*{ 56 80} + 1*{145169} + 1*{144168} + 0.111111*{} + 1*{151175} + 1*{ 61 85} + 1*{ 59 83} + 1*{ 62 86} + 1*{ 63 87} = 0 

-1*{ 81145} + 1*{ 58170} + -1*{249} + 1*{ 60172} + 1*{ 57169} + -1*{ 86150} + -1*{ 84148} + -1*{ 82146} + -1*{ 83147} + 1*{ 56168} + 1*{ 59171} + -1*{ 80144} + 1*{ 61173} + -1*{ 87151} + -1*{ 85149} + 1*{ 63175} + 1*{ 62174} = 0 

-0.111111*{} + 1*{144144} + 1*{ 56 56} = 0 

1*{145145} + -0.111111*{} + 1*{ 57 57} = 0 

-0.111111*{} + 1*{ 58 58} + 1*{146146} = 0 

-0.111111*{} + 1*{147147} + 1*{ 59 59} = 0 

-0.111111*{} + 1*{148148} + 1*{ 60 60} = 0 

1*{149149} + -0.111111*{} + 1*{ 61 61} = 0 

-0.111111*{} + 1*{150150} + 1*{ 62 62} = 0 

-0.111111*{} + 1*{151151} + 1*{ 63 63} = 0 

0.222222*{148149} + 0.222222*{146149} + 0.222222*{ 60 61} + 0.222222*{ 57 63} + 0.222222*{147150} + 0.0740741*{ 60} + 0.222222*{ 61 63} + 0.222222*{ 58 60} + 0.222222*{144151} + 0.222222*{144149} + 0.222222*{147149} + 0.0740741*{ 56} + 0.222222*{ 59 62} + 0.222222*{150151} + 0.222222*{145151} + 0.222222*{147148} + 0.222222*{145147} + 0.222222*{ 57 60} + 0.222222*{ 59 60} + 0.222222*{ 62 63} + 0.222222*{ 58 63} + 0.222222*{ 56 61} + 0.222222*{ 57 59} + 0.0740741*{ 61} + 0.222222*{148150} + 0.222222*{ 56 62} + 0.222222*{146148} + 0.0740741*{ 62} + 0.222222*{ 56 58} + 0.222222*{ 56 57} + 0.222222*{ 60 62} + 0.222222*{ 58 61} + 0.222222*{144147} + 0.0740741*{ 59} + 0.222222*{ 57 61} + 0.222222*{146147} + 0.222222*{145146} + 0.222222*{149151} + 0.222222*{147151} + 0.222222*{ 56 59} + 0.222222*{146151} + 0.222222*{144148} + 0.222222*{ 59 63} + 0.0740741*{ 63} + 0.222222*{144145} + 0.222222*{ 56 63} + 0.222222*{149150} + 0.222222*{148151} + 0.222222*{ 56 60} + 0.222222*{144150} + 0.222222*{ 59 61} + 0.222222*{ 61 62} + 0.222222*{ 57 58} + 0.222222*{ 58 62} + 0.0740741*{ 57} + 0.222222*{145148} + 0.222222*{146150} + 0.222222*{144146} + 0.222222*{ 57 62} + 0.222222*{145149} + 0.222222*{145150} + 0.0740741*{ 58} + 0.222222*{ 60 63} + 0.222222*{ 58 59} = 0 

-0.111111*{} + 1*{251251} + 1*{250250} = 0 

1*{ 64 72} + 1*{ 69 77} + 1*{ 67 75} + 1*{159167} + 0.111111*{} + 1*{157165} + 1*{152160} + 1*{ 71 79} + 1*{154162} + 1*{ 68 76} + 1*{ 66 74} + 1*{155163} + 1*{ 65 73} + 1*{153161} + 1*{156164} + 1*{ 70 78} + 1*{158166} + -1*{250} = 0 

1*{ 67163} + 1*{ 71167} + 1*{ 64160} + 1*{ 68164} + 1*{ 65161} + -1*{ 73153} + -1*{ 72152} + -1*{ 77157} + 1*{ 66162} + 1*{ 69165} + -1*{ 78158} + -1*{ 74154} + -1*{ 75155} + -1*{ 79159} + -1*{251} + -1*{ 76156} + 1*{ 70166} = 0 

-0.111111*{} + 1*{253253} + 1*{252252} = 0 

1*{153169} + 1*{ 65 81} + 1*{ 70 86} + 1*{ 68 84} + -1*{252} + 1*{ 67 83} + 1*{152168} + 1*{ 71 87} + 1*{ 69 85} + 1*{155171} + 1*{ 64 80} + 1*{154170} + 1*{156172} + 0.111111*{} + 1*{157173} + 1*{159175} + 1*{ 66 82} + 1*{158174} = 0 

-1*{ 84156} + 1*{ 66170} + 1*{ 64168} + 1*{ 68172} + -1*{ 86158} + -1*{ 80152} + -1*{ 83155} + 1*{ 70174} + 1*{ 67171} + -1*{253} + -1*{ 81153} + 1*{ 71175} + -1*{ 85157} + -1*{ 87159} + 1*{ 69173} + 1*{ 65169} + -1*{ 82154} = 0 

-0.111111*{} + 1*{152152} + 1*{ 64 64} = 0 

-0.111111*{} + 1*{153153} + 1*{ 65 65} = 0 

-0.111111*{} + 1*{154154} + 1*{ 66 66} = 0 

-0.111111*{} + 1*{155155} + 1*{ 67 67} = 0 

-0.111111*{} + 1*{156156} + 1*{ 68 68} = 0 

-0.111111*{} + 1*{157157} + 1*{ 69 69} = 0 

-0.111111*{} + 1*{158158} + 1*{ 70 70} = 0 

-0.111111*{} + 1*{159159} + 1*{ 71 71} = 0 

0.222222*{ 68 70} + 0.222222*{154155} + 0.222222*{152156} + 0.0740741*{ 64} + 0.222222*{ 65 69} + 0.222222*{153159} + 0.222222*{ 64 67} + 0.0740741*{ 71} + 0.222222*{ 65 70} + 0.222222*{155159} + 0.222222*{ 64 66} + 0.222222*{ 66 67} + 0.222222*{155156} + 0.222222*{152158} + 0.222222*{157159} + 0.222222*{155158} + 0.222222*{ 67 68} + 0.222222*{ 65 68} + 0.222222*{ 64 69} + 0.222222*{156157} + 0.222222*{ 65 71} + 0.222222*{ 66 68} + 0.0740741*{ 70} + 0.222222*{ 64 71} + 0.222222*{ 69 71} + 0.222222*{153156} + 0.222222*{154156} + 0.222222*{155157} + 0.222222*{ 68 71} + 0.222222*{153157} + 0.222222*{158159} + 0.0740741*{ 66} + 0.222222*{ 67 70} + 0.222222*{ 64 70} + 0.222222*{152159} + 0.222222*{ 66 71} + 0.222222*{152154} + 0.222222*{ 64 68} + 0.222222*{ 65 66} + 0.222222*{152153} + 0.222222*{153158} + 0.222222*{ 66 69} + 0.222222*{ 70 71} + 0.222222*{157158} + 0.222222*{152155} + 0.0740741*{ 67} + 0.0740741*{ 69} + 0.222222*{ 67 71} + 0.222222*{154158} + 0.222222*{152157} + 0.222222*{153155} + 0.222222*{156159} + 0.0740741*{ 65} + 0.222222*{153154} + 0.0740741*{ 68} + 0.222222*{154159} + 0.222222*{ 66 70} + 0.222222*{ 64 65} + 0.222222*{ 68 69} + 0.222222*{ 65 67} + 0.222222*{ 67 69} + 0.222222*{ 69 70} + 0.222222*{156158} + 0.222222*{154157} = 0 

1*{255255} + -0.111111*{} + 1*{254254} = 0 

1*{166174} + 1*{ 77 85} + 1*{ 79 87} + 1*{ 75 83} + 1*{160168} + 1*{165173} + 1*{164172} + 1*{ 73 81} + 1*{161169} + 1*{ 78 86} + 1*{163171} + 0.111111*{} + 1*{ 76 84} + 1*{167175} + 1*{ 74 82} + 1*{ 72 80} + 1*{162170} + -1*{254} = 0 

-1*{ 80160} + 1*{ 72168} + 1*{ 74170} + 1*{ 79175} + 1*{ 75171} + -1*{ 84164} + -1*{ 81161} + -1*{ 85165} + -1*{ 86166} + 1*{ 78174} + -1*{ 87167} + 1*{ 76172} + -1*{ 82162} + 1*{ 73169} + 1*{ 77173} + -1*{ 83163} + -1*{255} = 0 

-0.111111*{} + 1*{160160} + 1*{ 72 72} = 0 

1*{161161} + -0.111111*{} + 1*{ 73 73} = 0 

-0.111111*{} + 1*{162162} + 1*{ 74 74} = 0 

-0.111111*{} + 1*{163163} + 1*{ 75 75} = 0 

-0.111111*{} + 1*{164164} + 1*{ 76 76} = 0 

-0.111111*{} + 1*{165165} + 1*{ 77 77} = 0 

-0.111111*{} + 1*{166166} + 1*{ 78 78} = 0 

-0.111111*{} + 1*{167167} + 1*{ 79 79} = 0 

0.222222*{161164} + 0.222222*{ 75 79} + 0.222222*{164166} + 0.222222*{ 72 79} + 0.222222*{ 73 74} + 0.222222*{163166} + 0.0740741*{ 79} + 0.222222*{ 77 78} + 0.222222*{166167} + 0.222222*{ 73 77} + 0.222222*{163165} + 0.222222*{ 72 74} + 0.222222*{160161} + 0.222222*{ 74 76} + 0.222222*{162165} + 0.222222*{160162} + 0.222222*{161162} + 0.222222*{ 73 79} + 0.222222*{ 73 78} + 0.222222*{163167} + 0.222222*{161166} + 0.222222*{ 74 78} + 0.0740741*{ 72} + 0.222222*{ 78 79} + 0.0740741*{ 73} + 0.222222*{160167} + 0.222222*{ 73 75} + 0.222222*{ 77 79} + 0.222222*{160164} + 0.222222*{ 72 78} + 0.222222*{ 74 77} + 0.222222*{ 76 77} + 0.222222*{ 72 75} + 0.222222*{162167} + 0.0740741*{ 76} + 0.222222*{164167} + 0.222222*{160163} + 0.222222*{ 72 76} + 0.222222*{160165} + 0.222222*{ 76 78} + 0.222222*{162164} + 0.222222*{162166} + 0.222222*{162163} + 0.222222*{ 73 76} + 0.222222*{164165} + 0.222222*{160166} + 0.222222*{ 74 79} + 0.0740741*{ 78} + 0.222222*{161165} + 0.222222*{163164} + 0.0740741*{ 77} + 0.0740741*{ 75} + 0.222222*{165167} + 0.222222*{165166} + 0.222222*{ 75 76} + 0.222222*{ 74 75} + 0.222222*{161163} + 0.222222*{161167} + 0.222222*{ 75 77} + 0.222222*{ 72 77} + 0.222222*{ 75 78} + 0.0740741*{ 74} + 0.222222*{ 76 79} + 0.222222*{ 72 73} = 0 

-0.111111*{} + 1*{168168} + 1*{ 80 80} = 0 

-0.111111*{} + 1*{169169} + 1*{ 81 81} = 0 

-0.111111*{} + 1*{170170} + 1*{ 82 82} = 0 

-0.111111*{} + 1*{ 83 83} + 1*{171171} = 0 

1*{172172} + -0.111111*{} + 1*{ 84 84} = 0 

-0.111111*{} + 1*{173173} + 1*{ 85 85} = 0 

-0.111111*{} + 1*{174174} + 1*{ 86 86} = 0 

-0.111111*{} + 1*{175175} + 1*{ 87 87} = 0 

0.222222*{ 83 85} + 0.222222*{171173} + 0.222222*{168173} + 0.0740741*{ 83} + 0.222222*{ 83 87} + 0.0740741*{ 87} + 0.222222*{169172} + 0.222222*{ 81 85} + 0.222222*{ 84 86} + 0.222222*{172173} + 0.222222*{ 85 87} + 0.222222*{ 80 86} + 0.222222*{170171} + 0.222222*{ 82 85} + 0.222222*{ 83 84} + 0.222222*{173175} + 0.222222*{170173} + 0.222222*{ 80 81} + 0.222222*{ 81 87} + 0.222222*{ 81 82} + 0.222222*{ 82 83} + 0.222222*{ 81 84} + 0.222222*{173174} + 0.222222*{169173} + 0.0740741*{ 85} + 0.222222*{ 81 83} + 0.222222*{171175} + 0.222222*{ 80 85} + 0.222222*{171174} + 0.222222*{ 84 85} + 0.222222*{169174} + 0.222222*{169170} + 0.222222*{170175} + 0.222222*{168169} + 0.222222*{168172} + 0.222222*{ 80 87} + 0.222222*{170174} + 0.0740741*{ 86} + 0.222222*{171172} + 0.0740741*{ 80} + 0.222222*{ 80 83} + 0.222222*{172174} + 0.222222*{168170} + 0.222222*{172175} + 0.222222*{ 82 86} + 0.222222*{ 82 84} + 0.222222*{ 80 84} + 0.222222*{ 83 86} + 0.222222*{ 81 86} + 0.222222*{170172} + 0.222222*{169171} + 0.222222*{ 85 86} + 0.222222*{168174} + 0.222222*{ 80 82} + 0.0740741*{ 81} + 0.222222*{168171} + 0.222222*{ 86 87} + 0.222222*{ 84 87} + 0.222222*{174175} + 0.222222*{ 82 87} + 0.0740741*{ 84} + 0.222222*{168175} + 0.0740741*{ 82} + 0.222222*{169175} = 0 

2*{  7} + 512*{ 90} + -2*{ 15} + -64*{  9} + 8*{  0} + 4096*{  4} + 64*{  1} + -4096*{ 12} + 256*{  2} + -128*{ 97} + -1024*{ 11} + -32768*{ 14} + 32*{ 88} + 128*{ 89} + -1*{103} + 32768*{  6} + 16*{ 93} + 16384*{  5} + -8*{  8} + -512*{ 98} + 4*{ 94} + -2048*{ 99} + -32*{ 96} + -16384*{ 13} + -8192*{100} + -16*{101} + 2048*{ 91} + -256*{ 10} + -4*{102} + 1024*{  3} + 8192*{ 92} + 1*{ 95} > 0 

1*{103} + 32768*{ 14} + -32768*{ 22} + 512*{ 98} + -4096*{ 20} + 8*{  8} + -2*{ 23} + 16384*{ 13} + -16*{109} + 4096*{ 12} + 64*{  9} + 2*{ 15} + -128*{105} + 4*{102} + 256*{ 10} + -1024*{ 19} + 2048*{ 99} + 32*{ 96} + 128*{ 97} + 1024*{ 11} + -1*{111} + -8192*{108} + 8192*{100} + 16*{101} + -32*{104} + -8*{ 16} + -4*{110} + -64*{ 17} + -256*{ 18} + -2048*{107} + -512*{106} + -16384*{ 21} > 0 

-64*{ 25} + -1*{119} + 32*{104} + 1*{111} + -8192*{116} + 1024*{ 19} + 128*{105} + -2*{ 31} + -128*{113} + 2048*{107} + 512*{106} + -2048*{115} + -4*{118} + -16384*{ 29} + -1024*{ 27} + 16*{109} + -32*{112} + 256*{ 18} + 4*{110} + 64*{ 17} + -4096*{ 28} + -8*{ 24} + -32768*{ 30} + 8*{ 16} + -16*{117} + 4096*{ 20} + 32768*{ 22} + -512*{114} + 8192*{108} + -256*{ 26} + 2*{ 23} + 16384*{ 21} > 0 

64*{ 25} + 8192*{116} + -4*{126} + -8192*{124} + 1*{119} + -16*{125} + 2048*{115} + 4*{118} + -16384*{ 37} + -512*{122} + 1024*{ 27} + 32*{112} + -64*{ 33} + -2048*{123} + 16384*{ 29} + 8*{ 24} + 32768*{ 30} + 4096*{ 28} + 16*{117} + -1024*{ 35} + -32*{120} + 512*{114} + -32768*{ 38} + 2*{ 31} + 128*{113} + -1*{127} + -128*{121} + -8*{ 32} + -256*{ 34} + -4096*{ 36} + -2*{ 39} + 256*{ 26} > 0 

-64*{ 41} + 4*{126} + 16*{125} + 32768*{ 38} + -8192*{132} + 16384*{ 37} + 8192*{124} + -1024*{ 43} + -32*{128} + 8*{ 32} + 128*{121} + -1*{135} + -32768*{ 46} + -256*{ 42} + 2*{ 39} + 256*{ 34} + -512*{130} + 4096*{ 36} + -16384*{ 45} + -4*{134} + -2*{ 47} + -128*{129} + -16*{133} + 1*{127} + 32*{120} + -2048*{131} + 2048*{123} + -4096*{ 44} + 64*{ 33} + 512*{122} + -8*{ 40} + 1024*{ 35} > 0 

8192*{ 92} + -512*{138} + -4096*{ 52} + -128*{137} + -32768*{ 54} + 2*{  7} + 256*{  2} + -2*{ 55} + 32*{ 88} + 4096*{  4} + -8192*{140} + -8*{ 48} + 4*{ 94} + 8*{  0} + -1*{143} + -2048*{139} + -32*{136} + 1*{ 95} + 2048*{ 91} + -16384*{ 53} + -1024*{ 51} + 128*{ 89} + 32768*{  6} + 16*{ 93} + 16384*{  5} + 512*{ 90} + -64*{ 49} + -16*{141} + -4*{142} + 1024*{  3} + 64*{  1} + -256*{ 50} > 0 

16384*{ 53} + 1*{143} + -16*{149} + 16*{141} + 64*{ 49} + 32768*{ 54} + -32*{144} + 128*{137} + -1*{151} + 512*{138} + 4096*{ 52} + -16384*{ 61} + 2048*{139} + 32*{136} + -512*{146} + -4096*{ 60} + 256*{ 50} + -8*{ 56} + -256*{ 58} + 4*{142} + -8192*{148} + -2048*{147} + -4*{150} + -32768*{ 62} + -2*{ 63} + 1024*{ 51} + 2*{ 55} + -64*{ 57} + 8*{ 48} + 8192*{140} + -1024*{ 59} + -128*{145} > 0 

16*{149} + -1024*{ 67} + 1*{151} + 8*{ 56} + 256*{ 58} + -16*{157} + 512*{146} + 16384*{ 61} + -4*{158} + -2*{ 71} + -8*{ 64} + 4*{150} + 32768*{ 62} + -64*{ 65} + -128*{153} + -256*{ 66} + -4096*{ 68} + -32768*{ 70} + 2*{ 63} + -32*{152} + 8192*{148} + 32*{144} + -16384*{ 69} + 4096*{ 60} + 2048*{147} + -1*{159} + 1024*{ 59} + 128*{145} + -2048*{155} + 64*{ 57} + -512*{154} + -8192*{156} > 0 

8192*{156} + -512*{162} + -256*{ 74} + -8*{ 72} + 16384*{ 69} + 2048*{155} + -8192*{164} + -4096*{ 76} + 8*{ 64} + 1024*{ 67} + 4*{158} + 4096*{ 68} + 16*{157} + -2*{ 79} + 32768*{ 70} + 32*{152} + -1*{167} + 2*{ 71} + -16*{165} + -32768*{ 78} + 512*{154} + -4*{166} + -32*{160} + -1024*{ 75} + 256*{ 66} + 128*{153} + -64*{ 73} + -16384*{ 77} + -128*{161} + 64*{ 65} + -2048*{163} + 1*{159} > 0 

-128*{169} + 1024*{ 75} + 32*{160} + 16384*{ 77} + 2*{ 79} + 16*{165} + 4*{166} + -1*{175} + -8*{ 80} + -4096*{ 84} + -16*{173} + 128*{161} + 2048*{163} + 64*{ 73} + -4*{174} + -8192*{172} + 32768*{ 78} + -64*{ 81} + 1*{167} + -16384*{ 85} + 4096*{ 76} + -32768*{ 86} + 8*{ 72} + -2048*{171} + -512*{170} + 512*{162} + -2*{ 87} + 8192*{164} + -32*{168} + 256*{ 74} + -256*{ 82} + -1024*{ 83} > 0 

-1.04858e+06*{113} + -64*{137} + -1*{169} + 64*{136} + -2.09715e+06*{ 49} + 2*{ 80} + 2048*{ 96} + 1024*{ 72} + 16*{144} + 128*{  0} + -2*{ 81} + -32768*{ 25} + -128*{  1} + 256*{104} + 4096*{152} + -8*{ 65} + -4*{161} + -4096*{153} + -512*{  9} + -256*{105} + 8*{ 64} + -262144*{ 89} + 16384*{120} + 32*{ 56} + -32*{ 57} + -16*{145} + -1024*{ 73} + -8192*{ 17} + -524288*{ 41} + -65536*{129} + 512*{  8} + 524288*{ 40} + 4*{160} + 2.09715e+06*{ 48} + -2048*{ 97} + 65536*{128} + 131072*{ 32} + -16384*{121} + 1*{168} + -131072*{ 33} + 1.04858e+06*{112} + 8192*{ 16} + 32768*{ 24} + 262144*{ 88} > 0 

-1.04858e+06*{114} + -1*{170} + -32*{ 58} + -4096*{154} + -1024*{ 74} + 512*{  9} + -2048*{ 98} + 1.04858e+06*{113} + 4*{161} + 8*{ 65} + 2*{ 81} + -4*{162} + 32*{ 57} + -128*{  2} + -2.09715e+06*{ 50} + 128*{  1} + 2048*{ 97} + -64*{138} + -512*{ 10} + 2.09715e+06*{ 49} + 8192*{ 17} + 524288*{ 41} + 262144*{ 89} + -8*{ 66} + 4096*{153} + 256*{105} + -524288*{ 42} + 16384*{121} + -65536*{130} + -32768*{ 26} + -131072*{ 34} + -16384*{122} + 131072*{ 33} + -2*{ 82} + -8192*{ 18} + 32768*{ 25} + 64*{137} + 1*{169} + -262144*{ 90} + 1024*{ 73} + 16*{145} + -256*{106} + 65536*{129} + -16*{146} > 0 

-4096*{155} + 2048*{ 98} + -2*{ 83} + -2.09715e+06*{ 51} + -16*{147} + -1.04858e+06*{115} + 262144*{ 90} + -4*{163} + 32*{ 58} + -1024*{ 75} + -512*{ 11} + 16*{146} + 2*{ 82} + 8192*{ 18} + -64*{139} + -256*{107} + 256*{106} + -262144*{ 91} + 512*{ 10} + -8192*{ 19} + 1024*{ 74} + -524288*{ 43} + 64*{138} + 4096*{154} + 4*{162} + 128*{  2} + 1.04858e+06*{114} + -8*{ 67} + -32*{ 59} + -65536*{131} + -2048*{ 99} + 1*{170} + -1*{171} + 524288*{ 42} + 2.09715e+06*{ 50} + 8*{ 66} + -16384*{123} + -131072*{ 35} + -128*{  3} + -32768*{ 27} + 16384*{122} + 131072*{ 34} + 65536*{130} + 32768*{ 26} > 0 

-32768*{ 28} + -131072*{ 36} + 64*{139} + -2.09715e+06*{ 52} + 256*{107} + 16*{147} + 1.04858e+06*{115} + -2*{ 84} + 524288*{ 43} + -1*{172} + 2*{ 83} + 32*{ 59} + -16384*{124} + -4096*{156} + -1024*{ 76} + -128*{  4} + -256*{108} + 8*{ 67} + 2.09715e+06*{ 51} + 1*{171} + 512*{ 11} + 131072*{ 35} + -8192*{ 20} + 128*{  3} + -16*{148} + -65536*{132} + 262144*{ 91} + -32*{ 60} + 8192*{ 19} + -512*{ 12} + -1.04858e+06*{116} + 32768*{ 27} + -4*{164} + 4096*{155} + 2048*{ 99} + 65536*{131} + -2048*{100} + 16384*{123} + -64*{140} + -524288*{ 44} + -262144*{ 92} + 1024*{ 75} + 4*{163} + -8*{ 68} > 0 

1*{172} + 8*{ 68} + 4*{164} + -2.09715e+06*{ 53} + -256*{109} + -65536*{133} + -32768*{ 29} + 32*{ 60} + 262144*{ 92} + 131072*{ 36} + -524288*{ 45} + 2*{ 84} + 512*{ 12} + 1.04858e+06*{116} + -16*{149} + -64*{141} + 8192*{ 20} + -512*{ 13} + 128*{  4} + 256*{108} + 4096*{156} + -131072*{ 37} + 1024*{ 76} + -1024*{ 77} + -2*{ 85} + 16384*{124} + -1*{173} + -8192*{ 21} + -16384*{125} + -32*{ 61} + -4096*{157} + 65536*{132} + 16*{148} + -8*{ 69} + 2.09715e+06*{ 52} + -4*{165} + -128*{  5} + -262144*{ 93} + -2048*{101} + 64*{140} + 524288*{ 44} + 2048*{100} + -1.04858e+06*{117} + 32768*{ 28} > 0 

-2.09715e+06*{ 54} + 2*{ 85} + 256*{109} + -65536*{134} + 1*{173} + 8*{ 69} + 64*{141} + 16*{149} + -64*{142} + -131072*{ 38} + 2048*{101} + -2048*{102} + 4096*{157} + -262144*{ 94} + -1.04858e+06*{118} + -16*{150} + 131072*{ 37} + -128*{  6} + 8192*{ 21} + -1024*{ 78} + -4*{166} + -256*{110} + -16384*{126} + 32*{ 61} + 16384*{125} + 2.09715e+06*{ 53} + -8*{ 70} + -4096*{158} + -32*{ 62} + 65536*{133} + 524288*{ 45} + -524288*{ 46} + 512*{ 13} + 1.04858e+06*{117} + -32768*{ 30} + -1*{174} + -2*{ 86} + 32768*{ 29} + 1024*{ 77} + -8192*{ 22} + -512*{ 14} + 262144*{ 93} + 128*{  5} + 4*{165} > 0 

8192*{ 22} + 512*{ 14} + 2.09715e+06*{ 54} + -64*{143} + 32*{ 62} + 4*{166} + -8*{ 71} + 2048*{102} + 256*{110} + -2.09715e+06*{ 55} + -256*{111} + -512*{ 15} + 262144*{ 94} + -16384*{127} + 4096*{158} + -2*{ 87} + -8192*{ 23} + -4096*{159} + -16*{151} + 8*{ 70} + -128*{  7} + -131072*{ 39} + -4*{167} + 16384*{126} + -1.04858e+06*{119} + -32*{ 63} + 2*{ 86} + -1024*{ 79} + 524288*{ 46} + 65536*{134} + -32768*{ 31} + 1024*{ 78} + 64*{142} + 131072*{ 38} + -524288*{ 47} + 1*{174} + -1*{175} + -65536*{135} + 32768*{ 30} + -262144*{ 95} + 16*{150} + 1.04858e+06*{118} + -2048*{103} + 128*{  6} > 0 

1*{170} > 0 

{9, 7, 1, 1, 1, 1, 1, 1, 1, 1, 1} vars: 256, vectors: 21
1 9.421946e+00 9.421946e+00 -2.305756e-01 7.568136e-15
2 8.855962e+00 8.855962e+00 -1.470337e-01 9.349855e-15
3 1.404570e+02 8.855962e+00 -1.110956e-01 7.470617e-14
4 4.263944e+04 8.855962e+00 -8.436256e-02 1.564275e-11
5 8.784970e+06 8.855962e+00 -6.531006e-02 1.895733e-09
6 3.170700e+06 8.855962e+00 -5.056064e-02 4.020811e-11
7 1.143939e+06 8.855962e+00 -3.913167e-02 2.368852e-10
8 4.139855e+05 8.855962e+00 -3.027916e-02 5.875588e-11
9 1.492212e+05 8.855962e+00 -2.341746e-02 5.525070e-12
10 5.379227e+04 8.855962e+00 -1.811274e-02 2.737489e-12
11 1.952900e+04 8.855962e+00 -1.398341e-02 7.312271e-12
12 7.030216e+03 8.855962e+00 -1.077279e-02 1.822671e-12
13 2.534218e+03 8.855962e+00 -8.270581e-03 1.366886e-12
14 9.178037e+02 8.855962e+00 -6.336756e-03 2.277305e-13
15 3.295698e+02 8.855962e+00 -4.859042e-03 1.137888e-13
16 1.374557e+02 8.855962e+00 -3.754197e-03 2.844347e-14
17 8.731708e+01 8.855962e+00 -2.810446e-03 2.844468e-14
18 6.040533e+01 8.855962e+00 -2.075195e-03 7.108361e-15
19 2.545773e+01 8.855962e+00 -1.495097e-03 1.403427e-16
20 9.217428e+01 8.855962e+00 -1.131181e-03 7.884157e-15
21 3.473566e+01 8.855962e+00 -8.680577e-04 4.335683e-16
22 4.292318e+01 8.855962e+00 -6.488068e-04 7.107133e-15
23 2.888965e+01 8.855962e+00 -4.876807e-04 7.105588e-15
24 1.179740e+01 8.855962e+00 -3.428317e-04 1.776475e-15
25 2.439351e+03 8.855962e+00 -2.604549e-04 5.446383e-16
26 1.740725e+03 8.855962e+00 -1.975492e-04 3.448287e-16
27 4.422682e+03 8.855962e+00 -1.524332e-04 8.149484e-16
28 1.989192e+03 8.855962e+00 -1.170574e-04 2.273738e-13
29 7.327207e+02 8.855962e+00 -9.003626e-05 1.594240e-16
30 3.237667e+02 8.855962e+00 -6.936100e-05 4.866080e-17
31 4.902901e+02 8.855962e+00 -5.219555e-05 1.136868e-13
32 1.824119e+02 8.855962e+00 -5.083968e-06 5.400126e-13
33 2.309547e+11 8.855962e+00 -3.895311e-06 3.051758e-05
34 1.502543e+11 8.855962e+00 -2.953627e-06 3.051758e-05
35 5.534904e+10 8.855962e+00 -2.159077e-06 7.629395e-06
36 3.409333e+13 8.855962e+00 -1.669607e-06 3.906250e-03
37 2.487205e+19 8.855962e+00 -1.293939e-06 2.603033e-06
38 6.620692e+21 8.855962e+00 -1.002803e-06 2.412629e-03
39 2.388417e+21 8.855962e+00 -7.771718e-07 5.242880e+05
40 8.616225e+20 8.855962e+00 -6.023079e-07 5.284425e-04
41 3.108306e+20 8.855962e+00 -4.667882e-07 6.553600e+04
42 3.207477e+20 8.855962e+00 -3.617604e-07 9.198169e-05
43 1.157098e+20 8.855962e+00 -2.803635e-07 1.638400e+04
44 4.174237e+19 8.855962e+00 -2.172803e-07 8.192000e+03
45 1.505982e+19 8.855962e+00 -1.683900e-07 4.096000e+03
46 5.432858e+18 8.855962e+00 -1.304984e-07 3.072000e+03
47 1.959906e+18 8.855962e+00 -1.011299e-07 5.120000e+02
48 7.071682e+17 8.855962e+00 -7.836498e-08 1.600428e-07
49 2.552156e+17 8.855962e+00 -6.071481e-08 4.865367e-08
50 9.208260e+16 8.855962e+00 -4.702296e-08 1.600000e+01
51 3.324757e+16 8.855962e+00 -3.638766e-08 5.168478e-09
52 1.404043e+16 8.855962e+00 -2.811657e-08 6.000000e+00
53 6.314435e+15 8.855962e+00 -2.157622e-08 5.278680e-10
54 2.299504e+15 8.855962e+00 -1.637997e-08 1.750475e-10
55 9.094461e+14 8.855962e+00 -1.194563e-08 2.920849e-11
56 1.358034e+15 8.855962e+00 -8.514996e-09 7.500000e-01
57 5.499314e+14 8.855962e+00 -5.353667e-09 1.250000e-01
58 5.842989e+14 8.855962e+00 -3.044567e-09 2.482140e-12
59 4.212081e+14 8.855962e+00 -4.152124e-09 3.750000e-01
60 1.431465e+19 8.855962e+00 -3.215992e-09 3.682169e-08
61 5.164253e+18 8.855962e+00 -2.489264e-09 1.521638e-08
62 1.884214e+18 8.855962e+00 -1.923744e-09 2.560000e+02
63 7.682944e+17 8.855962e+00 -1.475439e-09 2.560000e+02
64 2.821667e+17 8.855962e+00 -1.095558e-09 3.200000e+01
65 3.036797e+18 8.855962e+00 -8.388256e-10 3.531649e-10
66 1.119163e+18 8.855962e+00 -6.313595e-10 2.560000e+02
67 4.360950e+17 8.855962e+00 -5.379744e-10 5.120000e+02
68 6.894660e+22 8.855962e+00 -4.168646e-10 8.388608e+06
69 2.487252e+22 8.855962e+00 -3.229599e-10 7.945448e-07
70 8.972491e+21 8.855962e+00 -2.501095e-10 1.048576e+06
71 3.236831e+21 8.855962e+00 -1.935275e-10 1.572864e+06
72 1.167693e+21 8.855962e+00 -1.494728e-10 5.242880e+05
73 4.212561e+20 8.855962e+00 -1.149968e-10 1.658730e-08
74 1.520323e+20 8.855962e+00 -8.755720e-11 3.276800e+04
75 5.865113e+19 8.855962e+00 -6.519987e-11 8.192000e+03
76 2.134575e+19 8.855962e+00 -4.595836e-11 1.228800e+04
77 7.848098e+18 8.855962e+00 -2.899770e-11 4.096000e+03
78 7.760055e+18 8.855962e+00 -1.675641e-11 1.024000e+03
79 9.181642e+20 8.855962e+00 -1.246083e-11 3.324703e-10
80 9.000430e+20 8.855962e+00 -8.719090e-12 2.621440e+05
81 3.023508e+22 8.855962e+00 -6.636971e-12 4.194304e+06
82 1.117537e+22 8.855962e+00 -4.898626e-12 6.407024e-09
83 1.198475e+22 8.855962e+00 -3.710402e-12 4.194304e+06
84 1.339474e+23 8.855962e+00 -2.814573e-12 3.355443e+07
85 4.861930e+22 8.855962e+00 -2.005597e-12 8.388608e+06
86 1.114604e+24 8.855962e+00 -1.536706e-12 5.368709e+08
87 4.032914e+23 8.855962e+00 -1.157644e-12 6.710886e+07
88 1.475262e+23 8.855962e+00 -8.430648e-13 1.677722e+07
89 5.536923e+22 8.855962e+00 -5.507606e-13 2.516582e+07
90 3.791243e+22 8.855962e+00 -3.272975e-13 2.516582e+07
91 1.751715e+22 8.855962e+00 -1.668096e-13 2.097152e+06
92 3.169773e+23 8.855962e+00 -1.017547e-13 1.342177e+08
93 3.531621e+25 8.855962e+00 -7.574775e-14 4.294967e+09
94 1.363432e+25 8.855962e+00 -5.462005e-14 4.294967e+09
95 1.237697e+26 8.855962e+00 -4.046354e-14 2.679500e-08
96 5.415458e+25 8.855962e+00 -2.831303e-14 6.745131e-09
97 2.291447e+25 8.855962e+00 -1.527805e-14 8.589935e+09
98 4.053608e+26 8.855962e+00 -1.090061e-14 6.089495e-09
99 1.572974e+26 8.855962e+00 -4.768198e-15 3.435974e+10
100 2.719110e+29 8.855962e+00 -3.662300e-15 3.518437e+13
101 9.840097e+28 8.855962e+00 -2.776101e-15 3.518437e+13
102 3.720798e+28 8.855962e+00 -2.062615e-15 5.933814e-08
103 2.017553e+28 8.855962e+00 -1.407265e-15 8.796093e+12
104 1.305374e+28 8.855962e+00 -9.058950e-16 4.398047e+12
105 1.895400e+28 8.855962e+00 -4.853431e-16 2.199023e+12
106 1.198491e+29 8.855962e+00 -3.165901e-16 1.759219e+13
107 2.393030e+30 8.855962e+00 -2.117104e-16 5.629500e+14
108 4.378049e+33 8.855962e+00 -1.637952e-16 1.729382e+18
109 1.579386e+33 8.855962e+00 -1.264712e-16 5.764608e+17
110 5.705849e+32 8.855962e+00 -9.722483e-17 2.161728e+17
111 2.061885e+32 8.855962e+00 -7.397016e-17 3.602880e+16
112 7.459812e+31 8.855962e+00 -5.473092e-17 3.624940e-07
113 3.762096e+31 8.855962e+00 -3.865171e-17 1.952534e-06
114 1.432862e+31 8.855962e+00 -2.407912e-17 9.602180e-07
115 1.029014e+33 8.855962e+00 -1.799257e-17 2.882304e+17
116 3.887413e+32 8.855962e+00 -1.282873e-17 2.179271e-07
117 1.428557e+32 8.855962e+00 -8.357057e-18 3.602880e+16
118 1.858563e+35 8.855962e+00 -6.439314e-18 1.066878e-05
119 6.776408e+34 8.855962e+00 -4.927409e-18 1.844674e+19
120 2.918259e+34 8.855962e+00 -3.682738e-18 4.611686e+18
121 1.059411e+34 8.855962e+00 -2.575763e-18 2.305843e+18
122 1.753686e+35 8.855962e+00 -1.958831e-18 3.689349e+19
123 6.856556e+34 8.855962e+00 -1.390585e-18 9.223372e+18
124 2.555082e+38 8.855962e+00 -1.076654e-18 5.096607e-04
125 9.217472e+37 8.855962e+00 -8.326552e-19 2.938823e-04
126 3.325254e+37 8.855962e+00 -6.423955e-19 1.416710e+22
127 1.199620e+37 8.855962e+00 -4.928635e-19 2.487415e-05
128 4.350124e+36 8.855962e+00 -3.737941e-19 1.347264e-05
129 1.665960e+36 8.855962e+00 -2.744764e-19 5.835756e-06
130 6.227331e+35 8.855962e+00 -1.870616e-19 7.378698e+19
131 4.050170e+35 8.855962e+00 -1.060361e-19 7.378698e+19
132 1.536533e+37 8.855962e+00 -7.767747e-20 2.361183e+21
133 6.743825e+36 8.855962e+00 -5.014311e-20 1.180592e+21
134 3.088807e+36 8.855962e+00 -3.024279e-20 4.395660e-07
135 1.240158e+37 8.855962e+00 -1.517418e-20 4.722366e+21
136 5.615365e+37 8.855962e+00 -8.038610e-21 9.444733e+21
137 4.234512e+40 8.855962e+00 -6.148611e-21 9.671407e+24
138 1.690083e+40 8.855962e+00 -4.604554e-21 3.696480e-05
139 6.171416e+39 8.855962e+00 -3.721038e-21 1.208926e+24
140 7.429092e+42 8.855962e+00 -2.877575e-21 1.237940e+27
141 2.680082e+42 8.855962e+00 -2.219867e-21 3.094850e+26
142 9.670281e+41 8.855962e+00 -1.703855e-21 2.306200e-04
143 3.497711e+41 8.855962e+00 -1.285458e-21 7.595230e-05
144 1.813884e+41 8.855962e+00 -9.462864e-22 3.868563e+25
145 1.111805e+41 8.855962e+00 -6.848629e-22 1.934281e+25
146 2.338669e+41 8.855962e+00 -4.740321e-22 7.737125e+25
147 8.922750e+40 8.855962e+00 -1.110266e-22 1.740853e+26
148 1.810422e+45 8.855962e+00 -8.561396e-23 3.169127e+29
149 6.567143e+44 8.855962e+00 -6.560594e-23 7.922816e+28
150 2.385153e+44 8.855962e+00 -4.965531e-23 3.961408e+28
151 9.597759e+43 8.855962e+00 -3.617765e-23 1.980704e+28
152 3.682425e+43 8.855962e+00 -2.513897e-23 9.903520e+27
153 1.414377e+45 8.855962e+00 -2.000085e-23 1.584563e+29
154 6.259252e+47 8.855962e+00 -1.547972e-23 8.112964e+31
155 2.266535e+47 8.855962e+00 -1.195841e-23 2.084347e-02
156 8.176774e+46 8.855962e+00 -9.203054e-24 1.014120e+31
157 2.963374e+46 8.855962e+00 -7.025077e-24 5.070602e+30
158 1.071548e+46 8.855962e+00 -5.259744e-24 1.267651e+30
159 7.388582e+45 8.855962e+00 -3.774252e-24 6.683662e-04
160 3.044985e+45 8.855962e+00 -2.467872e-24 6.338253e+29
161 1.400752e+45 8.855962e+00 -1.319745e-24 1.584563e+29
162 8.000605e+45 8.855962e+00 -9.910572e-25 1.267651e+30
163 1.186553e+48 8.855962e+00 -7.506541e-25 7.247181e-03
164 4.321236e+47 8.855962e+00 -5.442825e-25 8.112964e+31
165 1.661971e+47 8.855962e+00 -3.693434e-25 6.415746e-04
166 7.926068e+46 8.855962e+00 -2.009572e-25 3.195091e-04
167 4.504169e+46 8.855962e+00 -9.409538e-26 5.070602e+30
168 1.871673e+47 8.855962e+00 -3.746681e-26 2.170605e-04
169 9.076755e+46 8.855962e+00 8.923487e-27 1.014120e+31
170 3.885447e+46 8.855962e+00 8.283224e-26 5.070602e+30
171 1.437274e+46 8.855962e+00 2.023709e-25 1.055058e-04
172 5.294156e+45 8.855962e+00 4.069985e-25 2.963881e-05
173 1.949212e+45 8.855962e+00 7.694566e-25 3.169127e+29
174 7.192121e+44 8.855962e+00 1.432666e-24 1.584563e+29
175 2.666812e+44 8.855962e+00 2.677787e-24 4.302539e-05
176 9.901792e+43 8.855962e+00 4.993724e-24 3.971242e-05
177 3.653549e+43 8.855962e+00 9.138778e-24 5.782695e-05
178 1.337824e+43 8.855962e+00 1.633837e-23 2.435906e-04
179 4.877209e+42 8.855962e+00 2.867833e-23 2.123713e-04
180 1.773440e+42 8.855962e+00 4.967554e-23 1.840806e-05
181 6.436387e+41 8.855962e+00 8.521833e-23 3.152364e-05
182 2.332768e+41 8.855962e+00 1.451680e-22 3.868563e+25
183 8.446565e+40 8.855962e+00 2.460460e-22 9.671407e+24
184 3.056348e+40 8.855962e+00 4.155634e-22 4.835703e+24
185 1.105507e+40 8.855962e+00 7.003248e-22 2.417852e+24
186 3.998223e+39 8.855962e+00 1.178897e-21 1.118768e-05
187 1.446043e+39 8.855962e+00 1.983603e-21 3.022315e+23
188 5.229739e+38 8.855962e+00 3.336225e-21 4.808575e-06
189 1.890943e+38 8.855962e+00 5.606583e-21 1.511533e-06
190 6.834617e+37 8.855962e+00 9.410721e-21 6.445723e-06
191 2.469485e+37 8.855962e+00 1.577828e-20 2.404888e-06
192 8.921644e+36 8.855962e+00 2.643912e-20 2.508954e-06
193 3.223568e+36 8.855962e+00 4.430941e-20 5.902958e+20
194 1.165001e+36 8.855962e+00 7.429442e-20 1.475740e+20
195 4.210579e+35 8.855962e+00 1.245874e-19 9.890718e-07
196 1.521446e+35 8.855962e+00 2.087960e-19 1.981485e-06
197 5.495333e+34 8.855962e+00 3.495021e-19 1.844674e+19
198 1.984087e+34 8.855962e+00 5.842463e-19 4.865465e-07
199 7.161469e+33 8.855962e+00 9.755229e-19 1.152922e+18
200 2.584424e+33 8.855962e+00 1.627421e-18 2.882304e+17
201 9.325628e+32 8.855962e+00 2.713322e-18 1.441152e+17
202 3.364841e+32 8.855962e+00 4.522010e-18 7.205759e+16
203 1.214044e+32 8.855962e+00 7.534465e-18 1.801440e+16
204 4.380203e+31 8.855962e+00 1.255175e-17 9.007199e+15
205 1.580330e+31 8.855962e+00 2.090800e-17 2.251800e+15
206 5.701605e+30 8.855962e+00 3.482514e-17 2.251800e+15
207 2.057044e+30 8.855962e+00 5.800360e-17 5.629500e+14
208 7.421441e+29 8.855962e+00 9.660619e-17 2.346232e-07
209 2.677512e+29 8.855962e+00 1.608966e-16 7.036874e+13
210 9.659924e+28 8.855962e+00 2.679680e-16 1.759219e+13
211 3.485100e+28 8.855962e+00 4.462878e-16 4.398047e+12
212 1.257350e+28 8.855962e+00 7.432659e-16 4.398047e+12
213 4.536247e+27 8.855962e+00 1.237859e-15 5.497558e+11
214 1.636579e+27 8.855962e+00 2.061563e-15 2.748779e+11
215 5.904414e+26 8.855962e+00 3.433372e-15 1.374390e+11
216 2.130181e+26 8.855962e+00 5.717995e-15 3.513067e-09
217 7.685212e+25 8.855962e+00 9.522820e-15 1.616708e-08
218 2.772649e+25 8.855962e+00 1.585938e-14 8.589935e+09
219 1.000308e+25 8.855962e+00 2.641225e-14 6.407738e-09
220 3.608875e+24 8.855962e+00 4.398687e-14 1.610613e+09
221 1.301996e+24 8.855962e+00 7.325528e-14 3.151786e-09
222 4.697282e+23 8.855962e+00 1.219980e-13 6.710886e+07
223 1.694662e+23 8.855962e+00 2.031719e-13 3.355443e+07
224 6.113905e+22 8.855962e+00 3.383545e-13 1.677722e+07
225 2.205735e+22 8.855962e+00 5.634782e-13 4.194304e+06
226 7.957693e+21 8.855962e+00 9.383801e-13 2.097152e+06
227 2.870912e+21 8.855962e+00 1.562704e-12 5.242880e+05
228 1.035742e+21 8.855962e+00 2.602380e-12 3.932160e+05
229 3.736648e+20 8.855962e+00 4.333716e-12 6.553600e+04
230 1.348068e+20 8.855962e+00 7.216823e-12 2.474167e-10
231 4.863400e+19 8.855962e+00 1.201787e-11 6.643173e-11
232 1.754556e+19 8.855962e+00 2.001265e-11 1.293790e-10
233 6.329850e+18 8.855962e+00 3.332559e-11 8.978296e-11
234 2.283594e+18 8.855962e+00 5.549433e-11 3.224866e-11
235 8.238431e+17 8.855962e+00 9.241009e-11 1.280000e+02
236 2.972159e+17 8.855962e+00 1.538854e-10 1.280000e+02
237 1.072275e+17 8.855962e+00 2.562717e-10 1.600000e+01
238 3.868639e+16 8.855962e+00 4.268455e-10 8.000000e+00
239 1.395896e+16 8.855962e+00 7.112088e-10 2.000000e+00
240 5.037767e+15 8.855962e+00 1.185893e-09 2.000000e+00
241 1.818806e+15 8.855962e+00 1.979994e-09 2.500000e-01
242 6.570183e+14 8.855962e+00 3.312222e-09 2.500000e-01
243 2.374932e+14 8.855962e+00 5.553537e-09 3.125000e-02
244 8.589724e+13 8.855962e+00 9.332327e-09 2.910562e-12
245 3.108177e+13 8.855962e+00 1.571347e-08 3.906250e-03
246 1.125173e+13 8.855962e+00 2.650824e-08 3.906250e-03
247 4.075201e+12 8.855962e+00 4.480797e-08 1.464844e-03
248 1.476719e+12 8.855962e+00 7.588822e-08 2.441406e-04
249 5.353160e+11 8.855962e+00 1.287252e-07 6.103516e-05
250 1.940790e+11 8.855962e+00 2.185113e-07 1.777900e-12
251 7.034916e+10 8.855962e+00 3.707851e-07 1.525879e-05
252 2.548663e+10 8.855962e+00 6.282335e-07 3.814697e-06
253 9.226870e+09 8.855962e+00 4.868798e-07 1.907349e-06
254 3.328592e+09 8.855962e+00 3.773303e-07 4.768372e-07
255 1.200788e+09 8.855962e+00 2.924291e-07 4.616064e-14
256 4.331832e+08 8.855962e+00 2.266300e-07 2.926456e-14
257 1.562700e+08 8.855962e+00 1.756350e-07 8.940697e-08
258 5.637385e+07 8.855962e+00 1.361129e-07 7.450581e-09
259 2.033653e+07 8.855962e+00 1.054821e-07 7.450581e-09
260 7.336192e+06 8.855962e+00 8.174167e-08 1.862645e-09
261 2.646403e+06 8.855962e+00 6.334082e-08 9.313226e-10
262 9.546126e+05 8.855962e+00 4.907760e-08 1.164153e-10
263 3.443299e+05 8.855962e+00 3.802030e-08 1.746230e-10
264 1.241891e+05 8.855962e+00 2.944668e-08 4.959402e-18
265 4.478446e+04 8.855962e+00 2.279675e-08 9.507624e-19
266 1.614599e+04 8.855962e+00 1.763622e-08 3.637979e-12
267 5.818703e+03 8.855962e+00 1.362815e-08 9.094947e-13
268 2.095548e+03 8.855962e+00 1.051090e-08 7.043654e-20
269 7.538570e+02 8.855962e+00 8.081009e-09 2.273737e-13
270 2.706939e+02 8.855962e+00 6.179485e-09 5.684342e-14
271 9.689371e+01 8.855962e+00 4.681101e-09 1.421085e-14
272 3.450290e+01 8.855962e+00 3.499124e-09 7.105427e-15
273 1.220583e+01 8.855962e+00 2.586396e-09 6.255664e-22
274 4.300856e+00 4.300856e+00 1.907035e-09 8.881784e-16
275 1.516781e+00 1.516781e+00 1.375036e-09 2.220446e-16
276 8.295137e-01 8.295137e-01 9.992344e-10 2.220446e-16
277 3.082154e-01 3.082154e-01 7.934378e-10 3.221236e-23
278 1.389860e-01 1.389860e-01 6.000511e-10 5.551115e-17
279 1.846019e+00 1.389860e-01 3.901528e-10 7.916970e-24
280 7.849125e+00 1.389860e-01 2.718794e-10 1.010294e-23
281 4.543496e+00 1.389860e-01 1.951999e-10 6.771016e-24
282 3.954760e+01 1.389860e-01 1.363822e-10 1.421085e-14
283 4.433653e+01 1.389860e-01 9.889561e-11 1.421085e-14
284 2.988579e+01 1.389860e-01 7.396001e-11 2.720318e-23
285 1.070554e+01 1.389860e-01 5.499731e-11 1.776357e-15
286 3.836756e+00 1.389860e-01 3.649103e-11 6.729769e-24
287 3.439460e+02 1.389860e-01 2.543696e-11 5.684342e-14
288 1.882722e+05 1.389860e-01 1.922704e-11 8.731149e-11
289 3.375045e+09 1.389860e-01 1.489674e-11 1.430511e-06
290 1.352958e+09 1.389860e-01 1.154336e-11 5.983957e-19
291 4.886106e+08 1.389860e-01 8.945703e-12 1.788139e-07
292 1.762635e+08 1.389860e-01 6.932561e-12 2.980232e-08
293 6.361550e+07 1.389860e-01 5.372188e-12 2.992597e-20
294 2.294812e+07 1.389860e-01 4.162867e-12 1.117587e-08
295 8.277915e+06 1.389860e-01 3.225502e-12 4.416056e-21
296 2.985947e+06 1.389860e-01 2.498951e-12 1.383354e-21
297 1.077000e+06 1.389860e-01 1.935039e-12 5.085166e-22
298 4.176808e+05 1.389860e-01 1.498613e-12 1.164153e-10
299 1.506356e+05 1.389860e-01 1.160843e-12 2.910383e-11
300 5.667684e+04 1.389860e-01 8.963155e-13 1.455192e-11
301 4.009706e+04 1.389860e-01 6.929482e-13 7.275958e-12
302 1.482396e+04 1.389860e-01 5.364825e-13 1.818989e-12
303 5.344603e+03 1.389860e-01 3.974508e-13 9.094947e-13
304 1.954128e+06 1.389860e-01 3.057814e-13 2.328306e-10
305 1.077222e+06 1.389860e-01 2.365328e-13 5.130308e-23
306 3.884400e+05 1.389860e-01 1.830406e-13 1.746230e-10
307 1.400433e+05 1.389860e-01 1.416667e-13 2.910383e-11
308 5.047217e+04 1.389860e-01 1.096149e-13 3.340228e-24
309 1.818221e+04 1.389860e-01 8.484120e-14 3.637979e-12
310 6.548360e+03 1.389860e-01 6.582124e-14 3.843874e-25
311 2.454947e+03 1.389860e-01 5.128031e-14 1.657215e-25
312 8.843119e+02 1.389860e-01 4.027465e-14 2.273737e-13
313 3.376143e+02 1.389860e-01 3.260884e-14 5.684342e-14
314 1.211476e+02 1.389860e-01 2.796412e-14 1.421085e-14
315 4.297721e+01 1.389860e-01 2.650108e-14 1.711035e-27
316 1.549076e+01 1.389860e-01 2.924707e-14 1.930098e-27
317 5.625090e+00 1.389860e-01 3.855138e-14 8.881784e-16
318 2.056093e+00 1.389860e-01 5.982264e-14 2.167400e-27
319 7.739866e-01 1.389860e-01 1.162013e-13 2.220446e-16
320 3.291492e-01 1.389860e-01 3.787886e-13 4.818601e-27
321 1.819926e-01 1.389860e-01 4.309181e-13 5.551115e-17
322 6.086847e-01 1.389860e-01 2.782657e-13 2.056021e-26
323 7.285435e+01 1.389860e-01 2.085171e-13 1.421085e-14
324 3.053551e+01 1.389860e-01 1.629275e-13 3.552714e-15
325 1.091622e+01 1.389860e-01 1.279224e-13 3.552714e-15
326 8.343481e+01 1.389860e-01 9.551808e-14 8.046697e-26
327 2.011905e+06 1.389860e-01 7.383412e-14 2.328306e-10
328 8.163499e+05 1.389860e-01 5.713627e-14 8.556324e-24
329 3.026294e+05 1.389860e-01 4.421932e-14 4.941100e-24
330 1.090679e+05 1.389860e-01 3.426475e-14 2.910383e-11
331 3.930566e+04 1.389860e-01 2.658231e-14 7.275958e-12
332 1.416027e+04 1.389860e-01 2.071751e-14 3.637979e-12
333 5.102167e+03 1.389860e-01 1.629541e-14 9.619043e-26
334 1.836425e+03 1.389860e-01 1.305500e-14 2.273737e-13
335 6.636926e+02 1.389860e-01 1.098978e-14 6.233699e-26
336 2.684173e+02 1.389860e-01 1.010408e-14 1.239658e-25
337 9.725706e+01 1.389860e-01 1.072353e-14 2.842171e-14
338 3.567076e+01 1.389860e-01 1.373719e-14 7.105427e-15
339 1.314605e+01 1.389860e-01 2.063446e-14 1.776357e-15
340 4.776550e+00 1.389860e-01 3.325276e-14 8.881784e-16
341 1.725026e+00 1.389860e-01 5.642953e-14 1.895957e-27
342 6.437244e-01 1.389860e-01 1.124806e-13 1.646391e-27
343 2.710069e-01 1.389860e-01 3.677102e-13 1.217239e-27
344 1.489209e-01 1.389860e-01 7.061140e-13 2.775558e-17
345 1.298455e-01 1.298455e-01 7.325324e-13 6.540049e-27
346 5.665039e-02 5.665039e-02 2.053845e-12 8.591911e-27
347 4.233800e-02 4.233800e-02 -2.868699e-12 6.938894e-18
348 3.971447e+03 4.233800e-02 -2.187246e-12 9.094947e-13
349 3.641553e+04 4.233800e-02 -1.689896e-12 7.275958e-12
350 1.359191e+04 4.233800e-02 -1.304063e-12 1.818989e-12
351 4.942400e+03 4.233800e-02 -1.006908e-12 9.094947e-13
352 3.470045e+04 4.233800e-02 -7.737050e-13 1.455192e-11
353 1.249606e+04 4.233800e-02 -5.916936e-13 3.637979e-12
354 2.143771e+04 4.233800e-02 -4.573106e-13 1.307170e-23
355 7.733924e+03 4.233800e-02 -3.530059e-13 2.962200e-24
356 2.876866e+03 4.233800e-02 -2.727504e-13 1.481174e-24
357 1.194074e+03 4.233800e-02 -2.082637e-13 2.273737e-13
358 5.539480e+02 4.233800e-02 -1.590117e-13 1.645717e-25
359 4.521846e+02 4.233800e-02 -1.195506e-13 1.705303e-13
360 1.635324e+02 4.233800e-02 -8.869132e-14 3.523883e-26
361 2.760462e+02 4.233800e-02 -6.523917e-14 5.684342e-14
362 1.676913e+05 4.233800e-02 -5.093166e-14 2.910383e-11
363 1.639515e+08 4.233800e-02 -3.947006e-14 2.980232e-08
364 5.927191e+07 4.233800e-02 -3.058714e-14 7.981563e-22
365 2.138229e+07 4.233800e-02 -2.372781e-14 3.725290e-09
366 9.255787e+10 4.233800e-02 2.324819e-08 1.525879e-05
367 3.458441e+10 4.233800e-02 6.160014e-08 5.765906e-13
368 1.279133e+10 4.233800e-02 1.281472e-07 4.705798e-13
369 4.753118e+09 4.233800e-02 9.930458e-08 9.536743e-07
370 1.715099e+09 4.233800e-02 7.695642e-08 1.337323e-14
371 6.189803e+08 4.233800e-02 5.963772e-08 1.192093e-07
372 2.233939e+08 4.233800e-02 4.621678e-08 5.960464e-08
373 8.058778e+07 4.233800e-02 3.581576e-08 2.980232e-08
374 2.907116e+07 4.233800e-02 2.775485e-08 3.725290e-09
375 1.048691e+07 4.233800e-02 2.150760e-08 1.862645e-09
376 3.782928e+06 4.233800e-02 1.666551e-08 2.971973e-17
377 1.364630e+06 4.233800e-02 1.291336e-08 1.070612e-17
378 4.922539e+05 4.233800e-02 1.000463e-08 5.820766e-11
379 1.776184e+05 4.233800e-02 7.749615e-09 8.731149e-11
380 6.500561e+04 4.233800e-02 5.998953e-09 7.275958e-12
381 2.353761e+04 4.233800e-02 4.698972e-09 3.637979e-12
382 2.731127e+05 4.233800e-02 3.608024e-09 5.820766e-11
383 2.688207e+07 4.233800e-02 2.795942e-09 3.725290e-09
384 9.703241e+06 4.233800e-02 2.166531e-09 9.540746e-18
385 3.512481e+06 4.233800e-02 1.678761e-09 4.488257e-18
386 1.268353e+06 4.233800e-02 1.300992e-09 4.656613e-10
387 4.585204e+05 4.233800e-02 1.008024e-09 5.820766e-11
388 1.653960e+05 4.233800e-02 7.809195e-10 8.731149e-11
389 5.967344e+04 4.233800e-02 6.046582e-10 2.182787e-11
390 1.531867e+05 4.233800e-02 4.670757e-10 2.910383e-11
391 5.535996e+04 4.233800e-02 3.600598e-10 6.243497e-21
392 2.595924e+04 4.233800e-02 2.778731e-10 2.877928e-21
393 9.932812e+03 4.233800e-02 2.142225e-10 1.071656e-21
394 6.970464e+03 4.233800e-02 1.648571e-10 5.804531e-22
395 2.505791e+03 4.233800e-02 1.267048e-10 1.364242e-12
396 9.062876e+02 4.233800e-02 1.039969e-10 1.136868e-13
397 6.380373e+06 4.233800e-02 1.219959e-11 8.475035e-08
398 1.533336e+18 4.233800e-02 1.428430e-11 5.120000e+02
399 5.566961e+17 4.233800e-02 1.937531e-11 6.400000e+01
400 2.029557e+17 4.233800e-02 2.952973e-11 3.200000e+01
401 7.426041e+16 4.233800e-02 4.852259e-11 8.149435e-10
402 2.719542e+16 4.233800e-02 8.286349e-11 4.000000e+00
403 9.946405e+15 4.233800e-02 1.438091e-10 4.000000e+00
404 3.640498e+15 4.233800e-02 2.529370e-10 5.000000e-01
405 1.341770e+15 4.233800e-02 4.573011e-10 1.734418e-11
406 5.016339e+14 4.233800e-02 8.672229e-10 6.250000e-02
407 1.906060e+14 4.233800e-02 1.730751e-09 4.482779e-12
408 7.280988e+13 4.233800e-02 3.522761e-09 1.562500e-02
409 2.756420e+13 4.233800e-02 7.054611e-09 7.812500e-03
410 1.032469e+13 4.233800e-02 1.373045e-08 7.625400e-13
411 3.834453e+12 4.233800e-02 2.596758e-08 4.882812e-04
412 1.415816e+12 4.233800e-02 4.804970e-08 2.441406e-04
413 5.214106e+11 4.233800e-02 8.771718e-08 2.784981e-13
414 1.917284e+11 4.233800e-02 1.585789e-07 3.051758e-05
415 7.032593e+10 4.233800e-02 2.835051e-07 3.615178e-13
416 2.569744e+10 4.233800e-02 4.997874e-07 7.629395e-06
417 9.352547e+09 4.233800e-02 3.873325e-07 9.816672e-14
418 3.373921e+09 4.233800e-02 3.001792e-07 2.514082e-14
419 1.217138e+09 4.233800e-02 2.326359e-07 1.864527e-14
420 4.390799e+08 4.233800e-02 1.802893e-07 5.960464e-08
421 1.583965e+08 4.233800e-02 1.397196e-07 9.875099e-16
422 5.714049e+07 4.233800e-02 1.082765e-07 1.490116e-08
423 2.061292e+07 4.233800e-02 8.390800e-08 3.725290e-09
424 7.435801e+06 4.233800e-02 6.502092e-08 4.490192e-17
425 2.682284e+06 4.233800e-02 5.038144e-08 2.121881e-17
426 9.675268e+05 4.233800e-02 3.903316e-08 1.164153e-10
427 3.489711e+05 4.233800e-02 3.023439e-08 5.820766e-11
428 1.258514e+05 4.233800e-02 2.340888e-08 4.365575e-11
429 4.537857e+04 4.233800e-02 1.811683e-08 7.275958e-12
430 1.635754e+04 4.233800e-02 1.401013e-08 1.818989e-12
431 5.893721e+03 4.233800e-02 1.082075e-08 6.544706e-20
432 2.122028e+03 4.233800e-02 8.341016e-09 4.547474e-13
433 7.631862e+02 4.233800e-02 6.410192e-09 1.136868e-13
434 2.740176e+02 4.233800e-02 4.904382e-09 5.684342e-14
435 9.814480e+01 4.233800e-02 3.729369e-09 1.292247e-21
436 3.504051e+01 4.233800e-02 2.815268e-09 7.105427e-15
437 1.246693e+01 4.233800e-02 2.116369e-09 1.500117e-22
438 4.494573e+00 4.233800e-02 1.582607e-09 6.044008e-23
439 1.596676e+00 4.233800e-02 1.144470e-09 2.220446e-16
440 6.668783e+00 4.233800e-02 8.542788e-10 8.881784e-16
441 3.400166e+00 4.233800e-02 6.304469e-10 4.440892e-16
442 1.463341e+00 4.233800e-02 4.808768e-10 4.086289e-24
443 1.072272e+00 4.233800e-02 3.610512e-10 2.220446e-16
444 5.241655e-01 4.233800e-02 2.819567e-10 1.110223e-16
445 3.388652e+00 4.233800e-02 1.970457e-10 8.881784e-16
446 3.451840e+01 4.233800e-02 1.459061e-10 7.105427e-15
447 2.542038e+02 4.233800e-02 1.106859e-10 5.684342e-14
448 2.088698e+02 4.233800e-02 8.306141e-11 2.842171e-14
449 1.233374e+02 4.233800e-02 6.343890e-11 1.421085e-14
450 4.434601e+01 4.233800e-02 4.752495e-11 1.421085e-14
451 2.842269e+01 4.233800e-02 3.478229e-11 6.342729e-24
452 3.654013e+01 4.233800e-02 2.610943e-11 1.781387e-24
453 6.997184e+02 4.233800e-02 4.846341e-11 4.547474e-13
454 3.508022e+10 4.233800e-02 8.162072e-08 7.768119e-14
455 1.355891e+10 4.233800e-02 2.298720e-07 1.907349e-06
456 5.083980e+09 4.233800e-02 1.783103e-07 2.687172e-14
457 1.890207e+13 4.233800e-02 1.395001e-07 4.564693e-10
458 6.819341e+12 4.233800e-02 1.102974e-07 8.572700e-11
459 2.460470e+12 4.233800e-02 8.912987e-08 4.882813e-04
460 8.879857e+11 4.233800e-02 7.518511e-08 4.081549e-11
461 3.206916e+11 4.233800e-02 6.854529e-08 2.342840e-11
462 1.160200e+11 4.233800e-02 7.060084e-08 4.779943e-12
463 4.216204e+10 4.233800e-02 8.522501e-08 1.586252e-12
464 1.549049e+10 4.233800e-02 1.225759e-07 4.062262e-13
465 5.834539e+09 4.233800e-02 9.499527e-08 3.675681e-14
466 2.104830e+09 4.233800e-02 7.362046e-08 1.463241e-14
467 7.593131e+08 4.233800e-02 5.705476e-08 1.192093e-07
468 2.739198e+08 4.233800e-02 4.421622e-08 1.749587e-15
469 9.881514e+07 4.233800e-02 3.426604e-08 8.918923e-16
470 3.564670e+07 4.233800e-02 2.655393e-08 1.704719e-16
471 1.285910e+07 4.233800e-02 2.057757e-08 8.555584e-17
472 4.638721e+06 4.233800e-02 1.594581e-08 3.620985e-17
473 1.673318e+06 4.233800e-02 1.235605e-08 1.244594e-17
474 6.035979e+05 4.233800e-02 9.573787e-09 5.780685e-18
475 2.177218e+05 4.233800e-02 7.417476e-09 1.252380e-18
476 7.853456e+04 4.233800e-02 5.745338e-09 5.373786e-19
477 2.832263e+04 4.233800e-02 4.448934e-09 1.798327e-19
478 1.021313e+04 4.233800e-02 3.444187e-09 6.220091e-20
479 3.682270e+03 4.233800e-02 2.664852e-09 2.416484e-20
480 1.327227e+03 4.233800e-02 2.060133e-09 8.491843e-21
481 4.781886e+02 4.233800e-02 1.589448e-09 2.984791e-21
482 1.720834e+02 4.233800e-02 1.221738e-09 2.842171e-14
483 6.555400e+01 4.233800e-02 9.369753e-10 4.672702e-22
484 2.369776e+01 4.233800e-02 7.156941e-10 3.552714e-15
485 8.490583e+00 4.233800e-02 5.431315e-10 5.872389e-23
486 3.035647e+00 4.233800e-02 4.215891e-10 2.318441e-23
487 2.793225e+00 4.233800e-02 3.044870e-10 4.440892e-16
488 1.055475e+00 4.233800e-02 2.312611e-10 2.220446e-16
489 1.797486e+00 4.233800e-02 1.580758e-10 2.220446e-16
490 4.214461e+00 4.233800e-02 1.086147e-10 8.881784e-16
491 2.084845e+00 4.233800e-02 7.967876e-11 7.100196e-24
492 2.156349e+00 4.233800e-02 5.562643e-11 4.440892e-16
493 3.093655e+00 4.233800e-02 3.922274e-11 1.171947e-24
494 1.635023e+01 4.233800e-02 2.818847e-11 3.552714e-15
495 7.646489e+00 4.233800e-02 1.976037e-11 1.182118e-24
496 2.322262e+02 4.233800e-02 1.480534e-11 5.684342e-14
497 5.825627e+03 4.233800e-02 1.148336e-11 1.818989e-12
498 8.182635e+04 4.233800e-02 8.886191e-12 1.455192e-11
499 4.372609e+04 4.233800e-02 6.882046e-12 4.076641e-22
500 1.578304e+04 4.233800e-02 5.329100e-12 1.818989e-12
501 5.704888e+03 4.233800e-02 4.123152e-12 9.094947e-13
502 2.175556e+03 4.233800e-02 3.187030e-12 4.547474e-13
503 7.836541e+02 4.233800e-02 2.460206e-12 1.136868e-13
504 2.824722e+02 4.233800e-02 1.899724e-12 3.924912e-24
505 1.016564e+02 4.233800e-02 1.464517e-12 1.635947e-24
506 3.653517e+01 4.233800e-02 1.126968e-12 7.825056e-25
507 1.310697e+01 4.233800e-02 8.655749e-13 2.886617e-25
508 5.443136e+00 4.233800e-02 6.619917e-13 8.881784e-16
509 1.937731e+00 4.233800e-02 5.138648e-13 2.220446e-16
510 6.912887e-01 4.233800e-02 4.197416e-13 2.220446e-16
511 2.516395e-01 4.233800e-02 3.993390e-13 1.859024e-26
512 9.864682e-02 4.233800e-02 5.884588e-13 1.179988e-26
513 4.811910e-02 4.233800e-02 2.231707e-12 1.733732e-26
514 4.438700e-02 4.233800e-02 1.881341e-12 6.938894e-18
515 6.763866e-02 4.233800e-02 1.299359e-12 1.387779e-17
516 4.690022e-01 4.233800e-02 8.611893e-13 1.665335e-16
517 1.585110e-01 4.233800e-02 6.121735e-13 1.798193e-27
518 5.423778e-02 4.233800e-02 5.125055e-13 6.938894e-18
519 2.033812e-02 2.033812e-02 6.574828e-13 6.938894e-18
520 9.461900e-03 9.461900e-03 2.250285e-12 1.734723e-18
521 6.587315e-03 6.587315e-03 4.620235e-12 1.734723e-18
522 4.967987e-03 4.967987e-03 9.070245e-12 8.673617e-19
523 4.851960e-03 4.851960e-03 7.547301e-12 1.734723e-18
524 3.956765e-01 4.851960e-03 4.745383e-12 5.551115e-17
525 1.399148e-01 4.851960e-03 3.020400e-12 5.551115e-17
526 5.358274e-02 4.851960e-03 1.994536e-12 6.938894e-18
527 2.823652e-02 4.851960e-03 1.367748e-12 3.469447e-18
528 9.397614e-03 4.851960e-03 1.157479e-12 1.762994e-27
529 3.493573e-03 3.493573e-03 1.644607e-12 8.673617e-19
530 1.592400e-03 1.592400e-03 4.228307e-12 6.505213e-19
531 8.595184e-04 8.595184e-04 9.150776e-12 1.084202e-19
532 5.356968e-04 5.356968e-04 1.498913e-11 1.084202e-19
533 3.442500e-04 3.442500e-04 2.015920e-11 5.421011e-20
534 1.827499e-04 1.827499e-04 3.351111e-11 2.710505e-20
535 2.135325e-04 1.827499e-04 2.308470e-11 2.710505e-20
536 7.520534e-05 7.520534e-05 2.450563e-11 1.355253e-20
537 3.392232e-05 3.392232e-05 4.561575e-11 6.776264e-21
538 1.505287e-05 1.505287e-05 5.698514e-11 1.437838e-26
539 6.879898e-06 6.879898e-06 9.779707e-11 2.541099e-21
540 3.431005e-06 3.431005e-06 1.235199e-10 1.694066e-21
541 1.530783e-06 1.530783e-06 1.849131e-10 2.117582e-22
542 5.780025e-07 5.780025e-07 2.061795e-10 1.368328e-26
543 2.111792e-07 2.111792e-07 2.329437e-10 7.940934e-23
544 6.680643e-08 6.680643e-08 2.443286e-10 2.646979e-23
545 2.088901e-08 2.088901e-08 2.495346e-10 9.926169e-24
546 6.403905e-09 6.403905e-09 2.522202e-10 1.654377e-24
547 1.947850e-09 1.947850e-09 2.539058e-10 4.135972e-25
548 5.904869e-10 5.904869e-10 2.550633e-10 1.034069e-25
549 1.787804e-10 1.787804e-10 2.558881e-10 1.201771e-27
550 5.408769e-11 5.408769e-11 2.564382e-10 8.414844e-28
551 1.639493e-11 1.639493e-11 2.572449e-10 3.337108e-27
552 4.925847e-12 4.925847e-12 2.568284e-10 1.750570e-27
553 1.514998e-12 1.514998e-12 2.596556e-10 2.688097e-28
554 4.586985e-13 4.586985e-13 2.656959e-10 2.123085e-28
x:  3.317530e-01  2.226445e-01  2.330575e-01  1.576492e-01 -2.581324e-01 -1.533449e-01 -1.877907e-01  3.045816e-01  3.121006e-01  1.771962e-01  1.638008e-01 -3.148921e-01  3.329604e-01  6.061144e-02 -2.551122e-01  1.738449e-01 -1.847433e-02 -8.955301e-02  5.702879e-02 -3.332541e-01  2.979653e-01  2.042838e-01  3.324917e-01 -1.020565e-01 -3.068379e-01 -4.575164e-02  2.794880e-01 -2.138437e-01 -3.332219e-01 -1.832308e-01 -1.168504e-01 -2.893678e-01 -2.688196e-01  5.567876e-02  2.791626e-01  2.721630e-01  1.478244e-01  1.360633e-01  2.774921e-01 -2.375611e-01 -6.026846e-02  2.625003e-01 -3.328746e-01 -3.613002e-02 -2.417047e-01 -2.375142e-01 -3.331082e-01 -3.056562e-01 -2.613015e-01  2.493030e-01 -9.786743e-02  2.363402e-01  2.922406e-01  3.133166e-01  2.387106e-01 -3.053132e-01 -8.812632e-02  1.299327e-01  2.319250e-01 -1.519274e-01 -8.401883e-02 -2.310768e-01 -2.667970e-01  3.331650e-01 -2.669881e-01 -1.324209e-01  1.783949e-01  3.359772e-02  3.232523e-01 -1.975105e-02  1.652882e-01 -1.401934e-01 -1.732622e-01 -2.531472e-01 -3.262674e-01 -3.279993e-02  1.668553e-01 -2.132439e-01 -5.933919e-02 -3.332321e-01  2.462315e-01 -8.378238e-02 -1.885069e-01  1.470954e-03  3.310424e-01 -1.396316e-01 -2.326062e-01  8.731713e-02 -3.241970e-02  2.480737e-01 -2.383177e-01 -2.936969e-01 -2.108999e-01  2.959671e-01  2.754010e-01  1.354297e-01  1.170654e-01 -2.823343e-01  2.903109e-01  1.093347e-01 -1.576403e-02 -3.277765e-01  2.145433e-01 -2.844101e-01 -3.328210e-01  3.210785e-01  3.284187e-01  7.266611e-03 -1.494250e-01  2.633994e-01 -2.367176e-02  3.173257e-01  1.302365e-01 -3.301786e-01  1.816523e-01 -2.556991e-01 -8.621955e-03  2.784558e-01 -3.121812e-01 -1.654612e-01  1.970969e-01  3.286503e-01 -1.821521e-01 -1.924537e-01  2.987626e-01 -3.042990e-01  1.846870e-01 -2.338287e-01 -3.278397e-01  2.054379e-01 -1.748274e-02  3.313695e-01  2.295430e-01 -2.338762e-01 -1.224992e-02  1.329865e-01 -2.069606e-01 -2.212672e-01  3.186426e-01  2.350626e-01 -1.603327e-01 -1.137707e-01  2.326552e-01 -1.337722e-01  3.214730e-01  3.069668e-01 -2.394200e-01  2.966971e-01  3.225708e-01 -2.402387e-01  1.998262e-01  1.059059e-02 -1.995707e-01 -3.059016e-01 -2.815784e-01 -3.316358e-01 -8.135786e-02  3.327476e-01  2.894666e-01 -3.024185e-01 -2.847654e-01 -2.168586e-01  6.826920e-02  3.317157e-01 -2.885662e-01  2.561994e-01 -3.280091e-01  8.214556e-03 -2.246802e-01  3.226323e-01 -2.749114e-01 -3.333301e-01 -3.901316e-02 -3.026783e-01  2.387583e-01 -3.216937e-01 -3.139809e-01 -1.119246e-01  3.025858e-01  1.398317e-01  1.352671e-01 -3.046538e-01 -2.954598e-01  1.543198e-01  3.282473e-01 -5.800695e-02  2.698308e-01 -1.957100e-01  3.038801e-01  1.369963e-01  4.818393e-02 -3.298324e-01 -9.925449e-02 -3.182132e-01  3.269506e-01 -6.491833e-02  3.211084e-01 -8.944535e-02 -2.277442e-01 -2.434003e-01  1.587295e-01  2.931144e-01  3.206913e-01  9.092956e-02 -9.280563e-03  3.332041e-01 -2.925962e-02  3.320466e-01 -7.803272e-02 -3.240710e-01  3.206138e-01  9.120256e-02  3.154805e-01  1.076251e-01 -3.021693e-01  1.407295e-01  3.010153e-01  1.431812e-01  3.230511e-01  8.215290e-02  3.325814e-01  2.237676e-02 -3.284148e-01 -5.705064e-02  3.084200e-01 -1.264444e-01  1.489716e-01 -2.981921e-01  3.304107e-01 -4.404395e-02 -2.964520e-01 -1.524050e-01  3.333195e-01 -3.040599e-03  1.913373e-01  2.729490e-01 -2.747476e-01  1.887455e-01  3.331818e-01  1.004829e-02  3.333308e-01 -1.282994e-03 -3.607679e-02  3.313752e-01 -2.002778e-01 -2.664581e-01 -3.332600e-01 -6.995012e-03  2.283479e-01 -2.428340e-01  2.318739e-01 -2.394694e-01  2.849217e-01  1.730050e-01 -6.173809e-02  3.275661e-01  2.656959e-10
grad: -3.875801e-21  2.548938e-19  9.406724e-21  9.794322e-21  2.964828e-19 -1.928814e-19 -1.667428e-19 -1.067031e-19  9.315903e-20 -3.496056e-19 -1.571834e-19  1.547790e-19 -1.215126e-21 -2.359222e-19  5.275021e-19 -2.163747e-20 -4.536966e-19  5.149669e-19  2.389377e-20  1.267724e-20  5.296519e-21 -7.083920e-21 -1.204720e-20 -1.812664e-19  2.560276e-19 -6.019116e-19 -1.327024e-19 -3.020313e-19 -2.436223e-20  3.117364e-19 -4.497775e-19  2.222868e-19 -4.593476e-20  7.505896e-19 -1.071381e-19 -2.151716e-19 -2.421246e-19 -2.928243e-19  1.405949e-19  2.246976e-19  1.598139e-19  4.839993e-20 -5.632965e-21 -1.334515e-19 -5.490479e-19  1.333324e-19  7.031754e-22 -2.282807e-19 -3.529477e-19 -4.017650e-19  2.783493e-19  7.768446e-19 -4.406143e-20 -3.199415e-19  5.930228e-19 -3.566396e-19  6.914621e-20  5.520026e-19 -3.914142e-19  4.145707e-20  4.298814e-20 -8.255940e-21  1.312806e-19  2.787753e-20  4.253284e-20  3.270261e-19  1.854482e-19  7.297588e-20  9.245618e-20 -1.749410e-19 -1.120427e-19  4.496031e-20  7.750397e-22 -5.703192e-19  6.485656e-20  1.636612e-19  1.064075e-19  1.801528e-19 -3.602532e-19 -8.190066e-20 -1.873734e-19  9.221355e-20  1.882138e-19 -3.521159e-19  1.217175e-19  5.612788e-19  1.143336e-19  8.777173e-19  2.362031e-19 -1.818111e-19  1.335710e-20 -3.216881e-21 -4.127627e-19 -1.119680e-19 -1.452561e-19  2.938709e-19 -1.909544e-19 -2.606181e-19  4.596843e-20  6.455576e-19 -2.789050e-19 -2.966336e-20  6.719518e-19 -4.964283e-20  2.758546e-20  2.031914e-19 -4.549829e-21 -1.755782e-19  3.156257e-20  3.273893e-20  1.124638e-19 -3.797321e-20  5.422821e-19  3.505864e-20  1.138948e-19  1.996755e-19  2.440447e-20  2.488610e-19  1.040613e-19 -4.113672e-19 -3.143892e-20 -6.602104e-20 -1.851724e-19 -3.587076e-19  1.315375e-19 -1.578409e-19 -1.590702e-19 -1.929861e-19 -3.532519e-20 -6.464868e-20  3.269915e-20  1.104553e-20 -5.068907e-19 -1.016718e-19 -2.612939e-19 -4.800649e-19  4.180949e-19 -4.828602e-19  8.170844e-20 -6.550575e-19 -1.100501e-19 -9.765979e-19 -4.920902e-19  8.259706e-19  3.305919e-20 -1.722503e-19 -4.285874e-19 -7.142823e-21  1.896709e-20  2.055729e-20  1.998621e-19  3.232302e-19 -5.810429e-20 -1.222747e-19  1.118001e-19 -3.216109e-21  2.771317e-19 -1.684464e-20  8.117104e-20 -1.230580e-20  2.919533e-22  5.337078e-19  4.007327e-19  1.360755e-20  7.257857e-20  2.167023e-19  2.046404e-20 -7.733630e-19 -1.954854e-19  2.331255e-20 -1.319332e-19 -3.429245e-20  7.754218e-19 -2.722056e-19  9.331659e-20  1.855539e-19 -4.582318e-19  1.066684e-18  9.814868e-20 -2.617878e-19  1.222466e-20 -2.044929e-22  1.260979e-19  1.785616e-19 -5.893387e-20 -4.974568e-19 -3.051664e-20  1.877366e-20 -2.429858e-19  5.268736e-19  4.392089e-19  4.689511e-20  4.440965e-19 -1.227195e-19  2.224058e-19  9.175168e-19 -3.259631e-20 -8.401492e-20 -7.638289e-20  7.756894e-20 -2.007257e-21  8.234648e-22 -6.340416e-20  2.151589e-19  1.042195e-19 -6.160581e-21  1.021863e-19 -3.423504e-20 -7.606052e-21  2.187873e-21 -5.761047e-20  2.704688e-19 -1.257560e-19  2.513400e-19 -3.581222e-19 -7.257418e-19  3.958111e-19 -8.035897e-19  3.907776e-20 -2.559843e-19  2.234293e-21 -2.387391e-19  1.418596e-20  1.626709e-19  2.778324e-19  6.529243e-19 -2.889428e-19 -1.254586e-19 -3.664771e-20 -3.577940e-19  3.356527e-20 -2.070777e-20 -5.601241e-21  1.776731e-19 -1.127725e-19  9.325790e-20 -3.046789e-19 -4.415071e-19 -1.178690e-20  4.326164e-19  5.398022e-20  5.643166e-19 -5.143915e-19 -4.892201e-20  1.747737e-19 -1.489335e-19  4.274957e-20 -2.445585e-19  5.505569e-19  5.003229e-19 -5.147776e-20 -5.175628e-20 -1.643762e-19  2.402587e-19 -2.991062e-19 -6.375138e-20  4.586985e-13
finished in 554 iterations (2.058 seconds total)
max viol = 6.79549e-08
