Basis indices:

{-, -, -, -, -, -}, {-, -, -, -, -, -}, {-, -, -, -, -, -}, {-, -, -, -, -, -}, {-, -, -, -, -, -}, {-, -, -, -, -, -}


{-, -, -, -, -, -}, {-, 43+i187, 44+i188, 45+i189, 46+i190, 47+i191}, {-, 49+i193, 50+i194, 51+i195, 52+i196, 53+i197}, {-, 55+i199, 56+i200, 57+i201, 58+i202, 59+i203}, {-, 61+i205, 62+i206, 63+i207, 64+i208, 65+i209}, {-, 67+i211, 68+i212, 69+i213, 70+i214, 71+i215}


{-, 73+i217, 74+i218, 75+i219, 76+i220, 77+i221}, {-, 79+i223, 80+i224, 81+i225, 82+i226, 83+i227}, {-, 85+i229, 86+i230, 87+i231, 88+i232, 89+i233}, {-, 91+i235, 92+i236, 93+i237, 94+i238, 95+i239}, {-, 97+i241, 98+i242, 99+i243, 100+i244, 101+i245}, {-, 103+i247, 104+i248, 105+i249, 106+i250, 107+i251}


{-, 109+i253, 110+i254, 111+i255, 112+i256, 113+i257}, {-, 115+i259, 116+i260, 117+i261, 118+i262, 119+i263}, {-, 121+i265, 122+i266, 123+i267, 124+i268, 125+i269}, {-, 127+i271, 128+i272, 129+i273, 130+i274, 131+i275}, {-, 133+i277, 134+i278, 135+i279, 136+i280, 137+i281}, {-, 139+i283, 140+i284, 141+i285, 142+i286, 143+i287}


Find a point satisfying:

-0.166667*{} + 1*{171171} + 1*{170170} = 0 

0.166667*{} + 0.408248*{ 27} + 0.408248*{ 25} + 0.408248*{ 26} + 0.408248*{ 29} + 0.408248*{ 28} + -1*{170} = 0 

0.408248*{110} + 0.408248*{114} + 0.408248*{112} + 0.408248*{111} + 0.408248*{113} + -1*{171} = 0 

1*{173173} + -0.166667*{} + 1*{172172} = 0 

0.166667*{} + -1*{172} + 0.408248*{ 32} + 0.408248*{ 33} + 0.408248*{ 34} + 0.408248*{ 30} + 0.408248*{ 31} = 0 

0.408248*{115} + 0.408248*{117} + 0.408248*{118} + 0.408248*{116} + -1*{173} + 0.408248*{119} = 0 

-0.166667*{} + 1*{175175} + 1*{174174} = 0 

0.166667*{} + 0.408248*{ 35} + 0.408248*{ 36} + -1*{174} + 0.408248*{ 38} + 0.408248*{ 37} + 0.408248*{ 39} = 0 

0.408248*{123} + 0.408248*{121} + -1*{175} + 0.408248*{122} + 0.408248*{120} + 0.408248*{124} = 0 

-0.166667*{} + 1*{177177} + 1*{176176} = 0 

0.408248*{ 40} + -1*{176} + 0.166667*{} + 0.408248*{ 41} + 0.408248*{ 44} + 0.408248*{ 42} + 0.408248*{ 43} = 0 

0.408248*{126} + 0.408248*{128} + -1*{177} + 0.408248*{127} + 0.408248*{125} + 0.408248*{129} = 0 

-0.166667*{} + 1*{179179} + 1*{178178} = 0 

0.408248*{ 47} + 0.408248*{ 45} + 0.408248*{ 49} + 0.166667*{} + -1*{178} + 0.408248*{ 46} + 0.408248*{ 48} = 0 

0.408248*{130} + 0.408248*{134} + 0.408248*{131} + -1*{179} + 0.408248*{133} + 0.408248*{132} = 0 

-0.166667*{} + 1*{181181} + 1*{180180} = 0 

0.166667*{} + 0.408248*{ 51} + 0.408248*{ 53} + -1*{180} + 0.408248*{ 50} + 0.408248*{ 54} + 0.408248*{ 52} = 0 

0.408248*{137} + -1*{181} + 0.408248*{136} + 0.408248*{139} + 0.408248*{135} + 0.408248*{138} = 0 

-0.166667*{} + 1*{183183} + 1*{182182} = 0 

0.166667*{} + 1*{ 86111} + 1*{  2 27} + 1*{  3 28} + 1*{  1 26} + 1*{  0 25} + 1*{ 89114} + 1*{ 88113} + -1*{182} + 1*{  4 29} + 1*{ 85110} + 1*{ 87112} = 0 

-1*{183} + 1*{  4114} + -1*{ 28 88} + -1*{ 29 89} + 1*{  0110} + 1*{  1111} + -1*{ 26 86} + 1*{  3113} + -1*{ 27 87} + -1*{ 25 85} + 1*{  2112} = 0 

-0.166667*{} + 1*{185185} + 1*{184184} = 0 

1*{  2 32} + 1*{  0 30} + 1*{ 86116} + 1*{  4 34} + -1*{184} + 1*{ 89119} + 1*{ 87117} + 1*{ 88118} + 1*{ 85115} + 0.166667*{} + 1*{  3 33} + 1*{  1 31} = 0 

1*{  2117} + -1*{ 33 88} + -1*{ 30 85} + -1*{ 31 86} + 1*{  3118} + 1*{  4119} + 1*{  1116} + -1*{ 32 87} + -1*{ 34 89} + -1*{185} + 1*{  0115} = 0 

1*{187187} + -0.166667*{} + 1*{186186} = 0 

1*{  0 35} + 1*{ 85120} + 1*{ 88123} + 1*{  4 39} + 1*{  3 38} + 1*{  2 37} + -1*{186} + 0.166667*{} + 1*{ 89124} + 1*{ 87122} + 1*{ 86121} + 1*{  1 36} = 0 

1*{  0120} + -1*{ 35 85} + 1*{  3123} + 1*{  1121} + 1*{  2122} + -1*{ 39 89} + -1*{187} + -1*{ 37 87} + 1*{  4124} + -1*{ 38 88} + -1*{ 36 86} = 0 

-0.166667*{} + 1*{189189} + 1*{188188} = 0 

1*{  0 40} + 1*{ 85125} + 1*{  1 41} + 1*{ 89129} + 0.166667*{} + 1*{  2 42} + 1*{ 88128} + -1*{188} + 1*{  4 44} + 1*{ 86126} + 1*{  3 43} + 1*{ 87127} = 0 

1*{  1126} + -1*{ 42 87} + -1*{ 43 88} + 1*{  3128} + -1*{ 41 86} + 1*{  4129} + -1*{ 44 89} + 1*{  2127} + 1*{  0125} + -1*{189} + -1*{ 40 85} = 0 

-0.166667*{} + 1*{191191} + 1*{190190} = 0 

1*{ 85130} + 1*{  0 45} + -1*{190} + 1*{  1 46} + 1*{  2 47} + 1*{ 86131} + 1*{ 89134} + 1*{  4 49} + 1*{ 88133} + 1*{ 87132} + 1*{  3 48} + 0.166667*{} = 0 

-1*{ 48 88} + -1*{ 45 85} + 1*{  1131} + 1*{  2132} + 1*{  0130} + -1*{ 49 89} + -1*{ 47 87} + -1*{191} + 1*{  3133} + 1*{  4134} + -1*{ 46 86} = 0 

-0.166667*{} + 1*{193193} + 1*{192192} = 0 

-1*{192} + 1*{ 87137} + 1*{  0 50} + 1*{ 85135} + 1*{ 86136} + 1*{  4 54} + 0.166667*{} + 1*{  3 53} + 1*{  2 52} + 1*{  1 51} + 1*{ 88138} + 1*{ 89139} = 0 

-1*{ 54 89} + -1*{193} + -1*{ 50 85} + -1*{ 52 87} + -1*{ 53 88} + 1*{  1136} + 1*{  3138} + -1*{ 51 86} + 1*{  4139} + 1*{  2137} + 1*{  0135} = 0 

-0.166667*{} + 1*{195195} + 1*{194194} = 0 

0.166667*{} + 1*{  6 26} + 1*{  5 25} + 1*{ 93113} + 1*{ 94114} + 1*{  9 29} + 1*{ 90110} + 1*{ 91111} + 1*{  7 27} + -1*{194} + 1*{ 92112} + 1*{  8 28} = 0 

1*{  9114} + 1*{  8113} + 1*{  5110} + -1*{195} + -1*{ 29 94} + -1*{ 27 92} + -1*{ 28 93} + -1*{ 25 90} + 1*{  7112} + -1*{ 26 91} + 1*{  6111} = 0 

-0.166667*{} + 1*{197197} + 1*{196196} = 0 

1*{  8 33} + 1*{  7 32} + -1*{196} + 1*{  6 31} + 1*{ 92117} + 1*{ 90115} + 1*{  5 30} + 1*{ 91116} + 0.166667*{} + 1*{  9 34} + 1*{ 93118} + 1*{ 94119} = 0 

-1*{ 32 92} + 1*{  5115} + 1*{  9119} + -1*{ 30 90} + 1*{  7117} + -1*{ 31 91} + 1*{  8118} + -1*{ 34 94} + -1*{ 33 93} + -1*{197} + 1*{  6116} = 0 

-0.166667*{} + 1*{199199} + 1*{198198} = 0 

-1*{198} + 1*{  5 35} + 1*{ 94124} + 1*{  7 37} + 1*{ 93123} + 1*{  8 38} + 1*{ 90120} + 0.166667*{} + 1*{  6 36} + 1*{ 92122} + 1*{ 91121} + 1*{  9 39} = 0 

-1*{199} + -1*{ 36 91} + -1*{ 38 93} + -1*{ 39 94} + -1*{ 37 92} + 1*{  8123} + 1*{  6121} + 1*{  9124} + 1*{  5120} + 1*{  7122} + -1*{ 35 90} = 0 

-0.166667*{} + 1*{201201} + 1*{200200} = 0 

1*{  7 42} + 1*{  6 41} + -1*{200} + 1*{ 92127} + 1*{  9 44} + 1*{ 90125} + 1*{  8 43} + 1*{ 93128} + 1*{ 94129} + 0.166667*{} + 1*{ 91126} + 1*{  5 40} = 0 

1*{  6126} + -1*{201} + 1*{  5125} + 1*{  8128} + -1*{ 40 90} + 1*{  9129} + -1*{ 41 91} + -1*{ 42 92} + -1*{ 44 94} + -1*{ 43 93} + 1*{  7127} = 0 

-0.166667*{} + 1*{203203} + 1*{202202} = 0 

1*{ 91131} + 1*{  5 45} + 1*{  7 47} + 1*{  6 46} + 1*{  8 48} + 1*{ 90130} + 1*{ 92132} + 1*{  9 49} + 1*{ 94134} + -1*{202} + 1*{ 93133} + 0.166667*{} = 0 

1*{  5130} + -1*{ 49 94} + -1*{ 47 92} + 1*{  8133} + -1*{ 46 91} + 1*{  9134} + 1*{  6131} + -1*{ 48 93} + -1*{203} + -1*{ 45 90} + 1*{  7132} = 0 

-0.166667*{} + 1*{205205} + 1*{204204} = 0 

1*{ 92137} + 1*{  5 50} + 0.166667*{} + 1*{ 91136} + 1*{  8 53} + 1*{ 93138} + 1*{ 94139} + 1*{  9 54} + 1*{ 90135} + -1*{204} + 1*{  7 52} + 1*{  6 51} = 0 

1*{  5135} + 1*{  6136} + 1*{  9139} + -1*{ 54 94} + 1*{  8138} + -1*{205} + -1*{ 52 92} + -1*{ 53 93} + -1*{ 50 90} + -1*{ 51 91} + 1*{  7137} = 0 

-0.166667*{} + 1*{207207} + 1*{206206} = 0 

1*{ 12 27} + 1*{ 97112} + 1*{ 96111} + 1*{ 95110} + 1*{ 13 28} + -1*{206} + 0.166667*{} + 1*{ 14 29} + 1*{ 11 26} + 1*{ 98113} + 1*{ 99114} + 1*{ 10 25} = 0 

-1*{ 28 98} + 1*{ 12112} + -1*{ 27 97} + 1*{ 10110} + -1*{ 26 96} + -1*{207} + 1*{ 14114} + -1*{ 25 95} + -1*{ 29 99} + 1*{ 13113} + 1*{ 11111} = 0 

-0.166667*{} + 1*{209209} + 1*{208208} = 0 

1*{ 99119} + 1*{ 11 31} + 1*{ 12 32} + 1*{ 10 30} + 1*{ 13 33} + -1*{208} + 1*{ 97117} + 1*{ 95115} + 1*{ 14 34} + 1*{ 96116} + 0.166667*{} + 1*{ 98118} = 0 

1*{ 14119} + -1*{ 30 95} + 1*{ 10115} + -1*{ 31 96} + -1*{ 33 98} + -1*{ 34 99} + 1*{ 11116} + -1*{209} + 1*{ 13118} + 1*{ 12117} + -1*{ 32 97} = 0 

-0.166667*{} + 1*{211211} + 1*{210210} = 0 

1*{ 97122} + 1*{ 14 39} + 0.166667*{} + 1*{ 13 38} + 1*{ 10 35} + 1*{ 11 36} + 1*{ 99124} + 1*{ 98123} + 1*{ 12 37} + 1*{ 96121} + -1*{210} + 1*{ 95120} = 0 

1*{ 11121} + -1*{211} + 1*{ 10120} + -1*{ 35 95} + -1*{ 38 98} + 1*{ 12122} + -1*{ 37 97} + -1*{ 39 99} + 1*{ 13123} + -1*{ 36 96} + 1*{ 14124} = 0 

-0.166667*{} + 1*{213213} + 1*{212212} = 0 

1*{ 95125} + 1*{ 99129} + 1*{ 14 44} + 0.166667*{} + 1*{ 98128} + 1*{ 11 41} + 1*{ 96126} + 1*{ 12 42} + -1*{212} + 1*{ 97127} + 1*{ 13 43} + 1*{ 10 40} = 0 

1*{ 11126} + -1*{213} + 1*{ 13128} + -1*{ 44 99} + -1*{ 41 96} + -1*{ 40 95} + 1*{ 14129} + 1*{ 10125} + 1*{ 12127} + -1*{ 42 97} + -1*{ 43 98} = 0 

-0.166667*{} + 1*{215215} + 1*{214214} = 0 

1*{ 96131} + -1*{214} + 1*{ 97132} + 1*{ 12 47} + 1*{ 11 46} + 1*{ 95130} + 1*{ 10 45} + 1*{ 14 49} + 1*{ 98133} + 0.166667*{} + 1*{ 13 48} + 1*{ 99134} = 0 

1*{ 12132} + -1*{215} + 1*{ 10130} + 1*{ 13133} + 1*{ 11131} + -1*{ 46 96} + -1*{ 49 99} + -1*{ 47 97} + 1*{ 14134} + -1*{ 45 95} + -1*{ 48 98} = 0 

-0.166667*{} + 1*{217217} + 1*{216216} = 0 

-1*{216} + 1*{ 98138} + 1*{ 95135} + 1*{ 12 52} + 1*{ 99139} + 1*{ 10 50} + 1*{ 13 53} + 1*{ 14 54} + 1*{ 11 51} + 1*{ 96136} + 0.166667*{} + 1*{ 97137} = 0 

1*{ 12137} + -1*{ 50 95} + 1*{ 13138} + -1*{217} + -1*{ 52 97} + 1*{ 14139} + 1*{ 10135} + -1*{ 54 99} + -1*{ 51 96} + 1*{ 11136} + -1*{ 53 98} = 0 

-0.166667*{} + 1*{219219} + 1*{218218} = 0 

1*{ 19 29} + 1*{ 18 28} + 1*{102112} + -1*{218} + 1*{101111} + 1*{ 16 26} + 0.166667*{} + 1*{ 15 25} + 1*{103113} + 1*{104114} + 1*{100110} + 1*{ 17 27} = 0 

-1*{ 25100} + -1*{ 27102} + -1*{ 29104} + 1*{ 15110} + 1*{ 16111} + -1*{219} + 1*{ 19114} + -1*{ 28103} + 1*{ 17112} + -1*{ 26101} + 1*{ 18113} = 0 

-0.166667*{} + 1*{220220} + 1*{221221} = 0 

0.166667*{} + 1*{ 18 33} + -1*{220} + 1*{100115} + 1*{101116} + 1*{103118} + 1*{ 19 34} + 1*{102117} + 1*{ 15 30} + 1*{ 17 32} + 1*{104119} + 1*{ 16 31} = 0 

-1*{ 30100} + -1*{221} + 1*{ 16116} + 1*{ 19119} + -1*{ 34104} + -1*{ 32102} + 1*{ 18118} + -1*{ 33103} + -1*{ 31101} + 1*{ 17117} + 1*{ 15115} = 0 

-0.166667*{} + 1*{223223} + 1*{222222} = 0 

1*{ 19 39} + 1*{101121} + 1*{104124} + 1*{103123} + 1*{ 15 35} + 1*{ 17 37} + 0.166667*{} + -1*{222} + 1*{ 18 38} + 1*{102122} + 1*{ 16 36} + 1*{100120} = 0 

1*{ 18123} + -1*{ 38103} + -1*{ 36101} + -1*{ 39104} + -1*{ 35100} + 1*{ 19124} + -1*{223} + -1*{ 37102} + 1*{ 15120} + 1*{ 16121} + 1*{ 17122} = 0 

-0.166667*{} + 1*{225225} + 1*{224224} = 0 

1*{ 16 41} + 1*{ 17 42} + 1*{100125} + 1*{103128} + 1*{102127} + 0.166667*{} + 1*{101126} + 1*{104129} + 1*{ 15 40} + 1*{ 19 44} + 1*{ 18 43} + -1*{224} = 0 

-1*{225} + -1*{ 40100} + 1*{ 16126} + -1*{ 43103} + 1*{ 18128} + -1*{ 42102} + 1*{ 17127} + 1*{ 15125} + 1*{ 19129} + -1*{ 41101} + -1*{ 44104} = 0 

-0.166667*{} + 1*{227227} + 1*{226226} = 0 

1*{ 18 48} + 1*{ 17 47} + -1*{226} + 1*{101131} + 1*{ 16 46} + 1*{ 15 45} + 1*{ 19 49} + 0.166667*{} + 1*{104134} + 1*{102132} + 1*{103133} + 1*{100130} = 0 

-1*{ 48103} + -1*{ 45100} + 1*{ 15130} + -1*{ 47102} + -1*{ 46101} + 1*{ 19134} + -1*{ 49104} + -1*{227} + 1*{ 18133} + 1*{ 17132} + 1*{ 16131} = 0 

-0.166667*{} + 1*{229229} + 1*{228228} = 0 

1*{104139} + 0.166667*{} + 1*{103138} + -1*{228} + 1*{102137} + 1*{ 18 53} + 1*{ 19 54} + 1*{ 17 52} + 1*{ 15 50} + 1*{100135} + 1*{101136} + 1*{ 16 51} = 0 

-1*{ 51101} + 1*{ 16136} + -1*{ 50100} + -1*{ 52102} + 1*{ 17137} + 1*{ 18138} + 1*{ 15135} + -1*{ 53103} + 1*{ 19139} + -1*{ 54104} + -1*{229} = 0 

-0.166667*{} + 1*{231231} + 1*{230230} = 0 

1*{ 22 27} + 1*{107112} + 0.166667*{} + -1*{230} + 1*{108113} + 1*{ 20 25} + 1*{ 23 28} + 1*{ 24 29} + 1*{109114} + 1*{105110} + 1*{106111} + 1*{ 21 26} = 0 

-1*{ 29109} + 1*{ 20110} + 1*{ 21111} + -1*{ 27107} + -1*{ 25105} + 1*{ 24114} + 1*{ 23113} + -1*{231} + -1*{ 26106} + -1*{ 28108} + 1*{ 22112} = 0 

-0.166667*{} + 1*{233233} + 1*{232232} = 0 

0.166667*{} + 1*{ 24 34} + 1*{108118} + 1*{ 22 32} + 1*{ 21 31} + 1*{105115} + -1*{232} + 1*{109119} + 1*{ 20 30} + 1*{106116} + 1*{ 23 33} + 1*{107117} = 0 

-1*{ 32107} + -1*{ 30105} + -1*{ 31106} + -1*{233} + -1*{ 34109} + -1*{ 33108} + 1*{ 22117} + 1*{ 20115} + 1*{ 23118} + 1*{ 21116} + 1*{ 24119} = 0 

-0.166667*{} + 1*{235235} + 1*{234234} = 0 

1*{107122} + 1*{ 22 37} + 1*{105120} + 1*{ 21 36} + 1*{108123} + 1*{ 20 35} + -1*{234} + 1*{ 23 38} + 1*{ 24 39} + 1*{106121} + 0.166667*{} + 1*{109124} = 0 

-1*{ 35105} + -1*{ 39109} + -1*{ 36106} + 1*{ 22122} + 1*{ 21121} + -1*{235} + -1*{ 37107} + 1*{ 24124} + 1*{ 20120} + -1*{ 38108} + 1*{ 23123} = 0 

1*{237237} + -0.166667*{} + 1*{236236} = 0 

1*{107127} + 1*{ 22 42} + 1*{108128} + 0.166667*{} + 1*{106126} + 1*{105125} + -1*{236} + 1*{ 21 41} + 1*{ 20 40} + 1*{ 24 44} + 1*{109129} + 1*{ 23 43} = 0 

-1*{ 44109} + 1*{ 21126} + -1*{237} + 1*{ 24129} + -1*{ 43108} + 1*{ 23128} + -1*{ 40105} + 1*{ 22127} + -1*{ 41106} + -1*{ 42107} + 1*{ 20125} = 0 

-0.166667*{} + 1*{239239} + 1*{238238} = 0 

1*{105130} + 1*{ 20 45} + 1*{107132} + 0.166667*{} + 1*{106131} + 1*{ 22 47} + 1*{109134} + -1*{238} + 1*{ 24 49} + 1*{108133} + 1*{ 23 48} + 1*{ 21 46} = 0 

-1*{ 46106} + -1*{ 45105} + 1*{ 20130} + 1*{ 23133} + -1*{ 48108} + -1*{ 49109} + 1*{ 24134} + -1*{239} + 1*{ 22132} + -1*{ 47107} + 1*{ 21131} = 0 

-0.166667*{} + 1*{241241} + 1*{240240} = 0 

1*{ 22 52} + 1*{ 23 53} + 1*{ 24 54} + 0.166667*{} + 1*{108138} + 1*{109139} + 1*{ 21 51} + 1*{ 20 50} + 1*{106136} + 1*{105135} + 1*{107137} + -1*{240} = 0 

-1*{241} + 1*{ 22137} + 1*{ 21136} + 1*{ 23138} + -1*{ 51106} + -1*{ 53108} + -1*{ 52107} + 1*{ 20135} + 1*{ 24139} + -1*{ 50105} + -1*{ 54109} = 0 

-0.166667*{} + 1*{243243} + 1*{242242} = 0 

0.408248*{ 56} + 0.166667*{} + 0.408248*{ 57} + 0.408248*{ 58} + 0.408248*{ 55} + 0.408248*{ 59} + -1*{242} = 0 

0.408248*{141} + 0.408248*{142} + 0.408248*{143} + 0.408248*{140} + -1*{243} + 0.408248*{144} = 0 

1*{245245} + -0.166667*{} + 1*{244244} = 0 

0.408248*{ 63} + 0.408248*{ 62} + 0.408248*{ 64} + -1*{244} + 0.408248*{ 60} + 0.166667*{} + 0.408248*{ 61} = 0 

0.408248*{149} + 0.408248*{145} + 0.408248*{147} + 0.408248*{148} + -1*{245} + 0.408248*{146} = 0 

-0.166667*{} + 1*{247247} + 1*{246246} = 0 

0.166667*{} + 0.408248*{ 65} + -1*{246} + 0.408248*{ 66} + 0.408248*{ 68} + 0.408248*{ 67} + 0.408248*{ 69} = 0 

0.408248*{154} + 0.408248*{151} + 0.408248*{150} + 0.408248*{152} + -1*{247} + 0.408248*{153} = 0 

-0.166667*{} + 1*{249249} + 1*{248248} = 0 

-1*{248} + 0.408248*{ 73} + 0.408248*{ 71} + 0.408248*{ 70} + 0.408248*{ 72} + 0.166667*{} + 0.408248*{ 74} = 0 

0.408248*{155} + 0.408248*{156} + 0.408248*{159} + 0.408248*{157} + 0.408248*{158} + -1*{249} = 0 

-0.166667*{} + 1*{251251} + 1*{250250} = 0 

0.408248*{ 76} + 0.408248*{ 75} + 0.408248*{ 79} + 0.408248*{ 77} + 0.166667*{} + 0.408248*{ 78} + -1*{250} = 0 

0.408248*{160} + 0.408248*{162} + 0.408248*{163} + 0.408248*{161} + -1*{251} + 0.408248*{164} = 0 

-0.166667*{} + 1*{253253} + 1*{252252} = 0 

0.408248*{ 82} + 0.408248*{ 80} + 0.166667*{} + -1*{252} + 0.408248*{ 83} + 0.408248*{ 81} + 0.408248*{ 84} = 0 

0.408248*{165} + 0.408248*{168} + 0.408248*{167} + -1*{253} + 0.408248*{166} + 0.408248*{169} = 0 

-0.166667*{} + 1*{254254} + 1*{255255} = 0 

1*{  4 59} + 1*{  2 57} + 0.166667*{} + 1*{  0 55} + 1*{ 88143} + 1*{ 89144} + 1*{  3 58} + 1*{ 87142} + 1*{ 86141} + 1*{  1 56} + 1*{ 85140} + -1*{254} = 0 

1*{  2142} + 1*{  4144} + -1*{ 58 88} + -1*{ 56 86} + -1*{ 55 85} + -1*{ 57 87} + -1*{ 59 89} + 1*{  3143} + 1*{  1141} + 1*{  0140} + -1*{255} = 0 

-0.166667*{} + 1*{257257} + 1*{256256} = 0 

1*{ 87147} + 1*{ 86146} + 1*{ 88148} + -1*{256} + 1*{  2 62} + 1*{  0 60} + 1*{ 89149} + 1*{  1 61} + 1*{  3 63} + 1*{ 85145} + 0.166667*{} + 1*{  4 64} = 0 

-1*{ 63 88} + -1*{ 62 87} + 1*{  2147} + -1*{ 60 85} + 1*{  1146} + -1*{257} + 1*{  3148} + 1*{  4149} + 1*{  0145} + -1*{ 61 86} + -1*{ 64 89} = 0 

-0.166667*{} + 1*{259259} + 1*{258258} = 0 

1*{ 87152} + 0.166667*{} + -1*{258} + 1*{  2 67} + 1*{ 86151} + 1*{  4 69} + 1*{  0 65} + 1*{  1 66} + 1*{  3 68} + 1*{ 88153} + 1*{ 89154} + 1*{ 85150} = 0 

1*{  1151} + -1*{ 66 86} + 1*{  3153} + -1*{259} + -1*{ 67 87} + -1*{ 68 88} + 1*{  2152} + -1*{ 69 89} + 1*{  4154} + -1*{ 65 85} + 1*{  0150} = 0 

-0.166667*{} + 1*{261261} + 1*{260260} = 0 

1*{ 88158} + 1*{ 86156} + 1*{ 85155} + 1*{ 87157} + 1*{  0 70} + 1*{  1 71} + 1*{ 89159} + -1*{260} + 0.166667*{} + 1*{  3 73} + 1*{  4 74} + 1*{  2 72} = 0 

1*{  0155} + -1*{261} + 1*{  4159} + -1*{ 70 85} + -1*{ 72 87} + -1*{ 74 89} + 1*{  1156} + -1*{ 71 86} + 1*{  3158} + 1*{  2157} + -1*{ 73 88} = 0 

-0.166667*{} + 1*{263263} + 1*{262262} = 0 

1*{  2 77} + 0.166667*{} + 1*{ 88163} + 1*{ 89164} + -1*{262} + 1*{  1 76} + 1*{ 85160} + 1*{  3 78} + 1*{ 87162} + 1*{ 86161} + 1*{  4 79} + 1*{  0 75} = 0 

-1*{ 77 87} + -1*{ 76 86} + 1*{  3163} + -1*{263} + -1*{ 75 85} + 1*{  2162} + -1*{ 78 88} + 1*{  4164} + 1*{  1161} + 1*{  0160} + -1*{ 79 89} = 0 

-0.166667*{} + 1*{265265} + 1*{264264} = 0 

1*{ 89169} + -1*{264} + 1*{  2 82} + 1*{ 86166} + 1*{ 85165} + 1*{  0 80} + 1*{  1 81} + 1*{  3 83} + 1*{ 87167} + 0.166667*{} + 1*{ 88168} + 1*{  4 84} = 0 

-1*{ 81 86} + 1*{  0165} + -1*{265} + -1*{ 83 88} + -1*{ 80 85} + 1*{  3168} + -1*{ 82 87} + 1*{  2167} + -1*{ 84 89} + 1*{  1166} + 1*{  4169} = 0 

-0.166667*{} + 1*{267267} + 1*{266266} = 0 

1*{ 91141} + 1*{ 94144} + 1*{  6 56} + 1*{  5 55} + 1*{  7 57} + 1*{ 92142} + 1*{  8 58} + -1*{266} + 1*{ 90140} + 1*{  9 59} + 1*{ 93143} + 0.166667*{} = 0 

-1*{ 55 90} + -1*{267} + 1*{  9144} + -1*{ 59 94} + 1*{  6141} + -1*{ 57 92} + 1*{  8143} + -1*{ 56 91} + 1*{  7142} + -1*{ 58 93} + 1*{  5140} = 0 

-0.166667*{} + 1*{269269} + 1*{268268} = 0 

1*{ 93148} + 1*{  8 63} + 1*{ 92147} + 1*{ 90145} + 1*{  9 64} + -1*{268} + 1*{ 91146} + 1*{  6 61} + 1*{  5 60} + 1*{ 94149} + 1*{  7 62} + 0.166667*{} = 0 

-1*{ 61 91} + -1*{ 64 94} + -1*{ 63 93} + -1*{269} + -1*{ 62 92} + -1*{ 60 90} + 1*{  9149} + 1*{  8148} + 1*{  7147} + 1*{  5145} + 1*{  6146} = 0 

-0.166667*{} + 1*{271271} + 1*{270270} = 0 

1*{  9 69} + 0.166667*{} + -1*{270} + 1*{ 91151} + 1*{  8 68} + 1*{ 93153} + 1*{  5 65} + 1*{ 92152} + 1*{  6 66} + 1*{ 90150} + 1*{  7 67} + 1*{ 94154} = 0 

-1*{ 65 90} + 1*{  8153} + 1*{  5150} + 1*{  9154} + -1*{ 69 94} + -1*{ 66 91} + -1*{271} + -1*{ 68 93} + 1*{  6151} + -1*{ 67 92} + 1*{  7152} = 0 

-0.166667*{} + 1*{273273} + 1*{272272} = 0 

1*{  6 71} + 0.166667*{} + 1*{  7 72} + 1*{ 90155} + 1*{ 91156} + -1*{272} + 1*{ 94159} + 1*{ 93158} + 1*{ 92157} + 1*{  8 73} + 1*{  9 74} + 1*{  5 70} = 0 

1*{  8158} + -1*{ 71 91} + 1*{  5155} + 1*{  9159} + -1*{ 70 90} + 1*{  7157} + -1*{ 72 92} + -1*{ 73 93} + -1*{273} + -1*{ 74 94} + 1*{  6156} = 0 

-0.166667*{} + 1*{275275} + 1*{274274} = 0 

1*{ 94164} + 1*{  7 77} + 1*{ 93163} + 1*{ 91161} + -1*{274} + 1*{ 90160} + 1*{ 92162} + 1*{  6 76} + 1*{  9 79} + 1*{  8 78} + 0.166667*{} + 1*{  5 75} = 0 

-1*{275} + -1*{ 76 91} + 1*{  6161} + 1*{  8163} + -1*{ 75 90} + 1*{  9164} + -1*{ 79 94} + 1*{  5160} + -1*{ 78 93} + 1*{  7162} + -1*{ 77 92} = 0 

-0.166667*{} + 1*{277277} + 1*{276276} = 0 

1*{  9 84} + 1*{ 94169} + 1*{ 91166} + -1*{276} + 1*{  5 80} + 0.166667*{} + 1*{  7 82} + 1*{ 90165} + 1*{  6 81} + 1*{  8 83} + 1*{ 92167} + 1*{ 93168} = 0 

1*{  9169} + 1*{  6166} + -1*{ 83 93} + 1*{  8168} + -1*{ 82 92} + -1*{ 84 94} + 1*{  5165} + -1*{277} + 1*{  7167} + -1*{ 81 91} + -1*{ 80 90} = 0 

-0.166667*{} + 1*{279279} + 1*{278278} = 0 

1*{ 98143} + 1*{ 11 56} + 1*{ 96141} + 1*{ 14 59} + 1*{ 97142} + 1*{ 10 55} + 1*{ 95140} + 1*{ 99144} + 1*{ 12 57} + 0.166667*{} + -1*{278} + 1*{ 13 58} = 0 

-1*{279} + 1*{ 11141} + -1*{ 55 95} + -1*{ 56 96} + 1*{ 13143} + 1*{ 14144} + 1*{ 12142} + -1*{ 58 98} + -1*{ 57 97} + 1*{ 10140} + -1*{ 59 99} = 0 

-0.166667*{} + 1*{281281} + 1*{280280} = 0 

1*{ 11 61} + 1*{ 99149} + 1*{ 12 62} + 1*{ 95145} + 1*{ 10 60} + 1*{ 97147} + 1*{ 14 64} + 1*{ 96146} + -1*{280} + 1*{ 98148} + 0.166667*{} + 1*{ 13 63} = 0 

1*{ 12147} + -1*{ 60 95} + 1*{ 11146} + 1*{ 14149} + -1*{ 62 97} + 1*{ 13148} + -1*{ 61 96} + -1*{ 64 99} + -1*{281} + -1*{ 63 98} + 1*{ 10145} = 0 

1*{283283} + -0.166667*{} + 1*{282282} = 0 

1*{ 13 68} + 1*{ 10 65} + 1*{ 96151} + 1*{ 11 66} + 1*{ 12 67} + 0.166667*{} + 1*{ 99154} + 1*{ 95150} + 1*{ 14 69} + 1*{ 98153} + -1*{282} + 1*{ 97152} = 0 

1*{ 13153} + 1*{ 12152} + -1*{ 67 97} + 1*{ 10150} + -1*{ 69 99} + -1*{ 66 96} + 1*{ 14154} + 1*{ 11151} + -1*{ 68 98} + -1*{ 65 95} + -1*{283} = 0 

-0.166667*{} + 1*{285285} + 1*{284284} = 0 

1*{ 97157} + 1*{ 99159} + 0.166667*{} + 1*{ 13 73} + 1*{ 96156} + 1*{ 11 71} + 1*{ 98158} + 1*{ 95155} + 1*{ 10 70} + 1*{ 14 74} + -1*{284} + 1*{ 12 72} = 0 

-1*{ 72 97} + 1*{ 13158} + -1*{ 73 98} + -1*{ 71 96} + 1*{ 11156} + 1*{ 14159} + -1*{285} + 1*{ 10155} + -1*{ 70 95} + 1*{ 12157} + -1*{ 74 99} = 0 

-0.166667*{} + 1*{287287} + 1*{286286} = 0 

1*{ 13 78} + 1*{ 14 79} + 1*{ 96161} + -1*{286} + 1*{ 99164} + 1*{ 11 76} + 1*{ 10 75} + 1*{ 98163} + 1*{ 12 77} + 0.166667*{} + 1*{ 97162} + 1*{ 95160} = 0 

1*{ 14164} + -1*{ 78 98} + -1*{ 79 99} + -1*{287} + -1*{ 77 97} + -1*{ 76 96} + 1*{ 11161} + 1*{ 12162} + 1*{ 10160} + -1*{ 75 95} + 1*{ 13163} = 0 

1*{289289} + 1*{288288} + -0.166667*{} = 0 

1*{ 95165} + 1*{ 14 84} + 1*{ 97167} + 1*{ 98168} + -1*{288} + 1*{ 99169} + 1*{ 12 82} + 1*{ 13 83} + 0.166667*{} + 1*{ 96166} + 1*{ 11 81} + 1*{ 10 80} = 0 

-1*{ 82 97} + 1*{ 11166} + 1*{ 14169} + 1*{ 12167} + -1*{ 84 99} + -1*{ 83 98} + 1*{ 13168} + 1*{ 10165} + -1*{289} + -1*{ 80 95} + -1*{ 81 96} = 0 

-0.166667*{} + 1*{290290} + 1*{291291} = 0 

1*{ 18 58} + 1*{101141} + 1*{ 15 55} + 1*{ 19 59} + 1*{103143} + 1*{ 16 56} + 0.166667*{} + 1*{100140} + -1*{290} + 1*{ 17 57} + 1*{104144} + 1*{102142} = 0 

-1*{ 58103} + -1*{ 56101} + 1*{ 19144} + -1*{291} + 1*{ 17142} + -1*{ 59104} + -1*{ 55100} + -1*{ 57102} + 1*{ 18143} + 1*{ 16141} + 1*{ 15140} = 0 

1*{293293} + -0.166667*{} + 1*{292292} = 0 

1*{100145} + 1*{101146} + 1*{ 18 63} + 1*{104149} + 1*{102147} + 1*{103148} + -1*{292} + 1*{ 16 61} + 1*{ 15 60} + 1*{ 17 62} + 0.166667*{} + 1*{ 19 64} = 0 

1*{ 15145} + 1*{ 17147} + -1*{ 63103} + 1*{ 19149} + -1*{293} + -1*{ 60100} + -1*{ 61101} + 1*{ 18148} + 1*{ 16146} + -1*{ 62102} + -1*{ 64104} = 0 

-0.166667*{} + 1*{295295} + 1*{294294} = 0 

1*{ 17 67} + -1*{294} + 0.166667*{} + 1*{ 18 68} + 1*{102152} + 1*{104154} + 1*{101151} + 1*{ 16 66} + 1*{ 19 69} + 1*{100150} + 1*{ 15 65} + 1*{103153} = 0 

1*{ 15150} + -1*{ 69104} + -1*{295} + 1*{ 19154} + -1*{ 65100} + 1*{ 16151} + -1*{ 68103} + -1*{ 67102} + 1*{ 18153} + -1*{ 66101} + 1*{ 17152} = 0 

-0.166667*{} + 1*{297297} + 1*{296296} = 0 

1*{ 16 71} + 1*{103158} + 1*{100155} + 0.166667*{} + -1*{296} + 1*{ 15 70} + 1*{101156} + 1*{ 17 72} + 1*{102157} + 1*{ 19 74} + 1*{104159} + 1*{ 18 73} = 0 

-1*{ 74104} + -1*{297} + 1*{ 18158} + -1*{ 72102} + -1*{ 70100} + 1*{ 16156} + -1*{ 71101} + 1*{ 17157} + 1*{ 19159} + 1*{ 15155} + -1*{ 73103} = 0 

1*{299299} + -0.166667*{} + 1*{298298} = 0 

1*{101161} + 1*{ 16 76} + 0.166667*{} + 1*{104164} + 1*{102162} + 1*{100160} + 1*{ 19 79} + -1*{298} + 1*{ 18 78} + 1*{103163} + 1*{ 15 75} + 1*{ 17 77} = 0 

-1*{ 79104} + -1*{299} + 1*{ 15160} + 1*{ 18163} + -1*{ 77102} + 1*{ 19164} + -1*{ 78103} + 1*{ 16161} + -1*{ 76101} + -1*{ 75100} + 1*{ 17162} = 0 

-0.166667*{} + 1*{301301} + 1*{300300} = 0 

1*{ 18 83} + 1*{ 15 80} + 1*{100165} + 0.166667*{} + 1*{ 16 81} + -1*{300} + 1*{102167} + 1*{103168} + 1*{101166} + 1*{ 19 84} + 1*{ 17 82} + 1*{104169} = 0 

-1*{ 81101} + 1*{ 17167} + -1*{ 80100} + -1*{ 84104} + 1*{ 16166} + -1*{ 83103} + 1*{ 15165} + 1*{ 18168} + 1*{ 19169} + -1*{ 82102} + -1*{301} = 0 

1*{303303} + -0.166667*{} + 1*{302302} = 0 

1*{109144} + 1*{105140} + 1*{ 22 57} + 1*{106141} + 0.166667*{} + 1*{ 23 58} + 1*{108143} + -1*{302} + 1*{ 24 59} + 1*{ 20 55} + 1*{107142} + 1*{ 21 56} = 0 

-1*{ 59109} + -1*{ 56106} + 1*{ 21141} + 1*{ 20140} + -1*{303} + 1*{ 24144} + 1*{ 23143} + 1*{ 22142} + -1*{ 57107} + -1*{ 55105} + -1*{ 58108} = 0 

-0.166667*{} + 1*{305305} + 1*{304304} = 0 

1*{107147} + 1*{108148} + -1*{304} + 1*{ 22 62} + 1*{ 20 60} + 1*{ 24 64} + 1*{106146} + 1*{ 21 61} + 1*{109149} + 1*{ 23 63} + 0.166667*{} + 1*{105145} = 0 

-1*{ 62107} + 1*{ 21146} + 1*{ 23148} + 1*{ 20145} + -1*{ 60105} + -1*{ 61106} + 1*{ 22147} + -1*{ 64109} + 1*{ 24149} + -1*{305} + -1*{ 63108} = 0 

-0.166667*{} + 1*{307307} + 1*{306306} = 0 

0.166667*{} + 1*{109154} + 1*{ 20 65} + 1*{ 23 68} + 1*{107152} + 1*{ 21 66} + 1*{108153} + 1*{106151} + -1*{306} + 1*{105150} + 1*{ 24 69} + 1*{ 22 67} = 0 

-1*{ 65105} + -1*{ 68108} + 1*{ 24154} + -1*{ 69109} + -1*{307} + -1*{ 67107} + -1*{ 66106} + 1*{ 21151} + 1*{ 23153} + 1*{ 20150} + 1*{ 22152} = 0 

-0.166667*{} + 1*{309309} + 1*{308308} = 0 

0.166667*{} + 1*{ 24 74} + -1*{308} + 1*{107157} + 1*{105155} + 1*{106156} + 1*{ 22 72} + 1*{108158} + 1*{ 23 73} + 1*{109159} + 1*{ 21 71} + 1*{ 20 70} = 0 

1*{ 23158} + 1*{ 24159} + 1*{ 22157} + 1*{ 20155} + -1*{ 71106} + -1*{ 70105} + -1*{ 72107} + -1*{ 73108} + -1*{ 74109} + 1*{ 21156} + -1*{309} = 0 

-0.166667*{} + 1*{311311} + 1*{310310} = 0 

1*{ 22 77} + 1*{105160} + 0.166667*{} + 1*{ 20 75} + 1*{ 23 78} + 1*{106161} + 1*{109164} + -1*{310} + 1*{108163} + 1*{ 21 76} + 1*{ 24 79} + 1*{107162} = 0 

1*{ 23163} + 1*{ 20160} + 1*{ 22162} + -1*{ 76106} + -1*{ 77107} + 1*{ 24164} + -1*{ 75105} + -1*{311} + -1*{ 79109} + -1*{ 78108} + 1*{ 21161} = 0 

-0.166667*{} + 1*{313313} + 1*{312312} = 0 

-1*{312} + 1*{107167} + 1*{105165} + 0.166667*{} + 1*{108168} + 1*{ 23 83} + 1*{ 21 81} + 1*{ 20 80} + 1*{106166} + 1*{109169} + 1*{ 24 84} + 1*{ 22 82} = 0 

1*{ 24169} + -1*{ 81106} + -1*{313} + 1*{ 23168} + 1*{ 22167} + 1*{ 20165} + -1*{ 83108} + -1*{ 80105} + -1*{ 84109} + 1*{ 21166} + -1*{ 82107} = 0 

-0.166667*{} + 1*{315315} + 1*{314314} = 0 

1*{ 28 58} + 1*{ 27 57} + 1*{110140} + 1*{ 29 59} + 1*{ 26 56} + 1*{112142} + -1*{314} + 1*{111141} + 0.166667*{} + 1*{ 25 55} + 1*{113143} + 1*{114144} = 0 

1*{ 28143} + -1*{ 57112} + -1*{ 55110} + -1*{315} + 1*{ 25140} + 1*{ 29144} + -1*{ 59114} + -1*{ 58113} + 1*{ 26141} + -1*{ 56111} + 1*{ 27142} = 0 

-0.166667*{} + 1*{317317} + 1*{316316} = 0 

-1*{316} + 1*{ 28 63} + 0.166667*{} + 1*{ 26 61} + 1*{111146} + 1*{ 25 60} + 1*{112147} + 1*{114149} + 1*{110145} + 1*{ 27 62} + 1*{ 29 64} + 1*{113148} = 0 

-1*{ 64114} + 1*{ 29149} + -1*{317} + 1*{ 25145} + -1*{ 61111} + -1*{ 60110} + 1*{ 26146} + 1*{ 27147} + -1*{ 63113} + -1*{ 62112} + 1*{ 28148} = 0 

1*{319319} + -0.166667*{} + 1*{318318} = 0 

1*{ 29 69} + 1*{112152} + 1*{ 25 65} + 1*{ 28 68} + -1*{318} + 1*{114154} + 0.166667*{} + 1*{110150} + 1*{ 27 67} + 1*{ 26 66} + 1*{111151} + 1*{113153} = 0 

1*{ 26151} + -1*{ 69114} + -1*{ 68113} + 1*{ 29154} + -1*{ 67112} + -1*{ 66111} + 1*{ 28153} + 1*{ 25150} + -1*{ 65110} + -1*{319} + 1*{ 27152} = 0 

-0.166667*{} + 1*{321321} + 1*{320320} = 0 

1*{ 27 72} + 1*{113158} + -1*{320} + 1*{ 25 70} + 1*{114159} + 1*{ 26 71} + 1*{ 29 74} + 1*{110155} + 1*{111156} + 0.166667*{} + 1*{ 28 73} + 1*{112157} = 0 

1*{ 28158} + -1*{ 71111} + -1*{ 72112} + -1*{ 74114} + 1*{ 25155} + 1*{ 29159} + 1*{ 27157} + 1*{ 26156} + -1*{ 70110} + -1*{321} + -1*{ 73113} = 0 

-0.166667*{} + 1*{323323} + 1*{322322} = 0 

1*{ 26 76} + 1*{ 28 78} + 1*{ 27 77} + -1*{322} + 1*{114164} + 0.166667*{} + 1*{111161} + 1*{ 29 79} + 1*{112162} + 1*{113163} + 1*{ 25 75} + 1*{110160} = 0 

1*{ 29164} + -1*{ 75110} + -1*{ 76111} + -1*{ 79114} + 1*{ 25160} + -1*{ 77112} + 1*{ 27162} + 1*{ 26161} + 1*{ 28163} + -1*{323} + -1*{ 78113} = 0 

-0.166667*{} + 1*{325325} + 1*{324324} = 0 

1*{ 29 84} + 1*{114169} + 1*{ 27 82} + 1*{ 26 81} + -1*{324} + 0.166667*{} + 1*{ 25 80} + 1*{112167} + 1*{111166} + 1*{110165} + 1*{ 28 83} + 1*{113168} = 0 

-1*{ 84114} + 1*{ 26166} + -1*{325} + 1*{ 27167} + 1*{ 29169} + -1*{ 83113} + -1*{ 80110} + 1*{ 25165} + 1*{ 28168} + -1*{ 82112} + -1*{ 81111} = 0 

-0.166667*{} + 1*{327327} + 1*{326326} = 0 

1*{ 34 59} + 1*{116141} + -1*{326} + 1*{119144} + 1*{ 33 58} + 1*{115140} + 0.166667*{} + 1*{ 32 57} + 1*{117142} + 1*{118143} + 1*{ 31 56} + 1*{ 30 55} = 0 

1*{ 31141} + -1*{ 55115} + -1*{ 59119} + -1*{ 56116} + 1*{ 33143} + -1*{327} + 1*{ 32142} + 1*{ 30140} + 1*{ 34144} + -1*{ 58118} + -1*{ 57117} = 0 

-0.166667*{} + 1*{329329} + 1*{328328} = 0 

1*{ 31 61} + 1*{115145} + 1*{ 30 60} + 1*{ 32 62} + 0.166667*{} + 1*{117147} + -1*{328} + 1*{ 33 63} + 1*{116146} + 1*{119149} + 1*{118148} + 1*{ 34 64} = 0 

-1*{ 64119} + -1*{329} + -1*{ 63118} + -1*{ 61116} + 1*{ 33148} + 1*{ 31146} + 1*{ 30145} + -1*{ 62117} + 1*{ 34149} + -1*{ 60115} + 1*{ 32147} = 0 

-0.166667*{} + 1*{331331} + 1*{330330} = 0 

-1*{330} + 1*{115150} + 1*{ 30 65} + 1*{ 34 69} + 0.166667*{} + 1*{118153} + 1*{119154} + 1*{ 32 67} + 1*{117152} + 1*{ 33 68} + 1*{ 31 66} + 1*{116151} = 0 

1*{ 32152} + -1*{ 65115} + 1*{ 31151} + -1*{ 67117} + 1*{ 30150} + -1*{331} + 1*{ 33153} + -1*{ 68118} + 1*{ 34154} + -1*{ 69119} + -1*{ 66116} = 0 

-0.166667*{} + 1*{333333} + 1*{332332} = 0 

1*{119159} + -1*{332} + 1*{ 30 70} + 1*{ 31 71} + 1*{ 32 72} + 1*{ 33 73} + 1*{115155} + 1*{118158} + 1*{116156} + 1*{ 34 74} + 1*{117157} + 0.166667*{} = 0 

-1*{ 74119} + -1*{ 71116} + 1*{ 31156} + -1*{333} + -1*{ 73118} + 1*{ 30155} + 1*{ 34159} + -1*{ 70115} + 1*{ 32157} + 1*{ 33158} + -1*{ 72117} = 0 

-0.166667*{} + 1*{335335} + 1*{334334} = 0 

1*{118163} + 1*{116161} + 1*{ 31 76} + 1*{115160} + 1*{ 30 75} + 0.166667*{} + 1*{ 32 77} + 1*{119164} + 1*{ 34 79} + -1*{334} + 1*{ 33 78} + 1*{117162} = 0 

-1*{ 79119} + 1*{ 30160} + 1*{ 31161} + 1*{ 32162} + 1*{ 34164} + -1*{335} + -1*{ 78118} + -1*{ 76116} + 1*{ 33163} + -1*{ 75115} + -1*{ 77117} = 0 

-0.166667*{} + 1*{337337} + 1*{336336} = 0 

1*{ 34 84} + 1*{ 32 82} + 1*{119169} + 0.166667*{} + 1*{117167} + 1*{116166} + 1*{118168} + 1*{115165} + 1*{ 31 81} + -1*{336} + 1*{ 30 80} + 1*{ 33 83} = 0 

1*{ 30165} + -1*{ 84119} + -1*{ 80115} + -1*{337} + -1*{ 81116} + 1*{ 31166} + -1*{ 82117} + 1*{ 33168} + -1*{ 83118} + 1*{ 34169} + 1*{ 32167} = 0 

-0.166667*{} + 1*{339339} + 1*{338338} = 0 

-1*{338} + 1*{124144} + 1*{123143} + 1*{120140} + 1*{ 39 59} + 0.166667*{} + 1*{121141} + 1*{ 35 55} + 1*{122142} + 1*{ 37 57} + 1*{ 36 56} + 1*{ 38 58} = 0 

1*{ 39144} + -1*{339} + 1*{ 38143} + -1*{ 59124} + 1*{ 37142} + -1*{ 55120} + 1*{ 35140} + -1*{ 57122} + -1*{ 58123} + -1*{ 56121} + 1*{ 36141} = 0 

1*{341341} + -0.166667*{} + 1*{340340} = 0 

1*{ 36 61} + 1*{120145} + 1*{ 37 62} + 0.166667*{} + 1*{122147} + 1*{123148} + 1*{121146} + -1*{340} + 1*{ 39 64} + 1*{ 35 60} + 1*{124149} + 1*{ 38 63} = 0 

-1*{ 64124} + -1*{ 60120} + 1*{ 37147} + -1*{ 63123} + 1*{ 35145} + -1*{341} + -1*{ 61121} + 1*{ 36146} + -1*{ 62122} + 1*{ 39149} + 1*{ 38148} = 0 

-0.166667*{} + 1*{343343} + 1*{342342} = 0 

-1*{342} + 1*{ 36 66} + 1*{121151} + 1*{120150} + 1*{122152} + 1*{123153} + 1*{ 35 65} + 1*{ 39 69} + 1*{124154} + 1*{ 38 68} + 0.166667*{} + 1*{ 37 67} = 0 

1*{ 35150} + -1*{ 69124} + 1*{ 37152} + 1*{ 36151} + -1*{ 67122} + -1*{ 65120} + 1*{ 39154} + 1*{ 38153} + -1*{ 68123} + -1*{ 66121} + -1*{343} = 0 

-0.166667*{} + 1*{345345} + 1*{344344} = 0 

0.166667*{} + -1*{344} + 1*{120155} + 1*{123158} + 1*{ 37 72} + 1*{122157} + 1*{ 36 71} + 1*{124159} + 1*{ 39 74} + 1*{ 38 73} + 1*{ 35 70} + 1*{121156} = 0 

-1*{ 71121} + -1*{ 74124} + 1*{ 39159} + 1*{ 37157} + 1*{ 38158} + -1*{345} + 1*{ 36156} + -1*{ 72122} + -1*{ 70120} + 1*{ 35155} + -1*{ 73123} = 0 

-0.166667*{} + 1*{347347} + 1*{346346} = 0 

-1*{346} + 1*{123163} + 1*{ 36 76} + 1*{121161} + 1*{ 39 79} + 1*{ 35 75} + 0.166667*{} + 1*{120160} + 1*{ 38 78} + 1*{124164} + 1*{122162} + 1*{ 37 77} = 0 

-1*{ 78123} + -1*{ 77122} + -1*{347} + -1*{ 79124} + 1*{ 35160} + 1*{ 38163} + -1*{ 76121} + 1*{ 39164} + -1*{ 75120} + 1*{ 36161} + 1*{ 37162} = 0 

-0.166667*{} + 1*{349349} + 1*{348348} = 0 

1*{123168} + 1*{ 35 80} + 0.166667*{} + 1*{122167} + 1*{120165} + 1*{121166} + 1*{ 38 83} + 1*{ 36 81} + 1*{ 37 82} + -1*{348} + 1*{124169} + 1*{ 39 84} = 0 

-1*{ 81121} + 1*{ 38168} + -1*{349} + 1*{ 37167} + -1*{ 80120} + 1*{ 36166} + -1*{ 82122} + 1*{ 39169} + -1*{ 83123} + -1*{ 84124} + 1*{ 35165} = 0 

-0.166667*{} + 1*{351351} + 1*{350350} = 0 

1*{ 44 59} + 1*{ 40 55} + 1*{128143} + 1*{127142} + 1*{126141} + 1*{ 42 57} + -1*{350} + 0.166667*{} + 1*{ 41 56} + 1*{129144} + 1*{125140} + 1*{ 43 58} = 0 

-1*{ 55125} + -1*{351} + 1*{ 43143} + -1*{ 56126} + -1*{ 57127} + -1*{ 58128} + 1*{ 40140} + -1*{ 59129} + 1*{ 41141} + 1*{ 42142} + 1*{ 44144} = 0 

-0.166667*{} + 1*{353353} + 1*{352352} = 0 

1*{ 44 64} + 1*{ 43 63} + 1*{ 41 61} + -1*{352} + 1*{129149} + 1*{126146} + 1*{ 40 60} + 0.166667*{} + 1*{125145} + 1*{128148} + 1*{127147} + 1*{ 42 62} = 0 

1*{ 40145} + 1*{ 43148} + 1*{ 42147} + -1*{353} + -1*{ 60125} + -1*{ 62127} + -1*{ 64129} + 1*{ 44149} + 1*{ 41146} + -1*{ 63128} + -1*{ 61126} = 0 

-0.166667*{} + 1*{354354} + 1*{355355} = 0 

1*{ 44 69} + 1*{ 40 65} + 1*{ 41 66} + 1*{128153} + 1*{125150} + 1*{129154} + 1*{ 42 67} + -1*{354} + 1*{127152} + 1*{ 43 68} + 1*{126151} + 0.166667*{} = 0 

-1*{ 65125} + 1*{ 40150} + 1*{ 43153} + -1*{ 67127} + -1*{355} + -1*{ 66126} + 1*{ 41151} + 1*{ 44154} + 1*{ 42152} + -1*{ 69129} + -1*{ 68128} = 0 

-0.166667*{} + 1*{357357} + 1*{356356} = 0 

1*{125155} + 1*{ 41 71} + 0.166667*{} + 1*{ 42 72} + 1*{126156} + 1*{127157} + 1*{ 44 74} + 1*{ 43 73} + 1*{ 40 70} + -1*{356} + 1*{129159} + 1*{128158} = 0 

-1*{ 74129} + -1*{ 72127} + 1*{ 43158} + 1*{ 44159} + -1*{357} + -1*{ 70125} + 1*{ 41156} + -1*{ 71126} + 1*{ 40155} + 1*{ 42157} + -1*{ 73128} = 0 

-0.166667*{} + 1*{359359} + 1*{358358} = 0 

1*{126161} + 1*{125160} + 1*{ 41 76} + 1*{129164} + 1*{ 44 79} + 1*{127162} + 0.166667*{} + 1*{128163} + 1*{ 42 77} + 1*{ 43 78} + -1*{358} + 1*{ 40 75} = 0 

-1*{ 77127} + 1*{ 40160} + -1*{ 79129} + -1*{ 78128} + -1*{ 75125} + -1*{359} + 1*{ 44164} + 1*{ 43163} + -1*{ 76126} + 1*{ 42162} + 1*{ 41161} = 0 

1*{361361} + -0.166667*{} + 1*{360360} = 0 

1*{ 43 83} + 1*{129169} + 1*{ 41 81} + 1*{ 40 80} + 1*{ 44 84} + 1*{126166} + 1*{127167} + 1*{ 42 82} + 0.166667*{} + 1*{128168} + -1*{360} + 1*{125165} = 0 

-1*{ 83128} + 1*{ 40165} + 1*{ 41166} + -1*{ 82127} + -1*{ 81126} + -1*{ 80125} + -1*{ 84129} + 1*{ 44169} + 1*{ 43168} + -1*{361} + 1*{ 42167} = 0 

-0.166667*{} + 1*{363363} + 1*{362362} = 0 

0.166667*{} + -1*{362} + 1*{134144} + 1*{130140} + 1*{ 48 58} + 1*{ 45 55} + 1*{ 46 56} + 1*{ 47 57} + 1*{133143} + 1*{132142} + 1*{131141} + 1*{ 49 59} = 0 

-1*{ 57132} + 1*{ 46141} + -1*{ 55130} + -1*{363} + 1*{ 45140} + -1*{ 58133} + 1*{ 48143} + -1*{ 56131} + 1*{ 49144} + 1*{ 47142} + -1*{ 59134} = 0 

-0.166667*{} + 1*{365365} + 1*{364364} = 0 

1*{ 48 63} + -1*{364} + 1*{ 47 62} + 1*{ 45 60} + 0.166667*{} + 1*{132147} + 1*{ 46 61} + 1*{131146} + 1*{ 49 64} + 1*{134149} + 1*{133148} + 1*{130145} = 0 

1*{ 48148} + 1*{ 45145} + -1*{ 63133} + -1*{ 60130} + -1*{ 64134} + -1*{ 61131} + 1*{ 47147} + 1*{ 46146} + -1*{365} + -1*{ 62132} + 1*{ 49149} = 0 

-0.166667*{} + 1*{367367} + 1*{366366} = 0 

1*{134154} + 1*{131151} + 1*{ 45 65} + 1*{ 48 68} + -1*{366} + 1*{132152} + 1*{ 46 66} + 1*{ 49 69} + 1*{133153} + 1*{130150} + 1*{ 47 67} + 0.166667*{} = 0 

-1*{ 69134} + -1*{ 66131} + 1*{ 49154} + -1*{ 65130} + 1*{ 45150} + 1*{ 47152} + 1*{ 46151} + -1*{ 67132} + 1*{ 48153} + -1*{ 68133} + -1*{367} = 0 

-0.166667*{} + 1*{369369} + 1*{368368} = 0 

1*{ 46 71} + 1*{ 49 74} + 1*{ 47 72} + 1*{130155} + 1*{ 48 73} + 1*{ 45 70} + 1*{133158} + 1*{131156} + 0.166667*{} + 1*{132157} + 1*{134159} + -1*{368} = 0 

-1*{ 73133} + -1*{369} + -1*{ 72132} + 1*{ 46156} + 1*{ 48158} + 1*{ 49159} + -1*{ 70130} + -1*{ 74134} + 1*{ 45155} + 1*{ 47157} + -1*{ 71131} = 0 

-0.166667*{} + 1*{371371} + 1*{370370} = 0 

-1*{370} + 1*{ 45 75} + 1*{ 46 76} + 1*{ 48 78} + 1*{131161} + 0.166667*{} + 1*{130160} + 1*{133163} + 1*{134164} + 1*{ 49 79} + 1*{ 47 77} + 1*{132162} = 0 

1*{ 48163} + 1*{ 45160} + -1*{ 77132} + -1*{ 79134} + -1*{371} + 1*{ 47162} + -1*{ 78133} + -1*{ 76131} + 1*{ 49164} + -1*{ 75130} + 1*{ 46161} = 0 

-0.166667*{} + 1*{373373} + 1*{372372} = 0 

1*{ 48 83} + 1*{ 49 84} + 0.166667*{} + 1*{134169} + 1*{133168} + 1*{130165} + 1*{ 45 80} + 1*{ 47 82} + -1*{372} + 1*{131166} + 1*{132167} + 1*{ 46 81} = 0 

-1*{ 83133} + -1*{ 84134} + 1*{ 47167} + -1*{ 81131} + 1*{ 48168} + 1*{ 46166} + -1*{373} + -1*{ 80130} + 1*{ 49169} + -1*{ 82132} + 1*{ 45165} = 0 

1*{375375} + -0.166667*{} + 1*{374374} = 0 

1*{135140} + 1*{138143} + 1*{ 52 57} + 1*{139144} + 1*{ 51 56} + 1*{136141} + 0.166667*{} + 1*{ 50 55} + 1*{ 53 58} + 1*{137142} + 1*{ 54 59} + -1*{374} = 0 

-1*{ 55135} + 1*{ 50140} + 1*{ 51141} + -1*{375} + -1*{ 59139} + -1*{ 58138} + 1*{ 53143} + 1*{ 54144} + -1*{ 57137} + 1*{ 52142} + -1*{ 56136} = 0 

-0.166667*{} + 1*{377377} + 1*{376376} = 0 

1*{ 52 62} + 1*{138148} + 1*{137147} + 0.166667*{} + 1*{135145} + -1*{376} + 1*{136146} + 1*{ 50 60} + 1*{ 53 63} + 1*{139149} + 1*{ 51 61} + 1*{ 54 64} = 0 

-1*{ 64139} + 1*{ 53148} + -1*{ 63138} + -1*{ 61136} + 1*{ 51146} + -1*{ 60135} + -1*{377} + -1*{ 62137} + 1*{ 50145} + 1*{ 52147} + 1*{ 54149} = 0 

-0.166667*{} + 1*{379379} + 1*{378378} = 0 

1*{135150} + 1*{ 53 68} + 1*{139154} + 1*{ 52 67} + 1*{ 50 65} + 1*{136151} + 1*{137152} + 1*{138153} + 0.166667*{} + 1*{ 54 69} + 1*{ 51 66} + -1*{378} = 0 

1*{ 53153} + 1*{ 52152} + 1*{ 50150} + -1*{ 67137} + -1*{ 65135} + -1*{ 69139} + -1*{ 68138} + 1*{ 51151} + -1*{379} + -1*{ 66136} + 1*{ 54154} = 0 

1*{381381} + -0.166667*{} + 1*{380380} = 0 

1*{136156} + 1*{135155} + 1*{139159} + 1*{ 54 74} + 1*{ 51 71} + 0.166667*{} + 1*{137157} + 1*{ 52 72} + -1*{380} + 1*{138158} + 1*{ 53 73} + 1*{ 50 70} = 0 

-1*{ 74139} + -1*{ 71136} + 1*{ 50155} + -1*{ 72137} + -1*{ 70135} + -1*{ 73138} + 1*{ 53158} + 1*{ 52157} + 1*{ 54159} + -1*{381} + 1*{ 51156} = 0 

-0.166667*{} + 1*{383383} + 1*{382382} = 0 

1*{135160} + 1*{ 50 75} + 1*{138163} + 1*{136161} + 1*{ 53 78} + 1*{139164} + -1*{382} + 1*{ 51 76} + 0.166667*{} + 1*{ 54 79} + 1*{ 52 77} + 1*{137162} = 0 

1*{ 50160} + -1*{ 75135} + -1*{ 79139} + 1*{ 54164} + -1*{383} + -1*{ 78138} + 1*{ 51161} + -1*{ 76136} + 1*{ 52162} + -1*{ 77137} + 1*{ 53163} = 0 

-0.166667*{} + 1*{385385} + 1*{384384} = 0 

1*{139169} + 1*{ 50 80} + 1*{137167} + 1*{138168} + 1*{ 54 84} + 1*{ 51 81} + 1*{136166} + -1*{384} + 1*{ 52 82} + 1*{135165} + 0.166667*{} + 1*{ 53 83} = 0 

1*{ 52167} + -1*{ 83138} + -1*{ 81136} + 1*{ 50165} + 1*{ 51166} + 1*{ 54169} + -1*{ 84139} + -1*{385} + -1*{ 80135} + 1*{ 53168} + -1*{ 82137} = 0 

-0.166667*{} + 1*{ 85 85} + 1*{  0  0} = 0 

-0.166667*{} + 1*{ 86 86} + 1*{  1  1} = 0 

-0.166667*{} + 1*{  2  2} + 1*{ 87 87} = 0 

-0.166667*{} + 1*{  3  3} + 1*{ 88 88} = 0 

1*{ 89 89} + -0.166667*{} + 1*{  4  4} = 0 

-0.166667*{} + 1*{ 90 90} + 1*{  5  5} = 0 

-0.166667*{} + 1*{ 91 91} + 1*{  6  6} = 0 

-0.166667*{} + 1*{ 92 92} + 1*{  7  7} = 0 

-0.166667*{} + 1*{ 93 93} + 1*{  8  8} = 0 

-0.166667*{} + 1*{ 94 94} + 1*{  9  9} = 0 

-0.166667*{} + 1*{ 95 95} + 1*{ 10 10} = 0 

-0.166667*{} + 1*{ 96 96} + 1*{ 11 11} = 0 

-0.166667*{} + 1*{ 97 97} + 1*{ 12 12} = 0 

-0.166667*{} + 1*{ 98 98} + 1*{ 13 13} = 0 

-0.166667*{} + 1*{ 99 99} + 1*{ 14 14} = 0 

-0.166667*{} + 1*{100100} + 1*{ 15 15} = 0 

-0.166667*{} + 1*{101101} + 1*{ 16 16} = 0 

1*{102102} + -0.166667*{} + 1*{ 17 17} = 0 

-0.166667*{} + 1*{103103} + 1*{ 18 18} = 0 

-0.166667*{} + 1*{104104} + 1*{ 19 19} = 0 

-0.166667*{} + 1*{ 20 20} + 1*{105105} = 0 

-0.166667*{} + 1*{106106} + 1*{ 21 21} = 0 

-0.166667*{} + 1*{107107} + 1*{ 22 22} = 0 

-0.166667*{} + 1*{108108} + 1*{ 23 23} = 0 

-0.166667*{} + 1*{109109} + 1*{ 24 24} = 0 

-0.166667*{} + 1*{110110} + 1*{ 25 25} = 0 

1*{ 26 26} + -0.166667*{} + 1*{111111} = 0 

-0.166667*{} + 1*{112112} + 1*{ 27 27} = 0 

-0.166667*{} + 1*{113113} + 1*{ 28 28} = 0 

-0.166667*{} + 1*{114114} + 1*{ 29 29} = 0 

-0.166667*{} + 1*{115115} + 1*{ 30 30} = 0 

1*{116116} + -0.166667*{} + 1*{ 31 31} = 0 

-0.166667*{} + 1*{117117} + 1*{ 32 32} = 0 

-0.166667*{} + 1*{118118} + 1*{ 33 33} = 0 

1*{119119} + -0.166667*{} + 1*{ 34 34} = 0 

-0.166667*{} + 1*{120120} + 1*{ 35 35} = 0 

-0.166667*{} + 1*{121121} + 1*{ 36 36} = 0 

-0.166667*{} + 1*{122122} + 1*{ 37 37} = 0 

-0.166667*{} + 1*{123123} + 1*{ 38 38} = 0 

-0.166667*{} + 1*{124124} + 1*{ 39 39} = 0 

-0.166667*{} + 1*{125125} + 1*{ 40 40} = 0 

-0.166667*{} + 1*{126126} + 1*{ 41 41} = 0 

-0.166667*{} + 1*{127127} + 1*{ 42 42} = 0 

-0.166667*{} + 1*{128128} + 1*{ 43 43} = 0 

1*{129129} + -0.166667*{} + 1*{ 44 44} = 0 

-0.166667*{} + 1*{130130} + 1*{ 45 45} = 0 

-0.166667*{} + 1*{131131} + 1*{ 46 46} = 0 

1*{132132} + -0.166667*{} + 1*{ 47 47} = 0 

-0.166667*{} + 1*{133133} + 1*{ 48 48} = 0 

-0.166667*{} + 1*{134134} + 1*{ 49 49} = 0 

-0.166667*{} + 1*{135135} + 1*{ 50 50} = 0 

-0.166667*{} + 1*{136136} + 1*{ 51 51} = 0 

-0.166667*{} + 1*{137137} + 1*{ 52 52} = 0 

-0.166667*{} + 1*{138138} + 1*{ 53 53} = 0 

-0.166667*{} + 1*{139139} + 1*{ 54 54} = 0 

-0.166667*{} + 1*{140140} + 1*{ 55 55} = 0 

-0.166667*{} + 1*{141141} + 1*{ 56 56} = 0 

1*{142142} + -0.166667*{} + 1*{ 57 57} = 0 

-0.166667*{} + 1*{143143} + 1*{ 58 58} = 0 

1*{144144} + -0.166667*{} + 1*{ 59 59} = 0 

-0.166667*{} + 1*{145145} + 1*{ 60 60} = 0 

-0.166667*{} + 1*{146146} + 1*{ 61 61} = 0 

-0.166667*{} + 1*{147147} + 1*{ 62 62} = 0 

-0.166667*{} + 1*{ 63 63} + 1*{148148} = 0 

-0.166667*{} + 1*{149149} + 1*{ 64 64} = 0 

-0.166667*{} + 1*{150150} + 1*{ 65 65} = 0 

-0.166667*{} + 1*{151151} + 1*{ 66 66} = 0 

-0.166667*{} + 1*{152152} + 1*{ 67 67} = 0 

-0.166667*{} + 1*{153153} + 1*{ 68 68} = 0 

-0.166667*{} + 1*{154154} + 1*{ 69 69} = 0 

-0.166667*{} + 1*{155155} + 1*{ 70 70} = 0 

-0.166667*{} + 1*{156156} + 1*{ 71 71} = 0 

-0.166667*{} + 1*{157157} + 1*{ 72 72} = 0 

1*{158158} + -0.166667*{} + 1*{ 73 73} = 0 

-0.166667*{} + 1*{159159} + 1*{ 74 74} = 0 

-0.166667*{} + 1*{160160} + 1*{ 75 75} = 0 

-0.166667*{} + 1*{161161} + 1*{ 76 76} = 0 

-0.166667*{} + 1*{162162} + 1*{ 77 77} = 0 

-0.166667*{} + 1*{163163} + 1*{ 78 78} = 0 

-0.166667*{} + 1*{164164} + 1*{ 79 79} = 0 

-0.166667*{} + 1*{ 80 80} + 1*{165165} = 0 

-0.166667*{} + 1*{166166} + 1*{ 81 81} = 0 

-0.166667*{} + 1*{167167} + 1*{ 82 82} = 0 

1*{ 83 83} + -0.166667*{} + 1*{168168} = 0 

-0.166667*{} + 1*{169169} + 1*{ 84 84} = 0 

-4*{  6} + -128*{ 93} + 256*{  4} + -32*{ 92} + -2*{ 90} + 32*{ 87} + 64*{  3} + -512*{ 94} + -8*{ 91} + 128*{ 88} + -256*{  9} + -1*{  5} + -16*{  7} + 4*{  1} + 16*{  2} + 8*{ 86} + 512*{ 89} + 1*{  0} + 2*{ 85} + -64*{  8} > 0 

4*{  6} + 2*{ 90} + -8*{ 96} + 64*{  8} + -512*{ 99} + 512*{ 94} + -2*{ 95} + 8*{ 91} + 1*{  5} + 32*{ 92} + -128*{ 98} + -16*{ 12} + -1*{ 10} + 256*{  9} + -4*{ 11} + 16*{  7} + -32*{ 97} + 128*{ 93} + -256*{ 14} + -64*{ 13} > 0 

-16*{ 17} + 64*{ 13} + -2*{100} + 2*{ 95} + 128*{ 98} + 512*{ 99} + -128*{103} + -4*{ 16} + -64*{ 18} + 8*{ 96} + -32*{102} + -8*{101} + 256*{ 14} + 16*{ 12} + -256*{ 19} + -1*{ 15} + 1*{ 10} + 32*{ 97} + 4*{ 11} + -512*{104} > 0 

-512*{109} + -256*{ 24} + -16*{ 22} + -32*{107} + -128*{108} + 128*{103} + -64*{ 23} + 4*{ 16} + 64*{ 18} + -4*{ 21} + 512*{104} + 16*{ 17} + 2*{100} + -1*{ 20} + -8*{106} + 1*{ 15} + -2*{105} + 256*{ 19} + 32*{102} + 8*{101} > 0 

512*{114} + -8*{116} + -256*{ 34} + -512*{119} + 8*{111} + 4*{ 26} + 2*{110} + -32*{117} + 1*{ 25} + 256*{ 29} + -1*{ 30} + -128*{118} + -16*{ 32} + 16*{ 27} + 64*{ 28} + -4*{ 31} + -2*{115} + 128*{113} + 32*{112} + -64*{ 33} > 0 

-2*{120} + -128*{123} + -256*{ 39} + 4*{ 31} + 64*{ 33} + 2*{115} + -4*{ 36} + -1*{ 35} + 32*{117} + -32*{122} + -512*{124} + 16*{ 32} + -8*{121} + 256*{ 34} + 512*{119} + 1*{ 30} + -64*{ 38} + 8*{116} + 128*{118} + -16*{ 37} > 0 

-16*{ 42} + -32*{127} + -64*{ 43} + 512*{124} + 256*{ 39} + 1*{ 35} + 64*{ 38} + -256*{ 44} + 32*{122} + 2*{120} + -128*{128} + -512*{129} + -1*{ 40} + 16*{ 37} + -2*{125} + -4*{ 41} + 4*{ 36} + -8*{126} + 8*{121} + 128*{123} > 0 

-128*{133} + 64*{ 43} + 32*{127} + -16*{ 47} + -8*{131} + 256*{ 44} + 16*{ 42} + -32*{132} + 2*{125} + -64*{ 48} + 128*{128} + -512*{134} + -4*{ 46} + -1*{ 45} + 4*{ 41} + 8*{126} + 512*{129} + 1*{ 40} + -2*{130} + -256*{ 49} > 0 

64*{ 48} + -128*{138} + 128*{133} + -16*{ 52} + 8*{131} + -2*{135} + -1*{ 50} + -4*{ 51} + -64*{ 53} + -8*{136} + -512*{139} + 32*{132} + 256*{ 49} + 2*{130} + 4*{ 46} + 1*{ 45} + 512*{134} + -256*{ 54} + -32*{137} + 16*{ 47} > 0 

-16*{ 62} + -32*{147} + 512*{144} + -256*{ 64} + 8*{141} + -1*{ 60} + 256*{ 59} + -512*{149} + -128*{148} + 4*{ 56} + 64*{ 58} + 1*{ 55} + 2*{140} + -2*{145} + -64*{ 63} + 16*{ 57} + 32*{142} + 128*{143} + -8*{146} + -4*{ 61} > 0 

-8*{151} + -256*{ 69} + -64*{ 68} + -128*{153} + -32*{152} + 16*{ 62} + -2*{150} + 1*{ 60} + -512*{154} + -16*{ 67} + 256*{ 64} + 512*{149} + 128*{148} + 4*{ 61} + 8*{146} + -4*{ 66} + 64*{ 63} + 2*{145} + 32*{147} + -1*{ 65} > 0 

-8*{156} + 1*{ 65} + -512*{159} + 64*{ 68} + 8*{151} + 128*{153} + -16*{ 72} + 256*{ 69} + -2*{155} + 512*{154} + 2*{150} + 4*{ 66} + 32*{152} + -1*{ 70} + -64*{ 73} + -32*{157} + 16*{ 67} + -128*{158} + -4*{ 71} + -256*{ 74} > 0 

-32*{162} + -128*{163} + -512*{164} + 2*{155} + -64*{ 78} + 512*{159} + 32*{157} + -256*{ 79} + 8*{156} + -4*{ 76} + -1*{ 75} + -2*{160} + 128*{158} + 4*{ 71} + 1*{ 70} + -8*{161} + 256*{ 74} + 16*{ 72} + -16*{ 77} + 64*{ 73} > 0 

-64*{ 83} + -32*{167} + -512*{169} + -2*{165} + -256*{ 84} + -4*{ 81} + -1*{ 80} + -8*{166} + 8*{161} + 64*{ 78} + 128*{163} + 16*{ 77} + -16*{ 82} + 512*{164} + 32*{162} + 2*{160} + 1*{ 75} + 256*{ 79} + 4*{ 76} + -128*{168} > 0 

-2*{110} + 2*{ 85} + -128*{113} + 8*{ 86} + 64*{  3} + -8*{111} + -1*{ 25} + -64*{ 28} + -16*{ 27} + 256*{  4} + -4*{ 26} + -256*{ 29} + 32*{ 87} + 128*{ 88} + -32*{112} + 512*{ 89} + 1*{  0} + 4*{  1} + 16*{  2} + -512*{114} > 0 

-8*{141} + 128*{113} + -1*{ 55} + 4*{ 26} + 2*{110} + -16*{ 57} + -64*{ 58} + -4*{ 56} + -32*{142} + -128*{143} + 8*{111} + 16*{ 27} + 64*{ 28} + -2*{140} + 32*{112} + 1*{ 25} + -256*{ 59} + 256*{ 29} + -512*{144} + 512*{114} > 0 

-6.71089e+07*{ 66} + -32*{ 96} + 65536*{ 40} + -16*{ 11} + -8192*{116} + -512*{106} + -16384*{ 36} + 6.71089e+07*{ 65} + -2.14748e+09*{161} + -2048*{111} + -131072*{126} + -1.67772e+07*{ 61} + -65536*{ 41} + 2.68435e+08*{ 70} + -4.1943e+06*{ 56} + 32768*{120} + 8.38861e+06*{140} + -1.07374e+09*{ 76} + -64*{ 16} + 4096*{ 30} + 8192*{115} + 1.34218e+08*{150} + 2.09715e+06*{135} + 32*{ 95} + 2.14748e+09*{160} + 1.04858e+06*{ 50} + -1*{  1} + 256*{ 20} + 16384*{ 35} + 1024*{ 25} + -1.04858e+06*{ 51} + -256*{ 21} + -4*{  6} + -3.35544e+07*{146} + 4*{  5} + -32768*{121} + 8.58993e+09*{165} + -5.36871e+08*{156} + 16*{ 10} + -128*{101} + -8*{ 91} + 524288*{130} + -1024*{ 26} + 512*{105} + -262144*{ 46} + 3.35544e+07*{145} + -2*{ 86} + -8.38861e+06*{141} + -4.29497e+09*{ 81} + -2.68435e+08*{ 71} + -524288*{131} + -8.58993e+09*{166} + 128*{100} + -4096*{ 31} + 5.36871e+08*{155} + 1.67772e+07*{ 60} + 8*{ 90} + 2048*{110} + 4.1943e+06*{ 55} + -1.34218e+08*{151} + -2.09715e+06*{136} + 4.29497e+09*{ 80} + 64*{ 15} + 2*{ 85} + 1.07374e+09*{ 75} + 262144*{ 45} + 1*{  0} + 131072*{125} > 0 

4.29497e+09*{ 81} + -2.09715e+06*{137} + -1.04858e+06*{ 52} + -128*{102} + 1.34218e+08*{151} + -32*{ 97} + -4096*{ 32} + 32768*{121} + 256*{ 21} + -4*{  7} + 5.36871e+08*{156} + -131072*{127} + -4.1943e+06*{ 57} + -1.67772e+07*{ 62} + -1024*{ 27} + 512*{106} + -8*{ 92} + 6.71089e+07*{ 66} + 1.67772e+07*{ 61} + 65536*{ 41} + 131072*{126} + -16384*{ 37} + 3.35544e+07*{146} + 4*{  6} + 8.58993e+09*{166} + 2.68435e+08*{ 71} + 524288*{131} + -8192*{117} + -6.71089e+07*{ 67} + -2048*{112} + 1.07374e+09*{ 76} + 64*{ 16} + -512*{107} + 4.1943e+06*{ 56} + -64*{ 17} + -3.35544e+07*{147} + 4096*{ 31} + -524288*{132} + 1.04858e+06*{ 51} + 2.14748e+09*{161} + 2048*{111} + -1.34218e+08*{152} + 16*{ 11} + 8.38861e+06*{141} + -8.58993e+09*{167} + -4.29497e+09*{ 82} + -2*{ 87} + -5.36871e+08*{157} + -65536*{ 42} + -1*{  2} + 262144*{ 46} + 2*{ 86} + -16*{ 12} + -2.68435e+08*{ 72} + 128*{101} + 8*{ 91} + 32*{ 96} + -32768*{122} + 8192*{116} + 16384*{ 36} + 1024*{ 26} + -1.07374e+09*{ 77} + -262144*{ 47} + -2.14748e+09*{162} + -256*{ 22} + 1*{  1} + -8.38861e+06*{142} + 2.09715e+06*{136} > 0 

8192*{117} + -65536*{ 43} + 3.35544e+07*{147} + 524288*{132} + -2.09715e+06*{138} + -16*{ 13} + 4.29497e+09*{ 82} + 8.58993e+09*{167} + 1*{  2} + -4.1943e+06*{ 58} + -1*{  3} + 8.38861e+06*{142} + -6.71089e+07*{ 68} + 262144*{ 47} + -2.68435e+08*{ 73} + 4*{  7} + -8.58993e+09*{168} + 2*{ 87} + -1.67772e+07*{ 63} + 1.34218e+08*{152} + -16384*{ 38} + 131072*{127} + 1.07374e+09*{ 77} + -2048*{113} + -4096*{ 33} + -32*{ 98} + 1.04858e+06*{ 52} + -2.14748e+09*{163} + 64*{ 17} + 2.14748e+09*{162} + 256*{ 22} + -4*{  8} + 4096*{ 32} + -3.35544e+07*{148} + -8*{ 93} + 32*{ 97} + 16*{ 12} + 2.68435e+08*{ 72} + 1024*{ 27} + -256*{ 23} + 32768*{122} + 6.71089e+07*{ 67} + -4.29497e+09*{ 83} + 2048*{112} + 4.1943e+06*{ 57} + -8192*{118} + 512*{107} + -131072*{128} + 1.67772e+07*{ 62} + -524288*{133} + -1.07374e+09*{ 78} + -5.36871e+08*{158} + 5.36871e+08*{157} + 65536*{ 42} + -512*{108} + 16384*{ 37} + -128*{103} + 8*{ 92} + -1.34218e+08*{153} + -8.38861e+06*{143} + -262144*{ 48} + -32768*{123} + 128*{102} + -2*{ 88} + -1.04858e+06*{ 53} + 2.09715e+06*{137} + -64*{ 18} + -1024*{ 28} > 0 

-512*{109} + -1.67772e+07*{ 64} + 262144*{ 48} + -32768*{124} + 8.38861e+06*{143} + 524288*{133} + 5.36871e+08*{158} + 4*{  8} + -8.58993e+09*{169} + 2.14748e+09*{163} + 1.67772e+07*{ 63} + -1.34218e+08*{154} + 8.58993e+09*{168} + 256*{ 23} + -2.14748e+09*{164} + 2*{ 88} + 1.04858e+06*{ 53} + 64*{ 18} + -2.09715e+06*{139} + -256*{ 24} + -524288*{134} + 4.1943e+06*{ 58} + 32768*{123} + -6.71089e+07*{ 69} + 2.09715e+06*{138} + 2048*{113} + -5.36871e+08*{159} + 4096*{ 33} + 32*{ 98} + -8*{ 94} + 4.29497e+09*{ 83} + -1.04858e+06*{ 54} + 6.71089e+07*{ 68} + -8192*{119} + 16*{ 13} + 512*{108} + -2048*{114} + 1.07374e+09*{ 78} + -2.68435e+08*{ 74} + -2*{ 89} + -16*{ 14} + -3.35544e+07*{149} + -4.1943e+06*{ 59} + 2.68435e+08*{ 73} + 16384*{ 38} + -1.07374e+09*{ 79} + 1.34218e+08*{153} + -65536*{ 44} + -128*{104} + 131072*{128} + -131072*{129} + 65536*{ 43} + 1*{  3} + 8*{ 93} + 3.35544e+07*{148} + -1024*{ 29} + -4*{  9} + -262144*{ 49} + -4096*{ 34} + 128*{103} + -16384*{ 39} + -64*{ 19} + -4.29497e+09*{ 84} + 1024*{ 28} + -8.38861e+06*{144} + 8192*{118} + -1*{  4} + -32*{ 99} > 0 

{6, 6, 6, 6} 386
0 22.3534 0.286427   22.3534  11.334          1 20.2525 0.273387   20.2525  17.4742          2 18.5102 0.252923   18.5102  393.252          3 73366.9 0.247609   18.5102  193.199          4 88582.6 0.241292   18.5102  14.1929          5 80049.1 0.235139   18.5102  12.4457          6 72337.5 0.229137   18.5102  12.2372          7 65368.7 0.223259   18.5102  14.3225          8 59070.8 0.217534   18.5102  12.9364          9 53380 0.211975   18.5102  11.1524          10 48237.5 0.20656   18.5102  10.6692          11 43590.4 0.201285   18.5102  10.3263          12 39391 0.196144   18.5102  9.8507          13 35596.2 0.191136   18.5102  9.4379          14 32167 0.186255   18.5102  9.13755          15 29068.1 0.181497   18.5102  8.92249          16 26267.7 0.176857   18.5102  8.82066          17 23737.1 0.17233   18.5102  8.97271          18 21450.3 0.167916   18.5102  8.89335          19 19383.7 0.163618   18.5102  8.19892          20 17516.3 0.159427   18.5102  7.91176          21 15828.8 0.155335   18.5102  8.56352          22 14303.7 0.151311   18.5102  19.2954          23 12936.8 0.147436   18.5102  7.19343          24 11690.4 0.143658   18.5102  7.01219          25 10564.2 0.139975   18.5102  6.84993          26 9546.38 0.136383   18.5102  6.7079          27 8626.65 0.132881   18.5102  6.59057          28 7795.53 0.129468   18.5102  6.51345          29 7044.47 0.126142   18.5102  6.53651          30 6365.78 0.122906   18.5102  7.00428          31 5752.5 0.119812   18.5102  17.19          32 5199.51 0.116716   18.5102  5.69274          33 4698.53 0.113695   18.5102  5.57229          34 4245.81 0.110749   18.5102  5.44436          35 3836.7 0.107875   18.5102  5.32371          36 3467.01 0.105072   18.5102  5.23375          37 3132.93 0.102336   18.5102  5.23509          38 2831.04 0.0996635   18.5102  5.61889          39 2558.22 0.0970418   18.5102  7.71743          40 2311.67 0.0944675   18.5102  8.12628          41 2088.87 0.0919594   18.5102  6.82352          42 1887.53 0.0895141   18.5102  6.63728          43 1705.6 0.0871396   18.5102  5.83766          44 1541.21 0.0848368   18.5102  4.9476          45 1392.67 0.0825967   18.5102  4.60643          46 1258.45 0.080415   18.5102  4.49157          47 1137.16 0.0782905   18.5102  4.47174          48 1027.57 0.0762267   18.5102  4.49025          49 928.536 0.074236   18.5102  4.65945          50 839.067 0.0723964   18.5102  7.48069          51 758.382 0.0703908   18.5102  6.27639          52 685.255 0.068418   18.5102  6.50477          53 619.141 0.0650758   18.5102  60.5347          54 651.5 0.0633319   18.5102  3.97027          55 588.698 0.0616363   18.5102  5.02576          56 531.953 0.0599716   18.5102  5.85832          57 480.672 0.0583553   18.5102  3.83248          58 434.334 0.0567822   18.5102  3.58094          59 392.462 0.0552509   18.5102  3.32781          60 354.627 0.0537598   18.5102  3.19012          61 320.439 0.0523072   18.5102  3.10887          62 289.547 0.0508919   18.5102  3.05492          63 261.632 0.0495129   18.5102  3.02433          64 236.408 0.0481693   18.5102  3.01981          65 213.615 0.0468606   18.5102  3.04381          66 193.019 0.045586   18.5102  3.08079          67 174.409 0.044344   18.5102  3.06473          68 157.593 0.0431317   18.5102  2.93218          69 142.397 0.0419475   18.5102  2.74133          70 128.666 0.0407911   18.5102  2.57363          71 116.258 0.0396625   18.5102  2.44822          72 105.047 0.0385616   18.5102  2.3593          73 94.9157 0.0374881   18.5102  2.30283          74 85.7614 0.0364417   18.5102  2.28938          75 77.4898 0.0354227   18.5102  2.41835          76 70.0158 0.0344773   18.5102  17.3258          77 64.128 0.0335019   18.5102  4.66301          78 57.9437 0.0325505   18.5102  2.7845          79 52.3536 0.031612   18.5102  3.96334          80 47.3014 0.0308036   18.5102  16.5074          81 43.4071 0.0299122   18.5102  2.49798          82 39.2184 0.0290423   18.5102  2.70746          83 35.4336 0.0281948   18.5102  2.90785          84 32.0141 0.0273756   18.5102  3.05965          85 28.9249 0.0265956   18.5102  3.83227          86 26.1352 0.0259297   18.5102  9.4245          87 23.647 0.0251295   18.5102  2.97206          88 21.3633 0.0243709   18.5102  2.42715          89 19.3008 0.023648   18.5102  2.26294          90 17.4378 0.0229599   17.4378  2.2943          91 15.7552 0.0223043   15.7552  2.49032          92 14.2353 0.0216717   14.2353  2.62586          93 12.862 0.0210497   12.862  2.5468          94 11.621 0.0204408   11.621  2.65757          95 10.4998 0.0198935   10.4998  5.04279          96 9.4928 0.0195914   9.4928  28.1869          97 13.1588 0.0189711   9.4928  2.31341          98 11.8876 0.018382   9.4928  1.77969          99 10.7394 0.0178193   9.4928  2.09257          100 9.7023 0.0172767   9.4928  3.64283          101 8.76603 0.0168701   8.76603  8.82259          102 7.97245 0.0163419   7.97245  2.01411          103 7.2023 0.0158365   7.2023  2.34253          104 6.50678 0.0137497   6.50678  210.656          105 14219.8 0.013345   6.50678  53.7709          106 12909 0.0129759   6.50678  15.0558          107 11664.6 0.0126059   6.50678  89.9771          108 10899.4 0.0122707   6.50678  7.47245          109 9848.85 0.0119451   6.50678  6.99875          110 8899.59 0.0116285   6.50678  6.58083          111 8041.83 0.0113205   6.50678  6.28891          112 7266.75 0.0110205   6.50678  6.10121          113 6566.36 0.0107282   6.50678  5.98718          114 5933.47 0.0104432   6.50678  5.94006          115 5361.56 0.0101654   6.50678  5.98014          116 4844.78 0.00989472   6.50678  6.27049          117 4377.8 0.00963244   6.50678  11.5683          118 3956.09 0.00937546   6.50678  5.31343          119 3574.76 0.00912492   6.50678  5.27366          120 3230.17 0.00888064   6.50678  5.26473          121 2918.8 0.00864245   6.50678  5.33617          122 2637.43 0.00841022   6.50678  5.51054          123 2383.18 0.00818418   6.50678  5.54704          124 2153.45 0.00796473   6.50678  5.31726          125 1945.87 0.00775203   6.50678  5.41854          126 1758.31 0.00754814   6.50678  11.4425          127 1588.98 0.00734537   6.50678  4.36116          128 1435.81 0.00714784   6.50678  4.375          129 1297.39 0.00695519   6.50678  4.61808          130 1172.32 0.00676729   6.50678  4.78963          131 1059.3 0.00658393   6.50678  5.07043          132 957.17 0.00640477   6.50678  5.80298          133 864.883 0.00622988   6.50678  6.5858          134 781.493 0.00606049   6.50678  6.01138          135 706.151 0.00589756   6.50678  4.58775          136 638.082 0.00574269   6.50678  5.58307          137 576.614 0.0055763   6.50678  7.67581          138 520.968 0.00543553   6.50678  10.358          139 471.018 0.00528503   6.50678  3.15065          140 425.594 0.00513845   6.50678  3.0725          141 384.549 0.00499565   6.50678  3.02141          142 347.462 0.00485654   6.50678  3.0013          143 313.951 0.00472103   6.50678  3.02077          144 283.671 0.00458912   6.50678  3.09561          145 256.311 0.00446093   6.50678  3.26073          146 231.59 0.00433715   6.50678  3.66226          147 209.257 0.0042233   6.50678  6.9452          148 189.134 0.00410158   6.50678  3.23974          149 170.884 0.00398192   6.50678  3.66645          150 154.39 0.00385914   6.50678  6.93732          151 139.46 0.00375313   6.50678  2.57468          152 126.014 0.00365575   6.50678  5.34815          153 113.898 0.00354994   6.50678  2.52607          154 102.907 0.00344638   6.50678  2.73043          155 92.975 0.00334406   6.50678  3.46716          156 83.9984 0.00314966   6.50678  62.9459          157 152.082 0.00305013   6.50678  7.67554          158 137.407 0.00295773   6.50678  5.03836          159 124.139 0.00286786   6.50678  6.20623          160 112.161 0.00278322   6.50678  3.39416          161 101.336 0.00270402   6.50678  3.31029          162 91.564 0.00259079   6.50678  19.942          163 82.6172 0.00251095   6.50678  4.48748          164 74.6394 0.00243473   6.50678  2.82945          165 67.4325 0.00236147   6.50678  2.35642          166 60.922 0.00229052   6.50678  2.47576          167 55.04 0.00221902   6.50678  5.78189          168 49.7408 0.00215314   6.50678  3.17969          169 44.9406 0.00209141   6.50678  2.53653          170 40.6052 0.00203687   6.50678  7.13309          171 36.7238 0.00197231   6.50678  3.24703          172 33.1771 0.0019131   6.50678  2.69296          173 29.9742 0.00185673   6.50678  3.02733          174 27.0818 0.00179365   6.50678  12.476          175 24.5613 0.00173464   6.50678  5.58052          176 22.1853 0.00168521   6.50678  4.0849          177 20.0483 0.00166588   6.50678  22.1517          178 20.0992 0.00160734   6.50678  7.14813          179 18.1676 0.00155811   6.50678  5.52499          180 16.4369 0.00150955   6.50678  1.77832          181 14.8491 0.00146252   6.50678  1.77847          182 13.4147 0.00141709   6.50678  1.9088          183 12.1189 0.00137659   6.50678  11.24          184 11.1648 0.00133436   6.50678  1.40466          185 10.0865 0.00129355   6.50678  1.36681          186 9.11246 0.00125413   6.50678  1.33145          187 8.2325 0.0012161   6.50678  1.29845          188 7.43758 0.00117943   6.50678  1.26759          189 6.71948 0.00114411   6.50678  1.23867          190 6.07078 0.00111013   6.07078  1.21172          191 5.48478 0.00107747   5.48478  1.18722          192 4.95542 0.00104613   4.95542  1.16644          193 4.47723 0.00101606   4.47723  1.15225          194 4.04526 0.000987232   4.04526  1.1515          195 3.65504 0.000959549   3.65504  1.18166          196 3.30251 0.00093281   3.30251  1.2799          197 2.98399 0.000906698   2.98399  1.43536          198 2.69618 0.000881231   2.69618  1.4456          199 2.43612 0.000856668   2.43612  1.36267          200 2.20118 0.000833045   2.20118  1.31279          201 1.98893 0.00081029   1.98893  1.30244          202 1.79716 0.000788268   1.79716  1.33309          203 1.6239 0.000766797   1.6239  1.41824          204 1.46732 0.000745659   1.46732  1.59262          205 1.32582 0.000724669   1.32582  1.80835          206 1.19794 0.000704348   1.19794  1.62318          207 1.08242 0.00068525   1.08242  1.36151          208 0.978085 0.000667556   0.978085  1.20113          209 0.883871 0.000651334   0.883871  1.09928          210 0.798796 0.000636604   0.798796  1.03417          211 0.721975 0.000623381   0.721975  0.994158          212 0.652605 0.000611679   0.652605  0.973086          213 0.589962 0.000601523   0.589962  0.96795          214 0.533394 0.000592933   0.533394  0.977557          215 0.482307 0.000585926   0.482307  1.00167          216 0.436169 0.000580501   0.436169  1.04051          217 0.394497 0.000576627   0.394497  1.09474          218 0.356852 0.000574227   0.356852  1.16654          219 0.32284 0.000573134   0.32284  1.26481          220 0.292101 0.000572942   0.292101  1.4355          221 0.264305 0.000570947   0.264305  2.68121          222 0.239043 0.00057151   0.239043  2.19567          223 0.216352 0.000584262   0.216352  4.63211          224 0.200755 0.000584142   0.200755  1.77216          225 0.181664 0.000584842   0.181664  1.64513          226 0.164389 0.000584084   0.164389  1.74188          227 0.148731 0.000580217   0.148731  1.87008          228 0.134534 0.000574335   0.134534  1.82782          229 0.121677 0.000568442   0.121677  1.69829          230 0.110051 0.000563739   0.110051  1.57403          231 0.099546 0.000559525   0.099546  1.5774          232 0.0900452 0.000554031   0.0900452  1.74743          233 0.081458 0.000551971   0.081458  1.32798          234 0.0737021 0.000552214   0.0737021  1.21687          235 0.0666953 0.000553966   0.0666953  1.19647          236 0.060362 0.000556815   0.060362  1.19666          237 0.054635 0.000560442   0.054635  1.20704          238 0.0494544 0.00056459   0.0494544  1.22582          239 0.0447671 0.000569063   0.0447671  1.25537          240 0.0405253 0.000573678   0.0405253  1.30682          241 0.0366862 0.000578206   0.0366862  1.40523          242 0.0332114 0.000582272   0.0332114  1.59292          243 0.0300668 0.000582944   0.0300668  2.15479          244 0.0272357 0.00057707   0.0272357  2.39734          245 0.024676 0.000570693   0.024676  1.58611          246 0.0223267 0.000568367   0.0223267  1.2036          247 0.020202 0.000568677   0.020202  1.15634          248 0.0182834 0.000571852   0.0182834  1.11406          249 0.0165511 0.000578248   0.0165511  1.01637          250 0.0149866 0.000587532   0.0149866  0.939653          251 0.0135728 0.00059929   0.0135728  0.902388          252 0.0122945 0.000613368   0.0122945  0.884589          253 0.0111385 0.000629799   0.0111385  0.875096          254 0.0100928 0.000648742   0.0100928  0.869677          255 0.0091467 0.000670448   0.0091467  0.867269          256 0.00829072 0.000695242   0.00829072  0.869061          257 0.00751616 0.000723496   0.00751616  0.881095          258 0.00681523 0.000755614   0.00681523  0.924081          259 0.00618093 0.000792314   0.00618093  0.862163          260 0.00560667 0.0008347   0.00560667  1.36294          261 0.00509625 0.000880717   0.00509625  0.919474          262 0.00462448 0.000933567   0.00462448  0.896508          263 0.00419726 0.000993319   0.00419726  0.879119          264 0.00381018 0.0010602   0.00381018  0.861771          265 0.0034593 0.0011342   0.0034593  0.849152          266 0.00314106 0.00121478   0.00314106  0.84775          267 0.00285225 0.00130081   0.00285225  0.856327          268 0.00258998 0.00139082   0.00258998  0.859276          269 0.00235168 0.0014831   0.00235168  0.845818          270 0.00213502 0.00157594   0.00213502  0.820473          271 0.001938 0.00166849   0.001938  0.784087          272 0.00175884 0.00176107   0.00175884  0.741831          273 0.00159601 0.00185494   0.00159601  0.699419          274 0.00144811 0.00195185   0.00144811  0.661032          275 0.00131387 0.0020536   0.00131387  0.628539          276 0.00119208 0.00216188   0.00119208  0.601993          277 0.00108163 0.00227821   0.00108163  0.580478          278 0.000981481 0.00240404   0.000981481  0.562825          279 0.000890693 0.00254079   0.000890693  0.547993          280 0.000808398 0.0026899   0.000808398  0.535185          281 0.000733805 0.00285289   0.000733805  0.523832          282 0.000666196 0.0030314   0.000666196  0.513554          283 0.000604922 0.00322716   0.000604922  0.504107          284 0.000549392 0.00344205   0.000549392  0.495353          285 0.000499073 0.00367811   0.000499073  0.487221          286 0.000453482 0.00393746   0.000453482  0.479686          287 0.000412182 0.00422234   0.000412182  0.472739          288 0.00037478 0.00453502   0.00037478  0.466361          289 0.00034092 0.00487767   0.00034092  0.460486          290 0.00031028 0.00525229   0.00031028  0.454971          291 0.000282572 0.00566046   0.000282572  0.449572          292 0.000257532 0.00610318   0.000257532  0.443955          293 0.000234924 0.00658062   0.000234924  0.43775          294 0.00021453 0.00709182   0.00021453  0.430644          295 0.000196152 0.00763454   0.000196152  0.422453          296 0.000179606 0.00820501   0.000179606  0.413129          297 0.00016472 0.0087979   0.00016472  0.40271          298 0.000151334 0.00940631   0.000151334  0.391267          299 0.000139295 0.0100219   0.000139295  0.378899          300 0.000128461 0.0106352   0.000128461  0.365723          301 0.000118697 0.011236   0.000118697  0.351876          302 0.000109879 0.0118137   0.000109879  0.337513          303 0.00010189 0.012358   0.00010189  0.322799          304 9.46249e-05 0.0128594   9.46249e-05  0.307901          305 8.7991e-05 0.0133096   8.7991e-05  0.29298          306 8.19058e-05 0.0137019   8.19058e-05  0.278183          307 7.62983e-05 0.0140315   7.62983e-05  0.263639          308 7.11083e-05 0.0142955   7.11083e-05  0.24946          309 6.62855e-05 0.0144928   6.62855e-05  0.23573          310 6.17882e-05 0.0146242   6.17882e-05  0.222516          311 5.7582e-05 0.0146917   5.7582e-05  0.209864          312 5.36391e-05 0.0146985   5.36391e-05  0.197802          313 4.99368e-05 0.0146489   4.99368e-05  0.186345          314 4.64565e-05 0.0145476   4.64565e-05  0.175495          315 4.3183e-05 0.0143996   4.3183e-05  0.165247          316 4.01036e-05 0.0142102   4.01036e-05  0.155585          317 3.72077e-05 0.0139845   3.72077e-05  0.146491          318 3.44859e-05 0.0137276   3.44859e-05  0.137943          319 3.19301e-05 0.0134442   3.19301e-05  0.129916          320 2.95328e-05 0.0131388   2.95328e-05  0.122383          321 2.72869e-05 0.0128154   2.72869e-05  0.115317          322 2.51857e-05 0.0124778   2.51857e-05  0.108691          323 2.32226e-05 0.0121293   2.32226e-05  0.102478          324 2.13913e-05 0.011773   2.13913e-05  0.0966539          325 1.96855e-05 0.0114114   1.96855e-05  0.0911923          326 1.80988e-05 0.011047   1.80988e-05  0.0860699          327 1.66251e-05 0.0106818   1.66251e-05  0.081264          328 1.52582e-05 0.0103175   1.52582e-05  0.0767535          329 1.39921e-05 0.0099557   1.39921e-05  0.0725184          330 1.28209e-05 0.00959773   1.28209e-05  0.06854          331 1.17389e-05 0.0092447   1.17389e-05  0.064801          332 1.07404e-05 0.00889756   1.07404e-05  0.061285          333 9.82016e-06 0.00855709   9.82016e-06  0.0579771          334 8.97288e-06 0.00822394   8.97288e-06  0.0548633          335 8.19361e-06 0.00789865   8.19361e-06  0.0519306          336 7.47759e-06 0.00758162   7.47759e-06  0.0491672          337 6.82031e-06 0.0072732   6.82031e-06  0.046562          338 6.21749e-06 0.0069736   6.21749e-06  0.0441046          339 5.66507e-06 0.00668301   5.66507e-06  0.0417857          340 5.15925e-06 0.00640152   5.15925e-06  0.0395965          341 4.69645e-06 0.00612917   4.69645e-06  0.0375288          342 4.27331e-06 0.00586598   4.27331e-06  0.035575          343 3.88668e-06 0.00561188   3.88668e-06  0.0337284          344 3.53366e-06 0.00536682   3.53366e-06  0.0319822          345 3.21151e-06 0.00513066   3.21151e-06  0.0303306          346 2.9177e-06 0.00490329   2.9177e-06  0.0287679          347 2.64988e-06 0.00468453   2.64988e-06  0.0272889          348 2.40588e-06 0.00447423   2.40588e-06  0.0258887          349 2.18369e-06 0.00427218   2.18369e-06  0.0245627          350 1.98145e-06 0.00407818   1.98145e-06  0.0233069          351 1.79746e-06 0.00389203   1.79746e-06  0.0221171          352 1.63012e-06 0.0037135   1.63012e-06  0.0209898          353 1.47801e-06 0.00354237   1.47801e-06  0.0199213          354 1.33978e-06 0.00337842   1.33978e-06  0.0189085          355 1.2142e-06 0.00322141   1.2142e-06  0.0179483          356 1.10017e-06 0.00307112   1.10017e-06  0.0170379          357 9.96649e-07 0.00292732   9.96649e-07  0.0161745          358 9.02697e-07 0.00278977   9.02697e-07  0.0153556          359 8.17455e-07 0.00265826   8.17455e-07  0.0145788          360 7.40137e-07 0.00253257   7.40137e-07  0.0138419          361 6.70023e-07 0.00241247   6.70023e-07  0.0131427          362 6.06458e-07 0.00229775   6.06458e-07  0.0124794          363 5.48843e-07 0.0021882   5.48843e-07  0.0118499          364 4.96633e-07 0.00208361   4.96633e-07  0.0112525          365 4.4933e-07 0.0019838   4.4933e-07  0.0106855          366 4.06482e-07 0.00188855   4.06482e-07  0.0101474          367 3.67677e-07 0.00179769   3.67677e-07  0.00963656          368 3.32538e-07 0.00171103   3.32538e-07  0.00915169          369 3.00726e-07 0.00162839   3.00726e-07  0.0086914          370 2.71929e-07 0.0015496   2.71929e-07  0.00825442          371 2.45866e-07 0.0014745   2.45866e-07  0.00783956          372 2.2228e-07 0.00140292   2.2228e-07  0.00744567          373 2.0094e-07 0.00133472   2.0094e-07  0.00707169          374 1.81633e-07 0.00126974   1.81633e-07  0.00671659          375 1.64169e-07 0.00120783   1.64169e-07  0.00637941          376 1.48372e-07 0.00114887   1.48372e-07  0.00605924          377 1.34086e-07 0.00109272   1.34086e-07  0.0057552          378 1.21168e-07 0.00103926   1.21168e-07  0.00546648          379 1.09487e-07 0.00098835   1.09487e-07  0.0051923          380 9.8926e-08 0.000939886   9.8926e-08  0.00493192          381 8.93786e-08 0.000893752   8.93786e-08  0.00468464          382 8.07483e-08 0.000849843   8.07483e-08  0.0044498          383 7.29474e-08 0.000808053   7.29474e-08  0.00422676          384 6.5897e-08 0.000768285   6.5897e-08  0.00401494          385 5.95251e-08 0.000730444   5.95251e-08  0.00381375          386 5.3767e-08 0.000694439   5.3767e-08  0.00362267          387 4.85638e-08 0.000660184   4.85638e-08  0.00344118          388 4.38624e-08 0.000627597   4.38624e-08  0.00326881          389 3.96146e-08 0.000596598   3.96146e-08  0.00310509          390 3.57769e-08 0.000567112   3.57769e-08  0.00294958          391 3.23098e-08 0.000539067   3.23098e-08  0.00280187          392 2.91778e-08 0.000512394   2.91778e-08  0.00266158          393 2.63486e-08 0.000487028   2.63486e-08  0.00252832          394 2.3793e-08 0.000462905   2.3793e-08  0.00240174          395 2.14846e-08 0.000439966   2.14846e-08  0.00228149          396 1.93997e-08 0.000418154   1.93997e-08  0.00216727          397 1.75167e-08 0.000397415   1.75167e-08  0.00205882          398 1.58161e-08 0.000377696   1.58161e-08  0.00195577          399 1.42802e-08 0.000358948   1.42802e-08  0.00185787          400 1.28932e-08 0.000341125   1.28932e-08  0.00176489          401 1.16407e-08 0.00032418   1.16407e-08  0.00167657          402 1.05097e-08 0.000308072   1.05097e-08  0.0015927          403 9.48831e-09 0.000292759   9.48831e-09  0.00151298          404 8.56609e-09 0.000278204   8.56609e-09  0.00143727          405 7.73336e-09 0.000264367   7.73336e-09  0.00136535          406 6.98148e-09 0.000251216   6.98148e-09  0.00129703          407 6.30262e-09 0.000238716   6.30262e-09  0.00123217          408 5.68966e-09 0.000226834   5.68966e-09  0.00117049          409 5.13626e-09 0.000215542   5.13626e-09  0.00111195          410 4.63663e-09 0.000204809   4.63663e-09  0.00105633          411 4.18554e-09 0.000194609   4.18554e-09  0.00100349          412 3.77829e-09 0.000184915   3.77829e-09  0.000953282          413 3.41063e-09 0.000175701   3.41063e-09  0.000905584          414 3.07872e-09 0.000166946   3.07872e-09  0.000860305          415 2.77907e-09 0.000158625   2.77907e-09  0.000817251          416 2.50856e-09 0.000150718   2.50856e-09  0.00077637          417 2.26438e-09 0.000143204   2.26438e-09  0.000737562          418 2.04394e-09 0.000136063   2.04394e-09  0.000700685          419 1.84495e-09 0.000129278   1.84495e-09  0.000665637          420 1.6653e-09 0.00012283   1.6653e-09  0.000632323          421 1.50313e-09 0.000116702   1.50313e-09  0.000600638          422 1.35676e-09 0.000110879   1.35676e-09  0.000570607          423 1.22464e-09 0.000105347   1.22464e-09  0.00054211          424 1.10536e-09 0.00010009   1.10536e-09  0.000514961          425 9.97701e-10 9.50939e-05   9.97701e-10  0.000489184          426 9.00551e-10 9.03483e-05   9.00551e-10  0.000464833          427 8.12812e-10 8.58382e-05   8.12812e-10  0.000441502          428 7.33631e-10 8.15526e-05   7.33631e-10  0.000419402          429 6.62185e-10 7.74817e-05   6.62185e-10  0.000398528          430 5.97673e-10 7.36135e-05   5.97673e-10  0.000378588          431 5.39431e-10 6.99375e-05   5.39431e-10  0.000359581          432 4.86887e-10 6.64454e-05   4.86887e-10  0.000341663          433 4.39445e-10 6.31273e-05   4.39445e-10  0.000324554          434 3.96631e-10 5.99748e-05   3.96631e-10  0.000308343          435 3.57984e-10 5.69796e-05   3.57984e-10  0.000292925          436 3.23095e-10 5.41333e-05   3.23095e-10  0.000278225          437 2.916e-10 5.14281e-05   2.916e-10  0.000264228          438 2.6321e-10 4.88599e-05   2.6321e-10  0.000251206          439 2.37535e-10 4.64178e-05   2.37535e-10  0.000238439          440 2.14405e-10 4.40991e-05   2.14405e-10  0.000226668          441 1.93501e-10 4.18952e-05   1.93501e-10  0.000215249          442 1.74647e-10 3.98018e-05   1.74647e-10  0.000204525          443 1.57626e-10 3.78128e-05   1.57626e-10  0.000194292          444 1.42276e-10 3.59246e-05   1.42276e-10  0.000184711          445 1.28397e-10 3.41291e-05   1.28397e-10  0.000175333          446 1.15881e-10 3.24231e-05   1.15881e-10  0.000166545          447 1.04581e-10 3.08015e-05   1.04581e-10  0.000158145          448 9.43973e-11 2.92621e-05   9.43973e-11  0.000150356          449 8.51916e-11 2.7799e-05   8.51916e-11  0.000142772          450 7.68972e-11 2.64102e-05   7.68972e-11  0.000135764          451 6.93877e-11 2.50887e-05   6.93877e-11  0.000128764          452 6.26242e-11 2.3833e-05   6.26242e-11  0.000122317          453 5.65134e-11 2.26389e-05   5.65134e-11  0.000116084          454 5.10229e-11 2.15076e-05   5.10229e-11  0.000110588          455 4.6033e-11 2.04297e-05   4.6033e-11  0.000104755          456 4.1553e-11 1.9407e-05   4.1553e-11  9.9644e-05          457 3.75091e-11 1.84367e-05   3.75091e-11  9.47928e-05          458 3.38336e-11 1.75106e-05   3.38336e-11  8.96365e-05          459 3.05464e-11 1.66331e-05   3.05464e-11  8.5384e-05          460 2.7571e-11 1.57999e-05   2.7571e-11  8.11596e-05          461 2.48912e-11 1.50104e-05   2.48912e-11  7.7295e-05          462 2.24594e-11 1.42589e-05   2.24594e-11  7.32894e-05          463 2.02624e-11 1.35427e-05   2.02624e-11  6.94074e-05          464 1.82923e-11 1.28637e-05   1.82923e-11  6.60751e-05          465 1.6518e-11 1.22214e-05   1.6518e-11  6.30364e-05          466 1.48939e-11 1.16066e-05   1.48939e-11  5.94377e-05          467 1.34462e-11 1.10238e-05   1.34462e-11  5.65978e-05          468 1.21505e-11 1.04757e-05   1.21505e-11  5.42991e-05          469 1.09597e-11 9.95272e-06   1.09597e-11  5.1361e-05          470 9.88434e-12 9.45301e-06   9.88434e-12  4.85215e-05          471 8.92365e-12 8.97945e-06   8.92365e-12  4.62098e-05          472 8.04296e-12 8.52455e-06   8.04296e-12  4.34189e-05          473 7.27885e-12 8.1018e-06   7.27885e-12  4.21481e-05          474 6.55165e-12 7.69137e-06   6.55165e-12  3.91958e-05          475 5.91496e-12 7.30231e-06   5.91496e-12  3.73172e-05          476 5.33505e-12 6.93063e-06   5.33505e-12  3.52481e-05          477 4.83598e-12 6.58965e-06   4.83598e-12  3.46587e-05          478 4.33962e-12 6.25043e-06   4.33962e-12  3.14534e-05          479 3.9491e-12 5.94889e-06   3.9491e-12  3.18758e-05          480 3.54807e-12 5.65217e-06   3.54807e-12  2.92951e-05          481 3.19745e-12 5.36689e-06   3.19745e-12  2.7498e-05          482 2.88542e-12 5.09551e-06   2.88542e-12  2.60926e-05          483 2.61325e-12 4.84487e-06   2.61325e-12  2.54794e-05          484 2.34416e-12 4.59476e-06   2.34416e-12  2.3048e-05          485 2.11559e-12 4.35679e-06   2.11559e-12  2.18587e-05          486 1.91107e-12 4.13202e-06   1.91107e-12  2.08891e-05          487 1.73855e-12 3.93152e-06   1.73855e-12  2.11088e-05          488 1.5582e-12 3.73032e-06   1.5582e-12  1.90094e-05          489 1.3964e-12 3.52785e-06   1.3964e-12  1.69607e-05          490 1.27546e-12 3.35241e-06   1.27546e-12  1.77515e-05          491 1.15708e-12 3.19256e-06   1.15708e-12  1.75432e-05          492 1.02243e-12 3.01324e-06   1.02243e-12  1.39801e-05          493 9.36229e-13 2.86057e-06   9.36229e-13  1.50057e-05          494 8.43669e-13 2.71371e-06   8.43669e-13  1.4072e-05          495 7.48603e-13 2.5545e-06   7.48603e-13  1.14172e-05          496 6.8383e-13 2.41588e-06   6.8383e-13  1.20734e-05          497 6.09539e-13 2.27121e-06   6.09539e-13  1.01392e-05          498 5.71543e-13 2.16635e-06   5.71543e-13  1.29707e-05          499 5.14596e-13 2.06551e-06   5.14596e-13  1.21935e-05          500 4.55452e-13 1.95538e-06   4.55452e-13  1.0113e-05          501 4.04263e-13 1.83718e-06   4.04263e-13  8.18986e-06          502 3.67761e-13 1.73067e-06   3.67761e-13  8.35447e-06          503 3.30857e-13 1.627e-06   3.30857e-13  7.63955e-06          504 2.96185e-13 1.52287e-06   2.96185e-13  6.62339e-06          505 2.84013e-13 1.45511e-06   2.84013e-13  9.72583e-06          506 2.38523e-13 1.35392e-06   2.38523e-13  5.12973e-06          507 2.24156e-13 1.27882e-06   2.24156e-13  7.18331e-06          508 2.11944e-13 1.22451e-06   2.11944e-13  8.82009e-06          509 1.81576e-13 1.15465e-06   1.81576e-13  6.22921e-06          510 1.66682e-13 1.09424e-06   1.66682e-13  6.59771e-06          511 1.38227e-13 9.78765e-07   1.38227e-13  1.37138e-06          512 1.24339e-13 8.85934e-07   1.24339e-13  1.14913e-06          513 1.33935e-13 8.49176e-07   1.24339e-13  7.69013e-06          514 1.02002e-13 7.75622e-07   1.02002e-13  1.81351e-06          515 9.59146e-14 7.19833e-07   9.59146e-14  3.46119e-06          516 9.362e-14 6.79483e-07   9.362e-14  5.23298e-06          517 9.03387e-14 6.49016e-07   9.03387e-14  6.27323e-06          518 7.03861e-14 6.01289e-07   7.03861e-14  2.86471e-06          519 6.6536e-14 5.62528e-07   6.6536e-14  3.73252e-06          520 6.26672e-14 5.30006e-07   6.26672e-14  4.27943e-06          521 5.35312e-14 4.93751e-07   5.35312e-14  3.06575e-06          522 5.61932e-14 4.71265e-07   5.35312e-14  5.0709e-06          523 4.8731e-14 4.47283e-07   4.8731e-14  4.34389e-06          524 5.87398e-14 4.42915e-07   4.8731e-14  7.57023e-06          525 3.32875e-14 3.91017e-07   3.32875e-14  1.41467e-06          526 3.72219e-14 3.72464e-07   3.32875e-14  4.10056e-06          527 4.84426e-14 3.73559e-07   3.32875e-14  7.59562e-06          528 3.99523e-14 3.74012e-07   3.32875e-14  6.68192e-06          529 3.9883e-14 3.85706e-07   3.32875e-14  7.79443e-06          530 1.97441e-14 3.5716e-07   1.97441e-14  1.49451e-06          531 2.15362e-14 2.96319e-07   1.97441e-14  3.62267e-06          532 1.55624e-14 2.70764e-07   1.55624e-14  7.7007e-07          533 1.3857e-14 2.41751e-07   1.3857e-14  6.20642e-07          534 1.65362e-14 2.30312e-07   1.3857e-14  2.81325e-06          535 3.26443e-14 2.45149e-07   1.3857e-14  8.31442e-06          536 1.11537e-14 2.11132e-07   1.11537e-14  1.68152e-06          537 8.92182e-15 1.89036e-07   8.92182e-15  5.01701e-07          538 1.37563e-14 1.55221e-07   8.92182e-15  3.46857e-06          539 1.02568e-14 1.46667e-07   8.92182e-15  2.1471e-06          540 7.50247e-15 1.35815e-07   7.50247e-15  1.17412e-06          541 1.63683e-14 1.36794e-07   7.50247e-15  4.73764e-06          542 2.13168e-14 9.82793e-08   7.50247e-15  7.15821e-06          543 2.53704e-14 7.30066e-08   7.50247e-15  7.48488e-06          544 1.95689e-14 7.22901e-08   7.50247e-15  4.84615e-06          545 1.03446e-14 6.90674e-08   7.50247e-15  2.75596e-06          546 3.09653e-14 4.86254e-08   7.50247e-15  9.28096e-06          547 3.00827e-14 5.02432e-08   7.50247e-15  7.41277e-06          548 1.8402e-14 3.97898e-08   7.50247e-15  5.17437e-06          549 2.19125e-14 3.16256e-08   7.50247e-15  5.71832e-06          550 2.20643e-14 2.57178e-08   7.50247e-15  5.16572e-06          551 3.3004e-15 2.3395e-08   3.3004e-15  6.52744e-07          552 1.83705e-15 2.11479e-08   1.83705e-15  3.37018e-07          553 2.04406e-14 2.05149e-08   1.83705e-15  4.43535e-06          554 7.03175e-15 1.78983e-08   1.83705e-15  1.63991e-06          555 1.03805e-15 1.61063e-08   1.03805e-15  8.56179e-08          556 1.35863e-14 1.36747e-08   1.03805e-15  3.05635e-06          557 3.45643e-14 1.06985e-08   1.03805e-15  7.47425e-06          558 1.42944e-14 1.00449e-08   1.03805e-15  2.74614e-06          559 3.37212e-14 1.00397e-08   1.03805e-15  6.78913e-06          560 4.18371e-14 1.0564e-08   1.03805e-15  9.32226e-06          561 1.75652e-14 1.04466e-08   1.03805e-15  4.60753e-06          562 2.72872e-14 7.66373e-09   1.03805e-15  7.88445e-06          563 2.4369e-14 7.73443e-09   1.03805e-15  6.02674e-06          564 1.01005e-15 6.91985e-09   1.01005e-15  4.92496e-07          565 3.08213e-14 7.42e-09   1.01005e-15  8.5324e-06          566 2.44187e-14 5.19982e-09   1.01005e-15  8.15008e-06          567 2.98159e-15 4.59218e-09   1.01005e-15  9.52915e-07          568 2.32164e-16 4.1348e-09   2.32164e-16  1.76002e-07          568 2.32164e-16 7.29126e-17 4.1348e-09
max viol = 2.25747e-08
resulting x = {0.399096, -0.216672, -0.407958, -0.250558, -0.40552, -0.0327616, -0.35669, 0.407886, 0.405268, 0.0136116, -0.0327616, -0.35669, 0.407886, 0.405268, 0.0136116, -0.191317, 0.361588, -0.178077, -0.388246, 0.386553, -0.191316, 0.361588, -0.178076, -0.388246, 0.386552, -0.114805, -0.228889, -0.133789, -0.407613, -0.2403, 0.398541, 0.330415, -0.407032, -0.235544, 0.407651, -0.12539, -0.407907, -0.3819, 0.105906, 0.398293, 0.408161, -0.302488, 0.405089, -0.215454, -0.244756, 0.398541, 0.330415, -0.407032, -0.235544, 0.407651, 0.398541, 0.330415, -0.407032, -0.235544, 0.407651, 0.0564535, -0.400113, 0.385972, 0.146445, -0.40787, -0.398112, -0.234686, 0.398016, 0.0199026, 0.171468, -0.310247, -0.0892258, 0.182063, -0.135453, -0.223257, -0.310247, -0.0892258, 0.182063, -0.135453, -0.223257, 0.39087, -0.363538, 0.10596, -0.39565, 0.254756, -0.310247, -0.0892258, 0.182063, -0.135453, -0.223257, 0.0859617, -0.346005, -0.0153937, 0.322316, 0.0471178, -0.406932, 0.198593, 0.0172034, 0.0492404, -0.408021, -0.406932, 0.198593, 0.0172034, 0.0492404, -0.408021, -0.360645, 0.189528, -0.367363, 0.126222, 0.131315, -0.360645, 0.189529, -0.367363, 0.126221, 0.131316, 0.391774, 0.338048, -0.385703, 0.0227694, 0.330034, 0.0884956, -0.239776, 0.0314943, -0.333446, 0.0220813, 0.388515, -0.0166859, 0.144289, 0.394272, 0.0896064, 0.00844573, -0.274167, 0.0506903, -0.346766, -0.326743, 0.0884956, -0.239776, 0.0314943, -0.333446, 0.0220813, 0.0884956, -0.239776, 0.0314943, -0.333446, 0.0220813, 0.404326, 0.081096, 0.133011, 0.381078, -0.0175605, -0.0904054, 0.33405, -0.0908289, 0.407763, 0.370493, -0.265355, -0.398379, -0.365404, 0.385122, -0.341794, -0.265355, -0.398379, -0.365404, 0.385122, -0.341794, 0.117844, 0.185759, 0.394258, -0.100636, 0.319008, -0.265355, -0.398379, -0.365404, 0.385122, -0.341794, -0.292774, 0.284517, 0.368354, -0.176017, -0.0011225, 0.408247, 0.187304, -0.362745, 0.368354, -0.176017, 0.368354, -0.176017, 0.370138, 0.172235, 0.297541, 0.279528, 0.341006, -0.224459, 0.350726, 0.208945, 0.297541, 0.279528, 0.297541, 0.279528, -0.20343, -0.353953, -0.328694, 0.24213, 0.0327637, 0.406931, 0.395002, 0.103151, -0.328694, 0.24213, -0.328694, 0.24213, -0.20343, -0.353953, -0.328694, 0.24213, 0.0327637, 0.406931, 0.395002, 0.103151, -0.328694, 0.24213, -0.328694, 0.24213, 0.305741, 0.270534, 0.403285, -0.0634641, 0.0892605, -0.398371, -0.264202, 0.31123, 0.403285, -0.0634641, 0.403285, -0.0634641, 0.305742, 0.270534, 0.403285, -0.0634647, 0.0892595, -0.398371, -0.264201, 0.31123, 0.403285, -0.0634647, 0.403285, -0.0634647, 0.0772146, 0.40088, 0.148944, 0.380108, -0.0685334, -0.402455, -0.0685334, -0.402455, 0.163563, 0.37405, -0.0685334, -0.402455, 0.373786, -0.164166, -0.151333, -0.379163, 0.341063, 0.224371, 0.341063, 0.224371, 0.276408, -0.300441, 0.341063, 0.224371, 0.398553, 0.0884419, 0.40664, -0.036204, 0.405987, -0.0429124, 0.405987, -0.0429124, 0.0304758, 0.407109, 0.405987, -0.0429124, 0.398553, 0.0884419, 0.40664, -0.036204, 0.405987, -0.0429124, 0.405987, -0.0429124, 0.0304758, 0.407109, 0.405987, -0.0429124, -0.40558, 0.046602, 0.375053, 0.161252, 0.285785, -0.291537, 0.285785, -0.291537, 0.0707123, 0.402078, 0.285785, -0.291537, -0.40558, 0.0466029, 0.375053, 0.161252, 0.285785, -0.291537, 0.285785, -0.291537, 0.0707129, 0.402078, 0.285785, -0.291537, 0.375844, 0.1594, 0.407622, 0.0226096, 0.105483, 0.394386, 0.105483, 0.394386, 0.35077, -0.208871, 0.105483, 0.394386, -0.407835, -0.0183743, -0.385079, 0.135575, -0.195106, -0.358609, -0.195106, -0.358609, 0.375147, -0.161032, -0.195106, -0.358609, 0.352052, -0.206703, 0.370881, 0.170628, 0.041213, 0.406163, 0.041213, 0.406163, 0.373523, -0.164763, 0.041213, 0.406163, 0.396885, -0.095652, -0.169269, -0.371503, 0.291195, -0.286133, 0.291195, -0.286133, 0.4027, -0.0670784, 0.291195, -0.286133, -0.407835, -0.0183743, -0.385079, 0.135575, -0.195106, -0.358609, -0.195106, -0.358609, 0.375147, -0.161032, -0.195106, -0.358609, -0.407835, -0.0183743, -0.385079, 0.135575, -0.195106, -0.358609, -0.195106, -0.358609, 0.375147, -0.161032, -0.195106, -0.358609, 4.1348e-09}
max viol of orig = 2.25747e-08
In a nicer form:

{-, -, -, -, -, -}, {-, -, -, -, -, -}, {-, -, -, -, -, -}, {-, -, -, -, -, -}, {-, -, -, -, -, -}, {-, -, -, -, -, -}


{-, -, -, -, -, -}, {-, 0.399095535191316+i(0.085961730067150), -0.216672342062342+i(-0.346005442633979), -0.407957969380771+i(-0.015393694664174), -0.250557533036062+i(0.322315990424854), -0.405520138160721+i(0.047117783253901)}, {-, -0.032761572690624+i(-0.406931626601350), -0.356689614988140+i(0.198593019725613), 0.407885664228922+i(0.017203430745040), 0.405267875635537+i(0.049240407961343), 0.013611636440375+i(-0.408021315437385)}, {-, -0.032761575230742+i(-0.406931626723361), -0.356689611910987+i(0.198593025302189), 0.407885664447457+i(0.017203427538191), 0.405267875781200+i(0.049240405564071), 0.013611630603355+i(-0.408021316055159)}, {-, -0.191316539899796+i(-0.360644787580795), 0.361587712136477+i(0.189528377807353), -0.178076903196231+i(-0.367362623264820), -0.388245784973902+i(0.126221567061084), 0.386552838659810+i(0.131314849915966)}, {-, -0.191316057863214+i(-0.360645015402612), 0.361587613983177+i(0.189528510426982), -0.178075894002431+i(-0.367363087017861), -0.388246073111837+i(0.126220655350573), 0.386552474164439+i(0.131315801203375)}


{-, -0.114804570209888+i(0.391773643033956), -0.228888659887775+i(0.338048308717131), -0.133788975526411+i(-0.385703487069938), -0.407612842981174+i(0.022769399415713), -0.240300088306705+i(0.330034166467606)}, {-, 0.398541326274837+i(0.088495630083319), 0.330414897839155+i(-0.239776276722004), -0.407031672043942+i(0.031494254857898), -0.235543545782378+i(-0.333445508403219), 0.407650688109536+i(0.022081250878502)}, {-, -0.125390402969309+i(0.388515007628353), -0.407907156695990+i(-0.016685897963852), -0.381899807791672+i(0.144288606555851), 0.105906472589216+i(0.394272107716180), 0.398293062864514+i(0.089606392634704)}, {-, 0.408160917523698+i(0.008445733411094), -0.302488229266240+i(-0.274167000332491), 0.405089089579930+i(0.050690290257379), -0.215453759638311+i(-0.346765535548070), -0.244756338728993+i(-0.326743036466308)}, {-, 0.398541325890351+i(0.088495632401064), 0.330414899348435+i(-0.239776274836606), -0.407031672083202+i(0.031494254017073), -0.235543545054496+i(-0.333445509066678), 0.407650688041610+i(0.022081252225139)}, {-, 0.398541326139626+i(0.088495630924732), 0.330414898394155+i(-0.239776276029817), -0.407031672058713+i(0.031494254538386), -0.235543545508100+i(-0.333445508654227), 0.407650688080356+i(0.022081251397835)}


{-, 0.056453537865897+i(0.404326198205100), -0.400112648243064+i(0.081095979908070), 0.385972474730246+i(0.133011035299995), 0.146445056150949+i(0.381078101805741), -0.407870465014466+i(-0.017560514590599)}, {-, -0.398112456214645+i(-0.090405427094392), -0.234686024809727+i(0.334049616507881), 0.398016043248630+i(-0.090828936358419), 0.019902646889040+i(0.407762869267117), 0.171468095354715+i(0.370493410911451)}, {-, -0.310247101429176+i(-0.265355239033399), -0.089225760469783+i(-0.398378500912957), 0.182062695854841+i(-0.365403670081298), -0.135452863062455+i(0.385122304632417), -0.223257044053776+i(-0.341793739093632)}, {-, -0.310247101835375+i(-0.265355238403546), -0.089225763017390+i(-0.398378500214708), 0.182062693882241+i(-0.365403670828363), -0.135452862400099+i(0.385122304918661), -0.223257043644800+i(-0.341793739233985)}, {-, 0.390870086852265+i(0.117844122876941), -0.363538303681811+i(0.185759427478915), 0.105960234970094+i(0.394257641568926), -0.395650171880021+i(-0.100636039579554), 0.254756370647490+i(0.319007613956625)}, {-, -0.310247101754636+i(-0.265355238526564), -0.089225762578858+i(-0.398378500329041), 0.182062694211836+i(-0.365403670696264), -0.135452862517876+i(0.385122304861543), -0.223257043710757+i(-0.341793739208762)}

