

*******************************************************************************
Fri Sep  2 19:03:22 2022


FIT:    data read from "prim.dat"
        format = z
        #datapoints = 9
        residuals are weighted equally (unit weight)

function used for fitting: f(x)
	f(x)=a*x**6+b*x**3+c
fitted parameters initialized with current variable values

iter      chisq       delta/lim  lambda   a             b             c            
   0 4.5105184749e+12   0.00e+00  4.09e+05    1.000000e+00   1.000000e+00   1.000000e+00
   9 5.9680498414e+02  -1.02e-04  4.09e-04    4.290663e-04  -9.519664e-02   1.254042e+01

After 9 iterations the fit converged.
final sum of squares of residuals : 596.805
rel. change during last iteration : -1.01701e-09

degrees of freedom    (FIT_NDF)                        : 6
rms of residuals      (FIT_STDFIT) = sqrt(WSSR/ndf)    : 9.97334
variance of residuals (reduced chisquare) = WSSR/ndf   : 99.4675

Final set of parameters            Asymptotic Standard Error
=======================            ==========================
a               = 0.000429066      +/- 2.139e-05    (4.986%)
b               = -0.0951966       +/- 0.02857      (30.01%)
c               = 12.5404          +/- 6.647        (53%)

correlation matrix of the fit parameters:
                a      b      c      
a               1.000 
b              -0.962  1.000 
c               0.657 -0.786  1.000 


*******************************************************************************
Fri Sep  2 19:04:23 2022


FIT:    data read from "prim.dat"
        format = z
        #datapoints = 9
        residuals are weighted equally (unit weight)

function used for fitting: f(x)
	f(x)=a*x**6 + b*x**5 + c*x**4 + d*x**3 + e*x**2 + g*x + h
fitted parameters initialized with current variable values

iter      chisq       delta/lim  lambda   a             b             c             d             e             g             h            
   0 5.2112522274e+10   0.00e+00  3.10e+04    4.290663e-04  -9.519664e-02   1.254042e+01   1.000000e+00   1.000000e+00   1.000000e+00   1.000000e+00
  11 1.6958508159e+01  -6.45e-08  3.10e-07    1.333333e-02  -4.914103e-01   7.596795e+00  -6.121836e+01   2.689353e+02  -6.045690e+02   5.414667e+02

After 11 iterations the fit converged.
final sum of squares of residuals : 16.9585
rel. change during last iteration : -6.45452e-13

degrees of freedom    (FIT_NDF)                        : 2
rms of residuals      (FIT_STDFIT) = sqrt(WSSR/ndf)    : 2.91192
variance of residuals (reduced chisquare) = WSSR/ndf   : 8.47925

Final set of parameters            Asymptotic Standard Error
=======================            ==========================
a               = 0.0133333        +/- 0.012        (89.98%)
b               = -0.49141         +/- 0.5043       (102.6%)
c               = 7.59679          +/- 8.558        (112.7%)
d               = -61.2184         +/- 74.82        (122.2%)
e               = 268.935          +/- 354.1        (131.7%)
g               = -604.569         +/- 857.4        (141.8%)
h               = 541.467          +/- 826.5        (152.6%)

correlation matrix of the fit parameters:
                a      b      c      d      e      g      h      
a               1.000 
b              -0.999  1.000 
c               0.997 -0.999  1.000 
d              -0.992  0.996 -0.999  1.000 
e               0.985 -0.991  0.996 -0.999  1.000 
g              -0.976  0.983 -0.990  0.995 -0.999  1.000 
h               0.965 -0.974  0.982 -0.990  0.995 -0.999  1.000 


*******************************************************************************
Fri Sep  2 19:05:37 2022


FIT:    data read from "prim.dat"
        format = z
        #datapoints = 9
        residuals are weighted equally (unit weight)

function used for fitting: g(x)
	g(x)=a*b**x+c
fitted parameters initialized with current variable values

iter      chisq       delta/lim  lambda   a             b             c            
   0 5.5490417461e+05   0.00e+00  4.39e+00    1.333333e-02  -4.914103e-01   7.596795e+00
   3 3.8416163589e+05  -7.78e-02  4.39e-01    1.366298e-02  -5.222323e-01   1.453272e+02

After 3 iterations the fit converged.
final sum of squares of residuals : 384162
rel. change during last iteration : -7.78441e-07

degrees of freedom    (FIT_NDF)                        : 6
rms of residuals      (FIT_STDFIT) = sqrt(WSSR/ndf)    : 253.035
variance of residuals (reduced chisquare) = WSSR/ndf   : 64026.9

Final set of parameters            Asymptotic Standard Error
=======================            ==========================
a               = 0.013663         +/- 7447         (5.45e+07%)
b               = -0.522232        +/- 8.179e+04    (1.566e+07%)
c               = 145.327          +/- 87.35        (60.11%)

correlation matrix of the fit parameters:
                a      b      c      
a               1.000 
b               0.978  1.000 
c               0.218  0.184  1.000 


*******************************************************************************
Fri Sep  2 19:07:10 2022


FIT:    data read from "prim.dat"
        format = z
        #datapoints = 9
        residuals are weighted equally (unit weight)

function used for fitting: g(x)
	g(x)=d*x**3 + e*x**2 + g*x + h
fitted parameters initialized with current variable values

iter      chisq       delta/lim  lambda   d             e             g             h            
   0 6.0290936009e+09   0.00e+00  2.18e+04   -6.121836e+01   2.689353e+02  -6.045690e+02   5.414667e+02
   6 1.7079033189e+03  -1.46e-02  2.18e-02    3.577441e+00  -5.697042e+01   2.956549e+02  -4.808016e+02

After 6 iterations the fit converged.
final sum of squares of residuals : 1707.9
rel. change during last iteration : -1.46337e-07

degrees of freedom    (FIT_NDF)                        : 5
rms of residuals      (FIT_STDFIT) = sqrt(WSSR/ndf)    : 18.4819
variance of residuals (reduced chisquare) = WSSR/ndf   : 341.581

Final set of parameters            Asymptotic Standard Error
=======================            ==========================
d               = 3.57744          +/- 0.4895       (13.68%)
e               = -56.9704         +/- 10.33        (18.14%)
g               = 295.655          +/- 67.84        (22.95%)
h               = -480.802         +/- 136.2        (28.33%)

correlation matrix of the fit parameters:
                d      e      g      h      
d               1.000 
e              -0.995  1.000 
g               0.975 -0.993  1.000 
h              -0.936  0.964 -0.988  1.000 


*******************************************************************************
Fri Sep  2 19:07:34 2022


FIT:    data read from "prim.dat"
        format = z
        #datapoints = 9
        residuals are weighted equally (unit weight)

function used for fitting: g(x)
	g(x)=d*x**3 + e*x**2 + k*x + h
fitted parameters initialized with current variable values

iter      chisq       delta/lim  lambda   d             e             k             h            
   0 4.3499279009e+07   0.00e+00  2.23e+03    3.577441e+00  -5.697042e+01   1.000000e+00  -4.808016e+02
   8 1.7079033189e+03  -1.28e-08  2.23e-05    3.577441e+00  -5.697042e+01   2.956549e+02  -4.808016e+02

After 8 iterations the fit converged.
final sum of squares of residuals : 1707.9
rel. change during last iteration : -1.28471e-13

degrees of freedom    (FIT_NDF)                        : 5
rms of residuals      (FIT_STDFIT) = sqrt(WSSR/ndf)    : 18.4819
variance of residuals (reduced chisquare) = WSSR/ndf   : 341.581

Final set of parameters            Asymptotic Standard Error
=======================            ==========================
d               = 3.57744          +/- 0.4895       (13.68%)
e               = -56.9704         +/- 10.33        (18.14%)
k               = 295.655          +/- 67.84        (22.95%)
h               = -480.802         +/- 136.2        (28.33%)

correlation matrix of the fit parameters:
                d      e      k      h      
d               1.000 
e              -0.995  1.000 
k               0.975 -0.993  1.000 
h              -0.936  0.964 -0.988  1.000 


*******************************************************************************
Fri Sep  2 19:07:44 2022


FIT:    data read from "prim.dat"
        format = z
        #datapoints = 9
        residuals are weighted equally (unit weight)

function used for fitting: g(x)
	g(x)=d*x**3 + l*x**2 + k*x + h
fitted parameters initialized with current variable values

iter      chisq       delta/lim  lambda   d             l             k             h            
   0 1.3427998012e+08   0.00e+00  1.62e+03    3.577441e+00   1.000000e+00   2.956549e+02  -4.808016e+02
   7 1.7079033189e+03  -5.07e-08  1.62e-04    3.577441e+00  -5.697042e+01   2.956549e+02  -4.808016e+02

After 7 iterations the fit converged.
final sum of squares of residuals : 1707.9
rel. change during last iteration : -5.0736e-13

degrees of freedom    (FIT_NDF)                        : 5
rms of residuals      (FIT_STDFIT) = sqrt(WSSR/ndf)    : 18.4819
variance of residuals (reduced chisquare) = WSSR/ndf   : 341.581

Final set of parameters            Asymptotic Standard Error
=======================            ==========================
d               = 3.57744          +/- 0.4895       (13.68%)
l               = -56.9704         +/- 10.33        (18.14%)
k               = 295.655          +/- 67.84        (22.95%)
h               = -480.802         +/- 136.2        (28.33%)

correlation matrix of the fit parameters:
                d      l      k      h      
d               1.000 
l              -0.995  1.000 
k               0.975 -0.993  1.000 
h              -0.936  0.964 -0.988  1.000 
