set sizes: {6, 5, 2, 1}, vars: 98, vectors: 14, equations: 98
con 0 is 26% redundant
con 1 is 96% redundant
con 2 is 18% redundant
con 3 is 98% redundant
con 4 is 36% redundant
con 5 is 100% redundant
con 6 is 10% redundant
con 7 is 4% redundant
con 8 is 4% redundant
con 9 is 12% redundant
con 10 is 4% redundant
con 11 is 2% redundant
con 12 is 0% redundant
con 13 is 0% redundant
con 14 is 0% redundant
con 15 is 100% redundant
con 16 is 100% redundant
con 17 is 98% redundant
con 18 is 100% redundant
con 19 is 100% redundant
con 20 is 24% redundant
con 21 is 18% redundant
con 22 is 98% redundant
con 23 is 32% redundant
con 24 is 96% redundant
con 25 is 10% redundant
con 26 is 10% redundant
con 27 is 2% redundant
con 28 is 12% redundant
con 29 is 6% redundant
con 30 is 2% redundant
con 31 is 0% redundant
con 32 is 0% redundant
con 33 is 0% redundant
con 34 is 100% redundant
con 35 is 100% redundant
con 36 is 100% redundant
con 37 is 100% redundant
con 38 is 100% redundant
con 39 is 36% redundant
con 40 is 42% redundant
con 41 is 96% redundant
con 42 is 20% redundant
con 43 is 4% redundant
con 44 is 8% redundant
con 45 is 8% redundant
con 46 is 2% redundant
con 47 is 6% redundant
con 48 is 0% redundant
con 49 is 0% redundant
con 50 is 0% redundant
con 51 is 100% redundant
con 52 is 98% redundant
con 53 is 100% redundant
con 54 is 98% redundant
con 55 is 98% redundant
con 56 is 36% redundant
con 57 is 8% redundant
con 58 is 4% redundant
con 59 is 4% redundant
con 60 is 8% redundant
con 61 is 8% redundant
con 62 is 6% redundant
con 63 is 0% redundant
con 64 is 0% redundant
con 65 is 0% redundant
con 66 is 96% redundant
con 67 is 98% redundant
con 68 is 100% redundant
con 69 is 98% redundant
con 70 is 96% redundant
con 71 is 34% redundant
con 72 is 10% redundant
con 73 is 6% redundant
con 74 is 0% redundant
con 75 is 0% redundant
con 76 is 0% redundant
con 77 is 10% redundant
con 78 is 4% redundant
con 79 is 8% redundant
con 80 is 8% redundant
con 81 is 6% redundant
con 82 is 10% redundant
con 83 is 0% redundant
con 84 is 0% redundant
con 85 is 0% redundant
con 86 is 8% redundant
con 87 is 2% redundant
con 88 is 6% redundant
con 89 is 2% redundant
con 90 is 6% redundant
con 91 is 12% redundant
con 92 is 0% redundant
con 93 is 0% redundant
con 94 is 0% redundant
con 95 is 0% redundant
con 96 is 0% redundant
con 97 is 0% redundant
redundant list = {1, 3, 5, 15, 16, 17, 18, 19, 22, 24, 34, 35, 36, 37, 38, 41, 51, 52, 53, 54, 55, 66, 67, 68, 69, 70}
2 0 100 {1, 18}
2 1 100 {68, 3}
2 2 100 {24, 15}
2 3 100 {5, 69}
2 4 100 {38, 3}
2 5 100 {41, 3}
2 6 100 {19, 68}
2 7 100 {38, 16}
2 8 100 {69, 36}
2 9 100 {52, 5}
2 10 100 {68, 67}
2 11 100 {67, 66}
2 12 100 {18, 38}
2 13 100 {22, 24}
2 14 100 {41, 35}
2 15 100 {37, 5}
2 16 100 {18, 53}
2 17 100 {69, 15}
2 18 100 {17, 37}
2 19 100 {37, 3}
3 0 100 {5, 22, 54}
3 1 100 {24, 34, 18}
3 2 100 {53, 55, 67}
3 3 100 {3, 16, 24}
3 4 100 {68, 38, 36}
3 5 100 {5, 34, 41}
3 6 100 {38, 68, 15}
3 7 100 {36, 5, 52}
3 8 100 {41, 37, 24}
3 9 100 {52, 36, 38}
3 10 100 {18, 22, 17}
3 11 100 {52, 15, 16}
3 12 100 {3, 38, 36}
3 13 100 {35, 68, 37}
3 14 100 {22, 38, 19}
3 15 100 {16, 15, 19}
3 16 100 {16, 51, 55}
3 17 100 {35, 51, 24}
3 18 100 {37, 1, 35}
3 19 100 {22, 24, 67}
4 0 100 {68, 53, 69, 3}
4 1 100 {67, 16, 68, 34}
4 2 100 {16, 22, 3, 34}
4 3 100 {34, 37, 67, 35}
4 4 98 {24, 67, 54, 52}
4 5 98 {54, 5, 53, 1}
4 6 100 {67, 37, 55, 70}
4 7 94 {36, 1, 15, 35}
4 8 100 {22, 41, 36, 24}
4 9 100 {5, 69, 3, 53}
4 10 100 {37, 15, 18, 67}
4 11 100 {53, 54, 17, 37}
4 12 100 {55, 35, 54, 5}
4 13 96 {1, 34, 38, 54}
4 14 96 {1, 53, 54, 70}
4 15 100 {54, 17, 67, 41}
4 16 100 {5, 24, 38, 41}
4 17 100 {19, 36, 55, 53}
4 18 100 {19, 52, 36, 22}
4 19 100 {69, 18, 17, 51}
5 0 94 {5, 22, 54, 35, 34}
5 1 96 {70, 18, 5, 37, 69}
5 2 98 {68, 69, 18, 22, 70}
5 3 98 {24, 34, 55, 53, 70}
5 4 100 {5, 18, 36, 52, 55}
5 5 96 {35, 19, 55, 3, 18}
5 6 94 {1, 41, 3, 52, 36}
5 7 94 {52, 22, 1, 41, 35}
5 8 86 {17, 69, 16, 5, 37}
5 9 100 {38, 18, 69, 15, 67}
5 10 100 {36, 54, 66, 38, 5}
5 11 98 {24, 16, 41, 22, 69}
5 12 100 {68, 36, 34, 16, 37}
5 13 96 {24, 51, 22, 35, 15}
5 14 96 {54, 1, 55, 22, 36}
5 15 100 {53, 34, 67, 15, 36}
5 16 100 {37, 18, 70, 36, 67}
5 17 96 {38, 17, 16, 22, 34}
5 18 100 {24, 3, 16, 41, 19}
5 19 100 {34, 52, 54, 70, 55}
6 0 96 {1, 38, 18, 68, 24, 16}
6 1 96 {34, 38, 36, 3, 66, 18}
6 2 94 {19, 24, 18, 22, 34, 1}
6 3 94 {22, 37, 35, 3, 69, 55}
6 4 96 {41, 55, 19, 1, 17, 70}
6 5 96 {53, 37, 35, 22, 5, 69}
6 6 96 {15, 51, 68, 24, 70, 37}
6 7 84 {68, 70, 18, 5, 41, 15}
6 8 92 {3, 68, 55, 67, 22, 38}
6 9 98 {52, 1, 22, 67, 68, 24}
6 10 90 {36, 53, 22, 16, 55, 5}
6 11 92 {36, 15, 17, 16, 69, 1}
6 12 90 {53, 34, 51, 41, 15, 1}
6 13 98 {18, 37, 35, 5, 19, 55}
6 14 88 {52, 15, 5, 17, 37, 16}
6 15 90 {15, 55, 34, 3, 24, 67}
6 16 94 {54, 19, 5, 16, 41, 38}
6 17 96 {52, 18, 69, 3, 70, 19}
6 18 92 {36, 35, 52, 41, 38, 22}
6 19 98 {19, 55, 35, 37, 18, 36}
7 0 96 {67, 37, 1, 38, 51, 34, 54}
7 1 84 {38, 66, 16, 5, 19, 41, 1}
7 2 88 {53, 15, 5, 37, 54, 36, 66}
7 3 88 {24, 22, 66, 35, 69, 16, 54}
7 4 96 {41, 68, 16, 18, 52, 24, 70}
7 5 82 {3, 16, 18, 5, 52, 15, 38}
7 6 92 {41, 37, 55, 53, 52, 36, 51}
7 7 84 {70, 34, 53, 41, 69, 35, 19}
7 8 86 {35, 5, 18, 36, 16, 55, 69}
7 9 96 {68, 37, 67, 54, 15, 22, 19}
7 10 80 {18, 16, 1, 3, 22, 5, 67}
7 11 88 {55, 16, 3, 37, 18, 1, 38}
7 12 84 {67, 22, 35, 53, 5, 51, 41}
7 13 74 {1, 22, 17, 15, 3, 69, 41}
7 14 82 {37, 52, 69, 5, 3, 54, 41}
7 15 86 {35, 54, 17, 37, 3, 24, 68}
7 16 88 {17, 55, 54, 15, 18, 1, 19}
7 17 78 {35, 52, 69, 37, 24, 17, 38}
7 18 82 {5, 68, 22, 37, 18, 17, 70}
7 19 82 {24, 68, 67, 34, 18, 38, 55}
8 0 74 {67, 41, 3, 52, 19, 17, 37, 1}
8 1 76 {38, 69, 3, 68, 24, 34, 70, 41}
8 2 84 {37, 55, 41, 34, 53, 67, 66, 68}
8 3 76 {24, 37, 51, 3, 36, 67, 15, 52}
8 4 70 {5, 38, 51, 41, 22, 17, 37, 54}
8 5 78 {68, 38, 41, 36, 17, 67, 1, 5}
8 6 78 {36, 1, 35, 34, 15, 66, 69, 16}
8 7 68 {37, 18, 68, 66, 1, 69, 5, 70}
8 8 86 {38, 35, 15, 68, 5, 37, 41, 1}
8 9 94 {36, 53, 19, 35, 66, 55, 52, 34}
8 10 54 {3, 54, 34, 1, 66, 52, 70, 15}
8 11 86 {54, 36, 18, 38, 52, 5, 51, 66}
8 12 68 {15, 37, 51, 34, 67, 3, 17, 16}
8 13 76 {15, 24, 53, 1, 18, 69, 36, 34}
8 14 76 {5, 54, 68, 66, 53, 37, 36, 18}
8 15 76 {38, 16, 70, 68, 3, 37, 19, 67}
8 16 74 {55, 37, 15, 38, 22, 36, 3, 53}
8 17 74 {67, 18, 41, 1, 54, 3, 24, 37}
8 18 70 {1, 37, 36, 24, 17, 70, 22, 52}
8 19 88 {35, 53, 38, 16, 5, 55, 51, 52}
9 0 64 {24, 16, 66, 19, 53, 55, 68, 22, 3}
9 1 70 {24, 1, 38, 37, 54, 70, 51, 16, 53}
9 2 62 {18, 5, 67, 17, 15, 68, 66, 70, 55}
9 3 70 {15, 70, 35, 5, 66, 18, 51, 36, 22}
9 4 62 {3, 38, 17, 54, 5, 37, 18, 66, 15}
9 5 72 {53, 36, 38, 66, 54, 51, 1, 15, 35}
9 6 74 {41, 3, 55, 19, 5, 22, 38, 15, 53}
9 7 80 {51, 34, 69, 1, 37, 17, 68, 70, 38}
9 8 84 {41, 70, 67, 55, 17, 3, 34, 22, 68}
9 9 60 {70, 22, 16, 1, 34, 69, 53, 3, 55}
9 10 78 {68, 38, 66, 22, 37, 35, 55, 67, 52}
9 11 70 {36, 15, 53, 16, 37, 17, 1, 70, 19}
9 12 60 {54, 5, 24, 18, 37, 67, 22, 1, 35}
9 13 54 {70, 38, 37, 15, 66, 3, 54, 24, 68}
9 14 68 {66, 34, 51, 17, 3, 69, 15, 5, 1}
9 15 66 {38, 66, 52, 3, 19, 22, 41, 67, 18}
9 16 70 {18, 35, 38, 52, 66, 17, 37, 69, 1}
9 17 58 {34, 70, 3, 5, 67, 16, 24, 54, 36}
9 18 80 {36, 52, 69, 54, 53, 35, 3, 37, 16}
9 19 62 {67, 5, 41, 24, 17, 38, 36, 34, 35}
10 0 44 {18, 19, 36, 52, 55, 70, 51, 41, 16, 67}
10 1 42 {69, 55, 68, 34, 70, 16, 41, 54, 22, 53}
10 2 58 {19, 52, 37, 55, 70, 1, 3, 68, 5, 24}
10 3 60 {70, 1, 53, 38, 18, 37, 3, 15, 24, 52}
10 4 72 {38, 70, 35, 68, 19, 17, 1, 34, 55, 51}
10 5 68 {67, 1, 55, 5, 15, 68, 51, 54, 24, 18}
10 6 50 {68, 18, 3, 15, 53, 35, 5, 55, 41, 19}
10 7 52 {24, 22, 54, 35, 51, 34, 70, 17, 66, 38}
10 8 58 {38, 17, 68, 35, 18, 51, 53, 41, 16, 54}
10 9 68 {37, 19, 69, 16, 68, 53, 38, 22, 24, 52}
10 10 54 {3, 69, 67, 37, 41, 34, 70, 18, 52, 16}
10 11 44 {22, 68, 38, 1, 3, 24, 52, 51, 16, 70}
10 12 60 {41, 69, 17, 16, 1, 54, 53, 18, 67, 35}
10 13 52 {18, 67, 53, 22, 35, 36, 41, 70, 54, 3}
10 14 58 {66, 36, 37, 24, 3, 17, 51, 35, 70, 53}
10 15 64 {3, 24, 52, 1, 15, 55, 34, 66, 19, 38}
10 16 66 {38, 18, 52, 16, 24, 67, 5, 35, 15, 69}
10 17 78 {17, 70, 18, 19, 53, 34, 37, 55, 51, 68}
10 18 60 {68, 51, 17, 53, 24, 36, 55, 1, 67, 3}
10 19 52 {16, 37, 70, 36, 5, 55, 22, 3, 15, 17}
11 0 56 {18, 15, 3, 36, 22, 1, 16, 66, 17, 41, 52}
11 1 52 {34, 19, 22, 18, 55, 52, 66, 24, 15, 53, 16}
