set sizes: {6, 6, 1, 1}, vars: 92, vectors: 14, equations: 95
con 0 is 0% redundant
redundant list = {1, 3, 5, 7, 14, 15, 16, 17, 18, 21, 23, 25, 32, 33, 34, 35, 36, 39, 41, 48, 49, 51, 52, 55, 62, 63, 64, 65, 66, 74, 75, 76, 77, 78}
1 0 100 {63}
1 1 100 {33}
1 2 100 {25}
1 3 100 {76}
1 4 100 {15}
1 5 100 {35}
1 6 100 {7}
1 7 100 {16}
1 8 100 {66}
1 9 100 {15}
1 10 100 {74}
1 11 100 {14}
1 12 100 {51}
1 13 100 {3}
1 14 100 {15}
1 15 100 {18}
1 16 100 {32}
1 17 100 {34}
1 18 100 {77}
1 19 100 {48}
1 20 100 {64}
1 21 100 {15}
1 22 100 {15}
1 23 100 {1}
1 24 100 {23}
1 25 100 {55}
1 26 100 {21}
1 27 100 {32}
1 28 100 {16}
1 29 100 {77}
1 30 100 {36}
1 31 100 {32}
1 32 100 {39}
1 33 100 {49}
1 34 100 {78}
1 35 100 {66}
1 36 100 {64}
1 37 100 {1}
1 38 100 {35}
1 39 100 {41}
1 40 100 {14}
1 41 100 {35}
1 42 100 {18}
1 43 100 {74}
1 44 100 {14}
1 45 100 {65}
1 46 100 {33}
1 47 100 {77}
1 48 100 {16}
1 49 100 {51}
1 50 100 {39}
1 51 100 {15}
1 52 100 {33}
1 53 100 {34}
1 54 100 {63}
1 55 100 {16}
1 56 100 {78}
1 57 100 {51}
1 58 100 {1}
1 59 100 {63}
1 60 100 {76}
1 61 100 {78}
1 62 100 {23}
1 63 100 {63}
1 64 100 {25}
1 65 100 {48}
1 66 100 {77}
1 67 100 {76}
1 68 100 {14}
1 69 100 {5}
1 70 100 {33}
1 71 100 {55}
1 72 100 {55}
1 73 100 {21}
1 74 100 {33}
1 75 100 {62}
1 76 100 {16}
1 77 100 {5}
1 78 100 {23}
1 79 100 {74}
1 80 100 {39}
1 81 100 {36}
1 82 100 {5}
1 83 100 {51}
1 84 100 {17}
1 85 100 {78}
1 86 100 {33}
1 87 100 {34}
1 88 100 {39}
1 89 100 {66}
1 90 100 {7}
1 91 100 {78}
1 92 100 {49}
1 93 100 {75}
1 94 100 {39}
1 95 100 {55}
1 96 100 {74}
1 97 100 {41}
1 98 100 {33}
1 99 100 {7}
2 0 100 {18, 62}
2 1 100 {1, 63}
2 2 100 {52, 5}
2 3 100 {5, 25}
2 4 100 {55, 34}
2 5 100 {34, 48}
2 6 100 {78, 62}
2 7 100 {64, 63}
2 8 100 {34, 33}
2 9 100 {78, 52}
2 10 100 {16, 64}
2 11 100 {74, 36}
2 12 100 {25, 75}
2 13 100 {3, 74}
2 14 100 {52, 16}
2 15 100 {41, 76}
2 16 100 {49, 23}
2 17 100 {5, 66}
2 18 100 {64, 21}
2 19 100 {17, 77}
2 20 100 {35, 51}
2 21 100 {7, 35}
2 22 100 {75, 17}
2 23 100 {1, 62}
2 24 100 {62, 36}
2 25 100 {66, 49}
2 26 100 {23, 65}
2 27 100 {15, 23}
2 28 100 {51, 33}
2 29 100 {23, 76}
2 30 100 {18, 23}
2 31 100 {1, 55}
2 32 100 {36, 48}
2 33 100 {49, 75}
2 34 100 {17, 52}
2 35 100 {75, 34}
2 36 100 {35, 64}
2 37 100 {25, 23}
2 38 100 {21, 25}
2 39 100 {5, 3}
2 40 100 {17, 25}
2 41 100 {23, 74}
2 42 100 {52, 3}
2 43 100 {15, 49}
2 44 100 {39, 51}
2 45 100 {55, 77}
2 46 100 {55, 1}
2 47 100 {3, 5}
2 48 100 {51, 32}
2 49 100 {32, 34}
2 50 100 {3, 17}
2 51 100 {76, 51}
2 52 100 {14, 63}
2 53 100 {17, 51}
2 54 100 {77, 14}
2 55 100 {62, 39}
2 56 100 {48, 75}
2 57 100 {21, 18}
2 58 100 {74, 33}
2 59 100 {76, 32}
2 60 100 {18, 23}
2 61 100 {7, 18}
2 62 100 {18, 16}
2 63 100 {48, 75}
2 64 100 {64, 7}
2 65 100 {23, 39}
2 66 100 {25, 33}
2 67 100 {48, 15}
2 68 100 {78, 35}
2 69 100 {5, 7}
2 70 100 {3, 21}
2 71 100 {78, 3}
2 72 100 {63, 16}
2 73 100 {36, 78}
2 74 100 {51, 25}
2 75 100 {14, 66}
2 76 100 {25, 55}
2 77 100 {39, 23}
2 78 100 {55, 21}
2 79 100 {76, 74}
2 80 100 {77, 3}
2 81 100 {55, 25}
2 82 100 {39, 33}
2 83 100 {49, 78}
2 84 100 {18, 34}
2 85 100 {21, 3}
2 86 100 {78, 32}
2 87 100 {1, 39}
2 88 100 {35, 62}
2 89 100 {34, 51}
2 90 100 {14, 78}
2 91 100 {23, 3}
2 92 100 {21, 77}
2 93 100 {16, 1}
2 94 100 {7, 78}
2 95 100 {21, 17}
2 96 100 {66, 14}
2 97 100 {23, 36}
2 98 100 {16, 14}
2 99 100 {7, 18}
3 0 100 {36, 34, 3}
3 1 100 {49, 65, 51}
3 2 100 {32, 74, 75}
3 3 100 {75, 48, 33}
3 4 100 {5, 1, 39}
3 5 100 {15, 18, 41}
3 6 100 {48, 55, 3}
3 7 100 {66, 21, 41}
3 8 99 {64, 62, 15}
3 9 100 {17, 3, 1}
3 10 100 {63, 32, 21}
3 11 100 {65, 33, 39}
3 12 100 {65, 78, 3}
3 13 100 {17, 16, 74}
3 14 100 {76, 64, 21}
3 15 100 {16, 21, 5}
3 16 100 {35, 63, 36}
3 17 100 {76, 75, 15}
3 18 100 {5, 21, 55}
3 19 100 {64, 48, 49}
3 20 100 {35, 5, 65}
3 21 100 {62, 75, 49}
3 22 100 {21, 33, 49}
3 23 100 {36, 76, 66}
3 24 100 {1, 48, 55}
3 25 100 {3, 36, 17}
3 26 100 {41, 7, 77}
3 27 100 {49, 18, 5}
3 28 100 {16, 74, 35}
3 29 100 {66, 77, 36}
3 30 100 {77, 49, 15}
3 31 100 {62, 76, 1}
3 32 99 {16, 35, 18}
3 33 100 {25, 15, 74}
3 34 100 {23, 16, 75}
3 35 100 {75, 62, 23}
3 36 100 {14, 7, 3}
3 37 100 {14, 16, 49}
3 38 100 {1, 15, 25}
3 39 100 {14, 35, 18}
3 40 100 {34, 52, 62}
3 41 100 {52, 65, 78}
3 42 100 {77, 62, 23}
3 43 100 {41, 18, 35}
3 44 100 {33, 14, 63}
3 45 100 {21, 32, 23}
3 46 99 {78, 75, 21}
3 47 100 {64, 16, 17}
3 48 100 {16, 23, 64}
3 49 100 {5, 78, 35}
3 50 100 {35, 48, 55}
3 51 100 {25, 3, 52}
3 52 100 {51, 36, 35}
3 53 100 {3, 32, 39}
3 54 100 {16, 74, 52}
3 55 100 {77, 3, 41}
3 56 100 {75, 48, 55}
3 57 100 {78, 34, 64}
3 58 100 {62, 32, 65}
3 59 100 {1, 18, 41}
3 60 100 {35, 14, 33}
3 61 100 {3, 23, 17}
3 62 100 {65, 32, 48}
3 63 100 {49, 15, 17}
3 64 100 {63, 41, 48}
3 65 100 {5, 51, 74}
3 66 100 {66, 64, 33}
3 67 100 {65, 25, 33}
3 68 100 {7, 25, 77}
3 69 100 {33, 55, 78}
3 70 100 {63, 62, 5}
3 71 100 {34, 41, 55}
3 72 100 {74, 52, 49}
3 73 100 {63, 5, 33}
3 74 100 {48, 76, 36}
3 75 100 {23, 74, 33}
3 76 100 {33, 39, 34}
3 77 100 {1, 41, 55}
3 78 100 {23, 66, 35}
3 79 100 {36, 23, 14}
3 80 100 {3, 52, 77}
3 81 100 {23, 78, 36}
3 82 100 {33, 15, 49}
3 83 100 {55, 15, 25}
3 84 100 {5, 76, 35}
3 85 100 {15, 62, 74}
3 86 100 {7, 16, 35}
3 87 100 {39, 51, 62}
3 88 100 {36, 75, 74}
3 89 100 {66, 1, 77}
3 90 100 {77, 33, 34}
3 91 100 {66, 77, 49}
3 92 100 {14, 23, 25}
3 93 100 {5, 21, 33}
3 94 100 {3, 76, 34}
3 95 100 {33, 77, 76}
3 96 100 {36, 32, 41}
3 97 100 {55, 23, 1}
3 98 100 {66, 74, 7}
3 99 100 {75, 36, 78}
4 0 100 {15, 62, 25, 23}
4 1 100 {17, 15, 23, 33}
4 2 100 {78, 75, 14, 32}
4 3 100 {41, 62, 18, 76}
4 4 100 {55, 49, 63, 23}
4 5 100 {66, 55, 25, 34}
4 6 100 {65, 78, 62, 33}
4 7 100 {35, 21, 51, 7}
4 8 100 {15, 62, 16, 41}
4 9 100 {66, 35, 25, 32}
4 10 100 {7, 32, 76, 62}
4 11 100 {74, 52, 36, 5}
4 12 100 {62, 23, 36, 76}
4 13 100 {39, 36, 1, 78}
4 14 100 {52, 62, 39, 15}
4 15 100 {36, 52, 25, 65}
4 16 100 {55, 7, 25, 64}
4 17 100 {49, 74, 62, 66}
4 18 100 {62, 41, 23, 17}
4 19 100 {77, 48, 35, 25}
4 20 100 {23, 49, 65, 34}
4 21 100 {76, 16, 78, 15}
4 22 100 {49, 63, 75, 48}
4 23 100 {5, 77, 35, 39}
4 24 100 {49, 62, 39, 23}
4 25 100 {34, 48, 77, 78}
4 26 100 {64, 18, 63, 39}
4 27 100 {23, 64, 14, 78}
4 28 100 {78, 15, 21, 34}
4 29 100 {25, 63, 55, 41}
4 30 100 {18, 17, 23, 74}
4 31 100 {41, 51, 78, 64}
4 32 100 {3, 14, 25, 17}
4 33 100 {17, 33, 35, 48}
4 34 100 {23, 75, 14, 17}
4 35 100 {17, 35, 76, 78}
4 36 100 {3, 62, 16, 52}
4 37 100 {66, 14, 52, 77}
4 38 100 {15, 14, 33, 7}
4 39 100 {62, 17, 25, 66}
4 40 100 {48, 33, 77, 78}
4 41 100 {35, 5, 7, 36}
4 42 100 {21, 74, 5, 55}
4 43 100 {75, 21, 7, 34}
4 44 100 {75, 41, 49, 15}
4 45 100 {49, 36, 75, 62}
4 46 100 {23, 17, 65, 51}
4 47 100 {52, 75, 23, 65}
4 48 100 {23, 39, 32, 48}
4 49 100 {52, 15, 78, 34}
4 50 100 {23, 65, 25, 52}
4 51 99 {17, 3, 48, 18}
4 52 100 {33, 48, 63, 78}
4 53 100 {35, 64, 21, 66}
4 54 100 {78, 16, 5, 64}
4 55 99 {65, 51, 48, 66}
4 56 100 {78, 65, 35, 32}
4 57 100 {41, 66, 65, 17}
4 58 100 {7, 25, 49, 63}
4 59 100 {65, 78, 77, 74}
4 60 100 {21, 5, 75, 41}
4 61 100 {5, 17, 48, 39}
4 62 100 {25, 33, 21, 66}
4 63 100 {49, 74, 34, 64}
4 64 100 {77, 34, 5, 39}
4 65 100 {21, 16, 63, 52}
4 66 100 {14, 35, 33, 62}
4 67 100 {16, 18, 74, 64}
4 68 99 {32, 14, 66, 34}
4 69 100 {55, 63, 66, 25}
4 70 100 {21, 23, 17, 51}
4 71 100 {36, 17, 49, 33}
4 72 99 {18, 17, 62, 74}
4 73 100 {55, 65, 21, 52}
4 74 100 {62, 1, 49, 65}
4 75 100 {48, 49, 74, 75}
4 76 100 {78, 18, 66, 75}
4 77 100 {78, 1, 3, 51}
4 78 100 {16, 35, 64, 65}
4 79 100 {65, 63, 25, 16}
4 80 100 {77, 64, 74, 55}
4 81 100 {16, 51, 7, 35}
4 82 100 {32, 52, 34, 39}
4 83 100 {15, 18, 25, 49}
4 84 100 {17, 76, 7, 55}
4 85 100 {32, 75, 65, 34}
4 86 100 {74, 16, 62, 18}
4 87 100 {78, 15, 33, 63}
4 88 100 {62, 78, 23, 3}
4 89 100 {5, 77, 76, 48}
4 90 100 {65, 5, 75, 74}
4 91 100 {17, 3, 74, 77}
4 92 100 {49, 32, 21, 66}
4 93 100 {1, 55, 25, 35}
4 94 100 {15, 7, 76, 55}
4 95 100 {77, 62, 17, 33}
4 96 100 {36, 63, 74, 3}
4 97 100 {14, 35, 3, 5}
4 98 100 {25, 14, 32, 77}
4 99 100 {66, 34, 52, 64}
5 0 100 {49, 63, 16, 64, 14}
5 1 100 {32, 65, 1, 18, 14}
5 2 100 {66, 76, 1, 74, 65}
5 3 100 {15, 14, 41, 48, 75}
5 4 100 {55, 36, 78, 52, 3}
5 5 100 {7, 52, 16, 23, 55}
5 6 100 {34, 64, 33, 52, 25}
5 7 100 {3, 16, 35, 51, 25}
5 8 100 {78, 17, 63, 14, 16}
5 9 100 {17, 25, 41, 74, 18}
5 10 100 {3, 78, 17, 63, 74}
5 11 100 {25, 41, 14, 36, 75}
5 12 100 {35, 74, 18, 21, 15}
5 13 100 {35, 3, 16, 5, 75}
5 14 100 {74, 49, 77, 78, 55}
5 15 100 {5, 55, 32, 17, 65}
5 16 100 {3, 23, 33, 5, 34}
5 17 100 {3, 78, 75, 39, 34}
5 18 100 {35, 65, 49, 17, 66}
5 19 100 {52, 17, 23, 48, 14}
5 20 100 {32, 14, 21, 55, 41}
5 21 100 {51, 74, 39, 16, 33}
5 22 100 {62, 74, 33, 66, 52}
5 23 100 {41, 51, 76, 52, 14}
5 24 100 {16, 62, 21, 64, 77}
5 25 100 {52, 49, 3, 35, 55}
5 26 100 {16, 52, 1, 77, 32}
5 27 100 {15, 25, 17, 76, 21}
5 28 100 {32, 48, 14, 25, 76}
5 29 100 {5, 25, 32, 18, 65}
5 30 100 {64, 21, 35, 78, 51}
5 31 100 {32, 49, 39, 5, 35}
5 32 100 {62, 64, 66, 76, 75}
5 33 99 {77, 76, 1, 32, 51}
5 34 100 {49, 5, 55, 75, 35}
5 35 100 {63, 78, 18, 74, 7}
5 36 100 {32, 7, 55, 25, 75}
5 37 100 {32, 16, 76, 64, 39}
5 38 100 {34, 36, 48, 14, 76}
5 39 100 {33, 51, 63, 14, 55}
5 40 100 {74, 75, 51, 23, 5}
5 41 100 {41, 52, 66, 78, 48}
5 42 99 {74, 55, 77, 3, 14}
5 43 100 {34, 15, 64, 33, 36}
5 44 100 {33, 75, 35, 48, 62}
5 45 100 {65, 74, 15, 36, 77}
5 46 100 {25, 48, 32, 34, 21}
5 47 100 {18, 7, 36, 62, 77}
5 48 100 {33, 5, 21, 32, 35}
5 49 100 {23, 14, 65, 66, 17}
5 50 100 {34, 3, 74, 66, 36}
5 51 100 {52, 76, 17, 55, 66}
5 52 100 {36, 3, 16, 32, 21}
5 53 100 {32, 25, 75, 3, 48}
5 54 100 {39, 33, 15, 76, 48}
5 55 100 {25, 66, 17, 55, 16}
5 56 100 {18, 34, 39, 7, 5}
5 57 100 {15, 51, 39, 21, 77}
5 58 100 {1, 41, 36, 66, 15}
5 59 100 {51, 34, 14, 41, 16}
5 60 100 {36, 16, 55, 76, 25}
5 61 100 {48, 49, 1, 18, 7}
5 62 100 {63, 25, 17, 3, 21}
5 63 100 {17, 32, 52, 3, 75}
5 64 98 {55, 15, 17, 34, 35}
5 65 100 {77, 65, 76, 21, 34}
5 66 100 {66, 48, 35, 5, 34}
5 67 100 {77, 39, 17, 18, 62}
5 68 100 {36, 75, 17, 66, 33}
5 69 100 {49, 35, 66, 48, 25}
5 70 100 {32, 62, 14, 15, 16}
5 71 100 {63, 33, 25, 15, 78}
5 72 100 {5, 52, 41, 32, 15}
5 73 100 {1, 48, 55, 39, 33}
5 74 100 {52, 21, 55, 33, 14}
5 75 100 {49, 51, 25, 78, 77}
5 76 100 {48, 64, 76, 33, 39}
5 77 99 {34, 32, 66, 5, 39}
5 78 100 {41, 33, 1, 75, 14}
5 79 100 {33, 55, 66, 32, 78}
5 80 100 {23, 21, 5, 18, 36}
5 81 100 {5, 16, 41, 3, 49}
5 82 100 {7, 55, 39, 32, 64}
5 83 100 {3, 23, 51, 41, 55}
5 84 99 {63, 62, 65, 39, 49}
5 85 100 {1, 75, 14, 36, 41}
5 86 100 {14, 55, 41, 23, 64}
5 87 100 {16, 25, 5, 63, 1}
5 88 100 {17, 39, 5, 41, 1}
5 89 100 {49, 32, 17, 18, 48}
5 90 100 {39, 17, 18, 15, 36}
5 91 100 {21, 62, 36, 5, 41}
5 92 100 {3, 34, 51, 65, 62}
5 93 100 {3, 16, 62, 66, 48}
5 94 100 {62, 35, 49, 34, 55}
5 95 100 {35, 62, 34, 1, 63}
5 96 100 {3, 41, 62, 14, 35}
5 97 100 {25, 41, 7, 77, 63}
5 98 100 {52, 75, 3, 74, 55}
5 99 100 {65, 51, 76, 41, 1}
6 0 100 {36, 7, 63, 21, 55, 35}
6 1 100 {63, 23, 74, 17, 66, 36}
6 2 100 {64, 32, 65, 55, 52, 51}
6 3 99 {48, 62, 14, 17, 3, 74}
set sizes: {6, 6, 1, 1}, vars: 92, vectors: 14, equations: 95
con 0 is 0% redundant
redundant list = {1, 3, 5, 7, 14, 15, 16, 17, 18, 21, 23, 25, 32, 33, 34, 35, 36, 39, 41, 48, 49, 51, 52, 55, 62, 63, 64, 65, 66, 74, 75, 76, 77, 78}
7 0 100 {77, 7, 55, 34, 36, 16, 65}
7 1 100 {32, 77, 76, 15, 41, 78, 35}
7 2 100 {17, 23, 76, 7, 16, 62, 21}
7 3 98 {7, 35, 1, 23, 5, 66, 65}
7 4 100 {75, 48, 14, 21, 51, 23, 32}
7 5 99 {15, 18, 33, 78, 76, 66, 52}
7 6 99 {34, 66, 65, 63, 74, 48, 33}
7 7 100 {63, 35, 18, 36, 78, 62, 49}
7 8 100 {33, 25, 34, 62, 48, 52, 7}
7 9 98 {63, 62, 66, 5, 36, 35, 55}
7 10 100 {66, 25, 52, 78, 77, 17, 76}
7 11 100 {41, 33, 34, 17, 63, 52, 65}
7 12 100 {23, 66, 64, 51, 14, 32, 15}
7 13 100 {64, 52, 25, 76, 49, 17, 32}
7 14 100 {77, 76, 52, 21, 3, 25, 17}
7 15 98 {15, 25, 49, 5, 17, 52, 64}
7 16 100 {66, 5, 65, 7, 32, 41, 35}
7 17 96 {32, 3, 14, 5, 41, 18, 17}
7 18 99 {3, 39, 41, 14, 16, 7, 17}
7 19 99 {74, 34, 51, 75, 17, 35, 64}
7 20 100 {39, 17, 18, 41, 62, 1, 66}
7 21 100 {63, 52, 78, 16, 21, 23, 39}
7 22 100 {51, 49, 17, 14, 75, 36, 74}
7 23 100 {49, 34, 17, 14, 55, 3, 76}
7 24 100 {77, 35, 17, 25, 33, 18, 65}
7 25 100 {66, 32, 15, 21, 16, 39, 78}
7 26 99 {18, 49, 51, 15, 41, 17, 3}
7 27 98 {77, 65, 52, 76, 64, 49, 35}
7 28 99 {17, 5, 14, 32, 52, 33, 25}
7 29 99 {7, 39, 78, 36, 34, 66, 41}
7 30 100 {23, 35, 32, 64, 51, 34, 52}
7 31 100 {75, 52, 78, 74, 34, 3, 55}
7 32 100 {74, 7, 41, 64, 32, 15, 17}
7 33 100 {35, 32, 5, 51, 77, 33, 48}
7 34 100 {7, 33, 75, 63, 18, 34, 21}
7 35 100 {7, 78, 21, 74, 66, 41, 62}
7 36 100 {33, 39, 35, 3, 52, 14, 25}
7 37 100 {5, 25, 1, 52, 36, 77, 51}
7 38 100 {18, 74, 64, 16, 21, 17, 36}
7 39 100 {14, 41, 78, 16, 48, 32, 75}
7 40 100 {25, 7, 34, 63, 33, 32, 35}
7 41 99 {35, 1, 3, 34, 14, 36, 76}
7 42 100 {76, 77, 78, 49, 41, 18, 66}
7 43 99 {78, 23, 74, 35, 77, 7, 64}
7 44 100 {49, 52, 18, 34, 39, 14, 55}
7 45 100 {55, 1, 35, 21, 3, 78, 63}
7 46 100 {78, 15, 39, 25, 21, 62, 5}
7 47 100 {5, 77, 62, 65, 48, 74, 52}
7 48 99 {25, 51, 52, 41, 66, 39, 14}
7 49 95 {5, 63, 17, 33, 23, 39, 66}
7 50 100 {51, 18, 77, 34, 17, 15, 41}
7 51 100 {32, 16, 21, 55, 48, 65, 17}
7 52 100 {66, 15, 65, 16, 36, 25, 78}
7 53 100 {21, 1, 65, 75, 16, 62, 77}
7 54 99 {5, 51, 33, 77, 1, 74, 17}
7 55 99 {52, 65, 16, 18, 48, 49, 51}
7 56 100 {63, 62, 41, 1, 76, 66, 25}
7 57 99 {52, 78, 14, 7, 23, 34, 41}
7 58 100 {7, 33, 65, 23, 16, 17, 66}
7 59 100 {41, 77, 32, 64, 3, 52, 55}
7 60 100 {21, 48, 63, 34, 23, 1, 3}
7 61 99 {52, 75, 35, 34, 51, 78, 21}
7 62 98 {32, 75, 18, 35, 55, 78, 66}
7 63 100 {48, 63, 14, 33, 64, 34, 16}
7 64 99 {51, 35, 21, 16, 34, 65, 75}
7 65 100 {21, 16, 18, 76, 75, 39, 41}
7 66 100 {16, 76, 33, 49, 25, 65, 55}
7 67 100 {64, 17, 18, 48, 76, 62, 75}
7 68 100 {15, 36, 32, 16, 39, 78, 17}
7 69 100 {74, 34, 62, 65, 5, 33, 55}
7 70 100 {25, 78, 15, 5, 35, 14, 75}
7 71 100 {78, 7, 18, 63, 32, 3, 48}
7 72 99 {63, 33, 16, 35, 65, 75, 14}
7 73 99 {65, 21, 52, 3, 33, 49, 17}
7 74 99 {14, 78, 15, 36, 74, 33, 32}
7 75 100 {55, 63, 78, 51, 74, 18, 75}
7 76 100 {25, 5, 55, 23, 52, 18, 65}
7 77 99 {15, 39, 49, 34, 77, 75, 7}
7 78 99 {34, 39, 32, 33, 41, 78, 66}
7 79 98 {7, 65, 48, 66, 23, 49, 63}
7 80 100 {52, 76, 78, 33, 55, 66, 41}
7 81 100 {77, 75, 25, 23, 64, 14, 3}
7 82 100 {36, 65, 18, 76, 23, 21, 51}
7 83 100 {52, 62, 15, 36, 76, 65, 48}
7 84 100 {36, 52, 17, 32, 48, 78, 77}
7 85 98 {5, 77, 39, 7, 23, 34, 51}
7 86 97 {65, 35, 76, 77, 64, 66, 78}
7 87 100 {78, 34, 14, 76, 5, 35, 62}
7 88 100 {74, 21, 17, 41, 49, 64, 39}
7 89 100 {21, 25, 36, 64, 55, 41, 15}
7 90 99 {77, 48, 41, 21, 39, 36, 65}
7 91 100 {64, 18, 15, 35, 17, 36, 76}
7 92 100 {52, 18, 76, 5, 78, 48, 32}
7 93 97 {1, 34, 66, 23, 5, 64, 15}
7 94 100 {16, 49, 65, 36, 18, 51, 76}
7 95 100 {17, 64, 62, 16, 74, 21, 63}
7 96 100 {41, 63, 34, 18, 36, 23, 15}
7 97 100 {18, 62, 77, 33, 1, 41, 21}
7 98 100 {18, 33, 5, 65, 25, 49, 74}
7 99 100 {39, 76, 14, 51, 52, 77, 64}
8 0 99 {15, 52, 78, 64, 23, 32, 21, 62}
8 1 98 {35, 17, 1, 21, 41, 33, 51, 62}
8 2 98 {33, 7, 14, 77, 34, 49, 3, 41}
8 3 98 {23, 55, 32, 49, 33, 14, 16, 75}
8 4 100 {74, 41, 75, 16, 66, 78, 62, 63}
8 5 99 {77, 1, 41, 48, 17, 52, 5, 64}
8 6 99 {51, 23, 21, 35, 15, 52, 64, 33}
8 7 99 {75, 63, 78, 36, 41, 17, 23, 16}
8 8 98 {14, 41, 1, 18, 5, 33, 49, 48}
8 9 100 {32, 25, 55, 33, 21, 63, 75, 35}
8 10 100 {52, 63, 66, 25, 51, 64, 16, 17}
8 11 99 {17, 74, 35, 65, 34, 64, 76, 75}
8 12 99 {76, 32, 62, 77, 41, 7, 15, 33}
8 13 100 {39, 3, 49, 63, 18, 5, 21, 78}
8 14 98 {64, 49, 14, 55, 52, 48, 78, 7}
8 15 100 {25, 14, 16, 51, 74, 15, 34, 23}
8 16 100 {51, 52, 62, 14, 18, 35, 3, 33}
8 17 100 {5, 32, 18, 3, 64, 63, 76, 15}
8 18 100 {78, 21, 5, 52, 49, 55, 66, 39}
8 19 99 {52, 14, 76, 55, 32, 1, 41, 23}
8 20 98 {74, 18, 17, 63, 1, 75, 7, 34}
8 21 99 {64, 33, 63, 34, 66, 23, 78, 36}
8 22 98 {78, 1, 36, 49, 18, 7, 25, 39}
8 23 99 {48, 78, 35, 51, 65, 52, 25, 64}
8 24 96 {25, 18, 41, 34, 75, 15, 62, 32}
8 25 99 {74, 23, 39, 5, 14, 66, 3, 7}
8 26 94 {23, 21, 65, 41, 39, 34, 52, 51}
8 27 90 {78, 34, 75, 51, 7, 48, 74, 41}
8 28 100 {65, 34, 66, 52, 55, 77, 51, 7}
8 29 100 {62, 49, 32, 76, 7, 33, 15, 21}
8 30 100 {48, 34, 62, 35, 3, 77, 55, 41}
8 31 100 {63, 51, 65, 74, 14, 18, 49, 7}
8 32 99 {77, 78, 3, 17, 25, 51, 35, 75}
8 33 99 {41, 34, 17, 7, 35, 75, 77, 64}
8 34 98 {66, 76, 64, 34, 25, 15, 62, 16}
8 35 100 {34, 32, 5, 7, 65, 21, 62, 74}
8 36 99 {77, 41, 23, 55, 65, 1, 16, 18}
8 37 100 {52, 5, 39, 66, 15, 76, 36, 78}
8 38 97 {65, 14, 35, 41, 63, 16, 39, 34}
set sizes: {6, 6, 1, 1}, vars: 92, vectors: 14, equations: 95
redundant list = {1, 3, 5, 7, 14, 15, 16, 17, 18, 21, 23, 25, 32, 33, 34, 35, 36, 39, 41, 48, 49, 51, 52, 55, 62, 63, 64, 65, 66, 74, 75, 76, 77, 78}
9 0 98 {3, 35, 49, 14, 16, 66, 52, 51, 17}
9 1 96 {76, 25, 77, 23, 39, 16, 21, 64, 65}
9 2 98 {32, 18, 3, 35, 78, 48, 23, 52, 64}
9 3 100 {63, 62, 66, 49, 14, 48, 52, 64, 35}
9 4 90 {15, 75, 32, 23, 25, 52, 36, 7, 33}
9 5 96 {14, 55, 36, 78, 52, 74, 76, 16, 18}
9 6 100 {33, 36, 66, 3, 64, 17, 35, 51, 18}
9 7 92 {74, 39, 51, 75, 76, 7, 34, 17, 21}
9 8 96 {65, 78, 25, 18, 14, 39, 66, 1, 34}
9 9 94 {25, 62, 75, 65, 78, 39, 76, 32, 74}
9 10 96 {64, 78, 7, 33, 65, 1, 63, 75, 5}
9 11 100 {52, 64, 76, 78, 39, 14, 15, 3, 66}
9 12 98 {32, 62, 51, 18, 41, 5, 65, 33, 55}
9 13 94 {1, 55, 21, 39, 7, 62, 75, 16, 17}
9 14 94 {74, 17, 33, 32, 41, 55, 51, 18, 23}
9 15 98 {17, 23, 14, 18, 77, 3, 62, 55, 36}
9 16 98 {1, 77, 17, 33, 62, 35, 52, 5, 74}
9 17 98 {25, 36, 74, 75, 48, 51, 23, 77, 1}
9 18 92 {5, 49, 7, 16, 75, 25, 18, 39, 21}
9 19 100 {52, 78, 75, 48, 66, 33, 21, 16, 65}
9 20 94 {64, 65, 1, 49, 55, 63, 77, 3, 74}
9 21 100 {75, 55, 77, 66, 15, 48, 18, 17, 36}
9 22 96 {17, 35, 66, 23, 65, 48, 25, 55, 3}
9 23 88 {16, 7, 17, 55, 36, 74, 39, 76, 23}
9 24 92 {65, 63, 32, 5, 15, 21, 77, 39, 41}
9 25 94 {62, 39, 74, 51, 18, 3, 76, 55, 15}
9 26 90 {16, 17, 14, 18, 66, 33, 3, 1, 65}
9 27 96 {64, 55, 34, 7, 35, 36, 51, 5, 77}
9 28 92 {1, 21, 7, 74, 41, 76, 36, 34, 16}
9 29 98 {17, 48, 66, 49, 52, 32, 39, 78, 18}
9 30 98 {17, 15, 62, 39, 16, 52, 64, 55, 66}
9 31 96 {75, 14, 62, 1, 23, 33, 64, 16, 36}
9 32 86 {21, 5, 34, 36, 14, 33, 7, 25, 35}
9 33 100 {23, 75, 51, 64, 33, 16, 78, 5, 25}
9 34 92 {74, 14, 35, 23, 41, 5, 18, 1, 16}
9 35 88 {66, 49, 3, 41, 34, 15, 14, 36, 23}
9 36 98 {78, 32, 66, 36, 5, 62, 76, 7, 3}
9 37 92 {64, 17, 25, 7, 55, 39, 41, 1, 74}
9 38 100 {36, 51, 33, 52, 77, 21, 66, 18, 76}
set sizes: {6, 6, 1, 1}, vars: 92, vectors: 14, equations: 95
redundant list = {1, 3, 5, 7, 14, 15, 16, 17, 18, 21, 23, 25, 32, 33, 34, 35, 36, 39, 41, 48, 49, 51, 52, 55, 62, 63, 64, 65, 66, 74, 75, 76, 77, 78}
10 0 90 {49, 76, 3, 74, 23, 64, 14, 62, 75, 5}
10 1 82 {18, 23, 17, 78, 34, 3, 62, 36, 25, 51}
10 2 98 {25, 17, 48, 23, 74, 66, 63, 32, 62, 51}
10 3 84 {17, 5, 41, 76, 49, 34, 52, 65, 51, 74}
10 4 98 {77, 33, 36, 14, 18, 65, 35, 15, 48, 7}
10 5 98 {48, 14, 3, 63, 76, 16, 15, 23, 64, 62}
10 6 82 {5, 51, 75, 16, 49, 55, 62, 14, 17, 1}
10 7 72 {75, 7, 55, 78, 76, 16, 65, 77, 32, 23}
10 8 88 {41, 15, 48, 25, 62, 16, 35, 32, 14, 39}
10 9 88 {5, 36, 77, 1, 18, 51, 75, 7, 63, 62}
10 10 92 {55, 35, 5, 36, 18, 41, 78, 32, 66, 65}
10 11 94 {34, 36, 49, 51, 75, 76, 41, 78, 1, 15}
10 12 96 {35, 76, 41, 62, 77, 33, 65, 21, 66, 64}
10 13 78 {77, 18, 48, 25, 17, 23, 7, 41, 78, 55}
10 14 88 {33, 78, 48, 41, 75, 7, 34, 63, 52, 5}
10 15 88 {63, 21, 23, 15, 33, 1, 7, 62, 74, 77}
10 16 76 {17, 5, 3, 36, 48, 41, 21, 32, 52, 7}
10 17 88 {3, 64, 14, 25, 55, 65, 76, 35, 5, 7}
10 18 100 {17, 78, 52, 36, 33, 75, 48, 23, 15, 16}
10 19 94 {74, 49, 66, 21, 63, 62, 65, 15, 34, 7}
11 0 74 {77, 64, 32, 1, 3, 52, 36, 14, 39, 41, 35}
11 1 76 {63, 15, 5, 17, 36, 51, 76, 3, 14, 39, 78}
11 2 88 {52, 76, 74, 14, 35, 49, 66, 64, 21, 7, 41}
11 3 86 {33, 3, 77, 65, 16, 48, 32, 39, 66, 23, 17}
11 4 74 {5, 77, 74, 18, 64, 33, 17, 1, 7, 14, 21}
11 5 68 {55, 52, 49, 41, 48, 36, 39, 3, 32, 23, 75}
11 6 78 {23, 35, 21, 15, 3, 7, 76, 14, 41, 18, 62}
11 7 92 {15, 77, 52, 16, 78, 35, 76, 66, 65, 18, 49}
11 8 82 {39, 15, 35, 36, 64, 14, 23, 76, 25, 77, 16}
11 9 74 {65, 66, 25, 74, 21, 39, 62, 48, 23, 5, 36}
11 10 94 {75, 76, 77, 3, 66, 15, 36, 34, 18, 39, 35}
11 11 76 {3, 25, 76, 32, 49, 78, 65, 21, 52, 39, 62}
11 12 80 {35, 5, 18, 39, 3, 62, 7, 49, 76, 15, 1}
11 13 80 {23, 5, 25, 17, 51, 78, 39, 76, 52, 48, 18}
11 14 80 {76, 63, 78, 41, 33, 18, 39, 32, 15, 75, 21}
11 15 86 {55, 35, 7, 14, 17, 66, 21, 18, 51, 36, 52}
11 16 78 {63, 64, 62, 17, 75, 41, 5, 78, 76, 16, 25}
11 17 76 {77, 64, 63, 39, 74, 78, 18, 23, 5, 65, 49}
11 18 90 {75, 36, 33, 62, 5, 64, 52, 35, 32, 7, 1}
11 19 74 {36, 7, 21, 48, 64, 14, 3, 78, 75, 5, 18}
12 0 54 {77, 41, 55, 32, 5, 34, 25, 7, 78, 15, 74, 51}
12 1 66 {23, 66, 65, 35, 15, 25, 63, 7, 16, 62, 5, 21}
12 2 72 {65, 23, 66, 64, 16, 77, 75, 35, 1, 33, 48, 3}
12 3 92 {48, 17, 5, 51, 35, 77, 23, 64, 62, 33, 16, 74}
12 4 62 {49, 75, 41, 25, 66, 39, 16, 5, 32, 1, 63, 62}
12 5 88 {48, 78, 74, 17, 65, 41, 18, 64, 75, 33, 77, 32}
12 6 66 {17, 23, 32, 18, 63, 15, 64, 48, 39, 5, 49, 34}
12 7 66 {7, 75, 52, 48, 64, 51, 76, 41, 36, 18, 1, 34}
12 8 82 {52, 17, 49, 23, 32, 48, 15, 18, 34, 51, 7, 35}
12 9 64 {7, 66, 16, 15, 5, 55, 49, 74, 25, 36, 21, 75}
12 10 74 {55, 62, 36, 39, 74, 15, 23, 65, 18, 77, 32, 5}
12 11 70 {48, 15, 23, 18, 76, 62, 41, 14, 74, 49, 5, 7}
12 12 76 {23, 25, 36, 16, 55, 3, 74, 64, 7, 18, 35, 75}
12 13 52 {3, 48, 5, 23, 63, 16, 17, 76, 7, 15, 1, 62}
12 14 72 {21, 3, 51, 78, 74, 65, 62, 23, 1, 55, 17, 39}
12 15 84 {14, 64, 33, 51, 7, 52, 62, 49, 78, 55, 41, 18}
12 16 78 {66, 52, 34, 49, 77, 51, 17, 75, 36, 78, 21, 39}
12 17 82 {76, 52, 32, 48, 23, 15, 18, 78, 74, 7, 63, 25}
12 18 60 {66, 34, 35, 75, 23, 7, 78, 55, 64, 41, 77, 16}
12 19 68 {41, 14, 77, 16, 23, 7, 74, 1, 76, 36, 5, 32}
13 0 48 {77, 55, 15, 21, 18, 63, 74, 32, 78, 7, 1, 14, 17}
13 1 62 {15, 49, 64, 34, 5, 62, 76, 25, 21, 55, 78, 75, 51}
13 2 66 {41, 21, 48, 76, 75, 16, 5, 35, 25, 63, 15, 36, 34}
13 3 48 {34, 52, 1, 23, 65, 25, 39, 3, 55, 16, 63, 18, 32}
13 4 68 {18, 1, 5, 41, 39, 21, 32, 62, 66, 65, 35, 16, 76}
13 5 58 {41, 17, 35, 39, 51, 65, 16, 23, 75, 48, 76, 3, 21}
13 6 78 {33, 49, 25, 66, 15, 14, 18, 74, 65, 32, 34, 7, 75}
13 7 90 {51, 64, 33, 34, 15, 18, 75, 76, 36, 7, 49, 65, 66}
13 8 74 {3, 33, 18, 63, 62, 65, 39, 25, 36, 77, 17, 35, 48}
13 9 58 {23, 55, 15, 74, 34, 62, 36, 49, 64, 41, 51, 16, 75}
13 10 70 {18, 51, 66, 41, 39, 65, 64, 35, 21, 34, 1, 23, 63}
13 11 64 {18, 78, 33, 48, 39, 62, 75, 64, 77, 36, 34, 16, 1}
13 12 82 {74, 7, 66, 18, 1, 52, 32, 48, 77, 15, 62, 33, 49}
13 13 78 {39, 14, 33, 41, 34, 65, 17, 25, 15, 64, 66, 48, 62}
13 14 74 {15, 7, 48, 77, 55, 18, 25, 51, 23, 33, 3, 16, 62}
13 15 66 {48, 17, 41, 39, 16, 78, 66, 35, 62, 7, 18, 63, 65}
13 16 64 {23, 74, 39, 15, 52, 66, 18, 36, 25, 32, 3, 16, 49}
13 17 54 {32, 34, 17, 36, 25, 39, 74, 65, 41, 63, 5, 15, 35}
13 18 68 {41, 55, 78, 66, 32, 39, 49, 5, 63, 25, 33, 64, 15}
13 19 48 {34, 16, 48, 23, 49, 75, 55, 25, 14, 1, 64, 65, 39}
14 0 54 {48, 55, 25, 52, 23, 17, 66, 32, 21, 41, 15, 16, 74, 33}
14 1 74 {17, 25, 14, 75, 7, 62, 1, 74, 36, 65, 51, 15, 16, 64}
14 2 76 {49, 48, 78, 32, 51, 18, 15, 23, 21, 35, 66, 74, 65, 39}
14 3 78 {76, 75, 14, 33, 34, 49, 77, 74, 41, 36, 51, 64, 3, 62}
14 4 62 {77, 34, 33, 3, 23, 64, 65, 74, 49, 18, 1, 78, 75, 62}
14 5 50 {32, 3, 75, 34, 36, 77, 41, 65, 76, 25, 63, 14, 15, 64}
14 6 64 {66, 16, 77, 35, 17, 51, 55, 65, 7, 14, 41, 62, 49, 25}
14 7 44 {55, 21, 23, 77, 1, 76, 52, 62, 18, 64, 32, 25, 3, 63}
14 8 56 {55, 21, 33, 34, 35, 5, 3, 63, 32, 75, 62, 16, 74, 51}
14 9 58 {76, 17, 62, 49, 7, 48, 39, 41, 23, 75, 34, 33, 63, 66}
14 10 60 {7, 52, 39, 1, 33, 34, 14, 64, 49, 48, 32, 77, 18, 16}
14 11 54 {25, 74, 62, 1, 14, 36, 23, 64, 35, 48, 34, 55, 41, 63}
14 12 58 {62, 66, 64, 7, 23, 36, 18, 17, 39, 51, 78, 35, 3, 65}
14 13 52 {23, 65, 1, 34, 62, 39, 64, 16, 25, 48, 41, 76, 78, 35}
14 14 90 {49, 51, 48, 65, 7, 14, 32, 52, 76, 34, 16, 33, 66, 64}
14 15 52 {75, 7, 35, 64, 51, 15, 76, 36, 25, 55, 65, 48, 77, 52}
14 16 42 {49, 18, 55, 25, 35, 33, 16, 62, 3, 74, 17, 52, 1, 41}
14 17 50 {51, 5, 49, 48, 23, 36, 15, 16, 7, 74, 1, 35, 17, 39}
14 18 76 {3, 17, 63, 33, 5, 35, 48, 77, 65, 75, 1, 66, 74, 21}
14 19 50 {15, 52, 49, 7, 33, 23, 14, 75, 3, 41, 32, 65, 1, 63}
set sizes: {6, 6, 1, 1}, vars: 92, vectors: 14, equations: 95
redundant list = {1, 3, 5, 7, 14, 15, 16, 17, 18, 21, 23, 25, 32, 33, 34, 35, 36, 39, 41, 48, 49, 51, 52, 55, 62, 63, 64, 65, 66, 74, 75, 76, 77, 78}
15 0 38 {36, 15, 39, 35, 18, 65, 17, 16, 34, 5, 51, 64, 76, 14, 66}
15 1 32 {55, 3, 77, 64, 34, 49, 25, 21, 52, 15, 78, 74, 16, 7, 36}
15 2 56 {16, 35, 5, 75, 51, 3, 74, 1, 41, 63, 76, 15, 48, 77, 64}
15 3 40 {36, 52, 5, 23, 51, 65, 78, 75, 1, 39, 62, 25, 66, 76, 18}
15 4 52 {17, 78, 52, 76, 18, 64, 25, 65, 32, 51, 5, 16, 63, 48, 36}
15 5 70 {41, 33, 32, 64, 62, 75, 36, 51, 63, 35, 16, 17, 74, 39, 14}
15 6 42 {78, 25, 21, 52, 35, 48, 41, 76, 32, 66, 1, 34, 14, 49, 51}
15 7 38 {64, 1, 3, 48, 78, 17, 51, 49, 77, 23, 16, 34, 55, 7, 33}
15 8 46 {77, 66, 14, 3, 16, 63, 25, 23, 33, 49, 15, 41, 48, 52, 34}
15 9 64 {36, 3, 55, 34, 16, 17, 14, 32, 75, 39, 41, 65, 23, 64, 33}
15 10 48 {16, 3, 77, 25, 76, 18, 5, 15, 66, 55, 74, 62, 75, 34, 33}
15 11 48 {5, 77, 17, 76, 41, 15, 3, 18, 78, 23, 74, 25, 33, 35, 21}
15 12 48 {41, 1, 35, 51, 32, 76, 15, 77, 64, 21, 23, 74, 34, 55, 17}
15 13 58 {77, 65, 66, 76, 25, 23, 32, 78, 18, 74, 36, 63, 14, 52, 62}
15 14 46 {17, 23, 55, 66, 64, 62, 48, 76, 49, 35, 16, 32, 39, 3, 65}
15 15 54 {17, 15, 23, 21, 65, 75, 3, 78, 14, 39, 52, 62, 36, 49, 16}
15 16 48 {36, 32, 41, 77, 78, 14, 7, 17, 18, 62, 49, 23, 34, 48, 75}
15 17 54 {66, 63, 52, 36, 48, 39, 62, 17, 7, 75, 35, 16, 14, 23, 78}
15 18 62 {48, 63, 41, 77, 17, 5, 65, 15, 14, 21, 18, 74, 75, 51, 25}
15 19 40 {77, 51, 66, 48, 15, 41, 75, 5, 35, 17, 14, 55, 39, 1, 7}
16 0 38 {49, 25, 66, 3, 48, 23, 78, 75, 65, 76, 39, 77, 34, 1, 17, 5}
16 1 42 {52, 63, 35, 3, 48, 66, 25, 7, 21, 62, 77, 1, 65, 15, 33, 64}
16 2 32 {34, 5, 39, 62, 74, 17, 23, 63, 35, 16, 49, 25, 66, 48, 75, 64}
16 3 40 {75, 1, 3, 74, 32, 66, 25, 5, 77, 39, 33, 14, 64, 41, 51, 16}
16 4 32 {65, 51, 1, 63, 78, 25, 39, 77, 23, 64, 16, 75, 35, 41, 18, 33}
16 5 54 {78, 17, 5, 41, 66, 52, 76, 18, 21, 7, 49, 15, 33, 77, 48, 75}
16 6 56 {48, 75, 49, 15, 33, 1, 78, 5, 66, 77, 14, 21, 25, 36, 63, 76}
16 7 44 {1, 74, 5, 17, 25, 78, 23, 15, 39, 63, 75, 16, 33, 18, 66, 48}
16 8 40 {7, 35, 15, 64, 34, 41, 48, 62, 3, 32, 52, 23, 49, 55, 63, 5}
16 9 44 {39, 3, 64, 78, 49, 65, 14, 41, 35, 36, 75, 51, 21, 62, 25, 55}
16 10 36 {52, 17, 7, 49, 36, 76, 18, 16, 25, 3, 32, 21, 64, 1, 62, 5}
16 11 36 {33, 32, 55, 49, 64, 1, 17, 21, 34, 51, 35, 16, 7, 3, 48, 66}
16 12 38 {75, 36, 5, 52, 1, 64, 63, 78, 48, 32, 65, 41, 66, 17, 18, 55}
16 13 38 {49, 66, 48, 39, 52, 1, 14, 34, 21, 77, 65, 18, 17, 33, 35, 64}
16 14 42 {75, 21, 64, 33, 15, 16, 49, 23, 35, 76, 65, 51, 32, 17, 78, 52}
16 15 40 {55, 65, 77, 76, 48, 35, 64, 21, 36, 34, 51, 1, 66, 33, 18, 75}
16 16 40 {7, 52, 5, 25, 23, 1, 51, 78, 65, 36, 14, 77, 18, 48, 74, 3}
16 17 28 {36, 55, 74, 64, 49, 32, 75, 35, 18, 52, 7, 34, 21, 5, 1, 62}
16 18 46 {78, 7, 36, 49, 63, 23, 74, 52, 3, 17, 16, 55, 65, 76, 41, 64}
16 19 38 {25, 21, 1, 5, 34, 76, 33, 35, 78, 18, 74, 17, 64, 39, 66, 14}
17 0 22 {25, 41, 52, 78, 74, 63, 5, 3, 62, 15, 55, 36, 1, 23, 16, 51, 33}
17 1 44 {33, 66, 36, 14, 52, 16, 76, 15, 21, 75, 5, 55, 32, 39, 7, 25, 48}
17 2 46 {21, 74, 66, 52, 41, 25, 49, 63, 65, 64, 76, 1, 17, 33, 75, 16, 62}
17 3 38 {16, 21, 78, 52, 75, 23, 35, 76, 77, 39, 51, 66, 33, 41, 3, 32, 34}
17 4 32 {34, 51, 17, 74, 32, 64, 25, 75, 33, 21, 41, 48, 18, 62, 5, 15, 55}
17 5 42 {17, 1, 77, 66, 7, 35, 51, 5, 36, 21, 15, 49, 25, 3, 74, 48, 33}
17 6 26 {64, 5, 7, 55, 39, 1, 62, 23, 76, 78, 32, 35, 51, 33, 41, 48, 21}
17 7 30 {78, 36, 39, 15, 21, 62, 23, 3, 32, 52, 7, 48, 16, 5, 49, 66, 76}
17 8 38 {3, 7, 23, 18, 35, 33, 41, 66, 52, 49, 48, 17, 32, 77, 15, 14, 34}
17 9 20 {62, 77, 39, 15, 32, 66, 21, 78, 55, 1, 5, 3, 74, 75, 48, 35, 52}
17 10 42 {63, 17, 62, 35, 78, 16, 65, 76, 21, 49, 23, 36, 14, 25, 52, 41, 74}
17 11 18 {62, 49, 16, 17, 64, 1, 33, 52, 7, 32, 39, 63, 74, 14, 41, 78, 5}
17 12 46 {17, 33, 36, 18, 76, 25, 55, 77, 52, 78, 66, 3, 21, 63, 23, 48, 41}
17 13 40 {77, 65, 3, 39, 35, 78, 15, 23, 51, 52, 17, 18, 49, 66, 33, 74, 34}
17 14 40 {51, 34, 63, 76, 32, 41, 5, 62, 64, 21, 39, 1, 3, 18, 49, 33, 48}
17 15 34 {75, 32, 18, 41, 1, 63, 35, 66, 55, 64, 21, 5, 49, 25, 77, 17, 51}
17 16 36 {48, 63, 49, 18, 34, 39, 32, 16, 65, 66, 52, 62, 33, 23, 1, 3, 78}
17 17 36 {3, 33, 77, 17, 74, 39, 78, 35, 62, 41, 76, 63, 32, 52, 7, 48, 5}
