---------------------
Basis Indices:
---------------------

{-, -}, {-, -}


{-, -}, {}


{-, 9+i21}, {}

---------------------
Index Mapping: 
---------------------

{3: 3, 2: 2, 1: 1, 0: 0}

---------------------
Final Problem: 
---------------------
Find a point satisfying:

-0.5*{} + 1*{11} + 1*{00} = 0 

-0.5*{} + 1*{33} + 1*{22} = 0 

 { {     1*{},     0*{}, 0.707107*{}, 0.707107*{},     0*{},     0*{},     0*{},     0*{}}, 
   {     0*{},     1*{}, 0.707107*{},    1*{0},     0*{},     0*{},     0*{},    1*{1}}, 
   { 0.707107*{}, 0.707107*{},     1*{},    1*{2},     0*{},     0*{},     0*{},    1*{3}}, 
   { 0.707107*{},    1*{0},    1*{2},     1*{},     0*{},   -1*{1},   -1*{3},     0*{}}, 
   {     0*{},     0*{},     0*{},     0*{},     1*{},     0*{}, 0.707107*{}, 0.707107*{}}, 
   {     0*{},     0*{},     0*{},   -1*{1},     0*{},     1*{}, 0.707107*{},    1*{0}}, 
   {     0*{},     0*{},     0*{},   -1*{3}, 0.707107*{}, 0.707107*{},     1*{},    1*{2}}, 
   {     0*{},    1*{1},    1*{3},     0*{}, 0.707107*{},    1*{0},    1*{2},     1*{}} }  >= 0

{2, 1, 1, 1, 1, 1, 1, 1} 4
1i  0%  0%/i  31ms/i  0  -9223372036854775808y  100%                  
63ms
